<?xml version="1.0" encoding="UTF-8"?>
<testsuites>
  <testsuite name="table_02" timestamp="2023-09-25T02:26:00Z" hostname="6bbb02b9b907" tests="12" skipped="3" failures="0" errors="0" time="1.802">
    <testcase time="0.0710000000000002" classname="table_02" name="Table_02_generation_works_with_default_values"/>
    <testcase time="0.107" classname="table_02" name="Table_02_generation_works_with_default_values"/>
    <testcase time="0.463" classname="table_02" name="Table_02_generation_works_with_default_values"/>
    <testcase time="0.234" classname="table_02" name="Table_02_generation_works_with_default_values">
      <skipped message="Reason: On CRAN ('test-table_02.R:16:3')"/>
    </testcase>
    <testcase time="0.0620000000000003" classname="table_02" name="Table_02_generation_works_with_custom_values"/>
    <testcase time="0.0499999999999998" classname="table_02" name="Table_02_generation_works_with_custom_values"/>
    <testcase time="0.354" classname="table_02" name="Table_02_generation_works_with_custom_values"/>
    <testcase time="0.227" classname="table_02" name="Table_02_generation_works_with_custom_values">
      <skipped message="Reason: On CRAN ('test-table_02.R:45:3')"/>
    </testcase>
    <testcase time="0.0569999999999995" classname="table_02" name="Table_02_generation_works_with_some_NA_values"/>
    <testcase time="0.0499999999999998" classname="table_02" name="Table_02_generation_works_with_some_NA_values"/>
    <testcase time="0.0800000000000001" classname="table_02" name="Table_02_generation_works_with_some_NA_values"/>
    <testcase time="0.0470000000000006" classname="table_02" name="Table_02_generation_works_with_some_NA_values">
      <skipped message="Reason: On CRAN ('test-table_02.R:57:3')"/>
    </testcase>
  </testsuite>
  <testsuite name="table_03" timestamp="2023-09-25T02:26:01Z" hostname="6bbb02b9b907" tests="4" skipped="2" failures="0" errors="0" time="0.734">
    <testcase time="0.348999999999999" classname="table_03" name="Table_3_generation_works_with_default_values"/>
    <testcase time="0.0530000000000008" classname="table_03" name="Table_3_generation_works_with_default_values">
      <skipped message="Reason: On CRAN ('test-table_03.R:28:3')"/>
    </testcase>
    <testcase time="0.268999999999999" classname="table_03" name="Table_3_generation_works_with_custom_values"/>
    <testcase time="0.0630000000000006" classname="table_03" name="Table_3_generation_works_with_custom_values">
      <skipped message="Reason: On CRAN ('test-table_03.R:46:3')"/>
    </testcase>
  </testsuite>
  <testsuite name="table_05" timestamp="2023-09-25T02:26:02Z" hostname="6bbb02b9b907" tests="9" skipped="3" failures="0" errors="0" time="1.149">
    <testcase time="0.189" classname="table_05" name="Table_05_generation_works_with_default_values"/>
    <testcase time="0.23" classname="table_05" name="Table_05_generation_works_with_default_values"/>
    <testcase time="0.0709999999999997" classname="table_05" name="Table_05_generation_works_with_default_values">
      <skipped message="Reason: On CRAN ('test-table_05.R:10:3')"/>
    </testcase>
    <testcase time="0.016" classname="table_05" name="Table_05_generation_works_with_custom_values"/>
    <testcase time="0.284000000000001" classname="table_05" name="Table_05_generation_works_with_custom_values"/>
    <testcase time="0.0809999999999995" classname="table_05" name="Table_05_generation_works_with_custom_values">
      <skipped message="Reason: On CRAN ('test-table_05.R:34:3')"/>
    </testcase>
    <testcase time="0.0179999999999998" classname="table_05" name="Table_05_generation_works_with_NA_values_pruned_rows"/>
    <testcase time="0.192" classname="table_05" name="Table_05_generation_works_with_NA_values_pruned_rows"/>
    <testcase time="0.0680000000000005" classname="table_05" name="Table_05_generation_works_with_NA_values_pruned_rows">
      <skipped message="Reason: On CRAN ('test-table_05.R:44:3')"/>
    </testcase>
  </testsuite>
  <testsuite name="table_06" timestamp="2023-09-25T02:26:03Z" hostname="6bbb02b9b907" tests="10" skipped="2" failures="0" errors="0" time="1.571">
    <testcase time="0.0209999999999999" classname="table_06" name="Table_06_generation_works_with_default_values"/>
    <testcase time="0.000999999999999446" classname="table_06" name="Table_06_generation_works_with_default_values"/>
    <testcase time="0.0620000000000003" classname="table_06" name="Table_06_generation_works_with_default_values"/>
    <testcase time="0.421" classname="table_06" name="Table_06_generation_works_with_default_values"/>
    <testcase time="0.0889999999999995" classname="table_06" name="Table_06_generation_works_with_default_values">
      <skipped message="Reason: On CRAN ('test-table_06.R:8:3')"/>
    </testcase>
    <testcase time="0.016" classname="table_06" name="Table_06_generation_works_with_custom_values"/>
    <testcase time="0.00100000000000033" classname="table_06" name="Table_06_generation_works_with_custom_values"/>
    <testcase time="0.0609999999999999" classname="table_06" name="Table_06_generation_works_with_custom_values"/>
    <testcase time="0.773" classname="table_06" name="Table_06_generation_works_with_custom_values"/>
    <testcase time="0.126" classname="table_06" name="Table_06_generation_works_with_custom_values">
      <skipped message="Reason: On CRAN ('test-table_06.R:40:3')"/>
    </testcase>
  </testsuite>
  <testsuite name="table_07" timestamp="2023-09-25T02:26:05Z" hostname="6bbb02b9b907" tests="18" skipped="3" failures="0" errors="0" time="1.615">
    <testcase time="0.0240000000000009" classname="table_07" name="Table_07_generation_works_with_default_values"/>
    <testcase time="0.000999999999999446" classname="table_07" name="Table_07_generation_works_with_default_values"/>
    <testcase time="0.000999999999999446" classname="table_07" name="Table_07_generation_works_with_default_values"/>
    <testcase time="0.0380000000000003" classname="table_07" name="Table_07_generation_works_with_default_values"/>
    <testcase time="0.319000000000001" classname="table_07" name="Table_07_generation_works_with_default_values"/>
    <testcase time="0.109999999999999" classname="table_07" name="Table_07_generation_works_with_default_values">
      <skipped message="Reason: On CRAN ('test-table_07.R:13:3')"/>
    </testcase>
    <testcase time="0.016" classname="table_07" name="Table_07_generation_works_with_custom_values"/>
    <testcase time="0.000999999999999446" classname="table_07" name="Table_07_generation_works_with_custom_values"/>
    <testcase time="0.000999999999999446" classname="table_07" name="Table_07_generation_works_with_custom_values"/>
    <testcase time="0.0390000000000015" classname="table_07" name="Table_07_generation_works_with_custom_values"/>
    <testcase time="0.437999999999999" classname="table_07" name="Table_07_generation_works_with_custom_values"/>
    <testcase time="0.134" classname="table_07" name="Table_07_generation_works_with_custom_values">
      <skipped message="Reason: On CRAN ('test-table_07.R:42:3')"/>
    </testcase>
    <testcase time="0.016" classname="table_07" name="Table_07_generation_works_with_NA_values_pruned_rows"/>
    <testcase time="0.00200000000000067" classname="table_07" name="Table_07_generation_works_with_NA_values_pruned_rows"/>
    <testcase time="0.000999999999999446" classname="table_07" name="Table_07_generation_works_with_NA_values_pruned_rows"/>
    <testcase time="0.0449999999999999" classname="table_07" name="Table_07_generation_works_with_NA_values_pruned_rows"/>
    <testcase time="0.317" classname="table_07" name="Table_07_generation_works_with_NA_values_pruned_rows"/>
    <testcase time="0.112" classname="table_07" name="Table_07_generation_works_with_NA_values_pruned_rows">
      <skipped message="Reason: On CRAN ('test-table_07.R:52:3')"/>
    </testcase>
  </testsuite>
  <testsuite name="table_08" timestamp="2023-09-25T02:26:07Z" hostname="6bbb02b9b907" tests="8" skipped="2" failures="0" errors="0" time="0.397">
    <testcase time="0.0220000000000002" classname="table_08" name="Table_08_generation_works_with_default_values"/>
    <testcase time="0.00199999999999889" classname="table_08" name="Table_08_generation_works_with_default_values"/>
    <testcase time="0.0510000000000002" classname="table_08" name="Table_08_generation_works_with_default_values"/>
    <testcase time="0.113000000000001" classname="table_08" name="Table_08_generation_works_with_default_values">
      <skipped message="Reason: On CRAN ('test-table_08.R:10:3')"/>
    </testcase>
    <testcase time="0.016" classname="table_08" name="Table_08_generation_works_with_custom_values"/>
    <testcase time="0.000999999999999446" classname="table_08" name="Table_08_generation_works_with_custom_values"/>
    <testcase time="0.0419999999999998" classname="table_08" name="Table_08_generation_works_with_custom_values"/>
    <testcase time="0.15" classname="table_08" name="Table_08_generation_works_with_custom_values">
      <skipped message="Reason: On CRAN ('test-table_08.R:31:3')"/>
    </testcase>
  </testsuite>
  <testsuite name="table_09" timestamp="2023-09-25T02:26:07Z" hostname="6bbb02b9b907" tests="8" skipped="2" failures="0" errors="0" time="0.883">
    <testcase time="0.0199999999999996" classname="table_09" name="Table_09_generation_works_with_default_values"/>
    <testcase time="0.0400000000000009" classname="table_09" name="Table_09_generation_works_with_default_values"/>
    <testcase time="0.284999999999998" classname="table_09" name="Table_09_generation_works_with_default_values"/>
    <testcase time="0.0600000000000005" classname="table_09" name="Table_09_generation_works_with_default_values">
      <skipped message="Reason: On CRAN ('test-table_09.R:8:3')"/>
    </testcase>
    <testcase time="0.016" classname="table_09" name="Table_09_generation_works_with_custom_values"/>
    <testcase time="0.0470000000000006" classname="table_09" name="Table_09_generation_works_with_custom_values"/>
    <testcase time="0.347" classname="table_09" name="Table_09_generation_works_with_custom_values"/>
    <testcase time="0.0679999999999996" classname="table_09" name="Table_09_generation_works_with_custom_values">
      <skipped message="Reason: On CRAN ('test-table_09.R:39:3')"/>
    </testcase>
  </testsuite>
  <testsuite name="table_13" timestamp="2023-09-25T02:26:08Z" hostname="6bbb02b9b907" tests="8" skipped="2" failures="0" errors="0" time="0.501">
    <testcase time="0.0210000000000008" classname="table_13" name="Table_13_generation_works_with_default_values"/>
    <testcase time="0.0489999999999995" classname="table_13" name="Table_13_generation_works_with_default_values"/>
    <testcase time="0.123000000000001" classname="table_13" name="Table_13_generation_works_with_default_values"/>
    <testcase time="0.0589999999999993" classname="table_13" name="Table_13_generation_works_with_default_values">
      <skipped message="Reason: On CRAN ('test-table_13.R:8:3')"/>
    </testcase>
    <testcase time="0.016" classname="table_13" name="Table_13_generation_works_with_custom_values"/>
    <testcase time="0.0489999999999995" classname="table_13" name="Table_13_generation_works_with_custom_values"/>
    <testcase time="0.140000000000001" classname="table_13" name="Table_13_generation_works_with_custom_values"/>
    <testcase time="0.0440000000000005" classname="table_13" name="Table_13_generation_works_with_custom_values">
      <skipped message="Reason: On CRAN ('test-table_13.R:38:3')"/>
    </testcase>
  </testsuite>
  <testsuite name="table_14" timestamp="2023-09-25T02:26:08Z" hostname="6bbb02b9b907" tests="10" skipped="3" failures="0" errors="0" time="2.166">
    <testcase time="0.0289999999999999" classname="table_14" name="Table_14_generation_works_with_default_values"/>
    <testcase time="0.543999999999999" classname="table_14" name="Table_14_generation_works_with_default_values"/>
    <testcase time="0.136000000000001" classname="table_14" name="Table_14_generation_works_with_default_values">
      <skipped message="Reason: On CRAN ('test-table_14.R:16:3')"/>
    </testcase>
    <testcase time="0.016" classname="table_14" name="Table_14_generation_works_with_custom_values"/>
    <testcase time="0.0489999999999995" classname="table_14" name="Table_14_generation_works_with_custom_values"/>
    <testcase time="0.576000000000001" classname="table_14" name="Table_14_generation_works_with_custom_values"/>
    <testcase time="0.128" classname="table_14" name="Table_14_generation_works_with_custom_values">
      <skipped message="Reason: On CRAN ('test-table_14.R:46:3')"/>
    </testcase>
    <testcase time="0.016" classname="table_14" name="Table_14_generation_works_with_NA_values_pruned_rows"/>
    <testcase time="0.562999999999999" classname="table_14" name="Table_14_generation_works_with_NA_values_pruned_rows"/>
    <testcase time="0.109" classname="table_14" name="Table_14_generation_works_with_NA_values_pruned_rows">
      <skipped message="Reason: On CRAN ('test-table_14.R:53:3')"/>
    </testcase>
  </testsuite>
  <testsuite name="table_20" timestamp="2023-09-25T02:26:10Z" hostname="6bbb02b9b907" tests="18" skipped="3" failures="0" errors="0" time="1.859">
    <testcase time="0.0250000000000004" classname="table_20" name="Table_20_generation_works_with_default_values"/>
    <testcase time="0.000999999999999446" classname="table_20" name="Table_20_generation_works_with_default_values"/>
    <testcase time="0.000999999999999446" classname="table_20" name="Table_20_generation_works_with_default_values"/>
    <testcase time="0.043000000000001" classname="table_20" name="Table_20_generation_works_with_default_values"/>
    <testcase time="0.399999999999999" classname="table_20" name="Table_20_generation_works_with_default_values"/>
    <testcase time="0.0790000000000006" classname="table_20" name="Table_20_generation_works_with_default_values">
      <skipped message="Reason: On CRAN ('test-table_20.R:17:3')"/>
    </testcase>
    <testcase time="0.016" classname="table_20" name="Table_20_generation_works_with_custom_values"/>
    <testcase time="0.00200000000000067" classname="table_20" name="Table_20_generation_works_with_custom_values"/>
    <testcase time="0.000999999999999446" classname="table_20" name="Table_20_generation_works_with_custom_values"/>
    <testcase time="0.0429999999999993" classname="table_20" name="Table_20_generation_works_with_custom_values"/>
    <testcase time="0.593" classname="table_20" name="Table_20_generation_works_with_custom_values"/>
    <testcase time="0.102" classname="table_20" name="Table_20_generation_works_with_custom_values">
      <skipped message="Reason: On CRAN ('test-table_20.R:65:3')"/>
    </testcase>
    <testcase time="0.016" classname="table_20" name="Table_20_generation_works_with_missing_values_pruned_rows"/>
    <testcase time="0.00100000000000122" classname="table_20" name="Table_20_generation_works_with_missing_values_pruned_rows"/>
    <testcase time="0.000999999999999446" classname="table_20" name="Table_20_generation_works_with_missing_values_pruned_rows"/>
    <testcase time="0.0440000000000005" classname="table_20" name="Table_20_generation_works_with_missing_values_pruned_rows"/>
    <testcase time="0.414" classname="table_20" name="Table_20_generation_works_with_missing_values_pruned_rows"/>
    <testcase time="0.077" classname="table_20" name="Table_20_generation_works_with_missing_values_pruned_rows">
      <skipped message="Reason: On CRAN ('test-table_20.R:74:3')"/>
    </testcase>
  </testsuite>
  <testsuite name="table_32" timestamp="2023-09-25T02:26:12Z" hostname="6bbb02b9b907" tests="12" skipped="3" failures="0" errors="0" time="0.743">
    <testcase time="0.020999999999999" classname="table_32" name="Table_32_generation_works_with_default_values"/>
    <testcase time="0.0540000000000003" classname="table_32" name="Table_32_generation_works_with_default_values"/>
    <testcase time="0.127000000000001" classname="table_32" name="Table_32_generation_works_with_default_values"/>
    <testcase time="0.0410000000000004" classname="table_32" name="Table_32_generation_works_with_default_values">
      <skipped message="Reason: On CRAN ('test-table_32.R:8:3')"/>
    </testcase>
    <testcase time="0.016" classname="table_32" name="Table_32_generation_works_with_custom_values"/>
    <testcase time="0.052999999999999" classname="table_32" name="Table_32_generation_works_with_custom_values"/>
    <testcase time="0.153" classname="table_32" name="Table_32_generation_works_with_custom_values"/>
    <testcase time="0.0499999999999989" classname="table_32" name="Table_32_generation_works_with_custom_values">
      <skipped message="Reason: On CRAN ('test-table_32.R:30:3')"/>
    </testcase>
    <testcase time="0.016" classname="table_32" name="Table_32_generation_works_with_pruned_rows"/>
    <testcase time="0.0510000000000019" classname="table_32" name="Table_32_generation_works_with_pruned_rows"/>
    <testcase time="0.129999999999999" classname="table_32" name="Table_32_generation_works_with_pruned_rows"/>
    <testcase time="0.0309999999999988" classname="table_32" name="Table_32_generation_works_with_pruned_rows">
      <skipped message="Reason: On CRAN ('test-table_32.R:37:3')"/>
    </testcase>
  </testsuite>
  <testsuite name="table_33" timestamp="2023-09-25T02:26:13Z" hostname="6bbb02b9b907" tests="12" skipped="3" failures="0" errors="0" time="1.216">
    <testcase time="0.0199999999999996" classname="table_33" name="Table_33_generation_works_with_default_values"/>
    <testcase time="0.240000000000002" classname="table_33" name="Table_33_generation_works_with_default_values"/>
    <testcase time="0.0960000000000001" classname="table_33" name="Table_33_generation_works_with_default_values"/>
    <testcase time="0.0329999999999977" classname="table_33" name="Table_33_generation_works_with_default_values">
      <skipped message="Reason: On CRAN ('test-table_33.R:8:3')"/>
    </testcase>
    <testcase time="0.0160000000000018" classname="table_33" name="Table_33_generation_works_with_custom_values"/>
    <testcase time="0.242000000000001" classname="table_33" name="Table_33_generation_works_with_custom_values"/>
    <testcase time="0.143000000000001" classname="table_33" name="Table_33_generation_works_with_custom_values"/>
    <testcase time="0.041999999999998" classname="table_33" name="Table_33_generation_works_with_custom_values">
      <skipped message="Reason: On CRAN ('test-table_33.R:34:3')"/>
    </testcase>
    <testcase time="0.0160000000000018" classname="table_33" name="Table_33_generation_works_with_pruned_rows"/>
    <testcase time="0.242000000000001" classname="table_33" name="Table_33_generation_works_with_pruned_rows"/>
    <testcase time="0.0970000000000013" classname="table_33" name="Table_33_generation_works_with_pruned_rows"/>
    <testcase time="0.0289999999999999" classname="table_33" name="Table_33_generation_works_with_pruned_rows">
      <skipped message="Reason: On CRAN ('test-table_33.R:42:3')"/>
    </testcase>
  </testsuite>
</testsuites>
