<?xml version="1.0" encoding="UTF-8"?>
<testsuites>
  <testsuite name="table_02" timestamp="2023-09-05T19:30:06Z" hostname="0eca72e98fad" tests="33" skipped="10" failures="0" errors="0" time="16.45">
    <testcase time="0.0899999999999999" classname="table_02" name="Table_02_generation_works_with_default_values"/>
    <testcase time="0.112" classname="table_02" name="Table_02_generation_works_with_default_values"/>
    <testcase time="0.494" classname="table_02" name="Table_02_generation_works_with_default_values"/>
    <testcase time="0.246" classname="table_02" name="Table_02_generation_works_with_default_values">
      <skipped message="Reason: On CRAN ('test-table_02.R:16:3')"/>
    </testcase>
    <testcase time="0.0709999999999997" classname="table_02" name="Table_02_generation_works_with_custom_values"/>
    <testcase time="0.0549999999999997" classname="table_02" name="Table_02_generation_works_with_custom_values"/>
    <testcase time="0.407" classname="table_02" name="Table_02_generation_works_with_custom_values"/>
    <testcase time="0.257000000000001" classname="table_02" name="Table_02_generation_works_with_custom_values">
      <skipped message="Reason: On CRAN ('test-table_02.R:45:3')"/>
    </testcase>
    <testcase time="0.0659999999999998" classname="table_02" name="Table_02_generation_works_with_some_NA_values"/>
    <testcase time="0.0570000000000004" classname="table_02" name="Table_02_generation_works_with_some_NA_values"/>
    <testcase time="0.0819999999999999" classname="table_02" name="Table_02_generation_works_with_some_NA_values"/>
    <testcase time="0.0539999999999994" classname="table_02" name="Table_02_generation_works_with_some_NA_values">
      <skipped message="Reason: On CRAN ('test-table_02.R:57:3')"/>
    </testcase>
    <testcase time="0.0190000000000001" classname="table_02" name="Table_02_generation_tplyr_works_with_default_values"/>
    <testcase time="2.079" classname="table_02" name="Table_02_generation_tplyr_works_with_default_values"/>
    <testcase time="0.0389999999999997" classname="table_02" name="Table_02_generation_tplyr_works_with_default_values">
      <skipped message="Reason: On CRAN ('test-table_02.R:66:3')"/>
    </testcase>
    <testcase time="0.0179999999999998" classname="table_02" name="Table_02_generation_tplyr_works_with_tplyr_raw_TRUE"/>
    <testcase time="1.29" classname="table_02" name="Table_02_generation_tplyr_works_with_tplyr_raw_TRUE"/>
    <testcase time="0.027000000000001" classname="table_02" name="Table_02_generation_tplyr_works_with_tplyr_raw_TRUE">
      <skipped message="Reason: On CRAN ('test-table_02.R:75:3')"/>
    </testcase>
    <testcase time="0.0519999999999996" classname="table_02" name="Table_02_generation_tplyr_works_with_custom_values"/>
    <testcase time="2.001" classname="table_02" name="Table_02_generation_tplyr_works_with_custom_values"/>
    <testcase time="0.0259999999999998" classname="table_02" name="Table_02_generation_tplyr_works_with_custom_values">
      <skipped message="Reason: On CRAN ('test-table_02.R:102:3')"/>
    </testcase>
    <testcase time="0.0419999999999998" classname="table_02" name="Table_02_generation_tplyr_works_with_some_NA_values"/>
    <testcase time="0.795" classname="table_02" name="Table_02_generation_tplyr_works_with_some_NA_values"/>
    <testcase time="0.0250000000000004" classname="table_02" name="Table_02_generation_tplyr_works_with_some_NA_values">
      <skipped message="Reason: On CRAN ('test-table_02.R:119:3')"/>
    </testcase>
    <testcase time="0.0180000000000007" classname="table_02" name="Table_02_generation_gt_works_with_default_values"/>
    <testcase time="3.249" classname="table_02" name="Table_02_generation_gt_works_with_default_values"/>
    <testcase time="0.00700000000000145" classname="table_02" name="Table_02_generation_gt_works_with_default_values">
      <skipped message="Reason: On CRAN ('test-table_02.R:128:3')"/>
    </testcase>
    <testcase time="0.0510000000000002" classname="table_02" name="Table_02_generation_gt_works_with_custom_values"/>
    <testcase time="3.638" classname="table_02" name="Table_02_generation_gt_works_with_custom_values"/>
    <testcase time="0.00700000000000145" classname="table_02" name="Table_02_generation_gt_works_with_custom_values">
      <skipped message="Reason: On CRAN ('test-table_02.R:146:3')"/>
    </testcase>
    <testcase time="0.0500000000000007" classname="table_02" name="Table_02_generation_gt_works_with_some_NA_values"/>
    <testcase time="1.019" classname="table_02" name="Table_02_generation_gt_works_with_some_NA_values"/>
    <testcase time="0.00700000000000145" classname="table_02" name="Table_02_generation_gt_works_with_some_NA_values">
      <skipped message="Reason: On CRAN ('test-table_02.R:163:3')"/>
    </testcase>
  </testsuite>
  <testsuite name="table_04" timestamp="2023-09-05T19:30:23Z" hostname="0eca72e98fad" tests="12" skipped="2" failures="0" errors="0" time="1.134">
    <testcase time="0.0579999999999998" classname="table_04" name="Table_04_generation_works_with_default_values"/>
    <testcase time="0.00199999999999889" classname="table_04" name="Table_04_generation_works_with_default_values"/>
    <testcase time="0.00100000000000122" classname="table_04" name="Table_04_generation_works_with_default_values"/>
    <testcase time="0.000999999999997669" classname="table_04" name="Table_04_generation_works_with_default_values"/>
    <testcase time="0.453000000000003" classname="table_04" name="Table_04_generation_works_with_default_values"/>
    <testcase time="0.111999999999998" classname="table_04" name="Table_04_generation_works_with_default_values">
      <skipped message="Reason: On CRAN ('test-table_04.R:30:3')"/>
    </testcase>
    <testcase time="0.0190000000000019" classname="table_04" name="Table_04_generation_works_with_custom_values"/>
    <testcase time="0.000999999999997669" classname="table_04" name="Table_04_generation_works_with_custom_values"/>
    <testcase time="0.00100000000000122" classname="table_04" name="Table_04_generation_works_with_custom_values"/>
    <testcase time="0.00199999999999889" classname="table_04" name="Table_04_generation_works_with_custom_values"/>
    <testcase time="0.371000000000002" classname="table_04" name="Table_04_generation_works_with_custom_values"/>
    <testcase time="0.113" classname="table_04" name="Table_04_generation_works_with_custom_values">
      <skipped message="Reason: On CRAN ('test-table_04.R:53:3')"/>
    </testcase>
  </testsuite>
  <testsuite name="table_05" timestamp="2023-09-05T19:30:24Z" hostname="0eca72e98fad" tests="9" skipped="3" failures="0" errors="0" time="1.294">
    <testcase time="0.202999999999999" classname="table_05" name="Table_05_generation_works_with_default_values"/>
    <testcase time="0.247" classname="table_05" name="Table_05_generation_works_with_default_values"/>
    <testcase time="0.0869999999999997" classname="table_05" name="Table_05_generation_works_with_default_values">
      <skipped message="Reason: On CRAN ('test-table_05.R:10:3')"/>
    </testcase>
    <testcase time="0.0180000000000007" classname="table_05" name="Table_05_generation_works_with_custom_values"/>
    <testcase time="0.323" classname="table_05" name="Table_05_generation_works_with_custom_values"/>
    <testcase time="0.0919999999999987" classname="table_05" name="Table_05_generation_works_with_custom_values">
      <skipped message="Reason: On CRAN ('test-table_05.R:34:3')"/>
    </testcase>
    <testcase time="0.0199999999999996" classname="table_05" name="Table_05_generation_works_with_NA_values_pruned_rows"/>
    <testcase time="0.217000000000002" classname="table_05" name="Table_05_generation_works_with_NA_values_pruned_rows"/>
    <testcase time="0.0869999999999997" classname="table_05" name="Table_05_generation_works_with_NA_values_pruned_rows">
      <skipped message="Reason: On CRAN ('test-table_05.R:44:3')"/>
    </testcase>
  </testsuite>
  <testsuite name="table_06" timestamp="2023-09-05T19:30:25Z" hostname="0eca72e98fad" tests="10" skipped="2" failures="0" errors="0" time="1.556">
    <testcase time="0.0229999999999997" classname="table_06" name="Table_06_generation_works_with_default_values"/>
    <testcase time="0.000999999999997669" classname="table_06" name="Table_06_generation_works_with_default_values"/>
    <testcase time="0.0620000000000012" classname="table_06" name="Table_06_generation_works_with_default_values"/>
    <testcase time="0.501999999999999" classname="table_06" name="Table_06_generation_works_with_default_values"/>
    <testcase time="0.100999999999999" classname="table_06" name="Table_06_generation_works_with_default_values">
      <skipped message="Reason: On CRAN ('test-table_06.R:8:3')"/>
    </testcase>
    <testcase time="0.0180000000000007" classname="table_06" name="Table_06_generation_works_with_custom_values"/>
    <testcase time="0.00100000000000122" classname="table_06" name="Table_06_generation_works_with_custom_values"/>
    <testcase time="0.0700000000000003" classname="table_06" name="Table_06_generation_works_with_custom_values"/>
    <testcase time="0.637999999999998" classname="table_06" name="Table_06_generation_works_with_custom_values"/>
    <testcase time="0.140000000000001" classname="table_06" name="Table_06_generation_works_with_custom_values">
      <skipped message="Reason: On CRAN ('test-table_06.R:40:3')"/>
    </testcase>
  </testsuite>
  <testsuite name="table_07" timestamp="2023-09-05T19:30:26Z" hostname="0eca72e98fad" tests="18" skipped="3" failures="0" errors="0" time="1.988">
    <testcase time="0.0289999999999999" classname="table_07" name="Table_07_generation_works_with_default_values"/>
    <testcase time="0.00100000000000122" classname="table_07" name="Table_07_generation_works_with_default_values"/>
    <testcase time="0.000999999999997669" classname="table_07" name="Table_07_generation_works_with_default_values"/>
    <testcase time="0.0449999999999982" classname="table_07" name="Table_07_generation_works_with_default_values"/>
    <testcase time="0.411000000000001" classname="table_07" name="Table_07_generation_works_with_default_values"/>
    <testcase time="0.132999999999999" classname="table_07" name="Table_07_generation_works_with_default_values">
      <skipped message="Reason: On CRAN ('test-table_07.R:13:3')"/>
    </testcase>
    <testcase time="0.0180000000000007" classname="table_07" name="Table_07_generation_works_with_custom_values"/>
    <testcase time="0.00199999999999889" classname="table_07" name="Table_07_generation_works_with_custom_values"/>
    <testcase time="0.00100000000000122" classname="table_07" name="Table_07_generation_works_with_custom_values"/>
    <testcase time="0.0450000000000017" classname="table_07" name="Table_07_generation_works_with_custom_values"/>
    <testcase time="0.555999999999997" classname="table_07" name="Table_07_generation_works_with_custom_values"/>
    <testcase time="0.171000000000003" classname="table_07" name="Table_07_generation_works_with_custom_values">
      <skipped message="Reason: On CRAN ('test-table_07.R:42:3')"/>
    </testcase>
    <testcase time="0.0179999999999971" classname="table_07" name="Table_07_generation_works_with_NA_values_pruned_rows"/>
    <testcase time="0.00200000000000244" classname="table_07" name="Table_07_generation_works_with_NA_values_pruned_rows"/>
    <testcase time="0.000999999999997669" classname="table_07" name="Table_07_generation_works_with_NA_values_pruned_rows"/>
    <testcase time="0.0460000000000029" classname="table_07" name="Table_07_generation_works_with_NA_values_pruned_rows"/>
    <testcase time="0.379999999999999" classname="table_07" name="Table_07_generation_works_with_NA_values_pruned_rows"/>
    <testcase time="0.128" classname="table_07" name="Table_07_generation_works_with_NA_values_pruned_rows">
      <skipped message="Reason: On CRAN ('test-table_07.R:52:3')"/>
    </testcase>
  </testsuite>
  <testsuite name="table_08" timestamp="2023-09-05T19:30:28Z" hostname="0eca72e98fad" tests="8" skipped="2" failures="0" errors="0" time="0.45">
    <testcase time="0.0249999999999986" classname="table_08" name="Table_08_generation_works_with_default_values"/>
    <testcase time="0.00100000000000122" classname="table_08" name="Table_08_generation_works_with_default_values"/>
    <testcase time="0.0549999999999997" classname="table_08" name="Table_08_generation_works_with_default_values"/>
    <testcase time="0.126000000000001" classname="table_08" name="Table_08_generation_works_with_default_values">
      <skipped message="Reason: On CRAN ('test-table_08.R:10:3')"/>
    </testcase>
    <testcase time="0.0189999999999984" classname="table_08" name="Table_08_generation_works_with_custom_values"/>
    <testcase time="0.00199999999999889" classname="table_08" name="Table_08_generation_works_with_custom_values"/>
    <testcase time="0.0460000000000029" classname="table_08" name="Table_08_generation_works_with_custom_values"/>
    <testcase time="0.175999999999998" classname="table_08" name="Table_08_generation_works_with_custom_values">
      <skipped message="Reason: On CRAN ('test-table_08.R:31:3')"/>
    </testcase>
  </testsuite>
  <testsuite name="table_09" timestamp="2023-09-05T19:30:29Z" hostname="0eca72e98fad" tests="8" skipped="2" failures="0" errors="0" time="1.04">
    <testcase time="0.0229999999999997" classname="table_09" name="Table_09_generation_works_with_default_values"/>
    <testcase time="0.0470000000000006" classname="table_09" name="Table_09_generation_works_with_default_values"/>
    <testcase time="0.343" classname="table_09" name="Table_09_generation_works_with_default_values"/>
    <testcase time="0.0659999999999989" classname="table_09" name="Table_09_generation_works_with_default_values">
      <skipped message="Reason: On CRAN ('test-table_09.R:8:3')"/>
    </testcase>
    <testcase time="0.0180000000000007" classname="table_09" name="Table_09_generation_works_with_custom_values"/>
    <testcase time="0.0470000000000006" classname="table_09" name="Table_09_generation_works_with_custom_values"/>
    <testcase time="0.417999999999999" classname="table_09" name="Table_09_generation_works_with_custom_values"/>
    <testcase time="0.0779999999999994" classname="table_09" name="Table_09_generation_works_with_custom_values">
      <skipped message="Reason: On CRAN ('test-table_09.R:39:3')"/>
    </testcase>
  </testsuite>
  <testsuite name="table_10" timestamp="2023-09-05T19:30:30Z" hostname="0eca72e98fad" tests="10" skipped="2" failures="0" errors="0" time="1.127">
    <testcase time="0.0380000000000003" classname="table_10" name="Table_10_generation_works_with_default_values"/>
    <testcase time="0.00100000000000122" classname="table_10" name="Table_10_generation_works_with_default_values"/>
    <testcase time="0.0470000000000006" classname="table_10" name="Table_10_generation_works_with_default_values"/>
    <testcase time="0.399999999999999" classname="table_10" name="Table_10_generation_works_with_default_values"/>
    <testcase time="0.132999999999999" classname="table_10" name="Table_10_generation_works_with_default_values">
      <skipped message="Reason: On CRAN ('test-table_10.R:17:3')"/>
    </testcase>
    <testcase time="0.0180000000000007" classname="table_10" name="Table_10_generation_works_with_custom_values"/>
    <testcase time="0.00199999999999889" classname="table_10" name="Table_10_generation_works_with_custom_values"/>
    <testcase time="0.0420000000000016" classname="table_10" name="Table_10_generation_works_with_custom_values"/>
    <testcase time="0.385999999999999" classname="table_10" name="Table_10_generation_works_with_custom_values"/>
    <testcase time="0.0600000000000023" classname="table_10" name="Table_10_generation_works_with_custom_values">
      <skipped message="Reason: On CRAN ('test-table_10.R:52:3')"/>
    </testcase>
  </testsuite>
  <testsuite name="table_11" timestamp="2023-09-05T19:30:31Z" hostname="0eca72e98fad" tests="8" skipped="2" failures="0" errors="0" time="1.702">
    <testcase time="0.0299999999999976" classname="table_11" name="Table_11_generation_works_with_default_values"/>
    <testcase time="0.0570000000000022" classname="table_11" name="Table_11_generation_works_with_default_values"/>
    <testcase time="0.675999999999998" classname="table_11" name="Table_11_generation_works_with_default_values"/>
    <testcase time="0.149000000000001" classname="table_11" name="Table_11_generation_works_with_default_values">
      <skipped message="Reason: On CRAN ('test-table_11.R:18:3')"/>
    </testcase>
    <testcase time="0.0189999999999984" classname="table_11" name="Table_11_generation_works_with_custom_values"/>
    <testcase time="0.0489999999999995" classname="table_11" name="Table_11_generation_works_with_custom_values"/>
    <testcase time="0.650000000000002" classname="table_11" name="Table_11_generation_works_with_custom_values"/>
    <testcase time="0.0719999999999992" classname="table_11" name="Table_11_generation_works_with_custom_values">
      <skipped message="Reason: On CRAN ('test-table_11.R:48:3')"/>
    </testcase>
  </testsuite>
  <testsuite name="table_12" timestamp="2023-09-05T19:30:33Z" hostname="0eca72e98fad" tests="8" skipped="2" failures="0" errors="0" time="2.254">
    <testcase time="0.0240000000000009" classname="table_12" name="Table_12_generation_works_with_default_values"/>
    <testcase time="0.0719999999999992" classname="table_12" name="Table_12_generation_works_with_default_values"/>
    <testcase time="0.917999999999999" classname="table_12" name="Table_12_generation_works_with_default_values"/>
    <testcase time="0.117000000000001" classname="table_12" name="Table_12_generation_works_with_default_values">
      <skipped message="Reason: On CRAN ('test-table_12.R:9:3')"/>
    </testcase>
    <testcase time="0.0189999999999984" classname="table_12" name="Table_12_generation_works_with_custom_values"/>
    <testcase time="0.0580000000000034" classname="table_12" name="Table_12_generation_works_with_custom_values"/>
    <testcase time="0.917999999999996" classname="table_12" name="Table_12_generation_works_with_custom_values"/>
    <testcase time="0.128" classname="table_12" name="Table_12_generation_works_with_custom_values">
      <skipped message="Reason: On CRAN ('test-table_12.R:39:3')"/>
    </testcase>
  </testsuite>
  <testsuite name="table_13" timestamp="2023-09-05T19:30:35Z" hostname="0eca72e98fad" tests="8" skipped="2" failures="0" errors="0" time="0.598">
    <testcase time="0.0240000000000009" classname="table_13" name="Table_13_generation_works_with_default_values"/>
    <testcase time="0.0549999999999997" classname="table_13" name="Table_13_generation_works_with_default_values"/>
    <testcase time="0.149999999999999" classname="table_13" name="Table_13_generation_works_with_default_values"/>
    <testcase time="0.0700000000000003" classname="table_13" name="Table_13_generation_works_with_default_values">
      <skipped message="Reason: On CRAN ('test-table_13.R:8:3')"/>
    </testcase>
    <testcase time="0.0180000000000007" classname="table_13" name="Table_13_generation_works_with_custom_values"/>
    <testcase time="0.0560000000000045" classname="table_13" name="Table_13_generation_works_with_custom_values"/>
    <testcase time="0.171999999999997" classname="table_13" name="Table_13_generation_works_with_custom_values"/>
    <testcase time="0.0529999999999973" classname="table_13" name="Table_13_generation_works_with_custom_values">
      <skipped message="Reason: On CRAN ('test-table_13.R:38:3')"/>
    </testcase>
  </testsuite>
  <testsuite name="table_14" timestamp="2023-09-05T19:30:36Z" hostname="0eca72e98fad" tests="10" skipped="3" failures="0" errors="0" time="2.802">
    <testcase time="0.0330000000000013" classname="table_14" name="Table_14_generation_works_with_default_values"/>
    <testcase time="0.677" classname="table_14" name="Table_14_generation_works_with_default_values"/>
    <testcase time="0.163000000000004" classname="table_14" name="Table_14_generation_works_with_default_values">
      <skipped message="Reason: On CRAN ('test-table_14.R:16:3')"/>
    </testcase>
    <testcase time="0.0219999999999985" classname="table_14" name="Table_14_generation_works_with_custom_values"/>
    <testcase time="0.0559999999999974" classname="table_14" name="Table_14_generation_works_with_custom_values"/>
    <testcase time="0.690000000000005" classname="table_14" name="Table_14_generation_works_with_custom_values"/>
    <testcase time="0.164000000000001" classname="table_14" name="Table_14_generation_works_with_custom_values">
      <skipped message="Reason: On CRAN ('test-table_14.R:46:3')"/>
    </testcase>
    <testcase time="0.0179999999999936" classname="table_14" name="Table_14_generation_works_with_NA_values_pruned_rows"/>
    <testcase time="0.867000000000004" classname="table_14" name="Table_14_generation_works_with_NA_values_pruned_rows"/>
    <testcase time="0.112000000000002" classname="table_14" name="Table_14_generation_works_with_NA_values_pruned_rows">
      <skipped message="Reason: On CRAN ('test-table_14.R:53:3')"/>
    </testcase>
  </testsuite>
  <testsuite name="table_20" timestamp="2023-09-05T19:30:38Z" hostname="0eca72e98fad" tests="18" skipped="3" failures="0" errors="0" time="2.053">
    <testcase time="0.0279999999999987" classname="table_20" name="Table_20_generation_works_with_default_values"/>
    <testcase time="0.000999999999997669" classname="table_20" name="Table_20_generation_works_with_default_values"/>
    <testcase time="0.000999999999997669" classname="table_20" name="Table_20_generation_works_with_default_values"/>
    <testcase time="0.0489999999999995" classname="table_20" name="Table_20_generation_works_with_default_values"/>
    <testcase time="0.444000000000003" classname="table_20" name="Table_20_generation_works_with_default_values"/>
    <testcase time="0.0970000000000013" classname="table_20" name="Table_20_generation_works_with_default_values">
      <skipped message="Reason: On CRAN ('test-table_20.R:17:3')"/>
    </testcase>
    <testcase time="0.0180000000000007" classname="table_20" name="Table_20_generation_works_with_custom_values"/>
    <testcase time="0.000999999999997669" classname="table_20" name="Table_20_generation_works_with_custom_values"/>
    <testcase time="0.000999999999997669" classname="table_20" name="Table_20_generation_works_with_custom_values"/>
    <testcase time="0.0490000000000066" classname="table_20" name="Table_20_generation_works_with_custom_values"/>
    <testcase time="0.651999999999994" classname="table_20" name="Table_20_generation_works_with_custom_values"/>
    <testcase time="0.116" classname="table_20" name="Table_20_generation_works_with_custom_values">
      <skipped message="Reason: On CRAN ('test-table_20.R:65:3')"/>
    </testcase>
    <testcase time="0.0190000000000055" classname="table_20" name="Table_20_generation_works_with_missing_values_pruned_rows"/>
    <testcase time="0.000999999999997669" classname="table_20" name="Table_20_generation_works_with_missing_values_pruned_rows"/>
    <testcase time="0.000999999999997669" classname="table_20" name="Table_20_generation_works_with_missing_values_pruned_rows"/>
    <testcase time="0.0560000000000045" classname="table_20" name="Table_20_generation_works_with_missing_values_pruned_rows"/>
    <testcase time="0.431999999999995" classname="table_20" name="Table_20_generation_works_with_missing_values_pruned_rows"/>
    <testcase time="0.0870000000000033" classname="table_20" name="Table_20_generation_works_with_missing_values_pruned_rows">
      <skipped message="Reason: On CRAN ('test-table_20.R:74:3')"/>
    </testcase>
  </testsuite>
  <testsuite name="table_32" timestamp="2023-09-05T19:30:40Z" hostname="0eca72e98fad" tests="12" skipped="3" failures="0" errors="0" time="0.819">
    <testcase time="0.0240000000000009" classname="table_32" name="Table_32_generation_works_with_default_values"/>
    <testcase time="0.0579999999999998" classname="table_32" name="Table_32_generation_works_with_default_values"/>
    <testcase time="0.138999999999996" classname="table_32" name="Table_32_generation_works_with_default_values"/>
    <testcase time="0.0480000000000018" classname="table_32" name="Table_32_generation_works_with_default_values">
      <skipped message="Reason: On CRAN ('test-table_32.R:8:3')"/>
    </testcase>
    <testcase time="0.0180000000000007" classname="table_32" name="Table_32_generation_works_with_custom_values"/>
    <testcase time="0.0579999999999998" classname="table_32" name="Table_32_generation_works_with_custom_values"/>
    <testcase time="0.166000000000004" classname="table_32" name="Table_32_generation_works_with_custom_values"/>
    <testcase time="0.0569999999999951" classname="table_32" name="Table_32_generation_works_with_custom_values">
      <skipped message="Reason: On CRAN ('test-table_32.R:30:3')"/>
    </testcase>
    <testcase time="0.0189999999999984" classname="table_32" name="Table_32_generation_works_with_pruned_rows"/>
    <testcase time="0.0580000000000069" classname="table_32" name="Table_32_generation_works_with_pruned_rows"/>
    <testcase time="0.138999999999996" classname="table_32" name="Table_32_generation_works_with_pruned_rows"/>
    <testcase time="0.0350000000000037" classname="table_32" name="Table_32_generation_works_with_pruned_rows">
      <skipped message="Reason: On CRAN ('test-table_32.R:37:3')"/>
    </testcase>
  </testsuite>
  <testsuite name="table_33" timestamp="2023-09-05T19:30:41Z" hostname="0eca72e98fad" tests="12" skipped="3" failures="0" errors="0" time="1.344">
    <testcase time="0.0229999999999961" classname="table_33" name="Table_33_generation_works_with_default_values"/>
    <testcase time="0.268000000000001" classname="table_33" name="Table_33_generation_works_with_default_values"/>
    <testcase time="0.115000000000002" classname="table_33" name="Table_33_generation_works_with_default_values"/>
    <testcase time="0.0349999999999966" classname="table_33" name="Table_33_generation_works_with_default_values">
      <skipped message="Reason: On CRAN ('test-table_33.R:8:3')"/>
    </testcase>
    <testcase time="0.0180000000000007" classname="table_33" name="Table_33_generation_works_with_custom_values"/>
    <testcase time="0.270000000000003" classname="table_33" name="Table_33_generation_works_with_custom_values"/>
    <testcase time="0.140999999999998" classname="table_33" name="Table_33_generation_works_with_custom_values"/>
    <testcase time="0.0429999999999993" classname="table_33" name="Table_33_generation_works_with_custom_values">
      <skipped message="Reason: On CRAN ('test-table_33.R:34:3')"/>
    </testcase>
    <testcase time="0.0180000000000007" classname="table_33" name="Table_33_generation_works_with_pruned_rows"/>
    <testcase time="0.268999999999998" classname="table_33" name="Table_33_generation_works_with_pruned_rows"/>
    <testcase time="0.113" classname="table_33" name="Table_33_generation_works_with_pruned_rows"/>
    <testcase time="0.0309999999999988" classname="table_33" name="Table_33_generation_works_with_pruned_rows">
      <skipped message="Reason: On CRAN ('test-table_33.R:42:3')"/>
    </testcase>
  </testsuite>
  <testsuite name="table_34" timestamp="2023-09-05T19:30:43Z" hostname="0eca72e98fad" tests="8" skipped="2" failures="0" errors="0" time="4.044">
    <testcase time="0.0290000000000035" classname="table_34" name="Table_34_generation_works_with_default_values"/>
    <testcase time="0.0459999999999994" classname="table_34" name="Table_34_generation_works_with_default_values"/>
    <testcase time="1.831" classname="table_34" name="Table_34_generation_works_with_default_values"/>
    <testcase time="0.220999999999997" classname="table_34" name="Table_34_generation_works_with_default_values">
      <skipped message="Reason: On CRAN ('test-table_34.R:17:3')"/>
    </testcase>
    <testcase time="0.0180000000000007" classname="table_34" name="Table_34_generation_works_with_custom_values"/>
    <testcase time="0.0429999999999993" classname="table_34" name="Table_34_generation_works_with_custom_values"/>
    <testcase time="1.765" classname="table_34" name="Table_34_generation_works_with_custom_values"/>
    <testcase time="0.0910000000000011" classname="table_34" name="Table_34_generation_works_with_custom_values">
      <skipped message="Reason: On CRAN ('test-table_34.R:49:3')"/>
    </testcase>
  </testsuite>
</testsuites>
