<?xml version="1.0" encoding="UTF-8"?>
<testsuites>
  <testsuite name="table_02" timestamp="2023-06-15T20:08:26Z" hostname="e834a40a6b2b" tests="9" skipped="3" failures="0" errors="0" time="2.084">
    <testcase time="0.245" classname="table_02" name="Table_02_generation_works_with_default_values"/>
    <testcase time="0.635" classname="table_02" name="Table_02_generation_works_with_default_values"/>
    <testcase time="0.248" classname="table_02" name="Table_02_generation_works_with_default_values">
      <skipped message="Reason: On CRAN ('test-table_02.R:16:3')"/>
    </testcase>
    <testcase time="0.0739999999999998" classname="table_02" name="Table_02_generation_works_with_custom_values"/>
    <testcase time="0.434" classname="table_02" name="Table_02_generation_works_with_custom_values"/>
    <testcase time="0.23" classname="table_02" name="Table_02_generation_works_with_custom_values">
      <skipped message="Reason: On CRAN ('test-table_02.R:45:3')"/>
    </testcase>
    <testcase time="0.0600000000000005" classname="table_02" name="Table_02_generation_works_with_some_NA_values"/>
    <testcase time="0.109" classname="table_02" name="Table_02_generation_works_with_some_NA_values"/>
    <testcase time="0.0489999999999995" classname="table_02" name="Table_02_generation_works_with_some_NA_values">
      <skipped message="Reason: On CRAN ('test-table_02.R:57:3')"/>
    </testcase>
  </testsuite>
  <testsuite name="table_05" timestamp="2023-06-15T20:08:28Z" hostname="e834a40a6b2b" tests="9" skipped="3" failures="0" errors="0" time="1.247">
    <testcase time="0.199000000000001" classname="table_05" name="Table_05_generation_works_with_default_values"/>
    <testcase time="0.306" classname="table_05" name="Table_05_generation_works_with_default_values"/>
    <testcase time="0.0749999999999993" classname="table_05" name="Table_05_generation_works_with_default_values">
      <skipped message="Reason: On CRAN ('test-table_05.R:10:3')"/>
    </testcase>
    <testcase time="0.0150000000000006" classname="table_05" name="Table_05_generation_works_with_custom_values"/>
    <testcase time="0.274" classname="table_05" name="Table_05_generation_works_with_custom_values"/>
    <testcase time="0.0949999999999998" classname="table_05" name="Table_05_generation_works_with_custom_values">
      <skipped message="Reason: On CRAN ('test-table_05.R:34:3')"/>
    </testcase>
    <testcase time="0.016" classname="table_05" name="Table_05_generation_works_with_NA_values_pruned_rows"/>
    <testcase time="0.193" classname="table_05" name="Table_05_generation_works_with_NA_values_pruned_rows"/>
    <testcase time="0.0740000000000007" classname="table_05" name="Table_05_generation_works_with_NA_values_pruned_rows">
      <skipped message="Reason: On CRAN ('test-table_05.R:44:3')"/>
    </testcase>
  </testsuite>
  <testsuite name="table_06" timestamp="2023-06-15T20:08:29Z" hostname="e834a40a6b2b" tests="10" skipped="2" failures="0" errors="0" time="1.385">
    <testcase time="0.04" classname="table_06" name="Table_06_generation_works_with_default_values"/>
    <testcase time="0.000999999999999446" classname="table_06" name="Table_06_generation_works_with_default_values"/>
    <testcase time="0.0650000000000004" classname="table_06" name="Table_06_generation_works_with_default_values"/>
    <testcase time="0.423" classname="table_06" name="Table_06_generation_works_with_default_values"/>
    <testcase time="0.0979999999999999" classname="table_06" name="Table_06_generation_works_with_default_values">
      <skipped message="Reason: On CRAN ('test-table_06.R:8:3')"/>
    </testcase>
    <testcase time="0.0149999999999997" classname="table_06" name="Table_06_generation_works_with_custom_values"/>
    <testcase time="0.00100000000000033" classname="table_06" name="Table_06_generation_works_with_custom_values"/>
    <testcase time="0.0679999999999996" classname="table_06" name="Table_06_generation_works_with_custom_values"/>
    <testcase time="0.539" classname="table_06" name="Table_06_generation_works_with_custom_values"/>
    <testcase time="0.135" classname="table_06" name="Table_06_generation_works_with_custom_values">
      <skipped message="Reason: On CRAN ('test-table_06.R:40:3')"/>
    </testcase>
  </testsuite>
  <testsuite name="table_07" timestamp="2023-06-15T20:08:30Z" hostname="e834a40a6b2b" tests="18" skipped="3" failures="0" errors="0" time="1.719">
    <testcase time="0.0260000000000007" classname="table_07" name="Table_07_generation_works_with_default_values"/>
    <testcase time="0.000999999999999446" classname="table_07" name="Table_07_generation_works_with_default_values"/>
    <testcase time="0.00100000000000033" classname="table_07" name="Table_07_generation_works_with_default_values"/>
    <testcase time="0.0440000000000005" classname="table_07" name="Table_07_generation_works_with_default_values"/>
    <testcase time="0.359999999999999" classname="table_07" name="Table_07_generation_works_with_default_values"/>
    <testcase time="0.119" classname="table_07" name="Table_07_generation_works_with_default_values">
      <skipped message="Reason: On CRAN ('test-table_07.R:13:3')"/>
    </testcase>
    <testcase time="0.0150000000000006" classname="table_07" name="Table_07_generation_works_with_custom_values"/>
    <testcase time="0.000999999999999446" classname="table_07" name="Table_07_generation_works_with_custom_values"/>
    <testcase time="0.00200000000000067" classname="table_07" name="Table_07_generation_works_with_custom_values"/>
    <testcase time="0.0440000000000005" classname="table_07" name="Table_07_generation_works_with_custom_values"/>
    <testcase time="0.459" classname="table_07" name="Table_07_generation_works_with_custom_values"/>
    <testcase time="0.151999999999999" classname="table_07" name="Table_07_generation_works_with_custom_values">
      <skipped message="Reason: On CRAN ('test-table_07.R:42:3')"/>
    </testcase>
    <testcase time="0.0140000000000011" classname="table_07" name="Table_07_generation_works_with_NA_values_pruned_rows"/>
    <testcase time="0.000999999999999446" classname="table_07" name="Table_07_generation_works_with_NA_values_pruned_rows"/>
    <testcase time="0.00100000000000122" classname="table_07" name="Table_07_generation_works_with_NA_values_pruned_rows"/>
    <testcase time="0.0449999999999999" classname="table_07" name="Table_07_generation_works_with_NA_values_pruned_rows"/>
    <testcase time="0.311999999999999" classname="table_07" name="Table_07_generation_works_with_NA_values_pruned_rows"/>
    <testcase time="0.122" classname="table_07" name="Table_07_generation_works_with_NA_values_pruned_rows">
      <skipped message="Reason: On CRAN ('test-table_07.R:52:3')"/>
    </testcase>
  </testsuite>
  <testsuite name="table_08" timestamp="2023-06-15T20:08:32Z" hostname="e834a40a6b2b" tests="8" skipped="2" failures="0" errors="0" time="0.457">
    <testcase time="0.0229999999999997" classname="table_08" name="Table_08_generation_works_with_default_values"/>
    <testcase time="0.00200000000000067" classname="table_08" name="Table_08_generation_works_with_default_values"/>
    <testcase time="0.0489999999999995" classname="table_08" name="Table_08_generation_works_with_default_values"/>
    <testcase time="0.124000000000001" classname="table_08" name="Table_08_generation_works_with_default_values">
      <skipped message="Reason: On CRAN ('test-table_08.R:10:3')"/>
    </testcase>
    <testcase time="0.0150000000000006" classname="table_08" name="Table_08_generation_works_with_custom_values"/>
    <testcase time="0.00199999999999889" classname="table_08" name="Table_08_generation_works_with_custom_values"/>
    <testcase time="0.0440000000000005" classname="table_08" name="Table_08_generation_works_with_custom_values"/>
    <testcase time="0.198" classname="table_08" name="Table_08_generation_works_with_custom_values">
      <skipped message="Reason: On CRAN ('test-table_08.R:31:3')"/>
    </testcase>
  </testsuite>
  <testsuite name="table_09" timestamp="2023-06-15T20:08:33Z" hostname="e834a40a6b2b" tests="8" skipped="2" failures="0" errors="0" time="0.892">
    <testcase time="0.0199999999999996" classname="table_09" name="Table_09_generation_works_with_default_values"/>
    <testcase time="0.0440000000000005" classname="table_09" name="Table_09_generation_works_with_default_values"/>
    <testcase time="0.288" classname="table_09" name="Table_09_generation_works_with_default_values"/>
    <testcase time="0.0640000000000001" classname="table_09" name="Table_09_generation_works_with_default_values">
      <skipped message="Reason: On CRAN ('test-table_09.R:8:3')"/>
    </testcase>
    <testcase time="0.0139999999999993" classname="table_09" name="Table_09_generation_works_with_custom_values"/>
    <testcase time="0.0449999999999999" classname="table_09" name="Table_09_generation_works_with_custom_values"/>
    <testcase time="0.343" classname="table_09" name="Table_09_generation_works_with_custom_values"/>
    <testcase time="0.0739999999999998" classname="table_09" name="Table_09_generation_works_with_custom_values">
      <skipped message="Reason: On CRAN ('test-table_09.R:39:3')"/>
    </testcase>
  </testsuite>
  <testsuite name="table_13" timestamp="2023-06-15T20:08:33Z" hostname="e834a40a6b2b" tests="8" skipped="2" failures="0" errors="0" time="0.545">
    <testcase time="0.0310000000000006" classname="table_13" name="Table_13_generation_works_with_default_values"/>
    <testcase time="0.0540000000000003" classname="table_13" name="Table_13_generation_works_with_default_values"/>
    <testcase time="0.122" classname="table_13" name="Table_13_generation_works_with_default_values"/>
    <testcase time="0.0670000000000002" classname="table_13" name="Table_13_generation_works_with_default_values">
      <skipped message="Reason: On CRAN ('test-table_13.R:8:3')"/>
    </testcase>
    <testcase time="0.0149999999999988" classname="table_13" name="Table_13_generation_works_with_custom_values"/>
    <testcase time="0.0560000000000009" classname="table_13" name="Table_13_generation_works_with_custom_values"/>
    <testcase time="0.15" classname="table_13" name="Table_13_generation_works_with_custom_values"/>
    <testcase time="0.0499999999999989" classname="table_13" name="Table_13_generation_works_with_custom_values">
      <skipped message="Reason: On CRAN ('test-table_13.R:38:3')"/>
    </testcase>
  </testsuite>
  <testsuite name="table_14" timestamp="2023-06-15T20:08:34Z" hostname="e834a40a6b2b" tests="10" skipped="3" failures="0" errors="0" time="2.236">
    <testcase time="0.0310000000000006" classname="table_14" name="Table_14_generation_works_with_default_values"/>
    <testcase time="0.548999999999999" classname="table_14" name="Table_14_generation_works_with_default_values"/>
    <testcase time="0.151" classname="table_14" name="Table_14_generation_works_with_default_values">
      <skipped message="Reason: On CRAN ('test-table_14.R:16:3')"/>
    </testcase>
    <testcase time="0.0150000000000006" classname="table_14" name="Table_14_generation_works_with_custom_values"/>
    <testcase time="0.0540000000000003" classname="table_14" name="Table_14_generation_works_with_custom_values"/>
    <testcase time="0.59" classname="table_14" name="Table_14_generation_works_with_custom_values"/>
    <testcase time="0.154" classname="table_14" name="Table_14_generation_works_with_custom_values">
      <skipped message="Reason: On CRAN ('test-table_14.R:46:3')"/>
    </testcase>
    <testcase time="0.0150000000000006" classname="table_14" name="Table_14_generation_works_with_NA_values_pruned_rows"/>
    <testcase time="0.561999999999999" classname="table_14" name="Table_14_generation_works_with_NA_values_pruned_rows"/>
    <testcase time="0.115" classname="table_14" name="Table_14_generation_works_with_NA_values_pruned_rows">
      <skipped message="Reason: On CRAN ('test-table_14.R:53:3')"/>
    </testcase>
  </testsuite>
  <testsuite name="table_20" timestamp="2023-06-15T20:08:36Z" hostname="e834a40a6b2b" tests="18" skipped="3" failures="0" errors="0" time="1.848">
    <testcase time="0.0250000000000004" classname="table_20" name="Table_20_generation_works_with_default_values"/>
    <testcase time="0.00199999999999889" classname="table_20" name="Table_20_generation_works_with_default_values"/>
    <testcase time="0.00100000000000122" classname="table_20" name="Table_20_generation_works_with_default_values"/>
    <testcase time="0.0489999999999995" classname="table_20" name="Table_20_generation_works_with_default_values"/>
    <testcase time="0.381" classname="table_20" name="Table_20_generation_works_with_default_values"/>
    <testcase time="0.0889999999999986" classname="table_20" name="Table_20_generation_works_with_default_values">
      <skipped message="Reason: On CRAN ('test-table_20.R:17:3')"/>
    </testcase>
    <testcase time="0.016" classname="table_20" name="Table_20_generation_works_with_custom_values"/>
    <testcase time="0.00100000000000122" classname="table_20" name="Table_20_generation_works_with_custom_values"/>
    <testcase time="0.00199999999999889" classname="table_20" name="Table_20_generation_works_with_custom_values"/>
    <testcase time="0.0500000000000007" classname="table_20" name="Table_20_generation_works_with_custom_values"/>
    <testcase time="0.587999999999999" classname="table_20" name="Table_20_generation_works_with_custom_values"/>
    <testcase time="0.127000000000001" classname="table_20" name="Table_20_generation_works_with_custom_values">
      <skipped message="Reason: On CRAN ('test-table_20.R:65:3')"/>
    </testcase>
    <testcase time="0.0150000000000006" classname="table_20" name="Table_20_generation_works_with_missing_values_pruned_rows"/>
    <testcase time="0.00199999999999889" classname="table_20" name="Table_20_generation_works_with_missing_values_pruned_rows"/>
    <testcase time="0.00100000000000122" classname="table_20" name="Table_20_generation_works_with_missing_values_pruned_rows"/>
    <testcase time="0.0499999999999989" classname="table_20" name="Table_20_generation_works_with_missing_values_pruned_rows"/>
    <testcase time="0.363000000000001" classname="table_20" name="Table_20_generation_works_with_missing_values_pruned_rows"/>
    <testcase time="0.0859999999999985" classname="table_20" name="Table_20_generation_works_with_missing_values_pruned_rows">
      <skipped message="Reason: On CRAN ('test-table_20.R:74:3')"/>
    </testcase>
  </testsuite>
  <testsuite name="table_32" timestamp="2023-06-15T20:08:38Z" hostname="e834a40a6b2b" tests="12" skipped="3" failures="0" errors="0" time="0.993">
    <testcase time="0.0210000000000008" classname="table_32" name="Table_32_generation_works_with_default_values"/>
    <testcase time="0.0730000000000004" classname="table_32" name="Table_32_generation_works_with_default_values"/>
    <testcase time="0.119" classname="table_32" name="Table_32_generation_works_with_default_values"/>
    <testcase time="0.0470000000000006" classname="table_32" name="Table_32_generation_works_with_default_values">
      <skipped message="Reason: On CRAN ('test-table_32.R:8:3')"/>
    </testcase>
    <testcase time="0.016" classname="table_32" name="Table_32_generation_works_with_custom_values"/>
    <testcase time="0.286" classname="table_32" name="Table_32_generation_works_with_custom_values"/>
    <testcase time="0.140000000000001" classname="table_32" name="Table_32_generation_works_with_custom_values"/>
    <testcase time="0.0559999999999974" classname="table_32" name="Table_32_generation_works_with_custom_values">
      <skipped message="Reason: On CRAN ('test-table_32.R:30:3')"/>
    </testcase>
    <testcase time="0.0160000000000018" classname="table_32" name="Table_32_generation_works_with_pruned_rows"/>
    <testcase time="0.0599999999999987" classname="table_32" name="Table_32_generation_works_with_pruned_rows"/>
    <testcase time="0.125" classname="table_32" name="Table_32_generation_works_with_pruned_rows"/>
    <testcase time="0.0340000000000025" classname="table_32" name="Table_32_generation_works_with_pruned_rows">
      <skipped message="Reason: On CRAN ('test-table_32.R:37:3')"/>
    </testcase>
  </testsuite>
  <testsuite name="table_33" timestamp="2023-06-15T20:08:39Z" hostname="e834a40a6b2b" tests="12" skipped="3" failures="0" errors="0" time="1.271">
    <testcase time="0.0199999999999996" classname="table_33" name="Table_33_generation_works_with_default_values"/>
    <testcase time="0.265999999999998" classname="table_33" name="Table_33_generation_works_with_default_values"/>
    <testcase time="0.0970000000000013" classname="table_33" name="Table_33_generation_works_with_default_values"/>
    <testcase time="0.0349999999999966" classname="table_33" name="Table_33_generation_works_with_default_values">
      <skipped message="Reason: On CRAN ('test-table_33.R:8:3')"/>
    </testcase>
    <testcase time="0.0150000000000006" classname="table_33" name="Table_33_generation_works_with_custom_values"/>
    <testcase time="0.266000000000002" classname="table_33" name="Table_33_generation_works_with_custom_values"/>
    <testcase time="0.123999999999999" classname="table_33" name="Table_33_generation_works_with_custom_values"/>
    <testcase time="0.0410000000000004" classname="table_33" name="Table_33_generation_works_with_custom_values">
      <skipped message="Reason: On CRAN ('test-table_33.R:34:3')"/>
    </testcase>
    <testcase time="0.0150000000000006" classname="table_33" name="Table_33_generation_works_with_pruned_rows"/>
    <testcase time="0.266999999999999" classname="table_33" name="Table_33_generation_works_with_pruned_rows"/>
    <testcase time="0.0949999999999989" classname="table_33" name="Table_33_generation_works_with_pruned_rows"/>
    <testcase time="0.0300000000000011" classname="table_33" name="Table_33_generation_works_with_pruned_rows">
      <skipped message="Reason: On CRAN ('test-table_33.R:42:3')"/>
    </testcase>
  </testsuite>
</testsuites>
