<?xml version="1.0" encoding="UTF-8"?>
<testsuites>
  <testsuite name="table_06" timestamp="2023-05-15T20:14:33Z" hostname="4427f05318b5" tests="4" skipped="2" failures="0" errors="0" time="2.275">
    <testcase time="1.078" classname="table_06" name="Table_06_generation_works_with_default_values"/>
    <testcase time="0.197" classname="table_06" name="Table_06_generation_works_with_default_values">
      <skipped message="Reason: On CRAN ('test-table_06.R:8:3')"/>
    </testcase>
    <testcase time="0.76" classname="table_06" name="Table_06_generation_works_with_custom_values"/>
    <testcase time="0.24" classname="table_06" name="Table_06_generation_works_with_custom_values">
      <skipped message="Reason: On CRAN ('test-table_06.R:40:3')"/>
    </testcase>
  </testsuite>
  <testsuite name="table_09" timestamp="2023-05-15T20:14:36Z" hostname="4427f05318b5" tests="4" skipped="2" failures="0" errors="0" time="1.175">
    <testcase time="0.471" classname="table_09" name="Table_09_generation_works_with_default_values"/>
    <testcase time="0.0800000000000001" classname="table_09" name="Table_09_generation_works_with_default_values">
      <skipped message="Reason: On CRAN ('test-table_09.R:8:3')"/>
    </testcase>
    <testcase time="0.537" classname="table_09" name="Table_09_generation_works_with_custom_values"/>
    <testcase time="0.0869999999999997" classname="table_09" name="Table_09_generation_works_with_custom_values">
      <skipped message="Reason: On CRAN ('test-table_09.R:39:3')"/>
    </testcase>
  </testsuite>
  <testsuite name="table_13" timestamp="2023-05-15T20:14:37Z" hostname="4427f05318b5" tests="4" skipped="2" failures="0" errors="0" time="0.631">
    <testcase time="0.25" classname="table_13" name="Table_13_generation_works_with_default_values"/>
    <testcase time="0.0760000000000005" classname="table_13" name="Table_13_generation_works_with_default_values">
      <skipped message="Reason: On CRAN ('test-table_13.R:8:3')"/>
    </testcase>
    <testcase time="0.247" classname="table_13" name="Table_13_generation_works_with_custom_values"/>
    <testcase time="0.0579999999999998" classname="table_13" name="Table_13_generation_works_with_custom_values">
      <skipped message="Reason: On CRAN ('test-table_13.R:38:3')"/>
    </testcase>
  </testsuite>
</testsuites>
