<?xml version="1.0" encoding="UTF-8"?>
<testsuites>
  <testsuite name="table_02" timestamp="2023-06-13T19:06:23Z" hostname="7264a341a169" tests="9" skipped="3" failures="0" errors="0" time="2.809">
    <testcase time="0.344" classname="table_02" name="Table_02_generation_works_with_default_values"/>
    <testcase time="0.831" classname="table_02" name="Table_02_generation_works_with_default_values"/>
    <testcase time="0.327" classname="table_02" name="Table_02_generation_works_with_default_values">
      <skipped message="Reason: On CRAN ('test-table_02.R:16:3')"/>
    </testcase>
    <testcase time="0.0909999999999993" classname="table_02" name="Table_02_generation_works_with_custom_values"/>
    <testcase time="0.591" classname="table_02" name="Table_02_generation_works_with_custom_values"/>
    <testcase time="0.331" classname="table_02" name="Table_02_generation_works_with_custom_values">
      <skipped message="Reason: On CRAN ('test-table_02.R:45:3')"/>
    </testcase>
    <testcase time="0.0800000000000001" classname="table_02" name="Table_02_generation_works_with_some_NA_values"/>
    <testcase time="0.145" classname="table_02" name="Table_02_generation_works_with_some_NA_values"/>
    <testcase time="0.069" classname="table_02" name="Table_02_generation_works_with_some_NA_values">
      <skipped message="Reason: On CRAN ('test-table_02.R:57:3')"/>
    </testcase>
  </testsuite>
  <testsuite name="table_05" timestamp="2023-06-13T19:06:26Z" hostname="7264a341a169" tests="9" skipped="3" failures="0" errors="0" time="1.611">
    <testcase time="0.242" classname="table_05" name="Table_05_generation_works_with_default_values"/>
    <testcase time="0.397" classname="table_05" name="Table_05_generation_works_with_default_values"/>
    <testcase time="0.106" classname="table_05" name="Table_05_generation_works_with_default_values">
      <skipped message="Reason: On CRAN ('test-table_05.R:10:3')"/>
    </testcase>
    <testcase time="0.0190000000000001" classname="table_05" name="Table_05_generation_works_with_custom_values"/>
    <testcase time="0.338" classname="table_05" name="Table_05_generation_works_with_custom_values"/>
    <testcase time="0.133" classname="table_05" name="Table_05_generation_works_with_custom_values">
      <skipped message="Reason: On CRAN ('test-table_05.R:34:3')"/>
    </testcase>
    <testcase time="0.0199999999999996" classname="table_05" name="Table_05_generation_works_with_NA_values_pruned_rows"/>
    <testcase time="0.255000000000001" classname="table_05" name="Table_05_generation_works_with_NA_values_pruned_rows"/>
    <testcase time="0.100999999999999" classname="table_05" name="Table_05_generation_works_with_NA_values_pruned_rows">
      <skipped message="Reason: On CRAN ('test-table_05.R:44:3')"/>
    </testcase>
  </testsuite>
  <testsuite name="table_06" timestamp="2023-06-13T19:06:27Z" hostname="7264a341a169" tests="10" skipped="2" failures="0" errors="0" time="1.797">
    <testcase time="0.0489999999999995" classname="table_06" name="Table_06_generation_works_with_default_values"/>
    <testcase time="0.00200000000000067" classname="table_06" name="Table_06_generation_works_with_default_values"/>
    <testcase time="0.0760000000000005" classname="table_06" name="Table_06_generation_works_with_default_values"/>
    <testcase time="0.558999999999999" classname="table_06" name="Table_06_generation_works_with_default_values"/>
    <testcase time="0.135000000000002" classname="table_06" name="Table_06_generation_works_with_default_values">
      <skipped message="Reason: On CRAN ('test-table_06.R:8:3')"/>
    </testcase>
    <testcase time="0.0179999999999989" classname="table_06" name="Table_06_generation_works_with_custom_values"/>
    <testcase time="0.00100000000000122" classname="table_06" name="Table_06_generation_works_with_custom_values"/>
    <testcase time="0.0789999999999988" classname="table_06" name="Table_06_generation_works_with_custom_values"/>
    <testcase time="0.684000000000001" classname="table_06" name="Table_06_generation_works_with_custom_values"/>
    <testcase time="0.193999999999999" classname="table_06" name="Table_06_generation_works_with_custom_values">
      <skipped message="Reason: On CRAN ('test-table_06.R:40:3')"/>
    </testcase>
  </testsuite>
  <testsuite name="table_07" timestamp="2023-06-13T19:06:29Z" hostname="7264a341a169" tests="18" skipped="3" failures="0" errors="0" time="2.407">
    <testcase time="0.0310000000000006" classname="table_07" name="Table_07_generation_works_with_default_values"/>
    <testcase time="0.00199999999999889" classname="table_07" name="Table_07_generation_works_with_default_values"/>
    <testcase time="0.00200000000000067" classname="table_07" name="Table_07_generation_works_with_default_values"/>
    <testcase time="0.0559999999999992" classname="table_07" name="Table_07_generation_works_with_default_values"/>
    <testcase time="0.469000000000001" classname="table_07" name="Table_07_generation_works_with_default_values"/>
    <testcase time="0.176" classname="table_07" name="Table_07_generation_works_with_default_values">
      <skipped message="Reason: On CRAN ('test-table_07.R:13:3')"/>
    </testcase>
    <testcase time="0.0190000000000001" classname="table_07" name="Table_07_generation_works_with_custom_values"/>
    <testcase time="0.00199999999999889" classname="table_07" name="Table_07_generation_works_with_custom_values"/>
    <testcase time="0.00200000000000067" classname="table_07" name="Table_07_generation_works_with_custom_values"/>
    <testcase time="0.0579999999999998" classname="table_07" name="Table_07_generation_works_with_custom_values"/>
    <testcase time="0.673" classname="table_07" name="Table_07_generation_works_with_custom_values"/>
    <testcase time="0.228" classname="table_07" name="Table_07_generation_works_with_custom_values">
      <skipped message="Reason: On CRAN ('test-table_07.R:42:3')"/>
    </testcase>
    <testcase time="0.0199999999999996" classname="table_07" name="Table_07_generation_works_with_NA_values_pruned_rows"/>
    <testcase time="0.00200000000000067" classname="table_07" name="Table_07_generation_works_with_NA_values_pruned_rows"/>
    <testcase time="0.000999999999999446" classname="table_07" name="Table_07_generation_works_with_NA_values_pruned_rows"/>
    <testcase time="0.0600000000000005" classname="table_07" name="Table_07_generation_works_with_NA_values_pruned_rows"/>
    <testcase time="0.433" classname="table_07" name="Table_07_generation_works_with_NA_values_pruned_rows"/>
    <testcase time="0.173" classname="table_07" name="Table_07_generation_works_with_NA_values_pruned_rows">
      <skipped message="Reason: On CRAN ('test-table_07.R:52:3')"/>
    </testcase>
  </testsuite>
  <testsuite name="table_08" timestamp="2023-06-13T19:06:31Z" hostname="7264a341a169" tests="8" skipped="2" failures="0" errors="0" time="0.649">
    <testcase time="0.027000000000001" classname="table_08" name="Table_08_generation_works_with_default_values"/>
    <testcase time="0.000999999999999446" classname="table_08" name="Table_08_generation_works_with_default_values"/>
    <testcase time="0.0609999999999999" classname="table_08" name="Table_08_generation_works_with_default_values"/>
    <testcase time="0.183999999999999" classname="table_08" name="Table_08_generation_works_with_default_values">
      <skipped message="Reason: On CRAN ('test-table_08.R:10:3')"/>
    </testcase>
    <testcase time="0.0180000000000007" classname="table_08" name="Table_08_generation_works_with_custom_values"/>
    <testcase time="0.00200000000000067" classname="table_08" name="Table_08_generation_works_with_custom_values"/>
    <testcase time="0.0599999999999987" classname="table_08" name="Table_08_generation_works_with_custom_values"/>
    <testcase time="0.296000000000001" classname="table_08" name="Table_08_generation_works_with_custom_values">
      <skipped message="Reason: On CRAN ('test-table_08.R:31:3')"/>
    </testcase>
  </testsuite>
  <testsuite name="table_09" timestamp="2023-06-13T19:06:32Z" hostname="7264a341a169" tests="8" skipped="2" failures="0" errors="0" time="1.236">
    <testcase time="0.0269999999999992" classname="table_09" name="Table_09_generation_works_with_default_values"/>
    <testcase time="0.0570000000000004" classname="table_09" name="Table_09_generation_works_with_default_values"/>
    <testcase time="0.389999999999999" classname="table_09" name="Table_09_generation_works_with_default_values"/>
    <testcase time="0.0930000000000017" classname="table_09" name="Table_09_generation_works_with_default_values">
      <skipped message="Reason: On CRAN ('test-table_09.R:8:3')"/>
    </testcase>
    <testcase time="0.0189999999999984" classname="table_09" name="Table_09_generation_works_with_custom_values"/>
    <testcase time="0.0570000000000004" classname="table_09" name="Table_09_generation_works_with_custom_values"/>
    <testcase time="0.491" classname="table_09" name="Table_09_generation_works_with_custom_values"/>
    <testcase time="0.102" classname="table_09" name="Table_09_generation_works_with_custom_values">
      <skipped message="Reason: On CRAN ('test-table_09.R:39:3')"/>
    </testcase>
  </testsuite>
  <testsuite name="table_13" timestamp="2023-06-13T19:06:33Z" hostname="7264a341a169" tests="8" skipped="2" failures="0" errors="0" time="0.74">
    <testcase time="0.0340000000000007" classname="table_13" name="Table_13_generation_works_with_default_values"/>
    <testcase time="0.0719999999999992" classname="table_13" name="Table_13_generation_works_with_default_values"/>
    <testcase time="0.173" classname="table_13" name="Table_13_generation_works_with_default_values"/>
    <testcase time="0.0950000000000006" classname="table_13" name="Table_13_generation_works_with_default_values">
      <skipped message="Reason: On CRAN ('test-table_13.R:8:3')"/>
    </testcase>
    <testcase time="0.0190000000000001" classname="table_13" name="Table_13_generation_works_with_custom_values"/>
    <testcase time="0.0679999999999996" classname="table_13" name="Table_13_generation_works_with_custom_values"/>
    <testcase time="0.206" classname="table_13" name="Table_13_generation_works_with_custom_values"/>
    <testcase time="0.0730000000000004" classname="table_13" name="Table_13_generation_works_with_custom_values">
      <skipped message="Reason: On CRAN ('test-table_13.R:38:3')"/>
    </testcase>
  </testsuite>
  <testsuite name="table_14" timestamp="2023-06-13T19:06:34Z" hostname="7264a341a169" tests="10" skipped="3" failures="0" errors="0" time="2.891">
    <testcase time="0.0389999999999997" classname="table_14" name="Table_14_generation_works_with_default_values"/>
    <testcase time="0.701000000000001" classname="table_14" name="Table_14_generation_works_with_default_values"/>
    <testcase time="0.219999999999999" classname="table_14" name="Table_14_generation_works_with_default_values">
      <skipped message="Reason: On CRAN ('test-table_14.R:16:3')"/>
    </testcase>
    <testcase time="0.022000000000002" classname="table_14" name="Table_14_generation_works_with_custom_values"/>
    <testcase time="0.0649999999999977" classname="table_14" name="Table_14_generation_works_with_custom_values"/>
    <testcase time="0.751000000000001" classname="table_14" name="Table_14_generation_works_with_custom_values"/>
    <testcase time="0.212" classname="table_14" name="Table_14_generation_works_with_custom_values">
      <skipped message="Reason: On CRAN ('test-table_14.R:46:3')"/>
    </testcase>
    <testcase time="0.0210000000000008" classname="table_14" name="Table_14_generation_works_with_NA_values_pruned_rows"/>
    <testcase time="0.701999999999998" classname="table_14" name="Table_14_generation_works_with_NA_values_pruned_rows"/>
    <testcase time="0.158000000000001" classname="table_14" name="Table_14_generation_works_with_NA_values_pruned_rows">
      <skipped message="Reason: On CRAN ('test-table_14.R:53:3')"/>
    </testcase>
  </testsuite>
  <testsuite name="table_20" timestamp="2023-06-13T19:06:37Z" hostname="7264a341a169" tests="18" skipped="3" failures="0" errors="0" time="2.431">
    <testcase time="0.0380000000000003" classname="table_20" name="Table_20_generation_works_with_default_values"/>
    <testcase time="0.00100000000000122" classname="table_20" name="Table_20_generation_works_with_default_values"/>
    <testcase time="0.00199999999999889" classname="table_20" name="Table_20_generation_works_with_default_values"/>
    <testcase time="0.0599999999999987" classname="table_20" name="Table_20_generation_works_with_default_values"/>
    <testcase time="0.487000000000002" classname="table_20" name="Table_20_generation_works_with_default_values"/>
    <testcase time="0.129999999999999" classname="table_20" name="Table_20_generation_works_with_default_values">
      <skipped message="Reason: On CRAN ('test-table_20.R:17:3')"/>
    </testcase>
    <testcase time="0.0190000000000019" classname="table_20" name="Table_20_generation_works_with_custom_values"/>
    <testcase time="0.000999999999997669" classname="table_20" name="Table_20_generation_works_with_custom_values"/>
    <testcase time="0.00200000000000244" classname="table_20" name="Table_20_generation_works_with_custom_values"/>
    <testcase time="0.0649999999999977" classname="table_20" name="Table_20_generation_works_with_custom_values"/>
    <testcase time="0.795000000000002" classname="table_20" name="Table_20_generation_works_with_custom_values"/>
    <testcase time="0.172000000000001" classname="table_20" name="Table_20_generation_works_with_custom_values">
      <skipped message="Reason: On CRAN ('test-table_20.R:65:3')"/>
    </testcase>
    <testcase time="0.0169999999999995" classname="table_20" name="Table_20_generation_works_with_missing_values_pruned_rows"/>
    <testcase time="0.00199999999999889" classname="table_20" name="Table_20_generation_works_with_missing_values_pruned_rows"/>
    <testcase time="0.00199999999999889" classname="table_20" name="Table_20_generation_works_with_missing_values_pruned_rows"/>
    <testcase time="0.0590000000000011" classname="table_20" name="Table_20_generation_works_with_missing_values_pruned_rows"/>
    <testcase time="0.459" classname="table_20" name="Table_20_generation_works_with_missing_values_pruned_rows"/>
    <testcase time="0.120000000000001" classname="table_20" name="Table_20_generation_works_with_missing_values_pruned_rows">
      <skipped message="Reason: On CRAN ('test-table_20.R:74:3')"/>
    </testcase>
  </testsuite>
  <testsuite name="table_32" timestamp="2023-06-13T19:06:39Z" hostname="7264a341a169" tests="12" skipped="3" failures="0" errors="0" time="1.283">
    <testcase time="0.0249999999999986" classname="table_32" name="Table_32_generation_works_with_default_values"/>
    <testcase time="0.0850000000000009" classname="table_32" name="Table_32_generation_works_with_default_values"/>
    <testcase time="0.152000000000001" classname="table_32" name="Table_32_generation_works_with_default_values"/>
    <testcase time="0.0629999999999988" classname="table_32" name="Table_32_generation_works_with_default_values">
      <skipped message="Reason: On CRAN ('test-table_32.R:8:3')"/>
    </testcase>
    <testcase time="0.0189999999999984" classname="table_32" name="Table_32_generation_works_with_custom_values"/>
    <testcase time="0.380000000000003" classname="table_32" name="Table_32_generation_works_with_custom_values"/>
    <testcase time="0.173999999999999" classname="table_32" name="Table_32_generation_works_with_custom_values"/>
    <testcase time="0.0829999999999984" classname="table_32" name="Table_32_generation_works_with_custom_values">
      <skipped message="Reason: On CRAN ('test-table_32.R:30:3')"/>
    </testcase>
    <testcase time="0.0199999999999996" classname="table_32" name="Table_32_generation_works_with_pruned_rows"/>
    <testcase time="0.0750000000000028" classname="table_32" name="Table_32_generation_works_with_pruned_rows"/>
    <testcase time="0.160999999999998" classname="table_32" name="Table_32_generation_works_with_pruned_rows"/>
    <testcase time="0.0459999999999994" classname="table_32" name="Table_32_generation_works_with_pruned_rows">
      <skipped message="Reason: On CRAN ('test-table_32.R:37:3')"/>
    </testcase>
  </testsuite>
  <testsuite name="table_33" timestamp="2023-06-13T19:06:40Z" hostname="7264a341a169" tests="12" skipped="3" failures="0" errors="0" time="1.894">
    <testcase time="0.0240000000000009" classname="table_33" name="Table_33_generation_works_with_default_values"/>
    <testcase time="0.437000000000001" classname="table_33" name="Table_33_generation_works_with_default_values"/>
    <testcase time="0.125" classname="table_33" name="Table_33_generation_works_with_default_values"/>
    <testcase time="0.0479999999999983" classname="table_33" name="Table_33_generation_works_with_default_values">
      <skipped message="Reason: On CRAN ('test-table_33.R:8:3')"/>
    </testcase>
    <testcase time="0.0190000000000019" classname="table_33" name="Table_33_generation_works_with_custom_values"/>
    <testcase time="0.425999999999998" classname="table_33" name="Table_33_generation_works_with_custom_values"/>
    <testcase time="0.156000000000002" classname="table_33" name="Table_33_generation_works_with_custom_values"/>
    <testcase time="0.0579999999999998" classname="table_33" name="Table_33_generation_works_with_custom_values">
      <skipped message="Reason: On CRAN ('test-table_33.R:34:3')"/>
    </testcase>
    <testcase time="0.0189999999999984" classname="table_33" name="Table_33_generation_works_with_pruned_rows"/>
    <testcase time="0.420000000000002" classname="table_33" name="Table_33_generation_works_with_pruned_rows"/>
    <testcase time="0.119999999999997" classname="table_33" name="Table_33_generation_works_with_pruned_rows"/>
    <testcase time="0.0420000000000016" classname="table_33" name="Table_33_generation_works_with_pruned_rows">
      <skipped message="Reason: On CRAN ('test-table_33.R:42:3')"/>
    </testcase>
  </testsuite>
</testsuites>
