<?xml version="1.0" encoding="UTF-8"?>
<testsuites>
  <testsuite name="table_02" timestamp="2023-10-23T08:33:30Z" hostname="14acd2f64892" tests="30" skipped="10" failures="0" errors="0" time="14.12">
    <testcase time="0.073" classname="table_02" name="Table_02_generation_works_with_default_values"/>
    <testcase time="0.43" classname="table_02" name="Table_02_generation_works_with_default_values"/>
    <testcase time="0.205" classname="table_02" name="Table_02_generation_works_with_default_values">
      <skipped message="Reason: On CRAN ('test-table_02.R:16:3')"/>
    </testcase>
    <testcase time="0.0710000000000002" classname="table_02" name="Table_02_generation_works_with_custom_values"/>
    <testcase time="0.344" classname="table_02" name="Table_02_generation_works_with_custom_values"/>
    <testcase time="0.206" classname="table_02" name="Table_02_generation_works_with_custom_values">
      <skipped message="Reason: On CRAN ('test-table_02.R:45:3')"/>
    </testcase>
    <testcase time="0.0499999999999998" classname="table_02" name="Table_02_generation_works_with_some_NA_values"/>
    <testcase time="0.0899999999999999" classname="table_02" name="Table_02_generation_works_with_some_NA_values"/>
    <testcase time="0.0439999999999996" classname="table_02" name="Table_02_generation_works_with_some_NA_values">
      <skipped message="Reason: On CRAN ('test-table_02.R:57:3')"/>
    </testcase>
    <testcase time="0.0180000000000007" classname="table_02" name="Table_02_generation_tplyr_works_with_default_values"/>
    <testcase time="1.701" classname="table_02" name="Table_02_generation_tplyr_works_with_default_values"/>
    <testcase time="0.0310000000000006" classname="table_02" name="Table_02_generation_tplyr_works_with_default_values">
      <skipped message="Reason: On CRAN ('test-table_02.R:66:3')"/>
    </testcase>
    <testcase time="0.0249999999999995" classname="table_02" name="Table_02_generation_tplyr_works_with_tplyr_raw_TRUE"/>
    <testcase time="1.043" classname="table_02" name="Table_02_generation_tplyr_works_with_tplyr_raw_TRUE"/>
    <testcase time="0.0220000000000002" classname="table_02" name="Table_02_generation_tplyr_works_with_tplyr_raw_TRUE">
      <skipped message="Reason: On CRAN ('test-table_02.R:75:3')"/>
    </testcase>
    <testcase time="0.0409999999999995" classname="table_02" name="Table_02_generation_tplyr_works_with_custom_values"/>
    <testcase time="1.625" classname="table_02" name="Table_02_generation_tplyr_works_with_custom_values"/>
    <testcase time="0.0210000000000008" classname="table_02" name="Table_02_generation_tplyr_works_with_custom_values">
      <skipped message="Reason: On CRAN ('test-table_02.R:102:3')"/>
    </testcase>
    <testcase time="0.0380000000000003" classname="table_02" name="Table_02_generation_tplyr_works_with_some_NA_values"/>
    <testcase time="0.629999999999999" classname="table_02" name="Table_02_generation_tplyr_works_with_some_NA_values"/>
    <testcase time="0.0199999999999996" classname="table_02" name="Table_02_generation_tplyr_works_with_some_NA_values">
      <skipped message="Reason: On CRAN ('test-table_02.R:119:3')"/>
    </testcase>
    <testcase time="0.0180000000000007" classname="table_02" name="Table_02_generation_gtsum_works_with_default_values"/>
    <testcase time="2.89" classname="table_02" name="Table_02_generation_gtsum_works_with_default_values"/>
    <testcase time="0.00799999999999912" classname="table_02" name="Table_02_generation_gtsum_works_with_default_values">
      <skipped message="Reason: On CRAN ('test-table_02.R:128:3')"/>
    </testcase>
    <testcase time="0.0419999999999998" classname="table_02" name="Table_02_generation_gtsum_works_with_custom_values"/>
    <testcase time="3.275" classname="table_02" name="Table_02_generation_gtsum_works_with_custom_values"/>
    <testcase time="0.0080000000000009" classname="table_02" name="Table_02_generation_gtsum_works_with_custom_values">
      <skipped message="Reason: On CRAN ('test-table_02.R:146:3')"/>
    </testcase>
    <testcase time="0.0350000000000001" classname="table_02" name="Table_02_generation_gtsum_works_with_some_NA_values"/>
    <testcase time="1.108" classname="table_02" name="Table_02_generation_gtsum_works_with_some_NA_values"/>
    <testcase time="0.00799999999999912" classname="table_02" name="Table_02_generation_gtsum_works_with_some_NA_values">
      <skipped message="Reason: On CRAN ('test-table_02.R:161:3')"/>
    </testcase>
  </testsuite>
  <testsuite name="table_03" timestamp="2023-10-23T08:33:44Z" hostname="14acd2f64892" tests="8" skipped="2" failures="0" errors="0" time="0.747">
    <testcase time="0.0340000000000025" classname="table_03" name="Table_3_generation_works_with_default_values"/>
    <testcase time="0.000999999999997669" classname="table_03" name="Table_3_generation_works_with_default_values"/>
    <testcase time="0.303000000000001" classname="table_03" name="Table_3_generation_works_with_default_values"/>
    <testcase time="0.0489999999999995" classname="table_03" name="Table_3_generation_works_with_default_values">
      <skipped message="Reason: On CRAN ('test-table_03.R:21:3')"/>
    </testcase>
    <testcase time="0.0169999999999995" classname="table_03" name="Table_3_generation_works_with_custom_values"/>
    <testcase time="0.00100000000000122" classname="table_03" name="Table_3_generation_works_with_custom_values"/>
    <testcase time="0.272000000000002" classname="table_03" name="Table_3_generation_works_with_custom_values"/>
    <testcase time="0.0699999999999967" classname="table_03" name="Table_3_generation_works_with_custom_values">
      <skipped message="Reason: On CRAN ('test-table_03.R:41:3')"/>
    </testcase>
  </testsuite>
  <testsuite name="table_04" timestamp="2023-10-23T08:33:45Z" hostname="14acd2f64892" tests="2" skipped="0" failures="0" errors="2" time="0.071">
    <testcase time="0.0420000000000016" classname="table_04" name="Table_04_generation_works_with_default_values">
      <error type="error" message="Error in `make_table_04(adsl)`: object 'pop_var' not found ('test-table_04.R:15:3')">Error in `make_table_04(adsl)`: object 'pop_var' not found
Backtrace:
    x
 1. \-falcon::make_table_04(adsl) at test-table_04.R:15:2
 2.   \-checkmate::assert_subset(...)
 3.     \-checkmate::checkSubset(x, choices, empty.ok, fmatch)</error>
    </testcase>
    <testcase time="0.0289999999999999" classname="table_04" name="Table_04_generation_works_with_custom_values">
      <error type="error" message="Error in `make_table_04(adsl, pop_var = c(&quot;RANDFL&quot;, &quot;ITTFL&quot;, &quot;SAFFL&quot;, &quot;PPROTFL&quot;),  ('test-table_04.R:22:3')">Error in `make_table_04(adsl, pop_var = c("RANDFL", "ITTFL", "SAFFL", "PPROTFL"), 
    pop_var_lbl = c("Patients randomized", "ITT/mITT population", 
        "Safety population", "Per-protocol population"), annotations = list(title = "Patient Disposition, Pooled Analyses (1,2)", 
        main_footer = c("Source: [include Applicant source, datasets and/or software tools used].", 
            "(1) Duration = [e.g., X week double-blind treatment period or median and a range indicating pooled", 
            "trial durations].", "(2) [Include route of administration for all treatment arms if different ROA were used in the drug", 
            "development].", "(3) Difference is shown between [treatment arms] (e.g., difference is shown between Drug Name", 
            "dosage X vs. placebo)."), prov_footer = c("Abbreviations: CI, confidence interval; ITT, intention-to-treat; mITT, modified intention-to-treat;", 
            "N, number of patients in treatment arm; n, number of patients in specified population or group")), 
    prune_0 = TRUE)`: unused argument (pop_var_lbl = c("Patients randomized", "ITT/mITT population", "Safety population", "Per-protocol population"))</error>
    </testcase>
  </testsuite>
  <testsuite name="table_05" timestamp="2023-10-23T08:33:45Z" hostname="14acd2f64892" tests="12" skipped="4" failures="0" errors="0" time="1.297">
    <testcase time="0.167000000000002" classname="table_05" name="Table_05_generation_works_with_default_values"/>
    <testcase time="0.194999999999997" classname="table_05" name="Table_05_generation_works_with_default_values"/>
    <testcase time="0.0620000000000012" classname="table_05" name="Table_05_generation_works_with_default_values">
      <skipped message="Reason: On CRAN ('test-table_05.R:10:3')"/>
    </testcase>
    <testcase time="0.0180000000000007" classname="table_05" name="Table_05_generation_works_with_custom_values"/>
    <testcase time="0.213000000000001" classname="table_05" name="Table_05_generation_works_with_custom_values"/>
    <testcase time="0.0749999999999993" classname="table_05" name="Table_05_generation_works_with_custom_values">
      <skipped message="Reason: On CRAN ('test-table_05.R:34:3')"/>
    </testcase>
    <testcase time="0.0249999999999986" classname="table_05" name="Table_05_generation_works_with_NA_values_pruned_rows"/>
    <testcase time="0.167000000000002" classname="table_05" name="Table_05_generation_works_with_NA_values_pruned_rows"/>
    <testcase time="0.070999999999998" classname="table_05" name="Table_05_generation_works_with_NA_values_pruned_rows">
      <skipped message="Reason: On CRAN ('test-table_05.R:44:3')"/>
    </testcase>
    <testcase time="0.017000000000003" classname="table_05" name="Table_05_generation_works_with_risk_difference_column"/>
    <testcase time="0.213999999999999" classname="table_05" name="Table_05_generation_works_with_risk_difference_column"/>
    <testcase time="0.0730000000000004" classname="table_05" name="Table_05_generation_works_with_risk_difference_column">
      <skipped message="Reason: On CRAN ('test-table_05.R:57:3')"/>
    </testcase>
  </testsuite>
  <testsuite name="table_06" timestamp="2023-10-23T08:33:46Z" hostname="14acd2f64892" tests="15" skipped="3" failures="0" errors="0" time="1.97">
    <testcase time="0.0229999999999997" classname="table_06" name="Table_06_generation_works_with_default_values"/>
    <testcase time="0.00100000000000122" classname="table_06" name="Table_06_generation_works_with_default_values"/>
    <testcase time="0.0499999999999972" classname="table_06" name="Table_06_generation_works_with_default_values"/>
    <testcase time="0.398" classname="table_06" name="Table_06_generation_works_with_default_values"/>
    <testcase time="0.0810000000000031" classname="table_06" name="Table_06_generation_works_with_default_values">
      <skipped message="Reason: On CRAN ('test-table_06.R:8:3')"/>
    </testcase>
    <testcase time="0.0179999999999971" classname="table_06" name="Table_06_generation_works_with_custom_values"/>
    <testcase time="0.00200000000000244" classname="table_06" name="Table_06_generation_works_with_custom_values"/>
    <testcase time="0.0459999999999994" classname="table_06" name="Table_06_generation_works_with_custom_values"/>
    <testcase time="0.527000000000001" classname="table_06" name="Table_06_generation_works_with_custom_values"/>
    <testcase time="0.143999999999998" classname="table_06" name="Table_06_generation_works_with_custom_values">
      <skipped message="Reason: On CRAN ('test-table_06.R:40:3')"/>
    </testcase>
    <testcase time="0.0180000000000007" classname="table_06" name="Table_06_generation_works_with_risk_difference_column"/>
    <testcase time="0.00100000000000122" classname="table_06" name="Table_06_generation_works_with_risk_difference_column"/>
    <testcase time="0.046999999999997" classname="table_06" name="Table_06_generation_works_with_risk_difference_column"/>
    <testcase time="0.517000000000003" classname="table_06" name="Table_06_generation_works_with_risk_difference_column"/>
    <testcase time="0.0969999999999978" classname="table_06" name="Table_06_generation_works_with_risk_difference_column">
      <skipped message="Reason: On CRAN ('test-table_06.R:48:3')"/>
    </testcase>
  </testsuite>
  <testsuite name="table_07" timestamp="2023-10-23T08:33:48Z" hostname="14acd2f64892" tests="24" skipped="4" failures="0" errors="0" time="2.064">
    <testcase time="0.0339999999999989" classname="table_07" name="Table_07_generation_works_with_default_values"/>
    <testcase time="0.00200000000000244" classname="table_07" name="Table_07_generation_works_with_default_values"/>
    <testcase time="0.000999999999997669" classname="table_07" name="Table_07_generation_works_with_default_values"/>
    <testcase time="0.0330000000000013" classname="table_07" name="Table_07_generation_works_with_default_values"/>
    <testcase time="0.292000000000002" classname="table_07" name="Table_07_generation_works_with_default_values"/>
    <testcase time="0.108999999999998" classname="table_07" name="Table_07_generation_works_with_default_values">
      <skipped message="Reason: On CRAN ('test-table_07.R:13:3')"/>
    </testcase>
    <testcase time="0.0169999999999995" classname="table_07" name="Table_07_generation_works_with_custom_values"/>
    <testcase time="0.00200000000000244" classname="table_07" name="Table_07_generation_works_with_custom_values"/>
    <testcase time="0.000999999999997669" classname="table_07" name="Table_07_generation_works_with_custom_values"/>
    <testcase time="0.032" classname="table_07" name="Table_07_generation_works_with_custom_values"/>
    <testcase time="0.417000000000002" classname="table_07" name="Table_07_generation_works_with_custom_values"/>
    <testcase time="0.131" classname="table_07" name="Table_07_generation_works_with_custom_values">
      <skipped message="Reason: On CRAN ('test-table_07.R:42:3')"/>
    </testcase>
    <testcase time="0.0180000000000007" classname="table_07" name="Table_07_generation_works_with_NA_values_pruned_rows"/>
    <testcase time="0.000999999999997669" classname="table_07" name="Table_07_generation_works_with_NA_values_pruned_rows"/>
    <testcase time="0.00200000000000244" classname="table_07" name="Table_07_generation_works_with_NA_values_pruned_rows"/>
    <testcase time="0.032" classname="table_07" name="Table_07_generation_works_with_NA_values_pruned_rows"/>
    <testcase time="0.285999999999998" classname="table_07" name="Table_07_generation_works_with_NA_values_pruned_rows"/>
    <testcase time="0.115000000000002" classname="table_07" name="Table_07_generation_works_with_NA_values_pruned_rows">
      <skipped message="Reason: On CRAN ('test-table_07.R:52:3')"/>
    </testcase>
    <testcase time="0.0169999999999995" classname="table_07" name="Table_07_generation_works_with_risk_difference_column"/>
    <testcase time="0.00199999999999889" classname="table_07" name="Table_07_generation_works_with_risk_difference_column"/>
    <testcase time="0.00100000000000122" classname="table_07" name="Table_07_generation_works_with_risk_difference_column"/>
    <testcase time="0.0329999999999977" classname="table_07" name="Table_07_generation_works_with_risk_difference_column"/>
    <testcase time="0.365000000000002" classname="table_07" name="Table_07_generation_works_with_risk_difference_column"/>
    <testcase time="0.120999999999999" classname="table_07" name="Table_07_generation_works_with_risk_difference_column">
      <skipped message="Reason: On CRAN ('test-table_07.R:65:3')"/>
    </testcase>
  </testsuite>
  <testsuite name="table_08" timestamp="2023-10-23T08:33:50Z" hostname="14acd2f64892" tests="8" skipped="2" failures="0" errors="0" time="0.389">
    <testcase time="0.0240000000000009" classname="table_08" name="Table_08_generation_works_with_default_values"/>
    <testcase time="0.00199999999999889" classname="table_08" name="Table_08_generation_works_with_default_values"/>
    <testcase time="0.0440000000000005" classname="table_08" name="Table_08_generation_works_with_default_values"/>
    <testcase time="0.112000000000002" classname="table_08" name="Table_08_generation_works_with_default_values">
      <skipped message="Reason: On CRAN ('test-table_08.R:10:3')"/>
    </testcase>
    <testcase time="0.0199999999999996" classname="table_08" name="Table_08_generation_works_with_custom_values"/>
    <testcase time="0.00199999999999889" classname="table_08" name="Table_08_generation_works_with_custom_values"/>
    <testcase time="0.0390000000000015" classname="table_08" name="Table_08_generation_works_with_custom_values"/>
    <testcase time="0.145999999999997" classname="table_08" name="Table_08_generation_works_with_custom_values">
      <skipped message="Reason: On CRAN ('test-table_08.R:31:3')"/>
    </testcase>
  </testsuite>
  <testsuite name="table_09" timestamp="2023-10-23T08:33:51Z" hostname="14acd2f64892" tests="12" skipped="3" failures="0" errors="0" time="1.359">
    <testcase time="0.022000000000002" classname="table_09" name="Table_09_generation_works_with_default_values"/>
    <testcase time="0.0329999999999977" classname="table_09" name="Table_09_generation_works_with_default_values"/>
    <testcase time="0.285" classname="table_09" name="Table_09_generation_works_with_default_values"/>
    <testcase time="0.0630000000000024" classname="table_09" name="Table_09_generation_works_with_default_values">
      <skipped message="Reason: On CRAN ('test-table_09.R:8:3')"/>
    </testcase>
    <testcase time="0.0169999999999995" classname="table_09" name="Table_09_generation_works_with_custom_values"/>
    <testcase time="0.0330000000000013" classname="table_09" name="Table_09_generation_works_with_custom_values"/>
    <testcase time="0.352999999999998" classname="table_09" name="Table_09_generation_works_with_custom_values"/>
    <testcase time="0.0620000000000012" classname="table_09" name="Table_09_generation_works_with_custom_values">
      <skipped message="Reason: On CRAN ('test-table_09.R:39:3')"/>
    </testcase>
    <testcase time="0.0189999999999984" classname="table_09" name="Table_09_generation_works_with_risk_difference_column"/>
    <testcase time="0.0330000000000013" classname="table_09" name="Table_09_generation_works_with_risk_difference_column"/>
    <testcase time="0.364000000000001" classname="table_09" name="Table_09_generation_works_with_risk_difference_column"/>
    <testcase time="0.0749999999999993" classname="table_09" name="Table_09_generation_works_with_risk_difference_column">
      <skipped message="Reason: On CRAN ('test-table_09.R:47:3')"/>
    </testcase>
  </testsuite>
  <testsuite name="table_10" timestamp="2023-10-23T08:33:52Z" hostname="14acd2f64892" tests="15" skipped="3" failures="0" errors="0" time="1.549">
    <testcase time="0.027000000000001" classname="table_10" name="Table_10_generation_works_with_default_values"/>
    <testcase time="0.000999999999997669" classname="table_10" name="Table_10_generation_works_with_default_values"/>
    <testcase time="0.0340000000000025" classname="table_10" name="Table_10_generation_works_with_default_values"/>
    <testcase time="0.346999999999998" classname="table_10" name="Table_10_generation_works_with_default_values"/>
    <testcase time="0.0990000000000002" classname="table_10" name="Table_10_generation_works_with_default_values">
      <skipped message="Reason: On CRAN ('test-table_10.R:17:3')"/>
    </testcase>
    <testcase time="0.0180000000000007" classname="table_10" name="Table_10_generation_works_with_custom_values"/>
    <testcase time="0.00199999999999889" classname="table_10" name="Table_10_generation_works_with_custom_values"/>
    <testcase time="0.0360000000000014" classname="table_10" name="Table_10_generation_works_with_custom_values"/>
    <testcase time="0.327999999999999" classname="table_10" name="Table_10_generation_works_with_custom_values"/>
    <testcase time="0.0509999999999984" classname="table_10" name="Table_10_generation_works_with_custom_values">
      <skipped message="Reason: On CRAN ('test-table_10.R:52:3')"/>
    </testcase>
    <testcase time="0.0280000000000022" classname="table_10" name="Table_10_generation_works_with_risk_difference_column"/>
    <testcase time="0.00199999999999889" classname="table_10" name="Table_10_generation_works_with_risk_difference_column"/>
    <testcase time="0.0339999999999989" classname="table_10" name="Table_10_generation_works_with_risk_difference_column"/>
    <testcase time="0.414000000000001" classname="table_10" name="Table_10_generation_works_with_risk_difference_column"/>
    <testcase time="0.128" classname="table_10" name="Table_10_generation_works_with_risk_difference_column">
      <skipped message="Reason: On CRAN ('test-table_10.R:60:3')"/>
    </testcase>
  </testsuite>
  <testsuite name="table_11" timestamp="2023-10-23T08:33:54Z" hostname="14acd2f64892" tests="12" skipped="3" failures="0" errors="0" time="2.379">
    <testcase time="0.0279999999999987" classname="table_11" name="Table_11_generation_works_with_default_values"/>
    <testcase time="0.0430000000000028" classname="table_11" name="Table_11_generation_works_with_default_values"/>
    <testcase time="0.57" classname="table_11" name="Table_11_generation_works_with_default_values"/>
    <testcase time="0.126999999999999" classname="table_11" name="Table_11_generation_works_with_default_values">
      <skipped message="Reason: On CRAN ('test-table_11.R:18:3')"/>
    </testcase>
    <testcase time="0.0180000000000007" classname="table_11" name="Table_11_generation_works_with_custom_values"/>
    <testcase time="0.0350000000000001" classname="table_11" name="Table_11_generation_works_with_custom_values"/>
    <testcase time="0.536999999999999" classname="table_11" name="Table_11_generation_works_with_custom_values"/>
    <testcase time="0.0579999999999998" classname="table_11" name="Table_11_generation_works_with_custom_values">
      <skipped message="Reason: On CRAN ('test-table_11.R:48:3')"/>
    </testcase>
    <testcase time="0.0180000000000007" classname="table_11" name="Table_11_generation_works_with_risk_difference_column"/>
    <testcase time="0.0509999999999984" classname="table_11" name="Table_11_generation_works_with_risk_difference_column"/>
    <testcase time="0.759" classname="table_11" name="Table_11_generation_works_with_risk_difference_column"/>
    <testcase time="0.135000000000002" classname="table_11" name="Table_11_generation_works_with_risk_difference_column">
      <skipped message="Reason: On CRAN ('test-table_11.R:56:3')"/>
    </testcase>
  </testsuite>
  <testsuite name="table_12" timestamp="2023-10-23T08:33:56Z" hostname="14acd2f64892" tests="12" skipped="3" failures="0" errors="0" time="2.958">
    <testcase time="0.0229999999999997" classname="table_12" name="Table_12_generation_works_with_default_values"/>
    <testcase time="0.0539999999999985" classname="table_12" name="Table_12_generation_works_with_default_values"/>
    <testcase time="0.760000000000002" classname="table_12" name="Table_12_generation_works_with_default_values"/>
    <testcase time="0.093" classname="table_12" name="Table_12_generation_works_with_default_values">
      <skipped message="Reason: On CRAN ('test-table_12.R:9:3')"/>
    </testcase>
    <testcase time="0.0180000000000007" classname="table_12" name="Table_12_generation_works_with_custom_values"/>
    <testcase time="0.0429999999999993" classname="table_12" name="Table_12_generation_works_with_custom_values"/>
    <testcase time="0.753999999999998" classname="table_12" name="Table_12_generation_works_with_custom_values"/>
    <testcase time="0.0940000000000012" classname="table_12" name="Table_12_generation_works_with_custom_values">
      <skipped message="Reason: On CRAN ('test-table_12.R:39:3')"/>
    </testcase>
    <testcase time="0.0180000000000007" classname="table_12" name="Table_12_generation_works_with_risk_difference_column"/>
    <testcase time="0.0429999999999993" classname="table_12" name="Table_12_generation_works_with_risk_difference_column"/>
    <testcase time="0.949999999999999" classname="table_12" name="Table_12_generation_works_with_risk_difference_column"/>
    <testcase time="0.108000000000001" classname="table_12" name="Table_12_generation_works_with_risk_difference_column">
      <skipped message="Reason: On CRAN ('test-table_12.R:47:3')"/>
    </testcase>
  </testsuite>
  <testsuite name="table_13" timestamp="2023-10-23T08:33:59Z" hostname="14acd2f64892" tests="12" skipped="3" failures="0" errors="0" time="0.905">
    <testcase time="0.022000000000002" classname="table_13" name="Table_13_generation_works_with_default_values"/>
    <testcase time="0.0519999999999996" classname="table_13" name="Table_13_generation_works_with_default_values"/>
    <testcase time="0.105" classname="table_13" name="Table_13_generation_works_with_default_values"/>
    <testcase time="0.257999999999996" classname="table_13" name="Table_13_generation_works_with_default_values">
      <skipped message="Reason: On CRAN ('test-table_13.R:8:3')"/>
    </testcase>
    <testcase time="0.0159999999999982" classname="table_13" name="Table_13_generation_works_with_custom_values"/>
    <testcase time="0.0399999999999991" classname="table_13" name="Table_13_generation_works_with_custom_values"/>
    <testcase time="0.118000000000002" classname="table_13" name="Table_13_generation_works_with_custom_values"/>
    <testcase time="0.046999999999997" classname="table_13" name="Table_13_generation_works_with_custom_values">
      <skipped message="Reason: On CRAN ('test-table_13.R:38:3')"/>
    </testcase>
    <testcase time="0.017000000000003" classname="table_13" name="Table_13_generation_works_with_risk_difference_column"/>
    <testcase time="0.0399999999999991" classname="table_13" name="Table_13_generation_works_with_risk_difference_column"/>
    <testcase time="0.128999999999998" classname="table_13" name="Table_13_generation_works_with_risk_difference_column"/>
    <testcase time="0.0609999999999999" classname="table_13" name="Table_13_generation_works_with_risk_difference_column">
      <skipped message="Reason: On CRAN ('test-table_13.R:46:3')"/>
    </testcase>
  </testsuite>
  <testsuite name="table_14" timestamp="2023-10-23T08:34:00Z" hostname="14acd2f64892" tests="13" skipped="4" failures="0" errors="0" time="2.777">
    <testcase time="0.0290000000000035" classname="table_14" name="Table_14_generation_works_with_default_values"/>
    <testcase time="0.500999999999998" classname="table_14" name="Table_14_generation_works_with_default_values"/>
    <testcase time="0.119" classname="table_14" name="Table_14_generation_works_with_default_values">
      <skipped message="Reason: On CRAN ('test-table_14.R:16:3')"/>
    </testcase>
    <testcase time="0.0219999999999985" classname="table_14" name="Table_14_generation_works_with_custom_values"/>
    <testcase time="0.0399999999999991" classname="table_14" name="Table_14_generation_works_with_custom_values"/>
    <testcase time="0.520000000000003" classname="table_14" name="Table_14_generation_works_with_custom_values"/>
    <testcase time="0.121000000000002" classname="table_14" name="Table_14_generation_works_with_custom_values">
      <skipped message="Reason: On CRAN ('test-table_14.R:46:3')"/>
    </testcase>
    <testcase time="0.0180000000000007" classname="table_14" name="Table_14_generation_works_with_NA_values_pruned_rows"/>
    <testcase time="0.503" classname="table_14" name="Table_14_generation_works_with_NA_values_pruned_rows"/>
    <testcase time="0.101999999999997" classname="table_14" name="Table_14_generation_works_with_NA_values_pruned_rows">
      <skipped message="Reason: On CRAN ('test-table_14.R:53:3')"/>
    </testcase>
    <testcase time="0.0180000000000007" classname="table_14" name="Table_14_generation_works_with_risk_difference_column"/>
    <testcase time="0.640000000000001" classname="table_14" name="Table_14_generation_works_with_risk_difference_column"/>
    <testcase time="0.143999999999998" classname="table_14" name="Table_14_generation_works_with_risk_difference_column">
      <skipped message="Reason: On CRAN ('test-table_14.R:61:3')"/>
    </testcase>
  </testsuite>
  <testsuite name="table_20" timestamp="2023-10-23T08:34:03Z" hostname="14acd2f64892" tests="24" skipped="4" failures="0" errors="0" time="2.328">
    <testcase time="0.0260000000000034" classname="table_20" name="Table_20_generation_works_with_default_values"/>
    <testcase time="0.000999999999997669" classname="table_20" name="Table_20_generation_works_with_default_values"/>
    <testcase time="0.00200000000000244" classname="table_20" name="Table_20_generation_works_with_default_values"/>
    <testcase time="0.0349999999999966" classname="table_20" name="Table_20_generation_works_with_default_values"/>
    <testcase time="0.366999999999997" classname="table_20" name="Table_20_generation_works_with_default_values"/>
    <testcase time="0.0730000000000004" classname="table_20" name="Table_20_generation_works_with_default_values">
      <skipped message="Reason: On CRAN ('test-table_20.R:17:3')"/>
    </testcase>
    <testcase time="0.017000000000003" classname="table_20" name="Table_20_generation_works_with_custom_values"/>
    <testcase time="0.000999999999997669" classname="table_20" name="Table_20_generation_works_with_custom_values"/>
    <testcase time="0.00200000000000244" classname="table_20" name="Table_20_generation_works_with_custom_values"/>
    <testcase time="0.0349999999999966" classname="table_20" name="Table_20_generation_works_with_custom_values"/>
    <testcase time="0.538000000000004" classname="table_20" name="Table_20_generation_works_with_custom_values"/>
    <testcase time="0.100999999999999" classname="table_20" name="Table_20_generation_works_with_custom_values">
      <skipped message="Reason: On CRAN ('test-table_20.R:65:3')"/>
    </testcase>
    <testcase time="0.017000000000003" classname="table_20" name="Table_20_generation_works_with_missing_values_pruned_rows"/>
    <testcase time="0.000999999999997669" classname="table_20" name="Table_20_generation_works_with_missing_values_pruned_rows"/>
    <testcase time="0.00200000000000244" classname="table_20" name="Table_20_generation_works_with_missing_values_pruned_rows"/>
    <testcase time="0.0349999999999966" classname="table_20" name="Table_20_generation_works_with_missing_values_pruned_rows"/>
    <testcase time="0.365000000000002" classname="table_20" name="Table_20_generation_works_with_missing_values_pruned_rows"/>
    <testcase time="0.0799999999999983" classname="table_20" name="Table_20_generation_works_with_missing_values_pruned_rows">
      <skipped message="Reason: On CRAN ('test-table_20.R:74:3')"/>
    </testcase>
    <testcase time="0.017000000000003" classname="table_20" name="Table_20_generation_works_with_risk_difference_column"/>
    <testcase time="0.00199999999999534" classname="table_20" name="Table_20_generation_works_with_risk_difference_column"/>
    <testcase time="0.00100000000000477" classname="table_20" name="Table_20_generation_works_with_risk_difference_column"/>
    <testcase time="0.0359999999999943" classname="table_20" name="Table_20_generation_works_with_risk_difference_column"/>
    <testcase time="0.490000000000002" classname="table_20" name="Table_20_generation_works_with_risk_difference_column"/>
    <testcase time="0.0840000000000032" classname="table_20" name="Table_20_generation_works_with_risk_difference_column">
      <skipped message="Reason: On CRAN ('test-table_20.R:82:3')"/>
    </testcase>
  </testsuite>
  <testsuite name="table_21" timestamp="2023-10-23T08:34:05Z" hostname="14acd2f64892" tests="19" skipped="4" failures="0" errors="0" time="2.342">
    <testcase time="0.0739999999999981" classname="table_21" name="Table_21_generation_works_with_default_values"/>
    <testcase time="0.000999999999997669" classname="table_21" name="Table_21_generation_works_with_default_values"/>
    <testcase time="0.529000000000003" classname="table_21" name="Table_21_generation_works_with_default_values"/>
    <testcase time="0.0859999999999985" classname="table_21" name="Table_21_generation_works_with_default_values">
      <skipped message="Reason: On CRAN ('test-table_21.R:22:3')"/>
    </testcase>
    <testcase time="0.0180000000000007" classname="table_21" name="Table_21_generation_works_with_custom_values_N_s_denominator_and_overall_column"/>
    <testcase time="0.000999999999997669" classname="table_21" name="Table_21_generation_works_with_custom_values_N_s_denominator_and_overall_column"/>
    <testcase time="0.0730000000000004" classname="table_21" name="Table_21_generation_works_with_custom_values_N_s_denominator_and_overall_column"/>
    <testcase time="0.646000000000001" classname="table_21" name="Table_21_generation_works_with_custom_values_N_s_denominator_and_overall_column"/>
    <testcase time="0.100000000000001" classname="table_21" name="Table_21_generation_works_with_custom_values_N_s_denominator_and_overall_column">
      <skipped message="Reason: On CRAN ('test-table_21.R:34:3')"/>
    </testcase>
    <testcase time="0.0180000000000007" classname="table_21" name="Table_21_generation_works_with_custom_values_N_col_denominator_and_no_overall_column"/>
    <testcase time="0.00600000000000023" classname="table_21" name="Table_21_generation_works_with_custom_values_N_col_denominator_and_no_overall_column"/>
    <testcase time="0.0459999999999994" classname="table_21" name="Table_21_generation_works_with_custom_values_N_col_denominator_and_no_overall_column"/>
    <testcase time="0.272999999999996" classname="table_21" name="Table_21_generation_works_with_custom_values_N_col_denominator_and_no_overall_column"/>
    <testcase time="0.0910000000000011" classname="table_21" name="Table_21_generation_works_with_custom_values_N_col_denominator_and_no_overall_column">
      <skipped message="Reason: On CRAN ('test-table_21.R:62:3')"/>
    </testcase>
    <testcase time="0.0549999999999997" classname="table_21" name="Table_21_generation_works_with_some_NA_values"/>
    <testcase time="0.00200000000000244" classname="table_21" name="Table_21_generation_works_with_some_NA_values"/>
    <testcase time="0.0390000000000015" classname="table_21" name="Table_21_generation_works_with_some_NA_values"/>
    <testcase time="0.214999999999996" classname="table_21" name="Table_21_generation_works_with_some_NA_values"/>
    <testcase time="0.0690000000000026" classname="table_21" name="Table_21_generation_works_with_some_NA_values">
      <skipped message="Reason: On CRAN ('test-table_21.R:82:3')"/>
    </testcase>
  </testsuite>
  <testsuite name="table_32" timestamp="2023-10-23T08:34:07Z" hostname="14acd2f64892" tests="16" skipped="4" failures="0" errors="0" time="0.935">
    <testcase time="0.0240000000000009" classname="table_32" name="Table_32_generation_works_with_default_values"/>
    <testcase time="0.0439999999999969" classname="table_32" name="Table_32_generation_works_with_default_values"/>
    <testcase time="0.103999999999999" classname="table_32" name="Table_32_generation_works_with_default_values"/>
    <testcase time="0.0489999999999995" classname="table_32" name="Table_32_generation_works_with_default_values">
      <skipped message="Reason: On CRAN ('test-table_32.R:8:3')"/>
    </testcase>
    <testcase time="0.017000000000003" classname="table_32" name="Table_32_generation_works_with_custom_values"/>
    <testcase time="0.0429999999999993" classname="table_32" name="Table_32_generation_works_with_custom_values"/>
    <testcase time="0.143999999999998" classname="table_32" name="Table_32_generation_works_with_custom_values"/>
    <testcase time="0.0470000000000041" classname="table_32" name="Table_32_generation_works_with_custom_values">
      <skipped message="Reason: On CRAN ('test-table_32.R:30:3')"/>
    </testcase>
    <testcase time="0.0180000000000007" classname="table_32" name="Table_32_generation_works_with_pruned_rows"/>
    <testcase time="0.0429999999999993" classname="table_32" name="Table_32_generation_works_with_pruned_rows"/>
    <testcase time="0.117999999999995" classname="table_32" name="Table_32_generation_works_with_pruned_rows"/>
    <testcase time="0.0300000000000011" classname="table_32" name="Table_32_generation_works_with_pruned_rows">
      <skipped message="Reason: On CRAN ('test-table_32.R:37:3')"/>
    </testcase>
    <testcase time="0.0180000000000007" classname="table_32" name="Table_32_generation_works_with_risk_difference_column"/>
    <testcase time="0.0429999999999993" classname="table_32" name="Table_32_generation_works_with_risk_difference_column"/>
    <testcase time="0.146999999999998" classname="table_32" name="Table_32_generation_works_with_risk_difference_column"/>
    <testcase time="0.0460000000000065" classname="table_32" name="Table_32_generation_works_with_risk_difference_column">
      <skipped message="Reason: On CRAN ('test-table_32.R:45:3')"/>
    </testcase>
  </testsuite>
  <testsuite name="table_33" timestamp="2023-10-23T08:34:08Z" hostname="14acd2f64892" tests="16" skipped="4" failures="0" errors="0" time="1.504">
    <testcase time="0.0229999999999961" classname="table_33" name="Table_33_generation_works_with_default_values"/>
    <testcase time="0.219000000000001" classname="table_33" name="Table_33_generation_works_with_default_values"/>
    <testcase time="0.0989999999999966" classname="table_33" name="Table_33_generation_works_with_default_values"/>
    <testcase time="0.0300000000000011" classname="table_33" name="Table_33_generation_works_with_default_values">
      <skipped message="Reason: On CRAN ('test-table_33.R:8:3')"/>
    </testcase>
    <testcase time="0.0180000000000007" classname="table_33" name="Table_33_generation_works_with_custom_values"/>
    <testcase time="0.218000000000004" classname="table_33" name="Table_33_generation_works_with_custom_values"/>
    <testcase time="0.114999999999995" classname="table_33" name="Table_33_generation_works_with_custom_values"/>
    <testcase time="0.0360000000000014" classname="table_33" name="Table_33_generation_works_with_custom_values">
      <skipped message="Reason: On CRAN ('test-table_33.R:34:3')"/>
    </testcase>
    <testcase time="0.017000000000003" classname="table_33" name="Table_33_generation_works_with_pruned_rows"/>
    <testcase time="0.219000000000001" classname="table_33" name="Table_33_generation_works_with_pruned_rows"/>
    <testcase time="0.0969999999999942" classname="table_33" name="Table_33_generation_works_with_pruned_rows"/>
    <testcase time="0.0260000000000034" classname="table_33" name="Table_33_generation_works_with_pruned_rows">
      <skipped message="Reason: On CRAN ('test-table_33.R:42:3')"/>
    </testcase>
    <testcase time="0.017000000000003" classname="table_33" name="Table_33_generation_works_with_risk_difference_column"/>
    <testcase time="0.217999999999996" classname="table_33" name="Table_33_generation_works_with_risk_difference_column"/>
    <testcase time="0.118000000000002" classname="table_33" name="Table_33_generation_works_with_risk_difference_column"/>
    <testcase time="0.0339999999999989" classname="table_33" name="Table_33_generation_works_with_risk_difference_column">
      <skipped message="Reason: On CRAN ('test-table_33.R:50:3')"/>
    </testcase>
  </testsuite>
  <testsuite name="table_34" timestamp="2023-10-23T08:34:10Z" hostname="14acd2f64892" tests="12" skipped="3" failures="0" errors="0" time="5.498">
    <testcase time="0.027000000000001" classname="table_34" name="Table_34_generation_works_with_default_values"/>
    <testcase time="0.0360000000000014" classname="table_34" name="Table_34_generation_works_with_default_values"/>
    <testcase time="1.525" classname="table_34" name="Table_34_generation_works_with_default_values"/>
    <testcase time="0.184999999999995" classname="table_34" name="Table_34_generation_works_with_default_values">
      <skipped message="Reason: On CRAN ('test-table_34.R:17:3')"/>
    </testcase>
    <testcase time="0.0180000000000007" classname="table_34" name="Table_34_generation_works_with_custom_values"/>
    <testcase time="0.0300000000000011" classname="table_34" name="Table_34_generation_works_with_custom_values"/>
    <testcase time="1.501" classname="table_34" name="Table_34_generation_works_with_custom_values"/>
    <testcase time="0.0710000000000051" classname="table_34" name="Table_34_generation_works_with_custom_values">
      <skipped message="Reason: On CRAN ('test-table_34.R:49:3')"/>
    </testcase>
    <testcase time="0.0180000000000007" classname="table_34" name="Table_34_generation_works_with_risk_difference_column"/>
    <testcase time="0.0339999999999989" classname="table_34" name="Table_34_generation_works_with_risk_difference_column"/>
    <testcase time="1.848" classname="table_34" name="Table_34_generation_works_with_risk_difference_column"/>
    <testcase time="0.204999999999998" classname="table_34" name="Table_34_generation_works_with_risk_difference_column">
      <skipped message="Reason: On CRAN ('test-table_34.R:57:3')"/>
    </testcase>
  </testsuite>
</testsuites>
