<?xml version="1.0" encoding="UTF-8"?>
<testsuites>
  <testsuite name="table_02" timestamp="2023-10-09T14:59:13Z" hostname="3b44e4127890" tests="30" skipped="10" failures="0" errors="0" time="14.466">
    <testcase time="0.0779999999999998" classname="table_02" name="Table_02_generation_works_with_default_values"/>
    <testcase time="0.447" classname="table_02" name="Table_02_generation_works_with_default_values"/>
    <testcase time="0.209" classname="table_02" name="Table_02_generation_works_with_default_values">
      <skipped message="Reason: On CRAN ('test-table_02.R:16:3')"/>
    </testcase>
    <testcase time="0.073" classname="table_02" name="Table_02_generation_works_with_custom_values"/>
    <testcase time="0.358" classname="table_02" name="Table_02_generation_works_with_custom_values"/>
    <testcase time="0.211" classname="table_02" name="Table_02_generation_works_with_custom_values">
      <skipped message="Reason: On CRAN ('test-table_02.R:45:3')"/>
    </testcase>
    <testcase time="0.0529999999999999" classname="table_02" name="Table_02_generation_works_with_some_NA_values"/>
    <testcase time="0.0940000000000003" classname="table_02" name="Table_02_generation_works_with_some_NA_values"/>
    <testcase time="0.0460000000000003" classname="table_02" name="Table_02_generation_works_with_some_NA_values">
      <skipped message="Reason: On CRAN ('test-table_02.R:57:3')"/>
    </testcase>
    <testcase time="0.0189999999999992" classname="table_02" name="Table_02_generation_tplyr_works_with_default_values"/>
    <testcase time="1.87" classname="table_02" name="Table_02_generation_tplyr_works_with_default_values"/>
    <testcase time="0.0330000000000004" classname="table_02" name="Table_02_generation_tplyr_works_with_default_values">
      <skipped message="Reason: On CRAN ('test-table_02.R:66:3')"/>
    </testcase>
    <testcase time="0.0270000000000001" classname="table_02" name="Table_02_generation_tplyr_works_with_tplyr_raw_TRUE"/>
    <testcase time="1.154" classname="table_02" name="Table_02_generation_tplyr_works_with_tplyr_raw_TRUE"/>
    <testcase time="0.0229999999999997" classname="table_02" name="Table_02_generation_tplyr_works_with_tplyr_raw_TRUE">
      <skipped message="Reason: On CRAN ('test-table_02.R:75:3')"/>
    </testcase>
    <testcase time="0.0430000000000001" classname="table_02" name="Table_02_generation_tplyr_works_with_custom_values"/>
    <testcase time="1.784" classname="table_02" name="Table_02_generation_tplyr_works_with_custom_values"/>
    <testcase time="0.0220000000000002" classname="table_02" name="Table_02_generation_tplyr_works_with_custom_values">
      <skipped message="Reason: On CRAN ('test-table_02.R:102:3')"/>
    </testcase>
    <testcase time="0.0409999999999986" classname="table_02" name="Table_02_generation_tplyr_works_with_some_NA_values"/>
    <testcase time="0.713000000000001" classname="table_02" name="Table_02_generation_tplyr_works_with_some_NA_values"/>
    <testcase time="0.020999999999999" classname="table_02" name="Table_02_generation_tplyr_works_with_some_NA_values">
      <skipped message="Reason: On CRAN ('test-table_02.R:119:3')"/>
    </testcase>
    <testcase time="0.0190000000000001" classname="table_02" name="Table_02_generation_gtsum_works_with_default_values"/>
    <testcase time="2.9" classname="table_02" name="Table_02_generation_gtsum_works_with_default_values"/>
    <testcase time="0.00699999999999967" classname="table_02" name="Table_02_generation_gtsum_works_with_default_values">
      <skipped message="Reason: On CRAN ('test-table_02.R:128:3')"/>
    </testcase>
    <testcase time="0.043000000000001" classname="table_02" name="Table_02_generation_gtsum_works_with_custom_values"/>
    <testcase time="3.228" classname="table_02" name="Table_02_generation_gtsum_works_with_custom_values"/>
    <testcase time="0.0069999999999979" classname="table_02" name="Table_02_generation_gtsum_works_with_custom_values">
      <skipped message="Reason: On CRAN ('test-table_02.R:146:3')"/>
    </testcase>
    <testcase time="0.0350000000000001" classname="table_02" name="Table_02_generation_gtsum_works_with_some_NA_values"/>
    <testcase time="0.902000000000001" classname="table_02" name="Table_02_generation_gtsum_works_with_some_NA_values"/>
    <testcase time="0.00600000000000023" classname="table_02" name="Table_02_generation_gtsum_works_with_some_NA_values">
      <skipped message="Reason: On CRAN ('test-table_02.R:163:3')"/>
    </testcase>
  </testsuite>
  <testsuite name="table_03" timestamp="2023-10-09T14:59:27Z" hostname="3b44e4127890" tests="8" skipped="2" failures="0" errors="0" time="0.768">
    <testcase time="0.0350000000000001" classname="table_03" name="Table_3_generation_works_with_default_values"/>
    <testcase time="0.00199999999999889" classname="table_03" name="Table_3_generation_works_with_default_values"/>
    <testcase time="0.311" classname="table_03" name="Table_3_generation_works_with_default_values"/>
    <testcase time="0.0510000000000019" classname="table_03" name="Table_3_generation_works_with_default_values">
      <skipped message="Reason: On CRAN ('test-table_03.R:21:3')"/>
    </testcase>
    <testcase time="0.0179999999999971" classname="table_03" name="Table_3_generation_works_with_custom_values"/>
    <testcase time="0.00200000000000244" classname="table_03" name="Table_3_generation_works_with_custom_values"/>
    <testcase time="0.282999999999998" classname="table_03" name="Table_3_generation_works_with_custom_values"/>
    <testcase time="0.0660000000000025" classname="table_03" name="Table_3_generation_works_with_custom_values">
      <skipped message="Reason: On CRAN ('test-table_03.R:41:3')"/>
    </testcase>
  </testsuite>
  <testsuite name="table_04" timestamp="2023-10-09T14:59:28Z" hostname="3b44e4127890" tests="9" skipped="2" failures="0" errors="0" time="0.783">
    <testcase time="0.0479999999999983" classname="table_04" name="Table_04_generation_works_with_default_values"/>
    <testcase time="0.268000000000001" classname="table_04" name="Table_04_generation_works_with_default_values"/>
    <testcase time="0.0769999999999982" classname="table_04" name="Table_04_generation_works_with_default_values">
      <skipped message="Reason: On CRAN ('test-table_04.R:18:3')"/>
    </testcase>
    <testcase time="0.0180000000000007" classname="table_04" name="Table_04_generation_works_with_custom_values"/>
    <testcase time="0.00200000000000244" classname="table_04" name="Table_04_generation_works_with_custom_values"/>
    <testcase time="0.000999999999997669" classname="table_04" name="Table_04_generation_works_with_custom_values"/>
    <testcase time="0.00200000000000244" classname="table_04" name="Table_04_generation_works_with_custom_values"/>
    <testcase time="0.296999999999997" classname="table_04" name="Table_04_generation_works_with_custom_values"/>
    <testcase time="0.0700000000000003" classname="table_04" name="Table_04_generation_works_with_custom_values">
      <skipped message="Reason: On CRAN ('test-table_04.R:46:3')"/>
    </testcase>
  </testsuite>
  <testsuite name="table_05" timestamp="2023-10-09T14:59:29Z" hostname="3b44e4127890" tests="12" skipped="4" failures="0" errors="0" time="1.332">
    <testcase time="0.170000000000002" classname="table_05" name="Table_05_generation_works_with_default_values"/>
    <testcase time="0.202999999999999" classname="table_05" name="Table_05_generation_works_with_default_values"/>
    <testcase time="0.0640000000000001" classname="table_05" name="Table_05_generation_works_with_default_values">
      <skipped message="Reason: On CRAN ('test-table_05.R:10:3')"/>
    </testcase>
    <testcase time="0.0189999999999984" classname="table_05" name="Table_05_generation_works_with_custom_values"/>
    <testcase time="0.215" classname="table_05" name="Table_05_generation_works_with_custom_values"/>
    <testcase time="0.0760000000000005" classname="table_05" name="Table_05_generation_works_with_custom_values">
      <skipped message="Reason: On CRAN ('test-table_05.R:34:3')"/>
    </testcase>
    <testcase time="0.0199999999999996" classname="table_05" name="Table_05_generation_works_with_NA_values_pruned_rows"/>
    <testcase time="0.181000000000001" classname="table_05" name="Table_05_generation_works_with_NA_values_pruned_rows"/>
    <testcase time="0.0740000000000016" classname="table_05" name="Table_05_generation_works_with_NA_values_pruned_rows">
      <skipped message="Reason: On CRAN ('test-table_05.R:44:3')"/>
    </testcase>
    <testcase time="0.0180000000000007" classname="table_05" name="Table_05_generation_works_with_risk_difference_column"/>
    <testcase time="0.219999999999999" classname="table_05" name="Table_05_generation_works_with_risk_difference_column"/>
    <testcase time="0.0719999999999992" classname="table_05" name="Table_05_generation_works_with_risk_difference_column">
      <skipped message="Reason: On CRAN ('test-table_05.R:57:3')"/>
    </testcase>
  </testsuite>
  <testsuite name="table_06" timestamp="2023-10-09T14:59:30Z" hostname="3b44e4127890" tests="15" skipped="3" failures="0" errors="0" time="2.031">
    <testcase time="0.0240000000000009" classname="table_06" name="Table_06_generation_works_with_default_values"/>
    <testcase time="0.00199999999999889" classname="table_06" name="Table_06_generation_works_with_default_values"/>
    <testcase time="0.0500000000000007" classname="table_06" name="Table_06_generation_works_with_default_values"/>
    <testcase time="0.408000000000001" classname="table_06" name="Table_06_generation_works_with_default_values"/>
    <testcase time="0.0919999999999987" classname="table_06" name="Table_06_generation_works_with_default_values">
      <skipped message="Reason: On CRAN ('test-table_06.R:8:3')"/>
    </testcase>
    <testcase time="0.0180000000000007" classname="table_06" name="Table_06_generation_works_with_custom_values"/>
    <testcase time="0.000999999999997669" classname="table_06" name="Table_06_generation_works_with_custom_values"/>
    <testcase time="0.0480000000000018" classname="table_06" name="Table_06_generation_works_with_custom_values"/>
    <testcase time="0.547000000000001" classname="table_06" name="Table_06_generation_works_with_custom_values"/>
    <testcase time="0.148999999999997" classname="table_06" name="Table_06_generation_works_with_custom_values">
      <skipped message="Reason: On CRAN ('test-table_06.R:40:3')"/>
    </testcase>
    <testcase time="0.0180000000000007" classname="table_06" name="Table_06_generation_works_with_risk_difference_column"/>
    <testcase time="0.00200000000000244" classname="table_06" name="Table_06_generation_works_with_risk_difference_column"/>
    <testcase time="0.046999999999997" classname="table_06" name="Table_06_generation_works_with_risk_difference_column"/>
    <testcase time="0.527999999999999" classname="table_06" name="Table_06_generation_works_with_risk_difference_column"/>
    <testcase time="0.0970000000000013" classname="table_06" name="Table_06_generation_works_with_risk_difference_column">
      <skipped message="Reason: On CRAN ('test-table_06.R:48:3')"/>
    </testcase>
  </testsuite>
  <testsuite name="table_07" timestamp="2023-10-09T14:59:32Z" hostname="3b44e4127890" tests="24" skipped="4" failures="0" errors="0" time="2.144">
    <testcase time="0.0269999999999975" classname="table_07" name="Table_07_generation_works_with_default_values"/>
    <testcase time="0.00200000000000244" classname="table_07" name="Table_07_generation_works_with_default_values"/>
    <testcase time="0.000999999999997669" classname="table_07" name="Table_07_generation_works_with_default_values"/>
    <testcase time="0.0340000000000025" classname="table_07" name="Table_07_generation_works_with_default_values"/>
    <testcase time="0.311999999999998" classname="table_07" name="Table_07_generation_works_with_default_values"/>
    <testcase time="0.104000000000003" classname="table_07" name="Table_07_generation_works_with_default_values">
      <skipped message="Reason: On CRAN ('test-table_07.R:13:3')"/>
    </testcase>
    <testcase time="0.0189999999999984" classname="table_07" name="Table_07_generation_works_with_custom_values"/>
    <testcase time="0.00199999999999889" classname="table_07" name="Table_07_generation_works_with_custom_values"/>
    <testcase time="0.00200000000000244" classname="table_07" name="Table_07_generation_works_with_custom_values"/>
    <testcase time="0.041999999999998" classname="table_07" name="Table_07_generation_works_with_custom_values"/>
    <testcase time="0.429000000000002" classname="table_07" name="Table_07_generation_works_with_custom_values"/>
    <testcase time="0.135999999999999" classname="table_07" name="Table_07_generation_works_with_custom_values">
      <skipped message="Reason: On CRAN ('test-table_07.R:42:3')"/>
    </testcase>
    <testcase time="0.0210000000000008" classname="table_07" name="Table_07_generation_works_with_NA_values_pruned_rows"/>
    <testcase time="0.00199999999999889" classname="table_07" name="Table_07_generation_works_with_NA_values_pruned_rows"/>
    <testcase time="0.00199999999999889" classname="table_07" name="Table_07_generation_works_with_NA_values_pruned_rows"/>
    <testcase time="0.0330000000000013" classname="table_07" name="Table_07_generation_works_with_NA_values_pruned_rows"/>
    <testcase time="0.297999999999998" classname="table_07" name="Table_07_generation_works_with_NA_values_pruned_rows"/>
    <testcase time="0.117000000000001" classname="table_07" name="Table_07_generation_works_with_NA_values_pruned_rows">
      <skipped message="Reason: On CRAN ('test-table_07.R:52:3')"/>
    </testcase>
    <testcase time="0.0180000000000007" classname="table_07" name="Table_07_generation_works_with_risk_difference_column"/>
    <testcase time="0.00199999999999889" classname="table_07" name="Table_07_generation_works_with_risk_difference_column"/>
    <testcase time="0.00100000000000122" classname="table_07" name="Table_07_generation_works_with_risk_difference_column"/>
    <testcase time="0.0339999999999989" classname="table_07" name="Table_07_generation_works_with_risk_difference_column"/>
    <testcase time="0.379000000000001" classname="table_07" name="Table_07_generation_works_with_risk_difference_column"/>
    <testcase time="0.126999999999999" classname="table_07" name="Table_07_generation_works_with_risk_difference_column">
      <skipped message="Reason: On CRAN ('test-table_07.R:65:3')"/>
    </testcase>
  </testsuite>
  <testsuite name="table_08" timestamp="2023-10-09T14:59:34Z" hostname="3b44e4127890" tests="8" skipped="2" failures="0" errors="0" time="0.401">
    <testcase time="0.0240000000000009" classname="table_08" name="Table_08_generation_works_with_default_values"/>
    <testcase time="0.00100000000000122" classname="table_08" name="Table_08_generation_works_with_default_values"/>
    <testcase time="0.046999999999997" classname="table_08" name="Table_08_generation_works_with_default_values"/>
    <testcase time="0.117000000000001" classname="table_08" name="Table_08_generation_works_with_default_values">
      <skipped message="Reason: On CRAN ('test-table_08.R:10:3')"/>
    </testcase>
    <testcase time="0.0180000000000007" classname="table_08" name="Table_08_generation_works_with_custom_values"/>
    <testcase time="0.00199999999999889" classname="table_08" name="Table_08_generation_works_with_custom_values"/>
    <testcase time="0.0410000000000004" classname="table_08" name="Table_08_generation_works_with_custom_values"/>
    <testcase time="0.151" classname="table_08" name="Table_08_generation_works_with_custom_values">
      <skipped message="Reason: On CRAN ('test-table_08.R:31:3')"/>
    </testcase>
  </testsuite>
  <testsuite name="table_09" timestamp="2023-10-09T14:59:35Z" hostname="3b44e4127890" tests="12" skipped="3" failures="0" errors="0" time="1.406">
    <testcase time="0.0229999999999997" classname="table_09" name="Table_09_generation_works_with_default_values"/>
    <testcase time="0.0340000000000025" classname="table_09" name="Table_09_generation_works_with_default_values"/>
    <testcase time="0.294" classname="table_09" name="Table_09_generation_works_with_default_values"/>
    <testcase time="0.0589999999999975" classname="table_09" name="Table_09_generation_works_with_default_values">
      <skipped message="Reason: On CRAN ('test-table_09.R:8:3')"/>
    </testcase>
    <testcase time="0.0180000000000007" classname="table_09" name="Table_09_generation_works_with_custom_values"/>
    <testcase time="0.0339999999999989" classname="table_09" name="Table_09_generation_works_with_custom_values"/>
    <testcase time="0.359999999999999" classname="table_09" name="Table_09_generation_works_with_custom_values"/>
    <testcase time="0.0650000000000013" classname="table_09" name="Table_09_generation_works_with_custom_values">
      <skipped message="Reason: On CRAN ('test-table_09.R:39:3')"/>
    </testcase>
    <testcase time="0.0190000000000019" classname="table_09" name="Table_09_generation_works_with_risk_difference_column"/>
    <testcase time="0.0339999999999989" classname="table_09" name="Table_09_generation_works_with_risk_difference_column"/>
    <testcase time="0.385999999999999" classname="table_09" name="Table_09_generation_works_with_risk_difference_column"/>
    <testcase time="0.0800000000000018" classname="table_09" name="Table_09_generation_works_with_risk_difference_column">
      <skipped message="Reason: On CRAN ('test-table_09.R:47:3')"/>
    </testcase>
  </testsuite>
  <testsuite name="table_10" timestamp="2023-10-09T14:59:36Z" hostname="3b44e4127890" tests="15" skipped="3" failures="0" errors="0" time="1.593">
    <testcase time="0.0279999999999987" classname="table_10" name="Table_10_generation_works_with_default_values"/>
    <testcase time="0.00199999999999889" classname="table_10" name="Table_10_generation_works_with_default_values"/>
    <testcase time="0.0350000000000001" classname="table_10" name="Table_10_generation_works_with_default_values"/>
    <testcase time="0.359000000000002" classname="table_10" name="Table_10_generation_works_with_default_values"/>
    <testcase time="0.105" classname="table_10" name="Table_10_generation_works_with_default_values">
      <skipped message="Reason: On CRAN ('test-table_10.R:17:3')"/>
    </testcase>
    <testcase time="0.0189999999999984" classname="table_10" name="Table_10_generation_works_with_custom_values"/>
    <testcase time="0.00199999999999889" classname="table_10" name="Table_10_generation_works_with_custom_values"/>
    <testcase time="0.0300000000000011" classname="table_10" name="Table_10_generation_works_with_custom_values"/>
    <testcase time="0.341999999999999" classname="table_10" name="Table_10_generation_works_with_custom_values"/>
    <testcase time="0.0530000000000008" classname="table_10" name="Table_10_generation_works_with_custom_values">
      <skipped message="Reason: On CRAN ('test-table_10.R:52:3')"/>
    </testcase>
    <testcase time="0.0180000000000007" classname="table_10" name="Table_10_generation_works_with_risk_difference_column"/>
    <testcase time="0.00199999999999889" classname="table_10" name="Table_10_generation_works_with_risk_difference_column"/>
    <testcase time="0.0350000000000001" classname="table_10" name="Table_10_generation_works_with_risk_difference_column"/>
    <testcase time="0.446000000000002" classname="table_10" name="Table_10_generation_works_with_risk_difference_column"/>
    <testcase time="0.117000000000001" classname="table_10" name="Table_10_generation_works_with_risk_difference_column">
      <skipped message="Reason: On CRAN ('test-table_10.R:60:3')"/>
    </testcase>
  </testsuite>
  <testsuite name="table_11" timestamp="2023-10-09T14:59:38Z" hostname="3b44e4127890" tests="12" skipped="3" failures="0" errors="0" time="2.492">
    <testcase time="0.0299999999999976" classname="table_11" name="Table_11_generation_works_with_default_values"/>
    <testcase time="0.0570000000000022" classname="table_11" name="Table_11_generation_works_with_default_values"/>
    <testcase time="0.591999999999999" classname="table_11" name="Table_11_generation_works_with_default_values"/>
    <testcase time="0.119" classname="table_11" name="Table_11_generation_works_with_default_values">
      <skipped message="Reason: On CRAN ('test-table_11.R:18:3')"/>
    </testcase>
    <testcase time="0.0190000000000019" classname="table_11" name="Table_11_generation_works_with_custom_values"/>
    <testcase time="0.036999999999999" classname="table_11" name="Table_11_generation_works_with_custom_values"/>
    <testcase time="0.559000000000001" classname="table_11" name="Table_11_generation_works_with_custom_values"/>
    <testcase time="0.0719999999999992" classname="table_11" name="Table_11_generation_works_with_custom_values">
      <skipped message="Reason: On CRAN ('test-table_11.R:48:3')"/>
    </testcase>
    <testcase time="0.0189999999999984" classname="table_11" name="Table_11_generation_works_with_risk_difference_column"/>
    <testcase time="0.0429999999999993" classname="table_11" name="Table_11_generation_works_with_risk_difference_column"/>
    <testcase time="0.794" classname="table_11" name="Table_11_generation_works_with_risk_difference_column"/>
    <testcase time="0.151" classname="table_11" name="Table_11_generation_works_with_risk_difference_column">
      <skipped message="Reason: On CRAN ('test-table_11.R:56:3')"/>
    </testcase>
  </testsuite>
  <testsuite name="table_12" timestamp="2023-10-09T14:59:40Z" hostname="3b44e4127890" tests="12" skipped="3" failures="0" errors="0" time="3.105">
    <testcase time="0.0250000000000021" classname="table_12" name="Table_12_generation_works_with_default_values"/>
    <testcase time="0.0440000000000005" classname="table_12" name="Table_12_generation_works_with_default_values"/>
    <testcase time="0.794999999999998" classname="table_12" name="Table_12_generation_works_with_default_values"/>
    <testcase time="0.0990000000000002" classname="table_12" name="Table_12_generation_works_with_default_values">
      <skipped message="Reason: On CRAN ('test-table_12.R:9:3')"/>
    </testcase>
    <testcase time="0.0190000000000019" classname="table_12" name="Table_12_generation_works_with_custom_values"/>
    <testcase time="0.0519999999999996" classname="table_12" name="Table_12_generation_works_with_custom_values"/>
    <testcase time="0.781000000000002" classname="table_12" name="Table_12_generation_works_with_custom_values"/>
    <testcase time="0.109999999999999" classname="table_12" name="Table_12_generation_works_with_custom_values">
      <skipped message="Reason: On CRAN ('test-table_12.R:39:3')"/>
    </testcase>
    <testcase time="0.0189999999999984" classname="table_12" name="Table_12_generation_works_with_risk_difference_column"/>
    <testcase time="0.0459999999999994" classname="table_12" name="Table_12_generation_works_with_risk_difference_column"/>
    <testcase time="0.991" classname="table_12" name="Table_12_generation_works_with_risk_difference_column"/>
    <testcase time="0.124000000000002" classname="table_12" name="Table_12_generation_works_with_risk_difference_column">
      <skipped message="Reason: On CRAN ('test-table_12.R:47:3')"/>
    </testcase>
  </testsuite>
  <testsuite name="table_13" timestamp="2023-10-09T14:59:43Z" hostname="3b44e4127890" tests="12" skipped="3" failures="0" errors="0" time="0.999">
    <testcase time="0.0229999999999961" classname="table_13" name="Table_13_generation_works_with_default_values"/>
    <testcase time="0.0420000000000016" classname="table_13" name="Table_13_generation_works_with_default_values"/>
    <testcase time="0.127000000000002" classname="table_13" name="Table_13_generation_works_with_default_values"/>
    <testcase time="0.0579999999999998" classname="table_13" name="Table_13_generation_works_with_default_values">
      <skipped message="Reason: On CRAN ('test-table_13.R:8:3')"/>
    </testcase>
    <testcase time="0.0189999999999984" classname="table_13" name="Table_13_generation_works_with_custom_values"/>
    <testcase time="0.0420000000000016" classname="table_13" name="Table_13_generation_works_with_custom_values"/>
    <testcase time="0.142000000000003" classname="table_13" name="Table_13_generation_works_with_custom_values"/>
    <testcase time="0.0449999999999946" classname="table_13" name="Table_13_generation_works_with_custom_values">
      <skipped message="Reason: On CRAN ('test-table_13.R:38:3')"/>
    </testcase>
    <testcase time="0.0190000000000055" classname="table_13" name="Table_13_generation_works_with_risk_difference_column"/>
    <testcase time="0.0499999999999972" classname="table_13" name="Table_13_generation_works_with_risk_difference_column"/>
    <testcase time="0.134999999999998" classname="table_13" name="Table_13_generation_works_with_risk_difference_column"/>
    <testcase time="0.296999999999997" classname="table_13" name="Table_13_generation_works_with_risk_difference_column">
      <skipped message="Reason: On CRAN ('test-table_13.R:46:3')"/>
    </testcase>
  </testsuite>
  <testsuite name="table_14" timestamp="2023-10-09T14:59:44Z" hostname="3b44e4127890" tests="13" skipped="4" failures="0" errors="0" time="2.918">
    <testcase time="0.0309999999999988" classname="table_14" name="Table_14_generation_works_with_default_values"/>
    <testcase time="0.524000000000001" classname="table_14" name="Table_14_generation_works_with_default_values"/>
    <testcase time="0.131999999999998" classname="table_14" name="Table_14_generation_works_with_default_values">
      <skipped message="Reason: On CRAN ('test-table_14.R:16:3')"/>
    </testcase>
    <testcase time="0.0190000000000055" classname="table_14" name="Table_14_generation_works_with_custom_values"/>
    <testcase time="0.0419999999999945" classname="table_14" name="Table_14_generation_works_with_custom_values"/>
    <testcase time="0.553000000000004" classname="table_14" name="Table_14_generation_works_with_custom_values"/>
    <testcase time="0.128" classname="table_14" name="Table_14_generation_works_with_custom_values">
      <skipped message="Reason: On CRAN ('test-table_14.R:46:3')"/>
    </testcase>
    <testcase time="0.0180000000000007" classname="table_14" name="Table_14_generation_works_with_NA_values_pruned_rows"/>
    <testcase time="0.524999999999999" classname="table_14" name="Table_14_generation_works_with_NA_values_pruned_rows"/>
    <testcase time="0.103999999999999" classname="table_14" name="Table_14_generation_works_with_NA_values_pruned_rows">
      <skipped message="Reason: On CRAN ('test-table_14.R:53:3')"/>
    </testcase>
    <testcase time="0.0180000000000007" classname="table_14" name="Table_14_generation_works_with_risk_difference_column"/>
    <testcase time="0.673000000000002" classname="table_14" name="Table_14_generation_works_with_risk_difference_column"/>
    <testcase time="0.150999999999996" classname="table_14" name="Table_14_generation_works_with_risk_difference_column">
      <skipped message="Reason: On CRAN ('test-table_14.R:61:3')"/>
    </testcase>
  </testsuite>
  <testsuite name="table_20" timestamp="2023-10-09T14:59:47Z" hostname="3b44e4127890" tests="24" skipped="4" failures="0" errors="0" time="2.434">
    <testcase time="0.027000000000001" classname="table_20" name="Table_20_generation_works_with_default_values"/>
    <testcase time="0.00200000000000244" classname="table_20" name="Table_20_generation_works_with_default_values"/>
    <testcase time="0.000999999999997669" classname="table_20" name="Table_20_generation_works_with_default_values"/>
    <testcase time="0.0429999999999993" classname="table_20" name="Table_20_generation_works_with_default_values"/>
    <testcase time="0.381" classname="table_20" name="Table_20_generation_works_with_default_values"/>
    <testcase time="0.0760000000000005" classname="table_20" name="Table_20_generation_works_with_default_values">
      <skipped message="Reason: On CRAN ('test-table_20.R:17:3')"/>
    </testcase>
    <testcase time="0.0180000000000007" classname="table_20" name="Table_20_generation_works_with_custom_values"/>
    <testcase time="0.000999999999997669" classname="table_20" name="Table_20_generation_works_with_custom_values"/>
    <testcase time="0.00200000000000244" classname="table_20" name="Table_20_generation_works_with_custom_values"/>
    <testcase time="0.036999999999999" classname="table_20" name="Table_20_generation_works_with_custom_values"/>
    <testcase time="0.557000000000002" classname="table_20" name="Table_20_generation_works_with_custom_values"/>
    <testcase time="0.101999999999997" classname="table_20" name="Table_20_generation_works_with_custom_values">
      <skipped message="Reason: On CRAN ('test-table_20.R:65:3')"/>
    </testcase>
    <testcase time="0.0180000000000007" classname="table_20" name="Table_20_generation_works_with_missing_values_pruned_rows"/>
    <testcase time="0.00200000000000244" classname="table_20" name="Table_20_generation_works_with_missing_values_pruned_rows"/>
    <testcase time="0.000999999999997669" classname="table_20" name="Table_20_generation_works_with_missing_values_pruned_rows"/>
    <testcase time="0.036999999999999" classname="table_20" name="Table_20_generation_works_with_missing_values_pruned_rows"/>
    <testcase time="0.384999999999998" classname="table_20" name="Table_20_generation_works_with_missing_values_pruned_rows"/>
    <testcase time="0.0740000000000052" classname="table_20" name="Table_20_generation_works_with_missing_values_pruned_rows">
      <skipped message="Reason: On CRAN ('test-table_20.R:74:3')"/>
    </testcase>
    <testcase time="0.027000000000001" classname="table_20" name="Table_20_generation_works_with_risk_difference_column"/>
    <testcase time="0.00199999999999534" classname="table_20" name="Table_20_generation_works_with_risk_difference_column"/>
    <testcase time="0.00100000000000477" classname="table_20" name="Table_20_generation_works_with_risk_difference_column"/>
    <testcase time="0.036999999999999" classname="table_20" name="Table_20_generation_works_with_risk_difference_column"/>
    <testcase time="0.506" classname="table_20" name="Table_20_generation_works_with_risk_difference_column"/>
    <testcase time="0.0969999999999942" classname="table_20" name="Table_20_generation_works_with_risk_difference_column">
      <skipped message="Reason: On CRAN ('test-table_20.R:82:3')"/>
    </testcase>
  </testsuite>
  <testsuite name="table_21" timestamp="2023-10-09T14:59:50Z" hostname="3b44e4127890" tests="19" skipped="4" failures="0" errors="0" time="2.462">
    <testcase time="0.0770000000000053" classname="table_21" name="Table_21_generation_works_with_default_values"/>
    <testcase time="0.000999999999997669" classname="table_21" name="Table_21_generation_works_with_default_values"/>
    <testcase time="0.564999999999998" classname="table_21" name="Table_21_generation_works_with_default_values"/>
    <testcase time="0.100999999999999" classname="table_21" name="Table_21_generation_works_with_default_values">
      <skipped message="Reason: On CRAN ('test-table_21.R:22:3')"/>
    </testcase>
    <testcase time="0.0180000000000007" classname="table_21" name="Table_21_generation_works_with_custom_values_N_s_denominator_and_overall_column"/>
    <testcase time="0.00200000000000244" classname="table_21" name="Table_21_generation_works_with_custom_values_N_s_denominator_and_overall_column"/>
    <testcase time="0.0690000000000026" classname="table_21" name="Table_21_generation_works_with_custom_values_N_s_denominator_and_overall_column"/>
    <testcase time="0.686999999999998" classname="table_21" name="Table_21_generation_works_with_custom_values_N_s_denominator_and_overall_column"/>
    <testcase time="0.109999999999999" classname="table_21" name="Table_21_generation_works_with_custom_values_N_s_denominator_and_overall_column">
      <skipped message="Reason: On CRAN ('test-table_21.R:34:3')"/>
    </testcase>
    <testcase time="0.0180000000000007" classname="table_21" name="Table_21_generation_works_with_custom_values_N_col_denominator_and_no_overall_column"/>
    <testcase time="0.00200000000000244" classname="table_21" name="Table_21_generation_works_with_custom_values_N_col_denominator_and_no_overall_column"/>
    <testcase time="0.0439999999999969" classname="table_21" name="Table_21_generation_works_with_custom_values_N_col_denominator_and_no_overall_column"/>
    <testcase time="0.291000000000004" classname="table_21" name="Table_21_generation_works_with_custom_values_N_col_denominator_and_no_overall_column"/>
    <testcase time="0.0839999999999961" classname="table_21" name="Table_21_generation_works_with_custom_values_N_col_denominator_and_no_overall_column">
      <skipped message="Reason: On CRAN ('test-table_21.R:62:3')"/>
    </testcase>
    <testcase time="0.0579999999999998" classname="table_21" name="Table_21_generation_works_with_some_NA_values"/>
    <testcase time="0.00200000000000244" classname="table_21" name="Table_21_generation_works_with_some_NA_values"/>
    <testcase time="0.0499999999999972" classname="table_21" name="Table_21_generation_works_with_some_NA_values"/>
    <testcase time="0.222000000000001" classname="table_21" name="Table_21_generation_works_with_some_NA_values"/>
    <testcase time="0.0609999999999999" classname="table_21" name="Table_21_generation_works_with_some_NA_values">
      <skipped message="Reason: On CRAN ('test-table_21.R:82:3')"/>
    </testcase>
  </testsuite>
  <testsuite name="table_32" timestamp="2023-10-09T14:59:52Z" hostname="3b44e4127890" tests="16" skipped="4" failures="0" errors="0" time="0.953">
    <testcase time="0.0249999999999986" classname="table_32" name="Table_32_generation_works_with_default_values"/>
    <testcase time="0.044000000000004" classname="table_32" name="Table_32_generation_works_with_default_values"/>
    <testcase time="0.118000000000002" classname="table_32" name="Table_32_generation_works_with_default_values"/>
    <testcase time="0.0409999999999968" classname="table_32" name="Table_32_generation_works_with_default_values">
      <skipped message="Reason: On CRAN ('test-table_32.R:8:3')"/>
    </testcase>
    <testcase time="0.0180000000000007" classname="table_32" name="Table_32_generation_works_with_custom_values"/>
    <testcase time="0.0450000000000017" classname="table_32" name="Table_32_generation_works_with_custom_values"/>
    <testcase time="0.141999999999996" classname="table_32" name="Table_32_generation_works_with_custom_values"/>
    <testcase time="0.0480000000000018" classname="table_32" name="Table_32_generation_works_with_custom_values">
      <skipped message="Reason: On CRAN ('test-table_32.R:30:3')"/>
    </testcase>
    <testcase time="0.0189999999999984" classname="table_32" name="Table_32_generation_works_with_pruned_rows"/>
    <testcase time="0.0519999999999996" classname="table_32" name="Table_32_generation_works_with_pruned_rows"/>
    <testcase time="0.109999999999999" classname="table_32" name="Table_32_generation_works_with_pruned_rows"/>
    <testcase time="0.0320000000000036" classname="table_32" name="Table_32_generation_works_with_pruned_rows">
      <skipped message="Reason: On CRAN ('test-table_32.R:37:3')"/>
    </testcase>
    <testcase time="0.0189999999999984" classname="table_32" name="Table_32_generation_works_with_risk_difference_column"/>
    <testcase time="0.0450000000000017" classname="table_32" name="Table_32_generation_works_with_risk_difference_column"/>
    <testcase time="0.146000000000001" classname="table_32" name="Table_32_generation_works_with_risk_difference_column"/>
    <testcase time="0.0489999999999995" classname="table_32" name="Table_32_generation_works_with_risk_difference_column">
      <skipped message="Reason: On CRAN ('test-table_32.R:45:3')"/>
    </testcase>
  </testsuite>
  <testsuite name="table_33" timestamp="2023-10-09T14:59:53Z" hostname="3b44e4127890" tests="16" skipped="4" failures="0" errors="0" time="1.547">
    <testcase time="0.0459999999999994" classname="table_33" name="Table_33_generation_works_with_default_values"/>
    <testcase time="0.222000000000001" classname="table_33" name="Table_33_generation_works_with_default_values"/>
    <testcase time="0.0899999999999963" classname="table_33" name="Table_33_generation_works_with_default_values"/>
    <testcase time="0.0309999999999988" classname="table_33" name="Table_33_generation_works_with_default_values">
      <skipped message="Reason: On CRAN ('test-table_33.R:8:3')"/>
    </testcase>
    <testcase time="0.0190000000000055" classname="table_33" name="Table_33_generation_works_with_custom_values"/>
    <testcase time="0.229999999999997" classname="table_33" name="Table_33_generation_works_with_custom_values"/>
    <testcase time="0.108000000000004" classname="table_33" name="Table_33_generation_works_with_custom_values"/>
    <testcase time="0.0390000000000015" classname="table_33" name="Table_33_generation_works_with_custom_values">
      <skipped message="Reason: On CRAN ('test-table_33.R:34:3')"/>
    </testcase>
    <testcase time="0.0189999999999984" classname="table_33" name="Table_33_generation_works_with_pruned_rows"/>
    <testcase time="0.229999999999997" classname="table_33" name="Table_33_generation_works_with_pruned_rows"/>
    <testcase time="0.0890000000000057" classname="table_33" name="Table_33_generation_works_with_pruned_rows"/>
    <testcase time="0.0279999999999987" classname="table_33" name="Table_33_generation_works_with_pruned_rows">
      <skipped message="Reason: On CRAN ('test-table_33.R:42:3')"/>
    </testcase>
    <testcase time="0.0189999999999984" classname="table_33" name="Table_33_generation_works_with_risk_difference_column"/>
    <testcase time="0.226999999999997" classname="table_33" name="Table_33_generation_works_with_risk_difference_column"/>
    <testcase time="0.114000000000004" classname="table_33" name="Table_33_generation_works_with_risk_difference_column"/>
    <testcase time="0.0360000000000014" classname="table_33" name="Table_33_generation_works_with_risk_difference_column">
      <skipped message="Reason: On CRAN ('test-table_33.R:50:3')"/>
    </testcase>
  </testsuite>
  <testsuite name="table_34" timestamp="2023-10-09T14:59:55Z" hostname="3b44e4127890" tests="12" skipped="3" failures="0" errors="0" time="5.695">
    <testcase time="0.0289999999999964" classname="table_34" name="Table_34_generation_works_with_default_values"/>
    <testcase time="0.0350000000000037" classname="table_34" name="Table_34_generation_works_with_default_values"/>
    <testcase time="1.562" classname="table_34" name="Table_34_generation_works_with_default_values"/>
    <testcase time="0.189999999999998" classname="table_34" name="Table_34_generation_works_with_default_values">
      <skipped message="Reason: On CRAN ('test-table_34.R:17:3')"/>
    </testcase>
    <testcase time="0.0180000000000007" classname="table_34" name="Table_34_generation_works_with_custom_values"/>
    <testcase time="0.0309999999999988" classname="table_34" name="Table_34_generation_works_with_custom_values"/>
    <testcase time="1.552" classname="table_34" name="Table_34_generation_works_with_custom_values"/>
    <testcase time="0.0860000000000056" classname="table_34" name="Table_34_generation_works_with_custom_values">
      <skipped message="Reason: On CRAN ('test-table_34.R:49:3')"/>
    </testcase>
    <testcase time="0.0180000000000007" classname="table_34" name="Table_34_generation_works_with_risk_difference_column"/>
    <testcase time="0.0359999999999943" classname="table_34" name="Table_34_generation_works_with_risk_difference_column"/>
    <testcase time="1.925" classname="table_34" name="Table_34_generation_works_with_risk_difference_column"/>
    <testcase time="0.213000000000001" classname="table_34" name="Table_34_generation_works_with_risk_difference_column">
      <skipped message="Reason: On CRAN ('test-table_34.R:57:3')"/>
    </testcase>
  </testsuite>
</testsuites>
