<?xml version="1.0" encoding="UTF-8"?>
<testsuites>
  <testsuite name="table_02" timestamp="2023-10-23T10:31:20Z" hostname="257edea61fac" tests="30" skipped="10" failures="0" errors="0" time="14.995">
    <testcase time="0.0800000000000001" classname="table_02" name="Table_02_generation_works_with_default_values"/>
    <testcase time="0.463" classname="table_02" name="Table_02_generation_works_with_default_values"/>
    <testcase time="0.221" classname="table_02" name="Table_02_generation_works_with_default_values">
      <skipped message="Reason: On CRAN ('test-table_02.R:16:3')"/>
    </testcase>
    <testcase time="0.077" classname="table_02" name="Table_02_generation_works_with_custom_values"/>
    <testcase time="0.375" classname="table_02" name="Table_02_generation_works_with_custom_values"/>
    <testcase time="0.221" classname="table_02" name="Table_02_generation_works_with_custom_values">
      <skipped message="Reason: On CRAN ('test-table_02.R:45:3')"/>
    </testcase>
    <testcase time="0.0579999999999998" classname="table_02" name="Table_02_generation_works_with_some_NA_values"/>
    <testcase time="0.0999999999999996" classname="table_02" name="Table_02_generation_works_with_some_NA_values"/>
    <testcase time="0.0470000000000006" classname="table_02" name="Table_02_generation_works_with_some_NA_values">
      <skipped message="Reason: On CRAN ('test-table_02.R:57:3')"/>
    </testcase>
    <testcase time="0.0199999999999996" classname="table_02" name="Table_02_generation_tplyr_works_with_default_values"/>
    <testcase time="1.771" classname="table_02" name="Table_02_generation_tplyr_works_with_default_values"/>
    <testcase time="0.0340000000000007" classname="table_02" name="Table_02_generation_tplyr_works_with_default_values">
      <skipped message="Reason: On CRAN ('test-table_02.R:66:3')"/>
    </testcase>
    <testcase time="0.0269999999999992" classname="table_02" name="Table_02_generation_tplyr_works_with_tplyr_raw_TRUE"/>
    <testcase time="1.107" classname="table_02" name="Table_02_generation_tplyr_works_with_tplyr_raw_TRUE"/>
    <testcase time="0.0230000000000006" classname="table_02" name="Table_02_generation_tplyr_works_with_tplyr_raw_TRUE">
      <skipped message="Reason: On CRAN ('test-table_02.R:75:3')"/>
    </testcase>
    <testcase time="0.0459999999999994" classname="table_02" name="Table_02_generation_tplyr_works_with_custom_values"/>
    <testcase time="1.703" classname="table_02" name="Table_02_generation_tplyr_works_with_custom_values"/>
    <testcase time="0.0229999999999997" classname="table_02" name="Table_02_generation_tplyr_works_with_custom_values">
      <skipped message="Reason: On CRAN ('test-table_02.R:102:3')"/>
    </testcase>
    <testcase time="0.0449999999999999" classname="table_02" name="Table_02_generation_tplyr_works_with_some_NA_values"/>
    <testcase time="0.677" classname="table_02" name="Table_02_generation_tplyr_works_with_some_NA_values"/>
    <testcase time="0.0220000000000002" classname="table_02" name="Table_02_generation_tplyr_works_with_some_NA_values">
      <skipped message="Reason: On CRAN ('test-table_02.R:119:3')"/>
    </testcase>
    <testcase time="0.0180000000000007" classname="table_02" name="Table_02_generation_gtsum_works_with_default_values"/>
    <testcase time="3.116" classname="table_02" name="Table_02_generation_gtsum_works_with_default_values"/>
    <testcase time="0.00900000000000034" classname="table_02" name="Table_02_generation_gtsum_works_with_default_values">
      <skipped message="Reason: On CRAN ('test-table_02.R:128:3')"/>
    </testcase>
    <testcase time="0.0470000000000006" classname="table_02" name="Table_02_generation_gtsum_works_with_custom_values"/>
    <testcase time="3.422" classname="table_02" name="Table_02_generation_gtsum_works_with_custom_values"/>
    <testcase time="0.00800000000000267" classname="table_02" name="Table_02_generation_gtsum_works_with_custom_values">
      <skipped message="Reason: On CRAN ('test-table_02.R:146:3')"/>
    </testcase>
    <testcase time="0.0409999999999968" classname="table_02" name="Table_02_generation_gtsum_works_with_some_NA_values"/>
    <testcase time="1.186" classname="table_02" name="Table_02_generation_gtsum_works_with_some_NA_values"/>
    <testcase time="0.00800000000000267" classname="table_02" name="Table_02_generation_gtsum_works_with_some_NA_values">
      <skipped message="Reason: On CRAN ('test-table_02.R:161:3')"/>
    </testcase>
  </testsuite>
  <testsuite name="table_03" timestamp="2023-10-23T10:31:35Z" hostname="257edea61fac" tests="8" skipped="2" failures="0" errors="0" time="0.797">
    <testcase time="0.0359999999999978" classname="table_03" name="Table_3_generation_works_with_default_values"/>
    <testcase time="0.00100000000000122" classname="table_03" name="Table_3_generation_works_with_default_values"/>
    <testcase time="0.324000000000002" classname="table_03" name="Table_3_generation_works_with_default_values"/>
    <testcase time="0.0519999999999996" classname="table_03" name="Table_3_generation_works_with_default_values">
      <skipped message="Reason: On CRAN ('test-table_03.R:21:3')"/>
    </testcase>
    <testcase time="0.0179999999999971" classname="table_03" name="Table_3_generation_works_with_custom_values"/>
    <testcase time="0.00100000000000122" classname="table_03" name="Table_3_generation_works_with_custom_values"/>
    <testcase time="0.292000000000002" classname="table_03" name="Table_3_generation_works_with_custom_values"/>
    <testcase time="0.0730000000000004" classname="table_03" name="Table_3_generation_works_with_custom_values">
      <skipped message="Reason: On CRAN ('test-table_03.R:41:3')"/>
    </testcase>
  </testsuite>
  <testsuite name="table_04" timestamp="2023-10-23T10:31:35Z" hostname="257edea61fac" tests="9" skipped="2" failures="0" errors="0" time="0.788">
    <testcase time="0.0399999999999991" classname="table_04" name="Table_04_generation_works_with_default_values"/>
    <testcase time="0.271999999999998" classname="table_04" name="Table_04_generation_works_with_default_values"/>
    <testcase time="0.0790000000000006" classname="table_04" name="Table_04_generation_works_with_default_values">
      <skipped message="Reason: On CRAN ('test-table_04.R:18:3')"/>
    </testcase>
    <testcase time="0.0259999999999998" classname="table_04" name="Table_04_generation_works_with_custom_values"/>
    <testcase time="0.00199999999999889" classname="table_04" name="Table_04_generation_works_with_custom_values"/>
    <testcase time="0.00100000000000122" classname="table_04" name="Table_04_generation_works_with_custom_values"/>
    <testcase time="0.00199999999999889" classname="table_04" name="Table_04_generation_works_with_custom_values"/>
    <testcase time="0.294" classname="table_04" name="Table_04_generation_works_with_custom_values"/>
    <testcase time="0.0720000000000027" classname="table_04" name="Table_04_generation_works_with_custom_values">
      <skipped message="Reason: On CRAN ('test-table_04.R:46:3')"/>
    </testcase>
  </testsuite>
  <testsuite name="table_05" timestamp="2023-10-23T10:31:36Z" hostname="257edea61fac" tests="12" skipped="4" failures="0" errors="0" time="1.382">
    <testcase time="0.172999999999998" classname="table_05" name="Table_05_generation_works_with_default_values"/>
    <testcase time="0.209" classname="table_05" name="Table_05_generation_works_with_default_values"/>
    <testcase time="0.0659999999999989" classname="table_05" name="Table_05_generation_works_with_default_values">
      <skipped message="Reason: On CRAN ('test-table_05.R:10:3')"/>
    </testcase>
    <testcase time="0.0190000000000019" classname="table_05" name="Table_05_generation_works_with_custom_values"/>
    <testcase time="0.221999999999998" classname="table_05" name="Table_05_generation_works_with_custom_values"/>
    <testcase time="0.0860000000000021" classname="table_05" name="Table_05_generation_works_with_custom_values">
      <skipped message="Reason: On CRAN ('test-table_05.R:34:3')"/>
    </testcase>
    <testcase time="0.0199999999999996" classname="table_05" name="Table_05_generation_works_with_NA_values_pruned_rows"/>
    <testcase time="0.189999999999998" classname="table_05" name="Table_05_generation_works_with_NA_values_pruned_rows"/>
    <testcase time="0.0660000000000025" classname="table_05" name="Table_05_generation_works_with_NA_values_pruned_rows">
      <skipped message="Reason: On CRAN ('test-table_05.R:44:3')"/>
    </testcase>
    <testcase time="0.0199999999999996" classname="table_05" name="Table_05_generation_works_with_risk_difference_column"/>
    <testcase time="0.227" classname="table_05" name="Table_05_generation_works_with_risk_difference_column"/>
    <testcase time="0.0839999999999996" classname="table_05" name="Table_05_generation_works_with_risk_difference_column">
      <skipped message="Reason: On CRAN ('test-table_05.R:57:3')"/>
    </testcase>
  </testsuite>
  <testsuite name="table_06" timestamp="2023-10-23T10:31:38Z" hostname="257edea61fac" tests="15" skipped="3" failures="0" errors="0" time="2.071">
    <testcase time="0.0240000000000009" classname="table_06" name="Table_06_generation_works_with_default_values"/>
    <testcase time="0.000999999999997669" classname="table_06" name="Table_06_generation_works_with_default_values"/>
    <testcase time="0.0590000000000011" classname="table_06" name="Table_06_generation_works_with_default_values"/>
    <testcase time="0.416" classname="table_06" name="Table_06_generation_works_with_default_values"/>
    <testcase time="0.0869999999999997" classname="table_06" name="Table_06_generation_works_with_default_values">
      <skipped message="Reason: On CRAN ('test-table_06.R:8:3')"/>
    </testcase>
    <testcase time="0.0459999999999994" classname="table_06" name="Table_06_generation_works_with_custom_values"/>
    <testcase time="0.00199999999999889" classname="table_06" name="Table_06_generation_works_with_custom_values"/>
    <testcase time="0.0530000000000008" classname="table_06" name="Table_06_generation_works_with_custom_values"/>
    <testcase time="0.555" classname="table_06" name="Table_06_generation_works_with_custom_values"/>
    <testcase time="0.122" classname="table_06" name="Table_06_generation_works_with_custom_values">
      <skipped message="Reason: On CRAN ('test-table_06.R:40:3')"/>
    </testcase>
    <testcase time="0.0189999999999984" classname="table_06" name="Table_06_generation_works_with_risk_difference_column"/>
    <testcase time="0.00200000000000244" classname="table_06" name="Table_06_generation_works_with_risk_difference_column"/>
    <testcase time="0.0549999999999997" classname="table_06" name="Table_06_generation_works_with_risk_difference_column"/>
    <testcase time="0.518999999999998" classname="table_06" name="Table_06_generation_works_with_risk_difference_column"/>
    <testcase time="0.111000000000001" classname="table_06" name="Table_06_generation_works_with_risk_difference_column">
      <skipped message="Reason: On CRAN ('test-table_06.R:48:3')"/>
    </testcase>
  </testsuite>
  <testsuite name="table_07" timestamp="2023-10-23T10:31:40Z" hostname="257edea61fac" tests="24" skipped="4" failures="0" errors="0" time="2.21">
    <testcase time="0.027000000000001" classname="table_07" name="Table_07_generation_works_with_default_values"/>
    <testcase time="0.00199999999999889" classname="table_07" name="Table_07_generation_works_with_default_values"/>
    <testcase time="0.00100000000000122" classname="table_07" name="Table_07_generation_works_with_default_values"/>
    <testcase time="0.0389999999999979" classname="table_07" name="Table_07_generation_works_with_default_values"/>
    <testcase time="0.319000000000003" classname="table_07" name="Table_07_generation_works_with_default_values"/>
    <testcase time="0.104999999999997" classname="table_07" name="Table_07_generation_works_with_default_values">
      <skipped message="Reason: On CRAN ('test-table_07.R:13:3')"/>
    </testcase>
    <testcase time="0.0190000000000019" classname="table_07" name="Table_07_generation_works_with_custom_values"/>
    <testcase time="0.00199999999999889" classname="table_07" name="Table_07_generation_works_with_custom_values"/>
    <testcase time="0.00100000000000122" classname="table_07" name="Table_07_generation_works_with_custom_values"/>
    <testcase time="0.0399999999999991" classname="table_07" name="Table_07_generation_works_with_custom_values"/>
    <testcase time="0.443999999999999" classname="table_07" name="Table_07_generation_works_with_custom_values"/>
    <testcase time="0.136000000000003" classname="table_07" name="Table_07_generation_works_with_custom_values">
      <skipped message="Reason: On CRAN ('test-table_07.R:42:3')"/>
    </testcase>
    <testcase time="0.0199999999999996" classname="table_07" name="Table_07_generation_works_with_NA_values_pruned_rows"/>
    <testcase time="0.000999999999997669" classname="table_07" name="Table_07_generation_works_with_NA_values_pruned_rows"/>
    <testcase time="0.00200000000000244" classname="table_07" name="Table_07_generation_works_with_NA_values_pruned_rows"/>
    <testcase time="0.0479999999999983" classname="table_07" name="Table_07_generation_works_with_NA_values_pruned_rows"/>
    <testcase time="0.300000000000001" classname="table_07" name="Table_07_generation_works_with_NA_values_pruned_rows"/>
    <testcase time="0.122" classname="table_07" name="Table_07_generation_works_with_NA_values_pruned_rows">
      <skipped message="Reason: On CRAN ('test-table_07.R:52:3')"/>
    </testcase>
    <testcase time="0.0180000000000007" classname="table_07" name="Table_07_generation_works_with_risk_difference_column"/>
    <testcase time="0.00199999999999889" classname="table_07" name="Table_07_generation_works_with_risk_difference_column"/>
    <testcase time="0.00199999999999889" classname="table_07" name="Table_07_generation_works_with_risk_difference_column"/>
    <testcase time="0.0390000000000015" classname="table_07" name="Table_07_generation_works_with_risk_difference_column"/>
    <testcase time="0.379999999999999" classname="table_07" name="Table_07_generation_works_with_risk_difference_column"/>
    <testcase time="0.141000000000002" classname="table_07" name="Table_07_generation_works_with_risk_difference_column">
      <skipped message="Reason: On CRAN ('test-table_07.R:65:3')"/>
    </testcase>
  </testsuite>
  <testsuite name="table_08" timestamp="2023-10-23T10:31:42Z" hostname="257edea61fac" tests="8" skipped="2" failures="0" errors="0" time="0.402">
    <testcase time="0.0259999999999998" classname="table_08" name="Table_08_generation_works_with_default_values"/>
    <testcase time="0.00199999999999889" classname="table_08" name="Table_08_generation_works_with_default_values"/>
    <testcase time="0.0459999999999994" classname="table_08" name="Table_08_generation_works_with_default_values"/>
    <testcase time="0.116" classname="table_08" name="Table_08_generation_works_with_default_values">
      <skipped message="Reason: On CRAN ('test-table_08.R:10:3')"/>
    </testcase>
    <testcase time="0.0180000000000007" classname="table_08" name="Table_08_generation_works_with_custom_values"/>
    <testcase time="0.00200000000000244" classname="table_08" name="Table_08_generation_works_with_custom_values"/>
    <testcase time="0.0399999999999991" classname="table_08" name="Table_08_generation_works_with_custom_values"/>
    <testcase time="0.151999999999997" classname="table_08" name="Table_08_generation_works_with_custom_values">
      <skipped message="Reason: On CRAN ('test-table_08.R:31:3')"/>
    </testcase>
  </testsuite>
  <testsuite name="table_09" timestamp="2023-10-23T10:31:42Z" hostname="257edea61fac" tests="12" skipped="3" failures="0" errors="0" time="1.432">
    <testcase time="0.0240000000000009" classname="table_09" name="Table_09_generation_works_with_default_values"/>
    <testcase time="0.0399999999999991" classname="table_09" name="Table_09_generation_works_with_default_values"/>
    <testcase time="0.307000000000002" classname="table_09" name="Table_09_generation_works_with_default_values"/>
    <testcase time="0.0579999999999998" classname="table_09" name="Table_09_generation_works_with_default_values">
      <skipped message="Reason: On CRAN ('test-table_09.R:8:3')"/>
    </testcase>
    <testcase time="0.0180000000000007" classname="table_09" name="Table_09_generation_works_with_custom_values"/>
    <testcase time="0.0399999999999991" classname="table_09" name="Table_09_generation_works_with_custom_values"/>
    <testcase time="0.364999999999998" classname="table_09" name="Table_09_generation_works_with_custom_values"/>
    <testcase time="0.0680000000000014" classname="table_09" name="Table_09_generation_works_with_custom_values">
      <skipped message="Reason: On CRAN ('test-table_09.R:39:3')"/>
    </testcase>
    <testcase time="0.0189999999999984" classname="table_09" name="Table_09_generation_works_with_risk_difference_column"/>
    <testcase time="0.0480000000000018" classname="table_09" name="Table_09_generation_works_with_risk_difference_column"/>
    <testcase time="0.366" classname="table_09" name="Table_09_generation_works_with_risk_difference_column"/>
    <testcase time="0.0790000000000006" classname="table_09" name="Table_09_generation_works_with_risk_difference_column">
      <skipped message="Reason: On CRAN ('test-table_09.R:47:3')"/>
    </testcase>
  </testsuite>
  <testsuite name="table_10" timestamp="2023-10-23T10:31:44Z" hostname="257edea61fac" tests="15" skipped="3" failures="0" errors="0" time="1.631">
    <testcase time="0.0279999999999987" classname="table_10" name="Table_10_generation_works_with_default_values"/>
    <testcase time="0.00100000000000122" classname="table_10" name="Table_10_generation_works_with_default_values"/>
    <testcase time="0.0409999999999968" classname="table_10" name="Table_10_generation_works_with_default_values"/>
    <testcase time="0.363000000000003" classname="table_10" name="Table_10_generation_works_with_default_values"/>
    <testcase time="0.105999999999998" classname="table_10" name="Table_10_generation_works_with_default_values">
      <skipped message="Reason: On CRAN ('test-table_10.R:17:3')"/>
    </testcase>
    <testcase time="0.0190000000000019" classname="table_10" name="Table_10_generation_works_with_custom_values"/>
    <testcase time="0.00199999999999889" classname="table_10" name="Table_10_generation_works_with_custom_values"/>
    <testcase time="0.0470000000000006" classname="table_10" name="Table_10_generation_works_with_custom_values"/>
    <testcase time="0.331" classname="table_10" name="Table_10_generation_works_with_custom_values"/>
    <testcase time="0.0659999999999989" classname="table_10" name="Table_10_generation_works_with_custom_values">
      <skipped message="Reason: On CRAN ('test-table_10.R:52:3')"/>
    </testcase>
    <testcase time="0.0190000000000019" classname="table_10" name="Table_10_generation_works_with_risk_difference_column"/>
    <testcase time="0.000999999999997669" classname="table_10" name="Table_10_generation_works_with_risk_difference_column"/>
    <testcase time="0.0410000000000004" classname="table_10" name="Table_10_generation_works_with_risk_difference_column"/>
    <testcase time="0.433" classname="table_10" name="Table_10_generation_works_with_risk_difference_column"/>
    <testcase time="0.132999999999999" classname="table_10" name="Table_10_generation_works_with_risk_difference_column">
      <skipped message="Reason: On CRAN ('test-table_10.R:60:3')"/>
    </testcase>
  </testsuite>
  <testsuite name="table_11" timestamp="2023-10-23T10:31:45Z" hostname="257edea61fac" tests="12" skipped="3" failures="0" errors="0" time="2.466">
    <testcase time="0.0290000000000035" classname="table_11" name="Table_11_generation_works_with_default_values"/>
    <testcase time="0.0489999999999995" classname="table_11" name="Table_11_generation_works_with_default_values"/>
    <testcase time="0.584999999999997" classname="table_11" name="Table_11_generation_works_with_default_values"/>
    <testcase time="0.134" classname="table_11" name="Table_11_generation_works_with_default_values">
      <skipped message="Reason: On CRAN ('test-table_11.R:18:3')"/>
    </testcase>
    <testcase time="0.0190000000000019" classname="table_11" name="Table_11_generation_works_with_custom_values"/>
    <testcase time="0.0429999999999993" classname="table_11" name="Table_11_generation_works_with_custom_values"/>
    <testcase time="0.567" classname="table_11" name="Table_11_generation_works_with_custom_values"/>
    <testcase time="0.0640000000000001" classname="table_11" name="Table_11_generation_works_with_custom_values">
      <skipped message="Reason: On CRAN ('test-table_11.R:48:3')"/>
    </testcase>
    <testcase time="0.0189999999999984" classname="table_11" name="Table_11_generation_works_with_risk_difference_column"/>
    <testcase time="0.0620000000000012" classname="table_11" name="Table_11_generation_works_with_risk_difference_column"/>
    <testcase time="0.751000000000001" classname="table_11" name="Table_11_generation_works_with_risk_difference_column"/>
    <testcase time="0.143999999999998" classname="table_11" name="Table_11_generation_works_with_risk_difference_column">
      <skipped message="Reason: On CRAN ('test-table_11.R:56:3')"/>
    </testcase>
  </testsuite>
  <testsuite name="table_12" timestamp="2023-10-23T10:31:48Z" hostname="257edea61fac" tests="12" skipped="3" failures="0" errors="0" time="3.343">
    <testcase time="0.0240000000000009" classname="table_12" name="Table_12_generation_works_with_default_values"/>
    <testcase time="0.0620000000000012" classname="table_12" name="Table_12_generation_works_with_default_values"/>
    <testcase time="0.792999999999999" classname="table_12" name="Table_12_generation_works_with_default_values"/>
    <testcase time="0.0989999999999966" classname="table_12" name="Table_12_generation_works_with_default_values">
      <skipped message="Reason: On CRAN ('test-table_12.R:9:3')"/>
    </testcase>
    <testcase time="0.0190000000000055" classname="table_12" name="Table_12_generation_works_with_custom_values"/>
    <testcase time="0.0509999999999948" classname="table_12" name="Table_12_generation_works_with_custom_values"/>
    <testcase time="0.797000000000004" classname="table_12" name="Table_12_generation_works_with_custom_values"/>
    <testcase time="0.103000000000002" classname="table_12" name="Table_12_generation_works_with_custom_values">
      <skipped message="Reason: On CRAN ('test-table_12.R:39:3')"/>
    </testcase>
    <testcase time="0.0189999999999984" classname="table_12" name="Table_12_generation_works_with_risk_difference_column"/>
    <testcase time="0.0519999999999996" classname="table_12" name="Table_12_generation_works_with_risk_difference_column"/>
    <testcase time="1.213" classname="table_12" name="Table_12_generation_works_with_risk_difference_column"/>
    <testcase time="0.110999999999997" classname="table_12" name="Table_12_generation_works_with_risk_difference_column">
      <skipped message="Reason: On CRAN ('test-table_12.R:47:3')"/>
    </testcase>
  </testsuite>
  <testsuite name="table_13" timestamp="2023-10-23T10:31:51Z" hostname="257edea61fac" tests="12" skipped="3" failures="0" errors="0" time="0.768">
    <testcase time="0.0230000000000032" classname="table_13" name="Table_13_generation_works_with_default_values"/>
    <testcase time="0.046999999999997" classname="table_13" name="Table_13_generation_works_with_default_values"/>
    <testcase time="0.119" classname="table_13" name="Table_13_generation_works_with_default_values"/>
    <testcase time="0.0579999999999998" classname="table_13" name="Table_13_generation_works_with_default_values">
      <skipped message="Reason: On CRAN ('test-table_13.R:8:3')"/>
    </testcase>
    <testcase time="0.0180000000000007" classname="table_13" name="Table_13_generation_works_with_custom_values"/>
    <testcase time="0.054000000000002" classname="table_13" name="Table_13_generation_works_with_custom_values"/>
    <testcase time="0.128999999999998" classname="table_13" name="Table_13_generation_works_with_custom_values"/>
    <testcase time="0.0439999999999969" classname="table_13" name="Table_13_generation_works_with_custom_values">
      <skipped message="Reason: On CRAN ('test-table_13.R:38:3')"/>
    </testcase>
    <testcase time="0.0240000000000009" classname="table_13" name="Table_13_generation_works_with_risk_difference_column"/>
    <testcase time="0.0480000000000018" classname="table_13" name="Table_13_generation_works_with_risk_difference_column"/>
    <testcase time="0.131" classname="table_13" name="Table_13_generation_works_with_risk_difference_column"/>
    <testcase time="0.0730000000000004" classname="table_13" name="Table_13_generation_works_with_risk_difference_column">
      <skipped message="Reason: On CRAN ('test-table_13.R:46:3')"/>
    </testcase>
  </testsuite>
  <testsuite name="table_14" timestamp="2023-10-23T10:31:52Z" hostname="257edea61fac" tests="13" skipped="4" failures="0" errors="0" time="2.92">
    <testcase time="0.0310000000000059" classname="table_14" name="Table_14_generation_works_with_default_values"/>
    <testcase time="0.518999999999998" classname="table_14" name="Table_14_generation_works_with_default_values"/>
    <testcase time="0.131" classname="table_14" name="Table_14_generation_works_with_default_values">
      <skipped message="Reason: On CRAN ('test-table_14.R:16:3')"/>
    </testcase>
    <testcase time="0.0189999999999984" classname="table_14" name="Table_14_generation_works_with_custom_values"/>
    <testcase time="0.0480000000000018" classname="table_14" name="Table_14_generation_works_with_custom_values"/>
    <testcase time="0.552" classname="table_14" name="Table_14_generation_works_with_custom_values"/>
    <testcase time="0.129999999999995" classname="table_14" name="Table_14_generation_works_with_custom_values">
      <skipped message="Reason: On CRAN ('test-table_14.R:46:3')"/>
    </testcase>
    <testcase time="0.0190000000000055" classname="table_14" name="Table_14_generation_works_with_NA_values_pruned_rows"/>
    <testcase time="0.526999999999994" classname="table_14" name="Table_14_generation_works_with_NA_values_pruned_rows"/>
    <testcase time="0.0990000000000038" classname="table_14" name="Table_14_generation_works_with_NA_values_pruned_rows">
      <skipped message="Reason: On CRAN ('test-table_14.R:53:3')"/>
    </testcase>
    <testcase time="0.0189999999999984" classname="table_14" name="Table_14_generation_works_with_risk_difference_column"/>
    <testcase time="0.673000000000002" classname="table_14" name="Table_14_generation_works_with_risk_difference_column"/>
    <testcase time="0.152999999999999" classname="table_14" name="Table_14_generation_works_with_risk_difference_column">
      <skipped message="Reason: On CRAN ('test-table_14.R:61:3')"/>
    </testcase>
  </testsuite>
  <testsuite name="table_20" timestamp="2023-10-23T10:31:55Z" hostname="257edea61fac" tests="24" skipped="4" failures="0" errors="0" time="2.496">
    <testcase time="0.0279999999999987" classname="table_20" name="Table_20_generation_works_with_default_values"/>
    <testcase time="0.00100000000000477" classname="table_20" name="Table_20_generation_works_with_default_values"/>
    <testcase time="0.00199999999999534" classname="table_20" name="Table_20_generation_works_with_default_values"/>
    <testcase time="0.0429999999999993" classname="table_20" name="Table_20_generation_works_with_default_values"/>
    <testcase time="0.393000000000001" classname="table_20" name="Table_20_generation_works_with_default_values"/>
    <testcase time="0.088000000000001" classname="table_20" name="Table_20_generation_works_with_default_values">
      <skipped message="Reason: On CRAN ('test-table_20.R:17:3')"/>
    </testcase>
    <testcase time="0.0180000000000007" classname="table_20" name="Table_20_generation_works_with_custom_values"/>
    <testcase time="0.00100000000000477" classname="table_20" name="Table_20_generation_works_with_custom_values"/>
    <testcase time="0.00199999999999534" classname="table_20" name="Table_20_generation_works_with_custom_values"/>
    <testcase time="0.0429999999999993" classname="table_20" name="Table_20_generation_works_with_custom_values"/>
    <testcase time="0.574000000000005" classname="table_20" name="Table_20_generation_works_with_custom_values"/>
    <testcase time="0.111999999999995" classname="table_20" name="Table_20_generation_works_with_custom_values">
      <skipped message="Reason: On CRAN ('test-table_20.R:65:3')"/>
    </testcase>
    <testcase time="0.0190000000000055" classname="table_20" name="Table_20_generation_works_with_missing_values_pruned_rows"/>
    <testcase time="0.00199999999999534" classname="table_20" name="Table_20_generation_works_with_missing_values_pruned_rows"/>
    <testcase time="0.00100000000000477" classname="table_20" name="Table_20_generation_works_with_missing_values_pruned_rows"/>
    <testcase time="0.0439999999999969" classname="table_20" name="Table_20_generation_works_with_missing_values_pruned_rows"/>
    <testcase time="0.380000000000003" classname="table_20" name="Table_20_generation_works_with_missing_values_pruned_rows"/>
    <testcase time="0.0739999999999981" classname="table_20" name="Table_20_generation_works_with_missing_values_pruned_rows">
      <skipped message="Reason: On CRAN ('test-table_20.R:74:3')"/>
    </testcase>
    <testcase time="0.0189999999999984" classname="table_20" name="Table_20_generation_works_with_risk_difference_column"/>
    <testcase time="0.00200000000000244" classname="table_20" name="Table_20_generation_works_with_risk_difference_column"/>
    <testcase time="0.000999999999997669" classname="table_20" name="Table_20_generation_works_with_risk_difference_column"/>
    <testcase time="0.0519999999999996" classname="table_20" name="Table_20_generation_works_with_risk_difference_column"/>
    <testcase time="0.498000000000005" classname="table_20" name="Table_20_generation_works_with_risk_difference_column"/>
    <testcase time="0.0989999999999966" classname="table_20" name="Table_20_generation_works_with_risk_difference_column">
      <skipped message="Reason: On CRAN ('test-table_20.R:82:3')"/>
    </testcase>
  </testsuite>
  <testsuite name="table_21" timestamp="2023-10-23T10:31:57Z" hostname="257edea61fac" tests="19" skipped="4" failures="0" errors="0" time="2.47">
    <testcase time="0.0750000000000028" classname="table_21" name="Table_21_generation_works_with_default_values"/>
    <testcase time="0.00199999999999534" classname="table_21" name="Table_21_generation_works_with_default_values"/>
    <testcase time="0.556000000000004" classname="table_21" name="Table_21_generation_works_with_default_values"/>
    <testcase time="0.0919999999999987" classname="table_21" name="Table_21_generation_works_with_default_values">
      <skipped message="Reason: On CRAN ('test-table_21.R:22:3')"/>
    </testcase>
    <testcase time="0.0189999999999984" classname="table_21" name="Table_21_generation_works_with_custom_values_N_s_denominator_and_overall_column"/>
    <testcase time="0.00200000000000244" classname="table_21" name="Table_21_generation_works_with_custom_values_N_s_denominator_and_overall_column"/>
    <testcase time="0.0760000000000005" classname="table_21" name="Table_21_generation_works_with_custom_values_N_s_denominator_and_overall_column"/>
    <testcase time="0.671999999999997" classname="table_21" name="Table_21_generation_works_with_custom_values_N_s_denominator_and_overall_column"/>
    <testcase time="0.103999999999999" classname="table_21" name="Table_21_generation_works_with_custom_values_N_s_denominator_and_overall_column">
      <skipped message="Reason: On CRAN ('test-table_21.R:34:3')"/>
    </testcase>
    <testcase time="0.0190000000000055" classname="table_21" name="Table_21_generation_works_with_custom_values_N_col_denominator_and_no_overall_column"/>
    <testcase time="0.00199999999999534" classname="table_21" name="Table_21_generation_works_with_custom_values_N_col_denominator_and_no_overall_column"/>
    <testcase time="0.0510000000000019" classname="table_21" name="Table_21_generation_works_with_custom_values_N_col_denominator_and_no_overall_column"/>
    <testcase time="0.289999999999999" classname="table_21" name="Table_21_generation_works_with_custom_values_N_col_denominator_and_no_overall_column"/>
    <testcase time="0.0889999999999986" classname="table_21" name="Table_21_generation_works_with_custom_values_N_col_denominator_and_no_overall_column">
      <skipped message="Reason: On CRAN ('test-table_21.R:62:3')"/>
    </testcase>
    <testcase time="0.0799999999999983" classname="table_21" name="Table_21_generation_works_with_some_NA_values"/>
    <testcase time="0.00200000000000244" classname="table_21" name="Table_21_generation_works_with_some_NA_values"/>
    <testcase time="0.0470000000000041" classname="table_21" name="Table_21_generation_works_with_some_NA_values"/>
    <testcase time="0.229999999999997" classname="table_21" name="Table_21_generation_works_with_some_NA_values"/>
    <testcase time="0.0619999999999976" classname="table_21" name="Table_21_generation_works_with_some_NA_values">
      <skipped message="Reason: On CRAN ('test-table_21.R:82:3')"/>
    </testcase>
  </testsuite>
  <testsuite name="table_32" timestamp="2023-10-23T10:32:00Z" hostname="257edea61fac" tests="16" skipped="4" failures="0" errors="0" time="1.022">
    <testcase time="0.0240000000000009" classname="table_32" name="Table_32_generation_works_with_default_values"/>
    <testcase time="0.0620000000000047" classname="table_32" name="Table_32_generation_works_with_default_values"/>
    <testcase time="0.111999999999995" classname="table_32" name="Table_32_generation_works_with_default_values"/>
    <testcase time="0.0420000000000016" classname="table_32" name="Table_32_generation_works_with_default_values">
      <skipped message="Reason: On CRAN ('test-table_32.R:8:3')"/>
    </testcase>
    <testcase time="0.0189999999999984" classname="table_32" name="Table_32_generation_works_with_custom_values"/>
    <testcase time="0.0620000000000047" classname="table_32" name="Table_32_generation_works_with_custom_values"/>
    <testcase time="0.137" classname="table_32" name="Table_32_generation_works_with_custom_values"/>
    <testcase time="0.0589999999999975" classname="table_32" name="Table_32_generation_works_with_custom_values">
      <skipped message="Reason: On CRAN ('test-table_32.R:30:3')"/>
    </testcase>
    <testcase time="0.0219999999999985" classname="table_32" name="Table_32_generation_works_with_pruned_rows"/>
    <testcase time="0.0500000000000043" classname="table_32" name="Table_32_generation_works_with_pruned_rows"/>
    <testcase time="0.113999999999997" classname="table_32" name="Table_32_generation_works_with_pruned_rows"/>
    <testcase time="0.0390000000000015" classname="table_32" name="Table_32_generation_works_with_pruned_rows">
      <skipped message="Reason: On CRAN ('test-table_32.R:37:3')"/>
    </testcase>
    <testcase time="0.0229999999999961" classname="table_32" name="Table_32_generation_works_with_risk_difference_column"/>
    <testcase time="0.0500000000000043" classname="table_32" name="Table_32_generation_works_with_risk_difference_column"/>
    <testcase time="0.146000000000001" classname="table_32" name="Table_32_generation_works_with_risk_difference_column"/>
    <testcase time="0.0609999999999999" classname="table_32" name="Table_32_generation_works_with_risk_difference_column">
      <skipped message="Reason: On CRAN ('test-table_32.R:45:3')"/>
    </testcase>
  </testsuite>
  <testsuite name="table_33" timestamp="2023-10-23T10:32:01Z" hostname="257edea61fac" tests="16" skipped="4" failures="0" errors="0" time="1.641">
    <testcase time="0.0240000000000009" classname="table_33" name="Table_33_generation_works_with_default_values"/>
    <testcase time="0.238" classname="table_33" name="Table_33_generation_works_with_default_values"/>
    <testcase time="0.103999999999999" classname="table_33" name="Table_33_generation_works_with_default_values"/>
    <testcase time="0.0339999999999989" classname="table_33" name="Table_33_generation_works_with_default_values">
      <skipped message="Reason: On CRAN ('test-table_33.R:8:3')"/>
    </testcase>
    <testcase time="0.0180000000000007" classname="table_33" name="Table_33_generation_works_with_custom_values"/>
    <testcase time="0.235999999999997" classname="table_33" name="Table_33_generation_works_with_custom_values"/>
    <testcase time="0.128" classname="table_33" name="Table_33_generation_works_with_custom_values"/>
    <testcase time="0.0390000000000015" classname="table_33" name="Table_33_generation_works_with_custom_values">
      <skipped message="Reason: On CRAN ('test-table_33.R:34:3')"/>
    </testcase>
    <testcase time="0.0200000000000031" classname="table_33" name="Table_33_generation_works_with_pruned_rows"/>
    <testcase time="0.234999999999999" classname="table_33" name="Table_33_generation_works_with_pruned_rows"/>
    <testcase time="0.105000000000004" classname="table_33" name="Table_33_generation_works_with_pruned_rows"/>
    <testcase time="0.0269999999999939" classname="table_33" name="Table_33_generation_works_with_pruned_rows">
      <skipped message="Reason: On CRAN ('test-table_33.R:42:3')"/>
    </testcase>
    <testcase time="0.0190000000000055" classname="table_33" name="Table_33_generation_works_with_risk_difference_column"/>
    <testcase time="0.233999999999995" classname="table_33" name="Table_33_generation_works_with_risk_difference_column"/>
    <testcase time="0.144000000000005" classname="table_33" name="Table_33_generation_works_with_risk_difference_column"/>
    <testcase time="0.0359999999999943" classname="table_33" name="Table_33_generation_works_with_risk_difference_column">
      <skipped message="Reason: On CRAN ('test-table_33.R:50:3')"/>
    </testcase>
  </testsuite>
  <testsuite name="table_34" timestamp="2023-10-23T10:32:02Z" hostname="257edea61fac" tests="12" skipped="3" failures="0" errors="0" time="5.846">
    <testcase time="0.0290000000000035" classname="table_34" name="Table_34_generation_works_with_default_values"/>
    <testcase time="0.0409999999999968" classname="table_34" name="Table_34_generation_works_with_default_values"/>
    <testcase time="1.628" classname="table_34" name="Table_34_generation_works_with_default_values"/>
    <testcase time="0.201999999999998" classname="table_34" name="Table_34_generation_works_with_default_values">
      <skipped message="Reason: On CRAN ('test-table_34.R:17:3')"/>
    </testcase>
    <testcase time="0.0189999999999984" classname="table_34" name="Table_34_generation_works_with_custom_values"/>
    <testcase time="0.036999999999999" classname="table_34" name="Table_34_generation_works_with_custom_values"/>
    <testcase time="1.572" classname="table_34" name="Table_34_generation_works_with_custom_values"/>
    <testcase time="0.078000000000003" classname="table_34" name="Table_34_generation_works_with_custom_values">
      <skipped message="Reason: On CRAN ('test-table_34.R:49:3')"/>
    </testcase>
    <testcase time="0.0239999999999938" classname="table_34" name="Table_34_generation_works_with_risk_difference_column"/>
    <testcase time="0.0410000000000039" classname="table_34" name="Table_34_generation_works_with_risk_difference_column"/>
    <testcase time="1.95" classname="table_34" name="Table_34_generation_works_with_risk_difference_column"/>
    <testcase time="0.225000000000001" classname="table_34" name="Table_34_generation_works_with_risk_difference_column">
      <skipped message="Reason: On CRAN ('test-table_34.R:57:3')"/>
    </testcase>
  </testsuite>
</testsuites>
