<?xml version="1.0" encoding="UTF-8"?>
<testsuites>
  <testsuite name="table_02" timestamp="2023-10-24T12:27:11Z" hostname="8570ba0a1ae1" tests="30" skipped="10" failures="0" errors="0" time="24.231">
    <testcase time="0.127" classname="table_02" name="Table_02_generation_works_with_default_values"/>
    <testcase time="0.751" classname="table_02" name="Table_02_generation_works_with_default_values"/>
    <testcase time="0.346" classname="table_02" name="Table_02_generation_works_with_default_values">
      <skipped message="Reason: On CRAN ('test-table_02.R:16:3')"/>
    </testcase>
    <testcase time="0.118" classname="table_02" name="Table_02_generation_works_with_custom_values"/>
    <testcase time="0.585" classname="table_02" name="Table_02_generation_works_with_custom_values"/>
    <testcase time="0.366" classname="table_02" name="Table_02_generation_works_with_custom_values">
      <skipped message="Reason: On CRAN ('test-table_02.R:45:3')"/>
    </testcase>
    <testcase time="0.0869999999999997" classname="table_02" name="Table_02_generation_works_with_some_NA_values"/>
    <testcase time="0.155" classname="table_02" name="Table_02_generation_works_with_some_NA_values"/>
    <testcase time="0.0760000000000005" classname="table_02" name="Table_02_generation_works_with_some_NA_values">
      <skipped message="Reason: On CRAN ('test-table_02.R:57:3')"/>
    </testcase>
    <testcase time="0.0289999999999999" classname="table_02" name="Table_02_generation_tplyr_works_with_default_values"/>
    <testcase time="2.906" classname="table_02" name="Table_02_generation_tplyr_works_with_default_values"/>
    <testcase time="0.0649999999999995" classname="table_02" name="Table_02_generation_tplyr_works_with_default_values">
      <skipped message="Reason: On CRAN ('test-table_02.R:66:3')"/>
    </testcase>
    <testcase time="0.0419999999999998" classname="table_02" name="Table_02_generation_tplyr_works_with_tplyr_raw_TRUE"/>
    <testcase time="1.737" classname="table_02" name="Table_02_generation_tplyr_works_with_tplyr_raw_TRUE"/>
    <testcase time="0.0360000000000014" classname="table_02" name="Table_02_generation_tplyr_works_with_tplyr_raw_TRUE">
      <skipped message="Reason: On CRAN ('test-table_02.R:75:3')"/>
    </testcase>
    <testcase time="0.0709999999999997" classname="table_02" name="Table_02_generation_tplyr_works_with_custom_values"/>
    <testcase time="2.777" classname="table_02" name="Table_02_generation_tplyr_works_with_custom_values"/>
    <testcase time="0.0350000000000001" classname="table_02" name="Table_02_generation_tplyr_works_with_custom_values">
      <skipped message="Reason: On CRAN ('test-table_02.R:102:3')"/>
    </testcase>
    <testcase time="0.0750000000000011" classname="table_02" name="Table_02_generation_tplyr_works_with_some_NA_values"/>
    <testcase time="1.125" classname="table_02" name="Table_02_generation_tplyr_works_with_some_NA_values"/>
    <testcase time="0.032" classname="table_02" name="Table_02_generation_tplyr_works_with_some_NA_values">
      <skipped message="Reason: On CRAN ('test-table_02.R:119:3')"/>
    </testcase>
    <testcase time="0.0279999999999987" classname="table_02" name="Table_02_generation_gtsum_works_with_default_values"/>
    <testcase time="4.937" classname="table_02" name="Table_02_generation_gtsum_works_with_default_values"/>
    <testcase time="0.0139999999999993" classname="table_02" name="Table_02_generation_gtsum_works_with_default_values">
      <skipped message="Reason: On CRAN ('test-table_02.R:128:3')"/>
    </testcase>
    <testcase time="0.0740000000000016" classname="table_02" name="Table_02_generation_gtsum_works_with_custom_values"/>
    <testcase time="5.607" classname="table_02" name="Table_02_generation_gtsum_works_with_custom_values"/>
    <testcase time="0.0129999999999981" classname="table_02" name="Table_02_generation_gtsum_works_with_custom_values">
      <skipped message="Reason: On CRAN ('test-table_02.R:146:3')"/>
    </testcase>
    <testcase time="0.0579999999999998" classname="table_02" name="Table_02_generation_gtsum_works_with_some_NA_values"/>
    <testcase time="1.948" classname="table_02" name="Table_02_generation_gtsum_works_with_some_NA_values"/>
    <testcase time="0.0109999999999992" classname="table_02" name="Table_02_generation_gtsum_works_with_some_NA_values">
      <skipped message="Reason: On CRAN ('test-table_02.R:161:3')"/>
    </testcase>
  </testsuite>
  <testsuite name="table_03" timestamp="2023-10-24T12:27:35Z" hostname="8570ba0a1ae1" tests="8" skipped="2" failures="0" errors="0" time="1.276">
    <testcase time="0.0570000000000022" classname="table_03" name="Table_3_generation_works_with_default_values"/>
    <testcase time="0.00199999999999889" classname="table_03" name="Table_3_generation_works_with_default_values"/>
    <testcase time="0.503999999999998" classname="table_03" name="Table_3_generation_works_with_default_values"/>
    <testcase time="0.0850000000000009" classname="table_03" name="Table_3_generation_works_with_default_values">
      <skipped message="Reason: On CRAN ('test-table_03.R:21:3')"/>
    </testcase>
    <testcase time="0.027000000000001" classname="table_03" name="Table_3_generation_works_with_custom_values"/>
    <testcase time="0.00300000000000011" classname="table_03" name="Table_3_generation_works_with_custom_values"/>
    <testcase time="0.460999999999999" classname="table_03" name="Table_3_generation_works_with_custom_values"/>
    <testcase time="0.137" classname="table_03" name="Table_3_generation_works_with_custom_values">
      <skipped message="Reason: On CRAN ('test-table_03.R:41:3')"/>
    </testcase>
  </testsuite>
  <testsuite name="table_04" timestamp="2023-10-24T12:27:36Z" hostname="8570ba0a1ae1" tests="9" skipped="2" failures="0" errors="0" time="1.272">
    <testcase time="0.0590000000000011" classname="table_04" name="Table_04_generation_works_with_default_values"/>
    <testcase time="0.442" classname="table_04" name="Table_04_generation_works_with_default_values"/>
    <testcase time="0.132999999999999" classname="table_04" name="Table_04_generation_works_with_default_values">
      <skipped message="Reason: On CRAN ('test-table_04.R:18:3')"/>
    </testcase>
    <testcase time="0.0429999999999993" classname="table_04" name="Table_04_generation_works_with_custom_values"/>
    <testcase time="0.00200000000000244" classname="table_04" name="Table_04_generation_works_with_custom_values"/>
    <testcase time="0.00200000000000244" classname="table_04" name="Table_04_generation_works_with_custom_values"/>
    <testcase time="0.00199999999999889" classname="table_04" name="Table_04_generation_works_with_custom_values"/>
    <testcase time="0.466999999999999" classname="table_04" name="Table_04_generation_works_with_custom_values"/>
    <testcase time="0.122" classname="table_04" name="Table_04_generation_works_with_custom_values">
      <skipped message="Reason: On CRAN ('test-table_04.R:46:3')"/>
    </testcase>
  </testsuite>
  <testsuite name="table_05" timestamp="2023-10-24T12:27:38Z" hostname="8570ba0a1ae1" tests="12" skipped="4" failures="0" errors="0" time="2.21">
    <testcase time="0.262" classname="table_05" name="Table_05_generation_works_with_default_values"/>
    <testcase time="0.342000000000002" classname="table_05" name="Table_05_generation_works_with_default_values"/>
    <testcase time="0.109999999999999" classname="table_05" name="Table_05_generation_works_with_default_values">
      <skipped message="Reason: On CRAN ('test-table_05.R:10:3')"/>
    </testcase>
    <testcase time="0.0259999999999998" classname="table_05" name="Table_05_generation_works_with_custom_values"/>
    <testcase time="0.34" classname="table_05" name="Table_05_generation_works_with_custom_values"/>
    <testcase time="0.151000000000003" classname="table_05" name="Table_05_generation_works_with_custom_values">
      <skipped message="Reason: On CRAN ('test-table_05.R:34:3')"/>
    </testcase>
    <testcase time="0.0319999999999965" classname="table_05" name="Table_05_generation_works_with_NA_values_pruned_rows"/>
    <testcase time="0.298999999999999" classname="table_05" name="Table_05_generation_works_with_NA_values_pruned_rows"/>
    <testcase time="0.114000000000004" classname="table_05" name="Table_05_generation_works_with_NA_values_pruned_rows">
      <skipped message="Reason: On CRAN ('test-table_05.R:44:3')"/>
    </testcase>
    <testcase time="0.0300000000000011" classname="table_05" name="Table_05_generation_works_with_risk_difference_column"/>
    <testcase time="0.363" classname="table_05" name="Table_05_generation_works_with_risk_difference_column"/>
    <testcase time="0.140999999999998" classname="table_05" name="Table_05_generation_works_with_risk_difference_column">
      <skipped message="Reason: On CRAN ('test-table_05.R:57:3')"/>
    </testcase>
  </testsuite>
  <testsuite name="table_06" timestamp="2023-10-24T12:27:40Z" hostname="8570ba0a1ae1" tests="15" skipped="3" failures="0" errors="0" time="3.35">
    <testcase time="0.0390000000000015" classname="table_06" name="Table_06_generation_works_with_default_values"/>
    <testcase time="0.00300000000000011" classname="table_06" name="Table_06_generation_works_with_default_values"/>
    <testcase time="0.0829999999999984" classname="table_06" name="Table_06_generation_works_with_default_values"/>
    <testcase time="0.667999999999999" classname="table_06" name="Table_06_generation_works_with_default_values"/>
    <testcase time="0.153999999999996" classname="table_06" name="Table_06_generation_works_with_default_values">
      <skipped message="Reason: On CRAN ('test-table_06.R:8:3')"/>
    </testcase>
    <testcase time="0.0730000000000004" classname="table_06" name="Table_06_generation_works_with_custom_values"/>
    <testcase time="0.00300000000000011" classname="table_06" name="Table_06_generation_works_with_custom_values"/>
    <testcase time="0.0810000000000031" classname="table_06" name="Table_06_generation_works_with_custom_values"/>
    <testcase time="0.875999999999998" classname="table_06" name="Table_06_generation_works_with_custom_values"/>
    <testcase time="0.210000000000001" classname="table_06" name="Table_06_generation_works_with_custom_values">
      <skipped message="Reason: On CRAN ('test-table_06.R:40:3')"/>
    </testcase>
    <testcase time="0.0290000000000035" classname="table_06" name="Table_06_generation_works_with_risk_difference_column"/>
    <testcase time="0.00300000000000011" classname="table_06" name="Table_06_generation_works_with_risk_difference_column"/>
    <testcase time="0.0940000000000012" classname="table_06" name="Table_06_generation_works_with_risk_difference_column"/>
    <testcase time="0.847999999999999" classname="table_06" name="Table_06_generation_works_with_risk_difference_column"/>
    <testcase time="0.186" classname="table_06" name="Table_06_generation_works_with_risk_difference_column">
      <skipped message="Reason: On CRAN ('test-table_06.R:48:3')"/>
    </testcase>
  </testsuite>
  <testsuite name="table_07" timestamp="2023-10-24T12:27:43Z" hostname="8570ba0a1ae1" tests="24" skipped="4" failures="0" errors="0" time="3.625">
    <testcase time="0.0399999999999991" classname="table_07" name="Table_07_generation_works_with_default_values"/>
    <testcase time="0.00199999999999534" classname="table_07" name="Table_07_generation_works_with_default_values"/>
    <testcase time="0.00200000000000244" classname="table_07" name="Table_07_generation_works_with_default_values"/>
    <testcase time="0.0559999999999974" classname="table_07" name="Table_07_generation_works_with_default_values"/>
    <testcase time="0.498000000000005" classname="table_07" name="Table_07_generation_works_with_default_values"/>
    <testcase time="0.189" classname="table_07" name="Table_07_generation_works_with_default_values">
      <skipped message="Reason: On CRAN ('test-table_07.R:13:3')"/>
    </testcase>
    <testcase time="0.0279999999999987" classname="table_07" name="Table_07_generation_works_with_custom_values"/>
    <testcase time="0.00300000000000011" classname="table_07" name="Table_07_generation_works_with_custom_values"/>
    <testcase time="0.00200000000000244" classname="table_07" name="Table_07_generation_works_with_custom_values"/>
    <testcase time="0.0569999999999951" classname="table_07" name="Table_07_generation_works_with_custom_values"/>
    <testcase time="0.722000000000001" classname="table_07" name="Table_07_generation_works_with_custom_values"/>
    <testcase time="0.236000000000004" classname="table_07" name="Table_07_generation_works_with_custom_values">
      <skipped message="Reason: On CRAN ('test-table_07.R:42:3')"/>
    </testcase>
    <testcase time="0.0389999999999944" classname="table_07" name="Table_07_generation_works_with_NA_values_pruned_rows"/>
    <testcase time="0.00200000000000244" classname="table_07" name="Table_07_generation_works_with_NA_values_pruned_rows"/>
    <testcase time="0.00300000000000011" classname="table_07" name="Table_07_generation_works_with_NA_values_pruned_rows"/>
    <testcase time="0.0799999999999983" classname="table_07" name="Table_07_generation_works_with_NA_values_pruned_rows"/>
    <testcase time="0.466000000000001" classname="table_07" name="Table_07_generation_works_with_NA_values_pruned_rows"/>
    <testcase time="0.222000000000001" classname="table_07" name="Table_07_generation_works_with_NA_values_pruned_rows">
      <skipped message="Reason: On CRAN ('test-table_07.R:52:3')"/>
    </testcase>
    <testcase time="0.0319999999999965" classname="table_07" name="Table_07_generation_works_with_risk_difference_column"/>
    <testcase time="0.00300000000000011" classname="table_07" name="Table_07_generation_works_with_risk_difference_column"/>
    <testcase time="0.00200000000000244" classname="table_07" name="Table_07_generation_works_with_risk_difference_column"/>
    <testcase time="0.0630000000000024" classname="table_07" name="Table_07_generation_works_with_risk_difference_column"/>
    <testcase time="0.661999999999999" classname="table_07" name="Table_07_generation_works_with_risk_difference_column"/>
    <testcase time="0.216000000000001" classname="table_07" name="Table_07_generation_works_with_risk_difference_column">
      <skipped message="Reason: On CRAN ('test-table_07.R:65:3')"/>
    </testcase>
  </testsuite>
  <testsuite name="table_08" timestamp="2023-10-24T12:27:47Z" hostname="8570ba0a1ae1" tests="8" skipped="2" failures="0" errors="0" time="0.644">
    <testcase time="0.0379999999999967" classname="table_08" name="Table_08_generation_works_with_default_values"/>
    <testcase time="0.00200000000000244" classname="table_08" name="Table_08_generation_works_with_default_values"/>
    <testcase time="0.070999999999998" classname="table_08" name="Table_08_generation_works_with_default_values"/>
    <testcase time="0.189999999999998" classname="table_08" name="Table_08_generation_works_with_default_values">
      <skipped message="Reason: On CRAN ('test-table_08.R:10:3')"/>
    </testcase>
    <testcase time="0.0280000000000058" classname="table_08" name="Table_08_generation_works_with_custom_values"/>
    <testcase time="0.00300000000000011" classname="table_08" name="Table_08_generation_works_with_custom_values"/>
    <testcase time="0.0649999999999977" classname="table_08" name="Table_08_generation_works_with_custom_values"/>
    <testcase time="0.247" classname="table_08" name="Table_08_generation_works_with_custom_values">
      <skipped message="Reason: On CRAN ('test-table_08.R:31:3')"/>
    </testcase>
  </testsuite>
  <testsuite name="table_09" timestamp="2023-10-24T12:27:47Z" hostname="8570ba0a1ae1" tests="12" skipped="3" failures="0" errors="0" time="2.259">
    <testcase time="0.0339999999999989" classname="table_09" name="Table_09_generation_works_with_default_values"/>
    <testcase time="0.0579999999999998" classname="table_09" name="Table_09_generation_works_with_default_values"/>
    <testcase time="0.511000000000003" classname="table_09" name="Table_09_generation_works_with_default_values"/>
    <testcase time="0.0949999999999989" classname="table_09" name="Table_09_generation_works_with_default_values">
      <skipped message="Reason: On CRAN ('test-table_09.R:8:3')"/>
    </testcase>
    <testcase time="0.0330000000000013" classname="table_09" name="Table_09_generation_works_with_custom_values"/>
    <testcase time="0.0569999999999951" classname="table_09" name="Table_09_generation_works_with_custom_values"/>
    <testcase time="0.562000000000005" classname="table_09" name="Table_09_generation_works_with_custom_values"/>
    <testcase time="0.114999999999995" classname="table_09" name="Table_09_generation_works_with_custom_values">
      <skipped message="Reason: On CRAN ('test-table_09.R:39:3')"/>
    </testcase>
    <testcase time="0.0300000000000011" classname="table_09" name="Table_09_generation_works_with_risk_difference_column"/>
    <testcase time="0.0660000000000025" classname="table_09" name="Table_09_generation_works_with_risk_difference_column"/>
    <testcase time="0.570999999999998" classname="table_09" name="Table_09_generation_works_with_risk_difference_column"/>
    <testcase time="0.127000000000002" classname="table_09" name="Table_09_generation_works_with_risk_difference_column">
      <skipped message="Reason: On CRAN ('test-table_09.R:47:3')"/>
    </testcase>
  </testsuite>
  <testsuite name="table_10" timestamp="2023-10-24T12:27:50Z" hostname="8570ba0a1ae1" tests="15" skipped="3" failures="0" errors="0" time="2.576">
    <testcase time="0.0429999999999993" classname="table_10" name="Table_10_generation_works_with_default_values"/>
    <testcase time="0.00200000000000244" classname="table_10" name="Table_10_generation_works_with_default_values"/>
    <testcase time="0.0599999999999952" classname="table_10" name="Table_10_generation_works_with_default_values"/>
    <testcase time="0.584000000000003" classname="table_10" name="Table_10_generation_works_with_default_values"/>
    <testcase time="0.179000000000002" classname="table_10" name="Table_10_generation_works_with_default_values">
      <skipped message="Reason: On CRAN ('test-table_10.R:17:3')"/>
    </testcase>
    <testcase time="0.0279999999999987" classname="table_10" name="Table_10_generation_works_with_custom_values"/>
    <testcase time="0.00300000000000011" classname="table_10" name="Table_10_generation_works_with_custom_values"/>
    <testcase time="0.0760000000000005" classname="table_10" name="Table_10_generation_works_with_custom_values"/>
    <testcase time="0.524999999999999" classname="table_10" name="Table_10_generation_works_with_custom_values"/>
    <testcase time="0.100999999999999" classname="table_10" name="Table_10_generation_works_with_custom_values">
      <skipped message="Reason: On CRAN ('test-table_10.R:52:3')"/>
    </testcase>
    <testcase time="0.0260000000000034" classname="table_10" name="Table_10_generation_works_with_risk_difference_column"/>
    <testcase time="0.00300000000000011" classname="table_10" name="Table_10_generation_works_with_risk_difference_column"/>
    <testcase time="0.0579999999999998" classname="table_10" name="Table_10_generation_works_with_risk_difference_column"/>
    <testcase time="0.68" classname="table_10" name="Table_10_generation_works_with_risk_difference_column"/>
    <testcase time="0.207999999999998" classname="table_10" name="Table_10_generation_works_with_risk_difference_column">
      <skipped message="Reason: On CRAN ('test-table_10.R:60:3')"/>
    </testcase>
  </testsuite>
  <testsuite name="table_11" timestamp="2023-10-24T12:27:52Z" hostname="8570ba0a1ae1" tests="12" skipped="3" failures="0" errors="0" time="4.09">
    <testcase time="0.0420000000000016" classname="table_11" name="Table_11_generation_works_with_default_values"/>
    <testcase time="0.0739999999999981" classname="table_11" name="Table_11_generation_works_with_default_values"/>
    <testcase time="0.981000000000002" classname="table_11" name="Table_11_generation_works_with_default_values"/>
    <testcase time="0.221999999999994" classname="table_11" name="Table_11_generation_works_with_default_values">
      <skipped message="Reason: On CRAN ('test-table_11.R:18:3')"/>
    </testcase>
    <testcase time="0.0290000000000035" classname="table_11" name="Table_11_generation_works_with_custom_values"/>
    <testcase time="0.0609999999999999" classname="table_11" name="Table_11_generation_works_with_custom_values"/>
    <testcase time="0.908000000000001" classname="table_11" name="Table_11_generation_works_with_custom_values"/>
    <testcase time="0.106000000000002" classname="table_11" name="Table_11_generation_works_with_custom_values">
      <skipped message="Reason: On CRAN ('test-table_11.R:48:3')"/>
    </testcase>
    <testcase time="0.0309999999999988" classname="table_11" name="Table_11_generation_works_with_risk_difference_column"/>
    <testcase time="0.0919999999999987" classname="table_11" name="Table_11_generation_works_with_risk_difference_column"/>
    <testcase time="1.296" classname="table_11" name="Table_11_generation_works_with_risk_difference_column"/>
    <testcase time="0.247999999999998" classname="table_11" name="Table_11_generation_works_with_risk_difference_column">
      <skipped message="Reason: On CRAN ('test-table_11.R:56:3')"/>
    </testcase>
  </testsuite>
  <testsuite name="table_12" timestamp="2023-10-24T12:27:56Z" hostname="8570ba0a1ae1" tests="12" skipped="3" failures="0" errors="0" time="5.512">
    <testcase time="0.036999999999999" classname="table_12" name="Table_12_generation_works_with_default_values"/>
    <testcase time="0.0890000000000057" classname="table_12" name="Table_12_generation_works_with_default_values"/>
    <testcase time="1.328" classname="table_12" name="Table_12_generation_works_with_default_values"/>
    <testcase time="0.191000000000003" classname="table_12" name="Table_12_generation_works_with_default_values">
      <skipped message="Reason: On CRAN ('test-table_12.R:9:3')"/>
    </testcase>
    <testcase time="0.0330000000000013" classname="table_12" name="Table_12_generation_works_with_custom_values"/>
    <testcase time="0.0820000000000007" classname="table_12" name="Table_12_generation_works_with_custom_values"/>
    <testcase time="1.333" classname="table_12" name="Table_12_generation_works_with_custom_values"/>
    <testcase time="0.180999999999997" classname="table_12" name="Table_12_generation_works_with_custom_values">
      <skipped message="Reason: On CRAN ('test-table_12.R:39:3')"/>
    </testcase>
    <testcase time="0.0290000000000035" classname="table_12" name="Table_12_generation_works_with_risk_difference_column"/>
    <testcase time="0.0730000000000004" classname="table_12" name="Table_12_generation_works_with_risk_difference_column"/>
    <testcase time="1.957" classname="table_12" name="Table_12_generation_works_with_risk_difference_column"/>
    <testcase time="0.178999999999995" classname="table_12" name="Table_12_generation_works_with_risk_difference_column">
      <skipped message="Reason: On CRAN ('test-table_12.R:47:3')"/>
    </testcase>
  </testsuite>
  <testsuite name="table_13" timestamp="2023-10-24T12:28:02Z" hostname="8570ba0a1ae1" tests="12" skipped="3" failures="0" errors="0" time="1.207">
    <testcase time="0.0360000000000014" classname="table_13" name="Table_13_generation_works_with_default_values"/>
    <testcase time="0.0660000000000025" classname="table_13" name="Table_13_generation_works_with_default_values"/>
    <testcase time="0.184999999999995" classname="table_13" name="Table_13_generation_works_with_default_values"/>
    <testcase time="0.095000000000006" classname="table_13" name="Table_13_generation_works_with_default_values">
      <skipped message="Reason: On CRAN ('test-table_13.R:8:3')"/>
    </testcase>
    <testcase time="0.0269999999999939" classname="table_13" name="Table_13_generation_works_with_custom_values"/>
    <testcase time="0.0750000000000028" classname="table_13" name="Table_13_generation_works_with_custom_values"/>
    <testcase time="0.203000000000003" classname="table_13" name="Table_13_generation_works_with_custom_values"/>
    <testcase time="0.0730000000000004" classname="table_13" name="Table_13_generation_works_with_custom_values">
      <skipped message="Reason: On CRAN ('test-table_13.R:38:3')"/>
    </testcase>
    <testcase time="0.0459999999999994" classname="table_13" name="Table_13_generation_works_with_risk_difference_column"/>
    <testcase time="0.0670000000000002" classname="table_13" name="Table_13_generation_works_with_risk_difference_column"/>
    <testcase time="0.213999999999999" classname="table_13" name="Table_13_generation_works_with_risk_difference_column"/>
    <testcase time="0.119999999999997" classname="table_13" name="Table_13_generation_works_with_risk_difference_column">
      <skipped message="Reason: On CRAN ('test-table_13.R:46:3')"/>
    </testcase>
  </testsuite>
  <testsuite name="table_14" timestamp="2023-10-24T12:28:03Z" hostname="8570ba0a1ae1" tests="13" skipped="4" failures="0" errors="0" time="4.683">
    <testcase time="0.0480000000000018" classname="table_14" name="Table_14_generation_works_with_default_values"/>
    <testcase time="0.829000000000001" classname="table_14" name="Table_14_generation_works_with_default_values"/>
    <testcase time="0.213000000000001" classname="table_14" name="Table_14_generation_works_with_default_values">
      <skipped message="Reason: On CRAN ('test-table_14.R:16:3')"/>
    </testcase>
    <testcase time="0.0309999999999988" classname="table_14" name="Table_14_generation_works_with_custom_values"/>
    <testcase time="0.0670000000000002" classname="table_14" name="Table_14_generation_works_with_custom_values"/>
    <testcase time="0.851999999999997" classname="table_14" name="Table_14_generation_works_with_custom_values"/>
    <testcase time="0.219000000000001" classname="table_14" name="Table_14_generation_works_with_custom_values">
      <skipped message="Reason: On CRAN ('test-table_14.R:46:3')"/>
    </testcase>
    <testcase time="0.0260000000000034" classname="table_14" name="Table_14_generation_works_with_NA_values_pruned_rows"/>
    <testcase time="0.854999999999997" classname="table_14" name="Table_14_generation_works_with_NA_values_pruned_rows"/>
    <testcase time="0.164999999999999" classname="table_14" name="Table_14_generation_works_with_NA_values_pruned_rows">
      <skipped message="Reason: On CRAN ('test-table_14.R:53:3')"/>
    </testcase>
    <testcase time="0.0339999999999989" classname="table_14" name="Table_14_generation_works_with_risk_difference_column"/>
    <testcase time="1.10100000000001" classname="table_14" name="Table_14_generation_works_with_risk_difference_column"/>
    <testcase time="0.242999999999995" classname="table_14" name="Table_14_generation_works_with_risk_difference_column">
      <skipped message="Reason: On CRAN ('test-table_14.R:61:3')"/>
    </testcase>
  </testsuite>
  <testsuite name="table_20" timestamp="2023-10-24T12:28:08Z" hostname="8570ba0a1ae1" tests="24" skipped="4" failures="0" errors="0" time="3.929">
    <testcase time="0.0399999999999991" classname="table_20" name="Table_20_generation_works_with_default_values"/>
    <testcase time="0.00300000000000011" classname="table_20" name="Table_20_generation_works_with_default_values"/>
    <testcase time="0.00200000000000244" classname="table_20" name="Table_20_generation_works_with_default_values"/>
    <testcase time="0.0630000000000024" classname="table_20" name="Table_20_generation_works_with_default_values"/>
    <testcase time="0.610999999999997" classname="table_20" name="Table_20_generation_works_with_default_values"/>
    <testcase time="0.143000000000001" classname="table_20" name="Table_20_generation_works_with_default_values">
      <skipped message="Reason: On CRAN ('test-table_20.R:17:3')"/>
    </testcase>
    <testcase time="0.0260000000000034" classname="table_20" name="Table_20_generation_works_with_custom_values"/>
    <testcase time="0.00300000000000011" classname="table_20" name="Table_20_generation_works_with_custom_values"/>
    <testcase time="0.00199999999999534" classname="table_20" name="Table_20_generation_works_with_custom_values"/>
    <testcase time="0.0590000000000046" classname="table_20" name="Table_20_generation_works_with_custom_values"/>
    <testcase time="0.908999999999999" classname="table_20" name="Table_20_generation_works_with_custom_values"/>
    <testcase time="0.183999999999997" classname="table_20" name="Table_20_generation_works_with_custom_values">
      <skipped message="Reason: On CRAN ('test-table_20.R:65:3')"/>
    </testcase>
    <testcase time="0.0330000000000013" classname="table_20" name="Table_20_generation_works_with_missing_values_pruned_rows"/>
    <testcase time="0.00300000000000011" classname="table_20" name="Table_20_generation_works_with_missing_values_pruned_rows"/>
    <testcase time="0.00200000000000244" classname="table_20" name="Table_20_generation_works_with_missing_values_pruned_rows"/>
    <testcase time="0.0629999999999953" classname="table_20" name="Table_20_generation_works_with_missing_values_pruned_rows"/>
    <testcase time="0.610000000000007" classname="table_20" name="Table_20_generation_works_with_missing_values_pruned_rows"/>
    <testcase time="0.122999999999998" classname="table_20" name="Table_20_generation_works_with_missing_values_pruned_rows">
      <skipped message="Reason: On CRAN ('test-table_20.R:74:3')"/>
    </testcase>
    <testcase time="0.0279999999999916" classname="table_20" name="Table_20_generation_works_with_risk_difference_column"/>
    <testcase time="0.00300000000000011" classname="table_20" name="Table_20_generation_works_with_risk_difference_column"/>
    <testcase time="0.00200000000000955" classname="table_20" name="Table_20_generation_works_with_risk_difference_column"/>
    <testcase time="0.0729999999999933" classname="table_20" name="Table_20_generation_works_with_risk_difference_column"/>
    <testcase time="0.775999999999996" classname="table_20" name="Table_20_generation_works_with_risk_difference_column"/>
    <testcase time="0.168000000000006" classname="table_20" name="Table_20_generation_works_with_risk_difference_column">
      <skipped message="Reason: On CRAN ('test-table_20.R:82:3')"/>
    </testcase>
  </testsuite>
  <testsuite name="table_21" timestamp="2023-10-24T12:28:12Z" hostname="8570ba0a1ae1" tests="19" skipped="4" failures="0" errors="0" time="3.837">
    <testcase time="0.108000000000004" classname="table_21" name="Table_21_generation_works_with_default_values"/>
    <testcase time="0.00300000000000011" classname="table_21" name="Table_21_generation_works_with_default_values"/>
    <testcase time="0.864999999999995" classname="table_21" name="Table_21_generation_works_with_default_values"/>
    <testcase time="0.152000000000001" classname="table_21" name="Table_21_generation_works_with_default_values">
      <skipped message="Reason: On CRAN ('test-table_21.R:22:3')"/>
    </testcase>
    <testcase time="0.027000000000001" classname="table_21" name="Table_21_generation_works_with_custom_values_N_s_denominator_and_overall_column"/>
    <testcase time="0.00300000000000011" classname="table_21" name="Table_21_generation_works_with_custom_values_N_s_denominator_and_overall_column"/>
    <testcase time="0.105000000000004" classname="table_21" name="Table_21_generation_works_with_custom_values_N_s_denominator_and_overall_column"/>
    <testcase time="1.02" classname="table_21" name="Table_21_generation_works_with_custom_values_N_s_denominator_and_overall_column"/>
    <testcase time="0.168000000000006" classname="table_21" name="Table_21_generation_works_with_custom_values_N_s_denominator_and_overall_column">
      <skipped message="Reason: On CRAN ('test-table_21.R:34:3')"/>
    </testcase>
    <testcase time="0.0280000000000058" classname="table_21" name="Table_21_generation_works_with_custom_values_N_col_denominator_and_no_overall_column"/>
    <testcase time="0.00199999999999534" classname="table_21" name="Table_21_generation_works_with_custom_values_N_col_denominator_and_no_overall_column"/>
    <testcase time="0.0690000000000026" classname="table_21" name="Table_21_generation_works_with_custom_values_N_col_denominator_and_no_overall_column"/>
    <testcase time="0.488" classname="table_21" name="Table_21_generation_works_with_custom_values_N_col_denominator_and_no_overall_column"/>
    <testcase time="0.150999999999996" classname="table_21" name="Table_21_generation_works_with_custom_values_N_col_denominator_and_no_overall_column">
      <skipped message="Reason: On CRAN ('test-table_21.R:62:3')"/>
    </testcase>
    <testcase time="0.114000000000004" classname="table_21" name="Table_21_generation_works_with_some_NA_values"/>
    <testcase time="0.00300000000000011" classname="table_21" name="Table_21_generation_works_with_some_NA_values"/>
    <testcase time="0.0719999999999885" classname="table_21" name="Table_21_generation_works_with_some_NA_values"/>
    <testcase time="0.358000000000004" classname="table_21" name="Table_21_generation_works_with_some_NA_values"/>
    <testcase time="0.100999999999999" classname="table_21" name="Table_21_generation_works_with_some_NA_values">
      <skipped message="Reason: On CRAN ('test-table_21.R:82:3')"/>
    </testcase>
  </testsuite>
  <testsuite name="table_32" timestamp="2023-10-24T12:28:15Z" hostname="8570ba0a1ae1" tests="16" skipped="4" failures="0" errors="0" time="1.68">
    <testcase time="0.0349999999999966" classname="table_32" name="Table_32_generation_works_with_default_values"/>
    <testcase time="0.0840000000000032" classname="table_32" name="Table_32_generation_works_with_default_values"/>
    <testcase time="0.183000000000007" classname="table_32" name="Table_32_generation_works_with_default_values"/>
    <testcase time="0.0900000000000034" classname="table_32" name="Table_32_generation_works_with_default_values">
      <skipped message="Reason: On CRAN ('test-table_32.R:8:3')"/>
    </testcase>
    <testcase time="0.0339999999999918" classname="table_32" name="Table_32_generation_works_with_custom_values"/>
    <testcase time="0.097999999999999" classname="table_32" name="Table_32_generation_works_with_custom_values"/>
    <testcase time="0.242000000000004" classname="table_32" name="Table_32_generation_works_with_custom_values"/>
    <testcase time="0.122" classname="table_32" name="Table_32_generation_works_with_custom_values">
      <skipped message="Reason: On CRAN ('test-table_32.R:30:3')"/>
    </testcase>
    <testcase time="0.0330000000000013" classname="table_32" name="Table_32_generation_works_with_pruned_rows"/>
    <testcase time="0.0690000000000026" classname="table_32" name="Table_32_generation_works_with_pruned_rows"/>
    <testcase time="0.170999999999992" classname="table_32" name="Table_32_generation_works_with_pruned_rows"/>
    <testcase time="0.0520000000000067" classname="table_32" name="Table_32_generation_works_with_pruned_rows">
      <skipped message="Reason: On CRAN ('test-table_32.R:37:3')"/>
    </testcase>
    <testcase time="0.0510000000000019" classname="table_32" name="Table_32_generation_works_with_risk_difference_column"/>
    <testcase time="0.0859999999999985" classname="table_32" name="Table_32_generation_works_with_risk_difference_column"/>
    <testcase time="0.234999999999999" classname="table_32" name="Table_32_generation_works_with_risk_difference_column"/>
    <testcase time="0.0949999999999989" classname="table_32" name="Table_32_generation_works_with_risk_difference_column">
      <skipped message="Reason: On CRAN ('test-table_32.R:45:3')"/>
    </testcase>
  </testsuite>
  <testsuite name="table_33" timestamp="2023-10-24T12:28:17Z" hostname="8570ba0a1ae1" tests="16" skipped="4" failures="0" errors="0" time="2.823">
    <testcase time="0.0379999999999967" classname="table_33" name="Table_33_generation_works_with_default_values"/>
    <testcase time="0.441000000000003" classname="table_33" name="Table_33_generation_works_with_default_values"/>
    <testcase time="0.152999999999992" classname="table_33" name="Table_33_generation_works_with_default_values"/>
    <testcase time="0.054000000000002" classname="table_33" name="Table_33_generation_works_with_default_values">
      <skipped message="Reason: On CRAN ('test-table_33.R:8:3')"/>
    </testcase>
    <testcase time="0.0290000000000106" classname="table_33" name="Table_33_generation_works_with_custom_values"/>
    <testcase time="0.423999999999992" classname="table_33" name="Table_33_generation_works_with_custom_values"/>
    <testcase time="0.204000000000008" classname="table_33" name="Table_33_generation_works_with_custom_values"/>
    <testcase time="0.0579999999999927" classname="table_33" name="Table_33_generation_works_with_custom_values">
      <skipped message="Reason: On CRAN ('test-table_33.R:34:3')"/>
    </testcase>
    <testcase time="0.0280000000000058" classname="table_33" name="Table_33_generation_works_with_pruned_rows"/>
    <testcase time="0.441999999999993" classname="table_33" name="Table_33_generation_works_with_pruned_rows"/>
    <testcase time="0.164000000000001" classname="table_33" name="Table_33_generation_works_with_pruned_rows"/>
    <testcase time="0.0520000000000067" classname="table_33" name="Table_33_generation_works_with_pruned_rows">
      <skipped message="Reason: On CRAN ('test-table_33.R:42:3')"/>
    </testcase>
    <testcase time="0.0289999999999964" classname="table_33" name="Table_33_generation_works_with_risk_difference_column"/>
    <testcase time="0.432000000000002" classname="table_33" name="Table_33_generation_works_with_risk_difference_column"/>
    <testcase time="0.216999999999999" classname="table_33" name="Table_33_generation_works_with_risk_difference_column"/>
    <testcase time="0.0580000000000069" classname="table_33" name="Table_33_generation_works_with_risk_difference_column">
      <skipped message="Reason: On CRAN ('test-table_33.R:50:3')"/>
    </testcase>
  </testsuite>
  <testsuite name="table_34" timestamp="2023-10-24T12:28:20Z" hostname="8570ba0a1ae1" tests="12" skipped="3" failures="0" errors="0" time="9.433">
    <testcase time="0.0420000000000016" classname="table_34" name="Table_34_generation_works_with_default_values"/>
    <testcase time="0.0579999999999927" classname="table_34" name="Table_34_generation_works_with_default_values"/>
    <testcase time="2.709" classname="table_34" name="Table_34_generation_works_with_default_values"/>
    <testcase time="0.334000000000003" classname="table_34" name="Table_34_generation_works_with_default_values">
      <skipped message="Reason: On CRAN ('test-table_34.R:17:3')"/>
    </testcase>
    <testcase time="0.0269999999999868" classname="table_34" name="Table_34_generation_works_with_custom_values"/>
    <testcase time="0.0520000000000067" classname="table_34" name="Table_34_generation_works_with_custom_values"/>
    <testcase time="2.498" classname="table_34" name="Table_34_generation_works_with_custom_values"/>
    <testcase time="0.116" classname="table_34" name="Table_34_generation_works_with_custom_values">
      <skipped message="Reason: On CRAN ('test-table_34.R:49:3')"/>
    </testcase>
    <testcase time="0.0549999999999926" classname="table_34" name="Table_34_generation_works_with_risk_difference_column"/>
    <testcase time="0.0589999999999975" classname="table_34" name="Table_34_generation_works_with_risk_difference_column"/>
    <testcase time="3.104" classname="table_34" name="Table_34_generation_works_with_risk_difference_column"/>
    <testcase time="0.379000000000005" classname="table_34" name="Table_34_generation_works_with_risk_difference_column">
      <skipped message="Reason: On CRAN ('test-table_34.R:57:3')"/>
    </testcase>
  </testsuite>
</testsuites>
