<?xml version="1.0" encoding="UTF-8"?>
<testsuites>
  <testsuite name="table_02" timestamp="2023-10-16T14:35:03Z" hostname="2ce8296e378a" tests="30" skipped="10" failures="0" errors="0" time="14.764">
    <testcase time="0.0749999999999997" classname="table_02" name="Table_02_generation_works_with_default_values"/>
    <testcase time="0.437" classname="table_02" name="Table_02_generation_works_with_default_values"/>
    <testcase time="0.206" classname="table_02" name="Table_02_generation_works_with_default_values">
      <skipped message="Reason: On CRAN ('test-table_02.R:16:3')"/>
    </testcase>
    <testcase time="0.0710000000000002" classname="table_02" name="Table_02_generation_works_with_custom_values"/>
    <testcase time="0.354" classname="table_02" name="Table_02_generation_works_with_custom_values"/>
    <testcase time="0.208" classname="table_02" name="Table_02_generation_works_with_custom_values">
      <skipped message="Reason: On CRAN ('test-table_02.R:45:3')"/>
    </testcase>
    <testcase time="0.0530000000000008" classname="table_02" name="Table_02_generation_works_with_some_NA_values"/>
    <testcase time="0.0919999999999996" classname="table_02" name="Table_02_generation_works_with_some_NA_values"/>
    <testcase time="0.0460000000000003" classname="table_02" name="Table_02_generation_works_with_some_NA_values">
      <skipped message="Reason: On CRAN ('test-table_02.R:57:3')"/>
    </testcase>
    <testcase time="0.0179999999999998" classname="table_02" name="Table_02_generation_tplyr_works_with_default_values"/>
    <testcase time="1.768" classname="table_02" name="Table_02_generation_tplyr_works_with_default_values"/>
    <testcase time="0.032" classname="table_02" name="Table_02_generation_tplyr_works_with_default_values">
      <skipped message="Reason: On CRAN ('test-table_02.R:66:3')"/>
    </testcase>
    <testcase time="0.0259999999999998" classname="table_02" name="Table_02_generation_tplyr_works_with_tplyr_raw_TRUE"/>
    <testcase time="1.083" classname="table_02" name="Table_02_generation_tplyr_works_with_tplyr_raw_TRUE"/>
    <testcase time="0.0220000000000002" classname="table_02" name="Table_02_generation_tplyr_works_with_tplyr_raw_TRUE">
      <skipped message="Reason: On CRAN ('test-table_02.R:75:3')"/>
    </testcase>
    <testcase time="0.0410000000000004" classname="table_02" name="Table_02_generation_tplyr_works_with_custom_values"/>
    <testcase time="1.732" classname="table_02" name="Table_02_generation_tplyr_works_with_custom_values"/>
    <testcase time="0.0220000000000002" classname="table_02" name="Table_02_generation_tplyr_works_with_custom_values">
      <skipped message="Reason: On CRAN ('test-table_02.R:102:3')"/>
    </testcase>
    <testcase time="0.0399999999999991" classname="table_02" name="Table_02_generation_tplyr_works_with_some_NA_values"/>
    <testcase time="0.682" classname="table_02" name="Table_02_generation_tplyr_works_with_some_NA_values"/>
    <testcase time="0.020999999999999" classname="table_02" name="Table_02_generation_tplyr_works_with_some_NA_values">
      <skipped message="Reason: On CRAN ('test-table_02.R:119:3')"/>
    </testcase>
    <testcase time="0.0180000000000007" classname="table_02" name="Table_02_generation_gtsum_works_with_default_values"/>
    <testcase time="3.073" classname="table_02" name="Table_02_generation_gtsum_works_with_default_values"/>
    <testcase time="0.00900000000000034" classname="table_02" name="Table_02_generation_gtsum_works_with_default_values">
      <skipped message="Reason: On CRAN ('test-table_02.R:128:3')"/>
    </testcase>
    <testcase time="0.0419999999999998" classname="table_02" name="Table_02_generation_gtsum_works_with_custom_values"/>
    <testcase time="3.407" classname="table_02" name="Table_02_generation_gtsum_works_with_custom_values"/>
    <testcase time="0.00900000000000034" classname="table_02" name="Table_02_generation_gtsum_works_with_custom_values">
      <skipped message="Reason: On CRAN ('test-table_02.R:146:3')"/>
    </testcase>
    <testcase time="0.0350000000000001" classname="table_02" name="Table_02_generation_gtsum_works_with_some_NA_values"/>
    <testcase time="1.135" classname="table_02" name="Table_02_generation_gtsum_works_with_some_NA_values"/>
    <testcase time="0.00700000000000145" classname="table_02" name="Table_02_generation_gtsum_works_with_some_NA_values">
      <skipped message="Reason: On CRAN ('test-table_02.R:161:3')"/>
    </testcase>
  </testsuite>
  <testsuite name="table_03" timestamp="2023-10-16T14:35:18Z" hostname="2ce8296e378a" tests="8" skipped="2" failures="0" errors="0" time="0.764">
    <testcase time="0.0339999999999989" classname="table_03" name="Table_3_generation_works_with_default_values"/>
    <testcase time="0.00199999999999889" classname="table_03" name="Table_3_generation_works_with_default_values"/>
    <testcase time="0.304000000000002" classname="table_03" name="Table_3_generation_works_with_default_values"/>
    <testcase time="0.0509999999999984" classname="table_03" name="Table_3_generation_works_with_default_values">
      <skipped message="Reason: On CRAN ('test-table_03.R:21:3')"/>
    </testcase>
    <testcase time="0.017000000000003" classname="table_03" name="Table_3_generation_works_with_custom_values"/>
    <testcase time="0.00199999999999889" classname="table_03" name="Table_3_generation_works_with_custom_values"/>
    <testcase time="0.283999999999999" classname="table_03" name="Table_3_generation_works_with_custom_values"/>
    <testcase time="0.0700000000000003" classname="table_03" name="Table_3_generation_works_with_custom_values">
      <skipped message="Reason: On CRAN ('test-table_03.R:41:3')"/>
    </testcase>
  </testsuite>
  <testsuite name="table_04" timestamp="2023-10-16T14:35:18Z" hostname="2ce8296e378a" tests="9" skipped="2" failures="0" errors="0" time="0.759">
    <testcase time="0.0390000000000015" classname="table_04" name="Table_04_generation_works_with_default_values"/>
    <testcase time="0.262999999999998" classname="table_04" name="Table_04_generation_works_with_default_values"/>
    <testcase time="0.0770000000000017" classname="table_04" name="Table_04_generation_works_with_default_values">
      <skipped message="Reason: On CRAN ('test-table_04.R:18:3')"/>
    </testcase>
    <testcase time="0.0239999999999974" classname="table_04" name="Table_04_generation_works_with_custom_values"/>
    <testcase time="0.00200000000000244" classname="table_04" name="Table_04_generation_works_with_custom_values"/>
    <testcase time="0.000999999999997669" classname="table_04" name="Table_04_generation_works_with_custom_values"/>
    <testcase time="0.00200000000000244" classname="table_04" name="Table_04_generation_works_with_custom_values"/>
    <testcase time="0.282" classname="table_04" name="Table_04_generation_works_with_custom_values"/>
    <testcase time="0.0689999999999991" classname="table_04" name="Table_04_generation_works_with_custom_values">
      <skipped message="Reason: On CRAN ('test-table_04.R:46:3')"/>
    </testcase>
  </testsuite>
  <testsuite name="table_05" timestamp="2023-10-16T14:35:19Z" hostname="2ce8296e378a" tests="12" skipped="4" failures="0" errors="0" time="1.314">
    <testcase time="0.164999999999999" classname="table_05" name="Table_05_generation_works_with_default_values"/>
    <testcase time="0.198" classname="table_05" name="Table_05_generation_works_with_default_values"/>
    <testcase time="0.0640000000000001" classname="table_05" name="Table_05_generation_works_with_default_values">
      <skipped message="Reason: On CRAN ('test-table_05.R:10:3')"/>
    </testcase>
    <testcase time="0.0190000000000019" classname="table_05" name="Table_05_generation_works_with_custom_values"/>
    <testcase time="0.212" classname="table_05" name="Table_05_generation_works_with_custom_values"/>
    <testcase time="0.0829999999999984" classname="table_05" name="Table_05_generation_works_with_custom_values">
      <skipped message="Reason: On CRAN ('test-table_05.R:34:3')"/>
    </testcase>
    <testcase time="0.0199999999999996" classname="table_05" name="Table_05_generation_works_with_NA_values_pruned_rows"/>
    <testcase time="0.178000000000001" classname="table_05" name="Table_05_generation_works_with_NA_values_pruned_rows"/>
    <testcase time="0.0640000000000001" classname="table_05" name="Table_05_generation_works_with_NA_values_pruned_rows">
      <skipped message="Reason: On CRAN ('test-table_05.R:44:3')"/>
    </testcase>
    <testcase time="0.0169999999999995" classname="table_05" name="Table_05_generation_works_with_risk_difference_column"/>
    <testcase time="0.215" classname="table_05" name="Table_05_generation_works_with_risk_difference_column"/>
    <testcase time="0.0790000000000006" classname="table_05" name="Table_05_generation_works_with_risk_difference_column">
      <skipped message="Reason: On CRAN ('test-table_05.R:57:3')"/>
    </testcase>
  </testsuite>
  <testsuite name="table_06" timestamp="2023-10-16T14:35:20Z" hostname="2ce8296e378a" tests="15" skipped="3" failures="0" errors="0" time="2.005">
    <testcase time="0.0229999999999997" classname="table_06" name="Table_06_generation_works_with_default_values"/>
    <testcase time="0.00199999999999889" classname="table_06" name="Table_06_generation_works_with_default_values"/>
    <testcase time="0.0500000000000007" classname="table_06" name="Table_06_generation_works_with_default_values"/>
    <testcase time="0.408999999999999" classname="table_06" name="Table_06_generation_works_with_default_values"/>
    <testcase time="0.083000000000002" classname="table_06" name="Table_06_generation_works_with_default_values">
      <skipped message="Reason: On CRAN ('test-table_06.R:8:3')"/>
    </testcase>
    <testcase time="0.0439999999999969" classname="table_06" name="Table_06_generation_works_with_custom_values"/>
    <testcase time="0.00200000000000244" classname="table_06" name="Table_06_generation_works_with_custom_values"/>
    <testcase time="0.0479999999999983" classname="table_06" name="Table_06_generation_works_with_custom_values"/>
    <testcase time="0.535" classname="table_06" name="Table_06_generation_works_with_custom_values"/>
    <testcase time="0.117000000000001" classname="table_06" name="Table_06_generation_works_with_custom_values">
      <skipped message="Reason: On CRAN ('test-table_06.R:40:3')"/>
    </testcase>
    <testcase time="0.0189999999999984" classname="table_06" name="Table_06_generation_works_with_risk_difference_column"/>
    <testcase time="0.00200000000000244" classname="table_06" name="Table_06_generation_works_with_risk_difference_column"/>
    <testcase time="0.0470000000000006" classname="table_06" name="Table_06_generation_works_with_risk_difference_column"/>
    <testcase time="0.518999999999998" classname="table_06" name="Table_06_generation_works_with_risk_difference_column"/>
    <testcase time="0.105" classname="table_06" name="Table_06_generation_works_with_risk_difference_column">
      <skipped message="Reason: On CRAN ('test-table_06.R:48:3')"/>
    </testcase>
  </testsuite>
  <testsuite name="table_07" timestamp="2023-10-16T14:35:22Z" hostname="2ce8296e378a" tests="24" skipped="4" failures="0" errors="0" time="2.095">
    <testcase time="0.0259999999999998" classname="table_07" name="Table_07_generation_works_with_default_values"/>
    <testcase time="0.00199999999999889" classname="table_07" name="Table_07_generation_works_with_default_values"/>
    <testcase time="0.00100000000000122" classname="table_07" name="Table_07_generation_works_with_default_values"/>
    <testcase time="0.032" classname="table_07" name="Table_07_generation_works_with_default_values"/>
    <testcase time="0.295999999999999" classname="table_07" name="Table_07_generation_works_with_default_values"/>
    <testcase time="0.106999999999999" classname="table_07" name="Table_07_generation_works_with_default_values">
      <skipped message="Reason: On CRAN ('test-table_07.R:13:3')"/>
    </testcase>
    <testcase time="0.0180000000000007" classname="table_07" name="Table_07_generation_works_with_custom_values"/>
    <testcase time="0.000999999999997669" classname="table_07" name="Table_07_generation_works_with_custom_values"/>
    <testcase time="0.00200000000000244" classname="table_07" name="Table_07_generation_works_with_custom_values"/>
    <testcase time="0.0329999999999977" classname="table_07" name="Table_07_generation_works_with_custom_values"/>
    <testcase time="0.424000000000003" classname="table_07" name="Table_07_generation_works_with_custom_values"/>
    <testcase time="0.131999999999998" classname="table_07" name="Table_07_generation_works_with_custom_values">
      <skipped message="Reason: On CRAN ('test-table_07.R:42:3')"/>
    </testcase>
    <testcase time="0.0190000000000019" classname="table_07" name="Table_07_generation_works_with_NA_values_pruned_rows"/>
    <testcase time="0.000999999999997669" classname="table_07" name="Table_07_generation_works_with_NA_values_pruned_rows"/>
    <testcase time="0.00200000000000244" classname="table_07" name="Table_07_generation_works_with_NA_values_pruned_rows"/>
    <testcase time="0.0409999999999968" classname="table_07" name="Table_07_generation_works_with_NA_values_pruned_rows"/>
    <testcase time="0.289000000000001" classname="table_07" name="Table_07_generation_works_with_NA_values_pruned_rows"/>
    <testcase time="0.116" classname="table_07" name="Table_07_generation_works_with_NA_values_pruned_rows">
      <skipped message="Reason: On CRAN ('test-table_07.R:52:3')"/>
    </testcase>
    <testcase time="0.0180000000000007" classname="table_07" name="Table_07_generation_works_with_risk_difference_column"/>
    <testcase time="0.00199999999999889" classname="table_07" name="Table_07_generation_works_with_risk_difference_column"/>
    <testcase time="0.00100000000000122" classname="table_07" name="Table_07_generation_works_with_risk_difference_column"/>
    <testcase time="0.0330000000000013" classname="table_07" name="Table_07_generation_works_with_risk_difference_column"/>
    <testcase time="0.373999999999999" classname="table_07" name="Table_07_generation_works_with_risk_difference_column"/>
    <testcase time="0.125" classname="table_07" name="Table_07_generation_works_with_risk_difference_column">
      <skipped message="Reason: On CRAN ('test-table_07.R:65:3')"/>
    </testcase>
  </testsuite>
  <testsuite name="table_08" timestamp="2023-10-16T14:35:25Z" hostname="2ce8296e378a" tests="8" skipped="2" failures="0" errors="0" time="0.396">
    <testcase time="0.0240000000000009" classname="table_08" name="Table_08_generation_works_with_default_values"/>
    <testcase time="0.000999999999997669" classname="table_08" name="Table_08_generation_works_with_default_values"/>
    <testcase time="0.0470000000000006" classname="table_08" name="Table_08_generation_works_with_default_values"/>
    <testcase time="0.117000000000001" classname="table_08" name="Table_08_generation_works_with_default_values">
      <skipped message="Reason: On CRAN ('test-table_08.R:10:3')"/>
    </testcase>
    <testcase time="0.0180000000000007" classname="table_08" name="Table_08_generation_works_with_custom_values"/>
    <testcase time="0.00199999999999889" classname="table_08" name="Table_08_generation_works_with_custom_values"/>
    <testcase time="0.0390000000000015" classname="table_08" name="Table_08_generation_works_with_custom_values"/>
    <testcase time="0.148" classname="table_08" name="Table_08_generation_works_with_custom_values">
      <skipped message="Reason: On CRAN ('test-table_08.R:31:3')"/>
    </testcase>
  </testsuite>
  <testsuite name="table_09" timestamp="2023-10-16T14:35:25Z" hostname="2ce8296e378a" tests="12" skipped="3" failures="0" errors="0" time="1.384">
    <testcase time="0.0219999999999985" classname="table_09" name="Table_09_generation_works_with_default_values"/>
    <testcase time="0.0329999999999977" classname="table_09" name="Table_09_generation_works_with_default_values"/>
    <testcase time="0.302000000000003" classname="table_09" name="Table_09_generation_works_with_default_values"/>
    <testcase time="0.0569999999999986" classname="table_09" name="Table_09_generation_works_with_default_values">
      <skipped message="Reason: On CRAN ('test-table_09.R:8:3')"/>
    </testcase>
    <testcase time="0.0180000000000007" classname="table_09" name="Table_09_generation_works_with_custom_values"/>
    <testcase time="0.0329999999999977" classname="table_09" name="Table_09_generation_works_with_custom_values"/>
    <testcase time="0.363000000000003" classname="table_09" name="Table_09_generation_works_with_custom_values"/>
    <testcase time="0.0629999999999988" classname="table_09" name="Table_09_generation_works_with_custom_values">
      <skipped message="Reason: On CRAN ('test-table_09.R:39:3')"/>
    </testcase>
    <testcase time="0.0180000000000007" classname="table_09" name="Table_09_generation_works_with_risk_difference_column"/>
    <testcase time="0.0339999999999989" classname="table_09" name="Table_09_generation_works_with_risk_difference_column"/>
    <testcase time="0.363" classname="table_09" name="Table_09_generation_works_with_risk_difference_column"/>
    <testcase time="0.0779999999999994" classname="table_09" name="Table_09_generation_works_with_risk_difference_column">
      <skipped message="Reason: On CRAN ('test-table_09.R:47:3')"/>
    </testcase>
  </testsuite>
  <testsuite name="table_10" timestamp="2023-10-16T14:35:26Z" hostname="2ce8296e378a" tests="15" skipped="3" failures="0" errors="0" time="1.559">
    <testcase time="0.027000000000001" classname="table_10" name="Table_10_generation_works_with_default_values"/>
    <testcase time="0.00199999999999889" classname="table_10" name="Table_10_generation_works_with_default_values"/>
    <testcase time="0.0340000000000025" classname="table_10" name="Table_10_generation_works_with_default_values"/>
    <testcase time="0.350999999999999" classname="table_10" name="Table_10_generation_works_with_default_values"/>
    <testcase time="0.102" classname="table_10" name="Table_10_generation_works_with_default_values">
      <skipped message="Reason: On CRAN ('test-table_10.R:17:3')"/>
    </testcase>
    <testcase time="0.0180000000000007" classname="table_10" name="Table_10_generation_works_with_custom_values"/>
    <testcase time="0.00199999999999889" classname="table_10" name="Table_10_generation_works_with_custom_values"/>
    <testcase time="0.0399999999999991" classname="table_10" name="Table_10_generation_works_with_custom_values"/>
    <testcase time="0.32" classname="table_10" name="Table_10_generation_works_with_custom_values"/>
    <testcase time="0.0590000000000011" classname="table_10" name="Table_10_generation_works_with_custom_values">
      <skipped message="Reason: On CRAN ('test-table_10.R:52:3')"/>
    </testcase>
    <testcase time="0.0199999999999996" classname="table_10" name="Table_10_generation_works_with_risk_difference_column"/>
    <testcase time="0.00199999999999889" classname="table_10" name="Table_10_generation_works_with_risk_difference_column"/>
    <testcase time="0.0339999999999989" classname="table_10" name="Table_10_generation_works_with_risk_difference_column"/>
    <testcase time="0.421000000000003" classname="table_10" name="Table_10_generation_works_with_risk_difference_column"/>
    <testcase time="0.126999999999999" classname="table_10" name="Table_10_generation_works_with_risk_difference_column">
      <skipped message="Reason: On CRAN ('test-table_10.R:60:3')"/>
    </testcase>
  </testsuite>
  <testsuite name="table_11" timestamp="2023-10-16T14:35:28Z" hostname="2ce8296e378a" tests="12" skipped="3" failures="0" errors="0" time="2.396">
    <testcase time="0.0279999999999987" classname="table_11" name="Table_11_generation_works_with_default_values"/>
    <testcase time="0.0420000000000016" classname="table_11" name="Table_11_generation_works_with_default_values"/>
    <testcase time="0.571999999999999" classname="table_11" name="Table_11_generation_works_with_default_values"/>
    <testcase time="0.129000000000001" classname="table_11" name="Table_11_generation_works_with_default_values">
      <skipped message="Reason: On CRAN ('test-table_11.R:18:3')"/>
    </testcase>
    <testcase time="0.0180000000000007" classname="table_11" name="Table_11_generation_works_with_custom_values"/>
    <testcase time="0.0359999999999978" classname="table_11" name="Table_11_generation_works_with_custom_values"/>
    <testcase time="0.560000000000002" classname="table_11" name="Table_11_generation_works_with_custom_values"/>
    <testcase time="0.0599999999999987" classname="table_11" name="Table_11_generation_works_with_custom_values">
      <skipped message="Reason: On CRAN ('test-table_11.R:48:3')"/>
    </testcase>
    <testcase time="0.0180000000000007" classname="table_11" name="Table_11_generation_works_with_risk_difference_column"/>
    <testcase time="0.0539999999999985" classname="table_11" name="Table_11_generation_works_with_risk_difference_column"/>
    <testcase time="0.734000000000002" classname="table_11" name="Table_11_generation_works_with_risk_difference_column"/>
    <testcase time="0.145" classname="table_11" name="Table_11_generation_works_with_risk_difference_column">
      <skipped message="Reason: On CRAN ('test-table_11.R:56:3')"/>
    </testcase>
  </testsuite>
  <testsuite name="table_12" timestamp="2023-10-16T14:35:30Z" hostname="2ce8296e378a" tests="12" skipped="3" failures="0" errors="0" time="3.201">
    <testcase time="0.0229999999999997" classname="table_12" name="Table_12_generation_works_with_default_values"/>
    <testcase time="0.0440000000000005" classname="table_12" name="Table_12_generation_works_with_default_values"/>
    <testcase time="0.773999999999997" classname="table_12" name="Table_12_generation_works_with_default_values"/>
    <testcase time="0.0980000000000025" classname="table_12" name="Table_12_generation_works_with_default_values">
      <skipped message="Reason: On CRAN ('test-table_12.R:9:3')"/>
    </testcase>
    <testcase time="0.0180000000000007" classname="table_12" name="Table_12_generation_works_with_custom_values"/>
    <testcase time="0.0439999999999969" classname="table_12" name="Table_12_generation_works_with_custom_values"/>
    <testcase time="0.766000000000002" classname="table_12" name="Table_12_generation_works_with_custom_values"/>
    <testcase time="0.106999999999999" classname="table_12" name="Table_12_generation_works_with_custom_values">
      <skipped message="Reason: On CRAN ('test-table_12.R:39:3')"/>
    </testcase>
    <testcase time="0.0180000000000007" classname="table_12" name="Table_12_generation_works_with_risk_difference_column"/>
    <testcase time="0.0450000000000017" classname="table_12" name="Table_12_generation_works_with_risk_difference_column"/>
    <testcase time="1.158" classname="table_12" name="Table_12_generation_works_with_risk_difference_column"/>
    <testcase time="0.105999999999995" classname="table_12" name="Table_12_generation_works_with_risk_difference_column">
      <skipped message="Reason: On CRAN ('test-table_12.R:47:3')"/>
    </testcase>
  </testsuite>
  <testsuite name="table_13" timestamp="2023-10-16T14:35:33Z" hostname="2ce8296e378a" tests="12" skipped="3" failures="0" errors="0" time="0.713">
    <testcase time="0.0230000000000032" classname="table_13" name="Table_13_generation_works_with_default_values"/>
    <testcase time="0.0409999999999968" classname="table_13" name="Table_13_generation_works_with_default_values"/>
    <testcase time="0.111000000000004" classname="table_13" name="Table_13_generation_works_with_default_values"/>
    <testcase time="0.0559999999999974" classname="table_13" name="Table_13_generation_works_with_default_values">
      <skipped message="Reason: On CRAN ('test-table_13.R:8:3')"/>
    </testcase>
    <testcase time="0.0180000000000007" classname="table_13" name="Table_13_generation_works_with_custom_values"/>
    <testcase time="0.0409999999999968" classname="table_13" name="Table_13_generation_works_with_custom_values"/>
    <testcase time="0.126000000000005" classname="table_13" name="Table_13_generation_works_with_custom_values"/>
    <testcase time="0.0420000000000016" classname="table_13" name="Table_13_generation_works_with_custom_values">
      <skipped message="Reason: On CRAN ('test-table_13.R:38:3')"/>
    </testcase>
    <testcase time="0.0179999999999936" classname="table_13" name="Table_13_generation_works_with_risk_difference_column"/>
    <testcase time="0.0460000000000065" classname="table_13" name="Table_13_generation_works_with_risk_difference_column"/>
    <testcase time="0.122999999999998" classname="table_13" name="Table_13_generation_works_with_risk_difference_column"/>
    <testcase time="0.0679999999999978" classname="table_13" name="Table_13_generation_works_with_risk_difference_column">
      <skipped message="Reason: On CRAN ('test-table_13.R:46:3')"/>
    </testcase>
  </testsuite>
  <testsuite name="table_14" timestamp="2023-10-16T14:35:34Z" hostname="2ce8296e378a" tests="13" skipped="4" failures="0" errors="0" time="2.812">
    <testcase time="0.0309999999999988" classname="table_14" name="Table_14_generation_works_with_default_values"/>
    <testcase time="0.504000000000005" classname="table_14" name="Table_14_generation_works_with_default_values"/>
    <testcase time="0.125" classname="table_14" name="Table_14_generation_works_with_default_values">
      <skipped message="Reason: On CRAN ('test-table_14.R:16:3')"/>
    </testcase>
    <testcase time="0.0180000000000007" classname="table_14" name="Table_14_generation_works_with_custom_values"/>
    <testcase time="0.0409999999999968" classname="table_14" name="Table_14_generation_works_with_custom_values"/>
    <testcase time="0.536000000000001" classname="table_14" name="Table_14_generation_works_with_custom_values"/>
    <testcase time="0.123999999999995" classname="table_14" name="Table_14_generation_works_with_custom_values">
      <skipped message="Reason: On CRAN ('test-table_14.R:46:3')"/>
    </testcase>
    <testcase time="0.0180000000000007" classname="table_14" name="Table_14_generation_works_with_NA_values_pruned_rows"/>
    <testcase time="0.509" classname="table_14" name="Table_14_generation_works_with_NA_values_pruned_rows"/>
    <testcase time="0.095000000000006" classname="table_14" name="Table_14_generation_works_with_NA_values_pruned_rows">
      <skipped message="Reason: On CRAN ('test-table_14.R:53:3')"/>
    </testcase>
    <testcase time="0.0169999999999959" classname="table_14" name="Table_14_generation_works_with_risk_difference_column"/>
    <testcase time="0.649000000000001" classname="table_14" name="Table_14_generation_works_with_risk_difference_column"/>
    <testcase time="0.145000000000003" classname="table_14" name="Table_14_generation_works_with_risk_difference_column">
      <skipped message="Reason: On CRAN ('test-table_14.R:61:3')"/>
    </testcase>
  </testsuite>
  <testsuite name="table_20" timestamp="2023-10-16T14:35:37Z" hostname="2ce8296e378a" tests="24" skipped="4" failures="0" errors="0" time="2.387">
    <testcase time="0.0249999999999986" classname="table_20" name="Table_20_generation_works_with_default_values"/>
    <testcase time="0.000999999999997669" classname="table_20" name="Table_20_generation_works_with_default_values"/>
    <testcase time="0.00100000000000477" classname="table_20" name="Table_20_generation_works_with_default_values"/>
    <testcase time="0.0360000000000014" classname="table_20" name="Table_20_generation_works_with_default_values"/>
    <testcase time="0.379999999999995" classname="table_20" name="Table_20_generation_works_with_default_values"/>
    <testcase time="0.0850000000000009" classname="table_20" name="Table_20_generation_works_with_default_values">
      <skipped message="Reason: On CRAN ('test-table_20.R:17:3')"/>
    </testcase>
    <testcase time="0.0180000000000007" classname="table_20" name="Table_20_generation_works_with_custom_values"/>
    <testcase time="0.000999999999997669" classname="table_20" name="Table_20_generation_works_with_custom_values"/>
    <testcase time="0.00200000000000244" classname="table_20" name="Table_20_generation_works_with_custom_values"/>
    <testcase time="0.0360000000000014" classname="table_20" name="Table_20_generation_works_with_custom_values"/>
    <testcase time="0.550999999999995" classname="table_20" name="Table_20_generation_works_with_custom_values"/>
    <testcase time="0.095000000000006" classname="table_20" name="Table_20_generation_works_with_custom_values">
      <skipped message="Reason: On CRAN ('test-table_20.R:65:3')"/>
    </testcase>
    <testcase time="0.0249999999999986" classname="table_20" name="Table_20_generation_works_with_missing_values_pruned_rows"/>
    <testcase time="0.00199999999999534" classname="table_20" name="Table_20_generation_works_with_missing_values_pruned_rows"/>
    <testcase time="0.00100000000000477" classname="table_20" name="Table_20_generation_works_with_missing_values_pruned_rows"/>
    <testcase time="0.036999999999999" classname="table_20" name="Table_20_generation_works_with_missing_values_pruned_rows"/>
    <testcase time="0.374000000000002" classname="table_20" name="Table_20_generation_works_with_missing_values_pruned_rows"/>
    <testcase time="0.070999999999998" classname="table_20" name="Table_20_generation_works_with_missing_values_pruned_rows">
      <skipped message="Reason: On CRAN ('test-table_20.R:74:3')"/>
    </testcase>
    <testcase time="0.0169999999999959" classname="table_20" name="Table_20_generation_works_with_risk_difference_column"/>
    <testcase time="0.00200000000000244" classname="table_20" name="Table_20_generation_works_with_risk_difference_column"/>
    <testcase time="0.000999999999997669" classname="table_20" name="Table_20_generation_works_with_risk_difference_column"/>
    <testcase time="0.0370000000000061" classname="table_20" name="Table_20_generation_works_with_risk_difference_column"/>
    <testcase time="0.494" classname="table_20" name="Table_20_generation_works_with_risk_difference_column"/>
    <testcase time="0.0949999999999989" classname="table_20" name="Table_20_generation_works_with_risk_difference_column">
      <skipped message="Reason: On CRAN ('test-table_20.R:82:3')"/>
    </testcase>
  </testsuite>
  <testsuite name="table_21" timestamp="2023-10-16T14:35:39Z" hostname="2ce8296e378a" tests="19" skipped="4" failures="0" errors="0" time="2.352">
    <testcase time="0.0760000000000005" classname="table_21" name="Table_21_generation_works_with_default_values"/>
    <testcase time="0.000999999999997669" classname="table_21" name="Table_21_generation_works_with_default_values"/>
    <testcase time="0.530999999999999" classname="table_21" name="Table_21_generation_works_with_default_values"/>
    <testcase time="0.0970000000000013" classname="table_21" name="Table_21_generation_works_with_default_values">
      <skipped message="Reason: On CRAN ('test-table_21.R:22:3')"/>
    </testcase>
    <testcase time="0.017000000000003" classname="table_21" name="Table_21_generation_works_with_custom_values_N_s_denominator_and_overall_column"/>
    <testcase time="0.00199999999999534" classname="table_21" name="Table_21_generation_works_with_custom_values_N_s_denominator_and_overall_column"/>
    <testcase time="0.0660000000000025" classname="table_21" name="Table_21_generation_works_with_custom_values_N_s_denominator_and_overall_column"/>
    <testcase time="0.649999999999999" classname="table_21" name="Table_21_generation_works_with_custom_values_N_s_denominator_and_overall_column"/>
    <testcase time="0.0990000000000038" classname="table_21" name="Table_21_generation_works_with_custom_values_N_s_denominator_and_overall_column">
      <skipped message="Reason: On CRAN ('test-table_21.R:34:3')"/>
    </testcase>
    <testcase time="0.0179999999999936" classname="table_21" name="Table_21_generation_works_with_custom_values_N_col_denominator_and_no_overall_column"/>
    <testcase time="0.00200000000000244" classname="table_21" name="Table_21_generation_works_with_custom_values_N_col_denominator_and_no_overall_column"/>
    <testcase time="0.044000000000004" classname="table_21" name="Table_21_generation_works_with_custom_values_N_col_denominator_and_no_overall_column"/>
    <testcase time="0.277999999999999" classname="table_21" name="Table_21_generation_works_with_custom_values_N_col_denominator_and_no_overall_column"/>
    <testcase time="0.0829999999999984" classname="table_21" name="Table_21_generation_works_with_custom_values_N_col_denominator_and_no_overall_column">
      <skipped message="Reason: On CRAN ('test-table_21.R:62:3')"/>
    </testcase>
    <testcase time="0.0720000000000027" classname="table_21" name="Table_21_generation_works_with_some_NA_values"/>
    <testcase time="0.00199999999999534" classname="table_21" name="Table_21_generation_works_with_some_NA_values"/>
    <testcase time="0.0390000000000015" classname="table_21" name="Table_21_generation_works_with_some_NA_values"/>
    <testcase time="0.216000000000001" classname="table_21" name="Table_21_generation_works_with_some_NA_values"/>
    <testcase time="0.0589999999999975" classname="table_21" name="Table_21_generation_works_with_some_NA_values">
      <skipped message="Reason: On CRAN ('test-table_21.R:82:3')"/>
    </testcase>
  </testsuite>
  <testsuite name="table_32" timestamp="2023-10-16T14:35:42Z" hostname="2ce8296e378a" tests="16" skipped="4" failures="0" errors="0" time="0.941">
    <testcase time="0.0240000000000009" classname="table_32" name="Table_32_generation_works_with_default_values"/>
    <testcase time="0.0489999999999995" classname="table_32" name="Table_32_generation_works_with_default_values"/>
    <testcase time="0.110999999999997" classname="table_32" name="Table_32_generation_works_with_default_values"/>
    <testcase time="0.0399999999999991" classname="table_32" name="Table_32_generation_works_with_default_values">
      <skipped message="Reason: On CRAN ('test-table_32.R:8:3')"/>
    </testcase>
    <testcase time="0.0180000000000007" classname="table_32" name="Table_32_generation_works_with_custom_values"/>
    <testcase time="0.0499999999999972" classname="table_32" name="Table_32_generation_works_with_custom_values"/>
    <testcase time="0.132000000000005" classname="table_32" name="Table_32_generation_works_with_custom_values"/>
    <testcase time="0.0489999999999995" classname="table_32" name="Table_32_generation_works_with_custom_values">
      <skipped message="Reason: On CRAN ('test-table_32.R:30:3')"/>
    </testcase>
    <testcase time="0.027000000000001" classname="table_32" name="Table_32_generation_works_with_pruned_rows"/>
    <testcase time="0.0449999999999946" classname="table_32" name="Table_32_generation_works_with_pruned_rows"/>
    <testcase time="0.105000000000004" classname="table_32" name="Table_32_generation_works_with_pruned_rows"/>
    <testcase time="0.0300000000000011" classname="table_32" name="Table_32_generation_works_with_pruned_rows">
      <skipped message="Reason: On CRAN ('test-table_32.R:37:3')"/>
    </testcase>
    <testcase time="0.0249999999999986" classname="table_32" name="Table_32_generation_works_with_risk_difference_column"/>
    <testcase time="0.0459999999999994" classname="table_32" name="Table_32_generation_works_with_risk_difference_column"/>
    <testcase time="0.134" classname="table_32" name="Table_32_generation_works_with_risk_difference_column"/>
    <testcase time="0.0559999999999974" classname="table_32" name="Table_32_generation_works_with_risk_difference_column">
      <skipped message="Reason: On CRAN ('test-table_32.R:45:3')"/>
    </testcase>
  </testsuite>
  <testsuite name="table_33" timestamp="2023-10-16T14:35:43Z" hostname="2ce8296e378a" tests="16" skipped="4" failures="0" errors="0" time="1.502">
    <testcase time="0.0219999999999985" classname="table_33" name="Table_33_generation_works_with_default_values"/>
    <testcase time="0.217000000000006" classname="table_33" name="Table_33_generation_works_with_default_values"/>
    <testcase time="0.0869999999999962" classname="table_33" name="Table_33_generation_works_with_default_values"/>
    <testcase time="0.0410000000000039" classname="table_33" name="Table_33_generation_works_with_default_values">
      <skipped message="Reason: On CRAN ('test-table_33.R:8:3')"/>
    </testcase>
    <testcase time="0.0169999999999959" classname="table_33" name="Table_33_generation_works_with_custom_values"/>
    <testcase time="0.218000000000004" classname="table_33" name="Table_33_generation_works_with_custom_values"/>
    <testcase time="0.113999999999997" classname="table_33" name="Table_33_generation_works_with_custom_values"/>
    <testcase time="0.0390000000000015" classname="table_33" name="Table_33_generation_works_with_custom_values">
      <skipped message="Reason: On CRAN ('test-table_33.R:34:3')"/>
    </testcase>
    <testcase time="0.0180000000000007" classname="table_33" name="Table_33_generation_works_with_pruned_rows"/>
    <testcase time="0.216999999999999" classname="table_33" name="Table_33_generation_works_with_pruned_rows"/>
    <testcase time="0.0949999999999989" classname="table_33" name="Table_33_generation_works_with_pruned_rows"/>
    <testcase time="0.0279999999999987" classname="table_33" name="Table_33_generation_works_with_pruned_rows">
      <skipped message="Reason: On CRAN ('test-table_33.R:42:3')"/>
    </testcase>
    <testcase time="0.0180000000000007" classname="table_33" name="Table_33_generation_works_with_risk_difference_column"/>
    <testcase time="0.216999999999999" classname="table_33" name="Table_33_generation_works_with_risk_difference_column"/>
    <testcase time="0.120000000000005" classname="table_33" name="Table_33_generation_works_with_risk_difference_column"/>
    <testcase time="0.0339999999999989" classname="table_33" name="Table_33_generation_works_with_risk_difference_column">
      <skipped message="Reason: On CRAN ('test-table_33.R:50:3')"/>
    </testcase>
  </testsuite>
  <testsuite name="table_34" timestamp="2023-10-16T14:35:44Z" hostname="2ce8296e378a" tests="12" skipped="3" failures="0" errors="0" time="5.522">
    <testcase time="0.0279999999999987" classname="table_34" name="Table_34_generation_works_with_default_values"/>
    <testcase time="0.0339999999999989" classname="table_34" name="Table_34_generation_works_with_default_values"/>
    <testcase time="1.539" classname="table_34" name="Table_34_generation_works_with_default_values"/>
    <testcase time="0.188000000000002" classname="table_34" name="Table_34_generation_works_with_default_values">
      <skipped message="Reason: On CRAN ('test-table_34.R:17:3')"/>
    </testcase>
    <testcase time="0.0180000000000007" classname="table_34" name="Table_34_generation_works_with_custom_values"/>
    <testcase time="0.029999999999994" classname="table_34" name="Table_34_generation_works_with_custom_values"/>
    <testcase time="1.486" classname="table_34" name="Table_34_generation_works_with_custom_values"/>
    <testcase time="0.080999999999996" classname="table_34" name="Table_34_generation_works_with_custom_values">
      <skipped message="Reason: On CRAN ('test-table_34.R:49:3')"/>
    </testcase>
    <testcase time="0.0180000000000007" classname="table_34" name="Table_34_generation_works_with_risk_difference_column"/>
    <testcase time="0.0350000000000037" classname="table_34" name="Table_34_generation_works_with_risk_difference_column"/>
    <testcase time="1.844" classname="table_34" name="Table_34_generation_works_with_risk_difference_column"/>
    <testcase time="0.220999999999997" classname="table_34" name="Table_34_generation_works_with_risk_difference_column">
      <skipped message="Reason: On CRAN ('test-table_34.R:57:3')"/>
    </testcase>
  </testsuite>
</testsuites>
