<?xml version="1.0" encoding="UTF-8"?>
<testsuites>
  <testsuite name="table_02" timestamp="2023-10-04T12:46:30Z" hostname="9aa773c738e6" tests="30" skipped="10" failures="0" errors="0" time="12.814">
    <testcase time="0.0680000000000001" classname="table_02" name="Table_02_generation_works_with_default_values"/>
    <testcase time="0.418" classname="table_02" name="Table_02_generation_works_with_default_values"/>
    <testcase time="0.201" classname="table_02" name="Table_02_generation_works_with_default_values">
      <skipped message="Reason: On CRAN ('test-table_02.R:16:3')"/>
    </testcase>
    <testcase time="0.0649999999999999" classname="table_02" name="Table_02_generation_works_with_custom_values"/>
    <testcase time="0.334" classname="table_02" name="Table_02_generation_works_with_custom_values"/>
    <testcase time="0.201" classname="table_02" name="Table_02_generation_works_with_custom_values">
      <skipped message="Reason: On CRAN ('test-table_02.R:45:3')"/>
    </testcase>
    <testcase time="0.0459999999999998" classname="table_02" name="Table_02_generation_works_with_some_NA_values"/>
    <testcase time="0.0880000000000001" classname="table_02" name="Table_02_generation_works_with_some_NA_values"/>
    <testcase time="0.0419999999999998" classname="table_02" name="Table_02_generation_works_with_some_NA_values">
      <skipped message="Reason: On CRAN ('test-table_02.R:57:3')"/>
    </testcase>
    <testcase time="0.0150000000000006" classname="table_02" name="Table_02_generation_tplyr_works_with_default_values"/>
    <testcase time="1.631" classname="table_02" name="Table_02_generation_tplyr_works_with_default_values"/>
    <testcase time="0.0310000000000006" classname="table_02" name="Table_02_generation_tplyr_works_with_default_values">
      <skipped message="Reason: On CRAN ('test-table_02.R:66:3')"/>
    </testcase>
    <testcase time="0.0149999999999997" classname="table_02" name="Table_02_generation_tplyr_works_with_tplyr_raw_TRUE"/>
    <testcase time="1.009" classname="table_02" name="Table_02_generation_tplyr_works_with_tplyr_raw_TRUE"/>
    <testcase time="0.0249999999999995" classname="table_02" name="Table_02_generation_tplyr_works_with_tplyr_raw_TRUE">
      <skipped message="Reason: On CRAN ('test-table_02.R:75:3')"/>
    </testcase>
    <testcase time="0.0360000000000005" classname="table_02" name="Table_02_generation_tplyr_works_with_custom_values"/>
    <testcase time="1.579" classname="table_02" name="Table_02_generation_tplyr_works_with_custom_values"/>
    <testcase time="0.0199999999999996" classname="table_02" name="Table_02_generation_tplyr_works_with_custom_values">
      <skipped message="Reason: On CRAN ('test-table_02.R:102:3')"/>
    </testcase>
    <testcase time="0.0299999999999994" classname="table_02" name="Table_02_generation_tplyr_works_with_some_NA_values"/>
    <testcase time="0.629" classname="table_02" name="Table_02_generation_tplyr_works_with_some_NA_values"/>
    <testcase time="0.0190000000000001" classname="table_02" name="Table_02_generation_tplyr_works_with_some_NA_values">
      <skipped message="Reason: On CRAN ('test-table_02.R:119:3')"/>
    </testcase>
    <testcase time="0.0150000000000006" classname="table_02" name="Table_02_generation_gtsum_works_with_default_values"/>
    <testcase time="2.557" classname="table_02" name="Table_02_generation_gtsum_works_with_default_values"/>
    <testcase time="0.00499999999999901" classname="table_02" name="Table_02_generation_gtsum_works_with_default_values">
      <skipped message="Reason: On CRAN ('test-table_02.R:128:3')"/>
    </testcase>
    <testcase time="0.0370000000000008" classname="table_02" name="Table_02_generation_gtsum_works_with_custom_values"/>
    <testcase time="2.857" classname="table_02" name="Table_02_generation_gtsum_works_with_custom_values"/>
    <testcase time="0.00500000000000078" classname="table_02" name="Table_02_generation_gtsum_works_with_custom_values">
      <skipped message="Reason: On CRAN ('test-table_02.R:146:3')"/>
    </testcase>
    <testcase time="0.0310000000000006" classname="table_02" name="Table_02_generation_gtsum_works_with_some_NA_values"/>
    <testcase time="0.798999999999999" classname="table_02" name="Table_02_generation_gtsum_works_with_some_NA_values"/>
    <testcase time="0.00600000000000023" classname="table_02" name="Table_02_generation_gtsum_works_with_some_NA_values">
      <skipped message="Reason: On CRAN ('test-table_02.R:163:3')"/>
    </testcase>
  </testsuite>
  <testsuite name="table_03" timestamp="2023-10-04T12:46:43Z" hostname="9aa773c738e6" tests="8" skipped="2" failures="0" errors="0" time="0.702">
    <testcase time="0.0280000000000005" classname="table_03" name="Table_3_generation_works_with_default_values"/>
    <testcase time="0.000999999999999446" classname="table_03" name="Table_3_generation_works_with_default_values"/>
    <testcase time="0.279999999999999" classname="table_03" name="Table_3_generation_works_with_default_values"/>
    <testcase time="0.0540000000000003" classname="table_03" name="Table_3_generation_works_with_default_values">
      <skipped message="Reason: On CRAN ('test-table_03.R:21:3')"/>
    </testcase>
    <testcase time="0.0139999999999993" classname="table_03" name="Table_3_generation_works_with_custom_values"/>
    <testcase time="0.00100000000000122" classname="table_03" name="Table_3_generation_works_with_custom_values"/>
    <testcase time="0.263999999999999" classname="table_03" name="Table_3_generation_works_with_custom_values"/>
    <testcase time="0.0599999999999987" classname="table_03" name="Table_3_generation_works_with_custom_values">
      <skipped message="Reason: On CRAN ('test-table_03.R:41:3')"/>
    </testcase>
  </testsuite>
  <testsuite name="table_04" timestamp="2023-10-04T12:46:44Z" hostname="9aa773c738e6" tests="9" skipped="2" failures="0" errors="0" time="0.716">
    <testcase time="0.0350000000000001" classname="table_04" name="Table_04_generation_works_with_default_values"/>
    <testcase time="0.255000000000003" classname="table_04" name="Table_04_generation_works_with_default_values"/>
    <testcase time="0.0700000000000003" classname="table_04" name="Table_04_generation_works_with_default_values">
      <skipped message="Reason: On CRAN ('test-table_04.R:18:3')"/>
    </testcase>
    <testcase time="0.0139999999999993" classname="table_04" name="Table_04_generation_works_with_custom_values"/>
    <testcase time="0.000999999999997669" classname="table_04" name="Table_04_generation_works_with_custom_values"/>
    <testcase time="0.00100000000000122" classname="table_04" name="Table_04_generation_works_with_custom_values"/>
    <testcase time="0.00100000000000122" classname="table_04" name="Table_04_generation_works_with_custom_values"/>
    <testcase time="0.268000000000001" classname="table_04" name="Table_04_generation_works_with_custom_values"/>
    <testcase time="0.070999999999998" classname="table_04" name="Table_04_generation_works_with_custom_values">
      <skipped message="Reason: On CRAN ('test-table_04.R:46:3')"/>
    </testcase>
  </testsuite>
  <testsuite name="table_05" timestamp="2023-10-04T12:46:44Z" hostname="9aa773c738e6" tests="12" skipped="4" failures="0" errors="0" time="1.233">
    <testcase time="0.157" classname="table_05" name="Table_05_generation_works_with_default_values"/>
    <testcase time="0.181999999999999" classname="table_05" name="Table_05_generation_works_with_default_values"/>
    <testcase time="0.0700000000000003" classname="table_05" name="Table_05_generation_works_with_default_values">
      <skipped message="Reason: On CRAN ('test-table_05.R:10:3')"/>
    </testcase>
    <testcase time="0.0130000000000017" classname="table_05" name="Table_05_generation_works_with_custom_values"/>
    <testcase time="0.201999999999998" classname="table_05" name="Table_05_generation_works_with_custom_values"/>
    <testcase time="0.0700000000000003" classname="table_05" name="Table_05_generation_works_with_custom_values">
      <skipped message="Reason: On CRAN ('test-table_05.R:34:3')"/>
    </testcase>
    <testcase time="0.0160000000000018" classname="table_05" name="Table_05_generation_works_with_NA_values_pruned_rows"/>
    <testcase time="0.168999999999997" classname="table_05" name="Table_05_generation_works_with_NA_values_pruned_rows"/>
    <testcase time="0.0609999999999999" classname="table_05" name="Table_05_generation_works_with_NA_values_pruned_rows">
      <skipped message="Reason: On CRAN ('test-table_05.R:44:3')"/>
    </testcase>
    <testcase time="0.0140000000000029" classname="table_05" name="Table_05_generation_works_with_risk_difference_column"/>
    <testcase time="0.203999999999997" classname="table_05" name="Table_05_generation_works_with_risk_difference_column"/>
    <testcase time="0.0750000000000028" classname="table_05" name="Table_05_generation_works_with_risk_difference_column">
      <skipped message="Reason: On CRAN ('test-table_05.R:57:3')"/>
    </testcase>
  </testsuite>
  <testsuite name="table_06" timestamp="2023-10-04T12:46:45Z" hostname="9aa773c738e6" tests="15" skipped="3" failures="0" errors="0" time="1.882">
    <testcase time="0.0189999999999984" classname="table_06" name="Table_06_generation_works_with_default_values"/>
    <testcase time="0.00100000000000122" classname="table_06" name="Table_06_generation_works_with_default_values"/>
    <testcase time="0.0479999999999983" classname="table_06" name="Table_06_generation_works_with_default_values"/>
    <testcase time="0.382999999999999" classname="table_06" name="Table_06_generation_works_with_default_values"/>
    <testcase time="0.0870000000000033" classname="table_06" name="Table_06_generation_works_with_default_values">
      <skipped message="Reason: On CRAN ('test-table_06.R:8:3')"/>
    </testcase>
    <testcase time="0.0129999999999981" classname="table_06" name="Table_06_generation_works_with_custom_values"/>
    <testcase time="0.000999999999997669" classname="table_06" name="Table_06_generation_works_with_custom_values"/>
    <testcase time="0.0440000000000005" classname="table_06" name="Table_06_generation_works_with_custom_values"/>
    <testcase time="0.504000000000001" classname="table_06" name="Table_06_generation_works_with_custom_values"/>
    <testcase time="0.138999999999999" classname="table_06" name="Table_06_generation_works_with_custom_values">
      <skipped message="Reason: On CRAN ('test-table_06.R:40:3')"/>
    </testcase>
    <testcase time="0.0139999999999993" classname="table_06" name="Table_06_generation_works_with_risk_difference_column"/>
    <testcase time="0.00100000000000122" classname="table_06" name="Table_06_generation_works_with_risk_difference_column"/>
    <testcase time="0.0449999999999982" classname="table_06" name="Table_06_generation_works_with_risk_difference_column"/>
    <testcase time="0.492000000000001" classname="table_06" name="Table_06_generation_works_with_risk_difference_column"/>
    <testcase time="0.0910000000000011" classname="table_06" name="Table_06_generation_works_with_risk_difference_column">
      <skipped message="Reason: On CRAN ('test-table_06.R:48:3')"/>
    </testcase>
  </testsuite>
  <testsuite name="table_07" timestamp="2023-10-04T12:46:47Z" hostname="9aa773c738e6" tests="24" skipped="4" failures="0" errors="0" time="1.979">
    <testcase time="0.0229999999999997" classname="table_07" name="Table_07_generation_works_with_default_values"/>
    <testcase time="0.00100000000000122" classname="table_07" name="Table_07_generation_works_with_default_values"/>
    <testcase time="0" classname="table_07" name="Table_07_generation_works_with_default_values"/>
    <testcase time="0.0309999999999988" classname="table_07" name="Table_07_generation_works_with_default_values"/>
    <testcase time="0.289000000000001" classname="table_07" name="Table_07_generation_works_with_default_values"/>
    <testcase time="0.0969999999999978" classname="table_07" name="Table_07_generation_works_with_default_values">
      <skipped message="Reason: On CRAN ('test-table_07.R:13:3')"/>
    </testcase>
    <testcase time="0.0140000000000029" classname="table_07" name="Table_07_generation_works_with_custom_values"/>
    <testcase time="0.00199999999999889" classname="table_07" name="Table_07_generation_works_with_custom_values"/>
    <testcase time="0.00100000000000122" classname="table_07" name="Table_07_generation_works_with_custom_values"/>
    <testcase time="0.0380000000000003" classname="table_07" name="Table_07_generation_works_with_custom_values"/>
    <testcase time="0.400000000000002" classname="table_07" name="Table_07_generation_works_with_custom_values"/>
    <testcase time="0.128" classname="table_07" name="Table_07_generation_works_with_custom_values">
      <skipped message="Reason: On CRAN ('test-table_07.R:42:3')"/>
    </testcase>
    <testcase time="0.0169999999999995" classname="table_07" name="Table_07_generation_works_with_NA_values_pruned_rows"/>
    <testcase time="0.000999999999997669" classname="table_07" name="Table_07_generation_works_with_NA_values_pruned_rows"/>
    <testcase time="0.00100000000000122" classname="table_07" name="Table_07_generation_works_with_NA_values_pruned_rows"/>
    <testcase time="0.0309999999999988" classname="table_07" name="Table_07_generation_works_with_NA_values_pruned_rows"/>
    <testcase time="0.277000000000001" classname="table_07" name="Table_07_generation_works_with_NA_values_pruned_rows"/>
    <testcase time="0.111000000000001" classname="table_07" name="Table_07_generation_works_with_NA_values_pruned_rows">
      <skipped message="Reason: On CRAN ('test-table_07.R:52:3')"/>
    </testcase>
    <testcase time="0.0139999999999993" classname="table_07" name="Table_07_generation_works_with_risk_difference_column"/>
    <testcase time="0.00100000000000122" classname="table_07" name="Table_07_generation_works_with_risk_difference_column"/>
    <testcase time="0.000999999999997669" classname="table_07" name="Table_07_generation_works_with_risk_difference_column"/>
    <testcase time="0.0310000000000024" classname="table_07" name="Table_07_generation_works_with_risk_difference_column"/>
    <testcase time="0.350999999999999" classname="table_07" name="Table_07_generation_works_with_risk_difference_column"/>
    <testcase time="0.119" classname="table_07" name="Table_07_generation_works_with_risk_difference_column">
      <skipped message="Reason: On CRAN ('test-table_07.R:65:3')"/>
    </testcase>
  </testsuite>
  <testsuite name="table_08" timestamp="2023-10-04T12:46:49Z" hostname="9aa773c738e6" tests="8" skipped="2" failures="0" errors="0" time="0.368">
    <testcase time="0.0190000000000019" classname="table_08" name="Table_08_generation_works_with_default_values"/>
    <testcase time="0.00199999999999889" classname="table_08" name="Table_08_generation_works_with_default_values"/>
    <testcase time="0.041999999999998" classname="table_08" name="Table_08_generation_works_with_default_values"/>
    <testcase time="0.111000000000001" classname="table_08" name="Table_08_generation_works_with_default_values">
      <skipped message="Reason: On CRAN ('test-table_08.R:10:3')"/>
    </testcase>
    <testcase time="0.0139999999999993" classname="table_08" name="Table_08_generation_works_with_custom_values"/>
    <testcase time="0.00100000000000122" classname="table_08" name="Table_08_generation_works_with_custom_values"/>
    <testcase time="0.0360000000000014" classname="table_08" name="Table_08_generation_works_with_custom_values"/>
    <testcase time="0.142999999999997" classname="table_08" name="Table_08_generation_works_with_custom_values">
      <skipped message="Reason: On CRAN ('test-table_08.R:31:3')"/>
    </testcase>
  </testsuite>
  <testsuite name="table_09" timestamp="2023-10-04T12:46:50Z" hostname="9aa773c738e6" tests="12" skipped="3" failures="0" errors="0" time="1.271">
    <testcase time="0.0180000000000007" classname="table_09" name="Table_09_generation_works_with_default_values"/>
    <testcase time="0.032" classname="table_09" name="Table_09_generation_works_with_default_values"/>
    <testcase time="0.262" classname="table_09" name="Table_09_generation_works_with_default_values"/>
    <testcase time="0.0609999999999999" classname="table_09" name="Table_09_generation_works_with_default_values">
      <skipped message="Reason: On CRAN ('test-table_09.R:8:3')"/>
    </testcase>
    <testcase time="0.0139999999999993" classname="table_09" name="Table_09_generation_works_with_custom_values"/>
    <testcase time="0.032" classname="table_09" name="Table_09_generation_works_with_custom_values"/>
    <testcase time="0.328000000000003" classname="table_09" name="Table_09_generation_works_with_custom_values"/>
    <testcase time="0.0619999999999976" classname="table_09" name="Table_09_generation_works_with_custom_values">
      <skipped message="Reason: On CRAN ('test-table_09.R:39:3')"/>
    </testcase>
    <testcase time="0.0150000000000006" classname="table_09" name="Table_09_generation_works_with_risk_difference_column"/>
    <testcase time="0.0330000000000013" classname="table_09" name="Table_09_generation_works_with_risk_difference_column"/>
    <testcase time="0.352999999999998" classname="table_09" name="Table_09_generation_works_with_risk_difference_column"/>
    <testcase time="0.0609999999999999" classname="table_09" name="Table_09_generation_works_with_risk_difference_column">
      <skipped message="Reason: On CRAN ('test-table_09.R:47:3')"/>
    </testcase>
  </testsuite>
  <testsuite name="table_10" timestamp="2023-10-04T12:46:51Z" hostname="9aa773c738e6" tests="15" skipped="3" failures="0" errors="0" time="1.472">
    <testcase time="0.032" classname="table_10" name="Table_10_generation_works_with_default_values"/>
    <testcase time="0.00100000000000122" classname="table_10" name="Table_10_generation_works_with_default_values"/>
    <testcase time="0.0360000000000014" classname="table_10" name="Table_10_generation_works_with_default_values"/>
    <testcase time="0.318999999999999" classname="table_10" name="Table_10_generation_works_with_default_values"/>
    <testcase time="0.108999999999998" classname="table_10" name="Table_10_generation_works_with_default_values">
      <skipped message="Reason: On CRAN ('test-table_10.R:17:3')"/>
    </testcase>
    <testcase time="0.0150000000000006" classname="table_10" name="Table_10_generation_works_with_custom_values"/>
    <testcase time="0.00100000000000122" classname="table_10" name="Table_10_generation_works_with_custom_values"/>
    <testcase time="0.0289999999999999" classname="table_10" name="Table_10_generation_works_with_custom_values"/>
    <testcase time="0.312999999999999" classname="table_10" name="Table_10_generation_works_with_custom_values"/>
    <testcase time="0.0480000000000018" classname="table_10" name="Table_10_generation_works_with_custom_values">
      <skipped message="Reason: On CRAN ('test-table_10.R:52:3')"/>
    </testcase>
    <testcase time="0.0139999999999993" classname="table_10" name="Table_10_generation_works_with_risk_difference_column"/>
    <testcase time="0.000999999999997669" classname="table_10" name="Table_10_generation_works_with_risk_difference_column"/>
    <testcase time="0.0340000000000025" classname="table_10" name="Table_10_generation_works_with_risk_difference_column"/>
    <testcase time="0.399999999999999" classname="table_10" name="Table_10_generation_works_with_risk_difference_column"/>
    <testcase time="0.120000000000001" classname="table_10" name="Table_10_generation_works_with_risk_difference_column">
      <skipped message="Reason: On CRAN ('test-table_10.R:60:3')"/>
    </testcase>
  </testsuite>
  <testsuite name="table_11" timestamp="2023-10-04T12:46:52Z" hostname="9aa773c738e6" tests="12" skipped="3" failures="0" errors="0" time="2.251">
    <testcase time="0.0249999999999986" classname="table_11" name="Table_11_generation_works_with_default_values"/>
    <testcase time="0.0410000000000004" classname="table_11" name="Table_11_generation_works_with_default_values"/>
    <testcase time="0.539999999999999" classname="table_11" name="Table_11_generation_works_with_default_values"/>
    <testcase time="0.122" classname="table_11" name="Table_11_generation_works_with_default_values">
      <skipped message="Reason: On CRAN ('test-table_11.R:18:3')"/>
    </testcase>
    <testcase time="0.0140000000000029" classname="table_11" name="Table_11_generation_works_with_custom_values"/>
    <testcase time="0.0350000000000001" classname="table_11" name="Table_11_generation_works_with_custom_values"/>
    <testcase time="0.521999999999998" classname="table_11" name="Table_11_generation_works_with_custom_values"/>
    <testcase time="0.0579999999999998" classname="table_11" name="Table_11_generation_works_with_custom_values">
      <skipped message="Reason: On CRAN ('test-table_11.R:48:3')"/>
    </testcase>
    <testcase time="0.0139999999999993" classname="table_11" name="Table_11_generation_works_with_risk_difference_column"/>
    <testcase time="0.0519999999999996" classname="table_11" name="Table_11_generation_works_with_risk_difference_column"/>
    <testcase time="0.690000000000001" classname="table_11" name="Table_11_generation_works_with_risk_difference_column"/>
    <testcase time="0.137999999999998" classname="table_11" name="Table_11_generation_works_with_risk_difference_column">
      <skipped message="Reason: On CRAN ('test-table_11.R:56:3')"/>
    </testcase>
  </testsuite>
  <testsuite name="table_12" timestamp="2023-10-04T12:46:55Z" hostname="9aa773c738e6" tests="12" skipped="3" failures="0" errors="0" time="2.829">
    <testcase time="0.0199999999999996" classname="table_12" name="Table_12_generation_works_with_default_values"/>
    <testcase time="0.0410000000000004" classname="table_12" name="Table_12_generation_works_with_default_values"/>
    <testcase time="0.856999999999999" classname="table_12" name="Table_12_generation_works_with_default_values"/>
    <testcase time="0.0940000000000012" classname="table_12" name="Table_12_generation_works_with_default_values">
      <skipped message="Reason: On CRAN ('test-table_12.R:9:3')"/>
    </testcase>
    <testcase time="0.0139999999999993" classname="table_12" name="Table_12_generation_works_with_custom_values"/>
    <testcase time="0.0410000000000004" classname="table_12" name="Table_12_generation_works_with_custom_values"/>
    <testcase time="0.672000000000001" classname="table_12" name="Table_12_generation_works_with_custom_values"/>
    <testcase time="0.0889999999999986" classname="table_12" name="Table_12_generation_works_with_custom_values">
      <skipped message="Reason: On CRAN ('test-table_12.R:39:3')"/>
    </testcase>
    <testcase time="0.0140000000000029" classname="table_12" name="Table_12_generation_works_with_risk_difference_column"/>
    <testcase time="0.0459999999999994" classname="table_12" name="Table_12_generation_works_with_risk_difference_column"/>
    <testcase time="0.837" classname="table_12" name="Table_12_generation_works_with_risk_difference_column"/>
    <testcase time="0.103999999999999" classname="table_12" name="Table_12_generation_works_with_risk_difference_column">
      <skipped message="Reason: On CRAN ('test-table_12.R:47:3')"/>
    </testcase>
  </testsuite>
  <testsuite name="table_13" timestamp="2023-10-04T12:46:58Z" hostname="9aa773c738e6" tests="12" skipped="3" failures="0" errors="0" time="0.669">
    <testcase time="0.0180000000000007" classname="table_13" name="Table_13_generation_works_with_default_values"/>
    <testcase time="0.0399999999999991" classname="table_13" name="Table_13_generation_works_with_default_values"/>
    <testcase time="0.106000000000002" classname="table_13" name="Table_13_generation_works_with_default_values"/>
    <testcase time="0.0539999999999985" classname="table_13" name="Table_13_generation_works_with_default_values">
      <skipped message="Reason: On CRAN ('test-table_13.R:8:3')"/>
    </testcase>
    <testcase time="0.0139999999999993" classname="table_13" name="Table_13_generation_works_with_custom_values"/>
    <testcase time="0.0390000000000015" classname="table_13" name="Table_13_generation_works_with_custom_values"/>
    <testcase time="0.120999999999999" classname="table_13" name="Table_13_generation_works_with_custom_values"/>
    <testcase time="0.0390000000000015" classname="table_13" name="Table_13_generation_works_with_custom_values">
      <skipped message="Reason: On CRAN ('test-table_13.R:38:3')"/>
    </testcase>
    <testcase time="0.0139999999999993" classname="table_13" name="Table_13_generation_works_with_risk_difference_column"/>
    <testcase time="0.0399999999999991" classname="table_13" name="Table_13_generation_works_with_risk_difference_column"/>
    <testcase time="0.123000000000001" classname="table_13" name="Table_13_generation_works_with_risk_difference_column"/>
    <testcase time="0.0609999999999999" classname="table_13" name="Table_13_generation_works_with_risk_difference_column">
      <skipped message="Reason: On CRAN ('test-table_13.R:46:3')"/>
    </testcase>
  </testsuite>
  <testsuite name="table_14" timestamp="2023-10-04T12:46:58Z" hostname="9aa773c738e6" tests="13" skipped="4" failures="0" errors="0" time="2.749">
    <testcase time="0.0300000000000011" classname="table_14" name="Table_14_generation_works_with_default_values"/>
    <testcase time="0.48" classname="table_14" name="Table_14_generation_works_with_default_values"/>
    <testcase time="0.134999999999998" classname="table_14" name="Table_14_generation_works_with_default_values">
      <skipped message="Reason: On CRAN ('test-table_14.R:16:3')"/>
    </testcase>
    <testcase time="0.0139999999999993" classname="table_14" name="Table_14_generation_works_with_custom_values"/>
    <testcase time="0.0410000000000004" classname="table_14" name="Table_14_generation_works_with_custom_values"/>
    <testcase time="0.521000000000001" classname="table_14" name="Table_14_generation_works_with_custom_values"/>
    <testcase time="0.124000000000002" classname="table_14" name="Table_14_generation_works_with_custom_values">
      <skipped message="Reason: On CRAN ('test-table_14.R:46:3')"/>
    </testcase>
    <testcase time="0.0150000000000006" classname="table_14" name="Table_14_generation_works_with_NA_values_pruned_rows"/>
    <testcase time="0.494" classname="table_14" name="Table_14_generation_works_with_NA_values_pruned_rows"/>
    <testcase time="0.0989999999999966" classname="table_14" name="Table_14_generation_works_with_NA_values_pruned_rows">
      <skipped message="Reason: On CRAN ('test-table_14.R:53:3')"/>
    </testcase>
    <testcase time="0.0140000000000029" classname="table_14" name="Table_14_generation_works_with_risk_difference_column"/>
    <testcase time="0.638999999999996" classname="table_14" name="Table_14_generation_works_with_risk_difference_column"/>
    <testcase time="0.143000000000001" classname="table_14" name="Table_14_generation_works_with_risk_difference_column">
      <skipped message="Reason: On CRAN ('test-table_14.R:61:3')"/>
    </testcase>
  </testsuite>
  <testsuite name="table_20" timestamp="2023-10-04T12:47:01Z" hostname="9aa773c738e6" tests="24" skipped="4" failures="0" errors="0" time="2.298">
    <testcase time="0.0230000000000032" classname="table_20" name="Table_20_generation_works_with_default_values"/>
    <testcase time="0.000999999999997669" classname="table_20" name="Table_20_generation_works_with_default_values"/>
    <testcase time="0.000999999999997669" classname="table_20" name="Table_20_generation_works_with_default_values"/>
    <testcase time="0.0350000000000037" classname="table_20" name="Table_20_generation_works_with_default_values"/>
    <testcase time="0.359999999999999" classname="table_20" name="Table_20_generation_works_with_default_values"/>
    <testcase time="0.0790000000000006" classname="table_20" name="Table_20_generation_works_with_default_values">
      <skipped message="Reason: On CRAN ('test-table_20.R:17:3')"/>
    </testcase>
    <testcase time="0.0139999999999958" classname="table_20" name="Table_20_generation_works_with_custom_values"/>
    <testcase time="0.00100000000000477" classname="table_20" name="Table_20_generation_works_with_custom_values"/>
    <testcase time="0.000999999999997669" classname="table_20" name="Table_20_generation_works_with_custom_values"/>
    <testcase time="0.0350000000000037" classname="table_20" name="Table_20_generation_works_with_custom_values"/>
    <testcase time="0.533999999999999" classname="table_20" name="Table_20_generation_works_with_custom_values"/>
    <testcase time="0.100000000000001" classname="table_20" name="Table_20_generation_works_with_custom_values">
      <skipped message="Reason: On CRAN ('test-table_20.R:65:3')"/>
    </testcase>
    <testcase time="0.0139999999999958" classname="table_20" name="Table_20_generation_works_with_missing_values_pruned_rows"/>
    <testcase time="0.000999999999997669" classname="table_20" name="Table_20_generation_works_with_missing_values_pruned_rows"/>
    <testcase time="0.000999999999997669" classname="table_20" name="Table_20_generation_works_with_missing_values_pruned_rows"/>
    <testcase time="0.0350000000000037" classname="table_20" name="Table_20_generation_works_with_missing_values_pruned_rows"/>
    <testcase time="0.353999999999999" classname="table_20" name="Table_20_generation_works_with_missing_values_pruned_rows"/>
    <testcase time="0.0689999999999955" classname="table_20" name="Table_20_generation_works_with_missing_values_pruned_rows">
      <skipped message="Reason: On CRAN ('test-table_20.R:74:3')"/>
    </testcase>
    <testcase time="0.0140000000000029" classname="table_20" name="Table_20_generation_works_with_risk_difference_column"/>
    <testcase time="0.000999999999997669" classname="table_20" name="Table_20_generation_works_with_risk_difference_column"/>
    <testcase time="0.00100000000000477" classname="table_20" name="Table_20_generation_works_with_risk_difference_column"/>
    <testcase time="0.0509999999999948" classname="table_20" name="Table_20_generation_works_with_risk_difference_column"/>
    <testcase time="0.478000000000002" classname="table_20" name="Table_20_generation_works_with_risk_difference_column"/>
    <testcase time="0.0949999999999989" classname="table_20" name="Table_20_generation_works_with_risk_difference_column">
      <skipped message="Reason: On CRAN ('test-table_20.R:82:3')"/>
    </testcase>
  </testsuite>
  <testsuite name="table_21" timestamp="2023-10-04T12:47:03Z" hostname="9aa773c738e6" tests="19" skipped="4" failures="0" errors="0" time="2.297">
    <testcase time="0.0710000000000051" classname="table_21" name="Table_21_generation_works_with_default_values"/>
    <testcase time="0.000999999999997669" classname="table_21" name="Table_21_generation_works_with_default_values"/>
    <testcase time="0.522999999999996" classname="table_21" name="Table_21_generation_works_with_default_values"/>
    <testcase time="0.0970000000000013" classname="table_21" name="Table_21_generation_works_with_default_values">
      <skipped message="Reason: On CRAN ('test-table_21.R:22:3')"/>
    </testcase>
    <testcase time="0.0140000000000029" classname="table_21" name="Table_21_generation_works_with_custom_values_N_s_denominator_and_overall_column"/>
    <testcase time="0.000999999999997669" classname="table_21" name="Table_21_generation_works_with_custom_values_N_s_denominator_and_overall_column"/>
    <testcase time="0.0649999999999977" classname="table_21" name="Table_21_generation_works_with_custom_values_N_s_denominator_and_overall_column"/>
    <testcase time="0.632000000000005" classname="table_21" name="Table_21_generation_works_with_custom_values_N_s_denominator_and_overall_column"/>
    <testcase time="0.107999999999997" classname="table_21" name="Table_21_generation_works_with_custom_values_N_s_denominator_and_overall_column">
      <skipped message="Reason: On CRAN ('test-table_21.R:34:3')"/>
    </testcase>
    <testcase time="0.0140000000000029" classname="table_21" name="Table_21_generation_works_with_custom_values_N_col_denominator_and_no_overall_column"/>
    <testcase time="0.000999999999997669" classname="table_21" name="Table_21_generation_works_with_custom_values_N_col_denominator_and_no_overall_column"/>
    <testcase time="0.0410000000000039" classname="table_21" name="Table_21_generation_works_with_custom_values_N_col_denominator_and_no_overall_column"/>
    <testcase time="0.264999999999993" classname="table_21" name="Table_21_generation_works_with_custom_values_N_col_denominator_and_no_overall_column"/>
    <testcase time="0.0910000000000011" classname="table_21" name="Table_21_generation_works_with_custom_values_N_col_denominator_and_no_overall_column">
      <skipped message="Reason: On CRAN ('test-table_21.R:62:3')"/>
    </testcase>
    <testcase time="0.0519999999999996" classname="table_21" name="Table_21_generation_works_with_some_NA_values"/>
    <testcase time="0.00100000000000477" classname="table_21" name="Table_21_generation_works_with_some_NA_values"/>
    <testcase time="0.0389999999999944" classname="table_21" name="Table_21_generation_works_with_some_NA_values"/>
    <testcase time="0.209000000000003" classname="table_21" name="Table_21_generation_works_with_some_NA_values"/>
    <testcase time="0.0720000000000027" classname="table_21" name="Table_21_generation_works_with_some_NA_values">
      <skipped message="Reason: On CRAN ('test-table_21.R:82:3')"/>
    </testcase>
  </testsuite>
  <testsuite name="table_32" timestamp="2023-10-04T12:47:06Z" hostname="9aa773c738e6" tests="16" skipped="4" failures="0" errors="0" time="0.937">
    <testcase time="0.0189999999999984" classname="table_32" name="Table_32_generation_works_with_default_values"/>
    <testcase time="0.0429999999999993" classname="table_32" name="Table_32_generation_works_with_default_values"/>
    <testcase time="0.103999999999999" classname="table_32" name="Table_32_generation_works_with_default_values"/>
    <testcase time="0.0500000000000043" classname="table_32" name="Table_32_generation_works_with_default_values">
      <skipped message="Reason: On CRAN ('test-table_32.R:8:3')"/>
    </testcase>
    <testcase time="0.0139999999999958" classname="table_32" name="Table_32_generation_works_with_custom_values"/>
    <testcase time="0.0420000000000016" classname="table_32" name="Table_32_generation_works_with_custom_values"/>
    <testcase time="0.157000000000004" classname="table_32" name="Table_32_generation_works_with_custom_values"/>
    <testcase time="0.0459999999999994" classname="table_32" name="Table_32_generation_works_with_custom_values">
      <skipped message="Reason: On CRAN ('test-table_32.R:30:3')"/>
    </testcase>
    <testcase time="0.0219999999999985" classname="table_32" name="Table_32_generation_works_with_pruned_rows"/>
    <testcase time="0.0510000000000019" classname="table_32" name="Table_32_generation_works_with_pruned_rows"/>
    <testcase time="0.113999999999997" classname="table_32" name="Table_32_generation_works_with_pruned_rows"/>
    <testcase time="0.0290000000000035" classname="table_32" name="Table_32_generation_works_with_pruned_rows">
      <skipped message="Reason: On CRAN ('test-table_32.R:37:3')"/>
    </testcase>
    <testcase time="0.0150000000000006" classname="table_32" name="Table_32_generation_works_with_risk_difference_column"/>
    <testcase time="0.0419999999999945" classname="table_32" name="Table_32_generation_works_with_risk_difference_column"/>
    <testcase time="0.145000000000003" classname="table_32" name="Table_32_generation_works_with_risk_difference_column"/>
    <testcase time="0.0439999999999969" classname="table_32" name="Table_32_generation_works_with_risk_difference_column">
      <skipped message="Reason: On CRAN ('test-table_32.R:45:3')"/>
    </testcase>
  </testsuite>
  <testsuite name="table_33" timestamp="2023-10-04T12:47:06Z" hostname="9aa773c738e6" tests="16" skipped="4" failures="0" errors="0" time="1.494">
    <testcase time="0.0180000000000007" classname="table_33" name="Table_33_generation_works_with_default_values"/>
    <testcase time="0.216999999999999" classname="table_33" name="Table_33_generation_works_with_default_values"/>
    <testcase time="0.095000000000006" classname="table_33" name="Table_33_generation_works_with_default_values"/>
    <testcase time="0.0279999999999987" classname="table_33" name="Table_33_generation_works_with_default_values">
      <skipped message="Reason: On CRAN ('test-table_33.R:8:3')"/>
    </testcase>
    <testcase time="0.0150000000000006" classname="table_33" name="Table_33_generation_works_with_custom_values"/>
    <testcase time="0.228999999999999" classname="table_33" name="Table_33_generation_works_with_custom_values"/>
    <testcase time="0.117999999999995" classname="table_33" name="Table_33_generation_works_with_custom_values"/>
    <testcase time="0.0350000000000037" classname="table_33" name="Table_33_generation_works_with_custom_values">
      <skipped message="Reason: On CRAN ('test-table_33.R:34:3')"/>
    </testcase>
    <testcase time="0.0150000000000006" classname="table_33" name="Table_33_generation_works_with_pruned_rows"/>
    <testcase time="0.217999999999996" classname="table_33" name="Table_33_generation_works_with_pruned_rows"/>
    <testcase time="0.0970000000000013" classname="table_33" name="Table_33_generation_works_with_pruned_rows"/>
    <testcase time="0.0260000000000034" classname="table_33" name="Table_33_generation_works_with_pruned_rows">
      <skipped message="Reason: On CRAN ('test-table_33.R:42:3')"/>
    </testcase>
    <testcase time="0.0140000000000029" classname="table_33" name="Table_33_generation_works_with_risk_difference_column"/>
    <testcase time="0.218999999999994" classname="table_33" name="Table_33_generation_works_with_risk_difference_column"/>
    <testcase time="0.114000000000004" classname="table_33" name="Table_33_generation_works_with_risk_difference_column"/>
    <testcase time="0.0360000000000014" classname="table_33" name="Table_33_generation_works_with_risk_difference_column">
      <skipped message="Reason: On CRAN ('test-table_33.R:50:3')"/>
    </testcase>
  </testsuite>
  <testsuite name="table_34" timestamp="2023-10-04T12:47:08Z" hostname="9aa773c738e6" tests="12" skipped="3" failures="0" errors="0" time="5.36">
    <testcase time="0.0240000000000009" classname="table_34" name="Table_34_generation_works_with_default_values"/>
    <testcase time="0.0329999999999941" classname="table_34" name="Table_34_generation_works_with_default_values"/>
    <testcase time="1.481" classname="table_34" name="Table_34_generation_works_with_default_values"/>
    <testcase time="0.183" classname="table_34" name="Table_34_generation_works_with_default_values">
      <skipped message="Reason: On CRAN ('test-table_34.R:17:3')"/>
    </testcase>
    <testcase time="0.0140000000000029" classname="table_34" name="Table_34_generation_works_with_custom_values"/>
    <testcase time="0.0379999999999967" classname="table_34" name="Table_34_generation_works_with_custom_values"/>
    <testcase time="1.454" classname="table_34" name="Table_34_generation_works_with_custom_values"/>
    <testcase time="0.0670000000000002" classname="table_34" name="Table_34_generation_works_with_custom_values">
      <skipped message="Reason: On CRAN ('test-table_34.R:49:3')"/>
    </testcase>
    <testcase time="0.0140000000000029" classname="table_34" name="Table_34_generation_works_with_risk_difference_column"/>
    <testcase time="0.0339999999999989" classname="table_34" name="Table_34_generation_works_with_risk_difference_column"/>
    <testcase time="1.816" classname="table_34" name="Table_34_generation_works_with_risk_difference_column"/>
    <testcase time="0.201999999999998" classname="table_34" name="Table_34_generation_works_with_risk_difference_column">
      <skipped message="Reason: On CRAN ('test-table_34.R:57:3')"/>
    </testcase>
  </testsuite>
</testsuites>
