<?xml version="1.0" encoding="UTF-8"?>
<testsuites>
  <testsuite name="table_02" timestamp="2023-10-23T06:36:01Z" hostname="18bd06732202" tests="30" skipped="10" failures="0" errors="0" time="16.049">
    <testcase time="0.0880000000000001" classname="table_02" name="Table_02_generation_works_with_default_values"/>
    <testcase time="0.484" classname="table_02" name="Table_02_generation_works_with_default_values"/>
    <testcase time="0.235" classname="table_02" name="Table_02_generation_works_with_default_values">
      <skipped message="Reason: On CRAN ('test-table_02.R:16:3')"/>
    </testcase>
    <testcase time="0.0820000000000003" classname="table_02" name="Table_02_generation_works_with_custom_values"/>
    <testcase time="0.394" classname="table_02" name="Table_02_generation_works_with_custom_values"/>
    <testcase time="0.233" classname="table_02" name="Table_02_generation_works_with_custom_values">
      <skipped message="Reason: On CRAN ('test-table_02.R:45:3')"/>
    </testcase>
    <testcase time="0.0609999999999999" classname="table_02" name="Table_02_generation_works_with_some_NA_values"/>
    <testcase time="0.108000000000001" classname="table_02" name="Table_02_generation_works_with_some_NA_values"/>
    <testcase time="0.0489999999999995" classname="table_02" name="Table_02_generation_works_with_some_NA_values">
      <skipped message="Reason: On CRAN ('test-table_02.R:57:3')"/>
    </testcase>
    <testcase time="0.0209999999999999" classname="table_02" name="Table_02_generation_tplyr_works_with_default_values"/>
    <testcase time="1.904" classname="table_02" name="Table_02_generation_tplyr_works_with_default_values"/>
    <testcase time="0.0350000000000001" classname="table_02" name="Table_02_generation_tplyr_works_with_default_values">
      <skipped message="Reason: On CRAN ('test-table_02.R:66:3')"/>
    </testcase>
    <testcase time="0.0310000000000006" classname="table_02" name="Table_02_generation_tplyr_works_with_tplyr_raw_TRUE"/>
    <testcase time="1.212" classname="table_02" name="Table_02_generation_tplyr_works_with_tplyr_raw_TRUE"/>
    <testcase time="0.024" classname="table_02" name="Table_02_generation_tplyr_works_with_tplyr_raw_TRUE">
      <skipped message="Reason: On CRAN ('test-table_02.R:75:3')"/>
    </testcase>
    <testcase time="0.0490000000000004" classname="table_02" name="Table_02_generation_tplyr_works_with_custom_values"/>
    <testcase time="1.812" classname="table_02" name="Table_02_generation_tplyr_works_with_custom_values"/>
    <testcase time="0.0250000000000004" classname="table_02" name="Table_02_generation_tplyr_works_with_custom_values">
      <skipped message="Reason: On CRAN ('test-table_02.R:102:3')"/>
    </testcase>
    <testcase time="0.0489999999999995" classname="table_02" name="Table_02_generation_tplyr_works_with_some_NA_values"/>
    <testcase time="0.726000000000001" classname="table_02" name="Table_02_generation_tplyr_works_with_some_NA_values"/>
    <testcase time="0.0229999999999997" classname="table_02" name="Table_02_generation_tplyr_works_with_some_NA_values">
      <skipped message="Reason: On CRAN ('test-table_02.R:119:3')"/>
    </testcase>
    <testcase time="0.0199999999999996" classname="table_02" name="Table_02_generation_gtsum_works_with_default_values"/>
    <testcase time="3.307" classname="table_02" name="Table_02_generation_gtsum_works_with_default_values"/>
    <testcase time="0.00999999999999979" classname="table_02" name="Table_02_generation_gtsum_works_with_default_values">
      <skipped message="Reason: On CRAN ('test-table_02.R:128:3')"/>
    </testcase>
    <testcase time="0.0510000000000002" classname="table_02" name="Table_02_generation_gtsum_works_with_custom_values"/>
    <testcase time="3.706" classname="table_02" name="Table_02_generation_gtsum_works_with_custom_values"/>
    <testcase time="0.00900000000000034" classname="table_02" name="Table_02_generation_gtsum_works_with_custom_values">
      <skipped message="Reason: On CRAN ('test-table_02.R:146:3')"/>
    </testcase>
    <testcase time="0.0420000000000016" classname="table_02" name="Table_02_generation_gtsum_works_with_some_NA_values"/>
    <testcase time="1.25" classname="table_02" name="Table_02_generation_gtsum_works_with_some_NA_values"/>
    <testcase time="0.00900000000000034" classname="table_02" name="Table_02_generation_gtsum_works_with_some_NA_values">
      <skipped message="Reason: On CRAN ('test-table_02.R:161:3')"/>
    </testcase>
  </testsuite>
  <testsuite name="table_03" timestamp="2023-10-23T06:36:17Z" hostname="18bd06732202" tests="8" skipped="2" failures="0" errors="0" time="0.857">
    <testcase time="0.0389999999999979" classname="table_03" name="Table_3_generation_works_with_default_values"/>
    <testcase time="0.00199999999999889" classname="table_03" name="Table_3_generation_works_with_default_values"/>
    <testcase time="0.344000000000001" classname="table_03" name="Table_3_generation_works_with_default_values"/>
    <testcase time="0.0549999999999997" classname="table_03" name="Table_3_generation_works_with_default_values">
      <skipped message="Reason: On CRAN ('test-table_03.R:21:3')"/>
    </testcase>
    <testcase time="0.0190000000000019" classname="table_03" name="Table_3_generation_works_with_custom_values"/>
    <testcase time="0.00100000000000122" classname="table_03" name="Table_3_generation_works_with_custom_values"/>
    <testcase time="0.315999999999999" classname="table_03" name="Table_3_generation_works_with_custom_values"/>
    <testcase time="0.0809999999999995" classname="table_03" name="Table_3_generation_works_with_custom_values">
      <skipped message="Reason: On CRAN ('test-table_03.R:41:3')"/>
    </testcase>
  </testsuite>
  <testsuite name="table_04" timestamp="2023-10-23T06:36:18Z" hostname="18bd06732202" tests="9" skipped="2" failures="0" errors="0" time="0.854">
    <testcase time="0.0430000000000028" classname="table_04" name="Table_04_generation_works_with_default_values"/>
    <testcase time="0.298999999999999" classname="table_04" name="Table_04_generation_works_with_default_values"/>
    <testcase time="0.0879999999999974" classname="table_04" name="Table_04_generation_works_with_default_values">
      <skipped message="Reason: On CRAN ('test-table_04.R:18:3')"/>
    </testcase>
    <testcase time="0.0310000000000024" classname="table_04" name="Table_04_generation_works_with_custom_values"/>
    <testcase time="0.000999999999997669" classname="table_04" name="Table_04_generation_works_with_custom_values"/>
    <testcase time="0.00200000000000244" classname="table_04" name="Table_04_generation_works_with_custom_values"/>
    <testcase time="0.00199999999999889" classname="table_04" name="Table_04_generation_works_with_custom_values"/>
    <testcase time="0.312000000000001" classname="table_04" name="Table_04_generation_works_with_custom_values"/>
    <testcase time="0.0760000000000005" classname="table_04" name="Table_04_generation_works_with_custom_values">
      <skipped message="Reason: On CRAN ('test-table_04.R:46:3')"/>
    </testcase>
  </testsuite>
  <testsuite name="table_05" timestamp="2023-10-23T06:36:19Z" hostname="18bd06732202" tests="12" skipped="4" failures="0" errors="0" time="1.477">
    <testcase time="0.186" classname="table_05" name="Table_05_generation_works_with_default_values"/>
    <testcase time="0.225999999999999" classname="table_05" name="Table_05_generation_works_with_default_values"/>
    <testcase time="0.0699999999999967" classname="table_05" name="Table_05_generation_works_with_default_values">
      <skipped message="Reason: On CRAN ('test-table_05.R:10:3')"/>
    </testcase>
    <testcase time="0.0200000000000031" classname="table_05" name="Table_05_generation_works_with_custom_values"/>
    <testcase time="0.238" classname="table_05" name="Table_05_generation_works_with_custom_values"/>
    <testcase time="0.0919999999999987" classname="table_05" name="Table_05_generation_works_with_custom_values">
      <skipped message="Reason: On CRAN ('test-table_05.R:34:3')"/>
    </testcase>
    <testcase time="0.0210000000000008" classname="table_05" name="Table_05_generation_works_with_NA_values_pruned_rows"/>
    <testcase time="0.201000000000001" classname="table_05" name="Table_05_generation_works_with_NA_values_pruned_rows"/>
    <testcase time="0.0700000000000003" classname="table_05" name="Table_05_generation_works_with_NA_values_pruned_rows">
      <skipped message="Reason: On CRAN ('test-table_05.R:44:3')"/>
    </testcase>
    <testcase time="0.0199999999999996" classname="table_05" name="Table_05_generation_works_with_risk_difference_column"/>
    <testcase time="0.241" classname="table_05" name="Table_05_generation_works_with_risk_difference_column"/>
    <testcase time="0.0919999999999987" classname="table_05" name="Table_05_generation_works_with_risk_difference_column">
      <skipped message="Reason: On CRAN ('test-table_05.R:57:3')"/>
    </testcase>
  </testsuite>
  <testsuite name="table_06" timestamp="2023-10-23T06:36:20Z" hostname="18bd06732202" tests="15" skipped="3" failures="0" errors="0" time="2.241">
    <testcase time="0.0250000000000021" classname="table_06" name="Table_06_generation_works_with_default_values"/>
    <testcase time="0.00199999999999889" classname="table_06" name="Table_06_generation_works_with_default_values"/>
    <testcase time="0.0609999999999999" classname="table_06" name="Table_06_generation_works_with_default_values"/>
    <testcase time="0.443999999999999" classname="table_06" name="Table_06_generation_works_with_default_values"/>
    <testcase time="0.093" classname="table_06" name="Table_06_generation_works_with_default_values">
      <skipped message="Reason: On CRAN ('test-table_06.R:8:3')"/>
    </testcase>
    <testcase time="0.0560000000000009" classname="table_06" name="Table_06_generation_works_with_custom_values"/>
    <testcase time="0.000999999999997669" classname="table_06" name="Table_06_generation_works_with_custom_values"/>
    <testcase time="0.0570000000000022" classname="table_06" name="Table_06_generation_works_with_custom_values"/>
    <testcase time="0.600999999999999" classname="table_06" name="Table_06_generation_works_with_custom_values"/>
    <testcase time="0.126999999999999" classname="table_06" name="Table_06_generation_works_with_custom_values">
      <skipped message="Reason: On CRAN ('test-table_06.R:40:3')"/>
    </testcase>
    <testcase time="0.0210000000000008" classname="table_06" name="Table_06_generation_works_with_risk_difference_column"/>
    <testcase time="0.00199999999999889" classname="table_06" name="Table_06_generation_works_with_risk_difference_column"/>
    <testcase time="0.0579999999999998" classname="table_06" name="Table_06_generation_works_with_risk_difference_column"/>
    <testcase time="0.573" classname="table_06" name="Table_06_generation_works_with_risk_difference_column"/>
    <testcase time="0.120000000000001" classname="table_06" name="Table_06_generation_works_with_risk_difference_column">
      <skipped message="Reason: On CRAN ('test-table_06.R:48:3')"/>
    </testcase>
  </testsuite>
  <testsuite name="table_07" timestamp="2023-10-23T06:36:22Z" hostname="18bd06732202" tests="24" skipped="4" failures="0" errors="0" time="2.359">
    <testcase time="0.0300000000000011" classname="table_07" name="Table_07_generation_works_with_default_values"/>
    <testcase time="0.000999999999997669" classname="table_07" name="Table_07_generation_works_with_default_values"/>
    <testcase time="0.00200000000000244" classname="table_07" name="Table_07_generation_works_with_default_values"/>
    <testcase time="0.0409999999999968" classname="table_07" name="Table_07_generation_works_with_default_values"/>
    <testcase time="0.343000000000004" classname="table_07" name="Table_07_generation_works_with_default_values"/>
    <testcase time="0.108999999999998" classname="table_07" name="Table_07_generation_works_with_default_values">
      <skipped message="Reason: On CRAN ('test-table_07.R:13:3')"/>
    </testcase>
    <testcase time="0.0210000000000008" classname="table_07" name="Table_07_generation_works_with_custom_values"/>
    <testcase time="0.000999999999997669" classname="table_07" name="Table_07_generation_works_with_custom_values"/>
    <testcase time="0.00200000000000244" classname="table_07" name="Table_07_generation_works_with_custom_values"/>
    <testcase time="0.041999999999998" classname="table_07" name="Table_07_generation_works_with_custom_values"/>
    <testcase time="0.477" classname="table_07" name="Table_07_generation_works_with_custom_values"/>
    <testcase time="0.141999999999999" classname="table_07" name="Table_07_generation_works_with_custom_values">
      <skipped message="Reason: On CRAN ('test-table_07.R:42:3')"/>
    </testcase>
    <testcase time="0.0210000000000008" classname="table_07" name="Table_07_generation_works_with_NA_values_pruned_rows"/>
    <testcase time="0.00199999999999889" classname="table_07" name="Table_07_generation_works_with_NA_values_pruned_rows"/>
    <testcase time="0.00200000000000244" classname="table_07" name="Table_07_generation_works_with_NA_values_pruned_rows"/>
    <testcase time="0.0519999999999996" classname="table_07" name="Table_07_generation_works_with_NA_values_pruned_rows"/>
    <testcase time="0.323" classname="table_07" name="Table_07_generation_works_with_NA_values_pruned_rows"/>
    <testcase time="0.129999999999999" classname="table_07" name="Table_07_generation_works_with_NA_values_pruned_rows">
      <skipped message="Reason: On CRAN ('test-table_07.R:52:3')"/>
    </testcase>
    <testcase time="0.0199999999999996" classname="table_07" name="Table_07_generation_works_with_risk_difference_column"/>
    <testcase time="0.00100000000000122" classname="table_07" name="Table_07_generation_works_with_risk_difference_column"/>
    <testcase time="0.00199999999999889" classname="table_07" name="Table_07_generation_works_with_risk_difference_column"/>
    <testcase time="0.0410000000000004" classname="table_07" name="Table_07_generation_works_with_risk_difference_column"/>
    <testcase time="0.411999999999999" classname="table_07" name="Table_07_generation_works_with_risk_difference_column"/>
    <testcase time="0.141999999999999" classname="table_07" name="Table_07_generation_works_with_risk_difference_column">
      <skipped message="Reason: On CRAN ('test-table_07.R:65:3')"/>
    </testcase>
  </testsuite>
  <testsuite name="table_08" timestamp="2023-10-23T06:36:25Z" hostname="18bd06732202" tests="8" skipped="2" failures="0" errors="0" time="0.434">
    <testcase time="0.027000000000001" classname="table_08" name="Table_08_generation_works_with_default_values"/>
    <testcase time="0.00199999999999889" classname="table_08" name="Table_08_generation_works_with_default_values"/>
    <testcase time="0.0510000000000019" classname="table_08" name="Table_08_generation_works_with_default_values"/>
    <testcase time="0.125" classname="table_08" name="Table_08_generation_works_with_default_values">
      <skipped message="Reason: On CRAN ('test-table_08.R:10:3')"/>
    </testcase>
    <testcase time="0.0199999999999996" classname="table_08" name="Table_08_generation_works_with_custom_values"/>
    <testcase time="0.00199999999999889" classname="table_08" name="Table_08_generation_works_with_custom_values"/>
    <testcase time="0.0440000000000005" classname="table_08" name="Table_08_generation_works_with_custom_values"/>
    <testcase time="0.163" classname="table_08" name="Table_08_generation_works_with_custom_values">
      <skipped message="Reason: On CRAN ('test-table_08.R:31:3')"/>
    </testcase>
  </testsuite>
  <testsuite name="table_09" timestamp="2023-10-23T06:36:25Z" hostname="18bd06732202" tests="12" skipped="3" failures="0" errors="0" time="1.552">
    <testcase time="0.0250000000000021" classname="table_09" name="Table_09_generation_works_with_default_values"/>
    <testcase time="0.0429999999999993" classname="table_09" name="Table_09_generation_works_with_default_values"/>
    <testcase time="0.337" classname="table_09" name="Table_09_generation_works_with_default_values"/>
    <testcase time="0.0609999999999999" classname="table_09" name="Table_09_generation_works_with_default_values">
      <skipped message="Reason: On CRAN ('test-table_09.R:8:3')"/>
    </testcase>
    <testcase time="0.0189999999999984" classname="table_09" name="Table_09_generation_works_with_custom_values"/>
    <testcase time="0.0420000000000016" classname="table_09" name="Table_09_generation_works_with_custom_values"/>
    <testcase time="0.398" classname="table_09" name="Table_09_generation_works_with_custom_values"/>
    <testcase time="0.0700000000000003" classname="table_09" name="Table_09_generation_works_with_custom_values">
      <skipped message="Reason: On CRAN ('test-table_09.R:39:3')"/>
    </testcase>
    <testcase time="0.0199999999999996" classname="table_09" name="Table_09_generation_works_with_risk_difference_column"/>
    <testcase time="0.0549999999999997" classname="table_09" name="Table_09_generation_works_with_risk_difference_column"/>
    <testcase time="0.395" classname="table_09" name="Table_09_generation_works_with_risk_difference_column"/>
    <testcase time="0.0869999999999997" classname="table_09" name="Table_09_generation_works_with_risk_difference_column">
      <skipped message="Reason: On CRAN ('test-table_09.R:47:3')"/>
    </testcase>
  </testsuite>
  <testsuite name="table_10" timestamp="2023-10-23T06:36:27Z" hostname="18bd06732202" tests="15" skipped="3" failures="0" errors="0" time="1.757">
    <testcase time="0.0300000000000011" classname="table_10" name="Table_10_generation_works_with_default_values"/>
    <testcase time="0.00199999999999889" classname="table_10" name="Table_10_generation_works_with_default_values"/>
    <testcase time="0.0429999999999993" classname="table_10" name="Table_10_generation_works_with_default_values"/>
    <testcase time="0.393000000000001" classname="table_10" name="Table_10_generation_works_with_default_values"/>
    <testcase time="0.111999999999998" classname="table_10" name="Table_10_generation_works_with_default_values">
      <skipped message="Reason: On CRAN ('test-table_10.R:17:3')"/>
    </testcase>
    <testcase time="0.0300000000000011" classname="table_10" name="Table_10_generation_works_with_custom_values"/>
    <testcase time="0.00199999999999889" classname="table_10" name="Table_10_generation_works_with_custom_values"/>
    <testcase time="0.0430000000000028" classname="table_10" name="Table_10_generation_works_with_custom_values"/>
    <testcase time="0.353999999999999" classname="table_10" name="Table_10_generation_works_with_custom_values"/>
    <testcase time="0.0719999999999992" classname="table_10" name="Table_10_generation_works_with_custom_values">
      <skipped message="Reason: On CRAN ('test-table_10.R:52:3')"/>
    </testcase>
    <testcase time="0.0199999999999996" classname="table_10" name="Table_10_generation_works_with_risk_difference_column"/>
    <testcase time="0.00200000000000244" classname="table_10" name="Table_10_generation_works_with_risk_difference_column"/>
    <testcase time="0.041999999999998" classname="table_10" name="Table_10_generation_works_with_risk_difference_column"/>
    <testcase time="0.468" classname="table_10" name="Table_10_generation_works_with_risk_difference_column"/>
    <testcase time="0.144000000000002" classname="table_10" name="Table_10_generation_works_with_risk_difference_column">
      <skipped message="Reason: On CRAN ('test-table_10.R:60:3')"/>
    </testcase>
  </testsuite>
  <testsuite name="table_11" timestamp="2023-10-23T06:36:28Z" hostname="18bd06732202" tests="12" skipped="3" failures="0" errors="0" time="2.681">
    <testcase time="0.0309999999999988" classname="table_11" name="Table_11_generation_works_with_default_values"/>
    <testcase time="0.0519999999999996" classname="table_11" name="Table_11_generation_works_with_default_values"/>
    <testcase time="0.640000000000001" classname="table_11" name="Table_11_generation_works_with_default_values"/>
    <testcase time="0.143000000000001" classname="table_11" name="Table_11_generation_works_with_default_values">
      <skipped message="Reason: On CRAN ('test-table_11.R:18:3')"/>
    </testcase>
    <testcase time="0.0209999999999972" classname="table_11" name="Table_11_generation_works_with_custom_values"/>
    <testcase time="0.0450000000000017" classname="table_11" name="Table_11_generation_works_with_custom_values"/>
    <testcase time="0.620000000000001" classname="table_11" name="Table_11_generation_works_with_custom_values"/>
    <testcase time="0.0670000000000002" classname="table_11" name="Table_11_generation_works_with_custom_values">
      <skipped message="Reason: On CRAN ('test-table_11.R:48:3')"/>
    </testcase>
    <testcase time="0.0210000000000008" classname="table_11" name="Table_11_generation_works_with_risk_difference_column"/>
    <testcase time="0.0679999999999978" classname="table_11" name="Table_11_generation_works_with_risk_difference_column"/>
    <testcase time="0.820999999999998" classname="table_11" name="Table_11_generation_works_with_risk_difference_column"/>
    <testcase time="0.152000000000001" classname="table_11" name="Table_11_generation_works_with_risk_difference_column">
      <skipped message="Reason: On CRAN ('test-table_11.R:56:3')"/>
    </testcase>
  </testsuite>
  <testsuite name="table_12" timestamp="2023-10-23T06:36:31Z" hostname="18bd06732202" tests="12" skipped="3" failures="0" errors="0" time="3.613">
    <testcase time="0.0260000000000034" classname="table_12" name="Table_12_generation_works_with_default_values"/>
    <testcase time="0.0679999999999978" classname="table_12" name="Table_12_generation_works_with_default_values"/>
    <testcase time="0.854999999999997" classname="table_12" name="Table_12_generation_works_with_default_values"/>
    <testcase time="0.104000000000006" classname="table_12" name="Table_12_generation_works_with_default_values">
      <skipped message="Reason: On CRAN ('test-table_12.R:9:3')"/>
    </testcase>
    <testcase time="0.0209999999999937" classname="table_12" name="Table_12_generation_works_with_custom_values"/>
    <testcase time="0.0530000000000044" classname="table_12" name="Table_12_generation_works_with_custom_values"/>
    <testcase time="0.866" classname="table_12" name="Table_12_generation_works_with_custom_values"/>
    <testcase time="0.104999999999997" classname="table_12" name="Table_12_generation_works_with_custom_values">
      <skipped message="Reason: On CRAN ('test-table_12.R:39:3')"/>
    </testcase>
    <testcase time="0.0200000000000031" classname="table_12" name="Table_12_generation_works_with_risk_difference_column"/>
    <testcase time="0.0529999999999973" classname="table_12" name="Table_12_generation_works_with_risk_difference_column"/>
    <testcase time="1.32700000000001" classname="table_12" name="Table_12_generation_works_with_risk_difference_column"/>
    <testcase time="0.114999999999995" classname="table_12" name="Table_12_generation_works_with_risk_difference_column">
      <skipped message="Reason: On CRAN ('test-table_12.R:47:3')"/>
    </testcase>
  </testsuite>
  <testsuite name="table_13" timestamp="2023-10-23T06:36:35Z" hostname="18bd06732202" tests="12" skipped="3" failures="0" errors="0" time="0.82">
    <testcase time="0.0249999999999986" classname="table_13" name="Table_13_generation_works_with_default_values"/>
    <testcase time="0.0570000000000022" classname="table_13" name="Table_13_generation_works_with_default_values"/>
    <testcase time="0.119" classname="table_13" name="Table_13_generation_works_with_default_values"/>
    <testcase time="0.0609999999999999" classname="table_13" name="Table_13_generation_works_with_default_values">
      <skipped message="Reason: On CRAN ('test-table_13.R:8:3')"/>
    </testcase>
    <testcase time="0.0200000000000031" classname="table_13" name="Table_13_generation_works_with_custom_values"/>
    <testcase time="0.0579999999999998" classname="table_13" name="Table_13_generation_works_with_custom_values"/>
    <testcase time="0.137999999999998" classname="table_13" name="Table_13_generation_works_with_custom_values"/>
    <testcase time="0.046999999999997" classname="table_13" name="Table_13_generation_works_with_custom_values">
      <skipped message="Reason: On CRAN ('test-table_13.R:38:3')"/>
    </testcase>
    <testcase time="0.027000000000001" classname="table_13" name="Table_13_generation_works_with_risk_difference_column"/>
    <testcase time="0.0510000000000019" classname="table_13" name="Table_13_generation_works_with_risk_difference_column"/>
    <testcase time="0.137999999999998" classname="table_13" name="Table_13_generation_works_with_risk_difference_column"/>
    <testcase time="0.0790000000000006" classname="table_13" name="Table_13_generation_works_with_risk_difference_column">
      <skipped message="Reason: On CRAN ('test-table_13.R:46:3')"/>
    </testcase>
  </testsuite>
  <testsuite name="table_14" timestamp="2023-10-23T06:36:36Z" hostname="18bd06732202" tests="13" skipped="4" failures="0" errors="0" time="3.113">
    <testcase time="0.0339999999999989" classname="table_14" name="Table_14_generation_works_with_default_values"/>
    <testcase time="0.560000000000002" classname="table_14" name="Table_14_generation_works_with_default_values"/>
    <testcase time="0.130000000000003" classname="table_14" name="Table_14_generation_works_with_default_values">
      <skipped message="Reason: On CRAN ('test-table_14.R:16:3')"/>
    </testcase>
    <testcase time="0.019999999999996" classname="table_14" name="Table_14_generation_works_with_custom_values"/>
    <testcase time="0.0500000000000043" classname="table_14" name="Table_14_generation_works_with_custom_values"/>
    <testcase time="0.588000000000001" classname="table_14" name="Table_14_generation_works_with_custom_values"/>
    <testcase time="0.138999999999996" classname="table_14" name="Table_14_generation_works_with_custom_values">
      <skipped message="Reason: On CRAN ('test-table_14.R:46:3')"/>
    </testcase>
    <testcase time="0.0190000000000055" classname="table_14" name="Table_14_generation_works_with_NA_values_pruned_rows"/>
    <testcase time="0.567999999999998" classname="table_14" name="Table_14_generation_works_with_NA_values_pruned_rows"/>
    <testcase time="0.103999999999999" classname="table_14" name="Table_14_generation_works_with_NA_values_pruned_rows">
      <skipped message="Reason: On CRAN ('test-table_14.R:53:3')"/>
    </testcase>
    <testcase time="0.027000000000001" classname="table_14" name="Table_14_generation_works_with_risk_difference_column"/>
    <testcase time="0.711999999999996" classname="table_14" name="Table_14_generation_works_with_risk_difference_column"/>
    <testcase time="0.162000000000006" classname="table_14" name="Table_14_generation_works_with_risk_difference_column">
      <skipped message="Reason: On CRAN ('test-table_14.R:61:3')"/>
    </testcase>
  </testsuite>
  <testsuite name="table_20" timestamp="2023-10-23T06:36:39Z" hostname="18bd06732202" tests="24" skipped="4" failures="0" errors="0" time="2.722">
    <testcase time="0.0289999999999964" classname="table_20" name="Table_20_generation_works_with_default_values"/>
    <testcase time="0.00200000000000244" classname="table_20" name="Table_20_generation_works_with_default_values"/>
    <testcase time="0.000999999999997669" classname="table_20" name="Table_20_generation_works_with_default_values"/>
    <testcase time="0.0450000000000017" classname="table_20" name="Table_20_generation_works_with_default_values"/>
    <testcase time="0.432000000000002" classname="table_20" name="Table_20_generation_works_with_default_values"/>
    <testcase time="0.0959999999999965" classname="table_20" name="Table_20_generation_works_with_default_values">
      <skipped message="Reason: On CRAN ('test-table_20.R:17:3')"/>
    </testcase>
    <testcase time="0.0189999999999984" classname="table_20" name="Table_20_generation_works_with_custom_values"/>
    <testcase time="0.00200000000000244" classname="table_20" name="Table_20_generation_works_with_custom_values"/>
    <testcase time="0.00200000000000244" classname="table_20" name="Table_20_generation_works_with_custom_values"/>
    <testcase time="0.0449999999999946" classname="table_20" name="Table_20_generation_works_with_custom_values"/>
    <testcase time="0.641000000000005" classname="table_20" name="Table_20_generation_works_with_custom_values"/>
    <testcase time="0.119" classname="table_20" name="Table_20_generation_works_with_custom_values">
      <skipped message="Reason: On CRAN ('test-table_20.R:65:3')"/>
    </testcase>
    <testcase time="0.019999999999996" classname="table_20" name="Table_20_generation_works_with_missing_values_pruned_rows"/>
    <testcase time="0.00200000000000244" classname="table_20" name="Table_20_generation_works_with_missing_values_pruned_rows"/>
    <testcase time="0.000999999999997669" classname="table_20" name="Table_20_generation_works_with_missing_values_pruned_rows"/>
    <testcase time="0.0459999999999994" classname="table_20" name="Table_20_generation_works_with_missing_values_pruned_rows"/>
    <testcase time="0.408000000000001" classname="table_20" name="Table_20_generation_works_with_missing_values_pruned_rows"/>
    <testcase time="0.0799999999999983" classname="table_20" name="Table_20_generation_works_with_missing_values_pruned_rows">
      <skipped message="Reason: On CRAN ('test-table_20.R:74:3')"/>
    </testcase>
    <testcase time="0.0200000000000031" classname="table_20" name="Table_20_generation_works_with_risk_difference_column"/>
    <testcase time="0.00200000000000244" classname="table_20" name="Table_20_generation_works_with_risk_difference_column"/>
    <testcase time="0.00199999999999534" classname="table_20" name="Table_20_generation_works_with_risk_difference_column"/>
    <testcase time="0.0560000000000045" classname="table_20" name="Table_20_generation_works_with_risk_difference_column"/>
    <testcase time="0.539999999999999" classname="table_20" name="Table_20_generation_works_with_risk_difference_column"/>
    <testcase time="0.111999999999995" classname="table_20" name="Table_20_generation_works_with_risk_difference_column">
      <skipped message="Reason: On CRAN ('test-table_20.R:82:3')"/>
    </testcase>
  </testsuite>
  <testsuite name="table_21" timestamp="2023-10-23T06:36:41Z" hostname="18bd06732202" tests="19" skipped="4" failures="0" errors="0" time="2.597">
    <testcase time="0.0800000000000054" classname="table_21" name="Table_21_generation_works_with_default_values"/>
    <testcase time="0.000999999999997669" classname="table_21" name="Table_21_generation_works_with_default_values"/>
    <testcase time="0.592999999999996" classname="table_21" name="Table_21_generation_works_with_default_values"/>
    <testcase time="0.0970000000000013" classname="table_21" name="Table_21_generation_works_with_default_values">
      <skipped message="Reason: On CRAN ('test-table_21.R:22:3')"/>
    </testcase>
    <testcase time="0.0190000000000055" classname="table_21" name="Table_21_generation_works_with_custom_values_N_s_denominator_and_overall_column"/>
    <testcase time="0.00199999999999534" classname="table_21" name="Table_21_generation_works_with_custom_values_N_s_denominator_and_overall_column"/>
    <testcase time="0.0790000000000006" classname="table_21" name="Table_21_generation_works_with_custom_values_N_s_denominator_and_overall_column"/>
    <testcase time="0.706000000000003" classname="table_21" name="Table_21_generation_works_with_custom_values_N_s_denominator_and_overall_column"/>
    <testcase time="0.105999999999995" classname="table_21" name="Table_21_generation_works_with_custom_values_N_s_denominator_and_overall_column">
      <skipped message="Reason: On CRAN ('test-table_21.R:34:3')"/>
    </testcase>
    <testcase time="0.0200000000000031" classname="table_21" name="Table_21_generation_works_with_custom_values_N_col_denominator_and_no_overall_column"/>
    <testcase time="0.00200000000000244" classname="table_21" name="Table_21_generation_works_with_custom_values_N_col_denominator_and_no_overall_column"/>
    <testcase time="0.0529999999999973" classname="table_21" name="Table_21_generation_works_with_custom_values_N_col_denominator_and_no_overall_column"/>
    <testcase time="0.305999999999997" classname="table_21" name="Table_21_generation_works_with_custom_values_N_col_denominator_and_no_overall_column"/>
    <testcase time="0.0910000000000011" classname="table_21" name="Table_21_generation_works_with_custom_values_N_col_denominator_and_no_overall_column">
      <skipped message="Reason: On CRAN ('test-table_21.R:62:3')"/>
    </testcase>
    <testcase time="0.0859999999999985" classname="table_21" name="Table_21_generation_works_with_some_NA_values"/>
    <testcase time="0.00199999999999534" classname="table_21" name="Table_21_generation_works_with_some_NA_values"/>
    <testcase time="0.0490000000000066" classname="table_21" name="Table_21_generation_works_with_some_NA_values"/>
    <testcase time="0.241" classname="table_21" name="Table_21_generation_works_with_some_NA_values"/>
    <testcase time="0.0640000000000001" classname="table_21" name="Table_21_generation_works_with_some_NA_values">
      <skipped message="Reason: On CRAN ('test-table_21.R:82:3')"/>
    </testcase>
  </testsuite>
  <testsuite name="table_32" timestamp="2023-10-23T06:36:44Z" hostname="18bd06732202" tests="16" skipped="4" failures="0" errors="0" time="1.083">
    <testcase time="0.0249999999999986" classname="table_32" name="Table_32_generation_works_with_default_values"/>
    <testcase time="0.0670000000000002" classname="table_32" name="Table_32_generation_works_with_default_values"/>
    <testcase time="0.119" classname="table_32" name="Table_32_generation_works_with_default_values"/>
    <testcase time="0.0439999999999969" classname="table_32" name="Table_32_generation_works_with_default_values">
      <skipped message="Reason: On CRAN ('test-table_32.R:8:3')"/>
    </testcase>
    <testcase time="0.0200000000000031" classname="table_32" name="Table_32_generation_works_with_custom_values"/>
    <testcase time="0.0679999999999978" classname="table_32" name="Table_32_generation_works_with_custom_values"/>
    <testcase time="0.143000000000001" classname="table_32" name="Table_32_generation_works_with_custom_values"/>
    <testcase time="0.0640000000000001" classname="table_32" name="Table_32_generation_works_with_custom_values">
      <skipped message="Reason: On CRAN ('test-table_32.R:30:3')"/>
    </testcase>
    <testcase time="0.0230000000000032" classname="table_32" name="Table_32_generation_works_with_pruned_rows"/>
    <testcase time="0.0529999999999973" classname="table_32" name="Table_32_generation_works_with_pruned_rows"/>
    <testcase time="0.119" classname="table_32" name="Table_32_generation_works_with_pruned_rows"/>
    <testcase time="0.0420000000000016" classname="table_32" name="Table_32_generation_works_with_pruned_rows">
      <skipped message="Reason: On CRAN ('test-table_32.R:37:3')"/>
    </testcase>
    <testcase time="0.0249999999999986" classname="table_32" name="Table_32_generation_works_with_risk_difference_column"/>
    <testcase time="0.0529999999999973" classname="table_32" name="Table_32_generation_works_with_risk_difference_column"/>
    <testcase time="0.152000000000001" classname="table_32" name="Table_32_generation_works_with_risk_difference_column"/>
    <testcase time="0.0660000000000025" classname="table_32" name="Table_32_generation_works_with_risk_difference_column">
      <skipped message="Reason: On CRAN ('test-table_32.R:45:3')"/>
    </testcase>
  </testsuite>
  <testsuite name="table_33" timestamp="2023-10-23T06:36:45Z" hostname="18bd06732202" tests="16" skipped="4" failures="0" errors="0" time="1.705">
    <testcase time="0.0240000000000009" classname="table_33" name="Table_33_generation_works_with_default_values"/>
    <testcase time="0.241999999999997" classname="table_33" name="Table_33_generation_works_with_default_values"/>
    <testcase time="0.110999999999997" classname="table_33" name="Table_33_generation_works_with_default_values"/>
    <testcase time="0.0360000000000014" classname="table_33" name="Table_33_generation_works_with_default_values">
      <skipped message="Reason: On CRAN ('test-table_33.R:8:3')"/>
    </testcase>
    <testcase time="0.0189999999999984" classname="table_33" name="Table_33_generation_works_with_custom_values"/>
    <testcase time="0.242000000000004" classname="table_33" name="Table_33_generation_works_with_custom_values"/>
    <testcase time="0.134" classname="table_33" name="Table_33_generation_works_with_custom_values"/>
    <testcase time="0.0390000000000015" classname="table_33" name="Table_33_generation_works_with_custom_values">
      <skipped message="Reason: On CRAN ('test-table_33.R:34:3')"/>
    </testcase>
    <testcase time="0.019999999999996" classname="table_33" name="Table_33_generation_works_with_pruned_rows"/>
    <testcase time="0.243000000000002" classname="table_33" name="Table_33_generation_works_with_pruned_rows"/>
    <testcase time="0.112000000000002" classname="table_33" name="Table_33_generation_works_with_pruned_rows"/>
    <testcase time="0.0289999999999964" classname="table_33" name="Table_33_generation_works_with_pruned_rows">
      <skipped message="Reason: On CRAN ('test-table_33.R:42:3')"/>
    </testcase>
    <testcase time="0.0200000000000031" classname="table_33" name="Table_33_generation_works_with_risk_difference_column"/>
    <testcase time="0.241999999999997" classname="table_33" name="Table_33_generation_works_with_risk_difference_column"/>
    <testcase time="0.154000000000003" classname="table_33" name="Table_33_generation_works_with_risk_difference_column"/>
    <testcase time="0.0379999999999967" classname="table_33" name="Table_33_generation_works_with_risk_difference_column">
      <skipped message="Reason: On CRAN ('test-table_33.R:50:3')"/>
    </testcase>
  </testsuite>
  <testsuite name="table_34" timestamp="2023-10-23T06:36:47Z" hostname="18bd06732202" tests="12" skipped="3" failures="0" errors="0" time="6.128">
    <testcase time="0.0300000000000011" classname="table_34" name="Table_34_generation_works_with_default_values"/>
    <testcase time="0.0420000000000016" classname="table_34" name="Table_34_generation_works_with_default_values"/>
    <testcase time="1.7" classname="table_34" name="Table_34_generation_works_with_default_values"/>
    <testcase time="0.210999999999999" classname="table_34" name="Table_34_generation_works_with_default_values">
      <skipped message="Reason: On CRAN ('test-table_34.R:17:3')"/>
    </testcase>
    <testcase time="0.0190000000000055" classname="table_34" name="Table_34_generation_works_with_custom_values"/>
    <testcase time="0.0379999999999967" classname="table_34" name="Table_34_generation_works_with_custom_values"/>
    <testcase time="1.64" classname="table_34" name="Table_34_generation_works_with_custom_values"/>
    <testcase time="0.0760000000000005" classname="table_34" name="Table_34_generation_works_with_custom_values">
      <skipped message="Reason: On CRAN ('test-table_34.R:49:3')"/>
    </testcase>
    <testcase time="0.0339999999999989" classname="table_34" name="Table_34_generation_works_with_risk_difference_column"/>
    <testcase time="0.0420000000000016" classname="table_34" name="Table_34_generation_works_with_risk_difference_column"/>
    <testcase time="2.058" classname="table_34" name="Table_34_generation_works_with_risk_difference_column"/>
    <testcase time="0.238" classname="table_34" name="Table_34_generation_works_with_risk_difference_column">
      <skipped message="Reason: On CRAN ('test-table_34.R:57:3')"/>
    </testcase>
  </testsuite>
</testsuites>
