<?xml version="1.0" encoding="UTF-8"?>
<testsuites>
  <testsuite name="table_06" timestamp="2023-05-17T17:26:34Z" hostname="e2e920898e10" tests="10" skipped="2" failures="0" errors="0" time="1.544">
    <testcase time="0.0139999999999998" classname="table_06" name="Table_06_generation_works_with_default_values"/>
    <testcase time="0.016" classname="table_06" name="Table_06_generation_works_with_default_values"/>
    <testcase time="0.201" classname="table_06" name="Table_06_generation_works_with_default_values"/>
    <testcase time="0.522" classname="table_06" name="Table_06_generation_works_with_default_values"/>
    <testcase time="0.124" classname="table_06" name="Table_06_generation_works_with_default_values">
      <skipped message="Reason: On CRAN ('test-table_06.R:8:3')"/>
    </testcase>
    <testcase time="0.024" classname="table_06" name="Table_06_generation_works_with_custom_values"/>
    <testcase time="0.00199999999999978" classname="table_06" name="Table_06_generation_works_with_custom_values"/>
    <testcase time="0.0430000000000001" classname="table_06" name="Table_06_generation_works_with_custom_values"/>
    <testcase time="0.452" classname="table_06" name="Table_06_generation_works_with_custom_values"/>
    <testcase time="0.146" classname="table_06" name="Table_06_generation_works_with_custom_values">
      <skipped message="Reason: On CRAN ('test-table_06.R:40:3')"/>
    </testcase>
  </testsuite>
  <testsuite name="table_07" timestamp="2023-05-17T17:26:35Z" hostname="e2e920898e10" tests="18" skipped="3" failures="0" errors="0" time="1.35">
    <testcase time="0.0430000000000001" classname="table_07" name="Table_07_generation_works_with_default_values"/>
    <testcase time="0.000999999999999446" classname="table_07" name="Table_07_generation_works_with_default_values"/>
    <testcase time="0.00100000000000033" classname="table_07" name="Table_07_generation_works_with_default_values"/>
    <testcase time="0.0300000000000002" classname="table_07" name="Table_07_generation_works_with_default_values"/>
    <testcase time="0.282" classname="table_07" name="Table_07_generation_works_with_default_values"/>
    <testcase time="0.085" classname="table_07" name="Table_07_generation_works_with_default_values">
      <skipped message="Reason: On CRAN ('test-table_07.R:13:3')"/>
    </testcase>
    <testcase time="0.0119999999999996" classname="table_07" name="Table_07_generation_works_with_custom_values"/>
    <testcase time="0.00100000000000033" classname="table_07" name="Table_07_generation_works_with_custom_values"/>
    <testcase time="0.00100000000000033" classname="table_07" name="Table_07_generation_works_with_custom_values"/>
    <testcase time="0.0309999999999997" classname="table_07" name="Table_07_generation_works_with_custom_values"/>
    <testcase time="0.396" classname="table_07" name="Table_07_generation_works_with_custom_values"/>
    <testcase time="0.085" classname="table_07" name="Table_07_generation_works_with_custom_values">
      <skipped message="Reason: On CRAN ('test-table_07.R:42:3')"/>
    </testcase>
    <testcase time="0.0120000000000005" classname="table_07" name="Table_07_generation_works_with_NA_values_pruned_rows"/>
    <testcase time="0.00199999999999978" classname="table_07" name="Table_07_generation_works_with_NA_values_pruned_rows"/>
    <testcase time="0.000999999999999446" classname="table_07" name="Table_07_generation_works_with_NA_values_pruned_rows"/>
    <testcase time="0.0310000000000006" classname="table_07" name="Table_07_generation_works_with_NA_values_pruned_rows"/>
    <testcase time="0.244" classname="table_07" name="Table_07_generation_works_with_NA_values_pruned_rows"/>
    <testcase time="0.0919999999999996" classname="table_07" name="Table_07_generation_works_with_NA_values_pruned_rows">
      <skipped message="Reason: On CRAN ('test-table_07.R:52:3')"/>
    </testcase>
  </testsuite>
  <testsuite name="table_09" timestamp="2023-05-17T17:26:37Z" hostname="e2e920898e10" tests="8" skipped="2" failures="0" errors="0" time="0.696">
    <testcase time="0.0260000000000007" classname="table_09" name="Table_09_generation_works_with_default_values"/>
    <testcase time="0.032" classname="table_09" name="Table_09_generation_works_with_default_values"/>
    <testcase time="0.226" classname="table_09" name="Table_09_generation_works_with_default_values"/>
    <testcase time="0.0459999999999994" classname="table_09" name="Table_09_generation_works_with_default_values">
      <skipped message="Reason: On CRAN ('test-table_09.R:8:3')"/>
    </testcase>
    <testcase time="0.0110000000000001" classname="table_09" name="Table_09_generation_works_with_custom_values"/>
    <testcase time="0.032" classname="table_09" name="Table_09_generation_works_with_custom_values"/>
    <testcase time="0.27" classname="table_09" name="Table_09_generation_works_with_custom_values"/>
    <testcase time="0.0529999999999999" classname="table_09" name="Table_09_generation_works_with_custom_values">
      <skipped message="Reason: On CRAN ('test-table_09.R:39:3')"/>
    </testcase>
  </testsuite>
  <testsuite name="table_13" timestamp="2023-05-17T17:26:37Z" hostname="e2e920898e10" tests="8" skipped="2" failures="0" errors="0" time="0.405">
    <testcase time="0.016" classname="table_13" name="Table_13_generation_works_with_default_values"/>
    <testcase time="0.0389999999999997" classname="table_13" name="Table_13_generation_works_with_default_values"/>
    <testcase time="0.0999999999999996" classname="table_13" name="Table_13_generation_works_with_default_values"/>
    <testcase time="0.048" classname="table_13" name="Table_13_generation_works_with_default_values">
      <skipped message="Reason: On CRAN ('test-table_13.R:8:3')"/>
    </testcase>
    <testcase time="0.0120000000000005" classname="table_13" name="Table_13_generation_works_with_custom_values"/>
    <testcase time="0.0389999999999997" classname="table_13" name="Table_13_generation_works_with_custom_values"/>
    <testcase time="0.116000000000001" classname="table_13" name="Table_13_generation_works_with_custom_values"/>
    <testcase time="0.0349999999999993" classname="table_13" name="Table_13_generation_works_with_custom_values">
      <skipped message="Reason: On CRAN ('test-table_13.R:38:3')"/>
    </testcase>
  </testsuite>
  <testsuite name="table_14" timestamp="2023-05-17T17:26:38Z" hostname="e2e920898e10" tests="10" skipped="3" failures="0" errors="0" time="1.741">
    <testcase time="0.0310000000000006" classname="table_14" name="Table_14_generation_works_with_default_values"/>
    <testcase time="0.425" classname="table_14" name="Table_14_generation_works_with_default_values"/>
    <testcase time="0.11" classname="table_14" name="Table_14_generation_works_with_default_values">
      <skipped message="Reason: On CRAN ('test-table_14.R:16:3')"/>
    </testcase>
    <testcase time="0.0119999999999996" classname="table_14" name="Table_14_generation_works_with_custom_values"/>
    <testcase time="0.0390000000000006" classname="table_14" name="Table_14_generation_works_with_custom_values"/>
    <testcase time="0.451" classname="table_14" name="Table_14_generation_works_with_custom_values"/>
    <testcase time="0.109" classname="table_14" name="Table_14_generation_works_with_custom_values">
      <skipped message="Reason: On CRAN ('test-table_14.R:46:3')"/>
    </testcase>
    <testcase time="0.0119999999999996" classname="table_14" name="Table_14_generation_works_with_NA_values_pruned_rows"/>
    <testcase time="0.467" classname="table_14" name="Table_14_generation_works_with_NA_values_pruned_rows"/>
    <testcase time="0.0850000000000009" classname="table_14" name="Table_14_generation_works_with_NA_values_pruned_rows">
      <skipped message="Reason: On CRAN ('test-table_14.R:53:3')"/>
    </testcase>
  </testsuite>
</testsuites>
