<?xml version="1.0" encoding="UTF-8"?>
<testsuites>
  <testsuite name="table_06" timestamp="2023-05-17T17:13:21Z" hostname="60dd28a1b243" tests="10" skipped="2" failures="0" errors="0" time="2.029">
    <testcase time="0.0190000000000001" classname="table_06" name="Table_06_generation_works_with_default_values"/>
    <testcase time="0.02" classname="table_06" name="Table_06_generation_works_with_default_values"/>
    <testcase time="0.274" classname="table_06" name="Table_06_generation_works_with_default_values"/>
    <testcase time="0.681" classname="table_06" name="Table_06_generation_works_with_default_values"/>
    <testcase time="0.165999999999999" classname="table_06" name="Table_06_generation_works_with_default_values">
      <skipped message="Reason: On CRAN ('test-table_06.R:8:3')"/>
    </testcase>
    <testcase time="0.032" classname="table_06" name="Table_06_generation_works_with_custom_values"/>
    <testcase time="0.00199999999999978" classname="table_06" name="Table_06_generation_works_with_custom_values"/>
    <testcase time="0.0610000000000008" classname="table_06" name="Table_06_generation_works_with_custom_values"/>
    <testcase time="0.584" classname="table_06" name="Table_06_generation_works_with_custom_values"/>
    <testcase time="0.19" classname="table_06" name="Table_06_generation_works_with_custom_values">
      <skipped message="Reason: On CRAN ('test-table_06.R:40:3')"/>
    </testcase>
  </testsuite>
  <testsuite name="table_07" timestamp="2023-05-17T17:13:23Z" hostname="60dd28a1b243" tests="18" skipped="3" failures="0" errors="0" time="1.764">
    <testcase time="0.0549999999999997" classname="table_07" name="Table_07_generation_works_with_default_values"/>
    <testcase time="0.00100000000000033" classname="table_07" name="Table_07_generation_works_with_default_values"/>
    <testcase time="0.00100000000000033" classname="table_07" name="Table_07_generation_works_with_default_values"/>
    <testcase time="0.0439999999999996" classname="table_07" name="Table_07_generation_works_with_default_values"/>
    <testcase time="0.369" classname="table_07" name="Table_07_generation_works_with_default_values"/>
    <testcase time="0.11" classname="table_07" name="Table_07_generation_works_with_default_values">
      <skipped message="Reason: On CRAN ('test-table_07.R:13:3')"/>
    </testcase>
    <testcase time="0.0149999999999997" classname="table_07" name="Table_07_generation_works_with_custom_values"/>
    <testcase time="0.00199999999999978" classname="table_07" name="Table_07_generation_works_with_custom_values"/>
    <testcase time="0.00100000000000033" classname="table_07" name="Table_07_generation_works_with_custom_values"/>
    <testcase time="0.0449999999999999" classname="table_07" name="Table_07_generation_works_with_custom_values"/>
    <testcase time="0.513" classname="table_07" name="Table_07_generation_works_with_custom_values"/>
    <testcase time="0.11" classname="table_07" name="Table_07_generation_works_with_custom_values">
      <skipped message="Reason: On CRAN ('test-table_07.R:42:3')"/>
    </testcase>
    <testcase time="0.0149999999999997" classname="table_07" name="Table_07_generation_works_with_NA_values_pruned_rows"/>
    <testcase time="0.00199999999999978" classname="table_07" name="Table_07_generation_works_with_NA_values_pruned_rows"/>
    <testcase time="0.00100000000000033" classname="table_07" name="Table_07_generation_works_with_NA_values_pruned_rows"/>
    <testcase time="0.0449999999999999" classname="table_07" name="Table_07_generation_works_with_NA_values_pruned_rows"/>
    <testcase time="0.316" classname="table_07" name="Table_07_generation_works_with_NA_values_pruned_rows"/>
    <testcase time="0.119000000000001" classname="table_07" name="Table_07_generation_works_with_NA_values_pruned_rows">
      <skipped message="Reason: On CRAN ('test-table_07.R:52:3')"/>
    </testcase>
  </testsuite>
  <testsuite name="table_09" timestamp="2023-05-17T17:13:24Z" hostname="60dd28a1b243" tests="8" skipped="2" failures="0" errors="0" time="0.897">
    <testcase time="0.0329999999999995" classname="table_09" name="Table_09_generation_works_with_default_values"/>
    <testcase time="0.0449999999999999" classname="table_09" name="Table_09_generation_works_with_default_values"/>
    <testcase time="0.288" classname="table_09" name="Table_09_generation_works_with_default_values"/>
    <testcase time="0.0579999999999998" classname="table_09" name="Table_09_generation_works_with_default_values">
      <skipped message="Reason: On CRAN ('test-table_09.R:8:3')"/>
    </testcase>
    <testcase time="0.0149999999999997" classname="table_09" name="Table_09_generation_works_with_custom_values"/>
    <testcase time="0.0460000000000003" classname="table_09" name="Table_09_generation_works_with_custom_values"/>
    <testcase time="0.345" classname="table_09" name="Table_09_generation_works_with_custom_values"/>
    <testcase time="0.0670000000000002" classname="table_09" name="Table_09_generation_works_with_custom_values">
      <skipped message="Reason: On CRAN ('test-table_09.R:39:3')"/>
    </testcase>
  </testsuite>
  <testsuite name="table_13" timestamp="2023-05-17T17:13:25Z" hostname="60dd28a1b243" tests="8" skipped="2" failures="0" errors="0" time="0.535">
    <testcase time="0.0209999999999999" classname="table_13" name="Table_13_generation_works_with_default_values"/>
    <testcase time="0.0549999999999997" classname="table_13" name="Table_13_generation_works_with_default_values"/>
    <testcase time="0.131" classname="table_13" name="Table_13_generation_works_with_default_values"/>
    <testcase time="0.0620000000000012" classname="table_13" name="Table_13_generation_works_with_default_values">
      <skipped message="Reason: On CRAN ('test-table_13.R:8:3')"/>
    </testcase>
    <testcase time="0.016" classname="table_13" name="Table_13_generation_works_with_custom_values"/>
    <testcase time="0.0549999999999997" classname="table_13" name="Table_13_generation_works_with_custom_values"/>
    <testcase time="0.151" classname="table_13" name="Table_13_generation_works_with_custom_values"/>
    <testcase time="0.0440000000000005" classname="table_13" name="Table_13_generation_works_with_custom_values">
      <skipped message="Reason: On CRAN ('test-table_13.R:38:3')"/>
    </testcase>
  </testsuite>
  <testsuite name="table_14" timestamp="2023-05-17T17:13:26Z" hostname="60dd28a1b243" tests="10" skipped="3" failures="0" errors="0" time="2.228">
    <testcase time="0.0389999999999997" classname="table_14" name="Table_14_generation_works_with_default_values"/>
    <testcase time="0.548" classname="table_14" name="Table_14_generation_works_with_default_values"/>
    <testcase time="0.140000000000001" classname="table_14" name="Table_14_generation_works_with_default_values">
      <skipped message="Reason: On CRAN ('test-table_14.R:16:3')"/>
    </testcase>
    <testcase time="0.016" classname="table_14" name="Table_14_generation_works_with_custom_values"/>
    <testcase time="0.0549999999999997" classname="table_14" name="Table_14_generation_works_with_custom_values"/>
    <testcase time="0.575999999999999" classname="table_14" name="Table_14_generation_works_with_custom_values"/>
    <testcase time="0.142000000000001" classname="table_14" name="Table_14_generation_works_with_custom_values">
      <skipped message="Reason: On CRAN ('test-table_14.R:46:3')"/>
    </testcase>
    <testcase time="0.0149999999999988" classname="table_14" name="Table_14_generation_works_with_NA_values_pruned_rows"/>
    <testcase time="0.59" classname="table_14" name="Table_14_generation_works_with_NA_values_pruned_rows"/>
    <testcase time="0.107000000000001" classname="table_14" name="Table_14_generation_works_with_NA_values_pruned_rows">
      <skipped message="Reason: On CRAN ('test-table_14.R:53:3')"/>
    </testcase>
  </testsuite>
</testsuites>
