<?xml version="1.0" encoding="UTF-8"?>
<testsuites>
  <testsuite name="table_06" timestamp="2023-05-17T17:37:19Z" hostname="4aad06f1547a" tests="10" skipped="2" failures="0" errors="0" time="2.051">
    <testcase time="0.02" classname="table_06" name="Table_06_generation_works_with_default_values"/>
    <testcase time="0.0209999999999999" classname="table_06" name="Table_06_generation_works_with_default_values"/>
    <testcase time="0.279" classname="table_06" name="Table_06_generation_works_with_default_values"/>
    <testcase time="0.688" classname="table_06" name="Table_06_generation_works_with_default_values"/>
    <testcase time="0.167" classname="table_06" name="Table_06_generation_works_with_default_values">
      <skipped message="Reason: On CRAN ('test-table_06.R:8:3')"/>
    </testcase>
    <testcase time="0.032" classname="table_06" name="Table_06_generation_works_with_custom_values"/>
    <testcase time="0.00199999999999978" classname="table_06" name="Table_06_generation_works_with_custom_values"/>
    <testcase time="0.0609999999999999" classname="table_06" name="Table_06_generation_works_with_custom_values"/>
    <testcase time="0.589" classname="table_06" name="Table_06_generation_works_with_custom_values"/>
    <testcase time="0.192" classname="table_06" name="Table_06_generation_works_with_custom_values">
      <skipped message="Reason: On CRAN ('test-table_06.R:40:3')"/>
    </testcase>
  </testsuite>
  <testsuite name="table_07" timestamp="2023-05-17T17:37:21Z" hostname="4aad06f1547a" tests="18" skipped="3" failures="0" errors="0" time="1.801">
    <testcase time="0.056" classname="table_07" name="Table_07_generation_works_with_default_values"/>
    <testcase time="0.000999999999999446" classname="table_07" name="Table_07_generation_works_with_default_values"/>
    <testcase time="0.00200000000000067" classname="table_07" name="Table_07_generation_works_with_default_values"/>
    <testcase time="0.0439999999999996" classname="table_07" name="Table_07_generation_works_with_default_values"/>
    <testcase time="0.373" classname="table_07" name="Table_07_generation_works_with_default_values"/>
    <testcase time="0.111" classname="table_07" name="Table_07_generation_works_with_default_values">
      <skipped message="Reason: On CRAN ('test-table_07.R:13:3')"/>
    </testcase>
    <testcase time="0.016" classname="table_07" name="Table_07_generation_works_with_custom_values"/>
    <testcase time="0.00100000000000033" classname="table_07" name="Table_07_generation_works_with_custom_values"/>
    <testcase time="0.00199999999999978" classname="table_07" name="Table_07_generation_works_with_custom_values"/>
    <testcase time="0.0449999999999999" classname="table_07" name="Table_07_generation_works_with_custom_values"/>
    <testcase time="0.522" classname="table_07" name="Table_07_generation_works_with_custom_values"/>
    <testcase time="0.112" classname="table_07" name="Table_07_generation_works_with_custom_values">
      <skipped message="Reason: On CRAN ('test-table_07.R:42:3')"/>
    </testcase>
    <testcase time="0.016" classname="table_07" name="Table_07_generation_works_with_NA_values_pruned_rows"/>
    <testcase time="0.00199999999999978" classname="table_07" name="Table_07_generation_works_with_NA_values_pruned_rows"/>
    <testcase time="0.00199999999999978" classname="table_07" name="Table_07_generation_works_with_NA_values_pruned_rows"/>
    <testcase time="0.0449999999999999" classname="table_07" name="Table_07_generation_works_with_NA_values_pruned_rows"/>
    <testcase time="0.33" classname="table_07" name="Table_07_generation_works_with_NA_values_pruned_rows"/>
    <testcase time="0.121" classname="table_07" name="Table_07_generation_works_with_NA_values_pruned_rows">
      <skipped message="Reason: On CRAN ('test-table_07.R:52:3')"/>
    </testcase>
  </testsuite>
  <testsuite name="table_09" timestamp="2023-05-17T17:37:23Z" hostname="4aad06f1547a" tests="8" skipped="2" failures="0" errors="0" time="0.929">
    <testcase time="0.0349999999999993" classname="table_09" name="Table_09_generation_works_with_default_values"/>
    <testcase time="0.0460000000000003" classname="table_09" name="Table_09_generation_works_with_default_values"/>
    <testcase time="0.298" classname="table_09" name="Table_09_generation_works_with_default_values"/>
    <testcase time="0.0600000000000005" classname="table_09" name="Table_09_generation_works_with_default_values">
      <skipped message="Reason: On CRAN ('test-table_09.R:8:3')"/>
    </testcase>
    <testcase time="0.0159999999999991" classname="table_09" name="Table_09_generation_works_with_custom_values"/>
    <testcase time="0.0460000000000003" classname="table_09" name="Table_09_generation_works_with_custom_values"/>
    <testcase time="0.358" classname="table_09" name="Table_09_generation_works_with_custom_values"/>
    <testcase time="0.0700000000000003" classname="table_09" name="Table_09_generation_works_with_custom_values">
      <skipped message="Reason: On CRAN ('test-table_09.R:39:3')"/>
    </testcase>
  </testsuite>
  <testsuite name="table_13" timestamp="2023-05-17T17:37:24Z" hostname="4aad06f1547a" tests="8" skipped="2" failures="0" errors="0" time="0.548">
    <testcase time="0.0210000000000008" classname="table_13" name="Table_13_generation_works_with_default_values"/>
    <testcase time="0.0549999999999997" classname="table_13" name="Table_13_generation_works_with_default_values"/>
    <testcase time="0.134" classname="table_13" name="Table_13_generation_works_with_default_values"/>
    <testcase time="0.0640000000000001" classname="table_13" name="Table_13_generation_works_with_default_values">
      <skipped message="Reason: On CRAN ('test-table_13.R:8:3')"/>
    </testcase>
    <testcase time="0.0169999999999995" classname="table_13" name="Table_13_generation_works_with_custom_values"/>
    <testcase time="0.0549999999999997" classname="table_13" name="Table_13_generation_works_with_custom_values"/>
    <testcase time="0.156000000000001" classname="table_13" name="Table_13_generation_works_with_custom_values"/>
    <testcase time="0.0459999999999994" classname="table_13" name="Table_13_generation_works_with_custom_values">
      <skipped message="Reason: On CRAN ('test-table_13.R:38:3')"/>
    </testcase>
  </testsuite>
  <testsuite name="table_14" timestamp="2023-05-17T17:37:24Z" hostname="4aad06f1547a" tests="10" skipped="3" failures="0" errors="0" time="2.276">
    <testcase time="0.0410000000000004" classname="table_14" name="Table_14_generation_works_with_default_values"/>
    <testcase time="0.555999999999999" classname="table_14" name="Table_14_generation_works_with_default_values"/>
    <testcase time="0.143000000000001" classname="table_14" name="Table_14_generation_works_with_default_values">
      <skipped message="Reason: On CRAN ('test-table_14.R:16:3')"/>
    </testcase>
    <testcase time="0.016" classname="table_14" name="Table_14_generation_works_with_custom_values"/>
    <testcase time="0.0559999999999992" classname="table_14" name="Table_14_generation_works_with_custom_values"/>
    <testcase time="0.596" classname="table_14" name="Table_14_generation_works_with_custom_values"/>
    <testcase time="0.143000000000001" classname="table_14" name="Table_14_generation_works_with_custom_values">
      <skipped message="Reason: On CRAN ('test-table_14.R:46:3')"/>
    </testcase>
    <testcase time="0.0150000000000006" classname="table_14" name="Table_14_generation_works_with_NA_values_pruned_rows"/>
    <testcase time="0.602" classname="table_14" name="Table_14_generation_works_with_NA_values_pruned_rows"/>
    <testcase time="0.108000000000001" classname="table_14" name="Table_14_generation_works_with_NA_values_pruned_rows">
      <skipped message="Reason: On CRAN ('test-table_14.R:53:3')"/>
    </testcase>
  </testsuite>
</testsuites>
