<?xml version="1.0" encoding="UTF-8"?>
<testsuites>
  <testsuite name="falcon" timestamp="2023-05-02T14:10:18Z" hostname="ee55a6b9a7e7" tests="1" skipped="0" failures="0" errors="0" time="0.035">
    <testcase time="0.0350000000000001" classname="falcon" name="dummy_test"/>
  </testsuite>
</testsuites>
