<?xml version="1.0" encoding="UTF-8"?>
<testsuites>
  <testsuite name="table_02" timestamp="2023-10-10T20:10:29Z" hostname="1be645c6ef48" tests="30" skipped="10" failures="0" errors="0" time="21.983">
    <testcase time="0.198" classname="table_02" name="Table_02_generation_works_with_default_values"/>
    <testcase time="0.782" classname="table_02" name="Table_02_generation_works_with_default_values"/>
    <testcase time="0.354" classname="table_02" name="Table_02_generation_works_with_default_values">
      <skipped message="Reason: On CRAN ('test-table_02.R:16:3')"/>
    </testcase>
    <testcase time="0.119" classname="table_02" name="Table_02_generation_works_with_custom_values"/>
    <testcase time="0.621" classname="table_02" name="Table_02_generation_works_with_custom_values"/>
    <testcase time="0.383999999999999" classname="table_02" name="Table_02_generation_works_with_custom_values">
      <skipped message="Reason: On CRAN ('test-table_02.R:45:3')"/>
    </testcase>
    <testcase time="0.0940000000000003" classname="table_02" name="Table_02_generation_works_with_some_NA_values"/>
    <testcase time="0.164" classname="table_02" name="Table_02_generation_works_with_some_NA_values"/>
    <testcase time="0.0740000000000007" classname="table_02" name="Table_02_generation_works_with_some_NA_values">
      <skipped message="Reason: On CRAN ('test-table_02.R:57:3')"/>
    </testcase>
    <testcase time="0.0299999999999994" classname="table_02" name="Table_02_generation_tplyr_works_with_default_values"/>
    <testcase time="2.698" classname="table_02" name="Table_02_generation_tplyr_works_with_default_values"/>
    <testcase time="0.0510000000000002" classname="table_02" name="Table_02_generation_tplyr_works_with_default_values">
      <skipped message="Reason: On CRAN ('test-table_02.R:66:3')"/>
    </testcase>
    <testcase time="0.0390000000000015" classname="table_02" name="Table_02_generation_tplyr_works_with_tplyr_raw_TRUE"/>
    <testcase time="1.623" classname="table_02" name="Table_02_generation_tplyr_works_with_tplyr_raw_TRUE"/>
    <testcase time="0.0359999999999996" classname="table_02" name="Table_02_generation_tplyr_works_with_tplyr_raw_TRUE">
      <skipped message="Reason: On CRAN ('test-table_02.R:75:3')"/>
    </testcase>
    <testcase time="0.0690000000000008" classname="table_02" name="Table_02_generation_tplyr_works_with_custom_values"/>
    <testcase time="2.576" classname="table_02" name="Table_02_generation_tplyr_works_with_custom_values"/>
    <testcase time="0.0330000000000013" classname="table_02" name="Table_02_generation_tplyr_works_with_custom_values">
      <skipped message="Reason: On CRAN ('test-table_02.R:102:3')"/>
    </testcase>
    <testcase time="0.0679999999999996" classname="table_02" name="Table_02_generation_tplyr_works_with_some_NA_values"/>
    <testcase time="1.005" classname="table_02" name="Table_02_generation_tplyr_works_with_some_NA_values"/>
    <testcase time="0.0329999999999995" classname="table_02" name="Table_02_generation_tplyr_works_with_some_NA_values">
      <skipped message="Reason: On CRAN ('test-table_02.R:119:3')"/>
    </testcase>
    <testcase time="0.0259999999999998" classname="table_02" name="Table_02_generation_gtsum_works_with_default_values"/>
    <testcase time="4.355" classname="table_02" name="Table_02_generation_gtsum_works_with_default_values"/>
    <testcase time="0.00900000000000034" classname="table_02" name="Table_02_generation_gtsum_works_with_default_values">
      <skipped message="Reason: On CRAN ('test-table_02.R:128:3')"/>
    </testcase>
    <testcase time="0.0679999999999978" classname="table_02" name="Table_02_generation_gtsum_works_with_custom_values"/>
    <testcase time="4.943" classname="table_02" name="Table_02_generation_gtsum_works_with_custom_values"/>
    <testcase time="0.0120000000000005" classname="table_02" name="Table_02_generation_gtsum_works_with_custom_values">
      <skipped message="Reason: On CRAN ('test-table_02.R:146:3')"/>
    </testcase>
    <testcase time="0.0650000000000013" classname="table_02" name="Table_02_generation_gtsum_works_with_some_NA_values"/>
    <testcase time="1.444" classname="table_02" name="Table_02_generation_gtsum_works_with_some_NA_values"/>
    <testcase time="0.00999999999999801" classname="table_02" name="Table_02_generation_gtsum_works_with_some_NA_values">
      <skipped message="Reason: On CRAN ('test-table_02.R:163:3')"/>
    </testcase>
  </testsuite>
  <testsuite name="table_03" timestamp="2023-10-10T20:10:51Z" hostname="1be645c6ef48" tests="8" skipped="2" failures="0" errors="0" time="1.364">
    <testcase time="0.054000000000002" classname="table_03" name="Table_3_generation_works_with_default_values"/>
    <testcase time="0.00199999999999889" classname="table_03" name="Table_3_generation_works_with_default_values"/>
    <testcase time="0.558" classname="table_03" name="Table_3_generation_works_with_default_values"/>
    <testcase time="0.0910000000000011" classname="table_03" name="Table_3_generation_works_with_default_values">
      <skipped message="Reason: On CRAN ('test-table_03.R:21:3')"/>
    </testcase>
    <testcase time="0.0339999999999989" classname="table_03" name="Table_3_generation_works_with_custom_values"/>
    <testcase time="0.00300000000000011" classname="table_03" name="Table_3_generation_works_with_custom_values"/>
    <testcase time="0.497" classname="table_03" name="Table_3_generation_works_with_custom_values"/>
    <testcase time="0.125" classname="table_03" name="Table_3_generation_works_with_custom_values">
      <skipped message="Reason: On CRAN ('test-table_03.R:41:3')"/>
    </testcase>
  </testsuite>
  <testsuite name="table_04" timestamp="2023-10-10T20:10:53Z" hostname="1be645c6ef48" tests="12" skipped="2" failures="0" errors="0" time="1.51">
    <testcase time="0.0890000000000022" classname="table_04" name="Table_04_generation_works_with_default_values"/>
    <testcase time="0.00199999999999889" classname="table_04" name="Table_04_generation_works_with_default_values"/>
    <testcase time="0.00300000000000011" classname="table_04" name="Table_04_generation_works_with_default_values"/>
    <testcase time="0.00199999999999889" classname="table_04" name="Table_04_generation_works_with_default_values"/>
    <testcase time="0.533000000000001" classname="table_04" name="Table_04_generation_works_with_default_values"/>
    <testcase time="0.163" classname="table_04" name="Table_04_generation_works_with_default_values">
      <skipped message="Reason: On CRAN ('test-table_04.R:18:3')"/>
    </testcase>
    <testcase time="0.0309999999999988" classname="table_04" name="Table_04_generation_works_with_custom_values"/>
    <testcase time="0.00199999999999889" classname="table_04" name="Table_04_generation_works_with_custom_values"/>
    <testcase time="0.00200000000000244" classname="table_04" name="Table_04_generation_works_with_custom_values"/>
    <testcase time="0.00300000000000011" classname="table_04" name="Table_04_generation_works_with_custom_values"/>
    <testcase time="0.542999999999999" classname="table_04" name="Table_04_generation_works_with_custom_values"/>
    <testcase time="0.137" classname="table_04" name="Table_04_generation_works_with_custom_values">
      <skipped message="Reason: On CRAN ('test-table_04.R:44:3')"/>
    </testcase>
  </testsuite>
  <testsuite name="table_05" timestamp="2023-10-10T20:10:54Z" hostname="1be645c6ef48" tests="12" skipped="4" failures="0" errors="0" time="2.214">
    <testcase time="0.262" classname="table_05" name="Table_05_generation_works_with_default_values"/>
    <testcase time="0.350999999999999" classname="table_05" name="Table_05_generation_works_with_default_values"/>
    <testcase time="0.128" classname="table_05" name="Table_05_generation_works_with_default_values">
      <skipped message="Reason: On CRAN ('test-table_05.R:10:3')"/>
    </testcase>
    <testcase time="0.0289999999999999" classname="table_05" name="Table_05_generation_works_with_custom_values"/>
    <testcase time="0.34" classname="table_05" name="Table_05_generation_works_with_custom_values"/>
    <testcase time="0.138999999999999" classname="table_05" name="Table_05_generation_works_with_custom_values">
      <skipped message="Reason: On CRAN ('test-table_05.R:34:3')"/>
    </testcase>
    <testcase time="0.0299999999999976" classname="table_05" name="Table_05_generation_works_with_NA_values_pruned_rows"/>
    <testcase time="0.308" classname="table_05" name="Table_05_generation_works_with_NA_values_pruned_rows"/>
    <testcase time="0.113000000000003" classname="table_05" name="Table_05_generation_works_with_NA_values_pruned_rows">
      <skipped message="Reason: On CRAN ('test-table_05.R:44:3')"/>
    </testcase>
    <testcase time="0.0329999999999977" classname="table_05" name="Table_05_generation_works_with_risk_difference_column"/>
    <testcase time="0.352" classname="table_05" name="Table_05_generation_works_with_risk_difference_column"/>
    <testcase time="0.129000000000001" classname="table_05" name="Table_05_generation_works_with_risk_difference_column">
      <skipped message="Reason: On CRAN ('test-table_05.R:57:3')"/>
    </testcase>
  </testsuite>
  <testsuite name="table_06" timestamp="2023-10-10T20:10:56Z" hostname="1be645c6ef48" tests="15" skipped="3" failures="0" errors="0" time="3.252">
    <testcase time="0.0479999999999983" classname="table_06" name="Table_06_generation_works_with_default_values"/>
    <testcase time="0.00200000000000244" classname="table_06" name="Table_06_generation_works_with_default_values"/>
    <testcase time="0.0809999999999995" classname="table_06" name="Table_06_generation_works_with_default_values"/>
    <testcase time="0.655000000000001" classname="table_06" name="Table_06_generation_works_with_default_values"/>
    <testcase time="0.143999999999998" classname="table_06" name="Table_06_generation_works_with_default_values">
      <skipped message="Reason: On CRAN ('test-table_06.R:8:3')"/>
    </testcase>
    <testcase time="0.0279999999999987" classname="table_06" name="Table_06_generation_works_with_custom_values"/>
    <testcase time="0.00200000000000244" classname="table_06" name="Table_06_generation_works_with_custom_values"/>
    <testcase time="0.088000000000001" classname="table_06" name="Table_06_generation_works_with_custom_values"/>
    <testcase time="0.856999999999999" classname="table_06" name="Table_06_generation_works_with_custom_values"/>
    <testcase time="0.247" classname="table_06" name="Table_06_generation_works_with_custom_values">
      <skipped message="Reason: On CRAN ('test-table_06.R:40:3')"/>
    </testcase>
    <testcase time="0.0319999999999965" classname="table_06" name="Table_06_generation_works_with_risk_difference_column"/>
    <testcase time="0.00300000000000011" classname="table_06" name="Table_06_generation_works_with_risk_difference_column"/>
    <testcase time="0.0820000000000007" classname="table_06" name="Table_06_generation_works_with_risk_difference_column"/>
    <testcase time="0.805" classname="table_06" name="Table_06_generation_works_with_risk_difference_column"/>
    <testcase time="0.178000000000004" classname="table_06" name="Table_06_generation_works_with_risk_difference_column">
      <skipped message="Reason: On CRAN ('test-table_06.R:48:3')"/>
    </testcase>
  </testsuite>
  <testsuite name="table_07" timestamp="2023-10-10T20:11:00Z" hostname="1be645c6ef48" tests="24" skipped="4" failures="0" errors="0" time="3.507">
    <testcase time="0.0529999999999973" classname="table_07" name="Table_07_generation_works_with_default_values"/>
    <testcase time="0.00300000000000011" classname="table_07" name="Table_07_generation_works_with_default_values"/>
    <testcase time="0.00399999999999778" classname="table_07" name="Table_07_generation_works_with_default_values"/>
    <testcase time="0.0620000000000047" classname="table_07" name="Table_07_generation_works_with_default_values"/>
    <testcase time="0.483999999999995" classname="table_07" name="Table_07_generation_works_with_default_values"/>
    <testcase time="0.189" classname="table_07" name="Table_07_generation_works_with_default_values">
      <skipped message="Reason: On CRAN ('test-table_07.R:13:3')"/>
    </testcase>
    <testcase time="0.0280000000000058" classname="table_07" name="Table_07_generation_works_with_custom_values"/>
    <testcase time="0.00199999999999534" classname="table_07" name="Table_07_generation_works_with_custom_values"/>
    <testcase time="0.00300000000000011" classname="table_07" name="Table_07_generation_works_with_custom_values"/>
    <testcase time="0.0609999999999999" classname="table_07" name="Table_07_generation_works_with_custom_values"/>
    <testcase time="0.706000000000003" classname="table_07" name="Table_07_generation_works_with_custom_values"/>
    <testcase time="0.247" classname="table_07" name="Table_07_generation_works_with_custom_values">
      <skipped message="Reason: On CRAN ('test-table_07.R:42:3')"/>
    </testcase>
    <testcase time="0.0279999999999987" classname="table_07" name="Table_07_generation_works_with_NA_values_pruned_rows"/>
    <testcase time="0.00300000000000011" classname="table_07" name="Table_07_generation_works_with_NA_values_pruned_rows"/>
    <testcase time="0.00200000000000244" classname="table_07" name="Table_07_generation_works_with_NA_values_pruned_rows"/>
    <testcase time="0.0609999999999999" classname="table_07" name="Table_07_generation_works_with_NA_values_pruned_rows"/>
    <testcase time="0.485999999999997" classname="table_07" name="Table_07_generation_works_with_NA_values_pruned_rows"/>
    <testcase time="0.186" classname="table_07" name="Table_07_generation_works_with_NA_values_pruned_rows">
      <skipped message="Reason: On CRAN ('test-table_07.R:52:3')"/>
    </testcase>
    <testcase time="0.0279999999999987" classname="table_07" name="Table_07_generation_works_with_risk_difference_column"/>
    <testcase time="0.00200000000000244" classname="table_07" name="Table_07_generation_works_with_risk_difference_column"/>
    <testcase time="0.00199999999999534" classname="table_07" name="Table_07_generation_works_with_risk_difference_column"/>
    <testcase time="0.0690000000000026" classname="table_07" name="Table_07_generation_works_with_risk_difference_column"/>
    <testcase time="0.588000000000001" classname="table_07" name="Table_07_generation_works_with_risk_difference_column"/>
    <testcase time="0.210000000000001" classname="table_07" name="Table_07_generation_works_with_risk_difference_column">
      <skipped message="Reason: On CRAN ('test-table_07.R:65:3')"/>
    </testcase>
  </testsuite>
  <testsuite name="table_08" timestamp="2023-10-10T20:11:03Z" hostname="1be645c6ef48" tests="8" skipped="2" failures="0" errors="0" time="0.655">
    <testcase time="0.036999999999999" classname="table_08" name="Table_08_generation_works_with_default_values"/>
    <testcase time="0.00300000000000011" classname="table_08" name="Table_08_generation_works_with_default_values"/>
    <testcase time="0.0739999999999981" classname="table_08" name="Table_08_generation_works_with_default_values"/>
    <testcase time="0.191000000000003" classname="table_08" name="Table_08_generation_works_with_default_values">
      <skipped message="Reason: On CRAN ('test-table_08.R:10:3')"/>
    </testcase>
    <testcase time="0.0319999999999965" classname="table_08" name="Table_08_generation_works_with_custom_values"/>
    <testcase time="0.00400000000000489" classname="table_08" name="Table_08_generation_works_with_custom_values"/>
    <testcase time="0.0629999999999953" classname="table_08" name="Table_08_generation_works_with_custom_values"/>
    <testcase time="0.251000000000005" classname="table_08" name="Table_08_generation_works_with_custom_values">
      <skipped message="Reason: On CRAN ('test-table_08.R:31:3')"/>
    </testcase>
  </testsuite>
  <testsuite name="table_09" timestamp="2023-10-10T20:11:04Z" hostname="1be645c6ef48" tests="12" skipped="3" failures="0" errors="0" time="2.143">
    <testcase time="0.0349999999999966" classname="table_09" name="Table_09_generation_works_with_default_values"/>
    <testcase time="0.0600000000000023" classname="table_09" name="Table_09_generation_works_with_default_values"/>
    <testcase time="0.442999999999998" classname="table_09" name="Table_09_generation_works_with_default_values"/>
    <testcase time="0.0910000000000011" classname="table_09" name="Table_09_generation_works_with_default_values">
      <skipped message="Reason: On CRAN ('test-table_09.R:8:3')"/>
    </testcase>
    <testcase time="0.027000000000001" classname="table_09" name="Table_09_generation_works_with_custom_values"/>
    <testcase time="0.054000000000002" classname="table_09" name="Table_09_generation_works_with_custom_values"/>
    <testcase time="0.530999999999999" classname="table_09" name="Table_09_generation_works_with_custom_values"/>
    <testcase time="0.131" classname="table_09" name="Table_09_generation_works_with_custom_values">
      <skipped message="Reason: On CRAN ('test-table_09.R:39:3')"/>
    </testcase>
    <testcase time="0.027000000000001" classname="table_09" name="Table_09_generation_works_with_risk_difference_column"/>
    <testcase time="0.0609999999999999" classname="table_09" name="Table_09_generation_works_with_risk_difference_column"/>
    <testcase time="0.576999999999998" classname="table_09" name="Table_09_generation_works_with_risk_difference_column"/>
    <testcase time="0.106000000000002" classname="table_09" name="Table_09_generation_works_with_risk_difference_column">
      <skipped message="Reason: On CRAN ('test-table_09.R:47:3')"/>
    </testcase>
  </testsuite>
  <testsuite name="table_10" timestamp="2023-10-10T20:11:06Z" hostname="1be645c6ef48" tests="15" skipped="3" failures="0" errors="0" time="2.509">
    <testcase time="0.0419999999999945" classname="table_10" name="Table_10_generation_works_with_default_values"/>
    <testcase time="0.00200000000000244" classname="table_10" name="Table_10_generation_works_with_default_values"/>
    <testcase time="0.0600000000000023" classname="table_10" name="Table_10_generation_works_with_default_values"/>
    <testcase time="0.543999999999997" classname="table_10" name="Table_10_generation_works_with_default_values"/>
    <testcase time="0.192" classname="table_10" name="Table_10_generation_works_with_default_values">
      <skipped message="Reason: On CRAN ('test-table_10.R:17:3')"/>
    </testcase>
    <testcase time="0.0339999999999989" classname="table_10" name="Table_10_generation_works_with_custom_values"/>
    <testcase time="0.00200000000000244" classname="table_10" name="Table_10_generation_works_with_custom_values"/>
    <testcase time="0.0529999999999973" classname="table_10" name="Table_10_generation_works_with_custom_values"/>
    <testcase time="0.499000000000002" classname="table_10" name="Table_10_generation_works_with_custom_values"/>
    <testcase time="0.0989999999999966" classname="table_10" name="Table_10_generation_works_with_custom_values">
      <skipped message="Reason: On CRAN ('test-table_10.R:52:3')"/>
    </testcase>
    <testcase time="0.0260000000000034" classname="table_10" name="Table_10_generation_works_with_risk_difference_column"/>
    <testcase time="0.00200000000000244" classname="table_10" name="Table_10_generation_works_with_risk_difference_column"/>
    <testcase time="0.0569999999999951" classname="table_10" name="Table_10_generation_works_with_risk_difference_column"/>
    <testcase time="0.673000000000002" classname="table_10" name="Table_10_generation_works_with_risk_difference_column"/>
    <testcase time="0.224000000000004" classname="table_10" name="Table_10_generation_works_with_risk_difference_column">
      <skipped message="Reason: On CRAN ('test-table_10.R:60:3')"/>
    </testcase>
  </testsuite>
  <testsuite name="table_11" timestamp="2023-10-10T20:11:08Z" hostname="1be645c6ef48" tests="12" skipped="3" failures="0" errors="0" time="3.792">
    <testcase time="0.0399999999999991" classname="table_11" name="Table_11_generation_works_with_default_values"/>
    <testcase time="0.0659999999999954" classname="table_11" name="Table_11_generation_works_with_default_values"/>
    <testcase time="0.933" classname="table_11" name="Table_11_generation_works_with_default_values"/>
    <testcase time="0.228999999999999" classname="table_11" name="Table_11_generation_works_with_default_values">
      <skipped message="Reason: On CRAN ('test-table_11.R:18:3')"/>
    </testcase>
    <testcase time="0.0310000000000059" classname="table_11" name="Table_11_generation_works_with_custom_values"/>
    <testcase time="0.0649999999999977" classname="table_11" name="Table_11_generation_works_with_custom_values"/>
    <testcase time="0.826999999999998" classname="table_11" name="Table_11_generation_works_with_custom_values"/>
    <testcase time="0.0930000000000035" classname="table_11" name="Table_11_generation_works_with_custom_values">
      <skipped message="Reason: On CRAN ('test-table_11.R:48:3')"/>
    </testcase>
    <testcase time="0.027000000000001" classname="table_11" name="Table_11_generation_works_with_risk_difference_column"/>
    <testcase time="0.0700000000000003" classname="table_11" name="Table_11_generation_works_with_risk_difference_column"/>
    <testcase time="1.16999999999999" classname="table_11" name="Table_11_generation_works_with_risk_difference_column"/>
    <testcase time="0.241" classname="table_11" name="Table_11_generation_works_with_risk_difference_column">
      <skipped message="Reason: On CRAN ('test-table_11.R:56:3')"/>
    </testcase>
  </testsuite>
  <testsuite name="table_12" timestamp="2023-10-10T20:11:12Z" hostname="1be645c6ef48" tests="12" skipped="3" failures="0" errors="0" time="4.804">
    <testcase time="0.0330000000000013" classname="table_12" name="Table_12_generation_works_with_default_values"/>
    <testcase time="0.070999999999998" classname="table_12" name="Table_12_generation_works_with_default_values"/>
    <testcase time="1.259" classname="table_12" name="Table_12_generation_works_with_default_values"/>
    <testcase time="0.179000000000002" classname="table_12" name="Table_12_generation_works_with_default_values">
      <skipped message="Reason: On CRAN ('test-table_12.R:9:3')"/>
    </testcase>
    <testcase time="0.0260000000000034" classname="table_12" name="Table_12_generation_works_with_custom_values"/>
    <testcase time="0.0730000000000004" classname="table_12" name="Table_12_generation_works_with_custom_values"/>
    <testcase time="1.178" classname="table_12" name="Table_12_generation_works_with_custom_values"/>
    <testcase time="0.162999999999997" classname="table_12" name="Table_12_generation_works_with_custom_values">
      <skipped message="Reason: On CRAN ('test-table_12.R:39:3')"/>
    </testcase>
    <testcase time="0.0420000000000016" classname="table_12" name="Table_12_generation_works_with_risk_difference_column"/>
    <testcase time="0.0730000000000004" classname="table_12" name="Table_12_generation_works_with_risk_difference_column"/>
    <testcase time="1.517" classname="table_12" name="Table_12_generation_works_with_risk_difference_column"/>
    <testcase time="0.189999999999998" classname="table_12" name="Table_12_generation_works_with_risk_difference_column">
      <skipped message="Reason: On CRAN ('test-table_12.R:47:3')"/>
    </testcase>
  </testsuite>
  <testsuite name="table_13" timestamp="2023-10-10T20:11:17Z" hostname="1be645c6ef48" tests="12" skipped="3" failures="0" errors="0" time="1.201">
    <testcase time="0.044000000000004" classname="table_13" name="Table_13_generation_works_with_default_values"/>
    <testcase time="0.0699999999999932" classname="table_13" name="Table_13_generation_works_with_default_values"/>
    <testcase time="0.172000000000004" classname="table_13" name="Table_13_generation_works_with_default_values"/>
    <testcase time="0.109000000000002" classname="table_13" name="Table_13_generation_works_with_default_values">
      <skipped message="Reason: On CRAN ('test-table_13.R:8:3')"/>
    </testcase>
    <testcase time="0.0309999999999988" classname="table_13" name="Table_13_generation_works_with_custom_values"/>
    <testcase time="0.0679999999999978" classname="table_13" name="Table_13_generation_works_with_custom_values"/>
    <testcase time="0.221000000000004" classname="table_13" name="Table_13_generation_works_with_custom_values"/>
    <testcase time="0.0679999999999978" classname="table_13" name="Table_13_generation_works_with_custom_values">
      <skipped message="Reason: On CRAN ('test-table_13.R:38:3')"/>
    </testcase>
    <testcase time="0.0279999999999987" classname="table_13" name="Table_13_generation_works_with_risk_difference_column"/>
    <testcase time="0.0720000000000027" classname="table_13" name="Table_13_generation_works_with_risk_difference_column"/>
    <testcase time="0.210000000000001" classname="table_13" name="Table_13_generation_works_with_risk_difference_column"/>
    <testcase time="0.107999999999997" classname="table_13" name="Table_13_generation_works_with_risk_difference_column">
      <skipped message="Reason: On CRAN ('test-table_13.R:46:3')"/>
    </testcase>
  </testsuite>
  <testsuite name="table_14" timestamp="2023-10-10T20:11:19Z" hostname="1be645c6ef48" tests="13" skipped="4" failures="0" errors="0" time="4.961">
    <testcase time="0.390000000000001" classname="table_14" name="Table_14_generation_works_with_default_values"/>
    <testcase time="0.832999999999998" classname="table_14" name="Table_14_generation_works_with_default_values"/>
    <testcase time="0.227000000000004" classname="table_14" name="Table_14_generation_works_with_default_values">
      <skipped message="Reason: On CRAN ('test-table_14.R:16:3')"/>
    </testcase>
    <testcase time="0.0279999999999987" classname="table_14" name="Table_14_generation_works_with_custom_values"/>
    <testcase time="0.0689999999999955" classname="table_14" name="Table_14_generation_works_with_custom_values"/>
    <testcase time="0.875" classname="table_14" name="Table_14_generation_works_with_custom_values"/>
    <testcase time="0.220000000000006" classname="table_14" name="Table_14_generation_works_with_custom_values">
      <skipped message="Reason: On CRAN ('test-table_14.R:46:3')"/>
    </testcase>
    <testcase time="0.0279999999999987" classname="table_14" name="Table_14_generation_works_with_NA_values_pruned_rows"/>
    <testcase time="0.809999999999995" classname="table_14" name="Table_14_generation_works_with_NA_values_pruned_rows"/>
    <testcase time="0.164000000000001" classname="table_14" name="Table_14_generation_works_with_NA_values_pruned_rows">
      <skipped message="Reason: On CRAN ('test-table_14.R:53:3')"/>
    </testcase>
    <testcase time="0.0260000000000034" classname="table_14" name="Table_14_generation_works_with_risk_difference_column"/>
    <testcase time="1.031" classname="table_14" name="Table_14_generation_works_with_risk_difference_column"/>
    <testcase time="0.259999999999998" classname="table_14" name="Table_14_generation_works_with_risk_difference_column">
      <skipped message="Reason: On CRAN ('test-table_14.R:61:3')"/>
    </testcase>
  </testsuite>
  <testsuite name="table_20" timestamp="2023-10-10T20:11:23Z" hostname="1be645c6ef48" tests="24" skipped="4" failures="0" errors="0" time="4.012">
    <testcase time="0.036999999999999" classname="table_20" name="Table_20_generation_works_with_default_values"/>
    <testcase time="0.00200000000000244" classname="table_20" name="Table_20_generation_works_with_default_values"/>
    <testcase time="0.00200000000000244" classname="table_20" name="Table_20_generation_works_with_default_values"/>
    <testcase time="0.0619999999999976" classname="table_20" name="Table_20_generation_works_with_default_values"/>
    <testcase time="0.584000000000003" classname="table_20" name="Table_20_generation_works_with_default_values"/>
    <testcase time="0.140000000000001" classname="table_20" name="Table_20_generation_works_with_default_values">
      <skipped message="Reason: On CRAN ('test-table_20.R:17:3')"/>
    </testcase>
    <testcase time="0.0279999999999987" classname="table_20" name="Table_20_generation_works_with_custom_values"/>
    <testcase time="0.00300000000000011" classname="table_20" name="Table_20_generation_works_with_custom_values"/>
    <testcase time="0.00199999999999534" classname="table_20" name="Table_20_generation_works_with_custom_values"/>
    <testcase time="0.0670000000000002" classname="table_20" name="Table_20_generation_works_with_custom_values"/>
    <testcase time="0.963000000000001" classname="table_20" name="Table_20_generation_works_with_custom_values"/>
    <testcase time="0.191000000000003" classname="table_20" name="Table_20_generation_works_with_custom_values">
      <skipped message="Reason: On CRAN ('test-table_20.R:65:3')"/>
    </testcase>
    <testcase time="0.0330000000000013" classname="table_20" name="Table_20_generation_works_with_missing_values_pruned_rows"/>
    <testcase time="0.00399999999999778" classname="table_20" name="Table_20_generation_works_with_missing_values_pruned_rows"/>
    <testcase time="0.00200000000000244" classname="table_20" name="Table_20_generation_works_with_missing_values_pruned_rows"/>
    <testcase time="0.0659999999999954" classname="table_20" name="Table_20_generation_works_with_missing_values_pruned_rows"/>
    <testcase time="0.643999999999998" classname="table_20" name="Table_20_generation_works_with_missing_values_pruned_rows"/>
    <testcase time="0.124000000000002" classname="table_20" name="Table_20_generation_works_with_missing_values_pruned_rows">
      <skipped message="Reason: On CRAN ('test-table_20.R:74:3')"/>
    </testcase>
    <testcase time="0.0290000000000035" classname="table_20" name="Table_20_generation_works_with_risk_difference_column"/>
    <testcase time="0.00199999999999534" classname="table_20" name="Table_20_generation_works_with_risk_difference_column"/>
    <testcase time="0.00300000000000011" classname="table_20" name="Table_20_generation_works_with_risk_difference_column"/>
    <testcase time="0.0690000000000026" classname="table_20" name="Table_20_generation_works_with_risk_difference_column"/>
    <testcase time="0.792999999999999" classname="table_20" name="Table_20_generation_works_with_risk_difference_column"/>
    <testcase time="0.161999999999999" classname="table_20" name="Table_20_generation_works_with_risk_difference_column">
      <skipped message="Reason: On CRAN ('test-table_20.R:82:3')"/>
    </testcase>
  </testsuite>
  <testsuite name="table_21" timestamp="2023-10-10T20:11:27Z" hostname="1be645c6ef48" tests="19" skipped="4" failures="0" errors="0" time="3.7">
    <testcase time="0.0910000000000011" classname="table_21" name="Table_21_generation_works_with_default_values"/>
    <testcase time="0.00300000000000011" classname="table_21" name="Table_21_generation_works_with_default_values"/>
    <testcase time="0.849000000000004" classname="table_21" name="Table_21_generation_works_with_default_values"/>
    <testcase time="0.195999999999998" classname="table_21" name="Table_21_generation_works_with_default_values">
      <skipped message="Reason: On CRAN ('test-table_21.R:22:3')"/>
    </testcase>
    <testcase time="0.027000000000001" classname="table_21" name="Table_21_generation_works_with_custom_values_N_s_denominator_and_overall_column"/>
    <testcase time="0.00300000000000011" classname="table_21" name="Table_21_generation_works_with_custom_values_N_s_denominator_and_overall_column"/>
    <testcase time="0.104999999999997" classname="table_21" name="Table_21_generation_works_with_custom_values_N_s_denominator_and_overall_column"/>
    <testcase time="0.965000000000003" classname="table_21" name="Table_21_generation_works_with_custom_values_N_s_denominator_and_overall_column"/>
    <testcase time="0.176999999999992" classname="table_21" name="Table_21_generation_works_with_custom_values_N_s_denominator_and_overall_column">
      <skipped message="Reason: On CRAN ('test-table_21.R:34:3')"/>
    </testcase>
    <testcase time="0.027000000000001" classname="table_21" name="Table_21_generation_works_with_custom_values_N_col_denominator_and_no_overall_column"/>
    <testcase time="0.00300000000000011" classname="table_21" name="Table_21_generation_works_with_custom_values_N_col_denominator_and_no_overall_column"/>
    <testcase time="0.070999999999998" classname="table_21" name="Table_21_generation_works_with_custom_values_N_col_denominator_and_no_overall_column"/>
    <testcase time="0.414000000000001" classname="table_21" name="Table_21_generation_works_with_custom_values_N_col_denominator_and_no_overall_column"/>
    <testcase time="0.155000000000001" classname="table_21" name="Table_21_generation_works_with_custom_values_N_col_denominator_and_no_overall_column">
      <skipped message="Reason: On CRAN ('test-table_21.R:62:3')"/>
    </testcase>
    <testcase time="0.0900000000000034" classname="table_21" name="Table_21_generation_works_with_some_NA_values"/>
    <testcase time="0.00199999999999534" classname="table_21" name="Table_21_generation_works_with_some_NA_values"/>
    <testcase time="0.0720000000000027" classname="table_21" name="Table_21_generation_works_with_some_NA_values"/>
    <testcase time="0.332999999999998" classname="table_21" name="Table_21_generation_works_with_some_NA_values"/>
    <testcase time="0.117000000000004" classname="table_21" name="Table_21_generation_works_with_some_NA_values">
      <skipped message="Reason: On CRAN ('test-table_21.R:82:3')"/>
    </testcase>
  </testsuite>
  <testsuite name="table_32" timestamp="2023-10-10T20:11:31Z" hostname="1be645c6ef48" tests="16" skipped="4" failures="0" errors="0" time="1.523">
    <testcase time="0.0349999999999966" classname="table_32" name="Table_32_generation_works_with_default_values"/>
    <testcase time="0.0760000000000076" classname="table_32" name="Table_32_generation_works_with_default_values"/>
    <testcase time="0.187999999999988" classname="table_32" name="Table_32_generation_works_with_default_values"/>
    <testcase time="0.0650000000000119" classname="table_32" name="Table_32_generation_works_with_default_values">
      <skipped message="Reason: On CRAN ('test-table_32.R:8:3')"/>
    </testcase>
    <testcase time="0.027000000000001" classname="table_32" name="Table_32_generation_works_with_custom_values"/>
    <testcase time="0.0759999999999934" classname="table_32" name="Table_32_generation_works_with_custom_values"/>
    <testcase time="0.239999999999995" classname="table_32" name="Table_32_generation_works_with_custom_values"/>
    <testcase time="0.0820000000000078" classname="table_32" name="Table_32_generation_works_with_custom_values">
      <skipped message="Reason: On CRAN ('test-table_32.R:30:3')"/>
    </testcase>
    <testcase time="0.027000000000001" classname="table_32" name="Table_32_generation_works_with_pruned_rows"/>
    <testcase time="0.0750000000000028" classname="table_32" name="Table_32_generation_works_with_pruned_rows"/>
    <testcase time="0.185999999999993" classname="table_32" name="Table_32_generation_works_with_pruned_rows"/>
    <testcase time="0.046999999999997" classname="table_32" name="Table_32_generation_works_with_pruned_rows">
      <skipped message="Reason: On CRAN ('test-table_32.R:37:3')"/>
    </testcase>
    <testcase time="0.0250000000000057" classname="table_32" name="Table_32_generation_works_with_risk_difference_column"/>
    <testcase time="0.0690000000000026" classname="table_32" name="Table_32_generation_works_with_risk_difference_column"/>
    <testcase time="0.22699999999999" classname="table_32" name="Table_32_generation_works_with_risk_difference_column"/>
    <testcase time="0.078000000000003" classname="table_32" name="Table_32_generation_works_with_risk_difference_column">
      <skipped message="Reason: On CRAN ('test-table_32.R:45:3')"/>
    </testcase>
  </testsuite>
  <testsuite name="table_33" timestamp="2023-10-10T20:11:32Z" hostname="1be645c6ef48" tests="16" skipped="4" failures="0" errors="0" time="2.764">
    <testcase time="0.034000000000006" classname="table_33" name="Table_33_generation_works_with_default_values"/>
    <testcase time="0.447000000000003" classname="table_33" name="Table_33_generation_works_with_default_values"/>
    <testcase time="0.149999999999991" classname="table_33" name="Table_33_generation_works_with_default_values"/>
    <testcase time="0.0510000000000019" classname="table_33" name="Table_33_generation_works_with_default_values">
      <skipped message="Reason: On CRAN ('test-table_33.R:8:3')"/>
    </testcase>
    <testcase time="0.027000000000001" classname="table_33" name="Table_33_generation_works_with_custom_values"/>
    <testcase time="0.442999999999998" classname="table_33" name="Table_33_generation_works_with_custom_values"/>
    <testcase time="0.191000000000003" classname="table_33" name="Table_33_generation_works_with_custom_values"/>
    <testcase time="0.0669999999999931" classname="table_33" name="Table_33_generation_works_with_custom_values">
      <skipped message="Reason: On CRAN ('test-table_33.R:34:3')"/>
    </testcase>
    <testcase time="0.0330000000000013" classname="table_33" name="Table_33_generation_works_with_pruned_rows"/>
    <testcase time="0.459000000000003" classname="table_33" name="Table_33_generation_works_with_pruned_rows"/>
    <testcase time="0.153999999999996" classname="table_33" name="Table_33_generation_works_with_pruned_rows"/>
    <testcase time="0.0420000000000016" classname="table_33" name="Table_33_generation_works_with_pruned_rows">
      <skipped message="Reason: On CRAN ('test-table_33.R:42:3')"/>
    </testcase>
    <testcase time="0.0280000000000058" classname="table_33" name="Table_33_generation_works_with_risk_difference_column"/>
    <testcase time="0.406999999999996" classname="table_33" name="Table_33_generation_works_with_risk_difference_column"/>
    <testcase time="0.177000000000007" classname="table_33" name="Table_33_generation_works_with_risk_difference_column"/>
    <testcase time="0.0539999999999878" classname="table_33" name="Table_33_generation_works_with_risk_difference_column">
      <skipped message="Reason: On CRAN ('test-table_33.R:50:3')"/>
    </testcase>
  </testsuite>
  <testsuite name="table_34" timestamp="2023-10-10T20:11:35Z" hostname="1be645c6ef48" tests="12" skipped="3" failures="0" errors="0" time="8.974">
    <testcase time="0.0409999999999968" classname="table_34" name="Table_34_generation_works_with_default_values"/>
    <testcase time="0.0560000000000116" classname="table_34" name="Table_34_generation_works_with_default_values"/>
    <testcase time="2.491" classname="table_34" name="Table_34_generation_works_with_default_values"/>
    <testcase time="0.326999999999998" classname="table_34" name="Table_34_generation_works_with_default_values">
      <skipped message="Reason: On CRAN ('test-table_34.R:17:3')"/>
    </testcase>
    <testcase time="0.0279999999999916" classname="table_34" name="Table_34_generation_works_with_custom_values"/>
    <testcase time="0.0529999999999973" classname="table_34" name="Table_34_generation_works_with_custom_values"/>
    <testcase time="2.47300000000001" classname="table_34" name="Table_34_generation_works_with_custom_values"/>
    <testcase time="0.11699999999999" classname="table_34" name="Table_34_generation_works_with_custom_values">
      <skipped message="Reason: On CRAN ('test-table_34.R:49:3')"/>
    </testcase>
    <testcase time="0.0300000000000011" classname="table_34" name="Table_34_generation_works_with_risk_difference_column"/>
    <testcase time="0.0619999999999976" classname="table_34" name="Table_34_generation_works_with_risk_difference_column"/>
    <testcase time="2.93600000000001" classname="table_34" name="Table_34_generation_works_with_risk_difference_column"/>
    <testcase time="0.359999999999999" classname="table_34" name="Table_34_generation_works_with_risk_difference_column">
      <skipped message="Reason: On CRAN ('test-table_34.R:57:3')"/>
    </testcase>
  </testsuite>
</testsuites>
