<?xml version="1.0" encoding="UTF-8"?>
<testsuites>
  <testsuite name="table_02" timestamp="2023-10-10T12:54:23Z" hostname="04c122d866cc" tests="30" skipped="10" failures="0" errors="0" time="19.368">
    <testcase time="0.0989999999999998" classname="table_02" name="Table_02_generation_works_with_default_values"/>
    <testcase time="0.654" classname="table_02" name="Table_02_generation_works_with_default_values"/>
    <testcase time="0.314" classname="table_02" name="Table_02_generation_works_with_default_values">
      <skipped message="Reason: On CRAN ('test-table_02.R:16:3')"/>
    </testcase>
    <testcase time="0.0999999999999996" classname="table_02" name="Table_02_generation_works_with_custom_values"/>
    <testcase time="0.52" classname="table_02" name="Table_02_generation_works_with_custom_values"/>
    <testcase time="0.332" classname="table_02" name="Table_02_generation_works_with_custom_values">
      <skipped message="Reason: On CRAN ('test-table_02.R:45:3')"/>
    </testcase>
    <testcase time="0.0810000000000004" classname="table_02" name="Table_02_generation_works_with_some_NA_values"/>
    <testcase time="0.138999999999999" classname="table_02" name="Table_02_generation_works_with_some_NA_values"/>
    <testcase time="0.0670000000000002" classname="table_02" name="Table_02_generation_works_with_some_NA_values">
      <skipped message="Reason: On CRAN ('test-table_02.R:57:3')"/>
    </testcase>
    <testcase time="0.0270000000000001" classname="table_02" name="Table_02_generation_tplyr_works_with_default_values"/>
    <testcase time="2.424" classname="table_02" name="Table_02_generation_tplyr_works_with_default_values"/>
    <testcase time="0.0459999999999994" classname="table_02" name="Table_02_generation_tplyr_works_with_default_values">
      <skipped message="Reason: On CRAN ('test-table_02.R:66:3')"/>
    </testcase>
    <testcase time="0.0370000000000008" classname="table_02" name="Table_02_generation_tplyr_works_with_tplyr_raw_TRUE"/>
    <testcase time="1.511" classname="table_02" name="Table_02_generation_tplyr_works_with_tplyr_raw_TRUE"/>
    <testcase time="0.0310000000000006" classname="table_02" name="Table_02_generation_tplyr_works_with_tplyr_raw_TRUE">
      <skipped message="Reason: On CRAN ('test-table_02.R:75:3')"/>
    </testcase>
    <testcase time="0.0640000000000001" classname="table_02" name="Table_02_generation_tplyr_works_with_custom_values"/>
    <testcase time="2.3" classname="table_02" name="Table_02_generation_tplyr_works_with_custom_values"/>
    <testcase time="0.0310000000000006" classname="table_02" name="Table_02_generation_tplyr_works_with_custom_values">
      <skipped message="Reason: On CRAN ('test-table_02.R:102:3')"/>
    </testcase>
    <testcase time="0.0579999999999998" classname="table_02" name="Table_02_generation_tplyr_works_with_some_NA_values"/>
    <testcase time="0.958" classname="table_02" name="Table_02_generation_tplyr_works_with_some_NA_values"/>
    <testcase time="0.027000000000001" classname="table_02" name="Table_02_generation_tplyr_works_with_some_NA_values">
      <skipped message="Reason: On CRAN ('test-table_02.R:119:3')"/>
    </testcase>
    <testcase time="0.0229999999999997" classname="table_02" name="Table_02_generation_gtsum_works_with_default_values"/>
    <testcase time="3.824" classname="table_02" name="Table_02_generation_gtsum_works_with_default_values"/>
    <testcase time="0.00799999999999912" classname="table_02" name="Table_02_generation_gtsum_works_with_default_values">
      <skipped message="Reason: On CRAN ('test-table_02.R:128:3')"/>
    </testcase>
    <testcase time="0.0640000000000001" classname="table_02" name="Table_02_generation_gtsum_works_with_custom_values"/>
    <testcase time="4.33" classname="table_02" name="Table_02_generation_gtsum_works_with_custom_values"/>
    <testcase time="0.00900000000000034" classname="table_02" name="Table_02_generation_gtsum_works_with_custom_values">
      <skipped message="Reason: On CRAN ('test-table_02.R:146:3')"/>
    </testcase>
    <testcase time="0.0510000000000019" classname="table_02" name="Table_02_generation_gtsum_works_with_some_NA_values"/>
    <testcase time="1.231" classname="table_02" name="Table_02_generation_gtsum_works_with_some_NA_values"/>
    <testcase time="0.00800000000000267" classname="table_02" name="Table_02_generation_gtsum_works_with_some_NA_values">
      <skipped message="Reason: On CRAN ('test-table_02.R:163:3')"/>
    </testcase>
  </testsuite>
  <testsuite name="table_03" timestamp="2023-10-10T12:54:43Z" hostname="04c122d866cc" tests="8" skipped="2" failures="0" errors="0" time="1.137">
    <testcase time="0.0479999999999983" classname="table_03" name="Table_3_generation_works_with_default_values"/>
    <testcase time="0.00100000000000122" classname="table_03" name="Table_3_generation_works_with_default_values"/>
    <testcase time="0.451000000000001" classname="table_03" name="Table_3_generation_works_with_default_values"/>
    <testcase time="0.0789999999999971" classname="table_03" name="Table_3_generation_works_with_default_values">
      <skipped message="Reason: On CRAN ('test-table_03.R:21:3')"/>
    </testcase>
    <testcase time="0.0250000000000021" classname="table_03" name="Table_3_generation_works_with_custom_values"/>
    <testcase time="0.00300000000000011" classname="table_03" name="Table_3_generation_works_with_custom_values"/>
    <testcase time="0.428999999999998" classname="table_03" name="Table_3_generation_works_with_custom_values"/>
    <testcase time="0.101000000000003" classname="table_03" name="Table_3_generation_works_with_custom_values">
      <skipped message="Reason: On CRAN ('test-table_03.R:41:3')"/>
    </testcase>
  </testsuite>
  <testsuite name="table_04" timestamp="2023-10-10T12:54:44Z" hostname="04c122d866cc" tests="12" skipped="2" failures="0" errors="0" time="1.224">
    <testcase time="0.0649999999999977" classname="table_04" name="Table_04_generation_works_with_default_values"/>
    <testcase time="0.00300000000000011" classname="table_04" name="Table_04_generation_works_with_default_values"/>
    <testcase time="0.00199999999999889" classname="table_04" name="Table_04_generation_works_with_default_values"/>
    <testcase time="0.00200000000000244" classname="table_04" name="Table_04_generation_works_with_default_values"/>
    <testcase time="0.428999999999998" classname="table_04" name="Table_04_generation_works_with_default_values"/>
    <testcase time="0.143000000000001" classname="table_04" name="Table_04_generation_works_with_default_values">
      <skipped message="Reason: On CRAN ('test-table_04.R:18:3')"/>
    </testcase>
    <testcase time="0.0249999999999986" classname="table_04" name="Table_04_generation_works_with_custom_values"/>
    <testcase time="0.00200000000000244" classname="table_04" name="Table_04_generation_works_with_custom_values"/>
    <testcase time="0.00300000000000011" classname="table_04" name="Table_04_generation_works_with_custom_values"/>
    <testcase time="0.000999999999997669" classname="table_04" name="Table_04_generation_works_with_custom_values"/>
    <testcase time="0.443000000000001" classname="table_04" name="Table_04_generation_works_with_custom_values"/>
    <testcase time="0.105999999999998" classname="table_04" name="Table_04_generation_works_with_custom_values">
      <skipped message="Reason: On CRAN ('test-table_04.R:44:3')"/>
    </testcase>
  </testsuite>
  <testsuite name="table_05" timestamp="2023-10-10T12:54:45Z" hostname="04c122d866cc" tests="12" skipped="4" failures="0" errors="0" time="1.884">
    <testcase time="0.226000000000003" classname="table_05" name="Table_05_generation_works_with_default_values"/>
    <testcase time="0.282999999999998" classname="table_05" name="Table_05_generation_works_with_default_values"/>
    <testcase time="0.0990000000000002" classname="table_05" name="Table_05_generation_works_with_default_values">
      <skipped message="Reason: On CRAN ('test-table_05.R:10:3')"/>
    </testcase>
    <testcase time="0.0250000000000021" classname="table_05" name="Table_05_generation_works_with_custom_values"/>
    <testcase time="0.300999999999998" classname="table_05" name="Table_05_generation_works_with_custom_values"/>
    <testcase time="0.123000000000001" classname="table_05" name="Table_05_generation_works_with_custom_values">
      <skipped message="Reason: On CRAN ('test-table_05.R:34:3')"/>
    </testcase>
    <testcase time="0.0259999999999998" classname="table_05" name="Table_05_generation_works_with_NA_values_pruned_rows"/>
    <testcase time="0.256" classname="table_05" name="Table_05_generation_works_with_NA_values_pruned_rows"/>
    <testcase time="0.093" classname="table_05" name="Table_05_generation_works_with_NA_values_pruned_rows">
      <skipped message="Reason: On CRAN ('test-table_05.R:44:3')"/>
    </testcase>
    <testcase time="0.0249999999999986" classname="table_05" name="Table_05_generation_works_with_risk_difference_column"/>
    <testcase time="0.312000000000001" classname="table_05" name="Table_05_generation_works_with_risk_difference_column"/>
    <testcase time="0.114999999999998" classname="table_05" name="Table_05_generation_works_with_risk_difference_column">
      <skipped message="Reason: On CRAN ('test-table_05.R:57:3')"/>
    </testcase>
  </testsuite>
  <testsuite name="table_06" timestamp="2023-10-10T12:54:47Z" hostname="04c122d866cc" tests="15" skipped="3" failures="0" errors="0" time="2.804">
    <testcase time="0.0400000000000027" classname="table_06" name="Table_06_generation_works_with_default_values"/>
    <testcase time="0.00199999999999889" classname="table_06" name="Table_06_generation_works_with_default_values"/>
    <testcase time="0.0730000000000004" classname="table_06" name="Table_06_generation_works_with_default_values"/>
    <testcase time="0.567" classname="table_06" name="Table_06_generation_works_with_default_values"/>
    <testcase time="0.128" classname="table_06" name="Table_06_generation_works_with_default_values">
      <skipped message="Reason: On CRAN ('test-table_06.R:8:3')"/>
    </testcase>
    <testcase time="0.0279999999999987" classname="table_06" name="Table_06_generation_works_with_custom_values"/>
    <testcase time="0.00199999999999889" classname="table_06" name="Table_06_generation_works_with_custom_values"/>
    <testcase time="0.0750000000000028" classname="table_06" name="Table_06_generation_works_with_custom_values"/>
    <testcase time="0.724" classname="table_06" name="Table_06_generation_works_with_custom_values"/>
    <testcase time="0.218999999999998" classname="table_06" name="Table_06_generation_works_with_custom_values">
      <skipped message="Reason: On CRAN ('test-table_06.R:40:3')"/>
    </testcase>
    <testcase time="0.0250000000000021" classname="table_06" name="Table_06_generation_works_with_risk_difference_column"/>
    <testcase time="0.00199999999999889" classname="table_06" name="Table_06_generation_works_with_risk_difference_column"/>
    <testcase time="0.0700000000000003" classname="table_06" name="Table_06_generation_works_with_risk_difference_column"/>
    <testcase time="0.698" classname="table_06" name="Table_06_generation_works_with_risk_difference_column"/>
    <testcase time="0.151" classname="table_06" name="Table_06_generation_works_with_risk_difference_column">
      <skipped message="Reason: On CRAN ('test-table_06.R:48:3')"/>
    </testcase>
  </testsuite>
  <testsuite name="table_07" timestamp="2023-10-10T12:54:50Z" hostname="04c122d866cc" tests="24" skipped="4" failures="0" errors="0" time="3.062">
    <testcase time="0.0429999999999993" classname="table_07" name="Table_07_generation_works_with_default_values"/>
    <testcase time="0.00199999999999889" classname="table_07" name="Table_07_generation_works_with_default_values"/>
    <testcase time="0.00200000000000244" classname="table_07" name="Table_07_generation_works_with_default_values"/>
    <testcase time="0.0549999999999997" classname="table_07" name="Table_07_generation_works_with_default_values"/>
    <testcase time="0.423999999999999" classname="table_07" name="Table_07_generation_works_with_default_values"/>
    <testcase time="0.169" classname="table_07" name="Table_07_generation_works_with_default_values">
      <skipped message="Reason: On CRAN ('test-table_07.R:13:3')"/>
    </testcase>
    <testcase time="0.0240000000000009" classname="table_07" name="Table_07_generation_works_with_custom_values"/>
    <testcase time="0.000999999999997669" classname="table_07" name="Table_07_generation_works_with_custom_values"/>
    <testcase time="0.00300000000000011" classname="table_07" name="Table_07_generation_works_with_custom_values"/>
    <testcase time="0.0489999999999995" classname="table_07" name="Table_07_generation_works_with_custom_values"/>
    <testcase time="0.614000000000001" classname="table_07" name="Table_07_generation_works_with_custom_values"/>
    <testcase time="0.208000000000002" classname="table_07" name="Table_07_generation_works_with_custom_values">
      <skipped message="Reason: On CRAN ('test-table_07.R:42:3')"/>
    </testcase>
    <testcase time="0.0239999999999974" classname="table_07" name="Table_07_generation_works_with_NA_values_pruned_rows"/>
    <testcase time="0.00200000000000244" classname="table_07" name="Table_07_generation_works_with_NA_values_pruned_rows"/>
    <testcase time="0.00199999999999889" classname="table_07" name="Table_07_generation_works_with_NA_values_pruned_rows"/>
    <testcase time="0.0500000000000007" classname="table_07" name="Table_07_generation_works_with_NA_values_pruned_rows"/>
    <testcase time="0.423999999999999" classname="table_07" name="Table_07_generation_works_with_NA_values_pruned_rows"/>
    <testcase time="0.171999999999997" classname="table_07" name="Table_07_generation_works_with_NA_values_pruned_rows">
      <skipped message="Reason: On CRAN ('test-table_07.R:52:3')"/>
    </testcase>
    <testcase time="0.0250000000000057" classname="table_07" name="Table_07_generation_works_with_risk_difference_column"/>
    <testcase time="0.00199999999999534" classname="table_07" name="Table_07_generation_works_with_risk_difference_column"/>
    <testcase time="0.00300000000000011" classname="table_07" name="Table_07_generation_works_with_risk_difference_column"/>
    <testcase time="0.0519999999999996" classname="table_07" name="Table_07_generation_works_with_risk_difference_column"/>
    <testcase time="0.515999999999998" classname="table_07" name="Table_07_generation_works_with_risk_difference_column"/>
    <testcase time="0.196000000000005" classname="table_07" name="Table_07_generation_works_with_risk_difference_column">
      <skipped message="Reason: On CRAN ('test-table_07.R:65:3')"/>
    </testcase>
  </testsuite>
  <testsuite name="table_08" timestamp="2023-10-10T12:54:53Z" hostname="04c122d866cc" tests="8" skipped="2" failures="0" errors="0" time="0.598">
    <testcase time="0.0339999999999989" classname="table_08" name="Table_08_generation_works_with_default_values"/>
    <testcase time="0.00200000000000244" classname="table_08" name="Table_08_generation_works_with_default_values"/>
    <testcase time="0.0689999999999955" classname="table_08" name="Table_08_generation_works_with_default_values"/>
    <testcase time="0.182000000000002" classname="table_08" name="Table_08_generation_works_with_default_values">
      <skipped message="Reason: On CRAN ('test-table_08.R:10:3')"/>
    </testcase>
    <testcase time="0.0240000000000009" classname="table_08" name="Table_08_generation_works_with_custom_values"/>
    <testcase time="0.00199999999999534" classname="table_08" name="Table_08_generation_works_with_custom_values"/>
    <testcase time="0.0579999999999998" classname="table_08" name="Table_08_generation_works_with_custom_values"/>
    <testcase time="0.227000000000004" classname="table_08" name="Table_08_generation_works_with_custom_values">
      <skipped message="Reason: On CRAN ('test-table_08.R:31:3')"/>
    </testcase>
  </testsuite>
  <testsuite name="table_09" timestamp="2023-10-10T12:54:53Z" hostname="04c122d866cc" tests="12" skipped="3" failures="0" errors="0" time="1.954">
    <testcase time="0.0309999999999988" classname="table_09" name="Table_09_generation_works_with_default_values"/>
    <testcase time="0.0559999999999974" classname="table_09" name="Table_09_generation_works_with_default_values"/>
    <testcase time="0.412000000000006" classname="table_09" name="Table_09_generation_works_with_default_values"/>
    <testcase time="0.0829999999999984" classname="table_09" name="Table_09_generation_works_with_default_values">
      <skipped message="Reason: On CRAN ('test-table_09.R:8:3')"/>
    </testcase>
    <testcase time="0.0249999999999986" classname="table_09" name="Table_09_generation_works_with_custom_values"/>
    <testcase time="0.054000000000002" classname="table_09" name="Table_09_generation_works_with_custom_values"/>
    <testcase time="0.5" classname="table_09" name="Table_09_generation_works_with_custom_values"/>
    <testcase time="0.119" classname="table_09" name="Table_09_generation_works_with_custom_values">
      <skipped message="Reason: On CRAN ('test-table_09.R:39:3')"/>
    </testcase>
    <testcase time="0.027000000000001" classname="table_09" name="Table_09_generation_works_with_risk_difference_column"/>
    <testcase time="0.0529999999999973" classname="table_09" name="Table_09_generation_works_with_risk_difference_column"/>
    <testcase time="0.497999999999998" classname="table_09" name="Table_09_generation_works_with_risk_difference_column"/>
    <testcase time="0.0960000000000036" classname="table_09" name="Table_09_generation_works_with_risk_difference_column">
      <skipped message="Reason: On CRAN ('test-table_09.R:47:3')"/>
    </testcase>
  </testsuite>
  <testsuite name="table_10" timestamp="2023-10-10T12:54:55Z" hostname="04c122d866cc" tests="15" skipped="3" failures="0" errors="0" time="2.272">
    <testcase time="0.0360000000000014" classname="table_10" name="Table_10_generation_works_with_default_values"/>
    <testcase time="0.000999999999997669" classname="table_10" name="Table_10_generation_works_with_default_values"/>
    <testcase time="0.0549999999999997" classname="table_10" name="Table_10_generation_works_with_default_values"/>
    <testcase time="0.502000000000002" classname="table_10" name="Table_10_generation_works_with_default_values"/>
    <testcase time="0.159999999999997" classname="table_10" name="Table_10_generation_works_with_default_values">
      <skipped message="Reason: On CRAN ('test-table_10.R:17:3')"/>
    </testcase>
    <testcase time="0.0360000000000014" classname="table_10" name="Table_10_generation_works_with_custom_values"/>
    <testcase time="0.00200000000000244" classname="table_10" name="Table_10_generation_works_with_custom_values"/>
    <testcase time="0.0479999999999947" classname="table_10" name="Table_10_generation_works_with_custom_values"/>
    <testcase time="0.446000000000005" classname="table_10" name="Table_10_generation_works_with_custom_values"/>
    <testcase time="0.0899999999999963" classname="table_10" name="Table_10_generation_works_with_custom_values">
      <skipped message="Reason: On CRAN ('test-table_10.R:52:3')"/>
    </testcase>
    <testcase time="0.0249999999999986" classname="table_10" name="Table_10_generation_works_with_risk_difference_column"/>
    <testcase time="0.00200000000000244" classname="table_10" name="Table_10_generation_works_with_risk_difference_column"/>
    <testcase time="0.0519999999999996" classname="table_10" name="Table_10_generation_works_with_risk_difference_column"/>
    <testcase time="0.616999999999997" classname="table_10" name="Table_10_generation_works_with_risk_difference_column"/>
    <testcase time="0.200000000000003" classname="table_10" name="Table_10_generation_works_with_risk_difference_column">
      <skipped message="Reason: On CRAN ('test-table_10.R:60:3')"/>
    </testcase>
  </testsuite>
  <testsuite name="table_11" timestamp="2023-10-10T12:54:58Z" hostname="04c122d866cc" tests="12" skipped="3" failures="0" errors="0" time="3.462">
    <testcase time="0.0379999999999967" classname="table_11" name="Table_11_generation_works_with_default_values"/>
    <testcase time="0.0600000000000023" classname="table_11" name="Table_11_generation_works_with_default_values"/>
    <testcase time="0.806999999999995" classname="table_11" name="Table_11_generation_works_with_default_values"/>
    <testcase time="0.190000000000005" classname="table_11" name="Table_11_generation_works_with_default_values">
      <skipped message="Reason: On CRAN ('test-table_11.R:18:3')"/>
    </testcase>
    <testcase time="0.0249999999999986" classname="table_11" name="Table_11_generation_works_with_custom_values"/>
    <testcase time="0.0559999999999974" classname="table_11" name="Table_11_generation_works_with_custom_values"/>
    <testcase time="0.770000000000003" classname="table_11" name="Table_11_generation_works_with_custom_values"/>
    <testcase time="0.0919999999999987" classname="table_11" name="Table_11_generation_works_with_custom_values">
      <skipped message="Reason: On CRAN ('test-table_11.R:48:3')"/>
    </testcase>
    <testcase time="0.0240000000000009" classname="table_11" name="Table_11_generation_works_with_risk_difference_column"/>
    <testcase time="0.0670000000000002" classname="table_11" name="Table_11_generation_works_with_risk_difference_column"/>
    <testcase time="1.089" classname="table_11" name="Table_11_generation_works_with_risk_difference_column"/>
    <testcase time="0.244" classname="table_11" name="Table_11_generation_works_with_risk_difference_column">
      <skipped message="Reason: On CRAN ('test-table_11.R:56:3')"/>
    </testcase>
  </testsuite>
  <testsuite name="table_12" timestamp="2023-10-10T12:55:01Z" hostname="04c122d866cc" tests="12" skipped="3" failures="0" errors="0" time="4.4">
    <testcase time="0.0319999999999965" classname="table_12" name="Table_12_generation_works_with_default_values"/>
    <testcase time="0.0640000000000001" classname="table_12" name="Table_12_generation_works_with_default_values"/>
    <testcase time="1.088" classname="table_12" name="Table_12_generation_works_with_default_values"/>
    <testcase time="0.158999999999999" classname="table_12" name="Table_12_generation_works_with_default_values">
      <skipped message="Reason: On CRAN ('test-table_12.R:9:3')"/>
    </testcase>
    <testcase time="0.0250000000000057" classname="table_12" name="Table_12_generation_works_with_custom_values"/>
    <testcase time="0.0640000000000001" classname="table_12" name="Table_12_generation_works_with_custom_values"/>
    <testcase time="1.136" classname="table_12" name="Table_12_generation_works_with_custom_values"/>
    <testcase time="0.158000000000001" classname="table_12" name="Table_12_generation_works_with_custom_values">
      <skipped message="Reason: On CRAN ('test-table_12.R:39:3')"/>
    </testcase>
    <testcase time="0.0450000000000017" classname="table_12" name="Table_12_generation_works_with_risk_difference_column"/>
    <testcase time="0.0700000000000003" classname="table_12" name="Table_12_generation_works_with_risk_difference_column"/>
    <testcase time="1.378" classname="table_12" name="Table_12_generation_works_with_risk_difference_column"/>
    <testcase time="0.180999999999997" classname="table_12" name="Table_12_generation_works_with_risk_difference_column">
      <skipped message="Reason: On CRAN ('test-table_12.R:47:3')"/>
    </testcase>
  </testsuite>
  <testsuite name="table_13" timestamp="2023-10-10T12:55:05Z" hostname="04c122d866cc" tests="12" skipped="3" failures="0" errors="0" time="1.114">
    <testcase time="0.0380000000000038" classname="table_13" name="Table_13_generation_works_with_default_values"/>
    <testcase time="0.0640000000000001" classname="table_13" name="Table_13_generation_works_with_default_values"/>
    <testcase time="0.161999999999999" classname="table_13" name="Table_13_generation_works_with_default_values"/>
    <testcase time="0.097999999999999" classname="table_13" name="Table_13_generation_works_with_default_values">
      <skipped message="Reason: On CRAN ('test-table_13.R:8:3')"/>
    </testcase>
    <testcase time="0.0289999999999964" classname="table_13" name="Table_13_generation_works_with_custom_values"/>
    <testcase time="0.0630000000000024" classname="table_13" name="Table_13_generation_works_with_custom_values"/>
    <testcase time="0.198" classname="table_13" name="Table_13_generation_works_with_custom_values"/>
    <testcase time="0.0649999999999977" classname="table_13" name="Table_13_generation_works_with_custom_values">
      <skipped message="Reason: On CRAN ('test-table_13.R:38:3')"/>
    </testcase>
    <testcase time="0.0249999999999986" classname="table_13" name="Table_13_generation_works_with_risk_difference_column"/>
    <testcase time="0.0620000000000047" classname="table_13" name="Table_13_generation_works_with_risk_difference_column"/>
    <testcase time="0.207999999999998" classname="table_13" name="Table_13_generation_works_with_risk_difference_column"/>
    <testcase time="0.102000000000004" classname="table_13" name="Table_13_generation_works_with_risk_difference_column">
      <skipped message="Reason: On CRAN ('test-table_13.R:46:3')"/>
    </testcase>
  </testsuite>
  <testsuite name="table_14" timestamp="2023-10-10T12:55:07Z" hostname="04c122d866cc" tests="13" skipped="4" failures="0" errors="0" time="4.44">
    <testcase time="0.343999999999994" classname="table_14" name="Table_14_generation_works_with_default_values"/>
    <testcase time="0.731999999999999" classname="table_14" name="Table_14_generation_works_with_default_values"/>
    <testcase time="0.197000000000003" classname="table_14" name="Table_14_generation_works_with_default_values">
      <skipped message="Reason: On CRAN ('test-table_14.R:16:3')"/>
    </testcase>
    <testcase time="0.0260000000000034" classname="table_14" name="Table_14_generation_works_with_custom_values"/>
    <testcase time="0.0629999999999953" classname="table_14" name="Table_14_generation_works_with_custom_values"/>
    <testcase time="0.779000000000003" classname="table_14" name="Table_14_generation_works_with_custom_values"/>
    <testcase time="0.190999999999995" classname="table_14" name="Table_14_generation_works_with_custom_values">
      <skipped message="Reason: On CRAN ('test-table_14.R:46:3')"/>
    </testcase>
    <testcase time="0.0240000000000009" classname="table_14" name="Table_14_generation_works_with_NA_values_pruned_rows"/>
    <testcase time="0.739999999999995" classname="table_14" name="Table_14_generation_works_with_NA_values_pruned_rows"/>
    <testcase time="0.156000000000006" classname="table_14" name="Table_14_generation_works_with_NA_values_pruned_rows">
      <skipped message="Reason: On CRAN ('test-table_14.R:53:3')"/>
    </testcase>
    <testcase time="0.0249999999999986" classname="table_14" name="Table_14_generation_works_with_risk_difference_column"/>
    <testcase time="0.934999999999995" classname="table_14" name="Table_14_generation_works_with_risk_difference_column"/>
    <testcase time="0.228000000000002" classname="table_14" name="Table_14_generation_works_with_risk_difference_column">
      <skipped message="Reason: On CRAN ('test-table_14.R:61:3')"/>
    </testcase>
  </testsuite>
  <testsuite name="table_20" timestamp="2023-10-10T12:55:11Z" hostname="04c122d866cc" tests="24" skipped="4" failures="0" errors="0" time="3.462">
    <testcase time="0.0339999999999989" classname="table_20" name="Table_20_generation_works_with_default_values"/>
    <testcase time="0.00300000000000011" classname="table_20" name="Table_20_generation_works_with_default_values"/>
    <testcase time="0.00200000000000244" classname="table_20" name="Table_20_generation_works_with_default_values"/>
    <testcase time="0.0549999999999997" classname="table_20" name="Table_20_generation_works_with_default_values"/>
    <testcase time="0.520000000000003" classname="table_20" name="Table_20_generation_works_with_default_values"/>
    <testcase time="0.128" classname="table_20" name="Table_20_generation_works_with_default_values">
      <skipped message="Reason: On CRAN ('test-table_20.R:17:3')"/>
    </testcase>
    <testcase time="0.0249999999999986" classname="table_20" name="Table_20_generation_works_with_custom_values"/>
    <testcase time="0.00199999999999534" classname="table_20" name="Table_20_generation_works_with_custom_values"/>
    <testcase time="0.00200000000000244" classname="table_20" name="Table_20_generation_works_with_custom_values"/>
    <testcase time="0.0600000000000023" classname="table_20" name="Table_20_generation_works_with_custom_values"/>
    <testcase time="0.823" classname="table_20" name="Table_20_generation_works_with_custom_values"/>
    <testcase time="0.159999999999997" classname="table_20" name="Table_20_generation_works_with_custom_values">
      <skipped message="Reason: On CRAN ('test-table_20.R:65:3')"/>
    </testcase>
    <testcase time="0.0249999999999986" classname="table_20" name="Table_20_generation_works_with_missing_values_pruned_rows"/>
    <testcase time="0.00200000000000244" classname="table_20" name="Table_20_generation_works_with_missing_values_pruned_rows"/>
    <testcase time="0.00200000000000244" classname="table_20" name="Table_20_generation_works_with_missing_values_pruned_rows"/>
    <testcase time="0.0549999999999997" classname="table_20" name="Table_20_generation_works_with_missing_values_pruned_rows"/>
    <testcase time="0.527999999999999" classname="table_20" name="Table_20_generation_works_with_missing_values_pruned_rows"/>
    <testcase time="0.113" classname="table_20" name="Table_20_generation_works_with_missing_values_pruned_rows">
      <skipped message="Reason: On CRAN ('test-table_20.R:74:3')"/>
    </testcase>
    <testcase time="0.0260000000000034" classname="table_20" name="Table_20_generation_works_with_risk_difference_column"/>
    <testcase time="0.00299999999999301" classname="table_20" name="Table_20_generation_works_with_risk_difference_column"/>
    <testcase time="0.00200000000000244" classname="table_20" name="Table_20_generation_works_with_risk_difference_column"/>
    <testcase time="0.0570000000000022" classname="table_20" name="Table_20_generation_works_with_risk_difference_column"/>
    <testcase time="0.689999999999998" classname="table_20" name="Table_20_generation_works_with_risk_difference_column"/>
    <testcase time="0.145000000000003" classname="table_20" name="Table_20_generation_works_with_risk_difference_column">
      <skipped message="Reason: On CRAN ('test-table_20.R:82:3')"/>
    </testcase>
  </testsuite>
  <testsuite name="table_21" timestamp="2023-10-10T12:55:15Z" hostname="04c122d866cc" tests="19" skipped="4" failures="0" errors="0" time="3.318">
    <testcase time="0.0889999999999986" classname="table_21" name="Table_21_generation_works_with_default_values"/>
    <testcase time="0.00300000000000011" classname="table_21" name="Table_21_generation_works_with_default_values"/>
    <testcase time="0.734999999999999" classname="table_21" name="Table_21_generation_works_with_default_values"/>
    <testcase time="0.155000000000001" classname="table_21" name="Table_21_generation_works_with_default_values">
      <skipped message="Reason: On CRAN ('test-table_21.R:22:3')"/>
    </testcase>
    <testcase time="0.0249999999999986" classname="table_21" name="Table_21_generation_works_with_custom_values_N_s_denominator_and_overall_column"/>
    <testcase time="0.00200000000000244" classname="table_21" name="Table_21_generation_works_with_custom_values_N_s_denominator_and_overall_column"/>
    <testcase time="0.0959999999999965" classname="table_21" name="Table_21_generation_works_with_custom_values_N_s_denominator_and_overall_column"/>
    <testcase time="0.875" classname="table_21" name="Table_21_generation_works_with_custom_values_N_s_denominator_and_overall_column"/>
    <testcase time="0.167999999999999" classname="table_21" name="Table_21_generation_works_with_custom_values_N_s_denominator_and_overall_column">
      <skipped message="Reason: On CRAN ('test-table_21.R:34:3')"/>
    </testcase>
    <testcase time="0.0240000000000009" classname="table_21" name="Table_21_generation_works_with_custom_values_N_col_denominator_and_no_overall_column"/>
    <testcase time="0.00200000000000244" classname="table_21" name="Table_21_generation_works_with_custom_values_N_col_denominator_and_no_overall_column"/>
    <testcase time="0.0640000000000001" classname="table_21" name="Table_21_generation_works_with_custom_values_N_col_denominator_and_no_overall_column"/>
    <testcase time="0.387" classname="table_21" name="Table_21_generation_works_with_custom_values_N_col_denominator_and_no_overall_column"/>
    <testcase time="0.137" classname="table_21" name="Table_21_generation_works_with_custom_values_N_col_denominator_and_no_overall_column">
      <skipped message="Reason: On CRAN ('test-table_21.R:62:3')"/>
    </testcase>
    <testcase time="0.0799999999999983" classname="table_21" name="Table_21_generation_works_with_some_NA_values"/>
    <testcase time="0.000999999999997669" classname="table_21" name="Table_21_generation_works_with_some_NA_values"/>
    <testcase time="0.0629999999999953" classname="table_21" name="Table_21_generation_works_with_some_NA_values"/>
    <testcase time="0.312999999999995" classname="table_21" name="Table_21_generation_works_with_some_NA_values"/>
    <testcase time="0.0990000000000038" classname="table_21" name="Table_21_generation_works_with_some_NA_values">
      <skipped message="Reason: On CRAN ('test-table_21.R:82:3')"/>
    </testcase>
  </testsuite>
  <testsuite name="table_32" timestamp="2023-10-10T12:55:18Z" hostname="04c122d866cc" tests="20" skipped="4" failures="0" errors="2" time="1.875">
    <testcase time="0.254999999999995" classname="table_32" name="Table_32_generation_works_with_default_values"/>
    <testcase time="0.0670000000000002" classname="table_32" name="Table_32_generation_works_with_default_values"/>
    <testcase time="0.172999999999995" classname="table_32" name="Table_32_generation_works_with_default_values"/>
    <testcase time="0.0680000000000049" classname="table_32" name="Table_32_generation_works_with_default_values">
      <skipped message="Reason: On CRAN ('test-table_32.R:8:3')"/>
    </testcase>
    <testcase time="0.027000000000001" classname="table_32" name="Table_32_generation_works_with_custom_values"/>
    <testcase time="0.0689999999999955" classname="table_32" name="Table_32_generation_works_with_custom_values"/>
    <testcase time="0.201000000000001" classname="table_32" name="Table_32_generation_works_with_custom_values"/>
    <testcase time="0.0730000000000004" classname="table_32" name="Table_32_generation_works_with_custom_values">
      <skipped message="Reason: On CRAN ('test-table_32.R:30:3')"/>
    </testcase>
    <testcase time="0.0240000000000009" classname="table_32" name="Table_32_generation_works_with_pruned_rows"/>
    <testcase time="0.0760000000000005" classname="table_32" name="Table_32_generation_works_with_pruned_rows"/>
    <testcase time="0.146999999999998" classname="table_32" name="Table_32_generation_works_with_pruned_rows"/>
    <testcase time="0.0439999999999969" classname="table_32" name="Table_32_generation_works_with_pruned_rows">
      <skipped message="Reason: On CRAN ('test-table_32.R:37:3')"/>
    </testcase>
    <testcase time="0.0250000000000057" classname="table_32" name="Table_32_generation_works_with_risk_difference_column"/>
    <testcase time="0.0739999999999981" classname="table_32" name="Table_32_generation_works_with_risk_difference_column"/>
    <testcase time="0.186" classname="table_32" name="Table_32_generation_works_with_risk_difference_column"/>
    <testcase time="0.0739999999999981" classname="table_32" name="Table_32_generation_works_with_risk_difference_column">
      <skipped message="Reason: On CRAN ('test-table_32.R:45:3')"/>
    </testcase>
    <testcase time="0.0380000000000038" classname="table_32" name="Table_32_gtsum_generation_works_with_default_values"/>
    <testcase time="0.0839999999999961" classname="table_32" name="Table_32_gtsum_generation_works_with_default_values">
      <error type="error" message="Error in `make_table_32_gtsum(advs = advs)`: object 'adsl' not found ('test-table_32.R:49:3')">Error in `make_table_32_gtsum(advs = advs)`: object 'adsl' not found
Backtrace:
    x
 1. +-base::suppressWarnings(make_table_32_gtsum(advs = advs)) at test-table_32.R:49:2
 2. | \-base::withCallingHandlers(...)
 3. +-falcon::make_table_32_gtsum(advs = advs)
 4. | \-adsl %&gt;% select(all_of(c("USUBJID", saffl_var)))
 5. \-dplyr::select(., all_of(c("USUBJID", saffl_var)))</error>
    </testcase>
    <testcase time="0.0750000000000028" classname="table_32" name="Table_32_gtsum_generation_works_with_custom_values"/>
    <testcase time="0.0949999999999989" classname="table_32" name="Table_32_gtsum_generation_works_with_custom_values">
      <error type="error" message="Error in `make_table_32_gtsum(advs = advs, lbl_overall = &quot;Total Population&quot;)`: object 'adsl' not found ('test-table_32.R:56:3')">Error in `make_table_32_gtsum(advs = advs, lbl_overall = "Total Population")`: object 'adsl' not found
Backtrace:
    x
 1. +-base::suppressWarnings(make_table_32_gtsum(advs = advs, lbl_overall = "Total Population")) at test-table_32.R:56:2
 2. | \-base::withCallingHandlers(...)
 3. +-falcon::make_table_32_gtsum(advs = advs, lbl_overall = "Total Population")
 4. | \-adsl %&gt;% select(all_of(c("USUBJID", saffl_var)))
 5. \-dplyr::select(., all_of(c("USUBJID", saffl_var)))</error>
    </testcase>
  </testsuite>
  <testsuite name="table_33" timestamp="2023-10-10T12:55:20Z" hostname="04c122d866cc" tests="16" skipped="4" failures="0" errors="0" time="2.581">
    <testcase time="0.0700000000000003" classname="table_33" name="Table_33_generation_works_with_default_values"/>
    <testcase time="0.426000000000002" classname="table_33" name="Table_33_generation_works_with_default_values"/>
    <testcase time="0.134" classname="table_33" name="Table_33_generation_works_with_default_values"/>
    <testcase time="0.0479999999999947" classname="table_33" name="Table_33_generation_works_with_default_values">
      <skipped message="Reason: On CRAN ('test-table_33.R:8:3')"/>
    </testcase>
    <testcase time="0.0260000000000034" classname="table_33" name="Table_33_generation_works_with_custom_values"/>
    <testcase time="0.405000000000001" classname="table_33" name="Table_33_generation_works_with_custom_values"/>
    <testcase time="0.167999999999999" classname="table_33" name="Table_33_generation_works_with_custom_values"/>
    <testcase time="0.0559999999999974" classname="table_33" name="Table_33_generation_works_with_custom_values">
      <skipped message="Reason: On CRAN ('test-table_33.R:34:3')"/>
    </testcase>
    <testcase time="0.027000000000001" classname="table_33" name="Table_33_generation_works_with_pruned_rows"/>
    <testcase time="0.392000000000003" classname="table_33" name="Table_33_generation_works_with_pruned_rows"/>
    <testcase time="0.147999999999996" classname="table_33" name="Table_33_generation_works_with_pruned_rows"/>
    <testcase time="0.0459999999999994" classname="table_33" name="Table_33_generation_works_with_pruned_rows">
      <skipped message="Reason: On CRAN ('test-table_33.R:42:3')"/>
    </testcase>
    <testcase time="0.0260000000000034" classname="table_33" name="Table_33_generation_works_with_risk_difference_column"/>
    <testcase time="0.393999999999998" classname="table_33" name="Table_33_generation_works_with_risk_difference_column"/>
    <testcase time="0.164000000000001" classname="table_33" name="Table_33_generation_works_with_risk_difference_column"/>
    <testcase time="0.0510000000000019" classname="table_33" name="Table_33_generation_works_with_risk_difference_column">
      <skipped message="Reason: On CRAN ('test-table_33.R:50:3')"/>
    </testcase>
  </testsuite>
  <testsuite name="table_34" timestamp="2023-10-10T12:55:22Z" hostname="04c122d866cc" tests="12" skipped="3" failures="0" errors="0" time="8.296">
    <testcase time="0.036999999999999" classname="table_34" name="Table_34_generation_works_with_default_values"/>
    <testcase time="0.0549999999999997" classname="table_34" name="Table_34_generation_works_with_default_values"/>
    <testcase time="2.317" classname="table_34" name="Table_34_generation_works_with_default_values"/>
    <testcase time="0.292999999999992" classname="table_34" name="Table_34_generation_works_with_default_values">
      <skipped message="Reason: On CRAN ('test-table_34.R:17:3')"/>
    </testcase>
    <testcase time="0.027000000000001" classname="table_34" name="Table_34_generation_works_with_custom_values"/>
    <testcase time="0.0520000000000067" classname="table_34" name="Table_34_generation_works_with_custom_values"/>
    <testcase time="2.295" classname="table_34" name="Table_34_generation_works_with_custom_values"/>
    <testcase time="0.10199999999999" classname="table_34" name="Table_34_generation_works_with_custom_values">
      <skipped message="Reason: On CRAN ('test-table_34.R:49:3')"/>
    </testcase>
    <testcase time="0.0240000000000009" classname="table_34" name="Table_34_generation_works_with_risk_difference_column"/>
    <testcase time="0.0619999999999976" classname="table_34" name="Table_34_generation_works_with_risk_difference_column"/>
    <testcase time="2.706" classname="table_34" name="Table_34_generation_works_with_risk_difference_column"/>
    <testcase time="0.326000000000008" classname="table_34" name="Table_34_generation_works_with_risk_difference_column">
      <skipped message="Reason: On CRAN ('test-table_34.R:57:3')"/>
    </testcase>
  </testsuite>
</testsuites>
