<?xml version="1.0" encoding="UTF-8"?>
<testsuites>
  <testsuite name="table_02" timestamp="2023-10-23T16:31:08Z" hostname="8e87e1e9092f" tests="30" skipped="10" failures="0" errors="0" time="18.715">
    <testcase time="0.107" classname="table_02" name="Table_02_generation_works_with_default_values"/>
    <testcase time="0.641" classname="table_02" name="Table_02_generation_works_with_default_values"/>
    <testcase time="0.284" classname="table_02" name="Table_02_generation_works_with_default_values">
      <skipped message="Reason: On CRAN ('test-table_02.R:16:3')"/>
    </testcase>
    <testcase time="0.0890000000000004" classname="table_02" name="Table_02_generation_works_with_custom_values"/>
    <testcase time="0.496" classname="table_02" name="Table_02_generation_works_with_custom_values"/>
    <testcase time="0.308" classname="table_02" name="Table_02_generation_works_with_custom_values">
      <skipped message="Reason: On CRAN ('test-table_02.R:45:3')"/>
    </testcase>
    <testcase time="0.0760000000000005" classname="table_02" name="Table_02_generation_works_with_some_NA_values"/>
    <testcase time="0.133" classname="table_02" name="Table_02_generation_works_with_some_NA_values"/>
    <testcase time="0.0599999999999996" classname="table_02" name="Table_02_generation_works_with_some_NA_values">
      <skipped message="Reason: On CRAN ('test-table_02.R:57:3')"/>
    </testcase>
    <testcase time="0.0250000000000004" classname="table_02" name="Table_02_generation_tplyr_works_with_default_values"/>
    <testcase time="2.188" classname="table_02" name="Table_02_generation_tplyr_works_with_default_values"/>
    <testcase time="0.04" classname="table_02" name="Table_02_generation_tplyr_works_with_default_values">
      <skipped message="Reason: On CRAN ('test-table_02.R:66:3')"/>
    </testcase>
    <testcase time="0.0339999999999998" classname="table_02" name="Table_02_generation_tplyr_works_with_tplyr_raw_TRUE"/>
    <testcase time="1.416" classname="table_02" name="Table_02_generation_tplyr_works_with_tplyr_raw_TRUE"/>
    <testcase time="0.0280000000000005" classname="table_02" name="Table_02_generation_tplyr_works_with_tplyr_raw_TRUE">
      <skipped message="Reason: On CRAN ('test-table_02.R:75:3')"/>
    </testcase>
    <testcase time="0.0589999999999993" classname="table_02" name="Table_02_generation_tplyr_works_with_custom_values"/>
    <testcase time="2.092" classname="table_02" name="Table_02_generation_tplyr_works_with_custom_values"/>
    <testcase time="0.0259999999999998" classname="table_02" name="Table_02_generation_tplyr_works_with_custom_values">
      <skipped message="Reason: On CRAN ('test-table_02.R:102:3')"/>
    </testcase>
    <testcase time="0.0510000000000002" classname="table_02" name="Table_02_generation_tplyr_works_with_some_NA_values"/>
    <testcase time="0.826000000000001" classname="table_02" name="Table_02_generation_tplyr_works_with_some_NA_values"/>
    <testcase time="0.0239999999999991" classname="table_02" name="Table_02_generation_tplyr_works_with_some_NA_values">
      <skipped message="Reason: On CRAN ('test-table_02.R:119:3')"/>
    </testcase>
    <testcase time="0.0210000000000008" classname="table_02" name="Table_02_generation_gtsum_works_with_default_values"/>
    <testcase time="3.848" classname="table_02" name="Table_02_generation_gtsum_works_with_default_values"/>
    <testcase time="0.0120000000000005" classname="table_02" name="Table_02_generation_gtsum_works_with_default_values">
      <skipped message="Reason: On CRAN ('test-table_02.R:128:3')"/>
    </testcase>
    <testcase time="0.0659999999999989" classname="table_02" name="Table_02_generation_gtsum_works_with_custom_values"/>
    <testcase time="4.259" classname="table_02" name="Table_02_generation_gtsum_works_with_custom_values"/>
    <testcase time="0.0100000000000016" classname="table_02" name="Table_02_generation_gtsum_works_with_custom_values">
      <skipped message="Reason: On CRAN ('test-table_02.R:146:3')"/>
    </testcase>
    <testcase time="0.0500000000000007" classname="table_02" name="Table_02_generation_gtsum_works_with_some_NA_values"/>
    <testcase time="1.437" classname="table_02" name="Table_02_generation_gtsum_works_with_some_NA_values"/>
    <testcase time="0.00900000000000034" classname="table_02" name="Table_02_generation_gtsum_works_with_some_NA_values">
      <skipped message="Reason: On CRAN ('test-table_02.R:160:3')"/>
    </testcase>
  </testsuite>
  <testsuite name="table_03" timestamp="2023-10-23T16:31:26Z" hostname="8e87e1e9092f" tests="8" skipped="2" failures="0" errors="0" time="1.023">
    <testcase time="0.0410000000000004" classname="table_03" name="Table_3_generation_works_with_default_values"/>
    <testcase time="0.00199999999999889" classname="table_03" name="Table_3_generation_works_with_default_values"/>
    <testcase time="0.413" classname="table_03" name="Table_3_generation_works_with_default_values"/>
    <testcase time="0.0760000000000005" classname="table_03" name="Table_3_generation_works_with_default_values">
      <skipped message="Reason: On CRAN ('test-table_03.R:21:3')"/>
    </testcase>
    <testcase time="0.0219999999999985" classname="table_03" name="Table_3_generation_works_with_custom_values"/>
    <testcase time="0.00200000000000244" classname="table_03" name="Table_3_generation_works_with_custom_values"/>
    <testcase time="0.369" classname="table_03" name="Table_3_generation_works_with_custom_values"/>
    <testcase time="0.097999999999999" classname="table_03" name="Table_3_generation_works_with_custom_values">
      <skipped message="Reason: On CRAN ('test-table_03.R:41:3')"/>
    </testcase>
  </testsuite>
  <testsuite name="table_04" timestamp="2023-10-23T16:31:27Z" hostname="8e87e1e9092f" tests="12" skipped="2" failures="0" errors="0" time="1.13">
    <testcase time="0.0500000000000007" classname="table_04" name="Table_04_generation_works_with_default_values"/>
    <testcase time="0.00199999999999889" classname="table_04" name="Table_04_generation_works_with_default_values"/>
    <testcase time="0.00199999999999889" classname="table_04" name="Table_04_generation_works_with_default_values"/>
    <testcase time="0.00200000000000244" classname="table_04" name="Table_04_generation_works_with_default_values"/>
    <testcase time="0.392999999999997" classname="table_04" name="Table_04_generation_works_with_default_values"/>
    <testcase time="0.138000000000002" classname="table_04" name="Table_04_generation_works_with_default_values">
      <skipped message="Reason: On CRAN ('test-table_04.R:18:3')"/>
    </testcase>
    <testcase time="0.0240000000000009" classname="table_04" name="Table_04_generation_works_with_custom_values"/>
    <testcase time="0.00199999999999889" classname="table_04" name="Table_04_generation_works_with_custom_values"/>
    <testcase time="0.00199999999999889" classname="table_04" name="Table_04_generation_works_with_custom_values"/>
    <testcase time="0.00100000000000122" classname="table_04" name="Table_04_generation_works_with_custom_values"/>
    <testcase time="0.408000000000001" classname="table_04" name="Table_04_generation_works_with_custom_values"/>
    <testcase time="0.105999999999998" classname="table_04" name="Table_04_generation_works_with_custom_values">
      <skipped message="Reason: On CRAN ('test-table_04.R:44:3')"/>
    </testcase>
  </testsuite>
  <testsuite name="table_05" timestamp="2023-10-23T16:31:29Z" hostname="8e87e1e9092f" tests="12" skipped="4" failures="0" errors="0" time="1.807">
    <testcase time="0.208000000000002" classname="table_05" name="Table_05_generation_works_with_default_values"/>
    <testcase time="0.289999999999999" classname="table_05" name="Table_05_generation_works_with_default_values"/>
    <testcase time="0.111000000000001" classname="table_05" name="Table_05_generation_works_with_default_values">
      <skipped message="Reason: On CRAN ('test-table_05.R:10:3')"/>
    </testcase>
    <testcase time="0.0219999999999985" classname="table_05" name="Table_05_generation_works_with_custom_values"/>
    <testcase time="0.266000000000002" classname="table_05" name="Table_05_generation_works_with_custom_values"/>
    <testcase time="0.108000000000001" classname="table_05" name="Table_05_generation_works_with_custom_values">
      <skipped message="Reason: On CRAN ('test-table_05.R:34:3')"/>
    </testcase>
    <testcase time="0.0239999999999974" classname="table_05" name="Table_05_generation_works_with_NA_values_pruned_rows"/>
    <testcase time="0.251999999999999" classname="table_05" name="Table_05_generation_works_with_NA_values_pruned_rows"/>
    <testcase time="0.0990000000000002" classname="table_05" name="Table_05_generation_works_with_NA_values_pruned_rows">
      <skipped message="Reason: On CRAN ('test-table_05.R:44:3')"/>
    </testcase>
    <testcase time="0.0330000000000013" classname="table_05" name="Table_05_generation_works_with_risk_difference_column"/>
    <testcase time="0.283999999999999" classname="table_05" name="Table_05_generation_works_with_risk_difference_column"/>
    <testcase time="0.109999999999999" classname="table_05" name="Table_05_generation_works_with_risk_difference_column">
      <skipped message="Reason: On CRAN ('test-table_05.R:57:3')"/>
    </testcase>
  </testsuite>
  <testsuite name="table_06" timestamp="2023-10-23T16:31:30Z" hostname="8e87e1e9092f" tests="15" skipped="3" failures="0" errors="0" time="2.661">
    <testcase time="0.0310000000000024" classname="table_06" name="Table_06_generation_works_with_default_values"/>
    <testcase time="0.00199999999999889" classname="table_06" name="Table_06_generation_works_with_default_values"/>
    <testcase time="0.0670000000000002" classname="table_06" name="Table_06_generation_works_with_default_values"/>
    <testcase time="0.504000000000001" classname="table_06" name="Table_06_generation_works_with_default_values"/>
    <testcase time="0.149999999999999" classname="table_06" name="Table_06_generation_works_with_default_values">
      <skipped message="Reason: On CRAN ('test-table_06.R:8:3')"/>
    </testcase>
    <testcase time="0.0210000000000008" classname="table_06" name="Table_06_generation_works_with_custom_values"/>
    <testcase time="0.00199999999999889" classname="table_06" name="Table_06_generation_works_with_custom_values"/>
    <testcase time="0.0599999999999987" classname="table_06" name="Table_06_generation_works_with_custom_values"/>
    <testcase time="0.696000000000002" classname="table_06" name="Table_06_generation_works_with_custom_values"/>
    <testcase time="0.212" classname="table_06" name="Table_06_generation_works_with_custom_values">
      <skipped message="Reason: On CRAN ('test-table_06.R:40:3')"/>
    </testcase>
    <testcase time="0.0259999999999998" classname="table_06" name="Table_06_generation_works_with_risk_difference_column"/>
    <testcase time="0.00300000000000011" classname="table_06" name="Table_06_generation_works_with_risk_difference_column"/>
    <testcase time="0.0749999999999993" classname="table_06" name="Table_06_generation_works_with_risk_difference_column"/>
    <testcase time="0.678000000000001" classname="table_06" name="Table_06_generation_works_with_risk_difference_column"/>
    <testcase time="0.134" classname="table_06" name="Table_06_generation_works_with_risk_difference_column">
      <skipped message="Reason: On CRAN ('test-table_06.R:48:3')"/>
    </testcase>
  </testsuite>
  <testsuite name="table_07" timestamp="2023-10-23T16:31:33Z" hostname="8e87e1e9092f" tests="24" skipped="4" failures="0" errors="0" time="2.911">
    <testcase time="0.0330000000000013" classname="table_07" name="Table_07_generation_works_with_default_values"/>
    <testcase time="0.00199999999999889" classname="table_07" name="Table_07_generation_works_with_default_values"/>
    <testcase time="0.00199999999999889" classname="table_07" name="Table_07_generation_works_with_default_values"/>
    <testcase time="0.0440000000000005" classname="table_07" name="Table_07_generation_works_with_default_values"/>
    <testcase time="0.423999999999999" classname="table_07" name="Table_07_generation_works_with_default_values"/>
    <testcase time="0.153000000000002" classname="table_07" name="Table_07_generation_works_with_default_values">
      <skipped message="Reason: On CRAN ('test-table_07.R:13:3')"/>
    </testcase>
    <testcase time="0.0199999999999996" classname="table_07" name="Table_07_generation_works_with_custom_values"/>
    <testcase time="0.00199999999999889" classname="table_07" name="Table_07_generation_works_with_custom_values"/>
    <testcase time="0.00100000000000122" classname="table_07" name="Table_07_generation_works_with_custom_values"/>
    <testcase time="0.0519999999999996" classname="table_07" name="Table_07_generation_works_with_custom_values"/>
    <testcase time="0.599999999999998" classname="table_07" name="Table_07_generation_works_with_custom_values"/>
    <testcase time="0.210000000000001" classname="table_07" name="Table_07_generation_works_with_custom_values">
      <skipped message="Reason: On CRAN ('test-table_07.R:42:3')"/>
    </testcase>
    <testcase time="0.0240000000000009" classname="table_07" name="Table_07_generation_works_with_NA_values_pruned_rows"/>
    <testcase time="0.00199999999999889" classname="table_07" name="Table_07_generation_works_with_NA_values_pruned_rows"/>
    <testcase time="0.00200000000000244" classname="table_07" name="Table_07_generation_works_with_NA_values_pruned_rows"/>
    <testcase time="0.0499999999999972" classname="table_07" name="Table_07_generation_works_with_NA_values_pruned_rows"/>
    <testcase time="0.393000000000001" classname="table_07" name="Table_07_generation_works_with_NA_values_pruned_rows"/>
    <testcase time="0.164000000000001" classname="table_07" name="Table_07_generation_works_with_NA_values_pruned_rows">
      <skipped message="Reason: On CRAN ('test-table_07.R:52:3')"/>
    </testcase>
    <testcase time="0.0229999999999997" classname="table_07" name="Table_07_generation_works_with_risk_difference_column"/>
    <testcase time="0.00199999999999889" classname="table_07" name="Table_07_generation_works_with_risk_difference_column"/>
    <testcase time="0.00199999999999889" classname="table_07" name="Table_07_generation_works_with_risk_difference_column"/>
    <testcase time="0.0590000000000011" classname="table_07" name="Table_07_generation_works_with_risk_difference_column"/>
    <testcase time="0.478999999999999" classname="table_07" name="Table_07_generation_works_with_risk_difference_column"/>
    <testcase time="0.168000000000003" classname="table_07" name="Table_07_generation_works_with_risk_difference_column">
      <skipped message="Reason: On CRAN ('test-table_07.R:65:3')"/>
    </testcase>
  </testsuite>
  <testsuite name="table_08" timestamp="2023-10-23T16:31:36Z" hostname="8e87e1e9092f" tests="8" skipped="2" failures="0" errors="0" time="0.51">
    <testcase time="0.0279999999999987" classname="table_08" name="Table_08_generation_works_with_default_values"/>
    <testcase time="0.00199999999999889" classname="table_08" name="Table_08_generation_works_with_default_values"/>
    <testcase time="0.0650000000000013" classname="table_08" name="Table_08_generation_works_with_default_values"/>
    <testcase time="0.140999999999998" classname="table_08" name="Table_08_generation_works_with_default_values">
      <skipped message="Reason: On CRAN ('test-table_08.R:10:3')"/>
    </testcase>
    <testcase time="0.022000000000002" classname="table_08" name="Table_08_generation_works_with_custom_values"/>
    <testcase time="0.00199999999999889" classname="table_08" name="Table_08_generation_works_with_custom_values"/>
    <testcase time="0.0489999999999995" classname="table_08" name="Table_08_generation_works_with_custom_values"/>
    <testcase time="0.201000000000004" classname="table_08" name="Table_08_generation_works_with_custom_values">
      <skipped message="Reason: On CRAN ('test-table_08.R:31:3')"/>
    </testcase>
  </testsuite>
  <testsuite name="table_09" timestamp="2023-10-23T16:31:36Z" hostname="8e87e1e9092f" tests="12" skipped="3" failures="0" errors="0" time="1.732">
    <testcase time="0.0259999999999962" classname="table_09" name="Table_09_generation_works_with_default_values"/>
    <testcase time="0.0640000000000001" classname="table_09" name="Table_09_generation_works_with_default_values"/>
    <testcase time="0.353999999999999" classname="table_09" name="Table_09_generation_works_with_default_values"/>
    <testcase time="0.0760000000000005" classname="table_09" name="Table_09_generation_works_with_default_values">
      <skipped message="Reason: On CRAN ('test-table_09.R:8:3')"/>
    </testcase>
    <testcase time="0.0219999999999985" classname="table_09" name="Table_09_generation_works_with_custom_values"/>
    <testcase time="0.0600000000000023" classname="table_09" name="Table_09_generation_works_with_custom_values"/>
    <testcase time="0.422000000000004" classname="table_09" name="Table_09_generation_works_with_custom_values"/>
    <testcase time="0.100999999999999" classname="table_09" name="Table_09_generation_works_with_custom_values">
      <skipped message="Reason: On CRAN ('test-table_09.R:39:3')"/>
    </testcase>
    <testcase time="0.0219999999999985" classname="table_09" name="Table_09_generation_works_with_risk_difference_column"/>
    <testcase time="0.044000000000004" classname="table_09" name="Table_09_generation_works_with_risk_difference_column"/>
    <testcase time="0.449999999999996" classname="table_09" name="Table_09_generation_works_with_risk_difference_column"/>
    <testcase time="0.0910000000000011" classname="table_09" name="Table_09_generation_works_with_risk_difference_column">
      <skipped message="Reason: On CRAN ('test-table_09.R:47:3')"/>
    </testcase>
  </testsuite>
  <testsuite name="table_10" timestamp="2023-10-23T16:31:38Z" hostname="8e87e1e9092f" tests="15" skipped="3" failures="0" errors="0" time="2.146">
    <testcase time="0.0339999999999989" classname="table_10" name="Table_10_generation_works_with_default_values"/>
    <testcase time="0.000999999999997669" classname="table_10" name="Table_10_generation_works_with_default_values"/>
    <testcase time="0.0500000000000043" classname="table_10" name="Table_10_generation_works_with_default_values"/>
    <testcase time="0.457000000000001" classname="table_10" name="Table_10_generation_works_with_default_values"/>
    <testcase time="0.18" classname="table_10" name="Table_10_generation_works_with_default_values">
      <skipped message="Reason: On CRAN ('test-table_10.R:17:3')"/>
    </testcase>
    <testcase time="0.0230000000000032" classname="table_10" name="Table_10_generation_works_with_custom_values"/>
    <testcase time="0.00199999999999534" classname="table_10" name="Table_10_generation_works_with_custom_values"/>
    <testcase time="0.0429999999999993" classname="table_10" name="Table_10_generation_works_with_custom_values"/>
    <testcase time="0.436" classname="table_10" name="Table_10_generation_works_with_custom_values"/>
    <testcase time="0.0670000000000002" classname="table_10" name="Table_10_generation_works_with_custom_values">
      <skipped message="Reason: On CRAN ('test-table_10.R:52:3')"/>
    </testcase>
    <testcase time="0.0210000000000008" classname="table_10" name="Table_10_generation_works_with_risk_difference_column"/>
    <testcase time="0.00200000000000244" classname="table_10" name="Table_10_generation_works_with_risk_difference_column"/>
    <testcase time="0.046999999999997" classname="table_10" name="Table_10_generation_works_with_risk_difference_column"/>
    <testcase time="0.603999999999999" classname="table_10" name="Table_10_generation_works_with_risk_difference_column"/>
    <testcase time="0.179000000000002" classname="table_10" name="Table_10_generation_works_with_risk_difference_column">
      <skipped message="Reason: On CRAN ('test-table_10.R:60:3')"/>
    </testcase>
  </testsuite>
  <testsuite name="table_11" timestamp="2023-10-23T16:31:40Z" hostname="8e87e1e9092f" tests="12" skipped="3" failures="0" errors="0" time="3.22">
    <testcase time="0.0350000000000037" classname="table_11" name="Table_11_generation_works_with_default_values"/>
    <testcase time="0.0700000000000003" classname="table_11" name="Table_11_generation_works_with_default_values"/>
    <testcase time="0.768999999999998" classname="table_11" name="Table_11_generation_works_with_default_values"/>
    <testcase time="0.171999999999997" classname="table_11" name="Table_11_generation_works_with_default_values">
      <skipped message="Reason: On CRAN ('test-table_11.R:18:3')"/>
    </testcase>
    <testcase time="0.0230000000000032" classname="table_11" name="Table_11_generation_works_with_custom_values"/>
    <testcase time="0.0630000000000024" classname="table_11" name="Table_11_generation_works_with_custom_values"/>
    <testcase time="0.731000000000002" classname="table_11" name="Table_11_generation_works_with_custom_values"/>
    <testcase time="0.0929999999999964" classname="table_11" name="Table_11_generation_works_with_custom_values">
      <skipped message="Reason: On CRAN ('test-table_11.R:48:3')"/>
    </testcase>
    <testcase time="0.0249999999999986" classname="table_11" name="Table_11_generation_works_with_risk_difference_column"/>
    <testcase time="0.0549999999999997" classname="table_11" name="Table_11_generation_works_with_risk_difference_column"/>
    <testcase time="0.978000000000002" classname="table_11" name="Table_11_generation_works_with_risk_difference_column"/>
    <testcase time="0.206000000000003" classname="table_11" name="Table_11_generation_works_with_risk_difference_column">
      <skipped message="Reason: On CRAN ('test-table_11.R:56:3')"/>
    </testcase>
  </testsuite>
  <testsuite name="table_12" timestamp="2023-10-23T16:31:43Z" hostname="8e87e1e9092f" tests="12" skipped="3" failures="0" errors="0" time="4.582">
    <testcase time="0.0279999999999987" classname="table_12" name="Table_12_generation_works_with_default_values"/>
    <testcase time="0.0549999999999997" classname="table_12" name="Table_12_generation_works_with_default_values"/>
    <testcase time="1.023" classname="table_12" name="Table_12_generation_works_with_default_values"/>
    <testcase time="0.169000000000004" classname="table_12" name="Table_12_generation_works_with_default_values">
      <skipped message="Reason: On CRAN ('test-table_12.R:9:3')"/>
    </testcase>
    <testcase time="0.0289999999999964" classname="table_12" name="Table_12_generation_works_with_custom_values"/>
    <testcase time="0.0680000000000049" classname="table_12" name="Table_12_generation_works_with_custom_values"/>
    <testcase time="1.067" classname="table_12" name="Table_12_generation_works_with_custom_values"/>
    <testcase time="0.159999999999997" classname="table_12" name="Table_12_generation_works_with_custom_values">
      <skipped message="Reason: On CRAN ('test-table_12.R:39:3')"/>
    </testcase>
    <testcase time="0.027000000000001" classname="table_12" name="Table_12_generation_works_with_risk_difference_column"/>
    <testcase time="0.0630000000000024" classname="table_12" name="Table_12_generation_works_with_risk_difference_column"/>
    <testcase time="1.724" classname="table_12" name="Table_12_generation_works_with_risk_difference_column"/>
    <testcase time="0.169000000000004" classname="table_12" name="Table_12_generation_works_with_risk_difference_column">
      <skipped message="Reason: On CRAN ('test-table_12.R:47:3')"/>
    </testcase>
  </testsuite>
  <testsuite name="table_13" timestamp="2023-10-23T16:31:48Z" hostname="8e87e1e9092f" tests="12" skipped="3" failures="0" errors="0" time="1.079">
    <testcase time="0.0269999999999939" classname="table_13" name="Table_13_generation_works_with_default_values"/>
    <testcase time="0.0560000000000045" classname="table_13" name="Table_13_generation_works_with_default_values"/>
    <testcase time="0.158999999999999" classname="table_13" name="Table_13_generation_works_with_default_values"/>
    <testcase time="0.100000000000001" classname="table_13" name="Table_13_generation_works_with_default_values">
      <skipped message="Reason: On CRAN ('test-table_13.R:8:3')"/>
    </testcase>
    <testcase time="0.0249999999999986" classname="table_13" name="Table_13_generation_works_with_custom_values"/>
    <testcase time="0.0660000000000025" classname="table_13" name="Table_13_generation_works_with_custom_values"/>
    <testcase time="0.213000000000001" classname="table_13" name="Table_13_generation_works_with_custom_values"/>
    <testcase time="0.0689999999999955" classname="table_13" name="Table_13_generation_works_with_custom_values">
      <skipped message="Reason: On CRAN ('test-table_13.R:38:3')"/>
    </testcase>
    <testcase time="0.0249999999999986" classname="table_13" name="Table_13_generation_works_with_risk_difference_column"/>
    <testcase time="0.0590000000000046" classname="table_13" name="Table_13_generation_works_with_risk_difference_column"/>
    <testcase time="0.183999999999997" classname="table_13" name="Table_13_generation_works_with_risk_difference_column"/>
    <testcase time="0.0960000000000036" classname="table_13" name="Table_13_generation_works_with_risk_difference_column">
      <skipped message="Reason: On CRAN ('test-table_13.R:46:3')"/>
    </testcase>
  </testsuite>
  <testsuite name="table_14" timestamp="2023-10-23T16:31:49Z" hostname="8e87e1e9092f" tests="13" skipped="4" failures="0" errors="0" time="4.088">
    <testcase time="0.0399999999999991" classname="table_14" name="Table_14_generation_works_with_default_values"/>
    <testcase time="0.728999999999999" classname="table_14" name="Table_14_generation_works_with_default_values"/>
    <testcase time="0.201999999999998" classname="table_14" name="Table_14_generation_works_with_default_values">
      <skipped message="Reason: On CRAN ('test-table_14.R:16:3')"/>
    </testcase>
    <testcase time="0.027000000000001" classname="table_14" name="Table_14_generation_works_with_custom_values"/>
    <testcase time="0.0619999999999976" classname="table_14" name="Table_14_generation_works_with_custom_values"/>
    <testcase time="0.798000000000002" classname="table_14" name="Table_14_generation_works_with_custom_values"/>
    <testcase time="0.173000000000002" classname="table_14" name="Table_14_generation_works_with_custom_values">
      <skipped message="Reason: On CRAN ('test-table_14.R:46:3')"/>
    </testcase>
    <testcase time="0.0219999999999985" classname="table_14" name="Table_14_generation_works_with_NA_values_pruned_rows"/>
    <testcase time="0.693000000000005" classname="table_14" name="Table_14_generation_works_with_NA_values_pruned_rows"/>
    <testcase time="0.150999999999996" classname="table_14" name="Table_14_generation_works_with_NA_values_pruned_rows">
      <skipped message="Reason: On CRAN ('test-table_14.R:53:3')"/>
    </testcase>
    <testcase time="0.0279999999999987" classname="table_14" name="Table_14_generation_works_with_risk_difference_column"/>
    <testcase time="0.945" classname="table_14" name="Table_14_generation_works_with_risk_difference_column"/>
    <testcase time="0.218000000000004" classname="table_14" name="Table_14_generation_works_with_risk_difference_column">
      <skipped message="Reason: On CRAN ('test-table_14.R:61:3')"/>
    </testcase>
  </testsuite>
  <testsuite name="table_20" timestamp="2023-10-23T16:31:53Z" hostname="8e87e1e9092f" tests="24" skipped="4" failures="0" errors="0" time="3.51">
    <testcase time="0.0390000000000015" classname="table_20" name="Table_20_generation_works_with_default_values"/>
    <testcase time="0.00199999999999534" classname="table_20" name="Table_20_generation_works_with_default_values"/>
    <testcase time="0.00100000000000477" classname="table_20" name="Table_20_generation_works_with_default_values"/>
    <testcase time="0.0539999999999949" classname="table_20" name="Table_20_generation_works_with_default_values"/>
    <testcase time="0.581000000000003" classname="table_20" name="Table_20_generation_works_with_default_values"/>
    <testcase time="0.117999999999995" classname="table_20" name="Table_20_generation_works_with_default_values">
      <skipped message="Reason: On CRAN ('test-table_20.R:17:3')"/>
    </testcase>
    <testcase time="0.0289999999999964" classname="table_20" name="Table_20_generation_works_with_custom_values"/>
    <testcase time="0.00200000000000244" classname="table_20" name="Table_20_generation_works_with_custom_values"/>
    <testcase time="0.00200000000000244" classname="table_20" name="Table_20_generation_works_with_custom_values"/>
    <testcase time="0.0599999999999952" classname="table_20" name="Table_20_generation_works_with_custom_values"/>
    <testcase time="0.844000000000001" classname="table_20" name="Table_20_generation_works_with_custom_values"/>
    <testcase time="0.145000000000003" classname="table_20" name="Table_20_generation_works_with_custom_values">
      <skipped message="Reason: On CRAN ('test-table_20.R:65:3')"/>
    </testcase>
    <testcase time="0.0219999999999985" classname="table_20" name="Table_20_generation_works_with_missing_values_pruned_rows"/>
    <testcase time="0.00200000000000244" classname="table_20" name="Table_20_generation_works_with_missing_values_pruned_rows"/>
    <testcase time="0.00199999999999534" classname="table_20" name="Table_20_generation_works_with_missing_values_pruned_rows"/>
    <testcase time="0.0510000000000019" classname="table_20" name="Table_20_generation_works_with_missing_values_pruned_rows"/>
    <testcase time="0.518999999999998" classname="table_20" name="Table_20_generation_works_with_missing_values_pruned_rows"/>
    <testcase time="0.123000000000005" classname="table_20" name="Table_20_generation_works_with_missing_values_pruned_rows">
      <skipped message="Reason: On CRAN ('test-table_20.R:74:3')"/>
    </testcase>
    <testcase time="0.0229999999999961" classname="table_20" name="Table_20_generation_works_with_risk_difference_column"/>
    <testcase time="0.00200000000000244" classname="table_20" name="Table_20_generation_works_with_risk_difference_column"/>
    <testcase time="0.00199999999999534" classname="table_20" name="Table_20_generation_works_with_risk_difference_column"/>
    <testcase time="0.0660000000000025" classname="table_20" name="Table_20_generation_works_with_risk_difference_column"/>
    <testcase time="0.691000000000003" classname="table_20" name="Table_20_generation_works_with_risk_difference_column"/>
    <testcase time="0.129999999999995" classname="table_20" name="Table_20_generation_works_with_risk_difference_column">
      <skipped message="Reason: On CRAN ('test-table_20.R:82:3')"/>
    </testcase>
  </testsuite>
  <testsuite name="table_21" timestamp="2023-10-23T16:31:57Z" hostname="8e87e1e9092f" tests="19" skipped="4" failures="0" errors="0" time="3.417">
    <testcase time="0.0910000000000011" classname="table_21" name="Table_21_generation_works_with_default_values"/>
    <testcase time="0.00200000000000244" classname="table_21" name="Table_21_generation_works_with_default_values"/>
    <testcase time="0.717999999999996" classname="table_21" name="Table_21_generation_works_with_default_values"/>
    <testcase time="0.154000000000003" classname="table_21" name="Table_21_generation_works_with_default_values">
      <skipped message="Reason: On CRAN ('test-table_21.R:22:3')"/>
    </testcase>
    <testcase time="0.027000000000001" classname="table_21" name="Table_21_generation_works_with_custom_values_N_s_denominator_and_overall_column"/>
    <testcase time="0.00199999999999534" classname="table_21" name="Table_21_generation_works_with_custom_values_N_s_denominator_and_overall_column"/>
    <testcase time="0.095000000000006" classname="table_21" name="Table_21_generation_works_with_custom_values_N_s_denominator_and_overall_column"/>
    <testcase time="0.945" classname="table_21" name="Table_21_generation_works_with_custom_values_N_s_denominator_and_overall_column"/>
    <testcase time="0.161999999999999" classname="table_21" name="Table_21_generation_works_with_custom_values_N_s_denominator_and_overall_column">
      <skipped message="Reason: On CRAN ('test-table_21.R:34:3')"/>
    </testcase>
    <testcase time="0.0229999999999961" classname="table_21" name="Table_21_generation_works_with_custom_values_N_col_denominator_and_no_overall_column"/>
    <testcase time="0.00200000000000244" classname="table_21" name="Table_21_generation_works_with_custom_values_N_col_denominator_and_no_overall_column"/>
    <testcase time="0.070999999999998" classname="table_21" name="Table_21_generation_works_with_custom_values_N_col_denominator_and_no_overall_column"/>
    <testcase time="0.422000000000004" classname="table_21" name="Table_21_generation_works_with_custom_values_N_col_denominator_and_no_overall_column"/>
    <testcase time="0.135999999999996" classname="table_21" name="Table_21_generation_works_with_custom_values_N_col_denominator_and_no_overall_column">
      <skipped message="Reason: On CRAN ('test-table_21.R:62:3')"/>
    </testcase>
    <testcase time="0.0949999999999989" classname="table_21" name="Table_21_generation_works_with_some_NA_values"/>
    <testcase time="0.00200000000000244" classname="table_21" name="Table_21_generation_works_with_some_NA_values"/>
    <testcase time="0.0630000000000024" classname="table_21" name="Table_21_generation_works_with_some_NA_values"/>
    <testcase time="0.318999999999996" classname="table_21" name="Table_21_generation_works_with_some_NA_values"/>
    <testcase time="0.088000000000001" classname="table_21" name="Table_21_generation_works_with_some_NA_values">
      <skipped message="Reason: On CRAN ('test-table_21.R:82:3')"/>
    </testcase>
  </testsuite>
  <testsuite name="table_32" timestamp="2023-10-23T16:32:00Z" hostname="8e87e1e9092f" tests="28" skipped="8" failures="0" errors="0" time="12.877">
    <testcase time="0.0309999999999988" classname="table_32" name="Table_32_generation_works_with_default_values"/>
    <testcase time="0.0609999999999999" classname="table_32" name="Table_32_generation_works_with_default_values"/>
    <testcase time="0.167000000000002" classname="table_32" name="Table_32_generation_works_with_default_values"/>
    <testcase time="0.0619999999999976" classname="table_32" name="Table_32_generation_works_with_default_values">
      <skipped message="Reason: On CRAN ('test-table_32.R:8:3')"/>
    </testcase>
    <testcase time="0.0280000000000058" classname="table_32" name="Table_32_generation_works_with_custom_values"/>
    <testcase time="0.0749999999999957" classname="table_32" name="Table_32_generation_works_with_custom_values"/>
    <testcase time="0.201999999999998" classname="table_32" name="Table_32_generation_works_with_custom_values"/>
    <testcase time="0.0840000000000032" classname="table_32" name="Table_32_generation_works_with_custom_values">
      <skipped message="Reason: On CRAN ('test-table_32.R:30:3')"/>
    </testcase>
    <testcase time="0.0390000000000015" classname="table_32" name="Table_32_generation_works_with_pruned_rows"/>
    <testcase time="0.0700000000000003" classname="table_32" name="Table_32_generation_works_with_pruned_rows"/>
    <testcase time="0.197000000000003" classname="table_32" name="Table_32_generation_works_with_pruned_rows"/>
    <testcase time="0.0529999999999973" classname="table_32" name="Table_32_generation_works_with_pruned_rows">
      <skipped message="Reason: On CRAN ('test-table_32.R:37:3')"/>
    </testcase>
    <testcase time="0.027000000000001" classname="table_32" name="Table_32_generation_works_with_risk_difference_column"/>
    <testcase time="0.0910000000000011" classname="table_32" name="Table_32_generation_works_with_risk_difference_column"/>
    <testcase time="0.198999999999998" classname="table_32" name="Table_32_generation_works_with_risk_difference_column"/>
    <testcase time="0.0910000000000011" classname="table_32" name="Table_32_generation_works_with_risk_difference_column">
      <skipped message="Reason: On CRAN ('test-table_32.R:45:3')"/>
    </testcase>
    <testcase time="0.027000000000001" classname="table_32" name="Table_32_gtsum_generation_works_with_default_values"/>
    <testcase time="2.112" classname="table_32" name="Table_32_gtsum_generation_works_with_default_values"/>
    <testcase time="0.00799999999999557" classname="table_32" name="Table_32_gtsum_generation_works_with_default_values">
      <skipped message="Reason: On CRAN ('test-table_32.R:52:3')"/>
    </testcase>
    <testcase time="0.0260000000000034" classname="table_32" name="Table_32_gtsum_generation_works_with_custom_values"/>
    <testcase time="3.4" classname="table_32" name="Table_32_gtsum_generation_works_with_custom_values"/>
    <testcase time="0.0109999999999957" classname="table_32" name="Table_32_gtsum_generation_works_with_custom_values">
      <skipped message="Reason: On CRAN ('test-table_32.R:58:3')"/>
    </testcase>
    <testcase time="0.0370000000000061" classname="table_32" name="Table_32_gtsum_generation_works_with_default_values"/>
    <testcase time="2.525" classname="table_32" name="Table_32_gtsum_generation_works_with_default_values"/>
    <testcase time="0.00900000000000034" classname="table_32" name="Table_32_gtsum_generation_works_with_default_values">
      <skipped message="Reason: On CRAN ('test-table_32.R:64:3')"/>
    </testcase>
    <testcase time="0.0279999999999916" classname="table_32" name="Table_32_gtsum_generation_works_with_custom_values"/>
    <testcase time="3.20700000000001" classname="table_32" name="Table_32_gtsum_generation_works_with_custom_values"/>
    <testcase time="0.0100000000000051" classname="table_32" name="Table_32_gtsum_generation_works_with_custom_values">
      <skipped message="Reason: On CRAN ('test-table_32.R:74:3')"/>
    </testcase>
  </testsuite>
  <testsuite name="table_33" timestamp="2023-10-23T16:32:13Z" hostname="8e87e1e9092f" tests="16" skipped="4" failures="0" errors="0" time="2.311">
    <testcase time="0.0279999999999916" classname="table_33" name="Table_33_generation_works_with_default_values"/>
    <testcase time="0.367000000000004" classname="table_33" name="Table_33_generation_works_with_default_values"/>
    <testcase time="0.109999999999999" classname="table_33" name="Table_33_generation_works_with_default_values"/>
    <testcase time="0.0510000000000019" classname="table_33" name="Table_33_generation_works_with_default_values">
      <skipped message="Reason: On CRAN ('test-table_33.R:8:3')"/>
    </testcase>
    <testcase time="0.0219999999999914" classname="table_33" name="Table_33_generation_works_with_custom_values"/>
    <testcase time="0.365000000000009" classname="table_33" name="Table_33_generation_works_with_custom_values"/>
    <testcase time="0.137" classname="table_33" name="Table_33_generation_works_with_custom_values"/>
    <testcase time="0.0660000000000025" classname="table_33" name="Table_33_generation_works_with_custom_values">
      <skipped message="Reason: On CRAN ('test-table_33.R:34:3')"/>
    </testcase>
    <testcase time="0.0249999999999915" classname="table_33" name="Table_33_generation_works_with_pruned_rows"/>
    <testcase time="0.384" classname="table_33" name="Table_33_generation_works_with_pruned_rows"/>
    <testcase time="0.117000000000004" classname="table_33" name="Table_33_generation_works_with_pruned_rows"/>
    <testcase time="0.054000000000002" classname="table_33" name="Table_33_generation_works_with_pruned_rows">
      <skipped message="Reason: On CRAN ('test-table_33.R:42:3')"/>
    </testcase>
    <testcase time="0.0219999999999914" classname="table_33" name="Table_33_generation_works_with_risk_difference_column"/>
    <testcase time="0.363" classname="table_33" name="Table_33_generation_works_with_risk_difference_column"/>
    <testcase time="0.149000000000001" classname="table_33" name="Table_33_generation_works_with_risk_difference_column"/>
    <testcase time="0.0510000000000019" classname="table_33" name="Table_33_generation_works_with_risk_difference_column">
      <skipped message="Reason: On CRAN ('test-table_33.R:50:3')"/>
    </testcase>
  </testsuite>
  <testsuite name="table_34" timestamp="2023-10-23T16:32:15Z" hostname="8e87e1e9092f" tests="12" skipped="3" failures="0" errors="0" time="7.914">
    <testcase time="0.0330000000000013" classname="table_34" name="Table_34_generation_works_with_default_values"/>
    <testcase time="0.0499999999999972" classname="table_34" name="Table_34_generation_works_with_default_values"/>
    <testcase time="2.093" classname="table_34" name="Table_34_generation_works_with_default_values"/>
    <testcase time="0.292000000000002" classname="table_34" name="Table_34_generation_works_with_default_values">
      <skipped message="Reason: On CRAN ('test-table_34.R:17:3')"/>
    </testcase>
    <testcase time="0.0249999999999915" classname="table_34" name="Table_34_generation_works_with_custom_values"/>
    <testcase time="0.0450000000000017" classname="table_34" name="Table_34_generation_works_with_custom_values"/>
    <testcase time="2.11200000000001" classname="table_34" name="Table_34_generation_works_with_custom_values"/>
    <testcase time="0.114999999999995" classname="table_34" name="Table_34_generation_works_with_custom_values">
      <skipped message="Reason: On CRAN ('test-table_34.R:49:3')"/>
    </testcase>
    <testcase time="0.0220000000000056" classname="table_34" name="Table_34_generation_works_with_risk_difference_column"/>
    <testcase time="0.046999999999997" classname="table_34" name="Table_34_generation_works_with_risk_difference_column"/>
    <testcase time="2.733" classname="table_34" name="Table_34_generation_works_with_risk_difference_column"/>
    <testcase time="0.347000000000008" classname="table_34" name="Table_34_generation_works_with_risk_difference_column">
      <skipped message="Reason: On CRAN ('test-table_34.R:57:3')"/>
    </testcase>
  </testsuite>
</testsuites>
