<?xml version="1.0" encoding="UTF-8"?>
<testsuites>
  <testsuite name="table_02" timestamp="2023-10-24T00:22:02Z" hostname="f6fa2f9af7b7" tests="30" skipped="10" failures="0" errors="0" time="23.271">
    <testcase time="0.111" classname="table_02" name="Table_02_generation_works_with_default_values"/>
    <testcase time="0.706" classname="table_02" name="Table_02_generation_works_with_default_values"/>
    <testcase time="0.344" classname="table_02" name="Table_02_generation_works_with_default_values">
      <skipped message="Reason: On CRAN ('test-table_02.R:16:3')"/>
    </testcase>
    <testcase time="0.109999999999999" classname="table_02" name="Table_02_generation_works_with_custom_values"/>
    <testcase time="0.567" classname="table_02" name="Table_02_generation_works_with_custom_values"/>
    <testcase time="0.349" classname="table_02" name="Table_02_generation_works_with_custom_values">
      <skipped message="Reason: On CRAN ('test-table_02.R:45:3')"/>
    </testcase>
    <testcase time="0.085" classname="table_02" name="Table_02_generation_works_with_some_NA_values"/>
    <testcase time="0.151" classname="table_02" name="Table_02_generation_works_with_some_NA_values"/>
    <testcase time="0.077" classname="table_02" name="Table_02_generation_works_with_some_NA_values">
      <skipped message="Reason: On CRAN ('test-table_02.R:57:3')"/>
    </testcase>
    <testcase time="0.0280000000000005" classname="table_02" name="Table_02_generation_tplyr_works_with_default_values"/>
    <testcase time="2.764" classname="table_02" name="Table_02_generation_tplyr_works_with_default_values"/>
    <testcase time="0.048" classname="table_02" name="Table_02_generation_tplyr_works_with_default_values">
      <skipped message="Reason: On CRAN ('test-table_02.R:66:3')"/>
    </testcase>
    <testcase time="0.0380000000000003" classname="table_02" name="Table_02_generation_tplyr_works_with_tplyr_raw_TRUE"/>
    <testcase time="1.71" classname="table_02" name="Table_02_generation_tplyr_works_with_tplyr_raw_TRUE"/>
    <testcase time="0.0339999999999989" classname="table_02" name="Table_02_generation_tplyr_works_with_tplyr_raw_TRUE">
      <skipped message="Reason: On CRAN ('test-table_02.R:75:3')"/>
    </testcase>
    <testcase time="0.0679999999999996" classname="table_02" name="Table_02_generation_tplyr_works_with_custom_values"/>
    <testcase time="2.647" classname="table_02" name="Table_02_generation_tplyr_works_with_custom_values"/>
    <testcase time="0.0330000000000013" classname="table_02" name="Table_02_generation_tplyr_works_with_custom_values">
      <skipped message="Reason: On CRAN ('test-table_02.R:102:3')"/>
    </testcase>
    <testcase time="0.0659999999999989" classname="table_02" name="Table_02_generation_tplyr_works_with_some_NA_values"/>
    <testcase time="1.05" classname="table_02" name="Table_02_generation_tplyr_works_with_some_NA_values"/>
    <testcase time="0.0359999999999996" classname="table_02" name="Table_02_generation_tplyr_works_with_some_NA_values">
      <skipped message="Reason: On CRAN ('test-table_02.R:119:3')"/>
    </testcase>
    <testcase time="0.0269999999999992" classname="table_02" name="Table_02_generation_gtsum_works_with_default_values"/>
    <testcase time="4.911" classname="table_02" name="Table_02_generation_gtsum_works_with_default_values"/>
    <testcase time="0.0130000000000017" classname="table_02" name="Table_02_generation_gtsum_works_with_default_values">
      <skipped message="Reason: On CRAN ('test-table_02.R:128:3')"/>
    </testcase>
    <testcase time="0.0680000000000014" classname="table_02" name="Table_02_generation_gtsum_works_with_custom_values"/>
    <testcase time="5.345" classname="table_02" name="Table_02_generation_gtsum_works_with_custom_values"/>
    <testcase time="0.0120000000000005" classname="table_02" name="Table_02_generation_gtsum_works_with_custom_values">
      <skipped message="Reason: On CRAN ('test-table_02.R:146:3')"/>
    </testcase>
    <testcase time="0.0609999999999999" classname="table_02" name="Table_02_generation_gtsum_works_with_some_NA_values"/>
    <testcase time="1.8" classname="table_02" name="Table_02_generation_gtsum_works_with_some_NA_values"/>
    <testcase time="0.0119999999999969" classname="table_02" name="Table_02_generation_gtsum_works_with_some_NA_values">
      <skipped message="Reason: On CRAN ('test-table_02.R:160:3')"/>
    </testcase>
  </testsuite>
  <testsuite name="table_03" timestamp="2023-10-24T00:22:25Z" hostname="f6fa2f9af7b7" tests="8" skipped="2" failures="0" errors="0" time="1.209">
    <testcase time="0.0500000000000007" classname="table_03" name="Table_3_generation_works_with_default_values"/>
    <testcase time="0.00100000000000122" classname="table_03" name="Table_3_generation_works_with_default_values"/>
    <testcase time="0.477999999999998" classname="table_03" name="Table_3_generation_works_with_default_values"/>
    <testcase time="0.0800000000000018" classname="table_03" name="Table_3_generation_works_with_default_values">
      <skipped message="Reason: On CRAN ('test-table_03.R:21:3')"/>
    </testcase>
    <testcase time="0.0259999999999998" classname="table_03" name="Table_3_generation_works_with_custom_values"/>
    <testcase time="0.00199999999999889" classname="table_03" name="Table_3_generation_works_with_custom_values"/>
    <testcase time="0.460999999999999" classname="table_03" name="Table_3_generation_works_with_custom_values"/>
    <testcase time="0.111000000000001" classname="table_03" name="Table_3_generation_works_with_custom_values">
      <skipped message="Reason: On CRAN ('test-table_03.R:41:3')"/>
    </testcase>
  </testsuite>
  <testsuite name="table_04" timestamp="2023-10-24T00:22:26Z" hostname="f6fa2f9af7b7" tests="12" skipped="2" failures="0" errors="0" time="1.339">
    <testcase time="0.0579999999999998" classname="table_04" name="Table_04_generation_works_with_default_values"/>
    <testcase time="0.00200000000000244" classname="table_04" name="Table_04_generation_works_with_default_values"/>
    <testcase time="0.00199999999999889" classname="table_04" name="Table_04_generation_works_with_default_values"/>
    <testcase time="0.00199999999999889" classname="table_04" name="Table_04_generation_works_with_default_values"/>
    <testcase time="0.481999999999999" classname="table_04" name="Table_04_generation_works_with_default_values"/>
    <testcase time="0.151" classname="table_04" name="Table_04_generation_works_with_default_values">
      <skipped message="Reason: On CRAN ('test-table_04.R:18:3')"/>
    </testcase>
    <testcase time="0.0250000000000021" classname="table_04" name="Table_04_generation_works_with_custom_values"/>
    <testcase time="0.00300000000000011" classname="table_04" name="Table_04_generation_works_with_custom_values"/>
    <testcase time="0.00199999999999889" classname="table_04" name="Table_04_generation_works_with_custom_values"/>
    <testcase time="0.00199999999999889" classname="table_04" name="Table_04_generation_works_with_custom_values"/>
    <testcase time="0.481000000000002" classname="table_04" name="Table_04_generation_works_with_custom_values"/>
    <testcase time="0.129000000000001" classname="table_04" name="Table_04_generation_works_with_custom_values">
      <skipped message="Reason: On CRAN ('test-table_04.R:44:3')"/>
    </testcase>
  </testsuite>
  <testsuite name="table_05" timestamp="2023-10-24T00:22:28Z" hostname="f6fa2f9af7b7" tests="12" skipped="4" failures="0" errors="0" time="2.064">
    <testcase time="0.234999999999999" classname="table_05" name="Table_05_generation_works_with_default_values"/>
    <testcase time="0.309999999999999" classname="table_05" name="Table_05_generation_works_with_default_values"/>
    <testcase time="0.125" classname="table_05" name="Table_05_generation_works_with_default_values">
      <skipped message="Reason: On CRAN ('test-table_05.R:10:3')"/>
    </testcase>
    <testcase time="0.0259999999999998" classname="table_05" name="Table_05_generation_works_with_custom_values"/>
    <testcase time="0.324999999999999" classname="table_05" name="Table_05_generation_works_with_custom_values"/>
    <testcase time="0.122" classname="table_05" name="Table_05_generation_works_with_custom_values">
      <skipped message="Reason: On CRAN ('test-table_05.R:34:3')"/>
    </testcase>
    <testcase time="0.0300000000000011" classname="table_05" name="Table_05_generation_works_with_NA_values_pruned_rows"/>
    <testcase time="0.279" classname="table_05" name="Table_05_generation_works_with_NA_values_pruned_rows"/>
    <testcase time="0.118000000000002" classname="table_05" name="Table_05_generation_works_with_NA_values_pruned_rows">
      <skipped message="Reason: On CRAN ('test-table_05.R:44:3')"/>
    </testcase>
    <testcase time="0.0289999999999999" classname="table_05" name="Table_05_generation_works_with_risk_difference_column"/>
    <testcase time="0.340999999999998" classname="table_05" name="Table_05_generation_works_with_risk_difference_column"/>
    <testcase time="0.123999999999999" classname="table_05" name="Table_05_generation_works_with_risk_difference_column">
      <skipped message="Reason: On CRAN ('test-table_05.R:57:3')"/>
    </testcase>
  </testsuite>
  <testsuite name="table_06" timestamp="2023-10-24T00:22:30Z" hostname="f6fa2f9af7b7" tests="15" skipped="3" failures="0" errors="0" time="3.173">
    <testcase time="0.0330000000000013" classname="table_06" name="Table_06_generation_works_with_default_values"/>
    <testcase time="0.00200000000000244" classname="table_06" name="Table_06_generation_works_with_default_values"/>
    <testcase time="0.0859999999999985" classname="table_06" name="Table_06_generation_works_with_default_values"/>
    <testcase time="0.628" classname="table_06" name="Table_06_generation_works_with_default_values"/>
    <testcase time="0.183999999999997" classname="table_06" name="Table_06_generation_works_with_default_values">
      <skipped message="Reason: On CRAN ('test-table_06.R:8:3')"/>
    </testcase>
    <testcase time="0.027000000000001" classname="table_06" name="Table_06_generation_works_with_custom_values"/>
    <testcase time="0.00300000000000011" classname="table_06" name="Table_06_generation_works_with_custom_values"/>
    <testcase time="0.078000000000003" classname="table_06" name="Table_06_generation_works_with_custom_values"/>
    <testcase time="0.847000000000001" classname="table_06" name="Table_06_generation_works_with_custom_values"/>
    <testcase time="0.218999999999994" classname="table_06" name="Table_06_generation_works_with_custom_values">
      <skipped message="Reason: On CRAN ('test-table_06.R:40:3')"/>
    </testcase>
    <testcase time="0.0260000000000034" classname="table_06" name="Table_06_generation_works_with_risk_difference_column"/>
    <testcase time="0.00200000000000244" classname="table_06" name="Table_06_generation_works_with_risk_difference_column"/>
    <testcase time="0.0739999999999981" classname="table_06" name="Table_06_generation_works_with_risk_difference_column"/>
    <testcase time="0.799999999999997" classname="table_06" name="Table_06_generation_works_with_risk_difference_column"/>
    <testcase time="0.164000000000001" classname="table_06" name="Table_06_generation_works_with_risk_difference_column">
      <skipped message="Reason: On CRAN ('test-table_06.R:48:3')"/>
    </testcase>
  </testsuite>
  <testsuite name="table_07" timestamp="2023-10-24T00:22:33Z" hostname="f6fa2f9af7b7" tests="24" skipped="4" failures="0" errors="0" time="3.444">
    <testcase time="0.0410000000000039" classname="table_07" name="Table_07_generation_works_with_default_values"/>
    <testcase time="0.00199999999999534" classname="table_07" name="Table_07_generation_works_with_default_values"/>
    <testcase time="0.00200000000000244" classname="table_07" name="Table_07_generation_works_with_default_values"/>
    <testcase time="0.0559999999999974" classname="table_07" name="Table_07_generation_works_with_default_values"/>
    <testcase time="0.494" classname="table_07" name="Table_07_generation_works_with_default_values"/>
    <testcase time="0.186" classname="table_07" name="Table_07_generation_works_with_default_values">
      <skipped message="Reason: On CRAN ('test-table_07.R:13:3')"/>
    </testcase>
    <testcase time="0.0269999999999939" classname="table_07" name="Table_07_generation_works_with_custom_values"/>
    <testcase time="0.00300000000000011" classname="table_07" name="Table_07_generation_works_with_custom_values"/>
    <testcase time="0.00300000000000011" classname="table_07" name="Table_07_generation_works_with_custom_values"/>
    <testcase time="0.0549999999999997" classname="table_07" name="Table_07_generation_works_with_custom_values"/>
    <testcase time="0.687000000000005" classname="table_07" name="Table_07_generation_works_with_custom_values"/>
    <testcase time="0.239999999999995" classname="table_07" name="Table_07_generation_works_with_custom_values">
      <skipped message="Reason: On CRAN ('test-table_07.R:42:3')"/>
    </testcase>
    <testcase time="0.0260000000000034" classname="table_07" name="Table_07_generation_works_with_NA_values_pruned_rows"/>
    <testcase time="0.00200000000000244" classname="table_07" name="Table_07_generation_works_with_NA_values_pruned_rows"/>
    <testcase time="0.00300000000000011" classname="table_07" name="Table_07_generation_works_with_NA_values_pruned_rows"/>
    <testcase time="0.0539999999999949" classname="table_07" name="Table_07_generation_works_with_NA_values_pruned_rows"/>
    <testcase time="0.486000000000004" classname="table_07" name="Table_07_generation_works_with_NA_values_pruned_rows"/>
    <testcase time="0.178999999999995" classname="table_07" name="Table_07_generation_works_with_NA_values_pruned_rows">
      <skipped message="Reason: On CRAN ('test-table_07.R:52:3')"/>
    </testcase>
    <testcase time="0.027000000000001" classname="table_07" name="Table_07_generation_works_with_risk_difference_column"/>
    <testcase time="0.00199999999999534" classname="table_07" name="Table_07_generation_works_with_risk_difference_column"/>
    <testcase time="0.00200000000000244" classname="table_07" name="Table_07_generation_works_with_risk_difference_column"/>
    <testcase time="0.0660000000000025" classname="table_07" name="Table_07_generation_works_with_risk_difference_column"/>
    <testcase time="0.602999999999994" classname="table_07" name="Table_07_generation_works_with_risk_difference_column"/>
    <testcase time="0.198" classname="table_07" name="Table_07_generation_works_with_risk_difference_column">
      <skipped message="Reason: On CRAN ('test-table_07.R:65:3')"/>
    </testcase>
  </testsuite>
  <testsuite name="table_08" timestamp="2023-10-24T00:22:36Z" hostname="f6fa2f9af7b7" tests="8" skipped="2" failures="0" errors="0" time="0.64">
    <testcase time="0.0350000000000037" classname="table_08" name="Table_08_generation_works_with_default_values"/>
    <testcase time="0.00300000000000011" classname="table_08" name="Table_08_generation_works_with_default_values"/>
    <testcase time="0.080999999999996" classname="table_08" name="Table_08_generation_works_with_default_values"/>
    <testcase time="0.178000000000004" classname="table_08" name="Table_08_generation_works_with_default_values">
      <skipped message="Reason: On CRAN ('test-table_08.R:10:3')"/>
    </testcase>
    <testcase time="0.0279999999999987" classname="table_08" name="Table_08_generation_works_with_custom_values"/>
    <testcase time="0.00300000000000011" classname="table_08" name="Table_08_generation_works_with_custom_values"/>
    <testcase time="0.0640000000000001" classname="table_08" name="Table_08_generation_works_with_custom_values"/>
    <testcase time="0.247999999999998" classname="table_08" name="Table_08_generation_works_with_custom_values">
      <skipped message="Reason: On CRAN ('test-table_08.R:31:3')"/>
    </testcase>
  </testsuite>
  <testsuite name="table_09" timestamp="2023-10-24T00:22:37Z" hostname="f6fa2f9af7b7" tests="12" skipped="3" failures="0" errors="0" time="2.199">
    <testcase time="0.0590000000000046" classname="table_09" name="Table_09_generation_works_with_default_values"/>
    <testcase time="0.0700000000000003" classname="table_09" name="Table_09_generation_works_with_default_values"/>
    <testcase time="0.442" classname="table_09" name="Table_09_generation_works_with_default_values"/>
    <testcase time="0.0919999999999987" classname="table_09" name="Table_09_generation_works_with_default_values">
      <skipped message="Reason: On CRAN ('test-table_09.R:8:3')"/>
    </testcase>
    <testcase time="0.0260000000000034" classname="table_09" name="Table_09_generation_works_with_custom_values"/>
    <testcase time="0.0730000000000004" classname="table_09" name="Table_09_generation_works_with_custom_values"/>
    <testcase time="0.538999999999994" classname="table_09" name="Table_09_generation_works_with_custom_values"/>
    <testcase time="0.125999999999998" classname="table_09" name="Table_09_generation_works_with_custom_values">
      <skipped message="Reason: On CRAN ('test-table_09.R:39:3')"/>
    </testcase>
    <testcase time="0.027000000000001" classname="table_09" name="Table_09_generation_works_with_risk_difference_column"/>
    <testcase time="0.0619999999999976" classname="table_09" name="Table_09_generation_works_with_risk_difference_column"/>
    <testcase time="0.576999999999998" classname="table_09" name="Table_09_generation_works_with_risk_difference_column"/>
    <testcase time="0.106000000000002" classname="table_09" name="Table_09_generation_works_with_risk_difference_column">
      <skipped message="Reason: On CRAN ('test-table_09.R:47:3')"/>
    </testcase>
  </testsuite>
  <testsuite name="table_10" timestamp="2023-10-24T00:22:39Z" hostname="f6fa2f9af7b7" tests="15" skipped="3" failures="0" errors="0" time="2.535">
    <testcase time="0.0420000000000016" classname="table_10" name="Table_10_generation_works_with_default_values"/>
    <testcase time="0.00200000000000244" classname="table_10" name="Table_10_generation_works_with_default_values"/>
    <testcase time="0.0599999999999952" classname="table_10" name="Table_10_generation_works_with_default_values"/>
    <testcase time="0.574000000000005" classname="table_10" name="Table_10_generation_works_with_default_values"/>
    <testcase time="0.187999999999995" classname="table_10" name="Table_10_generation_works_with_default_values">
      <skipped message="Reason: On CRAN ('test-table_10.R:17:3')"/>
    </testcase>
    <testcase time="0.0279999999999987" classname="table_10" name="Table_10_generation_works_with_custom_values"/>
    <testcase time="0.00300000000000011" classname="table_10" name="Table_10_generation_works_with_custom_values"/>
    <testcase time="0.0490000000000066" classname="table_10" name="Table_10_generation_works_with_custom_values"/>
    <testcase time="0.537999999999997" classname="table_10" name="Table_10_generation_works_with_custom_values"/>
    <testcase time="0.0829999999999984" classname="table_10" name="Table_10_generation_works_with_custom_values">
      <skipped message="Reason: On CRAN ('test-table_10.R:52:3')"/>
    </testcase>
    <testcase time="0.0260000000000034" classname="table_10" name="Table_10_generation_works_with_risk_difference_column"/>
    <testcase time="0.00300000000000011" classname="table_10" name="Table_10_generation_works_with_risk_difference_column"/>
    <testcase time="0.0589999999999975" classname="table_10" name="Table_10_generation_works_with_risk_difference_column"/>
    <testcase time="0.689999999999998" classname="table_10" name="Table_10_generation_works_with_risk_difference_column"/>
    <testcase time="0.190000000000005" classname="table_10" name="Table_10_generation_works_with_risk_difference_column">
      <skipped message="Reason: On CRAN ('test-table_10.R:60:3')"/>
    </testcase>
  </testsuite>
  <testsuite name="table_11" timestamp="2023-10-24T00:22:42Z" hostname="f6fa2f9af7b7" tests="12" skipped="3" failures="0" errors="0" time="3.9">
    <testcase time="0.0439999999999969" classname="table_11" name="Table_11_generation_works_with_default_values"/>
    <testcase time="0.0769999999999982" classname="table_11" name="Table_11_generation_works_with_default_values"/>
    <testcase time="0.899000000000001" classname="table_11" name="Table_11_generation_works_with_default_values"/>
    <testcase time="0.205000000000005" classname="table_11" name="Table_11_generation_works_with_default_values">
      <skipped message="Reason: On CRAN ('test-table_11.R:18:3')"/>
    </testcase>
    <testcase time="0.029999999999994" classname="table_11" name="Table_11_generation_works_with_custom_values"/>
    <testcase time="0.0770000000000053" classname="table_11" name="Table_11_generation_works_with_custom_values"/>
    <testcase time="0.887999999999998" classname="table_11" name="Table_11_generation_works_with_custom_values"/>
    <testcase time="0.122999999999998" classname="table_11" name="Table_11_generation_works_with_custom_values">
      <skipped message="Reason: On CRAN ('test-table_11.R:48:3')"/>
    </testcase>
    <testcase time="0.027000000000001" classname="table_11" name="Table_11_generation_works_with_risk_difference_column"/>
    <testcase time="0.0679999999999978" classname="table_11" name="Table_11_generation_works_with_risk_difference_column"/>
    <testcase time="1.207" classname="table_11" name="Table_11_generation_works_with_risk_difference_column"/>
    <testcase time="0.255000000000003" classname="table_11" name="Table_11_generation_works_with_risk_difference_column">
      <skipped message="Reason: On CRAN ('test-table_11.R:56:3')"/>
    </testcase>
  </testsuite>
  <testsuite name="table_12" timestamp="2023-10-24T00:22:46Z" hostname="f6fa2f9af7b7" tests="12" skipped="3" failures="0" errors="0" time="5.106">
    <testcase time="0.0339999999999989" classname="table_12" name="Table_12_generation_works_with_default_values"/>
    <testcase time="0.0690000000000026" classname="table_12" name="Table_12_generation_works_with_default_values"/>
    <testcase time="1.212" classname="table_12" name="Table_12_generation_works_with_default_values"/>
    <testcase time="0.175000000000004" classname="table_12" name="Table_12_generation_works_with_default_values">
      <skipped message="Reason: On CRAN ('test-table_12.R:9:3')"/>
    </testcase>
    <testcase time="0.0279999999999987" classname="table_12" name="Table_12_generation_works_with_custom_values"/>
    <testcase time="0.0670000000000002" classname="table_12" name="Table_12_generation_works_with_custom_values"/>
    <testcase time="1.208" classname="table_12" name="Table_12_generation_works_with_custom_values"/>
    <testcase time="0.178000000000004" classname="table_12" name="Table_12_generation_works_with_custom_values">
      <skipped message="Reason: On CRAN ('test-table_12.R:39:3')"/>
    </testcase>
    <testcase time="0.0309999999999988" classname="table_12" name="Table_12_generation_works_with_risk_difference_column"/>
    <testcase time="0.0730000000000004" classname="table_12" name="Table_12_generation_works_with_risk_difference_column"/>
    <testcase time="1.838" classname="table_12" name="Table_12_generation_works_with_risk_difference_column"/>
    <testcase time="0.192999999999998" classname="table_12" name="Table_12_generation_works_with_risk_difference_column">
      <skipped message="Reason: On CRAN ('test-table_12.R:47:3')"/>
    </testcase>
  </testsuite>
  <testsuite name="table_13" timestamp="2023-10-24T00:22:51Z" hostname="f6fa2f9af7b7" tests="12" skipped="3" failures="0" errors="0" time="1.213">
    <testcase time="0.0330000000000013" classname="table_13" name="Table_13_generation_works_with_default_values"/>
    <testcase time="0.0700000000000003" classname="table_13" name="Table_13_generation_works_with_default_values"/>
    <testcase time="0.173999999999999" classname="table_13" name="Table_13_generation_works_with_default_values"/>
    <testcase time="0.113999999999997" classname="table_13" name="Table_13_generation_works_with_default_values">
      <skipped message="Reason: On CRAN ('test-table_13.R:8:3')"/>
    </testcase>
    <testcase time="0.027000000000001" classname="table_13" name="Table_13_generation_works_with_custom_values"/>
    <testcase time="0.0640000000000001" classname="table_13" name="Table_13_generation_works_with_custom_values"/>
    <testcase time="0.210000000000001" classname="table_13" name="Table_13_generation_works_with_custom_values"/>
    <testcase time="0.0730000000000004" classname="table_13" name="Table_13_generation_works_with_custom_values">
      <skipped message="Reason: On CRAN ('test-table_13.R:38:3')"/>
    </testcase>
    <testcase time="0.0309999999999988" classname="table_13" name="Table_13_generation_works_with_risk_difference_column"/>
    <testcase time="0.0660000000000025" classname="table_13" name="Table_13_generation_works_with_risk_difference_column"/>
    <testcase time="0.225000000000001" classname="table_13" name="Table_13_generation_works_with_risk_difference_column"/>
    <testcase time="0.125999999999998" classname="table_13" name="Table_13_generation_works_with_risk_difference_column">
      <skipped message="Reason: On CRAN ('test-table_13.R:46:3')"/>
    </testcase>
  </testsuite>
  <testsuite name="table_14" timestamp="2023-10-24T00:22:52Z" hostname="f6fa2f9af7b7" tests="13" skipped="4" failures="0" errors="0" time="4.54">
    <testcase time="0.0439999999999969" classname="table_14" name="Table_14_generation_works_with_default_values"/>
    <testcase time="0.807000000000002" classname="table_14" name="Table_14_generation_works_with_default_values"/>
    <testcase time="0.215000000000003" classname="table_14" name="Table_14_generation_works_with_default_values">
      <skipped message="Reason: On CRAN ('test-table_14.R:16:3')"/>
    </testcase>
    <testcase time="0.0269999999999939" classname="table_14" name="Table_14_generation_works_with_custom_values"/>
    <testcase time="0.0690000000000026" classname="table_14" name="Table_14_generation_works_with_custom_values"/>
    <testcase time="0.857999999999997" classname="table_14" name="Table_14_generation_works_with_custom_values"/>
    <testcase time="0.207000000000001" classname="table_14" name="Table_14_generation_works_with_custom_values">
      <skipped message="Reason: On CRAN ('test-table_14.R:46:3')"/>
    </testcase>
    <testcase time="0.0279999999999987" classname="table_14" name="Table_14_generation_works_with_NA_values_pruned_rows"/>
    <testcase time="0.821999999999996" classname="table_14" name="Table_14_generation_works_with_NA_values_pruned_rows"/>
    <testcase time="0.171000000000006" classname="table_14" name="Table_14_generation_works_with_NA_values_pruned_rows">
      <skipped message="Reason: On CRAN ('test-table_14.R:53:3')"/>
    </testcase>
    <testcase time="0.0269999999999939" classname="table_14" name="Table_14_generation_works_with_risk_difference_column"/>
    <testcase time="1.026" classname="table_14" name="Table_14_generation_works_with_risk_difference_column"/>
    <testcase time="0.238999999999997" classname="table_14" name="Table_14_generation_works_with_risk_difference_column">
      <skipped message="Reason: On CRAN ('test-table_14.R:61:3')"/>
    </testcase>
  </testsuite>
  <testsuite name="table_20" timestamp="2023-10-24T00:22:57Z" hostname="f6fa2f9af7b7" tests="24" skipped="4" failures="0" errors="0" time="3.827">
    <testcase time="0.0459999999999994" classname="table_20" name="Table_20_generation_works_with_default_values"/>
    <testcase time="0.00300000000000011" classname="table_20" name="Table_20_generation_works_with_default_values"/>
    <testcase time="0.00199999999999534" classname="table_20" name="Table_20_generation_works_with_default_values"/>
    <testcase time="0.0579999999999998" classname="table_20" name="Table_20_generation_works_with_default_values"/>
    <testcase time="0.613" classname="table_20" name="Table_20_generation_works_with_default_values"/>
    <testcase time="0.125" classname="table_20" name="Table_20_generation_works_with_default_values">
      <skipped message="Reason: On CRAN ('test-table_20.R:17:3')"/>
    </testcase>
    <testcase time="0.0280000000000058" classname="table_20" name="Table_20_generation_works_with_custom_values"/>
    <testcase time="0.00300000000000011" classname="table_20" name="Table_20_generation_works_with_custom_values"/>
    <testcase time="0.00199999999999534" classname="table_20" name="Table_20_generation_works_with_custom_values"/>
    <testcase time="0.0660000000000025" classname="table_20" name="Table_20_generation_works_with_custom_values"/>
    <testcase time="0.896000000000001" classname="table_20" name="Table_20_generation_works_with_custom_values"/>
    <testcase time="0.158999999999999" classname="table_20" name="Table_20_generation_works_with_custom_values">
      <skipped message="Reason: On CRAN ('test-table_20.R:65:3')"/>
    </testcase>
    <testcase time="0.0260000000000034" classname="table_20" name="Table_20_generation_works_with_missing_values_pruned_rows"/>
    <testcase time="0.00199999999999534" classname="table_20" name="Table_20_generation_works_with_missing_values_pruned_rows"/>
    <testcase time="0.00199999999999534" classname="table_20" name="Table_20_generation_works_with_missing_values_pruned_rows"/>
    <testcase time="0.0600000000000023" classname="table_20" name="Table_20_generation_works_with_missing_values_pruned_rows"/>
    <testcase time="0.580999999999996" classname="table_20" name="Table_20_generation_works_with_missing_values_pruned_rows"/>
    <testcase time="0.132000000000005" classname="table_20" name="Table_20_generation_works_with_missing_values_pruned_rows">
      <skipped message="Reason: On CRAN ('test-table_20.R:74:3')"/>
    </testcase>
    <testcase time="0.0259999999999962" classname="table_20" name="Table_20_generation_works_with_risk_difference_column"/>
    <testcase time="0.00300000000000011" classname="table_20" name="Table_20_generation_works_with_risk_difference_column"/>
    <testcase time="0.00200000000000244" classname="table_20" name="Table_20_generation_works_with_risk_difference_column"/>
    <testcase time="0.0589999999999975" classname="table_20" name="Table_20_generation_works_with_risk_difference_column"/>
    <testcase time="0.786000000000001" classname="table_20" name="Table_20_generation_works_with_risk_difference_column"/>
    <testcase time="0.146999999999998" classname="table_20" name="Table_20_generation_works_with_risk_difference_column">
      <skipped message="Reason: On CRAN ('test-table_20.R:82:3')"/>
    </testcase>
  </testsuite>
  <testsuite name="table_21" timestamp="2023-10-24T00:23:00Z" hostname="f6fa2f9af7b7" tests="19" skipped="4" failures="0" errors="0" time="3.751">
    <testcase time="0.100999999999999" classname="table_21" name="Table_21_generation_works_with_default_values"/>
    <testcase time="0.00200000000000244" classname="table_21" name="Table_21_generation_works_with_default_values"/>
    <testcase time="0.840000000000003" classname="table_21" name="Table_21_generation_works_with_default_values"/>
    <testcase time="0.163999999999994" classname="table_21" name="Table_21_generation_works_with_default_values">
      <skipped message="Reason: On CRAN ('test-table_21.R:22:3')"/>
    </testcase>
    <testcase time="0.027000000000001" classname="table_21" name="Table_21_generation_works_with_custom_values_N_s_denominator_and_overall_column"/>
    <testcase time="0.00200000000000244" classname="table_21" name="Table_21_generation_works_with_custom_values_N_s_denominator_and_overall_column"/>
    <testcase time="0.101999999999997" classname="table_21" name="Table_21_generation_works_with_custom_values_N_s_denominator_and_overall_column"/>
    <testcase time="1.03300000000001" classname="table_21" name="Table_21_generation_works_with_custom_values_N_s_denominator_and_overall_column"/>
    <testcase time="0.181999999999988" classname="table_21" name="Table_21_generation_works_with_custom_values_N_s_denominator_and_overall_column">
      <skipped message="Reason: On CRAN ('test-table_21.R:34:3')"/>
    </testcase>
    <testcase time="0.0280000000000058" classname="table_21" name="Table_21_generation_works_with_custom_values_N_col_denominator_and_no_overall_column"/>
    <testcase time="0.00199999999999534" classname="table_21" name="Table_21_generation_works_with_custom_values_N_col_denominator_and_no_overall_column"/>
    <testcase time="0.0700000000000074" classname="table_21" name="Table_21_generation_works_with_custom_values_N_col_denominator_and_no_overall_column"/>
    <testcase time="0.444000000000003" classname="table_21" name="Table_21_generation_works_with_custom_values_N_col_denominator_and_no_overall_column"/>
    <testcase time="0.140000000000001" classname="table_21" name="Table_21_generation_works_with_custom_values_N_col_denominator_and_no_overall_column">
      <skipped message="Reason: On CRAN ('test-table_21.R:62:3')"/>
    </testcase>
    <testcase time="0.103999999999999" classname="table_21" name="Table_21_generation_works_with_some_NA_values"/>
    <testcase time="0.00199999999999534" classname="table_21" name="Table_21_generation_works_with_some_NA_values"/>
    <testcase time="0.0669999999999931" classname="table_21" name="Table_21_generation_works_with_some_NA_values"/>
    <testcase time="0.346000000000004" classname="table_21" name="Table_21_generation_works_with_some_NA_values"/>
    <testcase time="0.0949999999999989" classname="table_21" name="Table_21_generation_works_with_some_NA_values">
      <skipped message="Reason: On CRAN ('test-table_21.R:82:3')"/>
    </testcase>
  </testsuite>
  <testsuite name="table_32" timestamp="2023-10-24T00:23:04Z" hostname="f6fa2f9af7b7" tests="28" skipped="8" failures="0" errors="0" time="16.769">
    <testcase time="0.0349999999999966" classname="table_32" name="Table_32_generation_works_with_default_values"/>
    <testcase time="0.0679999999999978" classname="table_32" name="Table_32_generation_works_with_default_values"/>
    <testcase time="0.179000000000002" classname="table_32" name="Table_32_generation_works_with_default_values"/>
    <testcase time="0.0670000000000073" classname="table_32" name="Table_32_generation_works_with_default_values">
      <skipped message="Reason: On CRAN ('test-table_32.R:8:3')"/>
    </testcase>
    <testcase time="0.0279999999999916" classname="table_32" name="Table_32_generation_works_with_custom_values"/>
    <testcase time="0.070999999999998" classname="table_32" name="Table_32_generation_works_with_custom_values"/>
    <testcase time="0.215000000000003" classname="table_32" name="Table_32_generation_works_with_custom_values"/>
    <testcase time="0.078000000000003" classname="table_32" name="Table_32_generation_works_with_custom_values">
      <skipped message="Reason: On CRAN ('test-table_32.R:30:3')"/>
    </testcase>
    <testcase time="0.0390000000000015" classname="table_32" name="Table_32_generation_works_with_pruned_rows"/>
    <testcase time="0.0819999999999936" classname="table_32" name="Table_32_generation_works_with_pruned_rows"/>
    <testcase time="0.168000000000006" classname="table_32" name="Table_32_generation_works_with_pruned_rows"/>
    <testcase time="0.0510000000000019" classname="table_32" name="Table_32_generation_works_with_pruned_rows">
      <skipped message="Reason: On CRAN ('test-table_32.R:37:3')"/>
    </testcase>
    <testcase time="0.0390000000000015" classname="table_32" name="Table_32_generation_works_with_risk_difference_column"/>
    <testcase time="0.0739999999999981" classname="table_32" name="Table_32_generation_works_with_risk_difference_column"/>
    <testcase time="0.206000000000003" classname="table_32" name="Table_32_generation_works_with_risk_difference_column"/>
    <testcase time="0.0949999999999989" classname="table_32" name="Table_32_generation_works_with_risk_difference_column">
      <skipped message="Reason: On CRAN ('test-table_32.R:45:3')"/>
    </testcase>
    <testcase time="0.027000000000001" classname="table_32" name="Table_32_gtsum_generation_works_with_default_values"/>
    <testcase time="2.762" classname="table_32" name="Table_32_gtsum_generation_works_with_default_values"/>
    <testcase time="0.00999999999999091" classname="table_32" name="Table_32_gtsum_generation_works_with_default_values">
      <skipped message="Reason: On CRAN ('test-table_32.R:52:3')"/>
    </testcase>
    <testcase time="0.0280000000000058" classname="table_32" name="Table_32_gtsum_generation_works_with_custom_values"/>
    <testcase time="4.435" classname="table_32" name="Table_32_gtsum_generation_works_with_custom_values"/>
    <testcase time="0.0109999999999957" classname="table_32" name="Table_32_gtsum_generation_works_with_custom_values">
      <skipped message="Reason: On CRAN ('test-table_32.R:58:3')"/>
    </testcase>
    <testcase time="0.027000000000001" classname="table_32" name="Table_32_gtsum_generation_works_with_default_values"/>
    <testcase time="3.27499999999999" classname="table_32" name="Table_32_gtsum_generation_works_with_default_values"/>
    <testcase time="0.0130000000000052" classname="table_32" name="Table_32_gtsum_generation_works_with_default_values">
      <skipped message="Reason: On CRAN ('test-table_32.R:64:3')"/>
    </testcase>
    <testcase time="0.0280000000000058" classname="table_32" name="Table_32_gtsum_generation_works_with_custom_values"/>
    <testcase time="4.646" classname="table_32" name="Table_32_gtsum_generation_works_with_custom_values"/>
    <testcase time="0.0120000000000005" classname="table_32" name="Table_32_gtsum_generation_works_with_custom_values">
      <skipped message="Reason: On CRAN ('test-table_32.R:74:3')"/>
    </testcase>
  </testsuite>
  <testsuite name="table_33" timestamp="2023-10-24T00:23:21Z" hostname="f6fa2f9af7b7" tests="16" skipped="4" failures="0" errors="0" time="2.716">
    <testcase time="0.0379999999999967" classname="table_33" name="Table_33_generation_works_with_default_values"/>
    <testcase time="0.406999999999996" classname="table_33" name="Table_33_generation_works_with_default_values"/>
    <testcase time="0.144000000000005" classname="table_33" name="Table_33_generation_works_with_default_values"/>
    <testcase time="0.0690000000000026" classname="table_33" name="Table_33_generation_works_with_default_values">
      <skipped message="Reason: On CRAN ('test-table_33.R:8:3')"/>
    </testcase>
    <testcase time="0.0299999999999869" classname="table_33" name="Table_33_generation_works_with_custom_values"/>
    <testcase time="0.424000000000007" classname="table_33" name="Table_33_generation_works_with_custom_values"/>
    <testcase time="0.180999999999997" classname="table_33" name="Table_33_generation_works_with_custom_values"/>
    <testcase time="0.0769999999999982" classname="table_33" name="Table_33_generation_works_with_custom_values">
      <skipped message="Reason: On CRAN ('test-table_33.R:34:3')"/>
    </testcase>
    <testcase time="0.0280000000000058" classname="table_33" name="Table_33_generation_works_with_pruned_rows"/>
    <testcase time="0.423999999999992" classname="table_33" name="Table_33_generation_works_with_pruned_rows"/>
    <testcase time="0.149000000000001" classname="table_33" name="Table_33_generation_works_with_pruned_rows"/>
    <testcase time="0.0500000000000114" classname="table_33" name="Table_33_generation_works_with_pruned_rows">
      <skipped message="Reason: On CRAN ('test-table_33.R:42:3')"/>
    </testcase>
    <testcase time="0.0319999999999965" classname="table_33" name="Table_33_generation_works_with_risk_difference_column"/>
    <testcase time="0.406999999999996" classname="table_33" name="Table_33_generation_works_with_risk_difference_column"/>
    <testcase time="0.189000000000007" classname="table_33" name="Table_33_generation_works_with_risk_difference_column"/>
    <testcase time="0.0669999999999931" classname="table_33" name="Table_33_generation_works_with_risk_difference_column">
      <skipped message="Reason: On CRAN ('test-table_33.R:50:3')"/>
    </testcase>
  </testsuite>
  <testsuite name="table_34" timestamp="2023-10-24T00:23:24Z" hostname="f6fa2f9af7b7" tests="12" skipped="3" failures="0" errors="0" time="9.284">
    <testcase time="0.0420000000000016" classname="table_34" name="Table_34_generation_works_with_default_values"/>
    <testcase time="0.0579999999999927" classname="table_34" name="Table_34_generation_works_with_default_values"/>
    <testcase time="2.58000000000001" classname="table_34" name="Table_34_generation_works_with_default_values"/>
    <testcase time="0.307999999999993" classname="table_34" name="Table_34_generation_works_with_default_values">
      <skipped message="Reason: On CRAN ('test-table_34.R:17:3')"/>
    </testcase>
    <testcase time="0.0319999999999965" classname="table_34" name="Table_34_generation_works_with_custom_values"/>
    <testcase time="0.0510000000000019" classname="table_34" name="Table_34_generation_works_with_custom_values"/>
    <testcase time="2.596" classname="table_34" name="Table_34_generation_works_with_custom_values"/>
    <testcase time="0.129000000000005" classname="table_34" name="Table_34_generation_works_with_custom_values">
      <skipped message="Reason: On CRAN ('test-table_34.R:49:3')"/>
    </testcase>
    <testcase time="0.0259999999999962" classname="table_34" name="Table_34_generation_works_with_risk_difference_column"/>
    <testcase time="0.0570000000000022" classname="table_34" name="Table_34_generation_works_with_risk_difference_column"/>
    <testcase time="3.05799999999999" classname="table_34" name="Table_34_generation_works_with_risk_difference_column"/>
    <testcase time="0.347000000000008" classname="table_34" name="Table_34_generation_works_with_risk_difference_column">
      <skipped message="Reason: On CRAN ('test-table_34.R:57:3')"/>
    </testcase>
  </testsuite>
</testsuites>
