<?xml version="1.0" encoding="UTF-8"?>
<testsuites>
  <testsuite name="table_02" timestamp="2023-10-18T13:44:08Z" hostname="0a22280571ff" tests="30" skipped="10" failures="0" errors="0" time="15.999">
    <testcase time="0.0880000000000001" classname="table_02" name="Table_02_generation_works_with_default_values"/>
    <testcase time="0.485" classname="table_02" name="Table_02_generation_works_with_default_values"/>
    <testcase time="0.232" classname="table_02" name="Table_02_generation_works_with_default_values">
      <skipped message="Reason: On CRAN ('test-table_02.R:16:3')"/>
    </testcase>
    <testcase time="0.0800000000000001" classname="table_02" name="Table_02_generation_works_with_custom_values"/>
    <testcase time="0.399" classname="table_02" name="Table_02_generation_works_with_custom_values"/>
    <testcase time="0.234" classname="table_02" name="Table_02_generation_works_with_custom_values">
      <skipped message="Reason: On CRAN ('test-table_02.R:45:3')"/>
    </testcase>
    <testcase time="0.0609999999999999" classname="table_02" name="Table_02_generation_works_with_some_NA_values"/>
    <testcase time="0.107" classname="table_02" name="Table_02_generation_works_with_some_NA_values"/>
    <testcase time="0.0499999999999998" classname="table_02" name="Table_02_generation_works_with_some_NA_values">
      <skipped message="Reason: On CRAN ('test-table_02.R:57:3')"/>
    </testcase>
    <testcase time="0.0209999999999999" classname="table_02" name="Table_02_generation_tplyr_works_with_default_values"/>
    <testcase time="1.894" classname="table_02" name="Table_02_generation_tplyr_works_with_default_values"/>
    <testcase time="0.0359999999999996" classname="table_02" name="Table_02_generation_tplyr_works_with_default_values">
      <skipped message="Reason: On CRAN ('test-table_02.R:66:3')"/>
    </testcase>
    <testcase time="0.0309999999999997" classname="table_02" name="Table_02_generation_tplyr_works_with_tplyr_raw_TRUE"/>
    <testcase time="1.2" classname="table_02" name="Table_02_generation_tplyr_works_with_tplyr_raw_TRUE"/>
    <testcase time="0.0259999999999998" classname="table_02" name="Table_02_generation_tplyr_works_with_tplyr_raw_TRUE">
      <skipped message="Reason: On CRAN ('test-table_02.R:75:3')"/>
    </testcase>
    <testcase time="0.0500000000000007" classname="table_02" name="Table_02_generation_tplyr_works_with_custom_values"/>
    <testcase time="1.826" classname="table_02" name="Table_02_generation_tplyr_works_with_custom_values"/>
    <testcase time="0.0249999999999986" classname="table_02" name="Table_02_generation_tplyr_works_with_custom_values">
      <skipped message="Reason: On CRAN ('test-table_02.R:102:3')"/>
    </testcase>
    <testcase time="0.0490000000000013" classname="table_02" name="Table_02_generation_tplyr_works_with_some_NA_values"/>
    <testcase time="0.725999999999999" classname="table_02" name="Table_02_generation_tplyr_works_with_some_NA_values"/>
    <testcase time="0.0240000000000009" classname="table_02" name="Table_02_generation_tplyr_works_with_some_NA_values">
      <skipped message="Reason: On CRAN ('test-table_02.R:119:3')"/>
    </testcase>
    <testcase time="0.0199999999999996" classname="table_02" name="Table_02_generation_gtsum_works_with_default_values"/>
    <testcase time="3.282" classname="table_02" name="Table_02_generation_gtsum_works_with_default_values"/>
    <testcase time="0.00999999999999979" classname="table_02" name="Table_02_generation_gtsum_works_with_default_values">
      <skipped message="Reason: On CRAN ('test-table_02.R:128:3')"/>
    </testcase>
    <testcase time="0.0510000000000002" classname="table_02" name="Table_02_generation_gtsum_works_with_custom_values"/>
    <testcase time="3.691" classname="table_02" name="Table_02_generation_gtsum_works_with_custom_values"/>
    <testcase time="0.00900000000000034" classname="table_02" name="Table_02_generation_gtsum_works_with_custom_values">
      <skipped message="Reason: On CRAN ('test-table_02.R:146:3')"/>
    </testcase>
    <testcase time="0.041999999999998" classname="table_02" name="Table_02_generation_gtsum_works_with_some_NA_values"/>
    <testcase time="1.242" classname="table_02" name="Table_02_generation_gtsum_works_with_some_NA_values"/>
    <testcase time="0.00799999999999912" classname="table_02" name="Table_02_generation_gtsum_works_with_some_NA_values">
      <skipped message="Reason: On CRAN ('test-table_02.R:160:3')"/>
    </testcase>
  </testsuite>
  <testsuite name="table_03" timestamp="2023-10-18T13:44:24Z" hostname="0a22280571ff" tests="8" skipped="2" failures="0" errors="0" time="0.858">
    <testcase time="0.0380000000000003" classname="table_03" name="Table_3_generation_works_with_default_values"/>
    <testcase time="0.00199999999999889" classname="table_03" name="Table_3_generation_works_with_default_values"/>
    <testcase time="0.341000000000001" classname="table_03" name="Table_3_generation_works_with_default_values"/>
    <testcase time="0.0549999999999997" classname="table_03" name="Table_3_generation_works_with_default_values">
      <skipped message="Reason: On CRAN ('test-table_03.R:21:3')"/>
    </testcase>
    <testcase time="0.0199999999999996" classname="table_03" name="Table_3_generation_works_with_custom_values"/>
    <testcase time="0.00200000000000244" classname="table_03" name="Table_3_generation_works_with_custom_values"/>
    <testcase time="0.317999999999998" classname="table_03" name="Table_3_generation_works_with_custom_values"/>
    <testcase time="0.0820000000000007" classname="table_03" name="Table_3_generation_works_with_custom_values">
      <skipped message="Reason: On CRAN ('test-table_03.R:41:3')"/>
    </testcase>
  </testsuite>
  <testsuite name="table_04" timestamp="2023-10-18T13:44:25Z" hostname="0a22280571ff" tests="12" skipped="2" failures="0" errors="0" time="0.963">
    <testcase time="0.0450000000000017" classname="table_04" name="Table_04_generation_works_with_default_values"/>
    <testcase time="0.000999999999997669" classname="table_04" name="Table_04_generation_works_with_default_values"/>
    <testcase time="0.00200000000000244" classname="table_04" name="Table_04_generation_works_with_default_values"/>
    <testcase time="0.00199999999999889" classname="table_04" name="Table_04_generation_works_with_default_values"/>
    <testcase time="0.347000000000001" classname="table_04" name="Table_04_generation_works_with_default_values"/>
    <testcase time="0.105999999999998" classname="table_04" name="Table_04_generation_works_with_default_values">
      <skipped message="Reason: On CRAN ('test-table_04.R:18:3')"/>
    </testcase>
    <testcase time="0.0199999999999996" classname="table_04" name="Table_04_generation_works_with_custom_values"/>
    <testcase time="0.00200000000000244" classname="table_04" name="Table_04_generation_works_with_custom_values"/>
    <testcase time="0.00199999999999889" classname="table_04" name="Table_04_generation_works_with_custom_values"/>
    <testcase time="0.00199999999999889" classname="table_04" name="Table_04_generation_works_with_custom_values"/>
    <testcase time="0.347000000000001" classname="table_04" name="Table_04_generation_works_with_custom_values"/>
    <testcase time="0.0869999999999997" classname="table_04" name="Table_04_generation_works_with_custom_values">
      <skipped message="Reason: On CRAN ('test-table_04.R:44:3')"/>
    </testcase>
  </testsuite>
  <testsuite name="table_05" timestamp="2023-10-18T13:44:26Z" hostname="0a22280571ff" tests="12" skipped="4" failures="0" errors="0" time="1.503">
    <testcase time="0.178000000000001" classname="table_05" name="Table_05_generation_works_with_default_values"/>
    <testcase time="0.230999999999998" classname="table_05" name="Table_05_generation_works_with_default_values"/>
    <testcase time="0.0839999999999996" classname="table_05" name="Table_05_generation_works_with_default_values">
      <skipped message="Reason: On CRAN ('test-table_05.R:10:3')"/>
    </testcase>
    <testcase time="0.0210000000000008" classname="table_05" name="Table_05_generation_works_with_custom_values"/>
    <testcase time="0.242999999999999" classname="table_05" name="Table_05_generation_works_with_custom_values"/>
    <testcase time="0.083000000000002" classname="table_05" name="Table_05_generation_works_with_custom_values">
      <skipped message="Reason: On CRAN ('test-table_05.R:34:3')"/>
    </testcase>
    <testcase time="0.0219999999999985" classname="table_05" name="Table_05_generation_works_with_NA_values_pruned_rows"/>
    <testcase time="0.204000000000001" classname="table_05" name="Table_05_generation_works_with_NA_values_pruned_rows"/>
    <testcase time="0.0740000000000016" classname="table_05" name="Table_05_generation_works_with_NA_values_pruned_rows">
      <skipped message="Reason: On CRAN ('test-table_05.R:44:3')"/>
    </testcase>
    <testcase time="0.032" classname="table_05" name="Table_05_generation_works_with_risk_difference_column"/>
    <testcase time="0.251999999999999" classname="table_05" name="Table_05_generation_works_with_risk_difference_column"/>
    <testcase time="0.0790000000000006" classname="table_05" name="Table_05_generation_works_with_risk_difference_column">
      <skipped message="Reason: On CRAN ('test-table_05.R:57:3')"/>
    </testcase>
  </testsuite>
  <testsuite name="table_06" timestamp="2023-10-18T13:44:27Z" hostname="0a22280571ff" tests="15" skipped="3" failures="0" errors="0" time="2.273">
    <testcase time="0.0259999999999998" classname="table_06" name="Table_06_generation_works_with_default_values"/>
    <testcase time="0.00100000000000122" classname="table_06" name="Table_06_generation_works_with_default_values"/>
    <testcase time="0.0600000000000023" classname="table_06" name="Table_06_generation_works_with_default_values"/>
    <testcase time="0.449999999999999" classname="table_06" name="Table_06_generation_works_with_default_values"/>
    <testcase time="0.134" classname="table_06" name="Table_06_generation_works_with_default_values">
      <skipped message="Reason: On CRAN ('test-table_06.R:8:3')"/>
    </testcase>
    <testcase time="0.0199999999999996" classname="table_06" name="Table_06_generation_works_with_custom_values"/>
    <testcase time="0.00199999999999889" classname="table_06" name="Table_06_generation_works_with_custom_values"/>
    <testcase time="0.0579999999999998" classname="table_06" name="Table_06_generation_works_with_custom_values"/>
    <testcase time="0.616" classname="table_06" name="Table_06_generation_works_with_custom_values"/>
    <testcase time="0.141999999999999" classname="table_06" name="Table_06_generation_works_with_custom_values">
      <skipped message="Reason: On CRAN ('test-table_06.R:40:3')"/>
    </testcase>
    <testcase time="0.0200000000000031" classname="table_06" name="Table_06_generation_works_with_risk_difference_column"/>
    <testcase time="0.00199999999999889" classname="table_06" name="Table_06_generation_works_with_risk_difference_column"/>
    <testcase time="0.0569999999999986" classname="table_06" name="Table_06_generation_works_with_risk_difference_column"/>
    <testcase time="0.581" classname="table_06" name="Table_06_generation_works_with_risk_difference_column"/>
    <testcase time="0.104000000000003" classname="table_06" name="Table_06_generation_works_with_risk_difference_column">
      <skipped message="Reason: On CRAN ('test-table_06.R:48:3')"/>
    </testcase>
  </testsuite>
  <testsuite name="table_07" timestamp="2023-10-18T13:44:29Z" hostname="0a22280571ff" tests="24" skipped="4" failures="0" errors="0" time="2.396">
    <testcase time="0.0309999999999988" classname="table_07" name="Table_07_generation_works_with_default_values"/>
    <testcase time="0.00199999999999889" classname="table_07" name="Table_07_generation_works_with_default_values"/>
    <testcase time="0.00100000000000122" classname="table_07" name="Table_07_generation_works_with_default_values"/>
    <testcase time="0.041999999999998" classname="table_07" name="Table_07_generation_works_with_default_values"/>
    <testcase time="0.343" classname="table_07" name="Table_07_generation_works_with_default_values"/>
    <testcase time="0.126000000000001" classname="table_07" name="Table_07_generation_works_with_default_values">
      <skipped message="Reason: On CRAN ('test-table_07.R:13:3')"/>
    </testcase>
    <testcase time="0.0199999999999996" classname="table_07" name="Table_07_generation_works_with_custom_values"/>
    <testcase time="0.00200000000000244" classname="table_07" name="Table_07_generation_works_with_custom_values"/>
    <testcase time="0.00199999999999889" classname="table_07" name="Table_07_generation_works_with_custom_values"/>
    <testcase time="0.0410000000000004" classname="table_07" name="Table_07_generation_works_with_custom_values"/>
    <testcase time="0.474999999999998" classname="table_07" name="Table_07_generation_works_with_custom_values"/>
    <testcase time="0.156000000000002" classname="table_07" name="Table_07_generation_works_with_custom_values">
      <skipped message="Reason: On CRAN ('test-table_07.R:42:3')"/>
    </testcase>
    <testcase time="0.0199999999999996" classname="table_07" name="Table_07_generation_works_with_NA_values_pruned_rows"/>
    <testcase time="0.00199999999999889" classname="table_07" name="Table_07_generation_works_with_NA_values_pruned_rows"/>
    <testcase time="0.00199999999999889" classname="table_07" name="Table_07_generation_works_with_NA_values_pruned_rows"/>
    <testcase time="0.0410000000000004" classname="table_07" name="Table_07_generation_works_with_NA_values_pruned_rows"/>
    <testcase time="0.345000000000002" classname="table_07" name="Table_07_generation_works_with_NA_values_pruned_rows"/>
    <testcase time="0.119" classname="table_07" name="Table_07_generation_works_with_NA_values_pruned_rows">
      <skipped message="Reason: On CRAN ('test-table_07.R:52:3')"/>
    </testcase>
    <testcase time="0.0209999999999972" classname="table_07" name="Table_07_generation_works_with_risk_difference_column"/>
    <testcase time="0.00100000000000122" classname="table_07" name="Table_07_generation_works_with_risk_difference_column"/>
    <testcase time="0.00199999999999889" classname="table_07" name="Table_07_generation_works_with_risk_difference_column"/>
    <testcase time="0.0520000000000032" classname="table_07" name="Table_07_generation_works_with_risk_difference_column"/>
    <testcase time="0.420999999999999" classname="table_07" name="Table_07_generation_works_with_risk_difference_column"/>
    <testcase time="0.128999999999998" classname="table_07" name="Table_07_generation_works_with_risk_difference_column">
      <skipped message="Reason: On CRAN ('test-table_07.R:65:3')"/>
    </testcase>
  </testsuite>
  <testsuite name="table_08" timestamp="2023-10-18T13:44:32Z" hostname="0a22280571ff" tests="8" skipped="2" failures="0" errors="0" time="0.435">
    <testcase time="0.027000000000001" classname="table_08" name="Table_08_generation_works_with_default_values"/>
    <testcase time="0.00199999999999889" classname="table_08" name="Table_08_generation_works_with_default_values"/>
    <testcase time="0.0630000000000024" classname="table_08" name="Table_08_generation_works_with_default_values"/>
    <testcase time="0.111999999999998" classname="table_08" name="Table_08_generation_works_with_default_values">
      <skipped message="Reason: On CRAN ('test-table_08.R:10:3')"/>
    </testcase>
    <testcase time="0.0210000000000008" classname="table_08" name="Table_08_generation_works_with_custom_values"/>
    <testcase time="0.00199999999999889" classname="table_08" name="Table_08_generation_works_with_custom_values"/>
    <testcase time="0.0459999999999994" classname="table_08" name="Table_08_generation_works_with_custom_values"/>
    <testcase time="0.162000000000003" classname="table_08" name="Table_08_generation_works_with_custom_values">
      <skipped message="Reason: On CRAN ('test-table_08.R:31:3')"/>
    </testcase>
  </testsuite>
  <testsuite name="table_09" timestamp="2023-10-18T13:44:32Z" hostname="0a22280571ff" tests="12" skipped="3" failures="0" errors="0" time="1.587">
    <testcase time="0.0249999999999986" classname="table_09" name="Table_09_generation_works_with_default_values"/>
    <testcase time="0.0659999999999989" classname="table_09" name="Table_09_generation_works_with_default_values"/>
    <testcase time="0.321000000000002" classname="table_09" name="Table_09_generation_works_with_default_values"/>
    <testcase time="0.0650000000000013" classname="table_09" name="Table_09_generation_works_with_default_values">
      <skipped message="Reason: On CRAN ('test-table_09.R:8:3')"/>
    </testcase>
    <testcase time="0.0209999999999972" classname="table_09" name="Table_09_generation_works_with_custom_values"/>
    <testcase time="0.0579999999999998" classname="table_09" name="Table_09_generation_works_with_custom_values"/>
    <testcase time="0.390000000000001" classname="table_09" name="Table_09_generation_works_with_custom_values"/>
    <testcase time="0.0890000000000022" classname="table_09" name="Table_09_generation_works_with_custom_values">
      <skipped message="Reason: On CRAN ('test-table_09.R:39:3')"/>
    </testcase>
    <testcase time="0.0199999999999996" classname="table_09" name="Table_09_generation_works_with_risk_difference_column"/>
    <testcase time="0.041999999999998" classname="table_09" name="Table_09_generation_works_with_risk_difference_column"/>
    <testcase time="0.419" classname="table_09" name="Table_09_generation_works_with_risk_difference_column"/>
    <testcase time="0.0710000000000015" classname="table_09" name="Table_09_generation_works_with_risk_difference_column">
      <skipped message="Reason: On CRAN ('test-table_09.R:47:3')"/>
    </testcase>
  </testsuite>
  <testsuite name="table_10" timestamp="2023-10-18T13:44:34Z" hostname="0a22280571ff" tests="15" skipped="3" failures="0" errors="0" time="1.802">
    <testcase time="0.0329999999999977" classname="table_10" name="Table_10_generation_works_with_default_values"/>
    <testcase time="0.00100000000000122" classname="table_10" name="Table_10_generation_works_with_default_values"/>
    <testcase time="0.0440000000000005" classname="table_10" name="Table_10_generation_works_with_default_values"/>
    <testcase time="0.399000000000001" classname="table_10" name="Table_10_generation_works_with_default_values"/>
    <testcase time="0.128999999999998" classname="table_10" name="Table_10_generation_works_with_default_values">
      <skipped message="Reason: On CRAN ('test-table_10.R:17:3')"/>
    </testcase>
    <testcase time="0.0210000000000008" classname="table_10" name="Table_10_generation_works_with_custom_values"/>
    <testcase time="0.00100000000000122" classname="table_10" name="Table_10_generation_works_with_custom_values"/>
    <testcase time="0.0380000000000003" classname="table_10" name="Table_10_generation_works_with_custom_values"/>
    <testcase time="0.387" classname="table_10" name="Table_10_generation_works_with_custom_values"/>
    <testcase time="0.0569999999999986" classname="table_10" name="Table_10_generation_works_with_custom_values">
      <skipped message="Reason: On CRAN ('test-table_10.R:52:3')"/>
    </testcase>
    <testcase time="0.0199999999999996" classname="table_10" name="Table_10_generation_works_with_risk_difference_column"/>
    <testcase time="0.00199999999999889" classname="table_10" name="Table_10_generation_works_with_risk_difference_column"/>
    <testcase time="0.0450000000000017" classname="table_10" name="Table_10_generation_works_with_risk_difference_column"/>
    <testcase time="0.492000000000001" classname="table_10" name="Table_10_generation_works_with_risk_difference_column"/>
    <testcase time="0.132999999999999" classname="table_10" name="Table_10_generation_works_with_risk_difference_column">
      <skipped message="Reason: On CRAN ('test-table_10.R:60:3')"/>
    </testcase>
  </testsuite>
  <testsuite name="table_11" timestamp="2023-10-18T13:44:36Z" hostname="0a22280571ff" tests="12" skipped="3" failures="0" errors="0" time="2.775">
    <testcase time="0.0330000000000013" classname="table_11" name="Table_11_generation_works_with_default_values"/>
    <testcase time="0.0529999999999973" classname="table_11" name="Table_11_generation_works_with_default_values"/>
    <testcase time="0.677" classname="table_11" name="Table_11_generation_works_with_default_values"/>
    <testcase time="0.131" classname="table_11" name="Table_11_generation_works_with_default_values">
      <skipped message="Reason: On CRAN ('test-table_11.R:18:3')"/>
    </testcase>
    <testcase time="0.0210000000000008" classname="table_11" name="Table_11_generation_works_with_custom_values"/>
    <testcase time="0.0609999999999999" classname="table_11" name="Table_11_generation_works_with_custom_values"/>
    <testcase time="0.622999999999998" classname="table_11" name="Table_11_generation_works_with_custom_values"/>
    <testcase time="0.0830000000000055" classname="table_11" name="Table_11_generation_works_with_custom_values">
      <skipped message="Reason: On CRAN ('test-table_11.R:48:3')"/>
    </testcase>
    <testcase time="0.019999999999996" classname="table_11" name="Table_11_generation_works_with_risk_difference_column"/>
    <testcase time="0.0530000000000044" classname="table_11" name="Table_11_generation_works_with_risk_difference_column"/>
    <testcase time="0.851999999999997" classname="table_11" name="Table_11_generation_works_with_risk_difference_column"/>
    <testcase time="0.167999999999999" classname="table_11" name="Table_11_generation_works_with_risk_difference_column">
      <skipped message="Reason: On CRAN ('test-table_11.R:56:3')"/>
    </testcase>
  </testsuite>
  <testsuite name="table_12" timestamp="2023-10-18T13:44:38Z" hostname="0a22280571ff" tests="12" skipped="3" failures="0" errors="0" time="3.65">
    <testcase time="0.027000000000001" classname="table_12" name="Table_12_generation_works_with_default_values"/>
    <testcase time="0.0529999999999973" classname="table_12" name="Table_12_generation_works_with_default_values"/>
    <testcase time="0.863" classname="table_12" name="Table_12_generation_works_with_default_values"/>
    <testcase time="0.127000000000002" classname="table_12" name="Table_12_generation_works_with_default_values">
      <skipped message="Reason: On CRAN ('test-table_12.R:9:3')"/>
    </testcase>
    <testcase time="0.0210000000000008" classname="table_12" name="Table_12_generation_works_with_custom_values"/>
    <testcase time="0.0529999999999973" classname="table_12" name="Table_12_generation_works_with_custom_values"/>
    <testcase time="0.855000000000004" classname="table_12" name="Table_12_generation_works_with_custom_values"/>
    <testcase time="0.119" classname="table_12" name="Table_12_generation_works_with_custom_values">
      <skipped message="Reason: On CRAN ('test-table_12.R:39:3')"/>
    </testcase>
    <testcase time="0.0240000000000009" classname="table_12" name="Table_12_generation_works_with_risk_difference_column"/>
    <testcase time="0.0529999999999973" classname="table_12" name="Table_12_generation_works_with_risk_difference_column"/>
    <testcase time="1.334" classname="table_12" name="Table_12_generation_works_with_risk_difference_column"/>
    <testcase time="0.120999999999995" classname="table_12" name="Table_12_generation_works_with_risk_difference_column">
      <skipped message="Reason: On CRAN ('test-table_12.R:47:3')"/>
    </testcase>
  </testsuite>
  <testsuite name="table_13" timestamp="2023-10-18T13:44:42Z" hostname="0a22280571ff" tests="12" skipped="3" failures="0" errors="0" time="0.811">
    <testcase time="0.0250000000000057" classname="table_13" name="Table_13_generation_works_with_default_values"/>
    <testcase time="0.0489999999999995" classname="table_13" name="Table_13_generation_works_with_default_values"/>
    <testcase time="0.119999999999997" classname="table_13" name="Table_13_generation_works_with_default_values"/>
    <testcase time="0.0690000000000026" classname="table_13" name="Table_13_generation_works_with_default_values">
      <skipped message="Reason: On CRAN ('test-table_13.R:8:3')"/>
    </testcase>
    <testcase time="0.019999999999996" classname="table_13" name="Table_13_generation_works_with_custom_values"/>
    <testcase time="0.0500000000000043" classname="table_13" name="Table_13_generation_works_with_custom_values"/>
    <testcase time="0.143999999999998" classname="table_13" name="Table_13_generation_works_with_custom_values"/>
    <testcase time="0.0459999999999994" classname="table_13" name="Table_13_generation_works_with_custom_values">
      <skipped message="Reason: On CRAN ('test-table_13.R:38:3')"/>
    </testcase>
    <testcase time="0.0189999999999984" classname="table_13" name="Table_13_generation_works_with_risk_difference_column"/>
    <testcase time="0.0500000000000043" classname="table_13" name="Table_13_generation_works_with_risk_difference_column"/>
    <testcase time="0.148999999999994" classname="table_13" name="Table_13_generation_works_with_risk_difference_column"/>
    <testcase time="0.0700000000000003" classname="table_13" name="Table_13_generation_works_with_risk_difference_column">
      <skipped message="Reason: On CRAN ('test-table_13.R:46:3')"/>
    </testcase>
  </testsuite>
  <testsuite name="table_14" timestamp="2023-10-18T13:44:43Z" hostname="0a22280571ff" tests="13" skipped="4" failures="0" errors="0" time="3.095">
    <testcase time="0.034000000000006" classname="table_14" name="Table_14_generation_works_with_default_values"/>
    <testcase time="0.559999999999995" classname="table_14" name="Table_14_generation_works_with_default_values"/>
    <testcase time="0.137" classname="table_14" name="Table_14_generation_works_with_default_values">
      <skipped message="Reason: On CRAN ('test-table_14.R:16:3')"/>
    </testcase>
    <testcase time="0.0189999999999984" classname="table_14" name="Table_14_generation_works_with_custom_values"/>
    <testcase time="0.0510000000000019" classname="table_14" name="Table_14_generation_works_with_custom_values"/>
    <testcase time="0.591000000000001" classname="table_14" name="Table_14_generation_works_with_custom_values"/>
    <testcase time="0.130000000000003" classname="table_14" name="Table_14_generation_works_with_custom_values">
      <skipped message="Reason: On CRAN ('test-table_14.R:46:3')"/>
    </testcase>
    <testcase time="0.0189999999999984" classname="table_14" name="Table_14_generation_works_with_NA_values_pruned_rows"/>
    <testcase time="0.564" classname="table_14" name="Table_14_generation_works_with_NA_values_pruned_rows"/>
    <testcase time="0.109000000000002" classname="table_14" name="Table_14_generation_works_with_NA_values_pruned_rows">
      <skipped message="Reason: On CRAN ('test-table_14.R:53:3')"/>
    </testcase>
    <testcase time="0.019999999999996" classname="table_14" name="Table_14_generation_works_with_risk_difference_column"/>
    <testcase time="0.707999999999998" classname="table_14" name="Table_14_generation_works_with_risk_difference_column"/>
    <testcase time="0.153000000000006" classname="table_14" name="Table_14_generation_works_with_risk_difference_column">
      <skipped message="Reason: On CRAN ('test-table_14.R:61:3')"/>
    </testcase>
  </testsuite>
  <testsuite name="table_20" timestamp="2023-10-18T13:44:46Z" hostname="0a22280571ff" tests="24" skipped="4" failures="0" errors="0" time="2.742">
    <testcase time="0.0359999999999943" classname="table_20" name="Table_20_generation_works_with_default_values"/>
    <testcase time="0.00100000000000477" classname="table_20" name="Table_20_generation_works_with_default_values"/>
    <testcase time="0.00199999999999534" classname="table_20" name="Table_20_generation_works_with_default_values"/>
    <testcase time="0.044000000000004" classname="table_20" name="Table_20_generation_works_with_default_values"/>
    <testcase time="0.488999999999997" classname="table_20" name="Table_20_generation_works_with_default_values"/>
    <testcase time="0.0940000000000012" classname="table_20" name="Table_20_generation_works_with_default_values">
      <skipped message="Reason: On CRAN ('test-table_20.R:17:3')"/>
    </testcase>
    <testcase time="0.0219999999999985" classname="table_20" name="Table_20_generation_works_with_custom_values"/>
    <testcase time="0.00200000000000244" classname="table_20" name="Table_20_generation_works_with_custom_values"/>
    <testcase time="0.000999999999997669" classname="table_20" name="Table_20_generation_works_with_custom_values"/>
    <testcase time="0.0459999999999994" classname="table_20" name="Table_20_generation_works_with_custom_values"/>
    <testcase time="0.614000000000004" classname="table_20" name="Table_20_generation_works_with_custom_values"/>
    <testcase time="0.104999999999997" classname="table_20" name="Table_20_generation_works_with_custom_values">
      <skipped message="Reason: On CRAN ('test-table_20.R:65:3')"/>
    </testcase>
    <testcase time="0.0210000000000008" classname="table_20" name="Table_20_generation_works_with_missing_values_pruned_rows"/>
    <testcase time="0.00200000000000244" classname="table_20" name="Table_20_generation_works_with_missing_values_pruned_rows"/>
    <testcase time="0.000999999999997669" classname="table_20" name="Table_20_generation_works_with_missing_values_pruned_rows"/>
    <testcase time="0.0570000000000022" classname="table_20" name="Table_20_generation_works_with_missing_values_pruned_rows"/>
    <testcase time="0.411999999999999" classname="table_20" name="Table_20_generation_works_with_missing_values_pruned_rows"/>
    <testcase time="0.0790000000000006" classname="table_20" name="Table_20_generation_works_with_missing_values_pruned_rows">
      <skipped message="Reason: On CRAN ('test-table_20.R:74:3')"/>
    </testcase>
    <testcase time="0.0189999999999984" classname="table_20" name="Table_20_generation_works_with_risk_difference_column"/>
    <testcase time="0.00200000000000244" classname="table_20" name="Table_20_generation_works_with_risk_difference_column"/>
    <testcase time="0.00199999999999534" classname="table_20" name="Table_20_generation_works_with_risk_difference_column"/>
    <testcase time="0.0450000000000017" classname="table_20" name="Table_20_generation_works_with_risk_difference_column"/>
    <testcase time="0.539999999999999" classname="table_20" name="Table_20_generation_works_with_risk_difference_column"/>
    <testcase time="0.106000000000002" classname="table_20" name="Table_20_generation_works_with_risk_difference_column">
      <skipped message="Reason: On CRAN ('test-table_20.R:82:3')"/>
    </testcase>
  </testsuite>
  <testsuite name="table_21" timestamp="2023-10-18T13:44:49Z" hostname="0a22280571ff" tests="19" skipped="4" failures="0" errors="0" time="2.645">
    <testcase time="0.0799999999999983" classname="table_21" name="Table_21_generation_works_with_default_values"/>
    <testcase time="0.00200000000000244" classname="table_21" name="Table_21_generation_works_with_default_values"/>
    <testcase time="0.591000000000001" classname="table_21" name="Table_21_generation_works_with_default_values"/>
    <testcase time="0.109999999999999" classname="table_21" name="Table_21_generation_works_with_default_values">
      <skipped message="Reason: On CRAN ('test-table_21.R:22:3')"/>
    </testcase>
    <testcase time="0.0189999999999984" classname="table_21" name="Table_21_generation_works_with_custom_values_N_s_denominator_and_overall_column"/>
    <testcase time="0.00200000000000244" classname="table_21" name="Table_21_generation_works_with_custom_values_N_s_denominator_and_overall_column"/>
    <testcase time="0.0760000000000005" classname="table_21" name="Table_21_generation_works_with_custom_values_N_s_denominator_and_overall_column"/>
    <testcase time="0.723999999999997" classname="table_21" name="Table_21_generation_works_with_custom_values_N_s_denominator_and_overall_column"/>
    <testcase time="0.110999999999997" classname="table_21" name="Table_21_generation_works_with_custom_values_N_s_denominator_and_overall_column">
      <skipped message="Reason: On CRAN ('test-table_21.R:34:3')"/>
    </testcase>
    <testcase time="0.0200000000000031" classname="table_21" name="Table_21_generation_works_with_custom_values_N_col_denominator_and_no_overall_column"/>
    <testcase time="0.000999999999997669" classname="table_21" name="Table_21_generation_works_with_custom_values_N_col_denominator_and_no_overall_column"/>
    <testcase time="0.0519999999999996" classname="table_21" name="Table_21_generation_works_with_custom_values_N_col_denominator_and_no_overall_column"/>
    <testcase time="0.324000000000005" classname="table_21" name="Table_21_generation_works_with_custom_values_N_col_denominator_and_no_overall_column"/>
    <testcase time="0.0910000000000011" classname="table_21" name="Table_21_generation_works_with_custom_values_N_col_denominator_and_no_overall_column">
      <skipped message="Reason: On CRAN ('test-table_21.R:62:3')"/>
    </testcase>
    <testcase time="0.080999999999996" classname="table_21" name="Table_21_generation_works_with_some_NA_values"/>
    <testcase time="0.00200000000000244" classname="table_21" name="Table_21_generation_works_with_some_NA_values"/>
    <testcase time="0.0489999999999995" classname="table_21" name="Table_21_generation_works_with_some_NA_values"/>
    <testcase time="0.244999999999997" classname="table_21" name="Table_21_generation_works_with_some_NA_values"/>
    <testcase time="0.0650000000000048" classname="table_21" name="Table_21_generation_works_with_some_NA_values">
      <skipped message="Reason: On CRAN ('test-table_21.R:82:3')"/>
    </testcase>
  </testsuite>
  <testsuite name="table_32" timestamp="2023-10-18T13:44:51Z" hostname="0a22280571ff" tests="28" skipped="7" failures="0" errors="1" time="10.302">
    <testcase time="0.0259999999999962" classname="table_32" name="Table_32_generation_works_with_default_values"/>
    <testcase time="0.0529999999999973" classname="table_32" name="Table_32_generation_works_with_default_values"/>
    <testcase time="0.132000000000005" classname="table_32" name="Table_32_generation_works_with_default_values"/>
    <testcase time="0.0439999999999969" classname="table_32" name="Table_32_generation_works_with_default_values">
      <skipped message="Reason: On CRAN ('test-table_32.R:8:3')"/>
    </testcase>
    <testcase time="0.0210000000000008" classname="table_32" name="Table_32_generation_works_with_custom_values"/>
    <testcase time="0.0630000000000024" classname="table_32" name="Table_32_generation_works_with_custom_values"/>
    <testcase time="0.147999999999996" classname="table_32" name="Table_32_generation_works_with_custom_values"/>
    <testcase time="0.0530000000000044" classname="table_32" name="Table_32_generation_works_with_custom_values">
      <skipped message="Reason: On CRAN ('test-table_32.R:30:3')"/>
    </testcase>
    <testcase time="0.0339999999999989" classname="table_32" name="Table_32_generation_works_with_pruned_rows"/>
    <testcase time="0.0529999999999973" classname="table_32" name="Table_32_generation_works_with_pruned_rows"/>
    <testcase time="0.118000000000002" classname="table_32" name="Table_32_generation_works_with_pruned_rows"/>
    <testcase time="0.0339999999999989" classname="table_32" name="Table_32_generation_works_with_pruned_rows">
      <skipped message="Reason: On CRAN ('test-table_32.R:37:3')"/>
    </testcase>
    <testcase time="0.0309999999999988" classname="table_32" name="Table_32_generation_works_with_risk_difference_column"/>
    <testcase time="0.0549999999999997" classname="table_32" name="Table_32_generation_works_with_risk_difference_column"/>
    <testcase time="0.152000000000001" classname="table_32" name="Table_32_generation_works_with_risk_difference_column"/>
    <testcase time="0.0640000000000001" classname="table_32" name="Table_32_generation_works_with_risk_difference_column">
      <skipped message="Reason: On CRAN ('test-table_32.R:45:3')"/>
    </testcase>
    <testcase time="0.0190000000000055" classname="table_32" name="Table_32_gtsum_generation_works_with_default_values"/>
    <testcase time="1.67899999999999" classname="table_32" name="Table_32_gtsum_generation_works_with_default_values"/>
    <testcase time="0.007000000000005" classname="table_32" name="Table_32_gtsum_generation_works_with_default_values">
      <skipped message="Reason: On CRAN ('test-table_32.R:52:3')"/>
    </testcase>
    <testcase time="0.019999999999996" classname="table_32" name="Table_32_gtsum_generation_works_with_custom_values"/>
    <testcase time="2.517" classname="table_32" name="Table_32_gtsum_generation_works_with_custom_values"/>
    <testcase time="0.00900000000000034" classname="table_32" name="Table_32_gtsum_generation_works_with_custom_values">
      <error type="error" message="`res` threw an unexpected error. ('test-table_32.R:59:3')">`res` threw an unexpected error.
Message: object 'res' not found
Class:   simpleError/error/condition</error>
    </testcase>
    <testcase time="0.0210000000000008" classname="table_32" name="Table_32_gtsum_generation_works_with_default_values"/>
    <testcase time="1.999" classname="table_32" name="Table_32_gtsum_generation_works_with_default_values"/>
    <testcase time="0.0110000000000028" classname="table_32" name="Table_32_gtsum_generation_works_with_default_values">
      <skipped message="Reason: On CRAN ('test-table_32.R:65:3')"/>
    </testcase>
    <testcase time="0.0219999999999985" classname="table_32" name="Table_32_gtsum_generation_works_with_custom_values"/>
    <testcase time="2.909" classname="table_32" name="Table_32_gtsum_generation_works_with_custom_values"/>
    <testcase time="0.00800000000000267" classname="table_32" name="Table_32_gtsum_generation_works_with_custom_values">
      <skipped message="Reason: On CRAN ('test-table_32.R:75:3')"/>
    </testcase>
  </testsuite>
  <testsuite name="table_33" timestamp="2023-10-18T13:45:02Z" hostname="0a22280571ff" tests="16" skipped="4" failures="0" errors="0" time="1.781">
    <testcase time="0.0409999999999968" classname="table_33" name="Table_33_generation_works_with_default_values"/>
    <testcase time="0.251000000000005" classname="table_33" name="Table_33_generation_works_with_default_values"/>
    <testcase time="0.103999999999999" classname="table_33" name="Table_33_generation_works_with_default_values"/>
    <testcase time="0.0360000000000014" classname="table_33" name="Table_33_generation_works_with_default_values">
      <skipped message="Reason: On CRAN ('test-table_33.R:8:3')"/>
    </testcase>
    <testcase time="0.0329999999999941" classname="table_33" name="Table_33_generation_works_with_custom_values"/>
    <testcase time="0.257000000000005" classname="table_33" name="Table_33_generation_works_with_custom_values"/>
    <testcase time="0.123999999999995" classname="table_33" name="Table_33_generation_works_with_custom_values"/>
    <testcase time="0.0570000000000022" classname="table_33" name="Table_33_generation_works_with_custom_values">
      <skipped message="Reason: On CRAN ('test-table_33.R:34:3')"/>
    </testcase>
    <testcase time="0.0240000000000009" classname="table_33" name="Table_33_generation_works_with_pruned_rows"/>
    <testcase time="0.25" classname="table_33" name="Table_33_generation_works_with_pruned_rows"/>
    <testcase time="0.100999999999999" classname="table_33" name="Table_33_generation_works_with_pruned_rows"/>
    <testcase time="0.0399999999999991" classname="table_33" name="Table_33_generation_works_with_pruned_rows">
      <skipped message="Reason: On CRAN ('test-table_33.R:42:3')"/>
    </testcase>
    <testcase time="0.0279999999999987" classname="table_33" name="Table_33_generation_works_with_risk_difference_column"/>
    <testcase time="0.25" classname="table_33" name="Table_33_generation_works_with_risk_difference_column"/>
    <testcase time="0.128" classname="table_33" name="Table_33_generation_works_with_risk_difference_column"/>
    <testcase time="0.0570000000000022" classname="table_33" name="Table_33_generation_works_with_risk_difference_column">
      <skipped message="Reason: On CRAN ('test-table_33.R:50:3')"/>
    </testcase>
  </testsuite>
  <testsuite name="table_34" timestamp="2023-10-18T13:45:03Z" hostname="0a22280571ff" tests="12" skipped="3" failures="0" errors="0" time="6.317">
    <testcase time="0.0320000000000036" classname="table_34" name="Table_34_generation_works_with_default_values"/>
    <testcase time="0.0429999999999993" classname="table_34" name="Table_34_generation_works_with_default_values"/>
    <testcase time="1.762" classname="table_34" name="Table_34_generation_works_with_default_values"/>
    <testcase time="0.205999999999996" classname="table_34" name="Table_34_generation_works_with_default_values">
      <skipped message="Reason: On CRAN ('test-table_34.R:17:3')"/>
    </testcase>
    <testcase time="0.019999999999996" classname="table_34" name="Table_34_generation_works_with_custom_values"/>
    <testcase time="0.0380000000000038" classname="table_34" name="Table_34_generation_works_with_custom_values"/>
    <testcase time="1.72499999999999" classname="table_34" name="Table_34_generation_works_with_custom_values"/>
    <testcase time="0.0820000000000007" classname="table_34" name="Table_34_generation_works_with_custom_values">
      <skipped message="Reason: On CRAN ('test-table_34.R:49:3')"/>
    </testcase>
    <testcase time="0.0200000000000031" classname="table_34" name="Table_34_generation_works_with_risk_difference_column"/>
    <testcase time="0.0429999999999993" classname="table_34" name="Table_34_generation_works_with_risk_difference_column"/>
    <testcase time="2.108" classname="table_34" name="Table_34_generation_works_with_risk_difference_column"/>
    <testcase time="0.238" classname="table_34" name="Table_34_generation_works_with_risk_difference_column">
      <skipped message="Reason: On CRAN ('test-table_34.R:57:3')"/>
    </testcase>
  </testsuite>
</testsuites>
