<?xml version="1.0" encoding="UTF-8"?>
<testsuites>
  <testsuite name="table_02" timestamp="2023-10-17T13:29:56Z" hostname="84d2c49bb597" tests="30" skipped="10" failures="0" errors="0" time="15.837">
    <testcase time="0.0859999999999999" classname="table_02" name="Table_02_generation_works_with_default_values"/>
    <testcase time="0.482" classname="table_02" name="Table_02_generation_works_with_default_values"/>
    <testcase time="0.233" classname="table_02" name="Table_02_generation_works_with_default_values">
      <skipped message="Reason: On CRAN ('test-table_02.R:16:3')"/>
    </testcase>
    <testcase time="0.081" classname="table_02" name="Table_02_generation_works_with_custom_values"/>
    <testcase time="0.384" classname="table_02" name="Table_02_generation_works_with_custom_values"/>
    <testcase time="0.233000000000001" classname="table_02" name="Table_02_generation_works_with_custom_values">
      <skipped message="Reason: On CRAN ('test-table_02.R:45:3')"/>
    </testcase>
    <testcase time="0.0609999999999999" classname="table_02" name="Table_02_generation_works_with_some_NA_values"/>
    <testcase time="0.106" classname="table_02" name="Table_02_generation_works_with_some_NA_values"/>
    <testcase time="0.0489999999999995" classname="table_02" name="Table_02_generation_works_with_some_NA_values">
      <skipped message="Reason: On CRAN ('test-table_02.R:57:3')"/>
    </testcase>
    <testcase time="0.0200000000000005" classname="table_02" name="Table_02_generation_tplyr_works_with_default_values"/>
    <testcase time="1.874" classname="table_02" name="Table_02_generation_tplyr_works_with_default_values"/>
    <testcase time="0.0360000000000005" classname="table_02" name="Table_02_generation_tplyr_works_with_default_values">
      <skipped message="Reason: On CRAN ('test-table_02.R:66:3')"/>
    </testcase>
    <testcase time="0.0300000000000002" classname="table_02" name="Table_02_generation_tplyr_works_with_tplyr_raw_TRUE"/>
    <testcase time="1.214" classname="table_02" name="Table_02_generation_tplyr_works_with_tplyr_raw_TRUE"/>
    <testcase time="0.0250000000000004" classname="table_02" name="Table_02_generation_tplyr_works_with_tplyr_raw_TRUE">
      <skipped message="Reason: On CRAN ('test-table_02.R:75:3')"/>
    </testcase>
    <testcase time="0.0499999999999998" classname="table_02" name="Table_02_generation_tplyr_works_with_custom_values"/>
    <testcase time="1.805" classname="table_02" name="Table_02_generation_tplyr_works_with_custom_values"/>
    <testcase time="0.0250000000000004" classname="table_02" name="Table_02_generation_tplyr_works_with_custom_values">
      <skipped message="Reason: On CRAN ('test-table_02.R:102:3')"/>
    </testcase>
    <testcase time="0.0489999999999995" classname="table_02" name="Table_02_generation_tplyr_works_with_some_NA_values"/>
    <testcase time="0.725" classname="table_02" name="Table_02_generation_tplyr_works_with_some_NA_values"/>
    <testcase time="0.0240000000000009" classname="table_02" name="Table_02_generation_tplyr_works_with_some_NA_values">
      <skipped message="Reason: On CRAN ('test-table_02.R:119:3')"/>
    </testcase>
    <testcase time="0.0199999999999996" classname="table_02" name="Table_02_generation_gtsum_works_with_default_values"/>
    <testcase time="3.266" classname="table_02" name="Table_02_generation_gtsum_works_with_default_values"/>
    <testcase time="0.00900000000000034" classname="table_02" name="Table_02_generation_gtsum_works_with_default_values">
      <skipped message="Reason: On CRAN ('test-table_02.R:128:3')"/>
    </testcase>
    <testcase time="0.0510000000000002" classname="table_02" name="Table_02_generation_gtsum_works_with_custom_values"/>
    <testcase time="3.62" classname="table_02" name="Table_02_generation_gtsum_works_with_custom_values"/>
    <testcase time="0.00900000000000034" classname="table_02" name="Table_02_generation_gtsum_works_with_custom_values">
      <skipped message="Reason: On CRAN ('test-table_02.R:146:3')"/>
    </testcase>
    <testcase time="0.0429999999999993" classname="table_02" name="Table_02_generation_gtsum_works_with_some_NA_values"/>
    <testcase time="1.219" classname="table_02" name="Table_02_generation_gtsum_works_with_some_NA_values"/>
    <testcase time="0.00799999999999912" classname="table_02" name="Table_02_generation_gtsum_works_with_some_NA_values">
      <skipped message="Reason: On CRAN ('test-table_02.R:160:3')"/>
    </testcase>
  </testsuite>
  <testsuite name="table_03" timestamp="2023-10-17T13:30:12Z" hostname="84d2c49bb597" tests="8" skipped="2" failures="0" errors="0" time="0.845">
    <testcase time="0.0380000000000003" classname="table_03" name="Table_3_generation_works_with_default_values"/>
    <testcase time="0.00100000000000122" classname="table_03" name="Table_3_generation_works_with_default_values"/>
    <testcase time="0.34" classname="table_03" name="Table_3_generation_works_with_default_values"/>
    <testcase time="0.0539999999999985" classname="table_03" name="Table_3_generation_works_with_default_values">
      <skipped message="Reason: On CRAN ('test-table_03.R:21:3')"/>
    </testcase>
    <testcase time="0.0190000000000019" classname="table_03" name="Table_3_generation_works_with_custom_values"/>
    <testcase time="0.00199999999999889" classname="table_03" name="Table_3_generation_works_with_custom_values"/>
    <testcase time="0.311" classname="table_03" name="Table_3_generation_works_with_custom_values"/>
    <testcase time="0.0800000000000018" classname="table_03" name="Table_3_generation_works_with_custom_values">
      <skipped message="Reason: On CRAN ('test-table_03.R:41:3')"/>
    </testcase>
  </testsuite>
  <testsuite name="table_04" timestamp="2023-10-17T13:30:13Z" hostname="84d2c49bb597" tests="12" skipped="2" failures="0" errors="0" time="0.928">
    <testcase time="0.0429999999999993" classname="table_04" name="Table_04_generation_works_with_default_values"/>
    <testcase time="0.000999999999997669" classname="table_04" name="Table_04_generation_works_with_default_values"/>
    <testcase time="0.00200000000000244" classname="table_04" name="Table_04_generation_works_with_default_values"/>
    <testcase time="0.000999999999997669" classname="table_04" name="Table_04_generation_works_with_default_values"/>
    <testcase time="0.332000000000001" classname="table_04" name="Table_04_generation_works_with_default_values"/>
    <testcase time="0.103000000000002" classname="table_04" name="Table_04_generation_works_with_default_values">
      <skipped message="Reason: On CRAN ('test-table_04.R:18:3')"/>
    </testcase>
    <testcase time="0.0189999999999984" classname="table_04" name="Table_04_generation_works_with_custom_values"/>
    <testcase time="0.00200000000000244" classname="table_04" name="Table_04_generation_works_with_custom_values"/>
    <testcase time="0.00199999999999889" classname="table_04" name="Table_04_generation_works_with_custom_values"/>
    <testcase time="0.000999999999997669" classname="table_04" name="Table_04_generation_works_with_custom_values"/>
    <testcase time="0.333000000000002" classname="table_04" name="Table_04_generation_works_with_custom_values"/>
    <testcase time="0.0889999999999986" classname="table_04" name="Table_04_generation_works_with_custom_values">
      <skipped message="Reason: On CRAN ('test-table_04.R:44:3')"/>
    </testcase>
  </testsuite>
  <testsuite name="table_05" timestamp="2023-10-17T13:30:14Z" hostname="84d2c49bb597" tests="12" skipped="4" failures="0" errors="0" time="1.456">
    <testcase time="0.173999999999999" classname="table_05" name="Table_05_generation_works_with_default_values"/>
    <testcase time="0.224" classname="table_05" name="Table_05_generation_works_with_default_values"/>
    <testcase time="0.0820000000000007" classname="table_05" name="Table_05_generation_works_with_default_values">
      <skipped message="Reason: On CRAN ('test-table_05.R:10:3')"/>
    </testcase>
    <testcase time="0.0190000000000019" classname="table_05" name="Table_05_generation_works_with_custom_values"/>
    <testcase time="0.235999999999997" classname="table_05" name="Table_05_generation_works_with_custom_values"/>
    <testcase time="0.0800000000000018" classname="table_05" name="Table_05_generation_works_with_custom_values">
      <skipped message="Reason: On CRAN ('test-table_05.R:34:3')"/>
    </testcase>
    <testcase time="0.0219999999999985" classname="table_05" name="Table_05_generation_works_with_NA_values_pruned_rows"/>
    <testcase time="0.201000000000001" classname="table_05" name="Table_05_generation_works_with_NA_values_pruned_rows"/>
    <testcase time="0.0710000000000015" classname="table_05" name="Table_05_generation_works_with_NA_values_pruned_rows">
      <skipped message="Reason: On CRAN ('test-table_05.R:44:3')"/>
    </testcase>
    <testcase time="0.0289999999999999" classname="table_05" name="Table_05_generation_works_with_risk_difference_column"/>
    <testcase time="0.239999999999998" classname="table_05" name="Table_05_generation_works_with_risk_difference_column"/>
    <testcase time="0.0779999999999994" classname="table_05" name="Table_05_generation_works_with_risk_difference_column">
      <skipped message="Reason: On CRAN ('test-table_05.R:57:3')"/>
    </testcase>
  </testsuite>
  <testsuite name="table_06" timestamp="2023-10-17T13:30:15Z" hostname="84d2c49bb597" tests="15" skipped="3" failures="0" errors="0" time="2.202">
    <testcase time="0.0250000000000021" classname="table_06" name="Table_06_generation_works_with_default_values"/>
    <testcase time="0.00199999999999889" classname="table_06" name="Table_06_generation_works_with_default_values"/>
    <testcase time="0.0609999999999999" classname="table_06" name="Table_06_generation_works_with_default_values"/>
    <testcase time="0.434000000000001" classname="table_06" name="Table_06_generation_works_with_default_values"/>
    <testcase time="0.126999999999999" classname="table_06" name="Table_06_generation_works_with_default_values">
      <skipped message="Reason: On CRAN ('test-table_06.R:8:3')"/>
    </testcase>
    <testcase time="0.0190000000000019" classname="table_06" name="Table_06_generation_works_with_custom_values"/>
    <testcase time="0.00199999999999889" classname="table_06" name="Table_06_generation_works_with_custom_values"/>
    <testcase time="0.0560000000000009" classname="table_06" name="Table_06_generation_works_with_custom_values"/>
    <testcase time="0.587" classname="table_06" name="Table_06_generation_works_with_custom_values"/>
    <testcase time="0.140000000000001" classname="table_06" name="Table_06_generation_works_with_custom_values">
      <skipped message="Reason: On CRAN ('test-table_06.R:40:3')"/>
    </testcase>
    <testcase time="0.0190000000000019" classname="table_06" name="Table_06_generation_works_with_risk_difference_column"/>
    <testcase time="0.00199999999999889" classname="table_06" name="Table_06_generation_works_with_risk_difference_column"/>
    <testcase time="0.0560000000000009" classname="table_06" name="Table_06_generation_works_with_risk_difference_column"/>
    <testcase time="0.567999999999998" classname="table_06" name="Table_06_generation_works_with_risk_difference_column"/>
    <testcase time="0.104000000000003" classname="table_06" name="Table_06_generation_works_with_risk_difference_column">
      <skipped message="Reason: On CRAN ('test-table_06.R:48:3')"/>
    </testcase>
  </testsuite>
  <testsuite name="table_07" timestamp="2023-10-17T13:30:17Z" hostname="84d2c49bb597" tests="24" skipped="4" failures="0" errors="0" time="2.325">
    <testcase time="0.0289999999999999" classname="table_07" name="Table_07_generation_works_with_default_values"/>
    <testcase time="0.00199999999999889" classname="table_07" name="Table_07_generation_works_with_default_values"/>
    <testcase time="0.00100000000000122" classname="table_07" name="Table_07_generation_works_with_default_values"/>
    <testcase time="0.041999999999998" classname="table_07" name="Table_07_generation_works_with_default_values"/>
    <testcase time="0.335000000000001" classname="table_07" name="Table_07_generation_works_with_default_values"/>
    <testcase time="0.122" classname="table_07" name="Table_07_generation_works_with_default_values">
      <skipped message="Reason: On CRAN ('test-table_07.R:13:3')"/>
    </testcase>
    <testcase time="0.0210000000000008" classname="table_07" name="Table_07_generation_works_with_custom_values"/>
    <testcase time="0.00199999999999889" classname="table_07" name="Table_07_generation_works_with_custom_values"/>
    <testcase time="0.00199999999999889" classname="table_07" name="Table_07_generation_works_with_custom_values"/>
    <testcase time="0.0410000000000004" classname="table_07" name="Table_07_generation_works_with_custom_values"/>
    <testcase time="0.458000000000002" classname="table_07" name="Table_07_generation_works_with_custom_values"/>
    <testcase time="0.152999999999999" classname="table_07" name="Table_07_generation_works_with_custom_values">
      <skipped message="Reason: On CRAN ('test-table_07.R:42:3')"/>
    </testcase>
    <testcase time="0.0199999999999996" classname="table_07" name="Table_07_generation_works_with_NA_values_pruned_rows"/>
    <testcase time="0.00200000000000244" classname="table_07" name="Table_07_generation_works_with_NA_values_pruned_rows"/>
    <testcase time="0.00199999999999889" classname="table_07" name="Table_07_generation_works_with_NA_values_pruned_rows"/>
    <testcase time="0.0410000000000004" classname="table_07" name="Table_07_generation_works_with_NA_values_pruned_rows"/>
    <testcase time="0.329999999999998" classname="table_07" name="Table_07_generation_works_with_NA_values_pruned_rows"/>
    <testcase time="0.115000000000002" classname="table_07" name="Table_07_generation_works_with_NA_values_pruned_rows">
      <skipped message="Reason: On CRAN ('test-table_07.R:52:3')"/>
    </testcase>
    <testcase time="0.0209999999999972" classname="table_07" name="Table_07_generation_works_with_risk_difference_column"/>
    <testcase time="0.00200000000000244" classname="table_07" name="Table_07_generation_works_with_risk_difference_column"/>
    <testcase time="0.000999999999997669" classname="table_07" name="Table_07_generation_works_with_risk_difference_column"/>
    <testcase time="0.0420000000000016" classname="table_07" name="Table_07_generation_works_with_risk_difference_column"/>
    <testcase time="0.404" classname="table_07" name="Table_07_generation_works_with_risk_difference_column"/>
    <testcase time="0.137" classname="table_07" name="Table_07_generation_works_with_risk_difference_column">
      <skipped message="Reason: On CRAN ('test-table_07.R:65:3')"/>
    </testcase>
  </testsuite>
  <testsuite name="table_08" timestamp="2023-10-17T13:30:19Z" hostname="84d2c49bb597" tests="8" skipped="2" failures="0" errors="0" time="0.43">
    <testcase time="0.027000000000001" classname="table_08" name="Table_08_generation_works_with_default_values"/>
    <testcase time="0.000999999999997669" classname="table_08" name="Table_08_generation_works_with_default_values"/>
    <testcase time="0.0519999999999996" classname="table_08" name="Table_08_generation_works_with_default_values"/>
    <testcase time="0.122" classname="table_08" name="Table_08_generation_works_with_default_values">
      <skipped message="Reason: On CRAN ('test-table_08.R:10:3')"/>
    </testcase>
    <testcase time="0.0210000000000008" classname="table_08" name="Table_08_generation_works_with_custom_values"/>
    <testcase time="0.00199999999999889" classname="table_08" name="Table_08_generation_works_with_custom_values"/>
    <testcase time="0.0450000000000017" classname="table_08" name="Table_08_generation_works_with_custom_values"/>
    <testcase time="0.16" classname="table_08" name="Table_08_generation_works_with_custom_values">
      <skipped message="Reason: On CRAN ('test-table_08.R:31:3')"/>
    </testcase>
  </testsuite>
  <testsuite name="table_09" timestamp="2023-10-17T13:30:20Z" hostname="84d2c49bb597" tests="12" skipped="3" failures="0" errors="0" time="1.535">
    <testcase time="0.0249999999999986" classname="table_09" name="Table_09_generation_works_with_default_values"/>
    <testcase time="0.0650000000000013" classname="table_09" name="Table_09_generation_works_with_default_values"/>
    <testcase time="0.312999999999999" classname="table_09" name="Table_09_generation_works_with_default_values"/>
    <testcase time="0.0620000000000012" classname="table_09" name="Table_09_generation_works_with_default_values">
      <skipped message="Reason: On CRAN ('test-table_09.R:8:3')"/>
    </testcase>
    <testcase time="0.0199999999999996" classname="table_09" name="Table_09_generation_works_with_custom_values"/>
    <testcase time="0.054000000000002" classname="table_09" name="Table_09_generation_works_with_custom_values"/>
    <testcase time="0.376999999999999" classname="table_09" name="Table_09_generation_works_with_custom_values"/>
    <testcase time="0.0859999999999985" classname="table_09" name="Table_09_generation_works_with_custom_values">
      <skipped message="Reason: On CRAN ('test-table_09.R:39:3')"/>
    </testcase>
    <testcase time="0.0199999999999996" classname="table_09" name="Table_09_generation_works_with_risk_difference_column"/>
    <testcase time="0.0420000000000016" classname="table_09" name="Table_09_generation_works_with_risk_difference_column"/>
    <testcase time="0.402000000000001" classname="table_09" name="Table_09_generation_works_with_risk_difference_column"/>
    <testcase time="0.0689999999999991" classname="table_09" name="Table_09_generation_works_with_risk_difference_column">
      <skipped message="Reason: On CRAN ('test-table_09.R:47:3')"/>
    </testcase>
  </testsuite>
  <testsuite name="table_10" timestamp="2023-10-17T13:30:21Z" hostname="84d2c49bb597" tests="15" skipped="3" failures="0" errors="0" time="1.74">
    <testcase time="0.0309999999999988" classname="table_10" name="Table_10_generation_works_with_default_values"/>
    <testcase time="0.00200000000000244" classname="table_10" name="Table_10_generation_works_with_default_values"/>
    <testcase time="0.0429999999999993" classname="table_10" name="Table_10_generation_works_with_default_values"/>
    <testcase time="0.382999999999999" classname="table_10" name="Table_10_generation_works_with_default_values"/>
    <testcase time="0.128" classname="table_10" name="Table_10_generation_works_with_default_values">
      <skipped message="Reason: On CRAN ('test-table_10.R:17:3')"/>
    </testcase>
    <testcase time="0.0189999999999984" classname="table_10" name="Table_10_generation_works_with_custom_values"/>
    <testcase time="0.00200000000000244" classname="table_10" name="Table_10_generation_works_with_custom_values"/>
    <testcase time="0.0380000000000003" classname="table_10" name="Table_10_generation_works_with_custom_values"/>
    <testcase time="0.366" classname="table_10" name="Table_10_generation_works_with_custom_values"/>
    <testcase time="0.0549999999999997" classname="table_10" name="Table_10_generation_works_with_custom_values">
      <skipped message="Reason: On CRAN ('test-table_10.R:52:3')"/>
    </testcase>
    <testcase time="0.0189999999999984" classname="table_10" name="Table_10_generation_works_with_risk_difference_column"/>
    <testcase time="0.00200000000000244" classname="table_10" name="Table_10_generation_works_with_risk_difference_column"/>
    <testcase time="0.0440000000000005" classname="table_10" name="Table_10_generation_works_with_risk_difference_column"/>
    <testcase time="0.466999999999999" classname="table_10" name="Table_10_generation_works_with_risk_difference_column"/>
    <testcase time="0.140999999999998" classname="table_10" name="Table_10_generation_works_with_risk_difference_column">
      <skipped message="Reason: On CRAN ('test-table_10.R:60:3')"/>
    </testcase>
  </testsuite>
  <testsuite name="table_11" timestamp="2023-10-17T13:30:23Z" hostname="84d2c49bb597" tests="12" skipped="3" failures="0" errors="0" time="2.673">
    <testcase time="0.032" classname="table_11" name="Table_11_generation_works_with_default_values"/>
    <testcase time="0.0519999999999996" classname="table_11" name="Table_11_generation_works_with_default_values"/>
    <testcase time="0.646000000000001" classname="table_11" name="Table_11_generation_works_with_default_values"/>
    <testcase time="0.127000000000002" classname="table_11" name="Table_11_generation_works_with_default_values">
      <skipped message="Reason: On CRAN ('test-table_11.R:18:3')"/>
    </testcase>
    <testcase time="0.0209999999999972" classname="table_11" name="Table_11_generation_works_with_custom_values"/>
    <testcase time="0.0570000000000022" classname="table_11" name="Table_11_generation_works_with_custom_values"/>
    <testcase time="0.596999999999998" classname="table_11" name="Table_11_generation_works_with_custom_values"/>
    <testcase time="0.0820000000000007" classname="table_11" name="Table_11_generation_works_with_custom_values">
      <skipped message="Reason: On CRAN ('test-table_11.R:48:3')"/>
    </testcase>
    <testcase time="0.0199999999999996" classname="table_11" name="Table_11_generation_works_with_risk_difference_column"/>
    <testcase time="0.0510000000000019" classname="table_11" name="Table_11_generation_works_with_risk_difference_column"/>
    <testcase time="0.821999999999996" classname="table_11" name="Table_11_generation_works_with_risk_difference_column"/>
    <testcase time="0.166000000000004" classname="table_11" name="Table_11_generation_works_with_risk_difference_column">
      <skipped message="Reason: On CRAN ('test-table_11.R:56:3')"/>
    </testcase>
  </testsuite>
  <testsuite name="table_12" timestamp="2023-10-17T13:30:26Z" hostname="84d2c49bb597" tests="12" skipped="3" failures="0" errors="0" time="3.612">
    <testcase time="0.0259999999999962" classname="table_12" name="Table_12_generation_works_with_default_values"/>
    <testcase time="0.0530000000000044" classname="table_12" name="Table_12_generation_works_with_default_values"/>
    <testcase time="0.844000000000001" classname="table_12" name="Table_12_generation_works_with_default_values"/>
    <testcase time="0.119999999999997" classname="table_12" name="Table_12_generation_works_with_default_values">
      <skipped message="Reason: On CRAN ('test-table_12.R:9:3')"/>
    </testcase>
    <testcase time="0.0230000000000032" classname="table_12" name="Table_12_generation_works_with_custom_values"/>
    <testcase time="0.0529999999999973" classname="table_12" name="Table_12_generation_works_with_custom_values"/>
    <testcase time="0.844000000000001" classname="table_12" name="Table_12_generation_works_with_custom_values"/>
    <testcase time="0.116" classname="table_12" name="Table_12_generation_works_with_custom_values">
      <skipped message="Reason: On CRAN ('test-table_12.R:39:3')"/>
    </testcase>
    <testcase time="0.0259999999999962" classname="table_12" name="Table_12_generation_works_with_risk_difference_column"/>
    <testcase time="0.054000000000002" classname="table_12" name="Table_12_generation_works_with_risk_difference_column"/>
    <testcase time="1.329" classname="table_12" name="Table_12_generation_works_with_risk_difference_column"/>
    <testcase time="0.124000000000002" classname="table_12" name="Table_12_generation_works_with_risk_difference_column">
      <skipped message="Reason: On CRAN ('test-table_12.R:47:3')"/>
    </testcase>
  </testsuite>
  <testsuite name="table_13" timestamp="2023-10-17T13:30:29Z" hostname="84d2c49bb597" tests="12" skipped="3" failures="0" errors="0" time="0.809">
    <testcase time="0.0240000000000009" classname="table_13" name="Table_13_generation_works_with_default_values"/>
    <testcase time="0.0499999999999972" classname="table_13" name="Table_13_generation_works_with_default_values"/>
    <testcase time="0.119999999999997" classname="table_13" name="Table_13_generation_works_with_default_values"/>
    <testcase time="0.0690000000000026" classname="table_13" name="Table_13_generation_works_with_default_values">
      <skipped message="Reason: On CRAN ('test-table_13.R:8:3')"/>
    </testcase>
    <testcase time="0.0200000000000031" classname="table_13" name="Table_13_generation_works_with_custom_values"/>
    <testcase time="0.0499999999999972" classname="table_13" name="Table_13_generation_works_with_custom_values"/>
    <testcase time="0.144999999999996" classname="table_13" name="Table_13_generation_works_with_custom_values"/>
    <testcase time="0.0460000000000065" classname="table_13" name="Table_13_generation_works_with_custom_values">
      <skipped message="Reason: On CRAN ('test-table_13.R:38:3')"/>
    </testcase>
    <testcase time="0.0189999999999984" classname="table_13" name="Table_13_generation_works_with_risk_difference_column"/>
    <testcase time="0.0499999999999972" classname="table_13" name="Table_13_generation_works_with_risk_difference_column"/>
    <testcase time="0.146000000000001" classname="table_13" name="Table_13_generation_works_with_risk_difference_column"/>
    <testcase time="0.0700000000000003" classname="table_13" name="Table_13_generation_works_with_risk_difference_column">
      <skipped message="Reason: On CRAN ('test-table_13.R:46:3')"/>
    </testcase>
  </testsuite>
  <testsuite name="table_14" timestamp="2023-10-17T13:30:30Z" hostname="84d2c49bb597" tests="13" skipped="4" failures="0" errors="0" time="3.094">
    <testcase time="0.0330000000000013" classname="table_14" name="Table_14_generation_works_with_default_values"/>
    <testcase time="0.558" classname="table_14" name="Table_14_generation_works_with_default_values"/>
    <testcase time="0.137" classname="table_14" name="Table_14_generation_works_with_default_values">
      <skipped message="Reason: On CRAN ('test-table_14.R:16:3')"/>
    </testcase>
    <testcase time="0.0200000000000031" classname="table_14" name="Table_14_generation_works_with_custom_values"/>
    <testcase time="0.0499999999999972" classname="table_14" name="Table_14_generation_works_with_custom_values"/>
    <testcase time="0.590000000000003" classname="table_14" name="Table_14_generation_works_with_custom_values"/>
    <testcase time="0.129999999999995" classname="table_14" name="Table_14_generation_works_with_custom_values">
      <skipped message="Reason: On CRAN ('test-table_14.R:46:3')"/>
    </testcase>
    <testcase time="0.0200000000000031" classname="table_14" name="Table_14_generation_works_with_NA_values_pruned_rows"/>
    <testcase time="0.561999999999998" classname="table_14" name="Table_14_generation_works_with_NA_values_pruned_rows"/>
    <testcase time="0.110000000000007" classname="table_14" name="Table_14_generation_works_with_NA_values_pruned_rows">
      <skipped message="Reason: On CRAN ('test-table_14.R:53:3')"/>
    </testcase>
    <testcase time="0.0189999999999984" classname="table_14" name="Table_14_generation_works_with_risk_difference_column"/>
    <testcase time="0.710999999999999" classname="table_14" name="Table_14_generation_works_with_risk_difference_column"/>
    <testcase time="0.154000000000003" classname="table_14" name="Table_14_generation_works_with_risk_difference_column">
      <skipped message="Reason: On CRAN ('test-table_14.R:61:3')"/>
    </testcase>
  </testsuite>
  <testsuite name="table_20" timestamp="2023-10-17T13:30:33Z" hostname="84d2c49bb597" tests="24" skipped="4" failures="0" errors="0" time="2.656">
    <testcase time="0.0359999999999943" classname="table_20" name="Table_20_generation_works_with_default_values"/>
    <testcase time="0.00100000000000477" classname="table_20" name="Table_20_generation_works_with_default_values"/>
    <testcase time="0.00199999999999534" classname="table_20" name="Table_20_generation_works_with_default_values"/>
    <testcase time="0.044000000000004" classname="table_20" name="Table_20_generation_works_with_default_values"/>
    <testcase time="0.423999999999999" classname="table_20" name="Table_20_generation_works_with_default_values"/>
    <testcase time="0.080999999999996" classname="table_20" name="Table_20_generation_works_with_default_values">
      <skipped message="Reason: On CRAN ('test-table_20.R:17:3')"/>
    </testcase>
    <testcase time="0.0200000000000031" classname="table_20" name="Table_20_generation_works_with_custom_values"/>
    <testcase time="0.00200000000000244" classname="table_20" name="Table_20_generation_works_with_custom_values"/>
    <testcase time="0.00199999999999534" classname="table_20" name="Table_20_generation_works_with_custom_values"/>
    <testcase time="0.0459999999999994" classname="table_20" name="Table_20_generation_works_with_custom_values"/>
    <testcase time="0.603000000000002" classname="table_20" name="Table_20_generation_works_with_custom_values"/>
    <testcase time="0.115000000000002" classname="table_20" name="Table_20_generation_works_with_custom_values">
      <skipped message="Reason: On CRAN ('test-table_20.R:65:3')"/>
    </testcase>
    <testcase time="0.019999999999996" classname="table_20" name="Table_20_generation_works_with_missing_values_pruned_rows"/>
    <testcase time="0.00200000000000244" classname="table_20" name="Table_20_generation_works_with_missing_values_pruned_rows"/>
    <testcase time="0.00200000000000244" classname="table_20" name="Table_20_generation_works_with_missing_values_pruned_rows"/>
    <testcase time="0.0449999999999946" classname="table_20" name="Table_20_generation_works_with_missing_values_pruned_rows"/>
    <testcase time="0.409000000000006" classname="table_20" name="Table_20_generation_works_with_missing_values_pruned_rows"/>
    <testcase time="0.0929999999999964" classname="table_20" name="Table_20_generation_works_with_missing_values_pruned_rows">
      <skipped message="Reason: On CRAN ('test-table_20.R:74:3')"/>
    </testcase>
    <testcase time="0.0189999999999984" classname="table_20" name="Table_20_generation_works_with_risk_difference_column"/>
    <testcase time="0.00200000000000244" classname="table_20" name="Table_20_generation_works_with_risk_difference_column"/>
    <testcase time="0.00200000000000244" classname="table_20" name="Table_20_generation_works_with_risk_difference_column"/>
    <testcase time="0.0459999999999994" classname="table_20" name="Table_20_generation_works_with_risk_difference_column"/>
    <testcase time="0.548000000000002" classname="table_20" name="Table_20_generation_works_with_risk_difference_column"/>
    <testcase time="0.0919999999999987" classname="table_20" name="Table_20_generation_works_with_risk_difference_column">
      <skipped message="Reason: On CRAN ('test-table_20.R:82:3')"/>
    </testcase>
  </testsuite>
  <testsuite name="table_21" timestamp="2023-10-17T13:30:36Z" hostname="84d2c49bb597" tests="19" skipped="4" failures="0" errors="0" time="2.609">
    <testcase time="0.0790000000000006" classname="table_21" name="Table_21_generation_works_with_default_values"/>
    <testcase time="0.00199999999999534" classname="table_21" name="Table_21_generation_works_with_default_values"/>
    <testcase time="0.585999999999999" classname="table_21" name="Table_21_generation_works_with_default_values"/>
    <testcase time="0.0980000000000061" classname="table_21" name="Table_21_generation_works_with_default_values">
      <skipped message="Reason: On CRAN ('test-table_21.R:22:3')"/>
    </testcase>
    <testcase time="0.029999999999994" classname="table_21" name="Table_21_generation_works_with_custom_values_N_s_denominator_and_overall_column"/>
    <testcase time="0.00200000000000244" classname="table_21" name="Table_21_generation_works_with_custom_values_N_s_denominator_and_overall_column"/>
    <testcase time="0.0769999999999982" classname="table_21" name="Table_21_generation_works_with_custom_values_N_s_denominator_and_overall_column"/>
    <testcase time="0.692" classname="table_21" name="Table_21_generation_works_with_custom_values_N_s_denominator_and_overall_column"/>
    <testcase time="0.117000000000004" classname="table_21" name="Table_21_generation_works_with_custom_values_N_s_denominator_and_overall_column">
      <skipped message="Reason: On CRAN ('test-table_21.R:34:3')"/>
    </testcase>
    <testcase time="0.0189999999999984" classname="table_21" name="Table_21_generation_works_with_custom_values_N_col_denominator_and_no_overall_column"/>
    <testcase time="0.00200000000000244" classname="table_21" name="Table_21_generation_works_with_custom_values_N_col_denominator_and_no_overall_column"/>
    <testcase time="0.0519999999999996" classname="table_21" name="Table_21_generation_works_with_custom_values_N_col_denominator_and_no_overall_column"/>
    <testcase time="0.321999999999996" classname="table_21" name="Table_21_generation_works_with_custom_values_N_col_denominator_and_no_overall_column"/>
    <testcase time="0.0900000000000034" classname="table_21" name="Table_21_generation_works_with_custom_values_N_col_denominator_and_no_overall_column">
      <skipped message="Reason: On CRAN ('test-table_21.R:62:3')"/>
    </testcase>
    <testcase time="0.0779999999999959" classname="table_21" name="Table_21_generation_works_with_some_NA_values"/>
    <testcase time="0.00300000000000011" classname="table_21" name="Table_21_generation_works_with_some_NA_values"/>
    <testcase time="0.054000000000002" classname="table_21" name="Table_21_generation_works_with_some_NA_values"/>
    <testcase time="0.241999999999997" classname="table_21" name="Table_21_generation_works_with_some_NA_values"/>
    <testcase time="0.0640000000000001" classname="table_21" name="Table_21_generation_works_with_some_NA_values">
      <skipped message="Reason: On CRAN ('test-table_21.R:82:3')"/>
    </testcase>
  </testsuite>
  <testsuite name="table_32" timestamp="2023-10-17T13:30:39Z" hostname="84d2c49bb597" tests="28" skipped="8" failures="0" errors="0" time="9.889">
    <testcase time="0.0250000000000057" classname="table_32" name="Table_32_generation_works_with_default_values"/>
    <testcase time="0.0539999999999949" classname="table_32" name="Table_32_generation_works_with_default_values"/>
    <testcase time="0.132000000000005" classname="table_32" name="Table_32_generation_works_with_default_values"/>
    <testcase time="0.0419999999999945" classname="table_32" name="Table_32_generation_works_with_default_values">
      <skipped message="Reason: On CRAN ('test-table_32.R:8:3')"/>
    </testcase>
    <testcase time="0.0200000000000031" classname="table_32" name="Table_32_generation_works_with_custom_values"/>
    <testcase time="0.0529999999999973" classname="table_32" name="Table_32_generation_works_with_custom_values"/>
    <testcase time="0.156000000000006" classname="table_32" name="Table_32_generation_works_with_custom_values"/>
    <testcase time="0.0519999999999996" classname="table_32" name="Table_32_generation_works_with_custom_values">
      <skipped message="Reason: On CRAN ('test-table_32.R:30:3')"/>
    </testcase>
    <testcase time="0.019999999999996" classname="table_32" name="Table_32_generation_works_with_pruned_rows"/>
    <testcase time="0.0670000000000002" classname="table_32" name="Table_32_generation_works_with_pruned_rows"/>
    <testcase time="0.118000000000002" classname="table_32" name="Table_32_generation_works_with_pruned_rows"/>
    <testcase time="0.0330000000000013" classname="table_32" name="Table_32_generation_works_with_pruned_rows">
      <skipped message="Reason: On CRAN ('test-table_32.R:37:3')"/>
    </testcase>
    <testcase time="0.0189999999999984" classname="table_32" name="Table_32_generation_works_with_risk_difference_column"/>
    <testcase time="0.0680000000000049" classname="table_32" name="Table_32_generation_works_with_risk_difference_column"/>
    <testcase time="0.149999999999999" classname="table_32" name="Table_32_generation_works_with_risk_difference_column"/>
    <testcase time="0.0629999999999953" classname="table_32" name="Table_32_generation_works_with_risk_difference_column">
      <skipped message="Reason: On CRAN ('test-table_32.R:45:3')"/>
    </testcase>
    <testcase time="0.0220000000000056" classname="table_32" name="Table_32_gtsum_generation_works_with_default_values"/>
    <testcase time="1.629" classname="table_32" name="Table_32_gtsum_generation_works_with_default_values"/>
    <testcase time="0.00900000000000034" classname="table_32" name="Table_32_gtsum_generation_works_with_default_values">
      <skipped message="Reason: On CRAN ('test-table_32.R:52:3')"/>
    </testcase>
    <testcase time="0.019999999999996" classname="table_32" name="Table_32_gtsum_generation_works_with_custom_values"/>
    <testcase time="2.42" classname="table_32" name="Table_32_gtsum_generation_works_with_custom_values"/>
    <testcase time="0.00600000000000023" classname="table_32" name="Table_32_gtsum_generation_works_with_custom_values">
      <skipped message="Reason: On CRAN ('test-table_32.R:59:3')"/>
    </testcase>
    <testcase time="0.0330000000000013" classname="table_32" name="Table_32_gt_generation_works_with_default_values"/>
    <testcase time="1.915" classname="table_32" name="Table_32_gt_generation_works_with_default_values"/>
    <testcase time="0.00800000000000267" classname="table_32" name="Table_32_gt_generation_works_with_default_values">
      <skipped message="Reason: On CRAN ('test-table_32.R:65:3')"/>
    </testcase>
    <testcase time="0.0309999999999988" classname="table_32" name="Table_32_gt_generation_works_with_custom_values"/>
    <testcase time="2.716" classname="table_32" name="Table_32_gt_generation_works_with_custom_values"/>
    <testcase time="0.00799999999999557" classname="table_32" name="Table_32_gt_generation_works_with_custom_values">
      <skipped message="Reason: On CRAN ('test-table_32.R:73:3')"/>
    </testcase>
  </testsuite>
  <testsuite name="table_33" timestamp="2023-10-17T13:30:48Z" hostname="84d2c49bb597" tests="16" skipped="4" failures="0" errors="0" time="1.715">
    <testcase time="0.0250000000000057" classname="table_33" name="Table_33_generation_works_with_default_values"/>
    <testcase time="0.257999999999996" classname="table_33" name="Table_33_generation_works_with_default_values"/>
    <testcase time="0.097999999999999" classname="table_33" name="Table_33_generation_works_with_default_values"/>
    <testcase time="0.0330000000000013" classname="table_33" name="Table_33_generation_works_with_default_values">
      <skipped message="Reason: On CRAN ('test-table_33.R:8:3')"/>
    </testcase>
    <testcase time="0.0200000000000031" classname="table_33" name="Table_33_generation_works_with_custom_values"/>
    <testcase time="0.263999999999996" classname="table_33" name="Table_33_generation_works_with_custom_values"/>
    <testcase time="0.119" classname="table_33" name="Table_33_generation_works_with_custom_values"/>
    <testcase time="0.0400000000000063" classname="table_33" name="Table_33_generation_works_with_custom_values">
      <skipped message="Reason: On CRAN ('test-table_33.R:34:3')"/>
    </testcase>
    <testcase time="0.0319999999999965" classname="table_33" name="Table_33_generation_works_with_pruned_rows"/>
    <testcase time="0.247" classname="table_33" name="Table_33_generation_works_with_pruned_rows"/>
    <testcase time="0.0970000000000013" classname="table_33" name="Table_33_generation_works_with_pruned_rows"/>
    <testcase time="0.0300000000000011" classname="table_33" name="Table_33_generation_works_with_pruned_rows">
      <skipped message="Reason: On CRAN ('test-table_33.R:42:3')"/>
    </testcase>
    <testcase time="0.019999999999996" classname="table_33" name="Table_33_generation_works_with_risk_difference_column"/>
    <testcase time="0.261000000000003" classname="table_33" name="Table_33_generation_works_with_risk_difference_column"/>
    <testcase time="0.122999999999998" classname="table_33" name="Table_33_generation_works_with_risk_difference_column"/>
    <testcase time="0.0480000000000018" classname="table_33" name="Table_33_generation_works_with_risk_difference_column">
      <skipped message="Reason: On CRAN ('test-table_33.R:50:3')"/>
    </testcase>
  </testsuite>
  <testsuite name="table_34" timestamp="2023-10-17T13:30:50Z" hostname="84d2c49bb597" tests="12" skipped="3" failures="0" errors="0" time="6.123">
    <testcase time="0.0360000000000014" classname="table_34" name="Table_34_generation_works_with_default_values"/>
    <testcase time="0.0439999999999969" classname="table_34" name="Table_34_generation_works_with_default_values"/>
    <testcase time="1.73" classname="table_34" name="Table_34_generation_works_with_default_values"/>
    <testcase time="0.207000000000001" classname="table_34" name="Table_34_generation_works_with_default_values">
      <skipped message="Reason: On CRAN ('test-table_34.R:17:3')"/>
    </testcase>
    <testcase time="0.019999999999996" classname="table_34" name="Table_34_generation_works_with_custom_values"/>
    <testcase time="0.0380000000000038" classname="table_34" name="Table_34_generation_works_with_custom_values"/>
    <testcase time="1.64899999999999" classname="table_34" name="Table_34_generation_works_with_custom_values"/>
    <testcase time="0.0899999999999963" classname="table_34" name="Table_34_generation_works_with_custom_values">
      <skipped message="Reason: On CRAN ('test-table_34.R:49:3')"/>
    </testcase>
    <testcase time="0.0200000000000031" classname="table_34" name="Table_34_generation_works_with_risk_difference_column"/>
    <testcase time="0.0420000000000016" classname="table_34" name="Table_34_generation_works_with_risk_difference_column"/>
    <testcase time="2.008" classname="table_34" name="Table_34_generation_works_with_risk_difference_column"/>
    <testcase time="0.239000000000004" classname="table_34" name="Table_34_generation_works_with_risk_difference_column">
      <skipped message="Reason: On CRAN ('test-table_34.R:57:3')"/>
    </testcase>
  </testsuite>
</testsuites>
