<?xml version="1.0" encoding="UTF-8"?>
<testsuites>
  <testsuite name="table_02" timestamp="2023-09-01T12:16:36Z" hostname="28dc11425a39" tests="24" skipped="7" failures="0" errors="0" time="10.374">
    <testcase time="0.0870000000000002" classname="table_02" name="Table_02_generation_works_with_default_values"/>
    <testcase time="0.137" classname="table_02" name="Table_02_generation_works_with_default_values"/>
    <testcase time="0.675" classname="table_02" name="Table_02_generation_works_with_default_values"/>
    <testcase time="0.306" classname="table_02" name="Table_02_generation_works_with_default_values">
      <skipped message="Reason: On CRAN ('test-table_02.R:16:3')"/>
    </testcase>
    <testcase time="0.0789999999999997" classname="table_02" name="Table_02_generation_works_with_custom_values"/>
    <testcase time="0.069" classname="table_02" name="Table_02_generation_works_with_custom_values"/>
    <testcase time="0.519" classname="table_02" name="Table_02_generation_works_with_custom_values"/>
    <testcase time="0.345000000000001" classname="table_02" name="Table_02_generation_works_with_custom_values">
      <skipped message="Reason: On CRAN ('test-table_02.R:45:3')"/>
    </testcase>
    <testcase time="0.085" classname="table_02" name="Table_02_generation_works_with_some_NA_values"/>
    <testcase time="0.0709999999999997" classname="table_02" name="Table_02_generation_works_with_some_NA_values"/>
    <testcase time="0.102" classname="table_02" name="Table_02_generation_works_with_some_NA_values"/>
    <testcase time="0.0699999999999994" classname="table_02" name="Table_02_generation_works_with_some_NA_values">
      <skipped message="Reason: On CRAN ('test-table_02.R:57:3')"/>
    </testcase>
    <testcase time="0.0220000000000002" classname="table_02" name="Table_02_generation_tplyr_works_with_default_values"/>
    <testcase time="2.531" classname="table_02" name="Table_02_generation_tplyr_works_with_default_values"/>
    <testcase time="0.0559999999999992" classname="table_02" name="Table_02_generation_tplyr_works_with_default_values">
      <skipped message="Reason: On CRAN ('test-table_02.R:66:3')"/>
    </testcase>
    <testcase time="0.0220000000000002" classname="table_02" name="Table_02_generation_tplyr_works_with_tplyr_raw_TRUE"/>
    <testcase time="1.556" classname="table_02" name="Table_02_generation_tplyr_works_with_tplyr_raw_TRUE"/>
    <testcase time="0.0339999999999989" classname="table_02" name="Table_02_generation_tplyr_works_with_tplyr_raw_TRUE">
      <skipped message="Reason: On CRAN ('test-table_02.R:75:3')"/>
    </testcase>
    <testcase time="0.0590000000000011" classname="table_02" name="Table_02_generation_tplyr_works_with_custom_values"/>
    <testcase time="2.456" classname="table_02" name="Table_02_generation_tplyr_works_with_custom_values"/>
    <testcase time="0.032" classname="table_02" name="Table_02_generation_tplyr_works_with_custom_values">
      <skipped message="Reason: On CRAN ('test-table_02.R:102:3')"/>
    </testcase>
    <testcase time="0.048" classname="table_02" name="Table_02_generation_tplyr_works_with_some_NA_values"/>
    <testcase time="0.981999999999999" classname="table_02" name="Table_02_generation_tplyr_works_with_some_NA_values"/>
    <testcase time="0.0310000000000006" classname="table_02" name="Table_02_generation_tplyr_works_with_some_NA_values">
      <skipped message="Reason: On CRAN ('test-table_02.R:119:3')"/>
    </testcase>
  </testsuite>
  <testsuite name="table_04" timestamp="2023-09-01T12:16:47Z" hostname="28dc11425a39" tests="12" skipped="2" failures="0" errors="0" time="1.41">
    <testcase time="0.0609999999999999" classname="table_04" name="Table_04_generation_works_with_default_values"/>
    <testcase time="0.00200000000000067" classname="table_04" name="Table_04_generation_works_with_default_values"/>
    <testcase time="0.000999999999999446" classname="table_04" name="Table_04_generation_works_with_default_values"/>
    <testcase time="0.00199999999999889" classname="table_04" name="Table_04_generation_works_with_default_values"/>
    <testcase time="0.592000000000001" classname="table_04" name="Table_04_generation_works_with_default_values"/>
    <testcase time="0.134" classname="table_04" name="Table_04_generation_works_with_default_values">
      <skipped message="Reason: On CRAN ('test-table_04.R:30:3')"/>
    </testcase>
    <testcase time="0.0210000000000008" classname="table_04" name="Table_04_generation_works_with_custom_values"/>
    <testcase time="0.00199999999999889" classname="table_04" name="Table_04_generation_works_with_custom_values"/>
    <testcase time="0.000999999999999446" classname="table_04" name="Table_04_generation_works_with_custom_values"/>
    <testcase time="0.00200000000000067" classname="table_04" name="Table_04_generation_works_with_custom_values"/>
    <testcase time="0.452" classname="table_04" name="Table_04_generation_works_with_custom_values"/>
    <testcase time="0.140000000000001" classname="table_04" name="Table_04_generation_works_with_custom_values">
      <skipped message="Reason: On CRAN ('test-table_04.R:53:3')"/>
    </testcase>
  </testsuite>
  <testsuite name="table_05" timestamp="2023-09-01T12:16:48Z" hostname="28dc11425a39" tests="9" skipped="3" failures="0" errors="0" time="1.575">
    <testcase time="0.247999999999999" classname="table_05" name="Table_05_generation_works_with_default_values"/>
    <testcase time="0.286" classname="table_05" name="Table_05_generation_works_with_default_values"/>
    <testcase time="0.114000000000001" classname="table_05" name="Table_05_generation_works_with_default_values">
      <skipped message="Reason: On CRAN ('test-table_05.R:10:3')"/>
    </testcase>
    <testcase time="0.0229999999999997" classname="table_05" name="Table_05_generation_works_with_custom_values"/>
    <testcase time="0.399000000000001" classname="table_05" name="Table_05_generation_works_with_custom_values"/>
    <testcase time="0.120999999999999" classname="table_05" name="Table_05_generation_works_with_custom_values">
      <skipped message="Reason: On CRAN ('test-table_05.R:34:3')"/>
    </testcase>
    <testcase time="0.022000000000002" classname="table_05" name="Table_05_generation_works_with_NA_values_pruned_rows"/>
    <testcase time="0.259" classname="table_05" name="Table_05_generation_works_with_NA_values_pruned_rows"/>
    <testcase time="0.102999999999998" classname="table_05" name="Table_05_generation_works_with_NA_values_pruned_rows">
      <skipped message="Reason: On CRAN ('test-table_05.R:44:3')"/>
    </testcase>
  </testsuite>
  <testsuite name="table_06" timestamp="2023-09-01T12:16:50Z" hostname="28dc11425a39" tests="10" skipped="2" failures="0" errors="0" time="1.934">
    <testcase time="0.0360000000000014" classname="table_06" name="Table_06_generation_works_with_default_values"/>
    <testcase time="0.00100000000000122" classname="table_06" name="Table_06_generation_works_with_default_values"/>
    <testcase time="0.0710000000000015" classname="table_06" name="Table_06_generation_works_with_default_values"/>
    <testcase time="0.602999999999998" classname="table_06" name="Table_06_generation_works_with_default_values"/>
    <testcase time="0.141999999999999" classname="table_06" name="Table_06_generation_works_with_default_values">
      <skipped message="Reason: On CRAN ('test-table_06.R:8:3')"/>
    </testcase>
    <testcase time="0.022000000000002" classname="table_06" name="Table_06_generation_works_with_custom_values"/>
    <testcase time="0.000999999999997669" classname="table_06" name="Table_06_generation_works_with_custom_values"/>
    <testcase time="0.0690000000000026" classname="table_06" name="Table_06_generation_works_with_custom_values"/>
    <testcase time="0.783999999999999" classname="table_06" name="Table_06_generation_works_with_custom_values"/>
    <testcase time="0.204999999999998" classname="table_06" name="Table_06_generation_works_with_custom_values">
      <skipped message="Reason: On CRAN ('test-table_06.R:40:3')"/>
    </testcase>
  </testsuite>
  <testsuite name="table_07" timestamp="2023-09-01T12:16:51Z" hostname="28dc11425a39" tests="18" skipped="3" failures="0" errors="0" time="2.576">
    <testcase time="0.0300000000000011" classname="table_07" name="Table_07_generation_works_with_default_values"/>
    <testcase time="0.00100000000000122" classname="table_07" name="Table_07_generation_works_with_default_values"/>
    <testcase time="0.00199999999999889" classname="table_07" name="Table_07_generation_works_with_default_values"/>
    <testcase time="0.0530000000000008" classname="table_07" name="Table_07_generation_works_with_default_values"/>
    <testcase time="0.544999999999998" classname="table_07" name="Table_07_generation_works_with_default_values"/>
    <testcase time="0.176000000000002" classname="table_07" name="Table_07_generation_works_with_default_values">
      <skipped message="Reason: On CRAN ('test-table_07.R:13:3')"/>
    </testcase>
    <testcase time="0.0240000000000009" classname="table_07" name="Table_07_generation_works_with_custom_values"/>
    <testcase time="0.00199999999999889" classname="table_07" name="Table_07_generation_works_with_custom_values"/>
    <testcase time="0.00199999999999889" classname="table_07" name="Table_07_generation_works_with_custom_values"/>
    <testcase time="0.0570000000000022" classname="table_07" name="Table_07_generation_works_with_custom_values"/>
    <testcase time="0.716999999999999" classname="table_07" name="Table_07_generation_works_with_custom_values"/>
    <testcase time="0.236000000000001" classname="table_07" name="Table_07_generation_works_with_custom_values">
      <skipped message="Reason: On CRAN ('test-table_07.R:42:3')"/>
    </testcase>
    <testcase time="0.0249999999999986" classname="table_07" name="Table_07_generation_works_with_NA_values_pruned_rows"/>
    <testcase time="0.00200000000000244" classname="table_07" name="Table_07_generation_works_with_NA_values_pruned_rows"/>
    <testcase time="0.00199999999999889" classname="table_07" name="Table_07_generation_works_with_NA_values_pruned_rows"/>
    <testcase time="0.0549999999999997" classname="table_07" name="Table_07_generation_works_with_NA_values_pruned_rows"/>
    <testcase time="0.448" classname="table_07" name="Table_07_generation_works_with_NA_values_pruned_rows"/>
    <testcase time="0.198999999999998" classname="table_07" name="Table_07_generation_works_with_NA_values_pruned_rows">
      <skipped message="Reason: On CRAN ('test-table_07.R:52:3')"/>
    </testcase>
  </testsuite>
  <testsuite name="table_08" timestamp="2023-09-01T12:16:54Z" hostname="28dc11425a39" tests="8" skipped="2" failures="0" errors="0" time="0.583">
    <testcase time="0.0300000000000011" classname="table_08" name="Table_08_generation_works_with_default_values"/>
    <testcase time="0.00199999999999889" classname="table_08" name="Table_08_generation_works_with_default_values"/>
    <testcase time="0.0549999999999997" classname="table_08" name="Table_08_generation_works_with_default_values"/>
    <testcase time="0.173000000000002" classname="table_08" name="Table_08_generation_works_with_default_values">
      <skipped message="Reason: On CRAN ('test-table_08.R:10:3')"/>
    </testcase>
    <testcase time="0.0229999999999997" classname="table_08" name="Table_08_generation_works_with_custom_values"/>
    <testcase time="0.00199999999999889" classname="table_08" name="Table_08_generation_works_with_custom_values"/>
    <testcase time="0.0730000000000004" classname="table_08" name="Table_08_generation_works_with_custom_values"/>
    <testcase time="0.224999999999998" classname="table_08" name="Table_08_generation_works_with_custom_values">
      <skipped message="Reason: On CRAN ('test-table_08.R:31:3')"/>
    </testcase>
  </testsuite>
  <testsuite name="table_09" timestamp="2023-09-01T12:16:55Z" hostname="28dc11425a39" tests="8" skipped="2" failures="0" errors="0" time="1.328">
    <testcase time="0.0289999999999999" classname="table_09" name="Table_09_generation_works_with_default_values"/>
    <testcase time="0.0630000000000024" classname="table_09" name="Table_09_generation_works_with_default_values"/>
    <testcase time="0.443999999999999" classname="table_09" name="Table_09_generation_works_with_default_values"/>
    <testcase time="0.0860000000000021" classname="table_09" name="Table_09_generation_works_with_default_values">
      <skipped message="Reason: On CRAN ('test-table_09.R:8:3')"/>
    </testcase>
    <testcase time="0.0229999999999997" classname="table_09" name="Table_09_generation_works_with_custom_values"/>
    <testcase time="0.0589999999999975" classname="table_09" name="Table_09_generation_works_with_custom_values"/>
    <testcase time="0.522000000000002" classname="table_09" name="Table_09_generation_works_with_custom_values"/>
    <testcase time="0.102" classname="table_09" name="Table_09_generation_works_with_custom_values">
      <skipped message="Reason: On CRAN ('test-table_09.R:39:3')"/>
    </testcase>
  </testsuite>
  <testsuite name="table_10" timestamp="2023-09-01T12:16:56Z" hostname="28dc11425a39" tests="10" skipped="2" failures="0" errors="0" time="1.437">
    <testcase time="0.0380000000000003" classname="table_10" name="Table_10_generation_works_with_default_values"/>
    <testcase time="0.000999999999997669" classname="table_10" name="Table_10_generation_works_with_default_values"/>
    <testcase time="0.0650000000000013" classname="table_10" name="Table_10_generation_works_with_default_values"/>
    <testcase time="0.504999999999999" classname="table_10" name="Table_10_generation_works_with_default_values"/>
    <testcase time="0.179000000000002" classname="table_10" name="Table_10_generation_works_with_default_values">
      <skipped message="Reason: On CRAN ('test-table_10.R:17:3')"/>
    </testcase>
    <testcase time="0.0239999999999974" classname="table_10" name="Table_10_generation_works_with_custom_values"/>
    <testcase time="0.00200000000000244" classname="table_10" name="Table_10_generation_works_with_custom_values"/>
    <testcase time="0.0499999999999972" classname="table_10" name="Table_10_generation_works_with_custom_values"/>
    <testcase time="0.495000000000001" classname="table_10" name="Table_10_generation_works_with_custom_values"/>
    <testcase time="0.0779999999999994" classname="table_10" name="Table_10_generation_works_with_custom_values">
      <skipped message="Reason: On CRAN ('test-table_10.R:52:3')"/>
    </testcase>
  </testsuite>
  <testsuite name="table_11" timestamp="2023-09-01T12:16:57Z" hostname="28dc11425a39" tests="8" skipped="2" failures="0" errors="0" time="2.089">
    <testcase time="0.0330000000000013" classname="table_11" name="Table_11_generation_works_with_default_values"/>
    <testcase time="0.0680000000000014" classname="table_11" name="Table_11_generation_works_with_default_values"/>
    <testcase time="0.799999999999997" classname="table_11" name="Table_11_generation_works_with_default_values"/>
    <testcase time="0.201000000000001" classname="table_11" name="Table_11_generation_works_with_default_values">
      <skipped message="Reason: On CRAN ('test-table_11.R:18:3')"/>
    </testcase>
    <testcase time="0.027000000000001" classname="table_11" name="Table_11_generation_works_with_custom_values"/>
    <testcase time="0.0619999999999976" classname="table_11" name="Table_11_generation_works_with_custom_values"/>
    <testcase time="0.797000000000001" classname="table_11" name="Table_11_generation_works_with_custom_values"/>
    <testcase time="0.100999999999999" classname="table_11" name="Table_11_generation_works_with_custom_values">
      <skipped message="Reason: On CRAN ('test-table_11.R:48:3')"/>
    </testcase>
  </testsuite>
  <testsuite name="table_12" timestamp="2023-09-01T12:16:59Z" hostname="28dc11425a39" tests="8" skipped="2" failures="0" errors="0" time="2.838">
    <testcase time="0.027000000000001" classname="table_12" name="Table_12_generation_works_with_default_values"/>
    <testcase time="0.0650000000000013" classname="table_12" name="Table_12_generation_works_with_default_values"/>
    <testcase time="1.171" classname="table_12" name="Table_12_generation_works_with_default_values"/>
    <testcase time="0.163" classname="table_12" name="Table_12_generation_works_with_default_values">
      <skipped message="Reason: On CRAN ('test-table_12.R:9:3')"/>
    </testcase>
    <testcase time="0.0249999999999986" classname="table_12" name="Table_12_generation_works_with_custom_values"/>
    <testcase time="0.0820000000000007" classname="table_12" name="Table_12_generation_works_with_custom_values"/>
    <testcase time="1.128" classname="table_12" name="Table_12_generation_works_with_custom_values"/>
    <testcase time="0.177" classname="table_12" name="Table_12_generation_works_with_custom_values">
      <skipped message="Reason: On CRAN ('test-table_12.R:39:3')"/>
    </testcase>
  </testsuite>
  <testsuite name="table_13" timestamp="2023-09-01T12:17:02Z" hostname="28dc11425a39" tests="8" skipped="2" failures="0" errors="0" time="0.75">
    <testcase time="0.0259999999999998" classname="table_13" name="Table_13_generation_works_with_default_values"/>
    <testcase time="0.0629999999999988" classname="table_13" name="Table_13_generation_works_with_default_values"/>
    <testcase time="0.18" classname="table_13" name="Table_13_generation_works_with_default_values"/>
    <testcase time="0.115000000000002" classname="table_13" name="Table_13_generation_works_with_default_values">
      <skipped message="Reason: On CRAN ('test-table_13.R:8:3')"/>
    </testcase>
    <testcase time="0.0219999999999985" classname="table_13" name="Table_13_generation_works_with_custom_values"/>
    <testcase time="0.0629999999999988" classname="table_13" name="Table_13_generation_works_with_custom_values"/>
    <testcase time="0.210000000000001" classname="table_13" name="Table_13_generation_works_with_custom_values"/>
    <testcase time="0.0710000000000015" classname="table_13" name="Table_13_generation_works_with_custom_values">
      <skipped message="Reason: On CRAN ('test-table_13.R:38:3')"/>
    </testcase>
  </testsuite>
  <testsuite name="table_14" timestamp="2023-09-01T12:17:03Z" hostname="28dc11425a39" tests="10" skipped="3" failures="0" errors="0" time="3.225">
    <testcase time="0.036999999999999" classname="table_14" name="Table_14_generation_works_with_default_values"/>
    <testcase time="0.815000000000001" classname="table_14" name="Table_14_generation_works_with_default_values"/>
    <testcase time="0.216999999999999" classname="table_14" name="Table_14_generation_works_with_default_values">
      <skipped message="Reason: On CRAN ('test-table_14.R:16:3')"/>
    </testcase>
    <testcase time="0.0219999999999985" classname="table_14" name="Table_14_generation_works_with_custom_values"/>
    <testcase time="0.0670000000000002" classname="table_14" name="Table_14_generation_works_with_custom_values"/>
    <testcase time="0.865000000000002" classname="table_14" name="Table_14_generation_works_with_custom_values"/>
    <testcase time="0.213000000000001" classname="table_14" name="Table_14_generation_works_with_custom_values">
      <skipped message="Reason: On CRAN ('test-table_14.R:46:3')"/>
    </testcase>
    <testcase time="0.0229999999999961" classname="table_14" name="Table_14_generation_works_with_NA_values_pruned_rows"/>
    <testcase time="0.811" classname="table_14" name="Table_14_generation_works_with_NA_values_pruned_rows"/>
    <testcase time="0.155000000000001" classname="table_14" name="Table_14_generation_works_with_NA_values_pruned_rows">
      <skipped message="Reason: On CRAN ('test-table_14.R:53:3')"/>
    </testcase>
  </testsuite>
  <testsuite name="table_20" timestamp="2023-09-01T12:17:06Z" hostname="28dc11425a39" tests="18" skipped="3" failures="0" errors="0" time="2.732">
    <testcase time="0.0350000000000037" classname="table_20" name="Table_20_generation_works_with_default_values"/>
    <testcase time="0.00900000000000034" classname="table_20" name="Table_20_generation_works_with_default_values"/>
    <testcase time="0.000999999999997669" classname="table_20" name="Table_20_generation_works_with_default_values"/>
    <testcase time="0.0660000000000025" classname="table_20" name="Table_20_generation_works_with_default_values"/>
    <testcase time="0.580999999999996" classname="table_20" name="Table_20_generation_works_with_default_values"/>
    <testcase time="0.118000000000002" classname="table_20" name="Table_20_generation_works_with_default_values">
      <skipped message="Reason: On CRAN ('test-table_20.R:17:3')"/>
    </testcase>
    <testcase time="0.0200000000000031" classname="table_20" name="Table_20_generation_works_with_custom_values"/>
    <testcase time="0.000999999999997669" classname="table_20" name="Table_20_generation_works_with_custom_values"/>
    <testcase time="0.00200000000000244" classname="table_20" name="Table_20_generation_works_with_custom_values"/>
    <testcase time="0.0559999999999974" classname="table_20" name="Table_20_generation_works_with_custom_values"/>
    <testcase time="0.877000000000002" classname="table_20" name="Table_20_generation_works_with_custom_values"/>
    <testcase time="0.173000000000002" classname="table_20" name="Table_20_generation_works_with_custom_values">
      <skipped message="Reason: On CRAN ('test-table_20.R:65:3')"/>
    </testcase>
    <testcase time="0.0219999999999985" classname="table_20" name="Table_20_generation_works_with_missing_values_pruned_rows"/>
    <testcase time="0.000999999999997669" classname="table_20" name="Table_20_generation_works_with_missing_values_pruned_rows"/>
    <testcase time="0.00200000000000244" classname="table_20" name="Table_20_generation_works_with_missing_values_pruned_rows"/>
    <testcase time="0.0659999999999954" classname="table_20" name="Table_20_generation_works_with_missing_values_pruned_rows"/>
    <testcase time="0.577000000000005" classname="table_20" name="Table_20_generation_works_with_missing_values_pruned_rows"/>
    <testcase time="0.125" classname="table_20" name="Table_20_generation_works_with_missing_values_pruned_rows">
      <skipped message="Reason: On CRAN ('test-table_20.R:74:3')"/>
    </testcase>
  </testsuite>
  <testsuite name="table_32" timestamp="2023-09-01T12:17:09Z" hostname="28dc11425a39" tests="12" skipped="3" failures="0" errors="0" time="1.391">
    <testcase time="0.0279999999999987" classname="table_32" name="Table_32_generation_works_with_default_values"/>
    <testcase time="0.0690000000000026" classname="table_32" name="Table_32_generation_works_with_default_values"/>
    <testcase time="0.18" classname="table_32" name="Table_32_generation_works_with_default_values"/>
    <testcase time="0.0640000000000001" classname="table_32" name="Table_32_generation_works_with_default_values">
      <skipped message="Reason: On CRAN ('test-table_32.R:8:3')"/>
    </testcase>
    <testcase time="0.0229999999999961" classname="table_32" name="Table_32_generation_works_with_custom_values"/>
    <testcase time="0.0700000000000003" classname="table_32" name="Table_32_generation_works_with_custom_values"/>
    <testcase time="0.212000000000003" classname="table_32" name="Table_32_generation_works_with_custom_values"/>
    <testcase time="0.0799999999999983" classname="table_32" name="Table_32_generation_works_with_custom_values">
      <skipped message="Reason: On CRAN ('test-table_32.R:30:3')"/>
    </testcase>
    <testcase time="0.0249999999999986" classname="table_32" name="Table_32_generation_works_with_pruned_rows"/>
    <testcase time="0.0840000000000032" classname="table_32" name="Table_32_generation_works_with_pruned_rows"/>
    <testcase time="0.509" classname="table_32" name="Table_32_generation_works_with_pruned_rows"/>
    <testcase time="0.0470000000000041" classname="table_32" name="Table_32_generation_works_with_pruned_rows">
      <skipped message="Reason: On CRAN ('test-table_32.R:37:3')"/>
    </testcase>
  </testsuite>
  <testsuite name="table_33" timestamp="2023-09-01T12:17:10Z" hostname="28dc11425a39" tests="12" skipped="3" failures="0" errors="0" time="1.868">
    <testcase time="0.0259999999999962" classname="table_33" name="Table_33_generation_works_with_default_values"/>
    <testcase time="0.404000000000003" classname="table_33" name="Table_33_generation_works_with_default_values"/>
    <testcase time="0.131999999999998" classname="table_33" name="Table_33_generation_works_with_default_values"/>
    <testcase time="0.0450000000000017" classname="table_33" name="Table_33_generation_works_with_default_values">
      <skipped message="Reason: On CRAN ('test-table_33.R:8:3')"/>
    </testcase>
    <testcase time="0.0309999999999988" classname="table_33" name="Table_33_generation_works_with_custom_values"/>
    <testcase time="0.405000000000001" classname="table_33" name="Table_33_generation_works_with_custom_values"/>
    <testcase time="0.161999999999999" classname="table_33" name="Table_33_generation_works_with_custom_values"/>
    <testcase time="0.0589999999999975" classname="table_33" name="Table_33_generation_works_with_custom_values">
      <skipped message="Reason: On CRAN ('test-table_33.R:34:3')"/>
    </testcase>
    <testcase time="0.0219999999999985" classname="table_33" name="Table_33_generation_works_with_pruned_rows"/>
    <testcase time="0.413000000000004" classname="table_33" name="Table_33_generation_works_with_pruned_rows"/>
    <testcase time="0.125999999999998" classname="table_33" name="Table_33_generation_works_with_pruned_rows"/>
    <testcase time="0.0429999999999993" classname="table_33" name="Table_33_generation_works_with_pruned_rows">
      <skipped message="Reason: On CRAN ('test-table_33.R:42:3')"/>
    </testcase>
  </testsuite>
</testsuites>
