<?xml version="1.0" encoding="UTF-8"?>
<testsuites>
  <testsuite name="table_02" timestamp="2023-09-07T07:46:52Z" hostname="857bb7e76df4" tests="33" skipped="10" failures="0" errors="0" time="16.658">
    <testcase time="0.0899999999999999" classname="table_02" name="Table_02_generation_works_with_default_values"/>
    <testcase time="0.113" classname="table_02" name="Table_02_generation_works_with_default_values"/>
    <testcase time="0.496" classname="table_02" name="Table_02_generation_works_with_default_values"/>
    <testcase time="0.25" classname="table_02" name="Table_02_generation_works_with_default_values">
      <skipped message="Reason: On CRAN ('test-table_02.R:16:3')"/>
    </testcase>
    <testcase time="0.0709999999999997" classname="table_02" name="Table_02_generation_works_with_custom_values"/>
    <testcase time="0.0579999999999998" classname="table_02" name="Table_02_generation_works_with_custom_values"/>
    <testcase time="0.411" classname="table_02" name="Table_02_generation_works_with_custom_values"/>
    <testcase time="0.258999999999999" classname="table_02" name="Table_02_generation_works_with_custom_values">
      <skipped message="Reason: On CRAN ('test-table_02.R:45:3')"/>
    </testcase>
    <testcase time="0.0650000000000004" classname="table_02" name="Table_02_generation_works_with_some_NA_values"/>
    <testcase time="0.056" classname="table_02" name="Table_02_generation_works_with_some_NA_values"/>
    <testcase time="0.0800000000000001" classname="table_02" name="Table_02_generation_works_with_some_NA_values"/>
    <testcase time="0.0520000000000005" classname="table_02" name="Table_02_generation_works_with_some_NA_values">
      <skipped message="Reason: On CRAN ('test-table_02.R:57:3')"/>
    </testcase>
    <testcase time="0.0179999999999998" classname="table_02" name="Table_02_generation_tplyr_works_with_default_values"/>
    <testcase time="2.096" classname="table_02" name="Table_02_generation_tplyr_works_with_default_values"/>
    <testcase time="0.04" classname="table_02" name="Table_02_generation_tplyr_works_with_default_values">
      <skipped message="Reason: On CRAN ('test-table_02.R:66:3')"/>
    </testcase>
    <testcase time="0.0179999999999998" classname="table_02" name="Table_02_generation_tplyr_works_with_tplyr_raw_TRUE"/>
    <testcase time="1.291" classname="table_02" name="Table_02_generation_tplyr_works_with_tplyr_raw_TRUE"/>
    <testcase time="0.0280000000000005" classname="table_02" name="Table_02_generation_tplyr_works_with_tplyr_raw_TRUE">
      <skipped message="Reason: On CRAN ('test-table_02.R:75:3')"/>
    </testcase>
    <testcase time="0.0509999999999984" classname="table_02" name="Table_02_generation_tplyr_works_with_custom_values"/>
    <testcase time="2.06" classname="table_02" name="Table_02_generation_tplyr_works_with_custom_values"/>
    <testcase time="0.027000000000001" classname="table_02" name="Table_02_generation_tplyr_works_with_custom_values">
      <skipped message="Reason: On CRAN ('test-table_02.R:102:3')"/>
    </testcase>
    <testcase time="0.0409999999999986" classname="table_02" name="Table_02_generation_tplyr_works_with_some_NA_values"/>
    <testcase time="0.807" classname="table_02" name="Table_02_generation_tplyr_works_with_some_NA_values"/>
    <testcase time="0.0250000000000004" classname="table_02" name="Table_02_generation_tplyr_works_with_some_NA_values">
      <skipped message="Reason: On CRAN ('test-table_02.R:119:3')"/>
    </testcase>
    <testcase time="0.0180000000000007" classname="table_02" name="Table_02_generation_gt_works_with_default_values"/>
    <testcase time="3.351" classname="table_02" name="Table_02_generation_gt_works_with_default_values"/>
    <testcase time="0.00699999999999967" classname="table_02" name="Table_02_generation_gt_works_with_default_values">
      <skipped message="Reason: On CRAN ('test-table_02.R:128:3')"/>
    </testcase>
    <testcase time="0.0530000000000008" classname="table_02" name="Table_02_generation_gt_works_with_custom_values"/>
    <testcase time="3.644" classname="table_02" name="Table_02_generation_gt_works_with_custom_values"/>
    <testcase time="0.00600000000000023" classname="table_02" name="Table_02_generation_gt_works_with_custom_values">
      <skipped message="Reason: On CRAN ('test-table_02.R:146:3')"/>
    </testcase>
    <testcase time="0.0479999999999983" classname="table_02" name="Table_02_generation_gt_works_with_some_NA_values"/>
    <testcase time="1.021" classname="table_02" name="Table_02_generation_gt_works_with_some_NA_values"/>
    <testcase time="0.00700000000000145" classname="table_02" name="Table_02_generation_gt_works_with_some_NA_values">
      <skipped message="Reason: On CRAN ('test-table_02.R:163:3')"/>
    </testcase>
  </testsuite>
  <testsuite name="table_04" timestamp="2023-09-07T07:47:09Z" hostname="857bb7e76df4" tests="12" skipped="2" failures="0" errors="0" time="1.14">
    <testcase time="0.0619999999999976" classname="table_04" name="Table_04_generation_works_with_default_values"/>
    <testcase time="0.00100000000000122" classname="table_04" name="Table_04_generation_works_with_default_values"/>
    <testcase time="0.00100000000000122" classname="table_04" name="Table_04_generation_works_with_default_values"/>
    <testcase time="0.000999999999997669" classname="table_04" name="Table_04_generation_works_with_default_values"/>
    <testcase time="0.454000000000001" classname="table_04" name="Table_04_generation_works_with_default_values"/>
    <testcase time="0.115000000000002" classname="table_04" name="Table_04_generation_works_with_default_values">
      <skipped message="Reason: On CRAN ('test-table_04.R:30:3')"/>
    </testcase>
    <testcase time="0.0189999999999984" classname="table_04" name="Table_04_generation_works_with_custom_values"/>
    <testcase time="0.00199999999999889" classname="table_04" name="Table_04_generation_works_with_custom_values"/>
    <testcase time="0.00100000000000122" classname="table_04" name="Table_04_generation_works_with_custom_values"/>
    <testcase time="0.00100000000000122" classname="table_04" name="Table_04_generation_works_with_custom_values"/>
    <testcase time="0.369" classname="table_04" name="Table_04_generation_works_with_custom_values"/>
    <testcase time="0.114000000000001" classname="table_04" name="Table_04_generation_works_with_custom_values">
      <skipped message="Reason: On CRAN ('test-table_04.R:53:3')"/>
    </testcase>
  </testsuite>
  <testsuite name="table_05" timestamp="2023-09-07T07:47:10Z" hostname="857bb7e76df4" tests="9" skipped="3" failures="0" errors="0" time="1.301">
    <testcase time="0.200999999999997" classname="table_05" name="Table_05_generation_works_with_default_values"/>
    <testcase time="0.253" classname="table_05" name="Table_05_generation_works_with_default_values"/>
    <testcase time="0.0899999999999999" classname="table_05" name="Table_05_generation_works_with_default_values">
      <skipped message="Reason: On CRAN ('test-table_05.R:10:3')"/>
    </testcase>
    <testcase time="0.0180000000000007" classname="table_05" name="Table_05_generation_works_with_custom_values"/>
    <testcase time="0.326000000000001" classname="table_05" name="Table_05_generation_works_with_custom_values"/>
    <testcase time="0.0919999999999987" classname="table_05" name="Table_05_generation_works_with_custom_values">
      <skipped message="Reason: On CRAN ('test-table_05.R:34:3')"/>
    </testcase>
    <testcase time="0.0199999999999996" classname="table_05" name="Table_05_generation_works_with_NA_values_pruned_rows"/>
    <testcase time="0.213000000000001" classname="table_05" name="Table_05_generation_works_with_NA_values_pruned_rows"/>
    <testcase time="0.088000000000001" classname="table_05" name="Table_05_generation_works_with_NA_values_pruned_rows">
      <skipped message="Reason: On CRAN ('test-table_05.R:44:3')"/>
    </testcase>
  </testsuite>
  <testsuite name="table_06" timestamp="2023-09-07T07:47:11Z" hostname="857bb7e76df4" tests="10" skipped="2" failures="0" errors="0" time="1.529">
    <testcase time="0.0229999999999997" classname="table_06" name="Table_06_generation_works_with_default_values"/>
    <testcase time="0.00199999999999889" classname="table_06" name="Table_06_generation_works_with_default_values"/>
    <testcase time="0.0629999999999988" classname="table_06" name="Table_06_generation_works_with_default_values"/>
    <testcase time="0.486000000000001" classname="table_06" name="Table_06_generation_works_with_default_values"/>
    <testcase time="0.0980000000000025" classname="table_06" name="Table_06_generation_works_with_default_values">
      <skipped message="Reason: On CRAN ('test-table_06.R:8:3')"/>
    </testcase>
    <testcase time="0.0179999999999971" classname="table_06" name="Table_06_generation_works_with_custom_values"/>
    <testcase time="0.00200000000000244" classname="table_06" name="Table_06_generation_works_with_custom_values"/>
    <testcase time="0.0700000000000003" classname="table_06" name="Table_06_generation_works_with_custom_values"/>
    <testcase time="0.628999999999998" classname="table_06" name="Table_06_generation_works_with_custom_values"/>
    <testcase time="0.138000000000002" classname="table_06" name="Table_06_generation_works_with_custom_values">
      <skipped message="Reason: On CRAN ('test-table_06.R:40:3')"/>
    </testcase>
  </testsuite>
  <testsuite name="table_07" timestamp="2023-09-07T07:47:12Z" hostname="857bb7e76df4" tests="18" skipped="3" failures="0" errors="0" time="1.996">
    <testcase time="0.0279999999999987" classname="table_07" name="Table_07_generation_works_with_default_values"/>
    <testcase time="0.00100000000000122" classname="table_07" name="Table_07_generation_works_with_default_values"/>
    <testcase time="0.00199999999999889" classname="table_07" name="Table_07_generation_works_with_default_values"/>
    <testcase time="0.0459999999999994" classname="table_07" name="Table_07_generation_works_with_default_values"/>
    <testcase time="0.414999999999999" classname="table_07" name="Table_07_generation_works_with_default_values"/>
    <testcase time="0.134" classname="table_07" name="Table_07_generation_works_with_default_values">
      <skipped message="Reason: On CRAN ('test-table_07.R:13:3')"/>
    </testcase>
    <testcase time="0.0190000000000019" classname="table_07" name="Table_07_generation_works_with_custom_values"/>
    <testcase time="0.00100000000000122" classname="table_07" name="Table_07_generation_works_with_custom_values"/>
    <testcase time="0.000999999999997669" classname="table_07" name="Table_07_generation_works_with_custom_values"/>
    <testcase time="0.0449999999999982" classname="table_07" name="Table_07_generation_works_with_custom_values"/>
    <testcase time="0.561" classname="table_07" name="Table_07_generation_works_with_custom_values"/>
    <testcase time="0.169" classname="table_07" name="Table_07_generation_works_with_custom_values">
      <skipped message="Reason: On CRAN ('test-table_07.R:42:3')"/>
    </testcase>
    <testcase time="0.0180000000000007" classname="table_07" name="Table_07_generation_works_with_NA_values_pruned_rows"/>
    <testcase time="0.00199999999999889" classname="table_07" name="Table_07_generation_works_with_NA_values_pruned_rows"/>
    <testcase time="0.00100000000000122" classname="table_07" name="Table_07_generation_works_with_NA_values_pruned_rows"/>
    <testcase time="0.0459999999999994" classname="table_07" name="Table_07_generation_works_with_NA_values_pruned_rows"/>
    <testcase time="0.376999999999999" classname="table_07" name="Table_07_generation_works_with_NA_values_pruned_rows"/>
    <testcase time="0.129999999999999" classname="table_07" name="Table_07_generation_works_with_NA_values_pruned_rows">
      <skipped message="Reason: On CRAN ('test-table_07.R:52:3')"/>
    </testcase>
  </testsuite>
  <testsuite name="table_08" timestamp="2023-09-07T07:47:14Z" hostname="857bb7e76df4" tests="8" skipped="2" failures="0" errors="0" time="0.456">
    <testcase time="0.0250000000000021" classname="table_08" name="Table_08_generation_works_with_default_values"/>
    <testcase time="0.00199999999999889" classname="table_08" name="Table_08_generation_works_with_default_values"/>
    <testcase time="0.0590000000000011" classname="table_08" name="Table_08_generation_works_with_default_values"/>
    <testcase time="0.123999999999999" classname="table_08" name="Table_08_generation_works_with_default_values">
      <skipped message="Reason: On CRAN ('test-table_08.R:10:3')"/>
    </testcase>
    <testcase time="0.0190000000000019" classname="table_08" name="Table_08_generation_works_with_custom_values"/>
    <testcase time="0.00199999999999889" classname="table_08" name="Table_08_generation_works_with_custom_values"/>
    <testcase time="0.0459999999999994" classname="table_08" name="Table_08_generation_works_with_custom_values"/>
    <testcase time="0.179000000000002" classname="table_08" name="Table_08_generation_works_with_custom_values">
      <skipped message="Reason: On CRAN ('test-table_08.R:31:3')"/>
    </testcase>
  </testsuite>
  <testsuite name="table_09" timestamp="2023-09-07T07:47:15Z" hostname="857bb7e76df4" tests="8" skipped="2" failures="0" errors="0" time="1.067">
    <testcase time="0.0239999999999974" classname="table_09" name="Table_09_generation_works_with_default_values"/>
    <testcase time="0.0470000000000006" classname="table_09" name="Table_09_generation_works_with_default_values"/>
    <testcase time="0.352" classname="table_09" name="Table_09_generation_works_with_default_values"/>
    <testcase time="0.0689999999999991" classname="table_09" name="Table_09_generation_works_with_default_values">
      <skipped message="Reason: On CRAN ('test-table_09.R:8:3')"/>
    </testcase>
    <testcase time="0.0190000000000019" classname="table_09" name="Table_09_generation_works_with_custom_values"/>
    <testcase time="0.0479999999999983" classname="table_09" name="Table_09_generation_works_with_custom_values"/>
    <testcase time="0.428000000000001" classname="table_09" name="Table_09_generation_works_with_custom_values"/>
    <testcase time="0.0800000000000018" classname="table_09" name="Table_09_generation_works_with_custom_values">
      <skipped message="Reason: On CRAN ('test-table_09.R:39:3')"/>
    </testcase>
  </testsuite>
  <testsuite name="table_10" timestamp="2023-09-07T07:47:16Z" hostname="857bb7e76df4" tests="10" skipped="2" failures="0" errors="0" time="1.16">
    <testcase time="0.0399999999999991" classname="table_10" name="Table_10_generation_works_with_default_values"/>
    <testcase time="0.00199999999999889" classname="table_10" name="Table_10_generation_works_with_default_values"/>
    <testcase time="0.0480000000000018" classname="table_10" name="Table_10_generation_works_with_default_values"/>
    <testcase time="0.413" classname="table_10" name="Table_10_generation_works_with_default_values"/>
    <testcase time="0.135000000000002" classname="table_10" name="Table_10_generation_works_with_default_values">
      <skipped message="Reason: On CRAN ('test-table_10.R:17:3')"/>
    </testcase>
    <testcase time="0.0189999999999984" classname="table_10" name="Table_10_generation_works_with_custom_values"/>
    <testcase time="0.00200000000000244" classname="table_10" name="Table_10_generation_works_with_custom_values"/>
    <testcase time="0.041999999999998" classname="table_10" name="Table_10_generation_works_with_custom_values"/>
    <testcase time="0.396999999999998" classname="table_10" name="Table_10_generation_works_with_custom_values"/>
    <testcase time="0.0620000000000012" classname="table_10" name="Table_10_generation_works_with_custom_values">
      <skipped message="Reason: On CRAN ('test-table_10.R:52:3')"/>
    </testcase>
  </testsuite>
  <testsuite name="table_11" timestamp="2023-09-07T07:47:17Z" hostname="857bb7e76df4" tests="8" skipped="2" failures="0" errors="0" time="1.726">
    <testcase time="0.0300000000000011" classname="table_11" name="Table_11_generation_works_with_default_values"/>
    <testcase time="0.0569999999999986" classname="table_11" name="Table_11_generation_works_with_default_values"/>
    <testcase time="0.681000000000001" classname="table_11" name="Table_11_generation_works_with_default_values"/>
    <testcase time="0.154" classname="table_11" name="Table_11_generation_works_with_default_values">
      <skipped message="Reason: On CRAN ('test-table_11.R:18:3')"/>
    </testcase>
    <testcase time="0.0199999999999996" classname="table_11" name="Table_11_generation_works_with_custom_values"/>
    <testcase time="0.0500000000000007" classname="table_11" name="Table_11_generation_works_with_custom_values"/>
    <testcase time="0.661000000000001" classname="table_11" name="Table_11_generation_works_with_custom_values"/>
    <testcase time="0.0729999999999968" classname="table_11" name="Table_11_generation_works_with_custom_values">
      <skipped message="Reason: On CRAN ('test-table_11.R:48:3')"/>
    </testcase>
  </testsuite>
  <testsuite name="table_12" timestamp="2023-09-07T07:47:19Z" hostname="857bb7e76df4" tests="8" skipped="2" failures="0" errors="0" time="2.256">
    <testcase time="0.0330000000000013" classname="table_12" name="Table_12_generation_works_with_default_values"/>
    <testcase time="0.0629999999999988" classname="table_12" name="Table_12_generation_works_with_default_values"/>
    <testcase time="0.920000000000002" classname="table_12" name="Table_12_generation_works_with_default_values"/>
    <testcase time="0.116" classname="table_12" name="Table_12_generation_works_with_default_values">
      <skipped message="Reason: On CRAN ('test-table_12.R:9:3')"/>
    </testcase>
    <testcase time="0.0199999999999996" classname="table_12" name="Table_12_generation_works_with_custom_values"/>
    <testcase time="0.0590000000000011" classname="table_12" name="Table_12_generation_works_with_custom_values"/>
    <testcase time="0.914999999999999" classname="table_12" name="Table_12_generation_works_with_custom_values"/>
    <testcase time="0.130000000000003" classname="table_12" name="Table_12_generation_works_with_custom_values">
      <skipped message="Reason: On CRAN ('test-table_12.R:39:3')"/>
    </testcase>
  </testsuite>
  <testsuite name="table_13" timestamp="2023-09-07T07:47:21Z" hostname="857bb7e76df4" tests="8" skipped="2" failures="0" errors="0" time="0.6">
    <testcase time="0.0229999999999961" classname="table_13" name="Table_13_generation_works_with_default_values"/>
    <testcase time="0.0570000000000022" classname="table_13" name="Table_13_generation_works_with_default_values"/>
    <testcase time="0.152999999999999" classname="table_13" name="Table_13_generation_works_with_default_values"/>
    <testcase time="0.0679999999999978" classname="table_13" name="Table_13_generation_works_with_default_values">
      <skipped message="Reason: On CRAN ('test-table_13.R:8:3')"/>
    </testcase>
    <testcase time="0.0180000000000007" classname="table_13" name="Table_13_generation_works_with_custom_values"/>
    <testcase time="0.0570000000000022" classname="table_13" name="Table_13_generation_works_with_custom_values"/>
    <testcase time="0.171999999999997" classname="table_13" name="Table_13_generation_works_with_custom_values"/>
    <testcase time="0.0519999999999996" classname="table_13" name="Table_13_generation_works_with_custom_values">
      <skipped message="Reason: On CRAN ('test-table_13.R:38:3')"/>
    </testcase>
  </testsuite>
  <testsuite name="table_14" timestamp="2023-09-07T07:47:22Z" hostname="857bb7e76df4" tests="10" skipped="3" failures="0" errors="0" time="2.788">
    <testcase time="0.0330000000000013" classname="table_14" name="Table_14_generation_works_with_default_values"/>
    <testcase time="0.667999999999999" classname="table_14" name="Table_14_generation_works_with_default_values"/>
    <testcase time="0.163000000000004" classname="table_14" name="Table_14_generation_works_with_default_values">
      <skipped message="Reason: On CRAN ('test-table_14.R:16:3')"/>
    </testcase>
    <testcase time="0.0180000000000007" classname="table_14" name="Table_14_generation_works_with_custom_values"/>
    <testcase time="0.0569999999999951" classname="table_14" name="Table_14_generation_works_with_custom_values"/>
    <testcase time="0.680000000000007" classname="table_14" name="Table_14_generation_works_with_custom_values"/>
    <testcase time="0.165999999999997" classname="table_14" name="Table_14_generation_works_with_custom_values">
      <skipped message="Reason: On CRAN ('test-table_14.R:46:3')"/>
    </testcase>
    <testcase time="0.0189999999999984" classname="table_14" name="Table_14_generation_works_with_NA_values_pruned_rows"/>
    <testcase time="0.869" classname="table_14" name="Table_14_generation_works_with_NA_values_pruned_rows"/>
    <testcase time="0.115000000000002" classname="table_14" name="Table_14_generation_works_with_NA_values_pruned_rows">
      <skipped message="Reason: On CRAN ('test-table_14.R:53:3')"/>
    </testcase>
  </testsuite>
  <testsuite name="table_20" timestamp="2023-09-07T07:47:25Z" hostname="857bb7e76df4" tests="18" skipped="3" failures="0" errors="0" time="2.038">
    <testcase time="0.0279999999999987" classname="table_20" name="Table_20_generation_works_with_default_values"/>
    <testcase time="0.000999999999997669" classname="table_20" name="Table_20_generation_works_with_default_values"/>
    <testcase time="0.00100000000000477" classname="table_20" name="Table_20_generation_works_with_default_values"/>
    <testcase time="0.0499999999999972" classname="table_20" name="Table_20_generation_works_with_default_values"/>
    <testcase time="0.433" classname="table_20" name="Table_20_generation_works_with_default_values"/>
    <testcase time="0.0970000000000013" classname="table_20" name="Table_20_generation_works_with_default_values">
      <skipped message="Reason: On CRAN ('test-table_20.R:17:3')"/>
    </testcase>
    <testcase time="0.0180000000000007" classname="table_20" name="Table_20_generation_works_with_custom_values"/>
    <testcase time="0.000999999999997669" classname="table_20" name="Table_20_generation_works_with_custom_values"/>
    <testcase time="0.00100000000000477" classname="table_20" name="Table_20_generation_works_with_custom_values"/>
    <testcase time="0.0489999999999995" classname="table_20" name="Table_20_generation_works_with_custom_values"/>
    <testcase time="0.645000000000003" classname="table_20" name="Table_20_generation_works_with_custom_values"/>
    <testcase time="0.119" classname="table_20" name="Table_20_generation_works_with_custom_values">
      <skipped message="Reason: On CRAN ('test-table_20.R:65:3')"/>
    </testcase>
    <testcase time="0.0189999999999984" classname="table_20" name="Table_20_generation_works_with_missing_values_pruned_rows"/>
    <testcase time="0.000999999999997669" classname="table_20" name="Table_20_generation_works_with_missing_values_pruned_rows"/>
    <testcase time="0.000999999999997669" classname="table_20" name="Table_20_generation_works_with_missing_values_pruned_rows"/>
    <testcase time="0.0570000000000022" classname="table_20" name="Table_20_generation_works_with_missing_values_pruned_rows"/>
    <testcase time="0.431000000000004" classname="table_20" name="Table_20_generation_works_with_missing_values_pruned_rows"/>
    <testcase time="0.0859999999999985" classname="table_20" name="Table_20_generation_works_with_missing_values_pruned_rows">
      <skipped message="Reason: On CRAN ('test-table_20.R:74:3')"/>
    </testcase>
  </testsuite>
  <testsuite name="table_32" timestamp="2023-09-07T07:47:27Z" hostname="857bb7e76df4" tests="12" skipped="3" failures="0" errors="0" time="0.817">
    <testcase time="0.0249999999999986" classname="table_32" name="Table_32_generation_works_with_default_values"/>
    <testcase time="0.0579999999999998" classname="table_32" name="Table_32_generation_works_with_default_values"/>
    <testcase time="0.139000000000003" classname="table_32" name="Table_32_generation_works_with_default_values"/>
    <testcase time="0.0479999999999947" classname="table_32" name="Table_32_generation_works_with_default_values">
      <skipped message="Reason: On CRAN ('test-table_32.R:8:3')"/>
    </testcase>
    <testcase time="0.0180000000000007" classname="table_32" name="Table_32_generation_works_with_custom_values"/>
    <testcase time="0.0590000000000046" classname="table_32" name="Table_32_generation_works_with_custom_values"/>
    <testcase time="0.164999999999999" classname="table_32" name="Table_32_generation_works_with_custom_values"/>
    <testcase time="0.0569999999999951" classname="table_32" name="Table_32_generation_works_with_custom_values">
      <skipped message="Reason: On CRAN ('test-table_32.R:30:3')"/>
    </testcase>
    <testcase time="0.0180000000000007" classname="table_32" name="Table_32_generation_works_with_pruned_rows"/>
    <testcase time="0.0570000000000022" classname="table_32" name="Table_32_generation_works_with_pruned_rows"/>
    <testcase time="0.137" classname="table_32" name="Table_32_generation_works_with_pruned_rows"/>
    <testcase time="0.0360000000000014" classname="table_32" name="Table_32_generation_works_with_pruned_rows">
      <skipped message="Reason: On CRAN ('test-table_32.R:37:3')"/>
    </testcase>
  </testsuite>
  <testsuite name="table_33" timestamp="2023-09-07T07:47:27Z" hostname="857bb7e76df4" tests="12" skipped="3" failures="0" errors="0" time="1.324">
    <testcase time="0.0229999999999961" classname="table_33" name="Table_33_generation_works_with_default_values"/>
    <testcase time="0.258000000000003" classname="table_33" name="Table_33_generation_works_with_default_values"/>
    <testcase time="0.109000000000002" classname="table_33" name="Table_33_generation_works_with_default_values"/>
    <testcase time="0.0349999999999966" classname="table_33" name="Table_33_generation_works_with_default_values">
      <skipped message="Reason: On CRAN ('test-table_33.R:8:3')"/>
    </testcase>
    <testcase time="0.0180000000000007" classname="table_33" name="Table_33_generation_works_with_custom_values"/>
    <testcase time="0.271000000000001" classname="table_33" name="Table_33_generation_works_with_custom_values"/>
    <testcase time="0.137999999999998" classname="table_33" name="Table_33_generation_works_with_custom_values"/>
    <testcase time="0.0429999999999993" classname="table_33" name="Table_33_generation_works_with_custom_values">
      <skipped message="Reason: On CRAN ('test-table_33.R:34:3')"/>
    </testcase>
    <testcase time="0.0190000000000055" classname="table_33" name="Table_33_generation_works_with_pruned_rows"/>
    <testcase time="0.266999999999996" classname="table_33" name="Table_33_generation_works_with_pruned_rows"/>
    <testcase time="0.113" classname="table_33" name="Table_33_generation_works_with_pruned_rows"/>
    <testcase time="0.0300000000000011" classname="table_33" name="Table_33_generation_works_with_pruned_rows">
      <skipped message="Reason: On CRAN ('test-table_33.R:42:3')"/>
    </testcase>
  </testsuite>
  <testsuite name="table_34" timestamp="2023-09-07T07:47:29Z" hostname="857bb7e76df4" tests="8" skipped="2" failures="0" errors="0" time="4.029">
    <testcase time="0.0279999999999987" classname="table_34" name="Table_34_generation_works_with_default_values"/>
    <testcase time="0.0470000000000041" classname="table_34" name="Table_34_generation_works_with_default_values"/>
    <testcase time="1.812" classname="table_34" name="Table_34_generation_works_with_default_values"/>
    <testcase time="0.219999999999999" classname="table_34" name="Table_34_generation_works_with_default_values">
      <skipped message="Reason: On CRAN ('test-table_34.R:17:3')"/>
    </testcase>
    <testcase time="0.0189999999999984" classname="table_34" name="Table_34_generation_works_with_custom_values"/>
    <testcase time="0.0419999999999945" classname="table_34" name="Table_34_generation_works_with_custom_values"/>
    <testcase time="1.773" classname="table_34" name="Table_34_generation_works_with_custom_values"/>
    <testcase time="0.088000000000001" classname="table_34" name="Table_34_generation_works_with_custom_values">
      <skipped message="Reason: On CRAN ('test-table_34.R:49:3')"/>
    </testcase>
  </testsuite>
</testsuites>
