<?xml version="1.0" encoding="UTF-8"?>
<testsuites>
  <testsuite name="table_02" timestamp="2023-08-23T20:56:05Z" hostname="8670f05aa094" tests="21" skipped="7" failures="0" errors="0" time="7.811">
    <testcase time="0.0759999999999996" classname="table_02" name="Table_02_generation_works_with_default_values"/>
    <testcase time="0.581" classname="table_02" name="Table_02_generation_works_with_default_values"/>
    <testcase time="0.255" classname="table_02" name="Table_02_generation_works_with_default_values">
      <skipped message="Reason: On CRAN ('test-table_02.R:16:3')"/>
    </testcase>
    <testcase time="0.0799999999999996" classname="table_02" name="Table_02_generation_works_with_custom_values"/>
    <testcase time="0.419" classname="table_02" name="Table_02_generation_works_with_custom_values"/>
    <testcase time="0.221" classname="table_02" name="Table_02_generation_works_with_custom_values">
      <skipped message="Reason: On CRAN ('test-table_02.R:45:3')"/>
    </testcase>
    <testcase time="0.0590000000000002" classname="table_02" name="Table_02_generation_works_with_some_NA_values"/>
    <testcase time="0.106999999999999" classname="table_02" name="Table_02_generation_works_with_some_NA_values"/>
    <testcase time="0.0490000000000004" classname="table_02" name="Table_02_generation_works_with_some_NA_values">
      <skipped message="Reason: On CRAN ('test-table_02.R:57:3')"/>
    </testcase>
    <testcase time="0.0179999999999998" classname="table_02" name="Table_02_generation_tplyr_works_with_default_values"/>
    <testcase time="1.9" classname="table_02" name="Table_02_generation_tplyr_works_with_default_values"/>
    <testcase time="0.0369999999999999" classname="table_02" name="Table_02_generation_tplyr_works_with_default_values">
      <skipped message="Reason: On CRAN ('test-table_02.R:66:3')"/>
    </testcase>
    <testcase time="0.0169999999999995" classname="table_02" name="Table_02_generation_tplyr_works_with_tplyr_raw_TRUE"/>
    <testcase time="1.231" classname="table_02" name="Table_02_generation_tplyr_works_with_tplyr_raw_TRUE"/>
    <testcase time="0.0240000000000009" classname="table_02" name="Table_02_generation_tplyr_works_with_tplyr_raw_TRUE">
      <skipped message="Reason: On CRAN ('test-table_02.R:75:3')"/>
    </testcase>
    <testcase time="0.0469999999999988" classname="table_02" name="Table_02_generation_tplyr_works_with_custom_values"/>
    <testcase time="1.848" classname="table_02" name="Table_02_generation_tplyr_works_with_custom_values"/>
    <testcase time="0.0250000000000004" classname="table_02" name="Table_02_generation_tplyr_works_with_custom_values">
      <skipped message="Reason: On CRAN ('test-table_02.R:102:3')"/>
    </testcase>
    <testcase time="0.0380000000000003" classname="table_02" name="Table_02_generation_tplyr_works_with_some_NA_values"/>
    <testcase time="0.754999999999999" classname="table_02" name="Table_02_generation_tplyr_works_with_some_NA_values"/>
    <testcase time="0.0240000000000009" classname="table_02" name="Table_02_generation_tplyr_works_with_some_NA_values">
      <skipped message="Reason: On CRAN ('test-table_02.R:119:3')"/>
    </testcase>
  </testsuite>
  <testsuite name="table_04" timestamp="2023-08-23T20:56:13Z" hostname="8670f05aa094" tests="12" skipped="2" failures="0" errors="0" time="0.956">
    <testcase time="0.0459999999999994" classname="table_04" name="Table_04_generation_works_with_default_values"/>
    <testcase time="0.000999999999999446" classname="table_04" name="Table_04_generation_works_with_default_values"/>
    <testcase time="0.00100000000000122" classname="table_04" name="Table_04_generation_works_with_default_values"/>
    <testcase time="0.000999999999999446" classname="table_04" name="Table_04_generation_works_with_default_values"/>
    <testcase time="0.375999999999999" classname="table_04" name="Table_04_generation_works_with_default_values"/>
    <testcase time="0.0920000000000005" classname="table_04" name="Table_04_generation_works_with_default_values">
      <skipped message="Reason: On CRAN ('test-table_04.R:30:3')"/>
    </testcase>
    <testcase time="0.016" classname="table_04" name="Table_04_generation_works_with_custom_values"/>
    <testcase time="0.00200000000000067" classname="table_04" name="Table_04_generation_works_with_custom_values"/>
    <testcase time="0.000999999999999446" classname="table_04" name="Table_04_generation_works_with_custom_values"/>
    <testcase time="0.000999999999999446" classname="table_04" name="Table_04_generation_works_with_custom_values"/>
    <testcase time="0.301" classname="table_04" name="Table_04_generation_works_with_custom_values"/>
    <testcase time="0.118" classname="table_04" name="Table_04_generation_works_with_custom_values">
      <skipped message="Reason: On CRAN ('test-table_04.R:53:3')"/>
    </testcase>
  </testsuite>
  <testsuite name="table_05" timestamp="2023-08-23T20:56:14Z" hostname="8670f05aa094" tests="9" skipped="3" failures="0" errors="0" time="1.119">
    <testcase time="0.189" classname="table_05" name="Table_05_generation_works_with_default_values"/>
    <testcase time="0.215999999999999" classname="table_05" name="Table_05_generation_works_with_default_values"/>
    <testcase time="0.0710000000000015" classname="table_05" name="Table_05_generation_works_with_default_values">
      <skipped message="Reason: On CRAN ('test-table_05.R:10:3')"/>
    </testcase>
    <testcase time="0.0259999999999998" classname="table_05" name="Table_05_generation_works_with_custom_values"/>
    <testcase time="0.247" classname="table_05" name="Table_05_generation_works_with_custom_values"/>
    <testcase time="0.0909999999999993" classname="table_05" name="Table_05_generation_works_with_custom_values">
      <skipped message="Reason: On CRAN ('test-table_05.R:34:3')"/>
    </testcase>
    <testcase time="0.0180000000000007" classname="table_05" name="Table_05_generation_works_with_NA_values_pruned_rows"/>
    <testcase time="0.192" classname="table_05" name="Table_05_generation_works_with_NA_values_pruned_rows"/>
    <testcase time="0.0689999999999991" classname="table_05" name="Table_05_generation_works_with_NA_values_pruned_rows">
      <skipped message="Reason: On CRAN ('test-table_05.R:44:3')"/>
    </testcase>
  </testsuite>
  <testsuite name="table_06" timestamp="2023-08-23T20:56:15Z" hostname="8670f05aa094" tests="10" skipped="2" failures="0" errors="0" time="1.289">
    <testcase time="0.0220000000000002" classname="table_06" name="Table_06_generation_works_with_default_values"/>
    <testcase time="0.00200000000000067" classname="table_06" name="Table_06_generation_works_with_default_values"/>
    <testcase time="0.0559999999999992" classname="table_06" name="Table_06_generation_works_with_default_values"/>
    <testcase time="0.401" classname="table_06" name="Table_06_generation_works_with_default_values"/>
    <testcase time="0.0899999999999999" classname="table_06" name="Table_06_generation_works_with_default_values">
      <skipped message="Reason: On CRAN ('test-table_06.R:8:3')"/>
    </testcase>
    <testcase time="0.0170000000000012" classname="table_06" name="Table_06_generation_works_with_custom_values"/>
    <testcase time="0.000999999999999446" classname="table_06" name="Table_06_generation_works_with_custom_values"/>
    <testcase time="0.0570000000000004" classname="table_06" name="Table_06_generation_works_with_custom_values"/>
    <testcase time="0.516999999999999" classname="table_06" name="Table_06_generation_works_with_custom_values"/>
    <testcase time="0.125999999999999" classname="table_06" name="Table_06_generation_works_with_custom_values">
      <skipped message="Reason: On CRAN ('test-table_06.R:40:3')"/>
    </testcase>
  </testsuite>
  <testsuite name="table_07" timestamp="2023-08-23T20:56:16Z" hostname="8670f05aa094" tests="18" skipped="3" failures="0" errors="0" time="1.675">
    <testcase time="0.0249999999999986" classname="table_07" name="Table_07_generation_works_with_default_values"/>
    <testcase time="0.00200000000000067" classname="table_07" name="Table_07_generation_works_with_default_values"/>
    <testcase time="0.000999999999999446" classname="table_07" name="Table_07_generation_works_with_default_values"/>
    <testcase time="0.0410000000000004" classname="table_07" name="Table_07_generation_works_with_default_values"/>
    <testcase time="0.338000000000001" classname="table_07" name="Table_07_generation_works_with_default_values"/>
    <testcase time="0.111000000000001" classname="table_07" name="Table_07_generation_works_with_default_values">
      <skipped message="Reason: On CRAN ('test-table_07.R:13:3')"/>
    </testcase>
    <testcase time="0.0169999999999995" classname="table_07" name="Table_07_generation_works_with_custom_values"/>
    <testcase time="0.000999999999999446" classname="table_07" name="Table_07_generation_works_with_custom_values"/>
    <testcase time="0.00200000000000067" classname="table_07" name="Table_07_generation_works_with_custom_values"/>
    <testcase time="0.0410000000000004" classname="table_07" name="Table_07_generation_works_with_custom_values"/>
    <testcase time="0.443999999999999" classname="table_07" name="Table_07_generation_works_with_custom_values"/>
    <testcase time="0.167" classname="table_07" name="Table_07_generation_works_with_custom_values">
      <skipped message="Reason: On CRAN ('test-table_07.R:42:3')"/>
    </testcase>
    <testcase time="0.0190000000000001" classname="table_07" name="Table_07_generation_works_with_NA_values_pruned_rows"/>
    <testcase time="0.00100000000000122" classname="table_07" name="Table_07_generation_works_with_NA_values_pruned_rows"/>
    <testcase time="0.00199999999999889" classname="table_07" name="Table_07_generation_works_with_NA_values_pruned_rows"/>
    <testcase time="0.0419999999999998" classname="table_07" name="Table_07_generation_works_with_NA_values_pruned_rows"/>
    <testcase time="0.295" classname="table_07" name="Table_07_generation_works_with_NA_values_pruned_rows"/>
    <testcase time="0.126000000000001" classname="table_07" name="Table_07_generation_works_with_NA_values_pruned_rows">
      <skipped message="Reason: On CRAN ('test-table_07.R:52:3')"/>
    </testcase>
  </testsuite>
  <testsuite name="table_08" timestamp="2023-08-23T20:56:18Z" hostname="8670f05aa094" tests="8" skipped="2" failures="0" errors="0" time="0.413">
    <testcase time="0.0229999999999997" classname="table_08" name="Table_08_generation_works_with_default_values"/>
    <testcase time="0.00199999999999889" classname="table_08" name="Table_08_generation_works_with_default_values"/>
    <testcase time="0.0440000000000005" classname="table_08" name="Table_08_generation_works_with_default_values"/>
    <testcase time="0.121" classname="table_08" name="Table_08_generation_works_with_default_values">
      <skipped message="Reason: On CRAN ('test-table_08.R:10:3')"/>
    </testcase>
    <testcase time="0.0169999999999995" classname="table_08" name="Table_08_generation_works_with_custom_values"/>
    <testcase time="0.00100000000000122" classname="table_08" name="Table_08_generation_works_with_custom_values"/>
    <testcase time="0.0410000000000004" classname="table_08" name="Table_08_generation_works_with_custom_values"/>
    <testcase time="0.163999999999998" classname="table_08" name="Table_08_generation_works_with_custom_values">
      <skipped message="Reason: On CRAN ('test-table_08.R:31:3')"/>
    </testcase>
  </testsuite>
  <testsuite name="table_09" timestamp="2023-08-23T20:56:18Z" hostname="8670f05aa094" tests="8" skipped="2" failures="0" errors="0" time="0.879">
    <testcase time="0.0210000000000008" classname="table_09" name="Table_09_generation_works_with_default_values"/>
    <testcase time="0.0410000000000004" classname="table_09" name="Table_09_generation_works_with_default_values"/>
    <testcase time="0.268999999999998" classname="table_09" name="Table_09_generation_works_with_default_values"/>
    <testcase time="0.0609999999999999" classname="table_09" name="Table_09_generation_works_with_default_values">
      <skipped message="Reason: On CRAN ('test-table_09.R:8:3')"/>
    </testcase>
    <testcase time="0.017000000000003" classname="table_09" name="Table_09_generation_works_with_custom_values"/>
    <testcase time="0.041999999999998" classname="table_09" name="Table_09_generation_works_with_custom_values"/>
    <testcase time="0.359999999999999" classname="table_09" name="Table_09_generation_works_with_custom_values"/>
    <testcase time="0.0680000000000014" classname="table_09" name="Table_09_generation_works_with_custom_values">
      <skipped message="Reason: On CRAN ('test-table_09.R:39:3')"/>
    </testcase>
  </testsuite>
  <testsuite name="table_10" timestamp="2023-08-23T20:56:19Z" hostname="8670f05aa094" tests="10" skipped="2" failures="0" errors="0" time="0.982">
    <testcase time="0.0279999999999987" classname="table_10" name="Table_10_generation_works_with_default_values"/>
    <testcase time="0.00100000000000122" classname="table_10" name="Table_10_generation_works_with_default_values"/>
    <testcase time="0.0440000000000005" classname="table_10" name="Table_10_generation_works_with_default_values"/>
    <testcase time="0.349999999999998" classname="table_10" name="Table_10_generation_works_with_default_values"/>
    <testcase time="0.109000000000002" classname="table_10" name="Table_10_generation_works_with_default_values">
      <skipped message="Reason: On CRAN ('test-table_10.R:17:3')"/>
    </testcase>
    <testcase time="0.0180000000000007" classname="table_10" name="Table_10_generation_works_with_custom_values"/>
    <testcase time="0.000999999999997669" classname="table_10" name="Table_10_generation_works_with_custom_values"/>
    <testcase time="0.0390000000000015" classname="table_10" name="Table_10_generation_works_with_custom_values"/>
    <testcase time="0.337" classname="table_10" name="Table_10_generation_works_with_custom_values"/>
    <testcase time="0.0549999999999997" classname="table_10" name="Table_10_generation_works_with_custom_values">
      <skipped message="Reason: On CRAN ('test-table_10.R:52:3')"/>
    </testcase>
  </testsuite>
  <testsuite name="table_11" timestamp="2023-08-23T20:56:20Z" hostname="8670f05aa094" tests="8" skipped="2" failures="0" errors="0" time="1.421">
    <testcase time="0.027000000000001" classname="table_11" name="Table_11_generation_works_with_default_values"/>
    <testcase time="0.0509999999999984" classname="table_11" name="Table_11_generation_works_with_default_values"/>
    <testcase time="0.550000000000001" classname="table_11" name="Table_11_generation_works_with_default_values"/>
    <testcase time="0.141999999999999" classname="table_11" name="Table_11_generation_works_with_default_values">
      <skipped message="Reason: On CRAN ('test-table_11.R:18:3')"/>
    </testcase>
    <testcase time="0.0169999999999995" classname="table_11" name="Table_11_generation_works_with_custom_values"/>
    <testcase time="0.0450000000000017" classname="table_11" name="Table_11_generation_works_with_custom_values"/>
    <testcase time="0.515000000000001" classname="table_11" name="Table_11_generation_works_with_custom_values"/>
    <testcase time="0.0739999999999981" classname="table_11" name="Table_11_generation_works_with_custom_values">
      <skipped message="Reason: On CRAN ('test-table_11.R:48:3')"/>
    </testcase>
  </testsuite>
  <testsuite name="table_12" timestamp="2023-08-23T20:56:21Z" hostname="8670f05aa094" tests="8" skipped="2" failures="0" errors="0" time="1.893">
    <testcase time="0.0250000000000021" classname="table_12" name="Table_12_generation_works_with_default_values"/>
    <testcase time="0.0519999999999996" classname="table_12" name="Table_12_generation_works_with_default_values"/>
    <testcase time="0.756999999999998" classname="table_12" name="Table_12_generation_works_with_default_values"/>
    <testcase time="0.107000000000003" classname="table_12" name="Table_12_generation_works_with_default_values">
      <skipped message="Reason: On CRAN ('test-table_12.R:9:3')"/>
    </testcase>
    <testcase time="0.0249999999999986" classname="table_12" name="Table_12_generation_works_with_custom_values"/>
    <testcase time="0.0569999999999986" classname="table_12" name="Table_12_generation_works_with_custom_values"/>
    <testcase time="0.763000000000002" classname="table_12" name="Table_12_generation_works_with_custom_values"/>
    <testcase time="0.106999999999999" classname="table_12" name="Table_12_generation_works_with_custom_values">
      <skipped message="Reason: On CRAN ('test-table_12.R:39:3')"/>
    </testcase>
  </testsuite>
  <testsuite name="table_13" timestamp="2023-08-23T20:56:23Z" hostname="8670f05aa094" tests="8" skipped="2" failures="0" errors="0" time="0.548">
    <testcase time="0.022000000000002" classname="table_13" name="Table_13_generation_works_with_default_values"/>
    <testcase time="0.0629999999999988" classname="table_13" name="Table_13_generation_works_with_default_values"/>
    <testcase time="0.113" classname="table_13" name="Table_13_generation_works_with_default_values"/>
    <testcase time="0.0940000000000012" classname="table_13" name="Table_13_generation_works_with_default_values">
      <skipped message="Reason: On CRAN ('test-table_13.R:8:3')"/>
    </testcase>
    <testcase time="0.0219999999999985" classname="table_13" name="Table_13_generation_works_with_custom_values"/>
    <testcase time="0.0519999999999996" classname="table_13" name="Table_13_generation_works_with_custom_values"/>
    <testcase time="0.132999999999999" classname="table_13" name="Table_13_generation_works_with_custom_values"/>
    <testcase time="0.0489999999999995" classname="table_13" name="Table_13_generation_works_with_custom_values">
      <skipped message="Reason: On CRAN ('test-table_13.R:38:3')"/>
    </testcase>
  </testsuite>
  <testsuite name="table_14" timestamp="2023-08-23T20:56:24Z" hostname="8670f05aa094" tests="10" skipped="3" failures="0" errors="0" time="2.179">
    <testcase time="0.032" classname="table_14" name="Table_14_generation_works_with_default_values"/>
    <testcase time="0.542000000000002" classname="table_14" name="Table_14_generation_works_with_default_values"/>
    <testcase time="0.137" classname="table_14" name="Table_14_generation_works_with_default_values">
      <skipped message="Reason: On CRAN ('test-table_14.R:16:3')"/>
    </testcase>
    <testcase time="0.0169999999999995" classname="table_14" name="Table_14_generation_works_with_custom_values"/>
    <testcase time="0.0509999999999984" classname="table_14" name="Table_14_generation_works_with_custom_values"/>
    <testcase time="0.573" classname="table_14" name="Table_14_generation_works_with_custom_values"/>
    <testcase time="0.135999999999999" classname="table_14" name="Table_14_generation_works_with_custom_values">
      <skipped message="Reason: On CRAN ('test-table_14.R:46:3')"/>
    </testcase>
    <testcase time="0.017000000000003" classname="table_14" name="Table_14_generation_works_with_NA_values_pruned_rows"/>
    <testcase time="0.552999999999997" classname="table_14" name="Table_14_generation_works_with_NA_values_pruned_rows"/>
    <testcase time="0.121000000000002" classname="table_14" name="Table_14_generation_works_with_NA_values_pruned_rows">
      <skipped message="Reason: On CRAN ('test-table_14.R:53:3')"/>
    </testcase>
  </testsuite>
  <testsuite name="table_20" timestamp="2023-08-23T20:56:26Z" hostname="8670f05aa094" tests="18" skipped="3" failures="0" errors="0" time="1.788">
    <testcase time="0.0269999999999975" classname="table_20" name="Table_20_generation_works_with_default_values"/>
    <testcase time="0.00100000000000122" classname="table_20" name="Table_20_generation_works_with_default_values"/>
    <testcase time="0.00100000000000122" classname="table_20" name="Table_20_generation_works_with_default_values"/>
    <testcase time="0.0449999999999982" classname="table_20" name="Table_20_generation_works_with_default_values"/>
    <testcase time="0.367000000000001" classname="table_20" name="Table_20_generation_works_with_default_values"/>
    <testcase time="0.0829999999999984" classname="table_20" name="Table_20_generation_works_with_default_values">
      <skipped message="Reason: On CRAN ('test-table_20.R:17:3')"/>
    </testcase>
    <testcase time="0.017000000000003" classname="table_20" name="Table_20_generation_works_with_custom_values"/>
    <testcase time="0.00199999999999889" classname="table_20" name="Table_20_generation_works_with_custom_values"/>
    <testcase time="0.00100000000000122" classname="table_20" name="Table_20_generation_works_with_custom_values"/>
    <testcase time="0.0449999999999982" classname="table_20" name="Table_20_generation_works_with_custom_values"/>
    <testcase time="0.561" classname="table_20" name="Table_20_generation_works_with_custom_values"/>
    <testcase time="0.123000000000001" classname="table_20" name="Table_20_generation_works_with_custom_values">
      <skipped message="Reason: On CRAN ('test-table_20.R:65:3')"/>
    </testcase>
    <testcase time="0.0180000000000007" classname="table_20" name="Table_20_generation_works_with_missing_values_pruned_rows"/>
    <testcase time="0.000999999999997669" classname="table_20" name="Table_20_generation_works_with_missing_values_pruned_rows"/>
    <testcase time="0.00200000000000244" classname="table_20" name="Table_20_generation_works_with_missing_values_pruned_rows"/>
    <testcase time="0.0459999999999994" classname="table_20" name="Table_20_generation_works_with_missing_values_pruned_rows"/>
    <testcase time="0.366" classname="table_20" name="Table_20_generation_works_with_missing_values_pruned_rows"/>
    <testcase time="0.0820000000000007" classname="table_20" name="Table_20_generation_works_with_missing_values_pruned_rows">
      <skipped message="Reason: On CRAN ('test-table_20.R:74:3')"/>
    </testcase>
  </testsuite>
  <testsuite name="table_32" timestamp="2023-08-23T20:56:28Z" hostname="8670f05aa094" tests="12" skipped="3" failures="0" errors="0" time="0.999">
    <testcase time="0.0239999999999974" classname="table_32" name="Table_32_generation_works_with_default_values"/>
    <testcase time="0.0560000000000009" classname="table_32" name="Table_32_generation_works_with_default_values"/>
    <testcase time="0.135000000000002" classname="table_32" name="Table_32_generation_works_with_default_values"/>
    <testcase time="0.0439999999999969" classname="table_32" name="Table_32_generation_works_with_default_values">
      <skipped message="Reason: On CRAN ('test-table_32.R:8:3')"/>
    </testcase>
    <testcase time="0.0180000000000007" classname="table_32" name="Table_32_generation_works_with_custom_values"/>
    <testcase time="0.318000000000001" classname="table_32" name="Table_32_generation_works_with_custom_values"/>
    <testcase time="0.129999999999999" classname="table_32" name="Table_32_generation_works_with_custom_values"/>
    <testcase time="0.0519999999999996" classname="table_32" name="Table_32_generation_works_with_custom_values">
      <skipped message="Reason: On CRAN ('test-table_32.R:30:3')"/>
    </testcase>
    <testcase time="0.0169999999999995" classname="table_32" name="Table_32_generation_works_with_pruned_rows"/>
    <testcase time="0.054000000000002" classname="table_32" name="Table_32_generation_works_with_pruned_rows"/>
    <testcase time="0.119" classname="table_32" name="Table_32_generation_works_with_pruned_rows"/>
    <testcase time="0.032" classname="table_32" name="Table_32_generation_works_with_pruned_rows">
      <skipped message="Reason: On CRAN ('test-table_32.R:37:3')"/>
    </testcase>
  </testsuite>
  <testsuite name="table_33" timestamp="2023-08-23T20:56:29Z" hostname="8670f05aa094" tests="12" skipped="3" failures="0" errors="0" time="1.157">
    <testcase time="0.0219999999999985" classname="table_33" name="Table_33_generation_works_with_default_values"/>
    <testcase time="0.232000000000003" classname="table_33" name="Table_33_generation_works_with_default_values"/>
    <testcase time="0.0879999999999974" classname="table_33" name="Table_33_generation_works_with_default_values"/>
    <testcase time="0.0410000000000004" classname="table_33" name="Table_33_generation_works_with_default_values">
      <skipped message="Reason: On CRAN ('test-table_33.R:8:3')"/>
    </testcase>
    <testcase time="0.0160000000000018" classname="table_33" name="Table_33_generation_works_with_custom_values"/>
    <testcase time="0.230999999999998" classname="table_33" name="Table_33_generation_works_with_custom_values"/>
    <testcase time="0.109999999999999" classname="table_33" name="Table_33_generation_works_with_custom_values"/>
    <testcase time="0.0410000000000004" classname="table_33" name="Table_33_generation_works_with_custom_values">
      <skipped message="Reason: On CRAN ('test-table_33.R:34:3')"/>
    </testcase>
    <testcase time="0.0180000000000007" classname="table_33" name="Table_33_generation_works_with_pruned_rows"/>
    <testcase time="0.233000000000001" classname="table_33" name="Table_33_generation_works_with_pruned_rows"/>
    <testcase time="0.0960000000000001" classname="table_33" name="Table_33_generation_works_with_pruned_rows"/>
    <testcase time="0.0289999999999999" classname="table_33" name="Table_33_generation_works_with_pruned_rows">
      <skipped message="Reason: On CRAN ('test-table_33.R:42:3')"/>
    </testcase>
  </testsuite>
  <testsuite name="table_34" timestamp="2023-08-23T20:56:30Z" hostname="8670f05aa094" tests="4" skipped="0" failures="0" errors="2" time="0.294">
    <testcase time="0.0609999999999999" classname="table_34" name="Table_34_generation_works_with_default_values"/>
    <testcase time="0.105" classname="table_34" name="Table_34_generation_works_with_default_values">
      <error type="error" message="&lt;vctrs_error_subscript_size/vctrs_error_subscript/rlang_error/error/condition&gt; ('test-table_34.R:12:3')">&lt;vctrs_error_subscript_size/vctrs_error_subscript/rlang_error/error/condition&gt;
Error in `adae[adae[[fmqsc_var]] == "NARROW", ]`: Can't subset rows with `adae[[fmqsc_var]] == "NARROW"`.
x Logical subscript `adae[[fmqsc_var]] == "NARROW"` must be size 1 or 786, not 0.
Backtrace:
     x
  1. +-falcon:::make_table_34(adae, adsl) at test-table_34.R:12:2
  2. | +-adae[adae[[fmqsc_var]] == "NARROW", ]
  3. | \-tibble:::`[.tbl_df`(adae, adae[[fmqsc_var]] == "NARROW", )
  4. |   \-tibble:::vectbl_as_row_index(i, x, i_arg)
  5. |     \-tibble:::vectbl_as_row_location(i, nr, i_arg, assign, call)
  6. |       +-tibble:::subclass_row_index_errors(...)
  7. |       | \-base::withCallingHandlers(...)
  8. |       \-vctrs::vec_as_location(...)
  9. \-vctrs (local) `&lt;fn&gt;`()
 10.   \-vctrs:::stop_indicator_size(...)
 11.     \-rlang::cnd_signal(...)</error>
    </testcase>
    <testcase time="0.0300000000000011" classname="table_34" name="Table_34_generation_works_with_custom_values"/>
    <testcase time="0.097999999999999" classname="table_34" name="Table_34_generation_works_with_custom_values">
      <error type="error" message="&lt;vctrs_error_subscript_size/vctrs_error_subscript/rlang_error/error/condition&gt; ('test-table_34.R:20:3')">&lt;vctrs_error_subscript_size/vctrs_error_subscript/rlang_error/error/condition&gt;
Error in `adae[adae[[fmqsc_var]] == "NARROW", ]`: Can't subset rows with `adae[[fmqsc_var]] == "NARROW"`.
x Logical subscript `adae[[fmqsc_var]] == "NARROW"` must be size 1 or 786, not 0.
Backtrace:
     x
  1. +-falcon:::make_table_34(...) at test-table_34.R:20:2
  2. | +-adae[adae[[fmqsc_var]] == "NARROW", ]
  3. | \-tibble:::`[.tbl_df`(adae, adae[[fmqsc_var]] == "NARROW", )
  4. |   \-tibble:::vectbl_as_row_index(i, x, i_arg)
  5. |     \-tibble:::vectbl_as_row_location(i, nr, i_arg, assign, call)
  6. |       +-tibble:::subclass_row_index_errors(...)
  7. |       | \-base::withCallingHandlers(...)
  8. |       \-vctrs::vec_as_location(...)
  9. \-vctrs (local) `&lt;fn&gt;`()
 10.   \-vctrs:::stop_indicator_size(...)
 11.     \-rlang::cnd_signal(...)</error>
    </testcase>
  </testsuite>
</testsuites>
