<?xml version="1.0" encoding="UTF-8"?>
<testsuites>
  <testsuite name="table_02" timestamp="2023-08-29T17:09:18Z" hostname="c6fc71c8f893" tests="21" skipped="7" failures="0" errors="0" time="8.46">
    <testcase time="0.0829999999999997" classname="table_02" name="Table_02_generation_works_with_default_values"/>
    <testcase time="0.658" classname="table_02" name="Table_02_generation_works_with_default_values"/>
    <testcase time="0.278" classname="table_02" name="Table_02_generation_works_with_default_values">
      <skipped message="Reason: On CRAN ('test-table_02.R:16:3')"/>
    </testcase>
    <testcase time="0.0860000000000003" classname="table_02" name="Table_02_generation_works_with_custom_values"/>
    <testcase time="0.465" classname="table_02" name="Table_02_generation_works_with_custom_values"/>
    <testcase time="0.245" classname="table_02" name="Table_02_generation_works_with_custom_values">
      <skipped message="Reason: On CRAN ('test-table_02.R:45:3')"/>
    </testcase>
    <testcase time="0.0640000000000001" classname="table_02" name="Table_02_generation_works_with_some_NA_values"/>
    <testcase time="0.113" classname="table_02" name="Table_02_generation_works_with_some_NA_values"/>
    <testcase time="0.0540000000000003" classname="table_02" name="Table_02_generation_works_with_some_NA_values">
      <skipped message="Reason: On CRAN ('test-table_02.R:57:3')"/>
    </testcase>
    <testcase time="0.0199999999999996" classname="table_02" name="Table_02_generation_tplyr_works_with_default_values"/>
    <testcase time="2.068" classname="table_02" name="Table_02_generation_tplyr_works_with_default_values"/>
    <testcase time="0.0389999999999997" classname="table_02" name="Table_02_generation_tplyr_works_with_default_values">
      <skipped message="Reason: On CRAN ('test-table_02.R:66:3')"/>
    </testcase>
    <testcase time="0.0179999999999998" classname="table_02" name="Table_02_generation_tplyr_works_with_tplyr_raw_TRUE"/>
    <testcase time="1.293" classname="table_02" name="Table_02_generation_tplyr_works_with_tplyr_raw_TRUE"/>
    <testcase time="0.0269999999999992" classname="table_02" name="Table_02_generation_tplyr_works_with_tplyr_raw_TRUE">
      <skipped message="Reason: On CRAN ('test-table_02.R:75:3')"/>
    </testcase>
    <testcase time="0.0510000000000002" classname="table_02" name="Table_02_generation_tplyr_works_with_custom_values"/>
    <testcase time="2.002" classname="table_02" name="Table_02_generation_tplyr_works_with_custom_values"/>
    <testcase time="0.0259999999999998" classname="table_02" name="Table_02_generation_tplyr_works_with_custom_values">
      <skipped message="Reason: On CRAN ('test-table_02.R:102:3')"/>
    </testcase>
    <testcase time="0.0419999999999998" classname="table_02" name="Table_02_generation_tplyr_works_with_some_NA_values"/>
    <testcase time="0.803000000000001" classname="table_02" name="Table_02_generation_tplyr_works_with_some_NA_values"/>
    <testcase time="0.0250000000000004" classname="table_02" name="Table_02_generation_tplyr_works_with_some_NA_values">
      <skipped message="Reason: On CRAN ('test-table_02.R:119:3')"/>
    </testcase>
  </testsuite>
  <testsuite name="table_04" timestamp="2023-08-29T17:09:26Z" hostname="c6fc71c8f893" tests="12" skipped="2" failures="0" errors="0" time="1.064">
    <testcase time="0.0510000000000002" classname="table_04" name="Table_04_generation_works_with_default_values"/>
    <testcase time="0.000999999999999446" classname="table_04" name="Table_04_generation_works_with_default_values"/>
    <testcase time="0.000999999999999446" classname="table_04" name="Table_04_generation_works_with_default_values"/>
    <testcase time="0.00200000000000067" classname="table_04" name="Table_04_generation_works_with_default_values"/>
    <testcase time="0.423" classname="table_04" name="Table_04_generation_works_with_default_values"/>
    <testcase time="0.105" classname="table_04" name="Table_04_generation_works_with_default_values">
      <skipped message="Reason: On CRAN ('test-table_04.R:30:3')"/>
    </testcase>
    <testcase time="0.0179999999999989" classname="table_04" name="Table_04_generation_works_with_custom_values"/>
    <testcase time="0.00200000000000067" classname="table_04" name="Table_04_generation_works_with_custom_values"/>
    <testcase time="0.000999999999999446" classname="table_04" name="Table_04_generation_works_with_custom_values"/>
    <testcase time="0.000999999999999446" classname="table_04" name="Table_04_generation_works_with_custom_values"/>
    <testcase time="0.334000000000001" classname="table_04" name="Table_04_generation_works_with_custom_values"/>
    <testcase time="0.125" classname="table_04" name="Table_04_generation_works_with_custom_values">
      <skipped message="Reason: On CRAN ('test-table_04.R:53:3')"/>
    </testcase>
  </testsuite>
  <testsuite name="table_05" timestamp="2023-08-29T17:09:27Z" hostname="c6fc71c8f893" tests="9" skipped="3" failures="0" errors="0" time="1.22">
    <testcase time="0.207999999999998" classname="table_05" name="Table_05_generation_works_with_default_values"/>
    <testcase time="0.233000000000001" classname="table_05" name="Table_05_generation_works_with_default_values"/>
    <testcase time="0.0809999999999995" classname="table_05" name="Table_05_generation_works_with_default_values">
      <skipped message="Reason: On CRAN ('test-table_05.R:10:3')"/>
    </testcase>
    <testcase time="0.0280000000000005" classname="table_05" name="Table_05_generation_works_with_custom_values"/>
    <testcase time="0.269" classname="table_05" name="Table_05_generation_works_with_custom_values"/>
    <testcase time="0.0969999999999995" classname="table_05" name="Table_05_generation_works_with_custom_values">
      <skipped message="Reason: On CRAN ('test-table_05.R:34:3')"/>
    </testcase>
    <testcase time="0.0200000000000014" classname="table_05" name="Table_05_generation_works_with_NA_values_pruned_rows"/>
    <testcase time="0.208" classname="table_05" name="Table_05_generation_works_with_NA_values_pruned_rows"/>
    <testcase time="0.0759999999999987" classname="table_05" name="Table_05_generation_works_with_NA_values_pruned_rows">
      <skipped message="Reason: On CRAN ('test-table_05.R:44:3')"/>
    </testcase>
  </testsuite>
  <testsuite name="table_06" timestamp="2023-08-29T17:09:28Z" hostname="c6fc71c8f893" tests="10" skipped="2" failures="0" errors="0" time="1.396">
    <testcase time="0.0229999999999997" classname="table_06" name="Table_06_generation_works_with_default_values"/>
    <testcase time="0.00200000000000067" classname="table_06" name="Table_06_generation_works_with_default_values"/>
    <testcase time="0.0619999999999994" classname="table_06" name="Table_06_generation_works_with_default_values"/>
    <testcase time="0.433" classname="table_06" name="Table_06_generation_works_with_default_values"/>
    <testcase time="0.0980000000000008" classname="table_06" name="Table_06_generation_works_with_default_values">
      <skipped message="Reason: On CRAN ('test-table_06.R:8:3')"/>
    </testcase>
    <testcase time="0.0190000000000001" classname="table_06" name="Table_06_generation_works_with_custom_values"/>
    <testcase time="0.000999999999999446" classname="table_06" name="Table_06_generation_works_with_custom_values"/>
    <testcase time="0.0620000000000012" classname="table_06" name="Table_06_generation_works_with_custom_values"/>
    <testcase time="0.555" classname="table_06" name="Table_06_generation_works_with_custom_values"/>
    <testcase time="0.141" classname="table_06" name="Table_06_generation_works_with_custom_values">
      <skipped message="Reason: On CRAN ('test-table_06.R:40:3')"/>
    </testcase>
  </testsuite>
  <testsuite name="table_07" timestamp="2023-08-29T17:09:30Z" hostname="c6fc71c8f893" tests="18" skipped="3" failures="0" errors="0" time="1.768">
    <testcase time="0.0269999999999992" classname="table_07" name="Table_07_generation_works_with_default_values"/>
    <testcase time="0.00200000000000067" classname="table_07" name="Table_07_generation_works_with_default_values"/>
    <testcase time="0.000999999999999446" classname="table_07" name="Table_07_generation_works_with_default_values"/>
    <testcase time="0.0449999999999999" classname="table_07" name="Table_07_generation_works_with_default_values"/>
    <testcase time="0.361000000000001" classname="table_07" name="Table_07_generation_works_with_default_values"/>
    <testcase time="0.120000000000001" classname="table_07" name="Table_07_generation_works_with_default_values">
      <skipped message="Reason: On CRAN ('test-table_07.R:13:3')"/>
    </testcase>
    <testcase time="0.0179999999999971" classname="table_07" name="Table_07_generation_works_with_custom_values"/>
    <testcase time="0.00200000000000244" classname="table_07" name="Table_07_generation_works_with_custom_values"/>
    <testcase time="0.000999999999997669" classname="table_07" name="Table_07_generation_works_with_custom_values"/>
    <testcase time="0.0450000000000017" classname="table_07" name="Table_07_generation_works_with_custom_values"/>
    <testcase time="0.475999999999999" classname="table_07" name="Table_07_generation_works_with_custom_values"/>
    <testcase time="0.164999999999999" classname="table_07" name="Table_07_generation_works_with_custom_values">
      <skipped message="Reason: On CRAN ('test-table_07.R:42:3')"/>
    </testcase>
    <testcase time="0.0180000000000007" classname="table_07" name="Table_07_generation_works_with_NA_values_pruned_rows"/>
    <testcase time="0.00200000000000244" classname="table_07" name="Table_07_generation_works_with_NA_values_pruned_rows"/>
    <testcase time="0.000999999999997669" classname="table_07" name="Table_07_generation_works_with_NA_values_pruned_rows"/>
    <testcase time="0.0440000000000005" classname="table_07" name="Table_07_generation_works_with_NA_values_pruned_rows"/>
    <testcase time="0.311" classname="table_07" name="Table_07_generation_works_with_NA_values_pruned_rows"/>
    <testcase time="0.129000000000001" classname="table_07" name="Table_07_generation_works_with_NA_values_pruned_rows">
      <skipped message="Reason: On CRAN ('test-table_07.R:52:3')"/>
    </testcase>
  </testsuite>
  <testsuite name="table_08" timestamp="2023-08-29T17:09:31Z" hostname="c6fc71c8f893" tests="8" skipped="2" failures="0" errors="0" time="0.435">
    <testcase time="0.0239999999999974" classname="table_08" name="Table_08_generation_works_with_default_values"/>
    <testcase time="0.00100000000000122" classname="table_08" name="Table_08_generation_works_with_default_values"/>
    <testcase time="0.0459999999999994" classname="table_08" name="Table_08_generation_works_with_default_values"/>
    <testcase time="0.130000000000003" classname="table_08" name="Table_08_generation_works_with_default_values">
      <skipped message="Reason: On CRAN ('test-table_08.R:10:3')"/>
    </testcase>
    <testcase time="0.0179999999999971" classname="table_08" name="Table_08_generation_works_with_custom_values"/>
    <testcase time="0.00100000000000122" classname="table_08" name="Table_08_generation_works_with_custom_values"/>
    <testcase time="0.0429999999999993" classname="table_08" name="Table_08_generation_works_with_custom_values"/>
    <testcase time="0.172000000000001" classname="table_08" name="Table_08_generation_works_with_custom_values">
      <skipped message="Reason: On CRAN ('test-table_08.R:31:3')"/>
    </testcase>
  </testsuite>
  <testsuite name="table_09" timestamp="2023-08-29T17:09:32Z" hostname="c6fc71c8f893" tests="8" skipped="2" failures="0" errors="0" time="0.928">
    <testcase time="0.0229999999999997" classname="table_09" name="Table_09_generation_works_with_default_values"/>
    <testcase time="0.0459999999999994" classname="table_09" name="Table_09_generation_works_with_default_values"/>
    <testcase time="0.283999999999999" classname="table_09" name="Table_09_generation_works_with_default_values"/>
    <testcase time="0.0650000000000013" classname="table_09" name="Table_09_generation_works_with_default_values">
      <skipped message="Reason: On CRAN ('test-table_09.R:8:3')"/>
    </testcase>
    <testcase time="0.0180000000000007" classname="table_09" name="Table_09_generation_works_with_custom_values"/>
    <testcase time="0.0459999999999994" classname="table_09" name="Table_09_generation_works_with_custom_values"/>
    <testcase time="0.370999999999999" classname="table_09" name="Table_09_generation_works_with_custom_values"/>
    <testcase time="0.0750000000000028" classname="table_09" name="Table_09_generation_works_with_custom_values">
      <skipped message="Reason: On CRAN ('test-table_09.R:39:3')"/>
    </testcase>
  </testsuite>
  <testsuite name="table_10" timestamp="2023-08-29T17:09:33Z" hostname="c6fc71c8f893" tests="10" skipped="2" failures="0" errors="0" time="1.045">
    <testcase time="0.0289999999999999" classname="table_10" name="Table_10_generation_works_with_default_values"/>
    <testcase time="0.00199999999999889" classname="table_10" name="Table_10_generation_works_with_default_values"/>
    <testcase time="0.0479999999999983" classname="table_10" name="Table_10_generation_works_with_default_values"/>
    <testcase time="0.374000000000002" classname="table_10" name="Table_10_generation_works_with_default_values"/>
    <testcase time="0.119999999999997" classname="table_10" name="Table_10_generation_works_with_default_values">
      <skipped message="Reason: On CRAN ('test-table_10.R:17:3')"/>
    </testcase>
    <testcase time="0.0190000000000019" classname="table_10" name="Table_10_generation_works_with_custom_values"/>
    <testcase time="0.00199999999999889" classname="table_10" name="Table_10_generation_works_with_custom_values"/>
    <testcase time="0.0410000000000004" classname="table_10" name="Table_10_generation_works_with_custom_values"/>
    <testcase time="0.350999999999999" classname="table_10" name="Table_10_generation_works_with_custom_values"/>
    <testcase time="0.0590000000000011" classname="table_10" name="Table_10_generation_works_with_custom_values">
      <skipped message="Reason: On CRAN ('test-table_10.R:52:3')"/>
    </testcase>
  </testsuite>
  <testsuite name="table_11" timestamp="2023-08-29T17:09:34Z" hostname="c6fc71c8f893" tests="8" skipped="2" failures="0" errors="0" time="1.516">
    <testcase time="0.0279999999999987" classname="table_11" name="Table_11_generation_works_with_default_values"/>
    <testcase time="0.0560000000000009" classname="table_11" name="Table_11_generation_works_with_default_values"/>
    <testcase time="0.586000000000002" classname="table_11" name="Table_11_generation_works_with_default_values"/>
    <testcase time="0.151" classname="table_11" name="Table_11_generation_works_with_default_values">
      <skipped message="Reason: On CRAN ('test-table_11.R:18:3')"/>
    </testcase>
    <testcase time="0.0179999999999971" classname="table_11" name="Table_11_generation_works_with_custom_values"/>
    <testcase time="0.0500000000000007" classname="table_11" name="Table_11_generation_works_with_custom_values"/>
    <testcase time="0.547000000000001" classname="table_11" name="Table_11_generation_works_with_custom_values"/>
    <testcase time="0.0800000000000018" classname="table_11" name="Table_11_generation_works_with_custom_values">
      <skipped message="Reason: On CRAN ('test-table_11.R:48:3')"/>
    </testcase>
  </testsuite>
  <testsuite name="table_12" timestamp="2023-08-29T17:09:35Z" hostname="c6fc71c8f893" tests="8" skipped="2" failures="0" errors="0" time="1.99">
    <testcase time="0.0259999999999998" classname="table_12" name="Table_12_generation_works_with_default_values"/>
    <testcase time="0.0569999999999986" classname="table_12" name="Table_12_generation_works_with_default_values"/>
    <testcase time="0.783000000000001" classname="table_12" name="Table_12_generation_works_with_default_values"/>
    <testcase time="0.116999999999997" classname="table_12" name="Table_12_generation_works_with_default_values">
      <skipped message="Reason: On CRAN ('test-table_12.R:9:3')"/>
    </testcase>
    <testcase time="0.0259999999999998" classname="table_12" name="Table_12_generation_works_with_custom_values"/>
    <testcase time="0.0620000000000012" classname="table_12" name="Table_12_generation_works_with_custom_values"/>
    <testcase time="0.804000000000002" classname="table_12" name="Table_12_generation_works_with_custom_values"/>
    <testcase time="0.114999999999998" classname="table_12" name="Table_12_generation_works_with_custom_values">
      <skipped message="Reason: On CRAN ('test-table_12.R:39:3')"/>
    </testcase>
  </testsuite>
  <testsuite name="table_13" timestamp="2023-08-29T17:09:37Z" hostname="c6fc71c8f893" tests="8" skipped="2" failures="0" errors="0" time="0.597">
    <testcase time="0.0240000000000009" classname="table_13" name="Table_13_generation_works_with_default_values"/>
    <testcase time="0.0659999999999989" classname="table_13" name="Table_13_generation_works_with_default_values"/>
    <testcase time="0.122" classname="table_13" name="Table_13_generation_works_with_default_values"/>
    <testcase time="0.102" classname="table_13" name="Table_13_generation_works_with_default_values">
      <skipped message="Reason: On CRAN ('test-table_13.R:8:3')"/>
    </testcase>
    <testcase time="0.0180000000000007" classname="table_13" name="Table_13_generation_works_with_custom_values"/>
    <testcase time="0.0560000000000009" classname="table_13" name="Table_13_generation_works_with_custom_values"/>
    <testcase time="0.143999999999998" classname="table_13" name="Table_13_generation_works_with_custom_values"/>
    <testcase time="0.0650000000000013" classname="table_13" name="Table_13_generation_works_with_custom_values">
      <skipped message="Reason: On CRAN ('test-table_13.R:38:3')"/>
    </testcase>
  </testsuite>
  <testsuite name="table_14" timestamp="2023-08-29T17:09:38Z" hostname="c6fc71c8f893" tests="10" skipped="3" failures="0" errors="0" time="2.288">
    <testcase time="0.032" classname="table_14" name="Table_14_generation_works_with_default_values"/>
    <testcase time="0.558" classname="table_14" name="Table_14_generation_works_with_default_values"/>
    <testcase time="0.145999999999997" classname="table_14" name="Table_14_generation_works_with_default_values">
      <skipped message="Reason: On CRAN ('test-table_14.R:16:3')"/>
    </testcase>
    <testcase time="0.0180000000000007" classname="table_14" name="Table_14_generation_works_with_custom_values"/>
    <testcase time="0.0670000000000002" classname="table_14" name="Table_14_generation_works_with_custom_values"/>
    <testcase time="0.585000000000001" classname="table_14" name="Table_14_generation_works_with_custom_values"/>
    <testcase time="0.169999999999998" classname="table_14" name="Table_14_generation_works_with_custom_values">
      <skipped message="Reason: On CRAN ('test-table_14.R:46:3')"/>
    </testcase>
    <testcase time="0.0180000000000007" classname="table_14" name="Table_14_generation_works_with_NA_values_pruned_rows"/>
    <testcase time="0.566000000000003" classname="table_14" name="Table_14_generation_works_with_NA_values_pruned_rows"/>
    <testcase time="0.128" classname="table_14" name="Table_14_generation_works_with_NA_values_pruned_rows">
      <skipped message="Reason: On CRAN ('test-table_14.R:53:3')"/>
    </testcase>
  </testsuite>
  <testsuite name="table_20" timestamp="2023-08-29T17:09:40Z" hostname="c6fc71c8f893" tests="18" skipped="3" failures="0" errors="0" time="2.06">
    <testcase time="0.0279999999999987" classname="table_20" name="Table_20_generation_works_with_default_values"/>
    <testcase time="0.00100000000000122" classname="table_20" name="Table_20_generation_works_with_default_values"/>
    <testcase time="0.000999999999997669" classname="table_20" name="Table_20_generation_works_with_default_values"/>
    <testcase time="0.0480000000000018" classname="table_20" name="Table_20_generation_works_with_default_values"/>
    <testcase time="0.375999999999998" classname="table_20" name="Table_20_generation_works_with_default_values"/>
    <testcase time="0.102" classname="table_20" name="Table_20_generation_works_with_default_values">
      <skipped message="Reason: On CRAN ('test-table_20.R:17:3')"/>
    </testcase>
    <testcase time="0.0169999999999995" classname="table_20" name="Table_20_generation_works_with_custom_values"/>
    <testcase time="0.00100000000000122" classname="table_20" name="Table_20_generation_works_with_custom_values"/>
    <testcase time="0.00199999999999889" classname="table_20" name="Table_20_generation_works_with_custom_values"/>
    <testcase time="0.0480000000000018" classname="table_20" name="Table_20_generation_works_with_custom_values"/>
    <testcase time="0.812000000000001" classname="table_20" name="Table_20_generation_works_with_custom_values"/>
    <testcase time="0.119999999999997" classname="table_20" name="Table_20_generation_works_with_custom_values">
      <skipped message="Reason: On CRAN ('test-table_20.R:65:3')"/>
    </testcase>
    <testcase time="0.0190000000000019" classname="table_20" name="Table_20_generation_works_with_missing_values_pruned_rows"/>
    <testcase time="0.000999999999997669" classname="table_20" name="Table_20_generation_works_with_missing_values_pruned_rows"/>
    <testcase time="0.00200000000000244" classname="table_20" name="Table_20_generation_works_with_missing_values_pruned_rows"/>
    <testcase time="0.0479999999999983" classname="table_20" name="Table_20_generation_works_with_missing_values_pruned_rows"/>
    <testcase time="0.345000000000002" classname="table_20" name="Table_20_generation_works_with_missing_values_pruned_rows"/>
    <testcase time="0.0889999999999986" classname="table_20" name="Table_20_generation_works_with_missing_values_pruned_rows">
      <skipped message="Reason: On CRAN ('test-table_20.R:74:3')"/>
    </testcase>
  </testsuite>
  <testsuite name="table_32" timestamp="2023-08-29T17:09:42Z" hostname="c6fc71c8f893" tests="12" skipped="3" failures="0" errors="0" time="0.753">
    <testcase time="0.0229999999999997" classname="table_32" name="Table_32_generation_works_with_default_values"/>
    <testcase time="0.0569999999999986" classname="table_32" name="Table_32_generation_works_with_default_values"/>
    <testcase time="0.116000000000003" classname="table_32" name="Table_32_generation_works_with_default_values"/>
    <testcase time="0.0459999999999994" classname="table_32" name="Table_32_generation_works_with_default_values">
      <skipped message="Reason: On CRAN ('test-table_32.R:8:3')"/>
    </testcase>
    <testcase time="0.0180000000000007" classname="table_32" name="Table_32_generation_works_with_custom_values"/>
    <testcase time="0.0629999999999988" classname="table_32" name="Table_32_generation_works_with_custom_values"/>
    <testcase time="0.140000000000001" classname="table_32" name="Table_32_generation_works_with_custom_values"/>
    <testcase time="0.0559999999999974" classname="table_32" name="Table_32_generation_works_with_custom_values">
      <skipped message="Reason: On CRAN ('test-table_32.R:30:3')"/>
    </testcase>
    <testcase time="0.0180000000000007" classname="table_32" name="Table_32_generation_works_with_pruned_rows"/>
    <testcase time="0.0650000000000013" classname="table_32" name="Table_32_generation_works_with_pruned_rows"/>
    <testcase time="0.117000000000001" classname="table_32" name="Table_32_generation_works_with_pruned_rows"/>
    <testcase time="0.0339999999999989" classname="table_32" name="Table_32_generation_works_with_pruned_rows">
      <skipped message="Reason: On CRAN ('test-table_32.R:37:3')"/>
    </testcase>
  </testsuite>
  <testsuite name="table_33" timestamp="2023-08-29T17:09:43Z" hostname="c6fc71c8f893" tests="12" skipped="3" failures="0" errors="0" time="1.271">
    <testcase time="0.0229999999999997" classname="table_33" name="Table_33_generation_works_with_default_values"/>
    <testcase time="0.260000000000002" classname="table_33" name="Table_33_generation_works_with_default_values"/>
    <testcase time="0.102999999999998" classname="table_33" name="Table_33_generation_works_with_default_values"/>
    <testcase time="0.0339999999999989" classname="table_33" name="Table_33_generation_works_with_default_values">
      <skipped message="Reason: On CRAN ('test-table_33.R:8:3')"/>
    </testcase>
    <testcase time="0.0180000000000007" classname="table_33" name="Table_33_generation_works_with_custom_values"/>
    <testcase time="0.260999999999999" classname="table_33" name="Table_33_generation_works_with_custom_values"/>
    <testcase time="0.116000000000003" classname="table_33" name="Table_33_generation_works_with_custom_values"/>
    <testcase time="0.041999999999998" classname="table_33" name="Table_33_generation_works_with_custom_values">
      <skipped message="Reason: On CRAN ('test-table_33.R:34:3')"/>
    </testcase>
    <testcase time="0.0169999999999995" classname="table_33" name="Table_33_generation_works_with_pruned_rows"/>
    <testcase time="0.265999999999998" classname="table_33" name="Table_33_generation_works_with_pruned_rows"/>
    <testcase time="0.100000000000001" classname="table_33" name="Table_33_generation_works_with_pruned_rows"/>
    <testcase time="0.0309999999999988" classname="table_33" name="Table_33_generation_works_with_pruned_rows">
      <skipped message="Reason: On CRAN ('test-table_33.R:42:3')"/>
    </testcase>
  </testsuite>
  <testsuite name="table_34" timestamp="2023-08-29T17:09:44Z" hostname="c6fc71c8f893" tests="8" skipped="2" failures="0" errors="0" time="3.706">
    <testcase time="0.027000000000001" classname="table_34" name="Table_34_generation_works_with_default_values"/>
    <testcase time="0.0459999999999994" classname="table_34" name="Table_34_generation_works_with_default_values"/>
    <testcase time="1.649" classname="table_34" name="Table_34_generation_works_with_default_values"/>
    <testcase time="0.215000000000003" classname="table_34" name="Table_34_generation_works_with_default_values">
      <skipped message="Reason: On CRAN ('test-table_34.R:17:3')"/>
    </testcase>
    <testcase time="0.0189999999999984" classname="table_34" name="Table_34_generation_works_with_custom_values"/>
    <testcase time="0.0409999999999968" classname="table_34" name="Table_34_generation_works_with_custom_values"/>
    <testcase time="1.619" classname="table_34" name="Table_34_generation_works_with_custom_values"/>
    <testcase time="0.0900000000000034" classname="table_34" name="Table_34_generation_works_with_custom_values">
      <skipped message="Reason: On CRAN ('test-table_34.R:49:3')"/>
    </testcase>
  </testsuite>
</testsuites>
