<?xml version="1.0" encoding="UTF-8"?>
<testsuites>
  <testsuite name="table_02" timestamp="2023-10-02T14:55:18Z" hostname="d061eb0e1a21" tests="30" skipped="10" failures="0" errors="0" time="14.138">
    <testcase time="0.0800000000000001" classname="table_02" name="Table_02_generation_works_with_default_values"/>
    <testcase time="0.462" classname="table_02" name="Table_02_generation_works_with_default_values"/>
    <testcase time="0.226" classname="table_02" name="Table_02_generation_works_with_default_values">
      <skipped message="Reason: On CRAN ('test-table_02.R:16:3')"/>
    </testcase>
    <testcase time="0.0749999999999997" classname="table_02" name="Table_02_generation_works_with_custom_values"/>
    <testcase time="0.376" classname="table_02" name="Table_02_generation_works_with_custom_values"/>
    <testcase time="0.222" classname="table_02" name="Table_02_generation_works_with_custom_values">
      <skipped message="Reason: On CRAN ('test-table_02.R:45:3')"/>
    </testcase>
    <testcase time="0.0549999999999997" classname="table_02" name="Table_02_generation_works_with_some_NA_values"/>
    <testcase time="0.100000000000001" classname="table_02" name="Table_02_generation_works_with_some_NA_values"/>
    <testcase time="0.0459999999999994" classname="table_02" name="Table_02_generation_works_with_some_NA_values">
      <skipped message="Reason: On CRAN ('test-table_02.R:57:3')"/>
    </testcase>
    <testcase time="0.0170000000000003" classname="table_02" name="Table_02_generation_tplyr_works_with_default_values"/>
    <testcase time="1.8" classname="table_02" name="Table_02_generation_tplyr_works_with_default_values"/>
    <testcase time="0.0330000000000004" classname="table_02" name="Table_02_generation_tplyr_works_with_default_values">
      <skipped message="Reason: On CRAN ('test-table_02.R:66:3')"/>
    </testcase>
    <testcase time="0.016" classname="table_02" name="Table_02_generation_tplyr_works_with_tplyr_raw_TRUE"/>
    <testcase time="1.115" classname="table_02" name="Table_02_generation_tplyr_works_with_tplyr_raw_TRUE"/>
    <testcase time="0.0289999999999999" classname="table_02" name="Table_02_generation_tplyr_works_with_tplyr_raw_TRUE">
      <skipped message="Reason: On CRAN ('test-table_02.R:75:3')"/>
    </testcase>
    <testcase time="0.0429999999999993" classname="table_02" name="Table_02_generation_tplyr_works_with_custom_values"/>
    <testcase time="1.718" classname="table_02" name="Table_02_generation_tplyr_works_with_custom_values"/>
    <testcase time="0.0220000000000002" classname="table_02" name="Table_02_generation_tplyr_works_with_custom_values">
      <skipped message="Reason: On CRAN ('test-table_02.R:102:3')"/>
    </testcase>
    <testcase time="0.0359999999999996" classname="table_02" name="Table_02_generation_tplyr_works_with_some_NA_values"/>
    <testcase time="0.696000000000002" classname="table_02" name="Table_02_generation_tplyr_works_with_some_NA_values"/>
    <testcase time="0.0219999999999985" classname="table_02" name="Table_02_generation_tplyr_works_with_some_NA_values">
      <skipped message="Reason: On CRAN ('test-table_02.R:119:3')"/>
    </testcase>
    <testcase time="0.0150000000000006" classname="table_02" name="Table_02_generation_gtsum_works_with_default_values"/>
    <testcase time="2.801" classname="table_02" name="Table_02_generation_gtsum_works_with_default_values"/>
    <testcase time="0.0129999999999999" classname="table_02" name="Table_02_generation_gtsum_works_with_default_values">
      <skipped message="Reason: On CRAN ('test-table_02.R:128:3')"/>
    </testcase>
    <testcase time="0.0449999999999999" classname="table_02" name="Table_02_generation_gtsum_works_with_custom_values"/>
    <testcase time="3.138" classname="table_02" name="Table_02_generation_gtsum_works_with_custom_values"/>
    <testcase time="0.0120000000000005" classname="table_02" name="Table_02_generation_gtsum_works_with_custom_values">
      <skipped message="Reason: On CRAN ('test-table_02.R:146:3')"/>
    </testcase>
    <testcase time="0.0360000000000014" classname="table_02" name="Table_02_generation_gtsum_works_with_some_NA_values"/>
    <testcase time="0.882999999999999" classname="table_02" name="Table_02_generation_gtsum_works_with_some_NA_values"/>
    <testcase time="0.00600000000000023" classname="table_02" name="Table_02_generation_gtsum_works_with_some_NA_values">
      <skipped message="Reason: On CRAN ('test-table_02.R:163:3')"/>
    </testcase>
  </testsuite>
  <testsuite name="table_04" timestamp="2023-10-02T14:55:32Z" hostname="d061eb0e1a21" tests="12" skipped="2" failures="0" errors="0" time="0.945">
    <testcase time="0.0350000000000001" classname="table_04" name="Table_04_generation_works_with_default_values"/>
    <testcase time="0.000999999999997669" classname="table_04" name="Table_04_generation_works_with_default_values"/>
    <testcase time="0.00100000000000122" classname="table_04" name="Table_04_generation_works_with_default_values"/>
    <testcase time="0.00100000000000122" classname="table_04" name="Table_04_generation_works_with_default_values"/>
    <testcase time="0.401" classname="table_04" name="Table_04_generation_works_with_default_values"/>
    <testcase time="0.0889999999999986" classname="table_04" name="Table_04_generation_works_with_default_values">
      <skipped message="Reason: On CRAN ('test-table_04.R:18:3')"/>
    </testcase>
    <testcase time="0.0160000000000018" classname="table_04" name="Table_04_generation_works_with_custom_values"/>
    <testcase time="0.000999999999997669" classname="table_04" name="Table_04_generation_works_with_custom_values"/>
    <testcase time="0.00100000000000122" classname="table_04" name="Table_04_generation_works_with_custom_values"/>
    <testcase time="0.00100000000000122" classname="table_04" name="Table_04_generation_works_with_custom_values"/>
    <testcase time="0.325999999999997" classname="table_04" name="Table_04_generation_works_with_custom_values"/>
    <testcase time="0.0720000000000027" classname="table_04" name="Table_04_generation_works_with_custom_values">
      <skipped message="Reason: On CRAN ('test-table_04.R:44:3')"/>
    </testcase>
  </testsuite>
  <testsuite name="table_05" timestamp="2023-10-02T14:55:33Z" hostname="d061eb0e1a21" tests="12" skipped="4" failures="0" errors="0" time="1.439">
    <testcase time="0.183999999999997" classname="table_05" name="Table_05_generation_works_with_default_values"/>
    <testcase time="0.217000000000002" classname="table_05" name="Table_05_generation_works_with_default_values"/>
    <testcase time="0.0649999999999977" classname="table_05" name="Table_05_generation_works_with_default_values">
      <skipped message="Reason: On CRAN ('test-table_05.R:10:3')"/>
    </testcase>
    <testcase time="0.0160000000000018" classname="table_05" name="Table_05_generation_works_with_custom_values"/>
    <testcase time="0.276" classname="table_05" name="Table_05_generation_works_with_custom_values"/>
    <testcase time="0.0859999999999985" classname="table_05" name="Table_05_generation_works_with_custom_values">
      <skipped message="Reason: On CRAN ('test-table_05.R:34:3')"/>
    </testcase>
    <testcase time="0.017000000000003" classname="table_05" name="Table_05_generation_works_with_NA_values_pruned_rows"/>
    <testcase time="0.187999999999999" classname="table_05" name="Table_05_generation_works_with_NA_values_pruned_rows"/>
    <testcase time="0.0640000000000001" classname="table_05" name="Table_05_generation_works_with_NA_values_pruned_rows">
      <skipped message="Reason: On CRAN ('test-table_05.R:44:3')"/>
    </testcase>
    <testcase time="0.0150000000000006" classname="table_05" name="Table_05_generation_works_with_risk_difference_column"/>
    <testcase time="0.227" classname="table_05" name="Table_05_generation_works_with_risk_difference_column"/>
    <testcase time="0.0839999999999996" classname="table_05" name="Table_05_generation_works_with_risk_difference_column">
      <skipped message="Reason: On CRAN ('test-table_05.R:57:3')"/>
    </testcase>
  </testsuite>
  <testsuite name="table_06" timestamp="2023-10-02T14:55:34Z" hostname="d061eb0e1a21" tests="15" skipped="3" failures="0" errors="0" time="2.071">
    <testcase time="0.0209999999999972" classname="table_06" name="Table_06_generation_works_with_default_values"/>
    <testcase time="0.00100000000000122" classname="table_06" name="Table_06_generation_works_with_default_values"/>
    <testcase time="0.0569999999999986" classname="table_06" name="Table_06_generation_works_with_default_values"/>
    <testcase time="0.431000000000001" classname="table_06" name="Table_06_generation_works_with_default_values"/>
    <testcase time="0.088000000000001" classname="table_06" name="Table_06_generation_works_with_default_values">
      <skipped message="Reason: On CRAN ('test-table_06.R:8:3')"/>
    </testcase>
    <testcase time="0.0239999999999974" classname="table_06" name="Table_06_generation_works_with_custom_values"/>
    <testcase time="0.00100000000000122" classname="table_06" name="Table_06_generation_works_with_custom_values"/>
    <testcase time="0.0530000000000008" classname="table_06" name="Table_06_generation_works_with_custom_values"/>
    <testcase time="0.542999999999999" classname="table_06" name="Table_06_generation_works_with_custom_values"/>
    <testcase time="0.129999999999999" classname="table_06" name="Table_06_generation_works_with_custom_values">
      <skipped message="Reason: On CRAN ('test-table_06.R:40:3')"/>
    </testcase>
    <testcase time="0.0160000000000018" classname="table_06" name="Table_06_generation_works_with_risk_difference_column"/>
    <testcase time="0.000999999999997669" classname="table_06" name="Table_06_generation_works_with_risk_difference_column"/>
    <testcase time="0.0530000000000008" classname="table_06" name="Table_06_generation_works_with_risk_difference_column"/>
    <testcase time="0.541" classname="table_06" name="Table_06_generation_works_with_risk_difference_column"/>
    <testcase time="0.111000000000001" classname="table_06" name="Table_06_generation_works_with_risk_difference_column">
      <skipped message="Reason: On CRAN ('test-table_06.R:48:3')"/>
    </testcase>
  </testsuite>
  <testsuite name="table_07" timestamp="2023-10-02T14:55:36Z" hostname="d061eb0e1a21" tests="24" skipped="4" failures="0" errors="0" time="2.201">
    <testcase time="0.0240000000000009" classname="table_07" name="Table_07_generation_works_with_default_values"/>
    <testcase time="0.000999999999997669" classname="table_07" name="Table_07_generation_works_with_default_values"/>
    <testcase time="0.00100000000000122" classname="table_07" name="Table_07_generation_works_with_default_values"/>
    <testcase time="0.0380000000000003" classname="table_07" name="Table_07_generation_works_with_default_values"/>
    <testcase time="0.341999999999999" classname="table_07" name="Table_07_generation_works_with_default_values"/>
    <testcase time="0.105" classname="table_07" name="Table_07_generation_works_with_default_values">
      <skipped message="Reason: On CRAN ('test-table_07.R:13:3')"/>
    </testcase>
    <testcase time="0.0160000000000018" classname="table_07" name="Table_07_generation_works_with_custom_values"/>
    <testcase time="0.000999999999997669" classname="table_07" name="Table_07_generation_works_with_custom_values"/>
    <testcase time="0.00100000000000122" classname="table_07" name="Table_07_generation_works_with_custom_values"/>
    <testcase time="0.0390000000000015" classname="table_07" name="Table_07_generation_works_with_custom_values"/>
    <testcase time="0.434999999999999" classname="table_07" name="Table_07_generation_works_with_custom_values"/>
    <testcase time="0.143000000000001" classname="table_07" name="Table_07_generation_works_with_custom_values">
      <skipped message="Reason: On CRAN ('test-table_07.R:42:3')"/>
    </testcase>
    <testcase time="0.0159999999999982" classname="table_07" name="Table_07_generation_works_with_NA_values_pruned_rows"/>
    <testcase time="0.00200000000000244" classname="table_07" name="Table_07_generation_works_with_NA_values_pruned_rows"/>
    <testcase time="0.000999999999997669" classname="table_07" name="Table_07_generation_works_with_NA_values_pruned_rows"/>
    <testcase time="0.0390000000000015" classname="table_07" name="Table_07_generation_works_with_NA_values_pruned_rows"/>
    <testcase time="0.309999999999999" classname="table_07" name="Table_07_generation_works_with_NA_values_pruned_rows"/>
    <testcase time="0.123000000000001" classname="table_07" name="Table_07_generation_works_with_NA_values_pruned_rows">
      <skipped message="Reason: On CRAN ('test-table_07.R:52:3')"/>
    </testcase>
    <testcase time="0.0169999999999995" classname="table_07" name="Table_07_generation_works_with_risk_difference_column"/>
    <testcase time="0.00100000000000122" classname="table_07" name="Table_07_generation_works_with_risk_difference_column"/>
    <testcase time="0.000999999999997669" classname="table_07" name="Table_07_generation_works_with_risk_difference_column"/>
    <testcase time="0.0390000000000015" classname="table_07" name="Table_07_generation_works_with_risk_difference_column"/>
    <testcase time="0.384" classname="table_07" name="Table_07_generation_works_with_risk_difference_column"/>
    <testcase time="0.122" classname="table_07" name="Table_07_generation_works_with_risk_difference_column">
      <skipped message="Reason: On CRAN ('test-table_07.R:65:3')"/>
    </testcase>
  </testsuite>
  <testsuite name="table_08" timestamp="2023-10-02T14:55:39Z" hostname="d061eb0e1a21" tests="8" skipped="2" failures="0" errors="0" time="0.394">
    <testcase time="0.0210000000000008" classname="table_08" name="Table_08_generation_works_with_default_values"/>
    <testcase time="0.000999999999997669" classname="table_08" name="Table_08_generation_works_with_default_values"/>
    <testcase time="0.0560000000000009" classname="table_08" name="Table_08_generation_works_with_default_values"/>
    <testcase time="0.105" classname="table_08" name="Table_08_generation_works_with_default_values">
      <skipped message="Reason: On CRAN ('test-table_08.R:10:3')"/>
    </testcase>
    <testcase time="0.0159999999999982" classname="table_08" name="Table_08_generation_works_with_custom_values"/>
    <testcase time="0.00200000000000244" classname="table_08" name="Table_08_generation_works_with_custom_values"/>
    <testcase time="0.0499999999999972" classname="table_08" name="Table_08_generation_works_with_custom_values"/>
    <testcase time="0.143000000000001" classname="table_08" name="Table_08_generation_works_with_custom_values">
      <skipped message="Reason: On CRAN ('test-table_08.R:31:3')"/>
    </testcase>
  </testsuite>
  <testsuite name="table_09" timestamp="2023-10-02T14:55:39Z" hostname="d061eb0e1a21" tests="12" skipped="3" failures="0" errors="0" time="1.404">
    <testcase time="0.0199999999999996" classname="table_09" name="Table_09_generation_works_with_default_values"/>
    <testcase time="0.0480000000000018" classname="table_09" name="Table_09_generation_works_with_default_values"/>
    <testcase time="0.283000000000001" classname="table_09" name="Table_09_generation_works_with_default_values"/>
    <testcase time="0.0589999999999975" classname="table_09" name="Table_09_generation_works_with_default_values">
      <skipped message="Reason: On CRAN ('test-table_09.R:8:3')"/>
    </testcase>
    <testcase time="0.0160000000000018" classname="table_09" name="Table_09_generation_works_with_custom_values"/>
    <testcase time="0.0479999999999983" classname="table_09" name="Table_09_generation_works_with_custom_values"/>
    <testcase time="0.347000000000001" classname="table_09" name="Table_09_generation_works_with_custom_values"/>
    <testcase time="0.0749999999999993" classname="table_09" name="Table_09_generation_works_with_custom_values">
      <skipped message="Reason: On CRAN ('test-table_09.R:39:3')"/>
    </testcase>
    <testcase time="0.0160000000000018" classname="table_09" name="Table_09_generation_works_with_risk_difference_column"/>
    <testcase time="0.0389999999999979" classname="table_09" name="Table_09_generation_works_with_risk_difference_column"/>
    <testcase time="0.387" classname="table_09" name="Table_09_generation_works_with_risk_difference_column"/>
    <testcase time="0.0659999999999989" classname="table_09" name="Table_09_generation_works_with_risk_difference_column">
      <skipped message="Reason: On CRAN ('test-table_09.R:47:3')"/>
    </testcase>
  </testsuite>
  <testsuite name="table_10" timestamp="2023-10-02T14:55:40Z" hostname="d061eb0e1a21" tests="15" skipped="3" failures="0" errors="0" time="1.756">
    <testcase time="0.0259999999999998" classname="table_10" name="Table_10_generation_works_with_default_values"/>
    <testcase time="0.00200000000000244" classname="table_10" name="Table_10_generation_works_with_default_values"/>
    <testcase time="0.0410000000000004" classname="table_10" name="Table_10_generation_works_with_default_values"/>
    <testcase time="0.564999999999998" classname="table_10" name="Table_10_generation_works_with_default_values"/>
    <testcase time="0.109000000000002" classname="table_10" name="Table_10_generation_works_with_default_values">
      <skipped message="Reason: On CRAN ('test-table_10.R:17:3')"/>
    </testcase>
    <testcase time="0.0150000000000006" classname="table_10" name="Table_10_generation_works_with_custom_values"/>
    <testcase time="0.00199999999999889" classname="table_10" name="Table_10_generation_works_with_custom_values"/>
    <testcase time="0.0350000000000001" classname="table_10" name="Table_10_generation_works_with_custom_values"/>
    <testcase time="0.315999999999999" classname="table_10" name="Table_10_generation_works_with_custom_values"/>
    <testcase time="0.0560000000000009" classname="table_10" name="Table_10_generation_works_with_custom_values">
      <skipped message="Reason: On CRAN ('test-table_10.R:52:3')"/>
    </testcase>
    <testcase time="0.0150000000000006" classname="table_10" name="Table_10_generation_works_with_risk_difference_column"/>
    <testcase time="0.000999999999997669" classname="table_10" name="Table_10_generation_works_with_risk_difference_column"/>
    <testcase time="0.0399999999999991" classname="table_10" name="Table_10_generation_works_with_risk_difference_column"/>
    <testcase time="0.411000000000001" classname="table_10" name="Table_10_generation_works_with_risk_difference_column"/>
    <testcase time="0.122" classname="table_10" name="Table_10_generation_works_with_risk_difference_column">
      <skipped message="Reason: On CRAN ('test-table_10.R:60:3')"/>
    </testcase>
  </testsuite>
  <testsuite name="table_11" timestamp="2023-10-02T14:55:42Z" hostname="d061eb0e1a21" tests="12" skipped="3" failures="0" errors="0" time="2.32">
    <testcase time="0.0249999999999986" classname="table_11" name="Table_11_generation_works_with_default_values"/>
    <testcase time="0.0480000000000018" classname="table_11" name="Table_11_generation_works_with_default_values"/>
    <testcase time="0.565999999999999" classname="table_11" name="Table_11_generation_works_with_default_values"/>
    <testcase time="0.123000000000001" classname="table_11" name="Table_11_generation_works_with_default_values">
      <skipped message="Reason: On CRAN ('test-table_11.R:18:3')"/>
    </testcase>
    <testcase time="0.0210000000000008" classname="table_11" name="Table_11_generation_works_with_custom_values"/>
    <testcase time="0.041999999999998" classname="table_11" name="Table_11_generation_works_with_custom_values"/>
    <testcase time="0.513999999999999" classname="table_11" name="Table_11_generation_works_with_custom_values"/>
    <testcase time="0.0640000000000001" classname="table_11" name="Table_11_generation_works_with_custom_values">
      <skipped message="Reason: On CRAN ('test-table_11.R:48:3')"/>
    </testcase>
    <testcase time="0.0150000000000006" classname="table_11" name="Table_11_generation_works_with_risk_difference_column"/>
    <testcase time="0.0489999999999995" classname="table_11" name="Table_11_generation_works_with_risk_difference_column"/>
    <testcase time="0.710000000000001" classname="table_11" name="Table_11_generation_works_with_risk_difference_column"/>
    <testcase time="0.143000000000001" classname="table_11" name="Table_11_generation_works_with_risk_difference_column">
      <skipped message="Reason: On CRAN ('test-table_11.R:56:3')"/>
    </testcase>
  </testsuite>
  <testsuite name="table_12" timestamp="2023-10-02T14:55:45Z" hostname="d061eb0e1a21" tests="12" skipped="3" failures="0" errors="0" time="2.999">
    <testcase time="0.0199999999999996" classname="table_12" name="Table_12_generation_works_with_default_values"/>
    <testcase time="0.0500000000000007" classname="table_12" name="Table_12_generation_works_with_default_values"/>
    <testcase time="0.765999999999998" classname="table_12" name="Table_12_generation_works_with_default_values"/>
    <testcase time="0.0990000000000002" classname="table_12" name="Table_12_generation_works_with_default_values">
      <skipped message="Reason: On CRAN ('test-table_12.R:9:3')"/>
    </testcase>
    <testcase time="0.0160000000000018" classname="table_12" name="Table_12_generation_works_with_custom_values"/>
    <testcase time="0.0579999999999998" classname="table_12" name="Table_12_generation_works_with_custom_values"/>
    <testcase time="0.747" classname="table_12" name="Table_12_generation_works_with_custom_values"/>
    <testcase time="0.105999999999998" classname="table_12" name="Table_12_generation_works_with_custom_values">
      <skipped message="Reason: On CRAN ('test-table_12.R:39:3')"/>
    </testcase>
    <testcase time="0.0160000000000018" classname="table_12" name="Table_12_generation_works_with_risk_difference_column"/>
    <testcase time="0.0500000000000007" classname="table_12" name="Table_12_generation_works_with_risk_difference_column"/>
    <testcase time="0.949999999999996" classname="table_12" name="Table_12_generation_works_with_risk_difference_column"/>
    <testcase time="0.121000000000002" classname="table_12" name="Table_12_generation_works_with_risk_difference_column">
      <skipped message="Reason: On CRAN ('test-table_12.R:47:3')"/>
    </testcase>
  </testsuite>
  <testsuite name="table_13" timestamp="2023-10-02T14:55:48Z" hostname="d061eb0e1a21" tests="12" skipped="3" failures="0" errors="0" time="0.771">
    <testcase time="0.0200000000000031" classname="table_13" name="Table_13_generation_works_with_default_values"/>
    <testcase time="0.046999999999997" classname="table_13" name="Table_13_generation_works_with_default_values"/>
    <testcase time="0.125" classname="table_13" name="Table_13_generation_works_with_default_values"/>
    <testcase time="0.0579999999999998" classname="table_13" name="Table_13_generation_works_with_default_values">
      <skipped message="Reason: On CRAN ('test-table_13.R:8:3')"/>
    </testcase>
    <testcase time="0.0150000000000006" classname="table_13" name="Table_13_generation_works_with_custom_values"/>
    <testcase time="0.046999999999997" classname="table_13" name="Table_13_generation_works_with_custom_values"/>
    <testcase time="0.141000000000005" classname="table_13" name="Table_13_generation_works_with_custom_values"/>
    <testcase time="0.0439999999999969" classname="table_13" name="Table_13_generation_works_with_custom_values">
      <skipped message="Reason: On CRAN ('test-table_13.R:38:3')"/>
    </testcase>
    <testcase time="0.0150000000000006" classname="table_13" name="Table_13_generation_works_with_risk_difference_column"/>
    <testcase time="0.046999999999997" classname="table_13" name="Table_13_generation_works_with_risk_difference_column"/>
    <testcase time="0.145000000000003" classname="table_13" name="Table_13_generation_works_with_risk_difference_column"/>
    <testcase time="0.0670000000000002" classname="table_13" name="Table_13_generation_works_with_risk_difference_column">
      <skipped message="Reason: On CRAN ('test-table_13.R:46:3')"/>
    </testcase>
  </testsuite>
  <testsuite name="table_14" timestamp="2023-10-02T14:55:48Z" hostname="d061eb0e1a21" tests="13" skipped="4" failures="0" errors="0" time="3.062">
    <testcase time="0.0290000000000035" classname="table_14" name="Table_14_generation_works_with_default_values"/>
    <testcase time="0.543999999999997" classname="table_14" name="Table_14_generation_works_with_default_values"/>
    <testcase time="0.137999999999998" classname="table_14" name="Table_14_generation_works_with_default_values">
      <skipped message="Reason: On CRAN ('test-table_14.R:16:3')"/>
    </testcase>
    <testcase time="0.0159999999999982" classname="table_14" name="Table_14_generation_works_with_custom_values"/>
    <testcase time="0.0490000000000066" classname="table_14" name="Table_14_generation_works_with_custom_values"/>
    <testcase time="0.591999999999999" classname="table_14" name="Table_14_generation_works_with_custom_values"/>
    <testcase time="0.137999999999998" classname="table_14" name="Table_14_generation_works_with_custom_values">
      <skipped message="Reason: On CRAN ('test-table_14.R:46:3')"/>
    </testcase>
    <testcase time="0.0159999999999982" classname="table_14" name="Table_14_generation_works_with_NA_values_pruned_rows"/>
    <testcase time="0.548999999999999" classname="table_14" name="Table_14_generation_works_with_NA_values_pruned_rows"/>
    <testcase time="0.111999999999995" classname="table_14" name="Table_14_generation_works_with_NA_values_pruned_rows">
      <skipped message="Reason: On CRAN ('test-table_14.R:53:3')"/>
    </testcase>
    <testcase time="0.0160000000000053" classname="table_14" name="Table_14_generation_works_with_risk_difference_column"/>
    <testcase time="0.701999999999998" classname="table_14" name="Table_14_generation_works_with_risk_difference_column"/>
    <testcase time="0.161000000000001" classname="table_14" name="Table_14_generation_works_with_risk_difference_column">
      <skipped message="Reason: On CRAN ('test-table_14.R:61:3')"/>
    </testcase>
  </testsuite>
  <testsuite name="table_20" timestamp="2023-10-02T14:55:51Z" hostname="d061eb0e1a21" tests="24" skipped="4" failures="0" errors="0" time="2.551">
    <testcase time="0.0249999999999986" classname="table_20" name="Table_20_generation_works_with_default_values"/>
    <testcase time="0.000999999999997669" classname="table_20" name="Table_20_generation_works_with_default_values"/>
    <testcase time="0.00100000000000477" classname="table_20" name="Table_20_generation_works_with_default_values"/>
    <testcase time="0.0509999999999948" classname="table_20" name="Table_20_generation_works_with_default_values"/>
    <testcase time="0.399999999999999" classname="table_20" name="Table_20_generation_works_with_default_values"/>
    <testcase time="0.0790000000000006" classname="table_20" name="Table_20_generation_works_with_default_values">
      <skipped message="Reason: On CRAN ('test-table_20.R:17:3')"/>
    </testcase>
    <testcase time="0.0150000000000006" classname="table_20" name="Table_20_generation_works_with_custom_values"/>
    <testcase time="0.00100000000000477" classname="table_20" name="Table_20_generation_works_with_custom_values"/>
    <testcase time="0.000999999999997669" classname="table_20" name="Table_20_generation_works_with_custom_values"/>
    <testcase time="0.0429999999999993" classname="table_20" name="Table_20_generation_works_with_custom_values"/>
    <testcase time="0.588000000000001" classname="table_20" name="Table_20_generation_works_with_custom_values"/>
    <testcase time="0.113999999999997" classname="table_20" name="Table_20_generation_works_with_custom_values">
      <skipped message="Reason: On CRAN ('test-table_20.R:65:3')"/>
    </testcase>
    <testcase time="0.0160000000000053" classname="table_20" name="Table_20_generation_works_with_missing_values_pruned_rows"/>
    <testcase time="0.000999999999997669" classname="table_20" name="Table_20_generation_works_with_missing_values_pruned_rows"/>
    <testcase time="0.000999999999997669" classname="table_20" name="Table_20_generation_works_with_missing_values_pruned_rows"/>
    <testcase time="0.0429999999999993" classname="table_20" name="Table_20_generation_works_with_missing_values_pruned_rows"/>
    <testcase time="0.392000000000003" classname="table_20" name="Table_20_generation_works_with_missing_values_pruned_rows"/>
    <testcase time="0.0769999999999982" classname="table_20" name="Table_20_generation_works_with_missing_values_pruned_rows">
      <skipped message="Reason: On CRAN ('test-table_20.R:74:3')"/>
    </testcase>
    <testcase time="0.0260000000000034" classname="table_20" name="Table_20_generation_works_with_risk_difference_column"/>
    <testcase time="0.000999999999997669" classname="table_20" name="Table_20_generation_works_with_risk_difference_column"/>
    <testcase time="0.00200000000000244" classname="table_20" name="Table_20_generation_works_with_risk_difference_column"/>
    <testcase time="0.0429999999999993" classname="table_20" name="Table_20_generation_works_with_risk_difference_column"/>
    <testcase time="0.527000000000001" classname="table_20" name="Table_20_generation_works_with_risk_difference_column"/>
    <testcase time="0.102999999999994" classname="table_20" name="Table_20_generation_works_with_risk_difference_column">
      <skipped message="Reason: On CRAN ('test-table_20.R:82:3')"/>
    </testcase>
  </testsuite>
  <testsuite name="table_21" timestamp="2023-10-02T14:55:54Z" hostname="d061eb0e1a21" tests="19" skipped="4" failures="0" errors="0" time="2.504">
    <testcase time="0.0720000000000027" classname="table_21" name="Table_21_generation_works_with_default_values"/>
    <testcase time="0.000999999999997669" classname="table_21" name="Table_21_generation_works_with_default_values"/>
    <testcase time="0.571000000000005" classname="table_21" name="Table_21_generation_works_with_default_values"/>
    <testcase time="0.0939999999999941" classname="table_21" name="Table_21_generation_works_with_default_values">
      <skipped message="Reason: On CRAN ('test-table_21.R:22:3')"/>
    </testcase>
    <testcase time="0.0150000000000006" classname="table_21" name="Table_21_generation_works_with_custom_values_N_s_denominator_and_overall_column"/>
    <testcase time="0.000999999999997669" classname="table_21" name="Table_21_generation_works_with_custom_values_N_s_denominator_and_overall_column"/>
    <testcase time="0.0730000000000004" classname="table_21" name="Table_21_generation_works_with_custom_values_N_s_denominator_and_overall_column"/>
    <testcase time="0.694000000000003" classname="table_21" name="Table_21_generation_works_with_custom_values_N_s_denominator_and_overall_column"/>
    <testcase time="0.108999999999995" classname="table_21" name="Table_21_generation_works_with_custom_values_N_s_denominator_and_overall_column">
      <skipped message="Reason: On CRAN ('test-table_21.R:34:3')"/>
    </testcase>
    <testcase time="0.0160000000000053" classname="table_21" name="Table_21_generation_works_with_custom_values_N_col_denominator_and_no_overall_column"/>
    <testcase time="0.000999999999997669" classname="table_21" name="Table_21_generation_works_with_custom_values_N_col_denominator_and_no_overall_column"/>
    <testcase time="0.0510000000000019" classname="table_21" name="Table_21_generation_works_with_custom_values_N_col_denominator_and_no_overall_column"/>
    <testcase time="0.303999999999995" classname="table_21" name="Table_21_generation_works_with_custom_values_N_col_denominator_and_no_overall_column"/>
    <testcase time="0.0870000000000033" classname="table_21" name="Table_21_generation_works_with_custom_values_N_col_denominator_and_no_overall_column">
      <skipped message="Reason: On CRAN ('test-table_21.R:62:3')"/>
    </testcase>
    <testcase time="0.0630000000000024" classname="table_21" name="Table_21_generation_works_with_some_NA_values"/>
    <testcase time="0.000999999999997669" classname="table_21" name="Table_21_generation_works_with_some_NA_values"/>
    <testcase time="0.0589999999999975" classname="table_21" name="Table_21_generation_works_with_some_NA_values"/>
    <testcase time="0.230000000000004" classname="table_21" name="Table_21_generation_works_with_some_NA_values"/>
    <testcase time="0.0619999999999976" classname="table_21" name="Table_21_generation_works_with_some_NA_values">
      <skipped message="Reason: On CRAN ('test-table_21.R:82:3')"/>
    </testcase>
  </testsuite>
  <testsuite name="table_32" timestamp="2023-10-02T14:55:56Z" hostname="d061eb0e1a21" tests="16" skipped="4" failures="0" errors="0" time="1.01">
    <testcase time="0.0200000000000031" classname="table_32" name="Table_32_generation_works_with_default_values"/>
    <testcase time="0.0509999999999948" classname="table_32" name="Table_32_generation_works_with_default_values"/>
    <testcase time="0.128" classname="table_32" name="Table_32_generation_works_with_default_values"/>
    <testcase time="0.0410000000000039" classname="table_32" name="Table_32_generation_works_with_default_values">
      <skipped message="Reason: On CRAN ('test-table_32.R:8:3')"/>
    </testcase>
    <testcase time="0.0159999999999982" classname="table_32" name="Table_32_generation_works_with_custom_values"/>
    <testcase time="0.0510000000000019" classname="table_32" name="Table_32_generation_works_with_custom_values"/>
    <testcase time="0.152000000000001" classname="table_32" name="Table_32_generation_works_with_custom_values"/>
    <testcase time="0.0489999999999995" classname="table_32" name="Table_32_generation_works_with_custom_values">
      <skipped message="Reason: On CRAN ('test-table_32.R:30:3')"/>
    </testcase>
    <testcase time="0.0159999999999982" classname="table_32" name="Table_32_generation_works_with_pruned_rows"/>
    <testcase time="0.0670000000000002" classname="table_32" name="Table_32_generation_works_with_pruned_rows"/>
    <testcase time="0.115000000000002" classname="table_32" name="Table_32_generation_works_with_pruned_rows"/>
    <testcase time="0.0319999999999965" classname="table_32" name="Table_32_generation_works_with_pruned_rows">
      <skipped message="Reason: On CRAN ('test-table_32.R:37:3')"/>
    </testcase>
    <testcase time="0.0150000000000006" classname="table_32" name="Table_32_generation_works_with_risk_difference_column"/>
    <testcase time="0.0570000000000022" classname="table_32" name="Table_32_generation_works_with_risk_difference_column"/>
    <testcase time="0.152000000000001" classname="table_32" name="Table_32_generation_works_with_risk_difference_column"/>
    <testcase time="0.0479999999999947" classname="table_32" name="Table_32_generation_works_with_risk_difference_column">
      <skipped message="Reason: On CRAN ('test-table_32.R:45:3')"/>
    </testcase>
  </testsuite>
  <testsuite name="table_33" timestamp="2023-10-02T14:55:57Z" hostname="d061eb0e1a21" tests="16" skipped="4" failures="0" errors="0" time="1.67">
    <testcase time="0.0290000000000035" classname="table_33" name="Table_33_generation_works_with_default_values"/>
    <testcase time="0.251000000000005" classname="table_33" name="Table_33_generation_works_with_default_values"/>
    <testcase time="0.0929999999999964" classname="table_33" name="Table_33_generation_works_with_default_values"/>
    <testcase time="0.0320000000000036" classname="table_33" name="Table_33_generation_works_with_default_values">
      <skipped message="Reason: On CRAN ('test-table_33.R:8:3')"/>
    </testcase>
    <testcase time="0.0159999999999982" classname="table_33" name="Table_33_generation_works_with_custom_values"/>
    <testcase time="0.257999999999996" classname="table_33" name="Table_33_generation_works_with_custom_values"/>
    <testcase time="0.116" classname="table_33" name="Table_33_generation_works_with_custom_values"/>
    <testcase time="0.0390000000000015" classname="table_33" name="Table_33_generation_works_with_custom_values">
      <skipped message="Reason: On CRAN ('test-table_33.R:34:3')"/>
    </testcase>
    <testcase time="0.0159999999999982" classname="table_33" name="Table_33_generation_works_with_pruned_rows"/>
    <testcase time="0.270000000000003" classname="table_33" name="Table_33_generation_works_with_pruned_rows"/>
    <testcase time="0.0930000000000035" classname="table_33" name="Table_33_generation_works_with_pruned_rows"/>
    <testcase time="0.0279999999999987" classname="table_33" name="Table_33_generation_works_with_pruned_rows">
      <skipped message="Reason: On CRAN ('test-table_33.R:42:3')"/>
    </testcase>
    <testcase time="0.0159999999999982" classname="table_33" name="Table_33_generation_works_with_risk_difference_column"/>
    <testcase time="0.255000000000003" classname="table_33" name="Table_33_generation_works_with_risk_difference_column"/>
    <testcase time="0.122" classname="table_33" name="Table_33_generation_works_with_risk_difference_column"/>
    <testcase time="0.0359999999999943" classname="table_33" name="Table_33_generation_works_with_risk_difference_column">
      <skipped message="Reason: On CRAN ('test-table_33.R:50:3')"/>
    </testcase>
  </testsuite>
  <testsuite name="table_34" timestamp="2023-10-02T14:55:59Z" hostname="d061eb0e1a21" tests="12" skipped="3" failures="0" errors="0" time="5.935">
    <testcase time="0.0260000000000034" classname="table_34" name="Table_34_generation_works_with_default_values"/>
    <testcase time="0.0399999999999991" classname="table_34" name="Table_34_generation_works_with_default_values"/>
    <testcase time="1.674" classname="table_34" name="Table_34_generation_works_with_default_values"/>
    <testcase time="0.198" classname="table_34" name="Table_34_generation_works_with_default_values">
      <skipped message="Reason: On CRAN ('test-table_34.R:17:3')"/>
    </testcase>
    <testcase time="0.0150000000000006" classname="table_34" name="Table_34_generation_works_with_custom_values"/>
    <testcase time="0.0349999999999966" classname="table_34" name="Table_34_generation_works_with_custom_values"/>
    <testcase time="1.603" classname="table_34" name="Table_34_generation_works_with_custom_values"/>
    <testcase time="0.295000000000002" classname="table_34" name="Table_34_generation_works_with_custom_values">
      <skipped message="Reason: On CRAN ('test-table_34.R:49:3')"/>
    </testcase>
    <testcase time="0.0150000000000006" classname="table_34" name="Table_34_generation_works_with_risk_difference_column"/>
    <testcase time="0.0399999999999991" classname="table_34" name="Table_34_generation_works_with_risk_difference_column"/>
    <testcase time="1.791" classname="table_34" name="Table_34_generation_works_with_risk_difference_column"/>
    <testcase time="0.202999999999996" classname="table_34" name="Table_34_generation_works_with_risk_difference_column">
      <skipped message="Reason: On CRAN ('test-table_34.R:57:3')"/>
    </testcase>
  </testsuite>
</testsuites>
