<?xml version="1.0" encoding="UTF-8"?>
<testsuites>
  <testsuite name="table_02" timestamp="2023-06-21T22:48:51Z" hostname="9d932bee768a" tests="9" skipped="3" failures="0" errors="0" time="2.038">
    <testcase time="0.0680000000000001" classname="table_02" name="Table_02_generation_works_with_default_values"/>
    <testcase time="0.676" classname="table_02" name="Table_02_generation_works_with_default_values"/>
    <testcase time="0.251" classname="table_02" name="Table_02_generation_works_with_default_values">
      <skipped message="Reason: On CRAN ('test-table_02.R:16:3')"/>
    </testcase>
    <testcase time="0.0789999999999997" classname="table_02" name="Table_02_generation_works_with_custom_values"/>
    <testcase time="0.496" classname="table_02" name="Table_02_generation_works_with_custom_values"/>
    <testcase time="0.243" classname="table_02" name="Table_02_generation_works_with_custom_values">
      <skipped message="Reason: On CRAN ('test-table_02.R:45:3')"/>
    </testcase>
    <testcase time="0.0620000000000003" classname="table_02" name="Table_02_generation_works_with_some_NA_values"/>
    <testcase time="0.109999999999999" classname="table_02" name="Table_02_generation_works_with_some_NA_values"/>
    <testcase time="0.0530000000000008" classname="table_02" name="Table_02_generation_works_with_some_NA_values">
      <skipped message="Reason: On CRAN ('test-table_02.R:57:3')"/>
    </testcase>
  </testsuite>
  <testsuite name="table_05" timestamp="2023-06-21T22:48:53Z" hostname="9d932bee768a" tests="9" skipped="3" failures="0" errors="0" time="1.328">
    <testcase time="0.215999999999999" classname="table_05" name="Table_05_generation_works_with_default_values"/>
    <testcase time="0.326000000000001" classname="table_05" name="Table_05_generation_works_with_default_values"/>
    <testcase time="0.0789999999999997" classname="table_05" name="Table_05_generation_works_with_default_values">
      <skipped message="Reason: On CRAN ('test-table_05.R:10:3')"/>
    </testcase>
    <testcase time="0.0170000000000003" classname="table_05" name="Table_05_generation_works_with_custom_values"/>
    <testcase time="0.289" classname="table_05" name="Table_05_generation_works_with_custom_values"/>
    <testcase time="0.093" classname="table_05" name="Table_05_generation_works_with_custom_values">
      <skipped message="Reason: On CRAN ('test-table_05.R:34:3')"/>
    </testcase>
    <testcase time="0.0190000000000001" classname="table_05" name="Table_05_generation_works_with_NA_values_pruned_rows"/>
    <testcase time="0.209" classname="table_05" name="Table_05_generation_works_with_NA_values_pruned_rows"/>
    <testcase time="0.0800000000000001" classname="table_05" name="Table_05_generation_works_with_NA_values_pruned_rows">
      <skipped message="Reason: On CRAN ('test-table_05.R:44:3')"/>
    </testcase>
  </testsuite>
  <testsuite name="table_06" timestamp="2023-06-21T22:48:54Z" hostname="9d932bee768a" tests="10" skipped="2" failures="0" errors="0" time="1.678">
    <testcase time="0.0360000000000005" classname="table_06" name="Table_06_generation_works_with_default_values"/>
    <testcase time="0.000999999999999446" classname="table_06" name="Table_06_generation_works_with_default_values"/>
    <testcase time="0.0670000000000002" classname="table_06" name="Table_06_generation_works_with_default_values"/>
    <testcase time="0.447" classname="table_06" name="Table_06_generation_works_with_default_values"/>
    <testcase time="0.103" classname="table_06" name="Table_06_generation_works_with_default_values">
      <skipped message="Reason: On CRAN ('test-table_06.R:8:3')"/>
    </testcase>
    <testcase time="0.016" classname="table_06" name="Table_06_generation_works_with_custom_values"/>
    <testcase time="0.00199999999999978" classname="table_06" name="Table_06_generation_works_with_custom_values"/>
    <testcase time="0.0709999999999997" classname="table_06" name="Table_06_generation_works_with_custom_values"/>
    <testcase time="0.792" classname="table_06" name="Table_06_generation_works_with_custom_values"/>
    <testcase time="0.143000000000001" classname="table_06" name="Table_06_generation_works_with_custom_values">
      <skipped message="Reason: On CRAN ('test-table_06.R:40:3')"/>
    </testcase>
  </testsuite>
  <testsuite name="table_07" timestamp="2023-06-21T22:48:56Z" hostname="9d932bee768a" tests="18" skipped="3" failures="0" errors="0" time="1.745">
    <testcase time="0.0269999999999992" classname="table_07" name="Table_07_generation_works_with_default_values"/>
    <testcase time="0.00100000000000122" classname="table_07" name="Table_07_generation_works_with_default_values"/>
    <testcase time="0.000999999999999446" classname="table_07" name="Table_07_generation_works_with_default_values"/>
    <testcase time="0.0449999999999999" classname="table_07" name="Table_07_generation_works_with_default_values"/>
    <testcase time="0.356999999999999" classname="table_07" name="Table_07_generation_works_with_default_values"/>
    <testcase time="0.126000000000001" classname="table_07" name="Table_07_generation_works_with_default_values">
      <skipped message="Reason: On CRAN ('test-table_07.R:13:3')"/>
    </testcase>
    <testcase time="0.016" classname="table_07" name="Table_07_generation_works_with_custom_values"/>
    <testcase time="0.000999999999999446" classname="table_07" name="Table_07_generation_works_with_custom_values"/>
    <testcase time="0.00200000000000067" classname="table_07" name="Table_07_generation_works_with_custom_values"/>
    <testcase time="0.0449999999999999" classname="table_07" name="Table_07_generation_works_with_custom_values"/>
    <testcase time="0.461" classname="table_07" name="Table_07_generation_works_with_custom_values"/>
    <testcase time="0.159999999999998" classname="table_07" name="Table_07_generation_works_with_custom_values">
      <skipped message="Reason: On CRAN ('test-table_07.R:42:3')"/>
    </testcase>
    <testcase time="0.0150000000000006" classname="table_07" name="Table_07_generation_works_with_NA_values_pruned_rows"/>
    <testcase time="0.00200000000000067" classname="table_07" name="Table_07_generation_works_with_NA_values_pruned_rows"/>
    <testcase time="0.00199999999999889" classname="table_07" name="Table_07_generation_works_with_NA_values_pruned_rows"/>
    <testcase time="0.0449999999999999" classname="table_07" name="Table_07_generation_works_with_NA_values_pruned_rows"/>
    <testcase time="0.317" classname="table_07" name="Table_07_generation_works_with_NA_values_pruned_rows"/>
    <testcase time="0.122" classname="table_07" name="Table_07_generation_works_with_NA_values_pruned_rows">
      <skipped message="Reason: On CRAN ('test-table_07.R:52:3')"/>
    </testcase>
  </testsuite>
  <testsuite name="table_08" timestamp="2023-06-21T22:48:58Z" hostname="9d932bee768a" tests="8" skipped="2" failures="0" errors="0" time="0.447">
    <testcase time="0.0300000000000011" classname="table_08" name="Table_08_generation_works_with_default_values"/>
    <testcase time="0.000999999999999446" classname="table_08" name="Table_08_generation_works_with_default_values"/>
    <testcase time="0.0519999999999996" classname="table_08" name="Table_08_generation_works_with_default_values"/>
    <testcase time="0.118" classname="table_08" name="Table_08_generation_works_with_default_values">
      <skipped message="Reason: On CRAN ('test-table_08.R:10:3')"/>
    </testcase>
    <testcase time="0.0150000000000006" classname="table_08" name="Table_08_generation_works_with_custom_values"/>
    <testcase time="0.00199999999999889" classname="table_08" name="Table_08_generation_works_with_custom_values"/>
    <testcase time="0.0449999999999999" classname="table_08" name="Table_08_generation_works_with_custom_values"/>
    <testcase time="0.184000000000001" classname="table_08" name="Table_08_generation_works_with_custom_values">
      <skipped message="Reason: On CRAN ('test-table_08.R:31:3')"/>
    </testcase>
  </testsuite>
  <testsuite name="table_09" timestamp="2023-06-21T22:48:58Z" hostname="9d932bee768a" tests="8" skipped="2" failures="0" errors="0" time="0.942">
    <testcase time="0.0220000000000002" classname="table_09" name="Table_09_generation_works_with_default_values"/>
    <testcase time="0.0469999999999988" classname="table_09" name="Table_09_generation_works_with_default_values"/>
    <testcase time="0.303000000000001" classname="table_09" name="Table_09_generation_works_with_default_values"/>
    <testcase time="0.0670000000000002" classname="table_09" name="Table_09_generation_works_with_default_values">
      <skipped message="Reason: On CRAN ('test-table_09.R:8:3')"/>
    </testcase>
    <testcase time="0.016" classname="table_09" name="Table_09_generation_works_with_custom_values"/>
    <testcase time="0.0470000000000006" classname="table_09" name="Table_09_generation_works_with_custom_values"/>
    <testcase time="0.366" classname="table_09" name="Table_09_generation_works_with_custom_values"/>
    <testcase time="0.0739999999999998" classname="table_09" name="Table_09_generation_works_with_custom_values">
      <skipped message="Reason: On CRAN ('test-table_09.R:39:3')"/>
    </testcase>
  </testsuite>
  <testsuite name="table_13" timestamp="2023-06-21T22:48:59Z" hostname="9d932bee768a" tests="8" skipped="2" failures="0" errors="0" time="0.554">
    <testcase time="0.020999999999999" classname="table_13" name="Table_13_generation_works_with_default_values"/>
    <testcase time="0.0579999999999998" classname="table_13" name="Table_13_generation_works_with_default_values"/>
    <testcase time="0.129000000000001" classname="table_13" name="Table_13_generation_works_with_default_values"/>
    <testcase time="0.0779999999999994" classname="table_13" name="Table_13_generation_works_with_default_values">
      <skipped message="Reason: On CRAN ('test-table_13.R:8:3')"/>
    </testcase>
    <testcase time="0.0150000000000006" classname="table_13" name="Table_13_generation_works_with_custom_values"/>
    <testcase time="0.0570000000000004" classname="table_13" name="Table_13_generation_works_with_custom_values"/>
    <testcase time="0.143999999999998" classname="table_13" name="Table_13_generation_works_with_custom_values"/>
    <testcase time="0.0520000000000014" classname="table_13" name="Table_13_generation_works_with_custom_values">
      <skipped message="Reason: On CRAN ('test-table_13.R:38:3')"/>
    </testcase>
  </testsuite>
  <testsuite name="table_14" timestamp="2023-06-21T22:49:00Z" hostname="9d932bee768a" tests="10" skipped="3" failures="0" errors="0" time="2.279">
    <testcase time="0.0329999999999995" classname="table_14" name="Table_14_generation_works_with_default_values"/>
    <testcase time="0.571999999999999" classname="table_14" name="Table_14_generation_works_with_default_values"/>
    <testcase time="0.153" classname="table_14" name="Table_14_generation_works_with_default_values">
      <skipped message="Reason: On CRAN ('test-table_14.R:16:3')"/>
    </testcase>
    <testcase time="0.016" classname="table_14" name="Table_14_generation_works_with_custom_values"/>
    <testcase time="0.0570000000000004" classname="table_14" name="Table_14_generation_works_with_custom_values"/>
    <testcase time="0.593" classname="table_14" name="Table_14_generation_works_with_custom_values"/>
    <testcase time="0.154999999999999" classname="table_14" name="Table_14_generation_works_with_custom_values">
      <skipped message="Reason: On CRAN ('test-table_14.R:46:3')"/>
    </testcase>
    <testcase time="0.0150000000000006" classname="table_14" name="Table_14_generation_works_with_NA_values_pruned_rows"/>
    <testcase time="0.57" classname="table_14" name="Table_14_generation_works_with_NA_values_pruned_rows"/>
    <testcase time="0.115" classname="table_14" name="Table_14_generation_works_with_NA_values_pruned_rows">
      <skipped message="Reason: On CRAN ('test-table_14.R:53:3')"/>
    </testcase>
  </testsuite>
  <testsuite name="table_20" timestamp="2023-06-21T22:49:02Z" hostname="9d932bee768a" tests="18" skipped="3" failures="0" errors="0" time="1.871">
    <testcase time="0.0269999999999992" classname="table_20" name="Table_20_generation_works_with_default_values"/>
    <testcase time="0.000999999999999446" classname="table_20" name="Table_20_generation_works_with_default_values"/>
    <testcase time="0.00200000000000067" classname="table_20" name="Table_20_generation_works_with_default_values"/>
    <testcase time="0.0500000000000007" classname="table_20" name="Table_20_generation_works_with_default_values"/>
    <testcase time="0.388999999999999" classname="table_20" name="Table_20_generation_works_with_default_values"/>
    <testcase time="0.0890000000000004" classname="table_20" name="Table_20_generation_works_with_default_values">
      <skipped message="Reason: On CRAN ('test-table_20.R:17:3')"/>
    </testcase>
    <testcase time="0.016" classname="table_20" name="Table_20_generation_works_with_custom_values"/>
    <testcase time="0.000999999999999446" classname="table_20" name="Table_20_generation_works_with_custom_values"/>
    <testcase time="0.00200000000000067" classname="table_20" name="Table_20_generation_works_with_custom_values"/>
    <testcase time="0.0499999999999989" classname="table_20" name="Table_20_generation_works_with_custom_values"/>
    <testcase time="0.596" classname="table_20" name="Table_20_generation_works_with_custom_values"/>
    <testcase time="0.126000000000001" classname="table_20" name="Table_20_generation_works_with_custom_values">
      <skipped message="Reason: On CRAN ('test-table_20.R:65:3')"/>
    </testcase>
    <testcase time="0.016" classname="table_20" name="Table_20_generation_works_with_missing_values_pruned_rows"/>
    <testcase time="0.00199999999999889" classname="table_20" name="Table_20_generation_works_with_missing_values_pruned_rows"/>
    <testcase time="0.00200000000000067" classname="table_20" name="Table_20_generation_works_with_missing_values_pruned_rows"/>
    <testcase time="0.0499999999999989" classname="table_20" name="Table_20_generation_works_with_missing_values_pruned_rows"/>
    <testcase time="0.364000000000001" classname="table_20" name="Table_20_generation_works_with_missing_values_pruned_rows"/>
    <testcase time="0.088000000000001" classname="table_20" name="Table_20_generation_works_with_missing_values_pruned_rows">
      <skipped message="Reason: On CRAN ('test-table_20.R:74:3')"/>
    </testcase>
  </testsuite>
  <testsuite name="table_32" timestamp="2023-06-21T22:49:04Z" hostname="9d932bee768a" tests="12" skipped="3" failures="0" errors="0" time="0.816">
    <testcase time="0.0219999999999985" classname="table_32" name="Table_32_generation_works_with_default_values"/>
    <testcase time="0.0730000000000004" classname="table_32" name="Table_32_generation_works_with_default_values"/>
    <testcase time="0.120999999999999" classname="table_32" name="Table_32_generation_works_with_default_values"/>
    <testcase time="0.0480000000000018" classname="table_32" name="Table_32_generation_works_with_default_values">
      <skipped message="Reason: On CRAN ('test-table_32.R:8:3')"/>
    </testcase>
    <testcase time="0.0150000000000006" classname="table_32" name="Table_32_generation_works_with_custom_values"/>
    <testcase time="0.0839999999999996" classname="table_32" name="Table_32_generation_works_with_custom_values"/>
    <testcase time="0.146000000000001" classname="table_32" name="Table_32_generation_works_with_custom_values"/>
    <testcase time="0.0579999999999998" classname="table_32" name="Table_32_generation_works_with_custom_values">
      <skipped message="Reason: On CRAN ('test-table_32.R:30:3')"/>
    </testcase>
    <testcase time="0.0159999999999982" classname="table_32" name="Table_32_generation_works_with_pruned_rows"/>
    <testcase time="0.0609999999999999" classname="table_32" name="Table_32_generation_works_with_pruned_rows"/>
    <testcase time="0.135999999999999" classname="table_32" name="Table_32_generation_works_with_pruned_rows"/>
    <testcase time="0.0360000000000014" classname="table_32" name="Table_32_generation_works_with_pruned_rows">
      <skipped message="Reason: On CRAN ('test-table_32.R:37:3')"/>
    </testcase>
  </testsuite>
  <testsuite name="table_33" timestamp="2023-06-21T22:49:04Z" hostname="9d932bee768a" tests="12" skipped="3" failures="0" errors="0" time="1.339">
    <testcase time="0.0219999999999985" classname="table_33" name="Table_33_generation_works_with_default_values"/>
    <testcase time="0.289000000000001" classname="table_33" name="Table_33_generation_works_with_default_values"/>
    <testcase time="0.102" classname="table_33" name="Table_33_generation_works_with_default_values"/>
    <testcase time="0.036999999999999" classname="table_33" name="Table_33_generation_works_with_default_values">
      <skipped message="Reason: On CRAN ('test-table_33.R:8:3')"/>
    </testcase>
    <testcase time="0.0160000000000018" classname="table_33" name="Table_33_generation_works_with_custom_values"/>
    <testcase time="0.276999999999997" classname="table_33" name="Table_33_generation_works_with_custom_values"/>
    <testcase time="0.132000000000001" classname="table_33" name="Table_33_generation_works_with_custom_values"/>
    <testcase time="0.0420000000000016" classname="table_33" name="Table_33_generation_works_with_custom_values">
      <skipped message="Reason: On CRAN ('test-table_33.R:34:3')"/>
    </testcase>
    <testcase time="0.0159999999999982" classname="table_33" name="Table_33_generation_works_with_pruned_rows"/>
    <testcase time="0.275000000000002" classname="table_33" name="Table_33_generation_works_with_pruned_rows"/>
    <testcase time="0.0989999999999966" classname="table_33" name="Table_33_generation_works_with_pruned_rows"/>
    <testcase time="0.032" classname="table_33" name="Table_33_generation_works_with_pruned_rows">
      <skipped message="Reason: On CRAN ('test-table_33.R:42:3')"/>
    </testcase>
  </testsuite>
</testsuites>
