<?xml version="1.0" encoding="UTF-8"?>
<testsuites>
  <testsuite name="table_02" timestamp="2023-06-13T18:57:58Z" hostname="b51ecc8961db" tests="9" skipped="3" failures="0" errors="0" time="1.852">
    <testcase time="0.237" classname="table_02" name="Table_02_generation_works_with_default_values"/>
    <testcase time="0.549" classname="table_02" name="Table_02_generation_works_with_default_values"/>
    <testcase time="0.214" classname="table_02" name="Table_02_generation_works_with_default_values">
      <skipped message="Reason: On CRAN ('test-table_02.R:16:3')"/>
    </testcase>
    <testcase time="0.0659999999999998" classname="table_02" name="Table_02_generation_works_with_custom_values"/>
    <testcase time="0.385" classname="table_02" name="Table_02_generation_works_with_custom_values"/>
    <testcase time="0.207" classname="table_02" name="Table_02_generation_works_with_custom_values">
      <skipped message="Reason: On CRAN ('test-table_02.R:45:3')"/>
    </testcase>
    <testcase time="0.0529999999999999" classname="table_02" name="Table_02_generation_works_with_some_NA_values"/>
    <testcase time="0.0969999999999995" classname="table_02" name="Table_02_generation_works_with_some_NA_values"/>
    <testcase time="0.0440000000000005" classname="table_02" name="Table_02_generation_works_with_some_NA_values">
      <skipped message="Reason: On CRAN ('test-table_02.R:57:3')"/>
    </testcase>
  </testsuite>
  <testsuite name="table_05" timestamp="2023-06-13T18:58:00Z" hostname="b51ecc8961db" tests="9" skipped="3" failures="0" errors="0" time="1.106">
    <testcase time="0.172" classname="table_05" name="Table_05_generation_works_with_default_values"/>
    <testcase time="0.276" classname="table_05" name="Table_05_generation_works_with_default_values"/>
    <testcase time="0.0670000000000002" classname="table_05" name="Table_05_generation_works_with_default_values">
      <skipped message="Reason: On CRAN ('test-table_05.R:10:3')"/>
    </testcase>
    <testcase time="0.0129999999999999" classname="table_05" name="Table_05_generation_works_with_custom_values"/>
    <testcase time="0.242" classname="table_05" name="Table_05_generation_works_with_custom_values"/>
    <testcase time="0.0840000000000005" classname="table_05" name="Table_05_generation_works_with_custom_values">
      <skipped message="Reason: On CRAN ('test-table_05.R:34:3')"/>
    </testcase>
    <testcase time="0.0149999999999997" classname="table_05" name="Table_05_generation_works_with_NA_values_pruned_rows"/>
    <testcase time="0.171" classname="table_05" name="Table_05_generation_works_with_NA_values_pruned_rows"/>
    <testcase time="0.0659999999999998" classname="table_05" name="Table_05_generation_works_with_NA_values_pruned_rows">
      <skipped message="Reason: On CRAN ('test-table_05.R:44:3')"/>
    </testcase>
  </testsuite>
  <testsuite name="table_06" timestamp="2023-06-13T18:58:01Z" hostname="b51ecc8961db" tests="10" skipped="2" failures="0" errors="0" time="1.239">
    <testcase time="0.0389999999999997" classname="table_06" name="Table_06_generation_works_with_default_values"/>
    <testcase time="0.00100000000000033" classname="table_06" name="Table_06_generation_works_with_default_values"/>
    <testcase time="0.0570000000000004" classname="table_06" name="Table_06_generation_works_with_default_values"/>
    <testcase time="0.38" classname="table_06" name="Table_06_generation_works_with_default_values"/>
    <testcase time="0.0870000000000006" classname="table_06" name="Table_06_generation_works_with_default_values">
      <skipped message="Reason: On CRAN ('test-table_06.R:8:3')"/>
    </testcase>
    <testcase time="0.0129999999999999" classname="table_06" name="Table_06_generation_works_with_custom_values"/>
    <testcase time="0.00199999999999978" classname="table_06" name="Table_06_generation_works_with_custom_values"/>
    <testcase time="0.0609999999999999" classname="table_06" name="Table_06_generation_works_with_custom_values"/>
    <testcase time="0.478" classname="table_06" name="Table_06_generation_works_with_custom_values"/>
    <testcase time="0.121" classname="table_06" name="Table_06_generation_works_with_custom_values">
      <skipped message="Reason: On CRAN ('test-table_06.R:40:3')"/>
    </testcase>
  </testsuite>
  <testsuite name="table_07" timestamp="2023-06-13T18:58:02Z" hostname="b51ecc8961db" tests="18" skipped="3" failures="0" errors="0" time="1.549">
    <testcase time="0.0220000000000002" classname="table_07" name="Table_07_generation_works_with_default_values"/>
    <testcase time="0.000999999999999446" classname="table_07" name="Table_07_generation_works_with_default_values"/>
    <testcase time="0.00100000000000033" classname="table_07" name="Table_07_generation_works_with_default_values"/>
    <testcase time="0.0389999999999997" classname="table_07" name="Table_07_generation_works_with_default_values"/>
    <testcase time="0.313000000000001" classname="table_07" name="Table_07_generation_works_with_default_values"/>
    <testcase time="0.113" classname="table_07" name="Table_07_generation_works_with_default_values">
      <skipped message="Reason: On CRAN ('test-table_07.R:13:3')"/>
    </testcase>
    <testcase time="0.0129999999999999" classname="table_07" name="Table_07_generation_works_with_custom_values"/>
    <testcase time="0.00199999999999978" classname="table_07" name="Table_07_generation_works_with_custom_values"/>
    <testcase time="0.00100000000000033" classname="table_07" name="Table_07_generation_works_with_custom_values"/>
    <testcase time="0.04" classname="table_07" name="Table_07_generation_works_with_custom_values"/>
    <testcase time="0.418" classname="table_07" name="Table_07_generation_works_with_custom_values"/>
    <testcase time="0.135" classname="table_07" name="Table_07_generation_works_with_custom_values">
      <skipped message="Reason: On CRAN ('test-table_07.R:42:3')"/>
    </testcase>
    <testcase time="0.0139999999999993" classname="table_07" name="Table_07_generation_works_with_NA_values_pruned_rows"/>
    <testcase time="0.00200000000000067" classname="table_07" name="Table_07_generation_works_with_NA_values_pruned_rows"/>
    <testcase time="0.000999999999999446" classname="table_07" name="Table_07_generation_works_with_NA_values_pruned_rows"/>
    <testcase time="0.0390000000000015" classname="table_07" name="Table_07_generation_works_with_NA_values_pruned_rows"/>
    <testcase time="0.286" classname="table_07" name="Table_07_generation_works_with_NA_values_pruned_rows"/>
    <testcase time="0.109" classname="table_07" name="Table_07_generation_works_with_NA_values_pruned_rows">
      <skipped message="Reason: On CRAN ('test-table_07.R:52:3')"/>
    </testcase>
  </testsuite>
  <testsuite name="table_08" timestamp="2023-06-13T18:58:04Z" hostname="b51ecc8961db" tests="8" skipped="2" failures="0" errors="0" time="0.413">
    <testcase time="0.0199999999999996" classname="table_08" name="Table_08_generation_works_with_default_values"/>
    <testcase time="0.00100000000000122" classname="table_08" name="Table_08_generation_works_with_default_values"/>
    <testcase time="0.0439999999999987" classname="table_08" name="Table_08_generation_works_with_default_values"/>
    <testcase time="0.113000000000001" classname="table_08" name="Table_08_generation_works_with_default_values">
      <skipped message="Reason: On CRAN ('test-table_08.R:10:3')"/>
    </testcase>
    <testcase time="0.0129999999999999" classname="table_08" name="Table_08_generation_works_with_custom_values"/>
    <testcase time="0.00199999999999889" classname="table_08" name="Table_08_generation_works_with_custom_values"/>
    <testcase time="0.0389999999999997" classname="table_08" name="Table_08_generation_works_with_custom_values"/>
    <testcase time="0.181000000000001" classname="table_08" name="Table_08_generation_works_with_custom_values">
      <skipped message="Reason: On CRAN ('test-table_08.R:31:3')"/>
    </testcase>
  </testsuite>
  <testsuite name="table_09" timestamp="2023-06-13T18:58:04Z" hostname="b51ecc8961db" tests="8" skipped="2" failures="0" errors="0" time="0.799">
    <testcase time="0.0190000000000001" classname="table_09" name="Table_09_generation_works_with_default_values"/>
    <testcase time="0.0400000000000009" classname="table_09" name="Table_09_generation_works_with_default_values"/>
    <testcase time="0.257999999999999" classname="table_09" name="Table_09_generation_works_with_default_values"/>
    <testcase time="0.0579999999999998" classname="table_09" name="Table_09_generation_works_with_default_values">
      <skipped message="Reason: On CRAN ('test-table_09.R:8:3')"/>
    </testcase>
    <testcase time="0.0129999999999999" classname="table_09" name="Table_09_generation_works_with_custom_values"/>
    <testcase time="0.0400000000000009" classname="table_09" name="Table_09_generation_works_with_custom_values"/>
    <testcase time="0.305999999999999" classname="table_09" name="Table_09_generation_works_with_custom_values"/>
    <testcase time="0.0650000000000013" classname="table_09" name="Table_09_generation_works_with_custom_values">
      <skipped message="Reason: On CRAN ('test-table_09.R:39:3')"/>
    </testcase>
  </testsuite>
  <testsuite name="table_13" timestamp="2023-06-13T18:58:05Z" hostname="b51ecc8961db" tests="8" skipped="2" failures="0" errors="0" time="0.482">
    <testcase time="0.0249999999999986" classname="table_13" name="Table_13_generation_works_with_default_values"/>
    <testcase time="0.0510000000000002" classname="table_13" name="Table_13_generation_works_with_default_values"/>
    <testcase time="0.108000000000001" classname="table_13" name="Table_13_generation_works_with_default_values"/>
    <testcase time="0.0589999999999993" classname="table_13" name="Table_13_generation_works_with_default_values">
      <skipped message="Reason: On CRAN ('test-table_13.R:8:3')"/>
    </testcase>
    <testcase time="0.0129999999999999" classname="table_13" name="Table_13_generation_works_with_custom_values"/>
    <testcase time="0.0490000000000013" classname="table_13" name="Table_13_generation_works_with_custom_values"/>
    <testcase time="0.132999999999999" classname="table_13" name="Table_13_generation_works_with_custom_values"/>
    <testcase time="0.0440000000000005" classname="table_13" name="Table_13_generation_works_with_custom_values">
      <skipped message="Reason: On CRAN ('test-table_13.R:38:3')"/>
    </testcase>
  </testsuite>
  <testsuite name="table_14" timestamp="2023-06-13T18:58:06Z" hostname="b51ecc8961db" tests="10" skipped="3" failures="0" errors="0" time="1.979">
    <testcase time="0.0280000000000005" classname="table_14" name="Table_14_generation_works_with_default_values"/>
    <testcase time="0.49" classname="table_14" name="Table_14_generation_works_with_default_values"/>
    <testcase time="0.141999999999999" classname="table_14" name="Table_14_generation_works_with_default_values">
      <skipped message="Reason: On CRAN ('test-table_14.R:16:3')"/>
    </testcase>
    <testcase time="0.0139999999999993" classname="table_14" name="Table_14_generation_works_with_custom_values"/>
    <testcase time="0.048" classname="table_14" name="Table_14_generation_works_with_custom_values"/>
    <testcase time="0.517000000000001" classname="table_14" name="Table_14_generation_works_with_custom_values"/>
    <testcase time="0.135999999999999" classname="table_14" name="Table_14_generation_works_with_custom_values">
      <skipped message="Reason: On CRAN ('test-table_14.R:46:3')"/>
    </testcase>
    <testcase time="0.0129999999999999" classname="table_14" name="Table_14_generation_works_with_NA_values_pruned_rows"/>
    <testcase time="0.492000000000001" classname="table_14" name="Table_14_generation_works_with_NA_values_pruned_rows"/>
    <testcase time="0.0989999999999984" classname="table_14" name="Table_14_generation_works_with_NA_values_pruned_rows">
      <skipped message="Reason: On CRAN ('test-table_14.R:53:3')"/>
    </testcase>
  </testsuite>
  <testsuite name="table_20" timestamp="2023-06-13T18:58:08Z" hostname="b51ecc8961db" tests="18" skipped="3" failures="0" errors="0" time="1.614">
    <testcase time="0.0220000000000002" classname="table_20" name="Table_20_generation_works_with_default_values"/>
    <testcase time="0.00100000000000122" classname="table_20" name="Table_20_generation_works_with_default_values"/>
    <testcase time="0.00199999999999889" classname="table_20" name="Table_20_generation_works_with_default_values"/>
    <testcase time="0.0419999999999998" classname="table_20" name="Table_20_generation_works_with_default_values"/>
    <testcase time="0.335000000000001" classname="table_20" name="Table_20_generation_works_with_default_values"/>
    <testcase time="0.0779999999999994" classname="table_20" name="Table_20_generation_works_with_default_values">
      <skipped message="Reason: On CRAN ('test-table_20.R:17:3')"/>
    </testcase>
    <testcase time="0.0129999999999999" classname="table_20" name="Table_20_generation_works_with_custom_values"/>
    <testcase time="0.00100000000000122" classname="table_20" name="Table_20_generation_works_with_custom_values"/>
    <testcase time="0.00199999999999889" classname="table_20" name="Table_20_generation_works_with_custom_values"/>
    <testcase time="0.0419999999999998" classname="table_20" name="Table_20_generation_works_with_custom_values"/>
    <testcase time="0.513" classname="table_20" name="Table_20_generation_works_with_custom_values"/>
    <testcase time="0.111000000000001" classname="table_20" name="Table_20_generation_works_with_custom_values">
      <skipped message="Reason: On CRAN ('test-table_20.R:65:3')"/>
    </testcase>
    <testcase time="0.0139999999999993" classname="table_20" name="Table_20_generation_works_with_missing_values_pruned_rows"/>
    <testcase time="0.00100000000000122" classname="table_20" name="Table_20_generation_works_with_missing_values_pruned_rows"/>
    <testcase time="0.000999999999999446" classname="table_20" name="Table_20_generation_works_with_missing_values_pruned_rows"/>
    <testcase time="0.0429999999999993" classname="table_20" name="Table_20_generation_works_with_missing_values_pruned_rows"/>
    <testcase time="0.318000000000001" classname="table_20" name="Table_20_generation_works_with_missing_values_pruned_rows"/>
    <testcase time="0.0749999999999993" classname="table_20" name="Table_20_generation_works_with_missing_values_pruned_rows">
      <skipped message="Reason: On CRAN ('test-table_20.R:74:3')"/>
    </testcase>
  </testsuite>
  <testsuite name="table_32" timestamp="2023-06-13T18:58:09Z" hostname="b51ecc8961db" tests="12" skipped="3" failures="0" errors="0" time="0.904">
    <testcase time="0.0180000000000007" classname="table_32" name="Table_32_generation_works_with_default_values"/>
    <testcase time="0.0649999999999995" classname="table_32" name="Table_32_generation_works_with_default_values"/>
    <testcase time="0.105" classname="table_32" name="Table_32_generation_works_with_default_values"/>
    <testcase time="0.0409999999999986" classname="table_32" name="Table_32_generation_works_with_default_values">
      <skipped message="Reason: On CRAN ('test-table_32.R:8:3')"/>
    </testcase>
    <testcase time="0.0140000000000011" classname="table_32" name="Table_32_generation_works_with_custom_values"/>
    <testcase time="0.286999999999999" classname="table_32" name="Table_32_generation_works_with_custom_values"/>
    <testcase time="0.122" classname="table_32" name="Table_32_generation_works_with_custom_values"/>
    <testcase time="0.0500000000000007" classname="table_32" name="Table_32_generation_works_with_custom_values">
      <skipped message="Reason: On CRAN ('test-table_32.R:30:3')"/>
    </testcase>
    <testcase time="0.0129999999999999" classname="table_32" name="Table_32_generation_works_with_pruned_rows"/>
    <testcase time="0.0510000000000002" classname="table_32" name="Table_32_generation_works_with_pruned_rows"/>
    <testcase time="0.109" classname="table_32" name="Table_32_generation_works_with_pruned_rows"/>
    <testcase time="0.0289999999999999" classname="table_32" name="Table_32_generation_works_with_pruned_rows">
      <skipped message="Reason: On CRAN ('test-table_32.R:37:3')"/>
    </testcase>
  </testsuite>
  <testsuite name="table_33" timestamp="2023-06-13T18:58:10Z" hostname="b51ecc8961db" tests="12" skipped="3" failures="0" errors="0" time="1.103">
    <testcase time="0.0180000000000007" classname="table_33" name="Table_33_generation_works_with_default_values"/>
    <testcase time="0.228" classname="table_33" name="Table_33_generation_works_with_default_values"/>
    <testcase time="0.0839999999999996" classname="table_33" name="Table_33_generation_works_with_default_values"/>
    <testcase time="0.0299999999999994" classname="table_33" name="Table_33_generation_works_with_default_values">
      <skipped message="Reason: On CRAN ('test-table_33.R:8:3')"/>
    </testcase>
    <testcase time="0.0129999999999999" classname="table_33" name="Table_33_generation_works_with_custom_values"/>
    <testcase time="0.227" classname="table_33" name="Table_33_generation_works_with_custom_values"/>
    <testcase time="0.110999999999999" classname="table_33" name="Table_33_generation_works_with_custom_values"/>
    <testcase time="0.0370000000000008" classname="table_33" name="Table_33_generation_works_with_custom_values">
      <skipped message="Reason: On CRAN ('test-table_33.R:34:3')"/>
    </testcase>
    <testcase time="0.0129999999999999" classname="table_33" name="Table_33_generation_works_with_pruned_rows"/>
    <testcase time="0.23" classname="table_33" name="Table_33_generation_works_with_pruned_rows"/>
    <testcase time="0.0839999999999996" classname="table_33" name="Table_33_generation_works_with_pruned_rows"/>
    <testcase time="0.0279999999999987" classname="table_33" name="Table_33_generation_works_with_pruned_rows">
      <skipped message="Reason: On CRAN ('test-table_33.R:42:3')"/>
    </testcase>
  </testsuite>
</testsuites>
