<?xml version="1.0" encoding="UTF-8"?>
<testsuites>
  <testsuite name="table_02" timestamp="2023-06-13T13:21:25Z" hostname="808b1fe4dba5" tests="9" skipped="3" failures="0" errors="0" time="1.804">
    <testcase time="0.216" classname="table_02" name="Table_02_generation_works_with_default_values"/>
    <testcase time="0.542" classname="table_02" name="Table_02_generation_works_with_default_values"/>
    <testcase time="0.212" classname="table_02" name="Table_02_generation_works_with_default_values">
      <skipped message="Reason: On CRAN ('test-table_02.R:16:3')"/>
    </testcase>
    <testcase time="0.0640000000000001" classname="table_02" name="Table_02_generation_works_with_custom_values"/>
    <testcase time="0.377" classname="table_02" name="Table_02_generation_works_with_custom_values"/>
    <testcase time="0.202" classname="table_02" name="Table_02_generation_works_with_custom_values">
      <skipped message="Reason: On CRAN ('test-table_02.R:45:3')"/>
    </testcase>
    <testcase time="0.0520000000000005" classname="table_02" name="Table_02_generation_works_with_some_NA_values"/>
    <testcase time="0.0959999999999992" classname="table_02" name="Table_02_generation_works_with_some_NA_values"/>
    <testcase time="0.0430000000000001" classname="table_02" name="Table_02_generation_works_with_some_NA_values">
      <skipped message="Reason: On CRAN ('test-table_02.R:57:3')"/>
    </testcase>
  </testsuite>
  <testsuite name="table_05" timestamp="2023-06-13T13:21:27Z" hostname="808b1fe4dba5" tests="9" skipped="3" failures="0" errors="0" time="1.077">
    <testcase time="0.17" classname="table_05" name="Table_05_generation_works_with_default_values"/>
    <testcase time="0.268000000000001" classname="table_05" name="Table_05_generation_works_with_default_values"/>
    <testcase time="0.0640000000000001" classname="table_05" name="Table_05_generation_works_with_default_values">
      <skipped message="Reason: On CRAN ('test-table_05.R:10:3')"/>
    </testcase>
    <testcase time="0.0129999999999999" classname="table_05" name="Table_05_generation_works_with_custom_values"/>
    <testcase time="0.234999999999999" classname="table_05" name="Table_05_generation_works_with_custom_values"/>
    <testcase time="0.0819999999999999" classname="table_05" name="Table_05_generation_works_with_custom_values">
      <skipped message="Reason: On CRAN ('test-table_05.R:34:3')"/>
    </testcase>
    <testcase time="0.0140000000000002" classname="table_05" name="Table_05_generation_works_with_NA_values_pruned_rows"/>
    <testcase time="0.167" classname="table_05" name="Table_05_generation_works_with_NA_values_pruned_rows"/>
    <testcase time="0.0640000000000001" classname="table_05" name="Table_05_generation_works_with_NA_values_pruned_rows">
      <skipped message="Reason: On CRAN ('test-table_05.R:44:3')"/>
    </testcase>
  </testsuite>
  <testsuite name="table_06" timestamp="2023-06-13T13:21:28Z" hostname="808b1fe4dba5" tests="10" skipped="2" failures="0" errors="0" time="1.195">
    <testcase time="0.0360000000000005" classname="table_06" name="Table_06_generation_works_with_default_values"/>
    <testcase time="0.000999999999999446" classname="table_06" name="Table_06_generation_works_with_default_values"/>
    <testcase time="0.0550000000000006" classname="table_06" name="Table_06_generation_works_with_default_values"/>
    <testcase time="0.364" classname="table_06" name="Table_06_generation_works_with_default_values"/>
    <testcase time="0.085" classname="table_06" name="Table_06_generation_works_with_default_values">
      <skipped message="Reason: On CRAN ('test-table_06.R:8:3')"/>
    </testcase>
    <testcase time="0.0129999999999999" classname="table_06" name="Table_06_generation_works_with_custom_values"/>
    <testcase time="0.00100000000000033" classname="table_06" name="Table_06_generation_works_with_custom_values"/>
    <testcase time="0.0589999999999993" classname="table_06" name="Table_06_generation_works_with_custom_values"/>
    <testcase time="0.462000000000001" classname="table_06" name="Table_06_generation_works_with_custom_values"/>
    <testcase time="0.119" classname="table_06" name="Table_06_generation_works_with_custom_values">
      <skipped message="Reason: On CRAN ('test-table_06.R:40:3')"/>
    </testcase>
  </testsuite>
  <testsuite name="table_07" timestamp="2023-06-13T13:21:29Z" hostname="808b1fe4dba5" tests="18" skipped="3" failures="0" errors="0" time="1.499">
    <testcase time="0.0209999999999999" classname="table_07" name="Table_07_generation_works_with_default_values"/>
    <testcase time="0.00199999999999978" classname="table_07" name="Table_07_generation_works_with_default_values"/>
    <testcase time="0.00100000000000033" classname="table_07" name="Table_07_generation_works_with_default_values"/>
    <testcase time="0.0380000000000003" classname="table_07" name="Table_07_generation_works_with_default_values"/>
    <testcase time="0.302" classname="table_07" name="Table_07_generation_works_with_default_values"/>
    <testcase time="0.109" classname="table_07" name="Table_07_generation_works_with_default_values">
      <skipped message="Reason: On CRAN ('test-table_07.R:13:3')"/>
    </testcase>
    <testcase time="0.0129999999999999" classname="table_07" name="Table_07_generation_works_with_custom_values"/>
    <testcase time="0.00200000000000067" classname="table_07" name="Table_07_generation_works_with_custom_values"/>
    <testcase time="0.000999999999999446" classname="table_07" name="Table_07_generation_works_with_custom_values"/>
    <testcase time="0.0390000000000006" classname="table_07" name="Table_07_generation_works_with_custom_values"/>
    <testcase time="0.404" classname="table_07" name="Table_07_generation_works_with_custom_values"/>
    <testcase time="0.132" classname="table_07" name="Table_07_generation_works_with_custom_values">
      <skipped message="Reason: On CRAN ('test-table_07.R:42:3')"/>
    </testcase>
    <testcase time="0.0129999999999999" classname="table_07" name="Table_07_generation_works_with_NA_values_pruned_rows"/>
    <testcase time="0.00199999999999978" classname="table_07" name="Table_07_generation_works_with_NA_values_pruned_rows"/>
    <testcase time="0.00100000000000033" classname="table_07" name="Table_07_generation_works_with_NA_values_pruned_rows"/>
    <testcase time="0.0389999999999997" classname="table_07" name="Table_07_generation_works_with_NA_values_pruned_rows"/>
    <testcase time="0.274000000000001" classname="table_07" name="Table_07_generation_works_with_NA_values_pruned_rows"/>
    <testcase time="0.106" classname="table_07" name="Table_07_generation_works_with_NA_values_pruned_rows">
      <skipped message="Reason: On CRAN ('test-table_07.R:52:3')"/>
    </testcase>
  </testsuite>
  <testsuite name="table_08" timestamp="2023-06-13T13:21:31Z" hostname="808b1fe4dba5" tests="8" skipped="2" failures="0" errors="0" time="0.399">
    <testcase time="0.0199999999999996" classname="table_08" name="Table_08_generation_works_with_default_values"/>
    <testcase time="0.000999999999999446" classname="table_08" name="Table_08_generation_works_with_default_values"/>
    <testcase time="0.043000000000001" classname="table_08" name="Table_08_generation_works_with_default_values"/>
    <testcase time="0.109" classname="table_08" name="Table_08_generation_works_with_default_values">
      <skipped message="Reason: On CRAN ('test-table_08.R:10:3')"/>
    </testcase>
    <testcase time="0.0129999999999999" classname="table_08" name="Table_08_generation_works_with_custom_values"/>
    <testcase time="0.000999999999999446" classname="table_08" name="Table_08_generation_works_with_custom_values"/>
    <testcase time="0.0389999999999997" classname="table_08" name="Table_08_generation_works_with_custom_values"/>
    <testcase time="0.173" classname="table_08" name="Table_08_generation_works_with_custom_values">
      <skipped message="Reason: On CRAN ('test-table_08.R:31:3')"/>
    </testcase>
  </testsuite>
  <testsuite name="table_09" timestamp="2023-06-13T13:21:31Z" hostname="808b1fe4dba5" tests="8" skipped="2" failures="0" errors="0" time="0.783">
    <testcase time="0.0190000000000001" classname="table_09" name="Table_09_generation_works_with_default_values"/>
    <testcase time="0.0389999999999997" classname="table_09" name="Table_09_generation_works_with_default_values"/>
    <testcase time="0.25" classname="table_09" name="Table_09_generation_works_with_default_values"/>
    <testcase time="0.0560000000000009" classname="table_09" name="Table_09_generation_works_with_default_values">
      <skipped message="Reason: On CRAN ('test-table_09.R:8:3')"/>
    </testcase>
    <testcase time="0.0129999999999999" classname="table_09" name="Table_09_generation_works_with_custom_values"/>
    <testcase time="0.0399999999999991" classname="table_09" name="Table_09_generation_works_with_custom_values"/>
    <testcase time="0.302000000000001" classname="table_09" name="Table_09_generation_works_with_custom_values"/>
    <testcase time="0.0640000000000001" classname="table_09" name="Table_09_generation_works_with_custom_values">
      <skipped message="Reason: On CRAN ('test-table_09.R:39:3')"/>
    </testcase>
  </testsuite>
  <testsuite name="table_13" timestamp="2023-06-13T13:21:32Z" hostname="808b1fe4dba5" tests="8" skipped="2" failures="0" errors="0" time="0.472">
    <testcase time="0.0239999999999991" classname="table_13" name="Table_13_generation_works_with_default_values"/>
    <testcase time="0.0500000000000007" classname="table_13" name="Table_13_generation_works_with_default_values"/>
    <testcase time="0.106" classname="table_13" name="Table_13_generation_works_with_default_values"/>
    <testcase time="0.0570000000000004" classname="table_13" name="Table_13_generation_works_with_default_values">
      <skipped message="Reason: On CRAN ('test-table_13.R:8:3')"/>
    </testcase>
    <testcase time="0.0129999999999999" classname="table_13" name="Table_13_generation_works_with_custom_values"/>
    <testcase time="0.0489999999999995" classname="table_13" name="Table_13_generation_works_with_custom_values"/>
    <testcase time="0.130000000000001" classname="table_13" name="Table_13_generation_works_with_custom_values"/>
    <testcase time="0.0429999999999993" classname="table_13" name="Table_13_generation_works_with_custom_values">
      <skipped message="Reason: On CRAN ('test-table_13.R:38:3')"/>
    </testcase>
  </testsuite>
  <testsuite name="table_14" timestamp="2023-06-13T13:21:32Z" hostname="808b1fe4dba5" tests="10" skipped="3" failures="0" errors="0" time="1.924">
    <testcase time="0.027000000000001" classname="table_14" name="Table_14_generation_works_with_default_values"/>
    <testcase time="0.477" classname="table_14" name="Table_14_generation_works_with_default_values"/>
    <testcase time="0.133999999999999" classname="table_14" name="Table_14_generation_works_with_default_values">
      <skipped message="Reason: On CRAN ('test-table_14.R:16:3')"/>
    </testcase>
    <testcase time="0.0130000000000017" classname="table_14" name="Table_14_generation_works_with_custom_values"/>
    <testcase time="0.048" classname="table_14" name="Table_14_generation_works_with_custom_values"/>
    <testcase time="0.501999999999999" classname="table_14" name="Table_14_generation_works_with_custom_values"/>
    <testcase time="0.133000000000001" classname="table_14" name="Table_14_generation_works_with_custom_values">
      <skipped message="Reason: On CRAN ('test-table_14.R:46:3')"/>
    </testcase>
    <testcase time="0.0129999999999999" classname="table_14" name="Table_14_generation_works_with_NA_values_pruned_rows"/>
    <testcase time="0.478999999999999" classname="table_14" name="Table_14_generation_works_with_NA_values_pruned_rows"/>
    <testcase time="0.0980000000000008" classname="table_14" name="Table_14_generation_works_with_NA_values_pruned_rows">
      <skipped message="Reason: On CRAN ('test-table_14.R:53:3')"/>
    </testcase>
  </testsuite>
  <testsuite name="table_20" timestamp="2023-06-13T13:21:34Z" hostname="808b1fe4dba5" tests="18" skipped="3" failures="0" errors="0" time="1.579">
    <testcase time="0.020999999999999" classname="table_20" name="Table_20_generation_works_with_default_values"/>
    <testcase time="0.00200000000000067" classname="table_20" name="Table_20_generation_works_with_default_values"/>
    <testcase time="0.000999999999999446" classname="table_20" name="Table_20_generation_works_with_default_values"/>
    <testcase time="0.0419999999999998" classname="table_20" name="Table_20_generation_works_with_default_values"/>
    <testcase time="0.326000000000001" classname="table_20" name="Table_20_generation_works_with_default_values"/>
    <testcase time="0.077" classname="table_20" name="Table_20_generation_works_with_default_values">
      <skipped message="Reason: On CRAN ('test-table_20.R:17:3')"/>
    </testcase>
    <testcase time="0.0129999999999999" classname="table_20" name="Table_20_generation_works_with_custom_values"/>
    <testcase time="0.000999999999999446" classname="table_20" name="Table_20_generation_works_with_custom_values"/>
    <testcase time="0.00200000000000067" classname="table_20" name="Table_20_generation_works_with_custom_values"/>
    <testcase time="0.0419999999999998" classname="table_20" name="Table_20_generation_works_with_custom_values"/>
    <testcase time="0.5" classname="table_20" name="Table_20_generation_works_with_custom_values"/>
    <testcase time="0.109" classname="table_20" name="Table_20_generation_works_with_custom_values">
      <skipped message="Reason: On CRAN ('test-table_20.R:65:3')"/>
    </testcase>
    <testcase time="0.0129999999999999" classname="table_20" name="Table_20_generation_works_with_missing_values_pruned_rows"/>
    <testcase time="0.00100000000000122" classname="table_20" name="Table_20_generation_works_with_missing_values_pruned_rows"/>
    <testcase time="0.00199999999999889" classname="table_20" name="Table_20_generation_works_with_missing_values_pruned_rows"/>
    <testcase time="0.0419999999999998" classname="table_20" name="Table_20_generation_works_with_missing_values_pruned_rows"/>
    <testcase time="0.311" classname="table_20" name="Table_20_generation_works_with_missing_values_pruned_rows"/>
    <testcase time="0.0739999999999998" classname="table_20" name="Table_20_generation_works_with_missing_values_pruned_rows">
      <skipped message="Reason: On CRAN ('test-table_20.R:74:3')"/>
    </testcase>
  </testsuite>
  <testsuite name="table_32" timestamp="2023-06-13T13:21:36Z" hostname="808b1fe4dba5" tests="12" skipped="3" failures="0" errors="0" time="0.867">
    <testcase time="0.0180000000000007" classname="table_32" name="Table_32_generation_works_with_default_values"/>
    <testcase time="0.0640000000000001" classname="table_32" name="Table_32_generation_works_with_default_values"/>
    <testcase time="0.103999999999999" classname="table_32" name="Table_32_generation_works_with_default_values"/>
    <testcase time="0.0410000000000004" classname="table_32" name="Table_32_generation_works_with_default_values">
      <skipped message="Reason: On CRAN ('test-table_32.R:8:3')"/>
    </testcase>
    <testcase time="0.0129999999999999" classname="table_32" name="Table_32_generation_works_with_custom_values"/>
    <testcase time="0.257" classname="table_32" name="Table_32_generation_works_with_custom_values"/>
    <testcase time="0.121" classname="table_32" name="Table_32_generation_works_with_custom_values"/>
    <testcase time="0.0489999999999995" classname="table_32" name="Table_32_generation_works_with_custom_values">
      <skipped message="Reason: On CRAN ('test-table_32.R:30:3')"/>
    </testcase>
    <testcase time="0.0129999999999999" classname="table_32" name="Table_32_generation_works_with_pruned_rows"/>
    <testcase time="0.0510000000000002" classname="table_32" name="Table_32_generation_works_with_pruned_rows"/>
    <testcase time="0.107999999999999" classname="table_32" name="Table_32_generation_works_with_pruned_rows"/>
    <testcase time="0.0280000000000005" classname="table_32" name="Table_32_generation_works_with_pruned_rows">
      <skipped message="Reason: On CRAN ('test-table_32.R:37:3')"/>
    </testcase>
  </testsuite>
  <testsuite name="table_33" timestamp="2023-06-13T13:21:37Z" hostname="808b1fe4dba5" tests="12" skipped="3" failures="0" errors="0" time="1.086">
    <testcase time="0.0170000000000012" classname="table_33" name="Table_33_generation_works_with_default_values"/>
    <testcase time="0.228" classname="table_33" name="Table_33_generation_works_with_default_values"/>
    <testcase time="0.0830000000000002" classname="table_33" name="Table_33_generation_works_with_default_values"/>
    <testcase time="0.0289999999999999" classname="table_33" name="Table_33_generation_works_with_default_values">
      <skipped message="Reason: On CRAN ('test-table_33.R:8:3')"/>
    </testcase>
    <testcase time="0.0129999999999999" classname="table_33" name="Table_33_generation_works_with_custom_values"/>
    <testcase time="0.225999999999999" classname="table_33" name="Table_33_generation_works_with_custom_values"/>
    <testcase time="0.106000000000002" classname="table_33" name="Table_33_generation_works_with_custom_values"/>
    <testcase time="0.0349999999999984" classname="table_33" name="Table_33_generation_works_with_custom_values">
      <skipped message="Reason: On CRAN ('test-table_33.R:34:3')"/>
    </testcase>
    <testcase time="0.0130000000000017" classname="table_33" name="Table_33_generation_works_with_pruned_rows"/>
    <testcase time="0.226999999999999" classname="table_33" name="Table_33_generation_works_with_pruned_rows"/>
    <testcase time="0.0820000000000007" classname="table_33" name="Table_33_generation_works_with_pruned_rows"/>
    <testcase time="0.0269999999999992" classname="table_33" name="Table_33_generation_works_with_pruned_rows">
      <skipped message="Reason: On CRAN ('test-table_33.R:42:3')"/>
    </testcase>
  </testsuite>
</testsuites>
