<?xml version="1.0" encoding="UTF-8"?>
<testsuites>
  <testsuite name="table_02" timestamp="2023-06-08T16:02:49Z" hostname="3274d51b9e9c" tests="9" skipped="3" failures="0" errors="0" time="1.982">
    <testcase time="0.268" classname="table_02" name="Table_02_generation_works_with_default_values"/>
    <testcase time="0.58" classname="table_02" name="Table_02_generation_works_with_default_values"/>
    <testcase time="0.228" classname="table_02" name="Table_02_generation_works_with_default_values">
      <skipped message="Reason: On CRAN ('test-table_02.R:16:3')"/>
    </testcase>
    <testcase time="0.069" classname="table_02" name="Table_02_generation_works_with_custom_values"/>
    <testcase time="0.414" classname="table_02" name="Table_02_generation_works_with_custom_values"/>
    <testcase time="0.216" classname="table_02" name="Table_02_generation_works_with_custom_values">
      <skipped message="Reason: On CRAN ('test-table_02.R:45:3')"/>
    </testcase>
    <testcase time="0.0549999999999997" classname="table_02" name="Table_02_generation_works_with_some_NA_values"/>
    <testcase time="0.105" classname="table_02" name="Table_02_generation_works_with_some_NA_values"/>
    <testcase time="0.0469999999999997" classname="table_02" name="Table_02_generation_works_with_some_NA_values">
      <skipped message="Reason: On CRAN ('test-table_02.R:57:3')"/>
    </testcase>
  </testsuite>
  <testsuite name="table_05" timestamp="2023-06-08T16:02:51Z" hostname="3274d51b9e9c" tests="9" skipped="3" failures="0" errors="0" time="1.177">
    <testcase time="0.181" classname="table_05" name="Table_05_generation_works_with_default_values"/>
    <testcase time="0.292" classname="table_05" name="Table_05_generation_works_with_default_values"/>
    <testcase time="0.0750000000000002" classname="table_05" name="Table_05_generation_works_with_default_values">
      <skipped message="Reason: On CRAN ('test-table_05.R:10:3')"/>
    </testcase>
    <testcase time="0.016" classname="table_05" name="Table_05_generation_works_with_custom_values"/>
    <testcase time="0.255" classname="table_05" name="Table_05_generation_works_with_custom_values"/>
    <testcase time="0.0890000000000004" classname="table_05" name="Table_05_generation_works_with_custom_values">
      <skipped message="Reason: On CRAN ('test-table_05.R:34:3')"/>
    </testcase>
    <testcase time="0.016" classname="table_05" name="Table_05_generation_works_with_NA_values_pruned_rows"/>
    <testcase time="0.183" classname="table_05" name="Table_05_generation_works_with_NA_values_pruned_rows"/>
    <testcase time="0.0700000000000003" classname="table_05" name="Table_05_generation_works_with_NA_values_pruned_rows">
      <skipped message="Reason: On CRAN ('test-table_05.R:44:3')"/>
    </testcase>
  </testsuite>
  <testsuite name="table_06" timestamp="2023-06-08T16:02:52Z" hostname="3274d51b9e9c" tests="10" skipped="2" failures="0" errors="0" time="1.301">
    <testcase time="0.0409999999999995" classname="table_06" name="Table_06_generation_works_with_default_values"/>
    <testcase time="0.00200000000000067" classname="table_06" name="Table_06_generation_works_with_default_values"/>
    <testcase time="0.0589999999999993" classname="table_06" name="Table_06_generation_works_with_default_values"/>
    <testcase time="0.399" classname="table_06" name="Table_06_generation_works_with_default_values"/>
    <testcase time="0.0900000000000007" classname="table_06" name="Table_06_generation_works_with_default_values">
      <skipped message="Reason: On CRAN ('test-table_06.R:8:3')"/>
    </testcase>
    <testcase time="0.0139999999999993" classname="table_06" name="Table_06_generation_works_with_custom_values"/>
    <testcase time="0.00100000000000033" classname="table_06" name="Table_06_generation_works_with_custom_values"/>
    <testcase time="0.0640000000000001" classname="table_06" name="Table_06_generation_works_with_custom_values"/>
    <testcase time="0.505" classname="table_06" name="Table_06_generation_works_with_custom_values"/>
    <testcase time="0.126" classname="table_06" name="Table_06_generation_works_with_custom_values">
      <skipped message="Reason: On CRAN ('test-table_06.R:40:3')"/>
    </testcase>
  </testsuite>
  <testsuite name="table_07" timestamp="2023-06-08T16:02:53Z" hostname="3274d51b9e9c" tests="18" skipped="3" failures="0" errors="0" time="1.645">
    <testcase time="0.024" classname="table_07" name="Table_07_generation_works_with_default_values"/>
    <testcase time="0.000999999999999446" classname="table_07" name="Table_07_generation_works_with_default_values"/>
    <testcase time="0.00100000000000033" classname="table_07" name="Table_07_generation_works_with_default_values"/>
    <testcase time="0.0419999999999998" classname="table_07" name="Table_07_generation_works_with_default_values"/>
    <testcase time="0.336" classname="table_07" name="Table_07_generation_works_with_default_values"/>
    <testcase time="0.118" classname="table_07" name="Table_07_generation_works_with_default_values">
      <skipped message="Reason: On CRAN ('test-table_07.R:13:3')"/>
    </testcase>
    <testcase time="0.0149999999999988" classname="table_07" name="Table_07_generation_works_with_custom_values"/>
    <testcase time="0.00100000000000122" classname="table_07" name="Table_07_generation_works_with_custom_values"/>
    <testcase time="0.00199999999999889" classname="table_07" name="Table_07_generation_works_with_custom_values"/>
    <testcase time="0.0410000000000004" classname="table_07" name="Table_07_generation_works_with_custom_values"/>
    <testcase time="0.441000000000001" classname="table_07" name="Table_07_generation_works_with_custom_values"/>
    <testcase time="0.141" classname="table_07" name="Table_07_generation_works_with_custom_values">
      <skipped message="Reason: On CRAN ('test-table_07.R:42:3')"/>
    </testcase>
    <testcase time="0.0149999999999988" classname="table_07" name="Table_07_generation_works_with_NA_values_pruned_rows"/>
    <testcase time="0.00100000000000122" classname="table_07" name="Table_07_generation_works_with_NA_values_pruned_rows"/>
    <testcase time="0.00199999999999889" classname="table_07" name="Table_07_generation_works_with_NA_values_pruned_rows"/>
    <testcase time="0.0410000000000004" classname="table_07" name="Table_07_generation_works_with_NA_values_pruned_rows"/>
    <testcase time="0.308999999999999" classname="table_07" name="Table_07_generation_works_with_NA_values_pruned_rows"/>
    <testcase time="0.114000000000001" classname="table_07" name="Table_07_generation_works_with_NA_values_pruned_rows">
      <skipped message="Reason: On CRAN ('test-table_07.R:52:3')"/>
    </testcase>
  </testsuite>
  <testsuite name="table_08" timestamp="2023-06-08T16:02:55Z" hostname="3274d51b9e9c" tests="8" skipped="2" failures="0" errors="0" time="0.437">
    <testcase time="0.0220000000000002" classname="table_08" name="Table_08_generation_works_with_default_values"/>
    <testcase time="0.000999999999999446" classname="table_08" name="Table_08_generation_works_with_default_values"/>
    <testcase time="0.048" classname="table_08" name="Table_08_generation_works_with_default_values"/>
    <testcase time="0.117000000000001" classname="table_08" name="Table_08_generation_works_with_default_values">
      <skipped message="Reason: On CRAN ('test-table_08.R:10:3')"/>
    </testcase>
    <testcase time="0.0149999999999988" classname="table_08" name="Table_08_generation_works_with_custom_values"/>
    <testcase time="0.00100000000000122" classname="table_08" name="Table_08_generation_works_with_custom_values"/>
    <testcase time="0.0419999999999998" classname="table_08" name="Table_08_generation_works_with_custom_values"/>
    <testcase time="0.190999999999999" classname="table_08" name="Table_08_generation_works_with_custom_values">
      <skipped message="Reason: On CRAN ('test-table_08.R:31:3')"/>
    </testcase>
  </testsuite>
  <testsuite name="table_09" timestamp="2023-06-08T16:02:55Z" hostname="3274d51b9e9c" tests="8" skipped="2" failures="0" errors="0" time="0.863">
    <testcase time="0.0210000000000008" classname="table_09" name="Table_09_generation_works_with_default_values"/>
    <testcase time="0.0410000000000004" classname="table_09" name="Table_09_generation_works_with_default_values"/>
    <testcase time="0.277999999999999" classname="table_09" name="Table_09_generation_works_with_default_values"/>
    <testcase time="0.0610000000000017" classname="table_09" name="Table_09_generation_works_with_default_values">
      <skipped message="Reason: On CRAN ('test-table_09.R:8:3')"/>
    </testcase>
    <testcase time="0.0139999999999993" classname="table_09" name="Table_09_generation_works_with_custom_values"/>
    <testcase time="0.0429999999999993" classname="table_09" name="Table_09_generation_works_with_custom_values"/>
    <testcase time="0.335000000000001" classname="table_09" name="Table_09_generation_works_with_custom_values"/>
    <testcase time="0.0700000000000003" classname="table_09" name="Table_09_generation_works_with_custom_values">
      <skipped message="Reason: On CRAN ('test-table_09.R:39:3')"/>
    </testcase>
  </testsuite>
  <testsuite name="table_13" timestamp="2023-06-08T16:02:56Z" hostname="3274d51b9e9c" tests="8" skipped="2" failures="0" errors="0" time="0.52">
    <testcase time="0.0279999999999987" classname="table_13" name="Table_13_generation_works_with_default_values"/>
    <testcase time="0.0540000000000003" classname="table_13" name="Table_13_generation_works_with_default_values"/>
    <testcase time="0.117000000000001" classname="table_13" name="Table_13_generation_works_with_default_values"/>
    <testcase time="0.0629999999999988" classname="table_13" name="Table_13_generation_works_with_default_values">
      <skipped message="Reason: On CRAN ('test-table_13.R:8:3')"/>
    </testcase>
    <testcase time="0.0150000000000006" classname="table_13" name="Table_13_generation_works_with_custom_values"/>
    <testcase time="0.0519999999999996" classname="table_13" name="Table_13_generation_works_with_custom_values"/>
    <testcase time="0.144" classname="table_13" name="Table_13_generation_works_with_custom_values"/>
    <testcase time="0.0470000000000006" classname="table_13" name="Table_13_generation_works_with_custom_values">
      <skipped message="Reason: On CRAN ('test-table_13.R:38:3')"/>
    </testcase>
  </testsuite>
  <testsuite name="table_14" timestamp="2023-06-08T16:02:57Z" hostname="3274d51b9e9c" tests="10" skipped="3" failures="0" errors="0" time="2.146">
    <testcase time="0.0299999999999994" classname="table_14" name="Table_14_generation_works_with_default_values"/>
    <testcase time="0.533000000000001" classname="table_14" name="Table_14_generation_works_with_default_values"/>
    <testcase time="0.149999999999999" classname="table_14" name="Table_14_generation_works_with_default_values">
      <skipped message="Reason: On CRAN ('test-table_14.R:16:3')"/>
    </testcase>
    <testcase time="0.0150000000000006" classname="table_14" name="Table_14_generation_works_with_custom_values"/>
    <testcase time="0.0510000000000002" classname="table_14" name="Table_14_generation_works_with_custom_values"/>
    <testcase time="0.561" classname="table_14" name="Table_14_generation_works_with_custom_values"/>
    <testcase time="0.146000000000001" classname="table_14" name="Table_14_generation_works_with_custom_values">
      <skipped message="Reason: On CRAN ('test-table_14.R:46:3')"/>
    </testcase>
    <testcase time="0.0149999999999988" classname="table_14" name="Table_14_generation_works_with_NA_values_pruned_rows"/>
    <testcase time="0.538" classname="table_14" name="Table_14_generation_works_with_NA_values_pruned_rows"/>
    <testcase time="0.106999999999999" classname="table_14" name="Table_14_generation_works_with_NA_values_pruned_rows">
      <skipped message="Reason: On CRAN ('test-table_14.R:53:3')"/>
    </testcase>
  </testsuite>
  <testsuite name="table_20" timestamp="2023-06-08T16:02:59Z" hostname="3274d51b9e9c" tests="18" skipped="3" failures="0" errors="0" time="1.757">
    <testcase time="0.0250000000000004" classname="table_20" name="Table_20_generation_works_with_default_values"/>
    <testcase time="0.00100000000000122" classname="table_20" name="Table_20_generation_works_with_default_values"/>
    <testcase time="0.000999999999999446" classname="table_20" name="Table_20_generation_works_with_default_values"/>
    <testcase time="0.0449999999999999" classname="table_20" name="Table_20_generation_works_with_default_values"/>
    <testcase time="0.369" classname="table_20" name="Table_20_generation_works_with_default_values"/>
    <testcase time="0.0839999999999996" classname="table_20" name="Table_20_generation_works_with_default_values">
      <skipped message="Reason: On CRAN ('test-table_20.R:17:3')"/>
    </testcase>
    <testcase time="0.0140000000000011" classname="table_20" name="Table_20_generation_works_with_custom_values"/>
    <testcase time="0.00199999999999889" classname="table_20" name="Table_20_generation_works_with_custom_values"/>
    <testcase time="0.00100000000000122" classname="table_20" name="Table_20_generation_works_with_custom_values"/>
    <testcase time="0.0449999999999999" classname="table_20" name="Table_20_generation_works_with_custom_values"/>
    <testcase time="0.558999999999999" classname="table_20" name="Table_20_generation_works_with_custom_values"/>
    <testcase time="0.119" classname="table_20" name="Table_20_generation_works_with_custom_values">
      <skipped message="Reason: On CRAN ('test-table_20.R:65:3')"/>
    </testcase>
    <testcase time="0.0140000000000011" classname="table_20" name="Table_20_generation_works_with_missing_values_pruned_rows"/>
    <testcase time="0.00199999999999889" classname="table_20" name="Table_20_generation_works_with_missing_values_pruned_rows"/>
    <testcase time="0.000999999999999446" classname="table_20" name="Table_20_generation_works_with_missing_values_pruned_rows"/>
    <testcase time="0.0450000000000017" classname="table_20" name="Table_20_generation_works_with_missing_values_pruned_rows"/>
    <testcase time="0.348999999999998" classname="table_20" name="Table_20_generation_works_with_missing_values_pruned_rows"/>
    <testcase time="0.0810000000000013" classname="table_20" name="Table_20_generation_works_with_missing_values_pruned_rows">
      <skipped message="Reason: On CRAN ('test-table_20.R:74:3')"/>
    </testcase>
  </testsuite>
  <testsuite name="table_32" timestamp="2023-06-08T16:03:00Z" hostname="3274d51b9e9c" tests="12" skipped="3" failures="0" errors="0" time="0.983">
    <testcase time="0.0199999999999996" classname="table_32" name="Table_32_generation_works_with_default_values"/>
    <testcase time="0.0730000000000004" classname="table_32" name="Table_32_generation_works_with_default_values"/>
    <testcase time="0.113" classname="table_32" name="Table_32_generation_works_with_default_values"/>
    <testcase time="0.0449999999999999" classname="table_32" name="Table_32_generation_works_with_default_values">
      <skipped message="Reason: On CRAN ('test-table_32.R:8:3')"/>
    </testcase>
    <testcase time="0.0139999999999993" classname="table_32" name="Table_32_generation_works_with_custom_values"/>
    <testcase time="0.315000000000001" classname="table_32" name="Table_32_generation_works_with_custom_values"/>
    <testcase time="0.131" classname="table_32" name="Table_32_generation_works_with_custom_values"/>
    <testcase time="0.0519999999999996" classname="table_32" name="Table_32_generation_works_with_custom_values">
      <skipped message="Reason: On CRAN ('test-table_32.R:30:3')"/>
    </testcase>
    <testcase time="0.0149999999999988" classname="table_32" name="Table_32_generation_works_with_pruned_rows"/>
    <testcase time="0.0550000000000015" classname="table_32" name="Table_32_generation_works_with_pruned_rows"/>
    <testcase time="0.117999999999999" classname="table_32" name="Table_32_generation_works_with_pruned_rows"/>
    <testcase time="0.032" classname="table_32" name="Table_32_generation_works_with_pruned_rows">
      <skipped message="Reason: On CRAN ('test-table_32.R:37:3')"/>
    </testcase>
  </testsuite>
  <testsuite name="table_33" timestamp="2023-06-08T16:03:01Z" hostname="3274d51b9e9c" tests="12" skipped="3" failures="0" errors="0" time="1.155">
    <testcase time="0.0190000000000001" classname="table_33" name="Table_33_generation_works_with_default_values"/>
    <testcase time="0.238000000000001" classname="table_33" name="Table_33_generation_works_with_default_values"/>
    <testcase time="0.0909999999999975" classname="table_33" name="Table_33_generation_works_with_default_values"/>
    <testcase time="0.032" classname="table_33" name="Table_33_generation_works_with_default_values">
      <skipped message="Reason: On CRAN ('test-table_33.R:8:3')"/>
    </testcase>
    <testcase time="0.0140000000000029" classname="table_33" name="Table_33_generation_works_with_custom_values"/>
    <testcase time="0.236999999999998" classname="table_33" name="Table_33_generation_works_with_custom_values"/>
    <testcase time="0.117000000000001" classname="table_33" name="Table_33_generation_works_with_custom_values"/>
    <testcase time="0.0380000000000003" classname="table_33" name="Table_33_generation_works_with_custom_values">
      <skipped message="Reason: On CRAN ('test-table_33.R:34:3')"/>
    </testcase>
    <testcase time="0.0150000000000006" classname="table_33" name="Table_33_generation_works_with_pruned_rows"/>
    <testcase time="0.236999999999998" classname="table_33" name="Table_33_generation_works_with_pruned_rows"/>
    <testcase time="0.088000000000001" classname="table_33" name="Table_33_generation_works_with_pruned_rows"/>
    <testcase time="0.0289999999999999" classname="table_33" name="Table_33_generation_works_with_pruned_rows">
      <skipped message="Reason: On CRAN ('test-table_33.R:42:3')"/>
    </testcase>
  </testsuite>
</testsuites>
