<?xml version="1.0" encoding="UTF-8"?>
<testsuites>
  <testsuite name="table_02" timestamp="2023-06-13T14:45:50Z" hostname="9d0e11476acd" tests="9" skipped="3" failures="0" errors="0" time="2.269">
    <testcase time="0.275" classname="table_02" name="Table_02_generation_works_with_default_values"/>
    <testcase time="0.667" classname="table_02" name="Table_02_generation_works_with_default_values"/>
    <testcase time="0.263999999999999" classname="table_02" name="Table_02_generation_works_with_default_values">
      <skipped message="Reason: On CRAN ('test-table_02.R:16:3')"/>
    </testcase>
    <testcase time="0.0780000000000003" classname="table_02" name="Table_02_generation_works_with_custom_values"/>
    <testcase time="0.483" classname="table_02" name="Table_02_generation_works_with_custom_values"/>
    <testcase time="0.268000000000001" classname="table_02" name="Table_02_generation_works_with_custom_values">
      <skipped message="Reason: On CRAN ('test-table_02.R:45:3')"/>
    </testcase>
    <testcase time="0.0649999999999995" classname="table_02" name="Table_02_generation_works_with_some_NA_values"/>
    <testcase time="0.115" classname="table_02" name="Table_02_generation_works_with_some_NA_values"/>
    <testcase time="0.0540000000000003" classname="table_02" name="Table_02_generation_works_with_some_NA_values">
      <skipped message="Reason: On CRAN ('test-table_02.R:57:3')"/>
    </testcase>
  </testsuite>
  <testsuite name="table_05" timestamp="2023-06-13T14:45:52Z" hostname="9d0e11476acd" tests="9" skipped="3" failures="0" errors="0" time="1.387">
    <testcase time="0.202" classname="table_05" name="Table_05_generation_works_with_default_values"/>
    <testcase time="0.33" classname="table_05" name="Table_05_generation_works_with_default_values"/>
    <testcase time="0.0960000000000001" classname="table_05" name="Table_05_generation_works_with_default_values">
      <skipped message="Reason: On CRAN ('test-table_05.R:10:3')"/>
    </testcase>
    <testcase time="0.0169999999999995" classname="table_05" name="Table_05_generation_works_with_custom_values"/>
    <testcase time="0.301" classname="table_05" name="Table_05_generation_works_with_custom_values"/>
    <testcase time="0.106" classname="table_05" name="Table_05_generation_works_with_custom_values">
      <skipped message="Reason: On CRAN ('test-table_05.R:34:3')"/>
    </testcase>
    <testcase time="0.0190000000000001" classname="table_05" name="Table_05_generation_works_with_NA_values_pruned_rows"/>
    <testcase time="0.228" classname="table_05" name="Table_05_generation_works_with_NA_values_pruned_rows"/>
    <testcase time="0.0880000000000001" classname="table_05" name="Table_05_generation_works_with_NA_values_pruned_rows">
      <skipped message="Reason: On CRAN ('test-table_05.R:44:3')"/>
    </testcase>
  </testsuite>
  <testsuite name="table_06" timestamp="2023-06-13T14:45:53Z" hostname="9d0e11476acd" tests="10" skipped="2" failures="0" errors="0" time="1.478">
    <testcase time="0.0410000000000004" classname="table_06" name="Table_06_generation_works_with_default_values"/>
    <testcase time="0.000999999999999446" classname="table_06" name="Table_06_generation_works_with_default_values"/>
    <testcase time="0.0610000000000008" classname="table_06" name="Table_06_generation_works_with_default_values"/>
    <testcase time="0.447" classname="table_06" name="Table_06_generation_works_with_default_values"/>
    <testcase time="0.115" classname="table_06" name="Table_06_generation_works_with_default_values">
      <skipped message="Reason: On CRAN ('test-table_06.R:8:3')"/>
    </testcase>
    <testcase time="0.0140000000000002" classname="table_06" name="Table_06_generation_works_with_custom_values"/>
    <testcase time="0.000999999999999446" classname="table_06" name="Table_06_generation_works_with_custom_values"/>
    <testcase time="0.0640000000000001" classname="table_06" name="Table_06_generation_works_with_custom_values"/>
    <testcase time="0.572000000000001" classname="table_06" name="Table_06_generation_works_with_custom_values"/>
    <testcase time="0.161999999999999" classname="table_06" name="Table_06_generation_works_with_custom_values">
      <skipped message="Reason: On CRAN ('test-table_06.R:40:3')"/>
    </testcase>
  </testsuite>
  <testsuite name="table_07" timestamp="2023-06-13T14:45:55Z" hostname="9d0e11476acd" tests="18" skipped="3" failures="0" errors="0" time="1.938">
    <testcase time="0.0229999999999997" classname="table_07" name="Table_07_generation_works_with_default_values"/>
    <testcase time="0.00100000000000122" classname="table_07" name="Table_07_generation_works_with_default_values"/>
    <testcase time="0.00199999999999889" classname="table_07" name="Table_07_generation_works_with_default_values"/>
    <testcase time="0.0440000000000005" classname="table_07" name="Table_07_generation_works_with_default_values"/>
    <testcase time="0.379" classname="table_07" name="Table_07_generation_works_with_default_values"/>
    <testcase time="0.140000000000001" classname="table_07" name="Table_07_generation_works_with_default_values">
      <skipped message="Reason: On CRAN ('test-table_07.R:13:3')"/>
    </testcase>
    <testcase time="0.0150000000000006" classname="table_07" name="Table_07_generation_works_with_custom_values"/>
    <testcase time="0.000999999999999446" classname="table_07" name="Table_07_generation_works_with_custom_values"/>
    <testcase time="0.000999999999999446" classname="table_07" name="Table_07_generation_works_with_custom_values"/>
    <testcase time="0.0500000000000007" classname="table_07" name="Table_07_generation_works_with_custom_values"/>
    <testcase time="0.548" classname="table_07" name="Table_07_generation_works_with_custom_values"/>
    <testcase time="0.177" classname="table_07" name="Table_07_generation_works_with_custom_values">
      <skipped message="Reason: On CRAN ('test-table_07.R:42:3')"/>
    </testcase>
    <testcase time="0.0180000000000007" classname="table_07" name="Table_07_generation_works_with_NA_values_pruned_rows"/>
    <testcase time="0.00199999999999889" classname="table_07" name="Table_07_generation_works_with_NA_values_pruned_rows"/>
    <testcase time="0.00100000000000122" classname="table_07" name="Table_07_generation_works_with_NA_values_pruned_rows"/>
    <testcase time="0.0439999999999987" classname="table_07" name="Table_07_generation_works_with_NA_values_pruned_rows"/>
    <testcase time="0.346" classname="table_07" name="Table_07_generation_works_with_NA_values_pruned_rows"/>
    <testcase time="0.146000000000001" classname="table_07" name="Table_07_generation_works_with_NA_values_pruned_rows">
      <skipped message="Reason: On CRAN ('test-table_07.R:52:3')"/>
    </testcase>
  </testsuite>
  <testsuite name="table_08" timestamp="2023-06-13T14:45:57Z" hostname="9d0e11476acd" tests="8" skipped="2" failures="0" errors="0" time="0.53">
    <testcase time="0.0220000000000002" classname="table_08" name="Table_08_generation_works_with_default_values"/>
    <testcase time="0.00199999999999889" classname="table_08" name="Table_08_generation_works_with_default_values"/>
    <testcase time="0.0519999999999996" classname="table_08" name="Table_08_generation_works_with_default_values"/>
    <testcase time="0.157" classname="table_08" name="Table_08_generation_works_with_default_values">
      <skipped message="Reason: On CRAN ('test-table_08.R:10:3')"/>
    </testcase>
    <testcase time="0.016" classname="table_08" name="Table_08_generation_works_with_custom_values"/>
    <testcase time="0.00100000000000122" classname="table_08" name="Table_08_generation_works_with_custom_values"/>
    <testcase time="0.0459999999999994" classname="table_08" name="Table_08_generation_works_with_custom_values"/>
    <testcase time="0.234" classname="table_08" name="Table_08_generation_works_with_custom_values">
      <skipped message="Reason: On CRAN ('test-table_08.R:31:3')"/>
    </testcase>
  </testsuite>
  <testsuite name="table_09" timestamp="2023-06-13T14:45:57Z" hostname="9d0e11476acd" tests="8" skipped="2" failures="0" errors="0" time="0.992">
    <testcase time="0.0250000000000004" classname="table_09" name="Table_09_generation_works_with_default_values"/>
    <testcase time="0.0440000000000005" classname="table_09" name="Table_09_generation_works_with_default_values"/>
    <testcase time="0.315" classname="table_09" name="Table_09_generation_works_with_default_values"/>
    <testcase time="0.0779999999999994" classname="table_09" name="Table_09_generation_works_with_default_values">
      <skipped message="Reason: On CRAN ('test-table_09.R:8:3')"/>
    </testcase>
    <testcase time="0.016" classname="table_09" name="Table_09_generation_works_with_custom_values"/>
    <testcase time="0.0490000000000013" classname="table_09" name="Table_09_generation_works_with_custom_values"/>
    <testcase time="0.373999999999999" classname="table_09" name="Table_09_generation_works_with_custom_values"/>
    <testcase time="0.0910000000000011" classname="table_09" name="Table_09_generation_works_with_custom_values">
      <skipped message="Reason: On CRAN ('test-table_09.R:39:3')"/>
    </testcase>
  </testsuite>
  <testsuite name="table_13" timestamp="2023-06-13T14:45:58Z" hostname="9d0e11476acd" tests="8" skipped="2" failures="0" errors="0" time="0.608">
    <testcase time="0.0279999999999987" classname="table_13" name="Table_13_generation_works_with_default_values"/>
    <testcase time="0.0589999999999993" classname="table_13" name="Table_13_generation_works_with_default_values"/>
    <testcase time="0.141999999999999" classname="table_13" name="Table_13_generation_works_with_default_values"/>
    <testcase time="0.0780000000000012" classname="table_13" name="Table_13_generation_works_with_default_values">
      <skipped message="Reason: On CRAN ('test-table_13.R:8:3')"/>
    </testcase>
    <testcase time="0.016" classname="table_13" name="Table_13_generation_works_with_custom_values"/>
    <testcase time="0.0609999999999999" classname="table_13" name="Table_13_generation_works_with_custom_values"/>
    <testcase time="0.166" classname="table_13" name="Table_13_generation_works_with_custom_values"/>
    <testcase time="0.0579999999999998" classname="table_13" name="Table_13_generation_works_with_custom_values">
      <skipped message="Reason: On CRAN ('test-table_13.R:38:3')"/>
    </testcase>
  </testsuite>
  <testsuite name="table_14" timestamp="2023-06-13T14:45:59Z" hostname="9d0e11476acd" tests="10" skipped="3" failures="0" errors="0" time="2.555">
    <testcase time="0.0329999999999995" classname="table_14" name="Table_14_generation_works_with_default_values"/>
    <testcase time="0.599" classname="table_14" name="Table_14_generation_works_with_default_values"/>
    <testcase time="0.201000000000001" classname="table_14" name="Table_14_generation_works_with_default_values">
      <skipped message="Reason: On CRAN ('test-table_14.R:16:3')"/>
    </testcase>
    <testcase time="0.0190000000000001" classname="table_14" name="Table_14_generation_works_with_custom_values"/>
    <testcase time="0.0649999999999995" classname="table_14" name="Table_14_generation_works_with_custom_values"/>
    <testcase time="0.664" classname="table_14" name="Table_14_generation_works_with_custom_values"/>
    <testcase time="0.186" classname="table_14" name="Table_14_generation_works_with_custom_values">
      <skipped message="Reason: On CRAN ('test-table_14.R:46:3')"/>
    </testcase>
    <testcase time="0.016" classname="table_14" name="Table_14_generation_works_with_NA_values_pruned_rows"/>
    <testcase time="0.635999999999999" classname="table_14" name="Table_14_generation_works_with_NA_values_pruned_rows"/>
    <testcase time="0.136000000000001" classname="table_14" name="Table_14_generation_works_with_NA_values_pruned_rows">
      <skipped message="Reason: On CRAN ('test-table_14.R:53:3')"/>
    </testcase>
  </testsuite>
  <testsuite name="table_20" timestamp="2023-06-13T14:46:02Z" hostname="9d0e11476acd" tests="18" skipped="3" failures="0" errors="0" time="2.196">
    <testcase time="0.0310000000000006" classname="table_20" name="Table_20_generation_works_with_default_values"/>
    <testcase time="0.00199999999999889" classname="table_20" name="Table_20_generation_works_with_default_values"/>
    <testcase time="0.000999999999999446" classname="table_20" name="Table_20_generation_works_with_default_values"/>
    <testcase time="0.0580000000000016" classname="table_20" name="Table_20_generation_works_with_default_values"/>
    <testcase time="0.430999999999999" classname="table_20" name="Table_20_generation_works_with_default_values"/>
    <testcase time="0.111000000000001" classname="table_20" name="Table_20_generation_works_with_default_values">
      <skipped message="Reason: On CRAN ('test-table_20.R:17:3')"/>
    </testcase>
    <testcase time="0.0190000000000001" classname="table_20" name="Table_20_generation_works_with_custom_values"/>
    <testcase time="0.000999999999999446" classname="table_20" name="Table_20_generation_works_with_custom_values"/>
    <testcase time="0.00200000000000067" classname="table_20" name="Table_20_generation_works_with_custom_values"/>
    <testcase time="0.0579999999999998" classname="table_20" name="Table_20_generation_works_with_custom_values"/>
    <testcase time="0.716999999999999" classname="table_20" name="Table_20_generation_works_with_custom_values"/>
    <testcase time="0.151" classname="table_20" name="Table_20_generation_works_with_custom_values">
      <skipped message="Reason: On CRAN ('test-table_20.R:65:3')"/>
    </testcase>
    <testcase time="0.0180000000000007" classname="table_20" name="Table_20_generation_works_with_missing_values_pruned_rows"/>
    <testcase time="0.00100000000000122" classname="table_20" name="Table_20_generation_works_with_missing_values_pruned_rows"/>
    <testcase time="0.00199999999999889" classname="table_20" name="Table_20_generation_works_with_missing_values_pruned_rows"/>
    <testcase time="0.0560000000000009" classname="table_20" name="Table_20_generation_works_with_missing_values_pruned_rows"/>
    <testcase time="0.428000000000001" classname="table_20" name="Table_20_generation_works_with_missing_values_pruned_rows"/>
    <testcase time="0.108999999999998" classname="table_20" name="Table_20_generation_works_with_missing_values_pruned_rows">
      <skipped message="Reason: On CRAN ('test-table_20.R:74:3')"/>
    </testcase>
  </testsuite>
  <testsuite name="table_32" timestamp="2023-06-13T14:46:04Z" hostname="9d0e11476acd" tests="12" skipped="3" failures="0" errors="0" time="1.178">
    <testcase time="0.0210000000000008" classname="table_32" name="Table_32_generation_works_with_default_values"/>
    <testcase time="0.0790000000000006" classname="table_32" name="Table_32_generation_works_with_default_values"/>
    <testcase time="0.130000000000003" classname="table_32" name="Table_32_generation_works_with_default_values"/>
    <testcase time="0.0849999999999973" classname="table_32" name="Table_32_generation_works_with_default_values">
      <skipped message="Reason: On CRAN ('test-table_32.R:8:3')"/>
    </testcase>
    <testcase time="0.0240000000000009" classname="table_32" name="Table_32_generation_works_with_custom_values"/>
    <testcase time="0.343" classname="table_32" name="Table_32_generation_works_with_custom_values"/>
    <testcase time="0.161999999999999" classname="table_32" name="Table_32_generation_works_with_custom_values"/>
    <testcase time="0.0700000000000003" classname="table_32" name="Table_32_generation_works_with_custom_values">
      <skipped message="Reason: On CRAN ('test-table_32.R:30:3')"/>
    </testcase>
    <testcase time="0.0169999999999995" classname="table_32" name="Table_32_generation_works_with_pruned_rows"/>
    <testcase time="0.0640000000000001" classname="table_32" name="Table_32_generation_works_with_pruned_rows"/>
    <testcase time="0.143000000000001" classname="table_32" name="Table_32_generation_works_with_pruned_rows"/>
    <testcase time="0.0399999999999991" classname="table_32" name="Table_32_generation_works_with_pruned_rows">
      <skipped message="Reason: On CRAN ('test-table_32.R:37:3')"/>
    </testcase>
  </testsuite>
  <testsuite name="table_33" timestamp="2023-06-13T14:46:05Z" hostname="9d0e11476acd" tests="12" skipped="3" failures="0" errors="0" time="1.638">
    <testcase time="0.0210000000000008" classname="table_33" name="Table_33_generation_works_with_default_values"/>
    <testcase time="0.366" classname="table_33" name="Table_33_generation_works_with_default_values"/>
    <testcase time="0.106000000000002" classname="table_33" name="Table_33_generation_works_with_default_values"/>
    <testcase time="0.0470000000000006" classname="table_33" name="Table_33_generation_works_with_default_values">
      <skipped message="Reason: On CRAN ('test-table_33.R:8:3')"/>
    </testcase>
    <testcase time="0.0169999999999995" classname="table_33" name="Table_33_generation_works_with_custom_values"/>
    <testcase time="0.370999999999999" classname="table_33" name="Table_33_generation_works_with_custom_values"/>
    <testcase time="0.134" classname="table_33" name="Table_33_generation_works_with_custom_values"/>
    <testcase time="0.0470000000000006" classname="table_33" name="Table_33_generation_works_with_custom_values">
      <skipped message="Reason: On CRAN ('test-table_33.R:34:3')"/>
    </testcase>
    <testcase time="0.0159999999999982" classname="table_33" name="Table_33_generation_works_with_pruned_rows"/>
    <testcase time="0.367000000000001" classname="table_33" name="Table_33_generation_works_with_pruned_rows"/>
    <testcase time="0.106999999999999" classname="table_33" name="Table_33_generation_works_with_pruned_rows"/>
    <testcase time="0.0390000000000015" classname="table_33" name="Table_33_generation_works_with_pruned_rows">
      <skipped message="Reason: On CRAN ('test-table_33.R:42:3')"/>
    </testcase>
  </testsuite>
</testsuites>
