<?xml version="1.0" encoding="UTF-8"?>
<testsuites>
  <testsuite name="table_02" timestamp="2023-06-15T19:09:44Z" hostname="123288ebbac1" tests="9" skipped="3" failures="0" errors="0" time="1.827">
    <testcase time="0.218" classname="table_02" name="Table_02_generation_works_with_default_values"/>
    <testcase time="0.552" classname="table_02" name="Table_02_generation_works_with_default_values"/>
    <testcase time="0.213" classname="table_02" name="Table_02_generation_works_with_default_values">
      <skipped message="Reason: On CRAN ('test-table_02.R:16:3')"/>
    </testcase>
    <testcase time="0.0640000000000001" classname="table_02" name="Table_02_generation_works_with_custom_values"/>
    <testcase time="0.383" classname="table_02" name="Table_02_generation_works_with_custom_values"/>
    <testcase time="0.201" classname="table_02" name="Table_02_generation_works_with_custom_values">
      <skipped message="Reason: On CRAN ('test-table_02.R:45:3')"/>
    </testcase>
    <testcase time="0.0520000000000005" classname="table_02" name="Table_02_generation_works_with_some_NA_values"/>
    <testcase time="0.101" classname="table_02" name="Table_02_generation_works_with_some_NA_values"/>
    <testcase time="0.0430000000000001" classname="table_02" name="Table_02_generation_works_with_some_NA_values">
      <skipped message="Reason: On CRAN ('test-table_02.R:57:3')"/>
    </testcase>
  </testsuite>
  <testsuite name="table_05" timestamp="2023-06-15T19:09:46Z" hostname="123288ebbac1" tests="9" skipped="3" failures="0" errors="0" time="1.079">
    <testcase time="0.169" classname="table_05" name="Table_05_generation_works_with_default_values"/>
    <testcase time="0.27" classname="table_05" name="Table_05_generation_works_with_default_values"/>
    <testcase time="0.0649999999999995" classname="table_05" name="Table_05_generation_works_with_default_values">
      <skipped message="Reason: On CRAN ('test-table_05.R:10:3')"/>
    </testcase>
    <testcase time="0.0129999999999999" classname="table_05" name="Table_05_generation_works_with_custom_values"/>
    <testcase time="0.236" classname="table_05" name="Table_05_generation_works_with_custom_values"/>
    <testcase time="0.0819999999999999" classname="table_05" name="Table_05_generation_works_with_custom_values">
      <skipped message="Reason: On CRAN ('test-table_05.R:34:3')"/>
    </testcase>
    <testcase time="0.0140000000000002" classname="table_05" name="Table_05_generation_works_with_NA_values_pruned_rows"/>
    <testcase time="0.167" classname="table_05" name="Table_05_generation_works_with_NA_values_pruned_rows"/>
    <testcase time="0.0630000000000006" classname="table_05" name="Table_05_generation_works_with_NA_values_pruned_rows">
      <skipped message="Reason: On CRAN ('test-table_05.R:44:3')"/>
    </testcase>
  </testsuite>
  <testsuite name="table_06" timestamp="2023-06-15T19:09:47Z" hostname="123288ebbac1" tests="10" skipped="2" failures="0" errors="0" time="1.198">
    <testcase time="0.0359999999999996" classname="table_06" name="Table_06_generation_works_with_default_values"/>
    <testcase time="0.00100000000000033" classname="table_06" name="Table_06_generation_works_with_default_values"/>
    <testcase time="0.056" classname="table_06" name="Table_06_generation_works_with_default_values"/>
    <testcase time="0.365" classname="table_06" name="Table_06_generation_works_with_default_values"/>
    <testcase time="0.085" classname="table_06" name="Table_06_generation_works_with_default_values">
      <skipped message="Reason: On CRAN ('test-table_06.R:8:3')"/>
    </testcase>
    <testcase time="0.0129999999999999" classname="table_06" name="Table_06_generation_works_with_custom_values"/>
    <testcase time="0.000999999999999446" classname="table_06" name="Table_06_generation_works_with_custom_values"/>
    <testcase time="0.0590000000000002" classname="table_06" name="Table_06_generation_works_with_custom_values"/>
    <testcase time="0.463" classname="table_06" name="Table_06_generation_works_with_custom_values"/>
    <testcase time="0.119" classname="table_06" name="Table_06_generation_works_with_custom_values">
      <skipped message="Reason: On CRAN ('test-table_06.R:40:3')"/>
    </testcase>
  </testsuite>
  <testsuite name="table_07" timestamp="2023-06-15T19:09:48Z" hostname="123288ebbac1" tests="18" skipped="3" failures="0" errors="0" time="1.508">
    <testcase time="0.0209999999999999" classname="table_07" name="Table_07_generation_works_with_default_values"/>
    <testcase time="0.00200000000000067" classname="table_07" name="Table_07_generation_works_with_default_values"/>
    <testcase time="0.000999999999999446" classname="table_07" name="Table_07_generation_works_with_default_values"/>
    <testcase time="0.0380000000000003" classname="table_07" name="Table_07_generation_works_with_default_values"/>
    <testcase time="0.31" classname="table_07" name="Table_07_generation_works_with_default_values"/>
    <testcase time="0.104" classname="table_07" name="Table_07_generation_works_with_default_values">
      <skipped message="Reason: On CRAN ('test-table_07.R:13:3')"/>
    </testcase>
    <testcase time="0.0129999999999999" classname="table_07" name="Table_07_generation_works_with_custom_values"/>
    <testcase time="0.00100000000000033" classname="table_07" name="Table_07_generation_works_with_custom_values"/>
    <testcase time="0.000999999999999446" classname="table_07" name="Table_07_generation_works_with_custom_values"/>
    <testcase time="0.0380000000000003" classname="table_07" name="Table_07_generation_works_with_custom_values"/>
    <testcase time="0.404999999999999" classname="table_07" name="Table_07_generation_works_with_custom_values"/>
    <testcase time="0.134000000000001" classname="table_07" name="Table_07_generation_works_with_custom_values">
      <skipped message="Reason: On CRAN ('test-table_07.R:42:3')"/>
    </testcase>
    <testcase time="0.0129999999999999" classname="table_07" name="Table_07_generation_works_with_NA_values_pruned_rows"/>
    <testcase time="0.00199999999999889" classname="table_07" name="Table_07_generation_works_with_NA_values_pruned_rows"/>
    <testcase time="0.00100000000000122" classname="table_07" name="Table_07_generation_works_with_NA_values_pruned_rows"/>
    <testcase time="0.0389999999999997" classname="table_07" name="Table_07_generation_works_with_NA_values_pruned_rows"/>
    <testcase time="0.277999999999999" classname="table_07" name="Table_07_generation_works_with_NA_values_pruned_rows"/>
    <testcase time="0.107000000000001" classname="table_07" name="Table_07_generation_works_with_NA_values_pruned_rows">
      <skipped message="Reason: On CRAN ('test-table_07.R:52:3')"/>
    </testcase>
  </testsuite>
  <testsuite name="table_08" timestamp="2023-06-15T19:09:49Z" hostname="123288ebbac1" tests="8" skipped="2" failures="0" errors="0" time="0.403">
    <testcase time="0.0199999999999996" classname="table_08" name="Table_08_generation_works_with_default_values"/>
    <testcase time="0.000999999999999446" classname="table_08" name="Table_08_generation_works_with_default_values"/>
    <testcase time="0.0440000000000005" classname="table_08" name="Table_08_generation_works_with_default_values"/>
    <testcase time="0.109" classname="table_08" name="Table_08_generation_works_with_default_values">
      <skipped message="Reason: On CRAN ('test-table_08.R:10:3')"/>
    </testcase>
    <testcase time="0.0129999999999999" classname="table_08" name="Table_08_generation_works_with_custom_values"/>
    <testcase time="0.000999999999999446" classname="table_08" name="Table_08_generation_works_with_custom_values"/>
    <testcase time="0.0400000000000009" classname="table_08" name="Table_08_generation_works_with_custom_values"/>
    <testcase time="0.175000000000001" classname="table_08" name="Table_08_generation_works_with_custom_values">
      <skipped message="Reason: On CRAN ('test-table_08.R:31:3')"/>
    </testcase>
  </testsuite>
  <testsuite name="table_09" timestamp="2023-06-15T19:09:50Z" hostname="123288ebbac1" tests="8" skipped="2" failures="0" errors="0" time="0.78">
    <testcase time="0.0169999999999995" classname="table_09" name="Table_09_generation_works_with_default_values"/>
    <testcase time="0.0389999999999997" classname="table_09" name="Table_09_generation_works_with_default_values"/>
    <testcase time="0.25" classname="table_09" name="Table_09_generation_works_with_default_values"/>
    <testcase time="0.0570000000000004" classname="table_09" name="Table_09_generation_works_with_default_values">
      <skipped message="Reason: On CRAN ('test-table_09.R:8:3')"/>
    </testcase>
    <testcase time="0.0129999999999999" classname="table_09" name="Table_09_generation_works_with_custom_values"/>
    <testcase time="0.0389999999999997" classname="table_09" name="Table_09_generation_works_with_custom_values"/>
    <testcase time="0.301" classname="table_09" name="Table_09_generation_works_with_custom_values"/>
    <testcase time="0.0640000000000001" classname="table_09" name="Table_09_generation_works_with_custom_values">
      <skipped message="Reason: On CRAN ('test-table_09.R:39:3')"/>
    </testcase>
  </testsuite>
  <testsuite name="table_13" timestamp="2023-06-15T19:09:50Z" hostname="123288ebbac1" tests="8" skipped="2" failures="0" errors="0" time="0.474">
    <testcase time="0.027000000000001" classname="table_13" name="Table_13_generation_works_with_default_values"/>
    <testcase time="0.0469999999999988" classname="table_13" name="Table_13_generation_works_with_default_values"/>
    <testcase time="0.107000000000001" classname="table_13" name="Table_13_generation_works_with_default_values"/>
    <testcase time="0.0589999999999993" classname="table_13" name="Table_13_generation_works_with_default_values">
      <skipped message="Reason: On CRAN ('test-table_13.R:8:3')"/>
    </testcase>
    <testcase time="0.0129999999999999" classname="table_13" name="Table_13_generation_works_with_custom_values"/>
    <testcase time="0.048" classname="table_13" name="Table_13_generation_works_with_custom_values"/>
    <testcase time="0.130000000000001" classname="table_13" name="Table_13_generation_works_with_custom_values"/>
    <testcase time="0.0429999999999993" classname="table_13" name="Table_13_generation_works_with_custom_values">
      <skipped message="Reason: On CRAN ('test-table_13.R:38:3')"/>
    </testcase>
  </testsuite>
  <testsuite name="table_14" timestamp="2023-06-15T19:09:51Z" hostname="123288ebbac1" tests="10" skipped="3" failures="0" errors="0" time="1.936">
    <testcase time="0.027000000000001" classname="table_14" name="Table_14_generation_works_with_default_values"/>
    <testcase time="0.476999999999999" classname="table_14" name="Table_14_generation_works_with_default_values"/>
    <testcase time="0.135" classname="table_14" name="Table_14_generation_works_with_default_values">
      <skipped message="Reason: On CRAN ('test-table_14.R:16:3')"/>
    </testcase>
    <testcase time="0.0130000000000017" classname="table_14" name="Table_14_generation_works_with_custom_values"/>
    <testcase time="0.0469999999999988" classname="table_14" name="Table_14_generation_works_with_custom_values"/>
    <testcase time="0.509" classname="table_14" name="Table_14_generation_works_with_custom_values"/>
    <testcase time="0.133000000000001" classname="table_14" name="Table_14_generation_works_with_custom_values">
      <skipped message="Reason: On CRAN ('test-table_14.R:46:3')"/>
    </testcase>
    <testcase time="0.0139999999999993" classname="table_14" name="Table_14_generation_works_with_NA_values_pruned_rows"/>
    <testcase time="0.483000000000001" classname="table_14" name="Table_14_generation_works_with_NA_values_pruned_rows"/>
    <testcase time="0.097999999999999" classname="table_14" name="Table_14_generation_works_with_NA_values_pruned_rows">
      <skipped message="Reason: On CRAN ('test-table_14.R:53:3')"/>
    </testcase>
  </testsuite>
  <testsuite name="table_20" timestamp="2023-06-15T19:09:53Z" hostname="123288ebbac1" tests="18" skipped="3" failures="0" errors="0" time="1.587">
    <testcase time="0.0220000000000002" classname="table_20" name="Table_20_generation_works_with_default_values"/>
    <testcase time="0.000999999999999446" classname="table_20" name="Table_20_generation_works_with_default_values"/>
    <testcase time="0.00100000000000122" classname="table_20" name="Table_20_generation_works_with_default_values"/>
    <testcase time="0.0419999999999998" classname="table_20" name="Table_20_generation_works_with_default_values"/>
    <testcase time="0.328999999999999" classname="table_20" name="Table_20_generation_works_with_default_values"/>
    <testcase time="0.077" classname="table_20" name="Table_20_generation_works_with_default_values">
      <skipped message="Reason: On CRAN ('test-table_20.R:17:3')"/>
    </testcase>
    <testcase time="0.0129999999999999" classname="table_20" name="Table_20_generation_works_with_custom_values"/>
    <testcase time="0.00200000000000067" classname="table_20" name="Table_20_generation_works_with_custom_values"/>
    <testcase time="0.000999999999999446" classname="table_20" name="Table_20_generation_works_with_custom_values"/>
    <testcase time="0.0420000000000016" classname="table_20" name="Table_20_generation_works_with_custom_values"/>
    <testcase time="0.504999999999999" classname="table_20" name="Table_20_generation_works_with_custom_values"/>
    <testcase time="0.109" classname="table_20" name="Table_20_generation_works_with_custom_values">
      <skipped message="Reason: On CRAN ('test-table_20.R:65:3')"/>
    </testcase>
    <testcase time="0.0129999999999999" classname="table_20" name="Table_20_generation_works_with_missing_values_pruned_rows"/>
    <testcase time="0.000999999999999446" classname="table_20" name="Table_20_generation_works_with_missing_values_pruned_rows"/>
    <testcase time="0.00100000000000122" classname="table_20" name="Table_20_generation_works_with_missing_values_pruned_rows"/>
    <testcase time="0.0419999999999998" classname="table_20" name="Table_20_generation_works_with_missing_values_pruned_rows"/>
    <testcase time="0.311999999999999" classname="table_20" name="Table_20_generation_works_with_missing_values_pruned_rows"/>
    <testcase time="0.0739999999999998" classname="table_20" name="Table_20_generation_works_with_missing_values_pruned_rows">
      <skipped message="Reason: On CRAN ('test-table_20.R:74:3')"/>
    </testcase>
  </testsuite>
  <testsuite name="table_32" timestamp="2023-06-15T19:09:54Z" hostname="123288ebbac1" tests="12" skipped="3" failures="0" errors="0" time="0.87">
    <testcase time="0.0180000000000007" classname="table_32" name="Table_32_generation_works_with_default_values"/>
    <testcase time="0.0630000000000006" classname="table_32" name="Table_32_generation_works_with_default_values"/>
    <testcase time="0.103" classname="table_32" name="Table_32_generation_works_with_default_values"/>
    <testcase time="0.0410000000000004" classname="table_32" name="Table_32_generation_works_with_default_values">
      <skipped message="Reason: On CRAN ('test-table_32.R:8:3')"/>
    </testcase>
    <testcase time="0.0129999999999999" classname="table_32" name="Table_32_generation_works_with_custom_values"/>
    <testcase time="0.257999999999999" classname="table_32" name="Table_32_generation_works_with_custom_values"/>
    <testcase time="0.122999999999999" classname="table_32" name="Table_32_generation_works_with_custom_values"/>
    <testcase time="0.0490000000000013" classname="table_32" name="Table_32_generation_works_with_custom_values">
      <skipped message="Reason: On CRAN ('test-table_32.R:30:3')"/>
    </testcase>
    <testcase time="0.0139999999999993" classname="table_32" name="Table_32_generation_works_with_pruned_rows"/>
    <testcase time="0.0510000000000002" classname="table_32" name="Table_32_generation_works_with_pruned_rows"/>
    <testcase time="0.108000000000001" classname="table_32" name="Table_32_generation_works_with_pruned_rows"/>
    <testcase time="0.0289999999999999" classname="table_32" name="Table_32_generation_works_with_pruned_rows">
      <skipped message="Reason: On CRAN ('test-table_32.R:37:3')"/>
    </testcase>
  </testsuite>
  <testsuite name="table_33" timestamp="2023-06-15T19:09:55Z" hostname="123288ebbac1" tests="12" skipped="3" failures="0" errors="0" time="1.099">
    <testcase time="0.0169999999999995" classname="table_33" name="Table_33_generation_works_with_default_values"/>
    <testcase time="0.228" classname="table_33" name="Table_33_generation_works_with_default_values"/>
    <testcase time="0.0850000000000009" classname="table_33" name="Table_33_generation_works_with_default_values"/>
    <testcase time="0.0299999999999994" classname="table_33" name="Table_33_generation_works_with_default_values">
      <skipped message="Reason: On CRAN ('test-table_33.R:8:3')"/>
    </testcase>
    <testcase time="0.0139999999999993" classname="table_33" name="Table_33_generation_works_with_custom_values"/>
    <testcase time="0.226000000000001" classname="table_33" name="Table_33_generation_works_with_custom_values"/>
    <testcase time="0.106999999999999" classname="table_33" name="Table_33_generation_works_with_custom_values"/>
    <testcase time="0.0360000000000014" classname="table_33" name="Table_33_generation_works_with_custom_values">
      <skipped message="Reason: On CRAN ('test-table_33.R:34:3')"/>
    </testcase>
    <testcase time="0.0129999999999999" classname="table_33" name="Table_33_generation_works_with_pruned_rows"/>
    <testcase time="0.232999999999999" classname="table_33" name="Table_33_generation_works_with_pruned_rows"/>
    <testcase time="0.0830000000000002" classname="table_33" name="Table_33_generation_works_with_pruned_rows"/>
    <testcase time="0.027000000000001" classname="table_33" name="Table_33_generation_works_with_pruned_rows">
      <skipped message="Reason: On CRAN ('test-table_33.R:42:3')"/>
    </testcase>
  </testsuite>
</testsuites>
