<?xml version="1.0" encoding="UTF-8"?>
<testsuites>
  <testsuite name="table_02" timestamp="2023-06-08T19:44:58Z" hostname="43cccdc42d8c" tests="9" skipped="3" failures="0" errors="0" time="2.629">
    <testcase time="0.311" classname="table_02" name="Table_02_generation_works_with_default_values"/>
    <testcase time="0.756" classname="table_02" name="Table_02_generation_works_with_default_values"/>
    <testcase time="0.3" classname="table_02" name="Table_02_generation_works_with_default_values">
      <skipped message="Reason: On CRAN ('test-table_02.R:16:3')"/>
    </testcase>
    <testcase time="0.0899999999999999" classname="table_02" name="Table_02_generation_works_with_custom_values"/>
    <testcase time="0.577" classname="table_02" name="Table_02_generation_works_with_custom_values"/>
    <testcase time="0.319" classname="table_02" name="Table_02_generation_works_with_custom_values">
      <skipped message="Reason: On CRAN ('test-table_02.R:45:3')"/>
    </testcase>
    <testcase time="0.0750000000000002" classname="table_02" name="Table_02_generation_works_with_some_NA_values"/>
    <testcase time="0.134" classname="table_02" name="Table_02_generation_works_with_some_NA_values"/>
    <testcase time="0.0670000000000002" classname="table_02" name="Table_02_generation_works_with_some_NA_values">
      <skipped message="Reason: On CRAN ('test-table_02.R:57:3')"/>
    </testcase>
  </testsuite>
  <testsuite name="table_05" timestamp="2023-06-08T19:45:00Z" hostname="43cccdc42d8c" tests="9" skipped="3" failures="0" errors="0" time="1.589">
    <testcase time="0.234999999999999" classname="table_05" name="Table_05_generation_works_with_default_values"/>
    <testcase time="0.395" classname="table_05" name="Table_05_generation_works_with_default_values"/>
    <testcase time="0.101999999999999" classname="table_05" name="Table_05_generation_works_with_default_values">
      <skipped message="Reason: On CRAN ('test-table_05.R:10:3')"/>
    </testcase>
    <testcase time="0.0180000000000007" classname="table_05" name="Table_05_generation_works_with_custom_values"/>
    <testcase time="0.347" classname="table_05" name="Table_05_generation_works_with_custom_values"/>
    <testcase time="0.13" classname="table_05" name="Table_05_generation_works_with_custom_values">
      <skipped message="Reason: On CRAN ('test-table_05.R:34:3')"/>
    </testcase>
    <testcase time="0.0200000000000005" classname="table_05" name="Table_05_generation_works_with_NA_values_pruned_rows"/>
    <testcase time="0.244" classname="table_05" name="Table_05_generation_works_with_NA_values_pruned_rows"/>
    <testcase time="0.0979999999999999" classname="table_05" name="Table_05_generation_works_with_NA_values_pruned_rows">
      <skipped message="Reason: On CRAN ('test-table_05.R:44:3')"/>
    </testcase>
  </testsuite>
  <testsuite name="table_06" timestamp="2023-06-08T19:45:02Z" hostname="43cccdc42d8c" tests="10" skipped="2" failures="0" errors="0" time="1.749">
    <testcase time="0.048" classname="table_06" name="Table_06_generation_works_with_default_values"/>
    <testcase time="0.00100000000000033" classname="table_06" name="Table_06_generation_works_with_default_values"/>
    <testcase time="0.0719999999999992" classname="table_06" name="Table_06_generation_works_with_default_values"/>
    <testcase time="0.524000000000001" classname="table_06" name="Table_06_generation_works_with_default_values"/>
    <testcase time="0.134" classname="table_06" name="Table_06_generation_works_with_default_values">
      <skipped message="Reason: On CRAN ('test-table_06.R:8:3')"/>
    </testcase>
    <testcase time="0.0190000000000001" classname="table_06" name="Table_06_generation_works_with_custom_values"/>
    <testcase time="0.00199999999999889" classname="table_06" name="Table_06_generation_works_with_custom_values"/>
    <testcase time="0.0839999999999996" classname="table_06" name="Table_06_generation_works_with_custom_values"/>
    <testcase time="0.675000000000001" classname="table_06" name="Table_06_generation_works_with_custom_values"/>
    <testcase time="0.19" classname="table_06" name="Table_06_generation_works_with_custom_values">
      <skipped message="Reason: On CRAN ('test-table_06.R:40:3')"/>
    </testcase>
  </testsuite>
  <testsuite name="table_07" timestamp="2023-06-08T19:45:04Z" hostname="43cccdc42d8c" tests="18" skipped="3" failures="0" errors="0" time="2.3">
    <testcase time="0.0310000000000006" classname="table_07" name="Table_07_generation_works_with_default_values"/>
    <testcase time="0.00200000000000067" classname="table_07" name="Table_07_generation_works_with_default_values"/>
    <testcase time="0.000999999999999446" classname="table_07" name="Table_07_generation_works_with_default_values"/>
    <testcase time="0.0549999999999997" classname="table_07" name="Table_07_generation_works_with_default_values"/>
    <testcase time="0.452" classname="table_07" name="Table_07_generation_works_with_default_values"/>
    <testcase time="0.175000000000001" classname="table_07" name="Table_07_generation_works_with_default_values">
      <skipped message="Reason: On CRAN ('test-table_07.R:13:3')"/>
    </testcase>
    <testcase time="0.0199999999999996" classname="table_07" name="Table_07_generation_works_with_custom_values"/>
    <testcase time="0.00200000000000067" classname="table_07" name="Table_07_generation_works_with_custom_values"/>
    <testcase time="0.000999999999999446" classname="table_07" name="Table_07_generation_works_with_custom_values"/>
    <testcase time="0.0549999999999997" classname="table_07" name="Table_07_generation_works_with_custom_values"/>
    <testcase time="0.616" classname="table_07" name="Table_07_generation_works_with_custom_values"/>
    <testcase time="0.218" classname="table_07" name="Table_07_generation_works_with_custom_values">
      <skipped message="Reason: On CRAN ('test-table_07.R:42:3')"/>
    </testcase>
    <testcase time="0.0210000000000008" classname="table_07" name="Table_07_generation_works_with_NA_values_pruned_rows"/>
    <testcase time="0.00199999999999889" classname="table_07" name="Table_07_generation_works_with_NA_values_pruned_rows"/>
    <testcase time="0.00200000000000067" classname="table_07" name="Table_07_generation_works_with_NA_values_pruned_rows"/>
    <testcase time="0.0570000000000004" classname="table_07" name="Table_07_generation_works_with_NA_values_pruned_rows"/>
    <testcase time="0.423999999999999" classname="table_07" name="Table_07_generation_works_with_NA_values_pruned_rows"/>
    <testcase time="0.166" classname="table_07" name="Table_07_generation_works_with_NA_values_pruned_rows">
      <skipped message="Reason: On CRAN ('test-table_07.R:52:3')"/>
    </testcase>
  </testsuite>
  <testsuite name="table_08" timestamp="2023-06-08T19:45:06Z" hostname="43cccdc42d8c" tests="8" skipped="2" failures="0" errors="0" time="0.594">
    <testcase time="0.0259999999999998" classname="table_08" name="Table_08_generation_works_with_default_values"/>
    <testcase time="0.00200000000000067" classname="table_08" name="Table_08_generation_works_with_default_values"/>
    <testcase time="0.0589999999999993" classname="table_08" name="Table_08_generation_works_with_default_values"/>
    <testcase time="0.170999999999999" classname="table_08" name="Table_08_generation_works_with_default_values">
      <skipped message="Reason: On CRAN ('test-table_08.R:10:3')"/>
    </testcase>
    <testcase time="0.0180000000000007" classname="table_08" name="Table_08_generation_works_with_custom_values"/>
    <testcase time="0.000999999999999446" classname="table_08" name="Table_08_generation_works_with_custom_values"/>
    <testcase time="0.0540000000000003" classname="table_08" name="Table_08_generation_works_with_custom_values"/>
    <testcase time="0.263" classname="table_08" name="Table_08_generation_works_with_custom_values">
      <skipped message="Reason: On CRAN ('test-table_08.R:31:3')"/>
    </testcase>
  </testsuite>
  <testsuite name="table_09" timestamp="2023-06-08T19:45:06Z" hostname="43cccdc42d8c" tests="8" skipped="2" failures="0" errors="0" time="1.173">
    <testcase time="0.027000000000001" classname="table_09" name="Table_09_generation_works_with_default_values"/>
    <testcase time="0.052999999999999" classname="table_09" name="Table_09_generation_works_with_default_values"/>
    <testcase time="0.392000000000001" classname="table_09" name="Table_09_generation_works_with_default_values"/>
    <testcase time="0.0889999999999986" classname="table_09" name="Table_09_generation_works_with_default_values">
      <skipped message="Reason: On CRAN ('test-table_09.R:8:3')"/>
    </testcase>
    <testcase time="0.0170000000000012" classname="table_09" name="Table_09_generation_works_with_custom_values"/>
    <testcase time="0.0559999999999992" classname="table_09" name="Table_09_generation_works_with_custom_values"/>
    <testcase time="0.439" classname="table_09" name="Table_09_generation_works_with_custom_values"/>
    <testcase time="0.0999999999999996" classname="table_09" name="Table_09_generation_works_with_custom_values">
      <skipped message="Reason: On CRAN ('test-table_09.R:39:3')"/>
    </testcase>
  </testsuite>
  <testsuite name="table_13" timestamp="2023-06-08T19:45:08Z" hostname="43cccdc42d8c" tests="8" skipped="2" failures="0" errors="0" time="0.752">
    <testcase time="0.0330000000000013" classname="table_13" name="Table_13_generation_works_with_default_values"/>
    <testcase time="0.0719999999999992" classname="table_13" name="Table_13_generation_works_with_default_values"/>
    <testcase time="0.17" classname="table_13" name="Table_13_generation_works_with_default_values"/>
    <testcase time="0.106" classname="table_13" name="Table_13_generation_works_with_default_values">
      <skipped message="Reason: On CRAN ('test-table_13.R:8:3')"/>
    </testcase>
    <testcase time="0.0220000000000002" classname="table_13" name="Table_13_generation_works_with_custom_values"/>
    <testcase time="0.0660000000000007" classname="table_13" name="Table_13_generation_works_with_custom_values"/>
    <testcase time="0.212" classname="table_13" name="Table_13_generation_works_with_custom_values"/>
    <testcase time="0.0709999999999997" classname="table_13" name="Table_13_generation_works_with_custom_values">
      <skipped message="Reason: On CRAN ('test-table_13.R:38:3')"/>
    </testcase>
  </testsuite>
  <testsuite name="table_14" timestamp="2023-06-08T19:45:08Z" hostname="43cccdc42d8c" tests="10" skipped="3" failures="0" errors="0" time="2.94">
    <testcase time="0.0380000000000003" classname="table_14" name="Table_14_generation_works_with_default_values"/>
    <testcase time="0.705" classname="table_14" name="Table_14_generation_works_with_default_values"/>
    <testcase time="0.251999999999999" classname="table_14" name="Table_14_generation_works_with_default_values">
      <skipped message="Reason: On CRAN ('test-table_14.R:16:3')"/>
    </testcase>
    <testcase time="0.027000000000001" classname="table_14" name="Table_14_generation_works_with_custom_values"/>
    <testcase time="0.0649999999999995" classname="table_14" name="Table_14_generation_works_with_custom_values"/>
    <testcase time="0.744" classname="table_14" name="Table_14_generation_works_with_custom_values"/>
    <testcase time="0.212" classname="table_14" name="Table_14_generation_works_with_custom_values">
      <skipped message="Reason: On CRAN ('test-table_14.R:46:3')"/>
    </testcase>
    <testcase time="0.0190000000000019" classname="table_14" name="Table_14_generation_works_with_NA_values_pruned_rows"/>
    <testcase time="0.718" classname="table_14" name="Table_14_generation_works_with_NA_values_pruned_rows"/>
    <testcase time="0.16" classname="table_14" name="Table_14_generation_works_with_NA_values_pruned_rows">
      <skipped message="Reason: On CRAN ('test-table_14.R:53:3')"/>
    </testcase>
  </testsuite>
  <testsuite name="table_20" timestamp="2023-06-08T19:45:11Z" hostname="43cccdc42d8c" tests="18" skipped="3" failures="0" errors="0" time="2.371">
    <testcase time="0.0300000000000011" classname="table_20" name="Table_20_generation_works_with_default_values"/>
    <testcase time="0.00100000000000122" classname="table_20" name="Table_20_generation_works_with_default_values"/>
    <testcase time="0.00199999999999889" classname="table_20" name="Table_20_generation_works_with_default_values"/>
    <testcase time="0.0569999999999986" classname="table_20" name="Table_20_generation_works_with_default_values"/>
    <testcase time="0.487000000000002" classname="table_20" name="Table_20_generation_works_with_default_values"/>
    <testcase time="0.120000000000001" classname="table_20" name="Table_20_generation_works_with_default_values">
      <skipped message="Reason: On CRAN ('test-table_20.R:17:3')"/>
    </testcase>
    <testcase time="0.0209999999999972" classname="table_20" name="Table_20_generation_works_with_custom_values"/>
    <testcase time="0.00200000000000244" classname="table_20" name="Table_20_generation_works_with_custom_values"/>
    <testcase time="0.000999999999997669" classname="table_20" name="Table_20_generation_works_with_custom_values"/>
    <testcase time="0.0590000000000011" classname="table_20" name="Table_20_generation_works_with_custom_values"/>
    <testcase time="0.759" classname="table_20" name="Table_20_generation_works_with_custom_values"/>
    <testcase time="0.164999999999999" classname="table_20" name="Table_20_generation_works_with_custom_values">
      <skipped message="Reason: On CRAN ('test-table_20.R:65:3')"/>
    </testcase>
    <testcase time="0.0180000000000007" classname="table_20" name="Table_20_generation_works_with_missing_values_pruned_rows"/>
    <testcase time="0.00199999999999889" classname="table_20" name="Table_20_generation_works_with_missing_values_pruned_rows"/>
    <testcase time="0.00100000000000122" classname="table_20" name="Table_20_generation_works_with_missing_values_pruned_rows"/>
    <testcase time="0.0599999999999987" classname="table_20" name="Table_20_generation_works_with_missing_values_pruned_rows"/>
    <testcase time="0.472000000000001" classname="table_20" name="Table_20_generation_works_with_missing_values_pruned_rows"/>
    <testcase time="0.114000000000001" classname="table_20" name="Table_20_generation_works_with_missing_values_pruned_rows">
      <skipped message="Reason: On CRAN ('test-table_20.R:74:3')"/>
    </testcase>
  </testsuite>
  <testsuite name="table_32" timestamp="2023-06-08T19:45:14Z" hostname="43cccdc42d8c" tests="12" skipped="3" failures="0" errors="0" time="1.267">
    <testcase time="0.0239999999999974" classname="table_32" name="Table_32_generation_works_with_default_values"/>
    <testcase time="0.0869999999999997" classname="table_32" name="Table_32_generation_works_with_default_values"/>
    <testcase time="0.150000000000002" classname="table_32" name="Table_32_generation_works_with_default_values"/>
    <testcase time="0.0620000000000012" classname="table_32" name="Table_32_generation_works_with_default_values">
      <skipped message="Reason: On CRAN ('test-table_32.R:8:3')"/>
    </testcase>
    <testcase time="0.0179999999999971" classname="table_32" name="Table_32_generation_works_with_custom_values"/>
    <testcase time="0.377000000000002" classname="table_32" name="Table_32_generation_works_with_custom_values"/>
    <testcase time="0.177" classname="table_32" name="Table_32_generation_works_with_custom_values"/>
    <testcase time="0.0799999999999983" classname="table_32" name="Table_32_generation_works_with_custom_values">
      <skipped message="Reason: On CRAN ('test-table_32.R:30:3')"/>
    </testcase>
    <testcase time="0.0210000000000008" classname="table_32" name="Table_32_generation_works_with_pruned_rows"/>
    <testcase time="0.0710000000000015" classname="table_32" name="Table_32_generation_works_with_pruned_rows"/>
    <testcase time="0.155999999999999" classname="table_32" name="Table_32_generation_works_with_pruned_rows"/>
    <testcase time="0.0440000000000005" classname="table_32" name="Table_32_generation_works_with_pruned_rows">
      <skipped message="Reason: On CRAN ('test-table_32.R:37:3')"/>
    </testcase>
  </testsuite>
  <testsuite name="table_33" timestamp="2023-06-08T19:45:15Z" hostname="43cccdc42d8c" tests="12" skipped="3" failures="0" errors="0" time="1.81">
    <testcase time="0.0259999999999998" classname="table_33" name="Table_33_generation_works_with_default_values"/>
    <testcase time="0.396999999999998" classname="table_33" name="Table_33_generation_works_with_default_values"/>
    <testcase time="0.115000000000002" classname="table_33" name="Table_33_generation_works_with_default_values"/>
    <testcase time="0.0459999999999994" classname="table_33" name="Table_33_generation_works_with_default_values">
      <skipped message="Reason: On CRAN ('test-table_33.R:8:3')"/>
    </testcase>
    <testcase time="0.0180000000000007" classname="table_33" name="Table_33_generation_works_with_custom_values"/>
    <testcase time="0.423999999999999" classname="table_33" name="Table_33_generation_works_with_custom_values"/>
    <testcase time="0.154" classname="table_33" name="Table_33_generation_works_with_custom_values"/>
    <testcase time="0.0539999999999985" classname="table_33" name="Table_33_generation_works_with_custom_values">
      <skipped message="Reason: On CRAN ('test-table_33.R:34:3')"/>
    </testcase>
    <testcase time="0.0180000000000007" classname="table_33" name="Table_33_generation_works_with_pruned_rows"/>
    <testcase time="0.404" classname="table_33" name="Table_33_generation_works_with_pruned_rows"/>
    <testcase time="0.114000000000001" classname="table_33" name="Table_33_generation_works_with_pruned_rows"/>
    <testcase time="0.0399999999999991" classname="table_33" name="Table_33_generation_works_with_pruned_rows">
      <skipped message="Reason: On CRAN ('test-table_33.R:42:3')"/>
    </testcase>
  </testsuite>
</testsuites>
