<?xml version="1.0" encoding="UTF-8"?>
<testsuites>
  <testsuite name="table_02" timestamp="2023-06-08T19:06:21Z" hostname="9a7ea7d552ff" tests="9" skipped="3" failures="0" errors="0" time="1.647">
    <testcase time="0.195" classname="table_02" name="Table_02_generation_works_with_default_values"/>
    <testcase time="0.493" classname="table_02" name="Table_02_generation_works_with_default_values"/>
    <testcase time="0.195" classname="table_02" name="Table_02_generation_works_with_default_values">
      <skipped message="Reason: On CRAN ('test-table_02.R:16:3')"/>
    </testcase>
    <testcase time="0.0580000000000003" classname="table_02" name="Table_02_generation_works_with_custom_values"/>
    <testcase time="0.351" classname="table_02" name="Table_02_generation_works_with_custom_values"/>
    <testcase time="0.185" classname="table_02" name="Table_02_generation_works_with_custom_values">
      <skipped message="Reason: On CRAN ('test-table_02.R:45:3')"/>
    </testcase>
    <testcase time="0.0449999999999999" classname="table_02" name="Table_02_generation_works_with_some_NA_values"/>
    <testcase time="0.0840000000000005" classname="table_02" name="Table_02_generation_works_with_some_NA_values"/>
    <testcase time="0.0409999999999995" classname="table_02" name="Table_02_generation_works_with_some_NA_values">
      <skipped message="Reason: On CRAN ('test-table_02.R:57:3')"/>
    </testcase>
  </testsuite>
  <testsuite name="table_05" timestamp="2023-06-08T19:06:23Z" hostname="9a7ea7d552ff" tests="9" skipped="3" failures="0" errors="0" time="0.99">
    <testcase time="0.157" classname="table_05" name="Table_05_generation_works_with_default_values"/>
    <testcase time="0.246" classname="table_05" name="Table_05_generation_works_with_default_values"/>
    <testcase time="0.0609999999999999" classname="table_05" name="Table_05_generation_works_with_default_values">
      <skipped message="Reason: On CRAN ('test-table_05.R:10:3')"/>
    </testcase>
    <testcase time="0.0119999999999996" classname="table_05" name="Table_05_generation_works_with_custom_values"/>
    <testcase time="0.214" classname="table_05" name="Table_05_generation_works_with_custom_values"/>
    <testcase time="0.0759999999999996" classname="table_05" name="Table_05_generation_works_with_custom_values">
      <skipped message="Reason: On CRAN ('test-table_05.R:34:3')"/>
    </testcase>
    <testcase time="0.0130000000000008" classname="table_05" name="Table_05_generation_works_with_NA_values_pruned_rows"/>
    <testcase time="0.151999999999999" classname="table_05" name="Table_05_generation_works_with_NA_values_pruned_rows"/>
    <testcase time="0.0590000000000002" classname="table_05" name="Table_05_generation_works_with_NA_values_pruned_rows">
      <skipped message="Reason: On CRAN ('test-table_05.R:44:3')"/>
    </testcase>
  </testsuite>
  <testsuite name="table_06" timestamp="2023-06-08T19:06:24Z" hostname="9a7ea7d552ff" tests="10" skipped="2" failures="0" errors="0" time="1.103">
    <testcase time="0.032" classname="table_06" name="Table_06_generation_works_with_default_values"/>
    <testcase time="0.00100000000000033" classname="table_06" name="Table_06_generation_works_with_default_values"/>
    <testcase time="0.0460000000000003" classname="table_06" name="Table_06_generation_works_with_default_values"/>
    <testcase time="0.342" classname="table_06" name="Table_06_generation_works_with_default_values"/>
    <testcase time="0.077" classname="table_06" name="Table_06_generation_works_with_default_values">
      <skipped message="Reason: On CRAN ('test-table_06.R:8:3')"/>
    </testcase>
    <testcase time="0.0119999999999996" classname="table_06" name="Table_06_generation_works_with_custom_values"/>
    <testcase time="0.00100000000000033" classname="table_06" name="Table_06_generation_works_with_custom_values"/>
    <testcase time="0.0499999999999998" classname="table_06" name="Table_06_generation_works_with_custom_values"/>
    <testcase time="0.434" classname="table_06" name="Table_06_generation_works_with_custom_values"/>
    <testcase time="0.108000000000001" classname="table_06" name="Table_06_generation_works_with_custom_values">
      <skipped message="Reason: On CRAN ('test-table_06.R:40:3')"/>
    </testcase>
  </testsuite>
  <testsuite name="table_07" timestamp="2023-06-08T19:06:25Z" hostname="9a7ea7d552ff" tests="18" skipped="3" failures="0" errors="0" time="1.38">
    <testcase time="0.0199999999999996" classname="table_07" name="Table_07_generation_works_with_default_values"/>
    <testcase time="0.00100000000000033" classname="table_07" name="Table_07_generation_works_with_default_values"/>
    <testcase time="0.000999999999999446" classname="table_07" name="Table_07_generation_works_with_default_values"/>
    <testcase time="0.032" classname="table_07" name="Table_07_generation_works_with_default_values"/>
    <testcase time="0.283" classname="table_07" name="Table_07_generation_works_with_default_values"/>
    <testcase time="0.0999999999999996" classname="table_07" name="Table_07_generation_works_with_default_values">
      <skipped message="Reason: On CRAN ('test-table_07.R:13:3')"/>
    </testcase>
    <testcase time="0.0120000000000005" classname="table_07" name="Table_07_generation_works_with_custom_values"/>
    <testcase time="0.000999999999999446" classname="table_07" name="Table_07_generation_works_with_custom_values"/>
    <testcase time="0.00200000000000067" classname="table_07" name="Table_07_generation_works_with_custom_values"/>
    <testcase time="0.0309999999999997" classname="table_07" name="Table_07_generation_works_with_custom_values"/>
    <testcase time="0.373" classname="table_07" name="Table_07_generation_works_with_custom_values"/>
    <testcase time="0.121" classname="table_07" name="Table_07_generation_works_with_custom_values">
      <skipped message="Reason: On CRAN ('test-table_07.R:42:3')"/>
    </testcase>
    <testcase time="0.0120000000000005" classname="table_07" name="Table_07_generation_works_with_NA_values_pruned_rows"/>
    <testcase time="0.000999999999999446" classname="table_07" name="Table_07_generation_works_with_NA_values_pruned_rows"/>
    <testcase time="0.00200000000000067" classname="table_07" name="Table_07_generation_works_with_NA_values_pruned_rows"/>
    <testcase time="0.0309999999999997" classname="table_07" name="Table_07_generation_works_with_NA_values_pruned_rows"/>
    <testcase time="0.259" classname="table_07" name="Table_07_generation_works_with_NA_values_pruned_rows"/>
    <testcase time="0.0979999999999999" classname="table_07" name="Table_07_generation_works_with_NA_values_pruned_rows">
      <skipped message="Reason: On CRAN ('test-table_07.R:52:3')"/>
    </testcase>
  </testsuite>
  <testsuite name="table_08" timestamp="2023-06-08T19:06:26Z" hostname="9a7ea7d552ff" tests="8" skipped="2" failures="0" errors="0" time="0.378">
    <testcase time="0.0179999999999998" classname="table_08" name="Table_08_generation_works_with_default_values"/>
    <testcase time="0.00100000000000033" classname="table_08" name="Table_08_generation_works_with_default_values"/>
    <testcase time="0.0409999999999995" classname="table_08" name="Table_08_generation_works_with_default_values"/>
    <testcase time="0.106" classname="table_08" name="Table_08_generation_works_with_default_values">
      <skipped message="Reason: On CRAN ('test-table_08.R:10:3')"/>
    </testcase>
    <testcase time="0.0129999999999999" classname="table_08" name="Table_08_generation_works_with_custom_values"/>
    <testcase time="0.00100000000000033" classname="table_08" name="Table_08_generation_works_with_custom_values"/>
    <testcase time="0.0350000000000001" classname="table_08" name="Table_08_generation_works_with_custom_values"/>
    <testcase time="0.162999999999999" classname="table_08" name="Table_08_generation_works_with_custom_values">
      <skipped message="Reason: On CRAN ('test-table_08.R:31:3')"/>
    </testcase>
  </testsuite>
  <testsuite name="table_09" timestamp="2023-06-08T19:06:27Z" hostname="9a7ea7d552ff" tests="8" skipped="2" failures="0" errors="0" time="0.732">
    <testcase time="0.0180000000000007" classname="table_09" name="Table_09_generation_works_with_default_values"/>
    <testcase time="0.032" classname="table_09" name="Table_09_generation_works_with_default_values"/>
    <testcase time="0.238" classname="table_09" name="Table_09_generation_works_with_default_values"/>
    <testcase time="0.0530000000000008" classname="table_09" name="Table_09_generation_works_with_default_values">
      <skipped message="Reason: On CRAN ('test-table_09.R:8:3')"/>
    </testcase>
    <testcase time="0.0119999999999987" classname="table_09" name="Table_09_generation_works_with_custom_values"/>
    <testcase time="0.032" classname="table_09" name="Table_09_generation_works_with_custom_values"/>
    <testcase time="0.286999999999999" classname="table_09" name="Table_09_generation_works_with_custom_values"/>
    <testcase time="0.0600000000000005" classname="table_09" name="Table_09_generation_works_with_custom_values">
      <skipped message="Reason: On CRAN ('test-table_09.R:39:3')"/>
    </testcase>
  </testsuite>
  <testsuite name="table_13" timestamp="2023-06-08T19:06:27Z" hostname="9a7ea7d552ff" tests="8" skipped="2" failures="0" errors="0" time="0.428">
    <testcase time="0.0220000000000002" classname="table_13" name="Table_13_generation_works_with_default_values"/>
    <testcase time="0.0419999999999998" classname="table_13" name="Table_13_generation_works_with_default_values"/>
    <testcase time="0.0969999999999995" classname="table_13" name="Table_13_generation_works_with_default_values"/>
    <testcase time="0.0540000000000003" classname="table_13" name="Table_13_generation_works_with_default_values">
      <skipped message="Reason: On CRAN ('test-table_13.R:8:3')"/>
    </testcase>
    <testcase time="0.0129999999999999" classname="table_13" name="Table_13_generation_works_with_custom_values"/>
    <testcase time="0.0400000000000009" classname="table_13" name="Table_13_generation_works_with_custom_values"/>
    <testcase time="0.119999999999999" classname="table_13" name="Table_13_generation_works_with_custom_values"/>
    <testcase time="0.0400000000000009" classname="table_13" name="Table_13_generation_works_with_custom_values">
      <skipped message="Reason: On CRAN ('test-table_13.R:38:3')"/>
    </testcase>
  </testsuite>
  <testsuite name="table_14" timestamp="2023-06-08T19:06:28Z" hostname="9a7ea7d552ff" tests="10" skipped="3" failures="0" errors="0" time="1.806">
    <testcase time="0.0249999999999986" classname="table_14" name="Table_14_generation_works_with_default_values"/>
    <testcase time="0.452" classname="table_14" name="Table_14_generation_works_with_default_values"/>
    <testcase time="0.124000000000001" classname="table_14" name="Table_14_generation_works_with_default_values">
      <skipped message="Reason: On CRAN ('test-table_14.R:16:3')"/>
    </testcase>
    <testcase time="0.0129999999999999" classname="table_14" name="Table_14_generation_works_with_custom_values"/>
    <testcase time="0.0400000000000009" classname="table_14" name="Table_14_generation_works_with_custom_values"/>
    <testcase time="0.472" classname="table_14" name="Table_14_generation_works_with_custom_values"/>
    <testcase time="0.124000000000001" classname="table_14" name="Table_14_generation_works_with_custom_values">
      <skipped message="Reason: On CRAN ('test-table_14.R:46:3')"/>
    </testcase>
    <testcase time="0.0119999999999987" classname="table_14" name="Table_14_generation_works_with_NA_values_pruned_rows"/>
    <testcase time="0.453000000000001" classname="table_14" name="Table_14_generation_works_with_NA_values_pruned_rows"/>
    <testcase time="0.0909999999999993" classname="table_14" name="Table_14_generation_works_with_NA_values_pruned_rows">
      <skipped message="Reason: On CRAN ('test-table_14.R:53:3')"/>
    </testcase>
  </testsuite>
  <testsuite name="table_20" timestamp="2023-06-08T19:06:30Z" hostname="9a7ea7d552ff" tests="18" skipped="3" failures="0" errors="0" time="1.47">
    <testcase time="0.0229999999999997" classname="table_20" name="Table_20_generation_works_with_default_values"/>
    <testcase time="0.00100000000000122" classname="table_20" name="Table_20_generation_works_with_default_values"/>
    <testcase time="0.000999999999999446" classname="table_20" name="Table_20_generation_works_with_default_values"/>
    <testcase time="0.0339999999999989" classname="table_20" name="Table_20_generation_works_with_default_values"/>
    <testcase time="0.312000000000001" classname="table_20" name="Table_20_generation_works_with_default_values"/>
    <testcase time="0.0719999999999992" classname="table_20" name="Table_20_generation_works_with_default_values">
      <skipped message="Reason: On CRAN ('test-table_20.R:17:3')"/>
    </testcase>
    <testcase time="0.0120000000000005" classname="table_20" name="Table_20_generation_works_with_custom_values"/>
    <testcase time="0.000999999999999446" classname="table_20" name="Table_20_generation_works_with_custom_values"/>
    <testcase time="0.00200000000000067" classname="table_20" name="Table_20_generation_works_with_custom_values"/>
    <testcase time="0.0340000000000007" classname="table_20" name="Table_20_generation_works_with_custom_values"/>
    <testcase time="0.469999999999999" classname="table_20" name="Table_20_generation_works_with_custom_values"/>
    <testcase time="0.0990000000000002" classname="table_20" name="Table_20_generation_works_with_custom_values">
      <skipped message="Reason: On CRAN ('test-table_20.R:65:3')"/>
    </testcase>
    <testcase time="0.0120000000000005" classname="table_20" name="Table_20_generation_works_with_missing_values_pruned_rows"/>
    <testcase time="0.000999999999999446" classname="table_20" name="Table_20_generation_works_with_missing_values_pruned_rows"/>
    <testcase time="0.000999999999999446" classname="table_20" name="Table_20_generation_works_with_missing_values_pruned_rows"/>
    <testcase time="0.0350000000000001" classname="table_20" name="Table_20_generation_works_with_missing_values_pruned_rows"/>
    <testcase time="0.292" classname="table_20" name="Table_20_generation_works_with_missing_values_pruned_rows"/>
    <testcase time="0.0680000000000014" classname="table_20" name="Table_20_generation_works_with_missing_values_pruned_rows">
      <skipped message="Reason: On CRAN ('test-table_20.R:74:3')"/>
    </testcase>
  </testsuite>
  <testsuite name="table_32" timestamp="2023-06-08T19:06:31Z" hostname="9a7ea7d552ff" tests="12" skipped="3" failures="0" errors="0" time="0.778">
    <testcase time="0.0169999999999995" classname="table_32" name="Table_32_generation_works_with_default_values"/>
    <testcase time="0.0540000000000003" classname="table_32" name="Table_32_generation_works_with_default_values"/>
    <testcase time="0.0939999999999994" classname="table_32" name="Table_32_generation_works_with_default_values"/>
    <testcase time="0.0370000000000008" classname="table_32" name="Table_32_generation_works_with_default_values">
      <skipped message="Reason: On CRAN ('test-table_32.R:8:3')"/>
    </testcase>
    <testcase time="0.0119999999999987" classname="table_32" name="Table_32_generation_works_with_custom_values"/>
    <testcase time="0.225000000000001" classname="table_32" name="Table_32_generation_works_with_custom_values"/>
    <testcase time="0.110999999999999" classname="table_32" name="Table_32_generation_works_with_custom_values"/>
    <testcase time="0.0460000000000012" classname="table_32" name="Table_32_generation_works_with_custom_values">
      <skipped message="Reason: On CRAN ('test-table_32.R:30:3')"/>
    </testcase>
    <testcase time="0.0129999999999999" classname="table_32" name="Table_32_generation_works_with_pruned_rows"/>
    <testcase time="0.0439999999999987" classname="table_32" name="Table_32_generation_works_with_pruned_rows"/>
    <testcase time="0.0980000000000008" classname="table_32" name="Table_32_generation_works_with_pruned_rows"/>
    <testcase time="0.0269999999999992" classname="table_32" name="Table_32_generation_works_with_pruned_rows">
      <skipped message="Reason: On CRAN ('test-table_32.R:37:3')"/>
    </testcase>
  </testsuite>
  <testsuite name="table_33" timestamp="2023-06-08T19:06:32Z" hostname="9a7ea7d552ff" tests="12" skipped="3" failures="0" errors="0" time="0.991">
    <testcase time="0.016" classname="table_33" name="Table_33_generation_works_with_default_values"/>
    <testcase time="0.207000000000001" classname="table_33" name="Table_33_generation_works_with_default_values"/>
    <testcase time="0.0760000000000005" classname="table_33" name="Table_33_generation_works_with_default_values"/>
    <testcase time="0.0279999999999987" classname="table_33" name="Table_33_generation_works_with_default_values">
      <skipped message="Reason: On CRAN ('test-table_33.R:8:3')"/>
    </testcase>
    <testcase time="0.0120000000000005" classname="table_33" name="Table_33_generation_works_with_custom_values"/>
    <testcase time="0.205" classname="table_33" name="Table_33_generation_works_with_custom_values"/>
    <testcase time="0.0980000000000008" classname="table_33" name="Table_33_generation_works_with_custom_values"/>
    <testcase time="0.0329999999999995" classname="table_33" name="Table_33_generation_works_with_custom_values">
      <skipped message="Reason: On CRAN ('test-table_33.R:34:3')"/>
    </testcase>
    <testcase time="0.0120000000000005" classname="table_33" name="Table_33_generation_works_with_pruned_rows"/>
    <testcase time="0.205" classname="table_33" name="Table_33_generation_works_with_pruned_rows"/>
    <testcase time="0.0749999999999993" classname="table_33" name="Table_33_generation_works_with_pruned_rows"/>
    <testcase time="0.0240000000000009" classname="table_33" name="Table_33_generation_works_with_pruned_rows">
      <skipped message="Reason: On CRAN ('test-table_33.R:42:3')"/>
    </testcase>
  </testsuite>
</testsuites>
