<?xml version="1.0" encoding="UTF-8"?>
<testsuites>
  <testsuite name="falcon" timestamp="2023-04-24T21:08:50Z" hostname="34e80e39fafc" tests="1" skipped="0" failures="0" errors="0" time="0.022">
    <testcase time="0.0219999999999998" classname="falcon" name="dummy_test"/>
  </testsuite>
</testsuites>
