<?xml version="1.0" encoding="UTF-8"?>
<testsuites>
  <testsuite name="falcon" timestamp="2023-05-02T12:37:50Z" hostname="70d730592df3" tests="1" skipped="0" failures="0" errors="0" time="0.023">
    <testcase time="0.0229999999999997" classname="falcon" name="dummy_test"/>
  </testsuite>
</testsuites>
