<?xml version="1.0" encoding="UTF-8"?>
<testsuites>
  <testsuite name="table_02" timestamp="2023-09-28T20:39:35Z" hostname="ffe41f9c21da" tests="33" skipped="10" failures="0" errors="0" time="20.584">
    <testcase time="0.097" classname="table_02" name="Table_02_generation_works_with_default_values"/>
    <testcase time="0.135" classname="table_02" name="Table_02_generation_works_with_default_values"/>
    <testcase time="0.629" classname="table_02" name="Table_02_generation_works_with_default_values"/>
    <testcase time="0.323" classname="table_02" name="Table_02_generation_works_with_default_values">
      <skipped message="Reason: On CRAN ('test-table_02.R:16:3')"/>
    </testcase>
    <testcase time="0.0919999999999996" classname="table_02" name="Table_02_generation_works_with_custom_values"/>
    <testcase time="0.0740000000000007" classname="table_02" name="Table_02_generation_works_with_custom_values"/>
    <testcase time="0.523" classname="table_02" name="Table_02_generation_works_with_custom_values"/>
    <testcase time="0.345" classname="table_02" name="Table_02_generation_works_with_custom_values">
      <skipped message="Reason: On CRAN ('test-table_02.R:45:3')"/>
    </testcase>
    <testcase time="0.0760000000000005" classname="table_02" name="Table_02_generation_works_with_some_NA_values"/>
    <testcase time="0.0679999999999996" classname="table_02" name="Table_02_generation_works_with_some_NA_values"/>
    <testcase time="0.104" classname="table_02" name="Table_02_generation_works_with_some_NA_values"/>
    <testcase time="0.0739999999999998" classname="table_02" name="Table_02_generation_works_with_some_NA_values">
      <skipped message="Reason: On CRAN ('test-table_02.R:57:3')"/>
    </testcase>
    <testcase time="0.0230000000000006" classname="table_02" name="Table_02_generation_tplyr_works_with_default_values"/>
    <testcase time="2.522" classname="table_02" name="Table_02_generation_tplyr_works_with_default_values"/>
    <testcase time="0.0460000000000012" classname="table_02" name="Table_02_generation_tplyr_works_with_default_values">
      <skipped message="Reason: On CRAN ('test-table_02.R:66:3')"/>
    </testcase>
    <testcase time="0.020999999999999" classname="table_02" name="Table_02_generation_tplyr_works_with_tplyr_raw_TRUE"/>
    <testcase time="1.583" classname="table_02" name="Table_02_generation_tplyr_works_with_tplyr_raw_TRUE"/>
    <testcase time="0.0340000000000007" classname="table_02" name="Table_02_generation_tplyr_works_with_tplyr_raw_TRUE">
      <skipped message="Reason: On CRAN ('test-table_02.R:75:3')"/>
    </testcase>
    <testcase time="0.0619999999999994" classname="table_02" name="Table_02_generation_tplyr_works_with_custom_values"/>
    <testcase time="2.422" classname="table_02" name="Table_02_generation_tplyr_works_with_custom_values"/>
    <testcase time="0.0299999999999994" classname="table_02" name="Table_02_generation_tplyr_works_with_custom_values">
      <skipped message="Reason: On CRAN ('test-table_02.R:102:3')"/>
    </testcase>
    <testcase time="0.048" classname="table_02" name="Table_02_generation_tplyr_works_with_some_NA_values"/>
    <testcase time="0.965" classname="table_02" name="Table_02_generation_tplyr_works_with_some_NA_values"/>
    <testcase time="0.0289999999999999" classname="table_02" name="Table_02_generation_tplyr_works_with_some_NA_values">
      <skipped message="Reason: On CRAN ('test-table_02.R:119:3')"/>
    </testcase>
    <testcase time="0.0240000000000009" classname="table_02" name="Table_02_generation_gtsum_works_with_default_values"/>
    <testcase time="4.114" classname="table_02" name="Table_02_generation_gtsum_works_with_default_values"/>
    <testcase time="0.00900000000000034" classname="table_02" name="Table_02_generation_gtsum_works_with_default_values">
      <skipped message="Reason: On CRAN ('test-table_02.R:128:3')"/>
    </testcase>
    <testcase time="0.0640000000000001" classname="table_02" name="Table_02_generation_gtsum_works_with_custom_values"/>
    <testcase time="4.711" classname="table_02" name="Table_02_generation_gtsum_works_with_custom_values"/>
    <testcase time="0.00799999999999912" classname="table_02" name="Table_02_generation_gtsum_works_with_custom_values">
      <skipped message="Reason: On CRAN ('test-table_02.R:146:3')"/>
    </testcase>
    <testcase time="0.0590000000000011" classname="table_02" name="Table_02_generation_gtsum_works_with_some_NA_values"/>
    <testcase time="1.261" classname="table_02" name="Table_02_generation_gtsum_works_with_some_NA_values"/>
    <testcase time="0.00900000000000034" classname="table_02" name="Table_02_generation_gtsum_works_with_some_NA_values">
      <skipped message="Reason: On CRAN ('test-table_02.R:163:3')"/>
    </testcase>
  </testsuite>
  <testsuite name="table_04" timestamp="2023-09-28T20:39:55Z" hostname="ffe41f9c21da" tests="12" skipped="2" failures="0" errors="0" time="1.35">
    <testcase time="0.0650000000000013" classname="table_04" name="Table_04_generation_works_with_default_values"/>
    <testcase time="0.00100000000000122" classname="table_04" name="Table_04_generation_works_with_default_values"/>
    <testcase time="0.00199999999999889" classname="table_04" name="Table_04_generation_works_with_default_values"/>
    <testcase time="0.00100000000000122" classname="table_04" name="Table_04_generation_works_with_default_values"/>
    <testcase time="0.541" classname="table_04" name="Table_04_generation_works_with_default_values"/>
    <testcase time="0.143999999999998" classname="table_04" name="Table_04_generation_works_with_default_values">
      <skipped message="Reason: On CRAN ('test-table_04.R:30:3')"/>
    </testcase>
    <testcase time="0.0190000000000019" classname="table_04" name="Table_04_generation_works_with_custom_values"/>
    <testcase time="0.00199999999999889" classname="table_04" name="Table_04_generation_works_with_custom_values"/>
    <testcase time="0.00199999999999889" classname="table_04" name="Table_04_generation_works_with_custom_values"/>
    <testcase time="0.00100000000000122" classname="table_04" name="Table_04_generation_works_with_custom_values"/>
    <testcase time="0.428000000000001" classname="table_04" name="Table_04_generation_works_with_custom_values"/>
    <testcase time="0.143999999999998" classname="table_04" name="Table_04_generation_works_with_custom_values">
      <skipped message="Reason: On CRAN ('test-table_04.R:53:3')"/>
    </testcase>
  </testsuite>
  <testsuite name="table_05" timestamp="2023-09-28T20:39:57Z" hostname="ffe41f9c21da" tests="9" skipped="3" failures="0" errors="0" time="1.562">
    <testcase time="0.236000000000001" classname="table_05" name="Table_05_generation_works_with_default_values"/>
    <testcase time="0.292000000000002" classname="table_05" name="Table_05_generation_works_with_default_values"/>
    <testcase time="0.109999999999999" classname="table_05" name="Table_05_generation_works_with_default_values">
      <skipped message="Reason: On CRAN ('test-table_05.R:10:3')"/>
    </testcase>
    <testcase time="0.0199999999999996" classname="table_05" name="Table_05_generation_works_with_custom_values"/>
    <testcase time="0.393999999999998" classname="table_05" name="Table_05_generation_works_with_custom_values"/>
    <testcase time="0.118000000000002" classname="table_05" name="Table_05_generation_works_with_custom_values">
      <skipped message="Reason: On CRAN ('test-table_05.R:34:3')"/>
    </testcase>
    <testcase time="0.0240000000000009" classname="table_05" name="Table_05_generation_works_with_NA_values_pruned_rows"/>
    <testcase time="0.258999999999997" classname="table_05" name="Table_05_generation_works_with_NA_values_pruned_rows"/>
    <testcase time="0.109000000000002" classname="table_05" name="Table_05_generation_works_with_NA_values_pruned_rows">
      <skipped message="Reason: On CRAN ('test-table_05.R:44:3')"/>
    </testcase>
  </testsuite>
  <testsuite name="table_06" timestamp="2023-09-28T20:39:58Z" hostname="ffe41f9c21da" tests="10" skipped="2" failures="0" errors="0" time="1.899">
    <testcase time="0.0289999999999999" classname="table_06" name="Table_06_generation_works_with_default_values"/>
    <testcase time="0.00100000000000122" classname="table_06" name="Table_06_generation_works_with_default_values"/>
    <testcase time="0.0739999999999981" classname="table_06" name="Table_06_generation_works_with_default_values"/>
    <testcase time="0.589000000000002" classname="table_06" name="Table_06_generation_works_with_default_values"/>
    <testcase time="0.136999999999997" classname="table_06" name="Table_06_generation_works_with_default_values">
      <skipped message="Reason: On CRAN ('test-table_06.R:8:3')"/>
    </testcase>
    <testcase time="0.0210000000000008" classname="table_06" name="Table_06_generation_works_with_custom_values"/>
    <testcase time="0.00200000000000244" classname="table_06" name="Table_06_generation_works_with_custom_values"/>
    <testcase time="0.0829999999999984" classname="table_06" name="Table_06_generation_works_with_custom_values"/>
    <testcase time="0.774999999999999" classname="table_06" name="Table_06_generation_works_with_custom_values"/>
    <testcase time="0.187999999999999" classname="table_06" name="Table_06_generation_works_with_custom_values">
      <skipped message="Reason: On CRAN ('test-table_06.R:40:3')"/>
    </testcase>
  </testsuite>
  <testsuite name="table_07" timestamp="2023-09-28T20:40:00Z" hostname="ffe41f9c21da" tests="18" skipped="3" failures="0" errors="0" time="2.527">
    <testcase time="0.0340000000000025" classname="table_07" name="Table_07_generation_works_with_default_values"/>
    <testcase time="0.00199999999999889" classname="table_07" name="Table_07_generation_works_with_default_values"/>
    <testcase time="0.00100000000000122" classname="table_07" name="Table_07_generation_works_with_default_values"/>
    <testcase time="0.0659999999999989" classname="table_07" name="Table_07_generation_works_with_default_values"/>
    <testcase time="0.501000000000001" classname="table_07" name="Table_07_generation_works_with_default_values"/>
    <testcase time="0.174999999999997" classname="table_07" name="Table_07_generation_works_with_default_values">
      <skipped message="Reason: On CRAN ('test-table_07.R:13:3')"/>
    </testcase>
    <testcase time="0.022000000000002" classname="table_07" name="Table_07_generation_works_with_custom_values"/>
    <testcase time="0.00199999999999889" classname="table_07" name="Table_07_generation_works_with_custom_values"/>
    <testcase time="0.00199999999999889" classname="table_07" name="Table_07_generation_works_with_custom_values"/>
    <testcase time="0.0530000000000008" classname="table_07" name="Table_07_generation_works_with_custom_values"/>
    <testcase time="0.707000000000001" classname="table_07" name="Table_07_generation_works_with_custom_values"/>
    <testcase time="0.233999999999998" classname="table_07" name="Table_07_generation_works_with_custom_values">
      <skipped message="Reason: On CRAN ('test-table_07.R:42:3')"/>
    </testcase>
    <testcase time="0.0219999999999985" classname="table_07" name="Table_07_generation_works_with_NA_values_pruned_rows"/>
    <testcase time="0.00200000000000244" classname="table_07" name="Table_07_generation_works_with_NA_values_pruned_rows"/>
    <testcase time="0.00199999999999889" classname="table_07" name="Table_07_generation_works_with_NA_values_pruned_rows"/>
    <testcase time="0.0560000000000009" classname="table_07" name="Table_07_generation_works_with_NA_values_pruned_rows"/>
    <testcase time="0.468" classname="table_07" name="Table_07_generation_works_with_NA_values_pruned_rows"/>
    <testcase time="0.178000000000001" classname="table_07" name="Table_07_generation_works_with_NA_values_pruned_rows">
      <skipped message="Reason: On CRAN ('test-table_07.R:52:3')"/>
    </testcase>
  </testsuite>
  <testsuite name="table_08" timestamp="2023-09-28T20:40:03Z" hostname="ffe41f9c21da" tests="8" skipped="2" failures="0" errors="0" time="0.623">
    <testcase time="0.0330000000000013" classname="table_08" name="Table_08_generation_works_with_default_values"/>
    <testcase time="0.00199999999999889" classname="table_08" name="Table_08_generation_works_with_default_values"/>
    <testcase time="0.0870000000000033" classname="table_08" name="Table_08_generation_works_with_default_values"/>
    <testcase time="0.192999999999998" classname="table_08" name="Table_08_generation_works_with_default_values">
      <skipped message="Reason: On CRAN ('test-table_08.R:10:3')"/>
    </testcase>
    <testcase time="0.0229999999999961" classname="table_08" name="Table_08_generation_works_with_custom_values"/>
    <testcase time="0.00100000000000477" classname="table_08" name="Table_08_generation_works_with_custom_values"/>
    <testcase time="0.0629999999999953" classname="table_08" name="Table_08_generation_works_with_custom_values"/>
    <testcase time="0.221000000000004" classname="table_08" name="Table_08_generation_works_with_custom_values">
      <skipped message="Reason: On CRAN ('test-table_08.R:31:3')"/>
    </testcase>
  </testsuite>
  <testsuite name="table_09" timestamp="2023-09-28T20:40:03Z" hostname="ffe41f9c21da" tests="8" skipped="2" failures="0" errors="0" time="1.373">
    <testcase time="0.0279999999999987" classname="table_09" name="Table_09_generation_works_with_default_values"/>
    <testcase time="0.0660000000000025" classname="table_09" name="Table_09_generation_works_with_default_values"/>
    <testcase time="0.451999999999998" classname="table_09" name="Table_09_generation_works_with_default_values"/>
    <testcase time="0.097999999999999" classname="table_09" name="Table_09_generation_works_with_default_values">
      <skipped message="Reason: On CRAN ('test-table_09.R:8:3')"/>
    </testcase>
    <testcase time="0.0249999999999986" classname="table_09" name="Table_09_generation_works_with_custom_values"/>
    <testcase time="0.0560000000000045" classname="table_09" name="Table_09_generation_works_with_custom_values"/>
    <testcase time="0.530999999999999" classname="table_09" name="Table_09_generation_works_with_custom_values"/>
    <testcase time="0.116999999999997" classname="table_09" name="Table_09_generation_works_with_custom_values">
      <skipped message="Reason: On CRAN ('test-table_09.R:39:3')"/>
    </testcase>
  </testsuite>
  <testsuite name="table_10" timestamp="2023-09-28T20:40:05Z" hostname="ffe41f9c21da" tests="10" skipped="2" failures="0" errors="0" time="1.495">
    <testcase time="0.0330000000000013" classname="table_10" name="Table_10_generation_works_with_default_values"/>
    <testcase time="0.000999999999997669" classname="table_10" name="Table_10_generation_works_with_default_values"/>
    <testcase time="0.0519999999999996" classname="table_10" name="Table_10_generation_works_with_default_values"/>
    <testcase time="0.536999999999999" classname="table_10" name="Table_10_generation_works_with_default_values"/>
    <testcase time="0.176000000000002" classname="table_10" name="Table_10_generation_works_with_default_values">
      <skipped message="Reason: On CRAN ('test-table_10.R:17:3')"/>
    </testcase>
    <testcase time="0.0229999999999961" classname="table_10" name="Table_10_generation_works_with_custom_values"/>
    <testcase time="0.00100000000000477" classname="table_10" name="Table_10_generation_works_with_custom_values"/>
    <testcase time="0.0519999999999996" classname="table_10" name="Table_10_generation_works_with_custom_values"/>
    <testcase time="0.531999999999996" classname="table_10" name="Table_10_generation_works_with_custom_values"/>
    <testcase time="0.088000000000001" classname="table_10" name="Table_10_generation_works_with_custom_values">
      <skipped message="Reason: On CRAN ('test-table_10.R:52:3')"/>
    </testcase>
  </testsuite>
  <testsuite name="table_11" timestamp="2023-09-28T20:40:06Z" hostname="ffe41f9c21da" tests="8" skipped="2" failures="0" errors="0" time="2.211">
    <testcase time="0.0360000000000014" classname="table_11" name="Table_11_generation_works_with_default_values"/>
    <testcase time="0.0779999999999959" classname="table_11" name="Table_11_generation_works_with_default_values"/>
    <testcase time="0.887" classname="table_11" name="Table_11_generation_works_with_default_values"/>
    <testcase time="0.196000000000005" classname="table_11" name="Table_11_generation_works_with_default_values">
      <skipped message="Reason: On CRAN ('test-table_11.R:18:3')"/>
    </testcase>
    <testcase time="0.0209999999999937" classname="table_11" name="Table_11_generation_works_with_custom_values"/>
    <testcase time="0.0590000000000046" classname="table_11" name="Table_11_generation_works_with_custom_values"/>
    <testcase time="0.826000000000001" classname="table_11" name="Table_11_generation_works_with_custom_values"/>
    <testcase time="0.107999999999997" classname="table_11" name="Table_11_generation_works_with_custom_values">
      <skipped message="Reason: On CRAN ('test-table_11.R:48:3')"/>
    </testcase>
  </testsuite>
  <testsuite name="table_12" timestamp="2023-09-28T20:40:08Z" hostname="ffe41f9c21da" tests="8" skipped="2" failures="0" errors="0" time="2.787">
    <testcase time="0.0309999999999988" classname="table_12" name="Table_12_generation_works_with_default_values"/>
    <testcase time="0.0700000000000003" classname="table_12" name="Table_12_generation_works_with_default_values"/>
    <testcase time="1.14" classname="table_12" name="Table_12_generation_works_with_default_values"/>
    <testcase time="0.140999999999998" classname="table_12" name="Table_12_generation_works_with_default_values">
      <skipped message="Reason: On CRAN ('test-table_12.R:9:3')"/>
    </testcase>
    <testcase time="0.0200000000000031" classname="table_12" name="Table_12_generation_works_with_custom_values"/>
    <testcase time="0.0670000000000002" classname="table_12" name="Table_12_generation_works_with_custom_values"/>
    <testcase time="1.14" classname="table_12" name="Table_12_generation_works_with_custom_values"/>
    <testcase time="0.177999999999997" classname="table_12" name="Table_12_generation_works_with_custom_values">
      <skipped message="Reason: On CRAN ('test-table_12.R:39:3')"/>
    </testcase>
  </testsuite>
  <testsuite name="table_13" timestamp="2023-09-28T20:40:11Z" hostname="ffe41f9c21da" tests="8" skipped="2" failures="0" errors="0" time="0.722">
    <testcase time="0.0249999999999986" classname="table_13" name="Table_13_generation_works_with_default_values"/>
    <testcase time="0.0609999999999999" classname="table_13" name="Table_13_generation_works_with_default_values"/>
    <testcase time="0.186" classname="table_13" name="Table_13_generation_works_with_default_values"/>
    <testcase time="0.097999999999999" classname="table_13" name="Table_13_generation_works_with_default_values">
      <skipped message="Reason: On CRAN ('test-table_13.R:8:3')"/>
    </testcase>
    <testcase time="0.0219999999999985" classname="table_13" name="Table_13_generation_works_with_custom_values"/>
    <testcase time="0.0620000000000047" classname="table_13" name="Table_13_generation_works_with_custom_values"/>
    <testcase time="0.200999999999993" classname="table_13" name="Table_13_generation_works_with_custom_values"/>
    <testcase time="0.0670000000000002" classname="table_13" name="Table_13_generation_works_with_custom_values">
      <skipped message="Reason: On CRAN ('test-table_13.R:38:3')"/>
    </testcase>
  </testsuite>
  <testsuite name="table_14" timestamp="2023-09-28T20:40:12Z" hostname="ffe41f9c21da" tests="10" skipped="3" failures="0" errors="0" time="3.53">
    <testcase time="0.0360000000000014" classname="table_14" name="Table_14_generation_works_with_default_values"/>
    <testcase time="0.82" classname="table_14" name="Table_14_generation_works_with_default_values"/>
    <testcase time="0.225999999999999" classname="table_14" name="Table_14_generation_works_with_default_values">
      <skipped message="Reason: On CRAN ('test-table_14.R:16:3')"/>
    </testcase>
    <testcase time="0.0210000000000008" classname="table_14" name="Table_14_generation_works_with_custom_values"/>
    <testcase time="0.0609999999999999" classname="table_14" name="Table_14_generation_works_with_custom_values"/>
    <testcase time="0.826999999999998" classname="table_14" name="Table_14_generation_works_with_custom_values"/>
    <testcase time="0.244999999999997" classname="table_14" name="Table_14_generation_works_with_custom_values">
      <skipped message="Reason: On CRAN ('test-table_14.R:46:3')"/>
    </testcase>
    <testcase time="0.0200000000000031" classname="table_14" name="Table_14_generation_works_with_NA_values_pruned_rows"/>
    <testcase time="1.122" classname="table_14" name="Table_14_generation_works_with_NA_values_pruned_rows"/>
    <testcase time="0.152000000000001" classname="table_14" name="Table_14_generation_works_with_NA_values_pruned_rows">
      <skipped message="Reason: On CRAN ('test-table_14.R:53:3')"/>
    </testcase>
  </testsuite>
  <testsuite name="table_20" timestamp="2023-09-28T20:40:16Z" hostname="ffe41f9c21da" tests="18" skipped="3" failures="0" errors="0" time="2.613">
    <testcase time="0.0329999999999941" classname="table_20" name="Table_20_generation_works_with_default_values"/>
    <testcase time="0.00200000000000244" classname="table_20" name="Table_20_generation_works_with_default_values"/>
    <testcase time="0.000999999999997669" classname="table_20" name="Table_20_generation_works_with_default_values"/>
    <testcase time="0.0519999999999996" classname="table_20" name="Table_20_generation_works_with_default_values"/>
    <testcase time="0.544000000000004" classname="table_20" name="Table_20_generation_works_with_default_values"/>
    <testcase time="0.134" classname="table_20" name="Table_20_generation_works_with_default_values">
      <skipped message="Reason: On CRAN ('test-table_20.R:17:3')"/>
    </testcase>
    <testcase time="0.0229999999999961" classname="table_20" name="Table_20_generation_works_with_custom_values"/>
    <testcase time="0.00200000000000244" classname="table_20" name="Table_20_generation_works_with_custom_values"/>
    <testcase time="0.000999999999997669" classname="table_20" name="Table_20_generation_works_with_custom_values"/>
    <testcase time="0.0600000000000023" classname="table_20" name="Table_20_generation_works_with_custom_values"/>
    <testcase time="0.863999999999997" classname="table_20" name="Table_20_generation_works_with_custom_values"/>
    <testcase time="0.165000000000006" classname="table_20" name="Table_20_generation_works_with_custom_values">
      <skipped message="Reason: On CRAN ('test-table_20.R:65:3')"/>
    </testcase>
    <testcase time="0.0219999999999985" classname="table_20" name="Table_20_generation_works_with_missing_values_pruned_rows"/>
    <testcase time="0.000999999999997669" classname="table_20" name="Table_20_generation_works_with_missing_values_pruned_rows"/>
    <testcase time="0.00200000000000244" classname="table_20" name="Table_20_generation_works_with_missing_values_pruned_rows"/>
    <testcase time="0.0640000000000001" classname="table_20" name="Table_20_generation_works_with_missing_values_pruned_rows"/>
    <testcase time="0.527000000000001" classname="table_20" name="Table_20_generation_works_with_missing_values_pruned_rows"/>
    <testcase time="0.116" classname="table_20" name="Table_20_generation_works_with_missing_values_pruned_rows">
      <skipped message="Reason: On CRAN ('test-table_20.R:74:3')"/>
    </testcase>
  </testsuite>
  <testsuite name="table_21" timestamp="2023-09-28T20:40:18Z" hostname="ffe41f9c21da" tests="19" skipped="4" failures="0" errors="0" time="3.484">
    <testcase time="0.0889999999999986" classname="table_21" name="Table_21_generation_works_with_default_values"/>
    <testcase time="0.000999999999997669" classname="table_21" name="Table_21_generation_works_with_default_values"/>
    <testcase time="0.767000000000003" classname="table_21" name="Table_21_generation_works_with_default_values"/>
    <testcase time="0.144999999999996" classname="table_21" name="Table_21_generation_works_with_default_values">
      <skipped message="Reason: On CRAN ('test-table_21.R:22:3')"/>
    </testcase>
    <testcase time="0.0200000000000031" classname="table_21" name="Table_21_generation_works_with_custom_values_N_s_denominator_and_overall_column"/>
    <testcase time="0.00200000000000244" classname="table_21" name="Table_21_generation_works_with_custom_values_N_s_denominator_and_overall_column"/>
    <testcase time="0.103999999999999" classname="table_21" name="Table_21_generation_works_with_custom_values_N_s_denominator_and_overall_column"/>
    <testcase time="0.948" classname="table_21" name="Table_21_generation_works_with_custom_values_N_s_denominator_and_overall_column"/>
    <testcase time="0.162999999999997" classname="table_21" name="Table_21_generation_works_with_custom_values_N_s_denominator_and_overall_column">
      <skipped message="Reason: On CRAN ('test-table_21.R:34:3')"/>
    </testcase>
    <testcase time="0.0249999999999986" classname="table_21" name="Table_21_generation_works_with_custom_values_N_col_denominator_and_no_overall_column"/>
    <testcase time="0.00200000000000244" classname="table_21" name="Table_21_generation_works_with_custom_values_N_col_denominator_and_no_overall_column"/>
    <testcase time="0.0700000000000003" classname="table_21" name="Table_21_generation_works_with_custom_values_N_col_denominator_and_no_overall_column"/>
    <testcase time="0.408999999999999" classname="table_21" name="Table_21_generation_works_with_custom_values_N_col_denominator_and_no_overall_column"/>
    <testcase time="0.131999999999998" classname="table_21" name="Table_21_generation_works_with_custom_values_N_col_denominator_and_no_overall_column">
      <skipped message="Reason: On CRAN ('test-table_21.R:60:3')"/>
    </testcase>
    <testcase time="0.0830000000000055" classname="table_21" name="Table_21_generation_works_with_some_NA_values"/>
    <testcase time="0.00199999999999534" classname="table_21" name="Table_21_generation_works_with_some_NA_values"/>
    <testcase time="0.088000000000001" classname="table_21" name="Table_21_generation_works_with_some_NA_values"/>
    <testcase time="0.331000000000003" classname="table_21" name="Table_21_generation_works_with_some_NA_values"/>
    <testcase time="0.102999999999994" classname="table_21" name="Table_21_generation_works_with_some_NA_values">
      <skipped message="Reason: On CRAN ('test-table_21.R:80:3')"/>
    </testcase>
  </testsuite>
  <testsuite name="table_32" timestamp="2023-09-28T20:40:22Z" hostname="ffe41f9c21da" tests="12" skipped="3" failures="0" errors="0" time="1.043">
    <testcase time="0.0280000000000058" classname="table_32" name="Table_32_generation_works_with_default_values"/>
    <testcase time="0.0670000000000002" classname="table_32" name="Table_32_generation_works_with_default_values"/>
    <testcase time="0.174999999999997" classname="table_32" name="Table_32_generation_works_with_default_values"/>
    <testcase time="0.0870000000000033" classname="table_32" name="Table_32_generation_works_with_default_values">
      <skipped message="Reason: On CRAN ('test-table_32.R:8:3')"/>
    </testcase>
    <testcase time="0.0229999999999961" classname="table_32" name="Table_32_generation_works_with_custom_values"/>
    <testcase time="0.0670000000000002" classname="table_32" name="Table_32_generation_works_with_custom_values"/>
    <testcase time="0.207999999999998" classname="table_32" name="Table_32_generation_works_with_custom_values"/>
    <testcase time="0.0750000000000028" classname="table_32" name="Table_32_generation_works_with_custom_values">
      <skipped message="Reason: On CRAN ('test-table_32.R:30:3')"/>
    </testcase>
    <testcase time="0.0210000000000008" classname="table_32" name="Table_32_generation_works_with_pruned_rows"/>
    <testcase time="0.0679999999999978" classname="table_32" name="Table_32_generation_works_with_pruned_rows"/>
    <testcase time="0.177" classname="table_32" name="Table_32_generation_works_with_pruned_rows"/>
    <testcase time="0.0470000000000041" classname="table_32" name="Table_32_generation_works_with_pruned_rows">
      <skipped message="Reason: On CRAN ('test-table_32.R:37:3')"/>
    </testcase>
  </testsuite>
  <testsuite name="table_33" timestamp="2023-09-28T20:40:23Z" hostname="ffe41f9c21da" tests="12" skipped="3" failures="0" errors="0" time="1.937">
    <testcase time="0.0269999999999939" classname="table_33" name="Table_33_generation_works_with_default_values"/>
    <testcase time="0.427" classname="table_33" name="Table_33_generation_works_with_default_values"/>
    <testcase time="0.156000000000006" classname="table_33" name="Table_33_generation_works_with_default_values"/>
    <testcase time="0.0439999999999969" classname="table_33" name="Table_33_generation_works_with_default_values">
      <skipped message="Reason: On CRAN ('test-table_33.R:8:3')"/>
    </testcase>
    <testcase time="0.0210000000000008" classname="table_33" name="Table_33_generation_works_with_custom_values"/>
    <testcase time="0.418999999999997" classname="table_33" name="Table_33_generation_works_with_custom_values"/>
    <testcase time="0.167999999999999" classname="table_33" name="Table_33_generation_works_with_custom_values"/>
    <testcase time="0.054000000000002" classname="table_33" name="Table_33_generation_works_with_custom_values">
      <skipped message="Reason: On CRAN ('test-table_33.R:34:3')"/>
    </testcase>
    <testcase time="0.0210000000000008" classname="table_33" name="Table_33_generation_works_with_pruned_rows"/>
    <testcase time="0.420000000000002" classname="table_33" name="Table_33_generation_works_with_pruned_rows"/>
    <testcase time="0.138999999999996" classname="table_33" name="Table_33_generation_works_with_pruned_rows"/>
    <testcase time="0.0410000000000039" classname="table_33" name="Table_33_generation_works_with_pruned_rows">
      <skipped message="Reason: On CRAN ('test-table_33.R:42:3')"/>
    </testcase>
  </testsuite>
  <testsuite name="table_34" timestamp="2023-09-28T20:40:25Z" hostname="ffe41f9c21da" tests="8" skipped="2" failures="0" errors="0" time="5.089">
    <testcase time="0.036999999999999" classname="table_34" name="Table_34_generation_works_with_default_values"/>
    <testcase time="0.0570000000000022" classname="table_34" name="Table_34_generation_works_with_default_values"/>
    <testcase time="2.313" classname="table_34" name="Table_34_generation_works_with_default_values"/>
    <testcase time="0.280000000000001" classname="table_34" name="Table_34_generation_works_with_default_values">
      <skipped message="Reason: On CRAN ('test-table_34.R:17:3')"/>
    </testcase>
    <testcase time="0.0290000000000035" classname="table_34" name="Table_34_generation_works_with_custom_values"/>
    <testcase time="0.0489999999999995" classname="table_34" name="Table_34_generation_works_with_custom_values"/>
    <testcase time="2.2" classname="table_34" name="Table_34_generation_works_with_custom_values"/>
    <testcase time="0.124000000000002" classname="table_34" name="Table_34_generation_works_with_custom_values">
      <skipped message="Reason: On CRAN ('test-table_34.R:49:3')"/>
    </testcase>
  </testsuite>
</testsuites>
