<?xml version="1.0" encoding="UTF-8"?>
<testsuites>
  <testsuite name="table_02" timestamp="2023-09-29T14:55:49Z" hostname="2b1d1e7fdde5" tests="33" skipped="10" failures="0" errors="0" time="15.007">
    <testcase time="0.0839999999999996" classname="table_02" name="Table_02_generation_works_with_default_values"/>
    <testcase time="0.1" classname="table_02" name="Table_02_generation_works_with_default_values"/>
    <testcase time="0.464" classname="table_02" name="Table_02_generation_works_with_default_values"/>
    <testcase time="0.225" classname="table_02" name="Table_02_generation_works_with_default_values">
      <skipped message="Reason: On CRAN ('test-table_02.R:16:3')"/>
    </testcase>
    <testcase time="0.0640000000000001" classname="table_02" name="Table_02_generation_works_with_custom_values"/>
    <testcase time="0.0510000000000002" classname="table_02" name="Table_02_generation_works_with_custom_values"/>
    <testcase time="0.37" classname="table_02" name="Table_02_generation_works_with_custom_values"/>
    <testcase time="0.229" classname="table_02" name="Table_02_generation_works_with_custom_values">
      <skipped message="Reason: On CRAN ('test-table_02.R:45:3')"/>
    </testcase>
    <testcase time="0.0570000000000004" classname="table_02" name="Table_02_generation_works_with_some_NA_values"/>
    <testcase time="0.0499999999999998" classname="table_02" name="Table_02_generation_works_with_some_NA_values"/>
    <testcase time="0.0739999999999998" classname="table_02" name="Table_02_generation_works_with_some_NA_values"/>
    <testcase time="0.0529999999999999" classname="table_02" name="Table_02_generation_works_with_some_NA_values">
      <skipped message="Reason: On CRAN ('test-table_02.R:57:3')"/>
    </testcase>
    <testcase time="0.0180000000000007" classname="table_02" name="Table_02_generation_tplyr_works_with_default_values"/>
    <testcase time="1.905" classname="table_02" name="Table_02_generation_tplyr_works_with_default_values"/>
    <testcase time="0.0360000000000005" classname="table_02" name="Table_02_generation_tplyr_works_with_default_values">
      <skipped message="Reason: On CRAN ('test-table_02.R:66:3')"/>
    </testcase>
    <testcase time="0.0169999999999995" classname="table_02" name="Table_02_generation_tplyr_works_with_tplyr_raw_TRUE"/>
    <testcase time="1.225" classname="table_02" name="Table_02_generation_tplyr_works_with_tplyr_raw_TRUE"/>
    <testcase time="0.0250000000000004" classname="table_02" name="Table_02_generation_tplyr_works_with_tplyr_raw_TRUE">
      <skipped message="Reason: On CRAN ('test-table_02.R:75:3')"/>
    </testcase>
    <testcase time="0.0469999999999988" classname="table_02" name="Table_02_generation_tplyr_works_with_custom_values"/>
    <testcase time="1.866" classname="table_02" name="Table_02_generation_tplyr_works_with_custom_values"/>
    <testcase time="0.0239999999999991" classname="table_02" name="Table_02_generation_tplyr_works_with_custom_values">
      <skipped message="Reason: On CRAN ('test-table_02.R:102:3')"/>
    </testcase>
    <testcase time="0.0380000000000003" classname="table_02" name="Table_02_generation_tplyr_works_with_some_NA_values"/>
    <testcase time="0.709999999999999" classname="table_02" name="Table_02_generation_tplyr_works_with_some_NA_values"/>
    <testcase time="0.0220000000000002" classname="table_02" name="Table_02_generation_tplyr_works_with_some_NA_values">
      <skipped message="Reason: On CRAN ('test-table_02.R:119:3')"/>
    </testcase>
    <testcase time="0.016" classname="table_02" name="Table_02_generation_gtsum_works_with_default_values"/>
    <testcase time="2.935" classname="table_02" name="Table_02_generation_gtsum_works_with_default_values"/>
    <testcase time="0.00600000000000023" classname="table_02" name="Table_02_generation_gtsum_works_with_default_values">
      <skipped message="Reason: On CRAN ('test-table_02.R:128:3')"/>
    </testcase>
    <testcase time="0.0460000000000012" classname="table_02" name="Table_02_generation_gtsum_works_with_custom_values"/>
    <testcase time="3.279" classname="table_02" name="Table_02_generation_gtsum_works_with_custom_values"/>
    <testcase time="0.00600000000000023" classname="table_02" name="Table_02_generation_gtsum_works_with_custom_values">
      <skipped message="Reason: On CRAN ('test-table_02.R:146:3')"/>
    </testcase>
    <testcase time="0.0459999999999994" classname="table_02" name="Table_02_generation_gtsum_works_with_some_NA_values"/>
    <testcase time="0.913" classname="table_02" name="Table_02_generation_gtsum_works_with_some_NA_values"/>
    <testcase time="0.00600000000000023" classname="table_02" name="Table_02_generation_gtsum_works_with_some_NA_values">
      <skipped message="Reason: On CRAN ('test-table_02.R:163:3')"/>
    </testcase>
  </testsuite>
  <testsuite name="table_04" timestamp="2023-09-29T14:56:04Z" hostname="2b1d1e7fdde5" tests="12" skipped="2" failures="0" errors="0" time="1.015">
    <testcase time="0.0570000000000022" classname="table_04" name="Table_04_generation_works_with_default_values"/>
    <testcase time="0.000999999999997669" classname="table_04" name="Table_04_generation_works_with_default_values"/>
    <testcase time="0.00100000000000122" classname="table_04" name="Table_04_generation_works_with_default_values"/>
    <testcase time="0.00100000000000122" classname="table_04" name="Table_04_generation_works_with_default_values"/>
    <testcase time="0.401" classname="table_04" name="Table_04_generation_works_with_default_values"/>
    <testcase time="0.102" classname="table_04" name="Table_04_generation_works_with_default_values">
      <skipped message="Reason: On CRAN ('test-table_04.R:30:3')"/>
    </testcase>
    <testcase time="0.0159999999999982" classname="table_04" name="Table_04_generation_works_with_custom_values"/>
    <testcase time="0.00100000000000122" classname="table_04" name="Table_04_generation_works_with_custom_values"/>
    <testcase time="0.000999999999997669" classname="table_04" name="Table_04_generation_works_with_custom_values"/>
    <testcase time="0.00200000000000244" classname="table_04" name="Table_04_generation_works_with_custom_values"/>
    <testcase time="0.329999999999998" classname="table_04" name="Table_04_generation_works_with_custom_values"/>
    <testcase time="0.102" classname="table_04" name="Table_04_generation_works_with_custom_values">
      <skipped message="Reason: On CRAN ('test-table_04.R:53:3')"/>
    </testcase>
  </testsuite>
  <testsuite name="table_05" timestamp="2023-09-29T14:56:05Z" hostname="2b1d1e7fdde5" tests="9" skipped="3" failures="0" errors="0" time="1.187">
    <testcase time="0.181000000000001" classname="table_05" name="Table_05_generation_works_with_default_values"/>
    <testcase time="0.222999999999999" classname="table_05" name="Table_05_generation_works_with_default_values"/>
    <testcase time="0.0800000000000018" classname="table_05" name="Table_05_generation_works_with_default_values">
      <skipped message="Reason: On CRAN ('test-table_05.R:10:3')"/>
    </testcase>
    <testcase time="0.0169999999999995" classname="table_05" name="Table_05_generation_works_with_custom_values"/>
    <testcase time="0.308" classname="table_05" name="Table_05_generation_works_with_custom_values"/>
    <testcase time="0.0839999999999996" classname="table_05" name="Table_05_generation_works_with_custom_values">
      <skipped message="Reason: On CRAN ('test-table_05.R:34:3')"/>
    </testcase>
    <testcase time="0.0180000000000007" classname="table_05" name="Table_05_generation_works_with_NA_values_pruned_rows"/>
    <testcase time="0.195999999999998" classname="table_05" name="Table_05_generation_works_with_NA_values_pruned_rows"/>
    <testcase time="0.0800000000000018" classname="table_05" name="Table_05_generation_works_with_NA_values_pruned_rows">
      <skipped message="Reason: On CRAN ('test-table_05.R:44:3')"/>
    </testcase>
  </testsuite>
  <testsuite name="table_06" timestamp="2023-09-29T14:56:06Z" hostname="2b1d1e7fdde5" tests="10" skipped="2" failures="0" errors="0" time="1.398">
    <testcase time="0.0199999999999996" classname="table_06" name="Table_06_generation_works_with_default_values"/>
    <testcase time="0.00199999999999889" classname="table_06" name="Table_06_generation_works_with_default_values"/>
    <testcase time="0.0549999999999997" classname="table_06" name="Table_06_generation_works_with_default_values"/>
    <testcase time="0.449000000000002" classname="table_06" name="Table_06_generation_works_with_default_values"/>
    <testcase time="0.0899999999999999" classname="table_06" name="Table_06_generation_works_with_default_values">
      <skipped message="Reason: On CRAN ('test-table_06.R:8:3')"/>
    </testcase>
    <testcase time="0.0169999999999995" classname="table_06" name="Table_06_generation_works_with_custom_values"/>
    <testcase time="0.00100000000000122" classname="table_06" name="Table_06_generation_works_with_custom_values"/>
    <testcase time="0.0649999999999977" classname="table_06" name="Table_06_generation_works_with_custom_values"/>
    <testcase time="0.574000000000002" classname="table_06" name="Table_06_generation_works_with_custom_values"/>
    <testcase time="0.125" classname="table_06" name="Table_06_generation_works_with_custom_values">
      <skipped message="Reason: On CRAN ('test-table_06.R:40:3')"/>
    </testcase>
  </testsuite>
  <testsuite name="table_07" timestamp="2023-09-29T14:56:08Z" hostname="2b1d1e7fdde5" tests="18" skipped="3" failures="0" errors="0" time="1.778">
    <testcase time="0.0259999999999998" classname="table_07" name="Table_07_generation_works_with_default_values"/>
    <testcase time="0.00100000000000122" classname="table_07" name="Table_07_generation_works_with_default_values"/>
    <testcase time="0.000999999999997669" classname="table_07" name="Table_07_generation_works_with_default_values"/>
    <testcase time="0.0500000000000007" classname="table_07" name="Table_07_generation_works_with_default_values"/>
    <testcase time="0.367000000000001" classname="table_07" name="Table_07_generation_works_with_default_values"/>
    <testcase time="0.119" classname="table_07" name="Table_07_generation_works_with_default_values">
      <skipped message="Reason: On CRAN ('test-table_07.R:13:3')"/>
    </testcase>
    <testcase time="0.0159999999999982" classname="table_07" name="Table_07_generation_works_with_custom_values"/>
    <testcase time="0.00200000000000244" classname="table_07" name="Table_07_generation_works_with_custom_values"/>
    <testcase time="0.000999999999997669" classname="table_07" name="Table_07_generation_works_with_custom_values"/>
    <testcase time="0.0400000000000027" classname="table_07" name="Table_07_generation_works_with_custom_values"/>
    <testcase time="0.495999999999999" classname="table_07" name="Table_07_generation_works_with_custom_values"/>
    <testcase time="0.151" classname="table_07" name="Table_07_generation_works_with_custom_values">
      <skipped message="Reason: On CRAN ('test-table_07.R:42:3')"/>
    </testcase>
    <testcase time="0.0169999999999995" classname="table_07" name="Table_07_generation_works_with_NA_values_pruned_rows"/>
    <testcase time="0.00100000000000122" classname="table_07" name="Table_07_generation_works_with_NA_values_pruned_rows"/>
    <testcase time="0.00100000000000122" classname="table_07" name="Table_07_generation_works_with_NA_values_pruned_rows"/>
    <testcase time="0.0409999999999968" classname="table_07" name="Table_07_generation_works_with_NA_values_pruned_rows"/>
    <testcase time="0.334000000000003" classname="table_07" name="Table_07_generation_works_with_NA_values_pruned_rows"/>
    <testcase time="0.113999999999997" classname="table_07" name="Table_07_generation_works_with_NA_values_pruned_rows">
      <skipped message="Reason: On CRAN ('test-table_07.R:52:3')"/>
    </testcase>
  </testsuite>
  <testsuite name="table_08" timestamp="2023-09-29T14:56:10Z" hostname="2b1d1e7fdde5" tests="8" skipped="2" failures="0" errors="0" time="0.41">
    <testcase time="0.022000000000002" classname="table_08" name="Table_08_generation_works_with_default_values"/>
    <testcase time="0.000999999999997669" classname="table_08" name="Table_08_generation_works_with_default_values"/>
    <testcase time="0.0609999999999999" classname="table_08" name="Table_08_generation_works_with_default_values"/>
    <testcase time="0.107000000000003" classname="table_08" name="Table_08_generation_works_with_default_values">
      <skipped message="Reason: On CRAN ('test-table_08.R:10:3')"/>
    </testcase>
    <testcase time="0.0169999999999995" classname="table_08" name="Table_08_generation_works_with_custom_values"/>
    <testcase time="0.000999999999997669" classname="table_08" name="Table_08_generation_works_with_custom_values"/>
    <testcase time="0.0520000000000032" classname="table_08" name="Table_08_generation_works_with_custom_values"/>
    <testcase time="0.148999999999997" classname="table_08" name="Table_08_generation_works_with_custom_values">
      <skipped message="Reason: On CRAN ('test-table_08.R:31:3')"/>
    </testcase>
  </testsuite>
  <testsuite name="table_09" timestamp="2023-09-29T14:56:10Z" hostname="2b1d1e7fdde5" tests="8" skipped="2" failures="0" errors="0" time="0.94">
    <testcase time="0.0210000000000008" classname="table_09" name="Table_09_generation_works_with_default_values"/>
    <testcase time="0.0519999999999996" classname="table_09" name="Table_09_generation_works_with_default_values"/>
    <testcase time="0.292999999999999" classname="table_09" name="Table_09_generation_works_with_default_values"/>
    <testcase time="0.0630000000000024" classname="table_09" name="Table_09_generation_works_with_default_values">
      <skipped message="Reason: On CRAN ('test-table_09.R:8:3')"/>
    </testcase>
    <testcase time="0.0180000000000007" classname="table_09" name="Table_09_generation_works_with_custom_values"/>
    <testcase time="0.0429999999999993" classname="table_09" name="Table_09_generation_works_with_custom_values"/>
    <testcase time="0.369999999999997" classname="table_09" name="Table_09_generation_works_with_custom_values"/>
    <testcase time="0.0800000000000018" classname="table_09" name="Table_09_generation_works_with_custom_values">
      <skipped message="Reason: On CRAN ('test-table_09.R:39:3')"/>
    </testcase>
  </testsuite>
  <testsuite name="table_10" timestamp="2023-09-29T14:56:11Z" hostname="2b1d1e7fdde5" tests="10" skipped="2" failures="0" errors="0" time="1.015">
    <testcase time="0.0259999999999998" classname="table_10" name="Table_10_generation_works_with_default_values"/>
    <testcase time="0.00100000000000122" classname="table_10" name="Table_10_generation_works_with_default_values"/>
    <testcase time="0.0410000000000004" classname="table_10" name="Table_10_generation_works_with_default_values"/>
    <testcase time="0.375" classname="table_10" name="Table_10_generation_works_with_default_values"/>
    <testcase time="0.108000000000001" classname="table_10" name="Table_10_generation_works_with_default_values">
      <skipped message="Reason: On CRAN ('test-table_10.R:17:3')"/>
    </testcase>
    <testcase time="0.017000000000003" classname="table_10" name="Table_10_generation_works_with_custom_values"/>
    <testcase time="0.000999999999997669" classname="table_10" name="Table_10_generation_works_with_custom_values"/>
    <testcase time="0.036999999999999" classname="table_10" name="Table_10_generation_works_with_custom_values"/>
    <testcase time="0.354000000000003" classname="table_10" name="Table_10_generation_works_with_custom_values"/>
    <testcase time="0.0549999999999997" classname="table_10" name="Table_10_generation_works_with_custom_values">
      <skipped message="Reason: On CRAN ('test-table_10.R:52:3')"/>
    </testcase>
  </testsuite>
  <testsuite name="table_11" timestamp="2023-09-29T14:56:12Z" hostname="2b1d1e7fdde5" tests="8" skipped="2" failures="0" errors="0" time="1.567">
    <testcase time="0.0279999999999987" classname="table_11" name="Table_11_generation_works_with_default_values"/>
    <testcase time="0.0629999999999988" classname="table_11" name="Table_11_generation_works_with_default_values"/>
    <testcase time="0.617000000000001" classname="table_11" name="Table_11_generation_works_with_default_values"/>
    <testcase time="0.127000000000002" classname="table_11" name="Table_11_generation_works_with_default_values">
      <skipped message="Reason: On CRAN ('test-table_11.R:18:3')"/>
    </testcase>
    <testcase time="0.0169999999999995" classname="table_11" name="Table_11_generation_works_with_custom_values"/>
    <testcase time="0.0449999999999982" classname="table_11" name="Table_11_generation_works_with_custom_values"/>
    <testcase time="0.594000000000001" classname="table_11" name="Table_11_generation_works_with_custom_values"/>
    <testcase time="0.0760000000000005" classname="table_11" name="Table_11_generation_works_with_custom_values">
      <skipped message="Reason: On CRAN ('test-table_11.R:48:3')"/>
    </testcase>
  </testsuite>
  <testsuite name="table_12" timestamp="2023-09-29T14:56:14Z" hostname="2b1d1e7fdde5" tests="8" skipped="2" failures="0" errors="0" time="2.037">
    <testcase time="0.0239999999999974" classname="table_12" name="Table_12_generation_works_with_default_values"/>
    <testcase time="0.0520000000000032" classname="table_12" name="Table_12_generation_works_with_default_values"/>
    <testcase time="0.850999999999999" classname="table_12" name="Table_12_generation_works_with_default_values"/>
    <testcase time="0.102" classname="table_12" name="Table_12_generation_works_with_default_values">
      <skipped message="Reason: On CRAN ('test-table_12.R:9:3')"/>
    </testcase>
    <testcase time="0.0169999999999995" classname="table_12" name="Table_12_generation_works_with_custom_values"/>
    <testcase time="0.0530000000000008" classname="table_12" name="Table_12_generation_works_with_custom_values"/>
    <testcase time="0.820999999999998" classname="table_12" name="Table_12_generation_works_with_custom_values"/>
    <testcase time="0.117000000000001" classname="table_12" name="Table_12_generation_works_with_custom_values">
      <skipped message="Reason: On CRAN ('test-table_12.R:39:3')"/>
    </testcase>
  </testsuite>
  <testsuite name="table_13" timestamp="2023-09-29T14:56:16Z" hostname="2b1d1e7fdde5" tests="8" skipped="2" failures="0" errors="0" time="0.544">
    <testcase time="0.0210000000000008" classname="table_13" name="Table_13_generation_works_with_default_values"/>
    <testcase time="0.0509999999999984" classname="table_13" name="Table_13_generation_works_with_default_values"/>
    <testcase time="0.141999999999999" classname="table_13" name="Table_13_generation_works_with_default_values"/>
    <testcase time="0.0620000000000012" classname="table_13" name="Table_13_generation_works_with_default_values">
      <skipped message="Reason: On CRAN ('test-table_13.R:8:3')"/>
    </testcase>
    <testcase time="0.0169999999999995" classname="table_13" name="Table_13_generation_works_with_custom_values"/>
    <testcase time="0.0510000000000019" classname="table_13" name="Table_13_generation_works_with_custom_values"/>
    <testcase time="0.154" classname="table_13" name="Table_13_generation_works_with_custom_values"/>
    <testcase time="0.0459999999999994" classname="table_13" name="Table_13_generation_works_with_custom_values">
      <skipped message="Reason: On CRAN ('test-table_13.R:38:3')"/>
    </testcase>
  </testsuite>
  <testsuite name="table_14" timestamp="2023-09-29T14:56:16Z" hostname="2b1d1e7fdde5" tests="10" skipped="3" failures="0" errors="0" time="2.597">
    <testcase time="0.0300000000000011" classname="table_14" name="Table_14_generation_works_with_default_values"/>
    <testcase time="0.616999999999997" classname="table_14" name="Table_14_generation_works_with_default_values"/>
    <testcase time="0.155000000000001" classname="table_14" name="Table_14_generation_works_with_default_values">
      <skipped message="Reason: On CRAN ('test-table_14.R:16:3')"/>
    </testcase>
    <testcase time="0.0159999999999982" classname="table_14" name="Table_14_generation_works_with_custom_values"/>
    <testcase time="0.0500000000000007" classname="table_14" name="Table_14_generation_works_with_custom_values"/>
    <testcase time="0.625" classname="table_14" name="Table_14_generation_works_with_custom_values"/>
    <testcase time="0.152000000000001" classname="table_14" name="Table_14_generation_works_with_custom_values">
      <skipped message="Reason: On CRAN ('test-table_14.R:46:3')"/>
    </testcase>
    <testcase time="0.0169999999999995" classname="table_14" name="Table_14_generation_works_with_NA_values_pruned_rows"/>
    <testcase time="0.832999999999998" classname="table_14" name="Table_14_generation_works_with_NA_values_pruned_rows"/>
    <testcase time="0.102000000000004" classname="table_14" name="Table_14_generation_works_with_NA_values_pruned_rows">
      <skipped message="Reason: On CRAN ('test-table_14.R:53:3')"/>
    </testcase>
  </testsuite>
  <testsuite name="table_20" timestamp="2023-09-29T14:56:19Z" hostname="2b1d1e7fdde5" tests="18" skipped="3" failures="0" errors="0" time="1.821">
    <testcase time="0.0249999999999986" classname="table_20" name="Table_20_generation_works_with_default_values"/>
    <testcase time="0.000999999999997669" classname="table_20" name="Table_20_generation_works_with_default_values"/>
    <testcase time="0.00100000000000477" classname="table_20" name="Table_20_generation_works_with_default_values"/>
    <testcase time="0.0429999999999993" classname="table_20" name="Table_20_generation_works_with_default_values"/>
    <testcase time="0.390999999999998" classname="table_20" name="Table_20_generation_works_with_default_values"/>
    <testcase time="0.0889999999999986" classname="table_20" name="Table_20_generation_works_with_default_values">
      <skipped message="Reason: On CRAN ('test-table_20.R:17:3')"/>
    </testcase>
    <testcase time="0.0159999999999982" classname="table_20" name="Table_20_generation_works_with_custom_values"/>
    <testcase time="0.00100000000000477" classname="table_20" name="Table_20_generation_works_with_custom_values"/>
    <testcase time="0.000999999999997669" classname="table_20" name="Table_20_generation_works_with_custom_values"/>
    <testcase time="0.0429999999999993" classname="table_20" name="Table_20_generation_works_with_custom_values"/>
    <testcase time="0.581000000000003" classname="table_20" name="Table_20_generation_works_with_custom_values"/>
    <testcase time="0.104999999999997" classname="table_20" name="Table_20_generation_works_with_custom_values">
      <skipped message="Reason: On CRAN ('test-table_20.R:65:3')"/>
    </testcase>
    <testcase time="0.017000000000003" classname="table_20" name="Table_20_generation_works_with_missing_values_pruned_rows"/>
    <testcase time="0.000999999999997669" classname="table_20" name="Table_20_generation_works_with_missing_values_pruned_rows"/>
    <testcase time="0.000999999999997669" classname="table_20" name="Table_20_generation_works_with_missing_values_pruned_rows"/>
    <testcase time="0.0500000000000043" classname="table_20" name="Table_20_generation_works_with_missing_values_pruned_rows"/>
    <testcase time="0.379999999999995" classname="table_20" name="Table_20_generation_works_with_missing_values_pruned_rows"/>
    <testcase time="0.0750000000000028" classname="table_20" name="Table_20_generation_works_with_missing_values_pruned_rows">
      <skipped message="Reason: On CRAN ('test-table_20.R:74:3')"/>
    </testcase>
  </testsuite>
  <testsuite name="table_21" timestamp="2023-09-29T14:56:21Z" hostname="2b1d1e7fdde5" tests="19" skipped="4" failures="0" errors="0" time="2.559">
    <testcase time="0.0760000000000005" classname="table_21" name="Table_21_generation_works_with_default_values"/>
    <testcase time="0.000999999999997669" classname="table_21" name="Table_21_generation_works_with_default_values"/>
    <testcase time="0.567" classname="table_21" name="Table_21_generation_works_with_default_values"/>
    <testcase time="0.0949999999999989" classname="table_21" name="Table_21_generation_works_with_default_values">
      <skipped message="Reason: On CRAN ('test-table_21.R:22:3')"/>
    </testcase>
    <testcase time="0.0160000000000053" classname="table_21" name="Table_21_generation_works_with_custom_values_N_s_denominator_and_overall_column"/>
    <testcase time="0.00199999999999534" classname="table_21" name="Table_21_generation_works_with_custom_values_N_s_denominator_and_overall_column"/>
    <testcase time="0.0810000000000031" classname="table_21" name="Table_21_generation_works_with_custom_values_N_s_denominator_and_overall_column"/>
    <testcase time="0.698" classname="table_21" name="Table_21_generation_works_with_custom_values_N_s_denominator_and_overall_column"/>
    <testcase time="0.104999999999997" classname="table_21" name="Table_21_generation_works_with_custom_values_N_s_denominator_and_overall_column">
      <skipped message="Reason: On CRAN ('test-table_21.R:34:3')"/>
    </testcase>
    <testcase time="0.0160000000000053" classname="table_21" name="Table_21_generation_works_with_custom_values_N_col_denominator_and_no_overall_column"/>
    <testcase time="0.000999999999997669" classname="table_21" name="Table_21_generation_works_with_custom_values_N_col_denominator_and_no_overall_column"/>
    <testcase time="0.0519999999999996" classname="table_21" name="Table_21_generation_works_with_custom_values_N_col_denominator_and_no_overall_column"/>
    <testcase time="0.319000000000003" classname="table_21" name="Table_21_generation_works_with_custom_values_N_col_denominator_and_no_overall_column"/>
    <testcase time="0.0889999999999986" classname="table_21" name="Table_21_generation_works_with_custom_values_N_col_denominator_and_no_overall_column">
      <skipped message="Reason: On CRAN ('test-table_21.R:60:3')"/>
    </testcase>
    <testcase time="0.0640000000000001" classname="table_21" name="Table_21_generation_works_with_some_NA_values"/>
    <testcase time="0.00199999999999534" classname="table_21" name="Table_21_generation_works_with_some_NA_values"/>
    <testcase time="0.0720000000000027" classname="table_21" name="Table_21_generation_works_with_some_NA_values"/>
    <testcase time="0.240000000000002" classname="table_21" name="Table_21_generation_works_with_some_NA_values"/>
    <testcase time="0.0629999999999953" classname="table_21" name="Table_21_generation_works_with_some_NA_values">
      <skipped message="Reason: On CRAN ('test-table_21.R:80:3')"/>
    </testcase>
  </testsuite>
  <testsuite name="table_32" timestamp="2023-09-29T14:56:23Z" hostname="2b1d1e7fdde5" tests="12" skipped="3" failures="0" errors="0" time="0.747">
    <testcase time="0.0210000000000008" classname="table_32" name="Table_32_generation_works_with_default_values"/>
    <testcase time="0.0530000000000044" classname="table_32" name="Table_32_generation_works_with_default_values"/>
    <testcase time="0.128999999999998" classname="table_32" name="Table_32_generation_works_with_default_values"/>
    <testcase time="0.0409999999999968" classname="table_32" name="Table_32_generation_works_with_default_values">
      <skipped message="Reason: On CRAN ('test-table_32.R:8:3')"/>
    </testcase>
    <testcase time="0.017000000000003" classname="table_32" name="Table_32_generation_works_with_custom_values"/>
    <testcase time="0.0519999999999996" classname="table_32" name="Table_32_generation_works_with_custom_values"/>
    <testcase time="0.152000000000001" classname="table_32" name="Table_32_generation_works_with_custom_values"/>
    <testcase time="0.0510000000000019" classname="table_32" name="Table_32_generation_works_with_custom_values">
      <skipped message="Reason: On CRAN ('test-table_32.R:30:3')"/>
    </testcase>
    <testcase time="0.0159999999999982" classname="table_32" name="Table_32_generation_works_with_pruned_rows"/>
    <testcase time="0.0530000000000044" classname="table_32" name="Table_32_generation_works_with_pruned_rows"/>
    <testcase time="0.128999999999998" classname="table_32" name="Table_32_generation_works_with_pruned_rows"/>
    <testcase time="0.0330000000000013" classname="table_32" name="Table_32_generation_works_with_pruned_rows">
      <skipped message="Reason: On CRAN ('test-table_32.R:37:3')"/>
    </testcase>
  </testsuite>
  <testsuite name="table_33" timestamp="2023-09-29T14:56:24Z" hostname="2b1d1e7fdde5" tests="12" skipped="3" failures="0" errors="0" time="1.238">
    <testcase time="0.0210000000000008" classname="table_33" name="Table_33_generation_works_with_default_values"/>
    <testcase time="0.245999999999995" classname="table_33" name="Table_33_generation_works_with_default_values"/>
    <testcase time="0.108000000000004" classname="table_33" name="Table_33_generation_works_with_default_values"/>
    <testcase time="0.0319999999999965" classname="table_33" name="Table_33_generation_works_with_default_values">
      <skipped message="Reason: On CRAN ('test-table_33.R:8:3')"/>
    </testcase>
    <testcase time="0.017000000000003" classname="table_33" name="Table_33_generation_works_with_custom_values"/>
    <testcase time="0.243000000000002" classname="table_33" name="Table_33_generation_works_with_custom_values"/>
    <testcase time="0.130999999999993" classname="table_33" name="Table_33_generation_works_with_custom_values"/>
    <testcase time="0.0380000000000038" classname="table_33" name="Table_33_generation_works_with_custom_values">
      <skipped message="Reason: On CRAN ('test-table_33.R:34:3')"/>
    </testcase>
    <testcase time="0.017000000000003" classname="table_33" name="Table_33_generation_works_with_pruned_rows"/>
    <testcase time="0.244" classname="table_33" name="Table_33_generation_works_with_pruned_rows"/>
    <testcase time="0.110999999999997" classname="table_33" name="Table_33_generation_works_with_pruned_rows"/>
    <testcase time="0.0300000000000011" classname="table_33" name="Table_33_generation_works_with_pruned_rows">
      <skipped message="Reason: On CRAN ('test-table_33.R:42:3')"/>
    </testcase>
  </testsuite>
  <testsuite name="table_34" timestamp="2023-09-29T14:56:25Z" hostname="2b1d1e7fdde5" tests="8" skipped="2" failures="0" errors="0" time="3.683">
    <testcase time="0.027000000000001" classname="table_34" name="Table_34_generation_works_with_default_values"/>
    <testcase time="0.0419999999999945" classname="table_34" name="Table_34_generation_works_with_default_values"/>
    <testcase time="1.637" classname="table_34" name="Table_34_generation_works_with_default_values"/>
    <testcase time="0.199000000000005" classname="table_34" name="Table_34_generation_works_with_default_values">
      <skipped message="Reason: On CRAN ('test-table_34.R:17:3')"/>
    </testcase>
    <testcase time="0.0259999999999962" classname="table_34" name="Table_34_generation_works_with_custom_values"/>
    <testcase time="0.0390000000000015" classname="table_34" name="Table_34_generation_works_with_custom_values"/>
    <testcase time="1.625" classname="table_34" name="Table_34_generation_works_with_custom_values"/>
    <testcase time="0.088000000000001" classname="table_34" name="Table_34_generation_works_with_custom_values">
      <skipped message="Reason: On CRAN ('test-table_34.R:49:3')"/>
    </testcase>
  </testsuite>
</testsuites>
