<?xml version="1.0" encoding="UTF-8"?>
<testsuites>
  <testsuite name="falcon" timestamp="2023-05-02T12:37:33Z" hostname="df790a604ab9" tests="1" skipped="0" failures="0" errors="0" time="0.032">
    <testcase time="0.032" classname="falcon" name="dummy_test"/>
  </testsuite>
</testsuites>
