<?xml version="1.0" encoding="UTF-8"?>
<testsuites>
  <testsuite name="falcon" timestamp="2023-05-02T06:47:00Z" hostname="12f2a9117bc4" tests="1" skipped="0" failures="0" errors="0" time="0.026">
    <testcase time="0.0260000000000002" classname="falcon" name="dummy_test"/>
  </testsuite>
</testsuites>
