<?xml version="1.0" encoding="UTF-8"?>
<testsuites>
  <testsuite name="falcon" timestamp="2023-05-02T06:32:27Z" hostname="94d625218407" tests="1" skipped="0" failures="0" errors="0" time="0.024">
    <testcase time="0.024" classname="falcon" name="dummy_test"/>
  </testsuite>
</testsuites>
