<?xml version="1.0" encoding="UTF-8"?>
<testsuites>
  <testsuite name="falcon" timestamp="2023-04-28T13:47:27Z" hostname="6a8b73278d67" tests="1" skipped="0" failures="0" errors="0" time="0.027">
    <testcase time="0.0269999999999997" classname="falcon" name="dummy_test"/>
  </testsuite>
</testsuites>
