<?xml version="1.0" encoding="UTF-8"?>
<testsuites>
  <testsuite name="table_02" timestamp="2023-06-21T16:22:30Z" hostname="20370fd05fd3" tests="9" skipped="3" failures="0" errors="0" time="1.671">
    <testcase time="0.0580000000000003" classname="table_02" name="Table_02_generation_works_with_default_values"/>
    <testcase time="0.555" classname="table_02" name="Table_02_generation_works_with_default_values"/>
    <testcase time="0.207" classname="table_02" name="Table_02_generation_works_with_default_values">
      <skipped message="Reason: On CRAN ('test-table_02.R:16:3')"/>
    </testcase>
    <testcase time="0.0649999999999999" classname="table_02" name="Table_02_generation_works_with_custom_values"/>
    <testcase time="0.4" classname="table_02" name="Table_02_generation_works_with_custom_values"/>
    <testcase time="0.201" classname="table_02" name="Table_02_generation_works_with_custom_values">
      <skipped message="Reason: On CRAN ('test-table_02.R:45:3')"/>
    </testcase>
    <testcase time="0.0510000000000002" classname="table_02" name="Table_02_generation_works_with_some_NA_values"/>
    <testcase time="0.0899999999999999" classname="table_02" name="Table_02_generation_works_with_some_NA_values"/>
    <testcase time="0.0439999999999996" classname="table_02" name="Table_02_generation_works_with_some_NA_values">
      <skipped message="Reason: On CRAN ('test-table_02.R:57:3')"/>
    </testcase>
  </testsuite>
  <testsuite name="table_05" timestamp="2023-06-21T16:22:32Z" hostname="20370fd05fd3" tests="9" skipped="3" failures="0" errors="0" time="1.079">
    <testcase time="0.177" classname="table_05" name="Table_05_generation_works_with_default_values"/>
    <testcase time="0.264" classname="table_05" name="Table_05_generation_works_with_default_values"/>
    <testcase time="0.0649999999999995" classname="table_05" name="Table_05_generation_works_with_default_values">
      <skipped message="Reason: On CRAN ('test-table_05.R:10:3')"/>
    </testcase>
    <testcase time="0.0129999999999999" classname="table_05" name="Table_05_generation_works_with_custom_values"/>
    <testcase time="0.235" classname="table_05" name="Table_05_generation_works_with_custom_values"/>
    <testcase time="0.0759999999999996" classname="table_05" name="Table_05_generation_works_with_custom_values">
      <skipped message="Reason: On CRAN ('test-table_05.R:34:3')"/>
    </testcase>
    <testcase time="0.0140000000000002" classname="table_05" name="Table_05_generation_works_with_NA_values_pruned_rows"/>
    <testcase time="0.171" classname="table_05" name="Table_05_generation_works_with_NA_values_pruned_rows"/>
    <testcase time="0.0640000000000001" classname="table_05" name="Table_05_generation_works_with_NA_values_pruned_rows">
      <skipped message="Reason: On CRAN ('test-table_05.R:44:3')"/>
    </testcase>
  </testsuite>
  <testsuite name="table_06" timestamp="2023-06-21T16:22:33Z" hostname="20370fd05fd3" tests="10" skipped="2" failures="0" errors="0" time="1.374">
    <testcase time="0.0289999999999999" classname="table_06" name="Table_06_generation_works_with_default_values"/>
    <testcase time="0.00100000000000033" classname="table_06" name="Table_06_generation_works_with_default_values"/>
    <testcase time="0.0549999999999997" classname="table_06" name="Table_06_generation_works_with_default_values"/>
    <testcase time="0.358000000000001" classname="table_06" name="Table_06_generation_works_with_default_values"/>
    <testcase time="0.085" classname="table_06" name="Table_06_generation_works_with_default_values">
      <skipped message="Reason: On CRAN ('test-table_06.R:8:3')"/>
    </testcase>
    <testcase time="0.0129999999999999" classname="table_06" name="Table_06_generation_works_with_custom_values"/>
    <testcase time="0.00100000000000033" classname="table_06" name="Table_06_generation_works_with_custom_values"/>
    <testcase time="0.0589999999999993" classname="table_06" name="Table_06_generation_works_with_custom_values"/>
    <testcase time="0.655" classname="table_06" name="Table_06_generation_works_with_custom_values"/>
    <testcase time="0.118" classname="table_06" name="Table_06_generation_works_with_custom_values">
      <skipped message="Reason: On CRAN ('test-table_06.R:40:3')"/>
    </testcase>
  </testsuite>
  <testsuite name="table_07" timestamp="2023-06-21T16:22:34Z" hostname="20370fd05fd3" tests="18" skipped="3" failures="0" errors="0" time="1.428">
    <testcase time="0.0209999999999999" classname="table_07" name="Table_07_generation_works_with_default_values"/>
    <testcase time="0.000999999999999446" classname="table_07" name="Table_07_generation_works_with_default_values"/>
    <testcase time="0.00100000000000033" classname="table_07" name="Table_07_generation_works_with_default_values"/>
    <testcase time="0.0369999999999999" classname="table_07" name="Table_07_generation_works_with_default_values"/>
    <testcase time="0.29" classname="table_07" name="Table_07_generation_works_with_default_values"/>
    <testcase time="0.105" classname="table_07" name="Table_07_generation_works_with_default_values">
      <skipped message="Reason: On CRAN ('test-table_07.R:13:3')"/>
    </testcase>
    <testcase time="0.0120000000000005" classname="table_07" name="Table_07_generation_works_with_custom_values"/>
    <testcase time="0.00199999999999978" classname="table_07" name="Table_07_generation_works_with_custom_values"/>
    <testcase time="0.00100000000000033" classname="table_07" name="Table_07_generation_works_with_custom_values"/>
    <testcase time="0.0369999999999999" classname="table_07" name="Table_07_generation_works_with_custom_values"/>
    <testcase time="0.378" classname="table_07" name="Table_07_generation_works_with_custom_values"/>
    <testcase time="0.130999999999999" classname="table_07" name="Table_07_generation_works_with_custom_values">
      <skipped message="Reason: On CRAN ('test-table_07.R:42:3')"/>
    </testcase>
    <testcase time="0.0129999999999999" classname="table_07" name="Table_07_generation_works_with_NA_values_pruned_rows"/>
    <testcase time="0.00100000000000033" classname="table_07" name="Table_07_generation_works_with_NA_values_pruned_rows"/>
    <testcase time="0.00100000000000033" classname="table_07" name="Table_07_generation_works_with_NA_values_pruned_rows"/>
    <testcase time="0.0379999999999994" classname="table_07" name="Table_07_generation_works_with_NA_values_pruned_rows"/>
    <testcase time="0.257000000000001" classname="table_07" name="Table_07_generation_works_with_NA_values_pruned_rows"/>
    <testcase time="0.102" classname="table_07" name="Table_07_generation_works_with_NA_values_pruned_rows">
      <skipped message="Reason: On CRAN ('test-table_07.R:52:3')"/>
    </testcase>
  </testsuite>
  <testsuite name="table_08" timestamp="2023-06-21T16:22:36Z" hostname="20370fd05fd3" tests="8" skipped="2" failures="0" errors="0" time="0.366">
    <testcase time="0.0239999999999991" classname="table_08" name="Table_08_generation_works_with_default_values"/>
    <testcase time="0.00100000000000122" classname="table_08" name="Table_08_generation_works_with_default_values"/>
    <testcase time="0.0419999999999998" classname="table_08" name="Table_08_generation_works_with_default_values"/>
    <testcase time="0.097999999999999" classname="table_08" name="Table_08_generation_works_with_default_values">
      <skipped message="Reason: On CRAN ('test-table_08.R:10:3')"/>
    </testcase>
    <testcase time="0.0120000000000005" classname="table_08" name="Table_08_generation_works_with_custom_values"/>
    <testcase time="0.00200000000000067" classname="table_08" name="Table_08_generation_works_with_custom_values"/>
    <testcase time="0.0359999999999996" classname="table_08" name="Table_08_generation_works_with_custom_values"/>
    <testcase time="0.151" classname="table_08" name="Table_08_generation_works_with_custom_values">
      <skipped message="Reason: On CRAN ('test-table_08.R:31:3')"/>
    </testcase>
  </testsuite>
  <testsuite name="table_09" timestamp="2023-06-21T16:22:36Z" hostname="20370fd05fd3" tests="8" skipped="2" failures="0" errors="0" time="0.764">
    <testcase time="0.0170000000000012" classname="table_09" name="Table_09_generation_works_with_default_values"/>
    <testcase time="0.0389999999999997" classname="table_09" name="Table_09_generation_works_with_default_values"/>
    <testcase time="0.244" classname="table_09" name="Table_09_generation_works_with_default_values"/>
    <testcase time="0.0549999999999997" classname="table_09" name="Table_09_generation_works_with_default_values">
      <skipped message="Reason: On CRAN ('test-table_09.R:8:3')"/>
    </testcase>
    <testcase time="0.0129999999999999" classname="table_09" name="Table_09_generation_works_with_custom_values"/>
    <testcase time="0.0380000000000003" classname="table_09" name="Table_09_generation_works_with_custom_values"/>
    <testcase time="0.298" classname="table_09" name="Table_09_generation_works_with_custom_values"/>
    <testcase time="0.0600000000000005" classname="table_09" name="Table_09_generation_works_with_custom_values">
      <skipped message="Reason: On CRAN ('test-table_09.R:39:3')"/>
    </testcase>
  </testsuite>
  <testsuite name="table_13" timestamp="2023-06-21T16:22:37Z" hostname="20370fd05fd3" tests="8" skipped="2" failures="0" errors="0" time="0.452">
    <testcase time="0.0169999999999995" classname="table_13" name="Table_13_generation_works_with_default_values"/>
    <testcase time="0.048" classname="table_13" name="Table_13_generation_works_with_default_values"/>
    <testcase time="0.106" classname="table_13" name="Table_13_generation_works_with_default_values"/>
    <testcase time="0.0630000000000006" classname="table_13" name="Table_13_generation_works_with_default_values">
      <skipped message="Reason: On CRAN ('test-table_13.R:8:3')"/>
    </testcase>
    <testcase time="0.0129999999999999" classname="table_13" name="Table_13_generation_works_with_custom_values"/>
    <testcase time="0.0459999999999994" classname="table_13" name="Table_13_generation_works_with_custom_values"/>
    <testcase time="0.117000000000001" classname="table_13" name="Table_13_generation_works_with_custom_values"/>
    <testcase time="0.0419999999999998" classname="table_13" name="Table_13_generation_works_with_custom_values">
      <skipped message="Reason: On CRAN ('test-table_13.R:38:3')"/>
    </testcase>
  </testsuite>
  <testsuite name="table_14" timestamp="2023-06-21T16:22:37Z" hostname="20370fd05fd3" tests="10" skipped="3" failures="0" errors="0" time="1.856">
    <testcase time="0.0259999999999998" classname="table_14" name="Table_14_generation_works_with_default_values"/>
    <testcase time="0.462000000000002" classname="table_14" name="Table_14_generation_works_with_default_values"/>
    <testcase time="0.126999999999999" classname="table_14" name="Table_14_generation_works_with_default_values">
      <skipped message="Reason: On CRAN ('test-table_14.R:16:3')"/>
    </testcase>
    <testcase time="0.0129999999999999" classname="table_14" name="Table_14_generation_works_with_custom_values"/>
    <testcase time="0.0470000000000006" classname="table_14" name="Table_14_generation_works_with_custom_values"/>
    <testcase time="0.484" classname="table_14" name="Table_14_generation_works_with_custom_values"/>
    <testcase time="0.127000000000001" classname="table_14" name="Table_14_generation_works_with_custom_values">
      <skipped message="Reason: On CRAN ('test-table_14.R:46:3')"/>
    </testcase>
    <testcase time="0.0119999999999987" classname="table_14" name="Table_14_generation_works_with_NA_values_pruned_rows"/>
    <testcase time="0.464" classname="table_14" name="Table_14_generation_works_with_NA_values_pruned_rows"/>
    <testcase time="0.0939999999999994" classname="table_14" name="Table_14_generation_works_with_NA_values_pruned_rows">
      <skipped message="Reason: On CRAN ('test-table_14.R:53:3')"/>
    </testcase>
  </testsuite>
  <testsuite name="table_20" timestamp="2023-06-21T16:22:39Z" hostname="20370fd05fd3" tests="18" skipped="3" failures="0" errors="0" time="1.525">
    <testcase time="0.0220000000000002" classname="table_20" name="Table_20_generation_works_with_default_values"/>
    <testcase time="0.00100000000000122" classname="table_20" name="Table_20_generation_works_with_default_values"/>
    <testcase time="0.000999999999999446" classname="table_20" name="Table_20_generation_works_with_default_values"/>
    <testcase time="0.0410000000000004" classname="table_20" name="Table_20_generation_works_with_default_values"/>
    <testcase time="0.314" classname="table_20" name="Table_20_generation_works_with_default_values"/>
    <testcase time="0.0729999999999986" classname="table_20" name="Table_20_generation_works_with_default_values">
      <skipped message="Reason: On CRAN ('test-table_20.R:17:3')"/>
    </testcase>
    <testcase time="0.0120000000000005" classname="table_20" name="Table_20_generation_works_with_custom_values"/>
    <testcase time="0.000999999999999446" classname="table_20" name="Table_20_generation_works_with_custom_values"/>
    <testcase time="0.00200000000000067" classname="table_20" name="Table_20_generation_works_with_custom_values"/>
    <testcase time="0.0410000000000004" classname="table_20" name="Table_20_generation_works_with_custom_values"/>
    <testcase time="0.484" classname="table_20" name="Table_20_generation_works_with_custom_values"/>
    <testcase time="0.103999999999999" classname="table_20" name="Table_20_generation_works_with_custom_values">
      <skipped message="Reason: On CRAN ('test-table_20.R:65:3')"/>
    </testcase>
    <testcase time="0.0129999999999999" classname="table_20" name="Table_20_generation_works_with_missing_values_pruned_rows"/>
    <testcase time="0.00100000000000122" classname="table_20" name="Table_20_generation_works_with_missing_values_pruned_rows"/>
    <testcase time="0.00199999999999889" classname="table_20" name="Table_20_generation_works_with_missing_values_pruned_rows"/>
    <testcase time="0.0410000000000004" classname="table_20" name="Table_20_generation_works_with_missing_values_pruned_rows"/>
    <testcase time="0.298999999999999" classname="table_20" name="Table_20_generation_works_with_missing_values_pruned_rows"/>
    <testcase time="0.0730000000000004" classname="table_20" name="Table_20_generation_works_with_missing_values_pruned_rows">
      <skipped message="Reason: On CRAN ('test-table_20.R:74:3')"/>
    </testcase>
  </testsuite>
  <testsuite name="table_32" timestamp="2023-06-21T16:22:41Z" hostname="20370fd05fd3" tests="12" skipped="3" failures="0" errors="0" time="0.668">
    <testcase time="0.0180000000000007" classname="table_32" name="Table_32_generation_works_with_default_values"/>
    <testcase time="0.0589999999999993" classname="table_32" name="Table_32_generation_works_with_default_values"/>
    <testcase time="0.0999999999999996" classname="table_32" name="Table_32_generation_works_with_default_values"/>
    <testcase time="0.0400000000000009" classname="table_32" name="Table_32_generation_works_with_default_values">
      <skipped message="Reason: On CRAN ('test-table_32.R:8:3')"/>
    </testcase>
    <testcase time="0.0129999999999999" classname="table_32" name="Table_32_generation_works_with_custom_values"/>
    <testcase time="0.0689999999999991" classname="table_32" name="Table_32_generation_works_with_custom_values"/>
    <testcase time="0.120000000000001" classname="table_32" name="Table_32_generation_works_with_custom_values"/>
    <testcase time="0.048" classname="table_32" name="Table_32_generation_works_with_custom_values">
      <skipped message="Reason: On CRAN ('test-table_32.R:30:3')"/>
    </testcase>
    <testcase time="0.0129999999999999" classname="table_32" name="Table_32_generation_works_with_pruned_rows"/>
    <testcase time="0.0489999999999995" classname="table_32" name="Table_32_generation_works_with_pruned_rows"/>
    <testcase time="0.110000000000001" classname="table_32" name="Table_32_generation_works_with_pruned_rows"/>
    <testcase time="0.0289999999999999" classname="table_32" name="Table_32_generation_works_with_pruned_rows">
      <skipped message="Reason: On CRAN ('test-table_32.R:37:3')"/>
    </testcase>
  </testsuite>
  <testsuite name="table_33" timestamp="2023-06-21T16:22:41Z" hostname="20370fd05fd3" tests="12" skipped="3" failures="0" errors="0" time="1.116">
    <testcase time="0.0179999999999989" classname="table_33" name="Table_33_generation_works_with_default_values"/>
    <testcase time="0.241" classname="table_33" name="Table_33_generation_works_with_default_values"/>
    <testcase time="0.0840000000000014" classname="table_33" name="Table_33_generation_works_with_default_values"/>
    <testcase time="0.0309999999999988" classname="table_33" name="Table_33_generation_works_with_default_values">
      <skipped message="Reason: On CRAN ('test-table_33.R:8:3')"/>
    </testcase>
    <testcase time="0.0129999999999999" classname="table_33" name="Table_33_generation_works_with_custom_values"/>
    <testcase time="0.231" classname="table_33" name="Table_33_generation_works_with_custom_values"/>
    <testcase time="0.108000000000001" classname="table_33" name="Table_33_generation_works_with_custom_values"/>
    <testcase time="0.0380000000000003" classname="table_33" name="Table_33_generation_works_with_custom_values">
      <skipped message="Reason: On CRAN ('test-table_33.R:34:3')"/>
    </testcase>
    <testcase time="0.0129999999999999" classname="table_33" name="Table_33_generation_works_with_pruned_rows"/>
    <testcase time="0.231" classname="table_33" name="Table_33_generation_works_with_pruned_rows"/>
    <testcase time="0.0820000000000007" classname="table_33" name="Table_33_generation_works_with_pruned_rows"/>
    <testcase time="0.0259999999999998" classname="table_33" name="Table_33_generation_works_with_pruned_rows">
      <skipped message="Reason: On CRAN ('test-table_33.R:42:3')"/>
    </testcase>
  </testsuite>
</testsuites>
