<?xml version="1.0" encoding="UTF-8"?>
<testsuites>
  <testsuite name="table_02" timestamp="2023-06-07T18:51:42Z" hostname="1df75f6605c9" tests="9" skipped="3" failures="0" errors="0" time="2.756">
    <testcase time="0.332" classname="table_02" name="Table_02_generation_works_with_default_values"/>
    <testcase time="0.809" classname="table_02" name="Table_02_generation_works_with_default_values"/>
    <testcase time="0.326" classname="table_02" name="Table_02_generation_works_with_default_values">
      <skipped message="Reason: On CRAN ('test-table_02.R:16:3')"/>
    </testcase>
    <testcase time="0.0919999999999996" classname="table_02" name="Table_02_generation_works_with_custom_values"/>
    <testcase time="0.583" classname="table_02" name="Table_02_generation_works_with_custom_values"/>
    <testcase time="0.335" classname="table_02" name="Table_02_generation_works_with_custom_values">
      <skipped message="Reason: On CRAN ('test-table_02.R:45:3')"/>
    </testcase>
    <testcase time="0.0739999999999998" classname="table_02" name="Table_02_generation_works_with_some_NA_values"/>
    <testcase time="0.140000000000001" classname="table_02" name="Table_02_generation_works_with_some_NA_values"/>
    <testcase time="0.0649999999999995" classname="table_02" name="Table_02_generation_works_with_some_NA_values">
      <skipped message="Reason: On CRAN ('test-table_02.R:57:3')"/>
    </testcase>
  </testsuite>
  <testsuite name="table_05" timestamp="2023-06-07T18:51:44Z" hostname="1df75f6605c9" tests="9" skipped="3" failures="0" errors="0" time="1.602">
    <testcase time="0.236000000000001" classname="table_05" name="Table_05_generation_works_with_default_values"/>
    <testcase time="0.387" classname="table_05" name="Table_05_generation_works_with_default_values"/>
    <testcase time="0.0990000000000002" classname="table_05" name="Table_05_generation_works_with_default_values">
      <skipped message="Reason: On CRAN ('test-table_05.R:10:3')"/>
    </testcase>
    <testcase time="0.0179999999999998" classname="table_05" name="Table_05_generation_works_with_custom_values"/>
    <testcase time="0.359" classname="table_05" name="Table_05_generation_works_with_custom_values"/>
    <testcase time="0.127" classname="table_05" name="Table_05_generation_works_with_custom_values">
      <skipped message="Reason: On CRAN ('test-table_05.R:34:3')"/>
    </testcase>
    <testcase time="0.0200000000000005" classname="table_05" name="Table_05_generation_works_with_NA_values_pruned_rows"/>
    <testcase time="0.252" classname="table_05" name="Table_05_generation_works_with_NA_values_pruned_rows"/>
    <testcase time="0.104000000000001" classname="table_05" name="Table_05_generation_works_with_NA_values_pruned_rows">
      <skipped message="Reason: On CRAN ('test-table_05.R:44:3')"/>
    </testcase>
  </testsuite>
  <testsuite name="table_06" timestamp="2023-06-07T18:51:46Z" hostname="1df75f6605c9" tests="10" skipped="2" failures="0" errors="0" time="1.772">
    <testcase time="0.0489999999999995" classname="table_06" name="Table_06_generation_works_with_default_values"/>
    <testcase time="0.00199999999999889" classname="table_06" name="Table_06_generation_works_with_default_values"/>
    <testcase time="0.0730000000000004" classname="table_06" name="Table_06_generation_works_with_default_values"/>
    <testcase time="0.537999999999998" classname="table_06" name="Table_06_generation_works_with_default_values"/>
    <testcase time="0.137" classname="table_06" name="Table_06_generation_works_with_default_values">
      <skipped message="Reason: On CRAN ('test-table_06.R:8:3')"/>
    </testcase>
    <testcase time="0.0169999999999995" classname="table_06" name="Table_06_generation_works_with_custom_values"/>
    <testcase time="0.00200000000000067" classname="table_06" name="Table_06_generation_works_with_custom_values"/>
    <testcase time="0.0790000000000006" classname="table_06" name="Table_06_generation_works_with_custom_values"/>
    <testcase time="0.684999999999999" classname="table_06" name="Table_06_generation_works_with_custom_values"/>
    <testcase time="0.190000000000001" classname="table_06" name="Table_06_generation_works_with_custom_values">
      <skipped message="Reason: On CRAN ('test-table_06.R:40:3')"/>
    </testcase>
  </testsuite>
  <testsuite name="table_07" timestamp="2023-06-07T18:51:47Z" hostname="1df75f6605c9" tests="18" skipped="3" failures="0" errors="0" time="2.328">
    <testcase time="0.0299999999999994" classname="table_07" name="Table_07_generation_works_with_default_values"/>
    <testcase time="0.000999999999999446" classname="table_07" name="Table_07_generation_works_with_default_values"/>
    <testcase time="0.00200000000000067" classname="table_07" name="Table_07_generation_works_with_default_values"/>
    <testcase time="0.0589999999999993" classname="table_07" name="Table_07_generation_works_with_default_values"/>
    <testcase time="0.465000000000002" classname="table_07" name="Table_07_generation_works_with_default_values"/>
    <testcase time="0.183999999999999" classname="table_07" name="Table_07_generation_works_with_default_values">
      <skipped message="Reason: On CRAN ('test-table_07.R:13:3')"/>
    </testcase>
    <testcase time="0.0190000000000001" classname="table_07" name="Table_07_generation_works_with_custom_values"/>
    <testcase time="0.00200000000000067" classname="table_07" name="Table_07_generation_works_with_custom_values"/>
    <testcase time="0.00199999999999889" classname="table_07" name="Table_07_generation_works_with_custom_values"/>
    <testcase time="0.0570000000000004" classname="table_07" name="Table_07_generation_works_with_custom_values"/>
    <testcase time="0.621" classname="table_07" name="Table_07_generation_works_with_custom_values"/>
    <testcase time="0.212999999999999" classname="table_07" name="Table_07_generation_works_with_custom_values">
      <skipped message="Reason: On CRAN ('test-table_07.R:42:3')"/>
    </testcase>
    <testcase time="0.0190000000000001" classname="table_07" name="Table_07_generation_works_with_NA_values_pruned_rows"/>
    <testcase time="0.00200000000000067" classname="table_07" name="Table_07_generation_works_with_NA_values_pruned_rows"/>
    <testcase time="0.000999999999999446" classname="table_07" name="Table_07_generation_works_with_NA_values_pruned_rows"/>
    <testcase time="0.0549999999999997" classname="table_07" name="Table_07_generation_works_with_NA_values_pruned_rows"/>
    <testcase time="0.42" classname="table_07" name="Table_07_generation_works_with_NA_values_pruned_rows"/>
    <testcase time="0.176" classname="table_07" name="Table_07_generation_works_with_NA_values_pruned_rows">
      <skipped message="Reason: On CRAN ('test-table_07.R:52:3')"/>
    </testcase>
  </testsuite>
  <testsuite name="table_08" timestamp="2023-06-07T18:51:50Z" hostname="1df75f6605c9" tests="8" skipped="2" failures="0" errors="0" time="0.631">
    <testcase time="0.027000000000001" classname="table_08" name="Table_08_generation_works_with_default_values"/>
    <testcase time="0.000999999999999446" classname="table_08" name="Table_08_generation_works_with_default_values"/>
    <testcase time="0.0659999999999989" classname="table_08" name="Table_08_generation_works_with_default_values"/>
    <testcase time="0.185" classname="table_08" name="Table_08_generation_works_with_default_values">
      <skipped message="Reason: On CRAN ('test-table_08.R:10:3')"/>
    </testcase>
    <testcase time="0.0190000000000001" classname="table_08" name="Table_08_generation_works_with_custom_values"/>
    <testcase time="0.00200000000000067" classname="table_08" name="Table_08_generation_works_with_custom_values"/>
    <testcase time="0.0570000000000004" classname="table_08" name="Table_08_generation_works_with_custom_values"/>
    <testcase time="0.273999999999999" classname="table_08" name="Table_08_generation_works_with_custom_values">
      <skipped message="Reason: On CRAN ('test-table_08.R:31:3')"/>
    </testcase>
  </testsuite>
  <testsuite name="table_09" timestamp="2023-06-07T18:51:50Z" hostname="1df75f6605c9" tests="8" skipped="2" failures="0" errors="0" time="1.197">
    <testcase time="0.0280000000000005" classname="table_09" name="Table_09_generation_works_with_default_values"/>
    <testcase time="0.0549999999999997" classname="table_09" name="Table_09_generation_works_with_default_values"/>
    <testcase time="0.388" classname="table_09" name="Table_09_generation_works_with_default_values"/>
    <testcase time="0.0940000000000012" classname="table_09" name="Table_09_generation_works_with_default_values">
      <skipped message="Reason: On CRAN ('test-table_09.R:8:3')"/>
    </testcase>
    <testcase time="0.0190000000000001" classname="table_09" name="Table_09_generation_works_with_custom_values"/>
    <testcase time="0.0579999999999998" classname="table_09" name="Table_09_generation_works_with_custom_values"/>
    <testcase time="0.450999999999999" classname="table_09" name="Table_09_generation_works_with_custom_values"/>
    <testcase time="0.104000000000001" classname="table_09" name="Table_09_generation_works_with_custom_values">
      <skipped message="Reason: On CRAN ('test-table_09.R:39:3')"/>
    </testcase>
  </testsuite>
  <testsuite name="table_13" timestamp="2023-06-07T18:51:52Z" hostname="1df75f6605c9" tests="8" skipped="2" failures="0" errors="0" time="0.717">
    <testcase time="0.0329999999999995" classname="table_13" name="Table_13_generation_works_with_default_values"/>
    <testcase time="0.0690000000000008" classname="table_13" name="Table_13_generation_works_with_default_values"/>
    <testcase time="0.167" classname="table_13" name="Table_13_generation_works_with_default_values"/>
    <testcase time="0.0949999999999989" classname="table_13" name="Table_13_generation_works_with_default_values">
      <skipped message="Reason: On CRAN ('test-table_13.R:8:3')"/>
    </testcase>
    <testcase time="0.0200000000000014" classname="table_13" name="Table_13_generation_works_with_custom_values"/>
    <testcase time="0.0679999999999996" classname="table_13" name="Table_13_generation_works_with_custom_values"/>
    <testcase time="0.193999999999999" classname="table_13" name="Table_13_generation_works_with_custom_values"/>
    <testcase time="0.0709999999999997" classname="table_13" name="Table_13_generation_works_with_custom_values">
      <skipped message="Reason: On CRAN ('test-table_13.R:38:3')"/>
    </testcase>
  </testsuite>
  <testsuite name="table_14" timestamp="2023-06-07T18:51:52Z" hostname="1df75f6605c9" tests="10" skipped="3" failures="0" errors="0" time="2.941">
    <testcase time="0.0400000000000009" classname="table_14" name="Table_14_generation_works_with_default_values"/>
    <testcase time="0.710000000000001" classname="table_14" name="Table_14_generation_works_with_default_values"/>
    <testcase time="0.215999999999999" classname="table_14" name="Table_14_generation_works_with_default_values">
      <skipped message="Reason: On CRAN ('test-table_14.R:16:3')"/>
    </testcase>
    <testcase time="0.0190000000000001" classname="table_14" name="Table_14_generation_works_with_custom_values"/>
    <testcase time="0.0639999999999983" classname="table_14" name="Table_14_generation_works_with_custom_values"/>
    <testcase time="0.756" classname="table_14" name="Table_14_generation_works_with_custom_values"/>
    <testcase time="0.23" classname="table_14" name="Table_14_generation_works_with_custom_values">
      <skipped message="Reason: On CRAN ('test-table_14.R:46:3')"/>
    </testcase>
    <testcase time="0.0199999999999996" classname="table_14" name="Table_14_generation_works_with_NA_values_pruned_rows"/>
    <testcase time="0.728000000000002" classname="table_14" name="Table_14_generation_works_with_NA_values_pruned_rows"/>
    <testcase time="0.158000000000001" classname="table_14" name="Table_14_generation_works_with_NA_values_pruned_rows">
      <skipped message="Reason: On CRAN ('test-table_14.R:53:3')"/>
    </testcase>
  </testsuite>
  <testsuite name="table_20" timestamp="2023-06-07T18:51:55Z" hostname="1df75f6605c9" tests="18" skipped="3" failures="0" errors="0" time="2.348">
    <testcase time="0.0299999999999976" classname="table_20" name="Table_20_generation_works_with_default_values"/>
    <testcase time="0.00100000000000122" classname="table_20" name="Table_20_generation_works_with_default_values"/>
    <testcase time="0.00199999999999889" classname="table_20" name="Table_20_generation_works_with_default_values"/>
    <testcase time="0.0560000000000009" classname="table_20" name="Table_20_generation_works_with_default_values"/>
    <testcase time="0.483999999999998" classname="table_20" name="Table_20_generation_works_with_default_values"/>
    <testcase time="0.117000000000001" classname="table_20" name="Table_20_generation_works_with_default_values">
      <skipped message="Reason: On CRAN ('test-table_20.R:17:3')"/>
    </testcase>
    <testcase time="0.0180000000000007" classname="table_20" name="Table_20_generation_works_with_custom_values"/>
    <testcase time="0.00199999999999889" classname="table_20" name="Table_20_generation_works_with_custom_values"/>
    <testcase time="0.00100000000000122" classname="table_20" name="Table_20_generation_works_with_custom_values"/>
    <testcase time="0.0579999999999998" classname="table_20" name="Table_20_generation_works_with_custom_values"/>
    <testcase time="0.766999999999999" classname="table_20" name="Table_20_generation_works_with_custom_values"/>
    <testcase time="0.172000000000001" classname="table_20" name="Table_20_generation_works_with_custom_values">
      <skipped message="Reason: On CRAN ('test-table_20.R:65:3')"/>
    </testcase>
    <testcase time="0.0180000000000007" classname="table_20" name="Table_20_generation_works_with_missing_values_pruned_rows"/>
    <testcase time="0.00199999999999889" classname="table_20" name="Table_20_generation_works_with_missing_values_pruned_rows"/>
    <testcase time="0.00199999999999889" classname="table_20" name="Table_20_generation_works_with_missing_values_pruned_rows"/>
    <testcase time="0.0550000000000033" classname="table_20" name="Table_20_generation_works_with_missing_values_pruned_rows"/>
    <testcase time="0.449999999999999" classname="table_20" name="Table_20_generation_works_with_missing_values_pruned_rows"/>
    <testcase time="0.113" classname="table_20" name="Table_20_generation_works_with_missing_values_pruned_rows">
      <skipped message="Reason: On CRAN ('test-table_20.R:74:3')"/>
    </testcase>
  </testsuite>
  <testsuite name="table_32" timestamp="2023-06-07T18:51:58Z" hostname="1df75f6605c9" tests="12" skipped="3" failures="0" errors="0" time="1.289">
    <testcase time="0.0249999999999986" classname="table_32" name="Table_32_generation_works_with_default_values"/>
    <testcase time="0.0860000000000021" classname="table_32" name="Table_32_generation_works_with_default_values"/>
    <testcase time="0.154999999999998" classname="table_32" name="Table_32_generation_works_with_default_values"/>
    <testcase time="0.0630000000000024" classname="table_32" name="Table_32_generation_works_with_default_values">
      <skipped message="Reason: On CRAN ('test-table_32.R:8:3')"/>
    </testcase>
    <testcase time="0.0209999999999972" classname="table_32" name="Table_32_generation_works_with_custom_values"/>
    <testcase time="0.382000000000001" classname="table_32" name="Table_32_generation_works_with_custom_values"/>
    <testcase time="0.178000000000001" classname="table_32" name="Table_32_generation_works_with_custom_values"/>
    <testcase time="0.0820000000000007" classname="table_32" name="Table_32_generation_works_with_custom_values">
      <skipped message="Reason: On CRAN ('test-table_32.R:30:3')"/>
    </testcase>
    <testcase time="0.0199999999999996" classname="table_32" name="Table_32_generation_works_with_pruned_rows"/>
    <testcase time="0.0719999999999992" classname="table_32" name="Table_32_generation_works_with_pruned_rows"/>
    <testcase time="0.158999999999999" classname="table_32" name="Table_32_generation_works_with_pruned_rows"/>
    <testcase time="0.0459999999999994" classname="table_32" name="Table_32_generation_works_with_pruned_rows">
      <skipped message="Reason: On CRAN ('test-table_32.R:37:3')"/>
    </testcase>
  </testsuite>
  <testsuite name="table_33" timestamp="2023-06-07T18:51:59Z" hostname="1df75f6605c9" tests="12" skipped="3" failures="0" errors="0" time="1.836">
    <testcase time="0.0240000000000009" classname="table_33" name="Table_33_generation_works_with_default_values"/>
    <testcase time="0.401" classname="table_33" name="Table_33_generation_works_with_default_values"/>
    <testcase time="0.119" classname="table_33" name="Table_33_generation_works_with_default_values"/>
    <testcase time="0.0459999999999994" classname="table_33" name="Table_33_generation_works_with_default_values">
      <skipped message="Reason: On CRAN ('test-table_33.R:8:3')"/>
    </testcase>
    <testcase time="0.0190000000000019" classname="table_33" name="Table_33_generation_works_with_custom_values"/>
    <testcase time="0.420999999999999" classname="table_33" name="Table_33_generation_works_with_custom_values"/>
    <testcase time="0.164000000000001" classname="table_33" name="Table_33_generation_works_with_custom_values"/>
    <testcase time="0.0539999999999985" classname="table_33" name="Table_33_generation_works_with_custom_values">
      <skipped message="Reason: On CRAN ('test-table_33.R:34:3')"/>
    </testcase>
    <testcase time="0.0199999999999996" classname="table_33" name="Table_33_generation_works_with_pruned_rows"/>
    <testcase time="0.405000000000001" classname="table_33" name="Table_33_generation_works_with_pruned_rows"/>
    <testcase time="0.122" classname="table_33" name="Table_33_generation_works_with_pruned_rows"/>
    <testcase time="0.0410000000000004" classname="table_33" name="Table_33_generation_works_with_pruned_rows">
      <skipped message="Reason: On CRAN ('test-table_33.R:42:3')"/>
    </testcase>
  </testsuite>
</testsuites>
