<?xml version="1.0" encoding="UTF-8"?>
<testsuites>
  <testsuite name="table_02" timestamp="2023-06-21T21:51:35Z" hostname="09dab2d02932" tests="9" skipped="3" failures="0" errors="0" time="1.547">
    <testcase time="0.0509999999999997" classname="table_02" name="Table_02_generation_works_with_default_values"/>
    <testcase time="0.511" classname="table_02" name="Table_02_generation_works_with_default_values"/>
    <testcase time="0.192" classname="table_02" name="Table_02_generation_works_with_default_values">
      <skipped message="Reason: On CRAN ('test-table_02.R:16:3')"/>
    </testcase>
    <testcase time="0.0600000000000001" classname="table_02" name="Table_02_generation_works_with_custom_values"/>
    <testcase time="0.379" classname="table_02" name="Table_02_generation_works_with_custom_values"/>
    <testcase time="0.187" classname="table_02" name="Table_02_generation_works_with_custom_values">
      <skipped message="Reason: On CRAN ('test-table_02.R:45:3')"/>
    </testcase>
    <testcase time="0.044" classname="table_02" name="Table_02_generation_works_with_some_NA_values"/>
    <testcase time="0.0820000000000003" classname="table_02" name="Table_02_generation_works_with_some_NA_values"/>
    <testcase time="0.0409999999999995" classname="table_02" name="Table_02_generation_works_with_some_NA_values">
      <skipped message="Reason: On CRAN ('test-table_02.R:57:3')"/>
    </testcase>
  </testsuite>
  <testsuite name="table_05" timestamp="2023-06-21T21:51:37Z" hostname="09dab2d02932" tests="9" skipped="3" failures="0" errors="0" time="0.997">
    <testcase time="0.164000000000001" classname="table_05" name="Table_05_generation_works_with_default_values"/>
    <testcase time="0.244" classname="table_05" name="Table_05_generation_works_with_default_values"/>
    <testcase time="0.0599999999999996" classname="table_05" name="Table_05_generation_works_with_default_values">
      <skipped message="Reason: On CRAN ('test-table_05.R:10:3')"/>
    </testcase>
    <testcase time="0.0129999999999999" classname="table_05" name="Table_05_generation_works_with_custom_values"/>
    <testcase time="0.214" classname="table_05" name="Table_05_generation_works_with_custom_values"/>
    <testcase time="0.0709999999999997" classname="table_05" name="Table_05_generation_works_with_custom_values">
      <skipped message="Reason: On CRAN ('test-table_05.R:34:3')"/>
    </testcase>
    <testcase time="0.0140000000000002" classname="table_05" name="Table_05_generation_works_with_NA_values_pruned_rows"/>
    <testcase time="0.157" classname="table_05" name="Table_05_generation_works_with_NA_values_pruned_rows"/>
    <testcase time="0.0599999999999996" classname="table_05" name="Table_05_generation_works_with_NA_values_pruned_rows">
      <skipped message="Reason: On CRAN ('test-table_05.R:44:3')"/>
    </testcase>
  </testsuite>
  <testsuite name="table_06" timestamp="2023-06-21T21:51:38Z" hostname="09dab2d02932" tests="10" skipped="2" failures="0" errors="0" time="1.271">
    <testcase time="0.0280000000000005" classname="table_06" name="Table_06_generation_works_with_default_values"/>
    <testcase time="0.00100000000000033" classname="table_06" name="Table_06_generation_works_with_default_values"/>
    <testcase time="0.0459999999999994" classname="table_06" name="Table_06_generation_works_with_default_values"/>
    <testcase time="0.34" classname="table_06" name="Table_06_generation_works_with_default_values"/>
    <testcase time="0.0790000000000006" classname="table_06" name="Table_06_generation_works_with_default_values">
      <skipped message="Reason: On CRAN ('test-table_06.R:8:3')"/>
    </testcase>
    <testcase time="0.0119999999999996" classname="table_06" name="Table_06_generation_works_with_custom_values"/>
    <testcase time="0.00100000000000033" classname="table_06" name="Table_06_generation_works_with_custom_values"/>
    <testcase time="0.048" classname="table_06" name="Table_06_generation_works_with_custom_values"/>
    <testcase time="0.607" classname="table_06" name="Table_06_generation_works_with_custom_values"/>
    <testcase time="0.109" classname="table_06" name="Table_06_generation_works_with_custom_values">
      <skipped message="Reason: On CRAN ('test-table_06.R:40:3')"/>
    </testcase>
  </testsuite>
  <testsuite name="table_07" timestamp="2023-06-21T21:51:39Z" hostname="09dab2d02932" tests="18" skipped="3" failures="0" errors="0" time="1.328">
    <testcase time="0.0189999999999992" classname="table_07" name="Table_07_generation_works_with_default_values"/>
    <testcase time="0.00100000000000033" classname="table_07" name="Table_07_generation_works_with_default_values"/>
    <testcase time="0.00100000000000033" classname="table_07" name="Table_07_generation_works_with_default_values"/>
    <testcase time="0.0299999999999994" classname="table_07" name="Table_07_generation_works_with_default_values"/>
    <testcase time="0.27" classname="table_07" name="Table_07_generation_works_with_default_values"/>
    <testcase time="0.0990000000000002" classname="table_07" name="Table_07_generation_works_with_default_values">
      <skipped message="Reason: On CRAN ('test-table_07.R:13:3')"/>
    </testcase>
    <testcase time="0.0110000000000001" classname="table_07" name="Table_07_generation_works_with_custom_values"/>
    <testcase time="0.000999999999999446" classname="table_07" name="Table_07_generation_works_with_custom_values"/>
    <testcase time="0.00100000000000033" classname="table_07" name="Table_07_generation_works_with_custom_values"/>
    <testcase time="0.0309999999999997" classname="table_07" name="Table_07_generation_works_with_custom_values"/>
    <testcase time="0.355" classname="table_07" name="Table_07_generation_works_with_custom_values"/>
    <testcase time="0.122999999999999" classname="table_07" name="Table_07_generation_works_with_custom_values">
      <skipped message="Reason: On CRAN ('test-table_07.R:42:3')"/>
    </testcase>
    <testcase time="0.0120000000000005" classname="table_07" name="Table_07_generation_works_with_NA_values_pruned_rows"/>
    <testcase time="0.00199999999999978" classname="table_07" name="Table_07_generation_works_with_NA_values_pruned_rows"/>
    <testcase time="0.00100000000000033" classname="table_07" name="Table_07_generation_works_with_NA_values_pruned_rows"/>
    <testcase time="0.0299999999999994" classname="table_07" name="Table_07_generation_works_with_NA_values_pruned_rows"/>
    <testcase time="0.245" classname="table_07" name="Table_07_generation_works_with_NA_values_pruned_rows"/>
    <testcase time="0.0960000000000001" classname="table_07" name="Table_07_generation_works_with_NA_values_pruned_rows">
      <skipped message="Reason: On CRAN ('test-table_07.R:52:3')"/>
    </testcase>
  </testsuite>
  <testsuite name="table_08" timestamp="2023-06-21T21:51:41Z" hostname="09dab2d02932" tests="8" skipped="2" failures="0" errors="0" time="0.353">
    <testcase time="0.0209999999999999" classname="table_08" name="Table_08_generation_works_with_default_values"/>
    <testcase time="0.00100000000000033" classname="table_08" name="Table_08_generation_works_with_default_values"/>
    <testcase time="0.0380000000000003" classname="table_08" name="Table_08_generation_works_with_default_values"/>
    <testcase time="0.0979999999999999" classname="table_08" name="Table_08_generation_works_with_default_values">
      <skipped message="Reason: On CRAN ('test-table_08.R:10:3')"/>
    </testcase>
    <testcase time="0.0119999999999996" classname="table_08" name="Table_08_generation_works_with_custom_values"/>
    <testcase time="0.00100000000000033" classname="table_08" name="Table_08_generation_works_with_custom_values"/>
    <testcase time="0.0339999999999998" classname="table_08" name="Table_08_generation_works_with_custom_values"/>
    <testcase time="0.148000000000001" classname="table_08" name="Table_08_generation_works_with_custom_values">
      <skipped message="Reason: On CRAN ('test-table_08.R:31:3')"/>
    </testcase>
  </testsuite>
  <testsuite name="table_09" timestamp="2023-06-21T21:51:41Z" hostname="09dab2d02932" tests="8" skipped="2" failures="0" errors="0" time="0.719">
    <testcase time="0.016" classname="table_09" name="Table_09_generation_works_with_default_values"/>
    <testcase time="0.0329999999999995" classname="table_09" name="Table_09_generation_works_with_default_values"/>
    <testcase time="0.233000000000001" classname="table_09" name="Table_09_generation_works_with_default_values"/>
    <testcase time="0.0519999999999996" classname="table_09" name="Table_09_generation_works_with_default_values">
      <skipped message="Reason: On CRAN ('test-table_09.R:8:3')"/>
    </testcase>
    <testcase time="0.0120000000000005" classname="table_09" name="Table_09_generation_works_with_custom_values"/>
    <testcase time="0.0309999999999988" classname="table_09" name="Table_09_generation_works_with_custom_values"/>
    <testcase time="0.284000000000001" classname="table_09" name="Table_09_generation_works_with_custom_values"/>
    <testcase time="0.0579999999999998" classname="table_09" name="Table_09_generation_works_with_custom_values">
      <skipped message="Reason: On CRAN ('test-table_09.R:39:3')"/>
    </testcase>
  </testsuite>
  <testsuite name="table_13" timestamp="2023-06-21T21:51:42Z" hostname="09dab2d02932" tests="8" skipped="2" failures="0" errors="0" time="0.412">
    <testcase time="0.016" classname="table_13" name="Table_13_generation_works_with_default_values"/>
    <testcase time="0.0389999999999997" classname="table_13" name="Table_13_generation_works_with_default_values"/>
    <testcase time="0.0970000000000013" classname="table_13" name="Table_13_generation_works_with_default_values"/>
    <testcase time="0.0589999999999993" classname="table_13" name="Table_13_generation_works_with_default_values">
      <skipped message="Reason: On CRAN ('test-table_13.R:8:3')"/>
    </testcase>
    <testcase time="0.0120000000000005" classname="table_13" name="Table_13_generation_works_with_custom_values"/>
    <testcase time="0.0389999999999997" classname="table_13" name="Table_13_generation_works_with_custom_values"/>
    <testcase time="0.109999999999999" classname="table_13" name="Table_13_generation_works_with_custom_values"/>
    <testcase time="0.0400000000000009" classname="table_13" name="Table_13_generation_works_with_custom_values">
      <skipped message="Reason: On CRAN ('test-table_13.R:38:3')"/>
    </testcase>
  </testsuite>
  <testsuite name="table_14" timestamp="2023-06-21T21:51:42Z" hostname="09dab2d02932" tests="10" skipped="3" failures="0" errors="0" time="1.739">
    <testcase time="0.0249999999999986" classname="table_14" name="Table_14_generation_works_with_default_values"/>
    <testcase time="0.435" classname="table_14" name="Table_14_generation_works_with_default_values"/>
    <testcase time="0.119" classname="table_14" name="Table_14_generation_works_with_default_values">
      <skipped message="Reason: On CRAN ('test-table_14.R:16:3')"/>
    </testcase>
    <testcase time="0.0120000000000005" classname="table_14" name="Table_14_generation_works_with_custom_values"/>
    <testcase time="0.0389999999999997" classname="table_14" name="Table_14_generation_works_with_custom_values"/>
    <testcase time="0.452" classname="table_14" name="Table_14_generation_works_with_custom_values"/>
    <testcase time="0.119" classname="table_14" name="Table_14_generation_works_with_custom_values">
      <skipped message="Reason: On CRAN ('test-table_14.R:46:3')"/>
    </testcase>
    <testcase time="0.011000000000001" classname="table_14" name="Table_14_generation_works_with_NA_values_pruned_rows"/>
    <testcase time="0.437999999999999" classname="table_14" name="Table_14_generation_works_with_NA_values_pruned_rows"/>
    <testcase time="0.0890000000000004" classname="table_14" name="Table_14_generation_works_with_NA_values_pruned_rows">
      <skipped message="Reason: On CRAN ('test-table_14.R:53:3')"/>
    </testcase>
  </testsuite>
  <testsuite name="table_20" timestamp="2023-06-21T21:51:44Z" hostname="09dab2d02932" tests="18" skipped="3" failures="0" errors="0" time="1.421">
    <testcase time="0.0210000000000008" classname="table_20" name="Table_20_generation_works_with_default_values"/>
    <testcase time="0.000999999999999446" classname="table_20" name="Table_20_generation_works_with_default_values"/>
    <testcase time="0.000999999999999446" classname="table_20" name="Table_20_generation_works_with_default_values"/>
    <testcase time="0.0340000000000007" classname="table_20" name="Table_20_generation_works_with_default_values"/>
    <testcase time="0.298999999999999" classname="table_20" name="Table_20_generation_works_with_default_values"/>
    <testcase time="0.0690000000000008" classname="table_20" name="Table_20_generation_works_with_default_values">
      <skipped message="Reason: On CRAN ('test-table_20.R:17:3')"/>
    </testcase>
    <testcase time="0.0120000000000005" classname="table_20" name="Table_20_generation_works_with_custom_values"/>
    <testcase time="0.000999999999999446" classname="table_20" name="Table_20_generation_works_with_custom_values"/>
    <testcase time="0.000999999999999446" classname="table_20" name="Table_20_generation_works_with_custom_values"/>
    <testcase time="0.0340000000000007" classname="table_20" name="Table_20_generation_works_with_custom_values"/>
    <testcase time="0.452999999999999" classname="table_20" name="Table_20_generation_works_with_custom_values"/>
    <testcase time="0.0950000000000006" classname="table_20" name="Table_20_generation_works_with_custom_values">
      <skipped message="Reason: On CRAN ('test-table_20.R:65:3')"/>
    </testcase>
    <testcase time="0.0129999999999999" classname="table_20" name="Table_20_generation_works_with_missing_values_pruned_rows"/>
    <testcase time="0.000999999999999446" classname="table_20" name="Table_20_generation_works_with_missing_values_pruned_rows"/>
    <testcase time="0.000999999999999446" classname="table_20" name="Table_20_generation_works_with_missing_values_pruned_rows"/>
    <testcase time="0.0330000000000013" classname="table_20" name="Table_20_generation_works_with_missing_values_pruned_rows"/>
    <testcase time="0.283999999999999" classname="table_20" name="Table_20_generation_works_with_missing_values_pruned_rows"/>
    <testcase time="0.0680000000000014" classname="table_20" name="Table_20_generation_works_with_missing_values_pruned_rows">
      <skipped message="Reason: On CRAN ('test-table_20.R:74:3')"/>
    </testcase>
  </testsuite>
  <testsuite name="table_32" timestamp="2023-06-21T21:51:45Z" hostname="09dab2d02932" tests="12" skipped="3" failures="0" errors="0" time="0.611">
    <testcase time="0.0169999999999995" classname="table_32" name="Table_32_generation_works_with_default_values"/>
    <testcase time="0.0519999999999996" classname="table_32" name="Table_32_generation_works_with_default_values"/>
    <testcase time="0.0910000000000011" classname="table_32" name="Table_32_generation_works_with_default_values"/>
    <testcase time="0.036999999999999" classname="table_32" name="Table_32_generation_works_with_default_values">
      <skipped message="Reason: On CRAN ('test-table_32.R:8:3')"/>
    </testcase>
    <testcase time="0.0129999999999999" classname="table_32" name="Table_32_generation_works_with_custom_values"/>
    <testcase time="0.0600000000000005" classname="table_32" name="Table_32_generation_works_with_custom_values"/>
    <testcase time="0.110999999999999" classname="table_32" name="Table_32_generation_works_with_custom_values"/>
    <testcase time="0.0450000000000017" classname="table_32" name="Table_32_generation_works_with_custom_values">
      <skipped message="Reason: On CRAN ('test-table_32.R:30:3')"/>
    </testcase>
    <testcase time="0.0119999999999987" classname="table_32" name="Table_32_generation_works_with_pruned_rows"/>
    <testcase time="0.043000000000001" classname="table_32" name="Table_32_generation_works_with_pruned_rows"/>
    <testcase time="0.102" classname="table_32" name="Table_32_generation_works_with_pruned_rows"/>
    <testcase time="0.0279999999999987" classname="table_32" name="Table_32_generation_works_with_pruned_rows">
      <skipped message="Reason: On CRAN ('test-table_32.R:37:3')"/>
    </testcase>
  </testsuite>
  <testsuite name="table_33" timestamp="2023-06-21T21:51:46Z" hostname="09dab2d02932" tests="12" skipped="3" failures="0" errors="0" time="1.028">
    <testcase time="0.016" classname="table_33" name="Table_33_generation_works_with_default_values"/>
    <testcase time="0.223000000000001" classname="table_33" name="Table_33_generation_works_with_default_values"/>
    <testcase time="0.0789999999999988" classname="table_33" name="Table_33_generation_works_with_default_values"/>
    <testcase time="0.0290000000000017" classname="table_33" name="Table_33_generation_works_with_default_values">
      <skipped message="Reason: On CRAN ('test-table_33.R:8:3')"/>
    </testcase>
    <testcase time="0.0129999999999999" classname="table_33" name="Table_33_generation_works_with_custom_values"/>
    <testcase time="0.212" classname="table_33" name="Table_33_generation_works_with_custom_values"/>
    <testcase time="0.100999999999999" classname="table_33" name="Table_33_generation_works_with_custom_values"/>
    <testcase time="0.0330000000000013" classname="table_33" name="Table_33_generation_works_with_custom_values">
      <skipped message="Reason: On CRAN ('test-table_33.R:34:3')"/>
    </testcase>
    <testcase time="0.0119999999999987" classname="table_33" name="Table_33_generation_works_with_pruned_rows"/>
    <testcase time="0.211" classname="table_33" name="Table_33_generation_works_with_pruned_rows"/>
    <testcase time="0.0739999999999998" classname="table_33" name="Table_33_generation_works_with_pruned_rows"/>
    <testcase time="0.0250000000000004" classname="table_33" name="Table_33_generation_works_with_pruned_rows">
      <skipped message="Reason: On CRAN ('test-table_33.R:42:3')"/>
    </testcase>
  </testsuite>
</testsuites>
