<?xml version="1.0" encoding="UTF-8"?>
<testsuites>
  <testsuite name="falcon" timestamp="2023-03-24T11:27:54Z" hostname="82774bce5029" tests="1" skipped="0" failures="0" errors="0" time="0.023">
    <testcase time="0.0230000000000001" classname="falcon" name="dummy_test"/>
  </testsuite>
</testsuites>
