<?xml version="1.0" encoding="UTF-8"?>
<testsuites>
  <testsuite name="falcon" timestamp="2023-03-24T11:42:02Z" hostname="ebda6983b2aa" tests="1" skipped="0" failures="0" errors="0" time="0.031">
    <testcase time="0.0310000000000001" classname="falcon" name="dummy_test"/>
  </testsuite>
</testsuites>
