<?xml version="1.0" encoding="UTF-8"?>
<testsuites>
  <testsuite name="falcon" timestamp="2023-03-24T10:43:17Z" hostname="f8d142b6db87" tests="1" skipped="0" failures="0" errors="0" time="0.027">
    <testcase time="0.0270000000000001" classname="falcon" name="dummy_test"/>
  </testsuite>
</testsuites>
