<?xml version="1.0" encoding="UTF-8"?>
<testsuites>
  <testsuite name="table_02" timestamp="2023-07-05T11:56:33Z" hostname="2c1f0870bd16" tests="9" skipped="3" failures="0" errors="0" time="1.594">
    <testcase time="0.0510000000000002" classname="table_02" name="Table_02_generation_works_with_default_values"/>
    <testcase time="0.533" classname="table_02" name="Table_02_generation_works_with_default_values"/>
    <testcase time="0.196" classname="table_02" name="Table_02_generation_works_with_default_values">
      <skipped message="Reason: On CRAN ('test-table_02.R:16:3')"/>
    </testcase>
    <testcase time="0.0870000000000002" classname="table_02" name="Table_02_generation_works_with_custom_values"/>
    <testcase time="0.361" classname="table_02" name="Table_02_generation_works_with_custom_values"/>
    <testcase time="0.193" classname="table_02" name="Table_02_generation_works_with_custom_values">
      <skipped message="Reason: On CRAN ('test-table_02.R:45:3')"/>
    </testcase>
    <testcase time="0.0470000000000002" classname="table_02" name="Table_02_generation_works_with_some_NA_values"/>
    <testcase time="0.0830000000000002" classname="table_02" name="Table_02_generation_works_with_some_NA_values"/>
    <testcase time="0.0430000000000001" classname="table_02" name="Table_02_generation_works_with_some_NA_values">
      <skipped message="Reason: On CRAN ('test-table_02.R:57:3')"/>
    </testcase>
  </testsuite>
  <testsuite name="table_05" timestamp="2023-07-05T11:56:34Z" hostname="2c1f0870bd16" tests="9" skipped="3" failures="0" errors="0" time="1.03">
    <testcase time="0.167999999999999" classname="table_05" name="Table_05_generation_works_with_default_values"/>
    <testcase time="0.248" classname="table_05" name="Table_05_generation_works_with_default_values"/>
    <testcase time="0.0640000000000001" classname="table_05" name="Table_05_generation_works_with_default_values">
      <skipped message="Reason: On CRAN ('test-table_05.R:10:3')"/>
    </testcase>
    <testcase time="0.0140000000000002" classname="table_05" name="Table_05_generation_works_with_custom_values"/>
    <testcase time="0.221" classname="table_05" name="Table_05_generation_works_with_custom_values"/>
    <testcase time="0.0739999999999998" classname="table_05" name="Table_05_generation_works_with_custom_values">
      <skipped message="Reason: On CRAN ('test-table_05.R:34:3')"/>
    </testcase>
    <testcase time="0.016" classname="table_05" name="Table_05_generation_works_with_NA_values_pruned_rows"/>
    <testcase time="0.162" classname="table_05" name="Table_05_generation_works_with_NA_values_pruned_rows"/>
    <testcase time="0.0629999999999997" classname="table_05" name="Table_05_generation_works_with_NA_values_pruned_rows">
      <skipped message="Reason: On CRAN ('test-table_05.R:44:3')"/>
    </testcase>
  </testsuite>
  <testsuite name="table_06" timestamp="2023-07-05T11:56:35Z" hostname="2c1f0870bd16" tests="10" skipped="2" failures="0" errors="0" time="1.315">
    <testcase time="0.0300000000000002" classname="table_06" name="Table_06_generation_works_with_default_values"/>
    <testcase time="0.00100000000000033" classname="table_06" name="Table_06_generation_works_with_default_values"/>
    <testcase time="0.0469999999999997" classname="table_06" name="Table_06_generation_works_with_default_values"/>
    <testcase time="0.348" classname="table_06" name="Table_06_generation_works_with_default_values"/>
    <testcase time="0.0860000000000003" classname="table_06" name="Table_06_generation_works_with_default_values">
      <skipped message="Reason: On CRAN ('test-table_06.R:8:3')"/>
    </testcase>
    <testcase time="0.0140000000000002" classname="table_06" name="Table_06_generation_works_with_custom_values"/>
    <testcase time="0.00199999999999978" classname="table_06" name="Table_06_generation_works_with_custom_values"/>
    <testcase time="0.0449999999999999" classname="table_06" name="Table_06_generation_works_with_custom_values"/>
    <testcase time="0.452" classname="table_06" name="Table_06_generation_works_with_custom_values"/>
    <testcase time="0.29" classname="table_06" name="Table_06_generation_works_with_custom_values">
      <skipped message="Reason: On CRAN ('test-table_06.R:40:3')"/>
    </testcase>
  </testsuite>
  <testsuite name="table_07" timestamp="2023-07-05T11:56:36Z" hostname="2c1f0870bd16" tests="18" skipped="3" failures="0" errors="0" time="1.388">
    <testcase time="0.0220000000000002" classname="table_07" name="Table_07_generation_works_with_default_values"/>
    <testcase time="0.000999999999999446" classname="table_07" name="Table_07_generation_works_with_default_values"/>
    <testcase time="0.00100000000000033" classname="table_07" name="Table_07_generation_works_with_default_values"/>
    <testcase time="0.0300000000000002" classname="table_07" name="Table_07_generation_works_with_default_values"/>
    <testcase time="0.281" classname="table_07" name="Table_07_generation_works_with_default_values"/>
    <testcase time="0.102" classname="table_07" name="Table_07_generation_works_with_default_values">
      <skipped message="Reason: On CRAN ('test-table_07.R:13:3')"/>
    </testcase>
    <testcase time="0.0139999999999993" classname="table_07" name="Table_07_generation_works_with_custom_values"/>
    <testcase time="0.00100000000000033" classname="table_07" name="Table_07_generation_works_with_custom_values"/>
    <testcase time="0.00100000000000033" classname="table_07" name="Table_07_generation_works_with_custom_values"/>
    <testcase time="0.0309999999999997" classname="table_07" name="Table_07_generation_works_with_custom_values"/>
    <testcase time="0.368" classname="table_07" name="Table_07_generation_works_with_custom_values"/>
    <testcase time="0.127" classname="table_07" name="Table_07_generation_works_with_custom_values">
      <skipped message="Reason: On CRAN ('test-table_07.R:42:3')"/>
    </testcase>
    <testcase time="0.0140000000000002" classname="table_07" name="Table_07_generation_works_with_NA_values_pruned_rows"/>
    <testcase time="0.00199999999999978" classname="table_07" name="Table_07_generation_works_with_NA_values_pruned_rows"/>
    <testcase time="0.000999999999999446" classname="table_07" name="Table_07_generation_works_with_NA_values_pruned_rows"/>
    <testcase time="0.0310000000000006" classname="table_07" name="Table_07_generation_works_with_NA_values_pruned_rows"/>
    <testcase time="0.255" classname="table_07" name="Table_07_generation_works_with_NA_values_pruned_rows"/>
    <testcase time="0.106" classname="table_07" name="Table_07_generation_works_with_NA_values_pruned_rows">
      <skipped message="Reason: On CRAN ('test-table_07.R:52:3')"/>
    </testcase>
  </testsuite>
  <testsuite name="table_08" timestamp="2023-07-05T11:56:38Z" hostname="2c1f0870bd16" tests="8" skipped="2" failures="0" errors="0" time="0.352">
    <testcase time="0.0200000000000005" classname="table_08" name="Table_08_generation_works_with_default_values"/>
    <testcase time="0.000999999999999446" classname="table_08" name="Table_08_generation_works_with_default_values"/>
    <testcase time="0.04" classname="table_08" name="Table_08_generation_works_with_default_values"/>
    <testcase time="0.101" classname="table_08" name="Table_08_generation_works_with_default_values">
      <skipped message="Reason: On CRAN ('test-table_08.R:10:3')"/>
    </testcase>
    <testcase time="0.0149999999999997" classname="table_08" name="Table_08_generation_works_with_custom_values"/>
    <testcase time="0.00100000000000122" classname="table_08" name="Table_08_generation_works_with_custom_values"/>
    <testcase time="0.0409999999999986" classname="table_08" name="Table_08_generation_works_with_custom_values"/>
    <testcase time="0.133000000000001" classname="table_08" name="Table_08_generation_works_with_custom_values">
      <skipped message="Reason: On CRAN ('test-table_08.R:31:3')"/>
    </testcase>
  </testsuite>
  <testsuite name="table_09" timestamp="2023-07-05T11:56:38Z" hostname="2c1f0870bd16" tests="8" skipped="2" failures="0" errors="0" time="0.752">
    <testcase time="0.0190000000000001" classname="table_09" name="Table_09_generation_works_with_default_values"/>
    <testcase time="0.0309999999999988" classname="table_09" name="Table_09_generation_works_with_default_values"/>
    <testcase time="0.232000000000001" classname="table_09" name="Table_09_generation_works_with_default_values"/>
    <testcase time="0.0719999999999992" classname="table_09" name="Table_09_generation_works_with_default_values">
      <skipped message="Reason: On CRAN ('test-table_09.R:8:3')"/>
    </testcase>
    <testcase time="0.0140000000000011" classname="table_09" name="Table_09_generation_works_with_custom_values"/>
    <testcase time="0.032" classname="table_09" name="Table_09_generation_works_with_custom_values"/>
    <testcase time="0.289999999999999" classname="table_09" name="Table_09_generation_works_with_custom_values"/>
    <testcase time="0.0620000000000012" classname="table_09" name="Table_09_generation_works_with_custom_values">
      <skipped message="Reason: On CRAN ('test-table_09.R:39:3')"/>
    </testcase>
  </testsuite>
  <testsuite name="table_13" timestamp="2023-07-05T11:56:39Z" hostname="2c1f0870bd16" tests="8" skipped="2" failures="0" errors="0" time="0.43">
    <testcase time="0.0179999999999989" classname="table_13" name="Table_13_generation_works_with_default_values"/>
    <testcase time="0.0400000000000009" classname="table_13" name="Table_13_generation_works_with_default_values"/>
    <testcase time="0.103" classname="table_13" name="Table_13_generation_works_with_default_values"/>
    <testcase time="0.0549999999999997" classname="table_13" name="Table_13_generation_works_with_default_values">
      <skipped message="Reason: On CRAN ('test-table_13.R:8:3')"/>
    </testcase>
    <testcase time="0.0139999999999993" classname="table_13" name="Table_13_generation_works_with_custom_values"/>
    <testcase time="0.0400000000000009" classname="table_13" name="Table_13_generation_works_with_custom_values"/>
    <testcase time="0.119999999999999" classname="table_13" name="Table_13_generation_works_with_custom_values"/>
    <testcase time="0.0400000000000009" classname="table_13" name="Table_13_generation_works_with_custom_values">
      <skipped message="Reason: On CRAN ('test-table_13.R:38:3')"/>
    </testcase>
  </testsuite>
  <testsuite name="table_14" timestamp="2023-07-05T11:56:39Z" hostname="2c1f0870bd16" tests="10" skipped="3" failures="0" errors="0" time="1.796">
    <testcase time="0.0259999999999998" classname="table_14" name="Table_14_generation_works_with_default_values"/>
    <testcase time="0.445" classname="table_14" name="Table_14_generation_works_with_default_values"/>
    <testcase time="0.117999999999999" classname="table_14" name="Table_14_generation_works_with_default_values">
      <skipped message="Reason: On CRAN ('test-table_14.R:16:3')"/>
    </testcase>
    <testcase time="0.0150000000000006" classname="table_14" name="Table_14_generation_works_with_custom_values"/>
    <testcase time="0.0400000000000009" classname="table_14" name="Table_14_generation_works_with_custom_values"/>
    <testcase time="0.468" classname="table_14" name="Table_14_generation_works_with_custom_values"/>
    <testcase time="0.125" classname="table_14" name="Table_14_generation_works_with_custom_values">
      <skipped message="Reason: On CRAN ('test-table_14.R:46:3')"/>
    </testcase>
    <testcase time="0.0139999999999993" classname="table_14" name="Table_14_generation_works_with_NA_values_pruned_rows"/>
    <testcase time="0.452" classname="table_14" name="Table_14_generation_works_with_NA_values_pruned_rows"/>
    <testcase time="0.093" classname="table_14" name="Table_14_generation_works_with_NA_values_pruned_rows">
      <skipped message="Reason: On CRAN ('test-table_14.R:53:3')"/>
    </testcase>
  </testsuite>
  <testsuite name="table_20" timestamp="2023-07-05T11:56:41Z" hostname="2c1f0870bd16" tests="18" skipped="3" failures="0" errors="0" time="1.483">
    <testcase time="0.0229999999999997" classname="table_20" name="Table_20_generation_works_with_default_values"/>
    <testcase time="0.00100000000000122" classname="table_20" name="Table_20_generation_works_with_default_values"/>
    <testcase time="0.000999999999999446" classname="table_20" name="Table_20_generation_works_with_default_values"/>
    <testcase time="0.0339999999999989" classname="table_20" name="Table_20_generation_works_with_default_values"/>
    <testcase time="0.309000000000001" classname="table_20" name="Table_20_generation_works_with_default_values"/>
    <testcase time="0.0719999999999992" classname="table_20" name="Table_20_generation_works_with_default_values">
      <skipped message="Reason: On CRAN ('test-table_20.R:17:3')"/>
    </testcase>
    <testcase time="0.0150000000000006" classname="table_20" name="Table_20_generation_works_with_custom_values"/>
    <testcase time="0.000999999999999446" classname="table_20" name="Table_20_generation_works_with_custom_values"/>
    <testcase time="0.00100000000000122" classname="table_20" name="Table_20_generation_works_with_custom_values"/>
    <testcase time="0.0350000000000001" classname="table_20" name="Table_20_generation_works_with_custom_values"/>
    <testcase time="0.472999999999999" classname="table_20" name="Table_20_generation_works_with_custom_values"/>
    <testcase time="0.101000000000001" classname="table_20" name="Table_20_generation_works_with_custom_values">
      <skipped message="Reason: On CRAN ('test-table_20.R:65:3')"/>
    </testcase>
    <testcase time="0.0139999999999993" classname="table_20" name="Table_20_generation_works_with_missing_values_pruned_rows"/>
    <testcase time="0.000999999999999446" classname="table_20" name="Table_20_generation_works_with_missing_values_pruned_rows"/>
    <testcase time="0.00200000000000067" classname="table_20" name="Table_20_generation_works_with_missing_values_pruned_rows"/>
    <testcase time="0.0340000000000007" classname="table_20" name="Table_20_generation_works_with_missing_values_pruned_rows"/>
    <testcase time="0.295" classname="table_20" name="Table_20_generation_works_with_missing_values_pruned_rows"/>
    <testcase time="0.0709999999999997" classname="table_20" name="Table_20_generation_works_with_missing_values_pruned_rows">
      <skipped message="Reason: On CRAN ('test-table_20.R:74:3')"/>
    </testcase>
  </testsuite>
  <testsuite name="table_32" timestamp="2023-07-05T11:56:43Z" hostname="2c1f0870bd16" tests="12" skipped="3" failures="0" errors="0" time="0.634">
    <testcase time="0.0190000000000001" classname="table_32" name="Table_32_generation_works_with_default_values"/>
    <testcase time="0.0609999999999999" classname="table_32" name="Table_32_generation_works_with_default_values"/>
    <testcase time="0.0939999999999994" classname="table_32" name="Table_32_generation_works_with_default_values"/>
    <testcase time="0.0389999999999997" classname="table_32" name="Table_32_generation_works_with_default_values">
      <skipped message="Reason: On CRAN ('test-table_32.R:8:3')"/>
    </testcase>
    <testcase time="0.0140000000000011" classname="table_32" name="Table_32_generation_works_with_custom_values"/>
    <testcase time="0.0429999999999993" classname="table_32" name="Table_32_generation_works_with_custom_values"/>
    <testcase time="0.124000000000001" classname="table_32" name="Table_32_generation_works_with_custom_values"/>
    <testcase time="0.0459999999999994" classname="table_32" name="Table_32_generation_works_with_custom_values">
      <skipped message="Reason: On CRAN ('test-table_32.R:30:3')"/>
    </testcase>
    <testcase time="0.0150000000000006" classname="table_32" name="Table_32_generation_works_with_pruned_rows"/>
    <testcase time="0.0419999999999998" classname="table_32" name="Table_32_generation_works_with_pruned_rows"/>
    <testcase time="0.106" classname="table_32" name="Table_32_generation_works_with_pruned_rows"/>
    <testcase time="0.0310000000000006" classname="table_32" name="Table_32_generation_works_with_pruned_rows">
      <skipped message="Reason: On CRAN ('test-table_32.R:37:3')"/>
    </testcase>
  </testsuite>
  <testsuite name="table_33" timestamp="2023-07-05T11:56:43Z" hostname="2c1f0870bd16" tests="12" skipped="3" failures="0" errors="0" time="1.063">
    <testcase time="0.0190000000000001" classname="table_33" name="Table_33_generation_works_with_default_values"/>
    <testcase time="0.218" classname="table_33" name="Table_33_generation_works_with_default_values"/>
    <testcase time="0.0759999999999987" classname="table_33" name="Table_33_generation_works_with_default_values"/>
    <testcase time="0.0289999999999999" classname="table_33" name="Table_33_generation_works_with_default_values">
      <skipped message="Reason: On CRAN ('test-table_33.R:8:3')"/>
    </testcase>
    <testcase time="0.0150000000000006" classname="table_33" name="Table_33_generation_works_with_custom_values"/>
    <testcase time="0.215999999999999" classname="table_33" name="Table_33_generation_works_with_custom_values"/>
    <testcase time="0.0960000000000001" classname="table_33" name="Table_33_generation_works_with_custom_values"/>
    <testcase time="0.0560000000000009" classname="table_33" name="Table_33_generation_works_with_custom_values">
      <skipped message="Reason: On CRAN ('test-table_33.R:34:3')"/>
    </testcase>
    <testcase time="0.0169999999999995" classname="table_33" name="Table_33_generation_works_with_pruned_rows"/>
    <testcase time="0.211" classname="table_33" name="Table_33_generation_works_with_pruned_rows"/>
    <testcase time="0.0839999999999996" classname="table_33" name="Table_33_generation_works_with_pruned_rows"/>
    <testcase time="0.0259999999999998" classname="table_33" name="Table_33_generation_works_with_pruned_rows">
      <skipped message="Reason: On CRAN ('test-table_33.R:42:3')"/>
    </testcase>
  </testsuite>
</testsuites>
