<?xml version="1.0" encoding="UTF-8"?>
<testsuites>
  <testsuite name="table_02" timestamp="2023-09-28T22:42:05Z" hostname="bc451dbb1fae" tests="33" skipped="10" failures="0" errors="0" time="14.284">
    <testcase time="0.0819999999999999" classname="table_02" name="Table_02_generation_works_with_default_values"/>
    <testcase time="0.0990000000000002" classname="table_02" name="Table_02_generation_works_with_default_values"/>
    <testcase time="0.431" classname="table_02" name="Table_02_generation_works_with_default_values"/>
    <testcase time="0.213" classname="table_02" name="Table_02_generation_works_with_default_values">
      <skipped message="Reason: On CRAN ('test-table_02.R:16:3')"/>
    </testcase>
    <testcase time="0.0630000000000002" classname="table_02" name="Table_02_generation_works_with_custom_values"/>
    <testcase time="0.0489999999999999" classname="table_02" name="Table_02_generation_works_with_custom_values"/>
    <testcase time="0.36" classname="table_02" name="Table_02_generation_works_with_custom_values"/>
    <testcase time="0.225000000000001" classname="table_02" name="Table_02_generation_works_with_custom_values">
      <skipped message="Reason: On CRAN ('test-table_02.R:45:3')"/>
    </testcase>
    <testcase time="0.0569999999999995" classname="table_02" name="Table_02_generation_works_with_some_NA_values"/>
    <testcase time="0.0490000000000004" classname="table_02" name="Table_02_generation_works_with_some_NA_values"/>
    <testcase time="0.0729999999999995" classname="table_02" name="Table_02_generation_works_with_some_NA_values"/>
    <testcase time="0.0470000000000006" classname="table_02" name="Table_02_generation_works_with_some_NA_values">
      <skipped message="Reason: On CRAN ('test-table_02.R:57:3')"/>
    </testcase>
    <testcase time="0.016" classname="table_02" name="Table_02_generation_tplyr_works_with_default_values"/>
    <testcase time="1.832" classname="table_02" name="Table_02_generation_tplyr_works_with_default_values"/>
    <testcase time="0.0339999999999998" classname="table_02" name="Table_02_generation_tplyr_works_with_default_values">
      <skipped message="Reason: On CRAN ('test-table_02.R:66:3')"/>
    </testcase>
    <testcase time="0.016" classname="table_02" name="Table_02_generation_tplyr_works_with_tplyr_raw_TRUE"/>
    <testcase time="1.146" classname="table_02" name="Table_02_generation_tplyr_works_with_tplyr_raw_TRUE"/>
    <testcase time="0.024" classname="table_02" name="Table_02_generation_tplyr_works_with_tplyr_raw_TRUE">
      <skipped message="Reason: On CRAN ('test-table_02.R:75:3')"/>
    </testcase>
    <testcase time="0.0440000000000005" classname="table_02" name="Table_02_generation_tplyr_works_with_custom_values"/>
    <testcase time="1.732" classname="table_02" name="Table_02_generation_tplyr_works_with_custom_values"/>
    <testcase time="0.0229999999999997" classname="table_02" name="Table_02_generation_tplyr_works_with_custom_values">
      <skipped message="Reason: On CRAN ('test-table_02.R:102:3')"/>
    </testcase>
    <testcase time="0.0370000000000008" classname="table_02" name="Table_02_generation_tplyr_works_with_some_NA_values"/>
    <testcase time="0.691000000000001" classname="table_02" name="Table_02_generation_tplyr_works_with_some_NA_values"/>
    <testcase time="0.0229999999999997" classname="table_02" name="Table_02_generation_tplyr_works_with_some_NA_values">
      <skipped message="Reason: On CRAN ('test-table_02.R:119:3')"/>
    </testcase>
    <testcase time="0.016" classname="table_02" name="Table_02_generation_gt_works_with_default_values"/>
    <testcase time="2.804" classname="table_02" name="Table_02_generation_gt_works_with_default_values"/>
    <testcase time="0.00599999999999845" classname="table_02" name="Table_02_generation_gt_works_with_default_values">
      <skipped message="Reason: On CRAN ('test-table_02.R:128:3')"/>
    </testcase>
    <testcase time="0.0449999999999999" classname="table_02" name="Table_02_generation_gt_works_with_custom_values"/>
    <testcase time="3.123" classname="table_02" name="Table_02_generation_gt_works_with_custom_values"/>
    <testcase time="0.00600000000000023" classname="table_02" name="Table_02_generation_gt_works_with_custom_values">
      <skipped message="Reason: On CRAN ('test-table_02.R:146:3')"/>
    </testcase>
    <testcase time="0.0429999999999993" classname="table_02" name="Table_02_generation_gt_works_with_some_NA_values"/>
    <testcase time="0.869" classname="table_02" name="Table_02_generation_gt_works_with_some_NA_values"/>
    <testcase time="0.00600000000000023" classname="table_02" name="Table_02_generation_gt_works_with_some_NA_values">
      <skipped message="Reason: On CRAN ('test-table_02.R:163:3')"/>
    </testcase>
  </testsuite>
  <testsuite name="table_04" timestamp="2023-09-28T22:42:19Z" hostname="bc451dbb1fae" tests="12" skipped="2" failures="0" errors="0" time="0.982">
    <testcase time="0.0500000000000007" classname="table_04" name="Table_04_generation_works_with_default_values"/>
    <testcase time="0.00100000000000122" classname="table_04" name="Table_04_generation_works_with_default_values"/>
    <testcase time="0.00199999999999889" classname="table_04" name="Table_04_generation_works_with_default_values"/>
    <testcase time="0.00100000000000122" classname="table_04" name="Table_04_generation_works_with_default_values"/>
    <testcase time="0.387999999999998" classname="table_04" name="Table_04_generation_works_with_default_values"/>
    <testcase time="0.105" classname="table_04" name="Table_04_generation_works_with_default_values">
      <skipped message="Reason: On CRAN ('test-table_04.R:30:3')"/>
    </testcase>
    <testcase time="0.0169999999999995" classname="table_04" name="Table_04_generation_works_with_custom_values"/>
    <testcase time="0.00100000000000122" classname="table_04" name="Table_04_generation_works_with_custom_values"/>
    <testcase time="0.000999999999997669" classname="table_04" name="Table_04_generation_works_with_custom_values"/>
    <testcase time="0.00100000000000122" classname="table_04" name="Table_04_generation_works_with_custom_values"/>
    <testcase time="0.317999999999998" classname="table_04" name="Table_04_generation_works_with_custom_values"/>
    <testcase time="0.0970000000000013" classname="table_04" name="Table_04_generation_works_with_custom_values">
      <skipped message="Reason: On CRAN ('test-table_04.R:53:3')"/>
    </testcase>
  </testsuite>
  <testsuite name="table_05" timestamp="2023-09-28T22:42:20Z" hostname="bc451dbb1fae" tests="9" skipped="3" failures="0" errors="0" time="1.131">
    <testcase time="0.184000000000001" classname="table_05" name="Table_05_generation_works_with_default_values"/>
    <testcase time="0.206" classname="table_05" name="Table_05_generation_works_with_default_values"/>
    <testcase time="0.0769999999999982" classname="table_05" name="Table_05_generation_works_with_default_values">
      <skipped message="Reason: On CRAN ('test-table_05.R:10:3')"/>
    </testcase>
    <testcase time="0.0160000000000018" classname="table_05" name="Table_05_generation_works_with_custom_values"/>
    <testcase time="0.274999999999999" classname="table_05" name="Table_05_generation_works_with_custom_values"/>
    <testcase time="0.0800000000000018" classname="table_05" name="Table_05_generation_works_with_custom_values">
      <skipped message="Reason: On CRAN ('test-table_05.R:34:3')"/>
    </testcase>
    <testcase time="0.0169999999999995" classname="table_05" name="Table_05_generation_works_with_NA_values_pruned_rows"/>
    <testcase time="0.192" classname="table_05" name="Table_05_generation_works_with_NA_values_pruned_rows"/>
    <testcase time="0.0839999999999996" classname="table_05" name="Table_05_generation_works_with_NA_values_pruned_rows">
      <skipped message="Reason: On CRAN ('test-table_05.R:44:3')"/>
    </testcase>
  </testsuite>
  <testsuite name="table_06" timestamp="2023-09-28T22:42:21Z" hostname="bc451dbb1fae" tests="10" skipped="2" failures="0" errors="0" time="1.344">
    <testcase time="0.0210000000000008" classname="table_06" name="Table_06_generation_works_with_default_values"/>
    <testcase time="0.000999999999997669" classname="table_06" name="Table_06_generation_works_with_default_values"/>
    <testcase time="0.054000000000002" classname="table_06" name="Table_06_generation_works_with_default_values"/>
    <testcase time="0.427" classname="table_06" name="Table_06_generation_works_with_default_values"/>
    <testcase time="0.088000000000001" classname="table_06" name="Table_06_generation_works_with_default_values">
      <skipped message="Reason: On CRAN ('test-table_06.R:8:3')"/>
    </testcase>
    <testcase time="0.0159999999999982" classname="table_06" name="Table_06_generation_works_with_custom_values"/>
    <testcase time="0.00100000000000122" classname="table_06" name="Table_06_generation_works_with_custom_values"/>
    <testcase time="0.0609999999999999" classname="table_06" name="Table_06_generation_works_with_custom_values"/>
    <testcase time="0.552" classname="table_06" name="Table_06_generation_works_with_custom_values"/>
    <testcase time="0.123000000000001" classname="table_06" name="Table_06_generation_works_with_custom_values">
      <skipped message="Reason: On CRAN ('test-table_06.R:40:3')"/>
    </testcase>
  </testsuite>
  <testsuite name="table_07" timestamp="2023-09-28T22:42:22Z" hostname="bc451dbb1fae" tests="18" skipped="3" failures="0" errors="0" time="1.718">
    <testcase time="0.0249999999999986" classname="table_07" name="Table_07_generation_works_with_default_values"/>
    <testcase time="0.00100000000000122" classname="table_07" name="Table_07_generation_works_with_default_values"/>
    <testcase time="0.000999999999997669" classname="table_07" name="Table_07_generation_works_with_default_values"/>
    <testcase time="0.0400000000000027" classname="table_07" name="Table_07_generation_works_with_default_values"/>
    <testcase time="0.355" classname="table_07" name="Table_07_generation_works_with_default_values"/>
    <testcase time="0.114999999999998" classname="table_07" name="Table_07_generation_works_with_default_values">
      <skipped message="Reason: On CRAN ('test-table_07.R:13:3')"/>
    </testcase>
    <testcase time="0.0159999999999982" classname="table_07" name="Table_07_generation_works_with_custom_values"/>
    <testcase time="0.00100000000000122" classname="table_07" name="Table_07_generation_works_with_custom_values"/>
    <testcase time="0.00100000000000122" classname="table_07" name="Table_07_generation_works_with_custom_values"/>
    <testcase time="0.0389999999999979" classname="table_07" name="Table_07_generation_works_with_custom_values"/>
    <testcase time="0.483000000000001" classname="table_07" name="Table_07_generation_works_with_custom_values"/>
    <testcase time="0.146000000000001" classname="table_07" name="Table_07_generation_works_with_custom_values">
      <skipped message="Reason: On CRAN ('test-table_07.R:42:3')"/>
    </testcase>
    <testcase time="0.0160000000000018" classname="table_07" name="Table_07_generation_works_with_NA_values_pruned_rows"/>
    <testcase time="0.000999999999997669" classname="table_07" name="Table_07_generation_works_with_NA_values_pruned_rows"/>
    <testcase time="0.00100000000000122" classname="table_07" name="Table_07_generation_works_with_NA_values_pruned_rows"/>
    <testcase time="0.0399999999999991" classname="table_07" name="Table_07_generation_works_with_NA_values_pruned_rows"/>
    <testcase time="0.326000000000001" classname="table_07" name="Table_07_generation_works_with_NA_values_pruned_rows"/>
    <testcase time="0.111000000000001" classname="table_07" name="Table_07_generation_works_with_NA_values_pruned_rows">
      <skipped message="Reason: On CRAN ('test-table_07.R:52:3')"/>
    </testcase>
  </testsuite>
  <testsuite name="table_08" timestamp="2023-09-28T22:42:24Z" hostname="bc451dbb1fae" tests="8" skipped="2" failures="0" errors="0" time="0.391">
    <testcase time="0.0210000000000008" classname="table_08" name="Table_08_generation_works_with_default_values"/>
    <testcase time="0.000999999999997669" classname="table_08" name="Table_08_generation_works_with_default_values"/>
    <testcase time="0.0570000000000022" classname="table_08" name="Table_08_generation_works_with_default_values"/>
    <testcase time="0.104999999999997" classname="table_08" name="Table_08_generation_works_with_default_values">
      <skipped message="Reason: On CRAN ('test-table_08.R:10:3')"/>
    </testcase>
    <testcase time="0.0150000000000006" classname="table_08" name="Table_08_generation_works_with_custom_values"/>
    <testcase time="0.00200000000000244" classname="table_08" name="Table_08_generation_works_with_custom_values"/>
    <testcase time="0.0399999999999991" classname="table_08" name="Table_08_generation_works_with_custom_values"/>
    <testcase time="0.149999999999999" classname="table_08" name="Table_08_generation_works_with_custom_values">
      <skipped message="Reason: On CRAN ('test-table_08.R:31:3')"/>
    </testcase>
  </testsuite>
  <testsuite name="table_09" timestamp="2023-09-28T22:42:24Z" hostname="bc451dbb1fae" tests="8" skipped="2" failures="0" errors="0" time="0.907">
    <testcase time="0.0199999999999996" classname="table_09" name="Table_09_generation_works_with_default_values"/>
    <testcase time="0.0470000000000006" classname="table_09" name="Table_09_generation_works_with_default_values"/>
    <testcase time="0.286000000000001" classname="table_09" name="Table_09_generation_works_with_default_values"/>
    <testcase time="0.0590000000000011" classname="table_09" name="Table_09_generation_works_with_default_values">
      <skipped message="Reason: On CRAN ('test-table_09.R:8:3')"/>
    </testcase>
    <testcase time="0.0159999999999982" classname="table_09" name="Table_09_generation_works_with_custom_values"/>
    <testcase time="0.0399999999999991" classname="table_09" name="Table_09_generation_works_with_custom_values"/>
    <testcase time="0.364000000000001" classname="table_09" name="Table_09_generation_works_with_custom_values"/>
    <testcase time="0.0749999999999993" classname="table_09" name="Table_09_generation_works_with_custom_values">
      <skipped message="Reason: On CRAN ('test-table_09.R:39:3')"/>
    </testcase>
  </testsuite>
  <testsuite name="table_10" timestamp="2023-09-28T22:42:25Z" hostname="bc451dbb1fae" tests="10" skipped="2" failures="0" errors="0" time="0.98">
    <testcase time="0.0249999999999986" classname="table_10" name="Table_10_generation_works_with_default_values"/>
    <testcase time="0.00200000000000244" classname="table_10" name="Table_10_generation_works_with_default_values"/>
    <testcase time="0.0399999999999991" classname="table_10" name="Table_10_generation_works_with_default_values"/>
    <testcase time="0.363" classname="table_10" name="Table_10_generation_works_with_default_values"/>
    <testcase time="0.106000000000002" classname="table_10" name="Table_10_generation_works_with_default_values">
      <skipped message="Reason: On CRAN ('test-table_10.R:17:3')"/>
    </testcase>
    <testcase time="0.0159999999999982" classname="table_10" name="Table_10_generation_works_with_custom_values"/>
    <testcase time="0.00100000000000122" classname="table_10" name="Table_10_generation_works_with_custom_values"/>
    <testcase time="0.036999999999999" classname="table_10" name="Table_10_generation_works_with_custom_values"/>
    <testcase time="0.337" classname="table_10" name="Table_10_generation_works_with_custom_values"/>
    <testcase time="0.0530000000000008" classname="table_10" name="Table_10_generation_works_with_custom_values">
      <skipped message="Reason: On CRAN ('test-table_10.R:52:3')"/>
    </testcase>
  </testsuite>
  <testsuite name="table_11" timestamp="2023-09-28T22:42:26Z" hostname="bc451dbb1fae" tests="8" skipped="2" failures="0" errors="0" time="1.473">
    <testcase time="0.0259999999999998" classname="table_11" name="Table_11_generation_works_with_default_values"/>
    <testcase time="0.0569999999999986" classname="table_11" name="Table_11_generation_works_with_default_values"/>
    <testcase time="0.577000000000002" classname="table_11" name="Table_11_generation_works_with_default_values"/>
    <testcase time="0.122999999999998" classname="table_11" name="Table_11_generation_works_with_default_values">
      <skipped message="Reason: On CRAN ('test-table_11.R:18:3')"/>
    </testcase>
    <testcase time="0.0160000000000018" classname="table_11" name="Table_11_generation_works_with_custom_values"/>
    <testcase time="0.0429999999999993" classname="table_11" name="Table_11_generation_works_with_custom_values"/>
    <testcase time="0.559999999999999" classname="table_11" name="Table_11_generation_works_with_custom_values"/>
    <testcase time="0.0710000000000015" classname="table_11" name="Table_11_generation_works_with_custom_values">
      <skipped message="Reason: On CRAN ('test-table_11.R:48:3')"/>
    </testcase>
  </testsuite>
  <testsuite name="table_12" timestamp="2023-09-28T22:42:28Z" hostname="bc451dbb1fae" tests="8" skipped="2" failures="0" errors="0" time="1.929">
    <testcase time="0.0240000000000009" classname="table_12" name="Table_12_generation_works_with_default_values"/>
    <testcase time="0.0509999999999984" classname="table_12" name="Table_12_generation_works_with_default_values"/>
    <testcase time="0.789000000000001" classname="table_12" name="Table_12_generation_works_with_default_values"/>
    <testcase time="0.0990000000000002" classname="table_12" name="Table_12_generation_works_with_default_values">
      <skipped message="Reason: On CRAN ('test-table_12.R:9:3')"/>
    </testcase>
    <testcase time="0.0159999999999982" classname="table_12" name="Table_12_generation_works_with_custom_values"/>
    <testcase time="0.0510000000000019" classname="table_12" name="Table_12_generation_works_with_custom_values"/>
    <testcase time="0.788" classname="table_12" name="Table_12_generation_works_with_custom_values"/>
    <testcase time="0.111000000000001" classname="table_12" name="Table_12_generation_works_with_custom_values">
      <skipped message="Reason: On CRAN ('test-table_12.R:39:3')"/>
    </testcase>
  </testsuite>
  <testsuite name="table_13" timestamp="2023-09-28T22:42:30Z" hostname="bc451dbb1fae" tests="8" skipped="2" failures="0" errors="0" time="0.517">
    <testcase time="0.0199999999999996" classname="table_13" name="Table_13_generation_works_with_default_values"/>
    <testcase time="0.0479999999999983" classname="table_13" name="Table_13_generation_works_with_default_values"/>
    <testcase time="0.131" classname="table_13" name="Table_13_generation_works_with_default_values"/>
    <testcase time="0.0590000000000011" classname="table_13" name="Table_13_generation_works_with_default_values">
      <skipped message="Reason: On CRAN ('test-table_13.R:8:3')"/>
    </testcase>
    <testcase time="0.0159999999999982" classname="table_13" name="Table_13_generation_works_with_custom_values"/>
    <testcase time="0.0489999999999995" classname="table_13" name="Table_13_generation_works_with_custom_values"/>
    <testcase time="0.149000000000001" classname="table_13" name="Table_13_generation_works_with_custom_values"/>
    <testcase time="0.0450000000000017" classname="table_13" name="Table_13_generation_works_with_custom_values">
      <skipped message="Reason: On CRAN ('test-table_13.R:38:3')"/>
    </testcase>
  </testsuite>
  <testsuite name="table_14" timestamp="2023-09-28T22:42:30Z" hostname="bc451dbb1fae" tests="10" skipped="3" failures="0" errors="0" time="2.353">
    <testcase time="0.0289999999999999" classname="table_14" name="Table_14_generation_works_with_default_values"/>
    <testcase time="0.780999999999999" classname="table_14" name="Table_14_generation_works_with_default_values"/>
    <testcase time="0.132999999999999" classname="table_14" name="Table_14_generation_works_with_default_values">
      <skipped message="Reason: On CRAN ('test-table_14.R:16:3')"/>
    </testcase>
    <testcase time="0.0160000000000018" classname="table_14" name="Table_14_generation_works_with_custom_values"/>
    <testcase time="0.0479999999999983" classname="table_14" name="Table_14_generation_works_with_custom_values"/>
    <testcase time="0.566000000000003" classname="table_14" name="Table_14_generation_works_with_custom_values"/>
    <testcase time="0.125" classname="table_14" name="Table_14_generation_works_with_custom_values">
      <skipped message="Reason: On CRAN ('test-table_14.R:46:3')"/>
    </testcase>
    <testcase time="0.0159999999999982" classname="table_14" name="Table_14_generation_works_with_NA_values_pruned_rows"/>
    <testcase time="0.538" classname="table_14" name="Table_14_generation_works_with_NA_values_pruned_rows"/>
    <testcase time="0.100999999999999" classname="table_14" name="Table_14_generation_works_with_NA_values_pruned_rows">
      <skipped message="Reason: On CRAN ('test-table_14.R:53:3')"/>
    </testcase>
  </testsuite>
  <testsuite name="table_20" timestamp="2023-09-28T22:42:33Z" hostname="bc451dbb1fae" tests="18" skipped="3" failures="0" errors="0" time="1.792">
    <testcase time="0.032" classname="table_20" name="Table_20_generation_works_with_default_values"/>
    <testcase time="0.00100000000000122" classname="table_20" name="Table_20_generation_works_with_default_values"/>
    <testcase time="0.00100000000000122" classname="table_20" name="Table_20_generation_works_with_default_values"/>
    <testcase time="0.0429999999999993" classname="table_20" name="Table_20_generation_works_with_default_values"/>
    <testcase time="0.388999999999999" classname="table_20" name="Table_20_generation_works_with_default_values"/>
    <testcase time="0.0779999999999994" classname="table_20" name="Table_20_generation_works_with_default_values">
      <skipped message="Reason: On CRAN ('test-table_20.R:17:3')"/>
    </testcase>
    <testcase time="0.0150000000000006" classname="table_20" name="Table_20_generation_works_with_custom_values"/>
    <testcase time="0.00100000000000122" classname="table_20" name="Table_20_generation_works_with_custom_values"/>
    <testcase time="0.000999999999997669" classname="table_20" name="Table_20_generation_works_with_custom_values"/>
    <testcase time="0.0440000000000005" classname="table_20" name="Table_20_generation_works_with_custom_values"/>
    <testcase time="0.567999999999998" classname="table_20" name="Table_20_generation_works_with_custom_values"/>
    <testcase time="0.109000000000002" classname="table_20" name="Table_20_generation_works_with_custom_values">
      <skipped message="Reason: On CRAN ('test-table_20.R:65:3')"/>
    </testcase>
    <testcase time="0.0150000000000006" classname="table_20" name="Table_20_generation_works_with_missing_values_pruned_rows"/>
    <testcase time="0.000999999999997669" classname="table_20" name="Table_20_generation_works_with_missing_values_pruned_rows"/>
    <testcase time="0.00200000000000244" classname="table_20" name="Table_20_generation_works_with_missing_values_pruned_rows"/>
    <testcase time="0.0420000000000016" classname="table_20" name="Table_20_generation_works_with_missing_values_pruned_rows"/>
    <testcase time="0.375" classname="table_20" name="Table_20_generation_works_with_missing_values_pruned_rows"/>
    <testcase time="0.0749999999999957" classname="table_20" name="Table_20_generation_works_with_missing_values_pruned_rows">
      <skipped message="Reason: On CRAN ('test-table_20.R:74:3')"/>
    </testcase>
  </testsuite>
  <testsuite name="table_21" timestamp="2023-09-28T22:42:34Z" hostname="bc451dbb1fae" tests="19" skipped="4" failures="0" errors="0" time="2.684">
    <testcase time="0.0790000000000006" classname="table_21" name="Table_21_generation_works_with_default_values"/>
    <testcase time="0.00200000000000244" classname="table_21" name="Table_21_generation_works_with_default_values"/>
    <testcase time="0.546999999999997" classname="table_21" name="Table_21_generation_works_with_default_values"/>
    <testcase time="0.102000000000004" classname="table_21" name="Table_21_generation_works_with_default_values">
      <skipped message="Reason: On CRAN ('test-table_21.R:22:3')"/>
    </testcase>
    <testcase time="0.0150000000000006" classname="table_21" name="Table_21_generation_works_with_custom_values_N_s_denominator_and_overall_column"/>
    <testcase time="0.000999999999997669" classname="table_21" name="Table_21_generation_works_with_custom_values_N_s_denominator_and_overall_column"/>
    <testcase time="0.0769999999999982" classname="table_21" name="Table_21_generation_works_with_custom_values_N_s_denominator_and_overall_column"/>
    <testcase time="0.664999999999999" classname="table_21" name="Table_21_generation_works_with_custom_values_N_s_denominator_and_overall_column"/>
    <testcase time="0.103000000000002" classname="table_21" name="Table_21_generation_works_with_custom_values_N_s_denominator_and_overall_column">
      <skipped message="Reason: On CRAN ('test-table_21.R:34:3')"/>
    </testcase>
    <testcase time="0.0150000000000006" classname="table_21" name="Table_21_generation_works_with_custom_values_N_col_denominator_and_no_overall_column"/>
    <testcase time="0.00100000000000477" classname="table_21" name="Table_21_generation_works_with_custom_values_N_col_denominator_and_no_overall_column"/>
    <testcase time="0.0509999999999948" classname="table_21" name="Table_21_generation_works_with_custom_values_N_col_denominator_and_no_overall_column"/>
    <testcase time="0.286999999999999" classname="table_21" name="Table_21_generation_works_with_custom_values_N_col_denominator_and_no_overall_column"/>
    <testcase time="0.0870000000000033" classname="table_21" name="Table_21_generation_works_with_custom_values_N_col_denominator_and_no_overall_column">
      <skipped message="Reason: On CRAN ('test-table_21.R:60:3')"/>
    </testcase>
    <testcase time="0.0630000000000024" classname="table_21" name="Table_21_generation_works_with_some_NA_values"/>
    <testcase time="0.000999999999997669" classname="table_21" name="Table_21_generation_works_with_some_NA_values"/>
    <testcase time="0.295999999999999" classname="table_21" name="Table_21_generation_works_with_some_NA_values"/>
    <testcase time="0.222999999999999" classname="table_21" name="Table_21_generation_works_with_some_NA_values"/>
    <testcase time="0.0690000000000026" classname="table_21" name="Table_21_generation_works_with_some_NA_values">
      <skipped message="Reason: On CRAN ('test-table_21.R:80:3')"/>
    </testcase>
  </testsuite>
  <testsuite name="table_32" timestamp="2023-09-28T22:42:37Z" hostname="bc451dbb1fae" tests="12" skipped="3" failures="0" errors="0" time="0.708">
    <testcase time="0.0229999999999961" classname="table_32" name="Table_32_generation_works_with_default_values"/>
    <testcase time="0.0500000000000043" classname="table_32" name="Table_32_generation_works_with_default_values"/>
    <testcase time="0.119" classname="table_32" name="Table_32_generation_works_with_default_values"/>
    <testcase time="0.0409999999999968" classname="table_32" name="Table_32_generation_works_with_default_values">
      <skipped message="Reason: On CRAN ('test-table_32.R:8:3')"/>
    </testcase>
    <testcase time="0.0150000000000006" classname="table_32" name="Table_32_generation_works_with_custom_values"/>
    <testcase time="0.0500000000000043" classname="table_32" name="Table_32_generation_works_with_custom_values"/>
    <testcase time="0.141999999999996" classname="table_32" name="Table_32_generation_works_with_custom_values"/>
    <testcase time="0.0489999999999995" classname="table_32" name="Table_32_generation_works_with_custom_values">
      <skipped message="Reason: On CRAN ('test-table_32.R:30:3')"/>
    </testcase>
    <testcase time="0.0159999999999982" classname="table_32" name="Table_32_generation_works_with_pruned_rows"/>
    <testcase time="0.0510000000000019" classname="table_32" name="Table_32_generation_works_with_pruned_rows"/>
    <testcase time="0.121000000000002" classname="table_32" name="Table_32_generation_works_with_pruned_rows"/>
    <testcase time="0.0309999999999988" classname="table_32" name="Table_32_generation_works_with_pruned_rows">
      <skipped message="Reason: On CRAN ('test-table_32.R:37:3')"/>
    </testcase>
  </testsuite>
  <testsuite name="table_33" timestamp="2023-09-28T22:42:38Z" hostname="bc451dbb1fae" tests="12" skipped="3" failures="0" errors="0" time="1.162">
    <testcase time="0.0200000000000031" classname="table_33" name="Table_33_generation_works_with_default_values"/>
    <testcase time="0.231999999999999" classname="table_33" name="Table_33_generation_works_with_default_values"/>
    <testcase time="0.101999999999997" classname="table_33" name="Table_33_generation_works_with_default_values"/>
    <testcase time="0.0310000000000059" classname="table_33" name="Table_33_generation_works_with_default_values">
      <skipped message="Reason: On CRAN ('test-table_33.R:8:3')"/>
    </testcase>
    <testcase time="0.0159999999999982" classname="table_33" name="Table_33_generation_works_with_custom_values"/>
    <testcase time="0.231000000000002" classname="table_33" name="Table_33_generation_works_with_custom_values"/>
    <testcase time="0.119999999999997" classname="table_33" name="Table_33_generation_works_with_custom_values"/>
    <testcase time="0.036999999999999" classname="table_33" name="Table_33_generation_works_with_custom_values">
      <skipped message="Reason: On CRAN ('test-table_33.R:34:3')"/>
    </testcase>
    <testcase time="0.0159999999999982" classname="table_33" name="Table_33_generation_works_with_pruned_rows"/>
    <testcase time="0.230000000000004" classname="table_33" name="Table_33_generation_works_with_pruned_rows"/>
    <testcase time="0.100000000000001" classname="table_33" name="Table_33_generation_works_with_pruned_rows"/>
    <testcase time="0.0269999999999939" classname="table_33" name="Table_33_generation_works_with_pruned_rows">
      <skipped message="Reason: On CRAN ('test-table_33.R:42:3')"/>
    </testcase>
  </testsuite>
  <testsuite name="table_34" timestamp="2023-09-28T22:42:39Z" hostname="bc451dbb1fae" tests="8" skipped="2" failures="0" errors="0" time="3.466">
    <testcase time="0.0250000000000057" classname="table_34" name="Table_34_generation_works_with_default_values"/>
    <testcase time="0.0409999999999968" classname="table_34" name="Table_34_generation_works_with_default_values"/>
    <testcase time="1.544" classname="table_34" name="Table_34_generation_works_with_default_values"/>
    <testcase time="0.187999999999995" classname="table_34" name="Table_34_generation_works_with_default_values">
      <skipped message="Reason: On CRAN ('test-table_34.R:17:3')"/>
    </testcase>
    <testcase time="0.0159999999999982" classname="table_34" name="Table_34_generation_works_with_custom_values"/>
    <testcase time="0.0420000000000016" classname="table_34" name="Table_34_generation_works_with_custom_values"/>
    <testcase time="1.53" classname="table_34" name="Table_34_generation_works_with_custom_values"/>
    <testcase time="0.0799999999999983" classname="table_34" name="Table_34_generation_works_with_custom_values">
      <skipped message="Reason: On CRAN ('test-table_34.R:49:3')"/>
    </testcase>
  </testsuite>
</testsuites>
