<?xml version="1.0" encoding="UTF-8"?>
<testsuites>
  <testsuite name="table_02" timestamp="2023-10-20T19:23:58Z" hostname="65e378887283" tests="30" skipped="10" failures="0" errors="0" time="16.423">
    <testcase time="0.0910000000000002" classname="table_02" name="Table_02_generation_works_with_default_values"/>
    <testcase time="0.505" classname="table_02" name="Table_02_generation_works_with_default_values"/>
    <testcase time="0.239" classname="table_02" name="Table_02_generation_works_with_default_values">
      <skipped message="Reason: On CRAN ('test-table_02.R:16:3')"/>
    </testcase>
    <testcase time="0.0829999999999997" classname="table_02" name="Table_02_generation_works_with_custom_values"/>
    <testcase time="0.401000000000001" classname="table_02" name="Table_02_generation_works_with_custom_values"/>
    <testcase time="0.236" classname="table_02" name="Table_02_generation_works_with_custom_values">
      <skipped message="Reason: On CRAN ('test-table_02.R:45:3')"/>
    </testcase>
    <testcase time="0.0640000000000001" classname="table_02" name="Table_02_generation_works_with_some_NA_values"/>
    <testcase time="0.111" classname="table_02" name="Table_02_generation_works_with_some_NA_values"/>
    <testcase time="0.0540000000000003" classname="table_02" name="Table_02_generation_works_with_some_NA_values">
      <skipped message="Reason: On CRAN ('test-table_02.R:57:3')"/>
    </testcase>
    <testcase time="0.0209999999999999" classname="table_02" name="Table_02_generation_tplyr_works_with_default_values"/>
    <testcase time="1.967" classname="table_02" name="Table_02_generation_tplyr_works_with_default_values"/>
    <testcase time="0.0359999999999996" classname="table_02" name="Table_02_generation_tplyr_works_with_default_values">
      <skipped message="Reason: On CRAN ('test-table_02.R:66:3')"/>
    </testcase>
    <testcase time="0.0300000000000002" classname="table_02" name="Table_02_generation_tplyr_works_with_tplyr_raw_TRUE"/>
    <testcase time="1.236" classname="table_02" name="Table_02_generation_tplyr_works_with_tplyr_raw_TRUE"/>
    <testcase time="0.0250000000000004" classname="table_02" name="Table_02_generation_tplyr_works_with_tplyr_raw_TRUE">
      <skipped message="Reason: On CRAN ('test-table_02.R:75:3')"/>
    </testcase>
    <testcase time="0.0489999999999995" classname="table_02" name="Table_02_generation_tplyr_works_with_custom_values"/>
    <testcase time="1.856" classname="table_02" name="Table_02_generation_tplyr_works_with_custom_values"/>
    <testcase time="0.0240000000000009" classname="table_02" name="Table_02_generation_tplyr_works_with_custom_values">
      <skipped message="Reason: On CRAN ('test-table_02.R:102:3')"/>
    </testcase>
    <testcase time="0.0489999999999995" classname="table_02" name="Table_02_generation_tplyr_works_with_some_NA_values"/>
    <testcase time="0.741" classname="table_02" name="Table_02_generation_tplyr_works_with_some_NA_values"/>
    <testcase time="0.0230000000000015" classname="table_02" name="Table_02_generation_tplyr_works_with_some_NA_values">
      <skipped message="Reason: On CRAN ('test-table_02.R:119:3')"/>
    </testcase>
    <testcase time="0.0199999999999996" classname="table_02" name="Table_02_generation_gtsum_works_with_default_values"/>
    <testcase time="3.403" classname="table_02" name="Table_02_generation_gtsum_works_with_default_values"/>
    <testcase time="0.00999999999999979" classname="table_02" name="Table_02_generation_gtsum_works_with_default_values">
      <skipped message="Reason: On CRAN ('test-table_02.R:128:3')"/>
    </testcase>
    <testcase time="0.0519999999999996" classname="table_02" name="Table_02_generation_gtsum_works_with_custom_values"/>
    <testcase time="3.786" classname="table_02" name="Table_02_generation_gtsum_works_with_custom_values"/>
    <testcase time="0.00900000000000034" classname="table_02" name="Table_02_generation_gtsum_works_with_custom_values">
      <skipped message="Reason: On CRAN ('test-table_02.R:146:3')"/>
    </testcase>
    <testcase time="0.041999999999998" classname="table_02" name="Table_02_generation_gtsum_works_with_some_NA_values"/>
    <testcase time="1.252" classname="table_02" name="Table_02_generation_gtsum_works_with_some_NA_values"/>
    <testcase time="0.00800000000000267" classname="table_02" name="Table_02_generation_gtsum_works_with_some_NA_values">
      <skipped message="Reason: On CRAN ('test-table_02.R:161:3')"/>
    </testcase>
  </testsuite>
  <testsuite name="table_03" timestamp="2023-10-20T19:24:14Z" hostname="65e378887283" tests="8" skipped="2" failures="0" errors="0" time="0.86">
    <testcase time="0.0389999999999979" classname="table_03" name="Table_3_generation_works_with_default_values"/>
    <testcase time="0.00100000000000122" classname="table_03" name="Table_3_generation_works_with_default_values"/>
    <testcase time="0.350999999999999" classname="table_03" name="Table_3_generation_works_with_default_values"/>
    <testcase time="0.0549999999999997" classname="table_03" name="Table_3_generation_works_with_default_values">
      <skipped message="Reason: On CRAN ('test-table_03.R:21:3')"/>
    </testcase>
    <testcase time="0.0199999999999996" classname="table_03" name="Table_3_generation_works_with_custom_values"/>
    <testcase time="0.00100000000000122" classname="table_03" name="Table_3_generation_works_with_custom_values"/>
    <testcase time="0.312999999999999" classname="table_03" name="Table_3_generation_works_with_custom_values"/>
    <testcase time="0.0800000000000018" classname="table_03" name="Table_3_generation_works_with_custom_values">
      <skipped message="Reason: On CRAN ('test-table_03.R:41:3')"/>
    </testcase>
  </testsuite>
  <testsuite name="table_04" timestamp="2023-10-20T19:24:15Z" hostname="65e378887283" tests="12" skipped="2" failures="0" errors="0" time="0.943">
    <testcase time="0.0429999999999993" classname="table_04" name="Table_04_generation_works_with_default_values"/>
    <testcase time="0.00199999999999889" classname="table_04" name="Table_04_generation_works_with_default_values"/>
    <testcase time="0.00100000000000122" classname="table_04" name="Table_04_generation_works_with_default_values"/>
    <testcase time="0.00199999999999889" classname="table_04" name="Table_04_generation_works_with_default_values"/>
    <testcase time="0.336000000000002" classname="table_04" name="Table_04_generation_works_with_default_values"/>
    <testcase time="0.103999999999999" classname="table_04" name="Table_04_generation_works_with_default_values">
      <skipped message="Reason: On CRAN ('test-table_04.R:18:3')"/>
    </testcase>
    <testcase time="0.0199999999999996" classname="table_04" name="Table_04_generation_works_with_custom_values"/>
    <testcase time="0.00100000000000122" classname="table_04" name="Table_04_generation_works_with_custom_values"/>
    <testcase time="0.00199999999999889" classname="table_04" name="Table_04_generation_works_with_custom_values"/>
    <testcase time="0.00199999999999889" classname="table_04" name="Table_04_generation_works_with_custom_values"/>
    <testcase time="0.343" classname="table_04" name="Table_04_generation_works_with_custom_values"/>
    <testcase time="0.0869999999999997" classname="table_04" name="Table_04_generation_works_with_custom_values">
      <skipped message="Reason: On CRAN ('test-table_04.R:44:3')"/>
    </testcase>
  </testsuite>
  <testsuite name="table_05" timestamp="2023-10-20T19:24:16Z" hostname="65e378887283" tests="12" skipped="4" failures="0" errors="0" time="1.476">
    <testcase time="0.175000000000001" classname="table_05" name="Table_05_generation_works_with_default_values"/>
    <testcase time="0.225999999999999" classname="table_05" name="Table_05_generation_works_with_default_values"/>
    <testcase time="0.083000000000002" classname="table_05" name="Table_05_generation_works_with_default_values">
      <skipped message="Reason: On CRAN ('test-table_05.R:10:3')"/>
    </testcase>
    <testcase time="0.0189999999999984" classname="table_05" name="Table_05_generation_works_with_custom_values"/>
    <testcase time="0.240000000000002" classname="table_05" name="Table_05_generation_works_with_custom_values"/>
    <testcase time="0.0820000000000007" classname="table_05" name="Table_05_generation_works_with_custom_values">
      <skipped message="Reason: On CRAN ('test-table_05.R:34:3')"/>
    </testcase>
    <testcase time="0.0219999999999985" classname="table_05" name="Table_05_generation_works_with_NA_values_pruned_rows"/>
    <testcase time="0.201000000000001" classname="table_05" name="Table_05_generation_works_with_NA_values_pruned_rows"/>
    <testcase time="0.0730000000000004" classname="table_05" name="Table_05_generation_works_with_NA_values_pruned_rows">
      <skipped message="Reason: On CRAN ('test-table_05.R:44:3')"/>
    </testcase>
    <testcase time="0.0289999999999999" classname="table_05" name="Table_05_generation_works_with_risk_difference_column"/>
    <testcase time="0.245999999999999" classname="table_05" name="Table_05_generation_works_with_risk_difference_column"/>
    <testcase time="0.0800000000000018" classname="table_05" name="Table_05_generation_works_with_risk_difference_column">
      <skipped message="Reason: On CRAN ('test-table_05.R:57:3')"/>
    </testcase>
  </testsuite>
  <testsuite name="table_06" timestamp="2023-10-20T19:24:18Z" hostname="65e378887283" tests="15" skipped="3" failures="0" errors="0" time="2.228">
    <testcase time="0.0259999999999998" classname="table_06" name="Table_06_generation_works_with_default_values"/>
    <testcase time="0.00199999999999889" classname="table_06" name="Table_06_generation_works_with_default_values"/>
    <testcase time="0.0609999999999999" classname="table_06" name="Table_06_generation_works_with_default_values"/>
    <testcase time="0.443999999999999" classname="table_06" name="Table_06_generation_works_with_default_values"/>
    <testcase time="0.126000000000001" classname="table_06" name="Table_06_generation_works_with_default_values">
      <skipped message="Reason: On CRAN ('test-table_06.R:8:3')"/>
    </testcase>
    <testcase time="0.0189999999999984" classname="table_06" name="Table_06_generation_works_with_custom_values"/>
    <testcase time="0.00200000000000244" classname="table_06" name="Table_06_generation_works_with_custom_values"/>
    <testcase time="0.0559999999999974" classname="table_06" name="Table_06_generation_works_with_custom_values"/>
    <testcase time="0.593000000000004" classname="table_06" name="Table_06_generation_works_with_custom_values"/>
    <testcase time="0.140999999999998" classname="table_06" name="Table_06_generation_works_with_custom_values">
      <skipped message="Reason: On CRAN ('test-table_06.R:40:3')"/>
    </testcase>
    <testcase time="0.0199999999999996" classname="table_06" name="Table_06_generation_works_with_risk_difference_column"/>
    <testcase time="0.00199999999999889" classname="table_06" name="Table_06_generation_works_with_risk_difference_column"/>
    <testcase time="0.0560000000000009" classname="table_06" name="Table_06_generation_works_with_risk_difference_column"/>
    <testcase time="0.576000000000001" classname="table_06" name="Table_06_generation_works_with_risk_difference_column"/>
    <testcase time="0.103999999999999" classname="table_06" name="Table_06_generation_works_with_risk_difference_column">
      <skipped message="Reason: On CRAN ('test-table_06.R:48:3')"/>
    </testcase>
  </testsuite>
  <testsuite name="table_07" timestamp="2023-10-20T19:24:20Z" hostname="65e378887283" tests="24" skipped="4" failures="0" errors="0" time="2.357">
    <testcase time="0.0300000000000011" classname="table_07" name="Table_07_generation_works_with_default_values"/>
    <testcase time="0.00199999999999889" classname="table_07" name="Table_07_generation_works_with_default_values"/>
    <testcase time="0.00200000000000244" classname="table_07" name="Table_07_generation_works_with_default_values"/>
    <testcase time="0.0409999999999968" classname="table_07" name="Table_07_generation_works_with_default_values"/>
    <testcase time="0.338000000000001" classname="table_07" name="Table_07_generation_works_with_default_values"/>
    <testcase time="0.124000000000002" classname="table_07" name="Table_07_generation_works_with_default_values">
      <skipped message="Reason: On CRAN ('test-table_07.R:13:3')"/>
    </testcase>
    <testcase time="0.0199999999999996" classname="table_07" name="Table_07_generation_works_with_custom_values"/>
    <testcase time="0.00199999999999889" classname="table_07" name="Table_07_generation_works_with_custom_values"/>
    <testcase time="0.00199999999999889" classname="table_07" name="Table_07_generation_works_with_custom_values"/>
    <testcase time="0.0410000000000004" classname="table_07" name="Table_07_generation_works_with_custom_values"/>
    <testcase time="0.472999999999999" classname="table_07" name="Table_07_generation_works_with_custom_values"/>
    <testcase time="0.154" classname="table_07" name="Table_07_generation_works_with_custom_values">
      <skipped message="Reason: On CRAN ('test-table_07.R:42:3')"/>
    </testcase>
    <testcase time="0.0200000000000031" classname="table_07" name="Table_07_generation_works_with_NA_values_pruned_rows"/>
    <testcase time="0.00199999999999889" classname="table_07" name="Table_07_generation_works_with_NA_values_pruned_rows"/>
    <testcase time="0.00199999999999889" classname="table_07" name="Table_07_generation_works_with_NA_values_pruned_rows"/>
    <testcase time="0.0410000000000004" classname="table_07" name="Table_07_generation_works_with_NA_values_pruned_rows"/>
    <testcase time="0.337" classname="table_07" name="Table_07_generation_works_with_NA_values_pruned_rows"/>
    <testcase time="0.118000000000002" classname="table_07" name="Table_07_generation_works_with_NA_values_pruned_rows">
      <skipped message="Reason: On CRAN ('test-table_07.R:52:3')"/>
    </testcase>
    <testcase time="0.0199999999999996" classname="table_07" name="Table_07_generation_works_with_risk_difference_column"/>
    <testcase time="0.00199999999999889" classname="table_07" name="Table_07_generation_works_with_risk_difference_column"/>
    <testcase time="0.00199999999999889" classname="table_07" name="Table_07_generation_works_with_risk_difference_column"/>
    <testcase time="0.0510000000000019" classname="table_07" name="Table_07_generation_works_with_risk_difference_column"/>
    <testcase time="0.404999999999998" classname="table_07" name="Table_07_generation_works_with_risk_difference_column"/>
    <testcase time="0.128" classname="table_07" name="Table_07_generation_works_with_risk_difference_column">
      <skipped message="Reason: On CRAN ('test-table_07.R:65:3')"/>
    </testcase>
  </testsuite>
  <testsuite name="table_08" timestamp="2023-10-20T19:24:22Z" hostname="65e378887283" tests="8" skipped="2" failures="0" errors="0" time="0.427">
    <testcase time="0.0260000000000034" classname="table_08" name="Table_08_generation_works_with_default_values"/>
    <testcase time="0.00199999999999889" classname="table_08" name="Table_08_generation_works_with_default_values"/>
    <testcase time="0.0609999999999999" classname="table_08" name="Table_08_generation_works_with_default_values"/>
    <testcase time="0.111000000000001" classname="table_08" name="Table_08_generation_works_with_default_values">
      <skipped message="Reason: On CRAN ('test-table_08.R:10:3')"/>
    </testcase>
    <testcase time="0.0199999999999996" classname="table_08" name="Table_08_generation_works_with_custom_values"/>
    <testcase time="0.00199999999999889" classname="table_08" name="Table_08_generation_works_with_custom_values"/>
    <testcase time="0.0440000000000005" classname="table_08" name="Table_08_generation_works_with_custom_values"/>
    <testcase time="0.161000000000001" classname="table_08" name="Table_08_generation_works_with_custom_values">
      <skipped message="Reason: On CRAN ('test-table_08.R:31:3')"/>
    </testcase>
  </testsuite>
  <testsuite name="table_09" timestamp="2023-10-20T19:24:23Z" hostname="65e378887283" tests="12" skipped="3" failures="0" errors="0" time="1.552">
    <testcase time="0.0259999999999998" classname="table_09" name="Table_09_generation_works_with_default_values"/>
    <testcase time="0.0649999999999977" classname="table_09" name="Table_09_generation_works_with_default_values"/>
    <testcase time="0.316000000000003" classname="table_09" name="Table_09_generation_works_with_default_values"/>
    <testcase time="0.0629999999999988" classname="table_09" name="Table_09_generation_works_with_default_values">
      <skipped message="Reason: On CRAN ('test-table_09.R:8:3')"/>
    </testcase>
    <testcase time="0.0199999999999996" classname="table_09" name="Table_09_generation_works_with_custom_values"/>
    <testcase time="0.0569999999999986" classname="table_09" name="Table_09_generation_works_with_custom_values"/>
    <testcase time="0.379000000000001" classname="table_09" name="Table_09_generation_works_with_custom_values"/>
    <testcase time="0.0859999999999985" classname="table_09" name="Table_09_generation_works_with_custom_values">
      <skipped message="Reason: On CRAN ('test-table_09.R:39:3')"/>
    </testcase>
    <testcase time="0.0190000000000019" classname="table_09" name="Table_09_generation_works_with_risk_difference_column"/>
    <testcase time="0.041999999999998" classname="table_09" name="Table_09_generation_works_with_risk_difference_column"/>
    <testcase time="0.409000000000002" classname="table_09" name="Table_09_generation_works_with_risk_difference_column"/>
    <testcase time="0.0700000000000003" classname="table_09" name="Table_09_generation_works_with_risk_difference_column">
      <skipped message="Reason: On CRAN ('test-table_09.R:47:3')"/>
    </testcase>
  </testsuite>
  <testsuite name="table_10" timestamp="2023-10-20T19:24:24Z" hostname="65e378887283" tests="15" skipped="3" failures="0" errors="0" time="1.761">
    <testcase time="0.0309999999999988" classname="table_10" name="Table_10_generation_works_with_default_values"/>
    <testcase time="0.00100000000000122" classname="table_10" name="Table_10_generation_works_with_default_values"/>
    <testcase time="0.0429999999999993" classname="table_10" name="Table_10_generation_works_with_default_values"/>
    <testcase time="0.388999999999999" classname="table_10" name="Table_10_generation_works_with_default_values"/>
    <testcase time="0.126999999999999" classname="table_10" name="Table_10_generation_works_with_default_values">
      <skipped message="Reason: On CRAN ('test-table_10.R:17:3')"/>
    </testcase>
    <testcase time="0.0200000000000031" classname="table_10" name="Table_10_generation_works_with_custom_values"/>
    <testcase time="0.000999999999997669" classname="table_10" name="Table_10_generation_works_with_custom_values"/>
    <testcase time="0.0380000000000003" classname="table_10" name="Table_10_generation_works_with_custom_values"/>
    <testcase time="0.372" classname="table_10" name="Table_10_generation_works_with_custom_values"/>
    <testcase time="0.0549999999999997" classname="table_10" name="Table_10_generation_works_with_custom_values">
      <skipped message="Reason: On CRAN ('test-table_10.R:52:3')"/>
    </testcase>
    <testcase time="0.0199999999999996" classname="table_10" name="Table_10_generation_works_with_risk_difference_column"/>
    <testcase time="0.00200000000000244" classname="table_10" name="Table_10_generation_works_with_risk_difference_column"/>
    <testcase time="0.0440000000000005" classname="table_10" name="Table_10_generation_works_with_risk_difference_column"/>
    <testcase time="0.488" classname="table_10" name="Table_10_generation_works_with_risk_difference_column"/>
    <testcase time="0.129999999999999" classname="table_10" name="Table_10_generation_works_with_risk_difference_column">
      <skipped message="Reason: On CRAN ('test-table_10.R:60:3')"/>
    </testcase>
  </testsuite>
  <testsuite name="table_11" timestamp="2023-10-20T19:24:26Z" hostname="65e378887283" tests="12" skipped="3" failures="0" errors="0" time="2.691">
    <testcase time="0.0309999999999988" classname="table_11" name="Table_11_generation_works_with_default_values"/>
    <testcase time="0.0620000000000012" classname="table_11" name="Table_11_generation_works_with_default_values"/>
    <testcase time="0.641999999999999" classname="table_11" name="Table_11_generation_works_with_default_values"/>
    <testcase time="0.129000000000001" classname="table_11" name="Table_11_generation_works_with_default_values">
      <skipped message="Reason: On CRAN ('test-table_11.R:18:3')"/>
    </testcase>
    <testcase time="0.0210000000000008" classname="table_11" name="Table_11_generation_works_with_custom_values"/>
    <testcase time="0.0579999999999998" classname="table_11" name="Table_11_generation_works_with_custom_values"/>
    <testcase time="0.609000000000002" classname="table_11" name="Table_11_generation_works_with_custom_values"/>
    <testcase time="0.0739999999999981" classname="table_11" name="Table_11_generation_works_with_custom_values">
      <skipped message="Reason: On CRAN ('test-table_11.R:48:3')"/>
    </testcase>
    <testcase time="0.019999999999996" classname="table_11" name="Table_11_generation_works_with_risk_difference_column"/>
    <testcase time="0.0510000000000019" classname="table_11" name="Table_11_generation_works_with_risk_difference_column"/>
    <testcase time="0.826999999999998" classname="table_11" name="Table_11_generation_works_with_risk_difference_column"/>
    <testcase time="0.167000000000002" classname="table_11" name="Table_11_generation_works_with_risk_difference_column">
      <skipped message="Reason: On CRAN ('test-table_11.R:56:3')"/>
    </testcase>
  </testsuite>
  <testsuite name="table_12" timestamp="2023-10-20T19:24:29Z" hostname="65e378887283" tests="12" skipped="3" failures="0" errors="0" time="3.584">
    <testcase time="0.0249999999999986" classname="table_12" name="Table_12_generation_works_with_default_values"/>
    <testcase time="0.0519999999999996" classname="table_12" name="Table_12_generation_works_with_default_values"/>
    <testcase time="0.841000000000001" classname="table_12" name="Table_12_generation_works_with_default_values"/>
    <testcase time="0.122" classname="table_12" name="Table_12_generation_works_with_default_values">
      <skipped message="Reason: On CRAN ('test-table_12.R:9:3')"/>
    </testcase>
    <testcase time="0.0200000000000031" classname="table_12" name="Table_12_generation_works_with_custom_values"/>
    <testcase time="0.0529999999999973" classname="table_12" name="Table_12_generation_works_with_custom_values"/>
    <testcase time="0.849000000000004" classname="table_12" name="Table_12_generation_works_with_custom_values"/>
    <testcase time="0.122" classname="table_12" name="Table_12_generation_works_with_custom_values">
      <skipped message="Reason: On CRAN ('test-table_12.R:39:3')"/>
    </testcase>
    <testcase time="0.0210000000000008" classname="table_12" name="Table_12_generation_works_with_risk_difference_column"/>
    <testcase time="0.0539999999999949" classname="table_12" name="Table_12_generation_works_with_risk_difference_column"/>
    <testcase time="1.304" classname="table_12" name="Table_12_generation_works_with_risk_difference_column"/>
    <testcase time="0.121000000000002" classname="table_12" name="Table_12_generation_works_with_risk_difference_column">
      <skipped message="Reason: On CRAN ('test-table_12.R:47:3')"/>
    </testcase>
  </testsuite>
  <testsuite name="table_13" timestamp="2023-10-20T19:24:32Z" hostname="65e378887283" tests="12" skipped="3" failures="0" errors="0" time="0.814">
    <testcase time="0.0249999999999986" classname="table_13" name="Table_13_generation_works_with_default_values"/>
    <testcase time="0.0489999999999995" classname="table_13" name="Table_13_generation_works_with_default_values"/>
    <testcase time="0.122999999999998" classname="table_13" name="Table_13_generation_works_with_default_values"/>
    <testcase time="0.0690000000000026" classname="table_13" name="Table_13_generation_works_with_default_values">
      <skipped message="Reason: On CRAN ('test-table_13.R:8:3')"/>
    </testcase>
    <testcase time="0.019999999999996" classname="table_13" name="Table_13_generation_works_with_custom_values"/>
    <testcase time="0.0500000000000043" classname="table_13" name="Table_13_generation_works_with_custom_values"/>
    <testcase time="0.143999999999998" classname="table_13" name="Table_13_generation_works_with_custom_values"/>
    <testcase time="0.0459999999999994" classname="table_13" name="Table_13_generation_works_with_custom_values">
      <skipped message="Reason: On CRAN ('test-table_13.R:38:3')"/>
    </testcase>
    <testcase time="0.0200000000000031" classname="table_13" name="Table_13_generation_works_with_risk_difference_column"/>
    <testcase time="0.0499999999999972" classname="table_13" name="Table_13_generation_works_with_risk_difference_column"/>
    <testcase time="0.148000000000003" classname="table_13" name="Table_13_generation_works_with_risk_difference_column"/>
    <testcase time="0.0700000000000003" classname="table_13" name="Table_13_generation_works_with_risk_difference_column">
      <skipped message="Reason: On CRAN ('test-table_13.R:46:3')"/>
    </testcase>
  </testsuite>
  <testsuite name="table_14" timestamp="2023-10-20T19:24:33Z" hostname="65e378887283" tests="13" skipped="4" failures="0" errors="0" time="3.101">
    <testcase time="0.0329999999999941" classname="table_14" name="Table_14_generation_works_with_default_values"/>
    <testcase time="0.557000000000002" classname="table_14" name="Table_14_generation_works_with_default_values"/>
    <testcase time="0.139000000000003" classname="table_14" name="Table_14_generation_works_with_default_values">
      <skipped message="Reason: On CRAN ('test-table_14.R:16:3')"/>
    </testcase>
    <testcase time="0.019999999999996" classname="table_14" name="Table_14_generation_works_with_custom_values"/>
    <testcase time="0.0500000000000043" classname="table_14" name="Table_14_generation_works_with_custom_values"/>
    <testcase time="0.595999999999997" classname="table_14" name="Table_14_generation_works_with_custom_values"/>
    <testcase time="0.132000000000005" classname="table_14" name="Table_14_generation_works_with_custom_values">
      <skipped message="Reason: On CRAN ('test-table_14.R:46:3')"/>
    </testcase>
    <testcase time="0.0259999999999962" classname="table_14" name="Table_14_generation_works_with_NA_values_pruned_rows"/>
    <testcase time="0.555" classname="table_14" name="Table_14_generation_works_with_NA_values_pruned_rows"/>
    <testcase time="0.111000000000004" classname="table_14" name="Table_14_generation_works_with_NA_values_pruned_rows">
      <skipped message="Reason: On CRAN ('test-table_14.R:53:3')"/>
    </testcase>
    <testcase time="0.0189999999999984" classname="table_14" name="Table_14_generation_works_with_risk_difference_column"/>
    <testcase time="0.708999999999996" classname="table_14" name="Table_14_generation_works_with_risk_difference_column"/>
    <testcase time="0.154000000000003" classname="table_14" name="Table_14_generation_works_with_risk_difference_column">
      <skipped message="Reason: On CRAN ('test-table_14.R:61:3')"/>
    </testcase>
  </testsuite>
  <testsuite name="table_20" timestamp="2023-10-20T19:24:36Z" hostname="65e378887283" tests="24" skipped="4" failures="0" errors="0" time="2.666">
    <testcase time="0.0349999999999966" classname="table_20" name="Table_20_generation_works_with_default_values"/>
    <testcase time="0.00100000000000477" classname="table_20" name="Table_20_generation_works_with_default_values"/>
    <testcase time="0.00199999999999534" classname="table_20" name="Table_20_generation_works_with_default_values"/>
    <testcase time="0.044000000000004" classname="table_20" name="Table_20_generation_works_with_default_values"/>
    <testcase time="0.43" classname="table_20" name="Table_20_generation_works_with_default_values"/>
    <testcase time="0.0820000000000007" classname="table_20" name="Table_20_generation_works_with_default_values">
      <skipped message="Reason: On CRAN ('test-table_20.R:17:3')"/>
    </testcase>
    <testcase time="0.019999999999996" classname="table_20" name="Table_20_generation_works_with_custom_values"/>
    <testcase time="0.00200000000000244" classname="table_20" name="Table_20_generation_works_with_custom_values"/>
    <testcase time="0.000999999999997669" classname="table_20" name="Table_20_generation_works_with_custom_values"/>
    <testcase time="0.0560000000000045" classname="table_20" name="Table_20_generation_works_with_custom_values"/>
    <testcase time="0.601999999999997" classname="table_20" name="Table_20_generation_works_with_custom_values"/>
    <testcase time="0.106999999999999" classname="table_20" name="Table_20_generation_works_with_custom_values">
      <skipped message="Reason: On CRAN ('test-table_20.R:65:3')"/>
    </testcase>
    <testcase time="0.0200000000000031" classname="table_20" name="Table_20_generation_works_with_missing_values_pruned_rows"/>
    <testcase time="0.00199999999999534" classname="table_20" name="Table_20_generation_works_with_missing_values_pruned_rows"/>
    <testcase time="0.00100000000000477" classname="table_20" name="Table_20_generation_works_with_missing_values_pruned_rows"/>
    <testcase time="0.0459999999999994" classname="table_20" name="Table_20_generation_works_with_missing_values_pruned_rows"/>
    <testcase time="0.405000000000001" classname="table_20" name="Table_20_generation_works_with_missing_values_pruned_rows"/>
    <testcase time="0.0919999999999987" classname="table_20" name="Table_20_generation_works_with_missing_values_pruned_rows">
      <skipped message="Reason: On CRAN ('test-table_20.R:74:3')"/>
    </testcase>
    <testcase time="0.019999999999996" classname="table_20" name="Table_20_generation_works_with_risk_difference_column"/>
    <testcase time="0.00200000000000244" classname="table_20" name="Table_20_generation_works_with_risk_difference_column"/>
    <testcase time="0.00200000000000244" classname="table_20" name="Table_20_generation_works_with_risk_difference_column"/>
    <testcase time="0.0449999999999946" classname="table_20" name="Table_20_generation_works_with_risk_difference_column"/>
    <testcase time="0.553000000000004" classname="table_20" name="Table_20_generation_works_with_risk_difference_column"/>
    <testcase time="0.0959999999999965" classname="table_20" name="Table_20_generation_works_with_risk_difference_column">
      <skipped message="Reason: On CRAN ('test-table_20.R:82:3')"/>
    </testcase>
  </testsuite>
  <testsuite name="table_21" timestamp="2023-10-20T19:24:39Z" hostname="65e378887283" tests="19" skipped="4" failures="0" errors="0" time="2.652">
    <testcase time="0.0829999999999984" classname="table_21" name="Table_21_generation_works_with_default_values"/>
    <testcase time="0.00100000000000477" classname="table_21" name="Table_21_generation_works_with_default_values"/>
    <testcase time="0.610999999999997" classname="table_21" name="Table_21_generation_works_with_default_values"/>
    <testcase time="0.113" classname="table_21" name="Table_21_generation_works_with_default_values">
      <skipped message="Reason: On CRAN ('test-table_21.R:22:3')"/>
    </testcase>
    <testcase time="0.0190000000000055" classname="table_21" name="Table_21_generation_works_with_custom_values_N_s_denominator_and_overall_column"/>
    <testcase time="0.00199999999999534" classname="table_21" name="Table_21_generation_works_with_custom_values_N_s_denominator_and_overall_column"/>
    <testcase time="0.0760000000000005" classname="table_21" name="Table_21_generation_works_with_custom_values_N_s_denominator_and_overall_column"/>
    <testcase time="0.710999999999999" classname="table_21" name="Table_21_generation_works_with_custom_values_N_s_denominator_and_overall_column"/>
    <testcase time="0.109000000000002" classname="table_21" name="Table_21_generation_works_with_custom_values_N_s_denominator_and_overall_column">
      <skipped message="Reason: On CRAN ('test-table_21.R:34:3')"/>
    </testcase>
    <testcase time="0.0200000000000031" classname="table_21" name="Table_21_generation_works_with_custom_values_N_col_denominator_and_no_overall_column"/>
    <testcase time="0.00199999999999534" classname="table_21" name="Table_21_generation_works_with_custom_values_N_col_denominator_and_no_overall_column"/>
    <testcase time="0.0519999999999996" classname="table_21" name="Table_21_generation_works_with_custom_values_N_col_denominator_and_no_overall_column"/>
    <testcase time="0.318999999999996" classname="table_21" name="Table_21_generation_works_with_custom_values_N_col_denominator_and_no_overall_column"/>
    <testcase time="0.0930000000000035" classname="table_21" name="Table_21_generation_works_with_custom_values_N_col_denominator_and_no_overall_column">
      <skipped message="Reason: On CRAN ('test-table_21.R:62:3')"/>
    </testcase>
    <testcase time="0.0799999999999983" classname="table_21" name="Table_21_generation_works_with_some_NA_values"/>
    <testcase time="0.00200000000000244" classname="table_21" name="Table_21_generation_works_with_some_NA_values"/>
    <testcase time="0.0499999999999972" classname="table_21" name="Table_21_generation_works_with_some_NA_values"/>
    <testcase time="0.244999999999997" classname="table_21" name="Table_21_generation_works_with_some_NA_values"/>
    <testcase time="0.0640000000000001" classname="table_21" name="Table_21_generation_works_with_some_NA_values">
      <skipped message="Reason: On CRAN ('test-table_21.R:82:3')"/>
    </testcase>
  </testsuite>
  <testsuite name="table_32" timestamp="2023-10-20T19:24:42Z" hostname="65e378887283" tests="16" skipped="4" failures="0" errors="0" time="1.094">
    <testcase time="0.0249999999999986" classname="table_32" name="Table_32_generation_works_with_default_values"/>
    <testcase time="0.0630000000000024" classname="table_32" name="Table_32_generation_works_with_default_values"/>
    <testcase time="0.123999999999995" classname="table_32" name="Table_32_generation_works_with_default_values"/>
    <testcase time="0.044000000000004" classname="table_32" name="Table_32_generation_works_with_default_values">
      <skipped message="Reason: On CRAN ('test-table_32.R:8:3')"/>
    </testcase>
    <testcase time="0.019999999999996" classname="table_32" name="Table_32_generation_works_with_custom_values"/>
    <testcase time="0.0670000000000002" classname="table_32" name="Table_32_generation_works_with_custom_values"/>
    <testcase time="0.147000000000006" classname="table_32" name="Table_32_generation_works_with_custom_values"/>
    <testcase time="0.0539999999999949" classname="table_32" name="Table_32_generation_works_with_custom_values">
      <skipped message="Reason: On CRAN ('test-table_32.R:30:3')"/>
    </testcase>
    <testcase time="0.0350000000000037" classname="table_32" name="Table_32_generation_works_with_pruned_rows"/>
    <testcase time="0.0529999999999973" classname="table_32" name="Table_32_generation_works_with_pruned_rows"/>
    <testcase time="0.121000000000002" classname="table_32" name="Table_32_generation_works_with_pruned_rows"/>
    <testcase time="0.0339999999999989" classname="table_32" name="Table_32_generation_works_with_pruned_rows">
      <skipped message="Reason: On CRAN ('test-table_32.R:37:3')"/>
    </testcase>
    <testcase time="0.0319999999999965" classname="table_32" name="Table_32_generation_works_with_risk_difference_column"/>
    <testcase time="0.0560000000000045" classname="table_32" name="Table_32_generation_works_with_risk_difference_column"/>
    <testcase time="0.152999999999999" classname="table_32" name="Table_32_generation_works_with_risk_difference_column"/>
    <testcase time="0.0660000000000025" classname="table_32" name="Table_32_generation_works_with_risk_difference_column">
      <skipped message="Reason: On CRAN ('test-table_32.R:45:3')"/>
    </testcase>
  </testsuite>
  <testsuite name="table_33" timestamp="2023-10-20T19:24:43Z" hostname="65e378887283" tests="16" skipped="4" failures="0" errors="0" time="1.722">
    <testcase time="0.0249999999999986" classname="table_33" name="Table_33_generation_works_with_default_values"/>
    <testcase time="0.247999999999998" classname="table_33" name="Table_33_generation_works_with_default_values"/>
    <testcase time="0.100000000000001" classname="table_33" name="Table_33_generation_works_with_default_values"/>
    <testcase time="0.0480000000000018" classname="table_33" name="Table_33_generation_works_with_default_values">
      <skipped message="Reason: On CRAN ('test-table_33.R:8:3')"/>
    </testcase>
    <testcase time="0.019999999999996" classname="table_33" name="Table_33_generation_works_with_custom_values"/>
    <testcase time="0.247" classname="table_33" name="Table_33_generation_works_with_custom_values"/>
    <testcase time="0.134" classname="table_33" name="Table_33_generation_works_with_custom_values"/>
    <testcase time="0.0429999999999993" classname="table_33" name="Table_33_generation_works_with_custom_values">
      <skipped message="Reason: On CRAN ('test-table_33.R:34:3')"/>
    </testcase>
    <testcase time="0.0200000000000031" classname="table_33" name="Table_33_generation_works_with_pruned_rows"/>
    <testcase time="0.247" classname="table_33" name="Table_33_generation_works_with_pruned_rows"/>
    <testcase time="0.112000000000002" classname="table_33" name="Table_33_generation_works_with_pruned_rows"/>
    <testcase time="0.0309999999999988" classname="table_33" name="Table_33_generation_works_with_pruned_rows">
      <skipped message="Reason: On CRAN ('test-table_33.R:42:3')"/>
    </testcase>
    <testcase time="0.019999999999996" classname="table_33" name="Table_33_generation_works_with_risk_difference_column"/>
    <testcase time="0.247999999999998" classname="table_33" name="Table_33_generation_works_with_risk_difference_column"/>
    <testcase time="0.140000000000001" classname="table_33" name="Table_33_generation_works_with_risk_difference_column"/>
    <testcase time="0.0390000000000015" classname="table_33" name="Table_33_generation_works_with_risk_difference_column">
      <skipped message="Reason: On CRAN ('test-table_33.R:50:3')"/>
    </testcase>
  </testsuite>
  <testsuite name="table_34" timestamp="2023-10-20T19:24:44Z" hostname="65e378887283" tests="12" skipped="3" failures="0" errors="0" time="6.311">
    <testcase time="0.0309999999999988" classname="table_34" name="Table_34_generation_works_with_default_values"/>
    <testcase time="0.0429999999999993" classname="table_34" name="Table_34_generation_works_with_default_values"/>
    <testcase time="1.784" classname="table_34" name="Table_34_generation_works_with_default_values"/>
    <testcase time="0.207999999999998" classname="table_34" name="Table_34_generation_works_with_default_values">
      <skipped message="Reason: On CRAN ('test-table_34.R:17:3')"/>
    </testcase>
    <testcase time="0.0210000000000008" classname="table_34" name="Table_34_generation_works_with_custom_values"/>
    <testcase time="0.0380000000000038" classname="table_34" name="Table_34_generation_works_with_custom_values"/>
    <testcase time="1.688" classname="table_34" name="Table_34_generation_works_with_custom_values"/>
    <testcase time="0.0889999999999986" classname="table_34" name="Table_34_generation_works_with_custom_values">
      <skipped message="Reason: On CRAN ('test-table_34.R:49:3')"/>
    </testcase>
    <testcase time="0.0200000000000031" classname="table_34" name="Table_34_generation_works_with_risk_difference_column"/>
    <testcase time="0.0429999999999993" classname="table_34" name="Table_34_generation_works_with_risk_difference_column"/>
    <testcase time="2.087" classname="table_34" name="Table_34_generation_works_with_risk_difference_column"/>
    <testcase time="0.259" classname="table_34" name="Table_34_generation_works_with_risk_difference_column">
      <skipped message="Reason: On CRAN ('test-table_34.R:57:3')"/>
    </testcase>
  </testsuite>
</testsuites>
