<?xml version="1.0" encoding="UTF-8"?>
<testsuites>
  <testsuite name="table_02" timestamp="2023-06-21T22:13:43Z" hostname="47471ea0051d" tests="9" skipped="3" failures="0" errors="0" time="2.046">
    <testcase time="0.069" classname="table_02" name="Table_02_generation_works_with_default_values"/>
    <testcase time="0.678" classname="table_02" name="Table_02_generation_works_with_default_values"/>
    <testcase time="0.256" classname="table_02" name="Table_02_generation_works_with_default_values">
      <skipped message="Reason: On CRAN ('test-table_02.R:16:3')"/>
    </testcase>
    <testcase time="0.0800000000000001" classname="table_02" name="Table_02_generation_works_with_custom_values"/>
    <testcase time="0.49" classname="table_02" name="Table_02_generation_works_with_custom_values"/>
    <testcase time="0.246" classname="table_02" name="Table_02_generation_works_with_custom_values">
      <skipped message="Reason: On CRAN ('test-table_02.R:45:3')"/>
    </testcase>
    <testcase time="0.0620000000000003" classname="table_02" name="Table_02_generation_works_with_some_NA_values"/>
    <testcase time="0.111" classname="table_02" name="Table_02_generation_works_with_some_NA_values"/>
    <testcase time="0.0540000000000003" classname="table_02" name="Table_02_generation_works_with_some_NA_values">
      <skipped message="Reason: On CRAN ('test-table_02.R:57:3')"/>
    </testcase>
  </testsuite>
  <testsuite name="table_05" timestamp="2023-06-21T22:13:45Z" hostname="47471ea0051d" tests="9" skipped="3" failures="0" errors="0" time="1.329">
    <testcase time="0.221" classname="table_05" name="Table_05_generation_works_with_default_values"/>
    <testcase time="0.327" classname="table_05" name="Table_05_generation_works_with_default_values"/>
    <testcase time="0.0789999999999997" classname="table_05" name="Table_05_generation_works_with_default_values">
      <skipped message="Reason: On CRAN ('test-table_05.R:10:3')"/>
    </testcase>
    <testcase time="0.016" classname="table_05" name="Table_05_generation_works_with_custom_values"/>
    <testcase time="0.288" classname="table_05" name="Table_05_generation_works_with_custom_values"/>
    <testcase time="0.093" classname="table_05" name="Table_05_generation_works_with_custom_values">
      <skipped message="Reason: On CRAN ('test-table_05.R:34:3')"/>
    </testcase>
    <testcase time="0.0179999999999998" classname="table_05" name="Table_05_generation_works_with_NA_values_pruned_rows"/>
    <testcase time="0.208" classname="table_05" name="Table_05_generation_works_with_NA_values_pruned_rows"/>
    <testcase time="0.0789999999999997" classname="table_05" name="Table_05_generation_works_with_NA_values_pruned_rows">
      <skipped message="Reason: On CRAN ('test-table_05.R:44:3')"/>
    </testcase>
  </testsuite>
  <testsuite name="table_06" timestamp="2023-06-21T22:13:46Z" hostname="47471ea0051d" tests="10" skipped="2" failures="0" errors="0" time="1.669">
    <testcase time="0.0360000000000005" classname="table_06" name="Table_06_generation_works_with_default_values"/>
    <testcase time="0.000999999999999446" classname="table_06" name="Table_06_generation_works_with_default_values"/>
    <testcase time="0.0680000000000005" classname="table_06" name="Table_06_generation_works_with_default_values"/>
    <testcase time="0.444999999999999" classname="table_06" name="Table_06_generation_works_with_default_values"/>
    <testcase time="0.103000000000001" classname="table_06" name="Table_06_generation_works_with_default_values">
      <skipped message="Reason: On CRAN ('test-table_06.R:8:3')"/>
    </testcase>
    <testcase time="0.0150000000000006" classname="table_06" name="Table_06_generation_works_with_custom_values"/>
    <testcase time="0.00199999999999978" classname="table_06" name="Table_06_generation_works_with_custom_values"/>
    <testcase time="0.0709999999999997" classname="table_06" name="Table_06_generation_works_with_custom_values"/>
    <testcase time="0.782999999999999" classname="table_06" name="Table_06_generation_works_with_custom_values"/>
    <testcase time="0.145000000000001" classname="table_06" name="Table_06_generation_works_with_custom_values">
      <skipped message="Reason: On CRAN ('test-table_06.R:40:3')"/>
    </testcase>
  </testsuite>
  <testsuite name="table_07" timestamp="2023-06-21T22:13:48Z" hostname="47471ea0051d" tests="18" skipped="3" failures="0" errors="0" time="1.765">
    <testcase time="0.0269999999999992" classname="table_07" name="Table_07_generation_works_with_default_values"/>
    <testcase time="0.000999999999999446" classname="table_07" name="Table_07_generation_works_with_default_values"/>
    <testcase time="0.00200000000000067" classname="table_07" name="Table_07_generation_works_with_default_values"/>
    <testcase time="0.0449999999999999" classname="table_07" name="Table_07_generation_works_with_default_values"/>
    <testcase time="0.356999999999999" classname="table_07" name="Table_07_generation_works_with_default_values"/>
    <testcase time="0.127000000000001" classname="table_07" name="Table_07_generation_works_with_default_values">
      <skipped message="Reason: On CRAN ('test-table_07.R:13:3')"/>
    </testcase>
    <testcase time="0.0150000000000006" classname="table_07" name="Table_07_generation_works_with_custom_values"/>
    <testcase time="0.00199999999999889" classname="table_07" name="Table_07_generation_works_with_custom_values"/>
    <testcase time="0.00100000000000122" classname="table_07" name="Table_07_generation_works_with_custom_values"/>
    <testcase time="0.0449999999999999" classname="table_07" name="Table_07_generation_works_with_custom_values"/>
    <testcase time="0.471" classname="table_07" name="Table_07_generation_works_with_custom_values"/>
    <testcase time="0.161999999999999" classname="table_07" name="Table_07_generation_works_with_custom_values">
      <skipped message="Reason: On CRAN ('test-table_07.R:42:3')"/>
    </testcase>
    <testcase time="0.016" classname="table_07" name="Table_07_generation_works_with_NA_values_pruned_rows"/>
    <testcase time="0.00100000000000122" classname="table_07" name="Table_07_generation_works_with_NA_values_pruned_rows"/>
    <testcase time="0.00199999999999889" classname="table_07" name="Table_07_generation_works_with_NA_values_pruned_rows"/>
    <testcase time="0.0460000000000012" classname="table_07" name="Table_07_generation_works_with_NA_values_pruned_rows"/>
    <testcase time="0.319999999999999" classname="table_07" name="Table_07_generation_works_with_NA_values_pruned_rows"/>
    <testcase time="0.125" classname="table_07" name="Table_07_generation_works_with_NA_values_pruned_rows">
      <skipped message="Reason: On CRAN ('test-table_07.R:52:3')"/>
    </testcase>
  </testsuite>
  <testsuite name="table_08" timestamp="2023-06-21T22:13:50Z" hostname="47471ea0051d" tests="8" skipped="2" failures="0" errors="0" time="0.458">
    <testcase time="0.0300000000000011" classname="table_08" name="Table_08_generation_works_with_default_values"/>
    <testcase time="0.000999999999999446" classname="table_08" name="Table_08_generation_works_with_default_values"/>
    <testcase time="0.0530000000000008" classname="table_08" name="Table_08_generation_works_with_default_values"/>
    <testcase time="0.122" classname="table_08" name="Table_08_generation_works_with_default_values">
      <skipped message="Reason: On CRAN ('test-table_08.R:10:3')"/>
    </testcase>
    <testcase time="0.016" classname="table_08" name="Table_08_generation_works_with_custom_values"/>
    <testcase time="0.000999999999999446" classname="table_08" name="Table_08_generation_works_with_custom_values"/>
    <testcase time="0.0470000000000006" classname="table_08" name="Table_08_generation_works_with_custom_values"/>
    <testcase time="0.187999999999999" classname="table_08" name="Table_08_generation_works_with_custom_values">
      <skipped message="Reason: On CRAN ('test-table_08.R:31:3')"/>
    </testcase>
  </testsuite>
  <testsuite name="table_09" timestamp="2023-06-21T22:13:50Z" hostname="47471ea0051d" tests="8" skipped="2" failures="0" errors="0" time="0.946">
    <testcase time="0.0210000000000008" classname="table_09" name="Table_09_generation_works_with_default_values"/>
    <testcase time="0.048" classname="table_09" name="Table_09_generation_works_with_default_values"/>
    <testcase time="0.299999999999999" classname="table_09" name="Table_09_generation_works_with_default_values"/>
    <testcase time="0.0679999999999996" classname="table_09" name="Table_09_generation_works_with_default_values">
      <skipped message="Reason: On CRAN ('test-table_09.R:8:3')"/>
    </testcase>
    <testcase time="0.016" classname="table_09" name="Table_09_generation_works_with_custom_values"/>
    <testcase time="0.0470000000000006" classname="table_09" name="Table_09_generation_works_with_custom_values"/>
    <testcase time="0.370999999999999" classname="table_09" name="Table_09_generation_works_with_custom_values"/>
    <testcase time="0.0749999999999993" classname="table_09" name="Table_09_generation_works_with_custom_values">
      <skipped message="Reason: On CRAN ('test-table_09.R:39:3')"/>
    </testcase>
  </testsuite>
  <testsuite name="table_13" timestamp="2023-06-21T22:13:51Z" hostname="47471ea0051d" tests="8" skipped="2" failures="0" errors="0" time="0.561">
    <testcase time="0.0210000000000008" classname="table_13" name="Table_13_generation_works_with_default_values"/>
    <testcase time="0.0589999999999993" classname="table_13" name="Table_13_generation_works_with_default_values"/>
    <testcase time="0.131" classname="table_13" name="Table_13_generation_works_with_default_values"/>
    <testcase time="0.0779999999999994" classname="table_13" name="Table_13_generation_works_with_default_values">
      <skipped message="Reason: On CRAN ('test-table_13.R:8:3')"/>
    </testcase>
    <testcase time="0.016" classname="table_13" name="Table_13_generation_works_with_custom_values"/>
    <testcase time="0.0579999999999998" classname="table_13" name="Table_13_generation_works_with_custom_values"/>
    <testcase time="0.145000000000001" classname="table_13" name="Table_13_generation_works_with_custom_values"/>
    <testcase time="0.052999999999999" classname="table_13" name="Table_13_generation_works_with_custom_values">
      <skipped message="Reason: On CRAN ('test-table_13.R:38:3')"/>
    </testcase>
  </testsuite>
  <testsuite name="table_14" timestamp="2023-06-21T22:13:52Z" hostname="47471ea0051d" tests="10" skipped="3" failures="0" errors="0" time="2.291">
    <testcase time="0.0329999999999995" classname="table_14" name="Table_14_generation_works_with_default_values"/>
    <testcase time="0.568000000000001" classname="table_14" name="Table_14_generation_works_with_default_values"/>
    <testcase time="0.154999999999999" classname="table_14" name="Table_14_generation_works_with_default_values">
      <skipped message="Reason: On CRAN ('test-table_14.R:16:3')"/>
    </testcase>
    <testcase time="0.0150000000000006" classname="table_14" name="Table_14_generation_works_with_custom_values"/>
    <testcase time="0.0579999999999998" classname="table_14" name="Table_14_generation_works_with_custom_values"/>
    <testcase time="0.602" classname="table_14" name="Table_14_generation_works_with_custom_values"/>
    <testcase time="0.155999999999999" classname="table_14" name="Table_14_generation_works_with_custom_values">
      <skipped message="Reason: On CRAN ('test-table_14.R:46:3')"/>
    </testcase>
    <testcase time="0.016" classname="table_14" name="Table_14_generation_works_with_NA_values_pruned_rows"/>
    <testcase time="0.573" classname="table_14" name="Table_14_generation_works_with_NA_values_pruned_rows"/>
    <testcase time="0.115" classname="table_14" name="Table_14_generation_works_with_NA_values_pruned_rows">
      <skipped message="Reason: On CRAN ('test-table_14.R:53:3')"/>
    </testcase>
  </testsuite>
  <testsuite name="table_20" timestamp="2023-06-21T22:13:54Z" hostname="47471ea0051d" tests="18" skipped="3" failures="0" errors="0" time="1.87">
    <testcase time="0.0259999999999998" classname="table_20" name="Table_20_generation_works_with_default_values"/>
    <testcase time="0.00200000000000067" classname="table_20" name="Table_20_generation_works_with_default_values"/>
    <testcase time="0.000999999999999446" classname="table_20" name="Table_20_generation_works_with_default_values"/>
    <testcase time="0.0500000000000007" classname="table_20" name="Table_20_generation_works_with_default_values"/>
    <testcase time="0.383999999999999" classname="table_20" name="Table_20_generation_works_with_default_values"/>
    <testcase time="0.0910000000000011" classname="table_20" name="Table_20_generation_works_with_default_values">
      <skipped message="Reason: On CRAN ('test-table_20.R:17:3')"/>
    </testcase>
    <testcase time="0.0149999999999988" classname="table_20" name="Table_20_generation_works_with_custom_values"/>
    <testcase time="0.00200000000000067" classname="table_20" name="Table_20_generation_works_with_custom_values"/>
    <testcase time="0.000999999999999446" classname="table_20" name="Table_20_generation_works_with_custom_values"/>
    <testcase time="0.0510000000000002" classname="table_20" name="Table_20_generation_works_with_custom_values"/>
    <testcase time="0.595000000000001" classname="table_20" name="Table_20_generation_works_with_custom_values"/>
    <testcase time="0.125999999999999" classname="table_20" name="Table_20_generation_works_with_custom_values">
      <skipped message="Reason: On CRAN ('test-table_20.R:65:3')"/>
    </testcase>
    <testcase time="0.016" classname="table_20" name="Table_20_generation_works_with_missing_values_pruned_rows"/>
    <testcase time="0.00200000000000067" classname="table_20" name="Table_20_generation_works_with_missing_values_pruned_rows"/>
    <testcase time="0.000999999999999446" classname="table_20" name="Table_20_generation_works_with_missing_values_pruned_rows"/>
    <testcase time="0.0500000000000007" classname="table_20" name="Table_20_generation_works_with_missing_values_pruned_rows"/>
    <testcase time="0.368999999999998" classname="table_20" name="Table_20_generation_works_with_missing_values_pruned_rows"/>
    <testcase time="0.088000000000001" classname="table_20" name="Table_20_generation_works_with_missing_values_pruned_rows">
      <skipped message="Reason: On CRAN ('test-table_20.R:74:3')"/>
    </testcase>
  </testsuite>
  <testsuite name="table_32" timestamp="2023-06-21T22:13:56Z" hostname="47471ea0051d" tests="12" skipped="3" failures="0" errors="0" time="0.815">
    <testcase time="0.022000000000002" classname="table_32" name="Table_32_generation_works_with_default_values"/>
    <testcase time="0.0719999999999992" classname="table_32" name="Table_32_generation_works_with_default_values"/>
    <testcase time="0.120999999999999" classname="table_32" name="Table_32_generation_works_with_default_values"/>
    <testcase time="0.0480000000000018" classname="table_32" name="Table_32_generation_works_with_default_values">
      <skipped message="Reason: On CRAN ('test-table_32.R:8:3')"/>
    </testcase>
    <testcase time="0.0159999999999982" classname="table_32" name="Table_32_generation_works_with_custom_values"/>
    <testcase time="0.083000000000002" classname="table_32" name="Table_32_generation_works_with_custom_values"/>
    <testcase time="0.146999999999998" classname="table_32" name="Table_32_generation_works_with_custom_values"/>
    <testcase time="0.0569999999999986" classname="table_32" name="Table_32_generation_works_with_custom_values">
      <skipped message="Reason: On CRAN ('test-table_32.R:30:3')"/>
    </testcase>
    <testcase time="0.0160000000000018" classname="table_32" name="Table_32_generation_works_with_pruned_rows"/>
    <testcase time="0.0609999999999999" classname="table_32" name="Table_32_generation_works_with_pruned_rows"/>
    <testcase time="0.135999999999999" classname="table_32" name="Table_32_generation_works_with_pruned_rows"/>
    <testcase time="0.0360000000000014" classname="table_32" name="Table_32_generation_works_with_pruned_rows">
      <skipped message="Reason: On CRAN ('test-table_32.R:37:3')"/>
    </testcase>
  </testsuite>
  <testsuite name="table_33" timestamp="2023-06-21T22:13:57Z" hostname="47471ea0051d" tests="12" skipped="3" failures="0" errors="0" time="1.364">
    <testcase time="0.0219999999999985" classname="table_33" name="Table_33_generation_works_with_default_values"/>
    <testcase time="0.295000000000002" classname="table_33" name="Table_33_generation_works_with_default_values"/>
    <testcase time="0.102999999999998" classname="table_33" name="Table_33_generation_works_with_default_values"/>
    <testcase time="0.0370000000000026" classname="table_33" name="Table_33_generation_works_with_default_values">
      <skipped message="Reason: On CRAN ('test-table_33.R:8:3')"/>
    </testcase>
    <testcase time="0.0169999999999995" classname="table_33" name="Table_33_generation_works_with_custom_values"/>
    <testcase time="0.282999999999998" classname="table_33" name="Table_33_generation_works_with_custom_values"/>
    <testcase time="0.134" classname="table_33" name="Table_33_generation_works_with_custom_values"/>
    <testcase time="0.0440000000000005" classname="table_33" name="Table_33_generation_works_with_custom_values">
      <skipped message="Reason: On CRAN ('test-table_33.R:34:3')"/>
    </testcase>
    <testcase time="0.0160000000000018" classname="table_33" name="Table_33_generation_works_with_pruned_rows"/>
    <testcase time="0.282" classname="table_33" name="Table_33_generation_works_with_pruned_rows"/>
    <testcase time="0.0990000000000002" classname="table_33" name="Table_33_generation_works_with_pruned_rows"/>
    <testcase time="0.032" classname="table_33" name="Table_33_generation_works_with_pruned_rows">
      <skipped message="Reason: On CRAN ('test-table_33.R:42:3')"/>
    </testcase>
  </testsuite>
</testsuites>
