<?xml version="1.0" encoding="UTF-8"?>
<testsuites>
  <testsuite name="table_02" timestamp="2023-06-21T21:54:28Z" hostname="49b0683eca9c" tests="9" skipped="3" failures="0" errors="0" time="1.762">
    <testcase time="0.0600000000000001" classname="table_02" name="Table_02_generation_works_with_default_values"/>
    <testcase time="0.579" classname="table_02" name="Table_02_generation_works_with_default_values"/>
    <testcase time="0.216" classname="table_02" name="Table_02_generation_works_with_default_values">
      <skipped message="Reason: On CRAN ('test-table_02.R:16:3')"/>
    </testcase>
    <testcase time="0.0700000000000003" classname="table_02" name="Table_02_generation_works_with_custom_values"/>
    <testcase time="0.429" classname="table_02" name="Table_02_generation_works_with_custom_values"/>
    <testcase time="0.212" classname="table_02" name="Table_02_generation_works_with_custom_values">
      <skipped message="Reason: On CRAN ('test-table_02.R:45:3')"/>
    </testcase>
    <testcase time="0.0550000000000006" classname="table_02" name="Table_02_generation_works_with_some_NA_values"/>
    <testcase time="0.0949999999999998" classname="table_02" name="Table_02_generation_works_with_some_NA_values"/>
    <testcase time="0.0460000000000003" classname="table_02" name="Table_02_generation_works_with_some_NA_values">
      <skipped message="Reason: On CRAN ('test-table_02.R:57:3')"/>
    </testcase>
  </testsuite>
  <testsuite name="table_05" timestamp="2023-06-21T21:54:30Z" hostname="49b0683eca9c" tests="9" skipped="3" failures="0" errors="0" time="1.15">
    <testcase time="0.188" classname="table_05" name="Table_05_generation_works_with_default_values"/>
    <testcase time="0.282" classname="table_05" name="Table_05_generation_works_with_default_values"/>
    <testcase time="0.069" classname="table_05" name="Table_05_generation_works_with_default_values">
      <skipped message="Reason: On CRAN ('test-table_05.R:10:3')"/>
    </testcase>
    <testcase time="0.0140000000000002" classname="table_05" name="Table_05_generation_works_with_custom_values"/>
    <testcase time="0.25" classname="table_05" name="Table_05_generation_works_with_custom_values"/>
    <testcase time="0.0800000000000001" classname="table_05" name="Table_05_generation_works_with_custom_values">
      <skipped message="Reason: On CRAN ('test-table_05.R:34:3')"/>
    </testcase>
    <testcase time="0.016" classname="table_05" name="Table_05_generation_works_with_NA_values_pruned_rows"/>
    <testcase time="0.183" classname="table_05" name="Table_05_generation_works_with_NA_values_pruned_rows"/>
    <testcase time="0.0679999999999996" classname="table_05" name="Table_05_generation_works_with_NA_values_pruned_rows">
      <skipped message="Reason: On CRAN ('test-table_05.R:44:3')"/>
    </testcase>
  </testsuite>
  <testsuite name="table_06" timestamp="2023-06-21T21:54:31Z" hostname="49b0683eca9c" tests="10" skipped="2" failures="0" errors="0" time="1.492">
    <testcase time="0.032" classname="table_06" name="Table_06_generation_works_with_default_values"/>
    <testcase time="0.00100000000000033" classname="table_06" name="Table_06_generation_works_with_default_values"/>
    <testcase time="0.0590000000000002" classname="table_06" name="Table_06_generation_works_with_default_values"/>
    <testcase time="0.386" classname="table_06" name="Table_06_generation_works_with_default_values"/>
    <testcase time="0.0899999999999999" classname="table_06" name="Table_06_generation_works_with_default_values">
      <skipped message="Reason: On CRAN ('test-table_06.R:8:3')"/>
    </testcase>
    <testcase time="0.0140000000000002" classname="table_06" name="Table_06_generation_works_with_custom_values"/>
    <testcase time="0.000999999999999446" classname="table_06" name="Table_06_generation_works_with_custom_values"/>
    <testcase time="0.0620000000000003" classname="table_06" name="Table_06_generation_works_with_custom_values"/>
    <testcase time="0.722" classname="table_06" name="Table_06_generation_works_with_custom_values"/>
    <testcase time="0.125" classname="table_06" name="Table_06_generation_works_with_custom_values">
      <skipped message="Reason: On CRAN ('test-table_06.R:40:3')"/>
    </testcase>
  </testsuite>
  <testsuite name="table_07" timestamp="2023-06-21T21:54:32Z" hostname="49b0683eca9c" tests="18" skipped="3" failures="0" errors="0" time="1.515">
    <testcase time="0.0220000000000002" classname="table_07" name="Table_07_generation_works_with_default_values"/>
    <testcase time="0.00199999999999978" classname="table_07" name="Table_07_generation_works_with_default_values"/>
    <testcase time="0.00100000000000033" classname="table_07" name="Table_07_generation_works_with_default_values"/>
    <testcase time="0.0380000000000003" classname="table_07" name="Table_07_generation_works_with_default_values"/>
    <testcase time="0.308" classname="table_07" name="Table_07_generation_works_with_default_values"/>
    <testcase time="0.112" classname="table_07" name="Table_07_generation_works_with_default_values">
      <skipped message="Reason: On CRAN ('test-table_07.R:13:3')"/>
    </testcase>
    <testcase time="0.0140000000000002" classname="table_07" name="Table_07_generation_works_with_custom_values"/>
    <testcase time="0.00100000000000033" classname="table_07" name="Table_07_generation_works_with_custom_values"/>
    <testcase time="0.000999999999999446" classname="table_07" name="Table_07_generation_works_with_custom_values"/>
    <testcase time="0.0390000000000006" classname="table_07" name="Table_07_generation_works_with_custom_values"/>
    <testcase time="0.403" classname="table_07" name="Table_07_generation_works_with_custom_values"/>
    <testcase time="0.139000000000001" classname="table_07" name="Table_07_generation_works_with_custom_values">
      <skipped message="Reason: On CRAN ('test-table_07.R:42:3')"/>
    </testcase>
    <testcase time="0.0139999999999993" classname="table_07" name="Table_07_generation_works_with_NA_values_pruned_rows"/>
    <testcase time="0.00200000000000067" classname="table_07" name="Table_07_generation_works_with_NA_values_pruned_rows"/>
    <testcase time="0.000999999999999446" classname="table_07" name="Table_07_generation_works_with_NA_values_pruned_rows"/>
    <testcase time="0.0389999999999997" classname="table_07" name="Table_07_generation_works_with_NA_values_pruned_rows"/>
    <testcase time="0.273" classname="table_07" name="Table_07_generation_works_with_NA_values_pruned_rows"/>
    <testcase time="0.106000000000002" classname="table_07" name="Table_07_generation_works_with_NA_values_pruned_rows">
      <skipped message="Reason: On CRAN ('test-table_07.R:52:3')"/>
    </testcase>
  </testsuite>
  <testsuite name="table_08" timestamp="2023-06-21T21:54:34Z" hostname="49b0683eca9c" tests="8" skipped="2" failures="0" errors="0" time="0.392">
    <testcase time="0.0259999999999998" classname="table_08" name="Table_08_generation_works_with_default_values"/>
    <testcase time="0.00199999999999889" classname="table_08" name="Table_08_generation_works_with_default_values"/>
    <testcase time="0.0449999999999999" classname="table_08" name="Table_08_generation_works_with_default_values"/>
    <testcase time="0.102" classname="table_08" name="Table_08_generation_works_with_default_values">
      <skipped message="Reason: On CRAN ('test-table_08.R:10:3')"/>
    </testcase>
    <testcase time="0.0129999999999999" classname="table_08" name="Table_08_generation_works_with_custom_values"/>
    <testcase time="0.00200000000000067" classname="table_08" name="Table_08_generation_works_with_custom_values"/>
    <testcase time="0.0389999999999997" classname="table_08" name="Table_08_generation_works_with_custom_values"/>
    <testcase time="0.163" classname="table_08" name="Table_08_generation_works_with_custom_values">
      <skipped message="Reason: On CRAN ('test-table_08.R:31:3')"/>
    </testcase>
  </testsuite>
  <testsuite name="table_09" timestamp="2023-06-21T21:54:34Z" hostname="49b0683eca9c" tests="8" skipped="2" failures="0" errors="0" time="0.821">
    <testcase time="0.0179999999999989" classname="table_09" name="Table_09_generation_works_with_default_values"/>
    <testcase time="0.0420000000000016" classname="table_09" name="Table_09_generation_works_with_default_values"/>
    <testcase time="0.263" classname="table_09" name="Table_09_generation_works_with_default_values"/>
    <testcase time="0.0589999999999993" classname="table_09" name="Table_09_generation_works_with_default_values">
      <skipped message="Reason: On CRAN ('test-table_09.R:8:3')"/>
    </testcase>
    <testcase time="0.0139999999999993" classname="table_09" name="Table_09_generation_works_with_custom_values"/>
    <testcase time="0.0410000000000004" classname="table_09" name="Table_09_generation_works_with_custom_values"/>
    <testcase time="0.319000000000001" classname="table_09" name="Table_09_generation_works_with_custom_values"/>
    <testcase time="0.0649999999999995" classname="table_09" name="Table_09_generation_works_with_custom_values">
      <skipped message="Reason: On CRAN ('test-table_09.R:39:3')"/>
    </testcase>
  </testsuite>
  <testsuite name="table_13" timestamp="2023-06-21T21:54:35Z" hostname="49b0683eca9c" tests="8" skipped="2" failures="0" errors="0" time="0.482">
    <testcase time="0.0180000000000007" classname="table_13" name="Table_13_generation_works_with_default_values"/>
    <testcase time="0.0499999999999989" classname="table_13" name="Table_13_generation_works_with_default_values"/>
    <testcase time="0.112" classname="table_13" name="Table_13_generation_works_with_default_values"/>
    <testcase time="0.0679999999999996" classname="table_13" name="Table_13_generation_works_with_default_values">
      <skipped message="Reason: On CRAN ('test-table_13.R:8:3')"/>
    </testcase>
    <testcase time="0.0140000000000011" classname="table_13" name="Table_13_generation_works_with_custom_values"/>
    <testcase time="0.0489999999999995" classname="table_13" name="Table_13_generation_works_with_custom_values"/>
    <testcase time="0.125999999999999" classname="table_13" name="Table_13_generation_works_with_custom_values"/>
    <testcase time="0.0449999999999999" classname="table_13" name="Table_13_generation_works_with_custom_values">
      <skipped message="Reason: On CRAN ('test-table_13.R:38:3')"/>
    </testcase>
  </testsuite>
  <testsuite name="table_14" timestamp="2023-06-21T21:54:35Z" hostname="49b0683eca9c" tests="10" skipped="3" failures="0" errors="0" time="1.975">
    <testcase time="0.0289999999999999" classname="table_14" name="Table_14_generation_works_with_default_values"/>
    <testcase time="0.496" classname="table_14" name="Table_14_generation_works_with_default_values"/>
    <testcase time="0.136000000000001" classname="table_14" name="Table_14_generation_works_with_default_values">
      <skipped message="Reason: On CRAN ('test-table_14.R:16:3')"/>
    </testcase>
    <testcase time="0.0139999999999993" classname="table_14" name="Table_14_generation_works_with_custom_values"/>
    <testcase time="0.0500000000000007" classname="table_14" name="Table_14_generation_works_with_custom_values"/>
    <testcase time="0.514999999999999" classname="table_14" name="Table_14_generation_works_with_custom_values"/>
    <testcase time="0.135" classname="table_14" name="Table_14_generation_works_with_custom_values">
      <skipped message="Reason: On CRAN ('test-table_14.R:46:3')"/>
    </testcase>
    <testcase time="0.0129999999999999" classname="table_14" name="Table_14_generation_works_with_NA_values_pruned_rows"/>
    <testcase time="0.489000000000001" classname="table_14" name="Table_14_generation_works_with_NA_values_pruned_rows"/>
    <testcase time="0.0980000000000008" classname="table_14" name="Table_14_generation_works_with_NA_values_pruned_rows">
      <skipped message="Reason: On CRAN ('test-table_14.R:53:3')"/>
    </testcase>
  </testsuite>
  <testsuite name="table_20" timestamp="2023-06-21T21:54:37Z" hostname="49b0683eca9c" tests="18" skipped="3" failures="0" errors="0" time="1.616">
    <testcase time="0.0229999999999997" classname="table_20" name="Table_20_generation_works_with_default_values"/>
    <testcase time="0.000999999999999446" classname="table_20" name="Table_20_generation_works_with_default_values"/>
    <testcase time="0.00100000000000122" classname="table_20" name="Table_20_generation_works_with_default_values"/>
    <testcase time="0.0439999999999987" classname="table_20" name="Table_20_generation_works_with_default_values"/>
    <testcase time="0.334000000000001" classname="table_20" name="Table_20_generation_works_with_default_values"/>
    <testcase time="0.0779999999999994" classname="table_20" name="Table_20_generation_works_with_default_values">
      <skipped message="Reason: On CRAN ('test-table_20.R:17:3')"/>
    </testcase>
    <testcase time="0.0129999999999999" classname="table_20" name="Table_20_generation_works_with_custom_values"/>
    <testcase time="0.000999999999999446" classname="table_20" name="Table_20_generation_works_with_custom_values"/>
    <testcase time="0.00200000000000067" classname="table_20" name="Table_20_generation_works_with_custom_values"/>
    <testcase time="0.0440000000000005" classname="table_20" name="Table_20_generation_works_with_custom_values"/>
    <testcase time="0.507" classname="table_20" name="Table_20_generation_works_with_custom_values"/>
    <testcase time="0.110000000000001" classname="table_20" name="Table_20_generation_works_with_custom_values">
      <skipped message="Reason: On CRAN ('test-table_20.R:65:3')"/>
    </testcase>
    <testcase time="0.0139999999999993" classname="table_20" name="Table_20_generation_works_with_missing_values_pruned_rows"/>
    <testcase time="0.000999999999999446" classname="table_20" name="Table_20_generation_works_with_missing_values_pruned_rows"/>
    <testcase time="0.00200000000000067" classname="table_20" name="Table_20_generation_works_with_missing_values_pruned_rows"/>
    <testcase time="0.0429999999999993" classname="table_20" name="Table_20_generation_works_with_missing_values_pruned_rows"/>
    <testcase time="0.321" classname="table_20" name="Table_20_generation_works_with_missing_values_pruned_rows"/>
    <testcase time="0.077" classname="table_20" name="Table_20_generation_works_with_missing_values_pruned_rows">
      <skipped message="Reason: On CRAN ('test-table_20.R:74:3')"/>
    </testcase>
  </testsuite>
  <testsuite name="table_32" timestamp="2023-06-21T21:54:39Z" hostname="49b0683eca9c" tests="12" skipped="3" failures="0" errors="0" time="0.716">
    <testcase time="0.0190000000000001" classname="table_32" name="Table_32_generation_works_with_default_values"/>
    <testcase time="0.0650000000000013" classname="table_32" name="Table_32_generation_works_with_default_values"/>
    <testcase time="0.103999999999999" classname="table_32" name="Table_32_generation_works_with_default_values"/>
    <testcase time="0.0429999999999993" classname="table_32" name="Table_32_generation_works_with_default_values">
      <skipped message="Reason: On CRAN ('test-table_32.R:8:3')"/>
    </testcase>
    <testcase time="0.0140000000000011" classname="table_32" name="Table_32_generation_works_with_custom_values"/>
    <testcase time="0.0760000000000005" classname="table_32" name="Table_32_generation_works_with_custom_values"/>
    <testcase time="0.128" classname="table_32" name="Table_32_generation_works_with_custom_values"/>
    <testcase time="0.0499999999999989" classname="table_32" name="Table_32_generation_works_with_custom_values">
      <skipped message="Reason: On CRAN ('test-table_32.R:30:3')"/>
    </testcase>
    <testcase time="0.0139999999999993" classname="table_32" name="Table_32_generation_works_with_pruned_rows"/>
    <testcase time="0.0530000000000008" classname="table_32" name="Table_32_generation_works_with_pruned_rows"/>
    <testcase time="0.119" classname="table_32" name="Table_32_generation_works_with_pruned_rows"/>
    <testcase time="0.0310000000000006" classname="table_32" name="Table_32_generation_works_with_pruned_rows">
      <skipped message="Reason: On CRAN ('test-table_32.R:37:3')"/>
    </testcase>
  </testsuite>
  <testsuite name="table_33" timestamp="2023-06-21T21:54:40Z" hostname="49b0683eca9c" tests="12" skipped="3" failures="0" errors="0" time="1.177">
    <testcase time="0.0190000000000001" classname="table_33" name="Table_33_generation_works_with_default_values"/>
    <testcase time="0.253" classname="table_33" name="Table_33_generation_works_with_default_values"/>
    <testcase time="0.0899999999999999" classname="table_33" name="Table_33_generation_works_with_default_values"/>
    <testcase time="0.0329999999999995" classname="table_33" name="Table_33_generation_works_with_default_values">
      <skipped message="Reason: On CRAN ('test-table_33.R:8:3')"/>
    </testcase>
    <testcase time="0.0139999999999993" classname="table_33" name="Table_33_generation_works_with_custom_values"/>
    <testcase time="0.24" classname="table_33" name="Table_33_generation_works_with_custom_values"/>
    <testcase time="0.120000000000001" classname="table_33" name="Table_33_generation_works_with_custom_values"/>
    <testcase time="0.0380000000000003" classname="table_33" name="Table_33_generation_works_with_custom_values">
      <skipped message="Reason: On CRAN ('test-table_33.R:34:3')"/>
    </testcase>
    <testcase time="0.0149999999999988" classname="table_33" name="Table_33_generation_works_with_pruned_rows"/>
    <testcase time="0.239000000000001" classname="table_33" name="Table_33_generation_works_with_pruned_rows"/>
    <testcase time="0.0879999999999992" classname="table_33" name="Table_33_generation_works_with_pruned_rows"/>
    <testcase time="0.0280000000000005" classname="table_33" name="Table_33_generation_works_with_pruned_rows">
      <skipped message="Reason: On CRAN ('test-table_33.R:42:3')"/>
    </testcase>
  </testsuite>
</testsuites>
