<?xml version="1.0" encoding="UTF-8"?>
<testsuites>
  <testsuite name="table_02" timestamp="2023-06-27T13:26:24Z" hostname="7b905cb7201e" tests="9" skipped="3" failures="0" errors="0" time="2.607">
    <testcase time="0.0760000000000001" classname="table_02" name="Table_02_generation_works_with_default_values"/>
    <testcase time="0.869" classname="table_02" name="Table_02_generation_works_with_default_values"/>
    <testcase time="0.324" classname="table_02" name="Table_02_generation_works_with_default_values">
      <skipped message="Reason: On CRAN ('test-table_02.R:16:3')"/>
    </testcase>
    <testcase time="0.137" classname="table_02" name="Table_02_generation_works_with_custom_values"/>
    <testcase time="0.583" classname="table_02" name="Table_02_generation_works_with_custom_values"/>
    <testcase time="0.334000000000001" classname="table_02" name="Table_02_generation_works_with_custom_values">
      <skipped message="Reason: On CRAN ('test-table_02.R:45:3')"/>
    </testcase>
    <testcase time="0.0819999999999999" classname="table_02" name="Table_02_generation_works_with_some_NA_values"/>
    <testcase time="0.133999999999999" classname="table_02" name="Table_02_generation_works_with_some_NA_values"/>
    <testcase time="0.0680000000000005" classname="table_02" name="Table_02_generation_works_with_some_NA_values">
      <skipped message="Reason: On CRAN ('test-table_02.R:57:3')"/>
    </testcase>
  </testsuite>
  <testsuite name="table_05" timestamp="2023-06-27T13:26:27Z" hostname="7b905cb7201e" tests="9" skipped="3" failures="0" errors="0" time="1.662">
    <testcase time="0.246" classname="table_05" name="Table_05_generation_works_with_default_values"/>
    <testcase time="0.396" classname="table_05" name="Table_05_generation_works_with_default_values"/>
    <testcase time="0.108000000000001" classname="table_05" name="Table_05_generation_works_with_default_values">
      <skipped message="Reason: On CRAN ('test-table_05.R:10:3')"/>
    </testcase>
    <testcase time="0.024" classname="table_05" name="Table_05_generation_works_with_custom_values"/>
    <testcase time="0.371" classname="table_05" name="Table_05_generation_works_with_custom_values"/>
    <testcase time="0.127" classname="table_05" name="Table_05_generation_works_with_custom_values">
      <skipped message="Reason: On CRAN ('test-table_05.R:34:3')"/>
    </testcase>
    <testcase time="0.0250000000000004" classname="table_05" name="Table_05_generation_works_with_NA_values_pruned_rows"/>
    <testcase time="0.258999999999999" classname="table_05" name="Table_05_generation_works_with_NA_values_pruned_rows"/>
    <testcase time="0.106" classname="table_05" name="Table_05_generation_works_with_NA_values_pruned_rows">
      <skipped message="Reason: On CRAN ('test-table_05.R:44:3')"/>
    </testcase>
  </testsuite>
  <testsuite name="table_06" timestamp="2023-06-27T13:26:29Z" hostname="7b905cb7201e" tests="10" skipped="2" failures="0" errors="0" time="2.103">
    <testcase time="0.0460000000000012" classname="table_06" name="Table_06_generation_works_with_default_values"/>
    <testcase time="0.00199999999999889" classname="table_06" name="Table_06_generation_works_with_default_values"/>
    <testcase time="0.0790000000000006" classname="table_06" name="Table_06_generation_works_with_default_values"/>
    <testcase time="0.545" classname="table_06" name="Table_06_generation_works_with_default_values"/>
    <testcase time="0.144" classname="table_06" name="Table_06_generation_works_with_default_values">
      <skipped message="Reason: On CRAN ('test-table_06.R:8:3')"/>
    </testcase>
    <testcase time="0.0220000000000002" classname="table_06" name="Table_06_generation_works_with_custom_values"/>
    <testcase time="0.00199999999999889" classname="table_06" name="Table_06_generation_works_with_custom_values"/>
    <testcase time="0.0730000000000004" classname="table_06" name="Table_06_generation_works_with_custom_values"/>
    <testcase time="0.995000000000001" classname="table_06" name="Table_06_generation_works_with_custom_values"/>
    <testcase time="0.194999999999999" classname="table_06" name="Table_06_generation_works_with_custom_values">
      <skipped message="Reason: On CRAN ('test-table_06.R:40:3')"/>
    </testcase>
  </testsuite>
  <testsuite name="table_07" timestamp="2023-06-27T13:26:31Z" hostname="7b905cb7201e" tests="18" skipped="3" failures="0" errors="0" time="2.247">
    <testcase time="0.0310000000000006" classname="table_07" name="Table_07_generation_works_with_default_values"/>
    <testcase time="0.00200000000000067" classname="table_07" name="Table_07_generation_works_with_default_values"/>
    <testcase time="0.000999999999999446" classname="table_07" name="Table_07_generation_works_with_default_values"/>
    <testcase time="0.0540000000000003" classname="table_07" name="Table_07_generation_works_with_default_values"/>
    <testcase time="0.43" classname="table_07" name="Table_07_generation_works_with_default_values"/>
    <testcase time="0.176" classname="table_07" name="Table_07_generation_works_with_default_values">
      <skipped message="Reason: On CRAN ('test-table_07.R:13:3')"/>
    </testcase>
    <testcase time="0.0210000000000008" classname="table_07" name="Table_07_generation_works_with_custom_values"/>
    <testcase time="0.00199999999999889" classname="table_07" name="Table_07_generation_works_with_custom_values"/>
    <testcase time="0.00100000000000122" classname="table_07" name="Table_07_generation_works_with_custom_values"/>
    <testcase time="0.0549999999999997" classname="table_07" name="Table_07_generation_works_with_custom_values"/>
    <testcase time="0.603" classname="table_07" name="Table_07_generation_works_with_custom_values"/>
    <testcase time="0.219999999999999" classname="table_07" name="Table_07_generation_works_with_custom_values">
      <skipped message="Reason: On CRAN ('test-table_07.R:42:3')"/>
    </testcase>
    <testcase time="0.0210000000000008" classname="table_07" name="Table_07_generation_works_with_NA_values_pruned_rows"/>
    <testcase time="0.00200000000000067" classname="table_07" name="Table_07_generation_works_with_NA_values_pruned_rows"/>
    <testcase time="0.00199999999999889" classname="table_07" name="Table_07_generation_works_with_NA_values_pruned_rows"/>
    <testcase time="0.0549999999999997" classname="table_07" name="Table_07_generation_works_with_NA_values_pruned_rows"/>
    <testcase time="0.391" classname="table_07" name="Table_07_generation_works_with_NA_values_pruned_rows"/>
    <testcase time="0.180000000000001" classname="table_07" name="Table_07_generation_works_with_NA_values_pruned_rows">
      <skipped message="Reason: On CRAN ('test-table_07.R:52:3')"/>
    </testcase>
  </testsuite>
  <testsuite name="table_08" timestamp="2023-06-27T13:26:33Z" hostname="7b905cb7201e" tests="8" skipped="2" failures="0" errors="0" time="0.583">
    <testcase time="0.0289999999999999" classname="table_08" name="Table_08_generation_works_with_default_values"/>
    <testcase time="0.00199999999999889" classname="table_08" name="Table_08_generation_works_with_default_values"/>
    <testcase time="0.0590000000000011" classname="table_08" name="Table_08_generation_works_with_default_values"/>
    <testcase time="0.167999999999999" classname="table_08" name="Table_08_generation_works_with_default_values">
      <skipped message="Reason: On CRAN ('test-table_08.R:10:3')"/>
    </testcase>
    <testcase time="0.0229999999999997" classname="table_08" name="Table_08_generation_works_with_custom_values"/>
    <testcase time="0.00200000000000067" classname="table_08" name="Table_08_generation_works_with_custom_values"/>
    <testcase time="0.0549999999999997" classname="table_08" name="Table_08_generation_works_with_custom_values"/>
    <testcase time="0.244999999999999" classname="table_08" name="Table_08_generation_works_with_custom_values">
      <skipped message="Reason: On CRAN ('test-table_08.R:31:3')"/>
    </testcase>
  </testsuite>
  <testsuite name="table_09" timestamp="2023-06-27T13:26:34Z" hostname="7b905cb7201e" tests="8" skipped="2" failures="0" errors="0" time="1.243">
    <testcase time="0.0330000000000013" classname="table_09" name="Table_09_generation_works_with_default_values"/>
    <testcase time="0.0549999999999997" classname="table_09" name="Table_09_generation_works_with_default_values"/>
    <testcase time="0.382" classname="table_09" name="Table_09_generation_works_with_default_values"/>
    <testcase time="0.0990000000000002" classname="table_09" name="Table_09_generation_works_with_default_values">
      <skipped message="Reason: On CRAN ('test-table_09.R:8:3')"/>
    </testcase>
    <testcase time="0.0540000000000003" classname="table_09" name="Table_09_generation_works_with_custom_values"/>
    <testcase time="0.0579999999999998" classname="table_09" name="Table_09_generation_works_with_custom_values"/>
    <testcase time="0.458" classname="table_09" name="Table_09_generation_works_with_custom_values"/>
    <testcase time="0.103999999999999" classname="table_09" name="Table_09_generation_works_with_custom_values">
      <skipped message="Reason: On CRAN ('test-table_09.R:39:3')"/>
    </testcase>
  </testsuite>
  <testsuite name="table_13" timestamp="2023-06-27T13:26:35Z" hostname="7b905cb7201e" tests="8" skipped="2" failures="0" errors="0" time="0.711">
    <testcase time="0.0289999999999999" classname="table_13" name="Table_13_generation_works_with_default_values"/>
    <testcase time="0.0680000000000014" classname="table_13" name="Table_13_generation_works_with_default_values"/>
    <testcase time="0.167999999999999" classname="table_13" name="Table_13_generation_works_with_default_values"/>
    <testcase time="0.093" classname="table_13" name="Table_13_generation_works_with_default_values">
      <skipped message="Reason: On CRAN ('test-table_13.R:8:3')"/>
    </testcase>
    <testcase time="0.0210000000000008" classname="table_13" name="Table_13_generation_works_with_custom_values"/>
    <testcase time="0.0659999999999989" classname="table_13" name="Table_13_generation_works_with_custom_values"/>
    <testcase time="0.189" classname="table_13" name="Table_13_generation_works_with_custom_values"/>
    <testcase time="0.077" classname="table_13" name="Table_13_generation_works_with_custom_values">
      <skipped message="Reason: On CRAN ('test-table_13.R:38:3')"/>
    </testcase>
  </testsuite>
  <testsuite name="table_14" timestamp="2023-06-27T13:26:36Z" hostname="7b905cb7201e" tests="10" skipped="3" failures="0" errors="0" time="2.872">
    <testcase time="0.0389999999999997" classname="table_14" name="Table_14_generation_works_with_default_values"/>
    <testcase time="0.704000000000001" classname="table_14" name="Table_14_generation_works_with_default_values"/>
    <testcase time="0.202999999999999" classname="table_14" name="Table_14_generation_works_with_default_values">
      <skipped message="Reason: On CRAN ('test-table_14.R:16:3')"/>
    </testcase>
    <testcase time="0.0220000000000002" classname="table_14" name="Table_14_generation_works_with_custom_values"/>
    <testcase time="0.0649999999999995" classname="table_14" name="Table_14_generation_works_with_custom_values"/>
    <testcase time="0.743" classname="table_14" name="Table_14_generation_works_with_custom_values"/>
    <testcase time="0.208000000000002" classname="table_14" name="Table_14_generation_works_with_custom_values">
      <skipped message="Reason: On CRAN ('test-table_14.R:46:3')"/>
    </testcase>
    <testcase time="0.0219999999999985" classname="table_14" name="Table_14_generation_works_with_NA_values_pruned_rows"/>
    <testcase time="0.707999999999998" classname="table_14" name="Table_14_generation_works_with_NA_values_pruned_rows"/>
    <testcase time="0.158000000000001" classname="table_14" name="Table_14_generation_works_with_NA_values_pruned_rows">
      <skipped message="Reason: On CRAN ('test-table_14.R:53:3')"/>
    </testcase>
  </testsuite>
  <testsuite name="table_20" timestamp="2023-06-27T13:26:38Z" hostname="7b905cb7201e" tests="18" skipped="3" failures="0" errors="0" time="2.428">
    <testcase time="0.0350000000000001" classname="table_20" name="Table_20_generation_works_with_default_values"/>
    <testcase time="0.00199999999999889" classname="table_20" name="Table_20_generation_works_with_default_values"/>
    <testcase time="0.00100000000000122" classname="table_20" name="Table_20_generation_works_with_default_values"/>
    <testcase time="0.0629999999999988" classname="table_20" name="Table_20_generation_works_with_default_values"/>
    <testcase time="0.485000000000003" classname="table_20" name="Table_20_generation_works_with_default_values"/>
    <testcase time="0.123999999999999" classname="table_20" name="Table_20_generation_works_with_default_values">
      <skipped message="Reason: On CRAN ('test-table_20.R:17:3')"/>
    </testcase>
    <testcase time="0.0239999999999974" classname="table_20" name="Table_20_generation_works_with_custom_values"/>
    <testcase time="0.00200000000000244" classname="table_20" name="Table_20_generation_works_with_custom_values"/>
    <testcase time="0.000999999999997669" classname="table_20" name="Table_20_generation_works_with_custom_values"/>
    <testcase time="0.0660000000000025" classname="table_20" name="Table_20_generation_works_with_custom_values"/>
    <testcase time="0.774999999999999" classname="table_20" name="Table_20_generation_works_with_custom_values"/>
    <testcase time="0.178000000000001" classname="table_20" name="Table_20_generation_works_with_custom_values">
      <skipped message="Reason: On CRAN ('test-table_20.R:65:3')"/>
    </testcase>
    <testcase time="0.0249999999999986" classname="table_20" name="Table_20_generation_works_with_missing_values_pruned_rows"/>
    <testcase time="0.00199999999999889" classname="table_20" name="Table_20_generation_works_with_missing_values_pruned_rows"/>
    <testcase time="0.00200000000000244" classname="table_20" name="Table_20_generation_works_with_missing_values_pruned_rows"/>
    <testcase time="0.0599999999999987" classname="table_20" name="Table_20_generation_works_with_missing_values_pruned_rows"/>
    <testcase time="0.462" classname="table_20" name="Table_20_generation_works_with_missing_values_pruned_rows"/>
    <testcase time="0.121000000000002" classname="table_20" name="Table_20_generation_works_with_missing_values_pruned_rows">
      <skipped message="Reason: On CRAN ('test-table_20.R:74:3')"/>
    </testcase>
  </testsuite>
  <testsuite name="table_32" timestamp="2023-06-27T13:26:41Z" hostname="7b905cb7201e" tests="12" skipped="3" failures="0" errors="0" time="1.003">
    <testcase time="0.0279999999999987" classname="table_32" name="Table_32_generation_works_with_default_values"/>
    <testcase time="0.0799999999999983" classname="table_32" name="Table_32_generation_works_with_default_values"/>
    <testcase time="0.149000000000001" classname="table_32" name="Table_32_generation_works_with_default_values"/>
    <testcase time="0.0640000000000001" classname="table_32" name="Table_32_generation_works_with_default_values">
      <skipped message="Reason: On CRAN ('test-table_32.R:8:3')"/>
    </testcase>
    <testcase time="0.022000000000002" classname="table_32" name="Table_32_generation_works_with_custom_values"/>
    <testcase time="0.0889999999999986" classname="table_32" name="Table_32_generation_works_with_custom_values"/>
    <testcase time="0.183" classname="table_32" name="Table_32_generation_works_with_custom_values"/>
    <testcase time="0.0779999999999994" classname="table_32" name="Table_32_generation_works_with_custom_values">
      <skipped message="Reason: On CRAN ('test-table_32.R:30:3')"/>
    </testcase>
    <testcase time="0.022000000000002" classname="table_32" name="Table_32_generation_works_with_pruned_rows"/>
    <testcase time="0.0829999999999984" classname="table_32" name="Table_32_generation_works_with_pruned_rows"/>
    <testcase time="0.152999999999999" classname="table_32" name="Table_32_generation_works_with_pruned_rows"/>
    <testcase time="0.0520000000000032" classname="table_32" name="Table_32_generation_works_with_pruned_rows">
      <skipped message="Reason: On CRAN ('test-table_32.R:37:3')"/>
    </testcase>
  </testsuite>
  <testsuite name="table_33" timestamp="2023-06-27T13:26:42Z" hostname="7b905cb7201e" tests="12" skipped="3" failures="0" errors="0" time="1.972">
    <testcase time="0.0299999999999976" classname="table_33" name="Table_33_generation_works_with_default_values"/>
    <testcase time="0.437000000000001" classname="table_33" name="Table_33_generation_works_with_default_values"/>
    <testcase time="0.126000000000001" classname="table_33" name="Table_33_generation_works_with_default_values"/>
    <testcase time="0.0479999999999983" classname="table_33" name="Table_33_generation_works_with_default_values">
      <skipped message="Reason: On CRAN ('test-table_33.R:8:3')"/>
    </testcase>
    <testcase time="0.0219999999999985" classname="table_33" name="Table_33_generation_works_with_custom_values"/>
    <testcase time="0.426000000000002" classname="table_33" name="Table_33_generation_works_with_custom_values"/>
    <testcase time="0.181999999999999" classname="table_33" name="Table_33_generation_works_with_custom_values"/>
    <testcase time="0.0620000000000012" classname="table_33" name="Table_33_generation_works_with_custom_values">
      <skipped message="Reason: On CRAN ('test-table_33.R:34:3')"/>
    </testcase>
    <testcase time="0.0249999999999986" classname="table_33" name="Table_33_generation_works_with_pruned_rows"/>
    <testcase time="0.440000000000001" classname="table_33" name="Table_33_generation_works_with_pruned_rows"/>
    <testcase time="0.132000000000001" classname="table_33" name="Table_33_generation_works_with_pruned_rows"/>
    <testcase time="0.041999999999998" classname="table_33" name="Table_33_generation_works_with_pruned_rows">
      <skipped message="Reason: On CRAN ('test-table_33.R:42:3')"/>
    </testcase>
  </testsuite>
</testsuites>
