<?xml version="1.0" encoding="UTF-8"?>
<testsuites>
  <testsuite name="falcon" timestamp="2023-04-06T07:42:09Z" hostname="1397cac28d06" tests="1" skipped="0" failures="0" errors="0" time="0.021">
    <testcase time="0.0209999999999999" classname="falcon" name="dummy_test"/>
  </testsuite>
</testsuites>
