<?xml version="1.0" encoding="UTF-8"?>
<testsuites>
  <testsuite name="falcon" timestamp="2023-03-31T09:55:53Z" hostname="212e6f490c02" tests="1" skipped="0" failures="0" errors="0" time="0.023">
    <testcase time="0.0230000000000001" classname="falcon" name="dummy_test"/>
  </testsuite>
</testsuites>
