<?xml version="1.0" encoding="UTF-8"?>
<testsuites>
  <testsuite name="falcon" timestamp="2023-04-05T15:21:18Z" hostname="625b145062ab" tests="1" skipped="0" failures="0" errors="0" time="0.026">
    <testcase time="0.0259999999999998" classname="falcon" name="dummy_test"/>
  </testsuite>
</testsuites>
