<?xml version="1.0" encoding="UTF-8"?>
<testsuites>
  <testsuite name="table_02" timestamp="2023-11-09T02:08:16Z" hostname="bed241769d7a" tests="30" skipped="10" failures="0" errors="0" time="16.92">
    <testcase time="0.0939999999999999" classname="table_02" name="Table_02_generation_works_with_default_values"/>
    <testcase time="0.547" classname="table_02" name="Table_02_generation_works_with_default_values"/>
    <testcase time="0.262" classname="table_02" name="Table_02_generation_works_with_default_values">
      <skipped message="Reason: On CRAN ('test-table_02.R:16:3')"/>
    </testcase>
    <testcase time="0.0900000000000007" classname="table_02" name="Table_02_generation_works_with_custom_values"/>
    <testcase time="0.436" classname="table_02" name="Table_02_generation_works_with_custom_values"/>
    <testcase time="0.262" classname="table_02" name="Table_02_generation_works_with_custom_values">
      <skipped message="Reason: On CRAN ('test-table_02.R:45:3')"/>
    </testcase>
    <testcase time="0.077" classname="table_02" name="Table_02_generation_works_with_some_NA_values"/>
    <testcase time="0.114" classname="table_02" name="Table_02_generation_works_with_some_NA_values"/>
    <testcase time="0.0570000000000004" classname="table_02" name="Table_02_generation_works_with_some_NA_values">
      <skipped message="Reason: On CRAN ('test-table_02.R:57:3')"/>
    </testcase>
    <testcase time="0.024" classname="table_02" name="Table_02_generation_tplyr_works_with_default_values"/>
    <testcase time="2.05" classname="table_02" name="Table_02_generation_tplyr_works_with_default_values"/>
    <testcase time="0.04" classname="table_02" name="Table_02_generation_tplyr_works_with_default_values">
      <skipped message="Reason: On CRAN ('test-table_02.R:66:3')"/>
    </testcase>
    <testcase time="0.0229999999999997" classname="table_02" name="Table_02_generation_tplyr_works_with_tplyr_raw_TRUE"/>
    <testcase time="1.234" classname="table_02" name="Table_02_generation_tplyr_works_with_tplyr_raw_TRUE"/>
    <testcase time="0.0280000000000005" classname="table_02" name="Table_02_generation_tplyr_works_with_tplyr_raw_TRUE">
      <skipped message="Reason: On CRAN ('test-table_02.R:75:3')"/>
    </testcase>
    <testcase time="0.0549999999999997" classname="table_02" name="Table_02_generation_tplyr_works_with_custom_values"/>
    <testcase time="1.917" classname="table_02" name="Table_02_generation_tplyr_works_with_custom_values"/>
    <testcase time="0.027000000000001" classname="table_02" name="Table_02_generation_tplyr_works_with_custom_values">
      <skipped message="Reason: On CRAN ('test-table_02.R:102:3')"/>
    </testcase>
    <testcase time="0.0459999999999994" classname="table_02" name="Table_02_generation_tplyr_works_with_some_NA_values"/>
    <testcase time="0.791" classname="table_02" name="Table_02_generation_tplyr_works_with_some_NA_values"/>
    <testcase time="0.0259999999999998" classname="table_02" name="Table_02_generation_tplyr_works_with_some_NA_values">
      <skipped message="Reason: On CRAN ('test-table_02.R:119:3')"/>
    </testcase>
    <testcase time="0.0220000000000002" classname="table_02" name="Table_02_generation_gtsum_works_with_default_values"/>
    <testcase time="3.477" classname="table_02" name="Table_02_generation_gtsum_works_with_default_values"/>
    <testcase time="0.00999999999999979" classname="table_02" name="Table_02_generation_gtsum_works_with_default_values">
      <skipped message="Reason: On CRAN ('test-table_02.R:128:3')"/>
    </testcase>
    <testcase time="0.0570000000000004" classname="table_02" name="Table_02_generation_gtsum_works_with_custom_values"/>
    <testcase time="3.81" classname="table_02" name="Table_02_generation_gtsum_works_with_custom_values"/>
    <testcase time="0.00999999999999801" classname="table_02" name="Table_02_generation_gtsum_works_with_custom_values">
      <skipped message="Reason: On CRAN ('test-table_02.R:146:3')"/>
    </testcase>
    <testcase time="0.0480000000000018" classname="table_02" name="Table_02_generation_gtsum_works_with_some_NA_values"/>
    <testcase time="1.276" classname="table_02" name="Table_02_generation_gtsum_works_with_some_NA_values"/>
    <testcase time="0.0100000000000016" classname="table_02" name="Table_02_generation_gtsum_works_with_some_NA_values">
      <skipped message="Reason: On CRAN ('test-table_02.R:160:3')"/>
    </testcase>
  </testsuite>
  <testsuite name="table_03" timestamp="2023-11-09T02:08:33Z" hostname="bed241769d7a" tests="8" skipped="2" failures="0" errors="0" time="0.942">
    <testcase time="0.0409999999999968" classname="table_03" name="Table_3_generation_works_with_default_values"/>
    <testcase time="0.00200000000000244" classname="table_03" name="Table_3_generation_works_with_default_values"/>
    <testcase time="0.379999999999999" classname="table_03" name="Table_3_generation_works_with_default_values"/>
    <testcase time="0.0599999999999987" classname="table_03" name="Table_3_generation_works_with_default_values">
      <skipped message="Reason: On CRAN ('test-table_03.R:21:3')"/>
    </testcase>
    <testcase time="0.022000000000002" classname="table_03" name="Table_3_generation_works_with_custom_values"/>
    <testcase time="0.00199999999999889" classname="table_03" name="Table_3_generation_works_with_custom_values"/>
    <testcase time="0.347999999999999" classname="table_03" name="Table_3_generation_works_with_custom_values"/>
    <testcase time="0.0869999999999997" classname="table_03" name="Table_3_generation_works_with_custom_values">
      <skipped message="Reason: On CRAN ('test-table_03.R:41:3')"/>
    </testcase>
  </testsuite>
  <testsuite name="table_04" timestamp="2023-11-09T02:08:34Z" hostname="bed241769d7a" tests="9" skipped="2" failures="0" errors="0" time="0.95">
    <testcase time="0.0480000000000018" classname="table_04" name="Table_04_generation_works_with_default_values"/>
    <testcase time="0.323" classname="table_04" name="Table_04_generation_works_with_default_values"/>
    <testcase time="0.109999999999999" classname="table_04" name="Table_04_generation_works_with_default_values">
      <skipped message="Reason: On CRAN ('test-table_04.R:18:3')"/>
    </testcase>
    <testcase time="0.0219999999999985" classname="table_04" name="Table_04_generation_works_with_custom_values"/>
    <testcase time="0.00200000000000244" classname="table_04" name="Table_04_generation_works_with_custom_values"/>
    <testcase time="0.00199999999999889" classname="table_04" name="Table_04_generation_works_with_custom_values"/>
    <testcase time="0.00100000000000122" classname="table_04" name="Table_04_generation_works_with_custom_values"/>
    <testcase time="0.355999999999998" classname="table_04" name="Table_04_generation_works_with_custom_values"/>
    <testcase time="0.0860000000000021" classname="table_04" name="Table_04_generation_works_with_custom_values">
      <skipped message="Reason: On CRAN ('test-table_04.R:46:3')"/>
    </testcase>
  </testsuite>
  <testsuite name="table_05" timestamp="2023-11-09T02:08:35Z" hostname="bed241769d7a" tests="12" skipped="4" failures="0" errors="0" time="1.638">
    <testcase time="0.201999999999998" classname="table_05" name="Table_05_generation_works_with_default_values"/>
    <testcase time="0.253" classname="table_05" name="Table_05_generation_works_with_default_values"/>
    <testcase time="0.0790000000000006" classname="table_05" name="Table_05_generation_works_with_default_values">
      <skipped message="Reason: On CRAN ('test-table_05.R:10:3')"/>
    </testcase>
    <testcase time="0.0219999999999985" classname="table_05" name="Table_05_generation_works_with_custom_values"/>
    <testcase time="0.264000000000003" classname="table_05" name="Table_05_generation_works_with_custom_values"/>
    <testcase time="0.100999999999999" classname="table_05" name="Table_05_generation_works_with_custom_values">
      <skipped message="Reason: On CRAN ('test-table_05.R:34:3')"/>
    </testcase>
    <testcase time="0.0229999999999997" classname="table_05" name="Table_05_generation_works_with_NA_values_pruned_rows"/>
    <testcase time="0.225999999999999" classname="table_05" name="Table_05_generation_works_with_NA_values_pruned_rows"/>
    <testcase time="0.0779999999999994" classname="table_05" name="Table_05_generation_works_with_NA_values_pruned_rows">
      <skipped message="Reason: On CRAN ('test-table_05.R:44:3')"/>
    </testcase>
    <testcase time="0.0229999999999997" classname="table_05" name="Table_05_generation_works_with_risk_difference_column"/>
    <testcase time="0.269000000000002" classname="table_05" name="Table_05_generation_works_with_risk_difference_column"/>
    <testcase time="0.097999999999999" classname="table_05" name="Table_05_generation_works_with_risk_difference_column">
      <skipped message="Reason: On CRAN ('test-table_05.R:57:3')"/>
    </testcase>
  </testsuite>
  <testsuite name="table_06" timestamp="2023-11-09T02:08:36Z" hostname="bed241769d7a" tests="15" skipped="3" failures="0" errors="0" time="2.513">
    <testcase time="0.0279999999999987" classname="table_06" name="Table_06_generation_works_with_default_values"/>
    <testcase time="0.00200000000000244" classname="table_06" name="Table_06_generation_works_with_default_values"/>
    <testcase time="0.0689999999999991" classname="table_06" name="Table_06_generation_works_with_default_values"/>
    <testcase time="0.52" classname="table_06" name="Table_06_generation_works_with_default_values"/>
    <testcase time="0.116" classname="table_06" name="Table_06_generation_works_with_default_values">
      <skipped message="Reason: On CRAN ('test-table_06.R:8:3')"/>
    </testcase>
    <testcase time="0.0229999999999997" classname="table_06" name="Table_06_generation_works_with_custom_values"/>
    <testcase time="0.00199999999999889" classname="table_06" name="Table_06_generation_works_with_custom_values"/>
    <testcase time="0.0650000000000013" classname="table_06" name="Table_06_generation_works_with_custom_values"/>
    <testcase time="0.678000000000001" classname="table_06" name="Table_06_generation_works_with_custom_values"/>
    <testcase time="0.16" classname="table_06" name="Table_06_generation_works_with_custom_values">
      <skipped message="Reason: On CRAN ('test-table_06.R:40:3')"/>
    </testcase>
    <testcase time="0.0219999999999985" classname="table_06" name="Table_06_generation_works_with_risk_difference_column"/>
    <testcase time="0.00200000000000244" classname="table_06" name="Table_06_generation_works_with_risk_difference_column"/>
    <testcase time="0.0659999999999989" classname="table_06" name="Table_06_generation_works_with_risk_difference_column"/>
    <testcase time="0.640000000000001" classname="table_06" name="Table_06_generation_works_with_risk_difference_column"/>
    <testcase time="0.119999999999997" classname="table_06" name="Table_06_generation_works_with_risk_difference_column">
      <skipped message="Reason: On CRAN ('test-table_06.R:48:3')"/>
    </testcase>
  </testsuite>
  <testsuite name="table_07" timestamp="2023-11-09T02:08:39Z" hostname="bed241769d7a" tests="24" skipped="4" failures="0" errors="0" time="2.624">
    <testcase time="0.0330000000000013" classname="table_07" name="Table_07_generation_works_with_default_values"/>
    <testcase time="0.00199999999999889" classname="table_07" name="Table_07_generation_works_with_default_values"/>
    <testcase time="0.00200000000000244" classname="table_07" name="Table_07_generation_works_with_default_values"/>
    <testcase time="0.0569999999999986" classname="table_07" name="Table_07_generation_works_with_default_values"/>
    <testcase time="0.365000000000002" classname="table_07" name="Table_07_generation_works_with_default_values"/>
    <testcase time="0.145" classname="table_07" name="Table_07_generation_works_with_default_values">
      <skipped message="Reason: On CRAN ('test-table_07.R:13:3')"/>
    </testcase>
    <testcase time="0.0229999999999997" classname="table_07" name="Table_07_generation_works_with_custom_values"/>
    <testcase time="0.00199999999999889" classname="table_07" name="Table_07_generation_works_with_custom_values"/>
    <testcase time="0.00199999999999889" classname="table_07" name="Table_07_generation_works_with_custom_values"/>
    <testcase time="0.0460000000000029" classname="table_07" name="Table_07_generation_works_with_custom_values"/>
    <testcase time="0.517999999999997" classname="table_07" name="Table_07_generation_works_with_custom_values"/>
    <testcase time="0.171000000000003" classname="table_07" name="Table_07_generation_works_with_custom_values">
      <skipped message="Reason: On CRAN ('test-table_07.R:42:3')"/>
    </testcase>
    <testcase time="0.0219999999999985" classname="table_07" name="Table_07_generation_works_with_NA_values_pruned_rows"/>
    <testcase time="0.00199999999999889" classname="table_07" name="Table_07_generation_works_with_NA_values_pruned_rows"/>
    <testcase time="0.00200000000000244" classname="table_07" name="Table_07_generation_works_with_NA_values_pruned_rows"/>
    <testcase time="0.046999999999997" classname="table_07" name="Table_07_generation_works_with_NA_values_pruned_rows"/>
    <testcase time="0.370000000000001" classname="table_07" name="Table_07_generation_works_with_NA_values_pruned_rows"/>
    <testcase time="0.134" classname="table_07" name="Table_07_generation_works_with_NA_values_pruned_rows">
      <skipped message="Reason: On CRAN ('test-table_07.R:52:3')"/>
    </testcase>
    <testcase time="0.0330000000000013" classname="table_07" name="Table_07_generation_works_with_risk_difference_column"/>
    <testcase time="0.00199999999999889" classname="table_07" name="Table_07_generation_works_with_risk_difference_column"/>
    <testcase time="0.00199999999999889" classname="table_07" name="Table_07_generation_works_with_risk_difference_column"/>
    <testcase time="0.0459999999999994" classname="table_07" name="Table_07_generation_works_with_risk_difference_column"/>
    <testcase time="0.453000000000003" classname="table_07" name="Table_07_generation_works_with_risk_difference_column"/>
    <testcase time="0.145" classname="table_07" name="Table_07_generation_works_with_risk_difference_column">
      <skipped message="Reason: On CRAN ('test-table_07.R:65:3')"/>
    </testcase>
  </testsuite>
  <testsuite name="table_08" timestamp="2023-11-09T02:08:41Z" hostname="bed241769d7a" tests="8" skipped="2" failures="0" errors="0" time="0.488">
    <testcase time="0.0380000000000003" classname="table_08" name="Table_08_generation_works_with_default_values"/>
    <testcase time="0.00199999999999889" classname="table_08" name="Table_08_generation_works_with_default_values"/>
    <testcase time="0.0569999999999986" classname="table_08" name="Table_08_generation_works_with_default_values"/>
    <testcase time="0.125" classname="table_08" name="Table_08_generation_works_with_default_values">
      <skipped message="Reason: On CRAN ('test-table_08.R:10:3')"/>
    </testcase>
    <testcase time="0.0330000000000013" classname="table_08" name="Table_08_generation_works_with_custom_values"/>
    <testcase time="0.00300000000000011" classname="table_08" name="Table_08_generation_works_with_custom_values"/>
    <testcase time="0.0500000000000007" classname="table_08" name="Table_08_generation_works_with_custom_values"/>
    <testcase time="0.18" classname="table_08" name="Table_08_generation_works_with_custom_values">
      <skipped message="Reason: On CRAN ('test-table_08.R:31:3')"/>
    </testcase>
  </testsuite>
  <testsuite name="table_09" timestamp="2023-11-09T02:08:42Z" hostname="bed241769d7a" tests="12" skipped="3" failures="0" errors="0" time="1.906">
    <testcase time="0.0279999999999987" classname="table_09" name="Table_09_generation_works_with_default_values"/>
    <testcase time="0.0480000000000018" classname="table_09" name="Table_09_generation_works_with_default_values"/>
    <testcase time="0.355999999999998" classname="table_09" name="Table_09_generation_works_with_default_values"/>
    <testcase time="0.0839999999999996" classname="table_09" name="Table_09_generation_works_with_default_values">
      <skipped message="Reason: On CRAN ('test-table_09.R:8:3')"/>
    </testcase>
    <testcase time="0.0210000000000008" classname="table_09" name="Table_09_generation_works_with_custom_values"/>
    <testcase time="0.0470000000000006" classname="table_09" name="Table_09_generation_works_with_custom_values"/>
    <testcase time="0.669" classname="table_09" name="Table_09_generation_works_with_custom_values"/>
    <testcase time="0.0760000000000005" classname="table_09" name="Table_09_generation_works_with_custom_values">
      <skipped message="Reason: On CRAN ('test-table_09.R:39:3')"/>
    </testcase>
    <testcase time="0.022000000000002" classname="table_09" name="Table_09_generation_works_with_risk_difference_column"/>
    <testcase time="0.0470000000000006" classname="table_09" name="Table_09_generation_works_with_risk_difference_column"/>
    <testcase time="0.43" classname="table_09" name="Table_09_generation_works_with_risk_difference_column"/>
    <testcase time="0.0779999999999994" classname="table_09" name="Table_09_generation_works_with_risk_difference_column">
      <skipped message="Reason: On CRAN ('test-table_09.R:47:3')"/>
    </testcase>
  </testsuite>
  <testsuite name="table_10" timestamp="2023-11-09T02:08:44Z" hostname="bed241769d7a" tests="15" skipped="3" failures="0" errors="0" time="1.842">
    <testcase time="0.0399999999999991" classname="table_10" name="Table_10_generation_works_with_default_values"/>
    <testcase time="0.00199999999999889" classname="table_10" name="Table_10_generation_works_with_default_values"/>
    <testcase time="0.049000000000003" classname="table_10" name="Table_10_generation_works_with_default_values"/>
    <testcase time="0.398999999999997" classname="table_10" name="Table_10_generation_works_with_default_values"/>
    <testcase time="0.129000000000001" classname="table_10" name="Table_10_generation_works_with_default_values">
      <skipped message="Reason: On CRAN ('test-table_10.R:17:3')"/>
    </testcase>
    <testcase time="0.0219999999999985" classname="table_10" name="Table_10_generation_works_with_custom_values"/>
    <testcase time="0.00200000000000244" classname="table_10" name="Table_10_generation_works_with_custom_values"/>
    <testcase time="0.0420000000000016" classname="table_10" name="Table_10_generation_works_with_custom_values"/>
    <testcase time="0.385999999999996" classname="table_10" name="Table_10_generation_works_with_custom_values"/>
    <testcase time="0.0620000000000047" classname="table_10" name="Table_10_generation_works_with_custom_values">
      <skipped message="Reason: On CRAN ('test-table_10.R:52:3')"/>
    </testcase>
    <testcase time="0.0219999999999985" classname="table_10" name="Table_10_generation_works_with_risk_difference_column"/>
    <testcase time="0.00199999999999534" classname="table_10" name="Table_10_generation_works_with_risk_difference_column"/>
    <testcase time="0.0480000000000018" classname="table_10" name="Table_10_generation_works_with_risk_difference_column"/>
    <testcase time="0.498000000000005" classname="table_10" name="Table_10_generation_works_with_risk_difference_column"/>
    <testcase time="0.138999999999996" classname="table_10" name="Table_10_generation_works_with_risk_difference_column">
      <skipped message="Reason: On CRAN ('test-table_10.R:60:3')"/>
    </testcase>
  </testsuite>
  <testsuite name="table_11" timestamp="2023-11-09T02:08:46Z" hostname="bed241769d7a" tests="12" skipped="3" failures="0" errors="0" time="2.805">
    <testcase time="0.0350000000000037" classname="table_11" name="Table_11_generation_works_with_default_values"/>
    <testcase time="0.0649999999999977" classname="table_11" name="Table_11_generation_works_with_default_values"/>
    <testcase time="0.668999999999997" classname="table_11" name="Table_11_generation_works_with_default_values"/>
    <testcase time="0.141000000000005" classname="table_11" name="Table_11_generation_works_with_default_values">
      <skipped message="Reason: On CRAN ('test-table_11.R:18:3')"/>
    </testcase>
    <testcase time="0.0219999999999985" classname="table_11" name="Table_11_generation_works_with_custom_values"/>
    <testcase time="0.0559999999999974" classname="table_11" name="Table_11_generation_works_with_custom_values"/>
    <testcase time="0.625" classname="table_11" name="Table_11_generation_works_with_custom_values"/>
    <testcase time="0.0700000000000003" classname="table_11" name="Table_11_generation_works_with_custom_values">
      <skipped message="Reason: On CRAN ('test-table_11.R:48:3')"/>
    </testcase>
    <testcase time="0.0219999999999985" classname="table_11" name="Table_11_generation_works_with_risk_difference_column"/>
    <testcase time="0.0590000000000046" classname="table_11" name="Table_11_generation_works_with_risk_difference_column"/>
    <testcase time="0.866999999999997" classname="table_11" name="Table_11_generation_works_with_risk_difference_column"/>
    <testcase time="0.173999999999999" classname="table_11" name="Table_11_generation_works_with_risk_difference_column">
      <skipped message="Reason: On CRAN ('test-table_11.R:56:3')"/>
    </testcase>
  </testsuite>
  <testsuite name="table_12" timestamp="2023-11-09T02:08:48Z" hostname="bed241769d7a" tests="12" skipped="3" failures="0" errors="0" time="3.569">
    <testcase time="0.0279999999999987" classname="table_12" name="Table_12_generation_works_with_default_values"/>
    <testcase time="0.0600000000000023" classname="table_12" name="Table_12_generation_works_with_default_values"/>
    <testcase time="0.899000000000001" classname="table_12" name="Table_12_generation_works_with_default_values"/>
    <testcase time="0.131999999999998" classname="table_12" name="Table_12_generation_works_with_default_values">
      <skipped message="Reason: On CRAN ('test-table_12.R:9:3')"/>
    </testcase>
    <testcase time="0.0219999999999985" classname="table_12" name="Table_12_generation_works_with_custom_values"/>
    <testcase time="0.0600000000000023" classname="table_12" name="Table_12_generation_works_with_custom_values"/>
    <testcase time="0.899000000000001" classname="table_12" name="Table_12_generation_works_with_custom_values"/>
    <testcase time="0.125999999999998" classname="table_12" name="Table_12_generation_works_with_custom_values">
      <skipped message="Reason: On CRAN ('test-table_12.R:39:3')"/>
    </testcase>
    <testcase time="0.0230000000000032" classname="table_12" name="Table_12_generation_works_with_risk_difference_column"/>
    <testcase time="0.0600000000000023" classname="table_12" name="Table_12_generation_works_with_risk_difference_column"/>
    <testcase time="1.117" classname="table_12" name="Table_12_generation_works_with_risk_difference_column"/>
    <testcase time="0.143000000000001" classname="table_12" name="Table_12_generation_works_with_risk_difference_column">
      <skipped message="Reason: On CRAN ('test-table_12.R:47:3')"/>
    </testcase>
  </testsuite>
  <testsuite name="table_13" timestamp="2023-11-09T02:08:52Z" hostname="bed241769d7a" tests="12" skipped="3" failures="0" errors="0" time="0.951">
    <testcase time="0.0279999999999987" classname="table_13" name="Table_13_generation_works_with_default_values"/>
    <testcase time="0.0579999999999998" classname="table_13" name="Table_13_generation_works_with_default_values"/>
    <testcase time="0.137" classname="table_13" name="Table_13_generation_works_with_default_values"/>
    <testcase time="0.0799999999999983" classname="table_13" name="Table_13_generation_works_with_default_values">
      <skipped message="Reason: On CRAN ('test-table_13.R:8:3')"/>
    </testcase>
    <testcase time="0.0230000000000032" classname="table_13" name="Table_13_generation_works_with_custom_values"/>
    <testcase time="0.0579999999999998" classname="table_13" name="Table_13_generation_works_with_custom_values"/>
    <testcase time="0.167999999999999" classname="table_13" name="Table_13_generation_works_with_custom_values"/>
    <testcase time="0.0529999999999973" classname="table_13" name="Table_13_generation_works_with_custom_values">
      <skipped message="Reason: On CRAN ('test-table_13.R:38:3')"/>
    </testcase>
    <testcase time="0.0219999999999985" classname="table_13" name="Table_13_generation_works_with_risk_difference_column"/>
    <testcase time="0.0580000000000069" classname="table_13" name="Table_13_generation_works_with_risk_difference_column"/>
    <testcase time="0.184999999999995" classname="table_13" name="Table_13_generation_works_with_risk_difference_column"/>
    <testcase time="0.0810000000000031" classname="table_13" name="Table_13_generation_works_with_risk_difference_column">
      <skipped message="Reason: On CRAN ('test-table_13.R:46:3')"/>
    </testcase>
  </testsuite>
  <testsuite name="table_14" timestamp="2023-11-09T02:08:53Z" hostname="bed241769d7a" tests="13" skipped="4" failures="0" errors="0" time="3.675">
    <testcase time="0.0379999999999967" classname="table_14" name="Table_14_generation_works_with_default_values"/>
    <testcase time="0.658999999999999" classname="table_14" name="Table_14_generation_works_with_default_values"/>
    <testcase time="0.164999999999999" classname="table_14" name="Table_14_generation_works_with_default_values">
      <skipped message="Reason: On CRAN ('test-table_14.R:16:3')"/>
    </testcase>
    <testcase time="0.0229999999999961" classname="table_14" name="Table_14_generation_works_with_custom_values"/>
    <testcase time="0.0579999999999998" classname="table_14" name="Table_14_generation_works_with_custom_values"/>
    <testcase time="0.699000000000005" classname="table_14" name="Table_14_generation_works_with_custom_values"/>
    <testcase time="0.163999999999994" classname="table_14" name="Table_14_generation_works_with_custom_values">
      <skipped message="Reason: On CRAN ('test-table_14.R:46:3')"/>
    </testcase>
    <testcase time="0.0240000000000009" classname="table_14" name="Table_14_generation_works_with_NA_values_pruned_rows"/>
    <testcase time="0.650000000000006" classname="table_14" name="Table_14_generation_works_with_NA_values_pruned_rows"/>
    <testcase time="0.132999999999996" classname="table_14" name="Table_14_generation_works_with_NA_values_pruned_rows">
      <skipped message="Reason: On CRAN ('test-table_14.R:53:3')"/>
    </testcase>
    <testcase time="0.0219999999999985" classname="table_14" name="Table_14_generation_works_with_risk_difference_column"/>
    <testcase time="0.849000000000004" classname="table_14" name="Table_14_generation_works_with_risk_difference_column"/>
    <testcase time="0.190999999999995" classname="table_14" name="Table_14_generation_works_with_risk_difference_column">
      <skipped message="Reason: On CRAN ('test-table_14.R:61:3')"/>
    </testcase>
  </testsuite>
  <testsuite name="table_15" timestamp="2023-11-09T02:08:57Z" hostname="bed241769d7a" tests="16" skipped="4" failures="0" errors="0" time="2.131">
    <testcase time="0.0330000000000013" classname="table_15" name="Table_15_generation_works_with_default_values"/>
    <testcase time="0.0500000000000043" classname="table_15" name="Table_15_generation_works_with_default_values"/>
    <testcase time="0.306999999999995" classname="table_15" name="Table_15_generation_works_with_default_values"/>
    <testcase time="0.118000000000002" classname="table_15" name="Table_15_generation_works_with_default_values">
      <skipped message="Reason: On CRAN ('test-table_15.R:19:3')"/>
    </testcase>
    <testcase time="0.0219999999999985" classname="table_15" name="Table_15_generation_works_with_custom_values"/>
    <testcase time="0.0500000000000043" classname="table_15" name="Table_15_generation_works_with_custom_values"/>
    <testcase time="0.311" classname="table_15" name="Table_15_generation_works_with_custom_values"/>
    <testcase time="0.119" classname="table_15" name="Table_15_generation_works_with_custom_values">
      <skipped message="Reason: On CRAN ('test-table_15.R:51:3')"/>
    </testcase>
    <testcase time="0.0229999999999961" classname="table_15" name="Table_15_generation_works_with_NA_values_pruned_rows"/>
    <testcase time="0.0500000000000043" classname="table_15" name="Table_15_generation_works_with_NA_values_pruned_rows"/>
    <testcase time="0.354999999999997" classname="table_15" name="Table_15_generation_works_with_NA_values_pruned_rows"/>
    <testcase time="0.120000000000005" classname="table_15" name="Table_15_generation_works_with_NA_values_pruned_rows">
      <skipped message="Reason: On CRAN ('test-table_15.R:58:3')"/>
    </testcase>
    <testcase time="0.0229999999999961" classname="table_15" name="Table_15_generation_works_with_risk_difference_column"/>
    <testcase time="0.0499999999999972" classname="table_15" name="Table_15_generation_works_with_risk_difference_column"/>
    <testcase time="0.383000000000003" classname="table_15" name="Table_15_generation_works_with_risk_difference_column"/>
    <testcase time="0.116999999999997" classname="table_15" name="Table_15_generation_works_with_risk_difference_column">
      <skipped message="Reason: On CRAN ('test-table_15.R:66:3')"/>
    </testcase>
  </testsuite>
  <testsuite name="table_16" timestamp="2023-11-09T02:08:59Z" hostname="bed241769d7a" tests="16" skipped="4" failures="0" errors="0" time="1.852">
    <testcase time="0.0320000000000036" classname="table_16" name="Table_16_generation_works_with_default_values"/>
    <testcase time="0.0459999999999994" classname="table_16" name="Table_16_generation_works_with_default_values"/>
    <testcase time="0.320999999999998" classname="table_16" name="Table_16_generation_works_with_default_values"/>
    <testcase time="0.054000000000002" classname="table_16" name="Table_16_generation_works_with_default_values">
      <skipped message="Reason: On CRAN ('test-table_16.R:19:3')"/>
    </testcase>
    <testcase time="0.0219999999999985" classname="table_16" name="Table_16_generation_works_with_custom_values"/>
    <testcase time="0.0459999999999994" classname="table_16" name="Table_16_generation_works_with_custom_values"/>
    <testcase time="0.323" classname="table_16" name="Table_16_generation_works_with_custom_values"/>
    <testcase time="0.0549999999999997" classname="table_16" name="Table_16_generation_works_with_custom_values">
      <skipped message="Reason: On CRAN ('test-table_16.R:51:3')"/>
    </testcase>
    <testcase time="0.0220000000000056" classname="table_16" name="Table_16_generation_works_with_NA_values_pruned_rows"/>
    <testcase time="0.0459999999999994" classname="table_16" name="Table_16_generation_works_with_NA_values_pruned_rows"/>
    <testcase time="0.311999999999998" classname="table_16" name="Table_16_generation_works_with_NA_values_pruned_rows"/>
    <testcase time="0.070999999999998" classname="table_16" name="Table_16_generation_works_with_NA_values_pruned_rows">
      <skipped message="Reason: On CRAN ('test-table_16.R:58:3')"/>
    </testcase>
    <testcase time="0.0219999999999985" classname="table_16" name="Table_16_generation_works_with_risk_difference_column"/>
    <testcase time="0.0460000000000065" classname="table_16" name="Table_16_generation_works_with_risk_difference_column"/>
    <testcase time="0.356999999999999" classname="table_16" name="Table_16_generation_works_with_risk_difference_column"/>
    <testcase time="0.0769999999999982" classname="table_16" name="Table_16_generation_works_with_risk_difference_column">
      <skipped message="Reason: On CRAN ('test-table_16.R:66:3')"/>
    </testcase>
  </testsuite>
  <testsuite name="table_17" timestamp="2023-11-09T02:09:01Z" hostname="bed241769d7a" tests="16" skipped="4" failures="0" errors="0" time="3.146">
    <testcase time="0.0330000000000013" classname="table_17" name="Table_17_generation_works_with_default_values"/>
    <testcase time="0.0529999999999973" classname="table_17" name="Table_17_generation_works_with_default_values"/>
    <testcase time="0.477000000000004" classname="table_17" name="Table_17_generation_works_with_default_values"/>
    <testcase time="0.189" classname="table_17" name="Table_17_generation_works_with_default_values">
      <skipped message="Reason: On CRAN ('test-table_17.R:25:3')"/>
    </testcase>
    <testcase time="0.0229999999999961" classname="table_17" name="Table_17_generation_works_with_custom_values"/>
    <testcase time="0.0519999999999996" classname="table_17" name="Table_17_generation_works_with_custom_values"/>
    <testcase time="0.483000000000004" classname="table_17" name="Table_17_generation_works_with_custom_values"/>
    <testcase time="0.189999999999998" classname="table_17" name="Table_17_generation_works_with_custom_values">
      <skipped message="Reason: On CRAN ('test-table_17.R:57:3')"/>
    </testcase>
    <testcase time="0.0229999999999961" classname="table_17" name="Table_17_generation_works_with_NA_values_pruned_rows"/>
    <testcase time="0.0620000000000047" classname="table_17" name="Table_17_generation_works_with_NA_values_pruned_rows"/>
    <testcase time="0.488999999999997" classname="table_17" name="Table_17_generation_works_with_NA_values_pruned_rows"/>
    <testcase time="0.197000000000003" classname="table_17" name="Table_17_generation_works_with_NA_values_pruned_rows">
      <skipped message="Reason: On CRAN ('test-table_17.R:64:3')"/>
    </testcase>
    <testcase time="0.0289999999999964" classname="table_17" name="Table_17_generation_works_with_risk_difference_column"/>
    <testcase time="0.0519999999999996" classname="table_17" name="Table_17_generation_works_with_risk_difference_column"/>
    <testcase time="0.572000000000003" classname="table_17" name="Table_17_generation_works_with_risk_difference_column"/>
    <testcase time="0.222000000000001" classname="table_17" name="Table_17_generation_works_with_risk_difference_column">
      <skipped message="Reason: On CRAN ('test-table_17.R:72:3')"/>
    </testcase>
  </testsuite>
  <testsuite name="table_18" timestamp="2023-11-09T02:09:04Z" hostname="bed241769d7a" tests="16" skipped="4" failures="0" errors="0" time="2.729">
    <testcase time="0.0330000000000013" classname="table_18" name="Table_18_generation_works_with_default_values"/>
    <testcase time="0.0489999999999995" classname="table_18" name="Table_18_generation_works_with_default_values"/>
    <testcase time="0.506999999999998" classname="table_18" name="Table_18_generation_works_with_default_values"/>
    <testcase time="0.0930000000000035" classname="table_18" name="Table_18_generation_works_with_default_values">
      <skipped message="Reason: On CRAN ('test-table_18.R:25:3')"/>
    </testcase>
    <testcase time="0.0229999999999961" classname="table_18" name="Table_18_generation_works_with_custom_values"/>
    <testcase time="0.046999999999997" classname="table_18" name="Table_18_generation_works_with_custom_values"/>
    <testcase time="0.490000000000002" classname="table_18" name="Table_18_generation_works_with_custom_values"/>
    <testcase time="0.0889999999999986" classname="table_18" name="Table_18_generation_works_with_custom_values">
      <skipped message="Reason: On CRAN ('test-table_18.R:57:3')"/>
    </testcase>
    <testcase time="0.0300000000000011" classname="table_18" name="Table_18_generation_works_with_NA_values_pruned_rows"/>
    <testcase time="0.0500000000000043" classname="table_18" name="Table_18_generation_works_with_NA_values_pruned_rows"/>
    <testcase time="0.491" classname="table_18" name="Table_18_generation_works_with_NA_values_pruned_rows"/>
    <testcase time="0.0790000000000006" classname="table_18" name="Table_18_generation_works_with_NA_values_pruned_rows">
      <skipped message="Reason: On CRAN ('test-table_18.R:64:3')"/>
    </testcase>
    <testcase time="0.0229999999999961" classname="table_18" name="Table_18_generation_works_with_risk_difference_column"/>
    <testcase time="0.0470000000000041" classname="table_18" name="Table_18_generation_works_with_risk_difference_column"/>
    <testcase time="0.588999999999999" classname="table_18" name="Table_18_generation_works_with_risk_difference_column"/>
    <testcase time="0.0889999999999986" classname="table_18" name="Table_18_generation_works_with_risk_difference_column">
      <skipped message="Reason: On CRAN ('test-table_18.R:72:3')"/>
    </testcase>
  </testsuite>
  <testsuite name="table_20" timestamp="2023-11-09T02:09:06Z" hostname="bed241769d7a" tests="24" skipped="4" failures="0" errors="0" time="3.205">
    <testcase time="0.0399999999999991" classname="table_20" name="Table_20_generation_works_with_default_values"/>
    <testcase time="0.00200000000000244" classname="table_20" name="Table_20_generation_works_with_default_values"/>
    <testcase time="0.00200000000000244" classname="table_20" name="Table_20_generation_works_with_default_values"/>
    <testcase time="0.0640000000000001" classname="table_20" name="Table_20_generation_works_with_default_values"/>
    <testcase time="0.512999999999998" classname="table_20" name="Table_20_generation_works_with_default_values"/>
    <testcase time="0.0940000000000012" classname="table_20" name="Table_20_generation_works_with_default_values">
      <skipped message="Reason: On CRAN ('test-table_20.R:17:3')"/>
    </testcase>
    <testcase time="0.0229999999999961" classname="table_20" name="Table_20_generation_works_with_custom_values"/>
    <testcase time="0.00200000000000244" classname="table_20" name="Table_20_generation_works_with_custom_values"/>
    <testcase time="0.00200000000000244" classname="table_20" name="Table_20_generation_works_with_custom_values"/>
    <testcase time="0.0649999999999977" classname="table_20" name="Table_20_generation_works_with_custom_values"/>
    <testcase time="0.747" classname="table_20" name="Table_20_generation_works_with_custom_values"/>
    <testcase time="0.122" classname="table_20" name="Table_20_generation_works_with_custom_values">
      <skipped message="Reason: On CRAN ('test-table_20.R:65:3')"/>
    </testcase>
    <testcase time="0.0240000000000009" classname="table_20" name="Table_20_generation_works_with_missing_values_pruned_rows"/>
    <testcase time="0.00200000000000244" classname="table_20" name="Table_20_generation_works_with_missing_values_pruned_rows"/>
    <testcase time="0.00199999999999534" classname="table_20" name="Table_20_generation_works_with_missing_values_pruned_rows"/>
    <testcase time="0.0669999999999931" classname="table_20" name="Table_20_generation_works_with_missing_values_pruned_rows"/>
    <testcase time="0.488000000000007" classname="table_20" name="Table_20_generation_works_with_missing_values_pruned_rows"/>
    <testcase time="0.090999999999994" classname="table_20" name="Table_20_generation_works_with_missing_values_pruned_rows">
      <skipped message="Reason: On CRAN ('test-table_20.R:74:3')"/>
    </testcase>
    <testcase time="0.0220000000000056" classname="table_20" name="Table_20_generation_works_with_risk_difference_column"/>
    <testcase time="0.00199999999999534" classname="table_20" name="Table_20_generation_works_with_risk_difference_column"/>
    <testcase time="0.00200000000000244" classname="table_20" name="Table_20_generation_works_with_risk_difference_column"/>
    <testcase time="0.0519999999999996" classname="table_20" name="Table_20_generation_works_with_risk_difference_column"/>
    <testcase time="0.649999999999999" classname="table_20" name="Table_20_generation_works_with_risk_difference_column"/>
    <testcase time="0.127000000000002" classname="table_20" name="Table_20_generation_works_with_risk_difference_column">
      <skipped message="Reason: On CRAN ('test-table_20.R:82:3')"/>
    </testcase>
  </testsuite>
  <testsuite name="table_21" timestamp="2023-11-09T02:09:10Z" hostname="bed241769d7a" tests="19" skipped="4" failures="0" errors="0" time="3.132">
    <testcase time="0.0959999999999965" classname="table_21" name="Table_21_generation_works_with_default_values"/>
    <testcase time="0.00200000000000244" classname="table_21" name="Table_21_generation_works_with_default_values"/>
    <testcase time="0.688000000000002" classname="table_21" name="Table_21_generation_works_with_default_values"/>
    <testcase time="0.134" classname="table_21" name="Table_21_generation_works_with_default_values">
      <skipped message="Reason: On CRAN ('test-table_21.R:22:3')"/>
    </testcase>
    <testcase time="0.0219999999999985" classname="table_21" name="Table_21_generation_works_with_custom_values_N_s_denominator_and_overall_column"/>
    <testcase time="0.00199999999999534" classname="table_21" name="Table_21_generation_works_with_custom_values_N_s_denominator_and_overall_column"/>
    <testcase time="0.0920000000000059" classname="table_21" name="Table_21_generation_works_with_custom_values_N_s_denominator_and_overall_column"/>
    <testcase time="0.859999999999999" classname="table_21" name="Table_21_generation_works_with_custom_values_N_s_denominator_and_overall_column"/>
    <testcase time="0.125999999999998" classname="table_21" name="Table_21_generation_works_with_custom_values_N_s_denominator_and_overall_column">
      <skipped message="Reason: On CRAN ('test-table_21.R:34:3')"/>
    </testcase>
    <testcase time="0.0230000000000032" classname="table_21" name="Table_21_generation_works_with_custom_values_N_col_denominator_and_no_overall_column"/>
    <testcase time="0.00199999999999534" classname="table_21" name="Table_21_generation_works_with_custom_values_N_col_denominator_and_no_overall_column"/>
    <testcase time="0.0680000000000049" classname="table_21" name="Table_21_generation_works_with_custom_values_N_col_denominator_and_no_overall_column"/>
    <testcase time="0.369999999999997" classname="table_21" name="Table_21_generation_works_with_custom_values_N_col_denominator_and_no_overall_column"/>
    <testcase time="0.116999999999997" classname="table_21" name="Table_21_generation_works_with_custom_values_N_col_denominator_and_no_overall_column">
      <skipped message="Reason: On CRAN ('test-table_21.R:62:3')"/>
    </testcase>
    <testcase time="0.0870000000000033" classname="table_21" name="Table_21_generation_works_with_some_NA_values"/>
    <testcase time="0.00300000000000011" classname="table_21" name="Table_21_generation_works_with_some_NA_values"/>
    <testcase time="0.0570000000000022" classname="table_21" name="Table_21_generation_works_with_some_NA_values"/>
    <testcase time="0.284999999999997" classname="table_21" name="Table_21_generation_works_with_some_NA_values"/>
    <testcase time="0.097999999999999" classname="table_21" name="Table_21_generation_works_with_some_NA_values">
      <skipped message="Reason: On CRAN ('test-table_21.R:82:3')"/>
    </testcase>
  </testsuite>
  <testsuite name="table_32" timestamp="2023-11-09T02:09:13Z" hostname="bed241769d7a" tests="22" skipped="6" failures="0" errors="0" time="6.407">
    <testcase time="0.0290000000000035" classname="table_32" name="Table_32_generation_works_with_default_values"/>
    <testcase time="0.0589999999999975" classname="table_32" name="Table_32_generation_works_with_default_values"/>
    <testcase time="0.151000000000003" classname="table_32" name="Table_32_generation_works_with_default_values"/>
    <testcase time="0.0609999999999999" classname="table_32" name="Table_32_generation_works_with_default_values">
      <skipped message="Reason: On CRAN ('test-table_32.R:8:3')"/>
    </testcase>
    <testcase time="0.0219999999999985" classname="table_32" name="Table_32_generation_works_with_custom_values"/>
    <testcase time="0.0609999999999999" classname="table_32" name="Table_32_generation_works_with_custom_values"/>
    <testcase time="0.427" classname="table_32" name="Table_32_generation_works_with_custom_values"/>
    <testcase time="0.0589999999999975" classname="table_32" name="Table_32_generation_works_with_custom_values">
      <skipped message="Reason: On CRAN ('test-table_32.R:30:3')"/>
    </testcase>
    <testcase time="0.0219999999999985" classname="table_32" name="Table_32_generation_works_with_pruned_rows"/>
    <testcase time="0.0590000000000046" classname="table_32" name="Table_32_generation_works_with_pruned_rows"/>
    <testcase time="0.140999999999998" classname="table_32" name="Table_32_generation_works_with_pruned_rows"/>
    <testcase time="0.0379999999999967" classname="table_32" name="Table_32_generation_works_with_pruned_rows">
      <skipped message="Reason: On CRAN ('test-table_32.R:37:3')"/>
    </testcase>
    <testcase time="0.0220000000000056" classname="table_32" name="Table_32_generation_works_with_risk_difference_column"/>
    <testcase time="0.0589999999999975" classname="table_32" name="Table_32_generation_works_with_risk_difference_column"/>
    <testcase time="0.177999999999997" classname="table_32" name="Table_32_generation_works_with_risk_difference_column"/>
    <testcase time="0.0570000000000022" classname="table_32" name="Table_32_generation_works_with_risk_difference_column">
      <skipped message="Reason: On CRAN ('test-table_32.R:45:3')"/>
    </testcase>
    <testcase time="0.0230000000000032" classname="table_32" name="Table_32_gtsum_generation_works_with_default_values"/>
    <testcase time="1.98999999999999" classname="table_32" name="Table_32_gtsum_generation_works_with_default_values"/>
    <testcase time="0.00900000000000034" classname="table_32" name="Table_32_gtsum_generation_works_with_default_values">
      <skipped message="Reason: On CRAN ('test-table_32.R:51:3')"/>
    </testcase>
    <testcase time="0.0220000000000056" classname="table_32" name="Table_32_gtsum_generation_works_with_custom_values"/>
    <testcase time="2.90799999999999" classname="table_32" name="Table_32_gtsum_generation_works_with_custom_values"/>
    <testcase time="0.0100000000000051" classname="table_32" name="Table_32_gtsum_generation_works_with_custom_values">
      <skipped message="Reason: On CRAN ('test-table_32.R:61:3')"/>
    </testcase>
  </testsuite>
  <testsuite name="table_33" timestamp="2023-11-09T02:09:19Z" hostname="bed241769d7a" tests="16" skipped="4" failures="0" errors="0" time="1.897">
    <testcase time="0.0279999999999916" classname="table_33" name="Table_33_generation_works_with_default_values"/>
    <testcase time="0.269000000000005" classname="table_33" name="Table_33_generation_works_with_default_values"/>
    <testcase time="0.114000000000004" classname="table_33" name="Table_33_generation_works_with_default_values"/>
    <testcase time="0.0459999999999923" classname="table_33" name="Table_33_generation_works_with_default_values">
      <skipped message="Reason: On CRAN ('test-table_33.R:8:3')"/>
    </testcase>
    <testcase time="0.0230000000000103" classname="table_33" name="Table_33_generation_works_with_custom_values"/>
    <testcase time="0.283999999999992" classname="table_33" name="Table_33_generation_works_with_custom_values"/>
    <testcase time="0.138000000000005" classname="table_33" name="Table_33_generation_works_with_custom_values"/>
    <testcase time="0.0570000000000022" classname="table_33" name="Table_33_generation_works_with_custom_values">
      <skipped message="Reason: On CRAN ('test-table_33.R:34:3')"/>
    </testcase>
    <testcase time="0.0229999999999961" classname="table_33" name="Table_33_generation_works_with_pruned_rows"/>
    <testcase time="0.274000000000001" classname="table_33" name="Table_33_generation_works_with_pruned_rows"/>
    <testcase time="0.111999999999995" classname="table_33" name="Table_33_generation_works_with_pruned_rows"/>
    <testcase time="0.0430000000000064" classname="table_33" name="Table_33_generation_works_with_pruned_rows">
      <skipped message="Reason: On CRAN ('test-table_33.R:42:3')"/>
    </testcase>
    <testcase time="0.0229999999999961" classname="table_33" name="Table_33_generation_works_with_risk_difference_column"/>
    <testcase time="0.272000000000006" classname="table_33" name="Table_33_generation_works_with_risk_difference_column"/>
    <testcase time="0.138999999999996" classname="table_33" name="Table_33_generation_works_with_risk_difference_column"/>
    <testcase time="0.0519999999999925" classname="table_33" name="Table_33_generation_works_with_risk_difference_column">
      <skipped message="Reason: On CRAN ('test-table_33.R:50:3')"/>
    </testcase>
  </testsuite>
  <testsuite name="table_34" timestamp="2023-11-09T02:09:21Z" hostname="bed241769d7a" tests="12" skipped="3" failures="0" errors="0" time="6.725">
    <testcase time="0.0350000000000108" classname="table_34" name="Table_34_generation_works_with_default_values"/>
    <testcase time="0.0480000000000018" classname="table_34" name="Table_34_generation_works_with_default_values"/>
    <testcase time="1.84899999999999" classname="table_34" name="Table_34_generation_works_with_default_values"/>
    <testcase time="0.230000000000004" classname="table_34" name="Table_34_generation_works_with_default_values">
      <skipped message="Reason: On CRAN ('test-table_34.R:17:3')"/>
    </testcase>
    <testcase time="0.0229999999999961" classname="table_34" name="Table_34_generation_works_with_custom_values"/>
    <testcase time="0.0420000000000016" classname="table_34" name="Table_34_generation_works_with_custom_values"/>
    <testcase time="1.81" classname="table_34" name="Table_34_generation_works_with_custom_values"/>
    <testcase time="0.0949999999999989" classname="table_34" name="Table_34_generation_works_with_custom_values">
      <skipped message="Reason: On CRAN ('test-table_34.R:49:3')"/>
    </testcase>
    <testcase time="0.0240000000000009" classname="table_34" name="Table_34_generation_works_with_risk_difference_column"/>
    <testcase time="0.0490000000000066" classname="table_34" name="Table_34_generation_works_with_risk_difference_column"/>
    <testcase time="2.268" classname="table_34" name="Table_34_generation_works_with_risk_difference_column"/>
    <testcase time="0.251999999999995" classname="table_34" name="Table_34_generation_works_with_risk_difference_column">
      <skipped message="Reason: On CRAN ('test-table_34.R:57:3')"/>
    </testcase>
  </testsuite>
</testsuites>
