<?xml version="1.0" encoding="UTF-8"?>
<testsuites>
  <testsuite name="table_02" timestamp="2023-11-09T02:27:22Z" hostname="f5d497270920" tests="30" skipped="10" failures="0" errors="0" time="17.611">
    <testcase time="0.0739999999999998" classname="table_02" name="Table_02_generation_works_with_default_values"/>
    <testcase time="0.604" classname="table_02" name="Table_02_generation_works_with_default_values"/>
    <testcase time="0.287000000000001" classname="table_02" name="Table_02_generation_works_with_default_values">
      <skipped message="Reason: On CRAN ('test-table_02.R:16:3')"/>
    </testcase>
    <testcase time="0.085" classname="table_02" name="Table_02_generation_works_with_custom_values"/>
    <testcase time="0.488" classname="table_02" name="Table_02_generation_works_with_custom_values"/>
    <testcase time="0.301" classname="table_02" name="Table_02_generation_works_with_custom_values">
      <skipped message="Reason: On CRAN ('test-table_02.R:45:3')"/>
    </testcase>
    <testcase time="0.0960000000000001" classname="table_02" name="Table_02_generation_works_with_some_NA_values"/>
    <testcase time="0.132" classname="table_02" name="Table_02_generation_works_with_some_NA_values"/>
    <testcase time="0.069" classname="table_02" name="Table_02_generation_works_with_some_NA_values">
      <skipped message="Reason: On CRAN ('test-table_02.R:57:3')"/>
    </testcase>
    <testcase time="0.0220000000000002" classname="table_02" name="Table_02_generation_tplyr_works_with_default_values"/>
    <testcase time="2.046" classname="table_02" name="Table_02_generation_tplyr_works_with_default_values"/>
    <testcase time="0.0419999999999998" classname="table_02" name="Table_02_generation_tplyr_works_with_default_values">
      <skipped message="Reason: On CRAN ('test-table_02.R:66:3')"/>
    </testcase>
    <testcase time="0.0220000000000002" classname="table_02" name="Table_02_generation_tplyr_works_with_tplyr_raw_TRUE"/>
    <testcase time="1.269" classname="table_02" name="Table_02_generation_tplyr_works_with_tplyr_raw_TRUE"/>
    <testcase time="0.0280000000000005" classname="table_02" name="Table_02_generation_tplyr_works_with_tplyr_raw_TRUE">
      <skipped message="Reason: On CRAN ('test-table_02.R:75:3')"/>
    </testcase>
    <testcase time="0.052999999999999" classname="table_02" name="Table_02_generation_tplyr_works_with_custom_values"/>
    <testcase time="1.94" classname="table_02" name="Table_02_generation_tplyr_works_with_custom_values"/>
    <testcase time="0.0280000000000005" classname="table_02" name="Table_02_generation_tplyr_works_with_custom_values">
      <skipped message="Reason: On CRAN ('test-table_02.R:102:3')"/>
    </testcase>
    <testcase time="0.0459999999999994" classname="table_02" name="Table_02_generation_tplyr_works_with_some_NA_values"/>
    <testcase time="0.790000000000001" classname="table_02" name="Table_02_generation_tplyr_works_with_some_NA_values"/>
    <testcase time="0.0289999999999999" classname="table_02" name="Table_02_generation_tplyr_works_with_some_NA_values">
      <skipped message="Reason: On CRAN ('test-table_02.R:119:3')"/>
    </testcase>
    <testcase time="0.0220000000000002" classname="table_02" name="Table_02_generation_gtsum_works_with_default_values"/>
    <testcase time="3.607" classname="table_02" name="Table_02_generation_gtsum_works_with_default_values"/>
    <testcase time="0.0109999999999992" classname="table_02" name="Table_02_generation_gtsum_works_with_default_values">
      <skipped message="Reason: On CRAN ('test-table_02.R:128:3')"/>
    </testcase>
    <testcase time="0.0609999999999999" classname="table_02" name="Table_02_generation_gtsum_works_with_custom_values"/>
    <testcase time="4.021" classname="table_02" name="Table_02_generation_gtsum_works_with_custom_values"/>
    <testcase time="0.0120000000000005" classname="table_02" name="Table_02_generation_gtsum_works_with_custom_values">
      <skipped message="Reason: On CRAN ('test-table_02.R:146:3')"/>
    </testcase>
    <testcase time="0.0539999999999985" classname="table_02" name="Table_02_generation_gtsum_works_with_some_NA_values"/>
    <testcase time="1.36" classname="table_02" name="Table_02_generation_gtsum_works_with_some_NA_values"/>
    <testcase time="0.0120000000000005" classname="table_02" name="Table_02_generation_gtsum_works_with_some_NA_values">
      <skipped message="Reason: On CRAN ('test-table_02.R:160:3')"/>
    </testcase>
  </testsuite>
  <testsuite name="table_03" timestamp="2023-11-09T02:27:40Z" hostname="f5d497270920" tests="8" skipped="2" failures="0" errors="0" time="1.008">
    <testcase time="0.0440000000000005" classname="table_03" name="Table_3_generation_works_with_default_values"/>
    <testcase time="0.00100000000000122" classname="table_03" name="Table_3_generation_works_with_default_values"/>
    <testcase time="0.398999999999997" classname="table_03" name="Table_3_generation_works_with_default_values"/>
    <testcase time="0.0670000000000002" classname="table_03" name="Table_3_generation_works_with_default_values">
      <skipped message="Reason: On CRAN ('test-table_03.R:21:3')"/>
    </testcase>
    <testcase time="0.0210000000000008" classname="table_03" name="Table_3_generation_works_with_custom_values"/>
    <testcase time="0.00199999999999889" classname="table_03" name="Table_3_generation_works_with_custom_values"/>
    <testcase time="0.381" classname="table_03" name="Table_3_generation_works_with_custom_values"/>
    <testcase time="0.093" classname="table_03" name="Table_3_generation_works_with_custom_values">
      <skipped message="Reason: On CRAN ('test-table_03.R:41:3')"/>
    </testcase>
  </testsuite>
  <testsuite name="table_04" timestamp="2023-11-09T02:27:41Z" hostname="f5d497270920" tests="9" skipped="2" failures="0" errors="0" time="0.962">
    <testcase time="0.0460000000000029" classname="table_04" name="Table_04_generation_works_with_default_values"/>
    <testcase time="0.321999999999999" classname="table_04" name="Table_04_generation_works_with_default_values"/>
    <testcase time="0.103999999999999" classname="table_04" name="Table_04_generation_works_with_default_values">
      <skipped message="Reason: On CRAN ('test-table_04.R:18:3')"/>
    </testcase>
    <testcase time="0.0210000000000008" classname="table_04" name="Table_04_generation_works_with_custom_values"/>
    <testcase time="0.00199999999999889" classname="table_04" name="Table_04_generation_works_with_custom_values"/>
    <testcase time="0.00199999999999889" classname="table_04" name="Table_04_generation_works_with_custom_values"/>
    <testcase time="0.00100000000000122" classname="table_04" name="Table_04_generation_works_with_custom_values"/>
    <testcase time="0.369" classname="table_04" name="Table_04_generation_works_with_custom_values"/>
    <testcase time="0.0950000000000024" classname="table_04" name="Table_04_generation_works_with_custom_values">
      <skipped message="Reason: On CRAN ('test-table_04.R:46:3')"/>
    </testcase>
  </testsuite>
  <testsuite name="table_05" timestamp="2023-11-09T02:27:42Z" hostname="f5d497270920" tests="12" skipped="4" failures="0" errors="0" time="1.691">
    <testcase time="0.209999999999997" classname="table_05" name="Table_05_generation_works_with_default_values"/>
    <testcase time="0.242000000000001" classname="table_05" name="Table_05_generation_works_with_default_values"/>
    <testcase time="0.0990000000000002" classname="table_05" name="Table_05_generation_works_with_default_values">
      <skipped message="Reason: On CRAN ('test-table_05.R:10:3')"/>
    </testcase>
    <testcase time="0.0210000000000008" classname="table_05" name="Table_05_generation_works_with_custom_values"/>
    <testcase time="0.263999999999999" classname="table_05" name="Table_05_generation_works_with_custom_values"/>
    <testcase time="0.108000000000001" classname="table_05" name="Table_05_generation_works_with_custom_values">
      <skipped message="Reason: On CRAN ('test-table_05.R:34:3')"/>
    </testcase>
    <testcase time="0.0289999999999999" classname="table_05" name="Table_05_generation_works_with_NA_values_pruned_rows"/>
    <testcase time="0.227999999999998" classname="table_05" name="Table_05_generation_works_with_NA_values_pruned_rows"/>
    <testcase time="0.0850000000000009" classname="table_05" name="Table_05_generation_works_with_NA_values_pruned_rows">
      <skipped message="Reason: On CRAN ('test-table_05.R:44:3')"/>
    </testcase>
    <testcase time="0.0210000000000008" classname="table_05" name="Table_05_generation_works_with_risk_difference_column"/>
    <testcase time="0.268999999999998" classname="table_05" name="Table_05_generation_works_with_risk_difference_column"/>
    <testcase time="0.115000000000002" classname="table_05" name="Table_05_generation_works_with_risk_difference_column">
      <skipped message="Reason: On CRAN ('test-table_05.R:57:3')"/>
    </testcase>
  </testsuite>
  <testsuite name="table_06" timestamp="2023-11-09T02:27:44Z" hostname="f5d497270920" tests="15" skipped="3" failures="0" errors="0" time="2.635">
    <testcase time="0.0259999999999998" classname="table_06" name="Table_06_generation_works_with_default_values"/>
    <testcase time="0.00199999999999889" classname="table_06" name="Table_06_generation_works_with_default_values"/>
    <testcase time="0.0620000000000012" classname="table_06" name="Table_06_generation_works_with_default_values"/>
    <testcase time="0.552" classname="table_06" name="Table_06_generation_works_with_default_values"/>
    <testcase time="0.109999999999999" classname="table_06" name="Table_06_generation_works_with_default_values">
      <skipped message="Reason: On CRAN ('test-table_06.R:8:3')"/>
    </testcase>
    <testcase time="0.022000000000002" classname="table_06" name="Table_06_generation_works_with_custom_values"/>
    <testcase time="0.00199999999999889" classname="table_06" name="Table_06_generation_works_with_custom_values"/>
    <testcase time="0.0609999999999999" classname="table_06" name="Table_06_generation_works_with_custom_values"/>
    <testcase time="0.687999999999999" classname="table_06" name="Table_06_generation_works_with_custom_values"/>
    <testcase time="0.195" classname="table_06" name="Table_06_generation_works_with_custom_values">
      <skipped message="Reason: On CRAN ('test-table_06.R:40:3')"/>
    </testcase>
    <testcase time="0.022000000000002" classname="table_06" name="Table_06_generation_works_with_risk_difference_column"/>
    <testcase time="0.00199999999999889" classname="table_06" name="Table_06_generation_works_with_risk_difference_column"/>
    <testcase time="0.0629999999999988" classname="table_06" name="Table_06_generation_works_with_risk_difference_column"/>
    <testcase time="0.689" classname="table_06" name="Table_06_generation_works_with_risk_difference_column"/>
    <testcase time="0.138999999999999" classname="table_06" name="Table_06_generation_works_with_risk_difference_column">
      <skipped message="Reason: On CRAN ('test-table_06.R:48:3')"/>
    </testcase>
  </testsuite>
  <testsuite name="table_07" timestamp="2023-11-09T02:27:46Z" hostname="f5d497270920" tests="24" skipped="4" failures="0" errors="0" time="2.994">
    <testcase time="0.0400000000000027" classname="table_07" name="Table_07_generation_works_with_default_values"/>
    <testcase time="0.00300000000000011" classname="table_07" name="Table_07_generation_works_with_default_values"/>
    <testcase time="0.00300000000000011" classname="table_07" name="Table_07_generation_works_with_default_values"/>
    <testcase time="0.0509999999999984" classname="table_07" name="Table_07_generation_works_with_default_values"/>
    <testcase time="0.407" classname="table_07" name="Table_07_generation_works_with_default_values"/>
    <testcase time="0.177" classname="table_07" name="Table_07_generation_works_with_default_values">
      <skipped message="Reason: On CRAN ('test-table_07.R:13:3')"/>
    </testcase>
    <testcase time="0.0250000000000021" classname="table_07" name="Table_07_generation_works_with_custom_values"/>
    <testcase time="0.00299999999999656" classname="table_07" name="Table_07_generation_works_with_custom_values"/>
    <testcase time="0.00200000000000244" classname="table_07" name="Table_07_generation_works_with_custom_values"/>
    <testcase time="0.0519999999999996" classname="table_07" name="Table_07_generation_works_with_custom_values"/>
    <testcase time="0.597000000000001" classname="table_07" name="Table_07_generation_works_with_custom_values"/>
    <testcase time="0.195999999999998" classname="table_07" name="Table_07_generation_works_with_custom_values">
      <skipped message="Reason: On CRAN ('test-table_07.R:42:3')"/>
    </testcase>
    <testcase time="0.0229999999999997" classname="table_07" name="Table_07_generation_works_with_NA_values_pruned_rows"/>
    <testcase time="0.00200000000000244" classname="table_07" name="Table_07_generation_works_with_NA_values_pruned_rows"/>
    <testcase time="0.00899999999999679" classname="table_07" name="Table_07_generation_works_with_NA_values_pruned_rows"/>
    <testcase time="0.054000000000002" classname="table_07" name="Table_07_generation_works_with_NA_values_pruned_rows"/>
    <testcase time="0.399999999999999" classname="table_07" name="Table_07_generation_works_with_NA_values_pruned_rows"/>
    <testcase time="0.194000000000003" classname="table_07" name="Table_07_generation_works_with_NA_values_pruned_rows">
      <skipped message="Reason: On CRAN ('test-table_07.R:52:3')"/>
    </testcase>
    <testcase time="0.0229999999999997" classname="table_07" name="Table_07_generation_works_with_risk_difference_column"/>
    <testcase time="0.00199999999999889" classname="table_07" name="Table_07_generation_works_with_risk_difference_column"/>
    <testcase time="0.00199999999999889" classname="table_07" name="Table_07_generation_works_with_risk_difference_column"/>
    <testcase time="0.0519999999999996" classname="table_07" name="Table_07_generation_works_with_risk_difference_column"/>
    <testcase time="0.494" classname="table_07" name="Table_07_generation_works_with_risk_difference_column"/>
    <testcase time="0.183" classname="table_07" name="Table_07_generation_works_with_risk_difference_column">
      <skipped message="Reason: On CRAN ('test-table_07.R:65:3')"/>
    </testcase>
  </testsuite>
  <testsuite name="table_08" timestamp="2023-11-09T02:27:49Z" hostname="f5d497270920" tests="8" skipped="2" failures="0" errors="0" time="0.585">
    <testcase time="0.0300000000000011" classname="table_08" name="Table_08_generation_works_with_default_values"/>
    <testcase time="0.00199999999999889" classname="table_08" name="Table_08_generation_works_with_default_values"/>
    <testcase time="0.0580000000000034" classname="table_08" name="Table_08_generation_works_with_default_values"/>
    <testcase time="0.161999999999999" classname="table_08" name="Table_08_generation_works_with_default_values">
      <skipped message="Reason: On CRAN ('test-table_08.R:10:3')"/>
    </testcase>
    <testcase time="0.0249999999999986" classname="table_08" name="Table_08_generation_works_with_custom_values"/>
    <testcase time="0.00300000000000011" classname="table_08" name="Table_08_generation_works_with_custom_values"/>
    <testcase time="0.0570000000000022" classname="table_08" name="Table_08_generation_works_with_custom_values"/>
    <testcase time="0.247999999999998" classname="table_08" name="Table_08_generation_works_with_custom_values">
      <skipped message="Reason: On CRAN ('test-table_08.R:31:3')"/>
    </testcase>
  </testsuite>
  <testsuite name="table_09" timestamp="2023-11-09T02:27:50Z" hostname="f5d497270920" tests="12" skipped="3" failures="0" errors="0" time="1.808">
    <testcase time="0.0330000000000013" classname="table_09" name="Table_09_generation_works_with_default_values"/>
    <testcase time="0.0529999999999973" classname="table_09" name="Table_09_generation_works_with_default_values"/>
    <testcase time="0.41" classname="table_09" name="Table_09_generation_works_with_default_values"/>
    <testcase time="0.0820000000000007" classname="table_09" name="Table_09_generation_works_with_default_values">
      <skipped message="Reason: On CRAN ('test-table_09.R:8:3')"/>
    </testcase>
    <testcase time="0.0249999999999986" classname="table_09" name="Table_09_generation_works_with_custom_values"/>
    <testcase time="0.0470000000000006" classname="table_09" name="Table_09_generation_works_with_custom_values"/>
    <testcase time="0.445000000000004" classname="table_09" name="Table_09_generation_works_with_custom_values"/>
    <testcase time="0.0919999999999987" classname="table_09" name="Table_09_generation_works_with_custom_values">
      <skipped message="Reason: On CRAN ('test-table_09.R:39:3')"/>
    </testcase>
    <testcase time="0.0219999999999985" classname="table_09" name="Table_09_generation_works_with_risk_difference_column"/>
    <testcase time="0.0480000000000018" classname="table_09" name="Table_09_generation_works_with_risk_difference_column"/>
    <testcase time="0.458999999999996" classname="table_09" name="Table_09_generation_works_with_risk_difference_column"/>
    <testcase time="0.0919999999999987" classname="table_09" name="Table_09_generation_works_with_risk_difference_column">
      <skipped message="Reason: On CRAN ('test-table_09.R:47:3')"/>
    </testcase>
  </testsuite>
  <testsuite name="table_10" timestamp="2023-11-09T02:27:52Z" hostname="f5d497270920" tests="15" skipped="3" failures="0" errors="0" time="2.125">
    <testcase time="0.0330000000000013" classname="table_10" name="Table_10_generation_works_with_default_values"/>
    <testcase time="0.00200000000000244" classname="table_10" name="Table_10_generation_works_with_default_values"/>
    <testcase time="0.0600000000000023" classname="table_10" name="Table_10_generation_works_with_default_values"/>
    <testcase time="0.460999999999999" classname="table_10" name="Table_10_generation_works_with_default_values"/>
    <testcase time="0.167999999999999" classname="table_10" name="Table_10_generation_works_with_default_values">
      <skipped message="Reason: On CRAN ('test-table_10.R:17:3')"/>
    </testcase>
    <testcase time="0.0249999999999986" classname="table_10" name="Table_10_generation_works_with_custom_values"/>
    <testcase time="0.00200000000000244" classname="table_10" name="Table_10_generation_works_with_custom_values"/>
    <testcase time="0.046999999999997" classname="table_10" name="Table_10_generation_works_with_custom_values"/>
    <testcase time="0.417999999999999" classname="table_10" name="Table_10_generation_works_with_custom_values"/>
    <testcase time="0.0870000000000033" classname="table_10" name="Table_10_generation_works_with_custom_values">
      <skipped message="Reason: On CRAN ('test-table_10.R:52:3')"/>
    </testcase>
    <testcase time="0.0240000000000009" classname="table_10" name="Table_10_generation_works_with_risk_difference_column"/>
    <testcase time="0.00199999999999534" classname="table_10" name="Table_10_generation_works_with_risk_difference_column"/>
    <testcase time="0.0480000000000018" classname="table_10" name="Table_10_generation_works_with_risk_difference_column"/>
    <testcase time="0.578000000000003" classname="table_10" name="Table_10_generation_works_with_risk_difference_column"/>
    <testcase time="0.169999999999995" classname="table_10" name="Table_10_generation_works_with_risk_difference_column">
      <skipped message="Reason: On CRAN ('test-table_10.R:60:3')"/>
    </testcase>
  </testsuite>
  <testsuite name="table_11" timestamp="2023-11-09T02:27:54Z" hostname="f5d497270920" tests="12" skipped="3" failures="0" errors="0" time="3.192">
    <testcase time="0.0390000000000015" classname="table_11" name="Table_11_generation_works_with_default_values"/>
    <testcase time="0.0560000000000045" classname="table_11" name="Table_11_generation_works_with_default_values"/>
    <testcase time="0.753999999999998" classname="table_11" name="Table_11_generation_works_with_default_values"/>
    <testcase time="0.171999999999997" classname="table_11" name="Table_11_generation_works_with_default_values">
      <skipped message="Reason: On CRAN ('test-table_11.R:18:3')"/>
    </testcase>
    <testcase time="0.0220000000000056" classname="table_11" name="Table_11_generation_works_with_custom_values"/>
    <testcase time="0.0499999999999972" classname="table_11" name="Table_11_generation_works_with_custom_values"/>
    <testcase time="0.740000000000002" classname="table_11" name="Table_11_generation_works_with_custom_values"/>
    <testcase time="0.0949999999999989" classname="table_11" name="Table_11_generation_works_with_custom_values">
      <skipped message="Reason: On CRAN ('test-table_11.R:48:3')"/>
    </testcase>
    <testcase time="0.0259999999999962" classname="table_11" name="Table_11_generation_works_with_risk_difference_column"/>
    <testcase time="0.0600000000000023" classname="table_11" name="Table_11_generation_works_with_risk_difference_column"/>
    <testcase time="0.974000000000004" classname="table_11" name="Table_11_generation_works_with_risk_difference_column"/>
    <testcase time="0.203999999999994" classname="table_11" name="Table_11_generation_works_with_risk_difference_column">
      <skipped message="Reason: On CRAN ('test-table_11.R:56:3')"/>
    </testcase>
  </testsuite>
  <testsuite name="table_12" timestamp="2023-11-09T02:27:57Z" hostname="f5d497270920" tests="12" skipped="3" failures="0" errors="0" time="4.149">
    <testcase time="0.0300000000000011" classname="table_12" name="Table_12_generation_works_with_default_values"/>
    <testcase time="0.0600000000000023" classname="table_12" name="Table_12_generation_works_with_default_values"/>
    <testcase time="1.004" classname="table_12" name="Table_12_generation_works_with_default_values"/>
    <testcase time="0.132000000000005" classname="table_12" name="Table_12_generation_works_with_default_values">
      <skipped message="Reason: On CRAN ('test-table_12.R:9:3')"/>
    </testcase>
    <testcase time="0.0239999999999938" classname="table_12" name="Table_12_generation_works_with_custom_values"/>
    <testcase time="0.0660000000000025" classname="table_12" name="Table_12_generation_works_with_custom_values"/>
    <testcase time="1.249" classname="table_12" name="Table_12_generation_works_with_custom_values"/>
    <testcase time="0.152000000000001" classname="table_12" name="Table_12_generation_works_with_custom_values">
      <skipped message="Reason: On CRAN ('test-table_12.R:39:3')"/>
    </testcase>
    <testcase time="0.0249999999999986" classname="table_12" name="Table_12_generation_works_with_risk_difference_column"/>
    <testcase time="0.0820000000000007" classname="table_12" name="Table_12_generation_works_with_risk_difference_column"/>
    <testcase time="1.164" classname="table_12" name="Table_12_generation_works_with_risk_difference_column"/>
    <testcase time="0.160999999999994" classname="table_12" name="Table_12_generation_works_with_risk_difference_column">
      <skipped message="Reason: On CRAN ('test-table_12.R:47:3')"/>
    </testcase>
  </testsuite>
  <testsuite name="table_13" timestamp="2023-11-09T02:28:01Z" hostname="f5d497270920" tests="12" skipped="3" failures="0" errors="0" time="0.96">
    <testcase time="0.027000000000001" classname="table_13" name="Table_13_generation_works_with_default_values"/>
    <testcase time="0.054000000000002" classname="table_13" name="Table_13_generation_works_with_default_values"/>
    <testcase time="0.139000000000003" classname="table_13" name="Table_13_generation_works_with_default_values"/>
    <testcase time="0.0889999999999986" classname="table_13" name="Table_13_generation_works_with_default_values">
      <skipped message="Reason: On CRAN ('test-table_13.R:8:3')"/>
    </testcase>
    <testcase time="0.0210000000000008" classname="table_13" name="Table_13_generation_works_with_custom_values"/>
    <testcase time="0.0509999999999948" classname="table_13" name="Table_13_generation_works_with_custom_values"/>
    <testcase time="0.170000000000002" classname="table_13" name="Table_13_generation_works_with_custom_values"/>
    <testcase time="0.0700000000000003" classname="table_13" name="Table_13_generation_works_with_custom_values">
      <skipped message="Reason: On CRAN ('test-table_13.R:38:3')"/>
    </testcase>
    <testcase time="0.0219999999999985" classname="table_13" name="Table_13_generation_works_with_risk_difference_column"/>
    <testcase time="0.0549999999999997" classname="table_13" name="Table_13_generation_works_with_risk_difference_column"/>
    <testcase time="0.166000000000004" classname="table_13" name="Table_13_generation_works_with_risk_difference_column"/>
    <testcase time="0.0959999999999965" classname="table_13" name="Table_13_generation_works_with_risk_difference_column">
      <skipped message="Reason: On CRAN ('test-table_13.R:46:3')"/>
    </testcase>
  </testsuite>
  <testsuite name="table_14" timestamp="2023-11-09T02:28:02Z" hostname="f5d497270920" tests="13" skipped="4" failures="0" errors="0" time="3.831">
    <testcase time="0.0399999999999991" classname="table_14" name="Table_14_generation_works_with_default_values"/>
    <testcase time="0.657000000000004" classname="table_14" name="Table_14_generation_works_with_default_values"/>
    <testcase time="0.177" classname="table_14" name="Table_14_generation_works_with_default_values">
      <skipped message="Reason: On CRAN ('test-table_14.R:16:3')"/>
    </testcase>
    <testcase time="0.0219999999999985" classname="table_14" name="Table_14_generation_works_with_custom_values"/>
    <testcase time="0.0549999999999997" classname="table_14" name="Table_14_generation_works_with_custom_values"/>
    <testcase time="0.694000000000003" classname="table_14" name="Table_14_generation_works_with_custom_values"/>
    <testcase time="0.187999999999995" classname="table_14" name="Table_14_generation_works_with_custom_values">
      <skipped message="Reason: On CRAN ('test-table_14.R:46:3')"/>
    </testcase>
    <testcase time="0.0220000000000056" classname="table_14" name="Table_14_generation_works_with_NA_values_pruned_rows"/>
    <testcase time="0.686999999999998" classname="table_14" name="Table_14_generation_works_with_NA_values_pruned_rows"/>
    <testcase time="0.137999999999998" classname="table_14" name="Table_14_generation_works_with_NA_values_pruned_rows">
      <skipped message="Reason: On CRAN ('test-table_14.R:53:3')"/>
    </testcase>
    <testcase time="0.0260000000000034" classname="table_14" name="Table_14_generation_works_with_risk_difference_column"/>
    <testcase time="0.912999999999997" classname="table_14" name="Table_14_generation_works_with_risk_difference_column"/>
    <testcase time="0.212000000000003" classname="table_14" name="Table_14_generation_works_with_risk_difference_column">
      <skipped message="Reason: On CRAN ('test-table_14.R:61:3')"/>
    </testcase>
  </testsuite>
  <testsuite name="table_15" timestamp="2023-11-09T02:28:06Z" hostname="f5d497270920" tests="16" skipped="4" failures="0" errors="0" time="2.286">
    <testcase time="0.0589999999999975" classname="table_15" name="Table_15_generation_works_with_default_values"/>
    <testcase time="0.0489999999999995" classname="table_15" name="Table_15_generation_works_with_default_values"/>
    <testcase time="0.358000000000004" classname="table_15" name="Table_15_generation_works_with_default_values"/>
    <testcase time="0.113999999999997" classname="table_15" name="Table_15_generation_works_with_default_values">
      <skipped message="Reason: On CRAN ('test-table_15.R:19:3')"/>
    </testcase>
    <testcase time="0.0230000000000032" classname="table_15" name="Table_15_generation_works_with_custom_values"/>
    <testcase time="0.0559999999999974" classname="table_15" name="Table_15_generation_works_with_custom_values"/>
    <testcase time="0.334000000000003" classname="table_15" name="Table_15_generation_works_with_custom_values"/>
    <testcase time="0.113999999999997" classname="table_15" name="Table_15_generation_works_with_custom_values">
      <skipped message="Reason: On CRAN ('test-table_15.R:51:3')"/>
    </testcase>
    <testcase time="0.0219999999999985" classname="table_15" name="Table_15_generation_works_with_NA_values_pruned_rows"/>
    <testcase time="0.054000000000002" classname="table_15" name="Table_15_generation_works_with_NA_values_pruned_rows"/>
    <testcase time="0.341000000000001" classname="table_15" name="Table_15_generation_works_with_NA_values_pruned_rows"/>
    <testcase time="0.128" classname="table_15" name="Table_15_generation_works_with_NA_values_pruned_rows">
      <skipped message="Reason: On CRAN ('test-table_15.R:58:3')"/>
    </testcase>
    <testcase time="0.0240000000000009" classname="table_15" name="Table_15_generation_works_with_risk_difference_column"/>
    <testcase time="0.0559999999999974" classname="table_15" name="Table_15_generation_works_with_risk_difference_column"/>
    <testcase time="0.411999999999999" classname="table_15" name="Table_15_generation_works_with_risk_difference_column"/>
    <testcase time="0.142000000000003" classname="table_15" name="Table_15_generation_works_with_risk_difference_column">
      <skipped message="Reason: On CRAN ('test-table_15.R:66:3')"/>
    </testcase>
  </testsuite>
  <testsuite name="table_16" timestamp="2023-11-09T02:28:08Z" hostname="f5d497270920" tests="16" skipped="4" failures="0" errors="0" time="1.879">
    <testcase time="0.0329999999999941" classname="table_16" name="Table_16_generation_works_with_default_values"/>
    <testcase time="0.0450000000000017" classname="table_16" name="Table_16_generation_works_with_default_values"/>
    <testcase time="0.319000000000003" classname="table_16" name="Table_16_generation_works_with_default_values"/>
    <testcase time="0.070999999999998" classname="table_16" name="Table_16_generation_works_with_default_values">
      <skipped message="Reason: On CRAN ('test-table_16.R:19:3')"/>
    </testcase>
    <testcase time="0.0240000000000009" classname="table_16" name="Table_16_generation_works_with_custom_values"/>
    <testcase time="0.0439999999999969" classname="table_16" name="Table_16_generation_works_with_custom_values"/>
    <testcase time="0.309000000000005" classname="table_16" name="Table_16_generation_works_with_custom_values"/>
    <testcase time="0.0569999999999951" classname="table_16" name="Table_16_generation_works_with_custom_values">
      <skipped message="Reason: On CRAN ('test-table_16.R:51:3')"/>
    </testcase>
    <testcase time="0.0220000000000056" classname="table_16" name="Table_16_generation_works_with_NA_values_pruned_rows"/>
    <testcase time="0.0449999999999946" classname="table_16" name="Table_16_generation_works_with_NA_values_pruned_rows"/>
    <testcase time="0.343000000000004" classname="table_16" name="Table_16_generation_works_with_NA_values_pruned_rows"/>
    <testcase time="0.0589999999999975" classname="table_16" name="Table_16_generation_works_with_NA_values_pruned_rows">
      <skipped message="Reason: On CRAN ('test-table_16.R:58:3')"/>
    </testcase>
    <testcase time="0.0250000000000057" classname="table_16" name="Table_16_generation_works_with_risk_difference_column"/>
    <testcase time="0.046999999999997" classname="table_16" name="Table_16_generation_works_with_risk_difference_column"/>
    <testcase time="0.360999999999997" classname="table_16" name="Table_16_generation_works_with_risk_difference_column"/>
    <testcase time="0.0750000000000028" classname="table_16" name="Table_16_generation_works_with_risk_difference_column">
      <skipped message="Reason: On CRAN ('test-table_16.R:66:3')"/>
    </testcase>
  </testsuite>
  <testsuite name="table_17" timestamp="2023-11-09T02:28:10Z" hostname="f5d497270920" tests="16" skipped="4" failures="0" errors="0" time="3.322">
    <testcase time="0.0360000000000014" classname="table_17" name="Table_17_generation_works_with_default_values"/>
    <testcase time="0.0599999999999952" classname="table_17" name="Table_17_generation_works_with_default_values"/>
    <testcase time="0.519000000000005" classname="table_17" name="Table_17_generation_works_with_default_values"/>
    <testcase time="0.204999999999998" classname="table_17" name="Table_17_generation_works_with_default_values">
      <skipped message="Reason: On CRAN ('test-table_17.R:25:3')"/>
    </testcase>
    <testcase time="0.0330000000000013" classname="table_17" name="Table_17_generation_works_with_custom_values"/>
    <testcase time="0.0519999999999996" classname="table_17" name="Table_17_generation_works_with_custom_values"/>
    <testcase time="0.494999999999997" classname="table_17" name="Table_17_generation_works_with_custom_values"/>
    <testcase time="0.213000000000001" classname="table_17" name="Table_17_generation_works_with_custom_values">
      <skipped message="Reason: On CRAN ('test-table_17.R:57:3')"/>
    </testcase>
    <testcase time="0.0240000000000009" classname="table_17" name="Table_17_generation_works_with_NA_values_pruned_rows"/>
    <testcase time="0.0810000000000031" classname="table_17" name="Table_17_generation_works_with_NA_values_pruned_rows"/>
    <testcase time="0.512" classname="table_17" name="Table_17_generation_works_with_NA_values_pruned_rows"/>
    <testcase time="0.208999999999996" classname="table_17" name="Table_17_generation_works_with_NA_values_pruned_rows">
      <skipped message="Reason: On CRAN ('test-table_17.R:64:3')"/>
    </testcase>
    <testcase time="0.0230000000000032" classname="table_17" name="Table_17_generation_works_with_risk_difference_column"/>
    <testcase time="0.0549999999999997" classname="table_17" name="Table_17_generation_works_with_risk_difference_column"/>
    <testcase time="0.577999999999996" classname="table_17" name="Table_17_generation_works_with_risk_difference_column"/>
    <testcase time="0.227000000000004" classname="table_17" name="Table_17_generation_works_with_risk_difference_column">
      <skipped message="Reason: On CRAN ('test-table_17.R:72:3')"/>
    </testcase>
  </testsuite>
  <testsuite name="table_18" timestamp="2023-11-09T02:28:13Z" hostname="f5d497270920" tests="16" skipped="4" failures="0" errors="0" time="2.9">
    <testcase time="0.0320000000000036" classname="table_18" name="Table_18_generation_works_with_default_values"/>
    <testcase time="0.0579999999999998" classname="table_18" name="Table_18_generation_works_with_default_values"/>
    <testcase time="0.492999999999995" classname="table_18" name="Table_18_generation_works_with_default_values"/>
    <testcase time="0.0960000000000036" classname="table_18" name="Table_18_generation_works_with_default_values">
      <skipped message="Reason: On CRAN ('test-table_18.R:25:3')"/>
    </testcase>
    <testcase time="0.0219999999999985" classname="table_18" name="Table_18_generation_works_with_custom_values"/>
    <testcase time="0.0459999999999994" classname="table_18" name="Table_18_generation_works_with_custom_values"/>
    <testcase time="0.539000000000001" classname="table_18" name="Table_18_generation_works_with_custom_values"/>
    <testcase time="0.103000000000002" classname="table_18" name="Table_18_generation_works_with_custom_values">
      <skipped message="Reason: On CRAN ('test-table_18.R:57:3')"/>
    </testcase>
    <testcase time="0.0249999999999986" classname="table_18" name="Table_18_generation_works_with_NA_values_pruned_rows"/>
    <testcase time="0.0510000000000019" classname="table_18" name="Table_18_generation_works_with_NA_values_pruned_rows"/>
    <testcase time="0.542000000000002" classname="table_18" name="Table_18_generation_works_with_NA_values_pruned_rows"/>
    <testcase time="0.100000000000001" classname="table_18" name="Table_18_generation_works_with_NA_values_pruned_rows">
      <skipped message="Reason: On CRAN ('test-table_18.R:64:3')"/>
    </testcase>
    <testcase time="0.027000000000001" classname="table_18" name="Table_18_generation_works_with_risk_difference_column"/>
    <testcase time="0.0479999999999947" classname="table_18" name="Table_18_generation_works_with_risk_difference_column"/>
    <testcase time="0.613999999999997" classname="table_18" name="Table_18_generation_works_with_risk_difference_column"/>
    <testcase time="0.103999999999999" classname="table_18" name="Table_18_generation_works_with_risk_difference_column">
      <skipped message="Reason: On CRAN ('test-table_18.R:72:3')"/>
    </testcase>
  </testsuite>
  <testsuite name="table_20" timestamp="2023-11-09T02:28:16Z" hostname="f5d497270920" tests="24" skipped="4" failures="0" errors="0" time="3.463">
    <testcase time="0.0360000000000014" classname="table_20" name="Table_20_generation_works_with_default_values"/>
    <testcase time="0.00200000000000244" classname="table_20" name="Table_20_generation_works_with_default_values"/>
    <testcase time="0.00199999999999534" classname="table_20" name="Table_20_generation_works_with_default_values"/>
    <testcase time="0.0680000000000049" classname="table_20" name="Table_20_generation_works_with_default_values"/>
    <testcase time="0.561999999999998" classname="table_20" name="Table_20_generation_works_with_default_values"/>
    <testcase time="0.122999999999998" classname="table_20" name="Table_20_generation_works_with_default_values">
      <skipped message="Reason: On CRAN ('test-table_20.R:17:3')"/>
    </testcase>
    <testcase time="0.0230000000000032" classname="table_20" name="Table_20_generation_works_with_custom_values"/>
    <testcase time="0.00199999999999534" classname="table_20" name="Table_20_generation_works_with_custom_values"/>
    <testcase time="0.00200000000000244" classname="table_20" name="Table_20_generation_works_with_custom_values"/>
    <testcase time="0.0510000000000019" classname="table_20" name="Table_20_generation_works_with_custom_values"/>
    <testcase time="0.814" classname="table_20" name="Table_20_generation_works_with_custom_values"/>
    <testcase time="0.150999999999996" classname="table_20" name="Table_20_generation_works_with_custom_values">
      <skipped message="Reason: On CRAN ('test-table_20.R:65:3')"/>
    </testcase>
    <testcase time="0.0330000000000013" classname="table_20" name="Table_20_generation_works_with_missing_values_pruned_rows"/>
    <testcase time="0.00300000000000011" classname="table_20" name="Table_20_generation_works_with_missing_values_pruned_rows"/>
    <testcase time="0.00200000000000244" classname="table_20" name="Table_20_generation_works_with_missing_values_pruned_rows"/>
    <testcase time="0.0589999999999975" classname="table_20" name="Table_20_generation_works_with_missing_values_pruned_rows"/>
    <testcase time="0.517000000000003" classname="table_20" name="Table_20_generation_works_with_missing_values_pruned_rows"/>
    <testcase time="0.125999999999998" classname="table_20" name="Table_20_generation_works_with_missing_values_pruned_rows">
      <skipped message="Reason: On CRAN ('test-table_20.R:74:3')"/>
    </testcase>
    <testcase time="0.0230000000000032" classname="table_20" name="Table_20_generation_works_with_risk_difference_column"/>
    <testcase time="0.00199999999999534" classname="table_20" name="Table_20_generation_works_with_risk_difference_column"/>
    <testcase time="0.00200000000000244" classname="table_20" name="Table_20_generation_works_with_risk_difference_column"/>
    <testcase time="0.0529999999999973" classname="table_20" name="Table_20_generation_works_with_risk_difference_column"/>
    <testcase time="0.675000000000004" classname="table_20" name="Table_20_generation_works_with_risk_difference_column"/>
    <testcase time="0.131999999999998" classname="table_20" name="Table_20_generation_works_with_risk_difference_column">
      <skipped message="Reason: On CRAN ('test-table_20.R:82:3')"/>
    </testcase>
  </testsuite>
  <testsuite name="table_21" timestamp="2023-11-09T02:28:20Z" hostname="f5d497270920" tests="19" skipped="4" failures="0" errors="0" time="3.094">
    <testcase time="0.0810000000000031" classname="table_21" name="Table_21_generation_works_with_default_values"/>
    <testcase time="0.00199999999999534" classname="table_21" name="Table_21_generation_works_with_default_values"/>
    <testcase time="0.684000000000005" classname="table_21" name="Table_21_generation_works_with_default_values"/>
    <testcase time="0.151999999999994" classname="table_21" name="Table_21_generation_works_with_default_values">
      <skipped message="Reason: On CRAN ('test-table_21.R:22:3')"/>
    </testcase>
    <testcase time="0.0260000000000034" classname="table_21" name="Table_21_generation_works_with_custom_values_N_s_denominator_and_overall_column"/>
    <testcase time="0.00200000000000244" classname="table_21" name="Table_21_generation_works_with_custom_values_N_s_denominator_and_overall_column"/>
    <testcase time="0.0839999999999961" classname="table_21" name="Table_21_generation_works_with_custom_values_N_s_denominator_and_overall_column"/>
    <testcase time="0.803000000000004" classname="table_21" name="Table_21_generation_works_with_custom_values_N_s_denominator_and_overall_column"/>
    <testcase time="0.158999999999999" classname="table_21" name="Table_21_generation_works_with_custom_values_N_s_denominator_and_overall_column">
      <skipped message="Reason: On CRAN ('test-table_21.R:34:3')"/>
    </testcase>
    <testcase time="0.0219999999999985" classname="table_21" name="Table_21_generation_works_with_custom_values_N_col_denominator_and_no_overall_column"/>
    <testcase time="0.00200000000000244" classname="table_21" name="Table_21_generation_works_with_custom_values_N_col_denominator_and_no_overall_column"/>
    <testcase time="0.0549999999999997" classname="table_21" name="Table_21_generation_works_with_custom_values_N_col_denominator_and_no_overall_column"/>
    <testcase time="0.369" classname="table_21" name="Table_21_generation_works_with_custom_values_N_col_denominator_and_no_overall_column"/>
    <testcase time="0.138999999999996" classname="table_21" name="Table_21_generation_works_with_custom_values_N_col_denominator_and_no_overall_column">
      <skipped message="Reason: On CRAN ('test-table_21.R:62:3')"/>
    </testcase>
    <testcase time="0.0760000000000005" classname="table_21" name="Table_21_generation_works_with_some_NA_values"/>
    <testcase time="0.00200000000000244" classname="table_21" name="Table_21_generation_works_with_some_NA_values"/>
    <testcase time="0.0549999999999997" classname="table_21" name="Table_21_generation_works_with_some_NA_values"/>
    <testcase time="0.280999999999999" classname="table_21" name="Table_21_generation_works_with_some_NA_values"/>
    <testcase time="0.100000000000001" classname="table_21" name="Table_21_generation_works_with_some_NA_values">
      <skipped message="Reason: On CRAN ('test-table_21.R:82:3')"/>
    </testcase>
  </testsuite>
  <testsuite name="table_32" timestamp="2023-11-09T02:28:23Z" hostname="f5d497270920" tests="22" skipped="6" failures="0" errors="0" time="6.638">
    <testcase time="0.0410000000000039" classname="table_32" name="Table_32_generation_works_with_default_values"/>
    <testcase time="0.0600000000000023" classname="table_32" name="Table_32_generation_works_with_default_values"/>
    <testcase time="0.140999999999991" classname="table_32" name="Table_32_generation_works_with_default_values"/>
    <testcase time="0.0730000000000075" classname="table_32" name="Table_32_generation_works_with_default_values">
      <skipped message="Reason: On CRAN ('test-table_32.R:8:3')"/>
    </testcase>
    <testcase time="0.0309999999999917" classname="table_32" name="Table_32_generation_works_with_custom_values"/>
    <testcase time="0.0640000000000072" classname="table_32" name="Table_32_generation_works_with_custom_values"/>
    <testcase time="0.167999999999992" classname="table_32" name="Table_32_generation_works_with_custom_values"/>
    <testcase time="0.0880000000000081" classname="table_32" name="Table_32_generation_works_with_custom_values">
      <skipped message="Reason: On CRAN ('test-table_32.R:30:3')"/>
    </testcase>
    <testcase time="0.0210000000000008" classname="table_32" name="Table_32_generation_works_with_pruned_rows"/>
    <testcase time="0.0619999999999976" classname="table_32" name="Table_32_generation_works_with_pruned_rows"/>
    <testcase time="0.143000000000001" classname="table_32" name="Table_32_generation_works_with_pruned_rows"/>
    <testcase time="0.0499999999999972" classname="table_32" name="Table_32_generation_works_with_pruned_rows">
      <skipped message="Reason: On CRAN ('test-table_32.R:37:3')"/>
    </testcase>
    <testcase time="0.0330000000000013" classname="table_32" name="Table_32_generation_works_with_risk_difference_column"/>
    <testcase time="0.0589999999999975" classname="table_32" name="Table_32_generation_works_with_risk_difference_column"/>
    <testcase time="0.171000000000006" classname="table_32" name="Table_32_generation_works_with_risk_difference_column"/>
    <testcase time="0.0959999999999894" classname="table_32" name="Table_32_generation_works_with_risk_difference_column">
      <skipped message="Reason: On CRAN ('test-table_32.R:45:3')"/>
    </testcase>
    <testcase time="0.0240000000000009" classname="table_32" name="Table_32_gtsum_generation_works_with_default_values"/>
    <testcase time="2.215" classname="table_32" name="Table_32_gtsum_generation_works_with_default_values"/>
    <testcase time="0.0120000000000005" classname="table_32" name="Table_32_gtsum_generation_works_with_default_values">
      <skipped message="Reason: On CRAN ('test-table_32.R:51:3')"/>
    </testcase>
    <testcase time="0.0250000000000057" classname="table_32" name="Table_32_gtsum_generation_works_with_custom_values"/>
    <testcase time="3.045" classname="table_32" name="Table_32_gtsum_generation_works_with_custom_values"/>
    <testcase time="0.0159999999999911" classname="table_32" name="Table_32_gtsum_generation_works_with_custom_values">
      <skipped message="Reason: On CRAN ('test-table_32.R:61:3')"/>
    </testcase>
  </testsuite>
  <testsuite name="table_33" timestamp="2023-11-09T02:28:30Z" hostname="f5d497270920" tests="16" skipped="4" failures="0" errors="0" time="2.635">
    <testcase time="0.0360000000000014" classname="table_33" name="Table_33_generation_works_with_default_values"/>
    <testcase time="0.376000000000005" classname="table_33" name="Table_33_generation_works_with_default_values"/>
    <testcase time="0.106999999999999" classname="table_33" name="Table_33_generation_works_with_default_values"/>
    <testcase time="0.039999999999992" classname="table_33" name="Table_33_generation_works_with_default_values">
      <skipped message="Reason: On CRAN ('test-table_33.R:8:3')"/>
    </testcase>
    <testcase time="0.0220000000000056" classname="table_33" name="Table_33_generation_works_with_custom_values"/>
    <testcase time="0.369" classname="table_33" name="Table_33_generation_works_with_custom_values"/>
    <testcase time="0.144999999999996" classname="table_33" name="Table_33_generation_works_with_custom_values"/>
    <testcase time="0.0489999999999924" classname="table_33" name="Table_33_generation_works_with_custom_values">
      <skipped message="Reason: On CRAN ('test-table_33.R:34:3')"/>
    </testcase>
    <testcase time="0.0240000000000009" classname="table_33" name="Table_33_generation_works_with_pruned_rows"/>
    <testcase time="0.373000000000005" classname="table_33" name="Table_33_generation_works_with_pruned_rows"/>
    <testcase time="0.147999999999996" classname="table_33" name="Table_33_generation_works_with_pruned_rows"/>
    <testcase time="0.034000000000006" classname="table_33" name="Table_33_generation_works_with_pruned_rows">
      <skipped message="Reason: On CRAN ('test-table_33.R:42:3')"/>
    </testcase>
    <testcase time="0.0220000000000056" classname="table_33" name="Table_33_generation_works_with_risk_difference_column"/>
    <testcase time="0.359999999999999" classname="table_33" name="Table_33_generation_works_with_risk_difference_column"/>
    <testcase time="0.478999999999999" classname="table_33" name="Table_33_generation_works_with_risk_difference_column"/>
    <testcase time="0.0510000000000019" classname="table_33" name="Table_33_generation_works_with_risk_difference_column">
      <skipped message="Reason: On CRAN ('test-table_33.R:50:3')"/>
    </testcase>
  </testsuite>
  <testsuite name="table_34" timestamp="2023-11-09T02:28:32Z" hostname="f5d497270920" tests="12" skipped="3" failures="0" errors="0" time="7.665">
    <testcase time="0.0379999999999967" classname="table_34" name="Table_34_generation_works_with_default_values"/>
    <testcase time="0.0519999999999925" classname="table_34" name="Table_34_generation_works_with_default_values"/>
    <testcase time="2.184" classname="table_34" name="Table_34_generation_works_with_default_values"/>
    <testcase time="0.290000000000006" classname="table_34" name="Table_34_generation_works_with_default_values">
      <skipped message="Reason: On CRAN ('test-table_34.R:17:3')"/>
    </testcase>
    <testcase time="0.0240000000000009" classname="table_34" name="Table_34_generation_works_with_custom_values"/>
    <testcase time="0.0559999999999974" classname="table_34" name="Table_34_generation_works_with_custom_values"/>
    <testcase time="2.053" classname="table_34" name="Table_34_generation_works_with_custom_values"/>
    <testcase time="0.0889999999999986" classname="table_34" name="Table_34_generation_works_with_custom_values">
      <skipped message="Reason: On CRAN ('test-table_34.R:49:3')"/>
    </testcase>
    <testcase time="0.0210000000000008" classname="table_34" name="Table_34_generation_works_with_risk_difference_column"/>
    <testcase time="0.0520000000000067" classname="table_34" name="Table_34_generation_works_with_risk_difference_column"/>
    <testcase time="2.52" classname="table_34" name="Table_34_generation_works_with_risk_difference_column"/>
    <testcase time="0.286000000000001" classname="table_34" name="Table_34_generation_works_with_risk_difference_column">
      <skipped message="Reason: On CRAN ('test-table_34.R:57:3')"/>
    </testcase>
  </testsuite>
</testsuites>
