<?xml version="1.0" encoding="UTF-8"?>
<testsuites>
  <testsuite name="table_02" timestamp="2023-06-07T14:25:33Z" hostname="45ca2d019b83" tests="9" skipped="3" failures="0" errors="0" time="1.835">
    <testcase time="0.226" classname="table_02" name="Table_02_generation_works_with_default_values"/>
    <testcase time="0.546" classname="table_02" name="Table_02_generation_works_with_default_values"/>
    <testcase time="0.213" classname="table_02" name="Table_02_generation_works_with_default_values">
      <skipped message="Reason: On CRAN ('test-table_02.R:16:3')"/>
    </testcase>
    <testcase time="0.0659999999999998" classname="table_02" name="Table_02_generation_works_with_custom_values"/>
    <testcase time="0.386" classname="table_02" name="Table_02_generation_works_with_custom_values"/>
    <testcase time="0.205" classname="table_02" name="Table_02_generation_works_with_custom_values">
      <skipped message="Reason: On CRAN ('test-table_02.R:45:3')"/>
    </testcase>
    <testcase time="0.0529999999999999" classname="table_02" name="Table_02_generation_works_with_some_NA_values"/>
    <testcase time="0.0960000000000001" classname="table_02" name="Table_02_generation_works_with_some_NA_values"/>
    <testcase time="0.0440000000000005" classname="table_02" name="Table_02_generation_works_with_some_NA_values">
      <skipped message="Reason: On CRAN ('test-table_02.R:57:3')"/>
    </testcase>
  </testsuite>
  <testsuite name="table_05" timestamp="2023-06-07T14:25:35Z" hostname="45ca2d019b83" tests="9" skipped="3" failures="0" errors="0" time="1.118">
    <testcase time="0.173999999999999" classname="table_05" name="Table_05_generation_works_with_default_values"/>
    <testcase time="0.277" classname="table_05" name="Table_05_generation_works_with_default_values"/>
    <testcase time="0.0670000000000002" classname="table_05" name="Table_05_generation_works_with_default_values">
      <skipped message="Reason: On CRAN ('test-table_05.R:10:3')"/>
    </testcase>
    <testcase time="0.0129999999999999" classname="table_05" name="Table_05_generation_works_with_custom_values"/>
    <testcase time="0.242999999999999" classname="table_05" name="Table_05_generation_works_with_custom_values"/>
    <testcase time="0.0860000000000003" classname="table_05" name="Table_05_generation_works_with_custom_values">
      <skipped message="Reason: On CRAN ('test-table_05.R:34:3')"/>
    </testcase>
    <testcase time="0.0149999999999997" classname="table_05" name="Table_05_generation_works_with_NA_values_pruned_rows"/>
    <testcase time="0.175000000000001" classname="table_05" name="Table_05_generation_works_with_NA_values_pruned_rows"/>
    <testcase time="0.0679999999999996" classname="table_05" name="Table_05_generation_works_with_NA_values_pruned_rows">
      <skipped message="Reason: On CRAN ('test-table_05.R:44:3')"/>
    </testcase>
  </testsuite>
  <testsuite name="table_06" timestamp="2023-06-07T14:25:36Z" hostname="45ca2d019b83" tests="10" skipped="2" failures="0" errors="0" time="1.248">
    <testcase time="0.0369999999999999" classname="table_06" name="Table_06_generation_works_with_default_values"/>
    <testcase time="0.00199999999999978" classname="table_06" name="Table_06_generation_works_with_default_values"/>
    <testcase time="0.056" classname="table_06" name="Table_06_generation_works_with_default_values"/>
    <testcase time="0.383" classname="table_06" name="Table_06_generation_works_with_default_values"/>
    <testcase time="0.0870000000000006" classname="table_06" name="Table_06_generation_works_with_default_values">
      <skipped message="Reason: On CRAN ('test-table_06.R:8:3')"/>
    </testcase>
    <testcase time="0.0139999999999993" classname="table_06" name="Table_06_generation_works_with_custom_values"/>
    <testcase time="0.00100000000000033" classname="table_06" name="Table_06_generation_works_with_custom_values"/>
    <testcase time="0.0599999999999996" classname="table_06" name="Table_06_generation_works_with_custom_values"/>
    <testcase time="0.485" classname="table_06" name="Table_06_generation_works_with_custom_values"/>
    <testcase time="0.123" classname="table_06" name="Table_06_generation_works_with_custom_values">
      <skipped message="Reason: On CRAN ('test-table_06.R:40:3')"/>
    </testcase>
  </testsuite>
  <testsuite name="table_07" timestamp="2023-06-07T14:25:37Z" hostname="45ca2d019b83" tests="18" skipped="3" failures="0" errors="0" time="1.568">
    <testcase time="0.0229999999999997" classname="table_07" name="Table_07_generation_works_with_default_values"/>
    <testcase time="0.00100000000000033" classname="table_07" name="Table_07_generation_works_with_default_values"/>
    <testcase time="0.000999999999999446" classname="table_07" name="Table_07_generation_works_with_default_values"/>
    <testcase time="0.04" classname="table_07" name="Table_07_generation_works_with_default_values"/>
    <testcase time="0.318000000000001" classname="table_07" name="Table_07_generation_works_with_default_values"/>
    <testcase time="0.114" classname="table_07" name="Table_07_generation_works_with_default_values">
      <skipped message="Reason: On CRAN ('test-table_07.R:13:3')"/>
    </testcase>
    <testcase time="0.0140000000000002" classname="table_07" name="Table_07_generation_works_with_custom_values"/>
    <testcase time="0.000999999999999446" classname="table_07" name="Table_07_generation_works_with_custom_values"/>
    <testcase time="0.00100000000000033" classname="table_07" name="Table_07_generation_works_with_custom_values"/>
    <testcase time="0.04" classname="table_07" name="Table_07_generation_works_with_custom_values"/>
    <testcase time="0.425" classname="table_07" name="Table_07_generation_works_with_custom_values"/>
    <testcase time="0.136000000000001" classname="table_07" name="Table_07_generation_works_with_custom_values">
      <skipped message="Reason: On CRAN ('test-table_07.R:42:3')"/>
    </testcase>
    <testcase time="0.0139999999999993" classname="table_07" name="Table_07_generation_works_with_NA_values_pruned_rows"/>
    <testcase time="0.00199999999999889" classname="table_07" name="Table_07_generation_works_with_NA_values_pruned_rows"/>
    <testcase time="0.00100000000000122" classname="table_07" name="Table_07_generation_works_with_NA_values_pruned_rows"/>
    <testcase time="0.0399999999999991" classname="table_07" name="Table_07_generation_works_with_NA_values_pruned_rows"/>
    <testcase time="0.288" classname="table_07" name="Table_07_generation_works_with_NA_values_pruned_rows"/>
    <testcase time="0.109" classname="table_07" name="Table_07_generation_works_with_NA_values_pruned_rows">
      <skipped message="Reason: On CRAN ('test-table_07.R:52:3')"/>
    </testcase>
  </testsuite>
  <testsuite name="table_08" timestamp="2023-06-07T14:25:38Z" hostname="45ca2d019b83" tests="8" skipped="2" failures="0" errors="0" time="0.418">
    <testcase time="0.0210000000000008" classname="table_08" name="Table_08_generation_works_with_default_values"/>
    <testcase time="0.000999999999999446" classname="table_08" name="Table_08_generation_works_with_default_values"/>
    <testcase time="0.0470000000000006" classname="table_08" name="Table_08_generation_works_with_default_values"/>
    <testcase time="0.112" classname="table_08" name="Table_08_generation_works_with_default_values">
      <skipped message="Reason: On CRAN ('test-table_08.R:10:3')"/>
    </testcase>
    <testcase time="0.0139999999999993" classname="table_08" name="Table_08_generation_works_with_custom_values"/>
    <testcase time="0.000999999999999446" classname="table_08" name="Table_08_generation_works_with_custom_values"/>
    <testcase time="0.0410000000000004" classname="table_08" name="Table_08_generation_works_with_custom_values"/>
    <testcase time="0.181000000000001" classname="table_08" name="Table_08_generation_works_with_custom_values">
      <skipped message="Reason: On CRAN ('test-table_08.R:31:3')"/>
    </testcase>
  </testsuite>
  <testsuite name="table_09" timestamp="2023-06-07T14:25:39Z" hostname="45ca2d019b83" tests="8" skipped="2" failures="0" errors="0" time="0.817">
    <testcase time="0.0199999999999996" classname="table_09" name="Table_09_generation_works_with_default_values"/>
    <testcase time="0.0389999999999997" classname="table_09" name="Table_09_generation_works_with_default_values"/>
    <testcase time="0.266" classname="table_09" name="Table_09_generation_works_with_default_values"/>
    <testcase time="0.0589999999999993" classname="table_09" name="Table_09_generation_works_with_default_values">
      <skipped message="Reason: On CRAN ('test-table_09.R:8:3')"/>
    </testcase>
    <testcase time="0.0140000000000011" classname="table_09" name="Table_09_generation_works_with_custom_values"/>
    <testcase time="0.0399999999999991" classname="table_09" name="Table_09_generation_works_with_custom_values"/>
    <testcase time="0.312000000000001" classname="table_09" name="Table_09_generation_works_with_custom_values"/>
    <testcase time="0.0669999999999984" classname="table_09" name="Table_09_generation_works_with_custom_values">
      <skipped message="Reason: On CRAN ('test-table_09.R:39:3')"/>
    </testcase>
  </testsuite>
  <testsuite name="table_13" timestamp="2023-06-07T14:25:40Z" hostname="45ca2d019b83" tests="8" skipped="2" failures="0" errors="0" time="0.49">
    <testcase time="0.0250000000000004" classname="table_13" name="Table_13_generation_works_with_default_values"/>
    <testcase time="0.0520000000000014" classname="table_13" name="Table_13_generation_works_with_default_values"/>
    <testcase time="0.109999999999999" classname="table_13" name="Table_13_generation_works_with_default_values"/>
    <testcase time="0.0600000000000005" classname="table_13" name="Table_13_generation_works_with_default_values">
      <skipped message="Reason: On CRAN ('test-table_13.R:8:3')"/>
    </testcase>
    <testcase time="0.0139999999999993" classname="table_13" name="Table_13_generation_works_with_custom_values"/>
    <testcase time="0.048" classname="table_13" name="Table_13_generation_works_with_custom_values"/>
    <testcase time="0.135999999999999" classname="table_13" name="Table_13_generation_works_with_custom_values"/>
    <testcase time="0.0449999999999999" classname="table_13" name="Table_13_generation_works_with_custom_values">
      <skipped message="Reason: On CRAN ('test-table_13.R:38:3')"/>
    </testcase>
  </testsuite>
  <testsuite name="table_14" timestamp="2023-06-07T14:25:40Z" hostname="45ca2d019b83" tests="10" skipped="3" failures="0" errors="0" time="2.023">
    <testcase time="0.027000000000001" classname="table_14" name="Table_14_generation_works_with_default_values"/>
    <testcase time="0.496" classname="table_14" name="Table_14_generation_works_with_default_values"/>
    <testcase time="0.138999999999999" classname="table_14" name="Table_14_generation_works_with_default_values">
      <skipped message="Reason: On CRAN ('test-table_14.R:16:3')"/>
    </testcase>
    <testcase time="0.0140000000000011" classname="table_14" name="Table_14_generation_works_with_custom_values"/>
    <testcase time="0.048" classname="table_14" name="Table_14_generation_works_with_custom_values"/>
    <testcase time="0.529999999999999" classname="table_14" name="Table_14_generation_works_with_custom_values"/>
    <testcase time="0.141999999999999" classname="table_14" name="Table_14_generation_works_with_custom_values">
      <skipped message="Reason: On CRAN ('test-table_14.R:46:3')"/>
    </testcase>
    <testcase time="0.0140000000000011" classname="table_14" name="Table_14_generation_works_with_NA_values_pruned_rows"/>
    <testcase time="0.510999999999999" classname="table_14" name="Table_14_generation_works_with_NA_values_pruned_rows"/>
    <testcase time="0.102" classname="table_14" name="Table_14_generation_works_with_NA_values_pruned_rows">
      <skipped message="Reason: On CRAN ('test-table_14.R:53:3')"/>
    </testcase>
  </testsuite>
  <testsuite name="table_20" timestamp="2023-06-07T14:25:42Z" hostname="45ca2d019b83" tests="18" skipped="3" failures="0" errors="0" time="1.663">
    <testcase time="0.0229999999999997" classname="table_20" name="Table_20_generation_works_with_default_values"/>
    <testcase time="0.000999999999999446" classname="table_20" name="Table_20_generation_works_with_default_values"/>
    <testcase time="0.00100000000000122" classname="table_20" name="Table_20_generation_works_with_default_values"/>
    <testcase time="0.0429999999999993" classname="table_20" name="Table_20_generation_works_with_default_values"/>
    <testcase time="0.348000000000001" classname="table_20" name="Table_20_generation_works_with_default_values"/>
    <testcase time="0.0800000000000001" classname="table_20" name="Table_20_generation_works_with_default_values">
      <skipped message="Reason: On CRAN ('test-table_20.R:17:3')"/>
    </testcase>
    <testcase time="0.0139999999999993" classname="table_20" name="Table_20_generation_works_with_custom_values"/>
    <testcase time="0.00200000000000067" classname="table_20" name="Table_20_generation_works_with_custom_values"/>
    <testcase time="0.000999999999999446" classname="table_20" name="Table_20_generation_works_with_custom_values"/>
    <testcase time="0.0429999999999993" classname="table_20" name="Table_20_generation_works_with_custom_values"/>
    <testcase time="0.529" classname="table_20" name="Table_20_generation_works_with_custom_values"/>
    <testcase time="0.112" classname="table_20" name="Table_20_generation_works_with_custom_values">
      <skipped message="Reason: On CRAN ('test-table_20.R:65:3')"/>
    </testcase>
    <testcase time="0.0140000000000011" classname="table_20" name="Table_20_generation_works_with_missing_values_pruned_rows"/>
    <testcase time="0.000999999999999446" classname="table_20" name="Table_20_generation_works_with_missing_values_pruned_rows"/>
    <testcase time="0.00200000000000067" classname="table_20" name="Table_20_generation_works_with_missing_values_pruned_rows"/>
    <testcase time="0.0419999999999998" classname="table_20" name="Table_20_generation_works_with_missing_values_pruned_rows"/>
    <testcase time="0.33" classname="table_20" name="Table_20_generation_works_with_missing_values_pruned_rows"/>
    <testcase time="0.077" classname="table_20" name="Table_20_generation_works_with_missing_values_pruned_rows">
      <skipped message="Reason: On CRAN ('test-table_20.R:74:3')"/>
    </testcase>
  </testsuite>
  <testsuite name="table_32" timestamp="2023-06-07T14:25:44Z" hostname="45ca2d019b83" tests="12" skipped="3" failures="0" errors="0" time="0.914">
    <testcase time="0.0190000000000001" classname="table_32" name="Table_32_generation_works_with_default_values"/>
    <testcase time="0.0649999999999995" classname="table_32" name="Table_32_generation_works_with_default_values"/>
    <testcase time="0.106" classname="table_32" name="Table_32_generation_works_with_default_values"/>
    <testcase time="0.0429999999999993" classname="table_32" name="Table_32_generation_works_with_default_values">
      <skipped message="Reason: On CRAN ('test-table_32.R:8:3')"/>
    </testcase>
    <testcase time="0.0140000000000011" classname="table_32" name="Table_32_generation_works_with_custom_values"/>
    <testcase time="0.281000000000001" classname="table_32" name="Table_32_generation_works_with_custom_values"/>
    <testcase time="0.125999999999999" classname="table_32" name="Table_32_generation_works_with_custom_values"/>
    <testcase time="0.0499999999999989" classname="table_32" name="Table_32_generation_works_with_custom_values">
      <skipped message="Reason: On CRAN ('test-table_32.R:30:3')"/>
    </testcase>
    <testcase time="0.0140000000000011" classname="table_32" name="Table_32_generation_works_with_pruned_rows"/>
    <testcase time="0.0519999999999996" classname="table_32" name="Table_32_generation_works_with_pruned_rows"/>
    <testcase time="0.113" classname="table_32" name="Table_32_generation_works_with_pruned_rows"/>
    <testcase time="0.0310000000000006" classname="table_32" name="Table_32_generation_works_with_pruned_rows">
      <skipped message="Reason: On CRAN ('test-table_32.R:37:3')"/>
    </testcase>
  </testsuite>
  <testsuite name="table_33" timestamp="2023-06-07T14:25:45Z" hostname="45ca2d019b83" tests="12" skipped="3" failures="0" errors="0" time="1.115">
    <testcase time="0.0180000000000007" classname="table_33" name="Table_33_generation_works_with_default_values"/>
    <testcase time="0.231" classname="table_33" name="Table_33_generation_works_with_default_values"/>
    <testcase time="0.0859999999999985" classname="table_33" name="Table_33_generation_works_with_default_values"/>
    <testcase time="0.0310000000000006" classname="table_33" name="Table_33_generation_works_with_default_values">
      <skipped message="Reason: On CRAN ('test-table_33.R:8:3')"/>
    </testcase>
    <testcase time="0.0129999999999999" classname="table_33" name="Table_33_generation_works_with_custom_values"/>
    <testcase time="0.231" classname="table_33" name="Table_33_generation_works_with_custom_values"/>
    <testcase time="0.110000000000001" classname="table_33" name="Table_33_generation_works_with_custom_values"/>
    <testcase time="0.0359999999999996" classname="table_33" name="Table_33_generation_works_with_custom_values">
      <skipped message="Reason: On CRAN ('test-table_33.R:34:3')"/>
    </testcase>
    <testcase time="0.0139999999999993" classname="table_33" name="Table_33_generation_works_with_pruned_rows"/>
    <testcase time="0.231" classname="table_33" name="Table_33_generation_works_with_pruned_rows"/>
    <testcase time="0.0860000000000021" classname="table_33" name="Table_33_generation_works_with_pruned_rows"/>
    <testcase time="0.0279999999999987" classname="table_33" name="Table_33_generation_works_with_pruned_rows">
      <skipped message="Reason: On CRAN ('test-table_33.R:42:3')"/>
    </testcase>
  </testsuite>
</testsuites>
