<?xml version="1.0" encoding="UTF-8"?>
<testsuites>
  <testsuite name="table_02" timestamp="2023-10-11T20:15:49Z" hostname="7cb589d6b10b" tests="30" skipped="10" failures="0" errors="0" time="22.991">
    <testcase time="0.11" classname="table_02" name="Table_02_generation_works_with_default_values"/>
    <testcase time="0.713" classname="table_02" name="Table_02_generation_works_with_default_values"/>
    <testcase time="0.332" classname="table_02" name="Table_02_generation_works_with_default_values">
      <skipped message="Reason: On CRAN ('test-table_02.R:16:3')"/>
    </testcase>
    <testcase time="0.109999999999999" classname="table_02" name="Table_02_generation_works_with_custom_values"/>
    <testcase time="0.579000000000001" classname="table_02" name="Table_02_generation_works_with_custom_values"/>
    <testcase time="0.35" classname="table_02" name="Table_02_generation_works_with_custom_values">
      <skipped message="Reason: On CRAN ('test-table_02.R:45:3')"/>
    </testcase>
    <testcase time="0.085" classname="table_02" name="Table_02_generation_works_with_some_NA_values"/>
    <testcase time="0.147" classname="table_02" name="Table_02_generation_works_with_some_NA_values"/>
    <testcase time="0.0809999999999995" classname="table_02" name="Table_02_generation_works_with_some_NA_values">
      <skipped message="Reason: On CRAN ('test-table_02.R:57:3')"/>
    </testcase>
    <testcase time="0.0289999999999999" classname="table_02" name="Table_02_generation_tplyr_works_with_default_values"/>
    <testcase time="2.715" classname="table_02" name="Table_02_generation_tplyr_works_with_default_values"/>
    <testcase time="0.0540000000000003" classname="table_02" name="Table_02_generation_tplyr_works_with_default_values">
      <skipped message="Reason: On CRAN ('test-table_02.R:66:3')"/>
    </testcase>
    <testcase time="0.0410000000000004" classname="table_02" name="Table_02_generation_tplyr_works_with_tplyr_raw_TRUE"/>
    <testcase time="1.691" classname="table_02" name="Table_02_generation_tplyr_works_with_tplyr_raw_TRUE"/>
    <testcase time="0.0339999999999989" classname="table_02" name="Table_02_generation_tplyr_works_with_tplyr_raw_TRUE">
      <skipped message="Reason: On CRAN ('test-table_02.R:75:3')"/>
    </testcase>
    <testcase time="0.0660000000000007" classname="table_02" name="Table_02_generation_tplyr_works_with_custom_values"/>
    <testcase time="2.65" classname="table_02" name="Table_02_generation_tplyr_works_with_custom_values"/>
    <testcase time="0.0350000000000001" classname="table_02" name="Table_02_generation_tplyr_works_with_custom_values">
      <skipped message="Reason: On CRAN ('test-table_02.R:102:3')"/>
    </testcase>
    <testcase time="0.0640000000000001" classname="table_02" name="Table_02_generation_tplyr_works_with_some_NA_values"/>
    <testcase time="1.06" classname="table_02" name="Table_02_generation_tplyr_works_with_some_NA_values"/>
    <testcase time="0.0330000000000013" classname="table_02" name="Table_02_generation_tplyr_works_with_some_NA_values">
      <skipped message="Reason: On CRAN ('test-table_02.R:119:3')"/>
    </testcase>
    <testcase time="0.0269999999999992" classname="table_02" name="Table_02_generation_gtsum_works_with_default_values"/>
    <testcase time="4.792" classname="table_02" name="Table_02_generation_gtsum_works_with_default_values"/>
    <testcase time="0.0129999999999981" classname="table_02" name="Table_02_generation_gtsum_works_with_default_values">
      <skipped message="Reason: On CRAN ('test-table_02.R:128:3')"/>
    </testcase>
    <testcase time="0.0689999999999991" classname="table_02" name="Table_02_generation_gtsum_works_with_custom_values"/>
    <testcase time="5.314" classname="table_02" name="Table_02_generation_gtsum_works_with_custom_values"/>
    <testcase time="0.0130000000000017" classname="table_02" name="Table_02_generation_gtsum_works_with_custom_values">
      <skipped message="Reason: On CRAN ('test-table_02.R:146:3')"/>
    </testcase>
    <testcase time="0.0560000000000009" classname="table_02" name="Table_02_generation_gtsum_works_with_some_NA_values"/>
    <testcase time="1.716" classname="table_02" name="Table_02_generation_gtsum_works_with_some_NA_values"/>
    <testcase time="0.0120000000000005" classname="table_02" name="Table_02_generation_gtsum_works_with_some_NA_values">
      <skipped message="Reason: On CRAN ('test-table_02.R:161:3')"/>
    </testcase>
  </testsuite>
  <testsuite name="table_03" timestamp="2023-10-11T20:16:12Z" hostname="7cb589d6b10b" tests="8" skipped="2" failures="0" errors="0" time="1.222">
    <testcase time="0.0500000000000007" classname="table_03" name="Table_3_generation_works_with_default_values"/>
    <testcase time="0.00199999999999889" classname="table_03" name="Table_3_generation_works_with_default_values"/>
    <testcase time="0.495000000000001" classname="table_03" name="Table_3_generation_works_with_default_values"/>
    <testcase time="0.0910000000000011" classname="table_03" name="Table_3_generation_works_with_default_values">
      <skipped message="Reason: On CRAN ('test-table_03.R:21:3')"/>
    </testcase>
    <testcase time="0.0249999999999986" classname="table_03" name="Table_3_generation_works_with_custom_values"/>
    <testcase time="0.00300000000000011" classname="table_03" name="Table_3_generation_works_with_custom_values"/>
    <testcase time="0.440999999999999" classname="table_03" name="Table_3_generation_works_with_custom_values"/>
    <testcase time="0.115000000000002" classname="table_03" name="Table_3_generation_works_with_custom_values">
      <skipped message="Reason: On CRAN ('test-table_03.R:41:3')"/>
    </testcase>
  </testsuite>
  <testsuite name="table_04" timestamp="2023-10-11T20:16:13Z" hostname="7cb589d6b10b" tests="12" skipped="2" failures="0" errors="0" time="1.335">
    <testcase time="0.0590000000000011" classname="table_04" name="Table_04_generation_works_with_default_values"/>
    <testcase time="0.00199999999999889" classname="table_04" name="Table_04_generation_works_with_default_values"/>
    <testcase time="0.000999999999997669" classname="table_04" name="Table_04_generation_works_with_default_values"/>
    <testcase time="0.00100000000000122" classname="table_04" name="Table_04_generation_works_with_default_values"/>
    <testcase time="0.472000000000001" classname="table_04" name="Table_04_generation_works_with_default_values"/>
    <testcase time="0.163999999999998" classname="table_04" name="Table_04_generation_works_with_default_values">
      <skipped message="Reason: On CRAN ('test-table_04.R:18:3')"/>
    </testcase>
    <testcase time="0.027000000000001" classname="table_04" name="Table_04_generation_works_with_custom_values"/>
    <testcase time="0.00300000000000011" classname="table_04" name="Table_04_generation_works_with_custom_values"/>
    <testcase time="0.00199999999999889" classname="table_04" name="Table_04_generation_works_with_custom_values"/>
    <testcase time="0.00200000000000244" classname="table_04" name="Table_04_generation_works_with_custom_values"/>
    <testcase time="0.474999999999998" classname="table_04" name="Table_04_generation_works_with_custom_values"/>
    <testcase time="0.127000000000002" classname="table_04" name="Table_04_generation_works_with_custom_values">
      <skipped message="Reason: On CRAN ('test-table_04.R:44:3')"/>
    </testcase>
  </testsuite>
  <testsuite name="table_05" timestamp="2023-10-11T20:16:15Z" hostname="7cb589d6b10b" tests="12" skipped="4" failures="0" errors="0" time="2.053">
    <testcase time="0.241" classname="table_05" name="Table_05_generation_works_with_default_values"/>
    <testcase time="0.311" classname="table_05" name="Table_05_generation_works_with_default_values"/>
    <testcase time="0.119" classname="table_05" name="Table_05_generation_works_with_default_values">
      <skipped message="Reason: On CRAN ('test-table_05.R:10:3')"/>
    </testcase>
    <testcase time="0.0259999999999998" classname="table_05" name="Table_05_generation_works_with_custom_values"/>
    <testcase time="0.331" classname="table_05" name="Table_05_generation_works_with_custom_values"/>
    <testcase time="0.122" classname="table_05" name="Table_05_generation_works_with_custom_values">
      <skipped message="Reason: On CRAN ('test-table_05.R:34:3')"/>
    </testcase>
    <testcase time="0.0289999999999999" classname="table_05" name="Table_05_generation_works_with_NA_values_pruned_rows"/>
    <testcase time="0.273" classname="table_05" name="Table_05_generation_works_with_NA_values_pruned_rows"/>
    <testcase time="0.106000000000002" classname="table_05" name="Table_05_generation_works_with_NA_values_pruned_rows">
      <skipped message="Reason: On CRAN ('test-table_05.R:44:3')"/>
    </testcase>
    <testcase time="0.0380000000000003" classname="table_05" name="Table_05_generation_works_with_risk_difference_column"/>
    <testcase time="0.335999999999999" classname="table_05" name="Table_05_generation_works_with_risk_difference_column"/>
    <testcase time="0.120999999999999" classname="table_05" name="Table_05_generation_works_with_risk_difference_column">
      <skipped message="Reason: On CRAN ('test-table_05.R:57:3')"/>
    </testcase>
  </testsuite>
  <testsuite name="table_06" timestamp="2023-10-11T20:16:17Z" hostname="7cb589d6b10b" tests="15" skipped="3" failures="0" errors="0" time="3.071">
    <testcase time="0.0339999999999989" classname="table_06" name="Table_06_generation_works_with_default_values"/>
    <testcase time="0.00200000000000244" classname="table_06" name="Table_06_generation_works_with_default_values"/>
    <testcase time="0.0809999999999995" classname="table_06" name="Table_06_generation_works_with_default_values"/>
    <testcase time="0.613" classname="table_06" name="Table_06_generation_works_with_default_values"/>
    <testcase time="0.186999999999998" classname="table_06" name="Table_06_generation_works_with_default_values">
      <skipped message="Reason: On CRAN ('test-table_06.R:8:3')"/>
    </testcase>
    <testcase time="0.0260000000000034" classname="table_06" name="Table_06_generation_works_with_custom_values"/>
    <testcase time="0.00199999999999534" classname="table_06" name="Table_06_generation_works_with_custom_values"/>
    <testcase time="0.0750000000000028" classname="table_06" name="Table_06_generation_works_with_custom_values"/>
    <testcase time="0.811999999999998" classname="table_06" name="Table_06_generation_works_with_custom_values"/>
    <testcase time="0.210000000000001" classname="table_06" name="Table_06_generation_works_with_custom_values">
      <skipped message="Reason: On CRAN ('test-table_06.R:40:3')"/>
    </testcase>
    <testcase time="0.0249999999999986" classname="table_06" name="Table_06_generation_works_with_risk_difference_column"/>
    <testcase time="0.00300000000000011" classname="table_06" name="Table_06_generation_works_with_risk_difference_column"/>
    <testcase time="0.0710000000000051" classname="table_06" name="Table_06_generation_works_with_risk_difference_column"/>
    <testcase time="0.778999999999996" classname="table_06" name="Table_06_generation_works_with_risk_difference_column"/>
    <testcase time="0.151000000000003" classname="table_06" name="Table_06_generation_works_with_risk_difference_column">
      <skipped message="Reason: On CRAN ('test-table_06.R:48:3')"/>
    </testcase>
  </testsuite>
  <testsuite name="table_07" timestamp="2023-10-11T20:16:20Z" hostname="7cb589d6b10b" tests="24" skipped="4" failures="0" errors="0" time="3.247">
    <testcase time="0.036999999999999" classname="table_07" name="Table_07_generation_works_with_default_values"/>
    <testcase time="0.00200000000000244" classname="table_07" name="Table_07_generation_works_with_default_values"/>
    <testcase time="0.00199999999999534" classname="table_07" name="Table_07_generation_works_with_default_values"/>
    <testcase time="0.0570000000000022" classname="table_07" name="Table_07_generation_works_with_default_values"/>
    <testcase time="0.466000000000001" classname="table_07" name="Table_07_generation_works_with_default_values"/>
    <testcase time="0.182000000000002" classname="table_07" name="Table_07_generation_works_with_default_values">
      <skipped message="Reason: On CRAN ('test-table_07.R:13:3')"/>
    </testcase>
    <testcase time="0.0279999999999987" classname="table_07" name="Table_07_generation_works_with_custom_values"/>
    <testcase time="0.00199999999999534" classname="table_07" name="Table_07_generation_works_with_custom_values"/>
    <testcase time="0.00200000000000244" classname="table_07" name="Table_07_generation_works_with_custom_values"/>
    <testcase time="0.0579999999999998" classname="table_07" name="Table_07_generation_works_with_custom_values"/>
    <testcase time="0.639000000000003" classname="table_07" name="Table_07_generation_works_with_custom_values"/>
    <testcase time="0.212999999999994" classname="table_07" name="Table_07_generation_works_with_custom_values">
      <skipped message="Reason: On CRAN ('test-table_07.R:42:3')"/>
    </testcase>
    <testcase time="0.0260000000000034" classname="table_07" name="Table_07_generation_works_with_NA_values_pruned_rows"/>
    <testcase time="0.00200000000000244" classname="table_07" name="Table_07_generation_works_with_NA_values_pruned_rows"/>
    <testcase time="0.00300000000000011" classname="table_07" name="Table_07_generation_works_with_NA_values_pruned_rows"/>
    <testcase time="0.0539999999999949" classname="table_07" name="Table_07_generation_works_with_NA_values_pruned_rows"/>
    <testcase time="0.466000000000001" classname="table_07" name="Table_07_generation_works_with_NA_values_pruned_rows"/>
    <testcase time="0.177" classname="table_07" name="Table_07_generation_works_with_NA_values_pruned_rows">
      <skipped message="Reason: On CRAN ('test-table_07.R:52:3')"/>
    </testcase>
    <testcase time="0.027000000000001" classname="table_07" name="Table_07_generation_works_with_risk_difference_column"/>
    <testcase time="0.00200000000000244" classname="table_07" name="Table_07_generation_works_with_risk_difference_column"/>
    <testcase time="0.00300000000000011" classname="table_07" name="Table_07_generation_works_with_risk_difference_column"/>
    <testcase time="0.0549999999999997" classname="table_07" name="Table_07_generation_works_with_risk_difference_column"/>
    <testcase time="0.542999999999999" classname="table_07" name="Table_07_generation_works_with_risk_difference_column"/>
    <testcase time="0.201000000000001" classname="table_07" name="Table_07_generation_works_with_risk_difference_column">
      <skipped message="Reason: On CRAN ('test-table_07.R:65:3')"/>
    </testcase>
  </testsuite>
  <testsuite name="table_08" timestamp="2023-10-11T20:16:23Z" hostname="7cb589d6b10b" tests="8" skipped="2" failures="0" errors="0" time="0.611">
    <testcase time="0.0339999999999989" classname="table_08" name="Table_08_generation_works_with_default_values"/>
    <testcase time="0.00200000000000244" classname="table_08" name="Table_08_generation_works_with_default_values"/>
    <testcase time="0.0670000000000002" classname="table_08" name="Table_08_generation_works_with_default_values"/>
    <testcase time="0.172999999999995" classname="table_08" name="Table_08_generation_works_with_default_values">
      <skipped message="Reason: On CRAN ('test-table_08.R:10:3')"/>
    </testcase>
    <testcase time="0.0290000000000035" classname="table_08" name="Table_08_generation_works_with_custom_values"/>
    <testcase time="0.00200000000000244" classname="table_08" name="Table_08_generation_works_with_custom_values"/>
    <testcase time="0.0629999999999953" classname="table_08" name="Table_08_generation_works_with_custom_values"/>
    <testcase time="0.241" classname="table_08" name="Table_08_generation_works_with_custom_values">
      <skipped message="Reason: On CRAN ('test-table_08.R:31:3')"/>
    </testcase>
  </testsuite>
  <testsuite name="table_09" timestamp="2023-10-11T20:16:24Z" hostname="7cb589d6b10b" tests="12" skipped="3" failures="0" errors="0" time="2.079">
    <testcase time="0.0329999999999941" classname="table_09" name="Table_09_generation_works_with_default_values"/>
    <testcase time="0.0820000000000007" classname="table_09" name="Table_09_generation_works_with_default_values"/>
    <testcase time="0.425000000000004" classname="table_09" name="Table_09_generation_works_with_default_values"/>
    <testcase time="0.0889999999999986" classname="table_09" name="Table_09_generation_works_with_default_values">
      <skipped message="Reason: On CRAN ('test-table_09.R:8:3')"/>
    </testcase>
    <testcase time="0.0240000000000009" classname="table_09" name="Table_09_generation_works_with_custom_values"/>
    <testcase time="0.0689999999999955" classname="table_09" name="Table_09_generation_works_with_custom_values"/>
    <testcase time="0.519000000000005" classname="table_09" name="Table_09_generation_works_with_custom_values"/>
    <testcase time="0.116999999999997" classname="table_09" name="Table_09_generation_works_with_custom_values">
      <skipped message="Reason: On CRAN ('test-table_09.R:39:3')"/>
    </testcase>
    <testcase time="0.0240000000000009" classname="table_09" name="Table_09_generation_works_with_risk_difference_column"/>
    <testcase time="0.054000000000002" classname="table_09" name="Table_09_generation_works_with_risk_difference_column"/>
    <testcase time="0.528999999999996" classname="table_09" name="Table_09_generation_works_with_risk_difference_column"/>
    <testcase time="0.113999999999997" classname="table_09" name="Table_09_generation_works_with_risk_difference_column">
      <skipped message="Reason: On CRAN ('test-table_09.R:47:3')"/>
    </testcase>
  </testsuite>
  <testsuite name="table_10" timestamp="2023-10-11T20:16:26Z" hostname="7cb589d6b10b" tests="15" skipped="3" failures="0" errors="0" time="2.501">
    <testcase time="0.044000000000004" classname="table_10" name="Table_10_generation_works_with_default_values"/>
    <testcase time="0.00200000000000244" classname="table_10" name="Table_10_generation_works_with_default_values"/>
    <testcase time="0.0589999999999975" classname="table_10" name="Table_10_generation_works_with_default_values"/>
    <testcase time="0.539000000000001" classname="table_10" name="Table_10_generation_works_with_default_values"/>
    <testcase time="0.195999999999998" classname="table_10" name="Table_10_generation_works_with_default_values">
      <skipped message="Reason: On CRAN ('test-table_10.R:17:3')"/>
    </testcase>
    <testcase time="0.0279999999999987" classname="table_10" name="Table_10_generation_works_with_custom_values"/>
    <testcase time="0.00200000000000244" classname="table_10" name="Table_10_generation_works_with_custom_values"/>
    <testcase time="0.0529999999999973" classname="table_10" name="Table_10_generation_works_with_custom_values"/>
    <testcase time="0.545999999999999" classname="table_10" name="Table_10_generation_works_with_custom_values"/>
    <testcase time="0.0820000000000007" classname="table_10" name="Table_10_generation_works_with_custom_values">
      <skipped message="Reason: On CRAN ('test-table_10.R:52:3')"/>
    </testcase>
    <testcase time="0.0290000000000035" classname="table_10" name="Table_10_generation_works_with_risk_difference_column"/>
    <testcase time="0.00300000000000011" classname="table_10" name="Table_10_generation_works_with_risk_difference_column"/>
    <testcase time="0.0599999999999952" classname="table_10" name="Table_10_generation_works_with_risk_difference_column"/>
    <testcase time="0.653000000000006" classname="table_10" name="Table_10_generation_works_with_risk_difference_column"/>
    <testcase time="0.204999999999998" classname="table_10" name="Table_10_generation_works_with_risk_difference_column">
      <skipped message="Reason: On CRAN ('test-table_10.R:60:3')"/>
    </testcase>
  </testsuite>
  <testsuite name="table_11" timestamp="2023-10-11T20:16:28Z" hostname="7cb589d6b10b" tests="12" skipped="3" failures="0" errors="0" time="3.738">
    <testcase time="0.0429999999999993" classname="table_11" name="Table_11_generation_works_with_default_values"/>
    <testcase time="0.0700000000000003" classname="table_11" name="Table_11_generation_works_with_default_values"/>
    <testcase time="0.918999999999997" classname="table_11" name="Table_11_generation_works_with_default_values"/>
    <testcase time="0.202000000000005" classname="table_11" name="Table_11_generation_works_with_default_values">
      <skipped message="Reason: On CRAN ('test-table_11.R:18:3')"/>
    </testcase>
    <testcase time="0.0289999999999964" classname="table_11" name="Table_11_generation_works_with_custom_values"/>
    <testcase time="0.0750000000000028" classname="table_11" name="Table_11_generation_works_with_custom_values"/>
    <testcase time="0.833999999999996" classname="table_11" name="Table_11_generation_works_with_custom_values"/>
    <testcase time="0.113" classname="table_11" name="Table_11_generation_works_with_custom_values">
      <skipped message="Reason: On CRAN ('test-table_11.R:48:3')"/>
    </testcase>
    <testcase time="0.027000000000001" classname="table_11" name="Table_11_generation_works_with_risk_difference_column"/>
    <testcase time="0.0670000000000002" classname="table_11" name="Table_11_generation_works_with_risk_difference_column"/>
    <testcase time="1.126" classname="table_11" name="Table_11_generation_works_with_risk_difference_column"/>
    <testcase time="0.233000000000004" classname="table_11" name="Table_11_generation_works_with_risk_difference_column">
      <skipped message="Reason: On CRAN ('test-table_11.R:56:3')"/>
    </testcase>
  </testsuite>
  <testsuite name="table_12" timestamp="2023-10-11T20:16:32Z" hostname="7cb589d6b10b" tests="12" skipped="3" failures="0" errors="0" time="5.083">
    <testcase time="0.0339999999999989" classname="table_12" name="Table_12_generation_works_with_default_values"/>
    <testcase time="0.0700000000000003" classname="table_12" name="Table_12_generation_works_with_default_values"/>
    <testcase time="1.219" classname="table_12" name="Table_12_generation_works_with_default_values"/>
    <testcase time="0.173000000000002" classname="table_12" name="Table_12_generation_works_with_default_values">
      <skipped message="Reason: On CRAN ('test-table_12.R:9:3')"/>
    </testcase>
    <testcase time="0.0300000000000011" classname="table_12" name="Table_12_generation_works_with_custom_values"/>
    <testcase time="0.0700000000000003" classname="table_12" name="Table_12_generation_works_with_custom_values"/>
    <testcase time="1.221" classname="table_12" name="Table_12_generation_works_with_custom_values"/>
    <testcase time="0.175000000000004" classname="table_12" name="Table_12_generation_works_with_custom_values">
      <skipped message="Reason: On CRAN ('test-table_12.R:39:3')"/>
    </testcase>
    <testcase time="0.0349999999999966" classname="table_12" name="Table_12_generation_works_with_risk_difference_column"/>
    <testcase time="0.070999999999998" classname="table_12" name="Table_12_generation_works_with_risk_difference_column"/>
    <testcase time="1.811" classname="table_12" name="Table_12_generation_works_with_risk_difference_column"/>
    <testcase time="0.173999999999999" classname="table_12" name="Table_12_generation_works_with_risk_difference_column">
      <skipped message="Reason: On CRAN ('test-table_12.R:47:3')"/>
    </testcase>
  </testsuite>
  <testsuite name="table_13" timestamp="2023-10-11T20:16:37Z" hostname="7cb589d6b10b" tests="12" skipped="3" failures="0" errors="0" time="1.139">
    <testcase time="0.034000000000006" classname="table_13" name="Table_13_generation_works_with_default_values"/>
    <testcase time="0.0670000000000002" classname="table_13" name="Table_13_generation_works_with_default_values"/>
    <testcase time="0.169999999999995" classname="table_13" name="Table_13_generation_works_with_default_values"/>
    <testcase time="0.103999999999999" classname="table_13" name="Table_13_generation_works_with_default_values">
      <skipped message="Reason: On CRAN ('test-table_13.R:8:3')"/>
    </testcase>
    <testcase time="0.0250000000000057" classname="table_13" name="Table_13_generation_works_with_custom_values"/>
    <testcase time="0.0609999999999999" classname="table_13" name="Table_13_generation_works_with_custom_values"/>
    <testcase time="0.201999999999998" classname="table_13" name="Table_13_generation_works_with_custom_values"/>
    <testcase time="0.0700000000000003" classname="table_13" name="Table_13_generation_works_with_custom_values">
      <skipped message="Reason: On CRAN ('test-table_13.R:38:3')"/>
    </testcase>
    <testcase time="0.0259999999999962" classname="table_13" name="Table_13_generation_works_with_risk_difference_column"/>
    <testcase time="0.0670000000000002" classname="table_13" name="Table_13_generation_works_with_risk_difference_column"/>
    <testcase time="0.201000000000001" classname="table_13" name="Table_13_generation_works_with_risk_difference_column"/>
    <testcase time="0.112000000000002" classname="table_13" name="Table_13_generation_works_with_risk_difference_column">
      <skipped message="Reason: On CRAN ('test-table_13.R:46:3')"/>
    </testcase>
  </testsuite>
  <testsuite name="table_14" timestamp="2023-10-11T20:16:38Z" hostname="7cb589d6b10b" tests="13" skipped="4" failures="0" errors="0" time="4.381">
    <testcase time="0.0429999999999993" classname="table_14" name="Table_14_generation_works_with_default_values"/>
    <testcase time="0.762999999999998" classname="table_14" name="Table_14_generation_works_with_default_values"/>
    <testcase time="0.216000000000001" classname="table_14" name="Table_14_generation_works_with_default_values">
      <skipped message="Reason: On CRAN ('test-table_14.R:16:3')"/>
    </testcase>
    <testcase time="0.0260000000000034" classname="table_14" name="Table_14_generation_works_with_custom_values"/>
    <testcase time="0.0659999999999954" classname="table_14" name="Table_14_generation_works_with_custom_values"/>
    <testcase time="0.843000000000004" classname="table_14" name="Table_14_generation_works_with_custom_values"/>
    <testcase time="0.200000000000003" classname="table_14" name="Table_14_generation_works_with_custom_values">
      <skipped message="Reason: On CRAN ('test-table_14.R:46:3')"/>
    </testcase>
    <testcase time="0.0249999999999986" classname="table_14" name="Table_14_generation_works_with_NA_values_pruned_rows"/>
    <testcase time="0.777000000000001" classname="table_14" name="Table_14_generation_works_with_NA_values_pruned_rows"/>
    <testcase time="0.162999999999997" classname="table_14" name="Table_14_generation_works_with_NA_values_pruned_rows">
      <skipped message="Reason: On CRAN ('test-table_14.R:53:3')"/>
    </testcase>
    <testcase time="0.0260000000000034" classname="table_14" name="Table_14_generation_works_with_risk_difference_column"/>
    <testcase time="0.994999999999997" classname="table_14" name="Table_14_generation_works_with_risk_difference_column"/>
    <testcase time="0.238" classname="table_14" name="Table_14_generation_works_with_risk_difference_column">
      <skipped message="Reason: On CRAN ('test-table_14.R:61:3')"/>
    </testcase>
  </testsuite>
  <testsuite name="table_20" timestamp="2023-10-11T20:16:43Z" hostname="7cb589d6b10b" tests="24" skipped="4" failures="0" errors="0" time="3.72">
    <testcase time="0.0470000000000041" classname="table_20" name="Table_20_generation_works_with_default_values"/>
    <testcase time="0.00199999999999534" classname="table_20" name="Table_20_generation_works_with_default_values"/>
    <testcase time="0.00200000000000244" classname="table_20" name="Table_20_generation_works_with_default_values"/>
    <testcase time="0.0600000000000023" classname="table_20" name="Table_20_generation_works_with_default_values"/>
    <testcase time="0.586999999999996" classname="table_20" name="Table_20_generation_works_with_default_values"/>
    <testcase time="0.117000000000004" classname="table_20" name="Table_20_generation_works_with_default_values">
      <skipped message="Reason: On CRAN ('test-table_20.R:17:3')"/>
    </testcase>
    <testcase time="0.027000000000001" classname="table_20" name="Table_20_generation_works_with_custom_values"/>
    <testcase time="0.00300000000000011" classname="table_20" name="Table_20_generation_works_with_custom_values"/>
    <testcase time="0.00199999999999534" classname="table_20" name="Table_20_generation_works_with_custom_values"/>
    <testcase time="0.0600000000000023" classname="table_20" name="Table_20_generation_works_with_custom_values"/>
    <testcase time="0.875999999999998" classname="table_20" name="Table_20_generation_works_with_custom_values"/>
    <testcase time="0.172000000000004" classname="table_20" name="Table_20_generation_works_with_custom_values">
      <skipped message="Reason: On CRAN ('test-table_20.R:65:3')"/>
    </testcase>
    <testcase time="0.0269999999999939" classname="table_20" name="Table_20_generation_works_with_missing_values_pruned_rows"/>
    <testcase time="0.00200000000000244" classname="table_20" name="Table_20_generation_works_with_missing_values_pruned_rows"/>
    <testcase time="0.00200000000000244" classname="table_20" name="Table_20_generation_works_with_missing_values_pruned_rows"/>
    <testcase time="0.0599999999999952" classname="table_20" name="Table_20_generation_works_with_missing_values_pruned_rows"/>
    <testcase time="0.576000000000001" classname="table_20" name="Table_20_generation_works_with_missing_values_pruned_rows"/>
    <testcase time="0.131" classname="table_20" name="Table_20_generation_works_with_missing_values_pruned_rows">
      <skipped message="Reason: On CRAN ('test-table_20.R:74:3')"/>
    </testcase>
    <testcase time="0.027000000000001" classname="table_20" name="Table_20_generation_works_with_risk_difference_column"/>
    <testcase time="0.00200000000000244" classname="table_20" name="Table_20_generation_works_with_risk_difference_column"/>
    <testcase time="0.00200000000000244" classname="table_20" name="Table_20_generation_works_with_risk_difference_column"/>
    <testcase time="0.0569999999999951" classname="table_20" name="Table_20_generation_works_with_risk_difference_column"/>
    <testcase time="0.740000000000002" classname="table_20" name="Table_20_generation_works_with_risk_difference_column"/>
    <testcase time="0.139000000000003" classname="table_20" name="Table_20_generation_works_with_risk_difference_column">
      <skipped message="Reason: On CRAN ('test-table_20.R:82:3')"/>
    </testcase>
  </testsuite>
  <testsuite name="table_21" timestamp="2023-10-11T20:16:46Z" hostname="7cb589d6b10b" tests="19" skipped="4" failures="0" errors="0" time="3.67">
    <testcase time="0.097999999999999" classname="table_21" name="Table_21_generation_works_with_default_values"/>
    <testcase time="0.00199999999999534" classname="table_21" name="Table_21_generation_works_with_default_values"/>
    <testcase time="0.804000000000002" classname="table_21" name="Table_21_generation_works_with_default_values"/>
    <testcase time="0.166000000000004" classname="table_21" name="Table_21_generation_works_with_default_values">
      <skipped message="Reason: On CRAN ('test-table_21.R:22:3')"/>
    </testcase>
    <testcase time="0.0279999999999987" classname="table_21" name="Table_21_generation_works_with_custom_values_N_s_denominator_and_overall_column"/>
    <testcase time="0.00300000000000011" classname="table_21" name="Table_21_generation_works_with_custom_values_N_s_denominator_and_overall_column"/>
    <testcase time="0.103999999999999" classname="table_21" name="Table_21_generation_works_with_custom_values_N_s_denominator_and_overall_column"/>
    <testcase time="0.997" classname="table_21" name="Table_21_generation_works_with_custom_values_N_s_denominator_and_overall_column"/>
    <testcase time="0.18" classname="table_21" name="Table_21_generation_works_with_custom_values_N_s_denominator_and_overall_column">
      <skipped message="Reason: On CRAN ('test-table_21.R:34:3')"/>
    </testcase>
    <testcase time="0.027000000000001" classname="table_21" name="Table_21_generation_works_with_custom_values_N_col_denominator_and_no_overall_column"/>
    <testcase time="0.00300000000000011" classname="table_21" name="Table_21_generation_works_with_custom_values_N_col_denominator_and_no_overall_column"/>
    <testcase time="0.0749999999999957" classname="table_21" name="Table_21_generation_works_with_custom_values_N_col_denominator_and_no_overall_column"/>
    <testcase time="0.442" classname="table_21" name="Table_21_generation_works_with_custom_values_N_col_denominator_and_no_overall_column"/>
    <testcase time="0.135999999999996" classname="table_21" name="Table_21_generation_works_with_custom_values_N_col_denominator_and_no_overall_column">
      <skipped message="Reason: On CRAN ('test-table_21.R:62:3')"/>
    </testcase>
    <testcase time="0.0970000000000084" classname="table_21" name="Table_21_generation_works_with_some_NA_values"/>
    <testcase time="0.00300000000000011" classname="table_21" name="Table_21_generation_works_with_some_NA_values"/>
    <testcase time="0.0679999999999978" classname="table_21" name="Table_21_generation_works_with_some_NA_values"/>
    <testcase time="0.337999999999994" classname="table_21" name="Table_21_generation_works_with_some_NA_values"/>
    <testcase time="0.0990000000000038" classname="table_21" name="Table_21_generation_works_with_some_NA_values">
      <skipped message="Reason: On CRAN ('test-table_21.R:82:3')"/>
    </testcase>
  </testsuite>
  <testsuite name="table_32" timestamp="2023-10-11T20:16:50Z" hostname="7cb589d6b10b" tests="16" skipped="4" failures="0" errors="0" time="1.489">
    <testcase time="0.034000000000006" classname="table_32" name="Table_32_generation_works_with_default_values"/>
    <testcase time="0.070999999999998" classname="table_32" name="Table_32_generation_works_with_default_values"/>
    <testcase time="0.182999999999993" classname="table_32" name="Table_32_generation_works_with_default_values"/>
    <testcase time="0.0670000000000073" classname="table_32" name="Table_32_generation_works_with_default_values">
      <skipped message="Reason: On CRAN ('test-table_32.R:8:3')"/>
    </testcase>
    <testcase time="0.0279999999999916" classname="table_32" name="Table_32_generation_works_with_custom_values"/>
    <testcase time="0.0700000000000074" classname="table_32" name="Table_32_generation_works_with_custom_values"/>
    <testcase time="0.221000000000004" classname="table_32" name="Table_32_generation_works_with_custom_values"/>
    <testcase time="0.0819999999999936" classname="table_32" name="Table_32_generation_works_with_custom_values">
      <skipped message="Reason: On CRAN ('test-table_32.R:30:3')"/>
    </testcase>
    <testcase time="0.0319999999999965" classname="table_32" name="Table_32_generation_works_with_pruned_rows"/>
    <testcase time="0.0880000000000081" classname="table_32" name="Table_32_generation_works_with_pruned_rows"/>
    <testcase time="0.165999999999997" classname="table_32" name="Table_32_generation_works_with_pruned_rows"/>
    <testcase time="0.0499999999999972" classname="table_32" name="Table_32_generation_works_with_pruned_rows">
      <skipped message="Reason: On CRAN ('test-table_32.R:37:3')"/>
    </testcase>
    <testcase time="0.027000000000001" classname="table_32" name="Table_32_generation_works_with_risk_difference_column"/>
    <testcase time="0.0829999999999984" classname="table_32" name="Table_32_generation_works_with_risk_difference_column"/>
    <testcase time="0.200000000000003" classname="table_32" name="Table_32_generation_works_with_risk_difference_column"/>
    <testcase time="0.0870000000000033" classname="table_32" name="Table_32_generation_works_with_risk_difference_column">
      <skipped message="Reason: On CRAN ('test-table_32.R:45:3')"/>
    </testcase>
  </testsuite>
  <testsuite name="table_33" timestamp="2023-10-11T20:16:51Z" hostname="7cb589d6b10b" tests="16" skipped="4" failures="0" errors="0" time="2.639">
    <testcase time="0.0360000000000014" classname="table_33" name="Table_33_generation_works_with_default_values"/>
    <testcase time="0.414000000000001" classname="table_33" name="Table_33_generation_works_with_default_values"/>
    <testcase time="0.134" classname="table_33" name="Table_33_generation_works_with_default_values"/>
    <testcase time="0.0609999999999928" classname="table_33" name="Table_33_generation_works_with_default_values">
      <skipped message="Reason: On CRAN ('test-table_33.R:8:3')"/>
    </testcase>
    <testcase time="0.034000000000006" classname="table_33" name="Table_33_generation_works_with_custom_values"/>
    <testcase time="0.408999999999992" classname="table_33" name="Table_33_generation_works_with_custom_values"/>
    <testcase time="0.165000000000006" classname="table_33" name="Table_33_generation_works_with_custom_values"/>
    <testcase time="0.0750000000000028" classname="table_33" name="Table_33_generation_works_with_custom_values">
      <skipped message="Reason: On CRAN ('test-table_33.R:34:3')"/>
    </testcase>
    <testcase time="0.0279999999999916" classname="table_33" name="Table_33_generation_works_with_pruned_rows"/>
    <testcase time="0.403000000000006" classname="table_33" name="Table_33_generation_works_with_pruned_rows"/>
    <testcase time="0.140000000000001" classname="table_33" name="Table_33_generation_works_with_pruned_rows"/>
    <testcase time="0.0570000000000022" classname="table_33" name="Table_33_generation_works_with_pruned_rows">
      <skipped message="Reason: On CRAN ('test-table_33.R:42:3')"/>
    </testcase>
    <testcase time="0.0300000000000011" classname="table_33" name="Table_33_generation_works_with_risk_difference_column"/>
    <testcase time="0.409999999999997" classname="table_33" name="Table_33_generation_works_with_risk_difference_column"/>
    <testcase time="0.179000000000002" classname="table_33" name="Table_33_generation_works_with_risk_difference_column"/>
    <testcase time="0.063999999999993" classname="table_33" name="Table_33_generation_works_with_risk_difference_column">
      <skipped message="Reason: On CRAN ('test-table_33.R:50:3')"/>
    </testcase>
  </testsuite>
  <testsuite name="table_34" timestamp="2023-10-11T20:16:54Z" hostname="7cb589d6b10b" tests="12" skipped="3" failures="0" errors="0" time="8.921">
    <testcase time="0.0409999999999968" classname="table_34" name="Table_34_generation_works_with_default_values"/>
    <testcase time="0.0560000000000116" classname="table_34" name="Table_34_generation_works_with_default_values"/>
    <testcase time="2.47399999999999" classname="table_34" name="Table_34_generation_works_with_default_values"/>
    <testcase time="0.310000000000002" classname="table_34" name="Table_34_generation_works_with_default_values">
      <skipped message="Reason: On CRAN ('test-table_34.R:17:3')"/>
    </testcase>
    <testcase time="0.0409999999999968" classname="table_34" name="Table_34_generation_works_with_custom_values"/>
    <testcase time="0.0520000000000067" classname="table_34" name="Table_34_generation_works_with_custom_values"/>
    <testcase time="2.395" classname="table_34" name="Table_34_generation_works_with_custom_values"/>
    <testcase time="0.109999999999999" classname="table_34" name="Table_34_generation_works_with_custom_values">
      <skipped message="Reason: On CRAN ('test-table_34.R:49:3')"/>
    </testcase>
    <testcase time="0.034000000000006" classname="table_34" name="Table_34_generation_works_with_risk_difference_column"/>
    <testcase time="0.0759999999999934" classname="table_34" name="Table_34_generation_works_with_risk_difference_column"/>
    <testcase time="2.976" classname="table_34" name="Table_34_generation_works_with_risk_difference_column"/>
    <testcase time="0.356000000000009" classname="table_34" name="Table_34_generation_works_with_risk_difference_column">
      <skipped message="Reason: On CRAN ('test-table_34.R:57:3')"/>
    </testcase>
  </testsuite>
</testsuites>
