<?xml version="1.0" encoding="UTF-8"?>
<testsuites>
  <testsuite name="table_02" timestamp="2023-10-02T18:51:16Z" hostname="9274acac76ba" tests="30" skipped="10" failures="0" errors="0" time="21.375">
    <testcase time="0.105" classname="table_02" name="Table_02_generation_works_with_default_values"/>
    <testcase time="0.661" classname="table_02" name="Table_02_generation_works_with_default_values"/>
    <testcase time="0.311999999999999" classname="table_02" name="Table_02_generation_works_with_default_values">
      <skipped message="Reason: On CRAN ('test-table_02.R:16:3')"/>
    </testcase>
    <testcase time="0.0990000000000002" classname="table_02" name="Table_02_generation_works_with_custom_values"/>
    <testcase time="0.523000000000001" classname="table_02" name="Table_02_generation_works_with_custom_values"/>
    <testcase time="0.332999999999999" classname="table_02" name="Table_02_generation_works_with_custom_values">
      <skipped message="Reason: On CRAN ('test-table_02.R:45:3')"/>
    </testcase>
    <testcase time="0.0790000000000006" classname="table_02" name="Table_02_generation_works_with_some_NA_values"/>
    <testcase time="0.143999999999999" classname="table_02" name="Table_02_generation_works_with_some_NA_values"/>
    <testcase time="0.0680000000000005" classname="table_02" name="Table_02_generation_works_with_some_NA_values">
      <skipped message="Reason: On CRAN ('test-table_02.R:57:3')"/>
    </testcase>
    <testcase time="0.0220000000000002" classname="table_02" name="Table_02_generation_tplyr_works_with_default_values"/>
    <testcase time="2.465" classname="table_02" name="Table_02_generation_tplyr_works_with_default_values"/>
    <testcase time="0.0440000000000005" classname="table_02" name="Table_02_generation_tplyr_works_with_default_values">
      <skipped message="Reason: On CRAN ('test-table_02.R:66:3')"/>
    </testcase>
    <testcase time="0.0199999999999996" classname="table_02" name="Table_02_generation_tplyr_works_with_tplyr_raw_TRUE"/>
    <testcase time="1.543" classname="table_02" name="Table_02_generation_tplyr_works_with_tplyr_raw_TRUE"/>
    <testcase time="0.0310000000000006" classname="table_02" name="Table_02_generation_tplyr_works_with_tplyr_raw_TRUE">
      <skipped message="Reason: On CRAN ('test-table_02.R:75:3')"/>
    </testcase>
    <testcase time="0.0649999999999995" classname="table_02" name="Table_02_generation_tplyr_works_with_custom_values"/>
    <testcase time="2.496" classname="table_02" name="Table_02_generation_tplyr_works_with_custom_values"/>
    <testcase time="0.032" classname="table_02" name="Table_02_generation_tplyr_works_with_custom_values">
      <skipped message="Reason: On CRAN ('test-table_02.R:102:3')"/>
    </testcase>
    <testcase time="0.048" classname="table_02" name="Table_02_generation_tplyr_works_with_some_NA_values"/>
    <testcase time="0.986999999999998" classname="table_02" name="Table_02_generation_tplyr_works_with_some_NA_values"/>
    <testcase time="0.0290000000000017" classname="table_02" name="Table_02_generation_tplyr_works_with_some_NA_values">
      <skipped message="Reason: On CRAN ('test-table_02.R:119:3')"/>
    </testcase>
    <testcase time="0.0219999999999985" classname="table_02" name="Table_02_generation_gtsum_works_with_default_values"/>
    <testcase time="4.497" classname="table_02" name="Table_02_generation_gtsum_works_with_default_values"/>
    <testcase time="0.0109999999999992" classname="table_02" name="Table_02_generation_gtsum_works_with_default_values">
      <skipped message="Reason: On CRAN ('test-table_02.R:128:3')"/>
    </testcase>
    <testcase time="0.0590000000000011" classname="table_02" name="Table_02_generation_gtsum_works_with_custom_values"/>
    <testcase time="4.985" classname="table_02" name="Table_02_generation_gtsum_works_with_custom_values"/>
    <testcase time="0.0110000000000028" classname="table_02" name="Table_02_generation_gtsum_works_with_custom_values">
      <skipped message="Reason: On CRAN ('test-table_02.R:146:3')"/>
    </testcase>
    <testcase time="0.0489999999999995" classname="table_02" name="Table_02_generation_gtsum_works_with_some_NA_values"/>
    <testcase time="1.624" classname="table_02" name="Table_02_generation_gtsum_works_with_some_NA_values"/>
    <testcase time="0.0109999999999992" classname="table_02" name="Table_02_generation_gtsum_works_with_some_NA_values">
      <skipped message="Reason: On CRAN ('test-table_02.R:161:3')"/>
    </testcase>
  </testsuite>
  <testsuite name="table_04" timestamp="2023-10-02T18:51:37Z" hostname="9274acac76ba" tests="12" skipped="2" failures="0" errors="0" time="1.356">
    <testcase time="0.0480000000000018" classname="table_04" name="Table_04_generation_works_with_default_values"/>
    <testcase time="0.00199999999999889" classname="table_04" name="Table_04_generation_works_with_default_values"/>
    <testcase time="0.00100000000000122" classname="table_04" name="Table_04_generation_works_with_default_values"/>
    <testcase time="0.00199999999999889" classname="table_04" name="Table_04_generation_works_with_default_values"/>
    <testcase time="0.571000000000002" classname="table_04" name="Table_04_generation_works_with_default_values"/>
    <testcase time="0.128999999999998" classname="table_04" name="Table_04_generation_works_with_default_values">
      <skipped message="Reason: On CRAN ('test-table_04.R:18:3')"/>
    </testcase>
    <testcase time="0.0210000000000008" classname="table_04" name="Table_04_generation_works_with_custom_values"/>
    <testcase time="0.00199999999999889" classname="table_04" name="Table_04_generation_works_with_custom_values"/>
    <testcase time="0.00200000000000244" classname="table_04" name="Table_04_generation_works_with_custom_values"/>
    <testcase time="0.000999999999997669" classname="table_04" name="Table_04_generation_works_with_custom_values"/>
    <testcase time="0.471" classname="table_04" name="Table_04_generation_works_with_custom_values"/>
    <testcase time="0.106000000000002" classname="table_04" name="Table_04_generation_works_with_custom_values">
      <skipped message="Reason: On CRAN ('test-table_04.R:44:3')"/>
    </testcase>
  </testsuite>
  <testsuite name="table_05" timestamp="2023-10-02T18:51:39Z" hostname="9274acac76ba" tests="12" skipped="4" failures="0" errors="0" time="2.039">
    <testcase time="0.254999999999999" classname="table_05" name="Table_05_generation_works_with_default_values"/>
    <testcase time="0.303000000000001" classname="table_05" name="Table_05_generation_works_with_default_values"/>
    <testcase time="0.0960000000000001" classname="table_05" name="Table_05_generation_works_with_default_values">
      <skipped message="Reason: On CRAN ('test-table_05.R:10:3')"/>
    </testcase>
    <testcase time="0.0210000000000008" classname="table_05" name="Table_05_generation_works_with_custom_values"/>
    <testcase time="0.399999999999999" classname="table_05" name="Table_05_generation_works_with_custom_values"/>
    <testcase time="0.120999999999999" classname="table_05" name="Table_05_generation_works_with_custom_values">
      <skipped message="Reason: On CRAN ('test-table_05.R:34:3')"/>
    </testcase>
    <testcase time="0.0230000000000032" classname="table_05" name="Table_05_generation_works_with_NA_values_pruned_rows"/>
    <testcase time="0.267999999999997" classname="table_05" name="Table_05_generation_works_with_NA_values_pruned_rows"/>
    <testcase time="0.0970000000000013" classname="table_05" name="Table_05_generation_works_with_NA_values_pruned_rows">
      <skipped message="Reason: On CRAN ('test-table_05.R:44:3')"/>
    </testcase>
    <testcase time="0.0219999999999985" classname="table_05" name="Table_05_generation_works_with_risk_difference_column"/>
    <testcase time="0.315000000000001" classname="table_05" name="Table_05_generation_works_with_risk_difference_column"/>
    <testcase time="0.117999999999999" classname="table_05" name="Table_05_generation_works_with_risk_difference_column">
      <skipped message="Reason: On CRAN ('test-table_05.R:57:3')"/>
    </testcase>
  </testsuite>
  <testsuite name="table_06" timestamp="2023-10-02T18:51:41Z" hostname="9274acac76ba" tests="15" skipped="3" failures="0" errors="0" time="2.933">
    <testcase time="0.0330000000000013" classname="table_06" name="Table_06_generation_works_with_default_values"/>
    <testcase time="0.00199999999999889" classname="table_06" name="Table_06_generation_works_with_default_values"/>
    <testcase time="0.0790000000000006" classname="table_06" name="Table_06_generation_works_with_default_values"/>
    <testcase time="0.597999999999999" classname="table_06" name="Table_06_generation_works_with_default_values"/>
    <testcase time="0.135999999999999" classname="table_06" name="Table_06_generation_works_with_default_values">
      <skipped message="Reason: On CRAN ('test-table_06.R:8:3')"/>
    </testcase>
    <testcase time="0.0200000000000031" classname="table_06" name="Table_06_generation_works_with_custom_values"/>
    <testcase time="0.00199999999999889" classname="table_06" name="Table_06_generation_works_with_custom_values"/>
    <testcase time="0.0749999999999993" classname="table_06" name="Table_06_generation_works_with_custom_values"/>
    <testcase time="0.809999999999999" classname="table_06" name="Table_06_generation_works_with_custom_values"/>
    <testcase time="0.204000000000001" classname="table_06" name="Table_06_generation_works_with_custom_values">
      <skipped message="Reason: On CRAN ('test-table_06.R:40:3')"/>
    </testcase>
    <testcase time="0.0210000000000008" classname="table_06" name="Table_06_generation_works_with_risk_difference_column"/>
    <testcase time="0.00199999999999889" classname="table_06" name="Table_06_generation_works_with_risk_difference_column"/>
    <testcase time="0.0720000000000027" classname="table_06" name="Table_06_generation_works_with_risk_difference_column"/>
    <testcase time="0.722000000000001" classname="table_06" name="Table_06_generation_works_with_risk_difference_column"/>
    <testcase time="0.157" classname="table_06" name="Table_06_generation_works_with_risk_difference_column">
      <skipped message="Reason: On CRAN ('test-table_06.R:48:3')"/>
    </testcase>
  </testsuite>
  <testsuite name="table_07" timestamp="2023-10-02T18:51:43Z" hostname="9274acac76ba" tests="24" skipped="4" failures="0" errors="0" time="3.223">
    <testcase time="0.0299999999999976" classname="table_07" name="Table_07_generation_works_with_default_values"/>
    <testcase time="0.00100000000000122" classname="table_07" name="Table_07_generation_works_with_default_values"/>
    <testcase time="0.00199999999999889" classname="table_07" name="Table_07_generation_works_with_default_values"/>
    <testcase time="0.0520000000000032" classname="table_07" name="Table_07_generation_works_with_default_values"/>
    <testcase time="0.512999999999998" classname="table_07" name="Table_07_generation_works_with_default_values"/>
    <testcase time="0.155999999999999" classname="table_07" name="Table_07_generation_works_with_default_values">
      <skipped message="Reason: On CRAN ('test-table_07.R:13:3')"/>
    </testcase>
    <testcase time="0.0219999999999985" classname="table_07" name="Table_07_generation_works_with_custom_values"/>
    <testcase time="0.00200000000000244" classname="table_07" name="Table_07_generation_works_with_custom_values"/>
    <testcase time="0.000999999999997669" classname="table_07" name="Table_07_generation_works_with_custom_values"/>
    <testcase time="0.0560000000000045" classname="table_07" name="Table_07_generation_works_with_custom_values"/>
    <testcase time="0.667999999999999" classname="table_07" name="Table_07_generation_works_with_custom_values"/>
    <testcase time="0.201000000000001" classname="table_07" name="Table_07_generation_works_with_custom_values">
      <skipped message="Reason: On CRAN ('test-table_07.R:42:3')"/>
    </testcase>
    <testcase time="0.0189999999999984" classname="table_07" name="Table_07_generation_works_with_NA_values_pruned_rows"/>
    <testcase time="0.00200000000000244" classname="table_07" name="Table_07_generation_works_with_NA_values_pruned_rows"/>
    <testcase time="0.000999999999997669" classname="table_07" name="Table_07_generation_works_with_NA_values_pruned_rows"/>
    <testcase time="0.0660000000000025" classname="table_07" name="Table_07_generation_works_with_NA_values_pruned_rows"/>
    <testcase time="0.422999999999995" classname="table_07" name="Table_07_generation_works_with_NA_values_pruned_rows"/>
    <testcase time="0.178000000000004" classname="table_07" name="Table_07_generation_works_with_NA_values_pruned_rows">
      <skipped message="Reason: On CRAN ('test-table_07.R:52:3')"/>
    </testcase>
    <testcase time="0.0219999999999985" classname="table_07" name="Table_07_generation_works_with_risk_difference_column"/>
    <testcase time="0.00200000000000244" classname="table_07" name="Table_07_generation_works_with_risk_difference_column"/>
    <testcase time="0.000999999999997669" classname="table_07" name="Table_07_generation_works_with_risk_difference_column"/>
    <testcase time="0.054000000000002" classname="table_07" name="Table_07_generation_works_with_risk_difference_column"/>
    <testcase time="0.544999999999995" classname="table_07" name="Table_07_generation_works_with_risk_difference_column"/>
    <testcase time="0.206000000000003" classname="table_07" name="Table_07_generation_works_with_risk_difference_column">
      <skipped message="Reason: On CRAN ('test-table_07.R:65:3')"/>
    </testcase>
  </testsuite>
  <testsuite name="table_08" timestamp="2023-10-02T18:51:47Z" hostname="9274acac76ba" tests="8" skipped="2" failures="0" errors="0" time="0.562">
    <testcase time="0.0279999999999987" classname="table_08" name="Table_08_generation_works_with_default_values"/>
    <testcase time="0.00200000000000244" classname="table_08" name="Table_08_generation_works_with_default_values"/>
    <testcase time="0.0640000000000001" classname="table_08" name="Table_08_generation_works_with_default_values"/>
    <testcase time="0.167999999999999" classname="table_08" name="Table_08_generation_works_with_default_values">
      <skipped message="Reason: On CRAN ('test-table_08.R:10:3')"/>
    </testcase>
    <testcase time="0.0200000000000031" classname="table_08" name="Table_08_generation_works_with_custom_values"/>
    <testcase time="0.00199999999999534" classname="table_08" name="Table_08_generation_works_with_custom_values"/>
    <testcase time="0.0560000000000045" classname="table_08" name="Table_08_generation_works_with_custom_values"/>
    <testcase time="0.221999999999994" classname="table_08" name="Table_08_generation_works_with_custom_values">
      <skipped message="Reason: On CRAN ('test-table_08.R:31:3')"/>
    </testcase>
  </testsuite>
  <testsuite name="table_09" timestamp="2023-10-02T18:51:47Z" hostname="9274acac76ba" tests="12" skipped="3" failures="0" errors="0" time="2.197">
    <testcase time="0.0260000000000034" classname="table_09" name="Table_09_generation_works_with_default_values"/>
    <testcase time="0.0519999999999996" classname="table_09" name="Table_09_generation_works_with_default_values"/>
    <testcase time="0.387999999999998" classname="table_09" name="Table_09_generation_works_with_default_values"/>
    <testcase time="0.0960000000000036" classname="table_09" name="Table_09_generation_works_with_default_values">
      <skipped message="Reason: On CRAN ('test-table_09.R:8:3')"/>
    </testcase>
    <testcase time="0.0210000000000008" classname="table_09" name="Table_09_generation_works_with_custom_values"/>
    <testcase time="0.0519999999999996" classname="table_09" name="Table_09_generation_works_with_custom_values"/>
    <testcase time="0.491" classname="table_09" name="Table_09_generation_works_with_custom_values"/>
    <testcase time="0.0949999999999989" classname="table_09" name="Table_09_generation_works_with_custom_values">
      <skipped message="Reason: On CRAN ('test-table_09.R:39:3')"/>
    </testcase>
    <testcase time="0.019999999999996" classname="table_09" name="Table_09_generation_works_with_risk_difference_column"/>
    <testcase time="0.0549999999999997" classname="table_09" name="Table_09_generation_works_with_risk_difference_column"/>
    <testcase time="0.810000000000002" classname="table_09" name="Table_09_generation_works_with_risk_difference_column"/>
    <testcase time="0.0910000000000011" classname="table_09" name="Table_09_generation_works_with_risk_difference_column">
      <skipped message="Reason: On CRAN ('test-table_09.R:47:3')"/>
    </testcase>
  </testsuite>
  <testsuite name="table_10" timestamp="2023-10-02T18:51:49Z" hostname="9274acac76ba" tests="15" skipped="3" failures="0" errors="0" time="2.142">
    <testcase time="0.0330000000000013" classname="table_10" name="Table_10_generation_works_with_default_values"/>
    <testcase time="0.000999999999997669" classname="table_10" name="Table_10_generation_works_with_default_values"/>
    <testcase time="0.0600000000000023" classname="table_10" name="Table_10_generation_works_with_default_values"/>
    <testcase time="0.466000000000001" classname="table_10" name="Table_10_generation_works_with_default_values"/>
    <testcase time="0.158000000000001" classname="table_10" name="Table_10_generation_works_with_default_values">
      <skipped message="Reason: On CRAN ('test-table_10.R:17:3')"/>
    </testcase>
    <testcase time="0.0209999999999937" classname="table_10" name="Table_10_generation_works_with_custom_values"/>
    <testcase time="0.00100000000000477" classname="table_10" name="Table_10_generation_works_with_custom_values"/>
    <testcase time="0.0479999999999947" classname="table_10" name="Table_10_generation_works_with_custom_values"/>
    <testcase time="0.452000000000005" classname="table_10" name="Table_10_generation_works_with_custom_values"/>
    <testcase time="0.0730000000000004" classname="table_10" name="Table_10_generation_works_with_custom_values">
      <skipped message="Reason: On CRAN ('test-table_10.R:52:3')"/>
    </testcase>
    <testcase time="0.0210000000000008" classname="table_10" name="Table_10_generation_works_with_risk_difference_column"/>
    <testcase time="0.000999999999997669" classname="table_10" name="Table_10_generation_works_with_risk_difference_column"/>
    <testcase time="0.0529999999999973" classname="table_10" name="Table_10_generation_works_with_risk_difference_column"/>
    <testcase time="0.568000000000005" classname="table_10" name="Table_10_generation_works_with_risk_difference_column"/>
    <testcase time="0.186" classname="table_10" name="Table_10_generation_works_with_risk_difference_column">
      <skipped message="Reason: On CRAN ('test-table_10.R:60:3')"/>
    </testcase>
  </testsuite>
  <testsuite name="table_11" timestamp="2023-10-02T18:51:52Z" hostname="9274acac76ba" tests="12" skipped="3" failures="0" errors="0" time="3.363">
    <testcase time="0.0329999999999941" classname="table_11" name="Table_11_generation_works_with_default_values"/>
    <testcase time="0.0620000000000047" classname="table_11" name="Table_11_generation_works_with_default_values"/>
    <testcase time="0.792999999999999" classname="table_11" name="Table_11_generation_works_with_default_values"/>
    <testcase time="0.195" classname="table_11" name="Table_11_generation_works_with_default_values">
      <skipped message="Reason: On CRAN ('test-table_11.R:18:3')"/>
    </testcase>
    <testcase time="0.0210000000000008" classname="table_11" name="Table_11_generation_works_with_custom_values"/>
    <testcase time="0.0559999999999974" classname="table_11" name="Table_11_generation_works_with_custom_values"/>
    <testcase time="0.749000000000002" classname="table_11" name="Table_11_generation_works_with_custom_values"/>
    <testcase time="0.088000000000001" classname="table_11" name="Table_11_generation_works_with_custom_values">
      <skipped message="Reason: On CRAN ('test-table_11.R:48:3')"/>
    </testcase>
    <testcase time="0.0289999999999964" classname="table_11" name="Table_11_generation_works_with_risk_difference_column"/>
    <testcase time="0.0720000000000027" classname="table_11" name="Table_11_generation_works_with_risk_difference_column"/>
    <testcase time="1.049" classname="table_11" name="Table_11_generation_works_with_risk_difference_column"/>
    <testcase time="0.216000000000001" classname="table_11" name="Table_11_generation_works_with_risk_difference_column">
      <skipped message="Reason: On CRAN ('test-table_11.R:56:3')"/>
    </testcase>
  </testsuite>
  <testsuite name="table_12" timestamp="2023-10-02T18:51:55Z" hostname="9274acac76ba" tests="12" skipped="3" failures="0" errors="0" time="4.278">
    <testcase time="0.0359999999999943" classname="table_12" name="Table_12_generation_works_with_default_values"/>
    <testcase time="0.0640000000000001" classname="table_12" name="Table_12_generation_works_with_default_values"/>
    <testcase time="1.08900000000001" classname="table_12" name="Table_12_generation_works_with_default_values"/>
    <testcase time="0.137" classname="table_12" name="Table_12_generation_works_with_default_values">
      <skipped message="Reason: On CRAN ('test-table_12.R:9:3')"/>
    </testcase>
    <testcase time="0.0209999999999937" classname="table_12" name="Table_12_generation_works_with_custom_values"/>
    <testcase time="0.0620000000000047" classname="table_12" name="Table_12_generation_works_with_custom_values"/>
    <testcase time="1.104" classname="table_12" name="Table_12_generation_works_with_custom_values"/>
    <testcase time="0.161000000000001" classname="table_12" name="Table_12_generation_works_with_custom_values">
      <skipped message="Reason: On CRAN ('test-table_12.R:39:3')"/>
    </testcase>
    <testcase time="0.0210000000000008" classname="table_12" name="Table_12_generation_works_with_risk_difference_column"/>
    <testcase time="0.0659999999999954" classname="table_12" name="Table_12_generation_works_with_risk_difference_column"/>
    <testcase time="1.342" classname="table_12" name="Table_12_generation_works_with_risk_difference_column"/>
    <testcase time="0.175000000000004" classname="table_12" name="Table_12_generation_works_with_risk_difference_column">
      <skipped message="Reason: On CRAN ('test-table_12.R:47:3')"/>
    </testcase>
  </testsuite>
  <testsuite name="table_13" timestamp="2023-10-02T18:51:59Z" hostname="9274acac76ba" tests="12" skipped="3" failures="0" errors="0" time="1.052">
    <testcase time="0.0279999999999987" classname="table_13" name="Table_13_generation_works_with_default_values"/>
    <testcase time="0.0600000000000023" classname="table_13" name="Table_13_generation_works_with_default_values"/>
    <testcase time="0.164999999999999" classname="table_13" name="Table_13_generation_works_with_default_values"/>
    <testcase time="0.0850000000000009" classname="table_13" name="Table_13_generation_works_with_default_values">
      <skipped message="Reason: On CRAN ('test-table_13.R:8:3')"/>
    </testcase>
    <testcase time="0.019999999999996" classname="table_13" name="Table_13_generation_works_with_custom_values"/>
    <testcase time="0.0600000000000023" classname="table_13" name="Table_13_generation_works_with_custom_values"/>
    <testcase time="0.189" classname="table_13" name="Table_13_generation_works_with_custom_values"/>
    <testcase time="0.0630000000000024" classname="table_13" name="Table_13_generation_works_with_custom_values">
      <skipped message="Reason: On CRAN ('test-table_13.R:38:3')"/>
    </testcase>
    <testcase time="0.019999999999996" classname="table_13" name="Table_13_generation_works_with_risk_difference_column"/>
    <testcase time="0.0620000000000047" classname="table_13" name="Table_13_generation_works_with_risk_difference_column"/>
    <testcase time="0.200999999999993" classname="table_13" name="Table_13_generation_works_with_risk_difference_column"/>
    <testcase time="0.0990000000000038" classname="table_13" name="Table_13_generation_works_with_risk_difference_column">
      <skipped message="Reason: On CRAN ('test-table_13.R:46:3')"/>
    </testcase>
  </testsuite>
  <testsuite name="table_14" timestamp="2023-10-02T18:52:00Z" hostname="9274acac76ba" tests="13" skipped="4" failures="0" errors="0" time="4.364">
    <testcase time="0.0450000000000017" classname="table_14" name="Table_14_generation_works_with_default_values"/>
    <testcase time="0.774999999999999" classname="table_14" name="Table_14_generation_works_with_default_values"/>
    <testcase time="0.205999999999996" classname="table_14" name="Table_14_generation_works_with_default_values">
      <skipped message="Reason: On CRAN ('test-table_14.R:16:3')"/>
    </testcase>
    <testcase time="0.0200000000000031" classname="table_14" name="Table_14_generation_works_with_custom_values"/>
    <testcase time="0.0649999999999977" classname="table_14" name="Table_14_generation_works_with_custom_values"/>
    <testcase time="0.842000000000006" classname="table_14" name="Table_14_generation_works_with_custom_values"/>
    <testcase time="0.209999999999994" classname="table_14" name="Table_14_generation_works_with_custom_values">
      <skipped message="Reason: On CRAN ('test-table_14.R:46:3')"/>
    </testcase>
    <testcase time="0.0220000000000056" classname="table_14" name="Table_14_generation_works_with_NA_values_pruned_rows"/>
    <testcase time="0.778999999999996" classname="table_14" name="Table_14_generation_works_with_NA_values_pruned_rows"/>
    <testcase time="0.158999999999999" classname="table_14" name="Table_14_generation_works_with_NA_values_pruned_rows">
      <skipped message="Reason: On CRAN ('test-table_14.R:53:3')"/>
    </testcase>
    <testcase time="0.0190000000000055" classname="table_14" name="Table_14_generation_works_with_risk_difference_column"/>
    <testcase time="0.984999999999999" classname="table_14" name="Table_14_generation_works_with_risk_difference_column"/>
    <testcase time="0.236999999999995" classname="table_14" name="Table_14_generation_works_with_risk_difference_column">
      <skipped message="Reason: On CRAN ('test-table_14.R:61:3')"/>
    </testcase>
  </testsuite>
  <testsuite name="table_20" timestamp="2023-10-02T18:52:05Z" hostname="9274acac76ba" tests="24" skipped="4" failures="0" errors="0" time="3.664">
    <testcase time="0.0330000000000013" classname="table_20" name="Table_20_generation_works_with_default_values"/>
    <testcase time="0.000999999999997669" classname="table_20" name="Table_20_generation_works_with_default_values"/>
    <testcase time="0.00200000000000244" classname="table_20" name="Table_20_generation_works_with_default_values"/>
    <testcase time="0.0589999999999975" classname="table_20" name="Table_20_generation_works_with_default_values"/>
    <testcase time="0.556000000000004" classname="table_20" name="Table_20_generation_works_with_default_values"/>
    <testcase time="0.113999999999997" classname="table_20" name="Table_20_generation_works_with_default_values">
      <skipped message="Reason: On CRAN ('test-table_20.R:17:3')"/>
    </testcase>
    <testcase time="0.0189999999999984" classname="table_20" name="Table_20_generation_works_with_custom_values"/>
    <testcase time="0.00200000000000244" classname="table_20" name="Table_20_generation_works_with_custom_values"/>
    <testcase time="0.000999999999997669" classname="table_20" name="Table_20_generation_works_with_custom_values"/>
    <testcase time="0.0680000000000049" classname="table_20" name="Table_20_generation_works_with_custom_values"/>
    <testcase time="0.850000000000001" classname="table_20" name="Table_20_generation_works_with_custom_values"/>
    <testcase time="0.167999999999999" classname="table_20" name="Table_20_generation_works_with_custom_values">
      <skipped message="Reason: On CRAN ('test-table_20.R:65:3')"/>
    </testcase>
    <testcase time="0.0249999999999986" classname="table_20" name="Table_20_generation_works_with_missing_values_pruned_rows"/>
    <testcase time="0.00200000000000244" classname="table_20" name="Table_20_generation_works_with_missing_values_pruned_rows"/>
    <testcase time="0.000999999999997669" classname="table_20" name="Table_20_generation_works_with_missing_values_pruned_rows"/>
    <testcase time="0.088000000000001" classname="table_20" name="Table_20_generation_works_with_missing_values_pruned_rows"/>
    <testcase time="0.586999999999996" classname="table_20" name="Table_20_generation_works_with_missing_values_pruned_rows"/>
    <testcase time="0.130000000000003" classname="table_20" name="Table_20_generation_works_with_missing_values_pruned_rows">
      <skipped message="Reason: On CRAN ('test-table_20.R:74:3')"/>
    </testcase>
    <testcase time="0.019999999999996" classname="table_20" name="Table_20_generation_works_with_risk_difference_column"/>
    <testcase time="0.00100000000000477" classname="table_20" name="Table_20_generation_works_with_risk_difference_column"/>
    <testcase time="0.00199999999999534" classname="table_20" name="Table_20_generation_works_with_risk_difference_column"/>
    <testcase time="0.0609999999999999" classname="table_20" name="Table_20_generation_works_with_risk_difference_column"/>
    <testcase time="0.743000000000002" classname="table_20" name="Table_20_generation_works_with_risk_difference_column"/>
    <testcase time="0.131" classname="table_20" name="Table_20_generation_works_with_risk_difference_column">
      <skipped message="Reason: On CRAN ('test-table_20.R:82:3')"/>
    </testcase>
  </testsuite>
  <testsuite name="table_21" timestamp="2023-10-02T18:52:08Z" hostname="9274acac76ba" tests="19" skipped="4" failures="0" errors="0" time="3.584">
    <testcase time="0.0970000000000013" classname="table_21" name="Table_21_generation_works_with_default_values"/>
    <testcase time="0.00200000000000244" classname="table_21" name="Table_21_generation_works_with_default_values"/>
    <testcase time="0.780999999999999" classname="table_21" name="Table_21_generation_works_with_default_values"/>
    <testcase time="0.161000000000001" classname="table_21" name="Table_21_generation_works_with_default_values">
      <skipped message="Reason: On CRAN ('test-table_21.R:22:3')"/>
    </testcase>
    <testcase time="0.0219999999999985" classname="table_21" name="Table_21_generation_works_with_custom_values_N_s_denominator_and_overall_column"/>
    <testcase time="0.000999999999997669" classname="table_21" name="Table_21_generation_works_with_custom_values_N_s_denominator_and_overall_column"/>
    <testcase time="0.100999999999999" classname="table_21" name="Table_21_generation_works_with_custom_values_N_s_denominator_and_overall_column"/>
    <testcase time="1.01600000000001" classname="table_21" name="Table_21_generation_works_with_custom_values_N_s_denominator_and_overall_column"/>
    <testcase time="0.199999999999996" classname="table_21" name="Table_21_generation_works_with_custom_values_N_s_denominator_and_overall_column">
      <skipped message="Reason: On CRAN ('test-table_21.R:34:3')"/>
    </testcase>
    <testcase time="0.0210000000000008" classname="table_21" name="Table_21_generation_works_with_custom_values_N_col_denominator_and_no_overall_column"/>
    <testcase time="0.00200000000000244" classname="table_21" name="Table_21_generation_works_with_custom_values_N_col_denominator_and_no_overall_column"/>
    <testcase time="0.0640000000000001" classname="table_21" name="Table_21_generation_works_with_custom_values_N_col_denominator_and_no_overall_column"/>
    <testcase time="0.412999999999997" classname="table_21" name="Table_21_generation_works_with_custom_values_N_col_denominator_and_no_overall_column"/>
    <testcase time="0.131999999999998" classname="table_21" name="Table_21_generation_works_with_custom_values_N_col_denominator_and_no_overall_column">
      <skipped message="Reason: On CRAN ('test-table_21.R:62:3')"/>
    </testcase>
    <testcase time="0.0810000000000031" classname="table_21" name="Table_21_generation_works_with_some_NA_values"/>
    <testcase time="0.00200000000000244" classname="table_21" name="Table_21_generation_works_with_some_NA_values"/>
    <testcase time="0.0779999999999959" classname="table_21" name="Table_21_generation_works_with_some_NA_values"/>
    <testcase time="0.320999999999998" classname="table_21" name="Table_21_generation_works_with_some_NA_values"/>
    <testcase time="0.0889999999999986" classname="table_21" name="Table_21_generation_works_with_some_NA_values">
      <skipped message="Reason: On CRAN ('test-table_21.R:82:3')"/>
    </testcase>
  </testsuite>
  <testsuite name="table_32" timestamp="2023-10-02T18:52:12Z" hostname="9274acac76ba" tests="16" skipped="4" failures="0" errors="0" time="1.409">
    <testcase time="0.0280000000000058" classname="table_32" name="Table_32_generation_works_with_default_values"/>
    <testcase time="0.0689999999999955" classname="table_32" name="Table_32_generation_works_with_default_values"/>
    <testcase time="0.172000000000004" classname="table_32" name="Table_32_generation_works_with_default_values"/>
    <testcase time="0.0599999999999952" classname="table_32" name="Table_32_generation_works_with_default_values">
      <skipped message="Reason: On CRAN ('test-table_32.R:8:3')"/>
    </testcase>
    <testcase time="0.0230000000000032" classname="table_32" name="Table_32_generation_works_with_custom_values"/>
    <testcase time="0.0659999999999954" classname="table_32" name="Table_32_generation_works_with_custom_values"/>
    <testcase time="0.211000000000006" classname="table_32" name="Table_32_generation_works_with_custom_values"/>
    <testcase time="0.0760000000000005" classname="table_32" name="Table_32_generation_works_with_custom_values">
      <skipped message="Reason: On CRAN ('test-table_32.R:30:3')"/>
    </testcase>
    <testcase time="0.0209999999999937" classname="table_32" name="Table_32_generation_works_with_pruned_rows"/>
    <testcase time="0.0800000000000054" classname="table_32" name="Table_32_generation_works_with_pruned_rows"/>
    <testcase time="0.156999999999996" classname="table_32" name="Table_32_generation_works_with_pruned_rows"/>
    <testcase time="0.0459999999999994" classname="table_32" name="Table_32_generation_works_with_pruned_rows">
      <skipped message="Reason: On CRAN ('test-table_32.R:37:3')"/>
    </testcase>
    <testcase time="0.0210000000000008" classname="table_32" name="Table_32_generation_works_with_risk_difference_column"/>
    <testcase time="0.088000000000001" classname="table_32" name="Table_32_generation_works_with_risk_difference_column"/>
    <testcase time="0.201000000000001" classname="table_32" name="Table_32_generation_works_with_risk_difference_column"/>
    <testcase time="0.0900000000000034" classname="table_32" name="Table_32_generation_works_with_risk_difference_column">
      <skipped message="Reason: On CRAN ('test-table_32.R:45:3')"/>
    </testcase>
  </testsuite>
  <testsuite name="table_33" timestamp="2023-10-02T18:52:13Z" hostname="9274acac76ba" tests="16" skipped="4" failures="0" errors="0" time="2.702">
    <testcase time="0.0300000000000011" classname="table_33" name="Table_33_generation_works_with_default_values"/>
    <testcase time="0.431999999999995" classname="table_33" name="Table_33_generation_works_with_default_values"/>
    <testcase time="0.129000000000005" classname="table_33" name="Table_33_generation_works_with_default_values"/>
    <testcase time="0.0539999999999949" classname="table_33" name="Table_33_generation_works_with_default_values">
      <skipped message="Reason: On CRAN ('test-table_33.R:8:3')"/>
    </testcase>
    <testcase time="0.0290000000000035" classname="table_33" name="Table_33_generation_works_with_custom_values"/>
    <testcase time="0.439" classname="table_33" name="Table_33_generation_works_with_custom_values"/>
    <testcase time="0.161999999999999" classname="table_33" name="Table_33_generation_works_with_custom_values"/>
    <testcase time="0.0739999999999981" classname="table_33" name="Table_33_generation_works_with_custom_values">
      <skipped message="Reason: On CRAN ('test-table_33.R:34:3')"/>
    </testcase>
    <testcase time="0.0290000000000035" classname="table_33" name="Table_33_generation_works_with_pruned_rows"/>
    <testcase time="0.417000000000002" classname="table_33" name="Table_33_generation_works_with_pruned_rows"/>
    <testcase time="0.140000000000001" classname="table_33" name="Table_33_generation_works_with_pruned_rows"/>
    <testcase time="0.0409999999999968" classname="table_33" name="Table_33_generation_works_with_pruned_rows">
      <skipped message="Reason: On CRAN ('test-table_33.R:42:3')"/>
    </testcase>
    <testcase time="0.0429999999999993" classname="table_33" name="Table_33_generation_works_with_risk_difference_column"/>
    <testcase time="0.450000000000003" classname="table_33" name="Table_33_generation_works_with_risk_difference_column"/>
    <testcase time="0.163999999999994" classname="table_33" name="Table_33_generation_works_with_risk_difference_column"/>
    <testcase time="0.0690000000000026" classname="table_33" name="Table_33_generation_works_with_risk_difference_column">
      <skipped message="Reason: On CRAN ('test-table_33.R:50:3')"/>
    </testcase>
  </testsuite>
  <testsuite name="table_34" timestamp="2023-10-02T18:52:16Z" hostname="9274acac76ba" tests="12" skipped="3" failures="0" errors="0" time="8.815">
    <testcase time="0.0430000000000064" classname="table_34" name="Table_34_generation_works_with_default_values"/>
    <testcase time="0.0549999999999926" classname="table_34" name="Table_34_generation_works_with_default_values"/>
    <testcase time="2.39100000000001" classname="table_34" name="Table_34_generation_works_with_default_values"/>
    <testcase time="0.328000000000003" classname="table_34" name="Table_34_generation_works_with_default_values">
      <skipped message="Reason: On CRAN ('test-table_34.R:17:3')"/>
    </testcase>
    <testcase time="0.0289999999999964" classname="table_34" name="Table_34_generation_works_with_custom_values"/>
    <testcase time="0.0549999999999926" classname="table_34" name="Table_34_generation_works_with_custom_values"/>
    <testcase time="2.429" classname="table_34" name="Table_34_generation_works_with_custom_values"/>
    <testcase time="0.113" classname="table_34" name="Table_34_generation_works_with_custom_values">
      <skipped message="Reason: On CRAN ('test-table_34.R:49:3')"/>
    </testcase>
    <testcase time="0.019999999999996" classname="table_34" name="Table_34_generation_works_with_risk_difference_column"/>
    <testcase time="0.0650000000000119" classname="table_34" name="Table_34_generation_works_with_risk_difference_column"/>
    <testcase time="2.95899999999999" classname="table_34" name="Table_34_generation_works_with_risk_difference_column"/>
    <testcase time="0.328000000000003" classname="table_34" name="Table_34_generation_works_with_risk_difference_column">
      <skipped message="Reason: On CRAN ('test-table_34.R:57:3')"/>
    </testcase>
  </testsuite>
</testsuites>
