<?xml version="1.0" encoding="UTF-8"?>
<testsuites>
  <testsuite name="table_02" timestamp="2023-10-05T19:01:54Z" hostname="f5b16ffb006d" tests="30" skipped="10" failures="0" errors="0" time="15.784">
    <testcase time="0.081" classname="table_02" name="Table_02_generation_works_with_default_values"/>
    <testcase time="0.475" classname="table_02" name="Table_02_generation_works_with_default_values"/>
    <testcase time="0.226" classname="table_02" name="Table_02_generation_works_with_default_values">
      <skipped message="Reason: On CRAN ('test-table_02.R:16:3')"/>
    </testcase>
    <testcase time="0.0749999999999997" classname="table_02" name="Table_02_generation_works_with_custom_values"/>
    <testcase time="0.386" classname="table_02" name="Table_02_generation_works_with_custom_values"/>
    <testcase time="0.229" classname="table_02" name="Table_02_generation_works_with_custom_values">
      <skipped message="Reason: On CRAN ('test-table_02.R:45:3')"/>
    </testcase>
    <testcase time="0.0569999999999995" classname="table_02" name="Table_02_generation_works_with_some_NA_values"/>
    <testcase time="0.103000000000001" classname="table_02" name="Table_02_generation_works_with_some_NA_values"/>
    <testcase time="0.048" classname="table_02" name="Table_02_generation_works_with_some_NA_values">
      <skipped message="Reason: On CRAN ('test-table_02.R:57:3')"/>
    </testcase>
    <testcase time="0.0169999999999995" classname="table_02" name="Table_02_generation_tplyr_works_with_default_values"/>
    <testcase time="1.884" classname="table_02" name="Table_02_generation_tplyr_works_with_default_values"/>
    <testcase time="0.0350000000000001" classname="table_02" name="Table_02_generation_tplyr_works_with_default_values">
      <skipped message="Reason: On CRAN ('test-table_02.R:66:3')"/>
    </testcase>
    <testcase time="0.016" classname="table_02" name="Table_02_generation_tplyr_works_with_tplyr_raw_TRUE"/>
    <testcase time="1.168" classname="table_02" name="Table_02_generation_tplyr_works_with_tplyr_raw_TRUE"/>
    <testcase time="0.024" classname="table_02" name="Table_02_generation_tplyr_works_with_tplyr_raw_TRUE">
      <skipped message="Reason: On CRAN ('test-table_02.R:75:3')"/>
    </testcase>
    <testcase time="0.0499999999999998" classname="table_02" name="Table_02_generation_tplyr_works_with_custom_values"/>
    <testcase time="1.81" classname="table_02" name="Table_02_generation_tplyr_works_with_custom_values"/>
    <testcase time="0.0239999999999991" classname="table_02" name="Table_02_generation_tplyr_works_with_custom_values">
      <skipped message="Reason: On CRAN ('test-table_02.R:102:3')"/>
    </testcase>
    <testcase time="0.0359999999999996" classname="table_02" name="Table_02_generation_tplyr_works_with_some_NA_values"/>
    <testcase time="0.736000000000001" classname="table_02" name="Table_02_generation_tplyr_works_with_some_NA_values"/>
    <testcase time="0.0220000000000002" classname="table_02" name="Table_02_generation_tplyr_works_with_some_NA_values">
      <skipped message="Reason: On CRAN ('test-table_02.R:119:3')"/>
    </testcase>
    <testcase time="0.016" classname="table_02" name="Table_02_generation_gtsum_works_with_default_values"/>
    <testcase time="3.294" classname="table_02" name="Table_02_generation_gtsum_works_with_default_values"/>
    <testcase time="0.00799999999999912" classname="table_02" name="Table_02_generation_gtsum_works_with_default_values">
      <skipped message="Reason: On CRAN ('test-table_02.R:128:3')"/>
    </testcase>
    <testcase time="0.0449999999999999" classname="table_02" name="Table_02_generation_gtsum_works_with_custom_values"/>
    <testcase time="3.644" classname="table_02" name="Table_02_generation_gtsum_works_with_custom_values"/>
    <testcase time="0.00900000000000034" classname="table_02" name="Table_02_generation_gtsum_works_with_custom_values">
      <skipped message="Reason: On CRAN ('test-table_02.R:146:3')"/>
    </testcase>
    <testcase time="0.0359999999999978" classname="table_02" name="Table_02_generation_gtsum_works_with_some_NA_values"/>
    <testcase time="1.222" classname="table_02" name="Table_02_generation_gtsum_works_with_some_NA_values"/>
    <testcase time="0.00799999999999912" classname="table_02" name="Table_02_generation_gtsum_works_with_some_NA_values">
      <skipped message="Reason: On CRAN ('test-table_02.R:161:3')"/>
    </testcase>
  </testsuite>
  <testsuite name="table_03" timestamp="2023-10-05T19:02:10Z" hostname="f5b16ffb006d" tests="8" skipped="2" failures="0" errors="0" time="0.823">
    <testcase time="0.032" classname="table_03" name="Table_3_generation_works_with_default_values"/>
    <testcase time="0.00100000000000122" classname="table_03" name="Table_3_generation_works_with_default_values"/>
    <testcase time="0.326000000000001" classname="table_03" name="Table_3_generation_works_with_default_values"/>
    <testcase time="0.0629999999999988" classname="table_03" name="Table_3_generation_works_with_default_values">
      <skipped message="Reason: On CRAN ('test-table_03.R:21:3')"/>
    </testcase>
    <testcase time="0.0150000000000006" classname="table_03" name="Table_3_generation_works_with_custom_values"/>
    <testcase time="0.000999999999997669" classname="table_03" name="Table_3_generation_works_with_custom_values"/>
    <testcase time="0.317" classname="table_03" name="Table_3_generation_works_with_custom_values"/>
    <testcase time="0.0680000000000014" classname="table_03" name="Table_3_generation_works_with_custom_values">
      <skipped message="Reason: On CRAN ('test-table_03.R:41:3')"/>
    </testcase>
  </testsuite>
  <testsuite name="table_04" timestamp="2023-10-05T19:02:11Z" hostname="f5b16ffb006d" tests="12" skipped="2" failures="0" errors="0" time="0.9">
    <testcase time="0.0480000000000018" classname="table_04" name="Table_04_generation_works_with_default_values"/>
    <testcase time="0.000999999999997669" classname="table_04" name="Table_04_generation_works_with_default_values"/>
    <testcase time="0.00100000000000122" classname="table_04" name="Table_04_generation_works_with_default_values"/>
    <testcase time="0.00199999999999889" classname="table_04" name="Table_04_generation_works_with_default_values"/>
    <testcase time="0.324999999999999" classname="table_04" name="Table_04_generation_works_with_default_values"/>
    <testcase time="0.093" classname="table_04" name="Table_04_generation_works_with_default_values">
      <skipped message="Reason: On CRAN ('test-table_04.R:18:3')"/>
    </testcase>
    <testcase time="0.0240000000000009" classname="table_04" name="Table_04_generation_works_with_custom_values"/>
    <testcase time="0.00100000000000122" classname="table_04" name="Table_04_generation_works_with_custom_values"/>
    <testcase time="0.000999999999997669" classname="table_04" name="Table_04_generation_works_with_custom_values"/>
    <testcase time="0.00100000000000122" classname="table_04" name="Table_04_generation_works_with_custom_values"/>
    <testcase time="0.327999999999999" classname="table_04" name="Table_04_generation_works_with_custom_values"/>
    <testcase time="0.0749999999999993" classname="table_04" name="Table_04_generation_works_with_custom_values">
      <skipped message="Reason: On CRAN ('test-table_04.R:44:3')"/>
    </testcase>
  </testsuite>
  <testsuite name="table_05" timestamp="2023-10-05T19:02:12Z" hostname="f5b16ffb006d" tests="12" skipped="4" failures="0" errors="0" time="1.426">
    <testcase time="0.173000000000002" classname="table_05" name="Table_05_generation_works_with_default_values"/>
    <testcase time="0.224" classname="table_05" name="Table_05_generation_works_with_default_values"/>
    <testcase time="0.0700000000000003" classname="table_05" name="Table_05_generation_works_with_default_values">
      <skipped message="Reason: On CRAN ('test-table_05.R:10:3')"/>
    </testcase>
    <testcase time="0.0159999999999982" classname="table_05" name="Table_05_generation_works_with_custom_values"/>
    <testcase time="0.231000000000002" classname="table_05" name="Table_05_generation_works_with_custom_values"/>
    <testcase time="0.0889999999999986" classname="table_05" name="Table_05_generation_works_with_custom_values">
      <skipped message="Reason: On CRAN ('test-table_05.R:34:3')"/>
    </testcase>
    <testcase time="0.0180000000000007" classname="table_05" name="Table_05_generation_works_with_NA_values_pruned_rows"/>
    <testcase time="0.193999999999999" classname="table_05" name="Table_05_generation_works_with_NA_values_pruned_rows"/>
    <testcase time="0.0670000000000002" classname="table_05" name="Table_05_generation_works_with_NA_values_pruned_rows">
      <skipped message="Reason: On CRAN ('test-table_05.R:44:3')"/>
    </testcase>
    <testcase time="0.0160000000000018" classname="table_05" name="Table_05_generation_works_with_risk_difference_column"/>
    <testcase time="0.242999999999999" classname="table_05" name="Table_05_generation_works_with_risk_difference_column"/>
    <testcase time="0.0850000000000009" classname="table_05" name="Table_05_generation_works_with_risk_difference_column">
      <skipped message="Reason: On CRAN ('test-table_05.R:57:3')"/>
    </testcase>
  </testsuite>
  <testsuite name="table_06" timestamp="2023-10-05T19:02:13Z" hostname="f5b16ffb006d" tests="15" skipped="3" failures="0" errors="0" time="2.142">
    <testcase time="0.0219999999999985" classname="table_06" name="Table_06_generation_works_with_default_values"/>
    <testcase time="0.00100000000000122" classname="table_06" name="Table_06_generation_works_with_default_values"/>
    <testcase time="0.0579999999999998" classname="table_06" name="Table_06_generation_works_with_default_values"/>
    <testcase time="0.431000000000001" classname="table_06" name="Table_06_generation_works_with_default_values"/>
    <testcase time="0.122" classname="table_06" name="Table_06_generation_works_with_default_values">
      <skipped message="Reason: On CRAN ('test-table_06.R:8:3')"/>
    </testcase>
    <testcase time="0.0159999999999982" classname="table_06" name="Table_06_generation_works_with_custom_values"/>
    <testcase time="0.00100000000000122" classname="table_06" name="Table_06_generation_works_with_custom_values"/>
    <testcase time="0.0549999999999997" classname="table_06" name="Table_06_generation_works_with_custom_values"/>
    <testcase time="0.582000000000001" classname="table_06" name="Table_06_generation_works_with_custom_values"/>
    <testcase time="0.125" classname="table_06" name="Table_06_generation_works_with_custom_values">
      <skipped message="Reason: On CRAN ('test-table_06.R:40:3')"/>
    </testcase>
    <testcase time="0.0169999999999995" classname="table_06" name="Table_06_generation_works_with_risk_difference_column"/>
    <testcase time="0.00100000000000122" classname="table_06" name="Table_06_generation_works_with_risk_difference_column"/>
    <testcase time="0.0640000000000001" classname="table_06" name="Table_06_generation_works_with_risk_difference_column"/>
    <testcase time="0.545999999999999" classname="table_06" name="Table_06_generation_works_with_risk_difference_column"/>
    <testcase time="0.100999999999999" classname="table_06" name="Table_06_generation_works_with_risk_difference_column">
      <skipped message="Reason: On CRAN ('test-table_06.R:48:3')"/>
    </testcase>
  </testsuite>
  <testsuite name="table_07" timestamp="2023-10-05T19:02:15Z" hostname="f5b16ffb006d" tests="24" skipped="4" failures="0" errors="0" time="2.285">
    <testcase time="0.0249999999999986" classname="table_07" name="Table_07_generation_works_with_default_values"/>
    <testcase time="0.00100000000000122" classname="table_07" name="Table_07_generation_works_with_default_values"/>
    <testcase time="0.00100000000000122" classname="table_07" name="Table_07_generation_works_with_default_values"/>
    <testcase time="0.0399999999999991" classname="table_07" name="Table_07_generation_works_with_default_values"/>
    <testcase time="0.329999999999998" classname="table_07" name="Table_07_generation_works_with_default_values"/>
    <testcase time="0.119000000000003" classname="table_07" name="Table_07_generation_works_with_default_values">
      <skipped message="Reason: On CRAN ('test-table_07.R:13:3')"/>
    </testcase>
    <testcase time="0.0159999999999982" classname="table_07" name="Table_07_generation_works_with_custom_values"/>
    <testcase time="0.00199999999999889" classname="table_07" name="Table_07_generation_works_with_custom_values"/>
    <testcase time="0.00100000000000122" classname="table_07" name="Table_07_generation_works_with_custom_values"/>
    <testcase time="0.0390000000000015" classname="table_07" name="Table_07_generation_works_with_custom_values"/>
    <testcase time="0.450999999999997" classname="table_07" name="Table_07_generation_works_with_custom_values"/>
    <testcase time="0.149000000000001" classname="table_07" name="Table_07_generation_works_with_custom_values">
      <skipped message="Reason: On CRAN ('test-table_07.R:42:3')"/>
    </testcase>
    <testcase time="0.0169999999999995" classname="table_07" name="Table_07_generation_works_with_NA_values_pruned_rows"/>
    <testcase time="0.00100000000000122" classname="table_07" name="Table_07_generation_works_with_NA_values_pruned_rows"/>
    <testcase time="0.00100000000000122" classname="table_07" name="Table_07_generation_works_with_NA_values_pruned_rows"/>
    <testcase time="0.0389999999999979" classname="table_07" name="Table_07_generation_works_with_NA_values_pruned_rows"/>
    <testcase time="0.336000000000002" classname="table_07" name="Table_07_generation_works_with_NA_values_pruned_rows"/>
    <testcase time="0.114999999999998" classname="table_07" name="Table_07_generation_works_with_NA_values_pruned_rows">
      <skipped message="Reason: On CRAN ('test-table_07.R:52:3')"/>
    </testcase>
    <testcase time="0.0169999999999995" classname="table_07" name="Table_07_generation_works_with_risk_difference_column"/>
    <testcase time="0.00100000000000122" classname="table_07" name="Table_07_generation_works_with_risk_difference_column"/>
    <testcase time="0.00100000000000122" classname="table_07" name="Table_07_generation_works_with_risk_difference_column"/>
    <testcase time="0.0409999999999968" classname="table_07" name="Table_07_generation_works_with_risk_difference_column"/>
    <testcase time="0.405000000000001" classname="table_07" name="Table_07_generation_works_with_risk_difference_column"/>
    <testcase time="0.137" classname="table_07" name="Table_07_generation_works_with_risk_difference_column">
      <skipped message="Reason: On CRAN ('test-table_07.R:65:3')"/>
    </testcase>
  </testsuite>
  <testsuite name="table_08" timestamp="2023-10-05T19:02:18Z" hostname="f5b16ffb006d" tests="8" skipped="2" failures="0" errors="0" time="0.409">
    <testcase time="0.0229999999999997" classname="table_08" name="Table_08_generation_works_with_default_values"/>
    <testcase time="0.00100000000000122" classname="table_08" name="Table_08_generation_works_with_default_values"/>
    <testcase time="0.0500000000000007" classname="table_08" name="Table_08_generation_works_with_default_values"/>
    <testcase time="0.119" classname="table_08" name="Table_08_generation_works_with_default_values">
      <skipped message="Reason: On CRAN ('test-table_08.R:10:3')"/>
    </testcase>
    <testcase time="0.0159999999999982" classname="table_08" name="Table_08_generation_works_with_custom_values"/>
    <testcase time="0.00199999999999889" classname="table_08" name="Table_08_generation_works_with_custom_values"/>
    <testcase time="0.0430000000000028" classname="table_08" name="Table_08_generation_works_with_custom_values"/>
    <testcase time="0.154999999999998" classname="table_08" name="Table_08_generation_works_with_custom_values">
      <skipped message="Reason: On CRAN ('test-table_08.R:31:3')"/>
    </testcase>
  </testsuite>
  <testsuite name="table_09" timestamp="2023-10-05T19:02:18Z" hostname="f5b16ffb006d" tests="12" skipped="3" failures="0" errors="0" time="1.651">
    <testcase time="0.022000000000002" classname="table_09" name="Table_09_generation_works_with_default_values"/>
    <testcase time="0.0410000000000004" classname="table_09" name="Table_09_generation_works_with_default_values"/>
    <testcase time="0.309999999999999" classname="table_09" name="Table_09_generation_works_with_default_values"/>
    <testcase time="0.0590000000000011" classname="table_09" name="Table_09_generation_works_with_default_values">
      <skipped message="Reason: On CRAN ('test-table_09.R:8:3')"/>
    </testcase>
    <testcase time="0.0159999999999982" classname="table_09" name="Table_09_generation_works_with_custom_values"/>
    <testcase time="0.0410000000000004" classname="table_09" name="Table_09_generation_works_with_custom_values"/>
    <testcase time="0.587" classname="table_09" name="Table_09_generation_works_with_custom_values"/>
    <testcase time="0.0659999999999989" classname="table_09" name="Table_09_generation_works_with_custom_values">
      <skipped message="Reason: On CRAN ('test-table_09.R:39:3')"/>
    </testcase>
    <testcase time="0.0160000000000018" classname="table_09" name="Table_09_generation_works_with_risk_difference_column"/>
    <testcase time="0.0459999999999994" classname="table_09" name="Table_09_generation_works_with_risk_difference_column"/>
    <testcase time="0.369" classname="table_09" name="Table_09_generation_works_with_risk_difference_column"/>
    <testcase time="0.0779999999999994" classname="table_09" name="Table_09_generation_works_with_risk_difference_column">
      <skipped message="Reason: On CRAN ('test-table_09.R:47:3')"/>
    </testcase>
  </testsuite>
  <testsuite name="table_10" timestamp="2023-10-05T19:02:20Z" hostname="f5b16ffb006d" tests="15" skipped="3" failures="0" errors="0" time="1.581">
    <testcase time="0.0259999999999998" classname="table_10" name="Table_10_generation_works_with_default_values"/>
    <testcase time="0.00100000000000122" classname="table_10" name="Table_10_generation_works_with_default_values"/>
    <testcase time="0.0420000000000016" classname="table_10" name="Table_10_generation_works_with_default_values"/>
    <testcase time="0.350999999999999" classname="table_10" name="Table_10_generation_works_with_default_values"/>
    <testcase time="0.105999999999998" classname="table_10" name="Table_10_generation_works_with_default_values">
      <skipped message="Reason: On CRAN ('test-table_10.R:17:3')"/>
    </testcase>
    <testcase time="0.0160000000000018" classname="table_10" name="Table_10_generation_works_with_custom_values"/>
    <testcase time="0.00199999999999889" classname="table_10" name="Table_10_generation_works_with_custom_values"/>
    <testcase time="0.0420000000000016" classname="table_10" name="Table_10_generation_works_with_custom_values"/>
    <testcase time="0.326000000000001" classname="table_10" name="Table_10_generation_works_with_custom_values"/>
    <testcase time="0.0519999999999996" classname="table_10" name="Table_10_generation_works_with_custom_values">
      <skipped message="Reason: On CRAN ('test-table_10.R:52:3')"/>
    </testcase>
    <testcase time="0.0219999999999985" classname="table_10" name="Table_10_generation_works_with_risk_difference_column"/>
    <testcase time="0.00100000000000122" classname="table_10" name="Table_10_generation_works_with_risk_difference_column"/>
    <testcase time="0.0410000000000004" classname="table_10" name="Table_10_generation_works_with_risk_difference_column"/>
    <testcase time="0.427" classname="table_10" name="Table_10_generation_works_with_risk_difference_column"/>
    <testcase time="0.126000000000001" classname="table_10" name="Table_10_generation_works_with_risk_difference_column">
      <skipped message="Reason: On CRAN ('test-table_10.R:60:3')"/>
    </testcase>
  </testsuite>
  <testsuite name="table_11" timestamp="2023-10-05T19:02:21Z" hostname="f5b16ffb006d" tests="12" skipped="3" failures="0" errors="0" time="2.435">
    <testcase time="0.0259999999999998" classname="table_11" name="Table_11_generation_works_with_default_values"/>
    <testcase time="0.0489999999999995" classname="table_11" name="Table_11_generation_works_with_default_values"/>
    <testcase time="0.577999999999999" classname="table_11" name="Table_11_generation_works_with_default_values"/>
    <testcase time="0.128" classname="table_11" name="Table_11_generation_works_with_default_values">
      <skipped message="Reason: On CRAN ('test-table_11.R:18:3')"/>
    </testcase>
    <testcase time="0.0159999999999982" classname="table_11" name="Table_11_generation_works_with_custom_values"/>
    <testcase time="0.0420000000000016" classname="table_11" name="Table_11_generation_works_with_custom_values"/>
    <testcase time="0.541999999999998" classname="table_11" name="Table_11_generation_works_with_custom_values"/>
    <testcase time="0.0610000000000035" classname="table_11" name="Table_11_generation_works_with_custom_values">
      <skipped message="Reason: On CRAN ('test-table_11.R:48:3')"/>
    </testcase>
    <testcase time="0.0159999999999982" classname="table_11" name="Table_11_generation_works_with_risk_difference_column"/>
    <testcase time="0.0489999999999995" classname="table_11" name="Table_11_generation_works_with_risk_difference_column"/>
    <testcase time="0.777000000000001" classname="table_11" name="Table_11_generation_works_with_risk_difference_column"/>
    <testcase time="0.150999999999996" classname="table_11" name="Table_11_generation_works_with_risk_difference_column">
      <skipped message="Reason: On CRAN ('test-table_11.R:56:3')"/>
    </testcase>
  </testsuite>
  <testsuite name="table_12" timestamp="2023-10-05T19:02:24Z" hostname="f5b16ffb006d" tests="12" skipped="3" failures="0" errors="0" time="3.1">
    <testcase time="0.0220000000000056" classname="table_12" name="Table_12_generation_works_with_default_values"/>
    <testcase time="0.0499999999999972" classname="table_12" name="Table_12_generation_works_with_default_values"/>
    <testcase time="0.788000000000004" classname="table_12" name="Table_12_generation_works_with_default_values"/>
    <testcase time="0.110999999999997" classname="table_12" name="Table_12_generation_works_with_default_values">
      <skipped message="Reason: On CRAN ('test-table_12.R:9:3')"/>
    </testcase>
    <testcase time="0.0159999999999982" classname="table_12" name="Table_12_generation_works_with_custom_values"/>
    <testcase time="0.0510000000000019" classname="table_12" name="Table_12_generation_works_with_custom_values"/>
    <testcase time="0.790999999999997" classname="table_12" name="Table_12_generation_works_with_custom_values"/>
    <testcase time="0.100000000000001" classname="table_12" name="Table_12_generation_works_with_custom_values">
      <skipped message="Reason: On CRAN ('test-table_12.R:39:3')"/>
    </testcase>
    <testcase time="0.0230000000000032" classname="table_12" name="Table_12_generation_works_with_risk_difference_column"/>
    <testcase time="0.0519999999999996" classname="table_12" name="Table_12_generation_works_with_risk_difference_column"/>
    <testcase time="0.981999999999999" classname="table_12" name="Table_12_generation_works_with_risk_difference_column"/>
    <testcase time="0.113999999999997" classname="table_12" name="Table_12_generation_works_with_risk_difference_column">
      <skipped message="Reason: On CRAN ('test-table_12.R:47:3')"/>
    </testcase>
  </testsuite>
  <testsuite name="table_13" timestamp="2023-10-05T19:02:27Z" hostname="f5b16ffb006d" tests="12" skipped="3" failures="0" errors="0" time="0.818">
    <testcase time="0.0300000000000011" classname="table_13" name="Table_13_generation_works_with_default_values"/>
    <testcase time="0.0489999999999995" classname="table_13" name="Table_13_generation_works_with_default_values"/>
    <testcase time="0.117000000000004" classname="table_13" name="Table_13_generation_works_with_default_values"/>
    <testcase time="0.0700000000000003" classname="table_13" name="Table_13_generation_works_with_default_values">
      <skipped message="Reason: On CRAN ('test-table_13.R:8:3')"/>
    </testcase>
    <testcase time="0.0169999999999959" classname="table_13" name="Table_13_generation_works_with_custom_values"/>
    <testcase time="0.0480000000000018" classname="table_13" name="Table_13_generation_works_with_custom_values"/>
    <testcase time="0.134999999999998" classname="table_13" name="Table_13_generation_works_with_custom_values"/>
    <testcase time="0.0679999999999978" classname="table_13" name="Table_13_generation_works_with_custom_values">
      <skipped message="Reason: On CRAN ('test-table_13.R:38:3')"/>
    </testcase>
    <testcase time="0.0160000000000053" classname="table_13" name="Table_13_generation_works_with_risk_difference_column"/>
    <testcase time="0.0479999999999947" classname="table_13" name="Table_13_generation_works_with_risk_difference_column"/>
    <testcase time="0.145000000000003" classname="table_13" name="Table_13_generation_works_with_risk_difference_column"/>
    <testcase time="0.0750000000000028" classname="table_13" name="Table_13_generation_works_with_risk_difference_column">
      <skipped message="Reason: On CRAN ('test-table_13.R:46:3')"/>
    </testcase>
  </testsuite>
  <testsuite name="table_14" timestamp="2023-10-05T19:02:28Z" hostname="f5b16ffb006d" tests="13" skipped="4" failures="0" errors="0" time="3.188">
    <testcase time="0.0300000000000011" classname="table_14" name="Table_14_generation_works_with_default_values"/>
    <testcase time="0.589999999999996" classname="table_14" name="Table_14_generation_works_with_default_values"/>
    <testcase time="0.130000000000003" classname="table_14" name="Table_14_generation_works_with_default_values">
      <skipped message="Reason: On CRAN ('test-table_14.R:16:3')"/>
    </testcase>
    <testcase time="0.0169999999999959" classname="table_14" name="Table_14_generation_works_with_custom_values"/>
    <testcase time="0.0620000000000047" classname="table_14" name="Table_14_generation_works_with_custom_values"/>
    <testcase time="0.598999999999997" classname="table_14" name="Table_14_generation_works_with_custom_values"/>
    <testcase time="0.144000000000005" classname="table_14" name="Table_14_generation_works_with_custom_values">
      <skipped message="Reason: On CRAN ('test-table_14.R:46:3')"/>
    </testcase>
    <testcase time="0.0159999999999982" classname="table_14" name="Table_14_generation_works_with_NA_values_pruned_rows"/>
    <testcase time="0.580999999999996" classname="table_14" name="Table_14_generation_works_with_NA_values_pruned_rows"/>
    <testcase time="0.103000000000002" classname="table_14" name="Table_14_generation_works_with_NA_values_pruned_rows">
      <skipped message="Reason: On CRAN ('test-table_14.R:53:3')"/>
    </testcase>
    <testcase time="0.027000000000001" classname="table_14" name="Table_14_generation_works_with_risk_difference_column"/>
    <testcase time="0.722000000000001" classname="table_14" name="Table_14_generation_works_with_risk_difference_column"/>
    <testcase time="0.167000000000002" classname="table_14" name="Table_14_generation_works_with_risk_difference_column">
      <skipped message="Reason: On CRAN ('test-table_14.R:61:3')"/>
    </testcase>
  </testsuite>
  <testsuite name="table_20" timestamp="2023-10-05T19:02:31Z" hostname="f5b16ffb006d" tests="24" skipped="4" failures="0" errors="0" time="2.663">
    <testcase time="0.0249999999999986" classname="table_20" name="Table_20_generation_works_with_default_values"/>
    <testcase time="0.000999999999997669" classname="table_20" name="Table_20_generation_works_with_default_values"/>
    <testcase time="0.000999999999997669" classname="table_20" name="Table_20_generation_works_with_default_values"/>
    <testcase time="0.044000000000004" classname="table_20" name="Table_20_generation_works_with_default_values"/>
    <testcase time="0.414000000000001" classname="table_20" name="Table_20_generation_works_with_default_values"/>
    <testcase time="0.0939999999999941" classname="table_20" name="Table_20_generation_works_with_default_values">
      <skipped message="Reason: On CRAN ('test-table_20.R:17:3')"/>
    </testcase>
    <testcase time="0.017000000000003" classname="table_20" name="Table_20_generation_works_with_custom_values"/>
    <testcase time="0.00200000000000244" classname="table_20" name="Table_20_generation_works_with_custom_values"/>
    <testcase time="0.000999999999997669" classname="table_20" name="Table_20_generation_works_with_custom_values"/>
    <testcase time="0.0429999999999993" classname="table_20" name="Table_20_generation_works_with_custom_values"/>
    <testcase time="0.628999999999998" classname="table_20" name="Table_20_generation_works_with_custom_values"/>
    <testcase time="0.120000000000005" classname="table_20" name="Table_20_generation_works_with_custom_values">
      <skipped message="Reason: On CRAN ('test-table_20.R:65:3')"/>
    </testcase>
    <testcase time="0.0169999999999959" classname="table_20" name="Table_20_generation_works_with_missing_values_pruned_rows"/>
    <testcase time="0.00100000000000477" classname="table_20" name="Table_20_generation_works_with_missing_values_pruned_rows"/>
    <testcase time="0.000999999999997669" classname="table_20" name="Table_20_generation_works_with_missing_values_pruned_rows"/>
    <testcase time="0.0439999999999969" classname="table_20" name="Table_20_generation_works_with_missing_values_pruned_rows"/>
    <testcase time="0.410000000000004" classname="table_20" name="Table_20_generation_works_with_missing_values_pruned_rows"/>
    <testcase time="0.078000000000003" classname="table_20" name="Table_20_generation_works_with_missing_values_pruned_rows">
      <skipped message="Reason: On CRAN ('test-table_20.R:74:3')"/>
    </testcase>
    <testcase time="0.0159999999999982" classname="table_20" name="Table_20_generation_works_with_risk_difference_column"/>
    <testcase time="0.000999999999997669" classname="table_20" name="Table_20_generation_works_with_risk_difference_column"/>
    <testcase time="0.000999999999997669" classname="table_20" name="Table_20_generation_works_with_risk_difference_column"/>
    <testcase time="0.0550000000000068" classname="table_20" name="Table_20_generation_works_with_risk_difference_column"/>
    <testcase time="0.538999999999994" classname="table_20" name="Table_20_generation_works_with_risk_difference_column"/>
    <testcase time="0.109000000000002" classname="table_20" name="Table_20_generation_works_with_risk_difference_column">
      <skipped message="Reason: On CRAN ('test-table_20.R:82:3')"/>
    </testcase>
  </testsuite>
  <testsuite name="table_21" timestamp="2023-10-05T19:02:34Z" hostname="f5b16ffb006d" tests="19" skipped="4" failures="0" errors="0" time="2.611">
    <testcase time="0.0750000000000028" classname="table_21" name="Table_21_generation_works_with_default_values"/>
    <testcase time="0.000999999999997669" classname="table_21" name="Table_21_generation_works_with_default_values"/>
    <testcase time="0.598999999999997" classname="table_21" name="Table_21_generation_works_with_default_values"/>
    <testcase time="0.103000000000002" classname="table_21" name="Table_21_generation_works_with_default_values">
      <skipped message="Reason: On CRAN ('test-table_21.R:22:3')"/>
    </testcase>
    <testcase time="0.0159999999999982" classname="table_21" name="Table_21_generation_works_with_custom_values_N_s_denominator_and_overall_column"/>
    <testcase time="0.00100000000000477" classname="table_21" name="Table_21_generation_works_with_custom_values_N_s_denominator_and_overall_column"/>
    <testcase time="0.0760000000000005" classname="table_21" name="Table_21_generation_works_with_custom_values_N_s_denominator_and_overall_column"/>
    <testcase time="0.720999999999997" classname="table_21" name="Table_21_generation_works_with_custom_values_N_s_denominator_and_overall_column"/>
    <testcase time="0.109000000000002" classname="table_21" name="Table_21_generation_works_with_custom_values_N_s_denominator_and_overall_column">
      <skipped message="Reason: On CRAN ('test-table_21.R:34:3')"/>
    </testcase>
    <testcase time="0.017000000000003" classname="table_21" name="Table_21_generation_works_with_custom_values_N_col_denominator_and_no_overall_column"/>
    <testcase time="0.000999999999997669" classname="table_21" name="Table_21_generation_works_with_custom_values_N_col_denominator_and_no_overall_column"/>
    <testcase time="0.0510000000000019" classname="table_21" name="Table_21_generation_works_with_custom_values_N_col_denominator_and_no_overall_column"/>
    <testcase time="0.314999999999998" classname="table_21" name="Table_21_generation_works_with_custom_values_N_col_denominator_and_no_overall_column"/>
    <testcase time="0.0900000000000034" classname="table_21" name="Table_21_generation_works_with_custom_values_N_col_denominator_and_no_overall_column">
      <skipped message="Reason: On CRAN ('test-table_21.R:62:3')"/>
    </testcase>
    <testcase time="0.0749999999999957" classname="table_21" name="Table_21_generation_works_with_some_NA_values"/>
    <testcase time="0.00200000000000244" classname="table_21" name="Table_21_generation_works_with_some_NA_values"/>
    <testcase time="0.0489999999999995" classname="table_21" name="Table_21_generation_works_with_some_NA_values"/>
    <testcase time="0.237000000000002" classname="table_21" name="Table_21_generation_works_with_some_NA_values"/>
    <testcase time="0.0730000000000004" classname="table_21" name="Table_21_generation_works_with_some_NA_values">
      <skipped message="Reason: On CRAN ('test-table_21.R:82:3')"/>
    </testcase>
  </testsuite>
  <testsuite name="table_32" timestamp="2023-10-05T19:02:36Z" hostname="f5b16ffb006d" tests="16" skipped="4" failures="0" errors="0" time="1.064">
    <testcase time="0.027000000000001" classname="table_32" name="Table_32_generation_works_with_default_values"/>
    <testcase time="0.0519999999999996" classname="table_32" name="Table_32_generation_works_with_default_values"/>
    <testcase time="0.116" classname="table_32" name="Table_32_generation_works_with_default_values"/>
    <testcase time="0.0609999999999999" classname="table_32" name="Table_32_generation_works_with_default_values">
      <skipped message="Reason: On CRAN ('test-table_32.R:8:3')"/>
    </testcase>
    <testcase time="0.0210000000000008" classname="table_32" name="Table_32_generation_works_with_custom_values"/>
    <testcase time="0.0529999999999973" classname="table_32" name="Table_32_generation_works_with_custom_values"/>
    <testcase time="0.143999999999998" classname="table_32" name="Table_32_generation_works_with_custom_values"/>
    <testcase time="0.0690000000000026" classname="table_32" name="Table_32_generation_works_with_custom_values">
      <skipped message="Reason: On CRAN ('test-table_32.R:30:3')"/>
    </testcase>
    <testcase time="0.0169999999999959" classname="table_32" name="Table_32_generation_works_with_pruned_rows"/>
    <testcase time="0.0510000000000019" classname="table_32" name="Table_32_generation_works_with_pruned_rows"/>
    <testcase time="0.126000000000005" classname="table_32" name="Table_32_generation_works_with_pruned_rows"/>
    <testcase time="0.0429999999999993" classname="table_32" name="Table_32_generation_works_with_pruned_rows">
      <skipped message="Reason: On CRAN ('test-table_32.R:37:3')"/>
    </testcase>
    <testcase time="0.0169999999999959" classname="table_32" name="Table_32_generation_works_with_risk_difference_column"/>
    <testcase time="0.0510000000000019" classname="table_32" name="Table_32_generation_works_with_risk_difference_column"/>
    <testcase time="0.164000000000001" classname="table_32" name="Table_32_generation_works_with_risk_difference_column"/>
    <testcase time="0.0519999999999996" classname="table_32" name="Table_32_generation_works_with_risk_difference_column">
      <skipped message="Reason: On CRAN ('test-table_32.R:45:3')"/>
    </testcase>
  </testsuite>
  <testsuite name="table_33" timestamp="2023-10-05T19:02:37Z" hostname="f5b16ffb006d" tests="16" skipped="4" failures="0" errors="0" time="1.7">
    <testcase time="0.0210000000000008" classname="table_33" name="Table_33_generation_works_with_default_values"/>
    <testcase time="0.244" classname="table_33" name="Table_33_generation_works_with_default_values"/>
    <testcase time="0.113999999999997" classname="table_33" name="Table_33_generation_works_with_default_values"/>
    <testcase time="0.034000000000006" classname="table_33" name="Table_33_generation_works_with_default_values">
      <skipped message="Reason: On CRAN ('test-table_33.R:8:3')"/>
    </testcase>
    <testcase time="0.0159999999999982" classname="table_33" name="Table_33_generation_works_with_custom_values"/>
    <testcase time="0.246000000000002" classname="table_33" name="Table_33_generation_works_with_custom_values"/>
    <testcase time="0.135999999999996" classname="table_33" name="Table_33_generation_works_with_custom_values"/>
    <testcase time="0.0399999999999991" classname="table_33" name="Table_33_generation_works_with_custom_values">
      <skipped message="Reason: On CRAN ('test-table_33.R:34:3')"/>
    </testcase>
    <testcase time="0.017000000000003" classname="table_33" name="Table_33_generation_works_with_pruned_rows"/>
    <testcase time="0.246000000000002" classname="table_33" name="Table_33_generation_works_with_pruned_rows"/>
    <testcase time="0.111999999999995" classname="table_33" name="Table_33_generation_works_with_pruned_rows"/>
    <testcase time="0.029999999999994" classname="table_33" name="Table_33_generation_works_with_pruned_rows">
      <skipped message="Reason: On CRAN ('test-table_33.R:42:3')"/>
    </testcase>
    <testcase time="0.0160000000000053" classname="table_33" name="Table_33_generation_works_with_risk_difference_column"/>
    <testcase time="0.247" classname="table_33" name="Table_33_generation_works_with_risk_difference_column"/>
    <testcase time="0.141999999999996" classname="table_33" name="Table_33_generation_works_with_risk_difference_column"/>
    <testcase time="0.0390000000000015" classname="table_33" name="Table_33_generation_works_with_risk_difference_column">
      <skipped message="Reason: On CRAN ('test-table_33.R:50:3')"/>
    </testcase>
  </testsuite>
  <testsuite name="table_34" timestamp="2023-10-05T19:02:39Z" hostname="f5b16ffb006d" tests="12" skipped="3" failures="0" errors="0" time="6.552">
    <testcase time="0.027000000000001" classname="table_34" name="Table_34_generation_works_with_default_values"/>
    <testcase time="0.0409999999999968" classname="table_34" name="Table_34_generation_works_with_default_values"/>
    <testcase time="1.771" classname="table_34" name="Table_34_generation_works_with_default_values"/>
    <testcase time="0.225999999999999" classname="table_34" name="Table_34_generation_works_with_default_values">
      <skipped message="Reason: On CRAN ('test-table_34.R:17:3')"/>
    </testcase>
    <testcase time="0.017000000000003" classname="table_34" name="Table_34_generation_works_with_custom_values"/>
    <testcase time="0.036999999999999" classname="table_34" name="Table_34_generation_works_with_custom_values"/>
    <testcase time="1.733" classname="table_34" name="Table_34_generation_works_with_custom_values"/>
    <testcase time="0.0939999999999941" classname="table_34" name="Table_34_generation_works_with_custom_values">
      <skipped message="Reason: On CRAN ('test-table_34.R:49:3')"/>
    </testcase>
    <testcase time="0.0160000000000053" classname="table_34" name="Table_34_generation_works_with_risk_difference_column"/>
    <testcase time="0.0429999999999993" classname="table_34" name="Table_34_generation_works_with_risk_difference_column"/>
    <testcase time="2.082" classname="table_34" name="Table_34_generation_works_with_risk_difference_column"/>
    <testcase time="0.464999999999996" classname="table_34" name="Table_34_generation_works_with_risk_difference_column">
      <skipped message="Reason: On CRAN ('test-table_34.R:57:3')"/>
    </testcase>
  </testsuite>
</testsuites>
