<?xml version="1.0" encoding="UTF-8"?>
<testsuites>
  <testsuite name="table_02" timestamp="2023-10-31T00:25:09Z" hostname="3ab1c6a59388" tests="30" skipped="10" failures="0" errors="0" time="16.114">
    <testcase time="0.085" classname="table_02" name="Table_02_generation_works_with_default_values"/>
    <testcase time="0.481" classname="table_02" name="Table_02_generation_works_with_default_values"/>
    <testcase time="0.23" classname="table_02" name="Table_02_generation_works_with_default_values">
      <skipped message="Reason: On CRAN ('test-table_02.R:16:3')"/>
    </testcase>
    <testcase time="0.0790000000000002" classname="table_02" name="Table_02_generation_works_with_custom_values"/>
    <testcase time="0.387" classname="table_02" name="Table_02_generation_works_with_custom_values"/>
    <testcase time="0.229" classname="table_02" name="Table_02_generation_works_with_custom_values">
      <skipped message="Reason: On CRAN ('test-table_02.R:45:3')"/>
    </testcase>
    <testcase time="0.0600000000000005" classname="table_02" name="Table_02_generation_works_with_some_NA_values"/>
    <testcase time="0.105" classname="table_02" name="Table_02_generation_works_with_some_NA_values"/>
    <testcase time="0.0490000000000004" classname="table_02" name="Table_02_generation_works_with_some_NA_values">
      <skipped message="Reason: On CRAN ('test-table_02.R:57:3')"/>
    </testcase>
    <testcase time="0.0209999999999999" classname="table_02" name="Table_02_generation_tplyr_works_with_default_values"/>
    <testcase time="1.916" classname="table_02" name="Table_02_generation_tplyr_works_with_default_values"/>
    <testcase time="0.0350000000000001" classname="table_02" name="Table_02_generation_tplyr_works_with_default_values">
      <skipped message="Reason: On CRAN ('test-table_02.R:66:3')"/>
    </testcase>
    <testcase time="0.0289999999999999" classname="table_02" name="Table_02_generation_tplyr_works_with_tplyr_raw_TRUE"/>
    <testcase time="1.184" classname="table_02" name="Table_02_generation_tplyr_works_with_tplyr_raw_TRUE"/>
    <testcase time="0.0250000000000004" classname="table_02" name="Table_02_generation_tplyr_works_with_tplyr_raw_TRUE">
      <skipped message="Reason: On CRAN ('test-table_02.R:75:3')"/>
    </testcase>
    <testcase time="0.0489999999999995" classname="table_02" name="Table_02_generation_tplyr_works_with_custom_values"/>
    <testcase time="1.858" classname="table_02" name="Table_02_generation_tplyr_works_with_custom_values"/>
    <testcase time="0.0250000000000004" classname="table_02" name="Table_02_generation_tplyr_works_with_custom_values">
      <skipped message="Reason: On CRAN ('test-table_02.R:102:3')"/>
    </testcase>
    <testcase time="0.0470000000000006" classname="table_02" name="Table_02_generation_tplyr_works_with_some_NA_values"/>
    <testcase time="0.741" classname="table_02" name="Table_02_generation_tplyr_works_with_some_NA_values"/>
    <testcase time="0.0229999999999997" classname="table_02" name="Table_02_generation_tplyr_works_with_some_NA_values">
      <skipped message="Reason: On CRAN ('test-table_02.R:119:3')"/>
    </testcase>
    <testcase time="0.0200000000000014" classname="table_02" name="Table_02_generation_gtsum_works_with_default_values"/>
    <testcase time="3.331" classname="table_02" name="Table_02_generation_gtsum_works_with_default_values"/>
    <testcase time="0.00999999999999979" classname="table_02" name="Table_02_generation_gtsum_works_with_default_values">
      <skipped message="Reason: On CRAN ('test-table_02.R:128:3')"/>
    </testcase>
    <testcase time="0.0500000000000007" classname="table_02" name="Table_02_generation_gtsum_works_with_custom_values"/>
    <testcase time="3.748" classname="table_02" name="Table_02_generation_gtsum_works_with_custom_values"/>
    <testcase time="0.00900000000000034" classname="table_02" name="Table_02_generation_gtsum_works_with_custom_values">
      <skipped message="Reason: On CRAN ('test-table_02.R:146:3')"/>
    </testcase>
    <testcase time="0.0410000000000004" classname="table_02" name="Table_02_generation_gtsum_works_with_some_NA_values"/>
    <testcase time="1.239" classname="table_02" name="Table_02_generation_gtsum_works_with_some_NA_values"/>
    <testcase time="0.00799999999999912" classname="table_02" name="Table_02_generation_gtsum_works_with_some_NA_values">
      <skipped message="Reason: On CRAN ('test-table_02.R:160:3')"/>
    </testcase>
  </testsuite>
  <testsuite name="table_03" timestamp="2023-10-31T00:25:25Z" hostname="3ab1c6a59388" tests="8" skipped="2" failures="0" errors="0" time="0.835">
    <testcase time="0.0360000000000014" classname="table_03" name="Table_3_generation_works_with_default_values"/>
    <testcase time="0.000999999999997669" classname="table_03" name="Table_3_generation_works_with_default_values"/>
    <testcase time="0.335000000000001" classname="table_03" name="Table_3_generation_works_with_default_values"/>
    <testcase time="0.0539999999999985" classname="table_03" name="Table_3_generation_works_with_default_values">
      <skipped message="Reason: On CRAN ('test-table_03.R:21:3')"/>
    </testcase>
    <testcase time="0.0180000000000007" classname="table_03" name="Table_3_generation_works_with_custom_values"/>
    <testcase time="0.000999999999997669" classname="table_03" name="Table_3_generation_works_with_custom_values"/>
    <testcase time="0.313000000000002" classname="table_03" name="Table_3_generation_works_with_custom_values"/>
    <testcase time="0.0769999999999982" classname="table_03" name="Table_3_generation_works_with_custom_values">
      <skipped message="Reason: On CRAN ('test-table_03.R:41:3')"/>
    </testcase>
  </testsuite>
  <testsuite name="table_04" timestamp="2023-10-31T00:25:26Z" hostname="3ab1c6a59388" tests="9" skipped="2" failures="0" errors="0" time="0.828">
    <testcase time="0.0420000000000016" classname="table_04" name="Table_04_generation_works_with_default_values"/>
    <testcase time="0.285999999999998" classname="table_04" name="Table_04_generation_works_with_default_values"/>
    <testcase time="0.0920000000000023" classname="table_04" name="Table_04_generation_works_with_default_values">
      <skipped message="Reason: On CRAN ('test-table_04.R:18:3')"/>
    </testcase>
    <testcase time="0.0199999999999996" classname="table_04" name="Table_04_generation_works_with_custom_values"/>
    <testcase time="0.000999999999997669" classname="table_04" name="Table_04_generation_works_with_custom_values"/>
    <testcase time="0.00200000000000244" classname="table_04" name="Table_04_generation_works_with_custom_values"/>
    <testcase time="0.00199999999999889" classname="table_04" name="Table_04_generation_works_with_custom_values"/>
    <testcase time="0.306999999999999" classname="table_04" name="Table_04_generation_works_with_custom_values"/>
    <testcase time="0.0760000000000005" classname="table_04" name="Table_04_generation_works_with_custom_values">
      <skipped message="Reason: On CRAN ('test-table_04.R:46:3')"/>
    </testcase>
  </testsuite>
  <testsuite name="table_05" timestamp="2023-10-31T00:25:27Z" hostname="3ab1c6a59388" tests="12" skipped="4" failures="0" errors="0" time="1.442">
    <testcase time="0.178000000000001" classname="table_05" name="Table_05_generation_works_with_default_values"/>
    <testcase time="0.222000000000001" classname="table_05" name="Table_05_generation_works_with_default_values"/>
    <testcase time="0.0700000000000003" classname="table_05" name="Table_05_generation_works_with_default_values">
      <skipped message="Reason: On CRAN ('test-table_05.R:10:3')"/>
    </testcase>
    <testcase time="0.0189999999999984" classname="table_05" name="Table_05_generation_works_with_custom_values"/>
    <testcase time="0.236999999999998" classname="table_05" name="Table_05_generation_works_with_custom_values"/>
    <testcase time="0.0890000000000022" classname="table_05" name="Table_05_generation_works_with_custom_values">
      <skipped message="Reason: On CRAN ('test-table_05.R:34:3')"/>
    </testcase>
    <testcase time="0.0210000000000008" classname="table_05" name="Table_05_generation_works_with_NA_values_pruned_rows"/>
    <testcase time="0.196999999999999" classname="table_05" name="Table_05_generation_works_with_NA_values_pruned_rows"/>
    <testcase time="0.0679999999999978" classname="table_05" name="Table_05_generation_works_with_NA_values_pruned_rows">
      <skipped message="Reason: On CRAN ('test-table_05.R:44:3')"/>
    </testcase>
    <testcase time="0.0190000000000019" classname="table_05" name="Table_05_generation_works_with_risk_difference_column"/>
    <testcase time="0.236000000000001" classname="table_05" name="Table_05_generation_works_with_risk_difference_column"/>
    <testcase time="0.0859999999999985" classname="table_05" name="Table_05_generation_works_with_risk_difference_column">
      <skipped message="Reason: On CRAN ('test-table_05.R:57:3')"/>
    </testcase>
  </testsuite>
  <testsuite name="table_06" timestamp="2023-10-31T00:25:28Z" hostname="3ab1c6a59388" tests="15" skipped="3" failures="0" errors="0" time="2.179">
    <testcase time="0.0240000000000009" classname="table_06" name="Table_06_generation_works_with_default_values"/>
    <testcase time="0.00199999999999889" classname="table_06" name="Table_06_generation_works_with_default_values"/>
    <testcase time="0.0590000000000011" classname="table_06" name="Table_06_generation_works_with_default_values"/>
    <testcase time="0.433" classname="table_06" name="Table_06_generation_works_with_default_values"/>
    <testcase time="0.123999999999999" classname="table_06" name="Table_06_generation_works_with_default_values">
      <skipped message="Reason: On CRAN ('test-table_06.R:8:3')"/>
    </testcase>
    <testcase time="0.0189999999999984" classname="table_06" name="Table_06_generation_works_with_custom_values"/>
    <testcase time="0.00200000000000244" classname="table_06" name="Table_06_generation_works_with_custom_values"/>
    <testcase time="0.0560000000000009" classname="table_06" name="Table_06_generation_works_with_custom_values"/>
    <testcase time="0.587" classname="table_06" name="Table_06_generation_works_with_custom_values"/>
    <testcase time="0.126999999999999" classname="table_06" name="Table_06_generation_works_with_custom_values">
      <skipped message="Reason: On CRAN ('test-table_06.R:40:3')"/>
    </testcase>
    <testcase time="0.0199999999999996" classname="table_06" name="Table_06_generation_works_with_risk_difference_column"/>
    <testcase time="0.00199999999999889" classname="table_06" name="Table_06_generation_works_with_risk_difference_column"/>
    <testcase time="0.0650000000000013" classname="table_06" name="Table_06_generation_works_with_risk_difference_column"/>
    <testcase time="0.545000000000002" classname="table_06" name="Table_06_generation_works_with_risk_difference_column"/>
    <testcase time="0.113999999999997" classname="table_06" name="Table_06_generation_works_with_risk_difference_column">
      <skipped message="Reason: On CRAN ('test-table_06.R:48:3')"/>
    </testcase>
  </testsuite>
  <testsuite name="table_07" timestamp="2023-10-31T00:25:31Z" hostname="3ab1c6a59388" tests="24" skipped="4" failures="0" errors="0" time="2.32">
    <testcase time="0.0280000000000022" classname="table_07" name="Table_07_generation_works_with_default_values"/>
    <testcase time="0.00100000000000122" classname="table_07" name="Table_07_generation_works_with_default_values"/>
    <testcase time="0.00199999999999889" classname="table_07" name="Table_07_generation_works_with_default_values"/>
    <testcase time="0.0400000000000027" classname="table_07" name="Table_07_generation_works_with_default_values"/>
    <testcase time="0.334999999999997" classname="table_07" name="Table_07_generation_works_with_default_values"/>
    <testcase time="0.112000000000002" classname="table_07" name="Table_07_generation_works_with_default_values">
      <skipped message="Reason: On CRAN ('test-table_07.R:13:3')"/>
    </testcase>
    <testcase time="0.0199999999999996" classname="table_07" name="Table_07_generation_works_with_custom_values"/>
    <testcase time="0.00199999999999889" classname="table_07" name="Table_07_generation_works_with_custom_values"/>
    <testcase time="0.00100000000000122" classname="table_07" name="Table_07_generation_works_with_custom_values"/>
    <testcase time="0.0410000000000004" classname="table_07" name="Table_07_generation_works_with_custom_values"/>
    <testcase time="0.468" classname="table_07" name="Table_07_generation_works_with_custom_values"/>
    <testcase time="0.140999999999998" classname="table_07" name="Table_07_generation_works_with_custom_values">
      <skipped message="Reason: On CRAN ('test-table_07.R:42:3')"/>
    </testcase>
    <testcase time="0.0289999999999999" classname="table_07" name="Table_07_generation_works_with_NA_values_pruned_rows"/>
    <testcase time="0.00200000000000244" classname="table_07" name="Table_07_generation_works_with_NA_values_pruned_rows"/>
    <testcase time="0.000999999999997669" classname="table_07" name="Table_07_generation_works_with_NA_values_pruned_rows"/>
    <testcase time="0.0410000000000004" classname="table_07" name="Table_07_generation_works_with_NA_values_pruned_rows"/>
    <testcase time="0.317" classname="table_07" name="Table_07_generation_works_with_NA_values_pruned_rows"/>
    <testcase time="0.128" classname="table_07" name="Table_07_generation_works_with_NA_values_pruned_rows">
      <skipped message="Reason: On CRAN ('test-table_07.R:52:3')"/>
    </testcase>
    <testcase time="0.0199999999999996" classname="table_07" name="Table_07_generation_works_with_risk_difference_column"/>
    <testcase time="0.00199999999999889" classname="table_07" name="Table_07_generation_works_with_risk_difference_column"/>
    <testcase time="0.00100000000000122" classname="table_07" name="Table_07_generation_works_with_risk_difference_column"/>
    <testcase time="0.0420000000000016" classname="table_07" name="Table_07_generation_works_with_risk_difference_column"/>
    <testcase time="0.405999999999999" classname="table_07" name="Table_07_generation_works_with_risk_difference_column"/>
    <testcase time="0.140000000000001" classname="table_07" name="Table_07_generation_works_with_risk_difference_column">
      <skipped message="Reason: On CRAN ('test-table_07.R:65:3')"/>
    </testcase>
  </testsuite>
  <testsuite name="table_08" timestamp="2023-10-31T00:25:33Z" hostname="3ab1c6a59388" tests="8" skipped="2" failures="0" errors="0" time="0.421">
    <testcase time="0.027000000000001" classname="table_08" name="Table_08_generation_works_with_default_values"/>
    <testcase time="0.00199999999999889" classname="table_08" name="Table_08_generation_works_with_default_values"/>
    <testcase time="0.0509999999999984" classname="table_08" name="Table_08_generation_works_with_default_values"/>
    <testcase time="0.120000000000001" classname="table_08" name="Table_08_generation_works_with_default_values">
      <skipped message="Reason: On CRAN ('test-table_08.R:10:3')"/>
    </testcase>
    <testcase time="0.0190000000000019" classname="table_08" name="Table_08_generation_works_with_custom_values"/>
    <testcase time="0.00199999999999889" classname="table_08" name="Table_08_generation_works_with_custom_values"/>
    <testcase time="0.0429999999999993" classname="table_08" name="Table_08_generation_works_with_custom_values"/>
    <testcase time="0.157" classname="table_08" name="Table_08_generation_works_with_custom_values">
      <skipped message="Reason: On CRAN ('test-table_08.R:31:3')"/>
    </testcase>
  </testsuite>
  <testsuite name="table_09" timestamp="2023-10-31T00:25:33Z" hostname="3ab1c6a59388" tests="12" skipped="3" failures="0" errors="0" time="1.529">
    <testcase time="0.0249999999999986" classname="table_09" name="Table_09_generation_works_with_default_values"/>
    <testcase time="0.0420000000000016" classname="table_09" name="Table_09_generation_works_with_default_values"/>
    <testcase time="0.327000000000002" classname="table_09" name="Table_09_generation_works_with_default_values"/>
    <testcase time="0.0599999999999987" classname="table_09" name="Table_09_generation_works_with_default_values">
      <skipped message="Reason: On CRAN ('test-table_09.R:8:3')"/>
    </testcase>
    <testcase time="0.0199999999999996" classname="table_09" name="Table_09_generation_works_with_custom_values"/>
    <testcase time="0.0420000000000016" classname="table_09" name="Table_09_generation_works_with_custom_values"/>
    <testcase time="0.390999999999998" classname="table_09" name="Table_09_generation_works_with_custom_values"/>
    <testcase time="0.0719999999999992" classname="table_09" name="Table_09_generation_works_with_custom_values">
      <skipped message="Reason: On CRAN ('test-table_09.R:39:3')"/>
    </testcase>
    <testcase time="0.027000000000001" classname="table_09" name="Table_09_generation_works_with_risk_difference_column"/>
    <testcase time="0.0470000000000006" classname="table_09" name="Table_09_generation_works_with_risk_difference_column"/>
    <testcase time="0.401" classname="table_09" name="Table_09_generation_works_with_risk_difference_column"/>
    <testcase time="0.0749999999999993" classname="table_09" name="Table_09_generation_works_with_risk_difference_column">
      <skipped message="Reason: On CRAN ('test-table_09.R:47:3')"/>
    </testcase>
  </testsuite>
  <testsuite name="table_10" timestamp="2023-10-31T00:25:35Z" hostname="3ab1c6a59388" tests="15" skipped="3" failures="0" errors="0" time="1.732">
    <testcase time="0.0300000000000011" classname="table_10" name="Table_10_generation_works_with_default_values"/>
    <testcase time="0.000999999999997669" classname="table_10" name="Table_10_generation_works_with_default_values"/>
    <testcase time="0.0430000000000028" classname="table_10" name="Table_10_generation_works_with_default_values"/>
    <testcase time="0.384" classname="table_10" name="Table_10_generation_works_with_default_values"/>
    <testcase time="0.119" classname="table_10" name="Table_10_generation_works_with_default_values">
      <skipped message="Reason: On CRAN ('test-table_10.R:17:3')"/>
    </testcase>
    <testcase time="0.0249999999999986" classname="table_10" name="Table_10_generation_works_with_custom_values"/>
    <testcase time="0.00199999999999889" classname="table_10" name="Table_10_generation_works_with_custom_values"/>
    <testcase time="0.0380000000000003" classname="table_10" name="Table_10_generation_works_with_custom_values"/>
    <testcase time="0.355" classname="table_10" name="Table_10_generation_works_with_custom_values"/>
    <testcase time="0.0689999999999991" classname="table_10" name="Table_10_generation_works_with_custom_values">
      <skipped message="Reason: On CRAN ('test-table_10.R:52:3')"/>
    </testcase>
    <testcase time="0.0190000000000019" classname="table_10" name="Table_10_generation_works_with_risk_difference_column"/>
    <testcase time="0.000999999999997669" classname="table_10" name="Table_10_generation_works_with_risk_difference_column"/>
    <testcase time="0.0429999999999993" classname="table_10" name="Table_10_generation_works_with_risk_difference_column"/>
    <testcase time="0.462" classname="table_10" name="Table_10_generation_works_with_risk_difference_column"/>
    <testcase time="0.141000000000002" classname="table_10" name="Table_10_generation_works_with_risk_difference_column">
      <skipped message="Reason: On CRAN ('test-table_10.R:60:3')"/>
    </testcase>
  </testsuite>
  <testsuite name="table_11" timestamp="2023-10-31T00:25:37Z" hostname="3ab1c6a59388" tests="12" skipped="3" failures="0" errors="0" time="2.632">
    <testcase time="0.0300000000000011" classname="table_11" name="Table_11_generation_works_with_default_values"/>
    <testcase time="0.0509999999999984" classname="table_11" name="Table_11_generation_works_with_default_values"/>
    <testcase time="0.632999999999999" classname="table_11" name="Table_11_generation_works_with_default_values"/>
    <testcase time="0.140000000000001" classname="table_11" name="Table_11_generation_works_with_default_values">
      <skipped message="Reason: On CRAN ('test-table_11.R:18:3')"/>
    </testcase>
    <testcase time="0.0199999999999996" classname="table_11" name="Table_11_generation_works_with_custom_values"/>
    <testcase time="0.0450000000000017" classname="table_11" name="Table_11_generation_works_with_custom_values"/>
    <testcase time="0.605999999999998" classname="table_11" name="Table_11_generation_works_with_custom_values"/>
    <testcase time="0.0659999999999989" classname="table_11" name="Table_11_generation_works_with_custom_values">
      <skipped message="Reason: On CRAN ('test-table_11.R:48:3')"/>
    </testcase>
    <testcase time="0.0290000000000035" classname="table_11" name="Table_11_generation_works_with_risk_difference_column"/>
    <testcase time="0.0559999999999974" classname="table_11" name="Table_11_generation_works_with_risk_difference_column"/>
    <testcase time="0.809000000000005" classname="table_11" name="Table_11_generation_works_with_risk_difference_column"/>
    <testcase time="0.146999999999998" classname="table_11" name="Table_11_generation_works_with_risk_difference_column">
      <skipped message="Reason: On CRAN ('test-table_11.R:56:3')"/>
    </testcase>
  </testsuite>
  <testsuite name="table_12" timestamp="2023-10-31T00:25:39Z" hostname="3ab1c6a59388" tests="12" skipped="3" failures="0" errors="0" time="3.536">
    <testcase time="0.0249999999999986" classname="table_12" name="Table_12_generation_works_with_default_values"/>
    <testcase time="0.0649999999999977" classname="table_12" name="Table_12_generation_works_with_default_values"/>
    <testcase time="0.836000000000006" classname="table_12" name="Table_12_generation_works_with_default_values"/>
    <testcase time="0.103999999999999" classname="table_12" name="Table_12_generation_works_with_default_values">
      <skipped message="Reason: On CRAN ('test-table_12.R:9:3')"/>
    </testcase>
    <testcase time="0.019999999999996" classname="table_12" name="Table_12_generation_works_with_custom_values"/>
    <testcase time="0.0600000000000023" classname="table_12" name="Table_12_generation_works_with_custom_values"/>
    <testcase time="0.841000000000001" classname="table_12" name="Table_12_generation_works_with_custom_values"/>
    <testcase time="0.101999999999997" classname="table_12" name="Table_12_generation_works_with_custom_values">
      <skipped message="Reason: On CRAN ('test-table_12.R:39:3')"/>
    </testcase>
    <testcase time="0.0200000000000031" classname="table_12" name="Table_12_generation_works_with_risk_difference_column"/>
    <testcase time="0.0519999999999996" classname="table_12" name="Table_12_generation_works_with_risk_difference_column"/>
    <testcase time="1.287" classname="table_12" name="Table_12_generation_works_with_risk_difference_column"/>
    <testcase time="0.124000000000002" classname="table_12" name="Table_12_generation_works_with_risk_difference_column">
      <skipped message="Reason: On CRAN ('test-table_12.R:47:3')"/>
    </testcase>
  </testsuite>
  <testsuite name="table_13" timestamp="2023-10-31T00:25:43Z" hostname="3ab1c6a59388" tests="12" skipped="3" failures="0" errors="0" time="0.807">
    <testcase time="0.0249999999999986" classname="table_13" name="Table_13_generation_works_with_default_values"/>
    <testcase time="0.0559999999999974" classname="table_13" name="Table_13_generation_works_with_default_values"/>
    <testcase time="0.118000000000002" classname="table_13" name="Table_13_generation_works_with_default_values"/>
    <testcase time="0.0609999999999999" classname="table_13" name="Table_13_generation_works_with_default_values">
      <skipped message="Reason: On CRAN ('test-table_13.R:8:3')"/>
    </testcase>
    <testcase time="0.0189999999999984" classname="table_13" name="Table_13_generation_works_with_custom_values"/>
    <testcase time="0.0559999999999974" classname="table_13" name="Table_13_generation_works_with_custom_values"/>
    <testcase time="0.136000000000003" classname="table_13" name="Table_13_generation_works_with_custom_values"/>
    <testcase time="0.0470000000000041" classname="table_13" name="Table_13_generation_works_with_custom_values">
      <skipped message="Reason: On CRAN ('test-table_13.R:38:3')"/>
    </testcase>
    <testcase time="0.0259999999999962" classname="table_13" name="Table_13_generation_works_with_risk_difference_column"/>
    <testcase time="0.0489999999999995" classname="table_13" name="Table_13_generation_works_with_risk_difference_column"/>
    <testcase time="0.137" classname="table_13" name="Table_13_generation_works_with_risk_difference_column"/>
    <testcase time="0.0769999999999982" classname="table_13" name="Table_13_generation_works_with_risk_difference_column">
      <skipped message="Reason: On CRAN ('test-table_13.R:46:3')"/>
    </testcase>
  </testsuite>
  <testsuite name="table_14" timestamp="2023-10-31T00:25:43Z" hostname="3ab1c6a59388" tests="13" skipped="4" failures="0" errors="0" time="3.073">
    <testcase time="0.0329999999999941" classname="table_14" name="Table_14_generation_works_with_default_values"/>
    <testcase time="0.559000000000005" classname="table_14" name="Table_14_generation_works_with_default_values"/>
    <testcase time="0.128999999999998" classname="table_14" name="Table_14_generation_works_with_default_values">
      <skipped message="Reason: On CRAN ('test-table_14.R:16:3')"/>
    </testcase>
    <testcase time="0.0189999999999984" classname="table_14" name="Table_14_generation_works_with_custom_values"/>
    <testcase time="0.0560000000000045" classname="table_14" name="Table_14_generation_works_with_custom_values"/>
    <testcase time="0.580999999999996" classname="table_14" name="Table_14_generation_works_with_custom_values"/>
    <testcase time="0.136000000000003" classname="table_14" name="Table_14_generation_works_with_custom_values">
      <skipped message="Reason: On CRAN ('test-table_14.R:46:3')"/>
    </testcase>
    <testcase time="0.0189999999999984" classname="table_14" name="Table_14_generation_works_with_NA_values_pruned_rows"/>
    <testcase time="0.552" classname="table_14" name="Table_14_generation_works_with_NA_values_pruned_rows"/>
    <testcase time="0.103000000000002" classname="table_14" name="Table_14_generation_works_with_NA_values_pruned_rows">
      <skipped message="Reason: On CRAN ('test-table_14.R:53:3')"/>
    </testcase>
    <testcase time="0.0249999999999986" classname="table_14" name="Table_14_generation_works_with_risk_difference_column"/>
    <testcase time="0.701000000000001" classname="table_14" name="Table_14_generation_works_with_risk_difference_column"/>
    <testcase time="0.160000000000004" classname="table_14" name="Table_14_generation_works_with_risk_difference_column">
      <skipped message="Reason: On CRAN ('test-table_14.R:61:3')"/>
    </testcase>
  </testsuite>
  <testsuite name="table_15" timestamp="2023-10-31T00:25:47Z" hostname="3ab1c6a59388" tests="16" skipped="4" failures="0" errors="0" time="1.779">
    <testcase time="0.0279999999999987" classname="table_15" name="Table_15_generation_works_with_default_values"/>
    <testcase time="0.0429999999999993" classname="table_15" name="Table_15_generation_works_with_default_values"/>
    <testcase time="0.284999999999997" classname="table_15" name="Table_15_generation_works_with_default_values"/>
    <testcase time="0.0890000000000057" classname="table_15" name="Table_15_generation_works_with_default_values">
      <skipped message="Reason: On CRAN ('test-table_15.R:19:3')"/>
    </testcase>
    <testcase time="0.0189999999999984" classname="table_15" name="Table_15_generation_works_with_custom_values"/>
    <testcase time="0.0450000000000017" classname="table_15" name="Table_15_generation_works_with_custom_values"/>
    <testcase time="0.274999999999999" classname="table_15" name="Table_15_generation_works_with_custom_values"/>
    <testcase time="0.088000000000001" classname="table_15" name="Table_15_generation_works_with_custom_values">
      <skipped message="Reason: On CRAN ('test-table_15.R:51:3')"/>
    </testcase>
    <testcase time="0.019999999999996" classname="table_15" name="Table_15_generation_works_with_NA_values_pruned_rows"/>
    <testcase time="0.044000000000004" classname="table_15" name="Table_15_generation_works_with_NA_values_pruned_rows"/>
    <testcase time="0.272999999999996" classname="table_15" name="Table_15_generation_works_with_NA_values_pruned_rows"/>
    <testcase time="0.088000000000001" classname="table_15" name="Table_15_generation_works_with_NA_values_pruned_rows">
      <skipped message="Reason: On CRAN ('test-table_15.R:58:3')"/>
    </testcase>
    <testcase time="0.0189999999999984" classname="table_15" name="Table_15_generation_works_with_risk_difference_column"/>
    <testcase time="0.044000000000004" classname="table_15" name="Table_15_generation_works_with_risk_difference_column"/>
    <testcase time="0.317" classname="table_15" name="Table_15_generation_works_with_risk_difference_column"/>
    <testcase time="0.101999999999997" classname="table_15" name="Table_15_generation_works_with_risk_difference_column">
      <skipped message="Reason: On CRAN ('test-table_15.R:66:3')"/>
    </testcase>
  </testsuite>
  <testsuite name="table_16" timestamp="2023-10-31T00:25:48Z" hostname="3ab1c6a59388" tests="16" skipped="4" failures="0" errors="0" time="1.563">
    <testcase time="0.0360000000000014" classname="table_16" name="Table_16_generation_works_with_default_values"/>
    <testcase time="0.0390000000000015" classname="table_16" name="Table_16_generation_works_with_default_values"/>
    <testcase time="0.262" classname="table_16" name="Table_16_generation_works_with_default_values"/>
    <testcase time="0.046999999999997" classname="table_16" name="Table_16_generation_works_with_default_values">
      <skipped message="Reason: On CRAN ('test-table_16.R:19:3')"/>
    </testcase>
    <testcase time="0.0200000000000031" classname="table_16" name="Table_16_generation_works_with_custom_values"/>
    <testcase time="0.0399999999999991" classname="table_16" name="Table_16_generation_works_with_custom_values"/>
    <testcase time="0.271999999999998" classname="table_16" name="Table_16_generation_works_with_custom_values"/>
    <testcase time="0.046999999999997" classname="table_16" name="Table_16_generation_works_with_custom_values">
      <skipped message="Reason: On CRAN ('test-table_16.R:51:3')"/>
    </testcase>
    <testcase time="0.0190000000000055" classname="table_16" name="Table_16_generation_works_with_NA_values_pruned_rows"/>
    <testcase time="0.0399999999999991" classname="table_16" name="Table_16_generation_works_with_NA_values_pruned_rows"/>
    <testcase time="0.268999999999998" classname="table_16" name="Table_16_generation_works_with_NA_values_pruned_rows"/>
    <testcase time="0.046999999999997" classname="table_16" name="Table_16_generation_works_with_NA_values_pruned_rows">
      <skipped message="Reason: On CRAN ('test-table_16.R:58:3')"/>
    </testcase>
    <testcase time="0.0190000000000055" classname="table_16" name="Table_16_generation_works_with_risk_difference_column"/>
    <testcase time="0.0389999999999944" classname="table_16" name="Table_16_generation_works_with_risk_difference_column"/>
    <testcase time="0.314" classname="table_16" name="Table_16_generation_works_with_risk_difference_column"/>
    <testcase time="0.0530000000000044" classname="table_16" name="Table_16_generation_works_with_risk_difference_column">
      <skipped message="Reason: On CRAN ('test-table_16.R:66:3')"/>
    </testcase>
  </testsuite>
  <testsuite name="table_17" timestamp="2023-10-31T00:25:50Z" hostname="3ab1c6a59388" tests="16" skipped="4" failures="0" errors="0" time="2.691">
    <testcase time="0.0289999999999964" classname="table_17" name="Table_17_generation_works_with_default_values"/>
    <testcase time="0.0450000000000017" classname="table_17" name="Table_17_generation_works_with_default_values"/>
    <testcase time="0.408999999999999" classname="table_17" name="Table_17_generation_works_with_default_values"/>
    <testcase time="0.158999999999999" classname="table_17" name="Table_17_generation_works_with_default_values">
      <skipped message="Reason: On CRAN ('test-table_17.R:25:3')"/>
    </testcase>
    <testcase time="0.0190000000000055" classname="table_17" name="Table_17_generation_works_with_custom_values"/>
    <testcase time="0.0459999999999994" classname="table_17" name="Table_17_generation_works_with_custom_values"/>
    <testcase time="0.420999999999999" classname="table_17" name="Table_17_generation_works_with_custom_values"/>
    <testcase time="0.158999999999999" classname="table_17" name="Table_17_generation_works_with_custom_values">
      <skipped message="Reason: On CRAN ('test-table_17.R:57:3')"/>
    </testcase>
    <testcase time="0.019999999999996" classname="table_17" name="Table_17_generation_works_with_NA_values_pruned_rows"/>
    <testcase time="0.0650000000000048" classname="table_17" name="Table_17_generation_works_with_NA_values_pruned_rows"/>
    <testcase time="0.417000000000002" classname="table_17" name="Table_17_generation_works_with_NA_values_pruned_rows"/>
    <testcase time="0.150999999999996" classname="table_17" name="Table_17_generation_works_with_NA_values_pruned_rows">
      <skipped message="Reason: On CRAN ('test-table_17.R:64:3')"/>
    </testcase>
    <testcase time="0.0279999999999987" classname="table_17" name="Table_17_generation_works_with_risk_difference_column"/>
    <testcase time="0.0489999999999995" classname="table_17" name="Table_17_generation_works_with_risk_difference_column"/>
    <testcase time="0.488" classname="table_17" name="Table_17_generation_works_with_risk_difference_column"/>
    <testcase time="0.186" classname="table_17" name="Table_17_generation_works_with_risk_difference_column">
      <skipped message="Reason: On CRAN ('test-table_17.R:72:3')"/>
    </testcase>
  </testsuite>
  <testsuite name="table_18" timestamp="2023-10-31T00:25:53Z" hostname="3ab1c6a59388" tests="16" skipped="4" failures="0" errors="0" time="2.288">
    <testcase time="0.0279999999999987" classname="table_18" name="Table_18_generation_works_with_default_values"/>
    <testcase time="0.0409999999999968" classname="table_18" name="Table_18_generation_works_with_default_values"/>
    <testcase time="0.412000000000006" classname="table_18" name="Table_18_generation_works_with_default_values"/>
    <testcase time="0.080999999999996" classname="table_18" name="Table_18_generation_works_with_default_values">
      <skipped message="Reason: On CRAN ('test-table_18.R:25:3')"/>
    </testcase>
    <testcase time="0.0190000000000055" classname="table_18" name="Table_18_generation_works_with_custom_values"/>
    <testcase time="0.0399999999999991" classname="table_18" name="Table_18_generation_works_with_custom_values"/>
    <testcase time="0.412999999999997" classname="table_18" name="Table_18_generation_works_with_custom_values"/>
    <testcase time="0.0680000000000049" classname="table_18" name="Table_18_generation_works_with_custom_values">
      <skipped message="Reason: On CRAN ('test-table_18.R:57:3')"/>
    </testcase>
    <testcase time="0.019999999999996" classname="table_18" name="Table_18_generation_works_with_NA_values_pruned_rows"/>
    <testcase time="0.0519999999999996" classname="table_18" name="Table_18_generation_works_with_NA_values_pruned_rows"/>
    <testcase time="0.411000000000001" classname="table_18" name="Table_18_generation_works_with_NA_values_pruned_rows"/>
    <testcase time="0.0700000000000003" classname="table_18" name="Table_18_generation_works_with_NA_values_pruned_rows">
      <skipped message="Reason: On CRAN ('test-table_18.R:64:3')"/>
    </testcase>
    <testcase time="0.019999999999996" classname="table_18" name="Table_18_generation_works_with_risk_difference_column"/>
    <testcase time="0.0410000000000039" classname="table_18" name="Table_18_generation_works_with_risk_difference_column"/>
    <testcase time="0.497" classname="table_18" name="Table_18_generation_works_with_risk_difference_column"/>
    <testcase time="0.0750000000000028" classname="table_18" name="Table_18_generation_works_with_risk_difference_column">
      <skipped message="Reason: On CRAN ('test-table_18.R:72:3')"/>
    </testcase>
  </testsuite>
  <testsuite name="table_20" timestamp="2023-10-31T00:25:55Z" hostname="3ab1c6a59388" tests="24" skipped="4" failures="0" errors="0" time="2.718">
    <testcase time="0.0289999999999964" classname="table_20" name="Table_20_generation_works_with_default_values"/>
    <testcase time="0.000999999999997669" classname="table_20" name="Table_20_generation_works_with_default_values"/>
    <testcase time="0.00200000000000244" classname="table_20" name="Table_20_generation_works_with_default_values"/>
    <testcase time="0.0450000000000017" classname="table_20" name="Table_20_generation_works_with_default_values"/>
    <testcase time="0.430999999999997" classname="table_20" name="Table_20_generation_works_with_default_values"/>
    <testcase time="0.0799999999999983" classname="table_20" name="Table_20_generation_works_with_default_values">
      <skipped message="Reason: On CRAN ('test-table_20.R:17:3')"/>
    </testcase>
    <testcase time="0.0190000000000055" classname="table_20" name="Table_20_generation_works_with_custom_values"/>
    <testcase time="0.00199999999999534" classname="table_20" name="Table_20_generation_works_with_custom_values"/>
    <testcase time="0.00100000000000477" classname="table_20" name="Table_20_generation_works_with_custom_values"/>
    <testcase time="0.0449999999999946" classname="table_20" name="Table_20_generation_works_with_custom_values"/>
    <testcase time="0.643000000000001" classname="table_20" name="Table_20_generation_works_with_custom_values"/>
    <testcase time="0.120000000000005" classname="table_20" name="Table_20_generation_works_with_custom_values">
      <skipped message="Reason: On CRAN ('test-table_20.R:65:3')"/>
    </testcase>
    <testcase time="0.019999999999996" classname="table_20" name="Table_20_generation_works_with_missing_values_pruned_rows"/>
    <testcase time="0.00100000000000477" classname="table_20" name="Table_20_generation_works_with_missing_values_pruned_rows"/>
    <testcase time="0.00199999999999534" classname="table_20" name="Table_20_generation_works_with_missing_values_pruned_rows"/>
    <testcase time="0.0450000000000017" classname="table_20" name="Table_20_generation_works_with_missing_values_pruned_rows"/>
    <testcase time="0.415999999999997" classname="table_20" name="Table_20_generation_works_with_missing_values_pruned_rows"/>
    <testcase time="0.095000000000006" classname="table_20" name="Table_20_generation_works_with_missing_values_pruned_rows">
      <skipped message="Reason: On CRAN ('test-table_20.R:74:3')"/>
    </testcase>
    <testcase time="0.0189999999999984" classname="table_20" name="Table_20_generation_works_with_risk_difference_column"/>
    <testcase time="0.00199999999999534" classname="table_20" name="Table_20_generation_works_with_risk_difference_column"/>
    <testcase time="0.00200000000000244" classname="table_20" name="Table_20_generation_works_with_risk_difference_column"/>
    <testcase time="0.0450000000000017" classname="table_20" name="Table_20_generation_works_with_risk_difference_column"/>
    <testcase time="0.560000000000002" classname="table_20" name="Table_20_generation_works_with_risk_difference_column"/>
    <testcase time="0.0929999999999964" classname="table_20" name="Table_20_generation_works_with_risk_difference_column">
      <skipped message="Reason: On CRAN ('test-table_20.R:82:3')"/>
    </testcase>
  </testsuite>
  <testsuite name="table_21" timestamp="2023-10-31T00:25:58Z" hostname="3ab1c6a59388" tests="19" skipped="4" failures="0" errors="0" time="2.652">
    <testcase time="0.0790000000000006" classname="table_21" name="Table_21_generation_works_with_default_values"/>
    <testcase time="0.00200000000000244" classname="table_21" name="Table_21_generation_works_with_default_values"/>
    <testcase time="0.604999999999997" classname="table_21" name="Table_21_generation_works_with_default_values"/>
    <testcase time="0.105000000000004" classname="table_21" name="Table_21_generation_works_with_default_values">
      <skipped message="Reason: On CRAN ('test-table_21.R:22:3')"/>
    </testcase>
    <testcase time="0.0249999999999986" classname="table_21" name="Table_21_generation_works_with_custom_values_N_s_denominator_and_overall_column"/>
    <testcase time="0.00199999999999534" classname="table_21" name="Table_21_generation_works_with_custom_values_N_s_denominator_and_overall_column"/>
    <testcase time="0.0770000000000053" classname="table_21" name="Table_21_generation_works_with_custom_values_N_s_denominator_and_overall_column"/>
    <testcase time="0.710999999999999" classname="table_21" name="Table_21_generation_works_with_custom_values_N_s_denominator_and_overall_column"/>
    <testcase time="0.122" classname="table_21" name="Table_21_generation_works_with_custom_values_N_s_denominator_and_overall_column">
      <skipped message="Reason: On CRAN ('test-table_21.R:34:3')"/>
    </testcase>
    <testcase time="0.0189999999999984" classname="table_21" name="Table_21_generation_works_with_custom_values_N_col_denominator_and_no_overall_column"/>
    <testcase time="0.000999999999997669" classname="table_21" name="Table_21_generation_works_with_custom_values_N_col_denominator_and_no_overall_column"/>
    <testcase time="0.0509999999999948" classname="table_21" name="Table_21_generation_works_with_custom_values_N_col_denominator_and_no_overall_column"/>
    <testcase time="0.319000000000003" classname="table_21" name="Table_21_generation_works_with_custom_values_N_col_denominator_and_no_overall_column"/>
    <testcase time="0.0889999999999986" classname="table_21" name="Table_21_generation_works_with_custom_values_N_col_denominator_and_no_overall_column">
      <skipped message="Reason: On CRAN ('test-table_21.R:62:3')"/>
    </testcase>
    <testcase time="0.078000000000003" classname="table_21" name="Table_21_generation_works_with_some_NA_values"/>
    <testcase time="0.00300000000000011" classname="table_21" name="Table_21_generation_works_with_some_NA_values"/>
    <testcase time="0.0510000000000019" classname="table_21" name="Table_21_generation_works_with_some_NA_values"/>
    <testcase time="0.247999999999998" classname="table_21" name="Table_21_generation_works_with_some_NA_values"/>
    <testcase time="0.0650000000000048" classname="table_21" name="Table_21_generation_works_with_some_NA_values">
      <skipped message="Reason: On CRAN ('test-table_21.R:82:3')"/>
    </testcase>
  </testsuite>
  <testsuite name="table_32" timestamp="2023-10-31T00:26:00Z" hostname="3ab1c6a59388" tests="22" skipped="6" failures="0" errors="0" time="5.889">
    <testcase time="0.0389999999999944" classname="table_32" name="Table_32_generation_works_with_default_values"/>
    <testcase time="0.0549999999999997" classname="table_32" name="Table_32_generation_works_with_default_values"/>
    <testcase time="0.116999999999997" classname="table_32" name="Table_32_generation_works_with_default_values"/>
    <testcase time="0.054000000000002" classname="table_32" name="Table_32_generation_works_with_default_values">
      <skipped message="Reason: On CRAN ('test-table_32.R:8:3')"/>
    </testcase>
    <testcase time="0.0259999999999962" classname="table_32" name="Table_32_generation_works_with_custom_values"/>
    <testcase time="0.0530000000000044" classname="table_32" name="Table_32_generation_works_with_custom_values"/>
    <testcase time="0.143000000000001" classname="table_32" name="Table_32_generation_works_with_custom_values"/>
    <testcase time="0.0700000000000003" classname="table_32" name="Table_32_generation_works_with_custom_values">
      <skipped message="Reason: On CRAN ('test-table_32.R:30:3')"/>
    </testcase>
    <testcase time="0.0189999999999984" classname="table_32" name="Table_32_generation_works_with_pruned_rows"/>
    <testcase time="0.0519999999999996" classname="table_32" name="Table_32_generation_works_with_pruned_rows"/>
    <testcase time="0.131" classname="table_32" name="Table_32_generation_works_with_pruned_rows"/>
    <testcase time="0.0390000000000015" classname="table_32" name="Table_32_generation_works_with_pruned_rows">
      <skipped message="Reason: On CRAN ('test-table_32.R:37:3')"/>
    </testcase>
    <testcase time="0.0189999999999984" classname="table_32" name="Table_32_generation_works_with_risk_difference_column"/>
    <testcase time="0.0519999999999996" classname="table_32" name="Table_32_generation_works_with_risk_difference_column"/>
    <testcase time="0.167000000000002" classname="table_32" name="Table_32_generation_works_with_risk_difference_column"/>
    <testcase time="0.0499999999999972" classname="table_32" name="Table_32_generation_works_with_risk_difference_column">
      <skipped message="Reason: On CRAN ('test-table_32.R:45:3')"/>
    </testcase>
    <testcase time="0.0200000000000031" classname="table_32" name="Table_32_gtsum_generation_works_with_default_values"/>
    <testcase time="1.959" classname="table_32" name="Table_32_gtsum_generation_works_with_default_values"/>
    <testcase time="0.00800000000000267" classname="table_32" name="Table_32_gtsum_generation_works_with_default_values">
      <skipped message="Reason: On CRAN ('test-table_32.R:51:3')"/>
    </testcase>
    <testcase time="0.0189999999999984" classname="table_32" name="Table_32_gtsum_generation_works_with_custom_values"/>
    <testcase time="2.787" classname="table_32" name="Table_32_gtsum_generation_works_with_custom_values"/>
    <testcase time="0.0100000000000051" classname="table_32" name="Table_32_gtsum_generation_works_with_custom_values">
      <skipped message="Reason: On CRAN ('test-table_32.R:61:3')"/>
    </testcase>
  </testsuite>
  <testsuite name="table_33" timestamp="2023-10-31T00:26:06Z" hostname="3ab1c6a59388" tests="16" skipped="4" failures="0" errors="0" time="1.732">
    <testcase time="0.0249999999999986" classname="table_33" name="Table_33_generation_works_with_default_values"/>
    <testcase time="0.250999999999998" classname="table_33" name="Table_33_generation_works_with_default_values"/>
    <testcase time="0.0970000000000013" classname="table_33" name="Table_33_generation_works_with_default_values"/>
    <testcase time="0.046999999999997" classname="table_33" name="Table_33_generation_works_with_default_values">
      <skipped message="Reason: On CRAN ('test-table_33.R:8:3')"/>
    </testcase>
    <testcase time="0.0240000000000009" classname="table_33" name="Table_33_generation_works_with_custom_values"/>
    <testcase time="0.247999999999998" classname="table_33" name="Table_33_generation_works_with_custom_values"/>
    <testcase time="0.120000000000005" classname="table_33" name="Table_33_generation_works_with_custom_values"/>
    <testcase time="0.0589999999999975" classname="table_33" name="Table_33_generation_works_with_custom_values">
      <skipped message="Reason: On CRAN ('test-table_33.R:34:3')"/>
    </testcase>
    <testcase time="0.0189999999999984" classname="table_33" name="Table_33_generation_works_with_pruned_rows"/>
    <testcase time="0.249000000000002" classname="table_33" name="Table_33_generation_works_with_pruned_rows"/>
    <testcase time="0.106000000000002" classname="table_33" name="Table_33_generation_works_with_pruned_rows"/>
    <testcase time="0.0399999999999991" classname="table_33" name="Table_33_generation_works_with_pruned_rows">
      <skipped message="Reason: On CRAN ('test-table_33.R:42:3')"/>
    </testcase>
    <testcase time="0.0200000000000031" classname="table_33" name="Table_33_generation_works_with_risk_difference_column"/>
    <testcase time="0.248999999999995" classname="table_33" name="Table_33_generation_works_with_risk_difference_column"/>
    <testcase time="0.136000000000003" classname="table_33" name="Table_33_generation_works_with_risk_difference_column"/>
    <testcase time="0.0420000000000016" classname="table_33" name="Table_33_generation_works_with_risk_difference_column">
      <skipped message="Reason: On CRAN ('test-table_33.R:50:3')"/>
    </testcase>
  </testsuite>
  <testsuite name="table_34" timestamp="2023-10-31T00:26:08Z" hostname="3ab1c6a59388" tests="12" skipped="3" failures="0" errors="0" time="6.099">
    <testcase time="0.029999999999994" classname="table_34" name="Table_34_generation_works_with_default_values"/>
    <testcase time="0.0410000000000039" classname="table_34" name="Table_34_generation_works_with_default_values"/>
    <testcase time="1.738" classname="table_34" name="Table_34_generation_works_with_default_values"/>
    <testcase time="0.207999999999998" classname="table_34" name="Table_34_generation_works_with_default_values">
      <skipped message="Reason: On CRAN ('test-table_34.R:17:3')"/>
    </testcase>
    <testcase time="0.0189999999999984" classname="table_34" name="Table_34_generation_works_with_custom_values"/>
    <testcase time="0.0380000000000038" classname="table_34" name="Table_34_generation_works_with_custom_values"/>
    <testcase time="1.80399999999999" classname="table_34" name="Table_34_generation_works_with_custom_values"/>
    <testcase time="0.078000000000003" classname="table_34" name="Table_34_generation_works_with_custom_values">
      <skipped message="Reason: On CRAN ('test-table_34.R:49:3')"/>
    </testcase>
    <testcase time="0.0190000000000055" classname="table_34" name="Table_34_generation_works_with_risk_difference_column"/>
    <testcase time="0.0420000000000016" classname="table_34" name="Table_34_generation_works_with_risk_difference_column"/>
    <testcase time="1.875" classname="table_34" name="Table_34_generation_works_with_risk_difference_column"/>
    <testcase time="0.206999999999994" classname="table_34" name="Table_34_generation_works_with_risk_difference_column">
      <skipped message="Reason: On CRAN ('test-table_34.R:57:3')"/>
    </testcase>
  </testsuite>
</testsuites>
