<?xml version="1.0" encoding="UTF-8"?>
<testsuites>
  <testsuite name="table_02" timestamp="2023-10-31T00:08:06Z" hostname="7ea1a5a6c651" tests="30" skipped="10" failures="0" errors="0" time="14.137">
    <testcase time="0.073" classname="table_02" name="Table_02_generation_works_with_default_values"/>
    <testcase time="0.425" classname="table_02" name="Table_02_generation_works_with_default_values"/>
    <testcase time="0.203" classname="table_02" name="Table_02_generation_works_with_default_values">
      <skipped message="Reason: On CRAN ('test-table_02.R:16:3')"/>
    </testcase>
    <testcase time="0.0699999999999998" classname="table_02" name="Table_02_generation_works_with_custom_values"/>
    <testcase time="0.34" classname="table_02" name="Table_02_generation_works_with_custom_values"/>
    <testcase time="0.205" classname="table_02" name="Table_02_generation_works_with_custom_values">
      <skipped message="Reason: On CRAN ('test-table_02.R:45:3')"/>
    </testcase>
    <testcase time="0.0510000000000002" classname="table_02" name="Table_02_generation_works_with_some_NA_values"/>
    <testcase time="0.0889999999999995" classname="table_02" name="Table_02_generation_works_with_some_NA_values"/>
    <testcase time="0.0440000000000005" classname="table_02" name="Table_02_generation_works_with_some_NA_values">
      <skipped message="Reason: On CRAN ('test-table_02.R:57:3')"/>
    </testcase>
    <testcase time="0.0179999999999998" classname="table_02" name="Table_02_generation_tplyr_works_with_default_values"/>
    <testcase time="1.69" classname="table_02" name="Table_02_generation_tplyr_works_with_default_values"/>
    <testcase time="0.032" classname="table_02" name="Table_02_generation_tplyr_works_with_default_values">
      <skipped message="Reason: On CRAN ('test-table_02.R:66:3')"/>
    </testcase>
    <testcase time="0.0250000000000004" classname="table_02" name="Table_02_generation_tplyr_works_with_tplyr_raw_TRUE"/>
    <testcase time="1.062" classname="table_02" name="Table_02_generation_tplyr_works_with_tplyr_raw_TRUE"/>
    <testcase time="0.0219999999999994" classname="table_02" name="Table_02_generation_tplyr_works_with_tplyr_raw_TRUE">
      <skipped message="Reason: On CRAN ('test-table_02.R:75:3')"/>
    </testcase>
    <testcase time="0.0410000000000004" classname="table_02" name="Table_02_generation_tplyr_works_with_custom_values"/>
    <testcase time="1.633" classname="table_02" name="Table_02_generation_tplyr_works_with_custom_values"/>
    <testcase time="0.0220000000000002" classname="table_02" name="Table_02_generation_tplyr_works_with_custom_values">
      <skipped message="Reason: On CRAN ('test-table_02.R:102:3')"/>
    </testcase>
    <testcase time="0.0380000000000003" classname="table_02" name="Table_02_generation_tplyr_works_with_some_NA_values"/>
    <testcase time="0.65" classname="table_02" name="Table_02_generation_tplyr_works_with_some_NA_values"/>
    <testcase time="0.0190000000000001" classname="table_02" name="Table_02_generation_tplyr_works_with_some_NA_values">
      <skipped message="Reason: On CRAN ('test-table_02.R:119:3')"/>
    </testcase>
    <testcase time="0.0180000000000007" classname="table_02" name="Table_02_generation_gtsum_works_with_default_values"/>
    <testcase time="2.942" classname="table_02" name="Table_02_generation_gtsum_works_with_default_values"/>
    <testcase time="0.0080000000000009" classname="table_02" name="Table_02_generation_gtsum_works_with_default_values">
      <skipped message="Reason: On CRAN ('test-table_02.R:128:3')"/>
    </testcase>
    <testcase time="0.0419999999999998" classname="table_02" name="Table_02_generation_gtsum_works_with_custom_values"/>
    <testcase time="3.238" classname="table_02" name="Table_02_generation_gtsum_works_with_custom_values"/>
    <testcase time="0.0080000000000009" classname="table_02" name="Table_02_generation_gtsum_works_with_custom_values">
      <skipped message="Reason: On CRAN ('test-table_02.R:146:3')"/>
    </testcase>
    <testcase time="0.0339999999999989" classname="table_02" name="Table_02_generation_gtsum_works_with_some_NA_values"/>
    <testcase time="1.087" classname="table_02" name="Table_02_generation_gtsum_works_with_some_NA_values"/>
    <testcase time="0.00799999999999912" classname="table_02" name="Table_02_generation_gtsum_works_with_some_NA_values">
      <skipped message="Reason: On CRAN ('test-table_02.R:160:3')"/>
    </testcase>
  </testsuite>
  <testsuite name="table_03" timestamp="2023-10-31T00:08:20Z" hostname="7ea1a5a6c651" tests="8" skipped="2" failures="0" errors="0" time="0.74">
    <testcase time="0.0330000000000013" classname="table_03" name="Table_3_generation_works_with_default_values"/>
    <testcase time="0.000999999999997669" classname="table_03" name="Table_3_generation_works_with_default_values"/>
    <testcase time="0.296000000000003" classname="table_03" name="Table_3_generation_works_with_default_values"/>
    <testcase time="0.0489999999999995" classname="table_03" name="Table_3_generation_works_with_default_values">
      <skipped message="Reason: On CRAN ('test-table_03.R:21:3')"/>
    </testcase>
    <testcase time="0.0169999999999995" classname="table_03" name="Table_3_generation_works_with_custom_values"/>
    <testcase time="0.00100000000000122" classname="table_03" name="Table_3_generation_works_with_custom_values"/>
    <testcase time="0.273" classname="table_03" name="Table_3_generation_works_with_custom_values"/>
    <testcase time="0.0700000000000003" classname="table_03" name="Table_3_generation_works_with_custom_values">
      <skipped message="Reason: On CRAN ('test-table_03.R:41:3')"/>
    </testcase>
  </testsuite>
  <testsuite name="table_04" timestamp="2023-10-31T00:08:21Z" hostname="7ea1a5a6c651" tests="9" skipped="2" failures="0" errors="0" time="0.735">
    <testcase time="0.0379999999999967" classname="table_04" name="Table_04_generation_works_with_default_values"/>
    <testcase time="0.254000000000001" classname="table_04" name="Table_04_generation_works_with_default_values"/>
    <testcase time="0.0749999999999993" classname="table_04" name="Table_04_generation_works_with_default_values">
      <skipped message="Reason: On CRAN ('test-table_04.R:18:3')"/>
    </testcase>
    <testcase time="0.0240000000000009" classname="table_04" name="Table_04_generation_works_with_custom_values"/>
    <testcase time="0.00100000000000122" classname="table_04" name="Table_04_generation_works_with_custom_values"/>
    <testcase time="0.00199999999999889" classname="table_04" name="Table_04_generation_works_with_custom_values"/>
    <testcase time="0.00100000000000122" classname="table_04" name="Table_04_generation_works_with_custom_values"/>
    <testcase time="0.271999999999998" classname="table_04" name="Table_04_generation_works_with_custom_values"/>
    <testcase time="0.0680000000000014" classname="table_04" name="Table_04_generation_works_with_custom_values">
      <skipped message="Reason: On CRAN ('test-table_04.R:46:3')"/>
    </testcase>
  </testsuite>
  <testsuite name="table_05" timestamp="2023-10-31T00:08:22Z" hostname="7ea1a5a6c651" tests="12" skipped="4" failures="0" errors="0" time="1.278">
    <testcase time="0.160999999999998" classname="table_05" name="Table_05_generation_works_with_default_values"/>
    <testcase time="0.194000000000003" classname="table_05" name="Table_05_generation_works_with_default_values"/>
    <testcase time="0.0629999999999988" classname="table_05" name="Table_05_generation_works_with_default_values">
      <skipped message="Reason: On CRAN ('test-table_05.R:10:3')"/>
    </testcase>
    <testcase time="0.0169999999999995" classname="table_05" name="Table_05_generation_works_with_custom_values"/>
    <testcase time="0.206" classname="table_05" name="Table_05_generation_works_with_custom_values"/>
    <testcase time="0.0800000000000018" classname="table_05" name="Table_05_generation_works_with_custom_values">
      <skipped message="Reason: On CRAN ('test-table_05.R:34:3')"/>
    </testcase>
    <testcase time="0.0189999999999984" classname="table_05" name="Table_05_generation_works_with_NA_values_pruned_rows"/>
    <testcase time="0.173000000000002" classname="table_05" name="Table_05_generation_works_with_NA_values_pruned_rows"/>
    <testcase time="0.0609999999999999" classname="table_05" name="Table_05_generation_works_with_NA_values_pruned_rows">
      <skipped message="Reason: On CRAN ('test-table_05.R:44:3')"/>
    </testcase>
    <testcase time="0.0179999999999971" classname="table_05" name="Table_05_generation_works_with_risk_difference_column"/>
    <testcase time="0.208000000000002" classname="table_05" name="Table_05_generation_works_with_risk_difference_column"/>
    <testcase time="0.0779999999999994" classname="table_05" name="Table_05_generation_works_with_risk_difference_column">
      <skipped message="Reason: On CRAN ('test-table_05.R:57:3')"/>
    </testcase>
  </testsuite>
  <testsuite name="table_06" timestamp="2023-10-31T00:08:23Z" hostname="7ea1a5a6c651" tests="15" skipped="3" failures="0" errors="0" time="1.963">
    <testcase time="0.0219999999999985" classname="table_06" name="Table_06_generation_works_with_default_values"/>
    <testcase time="0.00100000000000122" classname="table_06" name="Table_06_generation_works_with_default_values"/>
    <testcase time="0.0500000000000007" classname="table_06" name="Table_06_generation_works_with_default_values"/>
    <testcase time="0.398999999999997" classname="table_06" name="Table_06_generation_works_with_default_values"/>
    <testcase time="0.0820000000000007" classname="table_06" name="Table_06_generation_works_with_default_values">
      <skipped message="Reason: On CRAN ('test-table_06.R:8:3')"/>
    </testcase>
    <testcase time="0.0450000000000017" classname="table_06" name="Table_06_generation_works_with_custom_values"/>
    <testcase time="0.00199999999999889" classname="table_06" name="Table_06_generation_works_with_custom_values"/>
    <testcase time="0.0459999999999994" classname="table_06" name="Table_06_generation_works_with_custom_values"/>
    <testcase time="0.527000000000001" classname="table_06" name="Table_06_generation_works_with_custom_values"/>
    <testcase time="0.113" classname="table_06" name="Table_06_generation_works_with_custom_values">
      <skipped message="Reason: On CRAN ('test-table_06.R:40:3')"/>
    </testcase>
    <testcase time="0.0169999999999995" classname="table_06" name="Table_06_generation_works_with_risk_difference_column"/>
    <testcase time="0.00199999999999889" classname="table_06" name="Table_06_generation_works_with_risk_difference_column"/>
    <testcase time="0.0459999999999994" classname="table_06" name="Table_06_generation_works_with_risk_difference_column"/>
    <testcase time="0.507000000000001" classname="table_06" name="Table_06_generation_works_with_risk_difference_column"/>
    <testcase time="0.103999999999999" classname="table_06" name="Table_06_generation_works_with_risk_difference_column">
      <skipped message="Reason: On CRAN ('test-table_06.R:48:3')"/>
    </testcase>
  </testsuite>
  <testsuite name="table_07" timestamp="2023-10-31T00:08:25Z" hostname="7ea1a5a6c651" tests="24" skipped="4" failures="0" errors="0" time="2.05">
    <testcase time="0.0259999999999998" classname="table_07" name="Table_07_generation_works_with_default_values"/>
    <testcase time="0.00199999999999889" classname="table_07" name="Table_07_generation_works_with_default_values"/>
    <testcase time="0.00100000000000122" classname="table_07" name="Table_07_generation_works_with_default_values"/>
    <testcase time="0.032" classname="table_07" name="Table_07_generation_works_with_default_values"/>
    <testcase time="0.298999999999999" classname="table_07" name="Table_07_generation_works_with_default_values"/>
    <testcase time="0.0980000000000025" classname="table_07" name="Table_07_generation_works_with_default_values">
      <skipped message="Reason: On CRAN ('test-table_07.R:13:3')"/>
    </testcase>
    <testcase time="0.0179999999999971" classname="table_07" name="Table_07_generation_works_with_custom_values"/>
    <testcase time="0.00200000000000244" classname="table_07" name="Table_07_generation_works_with_custom_values"/>
    <testcase time="0.000999999999997669" classname="table_07" name="Table_07_generation_works_with_custom_values"/>
    <testcase time="0.0330000000000013" classname="table_07" name="Table_07_generation_works_with_custom_values"/>
    <testcase time="0.413" classname="table_07" name="Table_07_generation_works_with_custom_values"/>
    <testcase time="0.125" classname="table_07" name="Table_07_generation_works_with_custom_values">
      <skipped message="Reason: On CRAN ('test-table_07.R:42:3')"/>
    </testcase>
    <testcase time="0.0180000000000007" classname="table_07" name="Table_07_generation_works_with_NA_values_pruned_rows"/>
    <testcase time="0.000999999999997669" classname="table_07" name="Table_07_generation_works_with_NA_values_pruned_rows"/>
    <testcase time="0.00200000000000244" classname="table_07" name="Table_07_generation_works_with_NA_values_pruned_rows"/>
    <testcase time="0.0399999999999991" classname="table_07" name="Table_07_generation_works_with_NA_values_pruned_rows"/>
    <testcase time="0.286000000000001" classname="table_07" name="Table_07_generation_works_with_NA_values_pruned_rows"/>
    <testcase time="0.113" classname="table_07" name="Table_07_generation_works_with_NA_values_pruned_rows">
      <skipped message="Reason: On CRAN ('test-table_07.R:52:3')"/>
    </testcase>
    <testcase time="0.0179999999999971" classname="table_07" name="Table_07_generation_works_with_risk_difference_column"/>
    <testcase time="0.00100000000000122" classname="table_07" name="Table_07_generation_works_with_risk_difference_column"/>
    <testcase time="0.00199999999999889" classname="table_07" name="Table_07_generation_works_with_risk_difference_column"/>
    <testcase time="0.032" classname="table_07" name="Table_07_generation_works_with_risk_difference_column"/>
    <testcase time="0.364000000000001" classname="table_07" name="Table_07_generation_works_with_risk_difference_column"/>
    <testcase time="0.123000000000001" classname="table_07" name="Table_07_generation_works_with_risk_difference_column">
      <skipped message="Reason: On CRAN ('test-table_07.R:65:3')"/>
    </testcase>
  </testsuite>
  <testsuite name="table_08" timestamp="2023-10-31T00:08:27Z" hostname="7ea1a5a6c651" tests="8" skipped="2" failures="0" errors="0" time="0.384">
    <testcase time="0.0229999999999997" classname="table_08" name="Table_08_generation_works_with_default_values"/>
    <testcase time="0.00100000000000122" classname="table_08" name="Table_08_generation_works_with_default_values"/>
    <testcase time="0.0440000000000005" classname="table_08" name="Table_08_generation_works_with_default_values"/>
    <testcase time="0.113999999999997" classname="table_08" name="Table_08_generation_works_with_default_values">
      <skipped message="Reason: On CRAN ('test-table_08.R:10:3')"/>
    </testcase>
    <testcase time="0.0169999999999995" classname="table_08" name="Table_08_generation_works_with_custom_values"/>
    <testcase time="0.00200000000000244" classname="table_08" name="Table_08_generation_works_with_custom_values"/>
    <testcase time="0.036999999999999" classname="table_08" name="Table_08_generation_works_with_custom_values"/>
    <testcase time="0.146000000000001" classname="table_08" name="Table_08_generation_works_with_custom_values">
      <skipped message="Reason: On CRAN ('test-table_08.R:31:3')"/>
    </testcase>
  </testsuite>
  <testsuite name="table_09" timestamp="2023-10-31T00:08:28Z" hostname="7ea1a5a6c651" tests="12" skipped="3" failures="0" errors="0" time="1.344">
    <testcase time="0.0219999999999985" classname="table_09" name="Table_09_generation_works_with_default_values"/>
    <testcase time="0.0330000000000013" classname="table_09" name="Table_09_generation_works_with_default_values"/>
    <testcase time="0.292999999999999" classname="table_09" name="Table_09_generation_works_with_default_values"/>
    <testcase time="0.054000000000002" classname="table_09" name="Table_09_generation_works_with_default_values">
      <skipped message="Reason: On CRAN ('test-table_09.R:8:3')"/>
    </testcase>
    <testcase time="0.0179999999999971" classname="table_09" name="Table_09_generation_works_with_custom_values"/>
    <testcase time="0.0330000000000013" classname="table_09" name="Table_09_generation_works_with_custom_values"/>
    <testcase time="0.347999999999999" classname="table_09" name="Table_09_generation_works_with_custom_values"/>
    <testcase time="0.0630000000000024" classname="table_09" name="Table_09_generation_works_with_custom_values">
      <skipped message="Reason: On CRAN ('test-table_09.R:39:3')"/>
    </testcase>
    <testcase time="0.0179999999999971" classname="table_09" name="Table_09_generation_works_with_risk_difference_column"/>
    <testcase time="0.0380000000000003" classname="table_09" name="Table_09_generation_works_with_risk_difference_column"/>
    <testcase time="0.350000000000001" classname="table_09" name="Table_09_generation_works_with_risk_difference_column"/>
    <testcase time="0.0740000000000016" classname="table_09" name="Table_09_generation_works_with_risk_difference_column">
      <skipped message="Reason: On CRAN ('test-table_09.R:47:3')"/>
    </testcase>
  </testsuite>
  <testsuite name="table_10" timestamp="2023-10-31T00:08:29Z" hostname="7ea1a5a6c651" tests="15" skipped="3" failures="0" errors="0" time="1.538">
    <testcase time="0.0269999999999975" classname="table_10" name="Table_10_generation_works_with_default_values"/>
    <testcase time="0.00200000000000244" classname="table_10" name="Table_10_generation_works_with_default_values"/>
    <testcase time="0.0339999999999989" classname="table_10" name="Table_10_generation_works_with_default_values"/>
    <testcase time="0.344999999999999" classname="table_10" name="Table_10_generation_works_with_default_values"/>
    <testcase time="0.100000000000001" classname="table_10" name="Table_10_generation_works_with_default_values">
      <skipped message="Reason: On CRAN ('test-table_10.R:17:3')"/>
    </testcase>
    <testcase time="0.0180000000000007" classname="table_10" name="Table_10_generation_works_with_custom_values"/>
    <testcase time="0.00199999999999889" classname="table_10" name="Table_10_generation_works_with_custom_values"/>
    <testcase time="0.0399999999999991" classname="table_10" name="Table_10_generation_works_with_custom_values"/>
    <testcase time="0.314" classname="table_10" name="Table_10_generation_works_with_custom_values"/>
    <testcase time="0.0609999999999999" classname="table_10" name="Table_10_generation_works_with_custom_values">
      <skipped message="Reason: On CRAN ('test-table_10.R:52:3')"/>
    </testcase>
    <testcase time="0.0169999999999995" classname="table_10" name="Table_10_generation_works_with_risk_difference_column"/>
    <testcase time="0.00100000000000122" classname="table_10" name="Table_10_generation_works_with_risk_difference_column"/>
    <testcase time="0.0339999999999989" classname="table_10" name="Table_10_generation_works_with_risk_difference_column"/>
    <testcase time="0.416999999999998" classname="table_10" name="Table_10_generation_works_with_risk_difference_column"/>
    <testcase time="0.126000000000001" classname="table_10" name="Table_10_generation_works_with_risk_difference_column">
      <skipped message="Reason: On CRAN ('test-table_10.R:60:3')"/>
    </testcase>
  </testsuite>
  <testsuite name="table_11" timestamp="2023-10-31T00:08:30Z" hostname="7ea1a5a6c651" tests="12" skipped="3" failures="0" errors="0" time="2.352">
    <testcase time="0.027000000000001" classname="table_11" name="Table_11_generation_works_with_default_values"/>
    <testcase time="0.0410000000000004" classname="table_11" name="Table_11_generation_works_with_default_values"/>
    <testcase time="0.564" classname="table_11" name="Table_11_generation_works_with_default_values"/>
    <testcase time="0.126999999999999" classname="table_11" name="Table_11_generation_works_with_default_values">
      <skipped message="Reason: On CRAN ('test-table_11.R:18:3')"/>
    </testcase>
    <testcase time="0.0180000000000007" classname="table_11" name="Table_11_generation_works_with_custom_values"/>
    <testcase time="0.0350000000000001" classname="table_11" name="Table_11_generation_works_with_custom_values"/>
    <testcase time="0.541999999999998" classname="table_11" name="Table_11_generation_works_with_custom_values"/>
    <testcase time="0.0590000000000011" classname="table_11" name="Table_11_generation_works_with_custom_values">
      <skipped message="Reason: On CRAN ('test-table_11.R:48:3')"/>
    </testcase>
    <testcase time="0.0179999999999971" classname="table_11" name="Table_11_generation_works_with_risk_difference_column"/>
    <testcase time="0.054000000000002" classname="table_11" name="Table_11_generation_works_with_risk_difference_column"/>
    <testcase time="0.730999999999998" classname="table_11" name="Table_11_generation_works_with_risk_difference_column"/>
    <testcase time="0.136000000000003" classname="table_11" name="Table_11_generation_works_with_risk_difference_column">
      <skipped message="Reason: On CRAN ('test-table_11.R:56:3')"/>
    </testcase>
  </testsuite>
  <testsuite name="table_12" timestamp="2023-10-31T00:08:33Z" hostname="7ea1a5a6c651" tests="12" skipped="3" failures="0" errors="0" time="3.057">
    <testcase time="0.0229999999999997" classname="table_12" name="Table_12_generation_works_with_default_values"/>
    <testcase time="0.0530000000000008" classname="table_12" name="Table_12_generation_works_with_default_values"/>
    <testcase time="0.75" classname="table_12" name="Table_12_generation_works_with_default_values"/>
    <testcase time="0.093" classname="table_12" name="Table_12_generation_works_with_default_values">
      <skipped message="Reason: On CRAN ('test-table_12.R:9:3')"/>
    </testcase>
    <testcase time="0.0179999999999971" classname="table_12" name="Table_12_generation_works_with_custom_values"/>
    <testcase time="0.0430000000000028" classname="table_12" name="Table_12_generation_works_with_custom_values"/>
    <testcase time="0.948999999999998" classname="table_12" name="Table_12_generation_works_with_custom_values"/>
    <testcase time="0.0910000000000011" classname="table_12" name="Table_12_generation_works_with_custom_values">
      <skipped message="Reason: On CRAN ('test-table_12.R:39:3')"/>
    </testcase>
    <testcase time="0.0189999999999984" classname="table_12" name="Table_12_generation_works_with_risk_difference_column"/>
    <testcase time="0.0420000000000016" classname="table_12" name="Table_12_generation_works_with_risk_difference_column"/>
    <testcase time="0.868999999999996" classname="table_12" name="Table_12_generation_works_with_risk_difference_column"/>
    <testcase time="0.107000000000006" classname="table_12" name="Table_12_generation_works_with_risk_difference_column">
      <skipped message="Reason: On CRAN ('test-table_12.R:47:3')"/>
    </testcase>
  </testsuite>
  <testsuite name="table_13" timestamp="2023-10-31T00:08:36Z" hostname="7ea1a5a6c651" tests="12" skipped="3" failures="0" errors="0" time="0.9">
    <testcase time="0.0219999999999985" classname="table_13" name="Table_13_generation_works_with_default_values"/>
    <testcase time="0.0399999999999991" classname="table_13" name="Table_13_generation_works_with_default_values"/>
    <testcase time="0.305" classname="table_13" name="Table_13_generation_works_with_default_values"/>
    <testcase time="0.0549999999999997" classname="table_13" name="Table_13_generation_works_with_default_values">
      <skipped message="Reason: On CRAN ('test-table_13.R:8:3')"/>
    </testcase>
    <testcase time="0.017000000000003" classname="table_13" name="Table_13_generation_works_with_custom_values"/>
    <testcase time="0.0409999999999968" classname="table_13" name="Table_13_generation_works_with_custom_values"/>
    <testcase time="0.128" classname="table_13" name="Table_13_generation_works_with_custom_values"/>
    <testcase time="0.0420000000000016" classname="table_13" name="Table_13_generation_works_with_custom_values">
      <skipped message="Reason: On CRAN ('test-table_13.R:38:3')"/>
    </testcase>
    <testcase time="0.0169999999999959" classname="table_13" name="Table_13_generation_works_with_risk_difference_column"/>
    <testcase time="0.0410000000000039" classname="table_13" name="Table_13_generation_works_with_risk_difference_column"/>
    <testcase time="0.128" classname="table_13" name="Table_13_generation_works_with_risk_difference_column"/>
    <testcase time="0.0640000000000001" classname="table_13" name="Table_13_generation_works_with_risk_difference_column">
      <skipped message="Reason: On CRAN ('test-table_13.R:46:3')"/>
    </testcase>
  </testsuite>
  <testsuite name="table_14" timestamp="2023-10-31T00:08:37Z" hostname="7ea1a5a6c651" tests="13" skipped="4" failures="0" errors="0" time="2.789">
    <testcase time="0.0300000000000011" classname="table_14" name="Table_14_generation_works_with_default_values"/>
    <testcase time="0.5" classname="table_14" name="Table_14_generation_works_with_default_values"/>
    <testcase time="0.124000000000002" classname="table_14" name="Table_14_generation_works_with_default_values">
      <skipped message="Reason: On CRAN ('test-table_14.R:16:3')"/>
    </testcase>
    <testcase time="0.0179999999999936" classname="table_14" name="Table_14_generation_works_with_custom_values"/>
    <testcase time="0.0410000000000039" classname="table_14" name="Table_14_generation_works_with_custom_values"/>
    <testcase time="0.528999999999996" classname="table_14" name="Table_14_generation_works_with_custom_values"/>
    <testcase time="0.123000000000005" classname="table_14" name="Table_14_generation_works_with_custom_values">
      <skipped message="Reason: On CRAN ('test-table_14.R:46:3')"/>
    </testcase>
    <testcase time="0.0180000000000007" classname="table_14" name="Table_14_generation_works_with_NA_values_pruned_rows"/>
    <testcase time="0.497999999999998" classname="table_14" name="Table_14_generation_works_with_NA_values_pruned_rows"/>
    <testcase time="0.097999999999999" classname="table_14" name="Table_14_generation_works_with_NA_values_pruned_rows">
      <skipped message="Reason: On CRAN ('test-table_14.R:53:3')"/>
    </testcase>
    <testcase time="0.0180000000000007" classname="table_14" name="Table_14_generation_works_with_risk_difference_column"/>
    <testcase time="0.646999999999998" classname="table_14" name="Table_14_generation_works_with_risk_difference_column"/>
    <testcase time="0.145000000000003" classname="table_14" name="Table_14_generation_works_with_risk_difference_column">
      <skipped message="Reason: On CRAN ('test-table_14.R:61:3')"/>
    </testcase>
  </testsuite>
  <testsuite name="table_15" timestamp="2023-10-31T00:08:40Z" hostname="7ea1a5a6c651" tests="10" skipped="1" failures="0" errors="3" time="0.563">
    <testcase time="0.0249999999999986" classname="table_15" name="Table_15_generation_works_with_default_values"/>
    <testcase time="0.0390000000000015" classname="table_15" name="Table_15_generation_works_with_default_values">
      <error type="error" message="Error in `make_table_15(adae)`: object 'adsl' not found ('test-table_15.R:16:3')">Error in `make_table_15(adae)`: object 'adsl' not found
Backtrace:
    x
 1. \-falcon::make_table_15(adae) at test-table_15.R:16:2
 2.   \-falcon::alt_counts_df_preproc(alt_counts_df, arm_var, saffl_var)</error>
    </testcase>
    <testcase time="0.0259999999999962" classname="table_15" name="Table_15_generation_works_with_custom_values"/>
    <testcase time="0.034000000000006" classname="table_15" name="Table_15_generation_works_with_custom_values"/>
    <testcase time="0.234999999999999" classname="table_15" name="Table_15_generation_works_with_custom_values"/>
    <testcase time="0.0869999999999962" classname="table_15" name="Table_15_generation_works_with_custom_values">
      <skipped message="Reason: On CRAN ('test-table_15.R:51:3')"/>
    </testcase>
    <testcase time="0.0180000000000007" classname="table_15" name="Table_15_generation_works_with_NA_values_pruned_rows"/>
    <testcase time="0.0380000000000038" classname="table_15" name="Table_15_generation_works_with_NA_values_pruned_rows">
      <error type="error" message="Error in `make_table_15(adae, prune_0 = TRUE)`: object 'adsl' not found ('test-table_15.R:55:3')">Error in `make_table_15(adae, prune_0 = TRUE)`: object 'adsl' not found
Backtrace:
    x
 1. \-falcon::make_table_15(adae, prune_0 = TRUE) at test-table_15.R:55:2
 2.   \-falcon::alt_counts_df_preproc(alt_counts_df, arm_var, saffl_var)</error>
    </testcase>
    <testcase time="0.0229999999999961" classname="table_15" name="Table_15_generation_works_with_risk_difference_column"/>
    <testcase time="0.0380000000000038" classname="table_15" name="Table_15_generation_works_with_risk_difference_column">
      <error type="error" message="Error in `make_table_15(adae, risk_diff = risk_diff)`: object 'adsl' not found ('test-table_15.R:63:3')">Error in `make_table_15(adae, risk_diff = risk_diff)`: object 'adsl' not found
Backtrace:
    x
 1. \-falcon::make_table_15(adae, risk_diff = risk_diff) at test-table_15.R:63:2
 2.   \-falcon::alt_counts_df_preproc(alt_counts_df, arm_var, saffl_var)</error>
    </testcase>
  </testsuite>
  <testsuite name="table_16" timestamp="2023-10-31T00:08:40Z" hostname="7ea1a5a6c651" tests="10" skipped="1" failures="0" errors="3" time="0.53">
    <testcase time="0.0459999999999994" classname="table_16" name="Table_16_generation_works_with_default_values"/>
    <testcase time="0.0349999999999966" classname="table_16" name="Table_16_generation_works_with_default_values">
      <error type="error" message="Error in `make_table_16(adae)`: object 'adsl' not found ('test-table_16.R:16:3')">Error in `make_table_16(adae)`: object 'adsl' not found
Backtrace:
    x
 1. \-falcon::make_table_16(adae) at test-table_16.R:16:2
 2.   \-falcon::alt_counts_df_preproc(alt_counts_df, arm_var, saffl_var)</error>
    </testcase>
    <testcase time="0.0219999999999985" classname="table_16" name="Table_16_generation_works_with_custom_values"/>
    <testcase time="0.0309999999999988" classname="table_16" name="Table_16_generation_works_with_custom_values"/>
    <testcase time="0.233000000000004" classname="table_16" name="Table_16_generation_works_with_custom_values"/>
    <testcase time="0.0499999999999972" classname="table_16" name="Table_16_generation_works_with_custom_values">
      <skipped message="Reason: On CRAN ('test-table_16.R:51:3')"/>
    </testcase>
    <testcase time="0.0200000000000031" classname="table_16" name="Table_16_generation_works_with_NA_values_pruned_rows"/>
    <testcase time="0.0349999999999966" classname="table_16" name="Table_16_generation_works_with_NA_values_pruned_rows">
      <error type="error" message="Error in `make_table_16(adae, prune_0 = TRUE)`: object 'adsl' not found ('test-table_16.R:55:3')">Error in `make_table_16(adae, prune_0 = TRUE)`: object 'adsl' not found
Backtrace:
    x
 1. \-falcon::make_table_16(adae, prune_0 = TRUE) at test-table_16.R:55:2
 2.   \-falcon::alt_counts_df_preproc(alt_counts_df, arm_var, saffl_var)</error>
    </testcase>
    <testcase time="0.0230000000000032" classname="table_16" name="Table_16_generation_works_with_risk_difference_column"/>
    <testcase time="0.0349999999999966" classname="table_16" name="Table_16_generation_works_with_risk_difference_column">
      <error type="error" message="Error in `make_table_16(adae, risk_diff = risk_diff)`: object 'adsl' not found ('test-table_16.R:63:3')">Error in `make_table_16(adae, risk_diff = risk_diff)`: object 'adsl' not found
Backtrace:
    x
 1. \-falcon::make_table_16(adae, risk_diff = risk_diff) at test-table_16.R:63:2
 2.   \-falcon::alt_counts_df_preproc(alt_counts_df, arm_var, saffl_var)</error>
    </testcase>
  </testsuite>
  <testsuite name="table_17" timestamp="2023-10-31T00:08:41Z" hostname="7ea1a5a6c651" tests="10" skipped="1" failures="0" errors="3" time="0.78">
    <testcase time="0.0320000000000036" classname="table_17" name="Table_17_generation_works_with_default_values"/>
    <testcase time="0.0409999999999968" classname="table_17" name="Table_17_generation_works_with_default_values">
      <error type="error" message="Error in `make_table_17(adae)`: object 'adsl' not found ('test-table_17.R:22:3')">Error in `make_table_17(adae)`: object 'adsl' not found
Backtrace:
    x
 1. \-falcon::make_table_17(adae) at test-table_17.R:22:2
 2.   \-falcon::alt_counts_df_preproc(alt_counts_df, arm_var, saffl_var)</error>
    </testcase>
    <testcase time="0.0230000000000032" classname="table_17" name="Table_17_generation_works_with_custom_values"/>
    <testcase time="0.0459999999999994" classname="table_17" name="Table_17_generation_works_with_custom_values"/>
    <testcase time="0.369" classname="table_17" name="Table_17_generation_works_with_custom_values"/>
    <testcase time="0.140000000000001" classname="table_17" name="Table_17_generation_works_with_custom_values">
      <skipped message="Reason: On CRAN ('test-table_17.R:57:3')"/>
    </testcase>
    <testcase time="0.0259999999999962" classname="table_17" name="Table_17_generation_works_with_NA_values_pruned_rows"/>
    <testcase time="0.0400000000000063" classname="table_17" name="Table_17_generation_works_with_NA_values_pruned_rows">
      <error type="error" message="Error in `make_table_17(adae, prune_0 = TRUE)`: object 'adsl' not found ('test-table_17.R:61:3')">Error in `make_table_17(adae, prune_0 = TRUE)`: object 'adsl' not found
Backtrace:
    x
 1. \-falcon::make_table_17(adae, prune_0 = TRUE) at test-table_17.R:61:2
 2.   \-falcon::alt_counts_df_preproc(alt_counts_df, arm_var, saffl_var)</error>
    </testcase>
    <testcase time="0.0229999999999961" classname="table_17" name="Table_17_generation_works_with_risk_difference_column"/>
    <testcase time="0.0399999999999991" classname="table_17" name="Table_17_generation_works_with_risk_difference_column">
      <error type="error" message="Error in `make_table_17(adae, risk_diff = risk_diff)`: object 'adsl' not found ('test-table_17.R:69:3')">Error in `make_table_17(adae, risk_diff = risk_diff)`: object 'adsl' not found
Backtrace:
    x
 1. \-falcon::make_table_17(adae, risk_diff = risk_diff) at test-table_17.R:69:2
 2.   \-falcon::alt_counts_df_preproc(alt_counts_df, arm_var, saffl_var)</error>
    </testcase>
  </testsuite>
  <testsuite name="table_18" timestamp="2023-10-31T00:08:41Z" hostname="7ea1a5a6c651" tests="10" skipped="1" failures="0" errors="3" time="0.669">
    <testcase time="0.0309999999999988" classname="table_18" name="Table_18_generation_works_with_default_values"/>
    <testcase time="0.0360000000000014" classname="table_18" name="Table_18_generation_works_with_default_values">
      <error type="error" message="Error in `make_table_18(adae)`: object 'adsl' not found ('test-table_18.R:22:3')">Error in `make_table_18(adae)`: object 'adsl' not found
Backtrace:
    x
 1. \-falcon::make_table_18(adae) at test-table_18.R:22:2
 2.   \-falcon::alt_counts_df_preproc(alt_counts_df, arm_var, saffl_var)</error>
    </testcase>
    <testcase time="0.0230000000000032" classname="table_18" name="Table_18_generation_works_with_custom_values"/>
    <testcase time="0.0409999999999968" classname="table_18" name="Table_18_generation_works_with_custom_values"/>
    <testcase time="0.359999999999999" classname="table_18" name="Table_18_generation_works_with_custom_values"/>
    <testcase time="0.0609999999999999" classname="table_18" name="Table_18_generation_works_with_custom_values">
      <skipped message="Reason: On CRAN ('test-table_18.R:57:3')"/>
    </testcase>
    <testcase time="0.0180000000000007" classname="table_18" name="Table_18_generation_works_with_NA_values_pruned_rows"/>
    <testcase time="0.0350000000000037" classname="table_18" name="Table_18_generation_works_with_NA_values_pruned_rows">
      <error type="error" message="Error in `make_table_18(adae, prune_0 = TRUE)`: object 'adsl' not found ('test-table_18.R:61:3')">Error in `make_table_18(adae, prune_0 = TRUE)`: object 'adsl' not found
Backtrace:
    x
 1. \-falcon::make_table_18(adae, prune_0 = TRUE) at test-table_18.R:61:2
 2.   \-falcon::alt_counts_df_preproc(alt_counts_df, arm_var, saffl_var)</error>
    </testcase>
    <testcase time="0.0229999999999961" classname="table_18" name="Table_18_generation_works_with_risk_difference_column"/>
    <testcase time="0.0410000000000039" classname="table_18" name="Table_18_generation_works_with_risk_difference_column">
      <error type="error" message="Error in `make_table_18(adae, risk_diff = risk_diff)`: object 'adsl' not found ('test-table_18.R:69:3')">Error in `make_table_18(adae, risk_diff = risk_diff)`: object 'adsl' not found
Backtrace:
    x
 1. \-falcon::make_table_18(adae, risk_diff = risk_diff) at test-table_18.R:69:2
 2.   \-falcon::alt_counts_df_preproc(alt_counts_df, arm_var, saffl_var)</error>
    </testcase>
  </testsuite>
  <testsuite name="table_20" timestamp="2023-10-31T00:08:42Z" hostname="7ea1a5a6c651" tests="24" skipped="4" failures="0" errors="0" time="2.402">
    <testcase time="0.0339999999999989" classname="table_20" name="Table_20_generation_works_with_default_values"/>
    <testcase time="0.000999999999997669" classname="table_20" name="Table_20_generation_works_with_default_values"/>
    <testcase time="0.00200000000000244" classname="table_20" name="Table_20_generation_works_with_default_values"/>
    <testcase time="0.0360000000000014" classname="table_20" name="Table_20_generation_works_with_default_values"/>
    <testcase time="0.376999999999995" classname="table_20" name="Table_20_generation_works_with_default_values"/>
    <testcase time="0.0740000000000052" classname="table_20" name="Table_20_generation_works_with_default_values">
      <skipped message="Reason: On CRAN ('test-table_20.R:17:3')"/>
    </testcase>
    <testcase time="0.0179999999999936" classname="table_20" name="Table_20_generation_works_with_custom_values"/>
    <testcase time="0.00200000000000244" classname="table_20" name="Table_20_generation_works_with_custom_values"/>
    <testcase time="0.000999999999997669" classname="table_20" name="Table_20_generation_works_with_custom_values"/>
    <testcase time="0.0450000000000017" classname="table_20" name="Table_20_generation_works_with_custom_values"/>
    <testcase time="0.545000000000002" classname="table_20" name="Table_20_generation_works_with_custom_values"/>
    <testcase time="0.0929999999999964" classname="table_20" name="Table_20_generation_works_with_custom_values">
      <skipped message="Reason: On CRAN ('test-table_20.R:65:3')"/>
    </testcase>
    <testcase time="0.0180000000000007" classname="table_20" name="Table_20_generation_works_with_missing_values_pruned_rows"/>
    <testcase time="0.00200000000000244" classname="table_20" name="Table_20_generation_works_with_missing_values_pruned_rows"/>
    <testcase time="0.000999999999997669" classname="table_20" name="Table_20_generation_works_with_missing_values_pruned_rows"/>
    <testcase time="0.044000000000004" classname="table_20" name="Table_20_generation_works_with_missing_values_pruned_rows"/>
    <testcase time="0.372999999999998" classname="table_20" name="Table_20_generation_works_with_missing_values_pruned_rows"/>
    <testcase time="0.0700000000000003" classname="table_20" name="Table_20_generation_works_with_missing_values_pruned_rows">
      <skipped message="Reason: On CRAN ('test-table_20.R:74:3')"/>
    </testcase>
    <testcase time="0.017000000000003" classname="table_20" name="Table_20_generation_works_with_risk_difference_column"/>
    <testcase time="0.00199999999999534" classname="table_20" name="Table_20_generation_works_with_risk_difference_column"/>
    <testcase time="0.00100000000000477" classname="table_20" name="Table_20_generation_works_with_risk_difference_column"/>
    <testcase time="0.0359999999999943" classname="table_20" name="Table_20_generation_works_with_risk_difference_column"/>
    <testcase time="0.514000000000003" classname="table_20" name="Table_20_generation_works_with_risk_difference_column"/>
    <testcase time="0.0960000000000036" classname="table_20" name="Table_20_generation_works_with_risk_difference_column">
      <skipped message="Reason: On CRAN ('test-table_20.R:82:3')"/>
    </testcase>
  </testsuite>
  <testsuite name="table_21" timestamp="2023-10-31T00:08:45Z" hostname="7ea1a5a6c651" tests="19" skipped="4" failures="0" errors="0" time="2.341">
    <testcase time="0.0749999999999957" classname="table_21" name="Table_21_generation_works_with_default_values"/>
    <testcase time="0.000999999999997669" classname="table_21" name="Table_21_generation_works_with_default_values"/>
    <testcase time="0.527000000000001" classname="table_21" name="Table_21_generation_works_with_default_values"/>
    <testcase time="0.100000000000001" classname="table_21" name="Table_21_generation_works_with_default_values">
      <skipped message="Reason: On CRAN ('test-table_21.R:22:3')"/>
    </testcase>
    <testcase time="0.017000000000003" classname="table_21" name="Table_21_generation_works_with_custom_values_N_s_denominator_and_overall_column"/>
    <testcase time="0.00199999999999534" classname="table_21" name="Table_21_generation_works_with_custom_values_N_s_denominator_and_overall_column"/>
    <testcase time="0.0650000000000048" classname="table_21" name="Table_21_generation_works_with_custom_values_N_s_denominator_and_overall_column"/>
    <testcase time="0.643000000000001" classname="table_21" name="Table_21_generation_works_with_custom_values_N_s_denominator_and_overall_column"/>
    <testcase time="0.107999999999997" classname="table_21" name="Table_21_generation_works_with_custom_values_N_s_denominator_and_overall_column">
      <skipped message="Reason: On CRAN ('test-table_21.R:34:3')"/>
    </testcase>
    <testcase time="0.0180000000000007" classname="table_21" name="Table_21_generation_works_with_custom_values_N_col_denominator_and_no_overall_column"/>
    <testcase time="0.00200000000000244" classname="table_21" name="Table_21_generation_works_with_custom_values_N_col_denominator_and_no_overall_column"/>
    <testcase time="0.0419999999999945" classname="table_21" name="Table_21_generation_works_with_custom_values_N_col_denominator_and_no_overall_column"/>
    <testcase time="0.271000000000001" classname="table_21" name="Table_21_generation_works_with_custom_values_N_col_denominator_and_no_overall_column"/>
    <testcase time="0.0919999999999987" classname="table_21" name="Table_21_generation_works_with_custom_values_N_col_denominator_and_no_overall_column">
      <skipped message="Reason: On CRAN ('test-table_21.R:62:3')"/>
    </testcase>
    <testcase time="0.0560000000000045" classname="table_21" name="Table_21_generation_works_with_some_NA_values"/>
    <testcase time="0.00199999999999534" classname="table_21" name="Table_21_generation_works_with_some_NA_values"/>
    <testcase time="0.0390000000000015" classname="table_21" name="Table_21_generation_works_with_some_NA_values"/>
    <testcase time="0.213000000000001" classname="table_21" name="Table_21_generation_works_with_some_NA_values"/>
    <testcase time="0.0679999999999978" classname="table_21" name="Table_21_generation_works_with_some_NA_values">
      <skipped message="Reason: On CRAN ('test-table_21.R:82:3')"/>
    </testcase>
  </testsuite>
  <testsuite name="table_32" timestamp="2023-10-31T00:08:47Z" hostname="7ea1a5a6c651" tests="22" skipped="6" failures="0" errors="0" time="5.178">
    <testcase time="0.0230000000000032" classname="table_32" name="Table_32_generation_works_with_default_values"/>
    <testcase time="0.0429999999999993" classname="table_32" name="Table_32_generation_works_with_default_values"/>
    <testcase time="0.116" classname="table_32" name="Table_32_generation_works_with_default_values"/>
    <testcase time="0.0390000000000015" classname="table_32" name="Table_32_generation_works_with_default_values">
      <skipped message="Reason: On CRAN ('test-table_32.R:8:3')"/>
    </testcase>
    <testcase time="0.0169999999999959" classname="table_32" name="Table_32_generation_works_with_custom_values"/>
    <testcase time="0.0430000000000064" classname="table_32" name="Table_32_generation_works_with_custom_values"/>
    <testcase time="0.138999999999996" classname="table_32" name="Table_32_generation_works_with_custom_values"/>
    <testcase time="0.0470000000000041" classname="table_32" name="Table_32_generation_works_with_custom_values">
      <skipped message="Reason: On CRAN ('test-table_32.R:30:3')"/>
    </testcase>
    <testcase time="0.0169999999999959" classname="table_32" name="Table_32_generation_works_with_pruned_rows"/>
    <testcase time="0.044000000000004" classname="table_32" name="Table_32_generation_works_with_pruned_rows"/>
    <testcase time="0.114999999999995" classname="table_32" name="Table_32_generation_works_with_pruned_rows"/>
    <testcase time="0.0300000000000011" classname="table_32" name="Table_32_generation_works_with_pruned_rows">
      <skipped message="Reason: On CRAN ('test-table_32.R:37:3')"/>
    </testcase>
    <testcase time="0.0180000000000007" classname="table_32" name="Table_32_generation_works_with_risk_difference_column"/>
    <testcase time="0.0439999999999969" classname="table_32" name="Table_32_generation_works_with_risk_difference_column"/>
    <testcase time="0.143000000000001" classname="table_32" name="Table_32_generation_works_with_risk_difference_column"/>
    <testcase time="0.0450000000000017" classname="table_32" name="Table_32_generation_works_with_risk_difference_column">
      <skipped message="Reason: On CRAN ('test-table_32.R:45:3')"/>
    </testcase>
    <testcase time="0.0180000000000007" classname="table_32" name="Table_32_gtsum_generation_works_with_default_values"/>
    <testcase time="1.732" classname="table_32" name="Table_32_gtsum_generation_works_with_default_values"/>
    <testcase time="0.0069999999999979" classname="table_32" name="Table_32_gtsum_generation_works_with_default_values">
      <skipped message="Reason: On CRAN ('test-table_32.R:51:3')"/>
    </testcase>
    <testcase time="0.0180000000000007" classname="table_32" name="Table_32_gtsum_generation_works_with_custom_values"/>
    <testcase time="2.473" classname="table_32" name="Table_32_gtsum_generation_works_with_custom_values"/>
    <testcase time="0.007000000000005" classname="table_32" name="Table_32_gtsum_generation_works_with_custom_values">
      <skipped message="Reason: On CRAN ('test-table_32.R:61:3')"/>
    </testcase>
  </testsuite>
  <testsuite name="table_33" timestamp="2023-10-31T00:08:52Z" hostname="7ea1a5a6c651" tests="16" skipped="4" failures="0" errors="0" time="1.538">
    <testcase time="0.0219999999999985" classname="table_33" name="Table_33_generation_works_with_default_values"/>
    <testcase time="0.219000000000001" classname="table_33" name="Table_33_generation_works_with_default_values"/>
    <testcase time="0.100999999999999" classname="table_33" name="Table_33_generation_works_with_default_values"/>
    <testcase time="0.0309999999999988" classname="table_33" name="Table_33_generation_works_with_default_values">
      <skipped message="Reason: On CRAN ('test-table_33.R:8:3')"/>
    </testcase>
    <testcase time="0.0180000000000007" classname="table_33" name="Table_33_generation_works_with_custom_values"/>
    <testcase time="0.219999999999999" classname="table_33" name="Table_33_generation_works_with_custom_values"/>
    <testcase time="0.120000000000005" classname="table_33" name="Table_33_generation_works_with_custom_values"/>
    <testcase time="0.0359999999999943" classname="table_33" name="Table_33_generation_works_with_custom_values">
      <skipped message="Reason: On CRAN ('test-table_33.R:34:3')"/>
    </testcase>
    <testcase time="0.017000000000003" classname="table_33" name="Table_33_generation_works_with_pruned_rows"/>
    <testcase time="0.222000000000001" classname="table_33" name="Table_33_generation_works_with_pruned_rows"/>
    <testcase time="0.100000000000001" classname="table_33" name="Table_33_generation_works_with_pruned_rows"/>
    <testcase time="0.0259999999999962" classname="table_33" name="Table_33_generation_works_with_pruned_rows">
      <skipped message="Reason: On CRAN ('test-table_33.R:42:3')"/>
    </testcase>
    <testcase time="0.0180000000000007" classname="table_33" name="Table_33_generation_works_with_risk_difference_column"/>
    <testcase time="0.219000000000001" classname="table_33" name="Table_33_generation_works_with_risk_difference_column"/>
    <testcase time="0.134" classname="table_33" name="Table_33_generation_works_with_risk_difference_column"/>
    <testcase time="0.0350000000000037" classname="table_33" name="Table_33_generation_works_with_risk_difference_column">
      <skipped message="Reason: On CRAN ('test-table_33.R:50:3')"/>
    </testcase>
  </testsuite>
  <testsuite name="table_34" timestamp="2023-10-31T00:08:54Z" hostname="7ea1a5a6c651" tests="12" skipped="3" failures="0" errors="0" time="5.537">
    <testcase time="0.0279999999999987" classname="table_34" name="Table_34_generation_works_with_default_values"/>
    <testcase time="0.0339999999999989" classname="table_34" name="Table_34_generation_works_with_default_values"/>
    <testcase time="1.545" classname="table_34" name="Table_34_generation_works_with_default_values"/>
    <testcase time="0.186999999999998" classname="table_34" name="Table_34_generation_works_with_default_values">
      <skipped message="Reason: On CRAN ('test-table_34.R:17:3')"/>
    </testcase>
    <testcase time="0.0189999999999984" classname="table_34" name="Table_34_generation_works_with_custom_values"/>
    <testcase time="0.0300000000000011" classname="table_34" name="Table_34_generation_works_with_custom_values"/>
    <testcase time="1.473" classname="table_34" name="Table_34_generation_works_with_custom_values"/>
    <testcase time="0.0799999999999983" classname="table_34" name="Table_34_generation_works_with_custom_values">
      <skipped message="Reason: On CRAN ('test-table_34.R:49:3')"/>
    </testcase>
    <testcase time="0.0180000000000007" classname="table_34" name="Table_34_generation_works_with_risk_difference_column"/>
    <testcase time="0.034000000000006" classname="table_34" name="Table_34_generation_works_with_risk_difference_column"/>
    <testcase time="1.874" classname="table_34" name="Table_34_generation_works_with_risk_difference_column"/>
    <testcase time="0.215000000000003" classname="table_34" name="Table_34_generation_works_with_risk_difference_column">
      <skipped message="Reason: On CRAN ('test-table_34.R:57:3')"/>
    </testcase>
  </testsuite>
</testsuites>
