<?xml version="1.0" encoding="UTF-8"?>
<testsuites>
  <testsuite name="table_02" timestamp="2023-10-17T08:35:52Z" hostname="0dc68dd599f9" tests="30" skipped="10" failures="0" errors="0" time="13.739">
    <testcase time="0.069" classname="table_02" name="Table_02_generation_works_with_default_values"/>
    <testcase time="0.414" classname="table_02" name="Table_02_generation_works_with_default_values"/>
    <testcase time="0.201" classname="table_02" name="Table_02_generation_works_with_default_values">
      <skipped message="Reason: On CRAN ('test-table_02.R:16:3')"/>
    </testcase>
    <testcase time="0.0679999999999996" classname="table_02" name="Table_02_generation_works_with_custom_values"/>
    <testcase time="0.333" classname="table_02" name="Table_02_generation_works_with_custom_values"/>
    <testcase time="0.201" classname="table_02" name="Table_02_generation_works_with_custom_values">
      <skipped message="Reason: On CRAN ('test-table_02.R:45:3')"/>
    </testcase>
    <testcase time="0.0489999999999999" classname="table_02" name="Table_02_generation_works_with_some_NA_values"/>
    <testcase time="0.0879999999999996" classname="table_02" name="Table_02_generation_works_with_some_NA_values"/>
    <testcase time="0.0420000000000007" classname="table_02" name="Table_02_generation_works_with_some_NA_values">
      <skipped message="Reason: On CRAN ('test-table_02.R:57:3')"/>
    </testcase>
    <testcase time="0.0179999999999998" classname="table_02" name="Table_02_generation_tplyr_works_with_default_values"/>
    <testcase time="1.645" classname="table_02" name="Table_02_generation_tplyr_works_with_default_values"/>
    <testcase time="0.0310000000000006" classname="table_02" name="Table_02_generation_tplyr_works_with_default_values">
      <skipped message="Reason: On CRAN ('test-table_02.R:66:3')"/>
    </testcase>
    <testcase time="0.0249999999999995" classname="table_02" name="Table_02_generation_tplyr_works_with_tplyr_raw_TRUE"/>
    <testcase time="1.014" classname="table_02" name="Table_02_generation_tplyr_works_with_tplyr_raw_TRUE"/>
    <testcase time="0.0209999999999999" classname="table_02" name="Table_02_generation_tplyr_works_with_tplyr_raw_TRUE">
      <skipped message="Reason: On CRAN ('test-table_02.R:75:3')"/>
    </testcase>
    <testcase time="0.0410000000000004" classname="table_02" name="Table_02_generation_tplyr_works_with_custom_values"/>
    <testcase time="1.586" classname="table_02" name="Table_02_generation_tplyr_works_with_custom_values"/>
    <testcase time="0.0199999999999996" classname="table_02" name="Table_02_generation_tplyr_works_with_custom_values">
      <skipped message="Reason: On CRAN ('test-table_02.R:102:3')"/>
    </testcase>
    <testcase time="0.0380000000000003" classname="table_02" name="Table_02_generation_tplyr_works_with_some_NA_values"/>
    <testcase time="0.634" classname="table_02" name="Table_02_generation_tplyr_works_with_some_NA_values"/>
    <testcase time="0.0190000000000001" classname="table_02" name="Table_02_generation_tplyr_works_with_some_NA_values">
      <skipped message="Reason: On CRAN ('test-table_02.R:119:3')"/>
    </testcase>
    <testcase time="0.0169999999999995" classname="table_02" name="Table_02_generation_gtsum_works_with_default_values"/>
    <testcase time="2.852" classname="table_02" name="Table_02_generation_gtsum_works_with_default_values"/>
    <testcase time="0.0080000000000009" classname="table_02" name="Table_02_generation_gtsum_works_with_default_values">
      <skipped message="Reason: On CRAN ('test-table_02.R:128:3')"/>
    </testcase>
    <testcase time="0.0410000000000004" classname="table_02" name="Table_02_generation_gtsum_works_with_custom_values"/>
    <testcase time="3.153" classname="table_02" name="Table_02_generation_gtsum_works_with_custom_values"/>
    <testcase time="0.0080000000000009" classname="table_02" name="Table_02_generation_gtsum_works_with_custom_values">
      <skipped message="Reason: On CRAN ('test-table_02.R:146:3')"/>
    </testcase>
    <testcase time="0.0350000000000001" classname="table_02" name="Table_02_generation_gtsum_works_with_some_NA_values"/>
    <testcase time="1.061" classname="table_02" name="Table_02_generation_gtsum_works_with_some_NA_values"/>
    <testcase time="0.00700000000000145" classname="table_02" name="Table_02_generation_gtsum_works_with_some_NA_values">
      <skipped message="Reason: On CRAN ('test-table_02.R:161:3')"/>
    </testcase>
  </testsuite>
  <testsuite name="table_03" timestamp="2023-10-17T08:36:06Z" hostname="0dc68dd599f9" tests="8" skipped="2" failures="0" errors="0" time="0.724">
    <testcase time="0.032" classname="table_03" name="Table_3_generation_works_with_default_values"/>
    <testcase time="0.00199999999999889" classname="table_03" name="Table_3_generation_works_with_default_values"/>
    <testcase time="0.291" classname="table_03" name="Table_3_generation_works_with_default_values"/>
    <testcase time="0.0480000000000018" classname="table_03" name="Table_3_generation_works_with_default_values">
      <skipped message="Reason: On CRAN ('test-table_03.R:21:3')"/>
    </testcase>
    <testcase time="0.0159999999999982" classname="table_03" name="Table_3_generation_works_with_custom_values"/>
    <testcase time="0.00199999999999889" classname="table_03" name="Table_3_generation_works_with_custom_values"/>
    <testcase time="0.266000000000002" classname="table_03" name="Table_3_generation_works_with_custom_values"/>
    <testcase time="0.0670000000000002" classname="table_03" name="Table_3_generation_works_with_custom_values">
      <skipped message="Reason: On CRAN ('test-table_03.R:41:3')"/>
    </testcase>
  </testsuite>
  <testsuite name="table_04" timestamp="2023-10-17T08:36:06Z" hostname="0dc68dd599f9" tests="12" skipped="2" failures="0" errors="0" time="0.807">
    <testcase time="0.036999999999999" classname="table_04" name="Table_04_generation_works_with_default_values"/>
    <testcase time="0.00100000000000122" classname="table_04" name="Table_04_generation_works_with_default_values"/>
    <testcase time="0.00199999999999889" classname="table_04" name="Table_04_generation_works_with_default_values"/>
    <testcase time="0.00100000000000122" classname="table_04" name="Table_04_generation_works_with_default_values"/>
    <testcase time="0.289999999999999" classname="table_04" name="Table_04_generation_works_with_default_values"/>
    <testcase time="0.0889999999999986" classname="table_04" name="Table_04_generation_works_with_default_values">
      <skipped message="Reason: On CRAN ('test-table_04.R:18:3')"/>
    </testcase>
    <testcase time="0.017000000000003" classname="table_04" name="Table_04_generation_works_with_custom_values"/>
    <testcase time="0.00199999999999889" classname="table_04" name="Table_04_generation_works_with_custom_values"/>
    <testcase time="0.00100000000000122" classname="table_04" name="Table_04_generation_works_with_custom_values"/>
    <testcase time="0.00199999999999889" classname="table_04" name="Table_04_generation_works_with_custom_values"/>
    <testcase time="0.291" classname="table_04" name="Table_04_generation_works_with_custom_values"/>
    <testcase time="0.0739999999999981" classname="table_04" name="Table_04_generation_works_with_custom_values">
      <skipped message="Reason: On CRAN ('test-table_04.R:44:3')"/>
    </testcase>
  </testsuite>
  <testsuite name="table_05" timestamp="2023-10-17T08:36:07Z" hostname="0dc68dd599f9" tests="12" skipped="4" failures="0" errors="0" time="1.251">
    <testcase time="0.152000000000001" classname="table_05" name="Table_05_generation_works_with_default_values"/>
    <testcase time="0.190999999999999" classname="table_05" name="Table_05_generation_works_with_default_values"/>
    <testcase time="0.0690000000000026" classname="table_05" name="Table_05_generation_works_with_default_values">
      <skipped message="Reason: On CRAN ('test-table_05.R:10:3')"/>
    </testcase>
    <testcase time="0.0159999999999982" classname="table_05" name="Table_05_generation_works_with_custom_values"/>
    <testcase time="0.202999999999999" classname="table_05" name="Table_05_generation_works_with_custom_values"/>
    <testcase time="0.0720000000000027" classname="table_05" name="Table_05_generation_works_with_custom_values">
      <skipped message="Reason: On CRAN ('test-table_05.R:34:3')"/>
    </testcase>
    <testcase time="0.0189999999999984" classname="table_05" name="Table_05_generation_works_with_NA_values_pruned_rows"/>
    <testcase time="0.169" classname="table_05" name="Table_05_generation_works_with_NA_values_pruned_rows"/>
    <testcase time="0.0620000000000012" classname="table_05" name="Table_05_generation_works_with_NA_values_pruned_rows">
      <skipped message="Reason: On CRAN ('test-table_05.R:44:3')"/>
    </testcase>
    <testcase time="0.0229999999999997" classname="table_05" name="Table_05_generation_works_with_risk_difference_column"/>
    <testcase time="0.206999999999997" classname="table_05" name="Table_05_generation_works_with_risk_difference_column"/>
    <testcase time="0.0680000000000014" classname="table_05" name="Table_05_generation_works_with_risk_difference_column">
      <skipped message="Reason: On CRAN ('test-table_05.R:57:3')"/>
    </testcase>
  </testsuite>
  <testsuite name="table_06" timestamp="2023-10-17T08:36:08Z" hostname="0dc68dd599f9" tests="15" skipped="3" failures="0" errors="0" time="1.901">
    <testcase time="0.0219999999999985" classname="table_06" name="Table_06_generation_works_with_default_values"/>
    <testcase time="0.00100000000000122" classname="table_06" name="Table_06_generation_works_with_default_values"/>
    <testcase time="0.0489999999999995" classname="table_06" name="Table_06_generation_works_with_default_values"/>
    <testcase time="0.379000000000001" classname="table_06" name="Table_06_generation_works_with_default_values"/>
    <testcase time="0.105999999999998" classname="table_06" name="Table_06_generation_works_with_default_values">
      <skipped message="Reason: On CRAN ('test-table_06.R:8:3')"/>
    </testcase>
    <testcase time="0.017000000000003" classname="table_06" name="Table_06_generation_works_with_custom_values"/>
    <testcase time="0.000999999999997669" classname="table_06" name="Table_06_generation_works_with_custom_values"/>
    <testcase time="0.0459999999999994" classname="table_06" name="Table_06_generation_works_with_custom_values"/>
    <testcase time="0.513000000000002" classname="table_06" name="Table_06_generation_works_with_custom_values"/>
    <testcase time="0.120000000000001" classname="table_06" name="Table_06_generation_works_with_custom_values">
      <skipped message="Reason: On CRAN ('test-table_06.R:40:3')"/>
    </testcase>
    <testcase time="0.0169999999999995" classname="table_06" name="Table_06_generation_works_with_risk_difference_column"/>
    <testcase time="0.000999999999997669" classname="table_06" name="Table_06_generation_works_with_risk_difference_column"/>
    <testcase time="0.0450000000000017" classname="table_06" name="Table_06_generation_works_with_risk_difference_column"/>
    <testcase time="0.492000000000001" classname="table_06" name="Table_06_generation_works_with_risk_difference_column"/>
    <testcase time="0.0919999999999987" classname="table_06" name="Table_06_generation_works_with_risk_difference_column">
      <skipped message="Reason: On CRAN ('test-table_06.R:48:3')"/>
    </testcase>
  </testsuite>
  <testsuite name="table_07" timestamp="2023-10-17T08:36:10Z" hostname="0dc68dd599f9" tests="24" skipped="4" failures="0" errors="0" time="1.999">
    <testcase time="0.0259999999999998" classname="table_07" name="Table_07_generation_works_with_default_values"/>
    <testcase time="0.00199999999999889" classname="table_07" name="Table_07_generation_works_with_default_values"/>
    <testcase time="0.00100000000000122" classname="table_07" name="Table_07_generation_works_with_default_values"/>
    <testcase time="0.0330000000000013" classname="table_07" name="Table_07_generation_works_with_default_values"/>
    <testcase time="0.288" classname="table_07" name="Table_07_generation_works_with_default_values"/>
    <testcase time="0.105" classname="table_07" name="Table_07_generation_works_with_default_values">
      <skipped message="Reason: On CRAN ('test-table_07.R:13:3')"/>
    </testcase>
    <testcase time="0.0169999999999995" classname="table_07" name="Table_07_generation_works_with_custom_values"/>
    <testcase time="0.00199999999999889" classname="table_07" name="Table_07_generation_works_with_custom_values"/>
    <testcase time="0.00100000000000122" classname="table_07" name="Table_07_generation_works_with_custom_values"/>
    <testcase time="0.032" classname="table_07" name="Table_07_generation_works_with_custom_values"/>
    <testcase time="0.395999999999997" classname="table_07" name="Table_07_generation_works_with_custom_values"/>
    <testcase time="0.132000000000001" classname="table_07" name="Table_07_generation_works_with_custom_values">
      <skipped message="Reason: On CRAN ('test-table_07.R:42:3')"/>
    </testcase>
    <testcase time="0.0169999999999995" classname="table_07" name="Table_07_generation_works_with_NA_values_pruned_rows"/>
    <testcase time="0.00199999999999889" classname="table_07" name="Table_07_generation_works_with_NA_values_pruned_rows"/>
    <testcase time="0.00100000000000122" classname="table_07" name="Table_07_generation_works_with_NA_values_pruned_rows"/>
    <testcase time="0.032" classname="table_07" name="Table_07_generation_works_with_NA_values_pruned_rows"/>
    <testcase time="0.283999999999999" classname="table_07" name="Table_07_generation_works_with_NA_values_pruned_rows"/>
    <testcase time="0.103000000000002" classname="table_07" name="Table_07_generation_works_with_NA_values_pruned_rows">
      <skipped message="Reason: On CRAN ('test-table_07.R:52:3')"/>
    </testcase>
    <testcase time="0.0180000000000007" classname="table_07" name="Table_07_generation_works_with_risk_difference_column"/>
    <testcase time="0.000999999999997669" classname="table_07" name="Table_07_generation_works_with_risk_difference_column"/>
    <testcase time="0.00200000000000244" classname="table_07" name="Table_07_generation_works_with_risk_difference_column"/>
    <testcase time="0.032" classname="table_07" name="Table_07_generation_works_with_risk_difference_column"/>
    <testcase time="0.352999999999998" classname="table_07" name="Table_07_generation_works_with_risk_difference_column"/>
    <testcase time="0.119" classname="table_07" name="Table_07_generation_works_with_risk_difference_column">
      <skipped message="Reason: On CRAN ('test-table_07.R:65:3')"/>
    </testcase>
  </testsuite>
  <testsuite name="table_08" timestamp="2023-10-17T08:36:12Z" hostname="0dc68dd599f9" tests="8" skipped="2" failures="0" errors="0" time="0.376">
    <testcase time="0.0230000000000032" classname="table_08" name="Table_08_generation_works_with_default_values"/>
    <testcase time="0.000999999999997669" classname="table_08" name="Table_08_generation_works_with_default_values"/>
    <testcase time="0.0429999999999993" classname="table_08" name="Table_08_generation_works_with_default_values"/>
    <testcase time="0.110000000000003" classname="table_08" name="Table_08_generation_works_with_default_values">
      <skipped message="Reason: On CRAN ('test-table_08.R:10:3')"/>
    </testcase>
    <testcase time="0.0169999999999995" classname="table_08" name="Table_08_generation_works_with_custom_values"/>
    <testcase time="0.00199999999999889" classname="table_08" name="Table_08_generation_works_with_custom_values"/>
    <testcase time="0.036999999999999" classname="table_08" name="Table_08_generation_works_with_custom_values"/>
    <testcase time="0.143000000000001" classname="table_08" name="Table_08_generation_works_with_custom_values">
      <skipped message="Reason: On CRAN ('test-table_08.R:31:3')"/>
    </testcase>
  </testsuite>
  <testsuite name="table_09" timestamp="2023-10-17T08:36:13Z" hostname="0dc68dd599f9" tests="12" skipped="3" failures="0" errors="0" time="1.306">
    <testcase time="0.0210000000000008" classname="table_09" name="Table_09_generation_works_with_default_values"/>
    <testcase time="0.0479999999999983" classname="table_09" name="Table_09_generation_works_with_default_values"/>
    <testcase time="0.266000000000002" classname="table_09" name="Table_09_generation_works_with_default_values"/>
    <testcase time="0.0549999999999997" classname="table_09" name="Table_09_generation_works_with_default_values">
      <skipped message="Reason: On CRAN ('test-table_09.R:8:3')"/>
    </testcase>
    <testcase time="0.0169999999999995" classname="table_09" name="Table_09_generation_works_with_custom_values"/>
    <testcase time="0.0399999999999991" classname="table_09" name="Table_09_generation_works_with_custom_values"/>
    <testcase time="0.327999999999999" classname="table_09" name="Table_09_generation_works_with_custom_values"/>
    <testcase time="0.0720000000000027" classname="table_09" name="Table_09_generation_works_with_custom_values">
      <skipped message="Reason: On CRAN ('test-table_09.R:39:3')"/>
    </testcase>
    <testcase time="0.0169999999999995" classname="table_09" name="Table_09_generation_works_with_risk_difference_column"/>
    <testcase time="0.032" classname="table_09" name="Table_09_generation_works_with_risk_difference_column"/>
    <testcase time="0.349999999999998" classname="table_09" name="Table_09_generation_works_with_risk_difference_column"/>
    <testcase time="0.0600000000000023" classname="table_09" name="Table_09_generation_works_with_risk_difference_column">
      <skipped message="Reason: On CRAN ('test-table_09.R:47:3')"/>
    </testcase>
  </testsuite>
  <testsuite name="table_10" timestamp="2023-10-17T08:36:14Z" hostname="0dc68dd599f9" tests="15" skipped="3" failures="0" errors="0" time="1.488">
    <testcase time="0.027000000000001" classname="table_10" name="Table_10_generation_works_with_default_values"/>
    <testcase time="0.00199999999999889" classname="table_10" name="Table_10_generation_works_with_default_values"/>
    <testcase time="0.0329999999999977" classname="table_10" name="Table_10_generation_works_with_default_values"/>
    <testcase time="0.330000000000002" classname="table_10" name="Table_10_generation_works_with_default_values"/>
    <testcase time="0.108999999999998" classname="table_10" name="Table_10_generation_works_with_default_values">
      <skipped message="Reason: On CRAN ('test-table_10.R:17:3')"/>
    </testcase>
    <testcase time="0.017000000000003" classname="table_10" name="Table_10_generation_works_with_custom_values"/>
    <testcase time="0.00199999999999889" classname="table_10" name="Table_10_generation_works_with_custom_values"/>
    <testcase time="0.0289999999999999" classname="table_10" name="Table_10_generation_works_with_custom_values"/>
    <testcase time="0.314" classname="table_10" name="Table_10_generation_works_with_custom_values"/>
    <testcase time="0.0479999999999983" classname="table_10" name="Table_10_generation_works_with_custom_values">
      <skipped message="Reason: On CRAN ('test-table_10.R:52:3')"/>
    </testcase>
    <testcase time="0.017000000000003" classname="table_10" name="Table_10_generation_works_with_risk_difference_column"/>
    <testcase time="0.000999999999997669" classname="table_10" name="Table_10_generation_works_with_risk_difference_column"/>
    <testcase time="0.0350000000000001" classname="table_10" name="Table_10_generation_works_with_risk_difference_column"/>
    <testcase time="0.402000000000001" classname="table_10" name="Table_10_generation_works_with_risk_difference_column"/>
    <testcase time="0.122" classname="table_10" name="Table_10_generation_works_with_risk_difference_column">
      <skipped message="Reason: On CRAN ('test-table_10.R:60:3')"/>
    </testcase>
  </testsuite>
  <testsuite name="table_11" timestamp="2023-10-17T08:36:16Z" hostname="0dc68dd599f9" tests="12" skipped="3" failures="0" errors="0" time="2.29">
    <testcase time="0.0279999999999987" classname="table_11" name="Table_11_generation_works_with_default_values"/>
    <testcase time="0.0410000000000004" classname="table_11" name="Table_11_generation_works_with_default_values"/>
    <testcase time="0.555" classname="table_11" name="Table_11_generation_works_with_default_values"/>
    <testcase time="0.114000000000001" classname="table_11" name="Table_11_generation_works_with_default_values">
      <skipped message="Reason: On CRAN ('test-table_11.R:18:3')"/>
    </testcase>
    <testcase time="0.0169999999999995" classname="table_11" name="Table_11_generation_works_with_custom_values"/>
    <testcase time="0.0440000000000005" classname="table_11" name="Table_11_generation_works_with_custom_values"/>
    <testcase time="0.516999999999999" classname="table_11" name="Table_11_generation_works_with_custom_values"/>
    <testcase time="0.0680000000000014" classname="table_11" name="Table_11_generation_works_with_custom_values">
      <skipped message="Reason: On CRAN ('test-table_11.R:48:3')"/>
    </testcase>
    <testcase time="0.0169999999999995" classname="table_11" name="Table_11_generation_works_with_risk_difference_column"/>
    <testcase time="0.0410000000000004" classname="table_11" name="Table_11_generation_works_with_risk_difference_column"/>
    <testcase time="0.707000000000001" classname="table_11" name="Table_11_generation_works_with_risk_difference_column"/>
    <testcase time="0.140999999999998" classname="table_11" name="Table_11_generation_works_with_risk_difference_column">
      <skipped message="Reason: On CRAN ('test-table_11.R:56:3')"/>
    </testcase>
  </testsuite>
  <testsuite name="table_12" timestamp="2023-10-17T08:36:18Z" hostname="0dc68dd599f9" tests="12" skipped="3" failures="0" errors="0" time="3.108">
    <testcase time="0.0229999999999997" classname="table_12" name="Table_12_generation_works_with_default_values"/>
    <testcase time="0.0420000000000016" classname="table_12" name="Table_12_generation_works_with_default_values"/>
    <testcase time="0.739000000000001" classname="table_12" name="Table_12_generation_works_with_default_values"/>
    <testcase time="0.103999999999999" classname="table_12" name="Table_12_generation_works_with_default_values">
      <skipped message="Reason: On CRAN ('test-table_12.R:9:3')"/>
    </testcase>
    <testcase time="0.0189999999999984" classname="table_12" name="Table_12_generation_works_with_custom_values"/>
    <testcase time="0.0429999999999993" classname="table_12" name="Table_12_generation_works_with_custom_values"/>
    <testcase time="0.743000000000002" classname="table_12" name="Table_12_generation_works_with_custom_values"/>
    <testcase time="0.100999999999999" classname="table_12" name="Table_12_generation_works_with_custom_values">
      <skipped message="Reason: On CRAN ('test-table_12.R:39:3')"/>
    </testcase>
    <testcase time="0.0210000000000008" classname="table_12" name="Table_12_generation_works_with_risk_difference_column"/>
    <testcase time="0.0429999999999993" classname="table_12" name="Table_12_generation_works_with_risk_difference_column"/>
    <testcase time="1.123" classname="table_12" name="Table_12_generation_works_with_risk_difference_column"/>
    <testcase time="0.106999999999999" classname="table_12" name="Table_12_generation_works_with_risk_difference_column">
      <skipped message="Reason: On CRAN ('test-table_12.R:47:3')"/>
    </testcase>
  </testsuite>
  <testsuite name="table_13" timestamp="2023-10-17T08:36:21Z" hostname="0dc68dd599f9" tests="12" skipped="3" failures="0" errors="0" time="0.687">
    <testcase time="0.0210000000000008" classname="table_13" name="Table_13_generation_works_with_default_values"/>
    <testcase time="0.0399999999999991" classname="table_13" name="Table_13_generation_works_with_default_values"/>
    <testcase time="0.102999999999998" classname="table_13" name="Table_13_generation_works_with_default_values"/>
    <testcase time="0.0590000000000011" classname="table_13" name="Table_13_generation_works_with_default_values">
      <skipped message="Reason: On CRAN ('test-table_13.R:8:3')"/>
    </testcase>
    <testcase time="0.0169999999999995" classname="table_13" name="Table_13_generation_works_with_custom_values"/>
    <testcase time="0.0399999999999991" classname="table_13" name="Table_13_generation_works_with_custom_values"/>
    <testcase time="0.123000000000001" classname="table_13" name="Table_13_generation_works_with_custom_values"/>
    <testcase time="0.0400000000000027" classname="table_13" name="Table_13_generation_works_with_custom_values">
      <skipped message="Reason: On CRAN ('test-table_13.R:38:3')"/>
    </testcase>
    <testcase time="0.0169999999999959" classname="table_13" name="Table_13_generation_works_with_risk_difference_column"/>
    <testcase time="0.0399999999999991" classname="table_13" name="Table_13_generation_works_with_risk_difference_column"/>
    <testcase time="0.125" classname="table_13" name="Table_13_generation_works_with_risk_difference_column"/>
    <testcase time="0.0620000000000047" classname="table_13" name="Table_13_generation_works_with_risk_difference_column">
      <skipped message="Reason: On CRAN ('test-table_13.R:46:3')"/>
    </testcase>
  </testsuite>
  <testsuite name="table_14" timestamp="2023-10-17T08:36:22Z" hostname="0dc68dd599f9" tests="13" skipped="4" failures="0" errors="0" time="2.723">
    <testcase time="0.0300000000000011" classname="table_14" name="Table_14_generation_works_with_default_values"/>
    <testcase time="0.491999999999997" classname="table_14" name="Table_14_generation_works_with_default_values"/>
    <testcase time="0.122" classname="table_14" name="Table_14_generation_works_with_default_values">
      <skipped message="Reason: On CRAN ('test-table_14.R:16:3')"/>
    </testcase>
    <testcase time="0.0180000000000007" classname="table_14" name="Table_14_generation_works_with_custom_values"/>
    <testcase time="0.0399999999999991" classname="table_14" name="Table_14_generation_works_with_custom_values"/>
    <testcase time="0.514000000000003" classname="table_14" name="Table_14_generation_works_with_custom_values"/>
    <testcase time="0.116" classname="table_14" name="Table_14_generation_works_with_custom_values">
      <skipped message="Reason: On CRAN ('test-table_14.R:46:3')"/>
    </testcase>
    <testcase time="0.0169999999999959" classname="table_14" name="Table_14_generation_works_with_NA_values_pruned_rows"/>
    <testcase time="0.493000000000002" classname="table_14" name="Table_14_generation_works_with_NA_values_pruned_rows"/>
    <testcase time="0.0970000000000013" classname="table_14" name="Table_14_generation_works_with_NA_values_pruned_rows">
      <skipped message="Reason: On CRAN ('test-table_14.R:53:3')"/>
    </testcase>
    <testcase time="0.0169999999999959" classname="table_14" name="Table_14_generation_works_with_risk_difference_column"/>
    <testcase time="0.631" classname="table_14" name="Table_14_generation_works_with_risk_difference_column"/>
    <testcase time="0.136000000000003" classname="table_14" name="Table_14_generation_works_with_risk_difference_column">
      <skipped message="Reason: On CRAN ('test-table_14.R:61:3')"/>
    </testcase>
  </testsuite>
  <testsuite name="table_15" timestamp="2023-10-17T08:36:24Z" hostname="0dc68dd599f9" tests="10" skipped="1" failures="0" errors="3" time="0.408">
    <testcase time="0.0289999999999964" classname="table_15" name="Table_15_generation_works_with_default_values"/>
    <testcase time="0.0360000000000014" classname="table_15" name="Table_15_generation_works_with_default_values">
      <error type="error" message="Error in `make_table_15(adae)`: object 'adsl' not found ('test-table_15.R:11:3')">Error in `make_table_15(adae)`: object 'adsl' not found
Backtrace:
    x
 1. \-falcon::make_table_15(adae) at test-table_15.R:11:2
 2.   \-falcon::alt_counts_df_preproc(alt_counts_df, arm_var, saffl_var)</error>
    </testcase>
    <testcase time="0.0240000000000009" classname="table_15" name="Table_15_generation_works_with_custom_values"/>
    <testcase time="0.0320000000000036" classname="table_15" name="Table_15_generation_works_with_custom_values"/>
    <testcase time="0.123999999999995" classname="table_15" name="Table_15_generation_works_with_custom_values"/>
    <testcase time="0.0510000000000019" classname="table_15" name="Table_15_generation_works_with_custom_values">
      <skipped message="Reason: On CRAN ('test-table_15.R:44:3')"/>
    </testcase>
    <testcase time="0.017000000000003" classname="table_15" name="Table_15_generation_works_with_NA_values_pruned_rows"/>
    <testcase time="0.0359999999999943" classname="table_15" name="Table_15_generation_works_with_NA_values_pruned_rows">
      <error type="error" message="Error in `make_table_15(adae, prune_0 = TRUE)`: object 'adsl' not found ('test-table_15.R:48:3')">Error in `make_table_15(adae, prune_0 = TRUE)`: object 'adsl' not found
Backtrace:
    x
 1. \-falcon::make_table_15(adae, prune_0 = TRUE) at test-table_15.R:48:2
 2.   \-falcon::alt_counts_df_preproc(alt_counts_df, arm_var, saffl_var)</error>
    </testcase>
    <testcase time="0.0220000000000056" classname="table_15" name="Table_15_generation_works_with_risk_difference_column"/>
    <testcase time="0.036999999999999" classname="table_15" name="Table_15_generation_works_with_risk_difference_column">
      <error type="error" message="Error in `make_table_15(adae, risk_diff = risk_diff)`: object 'adsl' not found ('test-table_15.R:56:3')">Error in `make_table_15(adae, risk_diff = risk_diff)`: object 'adsl' not found
Backtrace:
    x
 1. \-falcon::make_table_15(adae, risk_diff = risk_diff) at test-table_15.R:56:2
 2.   \-falcon::alt_counts_df_preproc(alt_counts_df, arm_var, saffl_var)</error>
    </testcase>
  </testsuite>
  <testsuite name="table_16" timestamp="2023-10-17T08:36:25Z" hostname="0dc68dd599f9" tests="10" skipped="1" failures="0" errors="3" time="0.375">
    <testcase time="0.0359999999999943" classname="table_16" name="Table_16_generation_works_with_default_values"/>
    <testcase time="0.0330000000000013" classname="table_16" name="Table_16_generation_works_with_default_values">
      <error type="error" message="Error in `make_table_16(adae)`: object 'adsl' not found ('test-table_16.R:11:3')">Error in `make_table_16(adae)`: object 'adsl' not found
Backtrace:
    x
 1. \-falcon::make_table_16(adae) at test-table_16.R:11:2
 2.   \-falcon::alt_counts_df_preproc(alt_counts_df, arm_var, saffl_var)</error>
    </testcase>
    <testcase time="0.0230000000000032" classname="table_16" name="Table_16_generation_works_with_custom_values"/>
    <testcase time="0.0289999999999964" classname="table_16" name="Table_16_generation_works_with_custom_values"/>
    <testcase time="0.117000000000004" classname="table_16" name="Table_16_generation_works_with_custom_values"/>
    <testcase time="0.0339999999999989" classname="table_16" name="Table_16_generation_works_with_custom_values">
      <skipped message="Reason: On CRAN ('test-table_16.R:44:3')"/>
    </testcase>
    <testcase time="0.0169999999999959" classname="table_16" name="Table_16_generation_works_with_NA_values_pruned_rows"/>
    <testcase time="0.0320000000000036" classname="table_16" name="Table_16_generation_works_with_NA_values_pruned_rows">
      <error type="error" message="Error in `make_table_16(adae, prune_0 = TRUE)`: object 'adsl' not found ('test-table_16.R:48:3')">Error in `make_table_16(adae, prune_0 = TRUE)`: object 'adsl' not found
Backtrace:
    x
 1. \-falcon::make_table_16(adae, prune_0 = TRUE) at test-table_16.R:48:2
 2.   \-falcon::alt_counts_df_preproc(alt_counts_df, arm_var, saffl_var)</error>
    </testcase>
    <testcase time="0.0219999999999985" classname="table_16" name="Table_16_generation_works_with_risk_difference_column"/>
    <testcase time="0.0320000000000036" classname="table_16" name="Table_16_generation_works_with_risk_difference_column">
      <error type="error" message="Error in `make_table_16(adae, risk_diff = risk_diff)`: object 'adsl' not found ('test-table_16.R:56:3')">Error in `make_table_16(adae, risk_diff = risk_diff)`: object 'adsl' not found
Backtrace:
    x
 1. \-falcon::make_table_16(adae, risk_diff = risk_diff) at test-table_16.R:56:2
 2.   \-falcon::alt_counts_df_preproc(alt_counts_df, arm_var, saffl_var)</error>
    </testcase>
  </testsuite>
  <testsuite name="table_17" timestamp="2023-10-17T08:36:25Z" hostname="0dc68dd599f9" tests="10" skipped="1" failures="0" errors="3" time="0.414">
    <testcase time="0.0289999999999964" classname="table_17" name="Table_17_generation_works_with_default_values"/>
    <testcase time="0.044000000000004" classname="table_17" name="Table_17_generation_works_with_default_values">
      <error type="error" message="Error in `make_table_17(adae)`: object 'adsl' not found ('test-table_17.R:11:3')">Error in `make_table_17(adae)`: object 'adsl' not found
Backtrace:
    x
 1. \-falcon::make_table_17(adae) at test-table_17.R:11:2
 2.   \-falcon::alt_counts_df_preproc(alt_counts_df, arm_var, saffl_var)</error>
    </testcase>
    <testcase time="0.0239999999999938" classname="table_17" name="Table_17_generation_works_with_custom_values"/>
    <testcase time="0.034000000000006" classname="table_17" name="Table_17_generation_works_with_custom_values"/>
    <testcase time="0.107999999999997" classname="table_17" name="Table_17_generation_works_with_custom_values"/>
    <testcase time="0.0600000000000023" classname="table_17" name="Table_17_generation_works_with_custom_values">
      <skipped message="Reason: On CRAN ('test-table_17.R:44:3')"/>
    </testcase>
    <testcase time="0.0169999999999959" classname="table_17" name="Table_17_generation_works_with_NA_values_pruned_rows"/>
    <testcase time="0.0380000000000038" classname="table_17" name="Table_17_generation_works_with_NA_values_pruned_rows">
      <error type="error" message="Error in `make_table_17(adae, prune_0 = TRUE)`: object 'adsl' not found ('test-table_17.R:48:3')">Error in `make_table_17(adae, prune_0 = TRUE)`: object 'adsl' not found
Backtrace:
    x
 1. \-falcon::make_table_17(adae, prune_0 = TRUE) at test-table_17.R:48:2
 2.   \-falcon::alt_counts_df_preproc(alt_counts_df, arm_var, saffl_var)</error>
    </testcase>
    <testcase time="0.0219999999999985" classname="table_17" name="Table_17_generation_works_with_risk_difference_column"/>
    <testcase time="0.0379999999999967" classname="table_17" name="Table_17_generation_works_with_risk_difference_column">
      <error type="error" message="Error in `make_table_17(adae, risk_diff = risk_diff)`: object 'adsl' not found ('test-table_17.R:56:3')">Error in `make_table_17(adae, risk_diff = risk_diff)`: object 'adsl' not found
Backtrace:
    x
 1. \-falcon::make_table_17(adae, risk_diff = risk_diff) at test-table_17.R:56:2
 2.   \-falcon::alt_counts_df_preproc(alt_counts_df, arm_var, saffl_var)</error>
    </testcase>
  </testsuite>
  <testsuite name="table_18" timestamp="2023-10-17T08:36:26Z" hostname="0dc68dd599f9" tests="10" skipped="1" failures="0" errors="3" time="0.373">
    <testcase time="0.0290000000000035" classname="table_18" name="Table_18_generation_works_with_default_values"/>
    <testcase time="0.0330000000000013" classname="table_18" name="Table_18_generation_works_with_default_values">
      <error type="error" message="Error in `make_table_18(adae)`: object 'adsl' not found ('test-table_18.R:11:3')">Error in `make_table_18(adae)`: object 'adsl' not found
Backtrace:
    x
 1. \-falcon::make_table_18(adae) at test-table_18.R:11:2
 2.   \-falcon::alt_counts_df_preproc(alt_counts_df, arm_var, saffl_var)</error>
    </testcase>
    <testcase time="0.0289999999999964" classname="table_18" name="Table_18_generation_works_with_custom_values"/>
    <testcase time="0.0300000000000011" classname="table_18" name="Table_18_generation_works_with_custom_values"/>
    <testcase time="0.106000000000002" classname="table_18" name="Table_18_generation_works_with_custom_values"/>
    <testcase time="0.0330000000000013" classname="table_18" name="Table_18_generation_works_with_custom_values">
      <skipped message="Reason: On CRAN ('test-table_18.R:44:3')"/>
    </testcase>
    <testcase time="0.0249999999999986" classname="table_18" name="Table_18_generation_works_with_NA_values_pruned_rows"/>
    <testcase time="0.0330000000000013" classname="table_18" name="Table_18_generation_works_with_NA_values_pruned_rows">
      <error type="error" message="Error in `make_table_18(adae, prune_0 = TRUE)`: object 'adsl' not found ('test-table_18.R:48:3')">Error in `make_table_18(adae, prune_0 = TRUE)`: object 'adsl' not found
Backtrace:
    x
 1. \-falcon::make_table_18(adae, prune_0 = TRUE) at test-table_18.R:48:2
 2.   \-falcon::alt_counts_df_preproc(alt_counts_df, arm_var, saffl_var)</error>
    </testcase>
    <testcase time="0.0219999999999985" classname="table_18" name="Table_18_generation_works_with_risk_difference_column"/>
    <testcase time="0.0330000000000013" classname="table_18" name="Table_18_generation_works_with_risk_difference_column">
      <error type="error" message="Error in `make_table_18(adae, risk_diff = risk_diff)`: object 'adsl' not found ('test-table_18.R:56:3')">Error in `make_table_18(adae, risk_diff = risk_diff)`: object 'adsl' not found
Backtrace:
    x
 1. \-falcon::make_table_18(adae, risk_diff = risk_diff) at test-table_18.R:56:2
 2.   \-falcon::alt_counts_df_preproc(alt_counts_df, arm_var, saffl_var)</error>
    </testcase>
  </testsuite>
  <testsuite name="table_20" timestamp="2023-10-17T08:36:26Z" hostname="0dc68dd599f9" tests="24" skipped="4" failures="0" errors="0" time="2.307">
    <testcase time="0.0289999999999964" classname="table_20" name="Table_20_generation_works_with_default_values"/>
    <testcase time="0.00100000000000477" classname="table_20" name="Table_20_generation_works_with_default_values"/>
    <testcase time="0.00199999999999534" classname="table_20" name="Table_20_generation_works_with_default_values"/>
    <testcase time="0.0350000000000037" classname="table_20" name="Table_20_generation_works_with_default_values"/>
    <testcase time="0.360999999999997" classname="table_20" name="Table_20_generation_works_with_default_values"/>
    <testcase time="0.0820000000000007" classname="table_20" name="Table_20_generation_works_with_default_values">
      <skipped message="Reason: On CRAN ('test-table_20.R:17:3')"/>
    </testcase>
    <testcase time="0.017000000000003" classname="table_20" name="Table_20_generation_works_with_custom_values"/>
    <testcase time="0.000999999999997669" classname="table_20" name="Table_20_generation_works_with_custom_values"/>
    <testcase time="0.00200000000000244" classname="table_20" name="Table_20_generation_works_with_custom_values"/>
    <testcase time="0.0349999999999966" classname="table_20" name="Table_20_generation_works_with_custom_values"/>
    <testcase time="0.532000000000004" classname="table_20" name="Table_20_generation_works_with_custom_values"/>
    <testcase time="0.101999999999997" classname="table_20" name="Table_20_generation_works_with_custom_values">
      <skipped message="Reason: On CRAN ('test-table_20.R:65:3')"/>
    </testcase>
    <testcase time="0.017000000000003" classname="table_20" name="Table_20_generation_works_with_missing_values_pruned_rows"/>
    <testcase time="0.000999999999997669" classname="table_20" name="Table_20_generation_works_with_missing_values_pruned_rows"/>
    <testcase time="0.00100000000000477" classname="table_20" name="Table_20_generation_works_with_missing_values_pruned_rows"/>
    <testcase time="0.0349999999999966" classname="table_20" name="Table_20_generation_works_with_missing_values_pruned_rows"/>
    <testcase time="0.358000000000004" classname="table_20" name="Table_20_generation_works_with_missing_values_pruned_rows"/>
    <testcase time="0.070999999999998" classname="table_20" name="Table_20_generation_works_with_missing_values_pruned_rows">
      <skipped message="Reason: On CRAN ('test-table_20.R:74:3')"/>
    </testcase>
    <testcase time="0.0240000000000009" classname="table_20" name="Table_20_generation_works_with_risk_difference_column"/>
    <testcase time="0.00200000000000244" classname="table_20" name="Table_20_generation_works_with_risk_difference_column"/>
    <testcase time="0.000999999999997669" classname="table_20" name="Table_20_generation_works_with_risk_difference_column"/>
    <testcase time="0.0360000000000014" classname="table_20" name="Table_20_generation_works_with_risk_difference_column"/>
    <testcase time="0.478999999999999" classname="table_20" name="Table_20_generation_works_with_risk_difference_column"/>
    <testcase time="0.0829999999999984" classname="table_20" name="Table_20_generation_works_with_risk_difference_column">
      <skipped message="Reason: On CRAN ('test-table_20.R:82:3')"/>
    </testcase>
  </testsuite>
  <testsuite name="table_21" timestamp="2023-10-17T08:36:28Z" hostname="0dc68dd599f9" tests="19" skipped="4" failures="0" errors="0" time="2.323">
    <testcase time="0.0730000000000004" classname="table_21" name="Table_21_generation_works_with_default_values"/>
    <testcase time="0.00200000000000244" classname="table_21" name="Table_21_generation_works_with_default_values"/>
    <testcase time="0.530000000000001" classname="table_21" name="Table_21_generation_works_with_default_values"/>
    <testcase time="0.0879999999999939" classname="table_21" name="Table_21_generation_works_with_default_values">
      <skipped message="Reason: On CRAN ('test-table_21.R:22:3')"/>
    </testcase>
    <testcase time="0.017000000000003" classname="table_21" name="Table_21_generation_works_with_custom_values_N_s_denominator_and_overall_column"/>
    <testcase time="0.00200000000000244" classname="table_21" name="Table_21_generation_works_with_custom_values_N_s_denominator_and_overall_column"/>
    <testcase time="0.0739999999999981" classname="table_21" name="Table_21_generation_works_with_custom_values_N_s_denominator_and_overall_column"/>
    <testcase time="0.633000000000003" classname="table_21" name="Table_21_generation_works_with_custom_values_N_s_denominator_and_overall_column"/>
    <testcase time="0.108999999999995" classname="table_21" name="Table_21_generation_works_with_custom_values_N_s_denominator_and_overall_column">
      <skipped message="Reason: On CRAN ('test-table_21.R:34:3')"/>
    </testcase>
    <testcase time="0.017000000000003" classname="table_21" name="Table_21_generation_works_with_custom_values_N_col_denominator_and_no_overall_column"/>
    <testcase time="0.000999999999997669" classname="table_21" name="Table_21_generation_works_with_custom_values_N_col_denominator_and_no_overall_column"/>
    <testcase time="0.0420000000000016" classname="table_21" name="Table_21_generation_works_with_custom_values_N_col_denominator_and_no_overall_column"/>
    <testcase time="0.274999999999999" classname="table_21" name="Table_21_generation_works_with_custom_values_N_col_denominator_and_no_overall_column"/>
    <testcase time="0.0859999999999985" classname="table_21" name="Table_21_generation_works_with_custom_values_N_col_denominator_and_no_overall_column">
      <skipped message="Reason: On CRAN ('test-table_21.R:62:3')"/>
    </testcase>
    <testcase time="0.0549999999999997" classname="table_21" name="Table_21_generation_works_with_some_NA_values"/>
    <testcase time="0.00200000000000244" classname="table_21" name="Table_21_generation_works_with_some_NA_values"/>
    <testcase time="0.0390000000000015" classname="table_21" name="Table_21_generation_works_with_some_NA_values"/>
    <testcase time="0.216000000000001" classname="table_21" name="Table_21_generation_works_with_some_NA_values"/>
    <testcase time="0.0619999999999976" classname="table_21" name="Table_21_generation_works_with_some_NA_values">
      <skipped message="Reason: On CRAN ('test-table_21.R:82:3')"/>
    </testcase>
  </testsuite>
  <testsuite name="table_32" timestamp="2023-10-17T08:36:31Z" hostname="0dc68dd599f9" tests="16" skipped="4" failures="0" errors="0" time="0.913">
    <testcase time="0.0219999999999985" classname="table_32" name="Table_32_generation_works_with_default_values"/>
    <testcase time="0.0420000000000016" classname="table_32" name="Table_32_generation_works_with_default_values"/>
    <testcase time="0.116" classname="table_32" name="Table_32_generation_works_with_default_values"/>
    <testcase time="0.0380000000000038" classname="table_32" name="Table_32_generation_works_with_default_values">
      <skipped message="Reason: On CRAN ('test-table_32.R:8:3')"/>
    </testcase>
    <testcase time="0.0169999999999959" classname="table_32" name="Table_32_generation_works_with_custom_values"/>
    <testcase time="0.0429999999999993" classname="table_32" name="Table_32_generation_works_with_custom_values"/>
    <testcase time="0.138000000000005" classname="table_32" name="Table_32_generation_works_with_custom_values"/>
    <testcase time="0.0459999999999994" classname="table_32" name="Table_32_generation_works_with_custom_values">
      <skipped message="Reason: On CRAN ('test-table_32.R:30:3')"/>
    </testcase>
    <testcase time="0.0169999999999959" classname="table_32" name="Table_32_generation_works_with_pruned_rows"/>
    <testcase time="0.044000000000004" classname="table_32" name="Table_32_generation_works_with_pruned_rows"/>
    <testcase time="0.113" classname="table_32" name="Table_32_generation_works_with_pruned_rows"/>
    <testcase time="0.0289999999999964" classname="table_32" name="Table_32_generation_works_with_pruned_rows">
      <skipped message="Reason: On CRAN ('test-table_32.R:37:3')"/>
    </testcase>
    <testcase time="0.0180000000000007" classname="table_32" name="Table_32_generation_works_with_risk_difference_column"/>
    <testcase time="0.0429999999999993" classname="table_32" name="Table_32_generation_works_with_risk_difference_column"/>
    <testcase time="0.142000000000003" classname="table_32" name="Table_32_generation_works_with_risk_difference_column"/>
    <testcase time="0.0450000000000017" classname="table_32" name="Table_32_generation_works_with_risk_difference_column">
      <skipped message="Reason: On CRAN ('test-table_32.R:45:3')"/>
    </testcase>
  </testsuite>
  <testsuite name="table_33" timestamp="2023-10-17T08:36:31Z" hostname="0dc68dd599f9" tests="16" skipped="4" failures="0" errors="0" time="1.505">
    <testcase time="0.0219999999999985" classname="table_33" name="Table_33_generation_works_with_default_values"/>
    <testcase time="0.228000000000002" classname="table_33" name="Table_33_generation_works_with_default_values"/>
    <testcase time="0.0849999999999937" classname="table_33" name="Table_33_generation_works_with_default_values"/>
    <testcase time="0.0310000000000059" classname="table_33" name="Table_33_generation_works_with_default_values">
      <skipped message="Reason: On CRAN ('test-table_33.R:8:3')"/>
    </testcase>
    <testcase time="0.019999999999996" classname="table_33" name="Table_33_generation_works_with_custom_values"/>
    <testcase time="0.238" classname="table_33" name="Table_33_generation_works_with_custom_values"/>
    <testcase time="0.103999999999999" classname="table_33" name="Table_33_generation_works_with_custom_values"/>
    <testcase time="0.0370000000000061" classname="table_33" name="Table_33_generation_works_with_custom_values">
      <skipped message="Reason: On CRAN ('test-table_33.R:34:3')"/>
    </testcase>
    <testcase time="0.0279999999999987" classname="table_33" name="Table_33_generation_works_with_pruned_rows"/>
    <testcase time="0.216999999999999" classname="table_33" name="Table_33_generation_works_with_pruned_rows"/>
    <testcase time="0.0839999999999961" classname="table_33" name="Table_33_generation_works_with_pruned_rows"/>
    <testcase time="0.0260000000000034" classname="table_33" name="Table_33_generation_works_with_pruned_rows">
      <skipped message="Reason: On CRAN ('test-table_33.R:42:3')"/>
    </testcase>
    <testcase time="0.0240000000000009" classname="table_33" name="Table_33_generation_works_with_risk_difference_column"/>
    <testcase time="0.222000000000001" classname="table_33" name="Table_33_generation_works_with_risk_difference_column"/>
    <testcase time="0.104999999999997" classname="table_33" name="Table_33_generation_works_with_risk_difference_column"/>
    <testcase time="0.0339999999999989" classname="table_33" name="Table_33_generation_works_with_risk_difference_column">
      <skipped message="Reason: On CRAN ('test-table_33.R:50:3')"/>
    </testcase>
  </testsuite>
  <testsuite name="table_34" timestamp="2023-10-17T08:36:33Z" hostname="0dc68dd599f9" tests="12" skipped="3" failures="0" errors="0" time="5.415">
    <testcase time="0.036999999999999" classname="table_34" name="Table_34_generation_works_with_default_values"/>
    <testcase time="0.034000000000006" classname="table_34" name="Table_34_generation_works_with_default_values"/>
    <testcase time="1.479" classname="table_34" name="Table_34_generation_works_with_default_values"/>
    <testcase time="0.183" classname="table_34" name="Table_34_generation_works_with_default_values">
      <skipped message="Reason: On CRAN ('test-table_34.R:17:3')"/>
    </testcase>
    <testcase time="0.0169999999999959" classname="table_34" name="Table_34_generation_works_with_custom_values"/>
    <testcase time="0.0399999999999991" classname="table_34" name="Table_34_generation_works_with_custom_values"/>
    <testcase time="1.44" classname="table_34" name="Table_34_generation_works_with_custom_values"/>
    <testcase time="0.0790000000000006" classname="table_34" name="Table_34_generation_works_with_custom_values">
      <skipped message="Reason: On CRAN ('test-table_34.R:49:3')"/>
    </testcase>
    <testcase time="0.0169999999999959" classname="table_34" name="Table_34_generation_works_with_risk_difference_column"/>
    <testcase time="0.0339999999999989" classname="table_34" name="Table_34_generation_works_with_risk_difference_column"/>
    <testcase time="1.851" classname="table_34" name="Table_34_generation_works_with_risk_difference_column"/>
    <testcase time="0.204000000000001" classname="table_34" name="Table_34_generation_works_with_risk_difference_column">
      <skipped message="Reason: On CRAN ('test-table_34.R:57:3')"/>
    </testcase>
  </testsuite>
</testsuites>
