<?xml version="1.0" encoding="UTF-8"?>
<testsuites>
  <testsuite name="table_06" timestamp="2023-05-17T14:53:36Z" hostname="f1114ab9376a" tests="10" skipped="2" failures="0" errors="0" time="1.578">
    <testcase time="0.0150000000000001" classname="table_06" name="Table_06_generation_works_with_default_values"/>
    <testcase time="0.016" classname="table_06" name="Table_06_generation_works_with_default_values"/>
    <testcase time="0.208" classname="table_06" name="Table_06_generation_works_with_default_values"/>
    <testcase time="0.533" classname="table_06" name="Table_06_generation_works_with_default_values"/>
    <testcase time="0.126" classname="table_06" name="Table_06_generation_works_with_default_values">
      <skipped message="Reason: On CRAN ('test-table_06.R:8:3')"/>
    </testcase>
    <testcase time="0.0259999999999998" classname="table_06" name="Table_06_generation_works_with_custom_values"/>
    <testcase time="0.00099999999999989" classname="table_06" name="Table_06_generation_works_with_custom_values"/>
    <testcase time="0.044" classname="table_06" name="Table_06_generation_works_with_custom_values"/>
    <testcase time="0.461" classname="table_06" name="Table_06_generation_works_with_custom_values"/>
    <testcase time="0.148" classname="table_06" name="Table_06_generation_works_with_custom_values">
      <skipped message="Reason: On CRAN ('test-table_06.R:40:3')"/>
    </testcase>
  </testsuite>
  <testsuite name="table_07" timestamp="2023-05-17T14:53:37Z" hostname="f1114ab9376a" tests="18" skipped="3" failures="0" errors="0" time="1.377">
    <testcase time="0.0419999999999998" classname="table_07" name="Table_07_generation_works_with_default_values"/>
    <testcase time="0.00100000000000033" classname="table_07" name="Table_07_generation_works_with_default_values"/>
    <testcase time="0.00199999999999978" classname="table_07" name="Table_07_generation_works_with_default_values"/>
    <testcase time="0.0310000000000006" classname="table_07" name="Table_07_generation_works_with_default_values"/>
    <testcase time="0.287999999999999" classname="table_07" name="Table_07_generation_works_with_default_values"/>
    <testcase time="0.0870000000000006" classname="table_07" name="Table_07_generation_works_with_default_values">
      <skipped message="Reason: On CRAN ('test-table_07.R:13:3')"/>
    </testcase>
    <testcase time="0.0119999999999996" classname="table_07" name="Table_07_generation_works_with_custom_values"/>
    <testcase time="0.00100000000000033" classname="table_07" name="Table_07_generation_works_with_custom_values"/>
    <testcase time="0.000999999999999446" classname="table_07" name="Table_07_generation_works_with_custom_values"/>
    <testcase time="0.0310000000000006" classname="table_07" name="Table_07_generation_works_with_custom_values"/>
    <testcase time="0.403" classname="table_07" name="Table_07_generation_works_with_custom_values"/>
    <testcase time="0.0880000000000001" classname="table_07" name="Table_07_generation_works_with_custom_values">
      <skipped message="Reason: On CRAN ('test-table_07.R:42:3')"/>
    </testcase>
    <testcase time="0.0129999999999999" classname="table_07" name="Table_07_generation_works_with_NA_values_pruned_rows"/>
    <testcase time="0.000999999999999446" classname="table_07" name="Table_07_generation_works_with_NA_values_pruned_rows"/>
    <testcase time="0.00100000000000033" classname="table_07" name="Table_07_generation_works_with_NA_values_pruned_rows"/>
    <testcase time="0.0309999999999997" classname="table_07" name="Table_07_generation_works_with_NA_values_pruned_rows"/>
    <testcase time="0.251" classname="table_07" name="Table_07_generation_works_with_NA_values_pruned_rows"/>
    <testcase time="0.093" classname="table_07" name="Table_07_generation_works_with_NA_values_pruned_rows">
      <skipped message="Reason: On CRAN ('test-table_07.R:52:3')"/>
    </testcase>
  </testsuite>
  <testsuite name="table_09" timestamp="2023-05-17T14:53:39Z" hostname="f1114ab9376a" tests="8" skipped="2" failures="0" errors="0" time="0.715">
    <testcase time="0.0259999999999998" classname="table_09" name="Table_09_generation_works_with_default_values"/>
    <testcase time="0.0330000000000004" classname="table_09" name="Table_09_generation_works_with_default_values"/>
    <testcase time="0.231" classname="table_09" name="Table_09_generation_works_with_default_values"/>
    <testcase time="0.0469999999999997" classname="table_09" name="Table_09_generation_works_with_default_values">
      <skipped message="Reason: On CRAN ('test-table_09.R:8:3')"/>
    </testcase>
    <testcase time="0.0120000000000005" classname="table_09" name="Table_09_generation_works_with_custom_values"/>
    <testcase time="0.032" classname="table_09" name="Table_09_generation_works_with_custom_values"/>
    <testcase time="0.28" classname="table_09" name="Table_09_generation_works_with_custom_values"/>
    <testcase time="0.0539999999999994" classname="table_09" name="Table_09_generation_works_with_custom_values">
      <skipped message="Reason: On CRAN ('test-table_09.R:39:3')"/>
    </testcase>
  </testsuite>
  <testsuite name="table_13" timestamp="2023-05-17T14:53:39Z" hostname="f1114ab9376a" tests="8" skipped="2" failures="0" errors="0" time="0.413">
    <testcase time="0.0170000000000003" classname="table_13" name="Table_13_generation_works_with_default_values"/>
    <testcase time="0.0389999999999997" classname="table_13" name="Table_13_generation_works_with_default_values"/>
    <testcase time="0.101" classname="table_13" name="Table_13_generation_works_with_default_values"/>
    <testcase time="0.0499999999999998" classname="table_13" name="Table_13_generation_works_with_default_values">
      <skipped message="Reason: On CRAN ('test-table_13.R:8:3')"/>
    </testcase>
    <testcase time="0.0130000000000008" classname="table_13" name="Table_13_generation_works_with_custom_values"/>
    <testcase time="0.0389999999999997" classname="table_13" name="Table_13_generation_works_with_custom_values"/>
    <testcase time="0.119" classname="table_13" name="Table_13_generation_works_with_custom_values"/>
    <testcase time="0.0350000000000001" classname="table_13" name="Table_13_generation_works_with_custom_values">
      <skipped message="Reason: On CRAN ('test-table_13.R:38:3')"/>
    </testcase>
  </testsuite>
  <testsuite name="table_20" timestamp="2023-05-17T14:53:40Z" hostname="f1114ab9376a" tests="18" skipped="3" failures="0" errors="0" time="1.407">
    <testcase time="0.0220000000000002" classname="table_20" name="Table_20_generation_works_with_default_values"/>
    <testcase time="0.000999999999999446" classname="table_20" name="Table_20_generation_works_with_default_values"/>
    <testcase time="0.00100000000000033" classname="table_20" name="Table_20_generation_works_with_default_values"/>
    <testcase time="0.0350000000000001" classname="table_20" name="Table_20_generation_works_with_default_values"/>
    <testcase time="0.302" classname="table_20" name="Table_20_generation_works_with_default_values"/>
    <testcase time="0.0640000000000001" classname="table_20" name="Table_20_generation_works_with_default_values">
      <skipped message="Reason: On CRAN ('test-table_20.R:17:3')"/>
    </testcase>
    <testcase time="0.0120000000000005" classname="table_20" name="Table_20_generation_works_with_custom_values"/>
    <testcase time="0.000999999999999446" classname="table_20" name="Table_20_generation_works_with_custom_values"/>
    <testcase time="0.00100000000000033" classname="table_20" name="Table_20_generation_works_with_custom_values"/>
    <testcase time="0.0339999999999998" classname="table_20" name="Table_20_generation_works_with_custom_values"/>
    <testcase time="0.465" classname="table_20" name="Table_20_generation_works_with_custom_values"/>
    <testcase time="0.069" classname="table_20" name="Table_20_generation_works_with_custom_values">
      <skipped message="Reason: On CRAN ('test-table_20.R:65:3')"/>
    </testcase>
    <testcase time="0.0120000000000005" classname="table_20" name="Table_20_generation_works_with_missing_values_pruned_rows"/>
    <testcase time="0.000999999999999446" classname="table_20" name="Table_20_generation_works_with_missing_values_pruned_rows"/>
    <testcase time="0.00100000000000033" classname="table_20" name="Table_20_generation_works_with_missing_values_pruned_rows"/>
    <testcase time="0.0350000000000001" classname="table_20" name="Table_20_generation_works_with_missing_values_pruned_rows"/>
    <testcase time="0.289000000000001" classname="table_20" name="Table_20_generation_works_with_missing_values_pruned_rows"/>
    <testcase time="0.0619999999999994" classname="table_20" name="Table_20_generation_works_with_missing_values_pruned_rows">
      <skipped message="Reason: On CRAN ('test-table_20.R:74:3')"/>
    </testcase>
  </testsuite>
</testsuites>
