<?xml version="1.0" encoding="UTF-8"?>
<testsuites>
  <testsuite name="table_02" timestamp="2023-08-31T20:44:49Z" hostname="a4bd0bb5c4de" tests="30" skipped="10" failures="0" errors="0" time="18.613">
    <testcase time="0.0989999999999998" classname="table_02" name="Table_02_generation_works_with_default_values"/>
    <testcase time="0.69" classname="table_02" name="Table_02_generation_works_with_default_values"/>
    <testcase time="0.285" classname="table_02" name="Table_02_generation_works_with_default_values">
      <skipped message="Reason: On CRAN ('test-table_02.R:16:3')"/>
    </testcase>
    <testcase time="0.093" classname="table_02" name="Table_02_generation_works_with_custom_values"/>
    <testcase time="0.548" classname="table_02" name="Table_02_generation_works_with_custom_values"/>
    <testcase time="0.305" classname="table_02" name="Table_02_generation_works_with_custom_values">
      <skipped message="Reason: On CRAN ('test-table_02.R:45:3')"/>
    </testcase>
    <testcase time="0.0750000000000002" classname="table_02" name="Table_02_generation_works_with_some_NA_values"/>
    <testcase time="0.139" classname="table_02" name="Table_02_generation_works_with_some_NA_values"/>
    <testcase time="0.0659999999999998" classname="table_02" name="Table_02_generation_works_with_some_NA_values">
      <skipped message="Reason: On CRAN ('test-table_02.R:57:3')"/>
    </testcase>
    <testcase time="0.0280000000000005" classname="table_02" name="Table_02_generation_tplyr_works_with_default_values"/>
    <testcase time="2.262" classname="table_02" name="Table_02_generation_tplyr_works_with_default_values"/>
    <testcase time="0.0409999999999986" classname="table_02" name="Table_02_generation_tplyr_works_with_default_values">
      <skipped message="Reason: On CRAN ('test-table_02.R:66:3')"/>
    </testcase>
    <testcase time="0.0200000000000014" classname="table_02" name="Table_02_generation_tplyr_works_with_tplyr_raw_TRUE"/>
    <testcase time="1.251" classname="table_02" name="Table_02_generation_tplyr_works_with_tplyr_raw_TRUE"/>
    <testcase time="0.0289999999999999" classname="table_02" name="Table_02_generation_tplyr_works_with_tplyr_raw_TRUE">
      <skipped message="Reason: On CRAN ('test-table_02.R:75:3')"/>
    </testcase>
    <testcase time="0.0560000000000009" classname="table_02" name="Table_02_generation_tplyr_works_with_custom_values"/>
    <testcase time="2.499" classname="table_02" name="Table_02_generation_tplyr_works_with_custom_values"/>
    <testcase time="0.0289999999999999" classname="table_02" name="Table_02_generation_tplyr_works_with_custom_values">
      <skipped message="Reason: On CRAN ('test-table_02.R:102:3')"/>
    </testcase>
    <testcase time="0.0429999999999993" classname="table_02" name="Table_02_generation_tplyr_works_with_some_NA_values"/>
    <testcase time="0.880000000000001" classname="table_02" name="Table_02_generation_tplyr_works_with_some_NA_values"/>
    <testcase time="0.0289999999999999" classname="table_02" name="Table_02_generation_tplyr_works_with_some_NA_values">
      <skipped message="Reason: On CRAN ('test-table_02.R:119:3')"/>
    </testcase>
    <testcase time="0.0199999999999996" classname="table_02" name="Table_02_generation_gt_works_with_default_values"/>
    <testcase time="3.749" classname="table_02" name="Table_02_generation_gt_works_with_default_values"/>
    <testcase time="0.00799999999999912" classname="table_02" name="Table_02_generation_gt_works_with_default_values">
      <skipped message="Reason: On CRAN ('test-table_02.R:128:3')"/>
    </testcase>
    <testcase time="0.0560000000000009" classname="table_02" name="Table_02_generation_gt_works_with_custom_values"/>
    <testcase time="4.096" classname="table_02" name="Table_02_generation_gt_works_with_custom_values"/>
    <testcase time="0.00799999999999912" classname="table_02" name="Table_02_generation_gt_works_with_custom_values">
      <skipped message="Reason: On CRAN ('test-table_02.R:146:3')"/>
    </testcase>
    <testcase time="0.0479999999999983" classname="table_02" name="Table_02_generation_gt_works_with_some_NA_values"/>
    <testcase time="1.154" classname="table_02" name="Table_02_generation_gt_works_with_some_NA_values"/>
    <testcase time="0.0069999999999979" classname="table_02" name="Table_02_generation_gt_works_with_some_NA_values">
      <skipped message="Reason: On CRAN ('test-table_02.R:163:3')"/>
    </testcase>
  </testsuite>
  <testsuite name="table_04" timestamp="2023-08-31T20:45:08Z" hostname="a4bd0bb5c4de" tests="12" skipped="2" failures="0" errors="0" time="1.237">
    <testcase time="0.0440000000000005" classname="table_04" name="Table_04_generation_works_with_default_values"/>
    <testcase time="0.00100000000000122" classname="table_04" name="Table_04_generation_works_with_default_values"/>
    <testcase time="0.000999999999997669" classname="table_04" name="Table_04_generation_works_with_default_values"/>
    <testcase time="0.00200000000000244" classname="table_04" name="Table_04_generation_works_with_default_values"/>
    <testcase time="0.503" classname="table_04" name="Table_04_generation_works_with_default_values"/>
    <testcase time="0.152999999999999" classname="table_04" name="Table_04_generation_works_with_default_values">
      <skipped message="Reason: On CRAN ('test-table_04.R:18:3')"/>
    </testcase>
    <testcase time="0.0210000000000008" classname="table_04" name="Table_04_generation_works_with_custom_values"/>
    <testcase time="0.000999999999997669" classname="table_04" name="Table_04_generation_works_with_custom_values"/>
    <testcase time="0.00200000000000244" classname="table_04" name="Table_04_generation_works_with_custom_values"/>
    <testcase time="0.000999999999997669" classname="table_04" name="Table_04_generation_works_with_custom_values"/>
    <testcase time="0.399000000000001" classname="table_04" name="Table_04_generation_works_with_custom_values"/>
    <testcase time="0.109000000000002" classname="table_04" name="Table_04_generation_works_with_custom_values">
      <skipped message="Reason: On CRAN ('test-table_04.R:44:3')"/>
    </testcase>
  </testsuite>
  <testsuite name="table_05" timestamp="2023-08-31T20:45:09Z" hostname="a4bd0bb5c4de" tests="9" skipped="3" failures="0" errors="0" time="1.377">
    <testcase time="0.230999999999998" classname="table_05" name="Table_05_generation_works_with_default_values"/>
    <testcase time="0.263000000000002" classname="table_05" name="Table_05_generation_works_with_default_values"/>
    <testcase time="0.093" classname="table_05" name="Table_05_generation_works_with_default_values">
      <skipped message="Reason: On CRAN ('test-table_05.R:10:3')"/>
    </testcase>
    <testcase time="0.0190000000000019" classname="table_05" name="Table_05_generation_works_with_custom_values"/>
    <testcase time="0.309000000000001" classname="table_05" name="Table_05_generation_works_with_custom_values"/>
    <testcase time="0.116999999999997" classname="table_05" name="Table_05_generation_works_with_custom_values">
      <skipped message="Reason: On CRAN ('test-table_05.R:34:3')"/>
    </testcase>
    <testcase time="0.0199999999999996" classname="table_05" name="Table_05_generation_works_with_NA_values_pruned_rows"/>
    <testcase time="0.231999999999999" classname="table_05" name="Table_05_generation_works_with_NA_values_pruned_rows"/>
    <testcase time="0.093" classname="table_05" name="Table_05_generation_works_with_NA_values_pruned_rows">
      <skipped message="Reason: On CRAN ('test-table_05.R:44:3')"/>
    </testcase>
  </testsuite>
  <testsuite name="table_06" timestamp="2023-08-31T20:45:10Z" hostname="a4bd0bb5c4de" tests="10" skipped="2" failures="0" errors="0" time="1.634">
    <testcase time="0.0250000000000021" classname="table_06" name="Table_06_generation_works_with_default_values"/>
    <testcase time="0.000999999999997669" classname="table_06" name="Table_06_generation_works_with_default_values"/>
    <testcase time="0.0670000000000002" classname="table_06" name="Table_06_generation_works_with_default_values"/>
    <testcase time="0.471" classname="table_06" name="Table_06_generation_works_with_default_values"/>
    <testcase time="0.129000000000001" classname="table_06" name="Table_06_generation_works_with_default_values">
      <skipped message="Reason: On CRAN ('test-table_06.R:8:3')"/>
    </testcase>
    <testcase time="0.0189999999999984" classname="table_06" name="Table_06_generation_works_with_custom_values"/>
    <testcase time="0.00200000000000244" classname="table_06" name="Table_06_generation_works_with_custom_values"/>
    <testcase time="0.0659999999999989" classname="table_06" name="Table_06_generation_works_with_custom_values"/>
    <testcase time="0.634" classname="table_06" name="Table_06_generation_works_with_custom_values"/>
    <testcase time="0.219999999999999" classname="table_06" name="Table_06_generation_works_with_custom_values">
      <skipped message="Reason: On CRAN ('test-table_06.R:40:3')"/>
    </testcase>
  </testsuite>
  <testsuite name="table_07" timestamp="2023-08-31T20:45:12Z" hostname="a4bd0bb5c4de" tests="18" skipped="3" failures="0" errors="0" time="2.133">
    <testcase time="0.0309999999999988" classname="table_07" name="Table_07_generation_works_with_default_values"/>
    <testcase time="0.00200000000000244" classname="table_07" name="Table_07_generation_works_with_default_values"/>
    <testcase time="0.000999999999997669" classname="table_07" name="Table_07_generation_works_with_default_values"/>
    <testcase time="0.049000000000003" classname="table_07" name="Table_07_generation_works_with_default_values"/>
    <testcase time="0.433999999999997" classname="table_07" name="Table_07_generation_works_with_default_values"/>
    <testcase time="0.16" classname="table_07" name="Table_07_generation_works_with_default_values">
      <skipped message="Reason: On CRAN ('test-table_07.R:13:3')"/>
    </testcase>
    <testcase time="0.0190000000000019" classname="table_07" name="Table_07_generation_works_with_custom_values"/>
    <testcase time="0.00199999999999889" classname="table_07" name="Table_07_generation_works_with_custom_values"/>
    <testcase time="0.00100000000000122" classname="table_07" name="Table_07_generation_works_with_custom_values"/>
    <testcase time="0.0499999999999972" classname="table_07" name="Table_07_generation_works_with_custom_values"/>
    <testcase time="0.562000000000001" classname="table_07" name="Table_07_generation_works_with_custom_values"/>
    <testcase time="0.212" classname="table_07" name="Table_07_generation_works_with_custom_values">
      <skipped message="Reason: On CRAN ('test-table_07.R:42:3')"/>
    </testcase>
    <testcase time="0.0199999999999996" classname="table_07" name="Table_07_generation_works_with_NA_values_pruned_rows"/>
    <testcase time="0.00200000000000244" classname="table_07" name="Table_07_generation_works_with_NA_values_pruned_rows"/>
    <testcase time="0.000999999999997669" classname="table_07" name="Table_07_generation_works_with_NA_values_pruned_rows"/>
    <testcase time="0.054000000000002" classname="table_07" name="Table_07_generation_works_with_NA_values_pruned_rows"/>
    <testcase time="0.372999999999998" classname="table_07" name="Table_07_generation_works_with_NA_values_pruned_rows"/>
    <testcase time="0.16" classname="table_07" name="Table_07_generation_works_with_NA_values_pruned_rows">
      <skipped message="Reason: On CRAN ('test-table_07.R:52:3')"/>
    </testcase>
  </testsuite>
  <testsuite name="table_08" timestamp="2023-08-31T20:45:14Z" hostname="a4bd0bb5c4de" tests="8" skipped="2" failures="0" errors="0" time="0.541">
    <testcase time="0.0280000000000022" classname="table_08" name="Table_08_generation_works_with_default_values"/>
    <testcase time="0.00199999999999889" classname="table_08" name="Table_08_generation_works_with_default_values"/>
    <testcase time="0.0640000000000001" classname="table_08" name="Table_08_generation_works_with_default_values"/>
    <testcase time="0.161999999999999" classname="table_08" name="Table_08_generation_works_with_default_values">
      <skipped message="Reason: On CRAN ('test-table_08.R:10:3')"/>
    </testcase>
    <testcase time="0.0199999999999996" classname="table_08" name="Table_08_generation_works_with_custom_values"/>
    <testcase time="0.00100000000000122" classname="table_08" name="Table_08_generation_works_with_custom_values"/>
    <testcase time="0.0500000000000007" classname="table_08" name="Table_08_generation_works_with_custom_values"/>
    <testcase time="0.213999999999999" classname="table_08" name="Table_08_generation_works_with_custom_values">
      <skipped message="Reason: On CRAN ('test-table_08.R:31:3')"/>
    </testcase>
  </testsuite>
  <testsuite name="table_09" timestamp="2023-08-31T20:45:15Z" hostname="a4bd0bb5c4de" tests="8" skipped="2" failures="0" errors="0" time="1.057">
    <testcase time="0.027000000000001" classname="table_09" name="Table_09_generation_works_with_default_values"/>
    <testcase time="0.0569999999999986" classname="table_09" name="Table_09_generation_works_with_default_values"/>
    <testcase time="0.325000000000003" classname="table_09" name="Table_09_generation_works_with_default_values"/>
    <testcase time="0.0789999999999971" classname="table_09" name="Table_09_generation_works_with_default_values">
      <skipped message="Reason: On CRAN ('test-table_09.R:8:3')"/>
    </testcase>
    <testcase time="0.0210000000000008" classname="table_09" name="Table_09_generation_works_with_custom_values"/>
    <testcase time="0.0510000000000019" classname="table_09" name="Table_09_generation_works_with_custom_values"/>
    <testcase time="0.402999999999999" classname="table_09" name="Table_09_generation_works_with_custom_values"/>
    <testcase time="0.0940000000000012" classname="table_09" name="Table_09_generation_works_with_custom_values">
      <skipped message="Reason: On CRAN ('test-table_09.R:39:3')"/>
    </testcase>
  </testsuite>
  <testsuite name="table_10" timestamp="2023-08-31T20:45:16Z" hostname="a4bd0bb5c4de" tests="10" skipped="2" failures="0" errors="0" time="1.311">
    <testcase time="0.0309999999999988" classname="table_10" name="Table_10_generation_works_with_default_values"/>
    <testcase time="0.00100000000000122" classname="table_10" name="Table_10_generation_works_with_default_values"/>
    <testcase time="0.0640000000000001" classname="table_10" name="Table_10_generation_works_with_default_values"/>
    <testcase time="0.443999999999999" classname="table_10" name="Table_10_generation_works_with_default_values"/>
    <testcase time="0.177" classname="table_10" name="Table_10_generation_works_with_default_values">
      <skipped message="Reason: On CRAN ('test-table_10.R:17:3')"/>
    </testcase>
    <testcase time="0.0210000000000008" classname="table_10" name="Table_10_generation_works_with_custom_values"/>
    <testcase time="0.00199999999999889" classname="table_10" name="Table_10_generation_works_with_custom_values"/>
    <testcase time="0.0489999999999995" classname="table_10" name="Table_10_generation_works_with_custom_values"/>
    <testcase time="0.447000000000003" classname="table_10" name="Table_10_generation_works_with_custom_values"/>
    <testcase time="0.0749999999999993" classname="table_10" name="Table_10_generation_works_with_custom_values">
      <skipped message="Reason: On CRAN ('test-table_10.R:52:3')"/>
    </testcase>
  </testsuite>
  <testsuite name="table_11" timestamp="2023-08-31T20:45:17Z" hostname="a4bd0bb5c4de" tests="8" skipped="2" failures="0" errors="0" time="1.971">
    <testcase time="0.0329999999999977" classname="table_11" name="Table_11_generation_works_with_default_values"/>
    <testcase time="0.0609999999999999" classname="table_11" name="Table_11_generation_works_with_default_values"/>
    <testcase time="0.761000000000003" classname="table_11" name="Table_11_generation_works_with_default_values"/>
    <testcase time="0.195" classname="table_11" name="Table_11_generation_works_with_default_values">
      <skipped message="Reason: On CRAN ('test-table_11.R:18:3')"/>
    </testcase>
    <testcase time="0.0349999999999966" classname="table_11" name="Table_11_generation_works_with_custom_values"/>
    <testcase time="0.0600000000000023" classname="table_11" name="Table_11_generation_works_with_custom_values"/>
    <testcase time="0.734999999999999" classname="table_11" name="Table_11_generation_works_with_custom_values"/>
    <testcase time="0.0910000000000011" classname="table_11" name="Table_11_generation_works_with_custom_values">
      <skipped message="Reason: On CRAN ('test-table_11.R:48:3')"/>
    </testcase>
  </testsuite>
  <testsuite name="table_12" timestamp="2023-08-31T20:45:19Z" hostname="a4bd0bb5c4de" tests="8" skipped="2" failures="0" errors="0" time="2.687">
    <testcase time="0.027000000000001" classname="table_12" name="Table_12_generation_works_with_default_values"/>
    <testcase time="0.0569999999999951" classname="table_12" name="Table_12_generation_works_with_default_values"/>
    <testcase time="1.276" classname="table_12" name="Table_12_generation_works_with_default_values"/>
    <testcase time="0.145000000000003" classname="table_12" name="Table_12_generation_works_with_default_values">
      <skipped message="Reason: On CRAN ('test-table_12.R:9:3')"/>
    </testcase>
    <testcase time="0.0209999999999937" classname="table_12" name="Table_12_generation_works_with_custom_values"/>
    <testcase time="0.0650000000000048" classname="table_12" name="Table_12_generation_works_with_custom_values"/>
    <testcase time="0.949999999999996" classname="table_12" name="Table_12_generation_works_with_custom_values"/>
    <testcase time="0.146000000000001" classname="table_12" name="Table_12_generation_works_with_custom_values">
      <skipped message="Reason: On CRAN ('test-table_12.R:39:3')"/>
    </testcase>
  </testsuite>
  <testsuite name="table_13" timestamp="2023-08-31T20:45:22Z" hostname="a4bd0bb5c4de" tests="8" skipped="2" failures="0" errors="0" time="0.645">
    <testcase time="0.0260000000000034" classname="table_13" name="Table_13_generation_works_with_default_values"/>
    <testcase time="0.0570000000000022" classname="table_13" name="Table_13_generation_works_with_default_values"/>
    <testcase time="0.149000000000001" classname="table_13" name="Table_13_generation_works_with_default_values"/>
    <testcase time="0.088000000000001" classname="table_13" name="Table_13_generation_works_with_default_values">
      <skipped message="Reason: On CRAN ('test-table_13.R:8:3')"/>
    </testcase>
    <testcase time="0.0210000000000008" classname="table_13" name="Table_13_generation_works_with_custom_values"/>
    <testcase time="0.0679999999999978" classname="table_13" name="Table_13_generation_works_with_custom_values"/>
    <testcase time="0.170000000000002" classname="table_13" name="Table_13_generation_works_with_custom_values"/>
    <testcase time="0.0659999999999954" classname="table_13" name="Table_13_generation_works_with_custom_values">
      <skipped message="Reason: On CRAN ('test-table_13.R:38:3')"/>
    </testcase>
  </testsuite>
  <testsuite name="table_14" timestamp="2023-08-31T20:45:22Z" hostname="a4bd0bb5c4de" tests="10" skipped="3" failures="0" errors="0" time="2.644">
    <testcase time="0.0390000000000015" classname="table_14" name="Table_14_generation_works_with_default_values"/>
    <testcase time="0.630000000000003" classname="table_14" name="Table_14_generation_works_with_default_values"/>
    <testcase time="0.198" classname="table_14" name="Table_14_generation_works_with_default_values">
      <skipped message="Reason: On CRAN ('test-table_14.R:16:3')"/>
    </testcase>
    <testcase time="0.0210000000000008" classname="table_14" name="Table_14_generation_works_with_custom_values"/>
    <testcase time="0.0599999999999952" classname="table_14" name="Table_14_generation_works_with_custom_values"/>
    <testcase time="0.673999999999999" classname="table_14" name="Table_14_generation_works_with_custom_values"/>
    <testcase time="0.199000000000005" classname="table_14" name="Table_14_generation_works_with_custom_values">
      <skipped message="Reason: On CRAN ('test-table_14.R:46:3')"/>
    </testcase>
    <testcase time="0.019999999999996" classname="table_14" name="Table_14_generation_works_with_NA_values_pruned_rows"/>
    <testcase time="0.657000000000004" classname="table_14" name="Table_14_generation_works_with_NA_values_pruned_rows"/>
    <testcase time="0.146000000000001" classname="table_14" name="Table_14_generation_works_with_NA_values_pruned_rows">
      <skipped message="Reason: On CRAN ('test-table_14.R:53:3')"/>
    </testcase>
  </testsuite>
  <testsuite name="table_20" timestamp="2023-08-31T20:45:25Z" hostname="a4bd0bb5c4de" tests="18" skipped="3" failures="0" errors="0" time="2.396">
    <testcase time="0.0319999999999965" classname="table_20" name="Table_20_generation_works_with_default_values"/>
    <testcase time="0.00200000000000244" classname="table_20" name="Table_20_generation_works_with_default_values"/>
    <testcase time="0.00199999999999534" classname="table_20" name="Table_20_generation_works_with_default_values"/>
    <testcase time="0.0609999999999999" classname="table_20" name="Table_20_generation_works_with_default_values"/>
    <testcase time="0.460000000000001" classname="table_20" name="Table_20_generation_works_with_default_values"/>
    <testcase time="0.143000000000001" classname="table_20" name="Table_20_generation_works_with_default_values">
      <skipped message="Reason: On CRAN ('test-table_20.R:17:3')"/>
    </testcase>
    <testcase time="0.0219999999999985" classname="table_20" name="Table_20_generation_works_with_custom_values"/>
    <testcase time="0.00100000000000477" classname="table_20" name="Table_20_generation_works_with_custom_values"/>
    <testcase time="0.00199999999999534" classname="table_20" name="Table_20_generation_works_with_custom_values"/>
    <testcase time="0.0609999999999999" classname="table_20" name="Table_20_generation_works_with_custom_values"/>
    <testcase time="0.773000000000003" classname="table_20" name="Table_20_generation_works_with_custom_values"/>
    <testcase time="0.170999999999999" classname="table_20" name="Table_20_generation_works_with_custom_values">
      <skipped message="Reason: On CRAN ('test-table_20.R:65:3')"/>
    </testcase>
    <testcase time="0.0230000000000032" classname="table_20" name="Table_20_generation_works_with_missing_values_pruned_rows"/>
    <testcase time="0.00199999999999534" classname="table_20" name="Table_20_generation_works_with_missing_values_pruned_rows"/>
    <testcase time="0.00100000000000477" classname="table_20" name="Table_20_generation_works_with_missing_values_pruned_rows"/>
    <testcase time="0.0589999999999975" classname="table_20" name="Table_20_generation_works_with_missing_values_pruned_rows"/>
    <testcase time="0.469000000000001" classname="table_20" name="Table_20_generation_works_with_missing_values_pruned_rows"/>
    <testcase time="0.112000000000002" classname="table_20" name="Table_20_generation_works_with_missing_values_pruned_rows">
      <skipped message="Reason: On CRAN ('test-table_20.R:74:3')"/>
    </testcase>
  </testsuite>
  <testsuite name="table_21" timestamp="2023-08-31T20:45:27Z" hostname="a4bd0bb5c4de" tests="10" skipped="2" failures="0" errors="0" time="1.94">
    <testcase time="0.0829999999999984" classname="table_21" name="Table_21_generation_works_with_default_values"/>
    <testcase time="0.00199999999999534" classname="table_21" name="Table_21_generation_works_with_default_values"/>
    <testcase time="0.0800000000000054" classname="table_21" name="Table_21_generation_works_with_default_values"/>
    <testcase time="0.678999999999995" classname="table_21" name="Table_21_generation_works_with_default_values"/>
    <testcase time="0.154000000000003" classname="table_21" name="Table_21_generation_works_with_default_values">
      <skipped message="Reason: On CRAN ('test-table_21.R:19:3')"/>
    </testcase>
    <testcase time="0.0229999999999961" classname="table_21" name="Table_21_generation_works_with_custom_values"/>
    <testcase time="0.00200000000000244" classname="table_21" name="Table_21_generation_works_with_custom_values"/>
    <testcase time="0.0670000000000002" classname="table_21" name="Table_21_generation_works_with_custom_values"/>
    <testcase time="0.710000000000001" classname="table_21" name="Table_21_generation_works_with_custom_values"/>
    <testcase time="0.140000000000001" classname="table_21" name="Table_21_generation_works_with_custom_values">
      <skipped message="Reason: On CRAN ('test-table_21.R:47:3')"/>
    </testcase>
  </testsuite>
  <testsuite name="table_32" timestamp="2023-08-31T20:45:29Z" hostname="a4bd0bb5c4de" tests="12" skipped="3" failures="0" errors="0" time="1.019">
    <testcase time="0.0300000000000011" classname="table_32" name="Table_32_generation_works_with_default_values"/>
    <testcase time="0.0719999999999956" classname="table_32" name="Table_32_generation_works_with_default_values"/>
    <testcase time="0.167999999999999" classname="table_32" name="Table_32_generation_works_with_default_values"/>
    <testcase time="0.0660000000000025" classname="table_32" name="Table_32_generation_works_with_default_values">
      <skipped message="Reason: On CRAN ('test-table_32.R:8:3')"/>
    </testcase>
    <testcase time="0.0240000000000009" classname="table_32" name="Table_32_generation_works_with_custom_values"/>
    <testcase time="0.0700000000000003" classname="table_32" name="Table_32_generation_works_with_custom_values"/>
    <testcase time="0.200000000000003" classname="table_32" name="Table_32_generation_works_with_custom_values"/>
    <testcase time="0.0829999999999984" classname="table_32" name="Table_32_generation_works_with_custom_values">
      <skipped message="Reason: On CRAN ('test-table_32.R:30:3')"/>
    </testcase>
    <testcase time="0.0219999999999985" classname="table_32" name="Table_32_generation_works_with_pruned_rows"/>
    <testcase time="0.070999999999998" classname="table_32" name="Table_32_generation_works_with_pruned_rows"/>
    <testcase time="0.164999999999999" classname="table_32" name="Table_32_generation_works_with_pruned_rows"/>
    <testcase time="0.0480000000000018" classname="table_32" name="Table_32_generation_works_with_pruned_rows">
      <skipped message="Reason: On CRAN ('test-table_32.R:37:3')"/>
    </testcase>
  </testsuite>
  <testsuite name="table_33" timestamp="2023-08-31T20:45:30Z" hostname="a4bd0bb5c4de" tests="12" skipped="3" failures="0" errors="0" time="1.933">
    <testcase time="0.0290000000000035" classname="table_33" name="Table_33_generation_works_with_default_values"/>
    <testcase time="0.437999999999995" classname="table_33" name="Table_33_generation_works_with_default_values"/>
    <testcase time="0.127000000000002" classname="table_33" name="Table_33_generation_works_with_default_values"/>
    <testcase time="0.0510000000000019" classname="table_33" name="Table_33_generation_works_with_default_values">
      <skipped message="Reason: On CRAN ('test-table_33.R:8:3')"/>
    </testcase>
    <testcase time="0.0210000000000008" classname="table_33" name="Table_33_generation_works_with_custom_values"/>
    <testcase time="0.427" classname="table_33" name="Table_33_generation_works_with_custom_values"/>
    <testcase time="0.156999999999996" classname="table_33" name="Table_33_generation_works_with_custom_values"/>
    <testcase time="0.0559999999999974" classname="table_33" name="Table_33_generation_works_with_custom_values">
      <skipped message="Reason: On CRAN ('test-table_33.R:34:3')"/>
    </testcase>
    <testcase time="0.0230000000000032" classname="table_33" name="Table_33_generation_works_with_pruned_rows"/>
    <testcase time="0.412999999999997" classname="table_33" name="Table_33_generation_works_with_pruned_rows"/>
    <testcase time="0.148000000000003" classname="table_33" name="Table_33_generation_works_with_pruned_rows"/>
    <testcase time="0.0429999999999993" classname="table_33" name="Table_33_generation_works_with_pruned_rows">
      <skipped message="Reason: On CRAN ('test-table_33.R:42:3')"/>
    </testcase>
  </testsuite>
</testsuites>
