<?xml version="1.0" encoding="UTF-8"?>
<testsuites>
  <testsuite name="table_02" timestamp="2023-09-28T20:25:56Z" hostname="c7eeae2f7337" tests="33" skipped="10" failures="0" errors="0" time="20.244">
    <testcase time="0.0979999999999999" classname="table_02" name="Table_02_generation_works_with_default_values"/>
    <testcase time="0.133" classname="table_02" name="Table_02_generation_works_with_default_values"/>
    <testcase time="0.626" classname="table_02" name="Table_02_generation_works_with_default_values"/>
    <testcase time="0.308999999999999" classname="table_02" name="Table_02_generation_works_with_default_values">
      <skipped message="Reason: On CRAN ('test-table_02.R:16:3')"/>
    </testcase>
    <testcase time="0.0830000000000002" classname="table_02" name="Table_02_generation_works_with_custom_values"/>
    <testcase time="0.0659999999999998" classname="table_02" name="Table_02_generation_works_with_custom_values"/>
    <testcase time="0.519" classname="table_02" name="Table_02_generation_works_with_custom_values"/>
    <testcase time="0.345000000000001" classname="table_02" name="Table_02_generation_works_with_custom_values">
      <skipped message="Reason: On CRAN ('test-table_02.R:45:3')"/>
    </testcase>
    <testcase time="0.077" classname="table_02" name="Table_02_generation_works_with_some_NA_values"/>
    <testcase time="0.0679999999999996" classname="table_02" name="Table_02_generation_works_with_some_NA_values"/>
    <testcase time="0.107" classname="table_02" name="Table_02_generation_works_with_some_NA_values"/>
    <testcase time="0.0729999999999995" classname="table_02" name="Table_02_generation_works_with_some_NA_values">
      <skipped message="Reason: On CRAN ('test-table_02.R:57:3')"/>
    </testcase>
    <testcase time="0.0230000000000006" classname="table_02" name="Table_02_generation_tplyr_works_with_default_values"/>
    <testcase time="2.525" classname="table_02" name="Table_02_generation_tplyr_works_with_default_values"/>
    <testcase time="0.048" classname="table_02" name="Table_02_generation_tplyr_works_with_default_values">
      <skipped message="Reason: On CRAN ('test-table_02.R:66:3')"/>
    </testcase>
    <testcase time="0.020999999999999" classname="table_02" name="Table_02_generation_tplyr_works_with_tplyr_raw_TRUE"/>
    <testcase time="1.586" classname="table_02" name="Table_02_generation_tplyr_works_with_tplyr_raw_TRUE"/>
    <testcase time="0.0310000000000006" classname="table_02" name="Table_02_generation_tplyr_works_with_tplyr_raw_TRUE">
      <skipped message="Reason: On CRAN ('test-table_02.R:75:3')"/>
    </testcase>
    <testcase time="0.0589999999999993" classname="table_02" name="Table_02_generation_tplyr_works_with_custom_values"/>
    <testcase time="2.435" classname="table_02" name="Table_02_generation_tplyr_works_with_custom_values"/>
    <testcase time="0.032" classname="table_02" name="Table_02_generation_tplyr_works_with_custom_values">
      <skipped message="Reason: On CRAN ('test-table_02.R:102:3')"/>
    </testcase>
    <testcase time="0.0499999999999989" classname="table_02" name="Table_02_generation_tplyr_works_with_some_NA_values"/>
    <testcase time="0.992000000000001" classname="table_02" name="Table_02_generation_tplyr_works_with_some_NA_values"/>
    <testcase time="0.0299999999999994" classname="table_02" name="Table_02_generation_tplyr_works_with_some_NA_values">
      <skipped message="Reason: On CRAN ('test-table_02.R:119:3')"/>
    </testcase>
    <testcase time="0.0220000000000002" classname="table_02" name="Table_02_generation_gt_works_with_default_values"/>
    <testcase time="3.995" classname="table_02" name="Table_02_generation_gt_works_with_default_values"/>
    <testcase time="0.0169999999999995" classname="table_02" name="Table_02_generation_gt_works_with_default_values">
      <skipped message="Reason: On CRAN ('test-table_02.R:128:3')"/>
    </testcase>
    <testcase time="0.0659999999999989" classname="table_02" name="Table_02_generation_gt_works_with_custom_values"/>
    <testcase time="4.469" classname="table_02" name="Table_02_generation_gt_works_with_custom_values"/>
    <testcase time="0.00799999999999912" classname="table_02" name="Table_02_generation_gt_works_with_custom_values">
      <skipped message="Reason: On CRAN ('test-table_02.R:146:3')"/>
    </testcase>
    <testcase time="0.0570000000000022" classname="table_02" name="Table_02_generation_gt_works_with_some_NA_values"/>
    <testcase time="1.266" classname="table_02" name="Table_02_generation_gt_works_with_some_NA_values"/>
    <testcase time="0.00799999999999912" classname="table_02" name="Table_02_generation_gt_works_with_some_NA_values">
      <skipped message="Reason: On CRAN ('test-table_02.R:163:3')"/>
    </testcase>
  </testsuite>
  <testsuite name="table_04" timestamp="2023-09-28T20:26:16Z" hostname="c7eeae2f7337" tests="12" skipped="2" failures="0" errors="0" time="1.387">
    <testcase time="0.054000000000002" classname="table_04" name="Table_04_generation_works_with_default_values"/>
    <testcase time="0.00199999999999889" classname="table_04" name="Table_04_generation_works_with_default_values"/>
    <testcase time="0.00199999999999889" classname="table_04" name="Table_04_generation_works_with_default_values"/>
    <testcase time="0.00100000000000122" classname="table_04" name="Table_04_generation_works_with_default_values"/>
    <testcase time="0.567" classname="table_04" name="Table_04_generation_works_with_default_values"/>
    <testcase time="0.149000000000001" classname="table_04" name="Table_04_generation_works_with_default_values">
      <skipped message="Reason: On CRAN ('test-table_04.R:18:3')"/>
    </testcase>
    <testcase time="0.0210000000000008" classname="table_04" name="Table_04_generation_works_with_custom_values"/>
    <testcase time="0.00199999999999889" classname="table_04" name="Table_04_generation_works_with_custom_values"/>
    <testcase time="0.00100000000000122" classname="table_04" name="Table_04_generation_works_with_custom_values"/>
    <testcase time="0.00199999999999889" classname="table_04" name="Table_04_generation_works_with_custom_values"/>
    <testcase time="0.459" classname="table_04" name="Table_04_generation_works_with_custom_values"/>
    <testcase time="0.126999999999999" classname="table_04" name="Table_04_generation_works_with_custom_values">
      <skipped message="Reason: On CRAN ('test-table_04.R:44:3')"/>
    </testcase>
  </testsuite>
  <testsuite name="table_05" timestamp="2023-09-28T20:26:18Z" hostname="c7eeae2f7337" tests="9" skipped="3" failures="0" errors="0" time="1.601">
    <testcase time="0.25" classname="table_05" name="Table_05_generation_works_with_default_values"/>
    <testcase time="0.298000000000002" classname="table_05" name="Table_05_generation_works_with_default_values"/>
    <testcase time="0.111999999999998" classname="table_05" name="Table_05_generation_works_with_default_values">
      <skipped message="Reason: On CRAN ('test-table_05.R:10:3')"/>
    </testcase>
    <testcase time="0.0210000000000008" classname="table_05" name="Table_05_generation_works_with_custom_values"/>
    <testcase time="0.399999999999999" classname="table_05" name="Table_05_generation_works_with_custom_values"/>
    <testcase time="0.125" classname="table_05" name="Table_05_generation_works_with_custom_values">
      <skipped message="Reason: On CRAN ('test-table_05.R:34:3')"/>
    </testcase>
    <testcase time="0.0240000000000009" classname="table_05" name="Table_05_generation_works_with_NA_values_pruned_rows"/>
    <testcase time="0.257000000000001" classname="table_05" name="Table_05_generation_works_with_NA_values_pruned_rows"/>
    <testcase time="0.114000000000001" classname="table_05" name="Table_05_generation_works_with_NA_values_pruned_rows">
      <skipped message="Reason: On CRAN ('test-table_05.R:44:3')"/>
    </testcase>
  </testsuite>
  <testsuite name="table_06" timestamp="2023-09-28T20:26:19Z" hostname="c7eeae2f7337" tests="10" skipped="2" failures="0" errors="0" time="1.914">
    <testcase time="0.0279999999999987" classname="table_06" name="Table_06_generation_works_with_default_values"/>
    <testcase time="0.00199999999999889" classname="table_06" name="Table_06_generation_works_with_default_values"/>
    <testcase time="0.0719999999999992" classname="table_06" name="Table_06_generation_works_with_default_values"/>
    <testcase time="0.615000000000002" classname="table_06" name="Table_06_generation_works_with_default_values"/>
    <testcase time="0.140999999999998" classname="table_06" name="Table_06_generation_works_with_default_values">
      <skipped message="Reason: On CRAN ('test-table_06.R:8:3')"/>
    </testcase>
    <testcase time="0.0229999999999997" classname="table_06" name="Table_06_generation_works_with_custom_values"/>
    <testcase time="0.00200000000000244" classname="table_06" name="Table_06_generation_works_with_custom_values"/>
    <testcase time="0.0790000000000006" classname="table_06" name="Table_06_generation_works_with_custom_values"/>
    <testcase time="0.759" classname="table_06" name="Table_06_generation_works_with_custom_values"/>
    <testcase time="0.192999999999998" classname="table_06" name="Table_06_generation_works_with_custom_values">
      <skipped message="Reason: On CRAN ('test-table_06.R:40:3')"/>
    </testcase>
  </testsuite>
  <testsuite name="table_07" timestamp="2023-09-28T20:26:21Z" hostname="c7eeae2f7337" tests="18" skipped="3" failures="0" errors="0" time="2.504">
    <testcase time="0.032" classname="table_07" name="Table_07_generation_works_with_default_values"/>
    <testcase time="0.00100000000000122" classname="table_07" name="Table_07_generation_works_with_default_values"/>
    <testcase time="0.000999999999997669" classname="table_07" name="Table_07_generation_works_with_default_values"/>
    <testcase time="0.0530000000000008" classname="table_07" name="Table_07_generation_works_with_default_values"/>
    <testcase time="0.498999999999999" classname="table_07" name="Table_07_generation_works_with_default_values"/>
    <testcase time="0.173999999999999" classname="table_07" name="Table_07_generation_works_with_default_values">
      <skipped message="Reason: On CRAN ('test-table_07.R:13:3')"/>
    </testcase>
    <testcase time="0.0210000000000008" classname="table_07" name="Table_07_generation_works_with_custom_values"/>
    <testcase time="0.00199999999999889" classname="table_07" name="Table_07_generation_works_with_custom_values"/>
    <testcase time="0.00200000000000244" classname="table_07" name="Table_07_generation_works_with_custom_values"/>
    <testcase time="0.0530000000000008" classname="table_07" name="Table_07_generation_works_with_custom_values"/>
    <testcase time="0.720999999999997" classname="table_07" name="Table_07_generation_works_with_custom_values"/>
    <testcase time="0.228000000000002" classname="table_07" name="Table_07_generation_works_with_custom_values">
      <skipped message="Reason: On CRAN ('test-table_07.R:42:3')"/>
    </testcase>
    <testcase time="0.0219999999999985" classname="table_07" name="Table_07_generation_works_with_NA_values_pruned_rows"/>
    <testcase time="0.00200000000000244" classname="table_07" name="Table_07_generation_works_with_NA_values_pruned_rows"/>
    <testcase time="0.000999999999997669" classname="table_07" name="Table_07_generation_works_with_NA_values_pruned_rows"/>
    <testcase time="0.054000000000002" classname="table_07" name="Table_07_generation_works_with_NA_values_pruned_rows"/>
    <testcase time="0.465" classname="table_07" name="Table_07_generation_works_with_NA_values_pruned_rows"/>
    <testcase time="0.172999999999998" classname="table_07" name="Table_07_generation_works_with_NA_values_pruned_rows">
      <skipped message="Reason: On CRAN ('test-table_07.R:52:3')"/>
    </testcase>
  </testsuite>
  <testsuite name="table_08" timestamp="2023-09-28T20:26:24Z" hostname="c7eeae2f7337" tests="8" skipped="2" failures="0" errors="0" time="0.588">
    <testcase time="0.0300000000000011" classname="table_08" name="Table_08_generation_works_with_default_values"/>
    <testcase time="0.000999999999997669" classname="table_08" name="Table_08_generation_works_with_default_values"/>
    <testcase time="0.0650000000000013" classname="table_08" name="Table_08_generation_works_with_default_values"/>
    <testcase time="0.178999999999998" classname="table_08" name="Table_08_generation_works_with_default_values">
      <skipped message="Reason: On CRAN ('test-table_08.R:10:3')"/>
    </testcase>
    <testcase time="0.0210000000000008" classname="table_08" name="Table_08_generation_works_with_custom_values"/>
    <testcase time="0.00100000000000122" classname="table_08" name="Table_08_generation_works_with_custom_values"/>
    <testcase time="0.0589999999999975" classname="table_08" name="Table_08_generation_works_with_custom_values"/>
    <testcase time="0.231999999999999" classname="table_08" name="Table_08_generation_works_with_custom_values">
      <skipped message="Reason: On CRAN ('test-table_08.R:31:3')"/>
    </testcase>
  </testsuite>
  <testsuite name="table_09" timestamp="2023-09-28T20:26:24Z" hostname="c7eeae2f7337" tests="8" skipped="2" failures="0" errors="0" time="1.308">
    <testcase time="0.0290000000000035" classname="table_09" name="Table_09_generation_works_with_default_values"/>
    <testcase time="0.0549999999999997" classname="table_09" name="Table_09_generation_works_with_default_values"/>
    <testcase time="0.43" classname="table_09" name="Table_09_generation_works_with_default_values"/>
    <testcase time="0.0889999999999986" classname="table_09" name="Table_09_generation_works_with_default_values">
      <skipped message="Reason: On CRAN ('test-table_09.R:8:3')"/>
    </testcase>
    <testcase time="0.0210000000000008" classname="table_09" name="Table_09_generation_works_with_custom_values"/>
    <testcase time="0.0609999999999999" classname="table_09" name="Table_09_generation_works_with_custom_values"/>
    <testcase time="0.516999999999996" classname="table_09" name="Table_09_generation_works_with_custom_values"/>
    <testcase time="0.106000000000002" classname="table_09" name="Table_09_generation_works_with_custom_values">
      <skipped message="Reason: On CRAN ('test-table_09.R:39:3')"/>
    </testcase>
  </testsuite>
  <testsuite name="table_10" timestamp="2023-09-28T20:26:26Z" hostname="c7eeae2f7337" tests="10" skipped="2" failures="0" errors="0" time="1.404">
    <testcase time="0.0360000000000014" classname="table_10" name="Table_10_generation_works_with_default_values"/>
    <testcase time="0.000999999999997669" classname="table_10" name="Table_10_generation_works_with_default_values"/>
    <testcase time="0.0660000000000025" classname="table_10" name="Table_10_generation_works_with_default_values"/>
    <testcase time="0.494999999999997" classname="table_10" name="Table_10_generation_works_with_default_values"/>
    <testcase time="0.170000000000002" classname="table_10" name="Table_10_generation_works_with_default_values">
      <skipped message="Reason: On CRAN ('test-table_10.R:17:3')"/>
    </testcase>
    <testcase time="0.0210000000000008" classname="table_10" name="Table_10_generation_works_with_custom_values"/>
    <testcase time="0.00200000000000244" classname="table_10" name="Table_10_generation_works_with_custom_values"/>
    <testcase time="0.0489999999999995" classname="table_10" name="Table_10_generation_works_with_custom_values"/>
    <testcase time="0.484999999999999" classname="table_10" name="Table_10_generation_works_with_custom_values"/>
    <testcase time="0.0790000000000006" classname="table_10" name="Table_10_generation_works_with_custom_values">
      <skipped message="Reason: On CRAN ('test-table_10.R:52:3')"/>
    </testcase>
  </testsuite>
  <testsuite name="table_11" timestamp="2023-09-28T20:26:27Z" hostname="c7eeae2f7337" tests="8" skipped="2" failures="0" errors="0" time="2.106">
    <testcase time="0.0339999999999989" classname="table_11" name="Table_11_generation_works_with_default_values"/>
    <testcase time="0.0640000000000001" classname="table_11" name="Table_11_generation_works_with_default_values"/>
    <testcase time="0.833999999999996" classname="table_11" name="Table_11_generation_works_with_default_values"/>
    <testcase time="0.197000000000003" classname="table_11" name="Table_11_generation_works_with_default_values">
      <skipped message="Reason: On CRAN ('test-table_11.R:18:3')"/>
    </testcase>
    <testcase time="0.0219999999999985" classname="table_11" name="Table_11_generation_works_with_custom_values"/>
    <testcase time="0.0609999999999999" classname="table_11" name="Table_11_generation_works_with_custom_values"/>
    <testcase time="0.802" classname="table_11" name="Table_11_generation_works_with_custom_values"/>
    <testcase time="0.0920000000000059" classname="table_11" name="Table_11_generation_works_with_custom_values">
      <skipped message="Reason: On CRAN ('test-table_11.R:48:3')"/>
    </testcase>
  </testsuite>
  <testsuite name="table_12" timestamp="2023-09-28T20:26:29Z" hostname="c7eeae2f7337" tests="8" skipped="2" failures="0" errors="0" time="2.847">
    <testcase time="0.0309999999999988" classname="table_12" name="Table_12_generation_works_with_default_values"/>
    <testcase time="0.0799999999999983" classname="table_12" name="Table_12_generation_works_with_default_values"/>
    <testcase time="1.114" classname="table_12" name="Table_12_generation_works_with_default_values"/>
    <testcase time="0.157000000000004" classname="table_12" name="Table_12_generation_works_with_default_values">
      <skipped message="Reason: On CRAN ('test-table_12.R:9:3')"/>
    </testcase>
    <testcase time="0.0210000000000008" classname="table_12" name="Table_12_generation_works_with_custom_values"/>
    <testcase time="0.0730000000000004" classname="table_12" name="Table_12_generation_works_with_custom_values"/>
    <testcase time="1.197" classname="table_12" name="Table_12_generation_works_with_custom_values"/>
    <testcase time="0.173999999999999" classname="table_12" name="Table_12_generation_works_with_custom_values">
      <skipped message="Reason: On CRAN ('test-table_12.R:39:3')"/>
    </testcase>
  </testsuite>
  <testsuite name="table_13" timestamp="2023-09-28T20:26:32Z" hostname="c7eeae2f7337" tests="8" skipped="2" failures="0" errors="0" time="0.735">
    <testcase time="0.027000000000001" classname="table_13" name="Table_13_generation_works_with_default_values"/>
    <testcase time="0.0620000000000047" classname="table_13" name="Table_13_generation_works_with_default_values"/>
    <testcase time="0.178999999999995" classname="table_13" name="Table_13_generation_works_with_default_values"/>
    <testcase time="0.0960000000000036" classname="table_13" name="Table_13_generation_works_with_default_values">
      <skipped message="Reason: On CRAN ('test-table_13.R:8:3')"/>
    </testcase>
    <testcase time="0.0229999999999961" classname="table_13" name="Table_13_generation_works_with_custom_values"/>
    <testcase time="0.0609999999999999" classname="table_13" name="Table_13_generation_works_with_custom_values"/>
    <testcase time="0.213000000000001" classname="table_13" name="Table_13_generation_works_with_custom_values"/>
    <testcase time="0.0739999999999981" classname="table_13" name="Table_13_generation_works_with_custom_values">
      <skipped message="Reason: On CRAN ('test-table_13.R:38:3')"/>
    </testcase>
  </testsuite>
  <testsuite name="table_14" timestamp="2023-09-28T20:26:33Z" hostname="c7eeae2f7337" tests="10" skipped="3" failures="0" errors="0" time="3.528">
    <testcase time="0.0390000000000015" classname="table_14" name="Table_14_generation_works_with_default_values"/>
    <testcase time="0.838000000000001" classname="table_14" name="Table_14_generation_works_with_default_values"/>
    <testcase time="0.224000000000004" classname="table_14" name="Table_14_generation_works_with_default_values">
      <skipped message="Reason: On CRAN ('test-table_14.R:16:3')"/>
    </testcase>
    <testcase time="0.029999999999994" classname="table_14" name="Table_14_generation_works_with_custom_values"/>
    <testcase time="0.0630000000000024" classname="table_14" name="Table_14_generation_works_with_custom_values"/>
    <testcase time="0.872999999999998" classname="table_14" name="Table_14_generation_works_with_custom_values"/>
    <testcase time="0.214000000000006" classname="table_14" name="Table_14_generation_works_with_custom_values">
      <skipped message="Reason: On CRAN ('test-table_14.R:46:3')"/>
    </testcase>
    <testcase time="0.0219999999999985" classname="table_14" name="Table_14_generation_works_with_NA_values_pruned_rows"/>
    <testcase time="1.075" classname="table_14" name="Table_14_generation_works_with_NA_values_pruned_rows"/>
    <testcase time="0.150000000000006" classname="table_14" name="Table_14_generation_works_with_NA_values_pruned_rows">
      <skipped message="Reason: On CRAN ('test-table_14.R:53:3')"/>
    </testcase>
  </testsuite>
  <testsuite name="table_20" timestamp="2023-09-28T20:26:36Z" hostname="c7eeae2f7337" tests="18" skipped="3" failures="0" errors="0" time="2.594">
    <testcase time="0.0319999999999965" classname="table_20" name="Table_20_generation_works_with_default_values"/>
    <testcase time="0.000999999999997669" classname="table_20" name="Table_20_generation_works_with_default_values"/>
    <testcase time="0.00200000000000244" classname="table_20" name="Table_20_generation_works_with_default_values"/>
    <testcase time="0.0570000000000022" classname="table_20" name="Table_20_generation_works_with_default_values"/>
    <testcase time="0.543999999999997" classname="table_20" name="Table_20_generation_works_with_default_values"/>
    <testcase time="0.125" classname="table_20" name="Table_20_generation_works_with_default_values">
      <skipped message="Reason: On CRAN ('test-table_20.R:17:3')"/>
    </testcase>
    <testcase time="0.0210000000000008" classname="table_20" name="Table_20_generation_works_with_custom_values"/>
    <testcase time="0.00200000000000244" classname="table_20" name="Table_20_generation_works_with_custom_values"/>
    <testcase time="0.000999999999997669" classname="table_20" name="Table_20_generation_works_with_custom_values"/>
    <testcase time="0.0589999999999975" classname="table_20" name="Table_20_generation_works_with_custom_values"/>
    <testcase time="0.826000000000001" classname="table_20" name="Table_20_generation_works_with_custom_values"/>
    <testcase time="0.159000000000006" classname="table_20" name="Table_20_generation_works_with_custom_values">
      <skipped message="Reason: On CRAN ('test-table_20.R:65:3')"/>
    </testcase>
    <testcase time="0.0209999999999937" classname="table_20" name="Table_20_generation_works_with_missing_values_pruned_rows"/>
    <testcase time="0.00100000000000477" classname="table_20" name="Table_20_generation_works_with_missing_values_pruned_rows"/>
    <testcase time="0.00199999999999534" classname="table_20" name="Table_20_generation_works_with_missing_values_pruned_rows"/>
    <testcase time="0.0690000000000026" classname="table_20" name="Table_20_generation_works_with_missing_values_pruned_rows"/>
    <testcase time="0.554000000000002" classname="table_20" name="Table_20_generation_works_with_missing_values_pruned_rows"/>
    <testcase time="0.117999999999995" classname="table_20" name="Table_20_generation_works_with_missing_values_pruned_rows">
      <skipped message="Reason: On CRAN ('test-table_20.R:74:3')"/>
    </testcase>
  </testsuite>
  <testsuite name="table_21" timestamp="2023-09-28T20:26:39Z" hostname="c7eeae2f7337" tests="19" skipped="4" failures="0" errors="0" time="3.312">
    <testcase time="0.0910000000000011" classname="table_21" name="Table_21_generation_works_with_default_values"/>
    <testcase time="0.00200000000000244" classname="table_21" name="Table_21_generation_works_with_default_values"/>
    <testcase time="0.729999999999997" classname="table_21" name="Table_21_generation_works_with_default_values"/>
    <testcase time="0.142000000000003" classname="table_21" name="Table_21_generation_works_with_default_values">
      <skipped message="Reason: On CRAN ('test-table_21.R:22:3')"/>
    </testcase>
    <testcase time="0.0210000000000008" classname="table_21" name="Table_21_generation_works_with_custom_values_N_s_denominator_and_overall_column"/>
    <testcase time="0.000999999999997669" classname="table_21" name="Table_21_generation_works_with_custom_values_N_s_denominator_and_overall_column"/>
    <testcase time="0.0990000000000038" classname="table_21" name="Table_21_generation_works_with_custom_values_N_s_denominator_and_overall_column"/>
    <testcase time="0.890999999999998" classname="table_21" name="Table_21_generation_works_with_custom_values_N_s_denominator_and_overall_column"/>
    <testcase time="0.158000000000001" classname="table_21" name="Table_21_generation_works_with_custom_values_N_s_denominator_and_overall_column">
      <skipped message="Reason: On CRAN ('test-table_21.R:34:3')"/>
    </testcase>
    <testcase time="0.0210000000000008" classname="table_21" name="Table_21_generation_works_with_custom_values_N_col_denominator_and_no_overall_column"/>
    <testcase time="0.00199999999999534" classname="table_21" name="Table_21_generation_works_with_custom_values_N_col_denominator_and_no_overall_column"/>
    <testcase time="0.0630000000000024" classname="table_21" name="Table_21_generation_works_with_custom_values_N_col_denominator_and_no_overall_column"/>
    <testcase time="0.387999999999998" classname="table_21" name="Table_21_generation_works_with_custom_values_N_col_denominator_and_no_overall_column"/>
    <testcase time="0.131" classname="table_21" name="Table_21_generation_works_with_custom_values_N_col_denominator_and_no_overall_column">
      <skipped message="Reason: On CRAN ('test-table_21.R:62:3')"/>
    </testcase>
    <testcase time="0.0799999999999983" classname="table_21" name="Table_21_generation_works_with_some_NA_values"/>
    <testcase time="0.00200000000000244" classname="table_21" name="Table_21_generation_works_with_some_NA_values"/>
    <testcase time="0.0870000000000033" classname="table_21" name="Table_21_generation_works_with_some_NA_values"/>
    <testcase time="0.311999999999998" classname="table_21" name="Table_21_generation_works_with_some_NA_values"/>
    <testcase time="0.0910000000000011" classname="table_21" name="Table_21_generation_works_with_some_NA_values">
      <skipped message="Reason: On CRAN ('test-table_21.R:82:3')"/>
    </testcase>
  </testsuite>
  <testsuite name="table_32" timestamp="2023-09-28T20:26:42Z" hostname="c7eeae2f7337" tests="12" skipped="3" failures="0" errors="0" time="0.996">
    <testcase time="0.027000000000001" classname="table_32" name="Table_32_generation_works_with_default_values"/>
    <testcase time="0.0659999999999954" classname="table_32" name="Table_32_generation_works_with_default_values"/>
    <testcase time="0.167999999999999" classname="table_32" name="Table_32_generation_works_with_default_values"/>
    <testcase time="0.0630000000000024" classname="table_32" name="Table_32_generation_works_with_default_values">
      <skipped message="Reason: On CRAN ('test-table_32.R:8:3')"/>
    </testcase>
    <testcase time="0.0210000000000008" classname="table_32" name="Table_32_generation_works_with_custom_values"/>
    <testcase time="0.0649999999999977" classname="table_32" name="Table_32_generation_works_with_custom_values"/>
    <testcase time="0.210000000000001" classname="table_32" name="Table_32_generation_works_with_custom_values"/>
    <testcase time="0.0750000000000028" classname="table_32" name="Table_32_generation_works_with_custom_values">
      <skipped message="Reason: On CRAN ('test-table_32.R:30:3')"/>
    </testcase>
    <testcase time="0.0210000000000008" classname="table_32" name="Table_32_generation_works_with_pruned_rows"/>
    <testcase time="0.0670000000000002" classname="table_32" name="Table_32_generation_works_with_pruned_rows"/>
    <testcase time="0.167999999999999" classname="table_32" name="Table_32_generation_works_with_pruned_rows"/>
    <testcase time="0.0450000000000017" classname="table_32" name="Table_32_generation_works_with_pruned_rows">
      <skipped message="Reason: On CRAN ('test-table_32.R:37:3')"/>
    </testcase>
  </testsuite>
  <testsuite name="table_33" timestamp="2023-09-28T20:26:43Z" hostname="c7eeae2f7337" tests="12" skipped="3" failures="0" errors="0" time="1.888">
    <testcase time="0.0269999999999939" classname="table_33" name="Table_33_generation_works_with_default_values"/>
    <testcase time="0.427" classname="table_33" name="Table_33_generation_works_with_default_values"/>
    <testcase time="0.143000000000001" classname="table_33" name="Table_33_generation_works_with_default_values"/>
    <testcase time="0.044000000000004" classname="table_33" name="Table_33_generation_works_with_default_values">
      <skipped message="Reason: On CRAN ('test-table_33.R:8:3')"/>
    </testcase>
    <testcase time="0.019999999999996" classname="table_33" name="Table_33_generation_works_with_custom_values"/>
    <testcase time="0.393000000000001" classname="table_33" name="Table_33_generation_works_with_custom_values"/>
    <testcase time="0.170999999999999" classname="table_33" name="Table_33_generation_works_with_custom_values"/>
    <testcase time="0.0560000000000045" classname="table_33" name="Table_33_generation_works_with_custom_values">
      <skipped message="Reason: On CRAN ('test-table_33.R:34:3')"/>
    </testcase>
    <testcase time="0.0229999999999961" classname="table_33" name="Table_33_generation_works_with_pruned_rows"/>
    <testcase time="0.402999999999999" classname="table_33" name="Table_33_generation_works_with_pruned_rows"/>
    <testcase time="0.141000000000005" classname="table_33" name="Table_33_generation_works_with_pruned_rows"/>
    <testcase time="0.0399999999999991" classname="table_33" name="Table_33_generation_works_with_pruned_rows">
      <skipped message="Reason: On CRAN ('test-table_33.R:42:3')"/>
    </testcase>
  </testsuite>
  <testsuite name="table_34" timestamp="2023-09-28T20:26:45Z" hostname="c7eeae2f7337" tests="8" skipped="2" failures="0" errors="0" time="5.193">
    <testcase time="0.0339999999999989" classname="table_34" name="Table_34_generation_works_with_default_values"/>
    <testcase time="0.0529999999999973" classname="table_34" name="Table_34_generation_works_with_default_values"/>
    <testcase time="2.32100000000001" classname="table_34" name="Table_34_generation_works_with_default_values"/>
    <testcase time="0.292999999999999" classname="table_34" name="Table_34_generation_works_with_default_values">
      <skipped message="Reason: On CRAN ('test-table_34.R:17:3')"/>
    </testcase>
    <testcase time="0.0229999999999961" classname="table_34" name="Table_34_generation_works_with_custom_values"/>
    <testcase time="0.0600000000000023" classname="table_34" name="Table_34_generation_works_with_custom_values"/>
    <testcase time="2.287" classname="table_34" name="Table_34_generation_works_with_custom_values"/>
    <testcase time="0.122" classname="table_34" name="Table_34_generation_works_with_custom_values">
      <skipped message="Reason: On CRAN ('test-table_34.R:49:3')"/>
    </testcase>
  </testsuite>
</testsuites>
