<?xml version="1.0" encoding="UTF-8"?>
<testsuites>
  <testsuite name="table_02" timestamp="2023-08-31T21:37:03Z" hostname="960b7bf0fa67" tests="30" skipped="10" failures="0" errors="0" time="18.228">
    <testcase time="0.102" classname="table_02" name="Table_02_generation_works_with_default_values"/>
    <testcase time="0.721" classname="table_02" name="Table_02_generation_works_with_default_values"/>
    <testcase time="0.297" classname="table_02" name="Table_02_generation_works_with_default_values">
      <skipped message="Reason: On CRAN ('test-table_02.R:16:3')"/>
    </testcase>
    <testcase time="0.0910000000000002" classname="table_02" name="Table_02_generation_works_with_custom_values"/>
    <testcase time="0.543" classname="table_02" name="Table_02_generation_works_with_custom_values"/>
    <testcase time="0.321" classname="table_02" name="Table_02_generation_works_with_custom_values">
      <skipped message="Reason: On CRAN ('test-table_02.R:45:3')"/>
    </testcase>
    <testcase time="0.0750000000000002" classname="table_02" name="Table_02_generation_works_with_some_NA_values"/>
    <testcase time="0.127" classname="table_02" name="Table_02_generation_works_with_some_NA_values"/>
    <testcase time="0.0650000000000004" classname="table_02" name="Table_02_generation_works_with_some_NA_values">
      <skipped message="Reason: On CRAN ('test-table_02.R:57:3')"/>
    </testcase>
    <testcase time="0.0299999999999994" classname="table_02" name="Table_02_generation_tplyr_works_with_default_values"/>
    <testcase time="2.355" classname="table_02" name="Table_02_generation_tplyr_works_with_default_values"/>
    <testcase time="0.0449999999999999" classname="table_02" name="Table_02_generation_tplyr_works_with_default_values">
      <skipped message="Reason: On CRAN ('test-table_02.R:66:3')"/>
    </testcase>
    <testcase time="0.0199999999999996" classname="table_02" name="Table_02_generation_tplyr_works_with_tplyr_raw_TRUE"/>
    <testcase time="1.254" classname="table_02" name="Table_02_generation_tplyr_works_with_tplyr_raw_TRUE"/>
    <testcase time="0.0310000000000006" classname="table_02" name="Table_02_generation_tplyr_works_with_tplyr_raw_TRUE">
      <skipped message="Reason: On CRAN ('test-table_02.R:75:3')"/>
    </testcase>
    <testcase time="0.0599999999999987" classname="table_02" name="Table_02_generation_tplyr_works_with_custom_values"/>
    <testcase time="2.486" classname="table_02" name="Table_02_generation_tplyr_works_with_custom_values"/>
    <testcase time="0.0289999999999999" classname="table_02" name="Table_02_generation_tplyr_works_with_custom_values">
      <skipped message="Reason: On CRAN ('test-table_02.R:102:3')"/>
    </testcase>
    <testcase time="0.043000000000001" classname="table_02" name="Table_02_generation_tplyr_works_with_some_NA_values"/>
    <testcase time="0.859999999999999" classname="table_02" name="Table_02_generation_tplyr_works_with_some_NA_values"/>
    <testcase time="0.0269999999999992" classname="table_02" name="Table_02_generation_tplyr_works_with_some_NA_values">
      <skipped message="Reason: On CRAN ('test-table_02.R:119:3')"/>
    </testcase>
    <testcase time="0.0170000000000012" classname="table_02" name="Table_02_generation_gt_works_with_default_values"/>
    <testcase time="3.451" classname="table_02" name="Table_02_generation_gt_works_with_default_values"/>
    <testcase time="0.00600000000000023" classname="table_02" name="Table_02_generation_gt_works_with_default_values">
      <skipped message="Reason: On CRAN ('test-table_02.R:128:3')"/>
    </testcase>
    <testcase time="0.0609999999999999" classname="table_02" name="Table_02_generation_gt_works_with_custom_values"/>
    <testcase time="3.943" classname="table_02" name="Table_02_generation_gt_works_with_custom_values"/>
    <testcase time="0.0069999999999979" classname="table_02" name="Table_02_generation_gt_works_with_custom_values">
      <skipped message="Reason: On CRAN ('test-table_02.R:146:3')"/>
    </testcase>
    <testcase time="0.0450000000000017" classname="table_02" name="Table_02_generation_gt_works_with_some_NA_values"/>
    <testcase time="1.108" classname="table_02" name="Table_02_generation_gt_works_with_some_NA_values"/>
    <testcase time="0.00799999999999912" classname="table_02" name="Table_02_generation_gt_works_with_some_NA_values">
      <skipped message="Reason: On CRAN ('test-table_02.R:163:3')"/>
    </testcase>
  </testsuite>
  <testsuite name="table_04" timestamp="2023-08-31T21:37:21Z" hostname="960b7bf0fa67" tests="12" skipped="2" failures="0" errors="0" time="1.135">
    <testcase time="0.0440000000000005" classname="table_04" name="Table_04_generation_works_with_default_values"/>
    <testcase time="0.00100000000000122" classname="table_04" name="Table_04_generation_works_with_default_values"/>
    <testcase time="0.00199999999999889" classname="table_04" name="Table_04_generation_works_with_default_values"/>
    <testcase time="0.000999999999997669" classname="table_04" name="Table_04_generation_works_with_default_values"/>
    <testcase time="0.448" classname="table_04" name="Table_04_generation_works_with_default_values"/>
    <testcase time="0.130000000000003" classname="table_04" name="Table_04_generation_works_with_default_values">
      <skipped message="Reason: On CRAN ('test-table_04.R:18:3')"/>
    </testcase>
    <testcase time="0.0179999999999971" classname="table_04" name="Table_04_generation_works_with_custom_values"/>
    <testcase time="0.00200000000000244" classname="table_04" name="Table_04_generation_works_with_custom_values"/>
    <testcase time="0.000999999999997669" classname="table_04" name="Table_04_generation_works_with_custom_values"/>
    <testcase time="0.00100000000000122" classname="table_04" name="Table_04_generation_works_with_custom_values"/>
    <testcase time="0.376000000000001" classname="table_04" name="Table_04_generation_works_with_custom_values"/>
    <testcase time="0.111000000000001" classname="table_04" name="Table_04_generation_works_with_custom_values">
      <skipped message="Reason: On CRAN ('test-table_04.R:44:3')"/>
    </testcase>
  </testsuite>
  <testsuite name="table_05" timestamp="2023-08-31T21:37:22Z" hostname="960b7bf0fa67" tests="9" skipped="3" failures="0" errors="0" time="1.404">
    <testcase time="0.248999999999999" classname="table_05" name="Table_05_generation_works_with_default_values"/>
    <testcase time="0.268000000000001" classname="table_05" name="Table_05_generation_works_with_default_values"/>
    <testcase time="0.093" classname="table_05" name="Table_05_generation_works_with_default_values">
      <skipped message="Reason: On CRAN ('test-table_05.R:10:3')"/>
    </testcase>
    <testcase time="0.0209999999999972" classname="table_05" name="Table_05_generation_works_with_custom_values"/>
    <testcase time="0.322000000000003" classname="table_05" name="Table_05_generation_works_with_custom_values"/>
    <testcase time="0.116999999999997" classname="table_05" name="Table_05_generation_works_with_custom_values">
      <skipped message="Reason: On CRAN ('test-table_05.R:34:3')"/>
    </testcase>
    <testcase time="0.0200000000000031" classname="table_05" name="Table_05_generation_works_with_NA_values_pruned_rows"/>
    <testcase time="0.225999999999999" classname="table_05" name="Table_05_generation_works_with_NA_values_pruned_rows"/>
    <testcase time="0.088000000000001" classname="table_05" name="Table_05_generation_works_with_NA_values_pruned_rows">
      <skipped message="Reason: On CRAN ('test-table_05.R:44:3')"/>
    </testcase>
  </testsuite>
  <testsuite name="table_06" timestamp="2023-08-31T21:37:23Z" hostname="960b7bf0fa67" tests="10" skipped="2" failures="0" errors="0" time="1.572">
    <testcase time="0.0259999999999998" classname="table_06" name="Table_06_generation_works_with_default_values"/>
    <testcase time="0.000999999999997669" classname="table_06" name="Table_06_generation_works_with_default_values"/>
    <testcase time="0.0680000000000014" classname="table_06" name="Table_06_generation_works_with_default_values"/>
    <testcase time="0.452999999999999" classname="table_06" name="Table_06_generation_works_with_default_values"/>
    <testcase time="0.135999999999999" classname="table_06" name="Table_06_generation_works_with_default_values">
      <skipped message="Reason: On CRAN ('test-table_06.R:8:3')"/>
    </testcase>
    <testcase time="0.0180000000000007" classname="table_06" name="Table_06_generation_works_with_custom_values"/>
    <testcase time="0.00100000000000122" classname="table_06" name="Table_06_generation_works_with_custom_values"/>
    <testcase time="0.0640000000000001" classname="table_06" name="Table_06_generation_works_with_custom_values"/>
    <testcase time="0.603999999999999" classname="table_06" name="Table_06_generation_works_with_custom_values"/>
    <testcase time="0.201000000000001" classname="table_06" name="Table_06_generation_works_with_custom_values">
      <skipped message="Reason: On CRAN ('test-table_06.R:40:3')"/>
    </testcase>
  </testsuite>
  <testsuite name="table_07" timestamp="2023-08-31T21:37:25Z" hostname="960b7bf0fa67" tests="18" skipped="3" failures="0" errors="0" time="2.065">
    <testcase time="0.0309999999999988" classname="table_07" name="Table_07_generation_works_with_default_values"/>
    <testcase time="0.00100000000000122" classname="table_07" name="Table_07_generation_works_with_default_values"/>
    <testcase time="0.00199999999999889" classname="table_07" name="Table_07_generation_works_with_default_values"/>
    <testcase time="0.0510000000000019" classname="table_07" name="Table_07_generation_works_with_default_values"/>
    <testcase time="0.418999999999997" classname="table_07" name="Table_07_generation_works_with_default_values"/>
    <testcase time="0.143000000000001" classname="table_07" name="Table_07_generation_works_with_default_values">
      <skipped message="Reason: On CRAN ('test-table_07.R:13:3')"/>
    </testcase>
    <testcase time="0.0210000000000008" classname="table_07" name="Table_07_generation_works_with_custom_values"/>
    <testcase time="0.00100000000000122" classname="table_07" name="Table_07_generation_works_with_custom_values"/>
    <testcase time="0.000999999999997669" classname="table_07" name="Table_07_generation_works_with_custom_values"/>
    <testcase time="0.0500000000000007" classname="table_07" name="Table_07_generation_works_with_custom_values"/>
    <testcase time="0.558" classname="table_07" name="Table_07_generation_works_with_custom_values"/>
    <testcase time="0.199000000000002" classname="table_07" name="Table_07_generation_works_with_custom_values">
      <skipped message="Reason: On CRAN ('test-table_07.R:42:3')"/>
    </testcase>
    <testcase time="0.0199999999999996" classname="table_07" name="Table_07_generation_works_with_NA_values_pruned_rows"/>
    <testcase time="0.00199999999999889" classname="table_07" name="Table_07_generation_works_with_NA_values_pruned_rows"/>
    <testcase time="0.00100000000000122" classname="table_07" name="Table_07_generation_works_with_NA_values_pruned_rows"/>
    <testcase time="0.0489999999999995" classname="table_07" name="Table_07_generation_works_with_NA_values_pruned_rows"/>
    <testcase time="0.372" classname="table_07" name="Table_07_generation_works_with_NA_values_pruned_rows"/>
    <testcase time="0.143999999999998" classname="table_07" name="Table_07_generation_works_with_NA_values_pruned_rows">
      <skipped message="Reason: On CRAN ('test-table_07.R:52:3')"/>
    </testcase>
  </testsuite>
  <testsuite name="table_08" timestamp="2023-08-31T21:37:27Z" hostname="960b7bf0fa67" tests="8" skipped="2" failures="0" errors="0" time="0.518">
    <testcase time="0.0250000000000021" classname="table_08" name="Table_08_generation_works_with_default_values"/>
    <testcase time="0.00199999999999889" classname="table_08" name="Table_08_generation_works_with_default_values"/>
    <testcase time="0.0560000000000009" classname="table_08" name="Table_08_generation_works_with_default_values"/>
    <testcase time="0.145" classname="table_08" name="Table_08_generation_works_with_default_values">
      <skipped message="Reason: On CRAN ('test-table_08.R:10:3')"/>
    </testcase>
    <testcase time="0.0180000000000007" classname="table_08" name="Table_08_generation_works_with_custom_values"/>
    <testcase time="0.00199999999999889" classname="table_08" name="Table_08_generation_works_with_custom_values"/>
    <testcase time="0.0450000000000017" classname="table_08" name="Table_08_generation_works_with_custom_values"/>
    <testcase time="0.224999999999998" classname="table_08" name="Table_08_generation_works_with_custom_values">
      <skipped message="Reason: On CRAN ('test-table_08.R:31:3')"/>
    </testcase>
  </testsuite>
  <testsuite name="table_09" timestamp="2023-08-31T21:37:28Z" hostname="960b7bf0fa67" tests="8" skipped="2" failures="0" errors="0" time="1.066">
    <testcase time="0.0289999999999999" classname="table_09" name="Table_09_generation_works_with_default_values"/>
    <testcase time="0.0740000000000016" classname="table_09" name="Table_09_generation_works_with_default_values"/>
    <testcase time="0.329999999999998" classname="table_09" name="Table_09_generation_works_with_default_values"/>
    <testcase time="0.0770000000000017" classname="table_09" name="Table_09_generation_works_with_default_values">
      <skipped message="Reason: On CRAN ('test-table_09.R:8:3')"/>
    </testcase>
    <testcase time="0.0199999999999996" classname="table_09" name="Table_09_generation_works_with_custom_values"/>
    <testcase time="0.0519999999999996" classname="table_09" name="Table_09_generation_works_with_custom_values"/>
    <testcase time="0.391999999999999" classname="table_09" name="Table_09_generation_works_with_custom_values"/>
    <testcase time="0.0920000000000023" classname="table_09" name="Table_09_generation_works_with_custom_values">
      <skipped message="Reason: On CRAN ('test-table_09.R:39:3')"/>
    </testcase>
  </testsuite>
  <testsuite name="table_10" timestamp="2023-08-31T21:37:29Z" hostname="960b7bf0fa67" tests="10" skipped="2" failures="0" errors="0" time="1.218">
    <testcase time="0.0360000000000014" classname="table_10" name="Table_10_generation_works_with_default_values"/>
    <testcase time="0.00199999999999889" classname="table_10" name="Table_10_generation_works_with_default_values"/>
    <testcase time="0.0630000000000024" classname="table_10" name="Table_10_generation_works_with_default_values"/>
    <testcase time="0.396999999999998" classname="table_10" name="Table_10_generation_works_with_default_values"/>
    <testcase time="0.158000000000001" classname="table_10" name="Table_10_generation_works_with_default_values">
      <skipped message="Reason: On CRAN ('test-table_10.R:17:3')"/>
    </testcase>
    <testcase time="0.0189999999999984" classname="table_10" name="Table_10_generation_works_with_custom_values"/>
    <testcase time="0.00199999999999889" classname="table_10" name="Table_10_generation_works_with_custom_values"/>
    <testcase time="0.0430000000000028" classname="table_10" name="Table_10_generation_works_with_custom_values"/>
    <testcase time="0.427999999999997" classname="table_10" name="Table_10_generation_works_with_custom_values"/>
    <testcase time="0.0700000000000003" classname="table_10" name="Table_10_generation_works_with_custom_values">
      <skipped message="Reason: On CRAN ('test-table_10.R:52:3')"/>
    </testcase>
  </testsuite>
  <testsuite name="table_11" timestamp="2023-08-31T21:37:30Z" hostname="960b7bf0fa67" tests="8" skipped="2" failures="0" errors="0" time="1.696">
    <testcase time="0.0289999999999999" classname="table_11" name="Table_11_generation_works_with_default_values"/>
    <testcase time="0.0579999999999998" classname="table_11" name="Table_11_generation_works_with_default_values"/>
    <testcase time="0.659000000000002" classname="table_11" name="Table_11_generation_works_with_default_values"/>
    <testcase time="0.174999999999997" classname="table_11" name="Table_11_generation_works_with_default_values">
      <skipped message="Reason: On CRAN ('test-table_11.R:18:3')"/>
    </testcase>
    <testcase time="0.0310000000000024" classname="table_11" name="Table_11_generation_works_with_custom_values"/>
    <testcase time="0.0500000000000007" classname="table_11" name="Table_11_generation_works_with_custom_values"/>
    <testcase time="0.605" classname="table_11" name="Table_11_generation_works_with_custom_values"/>
    <testcase time="0.0889999999999986" classname="table_11" name="Table_11_generation_works_with_custom_values">
      <skipped message="Reason: On CRAN ('test-table_11.R:48:3')"/>
    </testcase>
  </testsuite>
  <testsuite name="table_12" timestamp="2023-08-31T21:37:31Z" hostname="960b7bf0fa67" tests="8" skipped="2" failures="0" errors="0" time="2.484">
    <testcase time="0.0249999999999986" classname="table_12" name="Table_12_generation_works_with_default_values"/>
    <testcase time="0.0579999999999998" classname="table_12" name="Table_12_generation_works_with_default_values"/>
    <testcase time="1.205" classname="table_12" name="Table_12_generation_works_with_default_values"/>
    <testcase time="0.138000000000005" classname="table_12" name="Table_12_generation_works_with_default_values">
      <skipped message="Reason: On CRAN ('test-table_12.R:9:3')"/>
    </testcase>
    <testcase time="0.0189999999999984" classname="table_12" name="Table_12_generation_works_with_custom_values"/>
    <testcase time="0.0579999999999998" classname="table_12" name="Table_12_generation_works_with_custom_values"/>
    <testcase time="0.853000000000002" classname="table_12" name="Table_12_generation_works_with_custom_values"/>
    <testcase time="0.128" classname="table_12" name="Table_12_generation_works_with_custom_values">
      <skipped message="Reason: On CRAN ('test-table_12.R:39:3')"/>
    </testcase>
  </testsuite>
  <testsuite name="table_13" timestamp="2023-08-31T21:37:34Z" hostname="960b7bf0fa67" tests="8" skipped="2" failures="0" errors="0" time="0.629">
    <testcase time="0.0229999999999961" classname="table_13" name="Table_13_generation_works_with_default_values"/>
    <testcase time="0.0530000000000044" classname="table_13" name="Table_13_generation_works_with_default_values"/>
    <testcase time="0.146999999999998" classname="table_13" name="Table_13_generation_works_with_default_values"/>
    <testcase time="0.0829999999999984" classname="table_13" name="Table_13_generation_works_with_default_values">
      <skipped message="Reason: On CRAN ('test-table_13.R:8:3')"/>
    </testcase>
    <testcase time="0.0200000000000031" classname="table_13" name="Table_13_generation_works_with_custom_values"/>
    <testcase time="0.070999999999998" classname="table_13" name="Table_13_generation_works_with_custom_values"/>
    <testcase time="0.165999999999997" classname="table_13" name="Table_13_generation_works_with_custom_values"/>
    <testcase time="0.0660000000000025" classname="table_13" name="Table_13_generation_works_with_custom_values">
      <skipped message="Reason: On CRAN ('test-table_13.R:38:3')"/>
    </testcase>
  </testsuite>
  <testsuite name="table_14" timestamp="2023-08-31T21:37:35Z" hostname="960b7bf0fa67" tests="10" skipped="3" failures="0" errors="0" time="2.51">
    <testcase time="0.0339999999999989" classname="table_14" name="Table_14_generation_works_with_default_values"/>
    <testcase time="0.609000000000002" classname="table_14" name="Table_14_generation_works_with_default_values"/>
    <testcase time="0.18" classname="table_14" name="Table_14_generation_works_with_default_values">
      <skipped message="Reason: On CRAN ('test-table_14.R:16:3')"/>
    </testcase>
    <testcase time="0.0200000000000031" classname="table_14" name="Table_14_generation_works_with_custom_values"/>
    <testcase time="0.0569999999999951" classname="table_14" name="Table_14_generation_works_with_custom_values"/>
    <testcase time="0.626000000000005" classname="table_14" name="Table_14_generation_works_with_custom_values"/>
    <testcase time="0.193999999999996" classname="table_14" name="Table_14_generation_works_with_custom_values">
      <skipped message="Reason: On CRAN ('test-table_14.R:46:3')"/>
    </testcase>
    <testcase time="0.0189999999999984" classname="table_14" name="Table_14_generation_works_with_NA_values_pruned_rows"/>
    <testcase time="0.615000000000002" classname="table_14" name="Table_14_generation_works_with_NA_values_pruned_rows"/>
    <testcase time="0.155999999999999" classname="table_14" name="Table_14_generation_works_with_NA_values_pruned_rows">
      <skipped message="Reason: On CRAN ('test-table_14.R:53:3')"/>
    </testcase>
  </testsuite>
  <testsuite name="table_20" timestamp="2023-08-31T21:37:37Z" hostname="960b7bf0fa67" tests="18" skipped="3" failures="0" errors="0" time="2.1">
    <testcase time="0.0330000000000013" classname="table_20" name="Table_20_generation_works_with_default_values"/>
    <testcase time="0.000999999999997669" classname="table_20" name="Table_20_generation_works_with_default_values"/>
    <testcase time="0.00100000000000477" classname="table_20" name="Table_20_generation_works_with_default_values"/>
    <testcase time="0.0549999999999997" classname="table_20" name="Table_20_generation_works_with_default_values"/>
    <testcase time="0.433999999999997" classname="table_20" name="Table_20_generation_works_with_default_values"/>
    <testcase time="0.128999999999998" classname="table_20" name="Table_20_generation_works_with_default_values">
      <skipped message="Reason: On CRAN ('test-table_20.R:17:3')"/>
    </testcase>
    <testcase time="0.0190000000000055" classname="table_20" name="Table_20_generation_works_with_custom_values"/>
    <testcase time="0.000999999999997669" classname="table_20" name="Table_20_generation_works_with_custom_values"/>
    <testcase time="0.00200000000000244" classname="table_20" name="Table_20_generation_works_with_custom_values"/>
    <testcase time="0.0489999999999995" classname="table_20" name="Table_20_generation_works_with_custom_values"/>
    <testcase time="0.628" classname="table_20" name="Table_20_generation_works_with_custom_values"/>
    <testcase time="0.149000000000001" classname="table_20" name="Table_20_generation_works_with_custom_values">
      <skipped message="Reason: On CRAN ('test-table_20.R:65:3')"/>
    </testcase>
    <testcase time="0.019999999999996" classname="table_20" name="Table_20_generation_works_with_missing_values_pruned_rows"/>
    <testcase time="0.00200000000000244" classname="table_20" name="Table_20_generation_works_with_missing_values_pruned_rows"/>
    <testcase time="0.000999999999997669" classname="table_20" name="Table_20_generation_works_with_missing_values_pruned_rows"/>
    <testcase time="0.0510000000000019" classname="table_20" name="Table_20_generation_works_with_missing_values_pruned_rows"/>
    <testcase time="0.420999999999999" classname="table_20" name="Table_20_generation_works_with_missing_values_pruned_rows"/>
    <testcase time="0.103999999999999" classname="table_20" name="Table_20_generation_works_with_missing_values_pruned_rows">
      <skipped message="Reason: On CRAN ('test-table_20.R:74:3')"/>
    </testcase>
  </testsuite>
  <testsuite name="table_21" timestamp="2023-08-31T21:37:39Z" hostname="960b7bf0fa67" tests="10" skipped="2" failures="0" errors="0" time="1.598">
    <testcase time="0.0680000000000049" classname="table_21" name="Table_21_generation_works_with_default_values"/>
    <testcase time="0.00199999999999534" classname="table_21" name="Table_21_generation_works_with_default_values"/>
    <testcase time="0.0640000000000001" classname="table_21" name="Table_21_generation_works_with_default_values"/>
    <testcase time="0.576000000000001" classname="table_21" name="Table_21_generation_works_with_default_values"/>
    <testcase time="0.123000000000005" classname="table_21" name="Table_21_generation_works_with_default_values">
      <skipped message="Reason: On CRAN ('test-table_21.R:19:3')"/>
    </testcase>
    <testcase time="0.0180000000000007" classname="table_21" name="Table_21_generation_works_with_custom_values"/>
    <testcase time="0.00199999999999534" classname="table_21" name="Table_21_generation_works_with_custom_values"/>
    <testcase time="0.0549999999999997" classname="table_21" name="Table_21_generation_works_with_custom_values"/>
    <testcase time="0.573" classname="table_21" name="Table_21_generation_works_with_custom_values"/>
    <testcase time="0.116999999999997" classname="table_21" name="Table_21_generation_works_with_custom_values">
      <skipped message="Reason: On CRAN ('test-table_21.R:47:3')"/>
    </testcase>
  </testsuite>
  <testsuite name="table_32" timestamp="2023-08-31T21:37:41Z" hostname="960b7bf0fa67" tests="12" skipped="3" failures="0" errors="0" time="0.823">
    <testcase time="0.0249999999999986" classname="table_32" name="Table_32_generation_works_with_default_values"/>
    <testcase time="0.0589999999999975" classname="table_32" name="Table_32_generation_works_with_default_values"/>
    <testcase time="0.137" classname="table_32" name="Table_32_generation_works_with_default_values"/>
    <testcase time="0.0549999999999997" classname="table_32" name="Table_32_generation_works_with_default_values">
      <skipped message="Reason: On CRAN ('test-table_32.R:8:3')"/>
    </testcase>
    <testcase time="0.0180000000000007" classname="table_32" name="Table_32_generation_works_with_custom_values"/>
    <testcase time="0.0579999999999998" classname="table_32" name="Table_32_generation_works_with_custom_values"/>
    <testcase time="0.163000000000004" classname="table_32" name="Table_32_generation_works_with_custom_values"/>
    <testcase time="0.0640000000000001" classname="table_32" name="Table_32_generation_works_with_custom_values">
      <skipped message="Reason: On CRAN ('test-table_32.R:30:3')"/>
    </testcase>
    <testcase time="0.0180000000000007" classname="table_32" name="Table_32_generation_works_with_pruned_rows"/>
    <testcase time="0.0559999999999974" classname="table_32" name="Table_32_generation_works_with_pruned_rows"/>
    <testcase time="0.132000000000005" classname="table_32" name="Table_32_generation_works_with_pruned_rows"/>
    <testcase time="0.0379999999999967" classname="table_32" name="Table_32_generation_works_with_pruned_rows">
      <skipped message="Reason: On CRAN ('test-table_32.R:37:3')"/>
    </testcase>
  </testsuite>
  <testsuite name="table_33" timestamp="2023-08-31T21:37:42Z" hostname="960b7bf0fa67" tests="12" skipped="3" failures="0" errors="0" time="1.634">
    <testcase time="0.0240000000000009" classname="table_33" name="Table_33_generation_works_with_default_values"/>
    <testcase time="0.356000000000002" classname="table_33" name="Table_33_generation_works_with_default_values"/>
    <testcase time="0.110999999999997" classname="table_33" name="Table_33_generation_works_with_default_values"/>
    <testcase time="0.0399999999999991" classname="table_33" name="Table_33_generation_works_with_default_values">
      <skipped message="Reason: On CRAN ('test-table_33.R:8:3')"/>
    </testcase>
    <testcase time="0.0200000000000031" classname="table_33" name="Table_33_generation_works_with_custom_values"/>
    <testcase time="0.353999999999999" classname="table_33" name="Table_33_generation_works_with_custom_values"/>
    <testcase time="0.137" classname="table_33" name="Table_33_generation_works_with_custom_values"/>
    <testcase time="0.0510000000000019" classname="table_33" name="Table_33_generation_works_with_custom_values">
      <skipped message="Reason: On CRAN ('test-table_33.R:34:3')"/>
    </testcase>
    <testcase time="0.0189999999999984" classname="table_33" name="Table_33_generation_works_with_pruned_rows"/>
    <testcase time="0.359000000000002" classname="table_33" name="Table_33_generation_works_with_pruned_rows"/>
    <testcase time="0.122" classname="table_33" name="Table_33_generation_works_with_pruned_rows"/>
    <testcase time="0.0409999999999968" classname="table_33" name="Table_33_generation_works_with_pruned_rows">
      <skipped message="Reason: On CRAN ('test-table_33.R:42:3')"/>
    </testcase>
  </testsuite>
  <testsuite name="table_34" timestamp="2023-08-31T21:37:43Z" hostname="960b7bf0fa67" tests="8" skipped="2" failures="0" errors="0" time="4.294">
    <testcase time="0.0330000000000013" classname="table_34" name="Table_34_generation_works_with_default_values"/>
    <testcase time="0.0480000000000018" classname="table_34" name="Table_34_generation_works_with_default_values"/>
    <testcase time="1.927" classname="table_34" name="Table_34_generation_works_with_default_values"/>
    <testcase time="0.266999999999996" classname="table_34" name="Table_34_generation_works_with_default_values">
      <skipped message="Reason: On CRAN ('test-table_34.R:17:3')"/>
    </testcase>
    <testcase time="0.0190000000000055" classname="table_34" name="Table_34_generation_works_with_custom_values"/>
    <testcase time="0.0489999999999995" classname="table_34" name="Table_34_generation_works_with_custom_values"/>
    <testcase time="1.86" classname="table_34" name="Table_34_generation_works_with_custom_values"/>
    <testcase time="0.0910000000000011" classname="table_34" name="Table_34_generation_works_with_custom_values">
      <skipped message="Reason: On CRAN ('test-table_34.R:49:3')"/>
    </testcase>
  </testsuite>
</testsuites>
