<?xml version="1.0" encoding="UTF-8"?>
<testsuites>
  <testsuite name="table_02" timestamp="2023-08-31T22:18:27Z" hostname="1eb09fa1ea05" tests="30" skipped="10" failures="0" errors="0" time="21.094">
    <testcase time="0.103999999999999" classname="table_02" name="Table_02_generation_works_with_default_values"/>
    <testcase time="0.796" classname="table_02" name="Table_02_generation_works_with_default_values"/>
    <testcase time="0.323" classname="table_02" name="Table_02_generation_works_with_default_values">
      <skipped message="Reason: On CRAN ('test-table_02.R:16:3')"/>
    </testcase>
    <testcase time="0.117999999999999" classname="table_02" name="Table_02_generation_works_with_custom_values"/>
    <testcase time="0.593" classname="table_02" name="Table_02_generation_works_with_custom_values"/>
    <testcase time="0.337000000000001" classname="table_02" name="Table_02_generation_works_with_custom_values">
      <skipped message="Reason: On CRAN ('test-table_02.R:45:3')"/>
    </testcase>
    <testcase time="0.0859999999999994" classname="table_02" name="Table_02_generation_works_with_some_NA_values"/>
    <testcase time="0.137" classname="table_02" name="Table_02_generation_works_with_some_NA_values"/>
    <testcase time="0.0700000000000003" classname="table_02" name="Table_02_generation_works_with_some_NA_values">
      <skipped message="Reason: On CRAN ('test-table_02.R:57:3')"/>
    </testcase>
    <testcase time="0.032" classname="table_02" name="Table_02_generation_tplyr_works_with_default_values"/>
    <testcase time="2.542" classname="table_02" name="Table_02_generation_tplyr_works_with_default_values"/>
    <testcase time="0.0459999999999994" classname="table_02" name="Table_02_generation_tplyr_works_with_default_values">
      <skipped message="Reason: On CRAN ('test-table_02.R:66:3')"/>
    </testcase>
    <testcase time="0.0220000000000002" classname="table_02" name="Table_02_generation_tplyr_works_with_tplyr_raw_TRUE"/>
    <testcase time="1.419" classname="table_02" name="Table_02_generation_tplyr_works_with_tplyr_raw_TRUE"/>
    <testcase time="0.0339999999999989" classname="table_02" name="Table_02_generation_tplyr_works_with_tplyr_raw_TRUE">
      <skipped message="Reason: On CRAN ('test-table_02.R:75:3')"/>
    </testcase>
    <testcase time="0.0630000000000006" classname="table_02" name="Table_02_generation_tplyr_works_with_custom_values"/>
    <testcase time="2.825" classname="table_02" name="Table_02_generation_tplyr_works_with_custom_values"/>
    <testcase time="0.0339999999999989" classname="table_02" name="Table_02_generation_tplyr_works_with_custom_values">
      <skipped message="Reason: On CRAN ('test-table_02.R:102:3')"/>
    </testcase>
    <testcase time="0.0540000000000003" classname="table_02" name="Table_02_generation_tplyr_works_with_some_NA_values"/>
    <testcase time="1.052" classname="table_02" name="Table_02_generation_tplyr_works_with_some_NA_values"/>
    <testcase time="0.0380000000000003" classname="table_02" name="Table_02_generation_tplyr_works_with_some_NA_values">
      <skipped message="Reason: On CRAN ('test-table_02.R:119:3')"/>
    </testcase>
    <testcase time="0.0240000000000009" classname="table_02" name="Table_02_generation_gt_works_with_default_values"/>
    <testcase time="4.159" classname="table_02" name="Table_02_generation_gt_works_with_default_values"/>
    <testcase time="0.00900000000000034" classname="table_02" name="Table_02_generation_gt_works_with_default_values">
      <skipped message="Reason: On CRAN ('test-table_02.R:128:3')"/>
    </testcase>
    <testcase time="0.0650000000000013" classname="table_02" name="Table_02_generation_gt_works_with_custom_values"/>
    <testcase time="4.721" classname="table_02" name="Table_02_generation_gt_works_with_custom_values"/>
    <testcase time="0.00799999999999912" classname="table_02" name="Table_02_generation_gt_works_with_custom_values">
      <skipped message="Reason: On CRAN ('test-table_02.R:146:3')"/>
    </testcase>
    <testcase time="0.0529999999999973" classname="table_02" name="Table_02_generation_gt_works_with_some_NA_values"/>
    <testcase time="1.321" classname="table_02" name="Table_02_generation_gt_works_with_some_NA_values"/>
    <testcase time="0.00900000000000034" classname="table_02" name="Table_02_generation_gt_works_with_some_NA_values">
      <skipped message="Reason: On CRAN ('test-table_02.R:163:3')"/>
    </testcase>
  </testsuite>
  <testsuite name="table_04" timestamp="2023-08-31T22:18:48Z" hostname="1eb09fa1ea05" tests="12" skipped="2" failures="0" errors="0" time="1.316">
    <testcase time="0.0500000000000007" classname="table_04" name="Table_04_generation_works_with_default_values"/>
    <testcase time="0.000999999999997669" classname="table_04" name="Table_04_generation_works_with_default_values"/>
    <testcase time="0.00200000000000244" classname="table_04" name="Table_04_generation_works_with_default_values"/>
    <testcase time="0.000999999999997669" classname="table_04" name="Table_04_generation_works_with_default_values"/>
    <testcase time="0.536000000000001" classname="table_04" name="Table_04_generation_works_with_default_values"/>
    <testcase time="0.151" classname="table_04" name="Table_04_generation_works_with_default_values">
      <skipped message="Reason: On CRAN ('test-table_04.R:18:3')"/>
    </testcase>
    <testcase time="0.0219999999999985" classname="table_04" name="Table_04_generation_works_with_custom_values"/>
    <testcase time="0.00200000000000244" classname="table_04" name="Table_04_generation_works_with_custom_values"/>
    <testcase time="0.000999999999997669" classname="table_04" name="Table_04_generation_works_with_custom_values"/>
    <testcase time="0.00200000000000244" classname="table_04" name="Table_04_generation_works_with_custom_values"/>
    <testcase time="0.436" classname="table_04" name="Table_04_generation_works_with_custom_values"/>
    <testcase time="0.111999999999998" classname="table_04" name="Table_04_generation_works_with_custom_values">
      <skipped message="Reason: On CRAN ('test-table_04.R:44:3')"/>
    </testcase>
  </testsuite>
  <testsuite name="table_05" timestamp="2023-08-31T22:18:50Z" hostname="1eb09fa1ea05" tests="9" skipped="3" failures="0" errors="0" time="1.572">
    <testcase time="0.259" classname="table_05" name="Table_05_generation_works_with_default_values"/>
    <testcase time="0.302" classname="table_05" name="Table_05_generation_works_with_default_values"/>
    <testcase time="0.105" classname="table_05" name="Table_05_generation_works_with_default_values">
      <skipped message="Reason: On CRAN ('test-table_05.R:10:3')"/>
    </testcase>
    <testcase time="0.0219999999999985" classname="table_05" name="Table_05_generation_works_with_custom_values"/>
    <testcase time="0.369000000000003" classname="table_05" name="Table_05_generation_works_with_custom_values"/>
    <testcase time="0.132999999999999" classname="table_05" name="Table_05_generation_works_with_custom_values">
      <skipped message="Reason: On CRAN ('test-table_05.R:34:3')"/>
    </testcase>
    <testcase time="0.0219999999999985" classname="table_05" name="Table_05_generation_works_with_NA_values_pruned_rows"/>
    <testcase time="0.262" classname="table_05" name="Table_05_generation_works_with_NA_values_pruned_rows"/>
    <testcase time="0.097999999999999" classname="table_05" name="Table_05_generation_works_with_NA_values_pruned_rows">
      <skipped message="Reason: On CRAN ('test-table_05.R:44:3')"/>
    </testcase>
  </testsuite>
  <testsuite name="table_06" timestamp="2023-08-31T22:18:51Z" hostname="1eb09fa1ea05" tests="10" skipped="2" failures="0" errors="0" time="1.862">
    <testcase time="0.0289999999999999" classname="table_06" name="Table_06_generation_works_with_default_values"/>
    <testcase time="0.00200000000000244" classname="table_06" name="Table_06_generation_works_with_default_values"/>
    <testcase time="0.0760000000000005" classname="table_06" name="Table_06_generation_works_with_default_values"/>
    <testcase time="0.548999999999999" classname="table_06" name="Table_06_generation_works_with_default_values"/>
    <testcase time="0.155999999999999" classname="table_06" name="Table_06_generation_works_with_default_values">
      <skipped message="Reason: On CRAN ('test-table_06.R:8:3')"/>
    </testcase>
    <testcase time="0.0219999999999985" classname="table_06" name="Table_06_generation_works_with_custom_values"/>
    <testcase time="0.00200000000000244" classname="table_06" name="Table_06_generation_works_with_custom_values"/>
    <testcase time="0.0719999999999992" classname="table_06" name="Table_06_generation_works_with_custom_values"/>
    <testcase time="0.710999999999999" classname="table_06" name="Table_06_generation_works_with_custom_values"/>
    <testcase time="0.243000000000002" classname="table_06" name="Table_06_generation_works_with_custom_values">
      <skipped message="Reason: On CRAN ('test-table_06.R:40:3')"/>
    </testcase>
  </testsuite>
  <testsuite name="table_07" timestamp="2023-08-31T22:18:53Z" hostname="1eb09fa1ea05" tests="18" skipped="3" failures="0" errors="0" time="2.382">
    <testcase time="0.032" classname="table_07" name="Table_07_generation_works_with_default_values"/>
    <testcase time="0.00199999999999889" classname="table_07" name="Table_07_generation_works_with_default_values"/>
    <testcase time="0.00100000000000122" classname="table_07" name="Table_07_generation_works_with_default_values"/>
    <testcase time="0.0560000000000009" classname="table_07" name="Table_07_generation_works_with_default_values"/>
    <testcase time="0.485999999999997" classname="table_07" name="Table_07_generation_works_with_default_values"/>
    <testcase time="0.169" classname="table_07" name="Table_07_generation_works_with_default_values">
      <skipped message="Reason: On CRAN ('test-table_07.R:13:3')"/>
    </testcase>
    <testcase time="0.022000000000002" classname="table_07" name="Table_07_generation_works_with_custom_values"/>
    <testcase time="0.00199999999999889" classname="table_07" name="Table_07_generation_works_with_custom_values"/>
    <testcase time="0.00100000000000122" classname="table_07" name="Table_07_generation_works_with_custom_values"/>
    <testcase time="0.0589999999999975" classname="table_07" name="Table_07_generation_works_with_custom_values"/>
    <testcase time="0.643000000000001" classname="table_07" name="Table_07_generation_works_with_custom_values"/>
    <testcase time="0.228000000000002" classname="table_07" name="Table_07_generation_works_with_custom_values">
      <skipped message="Reason: On CRAN ('test-table_07.R:42:3')"/>
    </testcase>
    <testcase time="0.0229999999999997" classname="table_07" name="Table_07_generation_works_with_NA_values_pruned_rows"/>
    <testcase time="0.000999999999997669" classname="table_07" name="Table_07_generation_works_with_NA_values_pruned_rows"/>
    <testcase time="0.00200000000000244" classname="table_07" name="Table_07_generation_works_with_NA_values_pruned_rows"/>
    <testcase time="0.0560000000000009" classname="table_07" name="Table_07_generation_works_with_NA_values_pruned_rows"/>
    <testcase time="0.428000000000001" classname="table_07" name="Table_07_generation_works_with_NA_values_pruned_rows"/>
    <testcase time="0.170999999999999" classname="table_07" name="Table_07_generation_works_with_NA_values_pruned_rows">
      <skipped message="Reason: On CRAN ('test-table_07.R:52:3')"/>
    </testcase>
  </testsuite>
  <testsuite name="table_08" timestamp="2023-08-31T22:18:56Z" hostname="1eb09fa1ea05" tests="8" skipped="2" failures="0" errors="0" time="0.575">
    <testcase time="0.0300000000000011" classname="table_08" name="Table_08_generation_works_with_default_values"/>
    <testcase time="0.000999999999997669" classname="table_08" name="Table_08_generation_works_with_default_values"/>
    <testcase time="0.0660000000000025" classname="table_08" name="Table_08_generation_works_with_default_values"/>
    <testcase time="0.167999999999999" classname="table_08" name="Table_08_generation_works_with_default_values">
      <skipped message="Reason: On CRAN ('test-table_08.R:10:3')"/>
    </testcase>
    <testcase time="0.0219999999999985" classname="table_08" name="Table_08_generation_works_with_custom_values"/>
    <testcase time="0.00200000000000244" classname="table_08" name="Table_08_generation_works_with_custom_values"/>
    <testcase time="0.054000000000002" classname="table_08" name="Table_08_generation_works_with_custom_values"/>
    <testcase time="0.231999999999999" classname="table_08" name="Table_08_generation_works_with_custom_values">
      <skipped message="Reason: On CRAN ('test-table_08.R:31:3')"/>
    </testcase>
  </testsuite>
  <testsuite name="table_09" timestamp="2023-08-31T22:18:56Z" hostname="1eb09fa1ea05" tests="8" skipped="2" failures="0" errors="0" time="1.215">
    <testcase time="0.0289999999999964" classname="table_09" name="Table_09_generation_works_with_default_values"/>
    <testcase time="0.0640000000000001" classname="table_09" name="Table_09_generation_works_with_default_values"/>
    <testcase time="0.356999999999999" classname="table_09" name="Table_09_generation_works_with_default_values"/>
    <testcase time="0.0960000000000036" classname="table_09" name="Table_09_generation_works_with_default_values">
      <skipped message="Reason: On CRAN ('test-table_09.R:8:3')"/>
    </testcase>
    <testcase time="0.0219999999999985" classname="table_09" name="Table_09_generation_works_with_custom_values"/>
    <testcase time="0.0609999999999999" classname="table_09" name="Table_09_generation_works_with_custom_values"/>
    <testcase time="0.478999999999999" classname="table_09" name="Table_09_generation_works_with_custom_values"/>
    <testcase time="0.106999999999999" classname="table_09" name="Table_09_generation_works_with_custom_values">
      <skipped message="Reason: On CRAN ('test-table_09.R:39:3')"/>
    </testcase>
  </testsuite>
  <testsuite name="table_10" timestamp="2023-08-31T22:18:57Z" hostname="1eb09fa1ea05" tests="10" skipped="2" failures="0" errors="0" time="1.409">
    <testcase time="0.0380000000000038" classname="table_10" name="Table_10_generation_works_with_default_values"/>
    <testcase time="0.000999999999997669" classname="table_10" name="Table_10_generation_works_with_default_values"/>
    <testcase time="0.0750000000000028" classname="table_10" name="Table_10_generation_works_with_default_values"/>
    <testcase time="0.480999999999995" classname="table_10" name="Table_10_generation_works_with_default_values"/>
    <testcase time="0.198" classname="table_10" name="Table_10_generation_works_with_default_values">
      <skipped message="Reason: On CRAN ('test-table_10.R:17:3')"/>
    </testcase>
    <testcase time="0.0220000000000056" classname="table_10" name="Table_10_generation_works_with_custom_values"/>
    <testcase time="0.00199999999999534" classname="table_10" name="Table_10_generation_works_with_custom_values"/>
    <testcase time="0.0510000000000019" classname="table_10" name="Table_10_generation_works_with_custom_values"/>
    <testcase time="0.458999999999996" classname="table_10" name="Table_10_generation_works_with_custom_values"/>
    <testcase time="0.0820000000000007" classname="table_10" name="Table_10_generation_works_with_custom_values">
      <skipped message="Reason: On CRAN ('test-table_10.R:52:3')"/>
    </testcase>
  </testsuite>
  <testsuite name="table_11" timestamp="2023-08-31T22:18:59Z" hostname="1eb09fa1ea05" tests="8" skipped="2" failures="0" errors="0" time="1.99">
    <testcase time="0.0360000000000014" classname="table_11" name="Table_11_generation_works_with_default_values"/>
    <testcase time="0.0690000000000026" classname="table_11" name="Table_11_generation_works_with_default_values"/>
    <testcase time="0.802999999999997" classname="table_11" name="Table_11_generation_works_with_default_values"/>
    <testcase time="0.201999999999998" classname="table_11" name="Table_11_generation_works_with_default_values">
      <skipped message="Reason: On CRAN ('test-table_11.R:18:3')"/>
    </testcase>
    <testcase time="0.027000000000001" classname="table_11" name="Table_11_generation_works_with_custom_values"/>
    <testcase time="0.0570000000000022" classname="table_11" name="Table_11_generation_works_with_custom_values"/>
    <testcase time="0.692" classname="table_11" name="Table_11_generation_works_with_custom_values"/>
    <testcase time="0.103999999999999" classname="table_11" name="Table_11_generation_works_with_custom_values">
      <skipped message="Reason: On CRAN ('test-table_11.R:48:3')"/>
    </testcase>
  </testsuite>
  <testsuite name="table_12" timestamp="2023-08-31T22:19:01Z" hostname="1eb09fa1ea05" tests="8" skipped="2" failures="0" errors="0" time="2.843">
    <testcase time="0.0309999999999988" classname="table_12" name="Table_12_generation_works_with_default_values"/>
    <testcase time="0.0680000000000049" classname="table_12" name="Table_12_generation_works_with_default_values"/>
    <testcase time="1.314" classname="table_12" name="Table_12_generation_works_with_default_values"/>
    <testcase time="0.158999999999999" classname="table_12" name="Table_12_generation_works_with_default_values">
      <skipped message="Reason: On CRAN ('test-table_12.R:9:3')"/>
    </testcase>
    <testcase time="0.0240000000000009" classname="table_12" name="Table_12_generation_works_with_custom_values"/>
    <testcase time="0.0670000000000002" classname="table_12" name="Table_12_generation_works_with_custom_values"/>
    <testcase time="1.026" classname="table_12" name="Table_12_generation_works_with_custom_values"/>
    <testcase time="0.154000000000003" classname="table_12" name="Table_12_generation_works_with_custom_values">
      <skipped message="Reason: On CRAN ('test-table_12.R:39:3')"/>
    </testcase>
  </testsuite>
  <testsuite name="table_13" timestamp="2023-08-31T22:19:04Z" hostname="1eb09fa1ea05" tests="8" skipped="2" failures="0" errors="0" time="0.714">
    <testcase time="0.0289999999999964" classname="table_13" name="Table_13_generation_works_with_default_values"/>
    <testcase time="0.0750000000000028" classname="table_13" name="Table_13_generation_works_with_default_values"/>
    <testcase time="0.158999999999999" classname="table_13" name="Table_13_generation_works_with_default_values"/>
    <testcase time="0.0910000000000011" classname="table_13" name="Table_13_generation_works_with_default_values">
      <skipped message="Reason: On CRAN ('test-table_13.R:8:3')"/>
    </testcase>
    <testcase time="0.0229999999999961" classname="table_13" name="Table_13_generation_works_with_custom_values"/>
    <testcase time="0.0740000000000052" classname="table_13" name="Table_13_generation_works_with_custom_values"/>
    <testcase time="0.189" classname="table_13" name="Table_13_generation_works_with_custom_values"/>
    <testcase time="0.0739999999999981" classname="table_13" name="Table_13_generation_works_with_custom_values">
      <skipped message="Reason: On CRAN ('test-table_13.R:38:3')"/>
    </testcase>
  </testsuite>
  <testsuite name="table_14" timestamp="2023-08-31T22:19:04Z" hostname="1eb09fa1ea05" tests="10" skipped="3" failures="0" errors="0" time="2.879">
    <testcase time="0.0390000000000015" classname="table_14" name="Table_14_generation_works_with_default_values"/>
    <testcase time="0.695999999999998" classname="table_14" name="Table_14_generation_works_with_default_values"/>
    <testcase time="0.216000000000001" classname="table_14" name="Table_14_generation_works_with_default_values">
      <skipped message="Reason: On CRAN ('test-table_14.R:16:3')"/>
    </testcase>
    <testcase time="0.0229999999999961" classname="table_14" name="Table_14_generation_works_with_custom_values"/>
    <testcase time="0.0690000000000026" classname="table_14" name="Table_14_generation_works_with_custom_values"/>
    <testcase time="0.723999999999997" classname="table_14" name="Table_14_generation_works_with_custom_values"/>
    <testcase time="0.208000000000006" classname="table_14" name="Table_14_generation_works_with_custom_values">
      <skipped message="Reason: On CRAN ('test-table_14.R:46:3')"/>
    </testcase>
    <testcase time="0.0210000000000008" classname="table_14" name="Table_14_generation_works_with_NA_values_pruned_rows"/>
    <testcase time="0.725999999999999" classname="table_14" name="Table_14_generation_works_with_NA_values_pruned_rows"/>
    <testcase time="0.156999999999996" classname="table_14" name="Table_14_generation_works_with_NA_values_pruned_rows">
      <skipped message="Reason: On CRAN ('test-table_14.R:53:3')"/>
    </testcase>
  </testsuite>
  <testsuite name="table_20" timestamp="2023-08-31T22:19:07Z" hostname="1eb09fa1ea05" tests="18" skipped="3" failures="0" errors="0" time="2.498">
    <testcase time="0.0330000000000013" classname="table_20" name="Table_20_generation_works_with_default_values"/>
    <testcase time="0.00200000000000244" classname="table_20" name="Table_20_generation_works_with_default_values"/>
    <testcase time="0.000999999999997669" classname="table_20" name="Table_20_generation_works_with_default_values"/>
    <testcase time="0.0649999999999977" classname="table_20" name="Table_20_generation_works_with_default_values"/>
    <testcase time="0.502000000000002" classname="table_20" name="Table_20_generation_works_with_default_values"/>
    <testcase time="0.149999999999999" classname="table_20" name="Table_20_generation_works_with_default_values">
      <skipped message="Reason: On CRAN ('test-table_20.R:17:3')"/>
    </testcase>
    <testcase time="0.027000000000001" classname="table_20" name="Table_20_generation_works_with_custom_values"/>
    <testcase time="0.00199999999999534" classname="table_20" name="Table_20_generation_works_with_custom_values"/>
    <testcase time="0.00200000000000244" classname="table_20" name="Table_20_generation_works_with_custom_values"/>
    <testcase time="0.0630000000000024" classname="table_20" name="Table_20_generation_works_with_custom_values"/>
    <testcase time="0.793999999999997" classname="table_20" name="Table_20_generation_works_with_custom_values"/>
    <testcase time="0.171999999999997" classname="table_20" name="Table_20_generation_works_with_custom_values">
      <skipped message="Reason: On CRAN ('test-table_20.R:65:3')"/>
    </testcase>
    <testcase time="0.0250000000000057" classname="table_20" name="Table_20_generation_works_with_missing_values_pruned_rows"/>
    <testcase time="0.00199999999999534" classname="table_20" name="Table_20_generation_works_with_missing_values_pruned_rows"/>
    <testcase time="0.00100000000000477" classname="table_20" name="Table_20_generation_works_with_missing_values_pruned_rows"/>
    <testcase time="0.0599999999999952" classname="table_20" name="Table_20_generation_works_with_missing_values_pruned_rows"/>
    <testcase time="0.478000000000002" classname="table_20" name="Table_20_generation_works_with_missing_values_pruned_rows"/>
    <testcase time="0.119" classname="table_20" name="Table_20_generation_works_with_missing_values_pruned_rows">
      <skipped message="Reason: On CRAN ('test-table_20.R:74:3')"/>
    </testcase>
  </testsuite>
  <testsuite name="table_21" timestamp="2023-08-31T22:19:10Z" hostname="1eb09fa1ea05" tests="11" skipped="2" failures="0" errors="0" time="1.995">
    <testcase time="0.0840000000000032" classname="table_21" name="Table_21_generation_works_with_default_values"/>
    <testcase time="0.00199999999999534" classname="table_21" name="Table_21_generation_works_with_default_values"/>
    <testcase time="0.0820000000000007" classname="table_21" name="Table_21_generation_works_with_default_values"/>
    <testcase time="0.695" classname="table_21" name="Table_21_generation_works_with_default_values"/>
    <testcase time="0.154000000000003" classname="table_21" name="Table_21_generation_works_with_default_values">
      <skipped message="Reason: On CRAN ('test-table_21.R:19:3')"/>
    </testcase>
    <testcase time="0.0229999999999961" classname="table_21" name="Table_21_generation_works_with_custom_values"/>
    <testcase time="0.00200000000000244" classname="table_21" name="Table_21_generation_works_with_custom_values"/>
    <testcase time="0.0690000000000026" classname="table_21" name="Table_21_generation_works_with_custom_values"/>
    <testcase time="0.694999999999993" classname="table_21" name="Table_21_generation_works_with_custom_values"/>
    <testcase time="0.146000000000001" classname="table_21" name="Table_21_generation_works_with_custom_values">
      <skipped message="Reason: On CRAN ('test-table_21.R:47:3')"/>
    </testcase>
    <testcase time="0.0429999999999993" classname="table_21" name="a_count_occurrences_ser_ae_error_message_prints_correctly"/>
  </testsuite>
  <testsuite name="table_32" timestamp="2023-08-31T22:19:12Z" hostname="1eb09fa1ea05" tests="12" skipped="3" failures="0" errors="0" time="0.978">
    <testcase time="0.017000000000003" classname="table_32" name="Table_32_generation_works_with_default_values"/>
    <testcase time="0.0670000000000002" classname="table_32" name="Table_32_generation_works_with_default_values"/>
    <testcase time="0.164000000000001" classname="table_32" name="Table_32_generation_works_with_default_values"/>
    <testcase time="0.0619999999999976" classname="table_32" name="Table_32_generation_works_with_default_values">
      <skipped message="Reason: On CRAN ('test-table_32.R:8:3')"/>
    </testcase>
    <testcase time="0.0230000000000032" classname="table_32" name="Table_32_generation_works_with_custom_values"/>
    <testcase time="0.070999999999998" classname="table_32" name="Table_32_generation_works_with_custom_values"/>
    <testcase time="0.195999999999998" classname="table_32" name="Table_32_generation_works_with_custom_values"/>
    <testcase time="0.0740000000000052" classname="table_32" name="Table_32_generation_works_with_custom_values">
      <skipped message="Reason: On CRAN ('test-table_32.R:30:3')"/>
    </testcase>
    <testcase time="0.0239999999999938" classname="table_32" name="Table_32_generation_works_with_pruned_rows"/>
    <testcase time="0.078000000000003" classname="table_32" name="Table_32_generation_works_with_pruned_rows"/>
    <testcase time="0.152999999999999" classname="table_32" name="Table_32_generation_works_with_pruned_rows"/>
    <testcase time="0.0489999999999995" classname="table_32" name="Table_32_generation_works_with_pruned_rows">
      <skipped message="Reason: On CRAN ('test-table_32.R:37:3')"/>
    </testcase>
  </testsuite>
  <testsuite name="table_33" timestamp="2023-08-31T22:19:13Z" hostname="1eb09fa1ea05" tests="12" skipped="3" failures="0" errors="0" time="1.997">
    <testcase time="0.0279999999999987" classname="table_33" name="Table_33_generation_works_with_default_values"/>
    <testcase time="0.437000000000005" classname="table_33" name="Table_33_generation_works_with_default_values"/>
    <testcase time="0.122" classname="table_33" name="Table_33_generation_works_with_default_values"/>
    <testcase time="0.046999999999997" classname="table_33" name="Table_33_generation_works_with_default_values">
      <skipped message="Reason: On CRAN ('test-table_33.R:8:3')"/>
    </testcase>
    <testcase time="0.0380000000000038" classname="table_33" name="Table_33_generation_works_with_custom_values"/>
    <testcase time="0.443999999999996" classname="table_33" name="Table_33_generation_works_with_custom_values"/>
    <testcase time="0.158999999999999" classname="table_33" name="Table_33_generation_works_with_custom_values"/>
    <testcase time="0.0560000000000045" classname="table_33" name="Table_33_generation_works_with_custom_values">
      <skipped message="Reason: On CRAN ('test-table_33.R:34:3')"/>
    </testcase>
    <testcase time="0.0249999999999986" classname="table_33" name="Table_33_generation_works_with_pruned_rows"/>
    <testcase time="0.445" classname="table_33" name="Table_33_generation_works_with_pruned_rows"/>
    <testcase time="0.149999999999999" classname="table_33" name="Table_33_generation_works_with_pruned_rows"/>
    <testcase time="0.0459999999999994" classname="table_33" name="Table_33_generation_works_with_pruned_rows">
      <skipped message="Reason: On CRAN ('test-table_33.R:42:3')"/>
    </testcase>
  </testsuite>
  <testsuite name="table_34" timestamp="2023-08-31T22:19:15Z" hostname="1eb09fa1ea05" tests="8" skipped="2" failures="0" errors="0" time="5.254">
    <testcase time="0.0360000000000014" classname="table_34" name="Table_34_generation_works_with_default_values"/>
    <testcase time="0.0630000000000024" classname="table_34" name="Table_34_generation_works_with_default_values"/>
    <testcase time="2.297" classname="table_34" name="Table_34_generation_works_with_default_values"/>
    <testcase time="0.344000000000001" classname="table_34" name="Table_34_generation_works_with_default_values">
      <skipped message="Reason: On CRAN ('test-table_34.R:17:3')"/>
    </testcase>
    <testcase time="0.036999999999999" classname="table_34" name="Table_34_generation_works_with_custom_values"/>
    <testcase time="0.0500000000000043" classname="table_34" name="Table_34_generation_works_with_custom_values"/>
    <testcase time="2.316" classname="table_34" name="Table_34_generation_works_with_custom_values"/>
    <testcase time="0.111000000000004" classname="table_34" name="Table_34_generation_works_with_custom_values">
      <skipped message="Reason: On CRAN ('test-table_34.R:49:3')"/>
    </testcase>
  </testsuite>
</testsuites>
