<?xml version="1.0" encoding="UTF-8"?>
<testsuites>
  <testsuite name="table_02" timestamp="2023-09-28T22:47:34Z" hostname="c5f71f8a6ba4" tests="33" skipped="10" failures="0" errors="0" time="14.334">
    <testcase time="0.0779999999999998" classname="table_02" name="Table_02_generation_works_with_default_values"/>
    <testcase time="0.0980000000000003" classname="table_02" name="Table_02_generation_works_with_default_values"/>
    <testcase time="0.43" classname="table_02" name="Table_02_generation_works_with_default_values"/>
    <testcase time="0.213" classname="table_02" name="Table_02_generation_works_with_default_values">
      <skipped message="Reason: On CRAN ('test-table_02.R:16:3')"/>
    </testcase>
    <testcase time="0.0620000000000003" classname="table_02" name="Table_02_generation_works_with_custom_values"/>
    <testcase time="0.0499999999999998" classname="table_02" name="Table_02_generation_works_with_custom_values"/>
    <testcase time="0.354" classname="table_02" name="Table_02_generation_works_with_custom_values"/>
    <testcase time="0.223000000000001" classname="table_02" name="Table_02_generation_works_with_custom_values">
      <skipped message="Reason: On CRAN ('test-table_02.R:45:3')"/>
    </testcase>
    <testcase time="0.0559999999999992" classname="table_02" name="Table_02_generation_works_with_some_NA_values"/>
    <testcase time="0.0500000000000007" classname="table_02" name="Table_02_generation_works_with_some_NA_values"/>
    <testcase time="0.0709999999999997" classname="table_02" name="Table_02_generation_works_with_some_NA_values"/>
    <testcase time="0.0469999999999997" classname="table_02" name="Table_02_generation_works_with_some_NA_values">
      <skipped message="Reason: On CRAN ('test-table_02.R:57:3')"/>
    </testcase>
    <testcase time="0.0170000000000003" classname="table_02" name="Table_02_generation_tplyr_works_with_default_values"/>
    <testcase time="1.828" classname="table_02" name="Table_02_generation_tplyr_works_with_default_values"/>
    <testcase time="0.0339999999999998" classname="table_02" name="Table_02_generation_tplyr_works_with_default_values">
      <skipped message="Reason: On CRAN ('test-table_02.R:66:3')"/>
    </testcase>
    <testcase time="0.016" classname="table_02" name="Table_02_generation_tplyr_works_with_tplyr_raw_TRUE"/>
    <testcase time="1.154" classname="table_02" name="Table_02_generation_tplyr_works_with_tplyr_raw_TRUE"/>
    <testcase time="0.0229999999999997" classname="table_02" name="Table_02_generation_tplyr_works_with_tplyr_raw_TRUE">
      <skipped message="Reason: On CRAN ('test-table_02.R:75:3')"/>
    </testcase>
    <testcase time="0.0449999999999999" classname="table_02" name="Table_02_generation_tplyr_works_with_custom_values"/>
    <testcase time="1.725" classname="table_02" name="Table_02_generation_tplyr_works_with_custom_values"/>
    <testcase time="0.0230000000000015" classname="table_02" name="Table_02_generation_tplyr_works_with_custom_values">
      <skipped message="Reason: On CRAN ('test-table_02.R:102:3')"/>
    </testcase>
    <testcase time="0.0359999999999996" classname="table_02" name="Table_02_generation_tplyr_works_with_some_NA_values"/>
    <testcase time="0.699" classname="table_02" name="Table_02_generation_tplyr_works_with_some_NA_values"/>
    <testcase time="0.020999999999999" classname="table_02" name="Table_02_generation_tplyr_works_with_some_NA_values">
      <skipped message="Reason: On CRAN ('test-table_02.R:119:3')"/>
    </testcase>
    <testcase time="0.016" classname="table_02" name="Table_02_generation_gt_works_with_default_values"/>
    <testcase time="2.836" classname="table_02" name="Table_02_generation_gt_works_with_default_values"/>
    <testcase time="0.00600000000000023" classname="table_02" name="Table_02_generation_gt_works_with_default_values">
      <skipped message="Reason: On CRAN ('test-table_02.R:128:3')"/>
    </testcase>
    <testcase time="0.0440000000000005" classname="table_02" name="Table_02_generation_gt_works_with_custom_values"/>
    <testcase time="3.14" classname="table_02" name="Table_02_generation_gt_works_with_custom_values"/>
    <testcase time="0.00600000000000023" classname="table_02" name="Table_02_generation_gt_works_with_custom_values">
      <skipped message="Reason: On CRAN ('test-table_02.R:146:3')"/>
    </testcase>
    <testcase time="0.0440000000000005" classname="table_02" name="Table_02_generation_gt_works_with_some_NA_values"/>
    <testcase time="0.882999999999999" classname="table_02" name="Table_02_generation_gt_works_with_some_NA_values"/>
    <testcase time="0.00600000000000023" classname="table_02" name="Table_02_generation_gt_works_with_some_NA_values">
      <skipped message="Reason: On CRAN ('test-table_02.R:163:3')"/>
    </testcase>
  </testsuite>
  <testsuite name="table_04" timestamp="2023-09-28T22:47:49Z" hostname="c5f71f8a6ba4" tests="12" skipped="2" failures="0" errors="0" time="0.948">
    <testcase time="0.0440000000000005" classname="table_04" name="Table_04_generation_works_with_default_values"/>
    <testcase time="0.000999999999997669" classname="table_04" name="Table_04_generation_works_with_default_values"/>
    <testcase time="0.00100000000000122" classname="table_04" name="Table_04_generation_works_with_default_values"/>
    <testcase time="0.00100000000000122" classname="table_04" name="Table_04_generation_works_with_default_values"/>
    <testcase time="0.387999999999998" classname="table_04" name="Table_04_generation_works_with_default_values"/>
    <testcase time="0.0970000000000013" classname="table_04" name="Table_04_generation_works_with_default_values">
      <skipped message="Reason: On CRAN ('test-table_04.R:18:3')"/>
    </testcase>
    <testcase time="0.0150000000000006" classname="table_04" name="Table_04_generation_works_with_custom_values"/>
    <testcase time="0.00199999999999889" classname="table_04" name="Table_04_generation_works_with_custom_values"/>
    <testcase time="0.00100000000000122" classname="table_04" name="Table_04_generation_works_with_custom_values"/>
    <testcase time="0.000999999999997669" classname="table_04" name="Table_04_generation_works_with_custom_values"/>
    <testcase time="0.316000000000003" classname="table_04" name="Table_04_generation_works_with_custom_values"/>
    <testcase time="0.0809999999999995" classname="table_04" name="Table_04_generation_works_with_custom_values">
      <skipped message="Reason: On CRAN ('test-table_04.R:44:3')"/>
    </testcase>
  </testsuite>
  <testsuite name="table_05" timestamp="2023-09-28T22:47:50Z" hostname="c5f71f8a6ba4" tests="9" skipped="3" failures="0" errors="0" time="1.106">
    <testcase time="0.173999999999999" classname="table_05" name="Table_05_generation_works_with_default_values"/>
    <testcase time="0.212" classname="table_05" name="Table_05_generation_works_with_default_values"/>
    <testcase time="0.0749999999999993" classname="table_05" name="Table_05_generation_works_with_default_values">
      <skipped message="Reason: On CRAN ('test-table_05.R:10:3')"/>
    </testcase>
    <testcase time="0.0150000000000006" classname="table_05" name="Table_05_generation_works_with_custom_values"/>
    <testcase time="0.276" classname="table_05" name="Table_05_generation_works_with_custom_values"/>
    <testcase time="0.0779999999999994" classname="table_05" name="Table_05_generation_works_with_custom_values">
      <skipped message="Reason: On CRAN ('test-table_05.R:34:3')"/>
    </testcase>
    <testcase time="0.0169999999999995" classname="table_05" name="Table_05_generation_works_with_NA_values_pruned_rows"/>
    <testcase time="0.185000000000002" classname="table_05" name="Table_05_generation_works_with_NA_values_pruned_rows"/>
    <testcase time="0.0739999999999981" classname="table_05" name="Table_05_generation_works_with_NA_values_pruned_rows">
      <skipped message="Reason: On CRAN ('test-table_05.R:44:3')"/>
    </testcase>
  </testsuite>
  <testsuite name="table_06" timestamp="2023-09-28T22:47:51Z" hostname="c5f71f8a6ba4" tests="10" skipped="2" failures="0" errors="0" time="1.353">
    <testcase time="0.0210000000000008" classname="table_06" name="Table_06_generation_works_with_default_values"/>
    <testcase time="0.00199999999999889" classname="table_06" name="Table_06_generation_works_with_default_values"/>
    <testcase time="0.0549999999999997" classname="table_06" name="Table_06_generation_works_with_default_values"/>
    <testcase time="0.429000000000002" classname="table_06" name="Table_06_generation_works_with_default_values"/>
    <testcase time="0.0869999999999997" classname="table_06" name="Table_06_generation_works_with_default_values">
      <skipped message="Reason: On CRAN ('test-table_06.R:8:3')"/>
    </testcase>
    <testcase time="0.0159999999999982" classname="table_06" name="Table_06_generation_works_with_custom_values"/>
    <testcase time="0.00100000000000122" classname="table_06" name="Table_06_generation_works_with_custom_values"/>
    <testcase time="0.0609999999999999" classname="table_06" name="Table_06_generation_works_with_custom_values"/>
    <testcase time="0.552" classname="table_06" name="Table_06_generation_works_with_custom_values"/>
    <testcase time="0.129000000000001" classname="table_06" name="Table_06_generation_works_with_custom_values">
      <skipped message="Reason: On CRAN ('test-table_06.R:40:3')"/>
    </testcase>
  </testsuite>
  <testsuite name="table_07" timestamp="2023-09-28T22:47:52Z" hostname="c5f71f8a6ba4" tests="18" skipped="3" failures="0" errors="0" time="1.71">
    <testcase time="0.0239999999999974" classname="table_07" name="Table_07_generation_works_with_default_values"/>
    <testcase time="0.00100000000000122" classname="table_07" name="Table_07_generation_works_with_default_values"/>
    <testcase time="0.00100000000000122" classname="table_07" name="Table_07_generation_works_with_default_values"/>
    <testcase time="0.0389999999999979" classname="table_07" name="Table_07_generation_works_with_default_values"/>
    <testcase time="0.351000000000003" classname="table_07" name="Table_07_generation_works_with_default_values"/>
    <testcase time="0.113999999999997" classname="table_07" name="Table_07_generation_works_with_default_values">
      <skipped message="Reason: On CRAN ('test-table_07.R:13:3')"/>
    </testcase>
    <testcase time="0.0160000000000018" classname="table_07" name="Table_07_generation_works_with_custom_values"/>
    <testcase time="0.000999999999997669" classname="table_07" name="Table_07_generation_works_with_custom_values"/>
    <testcase time="0.00100000000000122" classname="table_07" name="Table_07_generation_works_with_custom_values"/>
    <testcase time="0.0380000000000003" classname="table_07" name="Table_07_generation_works_with_custom_values"/>
    <testcase time="0.474" classname="table_07" name="Table_07_generation_works_with_custom_values"/>
    <testcase time="0.149999999999999" classname="table_07" name="Table_07_generation_works_with_custom_values">
      <skipped message="Reason: On CRAN ('test-table_07.R:42:3')"/>
    </testcase>
    <testcase time="0.017000000000003" classname="table_07" name="Table_07_generation_works_with_NA_values_pruned_rows"/>
    <testcase time="0.000999999999997669" classname="table_07" name="Table_07_generation_works_with_NA_values_pruned_rows"/>
    <testcase time="0.00100000000000122" classname="table_07" name="Table_07_generation_works_with_NA_values_pruned_rows"/>
    <testcase time="0.0410000000000004" classname="table_07" name="Table_07_generation_works_with_NA_values_pruned_rows"/>
    <testcase time="0.331" classname="table_07" name="Table_07_generation_works_with_NA_values_pruned_rows"/>
    <testcase time="0.108999999999998" classname="table_07" name="Table_07_generation_works_with_NA_values_pruned_rows">
      <skipped message="Reason: On CRAN ('test-table_07.R:52:3')"/>
    </testcase>
  </testsuite>
  <testsuite name="table_08" timestamp="2023-09-28T22:47:54Z" hostname="c5f71f8a6ba4" tests="8" skipped="2" failures="0" errors="0" time="0.397">
    <testcase time="0.022000000000002" classname="table_08" name="Table_08_generation_works_with_default_values"/>
    <testcase time="0.000999999999997669" classname="table_08" name="Table_08_generation_works_with_default_values"/>
    <testcase time="0.0480000000000018" classname="table_08" name="Table_08_generation_works_with_default_values"/>
    <testcase time="0.116" classname="table_08" name="Table_08_generation_works_with_default_values">
      <skipped message="Reason: On CRAN ('test-table_08.R:10:3')"/>
    </testcase>
    <testcase time="0.0150000000000006" classname="table_08" name="Table_08_generation_works_with_custom_values"/>
    <testcase time="0.00199999999999889" classname="table_08" name="Table_08_generation_works_with_custom_values"/>
    <testcase time="0.0420000000000016" classname="table_08" name="Table_08_generation_works_with_custom_values"/>
    <testcase time="0.151" classname="table_08" name="Table_08_generation_works_with_custom_values">
      <skipped message="Reason: On CRAN ('test-table_08.R:31:3')"/>
    </testcase>
  </testsuite>
  <testsuite name="table_09" timestamp="2023-09-28T22:47:54Z" hostname="c5f71f8a6ba4" tests="8" skipped="2" failures="0" errors="0" time="0.894">
    <testcase time="0.0199999999999996" classname="table_09" name="Table_09_generation_works_with_default_values"/>
    <testcase time="0.0399999999999991" classname="table_09" name="Table_09_generation_works_with_default_values"/>
    <testcase time="0.295000000000002" classname="table_09" name="Table_09_generation_works_with_default_values"/>
    <testcase time="0.0569999999999986" classname="table_09" name="Table_09_generation_works_with_default_values">
      <skipped message="Reason: On CRAN ('test-table_09.R:8:3')"/>
    </testcase>
    <testcase time="0.0160000000000018" classname="table_09" name="Table_09_generation_works_with_custom_values"/>
    <testcase time="0.0399999999999991" classname="table_09" name="Table_09_generation_works_with_custom_values"/>
    <testcase time="0.358999999999998" classname="table_09" name="Table_09_generation_works_with_custom_values"/>
    <testcase time="0.0670000000000002" classname="table_09" name="Table_09_generation_works_with_custom_values">
      <skipped message="Reason: On CRAN ('test-table_09.R:39:3')"/>
    </testcase>
  </testsuite>
  <testsuite name="table_10" timestamp="2023-09-28T22:47:55Z" hostname="c5f71f8a6ba4" tests="10" skipped="2" failures="0" errors="0" time="0.983">
    <testcase time="0.0259999999999998" classname="table_10" name="Table_10_generation_works_with_default_values"/>
    <testcase time="0.00100000000000122" classname="table_10" name="Table_10_generation_works_with_default_values"/>
    <testcase time="0.0509999999999984" classname="table_10" name="Table_10_generation_works_with_default_values"/>
    <testcase time="0.346" classname="table_10" name="Table_10_generation_works_with_default_values"/>
    <testcase time="0.114000000000001" classname="table_10" name="Table_10_generation_works_with_default_values">
      <skipped message="Reason: On CRAN ('test-table_10.R:17:3')"/>
    </testcase>
    <testcase time="0.0160000000000018" classname="table_10" name="Table_10_generation_works_with_custom_values"/>
    <testcase time="0.000999999999997669" classname="table_10" name="Table_10_generation_works_with_custom_values"/>
    <testcase time="0.0370000000000026" classname="table_10" name="Table_10_generation_works_with_custom_values"/>
    <testcase time="0.34" classname="table_10" name="Table_10_generation_works_with_custom_values"/>
    <testcase time="0.0509999999999984" classname="table_10" name="Table_10_generation_works_with_custom_values">
      <skipped message="Reason: On CRAN ('test-table_10.R:52:3')"/>
    </testcase>
  </testsuite>
  <testsuite name="table_11" timestamp="2023-09-28T22:47:56Z" hostname="c5f71f8a6ba4" tests="8" skipped="2" failures="0" errors="0" time="1.473">
    <testcase time="0.0259999999999998" classname="table_11" name="Table_11_generation_works_with_default_values"/>
    <testcase time="0.0489999999999995" classname="table_11" name="Table_11_generation_works_with_default_values"/>
    <testcase time="0.582000000000001" classname="table_11" name="Table_11_generation_works_with_default_values"/>
    <testcase time="0.131" classname="table_11" name="Table_11_generation_works_with_default_values">
      <skipped message="Reason: On CRAN ('test-table_11.R:18:3')"/>
    </testcase>
    <testcase time="0.0169999999999995" classname="table_11" name="Table_11_generation_works_with_custom_values"/>
    <testcase time="0.0429999999999993" classname="table_11" name="Table_11_generation_works_with_custom_values"/>
    <testcase time="0.564" classname="table_11" name="Table_11_generation_works_with_custom_values"/>
    <testcase time="0.0609999999999999" classname="table_11" name="Table_11_generation_works_with_custom_values">
      <skipped message="Reason: On CRAN ('test-table_11.R:48:3')"/>
    </testcase>
  </testsuite>
  <testsuite name="table_12" timestamp="2023-09-28T22:47:57Z" hostname="c5f71f8a6ba4" tests="8" skipped="2" failures="0" errors="0" time="1.939">
    <testcase time="0.0210000000000008" classname="table_12" name="Table_12_generation_works_with_default_values"/>
    <testcase time="0.0609999999999999" classname="table_12" name="Table_12_generation_works_with_default_values"/>
    <testcase time="0.784000000000002" classname="table_12" name="Table_12_generation_works_with_default_values"/>
    <testcase time="0.105999999999998" classname="table_12" name="Table_12_generation_works_with_default_values">
      <skipped message="Reason: On CRAN ('test-table_12.R:9:3')"/>
    </testcase>
    <testcase time="0.0160000000000018" classname="table_12" name="Table_12_generation_works_with_custom_values"/>
    <testcase time="0.0499999999999972" classname="table_12" name="Table_12_generation_works_with_custom_values"/>
    <testcase time="0.788" classname="table_12" name="Table_12_generation_works_with_custom_values"/>
    <testcase time="0.113" classname="table_12" name="Table_12_generation_works_with_custom_values">
      <skipped message="Reason: On CRAN ('test-table_12.R:39:3')"/>
    </testcase>
  </testsuite>
  <testsuite name="table_13" timestamp="2023-09-28T22:47:59Z" hostname="c5f71f8a6ba4" tests="8" skipped="2" failures="0" errors="0" time="0.516">
    <testcase time="0.0200000000000031" classname="table_13" name="Table_13_generation_works_with_default_values"/>
    <testcase time="0.046999999999997" classname="table_13" name="Table_13_generation_works_with_default_values"/>
    <testcase time="0.127000000000002" classname="table_13" name="Table_13_generation_works_with_default_values"/>
    <testcase time="0.0649999999999977" classname="table_13" name="Table_13_generation_works_with_default_values">
      <skipped message="Reason: On CRAN ('test-table_13.R:8:3')"/>
    </testcase>
    <testcase time="0.0160000000000018" classname="table_13" name="Table_13_generation_works_with_custom_values"/>
    <testcase time="0.0470000000000006" classname="table_13" name="Table_13_generation_works_with_custom_values"/>
    <testcase time="0.148999999999997" classname="table_13" name="Table_13_generation_works_with_custom_values"/>
    <testcase time="0.0450000000000017" classname="table_13" name="Table_13_generation_works_with_custom_values">
      <skipped message="Reason: On CRAN ('test-table_13.R:38:3')"/>
    </testcase>
  </testsuite>
  <testsuite name="table_14" timestamp="2023-09-28T22:48:00Z" hostname="c5f71f8a6ba4" tests="10" skipped="3" failures="0" errors="0" time="2.434">
    <testcase time="0.0279999999999987" classname="table_14" name="Table_14_generation_works_with_default_values"/>
    <testcase time="0.588000000000001" classname="table_14" name="Table_14_generation_works_with_default_values"/>
    <testcase time="0.138000000000002" classname="table_14" name="Table_14_generation_works_with_default_values">
      <skipped message="Reason: On CRAN ('test-table_14.R:16:3')"/>
    </testcase>
    <testcase time="0.0209999999999972" classname="table_14" name="Table_14_generation_works_with_custom_values"/>
    <testcase time="0.049000000000003" classname="table_14" name="Table_14_generation_works_with_custom_values"/>
    <testcase time="0.597999999999999" classname="table_14" name="Table_14_generation_works_with_custom_values"/>
    <testcase time="0.143999999999998" classname="table_14" name="Table_14_generation_works_with_custom_values">
      <skipped message="Reason: On CRAN ('test-table_14.R:46:3')"/>
    </testcase>
    <testcase time="0.0160000000000018" classname="table_14" name="Table_14_generation_works_with_NA_values_pruned_rows"/>
    <testcase time="0.754999999999999" classname="table_14" name="Table_14_generation_works_with_NA_values_pruned_rows"/>
    <testcase time="0.0970000000000013" classname="table_14" name="Table_14_generation_works_with_NA_values_pruned_rows">
      <skipped message="Reason: On CRAN ('test-table_14.R:53:3')"/>
    </testcase>
  </testsuite>
  <testsuite name="table_20" timestamp="2023-09-28T22:48:02Z" hostname="c5f71f8a6ba4" tests="18" skipped="3" failures="0" errors="0" time="1.75">
    <testcase time="0.0239999999999974" classname="table_20" name="Table_20_generation_works_with_default_values"/>
    <testcase time="0.00100000000000122" classname="table_20" name="Table_20_generation_works_with_default_values"/>
    <testcase time="0.00100000000000122" classname="table_20" name="Table_20_generation_works_with_default_values"/>
    <testcase time="0.0410000000000004" classname="table_20" name="Table_20_generation_works_with_default_values"/>
    <testcase time="0.375999999999998" classname="table_20" name="Table_20_generation_works_with_default_values"/>
    <testcase time="0.083000000000002" classname="table_20" name="Table_20_generation_works_with_default_values">
      <skipped message="Reason: On CRAN ('test-table_20.R:17:3')"/>
    </testcase>
    <testcase time="0.0159999999999982" classname="table_20" name="Table_20_generation_works_with_custom_values"/>
    <testcase time="0.00100000000000122" classname="table_20" name="Table_20_generation_works_with_custom_values"/>
    <testcase time="0.00100000000000122" classname="table_20" name="Table_20_generation_works_with_custom_values"/>
    <testcase time="0.041999999999998" classname="table_20" name="Table_20_generation_works_with_custom_values"/>
    <testcase time="0.556999999999999" classname="table_20" name="Table_20_generation_works_with_custom_values"/>
    <testcase time="0.0990000000000038" classname="table_20" name="Table_20_generation_works_with_custom_values">
      <skipped message="Reason: On CRAN ('test-table_20.R:65:3')"/>
    </testcase>
    <testcase time="0.0159999999999982" classname="table_20" name="Table_20_generation_works_with_missing_values_pruned_rows"/>
    <testcase time="0.000999999999997669" classname="table_20" name="Table_20_generation_works_with_missing_values_pruned_rows"/>
    <testcase time="0.00200000000000244" classname="table_20" name="Table_20_generation_works_with_missing_values_pruned_rows"/>
    <testcase time="0.046999999999997" classname="table_20" name="Table_20_generation_works_with_missing_values_pruned_rows"/>
    <testcase time="0.369" classname="table_20" name="Table_20_generation_works_with_missing_values_pruned_rows"/>
    <testcase time="0.0730000000000004" classname="table_20" name="Table_20_generation_works_with_missing_values_pruned_rows">
      <skipped message="Reason: On CRAN ('test-table_20.R:74:3')"/>
    </testcase>
  </testsuite>
  <testsuite name="table_21" timestamp="2023-09-28T22:48:04Z" hostname="c5f71f8a6ba4" tests="19" skipped="4" failures="0" errors="0" time="2.404">
    <testcase time="0.0730000000000004" classname="table_21" name="Table_21_generation_works_with_default_values"/>
    <testcase time="0.00200000000000244" classname="table_21" name="Table_21_generation_works_with_default_values"/>
    <testcase time="0.545999999999999" classname="table_21" name="Table_21_generation_works_with_default_values"/>
    <testcase time="0.0910000000000011" classname="table_21" name="Table_21_generation_works_with_default_values">
      <skipped message="Reason: On CRAN ('test-table_21.R:22:3')"/>
    </testcase>
    <testcase time="0.0159999999999982" classname="table_21" name="Table_21_generation_works_with_custom_values_N_s_denominator_and_overall_column"/>
    <testcase time="0.000999999999997669" classname="table_21" name="Table_21_generation_works_with_custom_values_N_s_denominator_and_overall_column"/>
    <testcase time="0.0760000000000005" classname="table_21" name="Table_21_generation_works_with_custom_values_N_s_denominator_and_overall_column"/>
    <testcase time="0.653000000000006" classname="table_21" name="Table_21_generation_works_with_custom_values_N_s_denominator_and_overall_column"/>
    <testcase time="0.101999999999997" classname="table_21" name="Table_21_generation_works_with_custom_values_N_s_denominator_and_overall_column">
      <skipped message="Reason: On CRAN ('test-table_21.R:34:3')"/>
    </testcase>
    <testcase time="0.0150000000000006" classname="table_21" name="Table_21_generation_works_with_custom_values_N_col_denominator_and_no_overall_column"/>
    <testcase time="0.00200000000000244" classname="table_21" name="Table_21_generation_works_with_custom_values_N_col_denominator_and_no_overall_column"/>
    <testcase time="0.0489999999999995" classname="table_21" name="Table_21_generation_works_with_custom_values_N_col_denominator_and_no_overall_column"/>
    <testcase time="0.280000000000001" classname="table_21" name="Table_21_generation_works_with_custom_values_N_col_denominator_and_no_overall_column"/>
    <testcase time="0.0859999999999985" classname="table_21" name="Table_21_generation_works_with_custom_values_N_col_denominator_and_no_overall_column">
      <skipped message="Reason: On CRAN ('test-table_21.R:62:3')"/>
    </testcase>
    <testcase time="0.0609999999999999" classname="table_21" name="Table_21_generation_works_with_some_NA_values"/>
    <testcase time="0.000999999999997669" classname="table_21" name="Table_21_generation_works_with_some_NA_values"/>
    <testcase time="0.0660000000000025" classname="table_21" name="Table_21_generation_works_with_some_NA_values"/>
    <testcase time="0.223999999999997" classname="table_21" name="Table_21_generation_works_with_some_NA_values"/>
    <testcase time="0.0600000000000023" classname="table_21" name="Table_21_generation_works_with_some_NA_values">
      <skipped message="Reason: On CRAN ('test-table_21.R:82:3')"/>
    </testcase>
  </testsuite>
  <testsuite name="table_32" timestamp="2023-09-28T22:48:06Z" hostname="c5f71f8a6ba4" tests="12" skipped="3" failures="0" errors="0" time="0.745">
    <testcase time="0.0210000000000008" classname="table_32" name="Table_32_generation_works_with_default_values"/>
    <testcase time="0.0499999999999972" classname="table_32" name="Table_32_generation_works_with_default_values"/>
    <testcase time="0.121000000000002" classname="table_32" name="Table_32_generation_works_with_default_values"/>
    <testcase time="0.0409999999999968" classname="table_32" name="Table_32_generation_works_with_default_values">
      <skipped message="Reason: On CRAN ('test-table_32.R:8:3')"/>
    </testcase>
    <testcase time="0.0150000000000006" classname="table_32" name="Table_32_generation_works_with_custom_values"/>
    <testcase time="0.0510000000000019" classname="table_32" name="Table_32_generation_works_with_custom_values"/>
    <testcase time="0.177999999999997" classname="table_32" name="Table_32_generation_works_with_custom_values"/>
    <testcase time="0.0489999999999995" classname="table_32" name="Table_32_generation_works_with_custom_values">
      <skipped message="Reason: On CRAN ('test-table_32.R:30:3')"/>
    </testcase>
    <testcase time="0.0160000000000053" classname="table_32" name="Table_32_generation_works_with_pruned_rows"/>
    <testcase time="0.0499999999999972" classname="table_32" name="Table_32_generation_works_with_pruned_rows"/>
    <testcase time="0.122999999999998" classname="table_32" name="Table_32_generation_works_with_pruned_rows"/>
    <testcase time="0.0300000000000011" classname="table_32" name="Table_32_generation_works_with_pruned_rows">
      <skipped message="Reason: On CRAN ('test-table_32.R:37:3')"/>
    </testcase>
  </testsuite>
  <testsuite name="table_33" timestamp="2023-09-28T22:48:07Z" hostname="c5f71f8a6ba4" tests="12" skipped="3" failures="0" errors="0" time="1.173">
    <testcase time="0.0200000000000031" classname="table_33" name="Table_33_generation_works_with_default_values"/>
    <testcase time="0.234000000000002" classname="table_33" name="Table_33_generation_works_with_default_values"/>
    <testcase time="0.100999999999999" classname="table_33" name="Table_33_generation_works_with_default_values"/>
    <testcase time="0.0300000000000011" classname="table_33" name="Table_33_generation_works_with_default_values">
      <skipped message="Reason: On CRAN ('test-table_33.R:8:3')"/>
    </testcase>
    <testcase time="0.0159999999999982" classname="table_33" name="Table_33_generation_works_with_custom_values"/>
    <testcase time="0.231999999999999" classname="table_33" name="Table_33_generation_works_with_custom_values"/>
    <testcase time="0.123000000000005" classname="table_33" name="Table_33_generation_works_with_custom_values"/>
    <testcase time="0.0379999999999967" classname="table_33" name="Table_33_generation_works_with_custom_values">
      <skipped message="Reason: On CRAN ('test-table_33.R:34:3')"/>
    </testcase>
    <testcase time="0.0159999999999982" classname="table_33" name="Table_33_generation_works_with_pruned_rows"/>
    <testcase time="0.234000000000002" classname="table_33" name="Table_33_generation_works_with_pruned_rows"/>
    <testcase time="0.101999999999997" classname="table_33" name="Table_33_generation_works_with_pruned_rows"/>
    <testcase time="0.027000000000001" classname="table_33" name="Table_33_generation_works_with_pruned_rows">
      <skipped message="Reason: On CRAN ('test-table_33.R:42:3')"/>
    </testcase>
  </testsuite>
  <testsuite name="table_34" timestamp="2023-09-28T22:48:08Z" hostname="c5f71f8a6ba4" tests="8" skipped="2" failures="0" errors="0" time="3.525">
    <testcase time="0.0250000000000057" classname="table_34" name="Table_34_generation_works_with_default_values"/>
    <testcase time="0.0399999999999991" classname="table_34" name="Table_34_generation_works_with_default_values"/>
    <testcase time="1.571" classname="table_34" name="Table_34_generation_works_with_default_values"/>
    <testcase time="0.189999999999998" classname="table_34" name="Table_34_generation_works_with_default_values">
      <skipped message="Reason: On CRAN ('test-table_34.R:17:3')"/>
    </testcase>
    <testcase time="0.017000000000003" classname="table_34" name="Table_34_generation_works_with_custom_values"/>
    <testcase time="0.0429999999999993" classname="table_34" name="Table_34_generation_works_with_custom_values"/>
    <testcase time="1.556" classname="table_34" name="Table_34_generation_works_with_custom_values"/>
    <testcase time="0.0830000000000055" classname="table_34" name="Table_34_generation_works_with_custom_values">
      <skipped message="Reason: On CRAN ('test-table_34.R:49:3')"/>
    </testcase>
  </testsuite>
</testsuites>
