<?xml version="1.0" encoding="UTF-8"?>
<testsuites>
  <testsuite name="fda-table_02" timestamp="2024-01-22T08:49:24Z" hostname="5e996b2669cf" tests="30" skipped="10" failures="0" errors="0" time="10.219">
    <testcase time="0.182" classname="fda_table_02" name="Table_02_generation_works_with_default_values"/>
    <testcase time="0.388" classname="fda_table_02" name="Table_02_generation_works_with_default_values"/>
    <testcase time="0.185" classname="fda_table_02" name="Table_02_generation_works_with_default_values">
      <skipped message="Reason: On CRAN ('test-fda-table_02.R:9:3')"/>
    </testcase>
    <testcase time="0.073" classname="fda_table_02" name="Table_02_generation_works_with_custom_values"/>
    <testcase time="0.282" classname="fda_table_02" name="Table_02_generation_works_with_custom_values"/>
    <testcase time="0.21" classname="fda_table_02" name="Table_02_generation_works_with_custom_values">
      <skipped message="Reason: On CRAN ('test-fda-table_02.R:38:3')"/>
    </testcase>
    <testcase time="0.04" classname="fda_table_02" name="Table_02_generation_works_with_some_NA_values"/>
    <testcase time="0.069" classname="fda_table_02" name="Table_02_generation_works_with_some_NA_values"/>
    <testcase time="0.0390000000000001" classname="fda_table_02" name="Table_02_generation_works_with_some_NA_values">
      <skipped message="Reason: On CRAN ('test-fda-table_02.R:50:3')"/>
    </testcase>
    <testcase time="0.0129999999999999" classname="fda_table_02" name="Table_02_generation_tplyr_works_with_default_values"/>
    <testcase time="1.051" classname="fda_table_02" name="Table_02_generation_tplyr_works_with_default_values"/>
    <testcase time="0.024" classname="fda_table_02" name="Table_02_generation_tplyr_works_with_default_values">
      <skipped message="Reason: On CRAN ('test-fda-table_02.R:59:3')"/>
    </testcase>
    <testcase time="0.0119999999999996" classname="fda_table_02" name="Table_02_generation_tplyr_works_with_tplyr_raw_TRUE"/>
    <testcase time="0.56" classname="fda_table_02" name="Table_02_generation_tplyr_works_with_tplyr_raw_TRUE"/>
    <testcase time="0.016" classname="fda_table_02" name="Table_02_generation_tplyr_works_with_tplyr_raw_TRUE">
      <skipped message="Reason: On CRAN ('test-fda-table_02.R:68:3')"/>
    </testcase>
    <testcase time="0.0329999999999995" classname="fda_table_02" name="Table_02_generation_tplyr_works_with_custom_values"/>
    <testcase time="1.037" classname="fda_table_02" name="Table_02_generation_tplyr_works_with_custom_values"/>
    <testcase time="0.016" classname="fda_table_02" name="Table_02_generation_tplyr_works_with_custom_values">
      <skipped message="Reason: On CRAN ('test-fda-table_02.R:95:3')"/>
    </testcase>
    <testcase time="0.0270000000000001" classname="fda_table_02" name="Table_02_generation_tplyr_works_with_some_NA_values"/>
    <testcase time="0.423" classname="fda_table_02" name="Table_02_generation_tplyr_works_with_some_NA_values"/>
    <testcase time="0.016" classname="fda_table_02" name="Table_02_generation_tplyr_works_with_some_NA_values">
      <skipped message="Reason: On CRAN ('test-fda-table_02.R:112:3')"/>
    </testcase>
    <testcase time="0.0129999999999999" classname="fda_table_02" name="Table_02_generation_gtsum_works_with_default_values"/>
    <testcase time="2.269" classname="fda_table_02" name="Table_02_generation_gtsum_works_with_default_values"/>
    <testcase time="0.0210000000000008" classname="fda_table_02" name="Table_02_generation_gtsum_works_with_default_values">
      <skipped message="Reason: On CRAN ('test-fda-table_02.R:121:3')"/>
    </testcase>
    <testcase time="0.032" classname="fda_table_02" name="Table_02_generation_gtsum_works_with_custom_values"/>
    <testcase time="2.203" classname="fda_table_02" name="Table_02_generation_gtsum_works_with_custom_values"/>
    <testcase time="0.027000000000001" classname="fda_table_02" name="Table_02_generation_gtsum_works_with_custom_values">
      <skipped message="Reason: On CRAN ('test-fda-table_02.R:139:3')"/>
    </testcase>
    <testcase time="0.0309999999999988" classname="fda_table_02" name="Table_02_generation_gtsum_works_with_some_NA_values"/>
    <testcase time="0.906000000000001" classname="fda_table_02" name="Table_02_generation_gtsum_works_with_some_NA_values"/>
    <testcase time="0.0210000000000008" classname="fda_table_02" name="Table_02_generation_gtsum_works_with_some_NA_values">
      <skipped message="Reason: On CRAN ('test-fda-table_02.R:153:3')"/>
    </testcase>
  </testsuite>
  <testsuite name="fda-table_03" timestamp="2024-01-22T08:49:34Z" hostname="5e996b2669cf" tests="8" skipped="2" failures="0" errors="0" time="0.574">
    <testcase time="0.0249999999999986" classname="fda_table_03" name="Table_3_generation_works_with_default_values"/>
    <testcase time="0.00100000000000122" classname="fda_table_03" name="Table_3_generation_works_with_default_values"/>
    <testcase time="0.209999999999999" classname="fda_table_03" name="Table_3_generation_works_with_default_values"/>
    <testcase time="0.0519999999999996" classname="fda_table_03" name="Table_3_generation_works_with_default_values">
      <skipped message="Reason: On CRAN ('test-fda-table_03.R:21:3')"/>
    </testcase>
    <testcase time="0.0120000000000005" classname="fda_table_03" name="Table_3_generation_works_with_custom_values"/>
    <testcase time="0.000999999999999446" classname="fda_table_03" name="Table_3_generation_works_with_custom_values"/>
    <testcase time="0.214" classname="fda_table_03" name="Table_3_generation_works_with_custom_values"/>
    <testcase time="0.0590000000000011" classname="fda_table_03" name="Table_3_generation_works_with_custom_values">
      <skipped message="Reason: On CRAN ('test-fda-table_03.R:41:3')"/>
    </testcase>
  </testsuite>
  <testsuite name="fda-table_04" timestamp="2024-01-22T08:49:34Z" hostname="5e996b2669cf" tests="9" skipped="2" failures="0" errors="0" time="0.629">
    <testcase time="0.0299999999999994" classname="fda_table_04" name="Table_04_generation_works_with_default_values"/>
    <testcase time="0.202" classname="fda_table_04" name="Table_04_generation_works_with_default_values"/>
    <testcase time="0.0779999999999994" classname="fda_table_04" name="Table_04_generation_works_with_default_values">
      <skipped message="Reason: On CRAN ('test-fda-table_04.R:18:3')"/>
    </testcase>
    <testcase time="0.0120000000000005" classname="fda_table_04" name="Table_04_generation_works_with_custom_values"/>
    <testcase time="0.00200000000000067" classname="fda_table_04" name="Table_04_generation_works_with_custom_values"/>
    <testcase time="0.000999999999999446" classname="fda_table_04" name="Table_04_generation_works_with_custom_values"/>
    <testcase time="0.000999999999999446" classname="fda_table_04" name="Table_04_generation_works_with_custom_values"/>
    <testcase time="0.235000000000001" classname="fda_table_04" name="Table_04_generation_works_with_custom_values"/>
    <testcase time="0.0679999999999996" classname="fda_table_04" name="Table_04_generation_works_with_custom_values">
      <skipped message="Reason: On CRAN ('test-fda-table_04.R:46:3')"/>
    </testcase>
  </testsuite>
  <testsuite name="fda-table_05" timestamp="2024-01-22T08:49:35Z" hostname="5e996b2669cf" tests="12" skipped="4" failures="0" errors="0" time="1.066">
    <testcase time="0.131" classname="fda_table_05" name="Table_05_generation_works_with_default_values"/>
    <testcase time="0.157" classname="fda_table_05" name="Table_05_generation_works_with_default_values"/>
    <testcase time="0.0589999999999993" classname="fda_table_05" name="Table_05_generation_works_with_default_values">
      <skipped message="Reason: On CRAN ('test-fda-table_05.R:10:3')"/>
    </testcase>
    <testcase time="0.0129999999999999" classname="fda_table_05" name="Table_05_generation_works_with_custom_values"/>
    <testcase time="0.168000000000001" classname="fda_table_05" name="Table_05_generation_works_with_custom_values"/>
    <testcase time="0.0709999999999997" classname="fda_table_05" name="Table_05_generation_works_with_custom_values">
      <skipped message="Reason: On CRAN ('test-fda-table_05.R:34:3')"/>
    </testcase>
    <testcase time="0.0139999999999993" classname="fda_table_05" name="Table_05_generation_works_with_NA_values_pruned_rows"/>
    <testcase time="0.140000000000001" classname="fda_table_05" name="Table_05_generation_works_with_NA_values_pruned_rows"/>
    <testcase time="0.0630000000000006" classname="fda_table_05" name="Table_05_generation_works_with_NA_values_pruned_rows">
      <skipped message="Reason: On CRAN ('test-fda-table_05.R:44:3')"/>
    </testcase>
    <testcase time="0.0129999999999999" classname="fda_table_05" name="Table_05_generation_works_with_risk_difference_column"/>
    <testcase time="0.17" classname="fda_table_05" name="Table_05_generation_works_with_risk_difference_column"/>
    <testcase time="0.0670000000000002" classname="fda_table_05" name="Table_05_generation_works_with_risk_difference_column">
      <skipped message="Reason: On CRAN ('test-fda-table_05.R:57:3')"/>
    </testcase>
  </testsuite>
  <testsuite name="fda-table_06" timestamp="2024-01-22T08:49:36Z" hostname="5e996b2669cf" tests="15" skipped="3" failures="0" errors="0" time="1.584">
    <testcase time="0.0229999999999997" classname="fda_table_06" name="Table_06_generation_works_with_default_values"/>
    <testcase time="0.000999999999999446" classname="fda_table_06" name="Table_06_generation_works_with_default_values"/>
    <testcase time="0.0360000000000014" classname="fda_table_06" name="Table_06_generation_works_with_default_values"/>
    <testcase time="0.309999999999999" classname="fda_table_06" name="Table_06_generation_works_with_default_values"/>
    <testcase time="0.0869999999999997" classname="fda_table_06" name="Table_06_generation_works_with_default_values">
      <skipped message="Reason: On CRAN ('test-fda-table_06.R:8:3')"/>
    </testcase>
    <testcase time="0.0129999999999999" classname="fda_table_06" name="Table_06_generation_works_with_custom_values"/>
    <testcase time="0.00100000000000122" classname="fda_table_06" name="Table_06_generation_works_with_custom_values"/>
    <testcase time="0.036999999999999" classname="fda_table_06" name="Table_06_generation_works_with_custom_values"/>
    <testcase time="0.418000000000001" classname="fda_table_06" name="Table_06_generation_works_with_custom_values"/>
    <testcase time="0.116" classname="fda_table_06" name="Table_06_generation_works_with_custom_values">
      <skipped message="Reason: On CRAN ('test-fda-table_06.R:40:3')"/>
    </testcase>
    <testcase time="0.0139999999999993" classname="fda_table_06" name="Table_06_generation_works_with_risk_difference_column"/>
    <testcase time="0.00100000000000122" classname="fda_table_06" name="Table_06_generation_works_with_risk_difference_column"/>
    <testcase time="0.0359999999999996" classname="fda_table_06" name="Table_06_generation_works_with_risk_difference_column"/>
    <testcase time="0.391" classname="fda_table_06" name="Table_06_generation_works_with_risk_difference_column"/>
    <testcase time="0.100000000000001" classname="fda_table_06" name="Table_06_generation_works_with_risk_difference_column">
      <skipped message="Reason: On CRAN ('test-fda-table_06.R:48:3')"/>
    </testcase>
  </testsuite>
  <testsuite name="fda-table_07" timestamp="2024-01-22T08:49:38Z" hostname="5e996b2669cf" tests="24" skipped="4" failures="0" errors="0" time="1.722">
    <testcase time="0.0189999999999984" classname="fda_table_07" name="Table_07_generation_works_with_default_values"/>
    <testcase time="0.00100000000000122" classname="fda_table_07" name="Table_07_generation_works_with_default_values"/>
    <testcase time="0.00199999999999889" classname="fda_table_07" name="Table_07_generation_works_with_default_values"/>
    <testcase time="0.0259999999999998" classname="fda_table_07" name="Table_07_generation_works_with_default_values"/>
    <testcase time="0.23" classname="fda_table_07" name="Table_07_generation_works_with_default_values"/>
    <testcase time="0.105999999999998" classname="fda_table_07" name="Table_07_generation_works_with_default_values">
      <skipped message="Reason: On CRAN ('test-fda-table_07.R:13:3')"/>
    </testcase>
    <testcase time="0.0130000000000017" classname="fda_table_07" name="Table_07_generation_works_with_custom_values"/>
    <testcase time="0.00100000000000122" classname="fda_table_07" name="Table_07_generation_works_with_custom_values"/>
    <testcase time="0.000999999999997669" classname="fda_table_07" name="Table_07_generation_works_with_custom_values"/>
    <testcase time="0.027000000000001" classname="fda_table_07" name="Table_07_generation_works_with_custom_values"/>
    <testcase time="0.326000000000001" classname="fda_table_07" name="Table_07_generation_works_with_custom_values"/>
    <testcase time="0.128999999999998" classname="fda_table_07" name="Table_07_generation_works_with_custom_values">
      <skipped message="Reason: On CRAN ('test-fda-table_07.R:42:3')"/>
    </testcase>
    <testcase time="0.0130000000000017" classname="fda_table_07" name="Table_07_generation_works_with_NA_values_pruned_rows"/>
    <testcase time="0.00100000000000122" classname="fda_table_07" name="Table_07_generation_works_with_NA_values_pruned_rows"/>
    <testcase time="0.000999999999997669" classname="fda_table_07" name="Table_07_generation_works_with_NA_values_pruned_rows"/>
    <testcase time="0.0259999999999998" classname="fda_table_07" name="Table_07_generation_works_with_NA_values_pruned_rows"/>
    <testcase time="0.222000000000001" classname="fda_table_07" name="Table_07_generation_works_with_NA_values_pruned_rows"/>
    <testcase time="0.132999999999999" classname="fda_table_07" name="Table_07_generation_works_with_NA_values_pruned_rows">
      <skipped message="Reason: On CRAN ('test-fda-table_07.R:52:3')"/>
    </testcase>
    <testcase time="0.0130000000000017" classname="fda_table_07" name="Table_07_generation_works_with_risk_difference_column"/>
    <testcase time="0.00199999999999889" classname="fda_table_07" name="Table_07_generation_works_with_risk_difference_column"/>
    <testcase time="0.00100000000000122" classname="fda_table_07" name="Table_07_generation_works_with_risk_difference_column"/>
    <testcase time="0.0259999999999998" classname="fda_table_07" name="Table_07_generation_works_with_risk_difference_column"/>
    <testcase time="0.288999999999998" classname="fda_table_07" name="Table_07_generation_works_with_risk_difference_column"/>
    <testcase time="0.114000000000001" classname="fda_table_07" name="Table_07_generation_works_with_risk_difference_column">
      <skipped message="Reason: On CRAN ('test-fda-table_07.R:65:3')"/>
    </testcase>
  </testsuite>
  <testsuite name="fda-table_08" timestamp="2024-01-22T08:49:39Z" hostname="5e996b2669cf" tests="8" skipped="2" failures="0" errors="0" time="0.403">
    <testcase time="0.0169999999999995" classname="fda_table_08" name="Table_08_generation_works_with_default_values"/>
    <testcase time="0.00100000000000122" classname="fda_table_08" name="Table_08_generation_works_with_default_values"/>
    <testcase time="0.032" classname="fda_table_08" name="Table_08_generation_works_with_default_values"/>
    <testcase time="0.140999999999998" classname="fda_table_08" name="Table_08_generation_works_with_default_values">
      <skipped message="Reason: On CRAN ('test-fda-table_08.R:10:3')"/>
    </testcase>
    <testcase time="0.0130000000000017" classname="fda_table_08" name="Table_08_generation_works_with_custom_values"/>
    <testcase time="0.00199999999999889" classname="fda_table_08" name="Table_08_generation_works_with_custom_values"/>
    <testcase time="0.0259999999999998" classname="fda_table_08" name="Table_08_generation_works_with_custom_values"/>
    <testcase time="0.171000000000003" classname="fda_table_08" name="Table_08_generation_works_with_custom_values">
      <skipped message="Reason: On CRAN ('test-fda-table_08.R:31:3')"/>
    </testcase>
  </testsuite>
  <testsuite name="fda-table_09" timestamp="2024-01-22T08:49:40Z" hostname="5e996b2669cf" tests="84" skipped="7" failures="0" errors="0" time="9.741">
    <testcase time="0.0199999999999996" classname="fda_table_09" name="Table_09_generation_works_with_default_values"/>
    <testcase time="0.0279999999999987" classname="fda_table_09" name="Table_09_generation_works_with_default_values"/>
    <testcase time="0.222999999999999" classname="fda_table_09" name="Table_09_generation_works_with_default_values"/>
    <testcase time="0.0519999999999996" classname="fda_table_09" name="Table_09_generation_works_with_default_values">
      <skipped message="Reason: On CRAN ('test-fda-table_09.R:8:3')"/>
    </testcase>
    <testcase time="0.0130000000000017" classname="fda_table_09" name="Table_09_generation_works_with_custom_values"/>
    <testcase time="0.0259999999999998" classname="fda_table_09" name="Table_09_generation_works_with_custom_values"/>
    <testcase time="0.265000000000001" classname="fda_table_09" name="Table_09_generation_works_with_custom_values"/>
    <testcase time="0.0629999999999988" classname="fda_table_09" name="Table_09_generation_works_with_custom_values">
      <skipped message="Reason: On CRAN ('test-fda-table_09.R:39:3')"/>
    </testcase>
    <testcase time="0.0130000000000017" classname="fda_table_09" name="Table_09_gt_generation_works_with_risk_difference_column"/>
    <testcase time="0.0269999999999975" classname="fda_table_09" name="Table_09_gt_generation_works_with_risk_difference_column"/>
    <testcase time="0.278000000000002" classname="fda_table_09" name="Table_09_gt_generation_works_with_risk_difference_column"/>
    <testcase time="0.0629999999999988" classname="fda_table_09" name="Table_09_gt_generation_works_with_risk_difference_column">
      <skipped message="Reason: On CRAN ('test-fda-table_09.R:47:3')"/>
    </testcase>
    <testcase time="0.0130000000000017" classname="fda_table_09" name="Table_09_gt_generation_works_with_default_values"/>
    <testcase time="0.0980000000000025" classname="fda_table_09" name="Table_09_gt_generation_works_with_default_values">
      <skipped message="Reason: On CRAN ('test-fda-table_09.R:60:3')"/>
    </testcase>
    <testcase time="0.0129999999999981" classname="fda_table_09" name="Table_09_gt_generation_works_with_custom_values"/>
    <testcase time="0.16" classname="fda_table_09" name="Table_09_gt_generation_works_with_custom_values">
      <skipped message="Reason: On CRAN ('test-fda-table_09.R:88:3')"/>
    </testcase>
    <testcase time="0.362000000000002" classname="fda_table_09" name="make_table_09_tplyr_returns_a_tibble_when_tplyr_raw_TRUE"/>
    <testcase time="0.036999999999999" classname="fda_table_09" name="make_table_09_tplyr_returns_a_tibble_when_tplyr_raw_TRUE"/>
    <testcase time="0.0150000000000006" classname="fda_table_09" name="make_table_09_tplyr_returns_a_tibble_when_tplyr_raw_TRUE"/>
    <testcase time="0.00199999999999889" classname="fda_table_09" name="make_table_09_tplyr_returns_a_tibble_when_tplyr_raw_TRUE"/>
    <testcase time="0.0139999999999993" classname="fda_table_09" name="make_table_09_tplyr_returns_a_tibble_when_tplyr_raw_TRUE">
      <skipped message="Reason: On CRAN ('test-fda-table_09.R:98:3')"/>
    </testcase>
    <testcase time="0.364000000000001" classname="fda_table_09" name="make_table_09_tplyr_returns_a_gt_object_when_tplyr_raw_FALSE"/>
    <testcase time="0.0380000000000003" classname="fda_table_09" name="make_table_09_tplyr_returns_a_gt_object_when_tplyr_raw_FALSE"/>
    <testcase time="0.0539999999999985" classname="fda_table_09" name="make_table_09_tplyr_returns_a_gt_object_when_tplyr_raw_FALSE"/>
    <testcase time="0.00200000000000244" classname="fda_table_09" name="make_table_09_tplyr_returns_a_gt_object_when_tplyr_raw_FALSE"/>
    <testcase time="0.0749999999999993" classname="fda_table_09" name="make_table_09_tplyr_returns_a_gt_object_when_tplyr_raw_FALSE">
      <skipped message="Reason: On CRAN ('test-fda-table_09.R:106:3')"/>
    </testcase>
    <testcase time="0.367999999999999" classname="fda_table_09" name="make_table_09_tplyr_provides_total_column_counts_based_on_the_alt_count_df_parameter"/>
    <testcase time="0.0380000000000003" classname="fda_table_09" name="make_table_09_tplyr_provides_total_column_counts_based_on_the_alt_count_df_parameter"/>
    <testcase time="0.0240000000000009" classname="fda_table_09" name="make_table_09_tplyr_provides_total_column_counts_based_on_the_alt_count_df_parameter"/>
    <testcase time="0.356999999999999" classname="fda_table_09" name="make_table_09_tplyr_provides_total_column_counts_based_on_the_alt_count_df_parameter"/>
    <testcase time="0.036999999999999" classname="fda_table_09" name="make_table_09_tplyr_provides_total_column_counts_based_on_the_alt_count_df_parameter"/>
    <testcase time="0.0259999999999998" classname="fda_table_09" name="make_table_09_tplyr_provides_total_column_counts_based_on_the_alt_count_df_parameter"/>
    <testcase time="0.370000000000001" classname="fda_table_09" name="make_table_09_tplyr_assigns_column_headers_correctly_to_the_arm_groups"/>
    <testcase time="0.0380000000000003" classname="fda_table_09" name="make_table_09_tplyr_assigns_column_headers_correctly_to_the_arm_groups"/>
    <testcase time="0.0169999999999995" classname="fda_table_09" name="make_table_09_tplyr_assigns_column_headers_correctly_to_the_arm_groups"/>
    <testcase time="0.346" classname="fda_table_09" name="make_table_09_tplyr_assigns_column_headers_correctly_to_the_arm_groups"/>
    <testcase time="0.036999999999999" classname="fda_table_09" name="make_table_09_tplyr_assigns_column_headers_correctly_to_the_arm_groups"/>
    <testcase time="0.0160000000000018" classname="fda_table_09" name="make_table_09_tplyr_assigns_column_headers_correctly_to_the_arm_groups"/>
    <testcase time="0.353000000000002" classname="fda_table_09" name="make_table_09_tplyr_assigns_column_headers_correctly_to_the_arm_groups"/>
    <testcase time="0.036999999999999" classname="fda_table_09" name="make_table_09_tplyr_assigns_column_headers_correctly_to_the_arm_groups"/>
    <testcase time="0.0159999999999982" classname="fda_table_09" name="make_table_09_tplyr_assigns_column_headers_correctly_to_the_arm_groups"/>
    <testcase time="0.605" classname="fda_table_09" name="make_table_09_tplyr_provides_risk_difference_columns_based_on_the_risk_diff_pairs_parameter"/>
    <testcase time="0.036999999999999" classname="fda_table_09" name="make_table_09_tplyr_provides_risk_difference_columns_based_on_the_risk_diff_pairs_parameter"/>
    <testcase time="0.017000000000003" classname="fda_table_09" name="make_table_09_tplyr_provides_risk_difference_columns_based_on_the_risk_diff_pairs_parameter"/>
    <testcase time="0.446999999999999" classname="fda_table_09" name="make_table_09_tplyr_provides_risk_difference_columns_based_on_the_risk_diff_pairs_parameter"/>
    <testcase time="0.036999999999999" classname="fda_table_09" name="make_table_09_tplyr_provides_risk_difference_columns_based_on_the_risk_diff_pairs_parameter"/>
    <testcase time="0.0150000000000006" classname="fda_table_09" name="make_table_09_tplyr_provides_risk_difference_columns_based_on_the_risk_diff_pairs_parameter"/>
    <testcase time="0.0749999999999993" classname="fda_table_09" name="make_table_09_tplyr_provides_risk_difference_columns_based_on_the_risk_diff_pairs_parameter"/>
    <testcase time="0.363" classname="fda_table_09" name="make_table_09_tplyr_provides_a_total_column_based_on_the_lbl_overall_parameter"/>
    <testcase time="0.0370000000000026" classname="fda_table_09" name="make_table_09_tplyr_provides_a_total_column_based_on_the_lbl_overall_parameter"/>
    <testcase time="0.0199999999999996" classname="fda_table_09" name="make_table_09_tplyr_provides_a_total_column_based_on_the_lbl_overall_parameter"/>
    <testcase time="0.00199999999999889" classname="fda_table_09" name="make_table_09_tplyr_provides_a_total_column_based_on_the_lbl_overall_parameter"/>
    <testcase time="0.562999999999999" classname="fda_table_09" name="make_table_09_tplyr_provides_a_total_column_based_on_the_lbl_overall_parameter"/>
    <testcase time="0.036999999999999" classname="fda_table_09" name="make_table_09_tplyr_provides_a_total_column_based_on_the_lbl_overall_parameter"/>
    <testcase time="0.0190000000000019" classname="fda_table_09" name="make_table_09_tplyr_provides_a_total_column_based_on_the_lbl_overall_parameter"/>
    <testcase time="0.337999999999997" classname="fda_table_09" name="make_table_09_tplyr_prunes_all_zero_rows_based_on_the_prune_0_parameter"/>
    <testcase time="0.0420000000000016" classname="fda_table_09" name="make_table_09_tplyr_prunes_all_zero_rows_based_on_the_prune_0_parameter"/>
    <testcase time="0.0210000000000008" classname="fda_table_09" name="make_table_09_tplyr_prunes_all_zero_rows_based_on_the_prune_0_parameter"/>
    <testcase time="0.329000000000001" classname="fda_table_09" name="make_table_09_tplyr_prunes_all_zero_rows_based_on_the_prune_0_parameter"/>
    <testcase time="0.0410000000000004" classname="fda_table_09" name="make_table_09_tplyr_prunes_all_zero_rows_based_on_the_prune_0_parameter"/>
    <testcase time="0.0179999999999971" classname="fda_table_09" name="make_table_09_tplyr_prunes_all_zero_rows_based_on_the_prune_0_parameter"/>
    <testcase time="0.347000000000001" classname="fda_table_09" name="make_table_09_tplyr_shows_column_counts_based_on_the_show_colcounts_parameter"/>
    <testcase time="0.036999999999999" classname="fda_table_09" name="make_table_09_tplyr_shows_column_counts_based_on_the_show_colcounts_parameter"/>
    <testcase time="0.0169999999999995" classname="fda_table_09" name="make_table_09_tplyr_shows_column_counts_based_on_the_show_colcounts_parameter"/>
    <testcase time="0.338000000000001" classname="fda_table_09" name="make_table_09_tplyr_shows_column_counts_based_on_the_show_colcounts_parameter"/>
    <testcase time="0.036999999999999" classname="fda_table_09" name="make_table_09_tplyr_shows_column_counts_based_on_the_show_colcounts_parameter"/>
    <testcase time="0.0100000000000016" classname="fda_table_09" name="make_table_09_tplyr_shows_column_counts_based_on_the_show_colcounts_parameter"/>
    <testcase time="0.565000000000001" classname="fda_table_09" name="make_table_09_tplyr_considers_lbl_soc_var_and_lbl_pref_var_parameters"/>
    <testcase time="0.0359999999999978" classname="fda_table_09" name="make_table_09_tplyr_considers_lbl_soc_var_and_lbl_pref_var_parameters"/>
    <testcase time="0.0169999999999995" classname="fda_table_09" name="make_table_09_tplyr_considers_lbl_soc_var_and_lbl_pref_var_parameters"/>
    <testcase time="0.00300000000000011" classname="fda_table_09" name="make_table_09_tplyr_considers_lbl_soc_var_and_lbl_pref_var_parameters"/>
    <testcase time="0.339000000000002" classname="fda_table_09" name="make_table_09_tplyr_considers_lbl_soc_var_and_lbl_pref_var_parameters"/>
    <testcase time="0.036999999999999" classname="fda_table_09" name="make_table_09_tplyr_considers_lbl_soc_var_and_lbl_pref_var_parameters"/>
    <testcase time="0.0539999999999985" classname="fda_table_09" name="make_table_09_tplyr_considers_lbl_soc_var_and_lbl_pref_var_parameters"/>
    <testcase time="0.00300000000000011" classname="fda_table_09" name="make_table_09_tplyr_considers_lbl_soc_var_and_lbl_pref_var_parameters"/>
    <testcase time="0.337" classname="fda_table_09" name="make_table_09_tplyr_considers_annotations_if_tplyr_raw_FALSE"/>
    <testcase time="0.0360000000000014" classname="fda_table_09" name="make_table_09_tplyr_considers_annotations_if_tplyr_raw_FALSE"/>
    <testcase time="0.0500000000000007" classname="fda_table_09" name="make_table_09_tplyr_considers_annotations_if_tplyr_raw_FALSE"/>
    <testcase time="0.00300000000000011" classname="fda_table_09" name="make_table_09_tplyr_considers_annotations_if_tplyr_raw_FALSE"/>
    <testcase time="0.00300000000000011" classname="fda_table_09" name="make_table_09_tplyr_considers_annotations_if_tplyr_raw_FALSE"/>
    <testcase time="0.00300000000000011" classname="fda_table_09" name="make_table_09_tplyr_considers_annotations_if_tplyr_raw_FALSE"/>
    <testcase time="0.00300000000000011" classname="fda_table_09" name="make_table_09_tplyr_considers_annotations_if_tplyr_raw_FALSE"/>
    <testcase time="0.00199999999999889" classname="fda_table_09" name="make_table_09_tplyr_considers_annotations_if_tplyr_raw_FALSE"/>
    <testcase time="0.00300000000000011" classname="fda_table_09" name="make_table_09_tplyr_considers_annotations_if_tplyr_raw_FALSE"/>
  </testsuite>
  <testsuite name="fda-table_10" timestamp="2024-01-22T08:49:50Z" hostname="5e996b2669cf" tests="15" skipped="3" failures="0" errors="0" time="1.186">
    <testcase time="0.0120000000000005" classname="fda_table_10" name="Table_10_generation_works_with_default_values"/>
    <testcase time="0.00100000000000122" classname="fda_table_10" name="Table_10_generation_works_with_default_values"/>
    <testcase time="0.0269999999999975" classname="fda_table_10" name="Table_10_generation_works_with_default_values"/>
    <testcase time="0.254000000000001" classname="fda_table_10" name="Table_10_generation_works_with_default_values"/>
    <testcase time="0.105" classname="fda_table_10" name="Table_10_generation_works_with_default_values">
      <skipped message="Reason: On CRAN ('test-fda-table_10.R:17:3')"/>
    </testcase>
    <testcase time="0.0129999999999981" classname="fda_table_10" name="Table_10_generation_works_with_custom_values"/>
    <testcase time="0.00100000000000122" classname="fda_table_10" name="Table_10_generation_works_with_custom_values"/>
    <testcase time="0.0240000000000009" classname="fda_table_10" name="Table_10_generation_works_with_custom_values"/>
    <testcase time="0.236999999999998" classname="fda_table_10" name="Table_10_generation_works_with_custom_values"/>
    <testcase time="0.0459999999999994" classname="fda_table_10" name="Table_10_generation_works_with_custom_values">
      <skipped message="Reason: On CRAN ('test-fda-table_10.R:52:3')"/>
    </testcase>
    <testcase time="0.0130000000000017" classname="fda_table_10" name="Table_10_generation_works_with_risk_difference_column"/>
    <testcase time="0.00100000000000122" classname="fda_table_10" name="Table_10_generation_works_with_risk_difference_column"/>
    <testcase time="0.0279999999999987" classname="fda_table_10" name="Table_10_generation_works_with_risk_difference_column"/>
    <testcase time="0.308" classname="fda_table_10" name="Table_10_generation_works_with_risk_difference_column"/>
    <testcase time="0.116" classname="fda_table_10" name="Table_10_generation_works_with_risk_difference_column">
      <skipped message="Reason: On CRAN ('test-fda-table_10.R:60:3')"/>
    </testcase>
  </testsuite>
  <testsuite name="fda-table_11" timestamp="2024-01-22T08:49:51Z" hostname="5e996b2669cf" tests="12" skipped="3" failures="0" errors="0" time="1.832">
    <testcase time="0.0199999999999996" classname="fda_table_11" name="Table_11_generation_works_with_default_values"/>
    <testcase time="0.0350000000000001" classname="fda_table_11" name="Table_11_generation_works_with_default_values"/>
    <testcase time="0.425000000000001" classname="fda_table_11" name="Table_11_generation_works_with_default_values"/>
    <testcase time="0.119" classname="fda_table_11" name="Table_11_generation_works_with_default_values">
      <skipped message="Reason: On CRAN ('test-fda-table_11.R:18:3')"/>
    </testcase>
    <testcase time="0.0130000000000017" classname="fda_table_11" name="Table_11_generation_works_with_custom_values"/>
    <testcase time="0.0289999999999999" classname="fda_table_11" name="Table_11_generation_works_with_custom_values"/>
    <testcase time="0.391999999999999" classname="fda_table_11" name="Table_11_generation_works_with_custom_values"/>
    <testcase time="0.0559999999999974" classname="fda_table_11" name="Table_11_generation_works_with_custom_values">
      <skipped message="Reason: On CRAN ('test-fda-table_11.R:48:3')"/>
    </testcase>
    <testcase time="0.0130000000000017" classname="fda_table_11" name="Table_11_generation_works_with_risk_difference_column"/>
    <testcase time="0.0380000000000003" classname="fda_table_11" name="Table_11_generation_works_with_risk_difference_column"/>
    <testcase time="0.553000000000001" classname="fda_table_11" name="Table_11_generation_works_with_risk_difference_column"/>
    <testcase time="0.138999999999999" classname="fda_table_11" name="Table_11_generation_works_with_risk_difference_column">
      <skipped message="Reason: On CRAN ('test-fda-table_11.R:56:3')"/>
    </testcase>
  </testsuite>
  <testsuite name="fda-table_12" timestamp="2024-01-22T08:49:53Z" hostname="5e996b2669cf" tests="12" skipped="3" failures="0" errors="0" time="2.401">
    <testcase time="0.0180000000000007" classname="fda_table_12" name="Table_12_generation_works_with_default_values"/>
    <testcase time="0.0410000000000004" classname="fda_table_12" name="Table_12_generation_works_with_default_values"/>
    <testcase time="0.602999999999998" classname="fda_table_12" name="Table_12_generation_works_with_default_values"/>
    <testcase time="0.100000000000001" classname="fda_table_12" name="Table_12_generation_works_with_default_values">
      <skipped message="Reason: On CRAN ('test-fda-table_12.R:9:3')"/>
    </testcase>
    <testcase time="0.0129999999999981" classname="fda_table_12" name="Table_12_generation_works_with_custom_values"/>
    <testcase time="0.0340000000000025" classname="fda_table_12" name="Table_12_generation_works_with_custom_values"/>
    <testcase time="0.588999999999995" classname="fda_table_12" name="Table_12_generation_works_with_custom_values"/>
    <testcase time="0.103000000000002" classname="fda_table_12" name="Table_12_generation_works_with_custom_values">
      <skipped message="Reason: On CRAN ('test-fda-table_12.R:39:3')"/>
    </testcase>
    <testcase time="0.0130000000000052" classname="fda_table_12" name="Table_12_generation_works_with_risk_difference_column"/>
    <testcase time="0.0339999999999989" classname="fda_table_12" name="Table_12_generation_works_with_risk_difference_column"/>
    <testcase time="0.739999999999995" classname="fda_table_12" name="Table_12_generation_works_with_risk_difference_column"/>
    <testcase time="0.113" classname="fda_table_12" name="Table_12_generation_works_with_risk_difference_column">
      <skipped message="Reason: On CRAN ('test-fda-table_12.R:47:3')"/>
    </testcase>
  </testsuite>
  <testsuite name="fda-table_13" timestamp="2024-01-22T08:49:55Z" hostname="5e996b2669cf" tests="12" skipped="3" failures="0" errors="0" time="0.649">
    <testcase time="0.017000000000003" classname="fda_table_13" name="Table_13_generation_works_with_default_values"/>
    <testcase time="0.0339999999999989" classname="fda_table_13" name="Table_13_generation_works_with_default_values"/>
    <testcase time="0.097999999999999" classname="fda_table_13" name="Table_13_generation_works_with_default_values"/>
    <testcase time="0.0549999999999997" classname="fda_table_13" name="Table_13_generation_works_with_default_values">
      <skipped message="Reason: On CRAN ('test-fda-table_13.R:8:3')"/>
    </testcase>
    <testcase time="0.0150000000000006" classname="fda_table_13" name="Table_13_generation_works_with_custom_values"/>
    <testcase time="0.0339999999999989" classname="fda_table_13" name="Table_13_generation_works_with_custom_values"/>
    <testcase time="0.108000000000004" classname="fda_table_13" name="Table_13_generation_works_with_custom_values"/>
    <testcase time="0.0399999999999991" classname="fda_table_13" name="Table_13_generation_works_with_custom_values">
      <skipped message="Reason: On CRAN ('test-fda-table_13.R:38:3')"/>
    </testcase>
    <testcase time="0.0129999999999981" classname="fda_table_13" name="Table_13_generation_works_with_risk_difference_column"/>
    <testcase time="0.0560000000000045" classname="fda_table_13" name="Table_13_generation_works_with_risk_difference_column"/>
    <testcase time="0.102999999999994" classname="fda_table_13" name="Table_13_generation_works_with_risk_difference_column"/>
    <testcase time="0.0760000000000005" classname="fda_table_13" name="Table_13_generation_works_with_risk_difference_column">
      <skipped message="Reason: On CRAN ('test-fda-table_13.R:46:3')"/>
    </testcase>
  </testsuite>
  <testsuite name="fda-table_14" timestamp="2024-01-22T08:49:56Z" hostname="5e996b2669cf" tests="13" skipped="4" failures="0" errors="0" time="2.438">
    <testcase time="0.0240000000000009" classname="fda_table_14" name="Table_14_generation_works_with_default_values"/>
    <testcase time="0.414000000000001" classname="fda_table_14" name="Table_14_generation_works_with_default_values"/>
    <testcase time="0.140999999999998" classname="fda_table_14" name="Table_14_generation_works_with_default_values">
      <skipped message="Reason: On CRAN ('test-fda-table_14.R:16:3')"/>
    </testcase>
    <testcase time="0.0140000000000029" classname="fda_table_14" name="Table_14_generation_works_with_custom_values"/>
    <testcase time="0.0339999999999989" classname="fda_table_14" name="Table_14_generation_works_with_custom_values"/>
    <testcase time="0.427999999999997" classname="fda_table_14" name="Table_14_generation_works_with_custom_values"/>
    <testcase time="0.136000000000003" classname="fda_table_14" name="Table_14_generation_works_with_custom_values">
      <skipped message="Reason: On CRAN ('test-fda-table_14.R:46:3')"/>
    </testcase>
    <testcase time="0.0129999999999981" classname="fda_table_14" name="Table_14_generation_works_with_NA_values_pruned_rows"/>
    <testcase time="0.396999999999998" classname="fda_table_14" name="Table_14_generation_works_with_NA_values_pruned_rows"/>
    <testcase time="0.106000000000002" classname="fda_table_14" name="Table_14_generation_works_with_NA_values_pruned_rows">
      <skipped message="Reason: On CRAN ('test-fda-table_14.R:53:3')"/>
    </testcase>
    <testcase time="0.0129999999999981" classname="fda_table_14" name="Table_14_generation_works_with_risk_difference_column"/>
    <testcase time="0.564" classname="fda_table_14" name="Table_14_generation_works_with_risk_difference_column"/>
    <testcase time="0.154000000000003" classname="fda_table_14" name="Table_14_generation_works_with_risk_difference_column">
      <skipped message="Reason: On CRAN ('test-fda-table_14.R:61:3')"/>
    </testcase>
  </testsuite>
  <testsuite name="fda-table_15" timestamp="2024-01-22T08:49:58Z" hostname="5e996b2669cf" tests="16" skipped="4" failures="0" errors="0" time="1.403">
    <testcase time="0.0290000000000035" classname="fda_table_15" name="Table_15_generation_works_with_default_values"/>
    <testcase time="0.029999999999994" classname="fda_table_15" name="Table_15_generation_works_with_default_values"/>
    <testcase time="0.197000000000003" classname="fda_table_15" name="Table_15_generation_works_with_default_values"/>
    <testcase time="0.0910000000000011" classname="fda_table_15" name="Table_15_generation_works_with_default_values">
      <skipped message="Reason: On CRAN ('test-fda-table_15.R:19:3')"/>
    </testcase>
    <testcase time="0.0180000000000007" classname="fda_table_15" name="Table_15_generation_works_with_custom_values"/>
    <testcase time="0.0279999999999987" classname="fda_table_15" name="Table_15_generation_works_with_custom_values"/>
    <testcase time="0.195999999999998" classname="fda_table_15" name="Table_15_generation_works_with_custom_values"/>
    <testcase time="0.0940000000000012" classname="fda_table_15" name="Table_15_generation_works_with_custom_values">
      <skipped message="Reason: On CRAN ('test-fda-table_15.R:51:3')"/>
    </testcase>
    <testcase time="0.0140000000000029" classname="fda_table_15" name="Table_15_generation_works_with_NA_values_pruned_rows"/>
    <testcase time="0.0279999999999987" classname="fda_table_15" name="Table_15_generation_works_with_NA_values_pruned_rows"/>
    <testcase time="0.196999999999996" classname="fda_table_15" name="Table_15_generation_works_with_NA_values_pruned_rows"/>
    <testcase time="0.102000000000004" classname="fda_table_15" name="Table_15_generation_works_with_NA_values_pruned_rows">
      <skipped message="Reason: On CRAN ('test-fda-table_15.R:58:3')"/>
    </testcase>
    <testcase time="0.0129999999999981" classname="fda_table_15" name="Table_15_generation_works_with_risk_difference_column"/>
    <testcase time="0.0290000000000035" classname="fda_table_15" name="Table_15_generation_works_with_risk_difference_column"/>
    <testcase time="0.230999999999995" classname="fda_table_15" name="Table_15_generation_works_with_risk_difference_column"/>
    <testcase time="0.106000000000002" classname="fda_table_15" name="Table_15_generation_works_with_risk_difference_column">
      <skipped message="Reason: On CRAN ('test-fda-table_15.R:66:3')"/>
    </testcase>
  </testsuite>
  <testsuite name="fda-table_16" timestamp="2024-01-22T08:50:00Z" hostname="5e996b2669cf" tests="16" skipped="4" failures="0" errors="0" time="1.188">
    <testcase time="0.0189999999999984" classname="fda_table_16" name="Table_16_generation_works_with_default_values"/>
    <testcase time="0.0260000000000034" classname="fda_table_16" name="Table_16_generation_works_with_default_values"/>
    <testcase time="0.201999999999998" classname="fda_table_16" name="Table_16_generation_works_with_default_values"/>
    <testcase time="0.0450000000000017" classname="fda_table_16" name="Table_16_generation_works_with_default_values">
      <skipped message="Reason: On CRAN ('test-fda-table_16.R:19:3')"/>
    </testcase>
    <testcase time="0.0129999999999981" classname="fda_table_16" name="Table_16_generation_works_with_custom_values"/>
    <testcase time="0.0260000000000034" classname="fda_table_16" name="Table_16_generation_works_with_custom_values"/>
    <testcase time="0.201999999999998" classname="fda_table_16" name="Table_16_generation_works_with_custom_values"/>
    <testcase time="0.0510000000000019" classname="fda_table_16" name="Table_16_generation_works_with_custom_values">
      <skipped message="Reason: On CRAN ('test-fda-table_16.R:51:3')"/>
    </testcase>
    <testcase time="0.0150000000000006" classname="fda_table_16" name="Table_16_generation_works_with_NA_values_pruned_rows"/>
    <testcase time="0.027000000000001" classname="fda_table_16" name="Table_16_generation_works_with_NA_values_pruned_rows"/>
    <testcase time="0.194999999999993" classname="fda_table_16" name="Table_16_generation_works_with_NA_values_pruned_rows"/>
    <testcase time="0.0410000000000039" classname="fda_table_16" name="Table_16_generation_works_with_NA_values_pruned_rows">
      <skipped message="Reason: On CRAN ('test-fda-table_16.R:58:3')"/>
    </testcase>
    <testcase time="0.0129999999999981" classname="fda_table_16" name="Table_16_generation_works_with_risk_difference_column"/>
    <testcase time="0.0380000000000038" classname="fda_table_16" name="Table_16_generation_works_with_risk_difference_column"/>
    <testcase time="0.228999999999999" classname="fda_table_16" name="Table_16_generation_works_with_risk_difference_column"/>
    <testcase time="0.0459999999999994" classname="fda_table_16" name="Table_16_generation_works_with_risk_difference_column">
      <skipped message="Reason: On CRAN ('test-fda-table_16.R:66:3')"/>
    </testcase>
  </testsuite>
  <testsuite name="fda-table_17" timestamp="2024-01-22T08:50:01Z" hostname="5e996b2669cf" tests="16" skipped="4" failures="0" errors="0" time="2.369">
    <testcase time="0.0259999999999962" classname="fda_table_17" name="Table_17_generation_works_with_default_values"/>
    <testcase time="0.0350000000000037" classname="fda_table_17" name="Table_17_generation_works_with_default_values"/>
    <testcase time="0.308999999999997" classname="fda_table_17" name="Table_17_generation_works_with_default_values"/>
    <testcase time="0.157000000000004" classname="fda_table_17" name="Table_17_generation_works_with_default_values">
      <skipped message="Reason: On CRAN ('test-fda-table_17.R:25:3')"/>
    </testcase>
    <testcase time="0.0129999999999981" classname="fda_table_17" name="Table_17_generation_works_with_custom_values"/>
    <testcase time="0.0300000000000011" classname="fda_table_17" name="Table_17_generation_works_with_custom_values"/>
    <testcase time="0.308999999999997" classname="fda_table_17" name="Table_17_generation_works_with_custom_values"/>
    <testcase time="0.157000000000004" classname="fda_table_17" name="Table_17_generation_works_with_custom_values">
      <skipped message="Reason: On CRAN ('test-fda-table_17.R:57:3')"/>
    </testcase>
    <testcase time="0.0129999999999981" classname="fda_table_17" name="Table_17_generation_works_with_NA_values_pruned_rows"/>
    <testcase time="0.0309999999999988" classname="fda_table_17" name="Table_17_generation_works_with_NA_values_pruned_rows"/>
    <testcase time="0.316000000000003" classname="fda_table_17" name="Table_17_generation_works_with_NA_values_pruned_rows"/>
    <testcase time="0.156999999999996" classname="fda_table_17" name="Table_17_generation_works_with_NA_values_pruned_rows">
      <skipped message="Reason: On CRAN ('test-fda-table_17.R:64:3')"/>
    </testcase>
    <testcase time="0.0230000000000032" classname="fda_table_17" name="Table_17_generation_works_with_risk_difference_column"/>
    <testcase time="0.0339999999999989" classname="fda_table_17" name="Table_17_generation_works_with_risk_difference_column"/>
    <testcase time="0.588999999999999" classname="fda_table_17" name="Table_17_generation_works_with_risk_difference_column"/>
    <testcase time="0.170000000000002" classname="fda_table_17" name="Table_17_generation_works_with_risk_difference_column">
      <skipped message="Reason: On CRAN ('test-fda-table_17.R:72:3')"/>
    </testcase>
  </testsuite>
  <testsuite name="fda-table_18" timestamp="2024-01-22T08:50:03Z" hostname="5e996b2669cf" tests="16" skipped="4" failures="0" errors="0" time="1.606">
    <testcase time="0.0189999999999984" classname="fda_table_18" name="Table_18_generation_works_with_default_values"/>
    <testcase time="0.027000000000001" classname="fda_table_18" name="Table_18_generation_works_with_default_values"/>
    <testcase time="0.280999999999999" classname="fda_table_18" name="Table_18_generation_works_with_default_values"/>
    <testcase time="0.0660000000000025" classname="fda_table_18" name="Table_18_generation_works_with_default_values">
      <skipped message="Reason: On CRAN ('test-fda-table_18.R:25:3')"/>
    </testcase>
    <testcase time="0.0129999999999981" classname="fda_table_18" name="Table_18_generation_works_with_custom_values"/>
    <testcase time="0.0260000000000034" classname="fda_table_18" name="Table_18_generation_works_with_custom_values"/>
    <testcase time="0.284999999999997" classname="fda_table_18" name="Table_18_generation_works_with_custom_values"/>
    <testcase time="0.0589999999999975" classname="fda_table_18" name="Table_18_generation_works_with_custom_values">
      <skipped message="Reason: On CRAN ('test-fda-table_18.R:57:3')"/>
    </testcase>
    <testcase time="0.0130000000000052" classname="fda_table_18" name="Table_18_generation_works_with_NA_values_pruned_rows"/>
    <testcase time="0.0319999999999965" classname="fda_table_18" name="Table_18_generation_works_with_NA_values_pruned_rows"/>
    <testcase time="0.283000000000001" classname="fda_table_18" name="Table_18_generation_works_with_NA_values_pruned_rows"/>
    <testcase time="0.0579999999999998" classname="fda_table_18" name="Table_18_generation_works_with_NA_values_pruned_rows">
      <skipped message="Reason: On CRAN ('test-fda-table_18.R:64:3')"/>
    </testcase>
    <testcase time="0.0129999999999981" classname="fda_table_18" name="Table_18_generation_works_with_risk_difference_column"/>
    <testcase time="0.027000000000001" classname="fda_table_18" name="Table_18_generation_works_with_risk_difference_column"/>
    <testcase time="0.338000000000001" classname="fda_table_18" name="Table_18_generation_works_with_risk_difference_column"/>
    <testcase time="0.0660000000000025" classname="fda_table_18" name="Table_18_generation_works_with_risk_difference_column">
      <skipped message="Reason: On CRAN ('test-fda-table_18.R:72:3')"/>
    </testcase>
  </testsuite>
  <testsuite name="fda-table_20" timestamp="2024-01-22T08:50:05Z" hostname="5e996b2669cf" tests="24" skipped="4" failures="0" errors="0" time="1.965">
    <testcase time="0.0189999999999984" classname="fda_table_20" name="Table_20_generation_works_with_default_values"/>
    <testcase time="0.00100000000000477" classname="fda_table_20" name="Table_20_generation_works_with_default_values"/>
    <testcase time="0.000999999999997669" classname="fda_table_20" name="Table_20_generation_works_with_default_values"/>
    <testcase time="0.0289999999999964" classname="fda_table_20" name="Table_20_generation_works_with_default_values"/>
    <testcase time="0.294000000000004" classname="fda_table_20" name="Table_20_generation_works_with_default_values"/>
    <testcase time="0.0790000000000006" classname="fda_table_20" name="Table_20_generation_works_with_default_values">
      <skipped message="Reason: On CRAN ('test-fda-table_20.R:17:3')"/>
    </testcase>
    <testcase time="0.0129999999999981" classname="fda_table_20" name="Table_20_generation_works_with_custom_values"/>
    <testcase time="0.000999999999997669" classname="fda_table_20" name="Table_20_generation_works_with_custom_values"/>
    <testcase time="0.00200000000000244" classname="fda_table_20" name="Table_20_generation_works_with_custom_values"/>
    <testcase time="0.0289999999999964" classname="fda_table_20" name="Table_20_generation_works_with_custom_values"/>
    <testcase time="0.439" classname="fda_table_20" name="Table_20_generation_works_with_custom_values"/>
    <testcase time="0.0990000000000038" classname="fda_table_20" name="Table_20_generation_works_with_custom_values">
      <skipped message="Reason: On CRAN ('test-fda-table_20.R:65:3')"/>
    </testcase>
    <testcase time="0.0129999999999981" classname="fda_table_20" name="Table_20_generation_works_with_missing_values_pruned_rows"/>
    <testcase time="0.00100000000000477" classname="fda_table_20" name="Table_20_generation_works_with_missing_values_pruned_rows"/>
    <testcase time="0.00199999999999534" classname="fda_table_20" name="Table_20_generation_works_with_missing_values_pruned_rows"/>
    <testcase time="0.0290000000000035" classname="fda_table_20" name="Table_20_generation_works_with_missing_values_pruned_rows"/>
    <testcase time="0.306999999999995" classname="fda_table_20" name="Table_20_generation_works_with_missing_values_pruned_rows"/>
    <testcase time="0.0800000000000054" classname="fda_table_20" name="Table_20_generation_works_with_missing_values_pruned_rows">
      <skipped message="Reason: On CRAN ('test-fda-table_20.R:74:3')"/>
    </testcase>
    <testcase time="0.0129999999999981" classname="fda_table_20" name="Table_20_generation_works_with_risk_difference_column"/>
    <testcase time="0.000999999999997669" classname="fda_table_20" name="Table_20_generation_works_with_risk_difference_column"/>
    <testcase time="0.00100000000000477" classname="fda_table_20" name="Table_20_generation_works_with_risk_difference_column"/>
    <testcase time="0.029999999999994" classname="fda_table_20" name="Table_20_generation_works_with_risk_difference_column"/>
    <testcase time="0.399000000000001" classname="fda_table_20" name="Table_20_generation_works_with_risk_difference_column"/>
    <testcase time="0.0830000000000055" classname="fda_table_20" name="Table_20_generation_works_with_risk_difference_column">
      <skipped message="Reason: On CRAN ('test-fda-table_20.R:82:3')"/>
    </testcase>
  </testsuite>
  <testsuite name="fda-table_21" timestamp="2024-01-22T08:50:07Z" hostname="5e996b2669cf" tests="19" skipped="4" failures="0" errors="0" time="1.836">
    <testcase time="0.0259999999999962" classname="fda_table_21" name="Table_21_generation_works_with_default_values"/>
    <testcase time="0.00200000000000244" classname="fda_table_21" name="Table_21_generation_works_with_default_values"/>
    <testcase time="0.387999999999998" classname="fda_table_21" name="Table_21_generation_works_with_default_values"/>
    <testcase time="0.0940000000000012" classname="fda_table_21" name="Table_21_generation_works_with_default_values">
      <skipped message="Reason: On CRAN ('test-fda-table_21.R:16:3')"/>
    </testcase>
    <testcase time="0.0129999999999981" classname="fda_table_21" name="Table_21_generation_works_with_custom_values_N_s_denominator_and_overall_column"/>
    <testcase time="0.000999999999997669" classname="fda_table_21" name="Table_21_generation_works_with_custom_values_N_s_denominator_and_overall_column"/>
    <testcase time="0.0609999999999999" classname="fda_table_21" name="Table_21_generation_works_with_custom_values_N_s_denominator_and_overall_column"/>
    <testcase time="0.456000000000003" classname="fda_table_21" name="Table_21_generation_works_with_custom_values_N_s_denominator_and_overall_column"/>
    <testcase time="0.109999999999999" classname="fda_table_21" name="Table_21_generation_works_with_custom_values_N_s_denominator_and_overall_column">
      <skipped message="Reason: On CRAN ('test-fda-table_21.R:28:3')"/>
    </testcase>
    <testcase time="0.0129999999999981" classname="fda_table_21" name="Table_21_generation_works_with_custom_values_N_col_denominator_and_no_overall_column"/>
    <testcase time="0.00100000000000477" classname="fda_table_21" name="Table_21_generation_works_with_custom_values_N_col_denominator_and_no_overall_column"/>
    <testcase time="0.0339999999999989" classname="fda_table_21" name="Table_21_generation_works_with_custom_values_N_col_denominator_and_no_overall_column"/>
    <testcase time="0.228000000000002" classname="fda_table_21" name="Table_21_generation_works_with_custom_values_N_col_denominator_and_no_overall_column"/>
    <testcase time="0.0839999999999961" classname="fda_table_21" name="Table_21_generation_works_with_custom_values_N_col_denominator_and_no_overall_column">
      <skipped message="Reason: On CRAN ('test-fda-table_21.R:56:3')"/>
    </testcase>
    <testcase time="0.054000000000002" classname="fda_table_21" name="Table_21_generation_works_with_some_NA_values"/>
    <testcase time="0.00199999999999534" classname="fda_table_21" name="Table_21_generation_works_with_some_NA_values"/>
    <testcase time="0.0320000000000036" classname="fda_table_21" name="Table_21_generation_works_with_some_NA_values"/>
    <testcase time="0.179000000000002" classname="fda_table_21" name="Table_21_generation_works_with_some_NA_values"/>
    <testcase time="0.0579999999999998" classname="fda_table_21" name="Table_21_generation_works_with_some_NA_values">
      <skipped message="Reason: On CRAN ('test-fda-table_21.R:76:3')"/>
    </testcase>
  </testsuite>
  <testsuite name="fda-table_32" timestamp="2024-01-22T08:50:09Z" hostname="5e996b2669cf" tests="22" skipped="6" failures="0" errors="0" time="3.464">
    <testcase time="0.0180000000000007" classname="fda_table_32" name="Table_32_generation_works_with_default_values"/>
    <testcase time="0.0359999999999943" classname="fda_table_32" name="Table_32_generation_works_with_default_values"/>
    <testcase time="0.0990000000000038" classname="fda_table_32" name="Table_32_generation_works_with_default_values"/>
    <testcase time="0.0399999999999991" classname="fda_table_32" name="Table_32_generation_works_with_default_values">
      <skipped message="Reason: On CRAN ('test-fda-table_32.R:8:3')"/>
    </testcase>
    <testcase time="0.0129999999999981" classname="fda_table_32" name="Table_32_generation_works_with_custom_values"/>
    <testcase time="0.044000000000004" classname="fda_table_32" name="Table_32_generation_works_with_custom_values"/>
    <testcase time="0.107999999999997" classname="fda_table_32" name="Table_32_generation_works_with_custom_values"/>
    <testcase time="0.054000000000002" classname="fda_table_32" name="Table_32_generation_works_with_custom_values">
      <skipped message="Reason: On CRAN ('test-fda-table_32.R:30:3')"/>
    </testcase>
    <testcase time="0.0129999999999981" classname="fda_table_32" name="Table_32_generation_works_with_pruned_rows"/>
    <testcase time="0.0350000000000037" classname="fda_table_32" name="Table_32_generation_works_with_pruned_rows"/>
    <testcase time="0.0889999999999986" classname="fda_table_32" name="Table_32_generation_works_with_pruned_rows"/>
    <testcase time="0.044000000000004" classname="fda_table_32" name="Table_32_generation_works_with_pruned_rows">
      <skipped message="Reason: On CRAN ('test-fda-table_32.R:37:3')"/>
    </testcase>
    <testcase time="0.0129999999999981" classname="fda_table_32" name="Table_32_generation_works_with_risk_difference_column"/>
    <testcase time="0.0390000000000015" classname="fda_table_32" name="Table_32_generation_works_with_risk_difference_column"/>
    <testcase time="0.129999999999995" classname="fda_table_32" name="Table_32_generation_works_with_risk_difference_column"/>
    <testcase time="0.0429999999999993" classname="fda_table_32" name="Table_32_generation_works_with_risk_difference_column">
      <skipped message="Reason: On CRAN ('test-fda-table_32.R:45:3')"/>
    </testcase>
    <testcase time="0.0130000000000052" classname="fda_table_32" name="Table_32_gtsum_generation_works_with_default_values"/>
    <testcase time="1.067" classname="fda_table_32" name="Table_32_gtsum_generation_works_with_default_values"/>
    <testcase time="0.0180000000000007" classname="fda_table_32" name="Table_32_gtsum_generation_works_with_default_values">
      <skipped message="Reason: On CRAN ('test-fda-table_32.R:51:3')"/>
    </testcase>
    <testcase time="0.0189999999999984" classname="fda_table_32" name="Table_32_gtsum_generation_works_with_custom_values"/>
    <testcase time="1.508" classname="fda_table_32" name="Table_32_gtsum_generation_works_with_custom_values"/>
    <testcase time="0.0210000000000008" classname="fda_table_32" name="Table_32_gtsum_generation_works_with_custom_values">
      <skipped message="Reason: On CRAN ('test-fda-table_32.R:60:3')"/>
    </testcase>
  </testsuite>
  <testsuite name="fda-table_33" timestamp="2024-01-22T08:50:12Z" hostname="5e996b2669cf" tests="16" skipped="4" failures="0" errors="0" time="1.405">
    <testcase time="0.0180000000000007" classname="fda_table_33" name="Table_33_generation_works_with_default_values"/>
    <testcase time="0.222999999999999" classname="fda_table_33" name="Table_33_generation_works_with_default_values"/>
    <testcase time="0.0720000000000027" classname="fda_table_33" name="Table_33_generation_works_with_default_values"/>
    <testcase time="0.0279999999999987" classname="fda_table_33" name="Table_33_generation_works_with_default_values">
      <skipped message="Reason: On CRAN ('test-fda-table_33.R:9:3')"/>
    </testcase>
    <testcase time="0.0140000000000029" classname="fda_table_33" name="Table_33_generation_works_with_custom_values"/>
    <testcase time="0.226999999999997" classname="fda_table_33" name="Table_33_generation_works_with_custom_values"/>
    <testcase time="0.088000000000001" classname="fda_table_33" name="Table_33_generation_works_with_custom_values"/>
    <testcase time="0.0330000000000013" classname="fda_table_33" name="Table_33_generation_works_with_custom_values">
      <skipped message="Reason: On CRAN ('test-fda-table_33.R:35:3')"/>
    </testcase>
    <testcase time="0.0139999999999958" classname="fda_table_33" name="Table_33_generation_works_with_pruned_rows"/>
    <testcase time="0.218000000000004" classname="fda_table_33" name="Table_33_generation_works_with_pruned_rows"/>
    <testcase time="0.070999999999998" classname="fda_table_33" name="Table_33_generation_works_with_pruned_rows"/>
    <testcase time="0.0240000000000009" classname="fda_table_33" name="Table_33_generation_works_with_pruned_rows">
      <skipped message="Reason: On CRAN ('test-fda-table_33.R:43:3')"/>
    </testcase>
    <testcase time="0.0140000000000029" classname="fda_table_33" name="Table_33_generation_works_with_risk_difference_column"/>
    <testcase time="0.235999999999997" classname="fda_table_33" name="Table_33_generation_works_with_risk_difference_column"/>
    <testcase time="0.0919999999999987" classname="fda_table_33" name="Table_33_generation_works_with_risk_difference_column"/>
    <testcase time="0.0330000000000013" classname="fda_table_33" name="Table_33_generation_works_with_risk_difference_column">
      <skipped message="Reason: On CRAN ('test-fda-table_33.R:51:3')"/>
    </testcase>
  </testsuite>
  <testsuite name="fda-table_34" timestamp="2024-01-22T08:50:13Z" hostname="5e996b2669cf" tests="12" skipped="3" failures="0" errors="0" time="4.727">
    <testcase time="0.0219999999999985" classname="fda_table_34" name="Table_34_generation_works_with_default_values"/>
    <testcase time="0.0390000000000015" classname="fda_table_34" name="Table_34_generation_works_with_default_values"/>
    <testcase time="1.297" classname="fda_table_34" name="Table_34_generation_works_with_default_values"/>
    <testcase time="0.189" classname="fda_table_34" name="Table_34_generation_works_with_default_values">
      <skipped message="Reason: On CRAN ('test-fda-table_34.R:17:3')"/>
    </testcase>
    <testcase time="0.0139999999999958" classname="fda_table_34" name="Table_34_generation_works_with_custom_values"/>
    <testcase time="0.0249999999999986" classname="fda_table_34" name="Table_34_generation_works_with_custom_values"/>
    <testcase time="1.252" classname="fda_table_34" name="Table_34_generation_works_with_custom_values"/>
    <testcase time="0.0750000000000028" classname="fda_table_34" name="Table_34_generation_works_with_custom_values">
      <skipped message="Reason: On CRAN ('test-fda-table_34.R:49:3')"/>
    </testcase>
    <testcase time="0.0129999999999981" classname="fda_table_34" name="Table_34_generation_works_with_risk_difference_column"/>
    <testcase time="0.0300000000000011" classname="fda_table_34" name="Table_34_generation_works_with_risk_difference_column"/>
    <testcase time="1.54799999999999" classname="fda_table_34" name="Table_34_generation_works_with_risk_difference_column"/>
    <testcase time="0.222999999999999" classname="fda_table_34" name="Table_34_generation_works_with_risk_difference_column">
      <skipped message="Reason: On CRAN ('test-fda-table_34.R:57:3')"/>
    </testcase>
  </testsuite>
  <testsuite name="fda-table_35" timestamp="2024-01-22T08:50:18Z" hostname="5e996b2669cf" tests="20" skipped="5" failures="0" errors="0" time="0.94">
    <testcase time="0.0169999999999959" classname="fda_table_35" name="Table_35_generation_works_with_default_values"/>
    <testcase time="0.0350000000000037" classname="fda_table_35" name="Table_35_generation_works_with_default_values"/>
    <testcase time="0.0690000000000026" classname="fda_table_35" name="Table_35_generation_works_with_default_values"/>
    <testcase time="0.0489999999999995" classname="fda_table_35" name="Table_35_generation_works_with_default_values">
      <skipped message="Reason: On CRAN ('test-fda-table_35.R:8:3')"/>
    </testcase>
    <testcase time="0.0139999999999958" classname="fda_table_35" name="Table_35_generation_works_with_custom_values"/>
    <testcase time="0.0350000000000037" classname="fda_table_35" name="Table_35_generation_works_with_custom_values"/>
    <testcase time="0.0790000000000006" classname="fda_table_35" name="Table_35_generation_works_with_custom_values"/>
    <testcase time="0.0569999999999951" classname="fda_table_35" name="Table_35_generation_works_with_custom_values">
      <skipped message="Reason: On CRAN ('test-fda-table_35.R:39:3')"/>
    </testcase>
    <testcase time="0.0130000000000052" classname="fda_table_35" name="Table_35_generation_works_with_risk_difference_column"/>
    <testcase time="0.0349999999999966" classname="fda_table_35" name="Table_35_generation_works_with_risk_difference_column"/>
    <testcase time="0.0810000000000031" classname="fda_table_35" name="Table_35_generation_works_with_risk_difference_column"/>
    <testcase time="0.0549999999999997" classname="fda_table_35" name="Table_35_generation_works_with_risk_difference_column">
      <skipped message="Reason: On CRAN ('test-fda-table_35.R:47:3')"/>
    </testcase>
    <testcase time="0.0429999999999993" classname="fda_table_35" name="Table_35_generation_works_with_some_NA_values"/>
    <testcase time="0.0330000000000013" classname="fda_table_35" name="Table_35_generation_works_with_some_NA_values"/>
    <testcase time="0.0749999999999957" classname="fda_table_35" name="Table_35_generation_works_with_some_NA_values"/>
    <testcase time="0.0429999999999993" classname="fda_table_35" name="Table_35_generation_works_with_some_NA_values">
      <skipped message="Reason: On CRAN ('test-fda-table_35.R:58:3')"/>
    </testcase>
    <testcase time="0.0130000000000052" classname="fda_table_35" name="Table_35_generation_works_with_custom_values_SOC_variable_and_label_"/>
    <testcase time="0.0359999999999943" classname="fda_table_35" name="Table_35_generation_works_with_custom_values_SOC_variable_and_label_"/>
    <testcase time="0.0990000000000038" classname="fda_table_35" name="Table_35_generation_works_with_custom_values_SOC_variable_and_label_"/>
    <testcase time="0.0589999999999975" classname="fda_table_35" name="Table_35_generation_works_with_custom_values_SOC_variable_and_label_">
      <skipped message="Reason: On CRAN ('test-fda-table_35.R:71:3')"/>
    </testcase>
  </testsuite>
</testsuites>
