<?xml version="1.0" encoding="UTF-8"?>
<testsuites>
  <testsuite name="fda-fig_01" timestamp="2024-02-05T10:36:47Z" hostname="07af040a20b3" tests="8" skipped="4" failures="0" errors="0" time="2.176">
    <testcase time="0.293" classname="fda_fig_01" name="Figure_01_generation_works_with_default_values"/>
    <testcase time="0.733" classname="fda_fig_01" name="Figure_01_generation_works_with_default_values">
      <skipped message="Reason: On CRAN ('test-fda-fig_01.R:9:3')"/>
    </testcase>
    <testcase time="0.0340000000000003" classname="fda_fig_01" name="Figure_01_generation_works_with_no_table"/>
    <testcase time="0.142" classname="fda_fig_01" name="Figure_01_generation_works_with_no_table">
      <skipped message="Reason: On CRAN ('test-fda-fig_01.R:15:3')"/>
    </testcase>
    <testcase time="0.0259999999999998" classname="fda_fig_01" name="Figure_01_generation_works_with_custom_values"/>
    <testcase time="0.476" classname="fda_fig_01" name="Figure_01_generation_works_with_custom_values">
      <skipped message="Reason: On CRAN ('test-fda-fig_01.R:28:3')"/>
    </testcase>
    <testcase time="0.0130000000000003" classname="fda_fig_01" name="Figure_01_generation_works_with_ggtheme_argument_specified"/>
    <testcase time="0.459" classname="fda_fig_01" name="Figure_01_generation_works_with_ggtheme_argument_specified">
      <skipped message="Reason: On CRAN ('test-fda-fig_01.R:37:3')"/>
    </testcase>
  </testsuite>
  <testsuite name="fda-fig_02" timestamp="2024-02-05T10:36:49Z" hostname="07af040a20b3" tests="8" skipped="4" failures="0" errors="0" time="1.539">
    <testcase time="0.0219999999999994" classname="fda_fig_02" name="Figure_02_generation_works_with_default_values"/>
    <testcase time="0.423" classname="fda_fig_02" name="Figure_02_generation_works_with_default_values">
      <skipped message="Reason: On CRAN ('test-fda-fig_02.R:8:3')"/>
    </testcase>
    <testcase time="0.0130000000000008" classname="fda_fig_02" name="Figure_02_generation_works_with_no_table"/>
    <testcase time="0.127999999999999" classname="fda_fig_02" name="Figure_02_generation_works_with_no_table">
      <skipped message="Reason: On CRAN ('test-fda-fig_02.R:14:3')"/>
    </testcase>
    <testcase time="0.0130000000000008" classname="fda_fig_02" name="Figure_02_generation_works_with_custom_values"/>
    <testcase time="0.465999999999999" classname="fda_fig_02" name="Figure_02_generation_works_with_custom_values">
      <skipped message="Reason: On CRAN ('test-fda-fig_02.R:27:3')"/>
    </testcase>
    <testcase time="0.0129999999999999" classname="fda_fig_02" name="Figure_02_generation_works_with_ggtheme_argument_specified"/>
    <testcase time="0.461" classname="fda_fig_02" name="Figure_02_generation_works_with_ggtheme_argument_specified">
      <skipped message="Reason: On CRAN ('test-fda-fig_02.R:36:3')"/>
    </testcase>
  </testsuite>
  <testsuite name="fda-table_02" timestamp="2024-02-05T10:36:50Z" hostname="07af040a20b3" tests="30" skipped="10" failures="0" errors="0" time="10.196">
    <testcase time="0.0440000000000005" classname="fda_table_02" name="Table_02_generation_works_with_default_values"/>
    <testcase time="0.355" classname="fda_table_02" name="Table_02_generation_works_with_default_values"/>
    <testcase time="0.166" classname="fda_table_02" name="Table_02_generation_works_with_default_values">
      <skipped message="Reason: On CRAN ('test-fda-table_02.R:9:3')"/>
    </testcase>
    <testcase time="0.0369999999999999" classname="fda_table_02" name="Table_02_generation_works_with_custom_values"/>
    <testcase time="0.298" classname="fda_table_02" name="Table_02_generation_works_with_custom_values"/>
    <testcase time="0.221" classname="fda_table_02" name="Table_02_generation_works_with_custom_values">
      <skipped message="Reason: On CRAN ('test-fda-table_02.R:38:3')"/>
    </testcase>
    <testcase time="0.0339999999999998" classname="fda_table_02" name="Table_02_generation_works_with_some_NA_values"/>
    <testcase time="0.0789999999999997" classname="fda_table_02" name="Table_02_generation_works_with_some_NA_values"/>
    <testcase time="0.0449999999999999" classname="fda_table_02" name="Table_02_generation_works_with_some_NA_values">
      <skipped message="Reason: On CRAN ('test-fda-table_02.R:50:3')"/>
    </testcase>
    <testcase time="0.0140000000000002" classname="fda_table_02" name="Table_02_generation_tplyr_works_with_default_values"/>
    <testcase time="1.287" classname="fda_table_02" name="Table_02_generation_tplyr_works_with_default_values"/>
    <testcase time="0.0230000000000015" classname="fda_table_02" name="Table_02_generation_tplyr_works_with_default_values">
      <skipped message="Reason: On CRAN ('test-fda-table_02.R:59:3')"/>
    </testcase>
    <testcase time="0.0129999999999999" classname="fda_table_02" name="Table_02_generation_tplyr_works_with_tplyr_raw_TRUE"/>
    <testcase time="0.542999999999999" classname="fda_table_02" name="Table_02_generation_tplyr_works_with_tplyr_raw_TRUE"/>
    <testcase time="0.0169999999999995" classname="fda_table_02" name="Table_02_generation_tplyr_works_with_tplyr_raw_TRUE">
      <skipped message="Reason: On CRAN ('test-fda-table_02.R:68:3')"/>
    </testcase>
    <testcase time="0.0310000000000006" classname="fda_table_02" name="Table_02_generation_tplyr_works_with_custom_values"/>
    <testcase time="1.026" classname="fda_table_02" name="Table_02_generation_tplyr_works_with_custom_values"/>
    <testcase time="0.016" classname="fda_table_02" name="Table_02_generation_tplyr_works_with_custom_values">
      <skipped message="Reason: On CRAN ('test-fda-table_02.R:95:3')"/>
    </testcase>
    <testcase time="0.027000000000001" classname="fda_table_02" name="Table_02_generation_tplyr_works_with_some_NA_values"/>
    <testcase time="0.421999999999999" classname="fda_table_02" name="Table_02_generation_tplyr_works_with_some_NA_values"/>
    <testcase time="0.016" classname="fda_table_02" name="Table_02_generation_tplyr_works_with_some_NA_values">
      <skipped message="Reason: On CRAN ('test-fda-table_02.R:112:3')"/>
    </testcase>
    <testcase time="0.0129999999999999" classname="fda_table_02" name="Table_02_generation_gtsum_works_with_default_values"/>
    <testcase time="2.088" classname="fda_table_02" name="Table_02_generation_gtsum_works_with_default_values"/>
    <testcase time="0.0220000000000002" classname="fda_table_02" name="Table_02_generation_gtsum_works_with_default_values">
      <skipped message="Reason: On CRAN ('test-fda-table_02.R:121:3')"/>
    </testcase>
    <testcase time="0.0569999999999986" classname="fda_table_02" name="Table_02_generation_gtsum_works_with_custom_values"/>
    <testcase time="2.271" classname="fda_table_02" name="Table_02_generation_gtsum_works_with_custom_values"/>
    <testcase time="0.0220000000000002" classname="fda_table_02" name="Table_02_generation_gtsum_works_with_custom_values">
      <skipped message="Reason: On CRAN ('test-fda-table_02.R:139:3')"/>
    </testcase>
    <testcase time="0.0259999999999998" classname="fda_table_02" name="Table_02_generation_gtsum_works_with_some_NA_values"/>
    <testcase time="0.961" classname="fda_table_02" name="Table_02_generation_gtsum_works_with_some_NA_values"/>
    <testcase time="0.0220000000000002" classname="fda_table_02" name="Table_02_generation_gtsum_works_with_some_NA_values">
      <skipped message="Reason: On CRAN ('test-fda-table_02.R:153:3')"/>
    </testcase>
  </testsuite>
  <testsuite name="fda-table_03" timestamp="2024-02-05T10:37:01Z" hostname="07af040a20b3" tests="8" skipped="2" failures="0" errors="0" time="0.607">
    <testcase time="0.0199999999999996" classname="fda_table_03" name="Table_3_generation_works_with_default_values"/>
    <testcase time="0.000999999999999446" classname="fda_table_03" name="Table_3_generation_works_with_default_values"/>
    <testcase time="0.234" classname="fda_table_03" name="Table_3_generation_works_with_default_values"/>
    <testcase time="0.0480000000000018" classname="fda_table_03" name="Table_3_generation_works_with_default_values">
      <skipped message="Reason: On CRAN ('test-fda-table_03.R:21:3')"/>
    </testcase>
    <testcase time="0.0139999999999993" classname="fda_table_03" name="Table_3_generation_works_with_custom_values"/>
    <testcase time="0.000999999999997669" classname="fda_table_03" name="Table_3_generation_works_with_custom_values"/>
    <testcase time="0.228000000000002" classname="fda_table_03" name="Table_3_generation_works_with_custom_values"/>
    <testcase time="0.0609999999999999" classname="fda_table_03" name="Table_3_generation_works_with_custom_values">
      <skipped message="Reason: On CRAN ('test-fda-table_03.R:41:3')"/>
    </testcase>
  </testsuite>
  <testsuite name="fda-table_04" timestamp="2024-02-05T10:37:01Z" hostname="07af040a20b3" tests="9" skipped="2" failures="0" errors="0" time="0.635">
    <testcase time="0.0279999999999987" classname="fda_table_04" name="Table_04_generation_works_with_default_values"/>
    <testcase time="0.208000000000002" classname="fda_table_04" name="Table_04_generation_works_with_default_values"/>
    <testcase time="0.0749999999999993" classname="fda_table_04" name="Table_04_generation_works_with_default_values">
      <skipped message="Reason: On CRAN ('test-fda-table_04.R:18:3')"/>
    </testcase>
    <testcase time="0.0130000000000017" classname="fda_table_04" name="Table_04_generation_works_with_custom_values"/>
    <testcase time="0.000999999999997669" classname="fda_table_04" name="Table_04_generation_works_with_custom_values"/>
    <testcase time="0.00100000000000122" classname="fda_table_04" name="Table_04_generation_works_with_custom_values"/>
    <testcase time="0.00100000000000122" classname="fda_table_04" name="Table_04_generation_works_with_custom_values"/>
    <testcase time="0.238" classname="fda_table_04" name="Table_04_generation_works_with_custom_values"/>
    <testcase time="0.0700000000000003" classname="fda_table_04" name="Table_04_generation_works_with_custom_values">
      <skipped message="Reason: On CRAN ('test-fda-table_04.R:46:3')"/>
    </testcase>
  </testsuite>
  <testsuite name="fda-table_05" timestamp="2024-02-05T10:37:02Z" hostname="07af040a20b3" tests="12" skipped="4" failures="0" errors="0" time="0.972">
    <testcase time="0.0179999999999971" classname="fda_table_05" name="Table_05_generation_works_with_default_values"/>
    <testcase time="0.149000000000001" classname="fda_table_05" name="Table_05_generation_works_with_default_values"/>
    <testcase time="0.0599999999999987" classname="fda_table_05" name="Table_05_generation_works_with_default_values">
      <skipped message="Reason: On CRAN ('test-fda-table_05.R:10:3')"/>
    </testcase>
    <testcase time="0.0130000000000017" classname="fda_table_05" name="Table_05_generation_works_with_custom_values"/>
    <testcase time="0.175999999999998" classname="fda_table_05" name="Table_05_generation_works_with_custom_values"/>
    <testcase time="0.0720000000000027" classname="fda_table_05" name="Table_05_generation_works_with_custom_values">
      <skipped message="Reason: On CRAN ('test-fda-table_05.R:34:3')"/>
    </testcase>
    <testcase time="0.0139999999999993" classname="fda_table_05" name="Table_05_generation_works_with_NA_values_pruned_rows"/>
    <testcase time="0.143000000000001" classname="fda_table_05" name="Table_05_generation_works_with_NA_values_pruned_rows"/>
    <testcase time="0.0609999999999999" classname="fda_table_05" name="Table_05_generation_works_with_NA_values_pruned_rows">
      <skipped message="Reason: On CRAN ('test-fda-table_05.R:44:3')"/>
    </testcase>
    <testcase time="0.0209999999999972" classname="fda_table_05" name="Table_05_generation_works_with_risk_difference_column"/>
    <testcase time="0.169" classname="fda_table_05" name="Table_05_generation_works_with_risk_difference_column"/>
    <testcase time="0.0760000000000005" classname="fda_table_05" name="Table_05_generation_works_with_risk_difference_column">
      <skipped message="Reason: On CRAN ('test-fda-table_05.R:57:3')"/>
    </testcase>
  </testsuite>
  <testsuite name="fda-table_06" timestamp="2024-02-05T10:37:03Z" hostname="07af040a20b3" tests="15" skipped="3" failures="0" errors="0" time="1.635">
    <testcase time="0.0169999999999995" classname="fda_table_06" name="Table_06_generation_works_with_default_values"/>
    <testcase time="0.00100000000000122" classname="fda_table_06" name="Table_06_generation_works_with_default_values"/>
    <testcase time="0.036999999999999" classname="fda_table_06" name="Table_06_generation_works_with_default_values"/>
    <testcase time="0.317" classname="fda_table_06" name="Table_06_generation_works_with_default_values"/>
    <testcase time="0.0850000000000009" classname="fda_table_06" name="Table_06_generation_works_with_default_values">
      <skipped message="Reason: On CRAN ('test-fda-table_06.R:8:3')"/>
    </testcase>
    <testcase time="0.0139999999999993" classname="fda_table_06" name="Table_06_generation_works_with_custom_values"/>
    <testcase time="0.00100000000000122" classname="fda_table_06" name="Table_06_generation_works_with_custom_values"/>
    <testcase time="0.0459999999999994" classname="fda_table_06" name="Table_06_generation_works_with_custom_values"/>
    <testcase time="0.436" classname="fda_table_06" name="Table_06_generation_works_with_custom_values"/>
    <testcase time="0.122" classname="fda_table_06" name="Table_06_generation_works_with_custom_values">
      <skipped message="Reason: On CRAN ('test-fda-table_06.R:40:3')"/>
    </testcase>
    <testcase time="0.0130000000000017" classname="fda_table_06" name="Table_06_generation_works_with_risk_difference_column"/>
    <testcase time="0.00199999999999889" classname="fda_table_06" name="Table_06_generation_works_with_risk_difference_column"/>
    <testcase time="0.0360000000000014" classname="fda_table_06" name="Table_06_generation_works_with_risk_difference_column"/>
    <testcase time="0.404999999999998" classname="fda_table_06" name="Table_06_generation_works_with_risk_difference_column"/>
    <testcase time="0.103000000000002" classname="fda_table_06" name="Table_06_generation_works_with_risk_difference_column">
      <skipped message="Reason: On CRAN ('test-fda-table_06.R:48:3')"/>
    </testcase>
  </testsuite>
  <testsuite name="fda-table_07" timestamp="2024-02-05T10:37:04Z" hostname="07af040a20b3" tests="24" skipped="4" failures="0" errors="0" time="1.772">
    <testcase time="0.0199999999999996" classname="fda_table_07" name="Table_07_generation_works_with_default_values"/>
    <testcase time="0.00100000000000122" classname="fda_table_07" name="Table_07_generation_works_with_default_values"/>
    <testcase time="0.000999999999997669" classname="fda_table_07" name="Table_07_generation_works_with_default_values"/>
    <testcase time="0.027000000000001" classname="fda_table_07" name="Table_07_generation_works_with_default_values"/>
    <testcase time="0.239000000000001" classname="fda_table_07" name="Table_07_generation_works_with_default_values"/>
    <testcase time="0.102" classname="fda_table_07" name="Table_07_generation_works_with_default_values">
      <skipped message="Reason: On CRAN ('test-fda-table_07.R:13:3')"/>
    </testcase>
    <testcase time="0.0129999999999981" classname="fda_table_07" name="Table_07_generation_works_with_custom_values"/>
    <testcase time="0.00100000000000122" classname="fda_table_07" name="Table_07_generation_works_with_custom_values"/>
    <testcase time="0.00199999999999889" classname="fda_table_07" name="Table_07_generation_works_with_custom_values"/>
    <testcase time="0.0259999999999998" classname="fda_table_07" name="Table_07_generation_works_with_custom_values"/>
    <testcase time="0.342000000000002" classname="fda_table_07" name="Table_07_generation_works_with_custom_values"/>
    <testcase time="0.131999999999998" classname="fda_table_07" name="Table_07_generation_works_with_custom_values">
      <skipped message="Reason: On CRAN ('test-fda-table_07.R:42:3')"/>
    </testcase>
    <testcase time="0.0139999999999993" classname="fda_table_07" name="Table_07_generation_works_with_NA_values_pruned_rows"/>
    <testcase time="0.00100000000000122" classname="fda_table_07" name="Table_07_generation_works_with_NA_values_pruned_rows"/>
    <testcase time="0.00100000000000122" classname="fda_table_07" name="Table_07_generation_works_with_NA_values_pruned_rows"/>
    <testcase time="0.0269999999999975" classname="fda_table_07" name="Table_07_generation_works_with_NA_values_pruned_rows"/>
    <testcase time="0.248000000000001" classname="fda_table_07" name="Table_07_generation_works_with_NA_values_pruned_rows"/>
    <testcase time="0.109000000000002" classname="fda_table_07" name="Table_07_generation_works_with_NA_values_pruned_rows">
      <skipped message="Reason: On CRAN ('test-fda-table_07.R:52:3')"/>
    </testcase>
    <testcase time="0.0139999999999993" classname="fda_table_07" name="Table_07_generation_works_with_risk_difference_column"/>
    <testcase time="0.000999999999997669" classname="fda_table_07" name="Table_07_generation_works_with_risk_difference_column"/>
    <testcase time="0.00100000000000122" classname="fda_table_07" name="Table_07_generation_works_with_risk_difference_column"/>
    <testcase time="0.0279999999999987" classname="fda_table_07" name="Table_07_generation_works_with_risk_difference_column"/>
    <testcase time="0.298000000000002" classname="fda_table_07" name="Table_07_generation_works_with_risk_difference_column"/>
    <testcase time="0.123999999999999" classname="fda_table_07" name="Table_07_generation_works_with_risk_difference_column">
      <skipped message="Reason: On CRAN ('test-fda-table_07.R:65:3')"/>
    </testcase>
  </testsuite>
  <testsuite name="fda-table_08" timestamp="2024-02-05T10:37:06Z" hostname="07af040a20b3" tests="8" skipped="2" failures="0" errors="0" time="0.408">
    <testcase time="0.0180000000000007" classname="fda_table_08" name="Table_08_generation_works_with_default_values"/>
    <testcase time="0.00100000000000122" classname="fda_table_08" name="Table_08_generation_works_with_default_values"/>
    <testcase time="0.0309999999999988" classname="fda_table_08" name="Table_08_generation_works_with_default_values"/>
    <testcase time="0.143000000000001" classname="fda_table_08" name="Table_08_generation_works_with_default_values">
      <skipped message="Reason: On CRAN ('test-fda-table_08.R:10:3')"/>
    </testcase>
    <testcase time="0.0129999999999981" classname="fda_table_08" name="Table_08_generation_works_with_custom_values"/>
    <testcase time="0.00100000000000122" classname="fda_table_08" name="Table_08_generation_works_with_custom_values"/>
    <testcase time="0.0289999999999999" classname="fda_table_08" name="Table_08_generation_works_with_custom_values"/>
    <testcase time="0.172000000000001" classname="fda_table_08" name="Table_08_generation_works_with_custom_values">
      <skipped message="Reason: On CRAN ('test-fda-table_08.R:31:3')"/>
    </testcase>
  </testsuite>
  <testsuite name="fda-table_09" timestamp="2024-02-05T10:37:07Z" hostname="07af040a20b3" tests="48" skipped="7" failures="0" errors="0" time="8.231">
    <testcase time="0.0180000000000007" classname="fda_table_09" name="Table_09_generation_works_with_default_values"/>
    <testcase time="0.0269999999999975" classname="fda_table_09" name="Table_09_generation_works_with_default_values"/>
    <testcase time="0.219000000000001" classname="fda_table_09" name="Table_09_generation_works_with_default_values"/>
    <testcase time="0.0659999999999989" classname="fda_table_09" name="Table_09_generation_works_with_default_values">
      <skipped message="Reason: On CRAN ('test-fda-table_09.R:8:3')"/>
    </testcase>
    <testcase time="0.0140000000000029" classname="fda_table_09" name="Table_09_generation_works_with_custom_values"/>
    <testcase time="0.0269999999999975" classname="fda_table_09" name="Table_09_generation_works_with_custom_values"/>
    <testcase time="0.271000000000001" classname="fda_table_09" name="Table_09_generation_works_with_custom_values"/>
    <testcase time="0.0719999999999992" classname="fda_table_09" name="Table_09_generation_works_with_custom_values">
      <skipped message="Reason: On CRAN ('test-fda-table_09.R:39:3')"/>
    </testcase>
    <testcase time="0.0130000000000017" classname="fda_table_09" name="Table_09_gt_generation_works_with_risk_difference_column"/>
    <testcase time="0.027000000000001" classname="fda_table_09" name="Table_09_gt_generation_works_with_risk_difference_column"/>
    <testcase time="0.284999999999997" classname="fda_table_09" name="Table_09_gt_generation_works_with_risk_difference_column"/>
    <testcase time="0.0600000000000023" classname="fda_table_09" name="Table_09_gt_generation_works_with_risk_difference_column">
      <skipped message="Reason: On CRAN ('test-fda-table_09.R:47:3')"/>
    </testcase>
    <testcase time="0.0139999999999993" classname="fda_table_09" name="Table_09_gt_generation_works_with_default_values"/>
    <testcase time="0.111000000000001" classname="fda_table_09" name="Table_09_gt_generation_works_with_default_values">
      <skipped message="Reason: On CRAN ('test-fda-table_09.R:60:3')"/>
    </testcase>
    <testcase time="0.0139999999999993" classname="fda_table_09" name="Table_09_gt_generation_works_with_custom_values"/>
    <testcase time="0.152999999999999" classname="fda_table_09" name="Table_09_gt_generation_works_with_custom_values">
      <skipped message="Reason: On CRAN ('test-fda-table_09.R:88:3')"/>
    </testcase>
    <testcase time="0.352" classname="fda_table_09" name="make_table_09_tplyr_returns_a_tibble_when_tplyr_raw_TRUE"/>
    <testcase time="0.00200000000000244" classname="fda_table_09" name="make_table_09_tplyr_returns_a_tibble_when_tplyr_raw_TRUE"/>
    <testcase time="0.0139999999999993" classname="fda_table_09" name="make_table_09_tplyr_returns_a_tibble_when_tplyr_raw_TRUE">
      <skipped message="Reason: On CRAN ('test-fda-table_09.R:98:3')"/>
    </testcase>
    <testcase time="0.393000000000001" classname="fda_table_09" name="make_table_09_tplyr_returns_a_gt_object_when_tplyr_raw_FALSE"/>
    <testcase time="0.000999999999997669" classname="fda_table_09" name="make_table_09_tplyr_returns_a_gt_object_when_tplyr_raw_FALSE"/>
    <testcase time="0.0760000000000005" classname="fda_table_09" name="make_table_09_tplyr_returns_a_gt_object_when_tplyr_raw_FALSE">
      <skipped message="Reason: On CRAN ('test-fda-table_09.R:106:3')"/>
    </testcase>
    <testcase time="0.350000000000001" classname="fda_table_09" name="make_table_09_tplyr_provides_total_column_counts_based_on_the_alt_count_df_parameter"/>
    <testcase time="0.352" classname="fda_table_09" name="make_table_09_tplyr_provides_total_column_counts_based_on_the_alt_count_df_parameter"/>
    <testcase time="0.346" classname="fda_table_09" name="make_table_09_tplyr_assigns_column_headers_correctly_to_the_arm_groups"/>
    <testcase time="0.355999999999998" classname="fda_table_09" name="make_table_09_tplyr_assigns_column_headers_correctly_to_the_arm_groups"/>
    <testcase time="0.346" classname="fda_table_09" name="make_table_09_tplyr_assigns_column_headers_correctly_to_the_arm_groups"/>
    <testcase time="0.404" classname="fda_table_09" name="make_table_09_tplyr_provides_risk_difference_columns_based_on_the_risk_diff_pairs_parameter"/>
    <testcase time="0.458000000000002" classname="fda_table_09" name="make_table_09_tplyr_provides_risk_difference_columns_based_on_the_risk_diff_pairs_parameter"/>
    <testcase time="0.0899999999999999" classname="fda_table_09" name="make_table_09_tplyr_provides_risk_difference_columns_based_on_the_risk_diff_pairs_parameter"/>
    <testcase time="0.596" classname="fda_table_09" name="make_table_09_tplyr_provides_a_total_column_based_on_the_lbl_overall_parameter"/>
    <testcase time="0.00300000000000011" classname="fda_table_09" name="make_table_09_tplyr_provides_a_total_column_based_on_the_lbl_overall_parameter"/>
    <testcase time="0.328999999999997" classname="fda_table_09" name="make_table_09_tplyr_provides_a_total_column_based_on_the_lbl_overall_parameter"/>
    <testcase time="0.327000000000002" classname="fda_table_09" name="make_table_09_tplyr_prunes_all_zero_rows_based_on_the_prune_0_parameter"/>
    <testcase time="0.314" classname="fda_table_09" name="make_table_09_tplyr_prunes_all_zero_rows_based_on_the_prune_0_parameter"/>
    <testcase time="0.332999999999998" classname="fda_table_09" name="make_table_09_tplyr_shows_column_counts_based_on_the_show_colcounts_parameter"/>
    <testcase time="0.317" classname="fda_table_09" name="make_table_09_tplyr_shows_column_counts_based_on_the_show_colcounts_parameter"/>
    <testcase time="0.323" classname="fda_table_09" name="make_table_09_tplyr_considers_lbl_soc_var_and_lbl_pref_var_parameters"/>
    <testcase time="0.00300000000000011" classname="fda_table_09" name="make_table_09_tplyr_considers_lbl_soc_var_and_lbl_pref_var_parameters"/>
    <testcase time="0.362000000000002" classname="fda_table_09" name="make_table_09_tplyr_considers_lbl_soc_var_and_lbl_pref_var_parameters"/>
    <testcase time="0.00300000000000011" classname="fda_table_09" name="make_table_09_tplyr_considers_lbl_soc_var_and_lbl_pref_var_parameters"/>
    <testcase time="0.372999999999998" classname="fda_table_09" name="make_table_09_tplyr_considers_annotations_if_tplyr_raw_FALSE"/>
    <testcase time="0.00300000000000011" classname="fda_table_09" name="make_table_09_tplyr_considers_annotations_if_tplyr_raw_FALSE"/>
    <testcase time="0.00300000000000011" classname="fda_table_09" name="make_table_09_tplyr_considers_annotations_if_tplyr_raw_FALSE"/>
    <testcase time="0.00200000000000244" classname="fda_table_09" name="make_table_09_tplyr_considers_annotations_if_tplyr_raw_FALSE"/>
    <testcase time="0.00300000000000011" classname="fda_table_09" name="make_table_09_tplyr_considers_annotations_if_tplyr_raw_FALSE"/>
    <testcase time="0.00299999999999656" classname="fda_table_09" name="make_table_09_tplyr_considers_annotations_if_tplyr_raw_FALSE"/>
    <testcase time="0.00300000000000011" classname="fda_table_09" name="make_table_09_tplyr_considers_annotations_if_tplyr_raw_FALSE"/>
  </testsuite>
  <testsuite name="fda-table_10" timestamp="2024-02-05T10:37:15Z" hostname="07af040a20b3" tests="15" skipped="3" failures="0" errors="0" time="1.251">
    <testcase time="0.0180000000000007" classname="fda_table_10" name="Table_10_generation_works_with_default_values"/>
    <testcase time="0.00100000000000122" classname="fda_table_10" name="Table_10_generation_works_with_default_values"/>
    <testcase time="0.0279999999999987" classname="fda_table_10" name="Table_10_generation_works_with_default_values"/>
    <testcase time="0.262" classname="fda_table_10" name="Table_10_generation_works_with_default_values"/>
    <testcase time="0.109999999999999" classname="fda_table_10" name="Table_10_generation_works_with_default_values">
      <skipped message="Reason: On CRAN ('test-fda-table_10.R:17:3')"/>
    </testcase>
    <testcase time="0.0140000000000029" classname="fda_table_10" name="Table_10_generation_works_with_custom_values"/>
    <testcase time="0.000999999999997669" classname="fda_table_10" name="Table_10_generation_works_with_custom_values"/>
    <testcase time="0.0250000000000021" classname="fda_table_10" name="Table_10_generation_works_with_custom_values"/>
    <testcase time="0.253" classname="fda_table_10" name="Table_10_generation_works_with_custom_values"/>
    <testcase time="0.0489999999999995" classname="fda_table_10" name="Table_10_generation_works_with_custom_values">
      <skipped message="Reason: On CRAN ('test-fda-table_10.R:52:3')"/>
    </testcase>
    <testcase time="0.0129999999999981" classname="fda_table_10" name="Table_10_generation_works_with_risk_difference_column"/>
    <testcase time="0.00100000000000122" classname="fda_table_10" name="Table_10_generation_works_with_risk_difference_column"/>
    <testcase time="0.0279999999999987" classname="fda_table_10" name="Table_10_generation_works_with_risk_difference_column"/>
    <testcase time="0.332000000000001" classname="fda_table_10" name="Table_10_generation_works_with_risk_difference_column"/>
    <testcase time="0.116" classname="fda_table_10" name="Table_10_generation_works_with_risk_difference_column">
      <skipped message="Reason: On CRAN ('test-fda-table_10.R:60:3')"/>
    </testcase>
  </testsuite>
  <testsuite name="fda-table_11" timestamp="2024-02-05T10:37:16Z" hostname="07af040a20b3" tests="12" skipped="3" failures="0" errors="0" time="1.873">
    <testcase time="0.0269999999999975" classname="fda_table_11" name="Table_11_generation_works_with_default_values"/>
    <testcase time="0.032" classname="fda_table_11" name="Table_11_generation_works_with_default_values"/>
    <testcase time="0.434000000000001" classname="fda_table_11" name="Table_11_generation_works_with_default_values"/>
    <testcase time="0.123000000000001" classname="fda_table_11" name="Table_11_generation_works_with_default_values">
      <skipped message="Reason: On CRAN ('test-fda-table_11.R:18:3')"/>
    </testcase>
    <testcase time="0.0130000000000017" classname="fda_table_11" name="Table_11_generation_works_with_custom_values"/>
    <testcase time="0.0279999999999987" classname="fda_table_11" name="Table_11_generation_works_with_custom_values"/>
    <testcase time="0.403999999999996" classname="fda_table_11" name="Table_11_generation_works_with_custom_values"/>
    <testcase time="0.0560000000000045" classname="fda_table_11" name="Table_11_generation_works_with_custom_values">
      <skipped message="Reason: On CRAN ('test-fda-table_11.R:48:3')"/>
    </testcase>
    <testcase time="0.0129999999999981" classname="fda_table_11" name="Table_11_generation_works_with_risk_difference_column"/>
    <testcase time="0.0330000000000013" classname="fda_table_11" name="Table_11_generation_works_with_risk_difference_column"/>
    <testcase time="0.560000000000002" classname="fda_table_11" name="Table_11_generation_works_with_risk_difference_column"/>
    <testcase time="0.149999999999999" classname="fda_table_11" name="Table_11_generation_works_with_risk_difference_column">
      <skipped message="Reason: On CRAN ('test-fda-table_11.R:56:3')"/>
    </testcase>
  </testsuite>
  <testsuite name="fda-table_12" timestamp="2024-02-05T10:37:18Z" hostname="07af040a20b3" tests="12" skipped="3" failures="0" errors="0" time="2.411">
    <testcase time="0.0169999999999959" classname="fda_table_12" name="Table_12_generation_works_with_default_values"/>
    <testcase time="0.0339999999999989" classname="fda_table_12" name="Table_12_generation_works_with_default_values"/>
    <testcase time="0.605000000000004" classname="fda_table_12" name="Table_12_generation_works_with_default_values"/>
    <testcase time="0.0970000000000013" classname="fda_table_12" name="Table_12_generation_works_with_default_values">
      <skipped message="Reason: On CRAN ('test-fda-table_12.R:9:3')"/>
    </testcase>
    <testcase time="0.0139999999999958" classname="fda_table_12" name="Table_12_generation_works_with_custom_values"/>
    <testcase time="0.0330000000000013" classname="fda_table_12" name="Table_12_generation_works_with_custom_values"/>
    <testcase time="0.594999999999999" classname="fda_table_12" name="Table_12_generation_works_with_custom_values"/>
    <testcase time="0.103000000000002" classname="fda_table_12" name="Table_12_generation_works_with_custom_values">
      <skipped message="Reason: On CRAN ('test-fda-table_12.R:39:3')"/>
    </testcase>
    <testcase time="0.0129999999999981" classname="fda_table_12" name="Table_12_generation_works_with_risk_difference_column"/>
    <testcase time="0.0350000000000037" classname="fda_table_12" name="Table_12_generation_works_with_risk_difference_column"/>
    <testcase time="0.754999999999995" classname="fda_table_12" name="Table_12_generation_works_with_risk_difference_column"/>
    <testcase time="0.110000000000007" classname="fda_table_12" name="Table_12_generation_works_with_risk_difference_column">
      <skipped message="Reason: On CRAN ('test-fda-table_12.R:47:3')"/>
    </testcase>
  </testsuite>
  <testsuite name="fda-table_13" timestamp="2024-02-05T10:37:20Z" hostname="07af040a20b3" tests="12" skipped="3" failures="0" errors="0" time="0.634">
    <testcase time="0.0169999999999959" classname="fda_table_13" name="Table_13_generation_works_with_default_values"/>
    <testcase time="0.0399999999999991" classname="fda_table_13" name="Table_13_generation_works_with_default_values"/>
    <testcase time="0.0889999999999986" classname="fda_table_13" name="Table_13_generation_works_with_default_values"/>
    <testcase time="0.0579999999999998" classname="fda_table_13" name="Table_13_generation_works_with_default_values">
      <skipped message="Reason: On CRAN ('test-fda-table_13.R:8:3')"/>
    </testcase>
    <testcase time="0.0230000000000032" classname="fda_table_13" name="Table_13_generation_works_with_custom_values"/>
    <testcase time="0.0339999999999989" classname="fda_table_13" name="Table_13_generation_works_with_custom_values"/>
    <testcase time="0.100999999999999" classname="fda_table_13" name="Table_13_generation_works_with_custom_values"/>
    <testcase time="0.0510000000000019" classname="fda_table_13" name="Table_13_generation_works_with_custom_values">
      <skipped message="Reason: On CRAN ('test-fda-table_13.R:38:3')"/>
    </testcase>
    <testcase time="0.0129999999999981" classname="fda_table_13" name="Table_13_generation_works_with_risk_difference_column"/>
    <testcase time="0.0320000000000036" classname="fda_table_13" name="Table_13_generation_works_with_risk_difference_column"/>
    <testcase time="0.113" classname="fda_table_13" name="Table_13_generation_works_with_risk_difference_column"/>
    <testcase time="0.0630000000000024" classname="fda_table_13" name="Table_13_generation_works_with_risk_difference_column">
      <skipped message="Reason: On CRAN ('test-fda-table_13.R:46:3')"/>
    </testcase>
  </testsuite>
  <testsuite name="fda-table_14" timestamp="2024-02-05T10:37:21Z" hostname="07af040a20b3" tests="13" skipped="4" failures="0" errors="0" time="2.477">
    <testcase time="0.0240000000000009" classname="fda_table_14" name="Table_14_generation_works_with_default_values"/>
    <testcase time="0.427999999999997" classname="fda_table_14" name="Table_14_generation_works_with_default_values"/>
    <testcase time="0.139000000000003" classname="fda_table_14" name="Table_14_generation_works_with_default_values">
      <skipped message="Reason: On CRAN ('test-fda-table_14.R:16:3')"/>
    </testcase>
    <testcase time="0.0169999999999959" classname="fda_table_14" name="Table_14_generation_works_with_custom_values"/>
    <testcase time="0.0330000000000013" classname="fda_table_14" name="Table_14_generation_works_with_custom_values"/>
    <testcase time="0.424999999999997" classname="fda_table_14" name="Table_14_generation_works_with_custom_values"/>
    <testcase time="0.142000000000003" classname="fda_table_14" name="Table_14_generation_works_with_custom_values">
      <skipped message="Reason: On CRAN ('test-fda-table_14.R:46:3')"/>
    </testcase>
    <testcase time="0.0150000000000006" classname="fda_table_14" name="Table_14_generation_works_with_NA_values_pruned_rows"/>
    <testcase time="0.427" classname="fda_table_14" name="Table_14_generation_works_with_NA_values_pruned_rows"/>
    <testcase time="0.112000000000002" classname="fda_table_14" name="Table_14_generation_works_with_NA_values_pruned_rows">
      <skipped message="Reason: On CRAN ('test-fda-table_14.R:53:3')"/>
    </testcase>
    <testcase time="0.0139999999999958" classname="fda_table_14" name="Table_14_generation_works_with_risk_difference_column"/>
    <testcase time="0.538000000000004" classname="fda_table_14" name="Table_14_generation_works_with_risk_difference_column"/>
    <testcase time="0.162999999999997" classname="fda_table_14" name="Table_14_generation_works_with_risk_difference_column">
      <skipped message="Reason: On CRAN ('test-fda-table_14.R:61:3')"/>
    </testcase>
  </testsuite>
  <testsuite name="fda-table_15" timestamp="2024-02-05T10:37:23Z" hostname="07af040a20b3" tests="16" skipped="4" failures="0" errors="0" time="1.459">
    <testcase time="0.0200000000000031" classname="fda_table_15" name="Table_15_generation_works_with_default_values"/>
    <testcase time="0.0409999999999968" classname="fda_table_15" name="Table_15_generation_works_with_default_values"/>
    <testcase time="0.205000000000005" classname="fda_table_15" name="Table_15_generation_works_with_default_values"/>
    <testcase time="0.090999999999994" classname="fda_table_15" name="Table_15_generation_works_with_default_values">
      <skipped message="Reason: On CRAN ('test-fda-table_15.R:19:3')"/>
    </testcase>
    <testcase time="0.0190000000000055" classname="fda_table_15" name="Table_15_generation_works_with_custom_values"/>
    <testcase time="0.0309999999999988" classname="fda_table_15" name="Table_15_generation_works_with_custom_values"/>
    <testcase time="0.204999999999998" classname="fda_table_15" name="Table_15_generation_works_with_custom_values"/>
    <testcase time="0.0970000000000013" classname="fda_table_15" name="Table_15_generation_works_with_custom_values">
      <skipped message="Reason: On CRAN ('test-fda-table_15.R:51:3')"/>
    </testcase>
    <testcase time="0.0139999999999958" classname="fda_table_15" name="Table_15_generation_works_with_NA_values_pruned_rows"/>
    <testcase time="0.0290000000000035" classname="fda_table_15" name="Table_15_generation_works_with_NA_values_pruned_rows"/>
    <testcase time="0.201000000000001" classname="fda_table_15" name="Table_15_generation_works_with_NA_values_pruned_rows"/>
    <testcase time="0.109999999999999" classname="fda_table_15" name="Table_15_generation_works_with_NA_values_pruned_rows">
      <skipped message="Reason: On CRAN ('test-fda-table_15.R:58:3')"/>
    </testcase>
    <testcase time="0.0129999999999981" classname="fda_table_15" name="Table_15_generation_works_with_risk_difference_column"/>
    <testcase time="0.0290000000000035" classname="fda_table_15" name="Table_15_generation_works_with_risk_difference_column"/>
    <testcase time="0.254999999999995" classname="fda_table_15" name="Table_15_generation_works_with_risk_difference_column"/>
    <testcase time="0.0990000000000038" classname="fda_table_15" name="Table_15_generation_works_with_risk_difference_column">
      <skipped message="Reason: On CRAN ('test-fda-table_15.R:66:3')"/>
    </testcase>
  </testsuite>
  <testsuite name="fda-table_16" timestamp="2024-02-05T10:37:25Z" hostname="07af040a20b3" tests="16" skipped="4" failures="0" errors="0" time="1.253">
    <testcase time="0.0189999999999984" classname="fda_table_16" name="Table_16_generation_works_with_default_values"/>
    <testcase time="0.027000000000001" classname="fda_table_16" name="Table_16_generation_works_with_default_values"/>
    <testcase time="0.220999999999997" classname="fda_table_16" name="Table_16_generation_works_with_default_values"/>
    <testcase time="0.0420000000000016" classname="fda_table_16" name="Table_16_generation_works_with_default_values">
      <skipped message="Reason: On CRAN ('test-fda-table_16.R:19:3')"/>
    </testcase>
    <testcase time="0.0150000000000006" classname="fda_table_16" name="Table_16_generation_works_with_custom_values"/>
    <testcase time="0.027000000000001" classname="fda_table_16" name="Table_16_generation_works_with_custom_values"/>
    <testcase time="0.217999999999996" classname="fda_table_16" name="Table_16_generation_works_with_custom_values"/>
    <testcase time="0.0460000000000065" classname="fda_table_16" name="Table_16_generation_works_with_custom_values">
      <skipped message="Reason: On CRAN ('test-fda-table_16.R:51:3')"/>
    </testcase>
    <testcase time="0.0139999999999958" classname="fda_table_16" name="Table_16_generation_works_with_NA_values_pruned_rows"/>
    <testcase time="0.027000000000001" classname="fda_table_16" name="Table_16_generation_works_with_NA_values_pruned_rows"/>
    <testcase time="0.204999999999998" classname="fda_table_16" name="Table_16_generation_works_with_NA_values_pruned_rows"/>
    <testcase time="0.0570000000000022" classname="fda_table_16" name="Table_16_generation_works_with_NA_values_pruned_rows">
      <skipped message="Reason: On CRAN ('test-fda-table_16.R:58:3')"/>
    </testcase>
    <testcase time="0.0129999999999981" classname="fda_table_16" name="Table_16_generation_works_with_risk_difference_column"/>
    <testcase time="0.027000000000001" classname="fda_table_16" name="Table_16_generation_works_with_risk_difference_column"/>
    <testcase time="0.234000000000002" classname="fda_table_16" name="Table_16_generation_works_with_risk_difference_column"/>
    <testcase time="0.0609999999999999" classname="fda_table_16" name="Table_16_generation_works_with_risk_difference_column">
      <skipped message="Reason: On CRAN ('test-fda-table_16.R:66:3')"/>
    </testcase>
  </testsuite>
  <testsuite name="fda-table_17" timestamp="2024-02-05T10:37:26Z" hostname="07af040a20b3" tests="16" skipped="4" failures="0" errors="0" time="2.447">
    <testcase time="0.0189999999999984" classname="fda_table_17" name="Table_17_generation_works_with_default_values"/>
    <testcase time="0.0310000000000059" classname="fda_table_17" name="Table_17_generation_works_with_default_values"/>
    <testcase time="0.32" classname="fda_table_17" name="Table_17_generation_works_with_default_values"/>
    <testcase time="0.164999999999999" classname="fda_table_17" name="Table_17_generation_works_with_default_values">
      <skipped message="Reason: On CRAN ('test-fda-table_17.R:25:3')"/>
    </testcase>
    <testcase time="0.0139999999999958" classname="fda_table_17" name="Table_17_generation_works_with_custom_values"/>
    <testcase time="0.0300000000000011" classname="fda_table_17" name="Table_17_generation_works_with_custom_values"/>
    <testcase time="0.326999999999998" classname="fda_table_17" name="Table_17_generation_works_with_custom_values"/>
    <testcase time="0.164999999999999" classname="fda_table_17" name="Table_17_generation_works_with_custom_values">
      <skipped message="Reason: On CRAN ('test-fda-table_17.R:57:3')"/>
    </testcase>
    <testcase time="0.0190000000000055" classname="fda_table_17" name="Table_17_generation_works_with_NA_values_pruned_rows"/>
    <testcase time="0.0309999999999988" classname="fda_table_17" name="Table_17_generation_works_with_NA_values_pruned_rows"/>
    <testcase time="0.326999999999998" classname="fda_table_17" name="Table_17_generation_works_with_NA_values_pruned_rows"/>
    <testcase time="0.164000000000001" classname="fda_table_17" name="Table_17_generation_works_with_NA_values_pruned_rows">
      <skipped message="Reason: On CRAN ('test-fda-table_17.R:64:3')"/>
    </testcase>
    <testcase time="0.0129999999999981" classname="fda_table_17" name="Table_17_generation_works_with_risk_difference_column"/>
    <testcase time="0.0309999999999988" classname="fda_table_17" name="Table_17_generation_works_with_risk_difference_column"/>
    <testcase time="0.624000000000002" classname="fda_table_17" name="Table_17_generation_works_with_risk_difference_column"/>
    <testcase time="0.167000000000002" classname="fda_table_17" name="Table_17_generation_works_with_risk_difference_column">
      <skipped message="Reason: On CRAN ('test-fda-table_17.R:72:3')"/>
    </testcase>
  </testsuite>
  <testsuite name="fda-table_18" timestamp="2024-02-05T10:37:29Z" hostname="07af040a20b3" tests="16" skipped="4" failures="0" errors="0" time="1.626">
    <testcase time="0.0210000000000008" classname="fda_table_18" name="Table_18_generation_works_with_default_values"/>
    <testcase time="0.0279999999999987" classname="fda_table_18" name="Table_18_generation_works_with_default_values"/>
    <testcase time="0.289999999999999" classname="fda_table_18" name="Table_18_generation_works_with_default_values"/>
    <testcase time="0.0660000000000025" classname="fda_table_18" name="Table_18_generation_works_with_default_values">
      <skipped message="Reason: On CRAN ('test-fda-table_18.R:25:3')"/>
    </testcase>
    <testcase time="0.0120000000000005" classname="fda_table_18" name="Table_18_generation_works_with_custom_values"/>
    <testcase time="0.0269999999999939" classname="fda_table_18" name="Table_18_generation_works_with_custom_values"/>
    <testcase time="0.283000000000001" classname="fda_table_18" name="Table_18_generation_works_with_custom_values"/>
    <testcase time="0.0640000000000001" classname="fda_table_18" name="Table_18_generation_works_with_custom_values">
      <skipped message="Reason: On CRAN ('test-fda-table_18.R:57:3')"/>
    </testcase>
    <testcase time="0.0140000000000029" classname="fda_table_18" name="Table_18_generation_works_with_NA_values_pruned_rows"/>
    <testcase time="0.027000000000001" classname="fda_table_18" name="Table_18_generation_works_with_NA_values_pruned_rows"/>
    <testcase time="0.283999999999999" classname="fda_table_18" name="Table_18_generation_works_with_NA_values_pruned_rows"/>
    <testcase time="0.0600000000000023" classname="fda_table_18" name="Table_18_generation_works_with_NA_values_pruned_rows">
      <skipped message="Reason: On CRAN ('test-fda-table_18.R:64:3')"/>
    </testcase>
    <testcase time="0.0139999999999958" classname="fda_table_18" name="Table_18_generation_works_with_risk_difference_column"/>
    <testcase time="0.0309999999999988" classname="fda_table_18" name="Table_18_generation_works_with_risk_difference_column"/>
    <testcase time="0.335999999999999" classname="fda_table_18" name="Table_18_generation_works_with_risk_difference_column"/>
    <testcase time="0.0690000000000026" classname="fda_table_18" name="Table_18_generation_works_with_risk_difference_column">
      <skipped message="Reason: On CRAN ('test-fda-table_18.R:72:3')"/>
    </testcase>
  </testsuite>
  <testsuite name="fda-table_20" timestamp="2024-02-05T10:37:30Z" hostname="07af040a20b3" tests="24" skipped="4" failures="0" errors="0" time="1.929">
    <testcase time="0.0200000000000031" classname="fda_table_20" name="Table_20_generation_works_with_default_values"/>
    <testcase time="0.000999999999997669" classname="fda_table_20" name="Table_20_generation_works_with_default_values"/>
    <testcase time="0.000999999999997669" classname="fda_table_20" name="Table_20_generation_works_with_default_values"/>
    <testcase time="0.0310000000000059" classname="fda_table_20" name="Table_20_generation_works_with_default_values"/>
    <testcase time="0.297999999999995" classname="fda_table_20" name="Table_20_generation_works_with_default_values"/>
    <testcase time="0.0790000000000006" classname="fda_table_20" name="Table_20_generation_works_with_default_values">
      <skipped message="Reason: On CRAN ('test-fda-table_20.R:17:3')"/>
    </testcase>
    <testcase time="0.0129999999999981" classname="fda_table_20" name="Table_20_generation_works_with_custom_values"/>
    <testcase time="0.00100000000000477" classname="fda_table_20" name="Table_20_generation_works_with_custom_values"/>
    <testcase time="0.000999999999997669" classname="fda_table_20" name="Table_20_generation_works_with_custom_values"/>
    <testcase time="0.0290000000000035" classname="fda_table_20" name="Table_20_generation_works_with_custom_values"/>
    <testcase time="0.434999999999995" classname="fda_table_20" name="Table_20_generation_works_with_custom_values"/>
    <testcase time="0.0970000000000013" classname="fda_table_20" name="Table_20_generation_works_with_custom_values">
      <skipped message="Reason: On CRAN ('test-fda-table_20.R:65:3')"/>
    </testcase>
    <testcase time="0.0129999999999981" classname="fda_table_20" name="Table_20_generation_works_with_missing_values_pruned_rows"/>
    <testcase time="0.00100000000000477" classname="fda_table_20" name="Table_20_generation_works_with_missing_values_pruned_rows"/>
    <testcase time="0.000999999999997669" classname="fda_table_20" name="Table_20_generation_works_with_missing_values_pruned_rows"/>
    <testcase time="0.0300000000000011" classname="fda_table_20" name="Table_20_generation_works_with_missing_values_pruned_rows"/>
    <testcase time="0.286999999999999" classname="fda_table_20" name="Table_20_generation_works_with_missing_values_pruned_rows"/>
    <testcase time="0.0720000000000027" classname="fda_table_20" name="Table_20_generation_works_with_missing_values_pruned_rows">
      <skipped message="Reason: On CRAN ('test-fda-table_20.R:74:3')"/>
    </testcase>
    <testcase time="0.0129999999999981" classname="fda_table_20" name="Table_20_generation_works_with_risk_difference_column"/>
    <testcase time="0.00200000000000244" classname="fda_table_20" name="Table_20_generation_works_with_risk_difference_column"/>
    <testcase time="0.000999999999997669" classname="fda_table_20" name="Table_20_generation_works_with_risk_difference_column"/>
    <testcase time="0.0289999999999964" classname="fda_table_20" name="Table_20_generation_works_with_risk_difference_column"/>
    <testcase time="0.388000000000005" classname="fda_table_20" name="Table_20_generation_works_with_risk_difference_column"/>
    <testcase time="0.0859999999999985" classname="fda_table_20" name="Table_20_generation_works_with_risk_difference_column">
      <skipped message="Reason: On CRAN ('test-fda-table_20.R:82:3')"/>
    </testcase>
  </testsuite>
  <testsuite name="fda-table_21" timestamp="2024-02-05T10:37:32Z" hostname="07af040a20b3" tests="19" skipped="4" failures="0" errors="0" time="1.791">
    <testcase time="0.0259999999999962" classname="fda_table_21" name="Table_21_generation_works_with_default_values"/>
    <testcase time="0.00100000000000477" classname="fda_table_21" name="Table_21_generation_works_with_default_values"/>
    <testcase time="0.382999999999996" classname="fda_table_21" name="Table_21_generation_works_with_default_values"/>
    <testcase time="0.0900000000000034" classname="fda_table_21" name="Table_21_generation_works_with_default_values">
      <skipped message="Reason: On CRAN ('test-fda-table_21.R:16:3')"/>
    </testcase>
    <testcase time="0.0129999999999981" classname="fda_table_21" name="Table_21_generation_works_with_custom_values_N_s_denominator_and_overall_column"/>
    <testcase time="0.000999999999997669" classname="fda_table_21" name="Table_21_generation_works_with_custom_values_N_s_denominator_and_overall_column"/>
    <testcase time="0.0549999999999997" classname="fda_table_21" name="Table_21_generation_works_with_custom_values_N_s_denominator_and_overall_column"/>
    <testcase time="0.457000000000001" classname="fda_table_21" name="Table_21_generation_works_with_custom_values_N_s_denominator_and_overall_column"/>
    <testcase time="0.102000000000004" classname="fda_table_21" name="Table_21_generation_works_with_custom_values_N_s_denominator_and_overall_column">
      <skipped message="Reason: On CRAN ('test-fda-table_21.R:28:3')"/>
    </testcase>
    <testcase time="0.0129999999999981" classname="fda_table_21" name="Table_21_generation_works_with_custom_values_N_col_denominator_and_no_overall_column"/>
    <testcase time="0.000999999999997669" classname="fda_table_21" name="Table_21_generation_works_with_custom_values_N_col_denominator_and_no_overall_column"/>
    <testcase time="0.034000000000006" classname="fda_table_21" name="Table_21_generation_works_with_custom_values_N_col_denominator_and_no_overall_column"/>
    <testcase time="0.221999999999994" classname="fda_table_21" name="Table_21_generation_works_with_custom_values_N_col_denominator_and_no_overall_column"/>
    <testcase time="0.0850000000000009" classname="fda_table_21" name="Table_21_generation_works_with_custom_values_N_col_denominator_and_no_overall_column">
      <skipped message="Reason: On CRAN ('test-fda-table_21.R:56:3')"/>
    </testcase>
    <testcase time="0.044000000000004" classname="fda_table_21" name="Table_21_generation_works_with_some_NA_values"/>
    <testcase time="0.000999999999997669" classname="fda_table_21" name="Table_21_generation_works_with_some_NA_values"/>
    <testcase time="0.0379999999999967" classname="fda_table_21" name="Table_21_generation_works_with_some_NA_values"/>
    <testcase time="0.167000000000002" classname="fda_table_21" name="Table_21_generation_works_with_some_NA_values"/>
    <testcase time="0.0579999999999998" classname="fda_table_21" name="Table_21_generation_works_with_some_NA_values">
      <skipped message="Reason: On CRAN ('test-fda-table_21.R:76:3')"/>
    </testcase>
    <testcase time="0.0190000000000055" classname="character(0)" name="_unnamed_">
      <error type="error" message="&lt;packageNotFoundError/error/condition&gt; ('test-fda-table_22.R:1:1')">&lt;packageNotFoundError/error/condition&gt;
Error in `loadNamespace(x)`: there is no package called 'scda'
Backtrace:
    ▆
 1. ├─... %&gt;% formatters::var_relabel(AGE = "Age, years") at test-fda-table_22.R:1:1
 2. ├─formatters::var_relabel(., AGE = "Age, years")
 3. │ ├─base::stopifnot(is.data.frame(x))
 4. │ └─base::is.data.frame(x)
 5. ├─dplyr::mutate(...)
 6. └─base::loadNamespace(x)
 7.   └─base::withRestarts(stop(cond), retry_loadNamespace = function() NULL)
 8.     └─base (local) withOneRestart(expr, restarts[[1L]])
 9.       └─base (local) doWithOneRestart(return(expr), restart)</error>
    </testcase>
  </testsuite>
  <testsuite name="fda-table_32" timestamp="2024-02-05T10:37:34Z" hostname="07af040a20b3" tests="23" skipped="6" failures="0" errors="1" time="3.509">
    <testcase time="0.141999999999996" classname="fda_table_32" name="Table_32_generation_works_with_default_values"/>
    <testcase time="0.0350000000000037" classname="fda_table_32" name="Table_32_generation_works_with_default_values"/>
    <testcase time="0.090999999999994" classname="fda_table_32" name="Table_32_generation_works_with_default_values"/>
    <testcase time="0.0390000000000015" classname="fda_table_32" name="Table_32_generation_works_with_default_values">
      <skipped message="Reason: On CRAN ('test-fda-table_32.R:8:3')"/>
    </testcase>
    <testcase time="0.0129999999999981" classname="fda_table_32" name="Table_32_generation_works_with_custom_values"/>
    <testcase time="0.0360000000000014" classname="fda_table_32" name="Table_32_generation_works_with_custom_values"/>
    <testcase time="0.119" classname="fda_table_32" name="Table_32_generation_works_with_custom_values"/>
    <testcase time="0.0459999999999994" classname="fda_table_32" name="Table_32_generation_works_with_custom_values">
      <skipped message="Reason: On CRAN ('test-fda-table_32.R:30:3')"/>
    </testcase>
    <testcase time="0.0140000000000029" classname="fda_table_32" name="Table_32_generation_works_with_pruned_rows"/>
    <testcase time="0.0349999999999966" classname="fda_table_32" name="Table_32_generation_works_with_pruned_rows"/>
    <testcase time="0.0890000000000057" classname="fda_table_32" name="Table_32_generation_works_with_pruned_rows"/>
    <testcase time="0.0439999999999969" classname="fda_table_32" name="Table_32_generation_works_with_pruned_rows">
      <skipped message="Reason: On CRAN ('test-fda-table_32.R:37:3')"/>
    </testcase>
    <testcase time="0.0140000000000029" classname="fda_table_32" name="Table_32_generation_works_with_risk_difference_column"/>
    <testcase time="0.0360000000000014" classname="fda_table_32" name="Table_32_generation_works_with_risk_difference_column"/>
    <testcase time="0.113999999999997" classname="fda_table_32" name="Table_32_generation_works_with_risk_difference_column"/>
    <testcase time="0.0439999999999969" classname="fda_table_32" name="Table_32_generation_works_with_risk_difference_column">
      <skipped message="Reason: On CRAN ('test-fda-table_32.R:45:3')"/>
    </testcase>
    <testcase time="0.0140000000000029" classname="fda_table_32" name="Table_32_gtsum_generation_works_with_default_values"/>
    <testcase time="1.069" classname="fda_table_32" name="Table_32_gtsum_generation_works_with_default_values"/>
    <testcase time="0.0189999999999984" classname="fda_table_32" name="Table_32_gtsum_generation_works_with_default_values">
      <skipped message="Reason: On CRAN ('test-fda-table_32.R:51:3')"/>
    </testcase>
    <testcase time="0.0129999999999981" classname="fda_table_32" name="Table_32_gtsum_generation_works_with_custom_values"/>
    <testcase time="1.443" classname="fda_table_32" name="Table_32_gtsum_generation_works_with_custom_values"/>
    <testcase time="0.0210000000000008" classname="fda_table_32" name="Table_32_gtsum_generation_works_with_custom_values">
      <skipped message="Reason: On CRAN ('test-fda-table_32.R:60:3')"/>
    </testcase>
  </testsuite>
  <testsuite name="fda-table_33" timestamp="2024-02-05T10:37:38Z" hostname="07af040a20b3" tests="16" skipped="4" failures="0" errors="0" time="1.302">
    <testcase time="0.0249999999999986" classname="fda_table_33" name="Table_33_generation_works_with_default_values"/>
    <testcase time="0.193000000000005" classname="fda_table_33" name="Table_33_generation_works_with_default_values"/>
    <testcase time="0.0689999999999955" classname="fda_table_33" name="Table_33_generation_works_with_default_values"/>
    <testcase time="0.0350000000000037" classname="fda_table_33" name="Table_33_generation_works_with_default_values">
      <skipped message="Reason: On CRAN ('test-fda-table_33.R:9:3')"/>
    </testcase>
    <testcase time="0.0129999999999981" classname="fda_table_33" name="Table_33_generation_works_with_custom_values"/>
    <testcase time="0.192" classname="fda_table_33" name="Table_33_generation_works_with_custom_values"/>
    <testcase time="0.0940000000000012" classname="fda_table_33" name="Table_33_generation_works_with_custom_values"/>
    <testcase time="0.0330000000000013" classname="fda_table_33" name="Table_33_generation_works_with_custom_values">
      <skipped message="Reason: On CRAN ('test-fda-table_33.R:35:3')"/>
    </testcase>
    <testcase time="0.0129999999999981" classname="fda_table_33" name="Table_33_generation_works_with_pruned_rows"/>
    <testcase time="0.197000000000003" classname="fda_table_33" name="Table_33_generation_works_with_pruned_rows"/>
    <testcase time="0.0779999999999959" classname="fda_table_33" name="Table_33_generation_works_with_pruned_rows"/>
    <testcase time="0.0240000000000009" classname="fda_table_33" name="Table_33_generation_works_with_pruned_rows">
      <skipped message="Reason: On CRAN ('test-fda-table_33.R:43:3')"/>
    </testcase>
    <testcase time="0.0129999999999981" classname="fda_table_33" name="Table_33_generation_works_with_risk_difference_column"/>
    <testcase time="0.196000000000005" classname="fda_table_33" name="Table_33_generation_works_with_risk_difference_column"/>
    <testcase time="0.0949999999999989" classname="fda_table_33" name="Table_33_generation_works_with_risk_difference_column"/>
    <testcase time="0.0319999999999965" classname="fda_table_33" name="Table_33_generation_works_with_risk_difference_column">
      <skipped message="Reason: On CRAN ('test-fda-table_33.R:51:3')"/>
    </testcase>
  </testsuite>
  <testsuite name="fda-table_34" timestamp="2024-02-05T10:37:39Z" hostname="07af040a20b3" tests="12" skipped="3" failures="0" errors="0" time="4.387">
    <testcase time="0.0210000000000008" classname="fda_table_34" name="Table_34_generation_works_with_default_values"/>
    <testcase time="0.027000000000001" classname="fda_table_34" name="Table_34_generation_works_with_default_values"/>
    <testcase time="1.169" classname="fda_table_34" name="Table_34_generation_works_with_default_values"/>
    <testcase time="0.185000000000002" classname="fda_table_34" name="Table_34_generation_works_with_default_values">
      <skipped message="Reason: On CRAN ('test-fda-table_34.R:17:3')"/>
    </testcase>
    <testcase time="0.0140000000000029" classname="fda_table_34" name="Table_34_generation_works_with_custom_values"/>
    <testcase time="0.0240000000000009" classname="fda_table_34" name="Table_34_generation_works_with_custom_values"/>
    <testcase time="1.17899999999999" classname="fda_table_34" name="Table_34_generation_works_with_custom_values"/>
    <testcase time="0.0700000000000003" classname="fda_table_34" name="Table_34_generation_works_with_custom_values">
      <skipped message="Reason: On CRAN ('test-fda-table_34.R:49:3')"/>
    </testcase>
    <testcase time="0.0130000000000052" classname="fda_table_34" name="Table_34_generation_works_with_risk_difference_column"/>
    <testcase time="0.0319999999999965" classname="fda_table_34" name="Table_34_generation_works_with_risk_difference_column"/>
    <testcase time="1.448" classname="fda_table_34" name="Table_34_generation_works_with_risk_difference_column"/>
    <testcase time="0.204999999999998" classname="fda_table_34" name="Table_34_generation_works_with_risk_difference_column">
      <skipped message="Reason: On CRAN ('test-fda-table_34.R:57:3')"/>
    </testcase>
  </testsuite>
  <testsuite name="fda-table_35" timestamp="2024-02-05T10:37:43Z" hostname="07af040a20b3" tests="20" skipped="5" failures="0" errors="0" time="0.905">
    <testcase time="0.0180000000000007" classname="fda_table_35" name="Table_35_generation_works_with_default_values"/>
    <testcase time="0.0350000000000037" classname="fda_table_35" name="Table_35_generation_works_with_default_values"/>
    <testcase time="0.0679999999999978" classname="fda_table_35" name="Table_35_generation_works_with_default_values"/>
    <testcase time="0.0349999999999966" classname="fda_table_35" name="Table_35_generation_works_with_default_values">
      <skipped message="Reason: On CRAN ('test-fda-table_35.R:8:3')"/>
    </testcase>
    <testcase time="0.0130000000000052" classname="fda_table_35" name="Table_35_generation_works_with_custom_values"/>
    <testcase time="0.0479999999999947" classname="fda_table_35" name="Table_35_generation_works_with_custom_values"/>
    <testcase time="0.0790000000000006" classname="fda_table_35" name="Table_35_generation_works_with_custom_values"/>
    <testcase time="0.0420000000000016" classname="fda_table_35" name="Table_35_generation_works_with_custom_values">
      <skipped message="Reason: On CRAN ('test-fda-table_35.R:39:3')"/>
    </testcase>
    <testcase time="0.017000000000003" classname="fda_table_35" name="Table_35_generation_works_with_risk_difference_column"/>
    <testcase time="0.0349999999999966" classname="fda_table_35" name="Table_35_generation_works_with_risk_difference_column"/>
    <testcase time="0.0810000000000031" classname="fda_table_35" name="Table_35_generation_works_with_risk_difference_column"/>
    <testcase time="0.0509999999999948" classname="fda_table_35" name="Table_35_generation_works_with_risk_difference_column">
      <skipped message="Reason: On CRAN ('test-fda-table_35.R:47:3')"/>
    </testcase>
    <testcase time="0.0430000000000064" classname="fda_table_35" name="Table_35_generation_works_with_some_NA_values"/>
    <testcase time="0.0319999999999965" classname="fda_table_35" name="Table_35_generation_works_with_some_NA_values"/>
    <testcase time="0.0679999999999978" classname="fda_table_35" name="Table_35_generation_works_with_some_NA_values"/>
    <testcase time="0.0360000000000014" classname="fda_table_35" name="Table_35_generation_works_with_some_NA_values">
      <skipped message="Reason: On CRAN ('test-fda-table_35.R:58:3')"/>
    </testcase>
    <testcase time="0.0129999999999981" classname="fda_table_35" name="Table_35_generation_works_with_custom_values_SOC_variable_and_label_"/>
    <testcase time="0.0370000000000061" classname="fda_table_35" name="Table_35_generation_works_with_custom_values_SOC_variable_and_label_"/>
    <testcase time="0.0989999999999966" classname="fda_table_35" name="Table_35_generation_works_with_custom_values_SOC_variable_and_label_"/>
    <testcase time="0.0549999999999997" classname="fda_table_35" name="Table_35_generation_works_with_custom_values_SOC_variable_and_label_">
      <skipped message="Reason: On CRAN ('test-fda-table_35.R:71:3')"/>
    </testcase>
  </testsuite>
</testsuites>
