<?xml version="1.0" encoding="UTF-8"?>
<testsuites>
  <testsuite name="fda-fig_01" timestamp="2025-04-30T17:32:57Z" hostname="bce9b1065a23" tests="8" skipped="4" failures="0" errors="0" time="1.534">
    <testcase time="0.0379999999999998" classname="fda_fig_01" name="Figure_01_generation_works_with_default_values"/>
    <testcase time="0.517" classname="fda_fig_01" name="Figure_01_generation_works_with_default_values">
      <skipped message="Reason: On CI ('test-fda-fig_01.R:12:3')"/>
    </testcase>
    <testcase time="0.0339999999999998" classname="fda_fig_01" name="Figure_01_generation_works_with_no_table"/>
    <testcase time="0.044" classname="fda_fig_01" name="Figure_01_generation_works_with_no_table">
      <skipped message="Reason: On CI ('test-fda-fig_01.R:21:3')"/>
    </testcase>
    <testcase time="0.0270000000000001" classname="fda_fig_01" name="Figure_01_generation_works_with_custom_values"/>
    <testcase time="0.484" classname="fda_fig_01" name="Figure_01_generation_works_with_custom_values">
      <skipped message="Reason: On CI ('test-fda-fig_01.R:37:3')"/>
    </testcase>
    <testcase time="0.0129999999999999" classname="fda_fig_01" name="Figure_01_generation_works_with_ggtheme_argument_specified"/>
    <testcase time="0.377" classname="fda_fig_01" name="Figure_01_generation_works_with_ggtheme_argument_specified">
      <skipped message="Reason: On CI ('test-fda-fig_01.R:49:3')"/>
    </testcase>
  </testsuite>
  <testsuite name="fda-fig_02" timestamp="2025-04-30T17:32:59Z" hostname="bce9b1065a23" tests="8" skipped="4" failures="0" errors="0" time="1.179">
    <testcase time="0.0229999999999997" classname="fda_fig_02" name="Figure_02_generation_works_with_default_values"/>
    <testcase time="0.34" classname="fda_fig_02" name="Figure_02_generation_works_with_default_values">
      <skipped message="Reason: On CI ('test-fda-fig_02.R:11:3')"/>
    </testcase>
    <testcase time="0.0140000000000002" classname="fda_fig_02" name="Figure_02_generation_works_with_no_table"/>
    <testcase time="0.0259999999999998" classname="fda_fig_02" name="Figure_02_generation_works_with_no_table">
      <skipped message="Reason: On CI ('test-fda-fig_02.R:20:3')"/>
    </testcase>
    <testcase time="0.0140000000000002" classname="fda_fig_02" name="Figure_02_generation_works_with_custom_values"/>
    <testcase time="0.39" classname="fda_fig_02" name="Figure_02_generation_works_with_custom_values">
      <skipped message="Reason: On CI ('test-fda-fig_02.R:36:3')"/>
    </testcase>
    <testcase time="0.0150000000000006" classname="fda_fig_02" name="Figure_02_generation_works_with_ggtheme_argument_specified"/>
    <testcase time="0.357" classname="fda_fig_02" name="Figure_02_generation_works_with_ggtheme_argument_specified">
      <skipped message="Reason: On CI ('test-fda-fig_02.R:48:3')"/>
    </testcase>
  </testsuite>
  <testsuite name="fda-fig_03" timestamp="2025-04-30T17:33:00Z" hostname="bce9b1065a23" tests="8" skipped="4" failures="0" errors="0" time="2.208">
    <testcase time="0.0279999999999996" classname="fda_fig_03" name="Figure_03_generation_works_with_default_values"/>
    <testcase time="0.595" classname="fda_fig_03" name="Figure_03_generation_works_with_default_values">
      <skipped message="Reason: On CI ('test-fda-fig_03.R:9:3')"/>
    </testcase>
    <testcase time="0.0200000000000005" classname="fda_fig_03" name="Figure_03_generation_works_with_no_table"/>
    <testcase time="0.0819999999999999" classname="fda_fig_03" name="Figure_03_generation_works_with_no_table">
      <skipped message="Reason: On CI ('test-fda-fig_03.R:18:3')"/>
    </testcase>
    <testcase time="0.0140000000000002" classname="fda_fig_03" name="Figure_03_generation_works_with_custom_values"/>
    <testcase time="0.912" classname="fda_fig_03" name="Figure_03_generation_works_with_custom_values">
      <skipped message="Reason: On CI ('test-fda-fig_03.R:35:3')"/>
    </testcase>
    <testcase time="0.0129999999999999" classname="fda_fig_03" name="Figure_03_generation_works_with_ggtheme_argument_specified"/>
    <testcase time="0.544" classname="fda_fig_03" name="Figure_03_generation_works_with_ggtheme_argument_specified">
      <skipped message="Reason: On CI ('test-fda-fig_03.R:48:3')"/>
    </testcase>
  </testsuite>
  <testsuite name="fda-fig_14" timestamp="2025-04-30T17:33:02Z" hostname="bce9b1065a23" tests="8" skipped="4" failures="0" errors="0" time="1.973">
    <testcase time="0.0190000000000001" classname="fda_fig_14" name="Figure_14_generation_works_with_default_values"/>
    <testcase time="0.635000000000001" classname="fda_fig_14" name="Figure_14_generation_works_with_default_values">
      <skipped message="Reason: On CI ('test-fda-fig_14.R:7:3')"/>
    </testcase>
    <testcase time="0.0129999999999999" classname="fda_fig_14" name="Figure_14_generation_works_with_no_table"/>
    <testcase time="0.048" classname="fda_fig_14" name="Figure_14_generation_works_with_no_table">
      <skipped message="Reason: On CI ('test-fda-fig_14.R:16:3')"/>
    </testcase>
    <testcase time="0.0129999999999999" classname="fda_fig_14" name="Figure_14_generation_works_with_custom_values"/>
    <testcase time="0.589" classname="fda_fig_14" name="Figure_14_generation_works_with_custom_values">
      <skipped message="Reason: On CI ('test-fda-fig_14.R:40:3')"/>
    </testcase>
    <testcase time="0.0139999999999993" classname="fda_fig_14" name="Figure_14_generation_works_with_ggtheme_argument_specified"/>
    <testcase time="0.642000000000001" classname="fda_fig_14" name="Figure_14_generation_works_with_ggtheme_argument_specified">
      <skipped message="Reason: On CI ('test-fda-fig_14.R:52:3')"/>
    </testcase>
  </testsuite>
  <testsuite name="fda-table_02" timestamp="2025-04-30T17:33:04Z" hostname="bce9b1065a23" tests="22" skipped="6" failures="0" errors="0" time="10.134">
    <testcase time="0.0380000000000003" classname="fda_table_02" name="Table_02_generation_works_with_default_values"/>
    <testcase time="0.0419999999999998" classname="fda_table_02" name="Table_02_generation_works_with_default_values"/>
    <testcase time="1.335" classname="fda_table_02" name="Table_02_generation_works_with_default_values"/>
    <testcase time="2.198" classname="fda_table_02" name="Table_02_generation_works_with_default_values"/>
    <testcase time="0.0150000000000006" classname="fda_table_02" name="Table_02_generation_works_with_default_values">
      <skipped message="Reason: On CRAN ('test-fda-table_02.R:16:3')"/>
    </testcase>
    <testcase time="0.0329999999999995" classname="fda_table_02" name="Table_02_generation_works_with_custom_values"/>
    <testcase time="0.0429999999999993" classname="fda_table_02" name="Table_02_generation_works_with_custom_values"/>
    <testcase time="1.282" classname="fda_table_02" name="Table_02_generation_works_with_custom_values"/>
    <testcase time="2.19" classname="fda_table_02" name="Table_02_generation_works_with_custom_values"/>
    <testcase time="0.00799999999999912" classname="fda_table_02" name="Table_02_generation_works_with_custom_values">
      <skipped message="Reason: On CRAN ('test-fda-table_02.R:42:3')"/>
    </testcase>
    <testcase time="0.027000000000001" classname="fda_table_02" name="Table_02_generation_works_with_some_NA_values"/>
    <testcase time="1.467" classname="fda_table_02" name="Table_02_generation_works_with_some_NA_values"/>
    <testcase time="0.00799999999999912" classname="fda_table_02" name="Table_02_generation_works_with_some_NA_values">
      <skipped message="Reason: On CRAN ('test-fda-table_02.R:56:3')"/>
    </testcase>
    <testcase time="0.0130000000000017" classname="fda_table_02" name="Table_02_generation_rtables_works_with_default_values"/>
    <testcase time="0.463000000000001" classname="fda_table_02" name="Table_02_generation_rtables_works_with_default_values"/>
    <testcase time="0.178999999999998" classname="fda_table_02" name="Table_02_generation_rtables_works_with_default_values">
      <skipped message="Reason: On CRAN ('test-fda-table_02.R:63:3')"/>
    </testcase>
    <testcase time="0.0330000000000013" classname="fda_table_02" name="Table_02_generation_rtables_works_with_custom_values"/>
    <testcase time="0.326000000000001" classname="fda_table_02" name="Table_02_generation_rtables_works_with_custom_values"/>
    <testcase time="0.251999999999999" classname="fda_table_02" name="Table_02_generation_rtables_works_with_custom_values">
      <skipped message="Reason: On CRAN ('test-fda-table_02.R:92:3')"/>
    </testcase>
    <testcase time="0.0279999999999987" classname="fda_table_02" name="Table_02_generation_rtables_works_with_some_NA_values"/>
    <testcase time="0.100000000000001" classname="fda_table_02" name="Table_02_generation_rtables_works_with_some_NA_values"/>
    <testcase time="0.0539999999999985" classname="fda_table_02" name="Table_02_generation_rtables_works_with_some_NA_values">
      <skipped message="Reason: On CRAN ('test-fda-table_02.R:104:3')"/>
    </testcase>
  </testsuite>
  <testsuite name="fda-table_03" timestamp="2025-04-30T17:33:14Z" hostname="bce9b1065a23" tests="8" skipped="2" failures="0" errors="0" time="0.677">
    <testcase time="0.0210000000000008" classname="fda_table_03" name="Table_3_generation_works_with_default_values"/>
    <testcase time="0.00100000000000122" classname="fda_table_03" name="Table_3_generation_works_with_default_values"/>
    <testcase time="0.23" classname="fda_table_03" name="Table_3_generation_works_with_default_values"/>
    <testcase time="0.0640000000000001" classname="fda_table_03" name="Table_3_generation_works_with_default_values">
      <skipped message="Reason: On CRAN ('test-fda-table_03.R:21:3')"/>
    </testcase>
    <testcase time="0.0129999999999981" classname="fda_table_03" name="Table_3_generation_works_with_custom_values"/>
    <testcase time="0.00100000000000122" classname="fda_table_03" name="Table_3_generation_works_with_custom_values"/>
    <testcase time="0.259" classname="fda_table_03" name="Table_3_generation_works_with_custom_values"/>
    <testcase time="0.0879999999999974" classname="fda_table_03" name="Table_3_generation_works_with_custom_values">
      <skipped message="Reason: On CRAN ('test-fda-table_03.R:41:3')"/>
    </testcase>
  </testsuite>
  <testsuite name="fda-table_04" timestamp="2025-04-30T17:33:15Z" hostname="bce9b1065a23" tests="9" skipped="2" failures="0" errors="0" time="0.708">
    <testcase time="0.0230000000000032" classname="fda_table_04" name="Table_04_generation_works_with_default_values"/>
    <testcase time="0.226999999999997" classname="fda_table_04" name="Table_04_generation_works_with_default_values"/>
    <testcase time="0.0970000000000013" classname="fda_table_04" name="Table_04_generation_works_with_default_values">
      <skipped message="Reason: On CRAN ('test-fda-table_04.R:17:3')"/>
    </testcase>
    <testcase time="0.0139999999999993" classname="fda_table_04" name="Table_04_generation_works_with_custom_values"/>
    <testcase time="0.00100000000000122" classname="fda_table_04" name="Table_04_generation_works_with_custom_values"/>
    <testcase time="0.00100000000000122" classname="fda_table_04" name="Table_04_generation_works_with_custom_values"/>
    <testcase time="0.000999999999997669" classname="fda_table_04" name="Table_04_generation_works_with_custom_values"/>
    <testcase time="0.252000000000002" classname="fda_table_04" name="Table_04_generation_works_with_custom_values"/>
    <testcase time="0.0919999999999987" classname="fda_table_04" name="Table_04_generation_works_with_custom_values">
      <skipped message="Reason: On CRAN ('test-fda-table_04.R:45:3')"/>
    </testcase>
  </testsuite>
  <testsuite name="fda-table_05" timestamp="2025-04-30T17:33:16Z" hostname="bce9b1065a23" tests="11" skipped="5" failures="0" errors="0" time="4.098">
    <testcase time="0.0189999999999984" classname="fda_table_05" name="Table_05_generation_works_with_default_values"/>
    <testcase time="1.453" classname="fda_table_05" name="Table_05_generation_works_with_default_values"/>
    <testcase time="0.154" classname="fda_table_05" name="Table_05_generation_works_with_default_values">
      <skipped message="Reason: On CRAN ('test-fda-table_05.R:11:3')"/>
    </testcase>
    <testcase time="1.435" classname="fda_table_05" name="Table_05_generation_works_with_gtsummary_with_custom_values"/>
    <testcase time="0.135000000000002" classname="fda_table_05" name="Table_05_generation_works_with_gtsummary_with_custom_values">
      <skipped message="Reason: On CRAN ('test-fda-table_05.R:33:3')"/>
    </testcase>
    <testcase time="0.223999999999997" classname="fda_table_05" name="Table_05_generation_works_with_rtables_with_custom_values"/>
    <testcase time="0.0890000000000022" classname="fda_table_05" name="Table_05_generation_works_with_rtables_with_custom_values">
      <skipped message="Reason: On CRAN ('test-fda-table_05.R:59:3')"/>
    </testcase>
    <testcase time="0.178999999999998" classname="fda_table_05" name="Table_05_generation_works_with_rtables_with_NA_values_pruned_rows"/>
    <testcase time="0.0740000000000016" classname="fda_table_05" name="Table_05_generation_works_with_rtables_with_NA_values_pruned_rows">
      <skipped message="Reason: On CRAN ('test-fda-table_05.R:69:3')"/>
    </testcase>
    <testcase time="0.245999999999999" classname="fda_table_05" name="Table_05_generation_works_with_rtables_with_risk_difference_column"/>
    <testcase time="0.0899999999999999" classname="fda_table_05" name="Table_05_generation_works_with_rtables_with_risk_difference_column">
      <skipped message="Reason: On CRAN ('test-fda-table_05.R:82:3')"/>
    </testcase>
  </testsuite>
  <testsuite name="fda-table_06" timestamp="2025-04-30T17:33:20Z" hostname="bce9b1065a23" tests="104" skipped="5" failures="0" errors="1" time="20.808">
    <testcase time="0.0300000000000011" classname="fda_table_06" name="Table_06_generation_works_with_default_values"/>
    <testcase time="0.00100000000000122" classname="fda_table_06" name="Table_06_generation_works_with_default_values"/>
    <testcase time="0.000999999999997669" classname="fda_table_06" name="Table_06_generation_works_with_default_values"/>
    <testcase time="0.00100000000000122" classname="fda_table_06" name="Table_06_generation_works_with_default_values"/>
    <testcase time="0.00100000000000122" classname="fda_table_06" name="Table_06_generation_works_with_default_values"/>
    <testcase time="0.00199999999999889" classname="fda_table_06" name="Table_06_generation_works_with_default_values"/>
    <testcase time="0.00100000000000122" classname="fda_table_06" name="Table_06_generation_works_with_default_values"/>
    <testcase time="0.000999999999997669" classname="fda_table_06" name="Table_06_generation_works_with_default_values"/>
    <testcase time="0.0450000000000017" classname="fda_table_06" name="Table_06_generation_works_with_default_values"/>
    <testcase time="0.0410000000000004" classname="fda_table_06" name="Table_06_generation_works_with_default_values"/>
    <testcase time="0.503" classname="fda_table_06" name="Table_06_generation_works_with_default_values"/>
    <testcase time="0.0440000000000005" classname="fda_table_06" name="Table_06_generation_works_with_default_values"/>
    <testcase time="0.466000000000001" classname="fda_table_06" name="Table_06_generation_works_with_default_values"/>
    <testcase time="0.0429999999999993" classname="fda_table_06" name="Table_06_generation_works_with_default_values"/>
    <testcase time="0.443000000000001" classname="fda_table_06" name="Table_06_generation_works_with_default_values"/>
    <testcase time="0.0529999999999973" classname="fda_table_06" name="Table_06_generation_works_with_default_values"/>
    <testcase time="0.447000000000003" classname="fda_table_06" name="Table_06_generation_works_with_default_values"/>
    <testcase time="0.0449999999999982" classname="fda_table_06" name="Table_06_generation_works_with_default_values"/>
    <testcase time="0.459" classname="fda_table_06" name="Table_06_generation_works_with_default_values"/>
    <testcase time="0.0449999999999982" classname="fda_table_06" name="Table_06_generation_works_with_default_values"/>
    <testcase time="0.461000000000002" classname="fda_table_06" name="Table_06_generation_works_with_default_values"/>
    <testcase time="0.0440000000000005" classname="fda_table_06" name="Table_06_generation_works_with_default_values"/>
    <testcase time="0.754999999999999" classname="fda_table_06" name="Table_06_generation_works_with_default_values"/>
    <testcase time="0.0420000000000016" classname="fda_table_06" name="Table_06_generation_works_with_default_values"/>
    <testcase time="0.657" classname="fda_table_06" name="Table_06_generation_works_with_default_values"/>
    <testcase time="0.046999999999997" classname="fda_table_06" name="Table_06_generation_works_with_default_values"/>
    <testcase time="0.749000000000002" classname="fda_table_06" name="Table_06_generation_works_with_default_values"/>
    <testcase time="0.0440000000000005" classname="fda_table_06" name="Table_06_generation_works_with_default_values"/>
    <testcase time="0.898999999999997" classname="fda_table_06" name="Table_06_generation_works_with_default_values"/>
    <testcase time="0.452999999999999" classname="fda_table_06" name="Table_06_generation_works_with_default_values">
      <skipped message="Reason: On CRAN ('test-fda-table_06.R:11:3')"/>
    </testcase>
    <testcase time="0.0150000000000006" classname="fda_table_06" name="Table_06_returns_ARD_if_specified"/>
    <testcase time="0.00100000000000122" classname="fda_table_06" name="Table_06_returns_ARD_if_specified"/>
    <testcase time="0.00100000000000122" classname="fda_table_06" name="Table_06_returns_ARD_if_specified"/>
    <testcase time="0.000999999999997669" classname="fda_table_06" name="Table_06_returns_ARD_if_specified"/>
    <testcase time="0.00200000000000244" classname="fda_table_06" name="Table_06_returns_ARD_if_specified"/>
    <testcase time="0.000999999999997669" classname="fda_table_06" name="Table_06_returns_ARD_if_specified"/>
    <testcase time="0.00100000000000122" classname="fda_table_06" name="Table_06_returns_ARD_if_specified"/>
    <testcase time="0.00100000000000122" classname="fda_table_06" name="Table_06_returns_ARD_if_specified"/>
    <testcase time="0.0449999999999982" classname="fda_table_06" name="Table_06_returns_ARD_if_specified"/>
    <testcase time="0.0470000000000006" classname="fda_table_06" name="Table_06_returns_ARD_if_specified"/>
    <testcase time="0.431000000000001" classname="fda_table_06" name="Table_06_returns_ARD_if_specified"/>
    <testcase time="0.0409999999999968" classname="fda_table_06" name="Table_06_returns_ARD_if_specified"/>
    <testcase time="0.43" classname="fda_table_06" name="Table_06_returns_ARD_if_specified"/>
    <testcase time="0.0429999999999993" classname="fda_table_06" name="Table_06_returns_ARD_if_specified"/>
    <testcase time="0.414000000000001" classname="fda_table_06" name="Table_06_returns_ARD_if_specified"/>
    <testcase time="0.0410000000000039" classname="fda_table_06" name="Table_06_returns_ARD_if_specified"/>
    <testcase time="0.433999999999997" classname="fda_table_06" name="Table_06_returns_ARD_if_specified"/>
    <testcase time="0.0420000000000016" classname="fda_table_06" name="Table_06_returns_ARD_if_specified"/>
    <testcase time="0.420000000000002" classname="fda_table_06" name="Table_06_returns_ARD_if_specified"/>
    <testcase time="0.0409999999999968" classname="fda_table_06" name="Table_06_returns_ARD_if_specified"/>
    <testcase time="0.417000000000002" classname="fda_table_06" name="Table_06_returns_ARD_if_specified"/>
    <testcase time="0.0439999999999969" classname="fda_table_06" name="Table_06_returns_ARD_if_specified"/>
    <testcase time="0.683" classname="fda_table_06" name="Table_06_returns_ARD_if_specified"/>
    <testcase time="0.0420000000000016" classname="fda_table_06" name="Table_06_returns_ARD_if_specified"/>
    <testcase time="0.429000000000002" classname="fda_table_06" name="Table_06_returns_ARD_if_specified"/>
    <testcase time="0.0420000000000016" classname="fda_table_06" name="Table_06_returns_ARD_if_specified"/>
    <testcase time="0.730999999999995" classname="fda_table_06" name="Table_06_returns_ARD_if_specified"/>
    <testcase time="0.0459999999999994" classname="fda_table_06" name="Table_06_returns_ARD_if_specified"/>
    <testcase time="0.875" classname="fda_table_06" name="Table_06_returns_ARD_if_specified"/>
    <testcase time="0.414999999999999" classname="fda_table_06" name="Table_06_returns_ARD_if_specified">
      <skipped message="Reason: On CRAN ('test-fda-table_06.R:20:3')"/>
    </testcase>
    <testcase time="0.0150000000000006" classname="fda_table_06" name="Table_06_generation_works_with_custom_labels"/>
    <testcase time="0.00200000000000244" classname="fda_table_06" name="Table_06_generation_works_with_custom_labels"/>
    <testcase time="0.000999999999997669" classname="fda_table_06" name="Table_06_generation_works_with_custom_labels"/>
    <testcase time="0.00200000000000244" classname="fda_table_06" name="Table_06_generation_works_with_custom_labels"/>
    <testcase time="0.000999999999997669" classname="fda_table_06" name="Table_06_generation_works_with_custom_labels"/>
    <testcase time="0.00200000000000244" classname="fda_table_06" name="Table_06_generation_works_with_custom_labels"/>
    <testcase time="0.000999999999997669" classname="fda_table_06" name="Table_06_generation_works_with_custom_labels"/>
    <testcase time="0.00200000000000244" classname="fda_table_06" name="Table_06_generation_works_with_custom_labels"/>
    <testcase time="0.0450000000000017" classname="fda_table_06" name="Table_06_generation_works_with_custom_labels"/>
    <testcase time="0.0409999999999968" classname="fda_table_06" name="Table_06_generation_works_with_custom_labels"/>
    <testcase time="0.444000000000003" classname="fda_table_06" name="Table_06_generation_works_with_custom_labels"/>
    <testcase time="0.0409999999999968" classname="fda_table_06" name="Table_06_generation_works_with_custom_labels"/>
    <testcase time="0.425000000000004" classname="fda_table_06" name="Table_06_generation_works_with_custom_labels"/>
    <testcase time="0.0439999999999969" classname="fda_table_06" name="Table_06_generation_works_with_custom_labels"/>
    <testcase time="0.420000000000002" classname="fda_table_06" name="Table_06_generation_works_with_custom_labels"/>
    <testcase time="0.0409999999999968" classname="fda_table_06" name="Table_06_generation_works_with_custom_labels"/>
    <testcase time="0.429000000000002" classname="fda_table_06" name="Table_06_generation_works_with_custom_labels"/>
    <testcase time="0.0450000000000017" classname="fda_table_06" name="Table_06_generation_works_with_custom_labels"/>
    <testcase time="0.440999999999995" classname="fda_table_06" name="Table_06_generation_works_with_custom_labels"/>
    <testcase time="0.0480000000000018" classname="fda_table_06" name="Table_06_generation_works_with_custom_labels"/>
    <testcase time="0.444000000000003" classname="fda_table_06" name="Table_06_generation_works_with_custom_labels"/>
    <testcase time="0.046999999999997" classname="fda_table_06" name="Table_06_generation_works_with_custom_labels"/>
    <testcase time="0.702000000000005" classname="fda_table_06" name="Table_06_generation_works_with_custom_labels"/>
    <testcase time="0.0419999999999945" classname="fda_table_06" name="Table_06_generation_works_with_custom_labels"/>
    <testcase time="0.452000000000005" classname="fda_table_06" name="Table_06_generation_works_with_custom_labels"/>
    <testcase time="0.0399999999999991" classname="fda_table_06" name="Table_06_generation_works_with_custom_labels"/>
    <testcase time="0.751999999999995" classname="fda_table_06" name="Table_06_generation_works_with_custom_labels"/>
    <testcase time="0.0410000000000039" classname="fda_table_06" name="Table_06_generation_works_with_custom_labels"/>
    <testcase time="0.882999999999996" classname="fda_table_06" name="Table_06_generation_works_with_custom_labels"/>
    <testcase time="0.401000000000003" classname="fda_table_06" name="Table_06_generation_works_with_custom_labels">
      <skipped message="Reason: On CRAN ('test-fda-table_06.R:45:3')"/>
    </testcase>
    <testcase time="0.0140000000000029" classname="fda_table_06" name="Table_06_rtables_generation_works_with_default_values"/>
    <testcase time="0.00199999999999534" classname="fda_table_06" name="Table_06_rtables_generation_works_with_default_values"/>
    <testcase time="0.0410000000000039" classname="fda_table_06" name="Table_06_rtables_generation_works_with_default_values"/>
    <testcase time="0.318999999999996" classname="fda_table_06" name="Table_06_rtables_generation_works_with_default_values"/>
    <testcase time="0.100999999999999" classname="fda_table_06" name="Table_06_rtables_generation_works_with_default_values">
      <skipped message="Reason: On CRAN ('test-fda-table_06.R:56:3')"/>
    </testcase>
    <testcase time="0.0140000000000029" classname="fda_table_06" name="Table_06_rtables_generation_works_with_custom_values"/>
    <testcase time="0.000999999999997669" classname="fda_table_06" name="Table_06_rtables_generation_works_with_custom_values"/>
    <testcase time="0.036999999999999" classname="fda_table_06" name="Table_06_rtables_generation_works_with_custom_values"/>
    <testcase time="0.407000000000004" classname="fda_table_06" name="Table_06_rtables_generation_works_with_custom_values">
      <error type="error" message="Error in `.extract_through_path(tt, path)`: Path appears invalid for this tree at step 'unique'. Please use only row names and NOT row labels. You can retrieve them with `row_paths_summary()$path`. ('test-fda-table_06.R:81:3')">Error in `.extract_through_path(tt, path)`: Path appears invalid for this tree at step 'unique'. Please use only row names and NOT row labels. You can retrieve them with `row_paths_summary()$path`.
Backtrace:
    x
 1. +-rtables::`fnotes_at_path&lt;-`(...) at test-fda-table_06.R:81:3
 2. \-rtables::`fnotes_at_path&lt;-`(...)
 3.   +-rtables::tt_at_path(obj, rowpath)
 4.   \-rtables::tt_at_path(obj, rowpath)
 5.     \-rtables:::.extract_through_path(tt, path)</error>
    </testcase>
    <testcase time="0.0200000000000031" classname="fda_table_06" name="Table_06_rtables_generation_works_with_risk_difference_column"/>
    <testcase time="0.00199999999999534" classname="fda_table_06" name="Table_06_rtables_generation_works_with_risk_difference_column"/>
    <testcase time="0.036999999999999" classname="fda_table_06" name="Table_06_rtables_generation_works_with_risk_difference_column"/>
    <testcase time="0.410000000000004" classname="fda_table_06" name="Table_06_rtables_generation_works_with_risk_difference_column"/>
    <testcase time="0.109999999999999" classname="fda_table_06" name="Table_06_rtables_generation_works_with_risk_difference_column">
      <skipped message="Reason: On CRAN ('test-fda-table_06.R:96:3')"/>
    </testcase>
  </testsuite>
  <testsuite name="fda-table_07" timestamp="2025-04-30T17:33:41Z" hostname="bce9b1065a23" tests="24" skipped="4" failures="0" errors="0" time="1.797">
    <testcase time="0.0219999999999985" classname="fda_table_07" name="Table_07_generation_works_with_default_values"/>
    <testcase time="0.000999999999997669" classname="fda_table_07" name="Table_07_generation_works_with_default_values"/>
    <testcase time="0.00100000000000477" classname="fda_table_07" name="Table_07_generation_works_with_default_values"/>
    <testcase time="0.0330000000000013" classname="fda_table_07" name="Table_07_generation_works_with_default_values"/>
    <testcase time="0.234999999999999" classname="fda_table_07" name="Table_07_generation_works_with_default_values"/>
    <testcase time="0.116" classname="fda_table_07" name="Table_07_generation_works_with_default_values">
      <skipped message="Reason: On CRAN ('test-fda-table_07.R:13:3')"/>
    </testcase>
    <testcase time="0.0140000000000029" classname="fda_table_07" name="Table_07_generation_works_with_custom_values"/>
    <testcase time="0.000999999999997669" classname="fda_table_07" name="Table_07_generation_works_with_custom_values"/>
    <testcase time="0.000999999999997669" classname="fda_table_07" name="Table_07_generation_works_with_custom_values"/>
    <testcase time="0.027000000000001" classname="fda_table_07" name="Table_07_generation_works_with_custom_values"/>
    <testcase time="0.332999999999998" classname="fda_table_07" name="Table_07_generation_works_with_custom_values"/>
    <testcase time="0.138000000000005" classname="fda_table_07" name="Table_07_generation_works_with_custom_values">
      <skipped message="Reason: On CRAN ('test-fda-table_07.R:42:3')"/>
    </testcase>
    <testcase time="0.0129999999999981" classname="fda_table_07" name="Table_07_generation_works_with_NA_values_pruned_rows"/>
    <testcase time="0.00200000000000244" classname="fda_table_07" name="Table_07_generation_works_with_NA_values_pruned_rows"/>
    <testcase time="0.000999999999997669" classname="fda_table_07" name="Table_07_generation_works_with_NA_values_pruned_rows"/>
    <testcase time="0.0259999999999962" classname="fda_table_07" name="Table_07_generation_works_with_NA_values_pruned_rows"/>
    <testcase time="0.228000000000002" classname="fda_table_07" name="Table_07_generation_works_with_NA_values_pruned_rows"/>
    <testcase time="0.125" classname="fda_table_07" name="Table_07_generation_works_with_NA_values_pruned_rows">
      <skipped message="Reason: On CRAN ('test-fda-table_07.R:52:3')"/>
    </testcase>
    <testcase time="0.0129999999999981" classname="fda_table_07" name="Table_07_generation_works_with_risk_difference_column"/>
    <testcase time="0.00100000000000477" classname="fda_table_07" name="Table_07_generation_works_with_risk_difference_column"/>
    <testcase time="0.00199999999999534" classname="fda_table_07" name="Table_07_generation_works_with_risk_difference_column"/>
    <testcase time="0.0260000000000034" classname="fda_table_07" name="Table_07_generation_works_with_risk_difference_column"/>
    <testcase time="0.299999999999997" classname="fda_table_07" name="Table_07_generation_works_with_risk_difference_column"/>
    <testcase time="0.138000000000005" classname="fda_table_07" name="Table_07_generation_works_with_risk_difference_column">
      <skipped message="Reason: On CRAN ('test-fda-table_07.R:65:3')"/>
    </testcase>
  </testsuite>
  <testsuite name="fda-table_08" timestamp="2025-04-30T17:33:42Z" hostname="bce9b1065a23" tests="8" skipped="2" failures="0" errors="0" time="0.445">
    <testcase time="0.0180000000000007" classname="fda_table_08" name="Table_08_generation_works_with_default_values"/>
    <testcase time="0.000999999999997669" classname="fda_table_08" name="Table_08_generation_works_with_default_values"/>
    <testcase time="0.0289999999999964" classname="fda_table_08" name="Table_08_generation_works_with_default_values"/>
    <testcase time="0.161000000000001" classname="fda_table_08" name="Table_08_generation_works_with_default_values">
      <skipped message="Reason: On CRAN ('test-fda-table_08.R:10:3')"/>
    </testcase>
    <testcase time="0.0129999999999981" classname="fda_table_08" name="Table_08_generation_works_with_custom_values"/>
    <testcase time="0.00100000000000477" classname="fda_table_08" name="Table_08_generation_works_with_custom_values"/>
    <testcase time="0.0249999999999986" classname="fda_table_08" name="Table_08_generation_works_with_custom_values"/>
    <testcase time="0.197000000000003" classname="fda_table_08" name="Table_08_generation_works_with_custom_values">
      <skipped message="Reason: On CRAN ('test-fda-table_08.R:31:3')"/>
    </testcase>
  </testsuite>
  <testsuite name="fda-table_09" timestamp="2025-04-30T17:33:43Z" hostname="bce9b1065a23" tests="51" skipped="9" failures="0" errors="0" time="10.836">
    <testcase time="0.019999999999996" classname="fda_table_09" name="Table_09_rtables_generation_works_with_default_values"/>
    <testcase time="0.0260000000000034" classname="fda_table_09" name="Table_09_rtables_generation_works_with_default_values"/>
    <testcase time="0.223999999999997" classname="fda_table_09" name="Table_09_rtables_generation_works_with_default_values"/>
    <testcase time="0.0670000000000002" classname="fda_table_09" name="Table_09_rtables_generation_works_with_default_values">
      <skipped message="Reason: On CRAN ('test-fda-table_09.R:8:3')"/>
    </testcase>
    <testcase time="0.0140000000000029" classname="fda_table_09" name="Table_09_rtables_generation_works_with_custom_values"/>
    <testcase time="0.0300000000000011" classname="fda_table_09" name="Table_09_rtables_generation_works_with_custom_values"/>
    <testcase time="0.261999999999993" classname="fda_table_09" name="Table_09_rtables_generation_works_with_custom_values"/>
    <testcase time="0.104000000000006" classname="fda_table_09" name="Table_09_rtables_generation_works_with_custom_values">
      <skipped message="Reason: On CRAN ('test-fda-table_09.R:39:3')"/>
    </testcase>
    <testcase time="0.0139999999999958" classname="fda_table_09" name="Table_09_generation_works_with_risk_difference_column"/>
    <testcase time="0.0260000000000034" classname="fda_table_09" name="Table_09_generation_works_with_risk_difference_column"/>
    <testcase time="0.280000000000001" classname="fda_table_09" name="Table_09_generation_works_with_risk_difference_column"/>
    <testcase time="0.0760000000000005" classname="fda_table_09" name="Table_09_generation_works_with_risk_difference_column">
      <skipped message="Reason: On CRAN ('test-fda-table_09.R:47:3')"/>
    </testcase>
    <testcase time="0.0129999999999981" classname="fda_table_09" name="Table_09_gt_generation_works_with_default_values"/>
    <testcase time="0.107999999999997" classname="fda_table_09" name="Table_09_gt_generation_works_with_default_values">
      <skipped message="Reason: On CRAN ('test-fda-table_09.R:60:3')"/>
    </testcase>
    <testcase time="0.0140000000000029" classname="fda_table_09" name="Table_09_gt_generation_works_with_custom_values"/>
    <testcase time="0.145000000000003" classname="fda_table_09" name="Table_09_gt_generation_works_with_custom_values">
      <skipped message="Reason: On CRAN ('test-fda-table_09.R:88:3')"/>
    </testcase>
    <testcase time="0.445" classname="fda_table_09" name="make_table_09_tplyr_returns_a_tibble_when_tplyr_raw_TRUE"/>
    <testcase time="0.00199999999999534" classname="fda_table_09" name="make_table_09_tplyr_returns_a_tibble_when_tplyr_raw_TRUE"/>
    <testcase time="0.0150000000000006" classname="fda_table_09" name="make_table_09_tplyr_returns_a_tibble_when_tplyr_raw_TRUE">
      <skipped message="Reason: On CRAN ('test-fda-table_09.R:101:3')"/>
    </testcase>
    <testcase time="0.404000000000003" classname="fda_table_09" name="make_table_09_tplyr_returns_a_gt_object_when_tplyr_raw_FALSE"/>
    <testcase time="0.00199999999999534" classname="fda_table_09" name="make_table_09_tplyr_returns_a_gt_object_when_tplyr_raw_FALSE"/>
    <testcase time="0.034000000000006" classname="fda_table_09" name="make_table_09_tplyr_returns_a_gt_object_when_tplyr_raw_FALSE">
      <skipped message="Reason: On CRAN ('test-fda-table_09.R:112:3')"/>
    </testcase>
    <testcase time="0.382999999999996" classname="fda_table_09" name="make_table_09_tplyr_provides_total_column_counts_based_on_the_alt_count_df_parameter"/>
    <testcase time="0.435000000000002" classname="fda_table_09" name="make_table_09_tplyr_provides_total_column_counts_based_on_the_alt_count_df_parameter"/>
    <testcase time="0.373999999999995" classname="fda_table_09" name="make_table_09_tplyr_assigns_column_headers_correctly_to_the_arm_groups"/>
    <testcase time="0.366000000000007" classname="fda_table_09" name="make_table_09_tplyr_assigns_column_headers_correctly_to_the_arm_groups"/>
    <testcase time="0.379999999999995" classname="fda_table_09" name="make_table_09_tplyr_assigns_column_headers_correctly_to_the_arm_groups"/>
    <testcase time="0.399999999999999" classname="fda_table_09" name="make_table_09_tplyr_provides_risk_difference_columns_based_on_the_risk_diff_pairs_parameter"/>
    <testcase time="0.377000000000002" classname="fda_table_09" name="make_table_09_tplyr_provides_risk_difference_columns_based_on_the_risk_diff_pairs_parameter"/>
    <testcase time="0.417999999999999" classname="fda_table_09" name="make_table_09_tplyr_provides_a_total_column_based_on_the_lbl_overall_parameter"/>
    <testcase time="0.00300000000000011" classname="fda_table_09" name="make_table_09_tplyr_provides_a_total_column_based_on_the_lbl_overall_parameter"/>
    <testcase time="0.599000000000004" classname="fda_table_09" name="make_table_09_tplyr_provides_a_total_column_based_on_the_lbl_overall_parameter"/>
    <testcase time="0.367999999999995" classname="fda_table_09" name="make_table_09_tplyr_prunes_all_zero_rows_based_on_the_prune_0_parameter"/>
    <testcase time="0.361000000000004" classname="fda_table_09" name="make_table_09_tplyr_prunes_all_zero_rows_based_on_the_prune_0_parameter"/>
    <testcase time="0.378" classname="fda_table_09" name="make_table_09_tplyr_shows_column_counts_based_on_the_show_colcounts_parameter"/>
    <testcase time="0.363999999999997" classname="fda_table_09" name="make_table_09_tplyr_shows_column_counts_based_on_the_show_colcounts_parameter"/>
    <testcase time="0.359999999999999" classname="fda_table_09" name="make_table_09_tplyr_considers_lbl_soc_var_and_lbl_pref_var_parameters"/>
    <testcase time="0.00300000000000011" classname="fda_table_09" name="make_table_09_tplyr_considers_lbl_soc_var_and_lbl_pref_var_parameters"/>
    <testcase time="0.396999999999998" classname="fda_table_09" name="make_table_09_tplyr_considers_lbl_soc_var_and_lbl_pref_var_parameters"/>
    <testcase time="0.00300000000000011" classname="fda_table_09" name="make_table_09_tplyr_considers_lbl_soc_var_and_lbl_pref_var_parameters"/>
    <testcase time="0.377000000000002" classname="fda_table_09" name="make_table_09_tplyr_considers_annotations_if_tplyr_raw_FALSE"/>
    <testcase time="0.00300000000000011" classname="fda_table_09" name="make_table_09_tplyr_considers_annotations_if_tplyr_raw_FALSE"/>
    <testcase time="0.00300000000000011" classname="fda_table_09" name="make_table_09_tplyr_considers_annotations_if_tplyr_raw_FALSE"/>
    <testcase time="0.00300000000000011" classname="fda_table_09" name="make_table_09_tplyr_considers_annotations_if_tplyr_raw_FALSE"/>
    <testcase time="0.00200000000000244" classname="fda_table_09" name="make_table_09_tplyr_considers_annotations_if_tplyr_raw_FALSE"/>
    <testcase time="0.00300000000000011" classname="fda_table_09" name="make_table_09_tplyr_considers_annotations_if_tplyr_raw_FALSE"/>
    <testcase time="0.00300000000000011" classname="fda_table_09" name="make_table_09_tplyr_considers_annotations_if_tplyr_raw_FALSE"/>
    <testcase time="0.00499999999999545" classname="fda_table_09" name="Table_09_generation_works_with_gtsummary_with_default_values"/>
    <testcase time="1.069" classname="fda_table_09" name="Table_09_generation_works_with_gtsummary_with_default_values">
      <skipped message="Reason: On CRAN ('test-fda-table_09.R:357:3')"/>
    </testcase>
    <testcase time="0.0139999999999958" classname="fda_table_09" name="Table_09_generation_works_with_gtsummary_with_custom_values"/>
    <testcase time="1.06" classname="fda_table_09" name="Table_09_generation_works_with_gtsummary_with_custom_values">
      <skipped message="Reason: On CRAN ('test-fda-table_09.R:376:3')"/>
    </testcase>
  </testsuite>
  <testsuite name="fda-table_10" timestamp="2025-04-30T17:33:54Z" hostname="bce9b1065a23" tests="36" skipped="5" failures="0" errors="0" time="4.161">
    <testcase time="0.0249999999999986" classname="fda_table_10" name="Table_10_generation_gtsummary_works_with_default_values"/>
    <testcase time="0.0609999999999999" classname="fda_table_10" name="Table_10_generation_gtsummary_works_with_default_values"/>
    <testcase time="0.0360000000000014" classname="fda_table_10" name="Table_10_generation_gtsummary_works_with_default_values"/>
    <testcase time="0.0350000000000037" classname="fda_table_10" name="Table_10_generation_gtsummary_works_with_default_values"/>
    <testcase time="0.0359999999999943" classname="fda_table_10" name="Table_10_generation_gtsummary_works_with_default_values"/>
    <testcase time="0.0410000000000039" classname="fda_table_10" name="Table_10_generation_gtsummary_works_with_default_values"/>
    <testcase time="0.00200000000000244" classname="fda_table_10" name="Table_10_generation_gtsummary_works_with_default_values"/>
    <testcase time="0.134999999999998" classname="fda_table_10" name="Table_10_generation_gtsummary_works_with_default_values"/>
    <testcase time="0.0259999999999962" classname="fda_table_10" name="Table_10_generation_gtsummary_works_with_default_values"/>
    <testcase time="0.0530000000000044" classname="fda_table_10" name="Table_10_generation_gtsummary_works_with_default_values"/>
    <testcase time="0.800999999999995" classname="fda_table_10" name="Table_10_generation_gtsummary_works_with_default_values"/>
    <testcase time="0.240000000000002" classname="fda_table_10" name="Table_10_generation_gtsummary_works_with_default_values">
      <skipped message="Reason: On CRAN ('test-fda-table_10.R:17:3')"/>
    </testcase>
    <testcase time="0.0129999999999981" classname="fda_table_10" name="Table_10_generation_gtsummary_works_with_default_values"/>
    <testcase time="0.0609999999999999" classname="fda_table_10" name="Table_10_generation_gtsummary_works_with_default_values"/>
    <testcase time="0.0350000000000037" classname="fda_table_10" name="Table_10_generation_gtsummary_works_with_default_values"/>
    <testcase time="0.0409999999999968" classname="fda_table_10" name="Table_10_generation_gtsummary_works_with_default_values"/>
    <testcase time="0.0350000000000037" classname="fda_table_10" name="Table_10_generation_gtsummary_works_with_default_values"/>
    <testcase time="0.0360000000000014" classname="fda_table_10" name="Table_10_generation_gtsummary_works_with_default_values"/>
    <testcase time="0.00199999999999534" classname="fda_table_10" name="Table_10_generation_gtsummary_works_with_default_values"/>
    <testcase time="0.135000000000005" classname="fda_table_10" name="Table_10_generation_gtsummary_works_with_default_values"/>
    <testcase time="0.0289999999999964" classname="fda_table_10" name="Table_10_generation_gtsummary_works_with_default_values"/>
    <testcase time="0.0579999999999998" classname="fda_table_10" name="Table_10_generation_gtsummary_works_with_default_values"/>
    <testcase time="0.816000000000003" classname="fda_table_10" name="Table_10_generation_gtsummary_works_with_default_values"/>
    <testcase time="0.241999999999997" classname="fda_table_10" name="Table_10_generation_gtsummary_works_with_default_values">
      <skipped message="Reason: On CRAN ('test-fda-table_10.R:24:3')"/>
    </testcase>
    <testcase time="0.0120000000000005" classname="fda_table_10" name="Table_10_generation_rtables_works_with_default_values_BROAD"/>
    <testcase time="0.0240000000000009" classname="fda_table_10" name="Table_10_generation_rtables_works_with_default_values_BROAD"/>
    <testcase time="0.249000000000002" classname="fda_table_10" name="Table_10_generation_rtables_works_with_default_values_BROAD"/>
    <testcase time="0.0589999999999975" classname="fda_table_10" name="Table_10_generation_rtables_works_with_default_values_BROAD">
      <skipped message="Reason: On CRAN ('test-fda-table_10.R:32:3')"/>
    </testcase>
    <testcase time="0.0129999999999981" classname="fda_table_10" name="Table_10_generation_rtables_works_with_default_values"/>
    <testcase time="0.0230000000000032" classname="fda_table_10" name="Table_10_generation_rtables_works_with_default_values"/>
    <testcase time="0.238999999999997" classname="fda_table_10" name="Table_10_generation_rtables_works_with_default_values"/>
    <testcase time="0.0600000000000023" classname="fda_table_10" name="Table_10_generation_rtables_works_with_default_values">
      <skipped message="Reason: On CRAN ('test-fda-table_10.R:67:3')"/>
    </testcase>
    <testcase time="0.0129999999999981" classname="fda_table_10" name="Table_10_generation_rtables_works_with_risk_difference_column"/>
    <testcase time="0.027000000000001" classname="fda_table_10" name="Table_10_generation_rtables_works_with_risk_difference_column"/>
    <testcase time="0.317" classname="fda_table_10" name="Table_10_generation_rtables_works_with_risk_difference_column"/>
    <testcase time="0.131" classname="fda_table_10" name="Table_10_generation_rtables_works_with_risk_difference_column">
      <skipped message="Reason: On CRAN ('test-fda-table_10.R:75:3')"/>
    </testcase>
  </testsuite>
  <testsuite name="fda-table_11" timestamp="2025-04-30T17:33:58Z" hostname="bce9b1065a23" tests="19" skipped="4" failures="0" errors="0" time="4.467">
    <testcase time="0.0240000000000009" classname="fda_table_11" name="Table_11_generation_works_with_default_values"/>
    <testcase time="0.0309999999999988" classname="fda_table_11" name="Table_11_generation_works_with_default_values"/>
    <testcase time="0.152000000000001" classname="fda_table_11" name="Table_11_generation_works_with_default_values"/>
    <testcase time="0.0319999999999965" classname="fda_table_11" name="Table_11_generation_works_with_default_values"/>
    <testcase time="1.306" classname="fda_table_11" name="Table_11_generation_works_with_default_values"/>
    <testcase time="0.00199999999999534" classname="fda_table_11" name="Table_11_generation_works_with_default_values"/>
    <testcase time="0.132000000000005" classname="fda_table_11" name="Table_11_generation_works_with_default_values">
      <skipped message="Reason: On CRAN ('test-fda-table_11.R:19:3')"/>
    </testcase>
    <testcase time="0.012999999999991" classname="fda_table_11" name="Table_11_generation_works_with_gtsummary_with_custom_values"/>
    <testcase time="0.0400000000000063" classname="fda_table_11" name="Table_11_generation_works_with_gtsummary_with_custom_values"/>
    <testcase time="1.339" classname="fda_table_11" name="Table_11_generation_works_with_gtsummary_with_custom_values"/>
    <testcase time="0.144999999999996" classname="fda_table_11" name="Table_11_generation_works_with_gtsummary_with_custom_values">
      <skipped message="Reason: On CRAN ('test-fda-table_11.R:41:3')"/>
    </testcase>
    <testcase time="0.0150000000000006" classname="fda_table_11" name="Table_11_generation_works_with_rtables_with_custom_values"/>
    <testcase time="0.0280000000000058" classname="fda_table_11" name="Table_11_generation_works_with_rtables_with_custom_values"/>
    <testcase time="0.403999999999996" classname="fda_table_11" name="Table_11_generation_works_with_rtables_with_custom_values"/>
    <testcase time="0.0690000000000026" classname="fda_table_11" name="Table_11_generation_works_with_rtables_with_custom_values">
      <skipped message="Reason: On CRAN ('test-fda-table_11.R:73:3')"/>
    </testcase>
    <testcase time="0.0130000000000052" classname="fda_table_11" name="Table_11_generation_works_with_rtables_with_risk_difference_column"/>
    <testcase time="0.0319999999999965" classname="fda_table_11" name="Table_11_generation_works_with_rtables_with_risk_difference_column"/>
    <testcase time="0.543999999999997" classname="fda_table_11" name="Table_11_generation_works_with_rtables_with_risk_difference_column"/>
    <testcase time="0.146000000000001" classname="fda_table_11" name="Table_11_generation_works_with_rtables_with_risk_difference_column">
      <skipped message="Reason: On CRAN ('test-fda-table_11.R:81:3')"/>
    </testcase>
  </testsuite>
  <testsuite name="fda-table_12" timestamp="2025-04-30T17:34:02Z" hostname="bce9b1065a23" tests="23" skipped="5" failures="0" errors="0" time="5.478">
    <testcase time="0.0190000000000055" classname="fda_table_12" name="Table_12_generation_works_with_default_values"/>
    <testcase time="0.0319999999999965" classname="fda_table_12" name="Table_12_generation_works_with_default_values"/>
    <testcase time="0.177999999999997" classname="fda_table_12" name="Table_12_generation_works_with_default_values"/>
    <testcase time="0.0330000000000013" classname="fda_table_12" name="Table_12_generation_works_with_default_values"/>
    <testcase time="1.267" classname="fda_table_12" name="Table_12_generation_works_with_default_values"/>
    <testcase time="0.00199999999999534" classname="fda_table_12" name="Table_12_generation_works_with_default_values"/>
    <testcase time="0.135000000000005" classname="fda_table_12" name="Table_12_generation_works_with_default_values">
      <skipped message="Reason: On CRAN ('test-fda-table_12.R:10:3')"/>
    </testcase>
    <testcase time="0.0130000000000052" classname="fda_table_12" name="Table_12_generation_works_with_gtsummary_with_custom_values"/>
    <testcase time="0.0330000000000013" classname="fda_table_12" name="Table_12_generation_works_with_gtsummary_with_custom_values"/>
    <testcase time="1.30399999999999" classname="fda_table_12" name="Table_12_generation_works_with_gtsummary_with_custom_values"/>
    <testcase time="0.134" classname="fda_table_12" name="Table_12_generation_works_with_gtsummary_with_custom_values">
      <skipped message="Reason: On CRAN ('test-fda-table_12.R:32:3')"/>
    </testcase>
    <testcase time="0.01400000000001" classname="fda_table_12" name="Table_12_generation_works_with_default_values"/>
    <testcase time="0.0330000000000013" classname="fda_table_12" name="Table_12_generation_works_with_default_values"/>
    <testcase time="0.582999999999998" classname="fda_table_12" name="Table_12_generation_works_with_default_values"/>
    <testcase time="0.106999999999999" classname="fda_table_12" name="Table_12_generation_works_with_default_values">
      <skipped message="Reason: On CRAN ('test-fda-table_12.R:41:3')"/>
    </testcase>
    <testcase time="0.0139999999999958" classname="fda_table_12" name="Table_12_generation_works_with_custom_values"/>
    <testcase time="0.0330000000000013" classname="fda_table_12" name="Table_12_generation_works_with_custom_values"/>
    <testcase time="0.570999999999998" classname="fda_table_12" name="Table_12_generation_works_with_custom_values"/>
    <testcase time="0.103999999999999" classname="fda_table_12" name="Table_12_generation_works_with_custom_values">
      <skipped message="Reason: On CRAN ('test-fda-table_12.R:71:3')"/>
    </testcase>
    <testcase time="0.012999999999991" classname="fda_table_12" name="Table_12_generation_works_with_risk_difference_column"/>
    <testcase time="0.0420000000000016" classname="fda_table_12" name="Table_12_generation_works_with_risk_difference_column"/>
    <testcase time="0.692999999999998" classname="fda_table_12" name="Table_12_generation_works_with_risk_difference_column"/>
    <testcase time="0.121000000000009" classname="fda_table_12" name="Table_12_generation_works_with_risk_difference_column">
      <skipped message="Reason: On CRAN ('test-fda-table_12.R:79:3')"/>
    </testcase>
  </testsuite>
  <testsuite name="fda-table_13" timestamp="2025-04-30T17:34:08Z" hostname="bce9b1065a23" tests="12" skipped="3" failures="0" errors="0" time="0.73">
    <testcase time="0.0169999999999959" classname="fda_table_13" name="Table_13_generation_works_with_default_values"/>
    <testcase time="0.054000000000002" classname="fda_table_13" name="Table_13_generation_works_with_default_values"/>
    <testcase time="0.0990000000000038" classname="fda_table_13" name="Table_13_generation_works_with_default_values"/>
    <testcase time="0.0679999999999978" classname="fda_table_13" name="Table_13_generation_works_with_default_values">
      <skipped message="Reason: On CRAN ('test-fda-table_13.R:8:3')"/>
    </testcase>
    <testcase time="0.0139999999999958" classname="fda_table_13" name="Table_13_generation_works_with_custom_values"/>
    <testcase time="0.0319999999999965" classname="fda_table_13" name="Table_13_generation_works_with_custom_values"/>
    <testcase time="0.132000000000005" classname="fda_table_13" name="Table_13_generation_works_with_custom_values"/>
    <testcase time="0.0570000000000022" classname="fda_table_13" name="Table_13_generation_works_with_custom_values">
      <skipped message="Reason: On CRAN ('test-fda-table_13.R:38:3')"/>
    </testcase>
    <testcase time="0.0139999999999958" classname="fda_table_13" name="Table_13_generation_works_with_risk_difference_column"/>
    <testcase time="0.0330000000000013" classname="fda_table_13" name="Table_13_generation_works_with_risk_difference_column"/>
    <testcase time="0.132999999999996" classname="fda_table_13" name="Table_13_generation_works_with_risk_difference_column"/>
    <testcase time="0.0770000000000124" classname="fda_table_13" name="Table_13_generation_works_with_risk_difference_column">
      <skipped message="Reason: On CRAN ('test-fda-table_13.R:46:3')"/>
    </testcase>
  </testsuite>
  <testsuite name="fda-table_14" timestamp="2025-04-30T17:34:09Z" hostname="bce9b1065a23" tests="13" skipped="4" failures="0" errors="0" time="2.58">
    <testcase time="0.0229999999999961" classname="fda_table_14" name="Table_14_generation_works_with_default_values"/>
    <testcase time="0.414000000000001" classname="fda_table_14" name="Table_14_generation_works_with_default_values"/>
    <testcase time="0.156999999999996" classname="fda_table_14" name="Table_14_generation_works_with_default_values">
      <skipped message="Reason: On CRAN ('test-fda-table_14.R:16:3')"/>
    </testcase>
    <testcase time="0.0130000000000052" classname="fda_table_14" name="Table_14_generation_works_with_custom_values"/>
    <testcase time="0.0309999999999917" classname="fda_table_14" name="Table_14_generation_works_with_custom_values"/>
    <testcase time="0.454999999999998" classname="fda_table_14" name="Table_14_generation_works_with_custom_values"/>
    <testcase time="0.162000000000006" classname="fda_table_14" name="Table_14_generation_works_with_custom_values">
      <skipped message="Reason: On CRAN ('test-fda-table_14.R:46:3')"/>
    </testcase>
    <testcase time="0.0139999999999958" classname="fda_table_14" name="Table_14_generation_works_with_NA_values_pruned_rows"/>
    <testcase time="0.423000000000002" classname="fda_table_14" name="Table_14_generation_works_with_NA_values_pruned_rows"/>
    <testcase time="0.126000000000005" classname="fda_table_14" name="Table_14_generation_works_with_NA_values_pruned_rows">
      <skipped message="Reason: On CRAN ('test-fda-table_14.R:53:3')"/>
    </testcase>
    <testcase time="0.0139999999999958" classname="fda_table_14" name="Table_14_generation_works_with_risk_difference_column"/>
    <testcase time="0.569000000000003" classname="fda_table_14" name="Table_14_generation_works_with_risk_difference_column"/>
    <testcase time="0.179000000000002" classname="fda_table_14" name="Table_14_generation_works_with_risk_difference_column">
      <skipped message="Reason: On CRAN ('test-fda-table_14.R:61:3')"/>
    </testcase>
  </testsuite>
  <testsuite name="fda-table_15" timestamp="2025-04-30T17:34:11Z" hostname="bce9b1065a23" tests="16" skipped="4" failures="0" errors="0" time="1.468">
    <testcase time="0.019999999999996" classname="fda_table_15" name="Table_15_generation_works_with_default_values"/>
    <testcase time="0.0349999999999966" classname="fda_table_15" name="Table_15_generation_works_with_default_values"/>
    <testcase time="0.201000000000008" classname="fda_table_15" name="Table_15_generation_works_with_default_values"/>
    <testcase time="0.11099999999999" classname="fda_table_15" name="Table_15_generation_works_with_default_values">
      <skipped message="Reason: On CRAN ('test-fda-table_15.R:19:3')"/>
    </testcase>
    <testcase time="0.01400000000001" classname="fda_table_15" name="Table_15_generation_works_with_custom_values"/>
    <testcase time="0.027000000000001" classname="fda_table_15" name="Table_15_generation_works_with_custom_values"/>
    <testcase time="0.204999999999998" classname="fda_table_15" name="Table_15_generation_works_with_custom_values"/>
    <testcase time="0.0959999999999894" classname="fda_table_15" name="Table_15_generation_works_with_custom_values">
      <skipped message="Reason: On CRAN ('test-fda-table_15.R:51:3')"/>
    </testcase>
    <testcase time="0.0130000000000052" classname="fda_table_15" name="Table_15_generation_works_with_NA_values_pruned_rows"/>
    <testcase time="0.0349999999999966" classname="fda_table_15" name="Table_15_generation_works_with_NA_values_pruned_rows"/>
    <testcase time="0.198999999999998" classname="fda_table_15" name="Table_15_generation_works_with_NA_values_pruned_rows"/>
    <testcase time="0.108000000000004" classname="fda_table_15" name="Table_15_generation_works_with_NA_values_pruned_rows">
      <skipped message="Reason: On CRAN ('test-fda-table_15.R:58:3')"/>
    </testcase>
    <testcase time="0.0130000000000052" classname="fda_table_15" name="Table_15_generation_works_with_risk_difference_column"/>
    <testcase time="0.027000000000001" classname="fda_table_15" name="Table_15_generation_works_with_risk_difference_column"/>
    <testcase time="0.241" classname="fda_table_15" name="Table_15_generation_works_with_risk_difference_column"/>
    <testcase time="0.12299999999999" classname="fda_table_15" name="Table_15_generation_works_with_risk_difference_column">
      <skipped message="Reason: On CRAN ('test-fda-table_15.R:66:3')"/>
    </testcase>
  </testsuite>
  <testsuite name="fda-table_16" timestamp="2025-04-30T17:34:13Z" hostname="bce9b1065a23" tests="16" skipped="4" failures="0" errors="0" time="1.258">
    <testcase time="0.0190000000000055" classname="fda_table_16" name="Table_16_generation_works_with_default_values"/>
    <testcase time="0.0250000000000057" classname="fda_table_16" name="Table_16_generation_works_with_default_values"/>
    <testcase time="0.221999999999994" classname="fda_table_16" name="Table_16_generation_works_with_default_values"/>
    <testcase time="0.0529999999999973" classname="fda_table_16" name="Table_16_generation_works_with_default_values">
      <skipped message="Reason: On CRAN ('test-fda-table_16.R:19:3')"/>
    </testcase>
    <testcase time="0.01400000000001" classname="fda_table_16" name="Table_16_generation_works_with_custom_values"/>
    <testcase time="0.0269999999999868" classname="fda_table_16" name="Table_16_generation_works_with_custom_values"/>
    <testcase time="0.209000000000003" classname="fda_table_16" name="Table_16_generation_works_with_custom_values"/>
    <testcase time="0.0520000000000067" classname="fda_table_16" name="Table_16_generation_works_with_custom_values">
      <skipped message="Reason: On CRAN ('test-fda-table_16.R:51:3')"/>
    </testcase>
    <testcase time="0.012999999999991" classname="fda_table_16" name="Table_16_generation_works_with_NA_values_pruned_rows"/>
    <testcase time="0.0250000000000057" classname="fda_table_16" name="Table_16_generation_works_with_NA_values_pruned_rows"/>
    <testcase time="0.200000000000003" classname="fda_table_16" name="Table_16_generation_works_with_NA_values_pruned_rows"/>
    <testcase time="0.0519999999999925" classname="fda_table_16" name="Table_16_generation_works_with_NA_values_pruned_rows">
      <skipped message="Reason: On CRAN ('test-fda-table_16.R:58:3')"/>
    </testcase>
    <testcase time="0.0200000000000102" classname="fda_table_16" name="Table_16_generation_works_with_risk_difference_column"/>
    <testcase time="0.0319999999999965" classname="fda_table_16" name="Table_16_generation_works_with_risk_difference_column"/>
    <testcase time="0.236000000000004" classname="fda_table_16" name="Table_16_generation_works_with_risk_difference_column"/>
    <testcase time="0.0589999999999975" classname="fda_table_16" name="Table_16_generation_works_with_risk_difference_column">
      <skipped message="Reason: On CRAN ('test-fda-table_16.R:66:3')"/>
    </testcase>
  </testsuite>
  <testsuite name="fda-table_17" timestamp="2025-04-30T17:34:14Z" hostname="bce9b1065a23" tests="16" skipped="4" failures="0" errors="0" time="2.155">
    <testcase time="0.0189999999999912" classname="fda_table_17" name="Table_17_generation_works_with_default_values"/>
    <testcase time="0.0290000000000106" classname="fda_table_17" name="Table_17_generation_works_with_default_values"/>
    <testcase time="0.295999999999992" classname="fda_table_17" name="Table_17_generation_works_with_default_values"/>
    <testcase time="0.167000000000002" classname="fda_table_17" name="Table_17_generation_works_with_default_values">
      <skipped message="Reason: On CRAN ('test-fda-table_17.R:25:3')"/>
    </testcase>
    <testcase time="0.0130000000000052" classname="fda_table_17" name="Table_17_generation_works_with_custom_values"/>
    <testcase time="0.0300000000000011" classname="fda_table_17" name="Table_17_generation_works_with_custom_values"/>
    <testcase time="0.314999999999998" classname="fda_table_17" name="Table_17_generation_works_with_custom_values"/>
    <testcase time="0.152999999999992" classname="fda_table_17" name="Table_17_generation_works_with_custom_values">
      <skipped message="Reason: On CRAN ('test-fda-table_17.R:57:3')"/>
    </testcase>
    <testcase time="0.0130000000000052" classname="fda_table_17" name="Table_17_generation_works_with_NA_values_pruned_rows"/>
    <testcase time="0.0450000000000017" classname="fda_table_17" name="Table_17_generation_works_with_NA_values_pruned_rows"/>
    <testcase time="0.307999999999993" classname="fda_table_17" name="Table_17_generation_works_with_NA_values_pruned_rows"/>
    <testcase time="0.170000000000002" classname="fda_table_17" name="Table_17_generation_works_with_NA_values_pruned_rows">
      <skipped message="Reason: On CRAN ('test-fda-table_17.R:64:3')"/>
    </testcase>
    <testcase time="0.0130000000000052" classname="fda_table_17" name="Table_17_generation_works_with_risk_difference_column"/>
    <testcase time="0.0289999999999964" classname="fda_table_17" name="Table_17_generation_works_with_risk_difference_column"/>
    <testcase time="0.364999999999995" classname="fda_table_17" name="Table_17_generation_works_with_risk_difference_column"/>
    <testcase time="0.190000000000012" classname="fda_table_17" name="Table_17_generation_works_with_risk_difference_column">
      <skipped message="Reason: On CRAN ('test-fda-table_17.R:72:3')"/>
    </testcase>
  </testsuite>
  <testsuite name="fda-table_18" timestamp="2025-04-30T17:34:16Z" hostname="bce9b1065a23" tests="16" skipped="4" failures="0" errors="0" time="2.007">
    <testcase time="0.019999999999996" classname="fda_table_18" name="Table_18_generation_works_with_default_values"/>
    <testcase time="0.0349999999999966" classname="fda_table_18" name="Table_18_generation_works_with_default_values"/>
    <testcase time="0.304000000000002" classname="fda_table_18" name="Table_18_generation_works_with_default_values"/>
    <testcase time="0.0739999999999981" classname="fda_table_18" name="Table_18_generation_works_with_default_values">
      <skipped message="Reason: On CRAN ('test-fda-table_18.R:25:3')"/>
    </testcase>
    <testcase time="0.0130000000000052" classname="fda_table_18" name="Table_18_generation_works_with_custom_values"/>
    <testcase time="0.0289999999999964" classname="fda_table_18" name="Table_18_generation_works_with_custom_values"/>
    <testcase time="0.317000000000007" classname="fda_table_18" name="Table_18_generation_works_with_custom_values"/>
    <testcase time="0.0729999999999933" classname="fda_table_18" name="Table_18_generation_works_with_custom_values">
      <skipped message="Reason: On CRAN ('test-fda-table_18.R:57:3')"/>
    </testcase>
    <testcase time="0.0130000000000052" classname="fda_table_18" name="Table_18_generation_works_with_NA_values_pruned_rows"/>
    <testcase time="0.0259999999999962" classname="fda_table_18" name="Table_18_generation_works_with_NA_values_pruned_rows"/>
    <testcase time="0.311999999999998" classname="fda_table_18" name="Table_18_generation_works_with_NA_values_pruned_rows"/>
    <testcase time="0.0720000000000027" classname="fda_table_18" name="Table_18_generation_works_with_NA_values_pruned_rows">
      <skipped message="Reason: On CRAN ('test-fda-table_18.R:64:3')"/>
    </testcase>
    <testcase time="0.0139999999999958" classname="fda_table_18" name="Table_18_generation_works_with_risk_difference_column"/>
    <testcase time="0.0250000000000057" classname="fda_table_18" name="Table_18_generation_works_with_risk_difference_column"/>
    <testcase time="0.599999999999994" classname="fda_table_18" name="Table_18_generation_works_with_risk_difference_column"/>
    <testcase time="0.0799999999999983" classname="fda_table_18" name="Table_18_generation_works_with_risk_difference_column">
      <skipped message="Reason: On CRAN ('test-fda-table_18.R:72:3')"/>
    </testcase>
  </testsuite>
  <testsuite name="fda-table_20" timestamp="2025-04-30T17:34:18Z" hostname="bce9b1065a23" tests="24" skipped="4" failures="0" errors="0" time="1.904">
    <testcase time="0.0200000000000102" classname="fda_table_20" name="Table_20_generation_works_with_default_values"/>
    <testcase time="0.000999999999990564" classname="fda_table_20" name="Table_20_generation_works_with_default_values"/>
    <testcase time="0.00100000000000477" classname="fda_table_20" name="Table_20_generation_works_with_default_values"/>
    <testcase time="0.0289999999999964" classname="fda_table_20" name="Table_20_generation_works_with_default_values"/>
    <testcase time="0.302000000000007" classname="fda_table_20" name="Table_20_generation_works_with_default_values"/>
    <testcase time="0.0829999999999984" classname="fda_table_20" name="Table_20_generation_works_with_default_values">
      <skipped message="Reason: On CRAN ('test-fda-table_20.R:17:3')"/>
    </testcase>
    <testcase time="0.012999999999991" classname="fda_table_20" name="Table_20_generation_works_with_custom_values"/>
    <testcase time="0.00100000000000477" classname="fda_table_20" name="Table_20_generation_works_with_custom_values"/>
    <testcase time="0.00100000000000477" classname="fda_table_20" name="Table_20_generation_works_with_custom_values"/>
    <testcase time="0.0279999999999916" classname="fda_table_20" name="Table_20_generation_works_with_custom_values"/>
    <testcase time="0.405000000000001" classname="fda_table_20" name="Table_20_generation_works_with_custom_values"/>
    <testcase time="0.103999999999999" classname="fda_table_20" name="Table_20_generation_works_with_custom_values">
      <skipped message="Reason: On CRAN ('test-fda-table_20.R:65:3')"/>
    </testcase>
    <testcase time="0.0130000000000052" classname="fda_table_20" name="Table_20_generation_works_with_missing_values_pruned_rows"/>
    <testcase time="0.00100000000000477" classname="fda_table_20" name="Table_20_generation_works_with_missing_values_pruned_rows"/>
    <testcase time="0.000999999999990564" classname="fda_table_20" name="Table_20_generation_works_with_missing_values_pruned_rows"/>
    <testcase time="0.0280000000000058" classname="fda_table_20" name="Table_20_generation_works_with_missing_values_pruned_rows"/>
    <testcase time="0.269999999999996" classname="fda_table_20" name="Table_20_generation_works_with_missing_values_pruned_rows"/>
    <testcase time="0.085000000000008" classname="fda_table_20" name="Table_20_generation_works_with_missing_values_pruned_rows">
      <skipped message="Reason: On CRAN ('test-fda-table_20.R:74:3')"/>
    </testcase>
    <testcase time="0.0120000000000005" classname="fda_table_20" name="Table_20_generation_works_with_risk_difference_column"/>
    <testcase time="0.000999999999990564" classname="fda_table_20" name="Table_20_generation_works_with_risk_difference_column"/>
    <testcase time="0.00100000000000477" classname="fda_table_20" name="Table_20_generation_works_with_risk_difference_column"/>
    <testcase time="0.0279999999999916" classname="fda_table_20" name="Table_20_generation_works_with_risk_difference_column"/>
    <testcase time="0.379000000000005" classname="fda_table_20" name="Table_20_generation_works_with_risk_difference_column"/>
    <testcase time="0.0970000000000084" classname="fda_table_20" name="Table_20_generation_works_with_risk_difference_column">
      <skipped message="Reason: On CRAN ('test-fda-table_20.R:82:3')"/>
    </testcase>
  </testsuite>
  <testsuite name="fda-table_21" timestamp="2025-04-30T17:34:20Z" hostname="bce9b1065a23" tests="19" skipped="4" failures="0" errors="0" time="1.786">
    <testcase time="0.0259999999999962" classname="fda_table_21" name="Table_21_generation_works_with_default_values"/>
    <testcase time="0.000999999999990564" classname="fda_table_21" name="Table_21_generation_works_with_default_values"/>
    <testcase time="0.356999999999999" classname="fda_table_21" name="Table_21_generation_works_with_default_values"/>
    <testcase time="0.0970000000000084" classname="fda_table_21" name="Table_21_generation_works_with_default_values">
      <skipped message="Reason: On CRAN ('test-fda-table_21.R:16:3')"/>
    </testcase>
    <testcase time="0.012999999999991" classname="fda_table_21" name="Table_21_generation_works_with_custom_values_N_s_denominator_and_overall_column"/>
    <testcase time="0.00100000000000477" classname="fda_table_21" name="Table_21_generation_works_with_custom_values_N_s_denominator_and_overall_column"/>
    <testcase time="0.0489999999999924" classname="fda_table_21" name="Table_21_generation_works_with_custom_values_N_s_denominator_and_overall_column"/>
    <testcase time="0.433000000000007" classname="fda_table_21" name="Table_21_generation_works_with_custom_values_N_s_denominator_and_overall_column"/>
    <testcase time="0.119" classname="fda_table_21" name="Table_21_generation_works_with_custom_values_N_s_denominator_and_overall_column">
      <skipped message="Reason: On CRAN ('test-fda-table_21.R:28:3')"/>
    </testcase>
    <testcase time="0.0130000000000052" classname="fda_table_21" name="Table_21_generation_works_with_custom_values_N_col_denominator_and_no_overall_column"/>
    <testcase time="0.000999999999990564" classname="fda_table_21" name="Table_21_generation_works_with_custom_values_N_col_denominator_and_no_overall_column"/>
    <testcase time="0.0330000000000013" classname="fda_table_21" name="Table_21_generation_works_with_custom_values_N_col_denominator_and_no_overall_column"/>
    <testcase time="0.219999999999999" classname="fda_table_21" name="Table_21_generation_works_with_custom_values_N_col_denominator_and_no_overall_column"/>
    <testcase time="0.0919999999999987" classname="fda_table_21" name="Table_21_generation_works_with_custom_values_N_col_denominator_and_no_overall_column">
      <skipped message="Reason: On CRAN ('test-fda-table_21.R:56:3')"/>
    </testcase>
    <testcase time="0.0470000000000113" classname="fda_table_21" name="Table_21_generation_works_with_some_NA_values"/>
    <testcase time="0.00199999999999534" classname="fda_table_21" name="Table_21_generation_works_with_some_NA_values"/>
    <testcase time="0.0300000000000011" classname="fda_table_21" name="Table_21_generation_works_with_some_NA_values"/>
    <testcase time="0.179000000000002" classname="fda_table_21" name="Table_21_generation_works_with_some_NA_values"/>
    <testcase time="0.0729999999999933" classname="fda_table_21" name="Table_21_generation_works_with_some_NA_values">
      <skipped message="Reason: On CRAN ('test-fda-table_21.R:76:3')"/>
    </testcase>
  </testsuite>
  <testsuite name="fda-table_22" timestamp="2025-04-30T17:34:22Z" hostname="bce9b1065a23" tests="8" skipped="4" failures="0" errors="0" time="1.797">
    <testcase time="0.385999999999996" classname="fda_table_22" name="Table_22_generation_works_with_default_values"/>
    <testcase time="0.0970000000000084" classname="fda_table_22" name="Table_22_generation_works_with_default_values">
      <skipped message="Reason: On CRAN ('test-fda-table_22.R:21:3')"/>
    </testcase>
    <testcase time="0.539000000000001" classname="fda_table_22" name="Table_22_generation_works_with_custom_values_N_s_denominator_and_overall_column"/>
    <testcase time="0.11099999999999" classname="fda_table_22" name="Table_22_generation_works_with_custom_values_N_s_denominator_and_overall_column">
      <skipped message="Reason: On CRAN ('test-fda-table_22.R:33:3')"/>
    </testcase>
    <testcase time="0.253" classname="fda_table_22" name="Table_22_generation_works_with_custom_values_N_col_denominator_and_no_overall_column"/>
    <testcase time="0.097999999999999" classname="fda_table_22" name="Table_22_generation_works_with_custom_values_N_col_denominator_and_no_overall_column">
      <skipped message="Reason: On CRAN ('test-fda-table_22.R:61:3')"/>
    </testcase>
    <testcase time="0.244000000000014" classname="fda_table_22" name="Table_22_generation_works_with_some_NA_values"/>
    <testcase time="0.0689999999999884" classname="fda_table_22" name="Table_22_generation_works_with_some_NA_values">
      <skipped message="Reason: On CRAN ('test-fda-table_22.R:81:3')"/>
    </testcase>
  </testsuite>
  <testsuite name="fda-table_32" timestamp="2025-04-30T17:34:24Z" hostname="bce9b1065a23" tests="27" skipped="7" failures="0" errors="0" time="4.559">
    <testcase time="0.0460000000000065" classname="fda_table_32" name="Table_32_generation_works_with_default_values"/>
    <testcase time="0.108999999999995" classname="fda_table_32" name="Table_32_generation_works_with_default_values"/>
    <testcase time="0.906999999999996" classname="fda_table_32" name="Table_32_generation_works_with_default_values"/>
    <testcase time="0.00100000000000477" classname="fda_table_32" name="Table_32_generation_works_with_default_values"/>
    <testcase time="0.0499999999999972" classname="fda_table_32" name="Table_32_generation_works_with_default_values">
      <skipped message="Reason: On CRAN ('test-fda-table_32.R:17:3')"/>
    </testcase>
    <testcase time="0.0150000000000006" classname="fda_table_32" name="Table_32_generation_works_with_custom_values"/>
    <testcase time="0.116" classname="fda_table_32" name="Table_32_generation_works_with_custom_values"/>
    <testcase time="1.408" classname="fda_table_32" name="Table_32_generation_works_with_custom_values"/>
    <testcase time="0.00200000000000955" classname="fda_table_32" name="Table_32_generation_works_with_custom_values"/>
    <testcase time="0.0619999999999976" classname="fda_table_32" name="Table_32_generation_works_with_custom_values">
      <skipped message="Reason: On CRAN ('test-fda-table_32.R:32:3')"/>
    </testcase>
    <testcase time="0.0159999999999911" classname="fda_table_32" name="Table_32_generation_missing_values_and_ADSL"/>
    <testcase time="1.03400000000001" classname="fda_table_32" name="Table_32_generation_missing_values_and_ADSL"/>
    <testcase time="0.00100000000000477" classname="fda_table_32" name="Table_32_generation_missing_values_and_ADSL"/>
    <testcase time="0.00199999999999534" classname="fda_table_32" name="Table_32_generation_missing_values_and_ADSL"/>
    <testcase time="0.0450000000000017" classname="fda_table_32" name="Table_32_generation_missing_values_and_ADSL">
      <skipped message="Reason: On CRAN ('test-fda-table_32.R:47:3')"/>
    </testcase>
    <testcase time="0.0150000000000006" classname="fda_table_32" name="Table_32_generation_works_with_default_values"/>
    <testcase time="0.108000000000004" classname="fda_table_32" name="Table_32_generation_works_with_default_values"/>
    <testcase time="0.0529999999999973" classname="fda_table_32" name="Table_32_generation_works_with_default_values">
      <skipped message="Reason: On CRAN ('test-fda-table_32.R:63:3')"/>
    </testcase>
    <testcase time="0.0150000000000006" classname="fda_table_32" name="Table_32_generation_works_with_custom_values"/>
    <testcase time="0.134999999999991" classname="fda_table_32" name="Table_32_generation_works_with_custom_values"/>
    <testcase time="0.0589999999999975" classname="fda_table_32" name="Table_32_generation_works_with_custom_values">
      <skipped message="Reason: On CRAN ('test-fda-table_32.R:85:3')"/>
    </testcase>
    <testcase time="0.01400000000001" classname="fda_table_32" name="Table_32_generation_works_with_pruned_rows"/>
    <testcase time="0.10499999999999" classname="fda_table_32" name="Table_32_generation_works_with_pruned_rows"/>
    <testcase time="0.0530000000000115" classname="fda_table_32" name="Table_32_generation_works_with_pruned_rows">
      <skipped message="Reason: On CRAN ('test-fda-table_32.R:96:3')"/>
    </testcase>
    <testcase time="0.0139999999999958" classname="fda_table_32" name="Table_32_generation_works_with_risk_difference_column"/>
    <testcase time="0.117999999999995" classname="fda_table_32" name="Table_32_generation_works_with_risk_difference_column"/>
    <testcase time="0.0560000000000116" classname="fda_table_32" name="Table_32_generation_works_with_risk_difference_column">
      <skipped message="Reason: On CRAN ('test-fda-table_32.R:108:3')"/>
    </testcase>
  </testsuite>
  <testsuite name="fda-table_33" timestamp="2025-04-30T17:34:28Z" hostname="bce9b1065a23" tests="27" skipped="7" failures="0" errors="0" time="4.842">
    <testcase time="0.0649999999999977" classname="fda_table_33" name="Table_33_generation_works_with_default_values"/>
    <testcase time="0.284999999999997" classname="fda_table_33" name="Table_33_generation_works_with_default_values"/>
    <testcase time="0.665999999999997" classname="fda_table_33" name="Table_33_generation_works_with_default_values"/>
    <testcase time="0.00199999999999534" classname="fda_table_33" name="Table_33_generation_works_with_default_values"/>
    <testcase time="0.0430000000000064" classname="fda_table_33" name="Table_33_generation_works_with_default_values">
      <skipped message="Reason: On CRAN ('test-fda-table_33.R:17:3')"/>
    </testcase>
    <testcase time="0.0139999999999958" classname="fda_table_33" name="Table_33_generation_works_with_custom_values"/>
    <testcase time="0.280000000000001" classname="fda_table_33" name="Table_33_generation_works_with_custom_values"/>
    <testcase time="1.014" classname="fda_table_33" name="Table_33_generation_works_with_custom_values"/>
    <testcase time="0.00200000000000955" classname="fda_table_33" name="Table_33_generation_works_with_custom_values"/>
    <testcase time="0.0499999999999972" classname="fda_table_33" name="Table_33_generation_works_with_custom_values">
      <skipped message="Reason: On CRAN ('test-fda-table_33.R:32:3')"/>
    </testcase>
    <testcase time="0.0159999999999911" classname="fda_table_33" name="Table_33_generation_missing_values_and_ADSL"/>
    <testcase time="0.287000000000006" classname="fda_table_33" name="Table_33_generation_missing_values_and_ADSL"/>
    <testcase time="0.693999999999988" classname="fda_table_33" name="Table_33_generation_missing_values_and_ADSL"/>
    <testcase time="0.00200000000000955" classname="fda_table_33" name="Table_33_generation_missing_values_and_ADSL"/>
    <testcase time="0.0429999999999922" classname="fda_table_33" name="Table_33_generation_missing_values_and_ADSL">
      <skipped message="Reason: On CRAN ('test-fda-table_33.R:47:3')"/>
    </testcase>
    <testcase time="0.0160000000000053" classname="fda_table_33" name="Table_33_generation_works_with_default_values"/>
    <testcase time="0.269000000000005" classname="fda_table_33" name="Table_33_generation_works_with_default_values"/>
    <testcase time="0.0409999999999968" classname="fda_table_33" name="Table_33_generation_works_with_default_values">
      <skipped message="Reason: On CRAN ('test-fda-table_33.R:64:3')"/>
    </testcase>
    <testcase time="0.0240000000000009" classname="fda_table_33" name="Table_33_generation_works_with_custom_values"/>
    <testcase time="0.292999999999992" classname="fda_table_33" name="Table_33_generation_works_with_custom_values"/>
    <testcase time="0.0480000000000018" classname="fda_table_33" name="Table_33_generation_works_with_custom_values">
      <skipped message="Reason: On CRAN ('test-fda-table_33.R:87:3')"/>
    </testcase>
    <testcase time="0.0150000000000006" classname="fda_table_33" name="Table_33_generation_works_with_pruned_rows"/>
    <testcase time="0.274000000000001" classname="fda_table_33" name="Table_33_generation_works_with_pruned_rows"/>
    <testcase time="0.0409999999999968" classname="fda_table_33" name="Table_33_generation_works_with_pruned_rows">
      <skipped message="Reason: On CRAN ('test-fda-table_33.R:99:3')"/>
    </testcase>
    <testcase time="0.0150000000000006" classname="fda_table_33" name="Table_33_generation_works_with_risk_difference_column"/>
    <testcase time="0.296999999999997" classname="fda_table_33" name="Table_33_generation_works_with_risk_difference_column"/>
    <testcase time="0.0460000000000065" classname="fda_table_33" name="Table_33_generation_works_with_risk_difference_column">
      <skipped message="Reason: On CRAN ('test-fda-table_33.R:112:3')"/>
    </testcase>
  </testsuite>
  <testsuite name="fda-table_34" timestamp="2025-04-30T17:34:33Z" hostname="bce9b1065a23" tests="12" skipped="3" failures="0" errors="0" time="4.283">
    <testcase time="0.0210000000000008" classname="fda_table_34" name="Table_34_generation_works_with_default_values"/>
    <testcase time="0.0259999999999962" classname="fda_table_34" name="Table_34_generation_works_with_default_values"/>
    <testcase time="1.36" classname="fda_table_34" name="Table_34_generation_works_with_default_values"/>
    <testcase time="0.233999999999995" classname="fda_table_34" name="Table_34_generation_works_with_default_values">
      <skipped message="Reason: On CRAN ('test-fda-table_34.R:17:3')"/>
    </testcase>
    <testcase time="0.0200000000000102" classname="fda_table_34" name="Table_34_generation_works_with_custom_values"/>
    <testcase time="0.0269999999999868" classname="fda_table_34" name="Table_34_generation_works_with_custom_values"/>
    <testcase time="0.490000000000009" classname="fda_table_34" name="Table_34_generation_works_with_custom_values"/>
    <testcase time="0.0900000000000034" classname="fda_table_34" name="Table_34_generation_works_with_custom_values">
      <skipped message="Reason: On CRAN ('test-fda-table_34.R:49:3')"/>
    </testcase>
    <testcase time="0.012999999999991" classname="fda_table_34" name="Table_34_generation_works_with_risk_difference_column"/>
    <testcase time="0.027000000000001" classname="fda_table_34" name="Table_34_generation_works_with_risk_difference_column"/>
    <testcase time="1.712" classname="fda_table_34" name="Table_34_generation_works_with_risk_difference_column"/>
    <testcase time="0.263000000000005" classname="fda_table_34" name="Table_34_generation_works_with_risk_difference_column">
      <skipped message="Reason: On CRAN ('test-fda-table_34.R:57:3')"/>
    </testcase>
  </testsuite>
  <testsuite name="fda-table_35" timestamp="2025-04-30T17:34:37Z" hostname="bce9b1065a23" tests="40" skipped="8" failures="0" errors="0" time="4.286">
    <testcase time="0.0179999999999865" classname="fda_table_35" name="Table_35_generation_works_with_default_values"/>
    <testcase time="0.0750000000000028" classname="fda_table_35" name="Table_35_generation_works_with_default_values"/>
    <testcase time="0.0409999999999968" classname="fda_table_35" name="Table_35_generation_works_with_default_values"/>
    <testcase time="0.0520000000000067" classname="fda_table_35" name="Table_35_generation_works_with_default_values"/>
    <testcase time="0.756" classname="fda_table_35" name="Table_35_generation_works_with_default_values"/>
    <testcase time="0.132000000000005" classname="fda_table_35" name="Table_35_generation_works_with_default_values">
      <skipped message="Reason: On CRAN ('test-fda-table_35.R:9:3')"/>
    </testcase>
    <testcase time="0.0319999999999965" classname="fda_table_35" name="Table_35_generation_works_with_gtsummary_with_custom_values"/>
    <testcase time="0.0429999999999922" classname="fda_table_35" name="Table_35_generation_works_with_gtsummary_with_custom_values"/>
    <testcase time="0.054000000000002" classname="fda_table_35" name="Table_35_generation_works_with_gtsummary_with_custom_values"/>
    <testcase time="0.0380000000000109" classname="fda_table_35" name="Table_35_generation_works_with_gtsummary_with_custom_values"/>
    <testcase time="0.0389999999999873" classname="fda_table_35" name="Table_35_generation_works_with_gtsummary_with_custom_values"/>
    <testcase time="0.64200000000001" classname="fda_table_35" name="Table_35_generation_works_with_gtsummary_with_custom_values"/>
    <testcase time="0.155000000000001" classname="fda_table_35" name="Table_35_generation_works_with_gtsummary_with_custom_values">
      <skipped message="Reason: On CRAN ('test-fda-table_35.R:28:3')"/>
    </testcase>
    <testcase time="0.0150000000000006" classname="fda_table_35" name="Table_35_generation_works_with_gtsummary_missing_values"/>
    <testcase time="0.0360000000000014" classname="fda_table_35" name="Table_35_generation_works_with_gtsummary_missing_values"/>
    <testcase time="0.0529999999999973" classname="fda_table_35" name="Table_35_generation_works_with_gtsummary_missing_values"/>
    <testcase time="0.0390000000000015" classname="fda_table_35" name="Table_35_generation_works_with_gtsummary_missing_values"/>
    <testcase time="0.0529999999999973" classname="fda_table_35" name="Table_35_generation_works_with_gtsummary_missing_values"/>
    <testcase time="0.664000000000001" classname="fda_table_35" name="Table_35_generation_works_with_gtsummary_missing_values"/>
    <testcase time="0.140999999999991" classname="fda_table_35" name="Table_35_generation_works_with_gtsummary_missing_values">
      <skipped message="Reason: On CRAN ('test-fda-table_35.R:39:3')"/>
    </testcase>
    <testcase time="0.0150000000000006" classname="fda_table_35" name="Table_35_generation_works_with_custom_values"/>
    <testcase time="0.0450000000000017" classname="fda_table_35" name="Table_35_generation_works_with_custom_values"/>
    <testcase time="0.120999999999995" classname="fda_table_35" name="Table_35_generation_works_with_custom_values"/>
    <testcase time="0.0710000000000122" classname="fda_table_35" name="Table_35_generation_works_with_custom_values">
      <skipped message="Reason: On CRAN ('test-fda-table_35.R:72:3')"/>
    </testcase>
    <testcase time="0.0139999999999958" classname="fda_table_35" name="Table_35_generation_works_with_risk_difference_column"/>
    <testcase time="0.0360000000000014" classname="fda_table_35" name="Table_35_generation_works_with_risk_difference_column"/>
    <testcase time="0.123999999999995" classname="fda_table_35" name="Table_35_generation_works_with_risk_difference_column"/>
    <testcase time="0.0679999999999978" classname="fda_table_35" name="Table_35_generation_works_with_risk_difference_column">
      <skipped message="Reason: On CRAN ('test-fda-table_35.R:80:3')"/>
    </testcase>
    <testcase time="0.0430000000000064" classname="fda_table_35" name="Table_35_generation_works_with_some_NA_values"/>
    <testcase time="0.0429999999999922" classname="fda_table_35" name="Table_35_generation_works_with_some_NA_values"/>
    <testcase time="0.100999999999999" classname="fda_table_35" name="Table_35_generation_works_with_some_NA_values"/>
    <testcase time="0.0630000000000024" classname="fda_table_35" name="Table_35_generation_works_with_some_NA_values">
      <skipped message="Reason: On CRAN ('test-fda-table_35.R:91:3')"/>
    </testcase>
    <testcase time="0.01400000000001" classname="fda_table_35" name="Table_35_generation_works_with_custom_values_SOC_variable_and_label_"/>
    <testcase time="0.0349999999999966" classname="fda_table_35" name="Table_35_generation_works_with_custom_values_SOC_variable_and_label_"/>
    <testcase time="0.128" classname="fda_table_35" name="Table_35_generation_works_with_custom_values_SOC_variable_and_label_"/>
    <testcase time="0.0729999999999933" classname="fda_table_35" name="Table_35_generation_works_with_custom_values_SOC_variable_and_label_">
      <skipped message="Reason: On CRAN ('test-fda-table_35.R:104:3')"/>
    </testcase>
    <testcase time="0.01400000000001" classname="fda_table_35" name="Table_35_generation_works_with_pruning"/>
    <testcase time="0.0349999999999966" classname="fda_table_35" name="Table_35_generation_works_with_pruning"/>
    <testcase time="0.105999999999995" classname="fda_table_35" name="Table_35_generation_works_with_pruning"/>
    <testcase time="0.0589999999999975" classname="fda_table_35" name="Table_35_generation_works_with_pruning">
      <skipped message="Reason: On CRAN ('test-fda-table_35.R:112:3')"/>
    </testcase>
  </testsuite>
  <testsuite name="fda-table_36" timestamp="2025-04-30T17:34:42Z" hostname="bce9b1065a23" tests="18" skipped="6" failures="0" errors="0" time="4.332">
    <testcase time="0.0500000000000114" classname="fda_table_36" name="Table_36_generation_works_with_default_values"/>
    <testcase time="0.36099999999999" classname="fda_table_36" name="Table_36_generation_works_with_default_values"/>
    <testcase time="0.207000000000008" classname="fda_table_36" name="Table_36_generation_works_with_default_values">
      <skipped message="Reason: On CRAN ('test-fda-table_36.R:8:3')"/>
    </testcase>
    <testcase time="0.0459999999999923" classname="fda_table_36" name="Table_36_generation_works_with_custom_values"/>
    <testcase time="0.427000000000007" classname="fda_table_36" name="Table_36_generation_works_with_custom_values"/>
    <testcase time="0.234999999999999" classname="fda_table_36" name="Table_36_generation_works_with_custom_values">
      <skipped message="Reason: On CRAN ('test-fda-table_36.R:39:3')"/>
    </testcase>
    <testcase time="0.0450000000000017" classname="fda_table_36" name="Table_36_generation_works_with_risk_difference_column"/>
    <testcase time="0.442999999999998" classname="fda_table_36" name="Table_36_generation_works_with_risk_difference_column"/>
    <testcase time="0.238" classname="fda_table_36" name="Table_36_generation_works_with_risk_difference_column">
      <skipped message="Reason: On CRAN ('test-fda-table_36.R:47:3')"/>
    </testcase>
    <testcase time="0.0450000000000017" classname="fda_table_36" name="Table_36_generation_works_with_some_NA_values"/>
    <testcase time="0.331999999999994" classname="fda_table_36" name="Table_36_generation_works_with_some_NA_values"/>
    <testcase time="0.424999999999997" classname="fda_table_36" name="Table_36_generation_works_with_some_NA_values">
      <skipped message="Reason: On CRAN ('test-fda-table_36.R:57:3')"/>
    </testcase>
    <testcase time="0.0450000000000017" classname="fda_table_36" name="Table_36_generation_works_with_custom_values_SOC_variable_and_label_"/>
    <testcase time="0.624000000000009" classname="fda_table_36" name="Table_36_generation_works_with_custom_values_SOC_variable_and_label_"/>
    <testcase time="0.34899999999999" classname="fda_table_36" name="Table_36_generation_works_with_custom_values_SOC_variable_and_label_">
      <skipped message="Reason: On CRAN ('test-fda-table_36.R:70:3')"/>
    </testcase>
    <testcase time="0.0450000000000017" classname="fda_table_36" name="Table_36_generation_works_with_pruning"/>
    <testcase time="0.329000000000008" classname="fda_table_36" name="Table_36_generation_works_with_pruning"/>
    <testcase time="0.0859999999999985" classname="fda_table_36" name="Table_36_generation_works_with_pruning">
      <skipped message="Reason: On CRAN ('test-fda-table_36.R:77:3')"/>
    </testcase>
  </testsuite>
  <testsuite name="fda-table_38" timestamp="2025-04-30T17:34:46Z" hostname="bce9b1065a23" tests="12" skipped="3" failures="0" errors="0" time="2.165">
    <testcase time="0.0219999999999914" classname="fda_table_38" name="Table_38_generation_works_with_default_values"/>
    <testcase time="0.0250000000000057" classname="fda_table_38" name="Table_38_generation_works_with_default_values"/>
    <testcase time="0.334000000000003" classname="fda_table_38" name="Table_38_generation_works_with_default_values"/>
    <testcase time="0.0889999999999986" classname="fda_table_38" name="Table_38_generation_works_with_default_values">
      <skipped message="Reason: On CRAN ('test-fda-table_38.R:18:3')"/>
    </testcase>
    <testcase time="0.0130000000000052" classname="fda_table_38" name="Table_38_generation_works_with_custom_values"/>
    <testcase time="0.0309999999999917" classname="fda_table_38" name="Table_38_generation_works_with_custom_values"/>
    <testcase time="0.872" classname="fda_table_38" name="Table_38_generation_works_with_custom_values"/>
    <testcase time="0.222000000000008" classname="fda_table_38" name="Table_38_generation_works_with_custom_values">
      <skipped message="Reason: On CRAN ('test-fda-table_38.R:48:3')"/>
    </testcase>
    <testcase time="0.012999999999991" classname="fda_table_38" name="Table_38_generation_works_with_risk_difference_column"/>
    <testcase time="0.0250000000000057" classname="fda_table_38" name="Table_38_generation_works_with_risk_difference_column"/>
    <testcase time="0.417000000000002" classname="fda_table_38" name="Table_38_generation_works_with_risk_difference_column"/>
    <testcase time="0.102000000000004" classname="fda_table_38" name="Table_38_generation_works_with_risk_difference_column">
      <skipped message="Reason: On CRAN ('test-fda-table_38.R:56:3')"/>
    </testcase>
  </testsuite>
</testsuites>
