<?xml version="1.0" encoding="UTF-8"?>
<testsuites>
  <testsuite name="fda-fig_01" timestamp="2025-04-30T17:22:30Z" hostname="a150735f0dac" tests="8" skipped="4" failures="0" errors="0" time="1.514">
    <testcase time="0.0339999999999998" classname="fda_fig_01" name="Figure_01_generation_works_with_default_values"/>
    <testcase time="0.515" classname="fda_fig_01" name="Figure_01_generation_works_with_default_values">
      <skipped message="Reason: On CI ('test-fda-fig_01.R:12:3')"/>
    </testcase>
    <testcase time="0.0329999999999999" classname="fda_fig_01" name="Figure_01_generation_works_with_no_table"/>
    <testcase time="0.0489999999999999" classname="fda_fig_01" name="Figure_01_generation_works_with_no_table">
      <skipped message="Reason: On CI ('test-fda-fig_01.R:21:3')"/>
    </testcase>
    <testcase time="0.0270000000000001" classname="fda_fig_01" name="Figure_01_generation_works_with_custom_values"/>
    <testcase time="0.481" classname="fda_fig_01" name="Figure_01_generation_works_with_custom_values">
      <skipped message="Reason: On CI ('test-fda-fig_01.R:37:3')"/>
    </testcase>
    <testcase time="0.0130000000000003" classname="fda_fig_01" name="Figure_01_generation_works_with_ggtheme_argument_specified"/>
    <testcase time="0.362" classname="fda_fig_01" name="Figure_01_generation_works_with_ggtheme_argument_specified">
      <skipped message="Reason: On CI ('test-fda-fig_01.R:49:3')"/>
    </testcase>
  </testsuite>
  <testsuite name="fda-fig_02" timestamp="2025-04-30T17:22:31Z" hostname="a150735f0dac" tests="8" skipped="4" failures="0" errors="0" time="1.152">
    <testcase time="0.0230000000000001" classname="fda_fig_02" name="Figure_02_generation_works_with_default_values"/>
    <testcase time="0.338" classname="fda_fig_02" name="Figure_02_generation_works_with_default_values">
      <skipped message="Reason: On CI ('test-fda-fig_02.R:11:3')"/>
    </testcase>
    <testcase time="0.0129999999999999" classname="fda_fig_02" name="Figure_02_generation_works_with_no_table"/>
    <testcase time="0.0260000000000002" classname="fda_fig_02" name="Figure_02_generation_works_with_no_table">
      <skipped message="Reason: On CI ('test-fda-fig_02.R:20:3')"/>
    </testcase>
    <testcase time="0.0129999999999999" classname="fda_fig_02" name="Figure_02_generation_works_with_custom_values"/>
    <testcase time="0.375" classname="fda_fig_02" name="Figure_02_generation_works_with_custom_values">
      <skipped message="Reason: On CI ('test-fda-fig_02.R:36:3')"/>
    </testcase>
    <testcase time="0.0140000000000002" classname="fda_fig_02" name="Figure_02_generation_works_with_ggtheme_argument_specified"/>
    <testcase time="0.35" classname="fda_fig_02" name="Figure_02_generation_works_with_ggtheme_argument_specified">
      <skipped message="Reason: On CI ('test-fda-fig_02.R:48:3')"/>
    </testcase>
  </testsuite>
  <testsuite name="fda-fig_03" timestamp="2025-04-30T17:22:32Z" hostname="a150735f0dac" tests="8" skipped="4" failures="0" errors="0" time="2.11">
    <testcase time="0.0259999999999998" classname="fda_fig_03" name="Figure_03_generation_works_with_default_values"/>
    <testcase time="0.577" classname="fda_fig_03" name="Figure_03_generation_works_with_default_values">
      <skipped message="Reason: On CI ('test-fda-fig_03.R:9:3')"/>
    </testcase>
    <testcase time="0.0140000000000002" classname="fda_fig_03" name="Figure_03_generation_works_with_no_table"/>
    <testcase time="0.0739999999999998" classname="fda_fig_03" name="Figure_03_generation_works_with_no_table">
      <skipped message="Reason: On CI ('test-fda-fig_03.R:18:3')"/>
    </testcase>
    <testcase time="0.0129999999999999" classname="fda_fig_03" name="Figure_03_generation_works_with_custom_values"/>
    <testcase time="0.864000000000001" classname="fda_fig_03" name="Figure_03_generation_works_with_custom_values">
      <skipped message="Reason: On CI ('test-fda-fig_03.R:35:3')"/>
    </testcase>
    <testcase time="0.0139999999999993" classname="fda_fig_03" name="Figure_03_generation_works_with_ggtheme_argument_specified"/>
    <testcase time="0.528" classname="fda_fig_03" name="Figure_03_generation_works_with_ggtheme_argument_specified">
      <skipped message="Reason: On CI ('test-fda-fig_03.R:48:3')"/>
    </testcase>
  </testsuite>
  <testsuite name="fda-fig_14" timestamp="2025-04-30T17:22:35Z" hostname="a150735f0dac" tests="8" skipped="4" failures="0" errors="0" time="1.979">
    <testcase time="0.0199999999999996" classname="fda_fig_14" name="Figure_14_generation_works_with_default_values"/>
    <testcase time="0.640000000000001" classname="fda_fig_14" name="Figure_14_generation_works_with_default_values">
      <skipped message="Reason: On CI ('test-fda-fig_14.R:7:3')"/>
    </testcase>
    <testcase time="0.0129999999999999" classname="fda_fig_14" name="Figure_14_generation_works_with_no_table"/>
    <testcase time="0.048" classname="fda_fig_14" name="Figure_14_generation_works_with_no_table">
      <skipped message="Reason: On CI ('test-fda-fig_14.R:16:3')"/>
    </testcase>
    <testcase time="0.0129999999999999" classname="fda_fig_14" name="Figure_14_generation_works_with_custom_values"/>
    <testcase time="0.587999999999999" classname="fda_fig_14" name="Figure_14_generation_works_with_custom_values">
      <skipped message="Reason: On CI ('test-fda-fig_14.R:40:3')"/>
    </testcase>
    <testcase time="0.0140000000000011" classname="fda_fig_14" name="Figure_14_generation_works_with_ggtheme_argument_specified"/>
    <testcase time="0.642999999999999" classname="fda_fig_14" name="Figure_14_generation_works_with_ggtheme_argument_specified">
      <skipped message="Reason: On CI ('test-fda-fig_14.R:52:3')"/>
    </testcase>
  </testsuite>
  <testsuite name="fda-table_02" timestamp="2025-04-30T17:22:37Z" hostname="a150735f0dac" tests="22" skipped="6" failures="0" errors="0" time="9.864">
    <testcase time="0.0400000000000009" classname="fda_table_02" name="Table_02_generation_works_with_default_values"/>
    <testcase time="0.0419999999999998" classname="fda_table_02" name="Table_02_generation_works_with_default_values"/>
    <testcase time="1.299" classname="fda_table_02" name="Table_02_generation_works_with_default_values"/>
    <testcase time="2.123" classname="fda_table_02" name="Table_02_generation_works_with_default_values"/>
    <testcase time="0.0149999999999988" classname="fda_table_02" name="Table_02_generation_works_with_default_values">
      <skipped message="Reason: On CRAN ('test-fda-table_02.R:16:3')"/>
    </testcase>
    <testcase time="0.032" classname="fda_table_02" name="Table_02_generation_works_with_custom_values"/>
    <testcase time="0.0400000000000009" classname="fda_table_02" name="Table_02_generation_works_with_custom_values"/>
    <testcase time="1.245" classname="fda_table_02" name="Table_02_generation_works_with_custom_values"/>
    <testcase time="2.154" classname="fda_table_02" name="Table_02_generation_works_with_custom_values"/>
    <testcase time="0.0080000000000009" classname="fda_table_02" name="Table_02_generation_works_with_custom_values">
      <skipped message="Reason: On CRAN ('test-fda-table_02.R:42:3')"/>
    </testcase>
    <testcase time="0.0280000000000005" classname="fda_table_02" name="Table_02_generation_works_with_some_NA_values"/>
    <testcase time="1.429" classname="fda_table_02" name="Table_02_generation_works_with_some_NA_values"/>
    <testcase time="0.00799999999999912" classname="fda_table_02" name="Table_02_generation_works_with_some_NA_values">
      <skipped message="Reason: On CRAN ('test-fda-table_02.R:56:3')"/>
    </testcase>
    <testcase time="0.0139999999999993" classname="fda_table_02" name="Table_02_generation_rtables_works_with_default_values"/>
    <testcase time="0.431000000000001" classname="fda_table_02" name="Table_02_generation_rtables_works_with_default_values"/>
    <testcase time="0.175999999999998" classname="fda_table_02" name="Table_02_generation_rtables_works_with_default_values">
      <skipped message="Reason: On CRAN ('test-fda-table_02.R:63:3')"/>
    </testcase>
    <testcase time="0.0330000000000013" classname="fda_table_02" name="Table_02_generation_rtables_works_with_custom_values"/>
    <testcase time="0.324000000000002" classname="fda_table_02" name="Table_02_generation_rtables_works_with_custom_values"/>
    <testcase time="0.245999999999999" classname="fda_table_02" name="Table_02_generation_rtables_works_with_custom_values">
      <skipped message="Reason: On CRAN ('test-fda-table_02.R:92:3')"/>
    </testcase>
    <testcase time="0.027000000000001" classname="fda_table_02" name="Table_02_generation_rtables_works_with_some_NA_values"/>
    <testcase time="0.0969999999999978" classname="fda_table_02" name="Table_02_generation_rtables_works_with_some_NA_values"/>
    <testcase time="0.0530000000000008" classname="fda_table_02" name="Table_02_generation_rtables_works_with_some_NA_values">
      <skipped message="Reason: On CRAN ('test-fda-table_02.R:104:3')"/>
    </testcase>
  </testsuite>
  <testsuite name="fda-table_03" timestamp="2025-04-30T17:22:46Z" hostname="a150735f0dac" tests="8" skipped="2" failures="0" errors="0" time="0.66">
    <testcase time="0.0199999999999996" classname="fda_table_03" name="Table_3_generation_works_with_default_values"/>
    <testcase time="0.00100000000000122" classname="fda_table_03" name="Table_3_generation_works_with_default_values"/>
    <testcase time="0.225999999999999" classname="fda_table_03" name="Table_3_generation_works_with_default_values"/>
    <testcase time="0.0620000000000012" classname="fda_table_03" name="Table_3_generation_works_with_default_values">
      <skipped message="Reason: On CRAN ('test-fda-table_03.R:21:3')"/>
    </testcase>
    <testcase time="0.0129999999999981" classname="fda_table_03" name="Table_3_generation_works_with_custom_values"/>
    <testcase time="0.00100000000000122" classname="fda_table_03" name="Table_3_generation_works_with_custom_values"/>
    <testcase time="0.251000000000001" classname="fda_table_03" name="Table_3_generation_works_with_custom_values"/>
    <testcase time="0.0859999999999985" classname="fda_table_03" name="Table_3_generation_works_with_custom_values">
      <skipped message="Reason: On CRAN ('test-fda-table_03.R:41:3')"/>
    </testcase>
  </testsuite>
  <testsuite name="fda-table_04" timestamp="2025-04-30T17:22:47Z" hostname="a150735f0dac" tests="9" skipped="2" failures="0" errors="0" time="0.688">
    <testcase time="0.0199999999999996" classname="fda_table_04" name="Table_04_generation_works_with_default_values"/>
    <testcase time="0.221" classname="fda_table_04" name="Table_04_generation_works_with_default_values"/>
    <testcase time="0.0960000000000001" classname="fda_table_04" name="Table_04_generation_works_with_default_values">
      <skipped message="Reason: On CRAN ('test-fda-table_04.R:17:3')"/>
    </testcase>
    <testcase time="0.0130000000000017" classname="fda_table_04" name="Table_04_generation_works_with_custom_values"/>
    <testcase time="0.00100000000000122" classname="fda_table_04" name="Table_04_generation_works_with_custom_values"/>
    <testcase time="0.00100000000000122" classname="fda_table_04" name="Table_04_generation_works_with_custom_values"/>
    <testcase time="0.000999999999997669" classname="fda_table_04" name="Table_04_generation_works_with_custom_values"/>
    <testcase time="0.245000000000001" classname="fda_table_04" name="Table_04_generation_works_with_custom_values"/>
    <testcase time="0.0899999999999999" classname="fda_table_04" name="Table_04_generation_works_with_custom_values">
      <skipped message="Reason: On CRAN ('test-fda-table_04.R:45:3')"/>
    </testcase>
  </testsuite>
  <testsuite name="fda-table_05" timestamp="2025-04-30T17:22:48Z" hostname="a150735f0dac" tests="11" skipped="5" failures="0" errors="0" time="3.969">
    <testcase time="0.0180000000000007" classname="fda_table_05" name="Table_05_generation_works_with_default_values"/>
    <testcase time="1.368" classname="fda_table_05" name="Table_05_generation_works_with_default_values"/>
    <testcase time="0.141999999999999" classname="fda_table_05" name="Table_05_generation_works_with_default_values">
      <skipped message="Reason: On CRAN ('test-fda-table_05.R:11:3')"/>
    </testcase>
    <testcase time="1.415" classname="fda_table_05" name="Table_05_generation_works_with_gtsummary_with_custom_values"/>
    <testcase time="0.128999999999998" classname="fda_table_05" name="Table_05_generation_works_with_gtsummary_with_custom_values">
      <skipped message="Reason: On CRAN ('test-fda-table_05.R:33:3')"/>
    </testcase>
    <testcase time="0.217000000000002" classname="fda_table_05" name="Table_05_generation_works_with_rtables_with_custom_values"/>
    <testcase time="0.0889999999999986" classname="fda_table_05" name="Table_05_generation_works_with_rtables_with_custom_values">
      <skipped message="Reason: On CRAN ('test-fda-table_05.R:59:3')"/>
    </testcase>
    <testcase time="0.183" classname="fda_table_05" name="Table_05_generation_works_with_rtables_with_NA_values_pruned_rows"/>
    <testcase time="0.0740000000000016" classname="fda_table_05" name="Table_05_generation_works_with_rtables_with_NA_values_pruned_rows">
      <skipped message="Reason: On CRAN ('test-fda-table_05.R:69:3')"/>
    </testcase>
    <testcase time="0.242999999999999" classname="fda_table_05" name="Table_05_generation_works_with_rtables_with_risk_difference_column"/>
    <testcase time="0.0910000000000011" classname="fda_table_05" name="Table_05_generation_works_with_rtables_with_risk_difference_column">
      <skipped message="Reason: On CRAN ('test-fda-table_05.R:82:3')"/>
    </testcase>
  </testsuite>
  <testsuite name="fda-table_06" timestamp="2025-04-30T17:22:52Z" hostname="a150735f0dac" tests="104" skipped="5" failures="0" errors="1" time="19.877">
    <testcase time="0.0299999999999976" classname="fda_table_06" name="Table_06_generation_works_with_default_values"/>
    <testcase time="0.00100000000000122" classname="fda_table_06" name="Table_06_generation_works_with_default_values"/>
    <testcase time="0.00100000000000122" classname="fda_table_06" name="Table_06_generation_works_with_default_values"/>
    <testcase time="0.000999999999997669" classname="fda_table_06" name="Table_06_generation_works_with_default_values"/>
    <testcase time="0.00200000000000244" classname="fda_table_06" name="Table_06_generation_works_with_default_values"/>
    <testcase time="0.000999999999997669" classname="fda_table_06" name="Table_06_generation_works_with_default_values"/>
    <testcase time="0.00100000000000122" classname="fda_table_06" name="Table_06_generation_works_with_default_values"/>
    <testcase time="0.00100000000000122" classname="fda_table_06" name="Table_06_generation_works_with_default_values"/>
    <testcase time="0.0439999999999969" classname="fda_table_06" name="Table_06_generation_works_with_default_values"/>
    <testcase time="0.0410000000000004" classname="fda_table_06" name="Table_06_generation_works_with_default_values"/>
    <testcase time="0.484000000000002" classname="fda_table_06" name="Table_06_generation_works_with_default_values"/>
    <testcase time="0.041999999999998" classname="fda_table_06" name="Table_06_generation_works_with_default_values"/>
    <testcase time="0.445" classname="fda_table_06" name="Table_06_generation_works_with_default_values"/>
    <testcase time="0.0420000000000016" classname="fda_table_06" name="Table_06_generation_works_with_default_values"/>
    <testcase time="0.422999999999998" classname="fda_table_06" name="Table_06_generation_works_with_default_values"/>
    <testcase time="0.0510000000000019" classname="fda_table_06" name="Table_06_generation_works_with_default_values"/>
    <testcase time="0.423999999999999" classname="fda_table_06" name="Table_06_generation_works_with_default_values"/>
    <testcase time="0.0420000000000016" classname="fda_table_06" name="Table_06_generation_works_with_default_values"/>
    <testcase time="0.433999999999997" classname="fda_table_06" name="Table_06_generation_works_with_default_values"/>
    <testcase time="0.0410000000000004" classname="fda_table_06" name="Table_06_generation_works_with_default_values"/>
    <testcase time="0.440999999999999" classname="fda_table_06" name="Table_06_generation_works_with_default_values"/>
    <testcase time="0.0440000000000005" classname="fda_table_06" name="Table_06_generation_works_with_default_values"/>
    <testcase time="0.701000000000001" classname="fda_table_06" name="Table_06_generation_works_with_default_values"/>
    <testcase time="0.0410000000000004" classname="fda_table_06" name="Table_06_generation_works_with_default_values"/>
    <testcase time="0.637" classname="fda_table_06" name="Table_06_generation_works_with_default_values"/>
    <testcase time="0.0459999999999994" classname="fda_table_06" name="Table_06_generation_works_with_default_values"/>
    <testcase time="0.696000000000002" classname="fda_table_06" name="Table_06_generation_works_with_default_values"/>
    <testcase time="0.0399999999999991" classname="fda_table_06" name="Table_06_generation_works_with_default_values"/>
    <testcase time="0.832000000000001" classname="fda_table_06" name="Table_06_generation_works_with_default_values"/>
    <testcase time="0.445999999999998" classname="fda_table_06" name="Table_06_generation_works_with_default_values">
      <skipped message="Reason: On CRAN ('test-fda-table_06.R:11:3')"/>
    </testcase>
    <testcase time="0.0130000000000017" classname="fda_table_06" name="Table_06_returns_ARD_if_specified"/>
    <testcase time="0.000999999999997669" classname="fda_table_06" name="Table_06_returns_ARD_if_specified"/>
    <testcase time="0.00200000000000244" classname="fda_table_06" name="Table_06_returns_ARD_if_specified"/>
    <testcase time="0.000999999999997669" classname="fda_table_06" name="Table_06_returns_ARD_if_specified"/>
    <testcase time="0.00100000000000122" classname="fda_table_06" name="Table_06_returns_ARD_if_specified"/>
    <testcase time="0.00100000000000122" classname="fda_table_06" name="Table_06_returns_ARD_if_specified"/>
    <testcase time="0.000999999999997669" classname="fda_table_06" name="Table_06_returns_ARD_if_specified"/>
    <testcase time="0.00100000000000122" classname="fda_table_06" name="Table_06_returns_ARD_if_specified"/>
    <testcase time="0.0440000000000005" classname="fda_table_06" name="Table_06_returns_ARD_if_specified"/>
    <testcase time="0.0459999999999994" classname="fda_table_06" name="Table_06_returns_ARD_if_specified"/>
    <testcase time="0.422000000000001" classname="fda_table_06" name="Table_06_returns_ARD_if_specified"/>
    <testcase time="0.0410000000000004" classname="fda_table_06" name="Table_06_returns_ARD_if_specified"/>
    <testcase time="0.413999999999998" classname="fda_table_06" name="Table_06_returns_ARD_if_specified"/>
    <testcase time="0.0420000000000016" classname="fda_table_06" name="Table_06_returns_ARD_if_specified"/>
    <testcase time="0.402999999999999" classname="fda_table_06" name="Table_06_returns_ARD_if_specified"/>
    <testcase time="0.0410000000000004" classname="fda_table_06" name="Table_06_returns_ARD_if_specified"/>
    <testcase time="0.404" classname="fda_table_06" name="Table_06_returns_ARD_if_specified"/>
    <testcase time="0.0409999999999968" classname="fda_table_06" name="Table_06_returns_ARD_if_specified"/>
    <testcase time="0.402000000000001" classname="fda_table_06" name="Table_06_returns_ARD_if_specified"/>
    <testcase time="0.0459999999999994" classname="fda_table_06" name="Table_06_returns_ARD_if_specified"/>
    <testcase time="0.404000000000003" classname="fda_table_06" name="Table_06_returns_ARD_if_specified"/>
    <testcase time="0.0420000000000016" classname="fda_table_06" name="Table_06_returns_ARD_if_specified"/>
    <testcase time="0.660999999999994" classname="fda_table_06" name="Table_06_returns_ARD_if_specified"/>
    <testcase time="0.0410000000000039" classname="fda_table_06" name="Table_06_returns_ARD_if_specified"/>
    <testcase time="0.420000000000002" classname="fda_table_06" name="Table_06_returns_ARD_if_specified"/>
    <testcase time="0.0399999999999991" classname="fda_table_06" name="Table_06_returns_ARD_if_specified"/>
    <testcase time="0.704000000000001" classname="fda_table_06" name="Table_06_returns_ARD_if_specified"/>
    <testcase time="0.0409999999999968" classname="fda_table_06" name="Table_06_returns_ARD_if_specified"/>
    <testcase time="0.847000000000001" classname="fda_table_06" name="Table_06_returns_ARD_if_specified"/>
    <testcase time="0.389000000000003" classname="fda_table_06" name="Table_06_returns_ARD_if_specified">
      <skipped message="Reason: On CRAN ('test-fda-table_06.R:20:3')"/>
    </testcase>
    <testcase time="0.0139999999999958" classname="fda_table_06" name="Table_06_generation_works_with_custom_labels"/>
    <testcase time="0.000999999999997669" classname="fda_table_06" name="Table_06_generation_works_with_custom_labels"/>
    <testcase time="0.00100000000000477" classname="fda_table_06" name="Table_06_generation_works_with_custom_labels"/>
    <testcase time="0.00199999999999534" classname="fda_table_06" name="Table_06_generation_works_with_custom_labels"/>
    <testcase time="0.00100000000000477" classname="fda_table_06" name="Table_06_generation_works_with_custom_labels"/>
    <testcase time="0.00199999999999534" classname="fda_table_06" name="Table_06_generation_works_with_custom_labels"/>
    <testcase time="0.00100000000000477" classname="fda_table_06" name="Table_06_generation_works_with_custom_labels"/>
    <testcase time="0.000999999999997669" classname="fda_table_06" name="Table_06_generation_works_with_custom_labels"/>
    <testcase time="0.044000000000004" classname="fda_table_06" name="Table_06_generation_works_with_custom_labels"/>
    <testcase time="0.0409999999999968" classname="fda_table_06" name="Table_06_generation_works_with_custom_labels"/>
    <testcase time="0.426000000000002" classname="fda_table_06" name="Table_06_generation_works_with_custom_labels"/>
    <testcase time="0.0419999999999945" classname="fda_table_06" name="Table_06_generation_works_with_custom_labels"/>
    <testcase time="0.415000000000006" classname="fda_table_06" name="Table_06_generation_works_with_custom_labels"/>
    <testcase time="0.0409999999999968" classname="fda_table_06" name="Table_06_generation_works_with_custom_labels"/>
    <testcase time="0.408000000000001" classname="fda_table_06" name="Table_06_generation_works_with_custom_labels"/>
    <testcase time="0.0409999999999968" classname="fda_table_06" name="Table_06_generation_works_with_custom_labels"/>
    <testcase time="0.404000000000003" classname="fda_table_06" name="Table_06_generation_works_with_custom_labels"/>
    <testcase time="0.0429999999999993" classname="fda_table_06" name="Table_06_generation_works_with_custom_labels"/>
    <testcase time="0.405000000000001" classname="fda_table_06" name="Table_06_generation_works_with_custom_labels"/>
    <testcase time="0.0459999999999994" classname="fda_table_06" name="Table_06_generation_works_with_custom_labels"/>
    <testcase time="0.403999999999996" classname="fda_table_06" name="Table_06_generation_works_with_custom_labels"/>
    <testcase time="0.0410000000000039" classname="fda_table_06" name="Table_06_generation_works_with_custom_labels"/>
    <testcase time="0.661000000000001" classname="fda_table_06" name="Table_06_generation_works_with_custom_labels"/>
    <testcase time="0.0399999999999991" classname="fda_table_06" name="Table_06_generation_works_with_custom_labels"/>
    <testcase time="0.420000000000002" classname="fda_table_06" name="Table_06_generation_works_with_custom_labels"/>
    <testcase time="0.0410000000000039" classname="fda_table_06" name="Table_06_generation_works_with_custom_labels"/>
    <testcase time="0.678999999999995" classname="fda_table_06" name="Table_06_generation_works_with_custom_labels"/>
    <testcase time="0.0399999999999991" classname="fda_table_06" name="Table_06_generation_works_with_custom_labels"/>
    <testcase time="0.850000000000001" classname="fda_table_06" name="Table_06_generation_works_with_custom_labels"/>
    <testcase time="0.381999999999998" classname="fda_table_06" name="Table_06_generation_works_with_custom_labels">
      <skipped message="Reason: On CRAN ('test-fda-table_06.R:45:3')"/>
    </testcase>
    <testcase time="0.0139999999999958" classname="fda_table_06" name="Table_06_rtables_generation_works_with_default_values"/>
    <testcase time="0.00100000000000477" classname="fda_table_06" name="Table_06_rtables_generation_works_with_default_values"/>
    <testcase time="0.0399999999999991" classname="fda_table_06" name="Table_06_rtables_generation_works_with_default_values"/>
    <testcase time="0.313000000000002" classname="fda_table_06" name="Table_06_rtables_generation_works_with_default_values"/>
    <testcase time="0.103999999999999" classname="fda_table_06" name="Table_06_rtables_generation_works_with_default_values">
      <skipped message="Reason: On CRAN ('test-fda-table_06.R:56:3')"/>
    </testcase>
    <testcase time="0.0139999999999958" classname="fda_table_06" name="Table_06_rtables_generation_works_with_custom_values"/>
    <testcase time="0.00100000000000477" classname="fda_table_06" name="Table_06_rtables_generation_works_with_custom_values"/>
    <testcase time="0.0379999999999967" classname="fda_table_06" name="Table_06_rtables_generation_works_with_custom_values"/>
    <testcase time="0.402999999999999" classname="fda_table_06" name="Table_06_rtables_generation_works_with_custom_values">
      <error type="error" message="Error in `.extract_through_path(tt, path)`: Path appears invalid for this tree at step 'unique'. Please use only row names and NOT row labels. You can retrieve them with `row_paths_summary()$path`. ('test-fda-table_06.R:81:3')">Error in `.extract_through_path(tt, path)`: Path appears invalid for this tree at step 'unique'. Please use only row names and NOT row labels. You can retrieve them with `row_paths_summary()$path`.
Backtrace:
    x
 1. +-rtables::`fnotes_at_path&lt;-`(...) at test-fda-table_06.R:81:3
 2. \-rtables::`fnotes_at_path&lt;-`(...)
 3.   +-rtables::tt_at_path(obj, rowpath)
 4.   \-rtables::tt_at_path(obj, rowpath)
 5.     \-rtables:::.extract_through_path(tt, path)</error>
    </testcase>
    <testcase time="0.0200000000000031" classname="fda_table_06" name="Table_06_rtables_generation_works_with_risk_difference_column"/>
    <testcase time="0.00200000000000244" classname="fda_table_06" name="Table_06_rtables_generation_works_with_risk_difference_column"/>
    <testcase time="0.036999999999999" classname="fda_table_06" name="Table_06_rtables_generation_works_with_risk_difference_column"/>
    <testcase time="0.409999999999997" classname="fda_table_06" name="Table_06_rtables_generation_works_with_risk_difference_column"/>
    <testcase time="0.112000000000002" classname="fda_table_06" name="Table_06_rtables_generation_works_with_risk_difference_column">
      <skipped message="Reason: On CRAN ('test-fda-table_06.R:96:3')"/>
    </testcase>
  </testsuite>
  <testsuite name="fda-table_07" timestamp="2025-04-30T17:23:12Z" hostname="a150735f0dac" tests="24" skipped="4" failures="0" errors="0" time="1.782">
    <testcase time="0.0219999999999985" classname="fda_table_07" name="Table_07_generation_works_with_default_values"/>
    <testcase time="0.000999999999997669" classname="fda_table_07" name="Table_07_generation_works_with_default_values"/>
    <testcase time="0.00600000000000023" classname="fda_table_07" name="Table_07_generation_works_with_default_values"/>
    <testcase time="0.0280000000000058" classname="fda_table_07" name="Table_07_generation_works_with_default_values"/>
    <testcase time="0.232999999999997" classname="fda_table_07" name="Table_07_generation_works_with_default_values"/>
    <testcase time="0.113999999999997" classname="fda_table_07" name="Table_07_generation_works_with_default_values">
      <skipped message="Reason: On CRAN ('test-fda-table_07.R:13:3')"/>
    </testcase>
    <testcase time="0.0140000000000029" classname="fda_table_07" name="Table_07_generation_works_with_custom_values"/>
    <testcase time="0.000999999999997669" classname="fda_table_07" name="Table_07_generation_works_with_custom_values"/>
    <testcase time="0.00200000000000244" classname="fda_table_07" name="Table_07_generation_works_with_custom_values"/>
    <testcase time="0.0259999999999962" classname="fda_table_07" name="Table_07_generation_works_with_custom_values"/>
    <testcase time="0.329000000000001" classname="fda_table_07" name="Table_07_generation_works_with_custom_values"/>
    <testcase time="0.138000000000005" classname="fda_table_07" name="Table_07_generation_works_with_custom_values">
      <skipped message="Reason: On CRAN ('test-fda-table_07.R:42:3')"/>
    </testcase>
    <testcase time="0.0139999999999958" classname="fda_table_07" name="Table_07_generation_works_with_NA_values_pruned_rows"/>
    <testcase time="0.00100000000000477" classname="fda_table_07" name="Table_07_generation_works_with_NA_values_pruned_rows"/>
    <testcase time="0.00199999999999534" classname="fda_table_07" name="Table_07_generation_works_with_NA_values_pruned_rows"/>
    <testcase time="0.0260000000000034" classname="fda_table_07" name="Table_07_generation_works_with_NA_values_pruned_rows"/>
    <testcase time="0.226999999999997" classname="fda_table_07" name="Table_07_generation_works_with_NA_values_pruned_rows"/>
    <testcase time="0.127000000000002" classname="fda_table_07" name="Table_07_generation_works_with_NA_values_pruned_rows">
      <skipped message="Reason: On CRAN ('test-fda-table_07.R:52:3')"/>
    </testcase>
    <testcase time="0.0129999999999981" classname="fda_table_07" name="Table_07_generation_works_with_risk_difference_column"/>
    <testcase time="0.00200000000000244" classname="fda_table_07" name="Table_07_generation_works_with_risk_difference_column"/>
    <testcase time="0.000999999999997669" classname="fda_table_07" name="Table_07_generation_works_with_risk_difference_column"/>
    <testcase time="0.027000000000001" classname="fda_table_07" name="Table_07_generation_works_with_risk_difference_column"/>
    <testcase time="0.289000000000001" classname="fda_table_07" name="Table_07_generation_works_with_risk_difference_column"/>
    <testcase time="0.138999999999996" classname="fda_table_07" name="Table_07_generation_works_with_risk_difference_column">
      <skipped message="Reason: On CRAN ('test-fda-table_07.R:65:3')"/>
    </testcase>
  </testsuite>
  <testsuite name="fda-table_08" timestamp="2025-04-30T17:23:13Z" hostname="a150735f0dac" tests="8" skipped="2" failures="0" errors="0" time="0.446">
    <testcase time="0.0180000000000007" classname="fda_table_08" name="Table_08_generation_works_with_default_values"/>
    <testcase time="0.00100000000000477" classname="fda_table_08" name="Table_08_generation_works_with_default_values"/>
    <testcase time="0.0279999999999987" classname="fda_table_08" name="Table_08_generation_works_with_default_values"/>
    <testcase time="0.161000000000001" classname="fda_table_08" name="Table_08_generation_works_with_default_values">
      <skipped message="Reason: On CRAN ('test-fda-table_08.R:10:3')"/>
    </testcase>
    <testcase time="0.0139999999999958" classname="fda_table_08" name="Table_08_generation_works_with_custom_values"/>
    <testcase time="0.00100000000000477" classname="fda_table_08" name="Table_08_generation_works_with_custom_values"/>
    <testcase time="0.0249999999999986" classname="fda_table_08" name="Table_08_generation_works_with_custom_values"/>
    <testcase time="0.198" classname="fda_table_08" name="Table_08_generation_works_with_custom_values">
      <skipped message="Reason: On CRAN ('test-fda-table_08.R:31:3')"/>
    </testcase>
  </testsuite>
  <testsuite name="fda-table_09" timestamp="2025-04-30T17:23:14Z" hostname="a150735f0dac" tests="51" skipped="9" failures="0" errors="0" time="10.573">
    <testcase time="0.0189999999999984" classname="fda_table_09" name="Table_09_rtables_generation_works_with_default_values"/>
    <testcase time="0.027000000000001" classname="fda_table_09" name="Table_09_rtables_generation_works_with_default_values"/>
    <testcase time="0.217999999999996" classname="fda_table_09" name="Table_09_rtables_generation_works_with_default_values"/>
    <testcase time="0.0710000000000051" classname="fda_table_09" name="Table_09_rtables_generation_works_with_default_values">
      <skipped message="Reason: On CRAN ('test-fda-table_09.R:8:3')"/>
    </testcase>
    <testcase time="0.0129999999999981" classname="fda_table_09" name="Table_09_rtables_generation_works_with_custom_values"/>
    <testcase time="0.027000000000001" classname="fda_table_09" name="Table_09_rtables_generation_works_with_custom_values"/>
    <testcase time="0.263999999999996" classname="fda_table_09" name="Table_09_rtables_generation_works_with_custom_values"/>
    <testcase time="0.103999999999999" classname="fda_table_09" name="Table_09_rtables_generation_works_with_custom_values">
      <skipped message="Reason: On CRAN ('test-fda-table_09.R:39:3')"/>
    </testcase>
    <testcase time="0.0140000000000029" classname="fda_table_09" name="Table_09_generation_works_with_risk_difference_column"/>
    <testcase time="0.027000000000001" classname="fda_table_09" name="Table_09_generation_works_with_risk_difference_column"/>
    <testcase time="0.277000000000001" classname="fda_table_09" name="Table_09_generation_works_with_risk_difference_column"/>
    <testcase time="0.0779999999999959" classname="fda_table_09" name="Table_09_generation_works_with_risk_difference_column">
      <skipped message="Reason: On CRAN ('test-fda-table_09.R:47:3')"/>
    </testcase>
    <testcase time="0.0130000000000052" classname="fda_table_09" name="Table_09_gt_generation_works_with_default_values"/>
    <testcase time="0.104999999999997" classname="fda_table_09" name="Table_09_gt_generation_works_with_default_values">
      <skipped message="Reason: On CRAN ('test-fda-table_09.R:60:3')"/>
    </testcase>
    <testcase time="0.0140000000000029" classname="fda_table_09" name="Table_09_gt_generation_works_with_custom_values"/>
    <testcase time="0.135999999999996" classname="fda_table_09" name="Table_09_gt_generation_works_with_custom_values">
      <skipped message="Reason: On CRAN ('test-fda-table_09.R:88:3')"/>
    </testcase>
    <testcase time="0.407000000000004" classname="fda_table_09" name="make_table_09_tplyr_returns_a_tibble_when_tplyr_raw_TRUE"/>
    <testcase time="0.000999999999997669" classname="fda_table_09" name="make_table_09_tplyr_returns_a_tibble_when_tplyr_raw_TRUE"/>
    <testcase time="0.0140000000000029" classname="fda_table_09" name="make_table_09_tplyr_returns_a_tibble_when_tplyr_raw_TRUE">
      <skipped message="Reason: On CRAN ('test-fda-table_09.R:101:3')"/>
    </testcase>
    <testcase time="0.394999999999996" classname="fda_table_09" name="make_table_09_tplyr_returns_a_gt_object_when_tplyr_raw_FALSE"/>
    <testcase time="0.00200000000000244" classname="fda_table_09" name="make_table_09_tplyr_returns_a_gt_object_when_tplyr_raw_FALSE"/>
    <testcase time="0.0330000000000013" classname="fda_table_09" name="make_table_09_tplyr_returns_a_gt_object_when_tplyr_raw_FALSE">
      <skipped message="Reason: On CRAN ('test-fda-table_09.R:112:3')"/>
    </testcase>
    <testcase time="0.372" classname="fda_table_09" name="make_table_09_tplyr_provides_total_column_counts_based_on_the_alt_count_df_parameter"/>
    <testcase time="0.381999999999998" classname="fda_table_09" name="make_table_09_tplyr_provides_total_column_counts_based_on_the_alt_count_df_parameter"/>
    <testcase time="0.363" classname="fda_table_09" name="make_table_09_tplyr_assigns_column_headers_correctly_to_the_arm_groups"/>
    <testcase time="0.359999999999999" classname="fda_table_09" name="make_table_09_tplyr_assigns_column_headers_correctly_to_the_arm_groups"/>
    <testcase time="0.375" classname="fda_table_09" name="make_table_09_tplyr_assigns_column_headers_correctly_to_the_arm_groups"/>
    <testcase time="0.371000000000002" classname="fda_table_09" name="make_table_09_tplyr_provides_risk_difference_columns_based_on_the_risk_diff_pairs_parameter"/>
    <testcase time="0.355000000000004" classname="fda_table_09" name="make_table_09_tplyr_provides_risk_difference_columns_based_on_the_risk_diff_pairs_parameter"/>
    <testcase time="0.397999999999996" classname="fda_table_09" name="make_table_09_tplyr_provides_a_total_column_based_on_the_lbl_overall_parameter"/>
    <testcase time="0.00300000000000011" classname="fda_table_09" name="make_table_09_tplyr_provides_a_total_column_based_on_the_lbl_overall_parameter"/>
    <testcase time="0.588999999999999" classname="fda_table_09" name="make_table_09_tplyr_provides_a_total_column_based_on_the_lbl_overall_parameter"/>
    <testcase time="0.356000000000002" classname="fda_table_09" name="make_table_09_tplyr_prunes_all_zero_rows_based_on_the_prune_0_parameter"/>
    <testcase time="0.347000000000001" classname="fda_table_09" name="make_table_09_tplyr_prunes_all_zero_rows_based_on_the_prune_0_parameter"/>
    <testcase time="0.356000000000002" classname="fda_table_09" name="make_table_09_tplyr_shows_column_counts_based_on_the_show_colcounts_parameter"/>
    <testcase time="0.341999999999999" classname="fda_table_09" name="make_table_09_tplyr_shows_column_counts_based_on_the_show_colcounts_parameter"/>
    <testcase time="0.362000000000002" classname="fda_table_09" name="make_table_09_tplyr_considers_lbl_soc_var_and_lbl_pref_var_parameters"/>
    <testcase time="0.00300000000000011" classname="fda_table_09" name="make_table_09_tplyr_considers_lbl_soc_var_and_lbl_pref_var_parameters"/>
    <testcase time="0.382999999999996" classname="fda_table_09" name="make_table_09_tplyr_considers_lbl_soc_var_and_lbl_pref_var_parameters"/>
    <testcase time="0.00300000000000011" classname="fda_table_09" name="make_table_09_tplyr_considers_lbl_soc_var_and_lbl_pref_var_parameters"/>
    <testcase time="0.376000000000005" classname="fda_table_09" name="make_table_09_tplyr_considers_annotations_if_tplyr_raw_FALSE"/>
    <testcase time="0.00300000000000011" classname="fda_table_09" name="make_table_09_tplyr_considers_annotations_if_tplyr_raw_FALSE"/>
    <testcase time="0.00300000000000011" classname="fda_table_09" name="make_table_09_tplyr_considers_annotations_if_tplyr_raw_FALSE"/>
    <testcase time="0.00300000000000011" classname="fda_table_09" name="make_table_09_tplyr_considers_annotations_if_tplyr_raw_FALSE"/>
    <testcase time="0.00300000000000011" classname="fda_table_09" name="make_table_09_tplyr_considers_annotations_if_tplyr_raw_FALSE"/>
    <testcase time="0.00300000000000011" classname="fda_table_09" name="make_table_09_tplyr_considers_annotations_if_tplyr_raw_FALSE"/>
    <testcase time="0.00199999999999534" classname="fda_table_09" name="make_table_09_tplyr_considers_annotations_if_tplyr_raw_FALSE"/>
    <testcase time="0.00500000000000256" classname="fda_table_09" name="Table_09_generation_works_with_gtsummary_with_default_values"/>
    <testcase time="1.075" classname="fda_table_09" name="Table_09_generation_works_with_gtsummary_with_default_values">
      <skipped message="Reason: On CRAN ('test-fda-table_09.R:357:3')"/>
    </testcase>
    <testcase time="0.0139999999999958" classname="fda_table_09" name="Table_09_generation_works_with_gtsummary_with_custom_values"/>
    <testcase time="1.107" classname="fda_table_09" name="Table_09_generation_works_with_gtsummary_with_custom_values">
      <skipped message="Reason: On CRAN ('test-fda-table_09.R:376:3')"/>
    </testcase>
  </testsuite>
  <testsuite name="fda-table_10" timestamp="2025-04-30T17:23:24Z" hostname="a150735f0dac" tests="36" skipped="5" failures="0" errors="0" time="4.197">
    <testcase time="0.0240000000000009" classname="fda_table_10" name="Table_10_generation_gtsummary_works_with_default_values"/>
    <testcase time="0.0630000000000024" classname="fda_table_10" name="Table_10_generation_gtsummary_works_with_default_values"/>
    <testcase time="0.0360000000000014" classname="fda_table_10" name="Table_10_generation_gtsummary_works_with_default_values"/>
    <testcase time="0.0359999999999943" classname="fda_table_10" name="Table_10_generation_gtsummary_works_with_default_values"/>
    <testcase time="0.0360000000000014" classname="fda_table_10" name="Table_10_generation_gtsummary_works_with_default_values"/>
    <testcase time="0.0360000000000014" classname="fda_table_10" name="Table_10_generation_gtsummary_works_with_default_values"/>
    <testcase time="0.00200000000000244" classname="fda_table_10" name="Table_10_generation_gtsummary_works_with_default_values"/>
    <testcase time="0.141999999999996" classname="fda_table_10" name="Table_10_generation_gtsummary_works_with_default_values"/>
    <testcase time="0.027000000000001" classname="fda_table_10" name="Table_10_generation_gtsummary_works_with_default_values"/>
    <testcase time="0.0549999999999997" classname="fda_table_10" name="Table_10_generation_gtsummary_works_with_default_values"/>
    <testcase time="0.811" classname="fda_table_10" name="Table_10_generation_gtsummary_works_with_default_values"/>
    <testcase time="0.239000000000004" classname="fda_table_10" name="Table_10_generation_gtsummary_works_with_default_values">
      <skipped message="Reason: On CRAN ('test-fda-table_10.R:17:3')"/>
    </testcase>
    <testcase time="0.0129999999999981" classname="fda_table_10" name="Table_10_generation_gtsummary_works_with_default_values"/>
    <testcase time="0.0640000000000001" classname="fda_table_10" name="Table_10_generation_gtsummary_works_with_default_values"/>
    <testcase time="0.036999999999999" classname="fda_table_10" name="Table_10_generation_gtsummary_works_with_default_values"/>
    <testcase time="0.0420000000000016" classname="fda_table_10" name="Table_10_generation_gtsummary_works_with_default_values"/>
    <testcase time="0.0360000000000014" classname="fda_table_10" name="Table_10_generation_gtsummary_works_with_default_values"/>
    <testcase time="0.0349999999999966" classname="fda_table_10" name="Table_10_generation_gtsummary_works_with_default_values"/>
    <testcase time="0.00300000000000011" classname="fda_table_10" name="Table_10_generation_gtsummary_works_with_default_values"/>
    <testcase time="0.139000000000003" classname="fda_table_10" name="Table_10_generation_gtsummary_works_with_default_values"/>
    <testcase time="0.0279999999999987" classname="fda_table_10" name="Table_10_generation_gtsummary_works_with_default_values"/>
    <testcase time="0.0589999999999975" classname="fda_table_10" name="Table_10_generation_gtsummary_works_with_default_values"/>
    <testcase time="0.800000000000004" classname="fda_table_10" name="Table_10_generation_gtsummary_works_with_default_values"/>
    <testcase time="0.245999999999995" classname="fda_table_10" name="Table_10_generation_gtsummary_works_with_default_values">
      <skipped message="Reason: On CRAN ('test-fda-table_10.R:24:3')"/>
    </testcase>
    <testcase time="0.0130000000000052" classname="fda_table_10" name="Table_10_generation_rtables_works_with_default_values_BROAD"/>
    <testcase time="0.0239999999999938" classname="fda_table_10" name="Table_10_generation_rtables_works_with_default_values_BROAD"/>
    <testcase time="0.255000000000003" classname="fda_table_10" name="Table_10_generation_rtables_works_with_default_values_BROAD"/>
    <testcase time="0.0600000000000023" classname="fda_table_10" name="Table_10_generation_rtables_works_with_default_values_BROAD">
      <skipped message="Reason: On CRAN ('test-fda-table_10.R:32:3')"/>
    </testcase>
    <testcase time="0.0129999999999981" classname="fda_table_10" name="Table_10_generation_rtables_works_with_default_values"/>
    <testcase time="0.0249999999999986" classname="fda_table_10" name="Table_10_generation_rtables_works_with_default_values"/>
    <testcase time="0.242000000000004" classname="fda_table_10" name="Table_10_generation_rtables_works_with_default_values"/>
    <testcase time="0.0609999999999999" classname="fda_table_10" name="Table_10_generation_rtables_works_with_default_values">
      <skipped message="Reason: On CRAN ('test-fda-table_10.R:67:3')"/>
    </testcase>
    <testcase time="0.0129999999999981" classname="fda_table_10" name="Table_10_generation_rtables_works_with_risk_difference_column"/>
    <testcase time="0.027000000000001" classname="fda_table_10" name="Table_10_generation_rtables_works_with_risk_difference_column"/>
    <testcase time="0.323999999999998" classname="fda_table_10" name="Table_10_generation_rtables_works_with_risk_difference_column"/>
    <testcase time="0.131" classname="fda_table_10" name="Table_10_generation_rtables_works_with_risk_difference_column">
      <skipped message="Reason: On CRAN ('test-fda-table_10.R:75:3')"/>
    </testcase>
  </testsuite>
  <testsuite name="fda-table_11" timestamp="2025-04-30T17:23:29Z" hostname="a150735f0dac" tests="19" skipped="4" failures="0" errors="0" time="4.455">
    <testcase time="0.0309999999999988" classname="fda_table_11" name="Table_11_generation_works_with_default_values"/>
    <testcase time="0.0320000000000036" classname="fda_table_11" name="Table_11_generation_works_with_default_values"/>
    <testcase time="0.153999999999996" classname="fda_table_11" name="Table_11_generation_works_with_default_values"/>
    <testcase time="0.0320000000000036" classname="fda_table_11" name="Table_11_generation_works_with_default_values"/>
    <testcase time="1.337" classname="fda_table_11" name="Table_11_generation_works_with_default_values"/>
    <testcase time="0.00200000000000244" classname="fda_table_11" name="Table_11_generation_works_with_default_values"/>
    <testcase time="0.131" classname="fda_table_11" name="Table_11_generation_works_with_default_values">
      <skipped message="Reason: On CRAN ('test-fda-table_11.R:19:3')"/>
    </testcase>
    <testcase time="0.0140000000000029" classname="fda_table_11" name="Table_11_generation_works_with_gtsummary_with_custom_values"/>
    <testcase time="0.0399999999999991" classname="fda_table_11" name="Table_11_generation_works_with_gtsummary_with_custom_values"/>
    <testcase time="1.33" classname="fda_table_11" name="Table_11_generation_works_with_gtsummary_with_custom_values"/>
    <testcase time="0.135999999999996" classname="fda_table_11" name="Table_11_generation_works_with_gtsummary_with_custom_values">
      <skipped message="Reason: On CRAN ('test-fda-table_11.R:41:3')"/>
    </testcase>
    <testcase time="0.01400000000001" classname="fda_table_11" name="Table_11_generation_works_with_rtables_with_custom_values"/>
    <testcase time="0.027000000000001" classname="fda_table_11" name="Table_11_generation_works_with_rtables_with_custom_values"/>
    <testcase time="0.381" classname="fda_table_11" name="Table_11_generation_works_with_rtables_with_custom_values"/>
    <testcase time="0.0679999999999978" classname="fda_table_11" name="Table_11_generation_works_with_rtables_with_custom_values">
      <skipped message="Reason: On CRAN ('test-fda-table_11.R:73:3')"/>
    </testcase>
    <testcase time="0.01400000000001" classname="fda_table_11" name="Table_11_generation_works_with_rtables_with_risk_difference_column"/>
    <testcase time="0.0319999999999965" classname="fda_table_11" name="Table_11_generation_works_with_rtables_with_risk_difference_column"/>
    <testcase time="0.533000000000001" classname="fda_table_11" name="Table_11_generation_works_with_rtables_with_risk_difference_column"/>
    <testcase time="0.146999999999991" classname="fda_table_11" name="Table_11_generation_works_with_rtables_with_risk_difference_column">
      <skipped message="Reason: On CRAN ('test-fda-table_11.R:81:3')"/>
    </testcase>
  </testsuite>
  <testsuite name="fda-table_12" timestamp="2025-04-30T17:23:33Z" hostname="a150735f0dac" tests="23" skipped="5" failures="0" errors="0" time="5.467">
    <testcase time="0.0180000000000007" classname="fda_table_12" name="Table_12_generation_works_with_default_values"/>
    <testcase time="0.0330000000000013" classname="fda_table_12" name="Table_12_generation_works_with_default_values"/>
    <testcase time="0.179000000000002" classname="fda_table_12" name="Table_12_generation_works_with_default_values"/>
    <testcase time="0.0370000000000061" classname="fda_table_12" name="Table_12_generation_works_with_default_values"/>
    <testcase time="1.28399999999999" classname="fda_table_12" name="Table_12_generation_works_with_default_values"/>
    <testcase time="0.00200000000000955" classname="fda_table_12" name="Table_12_generation_works_with_default_values"/>
    <testcase time="0.131999999999991" classname="fda_table_12" name="Table_12_generation_works_with_default_values">
      <skipped message="Reason: On CRAN ('test-fda-table_12.R:10:3')"/>
    </testcase>
    <testcase time="0.01400000000001" classname="fda_table_12" name="Table_12_generation_works_with_gtsummary_with_custom_values"/>
    <testcase time="0.032999999999987" classname="fda_table_12" name="Table_12_generation_works_with_gtsummary_with_custom_values"/>
    <testcase time="1.28500000000001" classname="fda_table_12" name="Table_12_generation_works_with_gtsummary_with_custom_values"/>
    <testcase time="0.126999999999995" classname="fda_table_12" name="Table_12_generation_works_with_gtsummary_with_custom_values">
      <skipped message="Reason: On CRAN ('test-fda-table_12.R:32:3')"/>
    </testcase>
    <testcase time="0.0130000000000052" classname="fda_table_12" name="Table_12_generation_works_with_default_values"/>
    <testcase time="0.0330000000000013" classname="fda_table_12" name="Table_12_generation_works_with_default_values"/>
    <testcase time="0.570999999999998" classname="fda_table_12" name="Table_12_generation_works_with_default_values"/>
    <testcase time="0.106999999999999" classname="fda_table_12" name="Table_12_generation_works_with_default_values">
      <skipped message="Reason: On CRAN ('test-fda-table_12.R:41:3')"/>
    </testcase>
    <testcase time="0.0139999999999958" classname="fda_table_12" name="Table_12_generation_works_with_custom_values"/>
    <testcase time="0.0330000000000013" classname="fda_table_12" name="Table_12_generation_works_with_custom_values"/>
    <testcase time="0.564999999999998" classname="fda_table_12" name="Table_12_generation_works_with_custom_values"/>
    <testcase time="0.106999999999999" classname="fda_table_12" name="Table_12_generation_works_with_custom_values">
      <skipped message="Reason: On CRAN ('test-fda-table_12.R:71:3')"/>
    </testcase>
    <testcase time="0.0130000000000052" classname="fda_table_12" name="Table_12_generation_works_with_risk_difference_column"/>
    <testcase time="0.0429999999999922" classname="fda_table_12" name="Table_12_generation_works_with_risk_difference_column"/>
    <testcase time="0.701000000000008" classname="fda_table_12" name="Table_12_generation_works_with_risk_difference_column"/>
    <testcase time="0.123000000000005" classname="fda_table_12" name="Table_12_generation_works_with_risk_difference_column">
      <skipped message="Reason: On CRAN ('test-fda-table_12.R:79:3')"/>
    </testcase>
  </testsuite>
  <testsuite name="fda-table_13" timestamp="2025-04-30T17:23:39Z" hostname="a150735f0dac" tests="12" skipped="3" failures="0" errors="0" time="0.734">
    <testcase time="0.0319999999999965" classname="fda_table_13" name="Table_13_generation_works_with_default_values"/>
    <testcase time="0.0390000000000015" classname="fda_table_13" name="Table_13_generation_works_with_default_values"/>
    <testcase time="0.102999999999994" classname="fda_table_13" name="Table_13_generation_works_with_default_values"/>
    <testcase time="0.0679999999999978" classname="fda_table_13" name="Table_13_generation_works_with_default_values">
      <skipped message="Reason: On CRAN ('test-fda-table_13.R:8:3')"/>
    </testcase>
    <testcase time="0.0130000000000052" classname="fda_table_13" name="Table_13_generation_works_with_custom_values"/>
    <testcase time="0.0330000000000013" classname="fda_table_13" name="Table_13_generation_works_with_custom_values"/>
    <testcase time="0.131999999999991" classname="fda_table_13" name="Table_13_generation_works_with_custom_values"/>
    <testcase time="0.0560000000000116" classname="fda_table_13" name="Table_13_generation_works_with_custom_values">
      <skipped message="Reason: On CRAN ('test-fda-table_13.R:38:3')"/>
    </testcase>
    <testcase time="0.0139999999999958" classname="fda_table_13" name="Table_13_generation_works_with_risk_difference_column"/>
    <testcase time="0.0319999999999965" classname="fda_table_13" name="Table_13_generation_works_with_risk_difference_column"/>
    <testcase time="0.132999999999996" classname="fda_table_13" name="Table_13_generation_works_with_risk_difference_column"/>
    <testcase time="0.0790000000000077" classname="fda_table_13" name="Table_13_generation_works_with_risk_difference_column">
      <skipped message="Reason: On CRAN ('test-fda-table_13.R:46:3')"/>
    </testcase>
  </testsuite>
  <testsuite name="fda-table_14" timestamp="2025-04-30T17:23:39Z" hostname="a150735f0dac" tests="13" skipped="4" failures="0" errors="0" time="2.583">
    <testcase time="0.0239999999999867" classname="fda_table_14" name="Table_14_generation_works_with_default_values"/>
    <testcase time="0.424000000000007" classname="fda_table_14" name="Table_14_generation_works_with_default_values"/>
    <testcase time="0.162999999999997" classname="fda_table_14" name="Table_14_generation_works_with_default_values">
      <skipped message="Reason: On CRAN ('test-fda-table_14.R:16:3')"/>
    </testcase>
    <testcase time="0.0130000000000052" classname="fda_table_14" name="Table_14_generation_works_with_custom_values"/>
    <testcase time="0.0330000000000013" classname="fda_table_14" name="Table_14_generation_works_with_custom_values"/>
    <testcase time="0.451999999999998" classname="fda_table_14" name="Table_14_generation_works_with_custom_values"/>
    <testcase time="0.147999999999996" classname="fda_table_14" name="Table_14_generation_works_with_custom_values">
      <skipped message="Reason: On CRAN ('test-fda-table_14.R:46:3')"/>
    </testcase>
    <testcase time="0.0139999999999958" classname="fda_table_14" name="Table_14_generation_works_with_NA_values_pruned_rows"/>
    <testcase time="0.428000000000011" classname="fda_table_14" name="Table_14_generation_works_with_NA_values_pruned_rows"/>
    <testcase time="0.132999999999996" classname="fda_table_14" name="Table_14_generation_works_with_NA_values_pruned_rows">
      <skipped message="Reason: On CRAN ('test-fda-table_14.R:53:3')"/>
    </testcase>
    <testcase time="0.0139999999999958" classname="fda_table_14" name="Table_14_generation_works_with_risk_difference_column"/>
    <testcase time="0.549000000000007" classname="fda_table_14" name="Table_14_generation_works_with_risk_difference_column"/>
    <testcase time="0.188000000000002" classname="fda_table_14" name="Table_14_generation_works_with_risk_difference_column">
      <skipped message="Reason: On CRAN ('test-fda-table_14.R:61:3')"/>
    </testcase>
  </testsuite>
  <testsuite name="fda-table_15" timestamp="2025-04-30T17:23:42Z" hostname="a150735f0dac" tests="16" skipped="4" failures="0" errors="0" time="1.486">
    <testcase time="0.0189999999999912" classname="fda_table_15" name="Table_15_generation_works_with_default_values"/>
    <testcase time="0.0290000000000106" classname="fda_table_15" name="Table_15_generation_works_with_default_values"/>
    <testcase time="0.210999999999999" classname="fda_table_15" name="Table_15_generation_works_with_default_values"/>
    <testcase time="0.109999999999999" classname="fda_table_15" name="Table_15_generation_works_with_default_values">
      <skipped message="Reason: On CRAN ('test-fda-table_15.R:19:3')"/>
    </testcase>
    <testcase time="0.0139999999999958" classname="fda_table_15" name="Table_15_generation_works_with_custom_values"/>
    <testcase time="0.0289999999999964" classname="fda_table_15" name="Table_15_generation_works_with_custom_values"/>
    <testcase time="0.210000000000008" classname="fda_table_15" name="Table_15_generation_works_with_custom_values"/>
    <testcase time="0.0969999999999942" classname="fda_table_15" name="Table_15_generation_works_with_custom_values">
      <skipped message="Reason: On CRAN ('test-fda-table_15.R:51:3')"/>
    </testcase>
    <testcase time="0.0139999999999958" classname="fda_table_15" name="Table_15_generation_works_with_NA_values_pruned_rows"/>
    <testcase time="0.0290000000000106" classname="fda_table_15" name="Table_15_generation_works_with_NA_values_pruned_rows"/>
    <testcase time="0.210999999999999" classname="fda_table_15" name="Table_15_generation_works_with_NA_values_pruned_rows"/>
    <testcase time="0.111999999999995" classname="fda_table_15" name="Table_15_generation_works_with_NA_values_pruned_rows">
      <skipped message="Reason: On CRAN ('test-fda-table_15.R:58:3')"/>
    </testcase>
    <testcase time="0.0139999999999958" classname="fda_table_15" name="Table_15_generation_works_with_risk_difference_column"/>
    <testcase time="0.0280000000000058" classname="fda_table_15" name="Table_15_generation_works_with_risk_difference_column"/>
    <testcase time="0.247" classname="fda_table_15" name="Table_15_generation_works_with_risk_difference_column"/>
    <testcase time="0.111999999999995" classname="fda_table_15" name="Table_15_generation_works_with_risk_difference_column">
      <skipped message="Reason: On CRAN ('test-fda-table_15.R:66:3')"/>
    </testcase>
  </testsuite>
  <testsuite name="fda-table_16" timestamp="2025-04-30T17:23:43Z" hostname="a150735f0dac" tests="16" skipped="4" failures="0" errors="0" time="1.32">
    <testcase time="0.0190000000000055" classname="fda_table_16" name="Table_16_generation_works_with_default_values"/>
    <testcase time="0.0349999999999966" classname="fda_table_16" name="Table_16_generation_works_with_default_values"/>
    <testcase time="0.201000000000008" classname="fda_table_16" name="Table_16_generation_works_with_default_values"/>
    <testcase time="0.0889999999999986" classname="fda_table_16" name="Table_16_generation_works_with_default_values">
      <skipped message="Reason: On CRAN ('test-fda-table_16.R:19:3')"/>
    </testcase>
    <testcase time="0.0139999999999958" classname="fda_table_16" name="Table_16_generation_works_with_custom_values"/>
    <testcase time="0.0250000000000057" classname="fda_table_16" name="Table_16_generation_works_with_custom_values"/>
    <testcase time="0.211999999999989" classname="fda_table_16" name="Table_16_generation_works_with_custom_values"/>
    <testcase time="0.054000000000002" classname="fda_table_16" name="Table_16_generation_works_with_custom_values">
      <skipped message="Reason: On CRAN ('test-fda-table_16.R:51:3')"/>
    </testcase>
    <testcase time="0.0130000000000052" classname="fda_table_16" name="Table_16_generation_works_with_NA_values_pruned_rows"/>
    <testcase time="0.0259999999999962" classname="fda_table_16" name="Table_16_generation_works_with_NA_values_pruned_rows"/>
    <testcase time="0.210999999999999" classname="fda_table_16" name="Table_16_generation_works_with_NA_values_pruned_rows"/>
    <testcase time="0.054000000000002" classname="fda_table_16" name="Table_16_generation_works_with_NA_values_pruned_rows">
      <skipped message="Reason: On CRAN ('test-fda-table_16.R:58:3')"/>
    </testcase>
    <testcase time="0.012999999999991" classname="fda_table_16" name="Table_16_generation_works_with_risk_difference_column"/>
    <testcase time="0.0260000000000105" classname="fda_table_16" name="Table_16_generation_works_with_risk_difference_column"/>
    <testcase time="0.24799999999999" classname="fda_table_16" name="Table_16_generation_works_with_risk_difference_column"/>
    <testcase time="0.0800000000000125" classname="fda_table_16" name="Table_16_generation_works_with_risk_difference_column">
      <skipped message="Reason: On CRAN ('test-fda-table_16.R:66:3')"/>
    </testcase>
  </testsuite>
  <testsuite name="fda-table_17" timestamp="2025-04-30T17:23:45Z" hostname="a150735f0dac" tests="16" skipped="4" failures="0" errors="0" time="2.221">
    <testcase time="0.019999999999996" classname="fda_table_17" name="Table_17_generation_works_with_default_values"/>
    <testcase time="0.0300000000000011" classname="fda_table_17" name="Table_17_generation_works_with_default_values"/>
    <testcase time="0.308999999999997" classname="fda_table_17" name="Table_17_generation_works_with_default_values"/>
    <testcase time="0.176000000000002" classname="fda_table_17" name="Table_17_generation_works_with_default_values">
      <skipped message="Reason: On CRAN ('test-fda-table_17.R:25:3')"/>
    </testcase>
    <testcase time="0.012999999999991" classname="fda_table_17" name="Table_17_generation_works_with_custom_values"/>
    <testcase time="0.0300000000000011" classname="fda_table_17" name="Table_17_generation_works_with_custom_values"/>
    <testcase time="0.310000000000002" classname="fda_table_17" name="Table_17_generation_works_with_custom_values"/>
    <testcase time="0.174000000000007" classname="fda_table_17" name="Table_17_generation_works_with_custom_values">
      <skipped message="Reason: On CRAN ('test-fda-table_17.R:57:3')"/>
    </testcase>
    <testcase time="0.0139999999999958" classname="fda_table_17" name="Table_17_generation_works_with_NA_values_pruned_rows"/>
    <testcase time="0.0310000000000059" classname="fda_table_17" name="Table_17_generation_works_with_NA_values_pruned_rows"/>
    <testcase time="0.328999999999994" classname="fda_table_17" name="Table_17_generation_works_with_NA_values_pruned_rows"/>
    <testcase time="0.158000000000001" classname="fda_table_17" name="Table_17_generation_works_with_NA_values_pruned_rows">
      <skipped message="Reason: On CRAN ('test-fda-table_17.R:64:3')"/>
    </testcase>
    <testcase time="0.012999999999991" classname="fda_table_17" name="Table_17_generation_works_with_risk_difference_column"/>
    <testcase time="0.0439999999999969" classname="fda_table_17" name="Table_17_generation_works_with_risk_difference_column"/>
    <testcase time="0.370000000000005" classname="fda_table_17" name="Table_17_generation_works_with_risk_difference_column"/>
    <testcase time="0.200000000000003" classname="fda_table_17" name="Table_17_generation_works_with_risk_difference_column">
      <skipped message="Reason: On CRAN ('test-fda-table_17.R:72:3')"/>
    </testcase>
  </testsuite>
  <testsuite name="fda-table_18" timestamp="2025-04-30T17:23:47Z" hostname="a150735f0dac" tests="16" skipped="4" failures="0" errors="0" time="2.053">
    <testcase time="0.019999999999996" classname="fda_table_18" name="Table_18_generation_works_with_default_values"/>
    <testcase time="0.027000000000001" classname="fda_table_18" name="Table_18_generation_works_with_default_values"/>
    <testcase time="0.322000000000003" classname="fda_table_18" name="Table_18_generation_works_with_default_values"/>
    <testcase time="0.0750000000000028" classname="fda_table_18" name="Table_18_generation_works_with_default_values">
      <skipped message="Reason: On CRAN ('test-fda-table_18.R:25:3')"/>
    </testcase>
    <testcase time="0.012999999999991" classname="fda_table_18" name="Table_18_generation_works_with_custom_values"/>
    <testcase time="0.027000000000001" classname="fda_table_18" name="Table_18_generation_works_with_custom_values"/>
    <testcase time="0.308000000000007" classname="fda_table_18" name="Table_18_generation_works_with_custom_values"/>
    <testcase time="0.090999999999994" classname="fda_table_18" name="Table_18_generation_works_with_custom_values">
      <skipped message="Reason: On CRAN ('test-fda-table_18.R:57:3')"/>
    </testcase>
    <testcase time="0.0130000000000052" classname="fda_table_18" name="Table_18_generation_works_with_NA_values_pruned_rows"/>
    <testcase time="0.027000000000001" classname="fda_table_18" name="Table_18_generation_works_with_NA_values_pruned_rows"/>
    <testcase time="0.304999999999993" classname="fda_table_18" name="Table_18_generation_works_with_NA_values_pruned_rows"/>
    <testcase time="0.0900000000000034" classname="fda_table_18" name="Table_18_generation_works_with_NA_values_pruned_rows">
      <skipped message="Reason: On CRAN ('test-fda-table_18.R:64:3')"/>
    </testcase>
    <testcase time="0.0139999999999958" classname="fda_table_18" name="Table_18_generation_works_with_risk_difference_column"/>
    <testcase time="0.0260000000000105" classname="fda_table_18" name="Table_18_generation_works_with_risk_difference_column"/>
    <testcase time="0.613" classname="fda_table_18" name="Table_18_generation_works_with_risk_difference_column"/>
    <testcase time="0.0820000000000078" classname="fda_table_18" name="Table_18_generation_works_with_risk_difference_column">
      <skipped message="Reason: On CRAN ('test-fda-table_18.R:72:3')"/>
    </testcase>
  </testsuite>
  <testsuite name="fda-table_20" timestamp="2025-04-30T17:23:49Z" hostname="a150735f0dac" tests="24" skipped="4" failures="0" errors="0" time="1.94">
    <testcase time="0.0189999999999912" classname="fda_table_20" name="Table_20_generation_works_with_default_values"/>
    <testcase time="0.00100000000000477" classname="fda_table_20" name="Table_20_generation_works_with_default_values"/>
    <testcase time="0.00100000000000477" classname="fda_table_20" name="Table_20_generation_works_with_default_values"/>
    <testcase time="0.0289999999999964" classname="fda_table_20" name="Table_20_generation_works_with_default_values"/>
    <testcase time="0.287999999999997" classname="fda_table_20" name="Table_20_generation_works_with_default_values"/>
    <testcase time="0.0910000000000082" classname="fda_table_20" name="Table_20_generation_works_with_default_values">
      <skipped message="Reason: On CRAN ('test-fda-table_20.R:17:3')"/>
    </testcase>
    <testcase time="0.0139999999999958" classname="fda_table_20" name="Table_20_generation_works_with_custom_values"/>
    <testcase time="0.00100000000000477" classname="fda_table_20" name="Table_20_generation_works_with_custom_values"/>
    <testcase time="0.000999999999990564" classname="fda_table_20" name="Table_20_generation_works_with_custom_values"/>
    <testcase time="0.0290000000000106" classname="fda_table_20" name="Table_20_generation_works_with_custom_values"/>
    <testcase time="0.423999999999992" classname="fda_table_20" name="Table_20_generation_works_with_custom_values"/>
    <testcase time="0.105000000000004" classname="fda_table_20" name="Table_20_generation_works_with_custom_values">
      <skipped message="Reason: On CRAN ('test-fda-table_20.R:65:3')"/>
    </testcase>
    <testcase time="0.0180000000000007" classname="fda_table_20" name="Table_20_generation_works_with_missing_values_pruned_rows"/>
    <testcase time="0.000999999999990564" classname="fda_table_20" name="Table_20_generation_works_with_missing_values_pruned_rows"/>
    <testcase time="0.00200000000000955" classname="fda_table_20" name="Table_20_generation_works_with_missing_values_pruned_rows"/>
    <testcase time="0.0279999999999916" classname="fda_table_20" name="Table_20_generation_works_with_missing_values_pruned_rows"/>
    <testcase time="0.278000000000006" classname="fda_table_20" name="Table_20_generation_works_with_missing_values_pruned_rows"/>
    <testcase time="0.0829999999999984" classname="fda_table_20" name="Table_20_generation_works_with_missing_values_pruned_rows">
      <skipped message="Reason: On CRAN ('test-fda-table_20.R:74:3')"/>
    </testcase>
    <testcase time="0.0130000000000052" classname="fda_table_20" name="Table_20_generation_works_with_risk_difference_column"/>
    <testcase time="0.000999999999990564" classname="fda_table_20" name="Table_20_generation_works_with_risk_difference_column"/>
    <testcase time="0.00100000000000477" classname="fda_table_20" name="Table_20_generation_works_with_risk_difference_column"/>
    <testcase time="0.0289999999999964" classname="fda_table_20" name="Table_20_generation_works_with_risk_difference_column"/>
    <testcase time="0.378" classname="fda_table_20" name="Table_20_generation_works_with_risk_difference_column"/>
    <testcase time="0.105000000000004" classname="fda_table_20" name="Table_20_generation_works_with_risk_difference_column">
      <skipped message="Reason: On CRAN ('test-fda-table_20.R:82:3')"/>
    </testcase>
  </testsuite>
  <testsuite name="fda-table_21" timestamp="2025-04-30T17:23:51Z" hostname="a150735f0dac" tests="19" skipped="4" failures="0" errors="0" time="1.807">
    <testcase time="0.027000000000001" classname="fda_table_21" name="Table_21_generation_works_with_default_values"/>
    <testcase time="0.00100000000000477" classname="fda_table_21" name="Table_21_generation_works_with_default_values"/>
    <testcase time="0.36399999999999" classname="fda_table_21" name="Table_21_generation_works_with_default_values"/>
    <testcase time="0.103999999999999" classname="fda_table_21" name="Table_21_generation_works_with_default_values">
      <skipped message="Reason: On CRAN ('test-fda-table_21.R:16:3')"/>
    </testcase>
    <testcase time="0.01400000000001" classname="fda_table_21" name="Table_21_generation_works_with_custom_values_N_s_denominator_and_overall_column"/>
    <testcase time="0.000999999999990564" classname="fda_table_21" name="Table_21_generation_works_with_custom_values_N_s_denominator_and_overall_column"/>
    <testcase time="0.0499999999999972" classname="fda_table_21" name="Table_21_generation_works_with_custom_values_N_s_denominator_and_overall_column"/>
    <testcase time="0.438000000000002" classname="fda_table_21" name="Table_21_generation_works_with_custom_values_N_s_denominator_and_overall_column"/>
    <testcase time="0.120000000000005" classname="fda_table_21" name="Table_21_generation_works_with_custom_values_N_s_denominator_and_overall_column">
      <skipped message="Reason: On CRAN ('test-fda-table_21.R:28:3')"/>
    </testcase>
    <testcase time="0.0130000000000052" classname="fda_table_21" name="Table_21_generation_works_with_custom_values_N_col_denominator_and_no_overall_column"/>
    <testcase time="0.000999999999990564" classname="fda_table_21" name="Table_21_generation_works_with_custom_values_N_col_denominator_and_no_overall_column"/>
    <testcase time="0.034000000000006" classname="fda_table_21" name="Table_21_generation_works_with_custom_values_N_col_denominator_and_no_overall_column"/>
    <testcase time="0.215000000000003" classname="fda_table_21" name="Table_21_generation_works_with_custom_values_N_col_denominator_and_no_overall_column"/>
    <testcase time="0.0930000000000035" classname="fda_table_21" name="Table_21_generation_works_with_custom_values_N_col_denominator_and_no_overall_column">
      <skipped message="Reason: On CRAN ('test-fda-table_21.R:56:3')"/>
    </testcase>
    <testcase time="0.0439999999999969" classname="fda_table_21" name="Table_21_generation_works_with_some_NA_values"/>
    <testcase time="0.00100000000000477" classname="fda_table_21" name="Table_21_generation_works_with_some_NA_values"/>
    <testcase time="0.0369999999999919" classname="fda_table_21" name="Table_21_generation_works_with_some_NA_values"/>
    <testcase time="0.173000000000002" classname="fda_table_21" name="Table_21_generation_works_with_some_NA_values"/>
    <testcase time="0.0769999999999982" classname="fda_table_21" name="Table_21_generation_works_with_some_NA_values">
      <skipped message="Reason: On CRAN ('test-fda-table_21.R:76:3')"/>
    </testcase>
  </testsuite>
  <testsuite name="fda-table_22" timestamp="2025-04-30T17:23:53Z" hostname="a150735f0dac" tests="8" skipped="4" failures="0" errors="0" time="1.836">
    <testcase time="0.393000000000001" classname="fda_table_22" name="Table_22_generation_works_with_default_values"/>
    <testcase time="0.106000000000009" classname="fda_table_22" name="Table_22_generation_works_with_default_values">
      <skipped message="Reason: On CRAN ('test-fda-table_22.R:21:3')"/>
    </testcase>
    <testcase time="0.528999999999996" classname="fda_table_22" name="Table_22_generation_works_with_custom_values_N_s_denominator_and_overall_column"/>
    <testcase time="0.114999999999995" classname="fda_table_22" name="Table_22_generation_works_with_custom_values_N_s_denominator_and_overall_column">
      <skipped message="Reason: On CRAN ('test-fda-table_22.R:33:3')"/>
    </testcase>
    <testcase time="0.265000000000001" classname="fda_table_22" name="Table_22_generation_works_with_custom_values_N_col_denominator_and_no_overall_column"/>
    <testcase time="0.102000000000004" classname="fda_table_22" name="Table_22_generation_works_with_custom_values_N_col_denominator_and_no_overall_column">
      <skipped message="Reason: On CRAN ('test-fda-table_22.R:61:3')"/>
    </testcase>
    <testcase time="0.254000000000005" classname="fda_table_22" name="Table_22_generation_works_with_some_NA_values"/>
    <testcase time="0.0720000000000027" classname="fda_table_22" name="Table_22_generation_works_with_some_NA_values">
      <skipped message="Reason: On CRAN ('test-fda-table_22.R:81:3')"/>
    </testcase>
  </testsuite>
  <testsuite name="fda-table_32" timestamp="2025-04-30T17:23:55Z" hostname="a150735f0dac" tests="27" skipped="7" failures="0" errors="0" time="4.561">
    <testcase time="0.046999999999997" classname="fda_table_32" name="Table_32_generation_works_with_default_values"/>
    <testcase time="0.108999999999995" classname="fda_table_32" name="Table_32_generation_works_with_default_values"/>
    <testcase time="0.947000000000003" classname="fda_table_32" name="Table_32_generation_works_with_default_values"/>
    <testcase time="0.00199999999999534" classname="fda_table_32" name="Table_32_generation_works_with_default_values"/>
    <testcase time="0.0440000000000111" classname="fda_table_32" name="Table_32_generation_works_with_default_values">
      <skipped message="Reason: On CRAN ('test-fda-table_32.R:17:3')"/>
    </testcase>
    <testcase time="0.0149999999999864" classname="fda_table_32" name="Table_32_generation_works_with_custom_values"/>
    <testcase time="0.105000000000004" classname="fda_table_32" name="Table_32_generation_works_with_custom_values"/>
    <testcase time="1.398" classname="fda_table_32" name="Table_32_generation_works_with_custom_values"/>
    <testcase time="0.00200000000000955" classname="fda_table_32" name="Table_32_generation_works_with_custom_values"/>
    <testcase time="0.0489999999999924" classname="fda_table_32" name="Table_32_generation_works_with_custom_values">
      <skipped message="Reason: On CRAN ('test-fda-table_32.R:32:3')"/>
    </testcase>
    <testcase time="0.0150000000000006" classname="fda_table_32" name="Table_32_generation_missing_values_and_ADSL"/>
    <testcase time="1.01600000000001" classname="fda_table_32" name="Table_32_generation_missing_values_and_ADSL"/>
    <testcase time="0.000999999999990564" classname="fda_table_32" name="Table_32_generation_missing_values_and_ADSL"/>
    <testcase time="0.00200000000000955" classname="fda_table_32" name="Table_32_generation_missing_values_and_ADSL"/>
    <testcase time="0.0459999999999923" classname="fda_table_32" name="Table_32_generation_missing_values_and_ADSL">
      <skipped message="Reason: On CRAN ('test-fda-table_32.R:47:3')"/>
    </testcase>
    <testcase time="0.0150000000000006" classname="fda_table_32" name="Table_32_generation_works_with_default_values"/>
    <testcase time="0.108000000000004" classname="fda_table_32" name="Table_32_generation_works_with_default_values"/>
    <testcase time="0.0500000000000114" classname="fda_table_32" name="Table_32_generation_works_with_default_values">
      <skipped message="Reason: On CRAN ('test-fda-table_32.R:63:3')"/>
    </testcase>
    <testcase time="0.0150000000000006" classname="fda_table_32" name="Table_32_generation_works_with_custom_values"/>
    <testcase time="0.131" classname="fda_table_32" name="Table_32_generation_works_with_custom_values"/>
    <testcase time="0.0689999999999884" classname="fda_table_32" name="Table_32_generation_works_with_custom_values">
      <skipped message="Reason: On CRAN ('test-fda-table_32.R:85:3')"/>
    </testcase>
    <testcase time="0.0150000000000006" classname="fda_table_32" name="Table_32_generation_works_with_pruned_rows"/>
    <testcase time="0.109000000000009" classname="fda_table_32" name="Table_32_generation_works_with_pruned_rows"/>
    <testcase time="0.046999999999997" classname="fda_table_32" name="Table_32_generation_works_with_pruned_rows">
      <skipped message="Reason: On CRAN ('test-fda-table_32.R:96:3')"/>
    </testcase>
    <testcase time="0.0150000000000006" classname="fda_table_32" name="Table_32_generation_works_with_risk_difference_column"/>
    <testcase time="0.131" classname="fda_table_32" name="Table_32_generation_works_with_risk_difference_column"/>
    <testcase time="0.0579999999999927" classname="fda_table_32" name="Table_32_generation_works_with_risk_difference_column">
      <skipped message="Reason: On CRAN ('test-fda-table_32.R:108:3')"/>
    </testcase>
  </testsuite>
  <testsuite name="fda-table_33" timestamp="2025-04-30T17:23:59Z" hostname="a150735f0dac" tests="27" skipped="7" failures="0" errors="0" time="5.004">
    <testcase time="0.054000000000002" classname="fda_table_33" name="Table_33_generation_works_with_default_values"/>
    <testcase time="0.307000000000002" classname="fda_table_33" name="Table_33_generation_works_with_default_values"/>
    <testcase time="0.704000000000008" classname="fda_table_33" name="Table_33_generation_works_with_default_values"/>
    <testcase time="0.00199999999999534" classname="fda_table_33" name="Table_33_generation_works_with_default_values"/>
    <testcase time="0.0439999999999969" classname="fda_table_33" name="Table_33_generation_works_with_default_values">
      <skipped message="Reason: On CRAN ('test-fda-table_33.R:17:3')"/>
    </testcase>
    <testcase time="0.0160000000000053" classname="fda_table_33" name="Table_33_generation_works_with_custom_values"/>
    <testcase time="0.286000000000001" classname="fda_table_33" name="Table_33_generation_works_with_custom_values"/>
    <testcase time="1.07299999999999" classname="fda_table_33" name="Table_33_generation_works_with_custom_values"/>
    <testcase time="0.00100000000000477" classname="fda_table_33" name="Table_33_generation_works_with_custom_values"/>
    <testcase time="0.0499999999999972" classname="fda_table_33" name="Table_33_generation_works_with_custom_values">
      <skipped message="Reason: On CRAN ('test-fda-table_33.R:32:3')"/>
    </testcase>
    <testcase time="0.0150000000000006" classname="fda_table_33" name="Table_33_generation_missing_values_and_ADSL"/>
    <testcase time="0.286000000000001" classname="fda_table_33" name="Table_33_generation_missing_values_and_ADSL"/>
    <testcase time="0.713999999999999" classname="fda_table_33" name="Table_33_generation_missing_values_and_ADSL"/>
    <testcase time="0.00199999999999534" classname="fda_table_33" name="Table_33_generation_missing_values_and_ADSL"/>
    <testcase time="0.0430000000000064" classname="fda_table_33" name="Table_33_generation_missing_values_and_ADSL">
      <skipped message="Reason: On CRAN ('test-fda-table_33.R:47:3')"/>
    </testcase>
    <testcase time="0.0150000000000006" classname="fda_table_33" name="Table_33_generation_works_with_default_values"/>
    <testcase time="0.271000000000001" classname="fda_table_33" name="Table_33_generation_works_with_default_values"/>
    <testcase time="0.0420000000000016" classname="fda_table_33" name="Table_33_generation_works_with_default_values">
      <skipped message="Reason: On CRAN ('test-fda-table_33.R:64:3')"/>
    </testcase>
    <testcase time="0.0150000000000006" classname="fda_table_33" name="Table_33_generation_works_with_custom_values"/>
    <testcase time="0.308999999999997" classname="fda_table_33" name="Table_33_generation_works_with_custom_values"/>
    <testcase time="0.0489999999999924" classname="fda_table_33" name="Table_33_generation_works_with_custom_values">
      <skipped message="Reason: On CRAN ('test-fda-table_33.R:87:3')"/>
    </testcase>
    <testcase time="0.0150000000000006" classname="fda_table_33" name="Table_33_generation_works_with_pruned_rows"/>
    <testcase time="0.284000000000006" classname="fda_table_33" name="Table_33_generation_works_with_pruned_rows"/>
    <testcase time="0.0409999999999968" classname="fda_table_33" name="Table_33_generation_works_with_pruned_rows">
      <skipped message="Reason: On CRAN ('test-fda-table_33.R:99:3')"/>
    </testcase>
    <testcase time="0.0150000000000006" classname="fda_table_33" name="Table_33_generation_works_with_risk_difference_column"/>
    <testcase time="0.305000000000007" classname="fda_table_33" name="Table_33_generation_works_with_risk_difference_column"/>
    <testcase time="0.0459999999999923" classname="fda_table_33" name="Table_33_generation_works_with_risk_difference_column">
      <skipped message="Reason: On CRAN ('test-fda-table_33.R:112:3')"/>
    </testcase>
  </testsuite>
  <testsuite name="fda-table_34" timestamp="2025-04-30T17:24:04Z" hostname="a150735f0dac" tests="12" skipped="3" failures="0" errors="0" time="4.332">
    <testcase time="0.0210000000000008" classname="fda_table_34" name="Table_34_generation_works_with_default_values"/>
    <testcase time="0.0289999999999964" classname="fda_table_34" name="Table_34_generation_works_with_default_values"/>
    <testcase time="1.40000000000001" classname="fda_table_34" name="Table_34_generation_works_with_default_values"/>
    <testcase time="0.239999999999995" classname="fda_table_34" name="Table_34_generation_works_with_default_values">
      <skipped message="Reason: On CRAN ('test-fda-table_34.R:17:3')"/>
    </testcase>
    <testcase time="0.01400000000001" classname="fda_table_34" name="Table_34_generation_works_with_custom_values"/>
    <testcase time="0.0249999999999915" classname="fda_table_34" name="Table_34_generation_works_with_custom_values"/>
    <testcase time="0.501000000000005" classname="fda_table_34" name="Table_34_generation_works_with_custom_values"/>
    <testcase time="0.0930000000000035" classname="fda_table_34" name="Table_34_generation_works_with_custom_values">
      <skipped message="Reason: On CRAN ('test-fda-table_34.R:49:3')"/>
    </testcase>
    <testcase time="0.012999999999991" classname="fda_table_34" name="Table_34_generation_works_with_risk_difference_column"/>
    <testcase time="0.0280000000000058" classname="fda_table_34" name="Table_34_generation_works_with_risk_difference_column"/>
    <testcase time="1.69" classname="fda_table_34" name="Table_34_generation_works_with_risk_difference_column"/>
    <testcase time="0.278000000000006" classname="fda_table_34" name="Table_34_generation_works_with_risk_difference_column">
      <skipped message="Reason: On CRAN ('test-fda-table_34.R:57:3')"/>
    </testcase>
  </testsuite>
  <testsuite name="fda-table_35" timestamp="2025-04-30T17:24:08Z" hostname="a150735f0dac" tests="40" skipped="8" failures="0" errors="0" time="4.178">
    <testcase time="0.0179999999999865" classname="fda_table_35" name="Table_35_generation_works_with_default_values"/>
    <testcase time="0.0730000000000075" classname="fda_table_35" name="Table_35_generation_works_with_default_values"/>
    <testcase time="0.0379999999999967" classname="fda_table_35" name="Table_35_generation_works_with_default_values"/>
    <testcase time="0.0379999999999967" classname="fda_table_35" name="Table_35_generation_works_with_default_values"/>
    <testcase time="0.760000000000005" classname="fda_table_35" name="Table_35_generation_works_with_default_values"/>
    <testcase time="0.129000000000005" classname="fda_table_35" name="Table_35_generation_works_with_default_values">
      <skipped message="Reason: On CRAN ('test-fda-table_35.R:9:3')"/>
    </testcase>
    <testcase time="0.0139999999999958" classname="fda_table_35" name="Table_35_generation_works_with_gtsummary_with_custom_values"/>
    <testcase time="0.0349999999999966" classname="fda_table_35" name="Table_35_generation_works_with_gtsummary_with_custom_values"/>
    <testcase time="0.0640000000000072" classname="fda_table_35" name="Table_35_generation_works_with_gtsummary_with_custom_values"/>
    <testcase time="0.0369999999999919" classname="fda_table_35" name="Table_35_generation_works_with_gtsummary_with_custom_values"/>
    <testcase time="0.0380000000000109" classname="fda_table_35" name="Table_35_generation_works_with_gtsummary_with_custom_values"/>
    <testcase time="0.647999999999996" classname="fda_table_35" name="Table_35_generation_works_with_gtsummary_with_custom_values"/>
    <testcase time="0.140999999999991" classname="fda_table_35" name="Table_35_generation_works_with_gtsummary_with_custom_values">
      <skipped message="Reason: On CRAN ('test-fda-table_35.R:28:3')"/>
    </testcase>
    <testcase time="0.01400000000001" classname="fda_table_35" name="Table_35_generation_works_with_gtsummary_missing_values"/>
    <testcase time="0.0349999999999966" classname="fda_table_35" name="Table_35_generation_works_with_gtsummary_missing_values"/>
    <testcase time="0.0559999999999974" classname="fda_table_35" name="Table_35_generation_works_with_gtsummary_missing_values"/>
    <testcase time="0.0390000000000015" classname="fda_table_35" name="Table_35_generation_works_with_gtsummary_missing_values"/>
    <testcase time="0.0420000000000016" classname="fda_table_35" name="Table_35_generation_works_with_gtsummary_missing_values"/>
    <testcase time="0.653999999999996" classname="fda_table_35" name="Table_35_generation_works_with_gtsummary_missing_values"/>
    <testcase time="0.128" classname="fda_table_35" name="Table_35_generation_works_with_gtsummary_missing_values">
      <skipped message="Reason: On CRAN ('test-fda-table_35.R:39:3')"/>
    </testcase>
    <testcase time="0.0139999999999958" classname="fda_table_35" name="Table_35_generation_works_with_custom_values"/>
    <testcase time="0.0350000000000108" classname="fda_table_35" name="Table_35_generation_works_with_custom_values"/>
    <testcase time="0.12299999999999" classname="fda_table_35" name="Table_35_generation_works_with_custom_values"/>
    <testcase time="0.0690000000000026" classname="fda_table_35" name="Table_35_generation_works_with_custom_values">
      <skipped message="Reason: On CRAN ('test-fda-table_35.R:72:3')"/>
    </testcase>
    <testcase time="0.01400000000001" classname="fda_table_35" name="Table_35_generation_works_with_risk_difference_column"/>
    <testcase time="0.0409999999999968" classname="fda_table_35" name="Table_35_generation_works_with_risk_difference_column"/>
    <testcase time="0.11999999999999" classname="fda_table_35" name="Table_35_generation_works_with_risk_difference_column"/>
    <testcase time="0.0670000000000073" classname="fda_table_35" name="Table_35_generation_works_with_risk_difference_column">
      <skipped message="Reason: On CRAN ('test-fda-table_35.R:80:3')"/>
    </testcase>
    <testcase time="0.0439999999999969" classname="fda_table_35" name="Table_35_generation_works_with_some_NA_values"/>
    <testcase time="0.0330000000000013" classname="fda_table_35" name="Table_35_generation_works_with_some_NA_values"/>
    <testcase time="0.105000000000004" classname="fda_table_35" name="Table_35_generation_works_with_some_NA_values"/>
    <testcase time="0.061000000000007" classname="fda_table_35" name="Table_35_generation_works_with_some_NA_values">
      <skipped message="Reason: On CRAN ('test-fda-table_35.R:91:3')"/>
    </testcase>
    <testcase time="0.0139999999999958" classname="fda_table_35" name="Table_35_generation_works_with_custom_values_SOC_variable_and_label_"/>
    <testcase time="0.0360000000000014" classname="fda_table_35" name="Table_35_generation_works_with_custom_values_SOC_variable_and_label_"/>
    <testcase time="0.120999999999995" classname="fda_table_35" name="Table_35_generation_works_with_custom_values_SOC_variable_and_label_"/>
    <testcase time="0.0700000000000074" classname="fda_table_35" name="Table_35_generation_works_with_custom_values_SOC_variable_and_label_">
      <skipped message="Reason: On CRAN ('test-fda-table_35.R:104:3')"/>
    </testcase>
    <testcase time="0.0139999999999958" classname="fda_table_35" name="Table_35_generation_works_with_pruning"/>
    <testcase time="0.0349999999999966" classname="fda_table_35" name="Table_35_generation_works_with_pruning"/>
    <testcase time="0.103000000000009" classname="fda_table_35" name="Table_35_generation_works_with_pruning"/>
    <testcase time="0.0579999999999927" classname="fda_table_35" name="Table_35_generation_works_with_pruning">
      <skipped message="Reason: On CRAN ('test-fda-table_35.R:112:3')"/>
    </testcase>
  </testsuite>
  <testsuite name="fda-table_36" timestamp="2025-04-30T17:24:13Z" hostname="a150735f0dac" tests="18" skipped="6" failures="0" errors="0" time="4.226">
    <testcase time="0.0500000000000114" classname="fda_table_36" name="Table_36_generation_works_with_default_values"/>
    <testcase time="0.343999999999994" classname="fda_table_36" name="Table_36_generation_works_with_default_values"/>
    <testcase time="0.203000000000003" classname="fda_table_36" name="Table_36_generation_works_with_default_values">
      <skipped message="Reason: On CRAN ('test-fda-table_36.R:8:3')"/>
    </testcase>
    <testcase time="0.046999999999997" classname="fda_table_36" name="Table_36_generation_works_with_custom_values"/>
    <testcase time="0.656999999999996" classname="fda_table_36" name="Table_36_generation_works_with_custom_values"/>
    <testcase time="0.218000000000004" classname="fda_table_36" name="Table_36_generation_works_with_custom_values">
      <skipped message="Reason: On CRAN ('test-fda-table_36.R:39:3')"/>
    </testcase>
    <testcase time="0.0439999999999969" classname="fda_table_36" name="Table_36_generation_works_with_risk_difference_column"/>
    <testcase time="0.39200000000001" classname="fda_table_36" name="Table_36_generation_works_with_risk_difference_column"/>
    <testcase time="0.224999999999994" classname="fda_table_36" name="Table_36_generation_works_with_risk_difference_column">
      <skipped message="Reason: On CRAN ('test-fda-table_36.R:47:3')"/>
    </testcase>
    <testcase time="0.0439999999999969" classname="fda_table_36" name="Table_36_generation_works_with_some_NA_values"/>
    <testcase time="0.311000000000007" classname="fda_table_36" name="Table_36_generation_works_with_some_NA_values"/>
    <testcase time="0.190999999999988" classname="fda_table_36" name="Table_36_generation_works_with_some_NA_values">
      <skipped message="Reason: On CRAN ('test-fda-table_36.R:57:3')"/>
    </testcase>
    <testcase time="0.0450000000000017" classname="fda_table_36" name="Table_36_generation_works_with_custom_values_SOC_variable_and_label_"/>
    <testcase time="0.631" classname="fda_table_36" name="Table_36_generation_works_with_custom_values_SOC_variable_and_label_"/>
    <testcase time="0.359000000000009" classname="fda_table_36" name="Table_36_generation_works_with_custom_values_SOC_variable_and_label_">
      <skipped message="Reason: On CRAN ('test-fda-table_36.R:70:3')"/>
    </testcase>
    <testcase time="0.0439999999999969" classname="fda_table_36" name="Table_36_generation_works_with_pruning"/>
    <testcase time="0.325999999999993" classname="fda_table_36" name="Table_36_generation_works_with_pruning"/>
    <testcase time="0.0949999999999989" classname="fda_table_36" name="Table_36_generation_works_with_pruning">
      <skipped message="Reason: On CRAN ('test-fda-table_36.R:77:3')"/>
    </testcase>
  </testsuite>
  <testsuite name="fda-table_38" timestamp="2025-04-30T17:24:17Z" hostname="a150735f0dac" tests="12" skipped="3" failures="0" errors="0" time="2.194">
    <testcase time="0.0210000000000008" classname="fda_table_38" name="Table_38_generation_works_with_default_values"/>
    <testcase time="0.0250000000000057" classname="fda_table_38" name="Table_38_generation_works_with_default_values"/>
    <testcase time="0.328999999999994" classname="fda_table_38" name="Table_38_generation_works_with_default_values"/>
    <testcase time="0.0900000000000034" classname="fda_table_38" name="Table_38_generation_works_with_default_values">
      <skipped message="Reason: On CRAN ('test-fda-table_38.R:18:3')"/>
    </testcase>
    <testcase time="0.0130000000000052" classname="fda_table_38" name="Table_38_generation_works_with_custom_values"/>
    <testcase time="0.0319999999999965" classname="fda_table_38" name="Table_38_generation_works_with_custom_values"/>
    <testcase time="0.882000000000005" classname="fda_table_38" name="Table_38_generation_works_with_custom_values"/>
    <testcase time="0.238" classname="fda_table_38" name="Table_38_generation_works_with_custom_values">
      <skipped message="Reason: On CRAN ('test-fda-table_38.R:48:3')"/>
    </testcase>
    <testcase time="0.0139999999999958" classname="fda_table_38" name="Table_38_generation_works_with_risk_difference_column"/>
    <testcase time="0.0250000000000057" classname="fda_table_38" name="Table_38_generation_works_with_risk_difference_column"/>
    <testcase time="0.420999999999992" classname="fda_table_38" name="Table_38_generation_works_with_risk_difference_column"/>
    <testcase time="0.103999999999999" classname="fda_table_38" name="Table_38_generation_works_with_risk_difference_column">
      <skipped message="Reason: On CRAN ('test-fda-table_38.R:56:3')"/>
    </testcase>
  </testsuite>
</testsuites>
