<?xml version="1.0" encoding="UTF-8"?>
<testsuites>
  <testsuite name="fda-fig_01" timestamp="2025-04-30T21:23:35Z" hostname="e10796935bef" tests="8" skipped="4" failures="0" errors="0" time="1.524">
    <testcase time="0.0350000000000001" classname="fda_fig_01" name="Figure_01_generation_works_with_default_values"/>
    <testcase time="0.522" classname="fda_fig_01" name="Figure_01_generation_works_with_default_values">
      <skipped message="Reason: On CI ('test-fda-fig_01.R:12:3')"/>
    </testcase>
    <testcase time="0.0340000000000003" classname="fda_fig_01" name="Figure_01_generation_works_with_no_table"/>
    <testcase time="0.044" classname="fda_fig_01" name="Figure_01_generation_works_with_no_table">
      <skipped message="Reason: On CI ('test-fda-fig_01.R:21:3')"/>
    </testcase>
    <testcase time="0.028" classname="fda_fig_01" name="Figure_01_generation_works_with_custom_values"/>
    <testcase time="0.485" classname="fda_fig_01" name="Figure_01_generation_works_with_custom_values">
      <skipped message="Reason: On CI ('test-fda-fig_01.R:37:3')"/>
    </testcase>
    <testcase time="0.0140000000000002" classname="fda_fig_01" name="Figure_01_generation_works_with_ggtheme_argument_specified"/>
    <testcase time="0.362" classname="fda_fig_01" name="Figure_01_generation_works_with_ggtheme_argument_specified">
      <skipped message="Reason: On CI ('test-fda-fig_01.R:49:3')"/>
    </testcase>
  </testsuite>
  <testsuite name="fda-fig_02" timestamp="2025-04-30T21:23:37Z" hostname="e10796935bef" tests="8" skipped="4" failures="0" errors="0" time="1.161">
    <testcase time="0.024" classname="fda_fig_02" name="Figure_02_generation_works_with_default_values"/>
    <testcase time="0.34" classname="fda_fig_02" name="Figure_02_generation_works_with_default_values">
      <skipped message="Reason: On CI ('test-fda-fig_02.R:11:3')"/>
    </testcase>
    <testcase time="0.0140000000000002" classname="fda_fig_02" name="Figure_02_generation_works_with_no_table"/>
    <testcase time="0.0259999999999998" classname="fda_fig_02" name="Figure_02_generation_works_with_no_table">
      <skipped message="Reason: On CI ('test-fda-fig_02.R:20:3')"/>
    </testcase>
    <testcase time="0.0129999999999999" classname="fda_fig_02" name="Figure_02_generation_works_with_custom_values"/>
    <testcase time="0.376" classname="fda_fig_02" name="Figure_02_generation_works_with_custom_values">
      <skipped message="Reason: On CI ('test-fda-fig_02.R:36:3')"/>
    </testcase>
    <testcase time="0.0140000000000002" classname="fda_fig_02" name="Figure_02_generation_works_with_ggtheme_argument_specified"/>
    <testcase time="0.354" classname="fda_fig_02" name="Figure_02_generation_works_with_ggtheme_argument_specified">
      <skipped message="Reason: On CI ('test-fda-fig_02.R:48:3')"/>
    </testcase>
  </testsuite>
  <testsuite name="fda-fig_03" timestamp="2025-04-30T21:23:38Z" hostname="e10796935bef" tests="8" skipped="4" failures="0" errors="0" time="2.128">
    <testcase time="0.0270000000000001" classname="fda_fig_03" name="Figure_03_generation_works_with_default_values"/>
    <testcase time="0.582" classname="fda_fig_03" name="Figure_03_generation_works_with_default_values">
      <skipped message="Reason: On CI ('test-fda-fig_03.R:9:3')"/>
    </testcase>
    <testcase time="0.0129999999999999" classname="fda_fig_03" name="Figure_03_generation_works_with_no_table"/>
    <testcase time="0.0750000000000002" classname="fda_fig_03" name="Figure_03_generation_works_with_no_table">
      <skipped message="Reason: On CI ('test-fda-fig_03.R:18:3')"/>
    </testcase>
    <testcase time="0.0139999999999993" classname="fda_fig_03" name="Figure_03_generation_works_with_custom_values"/>
    <testcase time="0.868" classname="fda_fig_03" name="Figure_03_generation_works_with_custom_values">
      <skipped message="Reason: On CI ('test-fda-fig_03.R:35:3')"/>
    </testcase>
    <testcase time="0.0129999999999999" classname="fda_fig_03" name="Figure_03_generation_works_with_ggtheme_argument_specified"/>
    <testcase time="0.536" classname="fda_fig_03" name="Figure_03_generation_works_with_ggtheme_argument_specified">
      <skipped message="Reason: On CI ('test-fda-fig_03.R:48:3')"/>
    </testcase>
  </testsuite>
  <testsuite name="fda-fig_14" timestamp="2025-04-30T21:23:40Z" hostname="e10796935bef" tests="8" skipped="4" failures="0" errors="0" time="1.989">
    <testcase time="0.0209999999999999" classname="fda_fig_14" name="Figure_14_generation_works_with_default_values"/>
    <testcase time="0.636" classname="fda_fig_14" name="Figure_14_generation_works_with_default_values">
      <skipped message="Reason: On CI ('test-fda-fig_14.R:7:3')"/>
    </testcase>
    <testcase time="0.0139999999999993" classname="fda_fig_14" name="Figure_14_generation_works_with_no_table"/>
    <testcase time="0.0490000000000004" classname="fda_fig_14" name="Figure_14_generation_works_with_no_table">
      <skipped message="Reason: On CI ('test-fda-fig_14.R:16:3')"/>
    </testcase>
    <testcase time="0.0140000000000002" classname="fda_fig_14" name="Figure_14_generation_works_with_custom_values"/>
    <testcase time="0.595999999999999" classname="fda_fig_14" name="Figure_14_generation_works_with_custom_values">
      <skipped message="Reason: On CI ('test-fda-fig_14.R:40:3')"/>
    </testcase>
    <testcase time="0.0129999999999999" classname="fda_fig_14" name="Figure_14_generation_works_with_ggtheme_argument_specified"/>
    <testcase time="0.646000000000001" classname="fda_fig_14" name="Figure_14_generation_works_with_ggtheme_argument_specified">
      <skipped message="Reason: On CI ('test-fda-fig_14.R:52:3')"/>
    </testcase>
  </testsuite>
  <testsuite name="fda-table_02" timestamp="2025-04-30T21:23:42Z" hostname="e10796935bef" tests="22" skipped="6" failures="0" errors="0" time="9.959">
    <testcase time="0.0399999999999991" classname="fda_table_02" name="Table_02_generation_works_with_default_values"/>
    <testcase time="0.043000000000001" classname="fda_table_02" name="Table_02_generation_works_with_default_values"/>
    <testcase time="1.305" classname="fda_table_02" name="Table_02_generation_works_with_default_values"/>
    <testcase time="2.131" classname="fda_table_02" name="Table_02_generation_works_with_default_values"/>
    <testcase time="0.0150000000000006" classname="fda_table_02" name="Table_02_generation_works_with_default_values">
      <skipped message="Reason: On CRAN ('test-fda-table_02.R:16:3')"/>
    </testcase>
    <testcase time="0.032" classname="fda_table_02" name="Table_02_generation_works_with_custom_values"/>
    <testcase time="0.0409999999999986" classname="fda_table_02" name="Table_02_generation_works_with_custom_values"/>
    <testcase time="1.233" classname="fda_table_02" name="Table_02_generation_works_with_custom_values"/>
    <testcase time="2.151" classname="fda_table_02" name="Table_02_generation_works_with_custom_values"/>
    <testcase time="0.0080000000000009" classname="fda_table_02" name="Table_02_generation_works_with_custom_values">
      <skipped message="Reason: On CRAN ('test-fda-table_02.R:42:3')"/>
    </testcase>
    <testcase time="0.0269999999999992" classname="fda_table_02" name="Table_02_generation_works_with_some_NA_values"/>
    <testcase time="1.495" classname="fda_table_02" name="Table_02_generation_works_with_some_NA_values"/>
    <testcase time="0.00900000000000034" classname="fda_table_02" name="Table_02_generation_works_with_some_NA_values">
      <skipped message="Reason: On CRAN ('test-fda-table_02.R:56:3')"/>
    </testcase>
    <testcase time="0.0139999999999993" classname="fda_table_02" name="Table_02_generation_rtables_works_with_default_values"/>
    <testcase time="0.451999999999998" classname="fda_table_02" name="Table_02_generation_rtables_works_with_default_values"/>
    <testcase time="0.178000000000001" classname="fda_table_02" name="Table_02_generation_rtables_works_with_default_values">
      <skipped message="Reason: On CRAN ('test-fda-table_02.R:63:3')"/>
    </testcase>
    <testcase time="0.0330000000000013" classname="fda_table_02" name="Table_02_generation_rtables_works_with_custom_values"/>
    <testcase time="0.323999999999998" classname="fda_table_02" name="Table_02_generation_rtables_works_with_custom_values"/>
    <testcase time="0.248000000000001" classname="fda_table_02" name="Table_02_generation_rtables_works_with_custom_values">
      <skipped message="Reason: On CRAN ('test-fda-table_02.R:92:3')"/>
    </testcase>
    <testcase time="0.027000000000001" classname="fda_table_02" name="Table_02_generation_rtables_works_with_some_NA_values"/>
    <testcase time="0.100999999999999" classname="fda_table_02" name="Table_02_generation_rtables_works_with_some_NA_values"/>
    <testcase time="0.0519999999999996" classname="fda_table_02" name="Table_02_generation_rtables_works_with_some_NA_values">
      <skipped message="Reason: On CRAN ('test-fda-table_02.R:104:3')"/>
    </testcase>
  </testsuite>
  <testsuite name="fda-table_03" timestamp="2025-04-30T21:23:52Z" hostname="e10796935bef" tests="8" skipped="2" failures="0" errors="0" time="0.668">
    <testcase time="0.0210000000000008" classname="fda_table_03" name="Table_3_generation_works_with_default_values"/>
    <testcase time="0.00100000000000122" classname="fda_table_03" name="Table_3_generation_works_with_default_values"/>
    <testcase time="0.227999999999998" classname="fda_table_03" name="Table_3_generation_works_with_default_values"/>
    <testcase time="0.0629999999999988" classname="fda_table_03" name="Table_3_generation_works_with_default_values">
      <skipped message="Reason: On CRAN ('test-fda-table_03.R:21:3')"/>
    </testcase>
    <testcase time="0.0140000000000029" classname="fda_table_03" name="Table_3_generation_works_with_custom_values"/>
    <testcase time="0.000999999999997669" classname="fda_table_03" name="Table_3_generation_works_with_custom_values"/>
    <testcase time="0.254000000000001" classname="fda_table_03" name="Table_3_generation_works_with_custom_values"/>
    <testcase time="0.0859999999999985" classname="fda_table_03" name="Table_3_generation_works_with_custom_values">
      <skipped message="Reason: On CRAN ('test-fda-table_03.R:41:3')"/>
    </testcase>
  </testsuite>
  <testsuite name="fda-table_04" timestamp="2025-04-30T21:23:53Z" hostname="e10796935bef" tests="9" skipped="2" failures="0" errors="0" time="0.698">
    <testcase time="0.0199999999999996" classname="fda_table_04" name="Table_04_generation_works_with_default_values"/>
    <testcase time="0.223000000000003" classname="fda_table_04" name="Table_04_generation_works_with_default_values"/>
    <testcase time="0.0969999999999978" classname="fda_table_04" name="Table_04_generation_works_with_default_values">
      <skipped message="Reason: On CRAN ('test-fda-table_04.R:17:3')"/>
    </testcase>
    <testcase time="0.0130000000000017" classname="fda_table_04" name="Table_04_generation_works_with_custom_values"/>
    <testcase time="0.00199999999999889" classname="fda_table_04" name="Table_04_generation_works_with_custom_values"/>
    <testcase time="0.00100000000000122" classname="fda_table_04" name="Table_04_generation_works_with_custom_values"/>
    <testcase time="0.00100000000000122" classname="fda_table_04" name="Table_04_generation_works_with_custom_values"/>
    <testcase time="0.248999999999999" classname="fda_table_04" name="Table_04_generation_works_with_custom_values"/>
    <testcase time="0.0919999999999987" classname="fda_table_04" name="Table_04_generation_works_with_custom_values">
      <skipped message="Reason: On CRAN ('test-fda-table_04.R:45:3')"/>
    </testcase>
  </testsuite>
  <testsuite name="fda-table_05" timestamp="2025-04-30T21:23:53Z" hostname="e10796935bef" tests="11" skipped="5" failures="0" errors="0" time="3.997">
    <testcase time="0.0180000000000007" classname="fda_table_05" name="Table_05_generation_works_with_default_values"/>
    <testcase time="1.378" classname="fda_table_05" name="Table_05_generation_works_with_default_values"/>
    <testcase time="0.143999999999998" classname="fda_table_05" name="Table_05_generation_works_with_default_values">
      <skipped message="Reason: On CRAN ('test-fda-table_05.R:11:3')"/>
    </testcase>
    <testcase time="1.407" classname="fda_table_05" name="Table_05_generation_works_with_gtsummary_with_custom_values"/>
    <testcase time="0.130000000000003" classname="fda_table_05" name="Table_05_generation_works_with_gtsummary_with_custom_values">
      <skipped message="Reason: On CRAN ('test-fda-table_05.R:33:3')"/>
    </testcase>
    <testcase time="0.224" classname="fda_table_05" name="Table_05_generation_works_with_rtables_with_custom_values"/>
    <testcase time="0.0910000000000011" classname="fda_table_05" name="Table_05_generation_works_with_rtables_with_custom_values">
      <skipped message="Reason: On CRAN ('test-fda-table_05.R:59:3')"/>
    </testcase>
    <testcase time="0.186" classname="fda_table_05" name="Table_05_generation_works_with_rtables_with_NA_values_pruned_rows"/>
    <testcase time="0.0749999999999993" classname="fda_table_05" name="Table_05_generation_works_with_rtables_with_NA_values_pruned_rows">
      <skipped message="Reason: On CRAN ('test-fda-table_05.R:69:3')"/>
    </testcase>
    <testcase time="0.251000000000001" classname="fda_table_05" name="Table_05_generation_works_with_rtables_with_risk_difference_column"/>
    <testcase time="0.093" classname="fda_table_05" name="Table_05_generation_works_with_rtables_with_risk_difference_column">
      <skipped message="Reason: On CRAN ('test-fda-table_05.R:82:3')"/>
    </testcase>
  </testsuite>
  <testsuite name="fda-table_07" timestamp="2025-04-30T21:23:57Z" hostname="e10796935bef" tests="24" skipped="4" failures="0" errors="0" time="1.937">
    <testcase time="0.0249999999999986" classname="fda_table_07" name="Table_07_generation_works_with_default_values"/>
    <testcase time="0.00100000000000122" classname="fda_table_07" name="Table_07_generation_works_with_default_values"/>
    <testcase time="0.00100000000000122" classname="fda_table_07" name="Table_07_generation_works_with_default_values"/>
    <testcase time="0.0259999999999998" classname="fda_table_07" name="Table_07_generation_works_with_default_values"/>
    <testcase time="0.262" classname="fda_table_07" name="Table_07_generation_works_with_default_values"/>
    <testcase time="0.126000000000001" classname="fda_table_07" name="Table_07_generation_works_with_default_values">
      <skipped message="Reason: On CRAN ('test-fda-table_07.R:13:3')"/>
    </testcase>
    <testcase time="0.0169999999999995" classname="fda_table_07" name="Table_07_generation_works_with_custom_values"/>
    <testcase time="0.00100000000000122" classname="fda_table_07" name="Table_07_generation_works_with_custom_values"/>
    <testcase time="0.00199999999999889" classname="fda_table_07" name="Table_07_generation_works_with_custom_values"/>
    <testcase time="0.027000000000001" classname="fda_table_07" name="Table_07_generation_works_with_custom_values"/>
    <testcase time="0.349" classname="fda_table_07" name="Table_07_generation_works_with_custom_values"/>
    <testcase time="0.152999999999999" classname="fda_table_07" name="Table_07_generation_works_with_custom_values">
      <skipped message="Reason: On CRAN ('test-fda-table_07.R:42:3')"/>
    </testcase>
    <testcase time="0.0229999999999997" classname="fda_table_07" name="Table_07_generation_works_with_NA_values_pruned_rows"/>
    <testcase time="0.00199999999999889" classname="fda_table_07" name="Table_07_generation_works_with_NA_values_pruned_rows"/>
    <testcase time="0.00100000000000122" classname="fda_table_07" name="Table_07_generation_works_with_NA_values_pruned_rows"/>
    <testcase time="0.0289999999999999" classname="fda_table_07" name="Table_07_generation_works_with_NA_values_pruned_rows"/>
    <testcase time="0.25" classname="fda_table_07" name="Table_07_generation_works_with_NA_values_pruned_rows"/>
    <testcase time="0.131" classname="fda_table_07" name="Table_07_generation_works_with_NA_values_pruned_rows">
      <skipped message="Reason: On CRAN ('test-fda-table_07.R:52:3')"/>
    </testcase>
    <testcase time="0.0190000000000019" classname="fda_table_07" name="Table_07_generation_works_with_risk_difference_column"/>
    <testcase time="0.000999999999997669" classname="fda_table_07" name="Table_07_generation_works_with_risk_difference_column"/>
    <testcase time="0.00100000000000122" classname="fda_table_07" name="Table_07_generation_works_with_risk_difference_column"/>
    <testcase time="0.0279999999999987" classname="fda_table_07" name="Table_07_generation_works_with_risk_difference_column"/>
    <testcase time="0.313000000000002" classname="fda_table_07" name="Table_07_generation_works_with_risk_difference_column"/>
    <testcase time="0.148999999999997" classname="fda_table_07" name="Table_07_generation_works_with_risk_difference_column">
      <skipped message="Reason: On CRAN ('test-fda-table_07.R:65:3')"/>
    </testcase>
  </testsuite>
  <testsuite name="fda-table_08" timestamp="2025-04-30T21:23:59Z" hostname="e10796935bef" tests="8" skipped="2" failures="0" errors="0" time="0.487">
    <testcase time="0.0180000000000007" classname="fda_table_08" name="Table_08_generation_works_with_default_values"/>
    <testcase time="0.00199999999999889" classname="fda_table_08" name="Table_08_generation_works_with_default_values"/>
    <testcase time="0.0289999999999999" classname="fda_table_08" name="Table_08_generation_works_with_default_values"/>
    <testcase time="0.181000000000001" classname="fda_table_08" name="Table_08_generation_works_with_default_values">
      <skipped message="Reason: On CRAN ('test-fda-table_08.R:10:3')"/>
    </testcase>
    <testcase time="0.0139999999999993" classname="fda_table_08" name="Table_08_generation_works_with_custom_values"/>
    <testcase time="0.00100000000000122" classname="fda_table_08" name="Table_08_generation_works_with_custom_values"/>
    <testcase time="0.0249999999999986" classname="fda_table_08" name="Table_08_generation_works_with_custom_values"/>
    <testcase time="0.217000000000002" classname="fda_table_08" name="Table_08_generation_works_with_custom_values">
      <skipped message="Reason: On CRAN ('test-fda-table_08.R:31:3')"/>
    </testcase>
  </testsuite>
  <testsuite name="fda-table_09" timestamp="2025-04-30T21:24:00Z" hostname="e10796935bef" tests="51" skipped="9" failures="0" errors="0" time="10.73">
    <testcase time="0.0210000000000008" classname="fda_table_09" name="Table_09_rtables_generation_works_with_default_values"/>
    <testcase time="0.0269999999999975" classname="fda_table_09" name="Table_09_rtables_generation_works_with_default_values"/>
    <testcase time="0.239000000000001" classname="fda_table_09" name="Table_09_rtables_generation_works_with_default_values"/>
    <testcase time="0.0670000000000002" classname="fda_table_09" name="Table_09_rtables_generation_works_with_default_values">
      <skipped message="Reason: On CRAN ('test-fda-table_09.R:8:3')"/>
    </testcase>
    <testcase time="0.0129999999999981" classname="fda_table_09" name="Table_09_rtables_generation_works_with_custom_values"/>
    <testcase time="0.0280000000000022" classname="fda_table_09" name="Table_09_rtables_generation_works_with_custom_values"/>
    <testcase time="0.298999999999999" classname="fda_table_09" name="Table_09_rtables_generation_works_with_custom_values"/>
    <testcase time="0.0790000000000006" classname="fda_table_09" name="Table_09_rtables_generation_works_with_custom_values">
      <skipped message="Reason: On CRAN ('test-fda-table_09.R:39:3')"/>
    </testcase>
    <testcase time="0.0139999999999993" classname="fda_table_09" name="Table_09_generation_works_with_risk_difference_column"/>
    <testcase time="0.248000000000001" classname="fda_table_09" name="Table_09_generation_works_with_risk_difference_column"/>
    <testcase time="0.302999999999997" classname="fda_table_09" name="Table_09_generation_works_with_risk_difference_column"/>
    <testcase time="0.0750000000000028" classname="fda_table_09" name="Table_09_generation_works_with_risk_difference_column">
      <skipped message="Reason: On CRAN ('test-fda-table_09.R:47:3')"/>
    </testcase>
    <testcase time="0.0139999999999993" classname="fda_table_09" name="Table_09_gt_generation_works_with_default_values"/>
    <testcase time="0.0999999999999979" classname="fda_table_09" name="Table_09_gt_generation_works_with_default_values">
      <skipped message="Reason: On CRAN ('test-fda-table_09.R:60:3')"/>
    </testcase>
    <testcase time="0.0140000000000029" classname="fda_table_09" name="Table_09_gt_generation_works_with_custom_values"/>
    <testcase time="0.143999999999998" classname="fda_table_09" name="Table_09_gt_generation_works_with_custom_values">
      <skipped message="Reason: On CRAN ('test-fda-table_09.R:88:3')"/>
    </testcase>
    <testcase time="0.402000000000001" classname="fda_table_09" name="make_table_09_tplyr_returns_a_tibble_when_tplyr_raw_TRUE"/>
    <testcase time="0.00199999999999889" classname="fda_table_09" name="make_table_09_tplyr_returns_a_tibble_when_tplyr_raw_TRUE"/>
    <testcase time="0.0139999999999993" classname="fda_table_09" name="make_table_09_tplyr_returns_a_tibble_when_tplyr_raw_TRUE">
      <skipped message="Reason: On CRAN ('test-fda-table_09.R:101:3')"/>
    </testcase>
    <testcase time="0.394000000000002" classname="fda_table_09" name="make_table_09_tplyr_returns_a_gt_object_when_tplyr_raw_FALSE"/>
    <testcase time="0.000999999999997669" classname="fda_table_09" name="make_table_09_tplyr_returns_a_gt_object_when_tplyr_raw_FALSE"/>
    <testcase time="0.0579999999999998" classname="fda_table_09" name="make_table_09_tplyr_returns_a_gt_object_when_tplyr_raw_FALSE">
      <skipped message="Reason: On CRAN ('test-fda-table_09.R:112:3')"/>
    </testcase>
    <testcase time="0.377000000000002" classname="fda_table_09" name="make_table_09_tplyr_provides_total_column_counts_based_on_the_alt_count_df_parameter"/>
    <testcase time="0.369" classname="fda_table_09" name="make_table_09_tplyr_provides_total_column_counts_based_on_the_alt_count_df_parameter"/>
    <testcase time="0.363" classname="fda_table_09" name="make_table_09_tplyr_assigns_column_headers_correctly_to_the_arm_groups"/>
    <testcase time="0.358999999999998" classname="fda_table_09" name="make_table_09_tplyr_assigns_column_headers_correctly_to_the_arm_groups"/>
    <testcase time="0.389000000000003" classname="fda_table_09" name="make_table_09_tplyr_assigns_column_headers_correctly_to_the_arm_groups"/>
    <testcase time="0.363999999999997" classname="fda_table_09" name="make_table_09_tplyr_provides_risk_difference_columns_based_on_the_risk_diff_pairs_parameter"/>
    <testcase time="0.355" classname="fda_table_09" name="make_table_09_tplyr_provides_risk_difference_columns_based_on_the_risk_diff_pairs_parameter"/>
    <testcase time="0.397000000000002" classname="fda_table_09" name="make_table_09_tplyr_provides_a_total_column_based_on_the_lbl_overall_parameter"/>
    <testcase time="0.00300000000000011" classname="fda_table_09" name="make_table_09_tplyr_provides_a_total_column_based_on_the_lbl_overall_parameter"/>
    <testcase time="0.356000000000002" classname="fda_table_09" name="make_table_09_tplyr_provides_a_total_column_based_on_the_lbl_overall_parameter"/>
    <testcase time="0.364999999999995" classname="fda_table_09" name="make_table_09_tplyr_prunes_all_zero_rows_based_on_the_prune_0_parameter"/>
    <testcase time="0.370000000000005" classname="fda_table_09" name="make_table_09_tplyr_prunes_all_zero_rows_based_on_the_prune_0_parameter"/>
    <testcase time="0.363" classname="fda_table_09" name="make_table_09_tplyr_shows_column_counts_based_on_the_show_colcounts_parameter"/>
    <testcase time="0.354999999999997" classname="fda_table_09" name="make_table_09_tplyr_shows_column_counts_based_on_the_show_colcounts_parameter"/>
    <testcase time="0.362000000000002" classname="fda_table_09" name="make_table_09_tplyr_considers_lbl_soc_var_and_lbl_pref_var_parameters"/>
    <testcase time="0.00300000000000011" classname="fda_table_09" name="make_table_09_tplyr_considers_lbl_soc_var_and_lbl_pref_var_parameters"/>
    <testcase time="0.381" classname="fda_table_09" name="make_table_09_tplyr_considers_lbl_soc_var_and_lbl_pref_var_parameters"/>
    <testcase time="0.00300000000000011" classname="fda_table_09" name="make_table_09_tplyr_considers_lbl_soc_var_and_lbl_pref_var_parameters"/>
    <testcase time="0.406999999999996" classname="fda_table_09" name="make_table_09_tplyr_considers_annotations_if_tplyr_raw_FALSE"/>
    <testcase time="0.00300000000000011" classname="fda_table_09" name="make_table_09_tplyr_considers_annotations_if_tplyr_raw_FALSE"/>
    <testcase time="0.00300000000000011" classname="fda_table_09" name="make_table_09_tplyr_considers_annotations_if_tplyr_raw_FALSE"/>
    <testcase time="0.00300000000000011" classname="fda_table_09" name="make_table_09_tplyr_considers_annotations_if_tplyr_raw_FALSE"/>
    <testcase time="0.00200000000000244" classname="fda_table_09" name="make_table_09_tplyr_considers_annotations_if_tplyr_raw_FALSE"/>
    <testcase time="0.00300000000000011" classname="fda_table_09" name="make_table_09_tplyr_considers_annotations_if_tplyr_raw_FALSE"/>
    <testcase time="0.00300000000000011" classname="fda_table_09" name="make_table_09_tplyr_considers_annotations_if_tplyr_raw_FALSE"/>
    <testcase time="0.00500000000000256" classname="fda_table_09" name="Table_09_generation_works_with_gtsummary_with_default_values"/>
    <testcase time="1.107" classname="fda_table_09" name="Table_09_generation_works_with_gtsummary_with_default_values">
      <skipped message="Reason: On CRAN ('test-fda-table_09.R:357:3')"/>
    </testcase>
    <testcase time="0.0139999999999958" classname="fda_table_09" name="Table_09_generation_works_with_gtsummary_with_custom_values"/>
    <testcase time="1.09" classname="fda_table_09" name="Table_09_generation_works_with_gtsummary_with_custom_values">
      <skipped message="Reason: On CRAN ('test-fda-table_09.R:376:3')"/>
    </testcase>
  </testsuite>
  <testsuite name="fda-table_10" timestamp="2025-04-30T21:24:11Z" hostname="e10796935bef" tests="36" skipped="5" failures="0" errors="0" time="4.349">
    <testcase time="0.0259999999999962" classname="fda_table_10" name="Table_10_generation_gtsummary_works_with_default_values"/>
    <testcase time="0.0640000000000001" classname="fda_table_10" name="Table_10_generation_gtsummary_works_with_default_values"/>
    <testcase time="0.0360000000000014" classname="fda_table_10" name="Table_10_generation_gtsummary_works_with_default_values"/>
    <testcase time="0.036999999999999" classname="fda_table_10" name="Table_10_generation_gtsummary_works_with_default_values"/>
    <testcase time="0.036999999999999" classname="fda_table_10" name="Table_10_generation_gtsummary_works_with_default_values"/>
    <testcase time="0.0370000000000061" classname="fda_table_10" name="Table_10_generation_gtsummary_works_with_default_values"/>
    <testcase time="0.00199999999999534" classname="fda_table_10" name="Table_10_generation_gtsummary_works_with_default_values"/>
    <testcase time="0.149000000000001" classname="fda_table_10" name="Table_10_generation_gtsummary_works_with_default_values"/>
    <testcase time="0.0279999999999987" classname="fda_table_10" name="Table_10_generation_gtsummary_works_with_default_values"/>
    <testcase time="0.0549999999999997" classname="fda_table_10" name="Table_10_generation_gtsummary_works_with_default_values"/>
    <testcase time="0.821000000000005" classname="fda_table_10" name="Table_10_generation_gtsummary_works_with_default_values"/>
    <testcase time="0.278999999999996" classname="fda_table_10" name="Table_10_generation_gtsummary_works_with_default_values">
      <skipped message="Reason: On CRAN ('test-fda-table_10.R:17:3')"/>
    </testcase>
    <testcase time="0.0129999999999981" classname="fda_table_10" name="Table_10_generation_gtsummary_works_with_default_values"/>
    <testcase time="0.0640000000000001" classname="fda_table_10" name="Table_10_generation_gtsummary_works_with_default_values"/>
    <testcase time="0.0390000000000015" classname="fda_table_10" name="Table_10_generation_gtsummary_works_with_default_values"/>
    <testcase time="0.0360000000000014" classname="fda_table_10" name="Table_10_generation_gtsummary_works_with_default_values"/>
    <testcase time="0.0450000000000017" classname="fda_table_10" name="Table_10_generation_gtsummary_works_with_default_values"/>
    <testcase time="0.036999999999999" classname="fda_table_10" name="Table_10_generation_gtsummary_works_with_default_values"/>
    <testcase time="0.00200000000000244" classname="fda_table_10" name="Table_10_generation_gtsummary_works_with_default_values"/>
    <testcase time="0.139999999999993" classname="fda_table_10" name="Table_10_generation_gtsummary_works_with_default_values"/>
    <testcase time="0.0280000000000058" classname="fda_table_10" name="Table_10_generation_gtsummary_works_with_default_values"/>
    <testcase time="0.0549999999999997" classname="fda_table_10" name="Table_10_generation_gtsummary_works_with_default_values"/>
    <testcase time="0.823" classname="fda_table_10" name="Table_10_generation_gtsummary_works_with_default_values"/>
    <testcase time="0.257999999999996" classname="fda_table_10" name="Table_10_generation_gtsummary_works_with_default_values">
      <skipped message="Reason: On CRAN ('test-fda-table_10.R:24:3')"/>
    </testcase>
    <testcase time="0.0130000000000052" classname="fda_table_10" name="Table_10_generation_rtables_works_with_default_values_BROAD"/>
    <testcase time="0.0249999999999986" classname="fda_table_10" name="Table_10_generation_rtables_works_with_default_values_BROAD"/>
    <testcase time="0.248999999999995" classname="fda_table_10" name="Table_10_generation_rtables_works_with_default_values_BROAD"/>
    <testcase time="0.0680000000000049" classname="fda_table_10" name="Table_10_generation_rtables_works_with_default_values_BROAD">
      <skipped message="Reason: On CRAN ('test-fda-table_10.R:32:3')"/>
    </testcase>
    <testcase time="0.0139999999999958" classname="fda_table_10" name="Table_10_generation_rtables_works_with_default_values"/>
    <testcase time="0.0240000000000009" classname="fda_table_10" name="Table_10_generation_rtables_works_with_default_values"/>
    <testcase time="0.271999999999998" classname="fda_table_10" name="Table_10_generation_rtables_works_with_default_values"/>
    <testcase time="0.0620000000000047" classname="fda_table_10" name="Table_10_generation_rtables_works_with_default_values">
      <skipped message="Reason: On CRAN ('test-fda-table_10.R:67:3')"/>
    </testcase>
    <testcase time="0.0139999999999958" classname="fda_table_10" name="Table_10_generation_rtables_works_with_risk_difference_column"/>
    <testcase time="0.0279999999999987" classname="fda_table_10" name="Table_10_generation_rtables_works_with_risk_difference_column"/>
    <testcase time="0.337000000000003" classname="fda_table_10" name="Table_10_generation_rtables_works_with_risk_difference_column"/>
    <testcase time="0.131999999999998" classname="fda_table_10" name="Table_10_generation_rtables_works_with_risk_difference_column">
      <skipped message="Reason: On CRAN ('test-fda-table_10.R:75:3')"/>
    </testcase>
  </testsuite>
  <testsuite name="fda-table_13" timestamp="2025-04-30T21:24:15Z" hostname="e10796935bef" tests="12" skipped="3" failures="0" errors="0" time="0.724">
    <testcase time="0.0180000000000007" classname="fda_table_13" name="Table_13_generation_works_with_default_values"/>
    <testcase time="0.0330000000000013" classname="fda_table_13" name="Table_13_generation_works_with_default_values"/>
    <testcase time="0.109999999999999" classname="fda_table_13" name="Table_13_generation_works_with_default_values"/>
    <testcase time="0.0690000000000026" classname="fda_table_13" name="Table_13_generation_works_with_default_values">
      <skipped message="Reason: On CRAN ('test-fda-table_13.R:8:3')"/>
    </testcase>
    <testcase time="0.0139999999999958" classname="fda_table_13" name="Table_13_generation_works_with_custom_values"/>
    <testcase time="0.0330000000000013" classname="fda_table_13" name="Table_13_generation_works_with_custom_values"/>
    <testcase time="0.131999999999998" classname="fda_table_13" name="Table_13_generation_works_with_custom_values"/>
    <testcase time="0.0570000000000022" classname="fda_table_13" name="Table_13_generation_works_with_custom_values">
      <skipped message="Reason: On CRAN ('test-fda-table_13.R:38:3')"/>
    </testcase>
    <testcase time="0.0140000000000029" classname="fda_table_13" name="Table_13_generation_works_with_risk_difference_column"/>
    <testcase time="0.0330000000000013" classname="fda_table_13" name="Table_13_generation_works_with_risk_difference_column"/>
    <testcase time="0.131" classname="fda_table_13" name="Table_13_generation_works_with_risk_difference_column"/>
    <testcase time="0.0799999999999983" classname="fda_table_13" name="Table_13_generation_works_with_risk_difference_column">
      <skipped message="Reason: On CRAN ('test-fda-table_13.R:46:3')"/>
    </testcase>
  </testsuite>
  <testsuite name="fda-table_14" timestamp="2025-04-30T21:24:16Z" hostname="e10796935bef" tests="13" skipped="4" failures="0" errors="0" time="2.584">
    <testcase time="0.0240000000000009" classname="fda_table_14" name="Table_14_generation_works_with_default_values"/>
    <testcase time="0.421999999999997" classname="fda_table_14" name="Table_14_generation_works_with_default_values"/>
    <testcase time="0.155999999999999" classname="fda_table_14" name="Table_14_generation_works_with_default_values">
      <skipped message="Reason: On CRAN ('test-fda-table_14.R:16:3')"/>
    </testcase>
    <testcase time="0.0160000000000053" classname="fda_table_14" name="Table_14_generation_works_with_custom_values"/>
    <testcase time="0.0329999999999941" classname="fda_table_14" name="Table_14_generation_works_with_custom_values"/>
    <testcase time="0.450000000000003" classname="fda_table_14" name="Table_14_generation_works_with_custom_values"/>
    <testcase time="0.156999999999996" classname="fda_table_14" name="Table_14_generation_works_with_custom_values">
      <skipped message="Reason: On CRAN ('test-fda-table_14.R:46:3')"/>
    </testcase>
    <testcase time="0.0140000000000029" classname="fda_table_14" name="Table_14_generation_works_with_NA_values_pruned_rows"/>
    <testcase time="0.433999999999997" classname="fda_table_14" name="Table_14_generation_works_with_NA_values_pruned_rows"/>
    <testcase time="0.118000000000002" classname="fda_table_14" name="Table_14_generation_works_with_NA_values_pruned_rows">
      <skipped message="Reason: On CRAN ('test-fda-table_14.R:53:3')"/>
    </testcase>
    <testcase time="0.0140000000000029" classname="fda_table_14" name="Table_14_generation_works_with_risk_difference_column"/>
    <testcase time="0.568999999999996" classname="fda_table_14" name="Table_14_generation_works_with_risk_difference_column"/>
    <testcase time="0.177" classname="fda_table_14" name="Table_14_generation_works_with_risk_difference_column">
      <skipped message="Reason: On CRAN ('test-fda-table_14.R:61:3')"/>
    </testcase>
  </testsuite>
  <testsuite name="fda-table_15" timestamp="2025-04-30T21:24:18Z" hostname="e10796935bef" tests="16" skipped="4" failures="0" errors="0" time="1.705">
    <testcase time="0.0300000000000011" classname="fda_table_15" name="Table_15_generation_works_with_default_values"/>
    <testcase time="0.0290000000000035" classname="fda_table_15" name="Table_15_generation_works_with_default_values"/>
    <testcase time="0.208999999999996" classname="fda_table_15" name="Table_15_generation_works_with_default_values"/>
    <testcase time="0.0990000000000038" classname="fda_table_15" name="Table_15_generation_works_with_default_values">
      <skipped message="Reason: On CRAN ('test-fda-table_15.R:19:3')"/>
    </testcase>
    <testcase time="0.0139999999999958" classname="fda_table_15" name="Table_15_generation_works_with_custom_values"/>
    <testcase time="0.0290000000000035" classname="fda_table_15" name="Table_15_generation_works_with_custom_values"/>
    <testcase time="0.209000000000003" classname="fda_table_15" name="Table_15_generation_works_with_custom_values"/>
    <testcase time="0.0970000000000013" classname="fda_table_15" name="Table_15_generation_works_with_custom_values">
      <skipped message="Reason: On CRAN ('test-fda-table_15.R:51:3')"/>
    </testcase>
    <testcase time="0.0139999999999958" classname="fda_table_15" name="Table_15_generation_works_with_NA_values_pruned_rows"/>
    <testcase time="0.0380000000000038" classname="fda_table_15" name="Table_15_generation_works_with_NA_values_pruned_rows"/>
    <testcase time="0.199999999999996" classname="fda_table_15" name="Table_15_generation_works_with_NA_values_pruned_rows"/>
    <testcase time="0.106999999999999" classname="fda_table_15" name="Table_15_generation_works_with_NA_values_pruned_rows">
      <skipped message="Reason: On CRAN ('test-fda-table_15.R:58:3')"/>
    </testcase>
    <testcase time="0.0160000000000053" classname="fda_table_15" name="Table_15_generation_works_with_risk_difference_column"/>
    <testcase time="0.0289999999999964" classname="fda_table_15" name="Table_15_generation_works_with_risk_difference_column"/>
    <testcase time="0.471000000000004" classname="fda_table_15" name="Table_15_generation_works_with_risk_difference_column"/>
    <testcase time="0.113999999999997" classname="fda_table_15" name="Table_15_generation_works_with_risk_difference_column">
      <skipped message="Reason: On CRAN ('test-fda-table_15.R:66:3')"/>
    </testcase>
  </testsuite>
  <testsuite name="fda-table_16" timestamp="2025-04-30T21:24:20Z" hostname="e10796935bef" tests="16" skipped="4" failures="0" errors="0" time="1.207">
    <testcase time="0.0180000000000007" classname="fda_table_16" name="Table_16_generation_works_with_default_values"/>
    <testcase time="0.0259999999999962" classname="fda_table_16" name="Table_16_generation_works_with_default_values"/>
    <testcase time="0.196000000000005" classname="fda_table_16" name="Table_16_generation_works_with_default_values"/>
    <testcase time="0.0519999999999996" classname="fda_table_16" name="Table_16_generation_works_with_default_values">
      <skipped message="Reason: On CRAN ('test-fda-table_16.R:19:3')"/>
    </testcase>
    <testcase time="0.0129999999999981" classname="fda_table_16" name="Table_16_generation_works_with_custom_values"/>
    <testcase time="0.0259999999999962" classname="fda_table_16" name="Table_16_generation_works_with_custom_values"/>
    <testcase time="0.196000000000005" classname="fda_table_16" name="Table_16_generation_works_with_custom_values"/>
    <testcase time="0.0529999999999973" classname="fda_table_16" name="Table_16_generation_works_with_custom_values">
      <skipped message="Reason: On CRAN ('test-fda-table_16.R:51:3')"/>
    </testcase>
    <testcase time="0.0129999999999981" classname="fda_table_16" name="Table_16_generation_works_with_NA_values_pruned_rows"/>
    <testcase time="0.0260000000000034" classname="fda_table_16" name="Table_16_generation_works_with_NA_values_pruned_rows"/>
    <testcase time="0.197000000000003" classname="fda_table_16" name="Table_16_generation_works_with_NA_values_pruned_rows"/>
    <testcase time="0.0529999999999973" classname="fda_table_16" name="Table_16_generation_works_with_NA_values_pruned_rows">
      <skipped message="Reason: On CRAN ('test-fda-table_16.R:58:3')"/>
    </testcase>
    <testcase time="0.0129999999999981" classname="fda_table_16" name="Table_16_generation_works_with_risk_difference_column"/>
    <testcase time="0.0260000000000034" classname="fda_table_16" name="Table_16_generation_works_with_risk_difference_column"/>
    <testcase time="0.232999999999997" classname="fda_table_16" name="Table_16_generation_works_with_risk_difference_column"/>
    <testcase time="0.0660000000000025" classname="fda_table_16" name="Table_16_generation_works_with_risk_difference_column">
      <skipped message="Reason: On CRAN ('test-fda-table_16.R:66:3')"/>
    </testcase>
  </testsuite>
  <testsuite name="fda-table_17" timestamp="2025-04-30T21:24:21Z" hostname="e10796935bef" tests="16" skipped="4" failures="0" errors="0" time="2.076">
    <testcase time="0.019999999999996" classname="fda_table_17" name="Table_17_generation_works_with_default_values"/>
    <testcase time="0.0290000000000035" classname="fda_table_17" name="Table_17_generation_works_with_default_values"/>
    <testcase time="0.293999999999997" classname="fda_table_17" name="Table_17_generation_works_with_default_values"/>
    <testcase time="0.158999999999999" classname="fda_table_17" name="Table_17_generation_works_with_default_values">
      <skipped message="Reason: On CRAN ('test-fda-table_17.R:25:3')"/>
    </testcase>
    <testcase time="0.0130000000000052" classname="fda_table_17" name="Table_17_generation_works_with_custom_values"/>
    <testcase time="0.0300000000000011" classname="fda_table_17" name="Table_17_generation_works_with_custom_values"/>
    <testcase time="0.297999999999995" classname="fda_table_17" name="Table_17_generation_works_with_custom_values"/>
    <testcase time="0.158999999999999" classname="fda_table_17" name="Table_17_generation_works_with_custom_values">
      <skipped message="Reason: On CRAN ('test-fda-table_17.R:57:3')"/>
    </testcase>
    <testcase time="0.0130000000000052" classname="fda_table_17" name="Table_17_generation_works_with_NA_values_pruned_rows"/>
    <testcase time="0.0300000000000011" classname="fda_table_17" name="Table_17_generation_works_with_NA_values_pruned_rows"/>
    <testcase time="0.302" classname="fda_table_17" name="Table_17_generation_works_with_NA_values_pruned_rows"/>
    <testcase time="0.152999999999999" classname="fda_table_17" name="Table_17_generation_works_with_NA_values_pruned_rows">
      <skipped message="Reason: On CRAN ('test-fda-table_17.R:64:3')"/>
    </testcase>
    <testcase time="0.0139999999999958" classname="fda_table_17" name="Table_17_generation_works_with_risk_difference_column"/>
    <testcase time="0.0300000000000011" classname="fda_table_17" name="Table_17_generation_works_with_risk_difference_column"/>
    <testcase time="0.350000000000001" classname="fda_table_17" name="Table_17_generation_works_with_risk_difference_column"/>
    <testcase time="0.182000000000002" classname="fda_table_17" name="Table_17_generation_works_with_risk_difference_column">
      <skipped message="Reason: On CRAN ('test-fda-table_17.R:72:3')"/>
    </testcase>
  </testsuite>
  <testsuite name="fda-table_18" timestamp="2025-04-30T21:24:23Z" hostname="e10796935bef" tests="16" skipped="4" failures="0" errors="0" time="1.737">
    <testcase time="0.019999999999996" classname="fda_table_18" name="Table_18_generation_works_with_default_values"/>
    <testcase time="0.0260000000000034" classname="fda_table_18" name="Table_18_generation_works_with_default_values"/>
    <testcase time="0.289999999999999" classname="fda_table_18" name="Table_18_generation_works_with_default_values"/>
    <testcase time="0.0760000000000005" classname="fda_table_18" name="Table_18_generation_works_with_default_values">
      <skipped message="Reason: On CRAN ('test-fda-table_18.R:25:3')"/>
    </testcase>
    <testcase time="0.0139999999999958" classname="fda_table_18" name="Table_18_generation_works_with_custom_values"/>
    <testcase time="0.0250000000000057" classname="fda_table_18" name="Table_18_generation_works_with_custom_values"/>
    <testcase time="0.288999999999994" classname="fda_table_18" name="Table_18_generation_works_with_custom_values"/>
    <testcase time="0.078000000000003" classname="fda_table_18" name="Table_18_generation_works_with_custom_values">
      <skipped message="Reason: On CRAN ('test-fda-table_18.R:57:3')"/>
    </testcase>
    <testcase time="0.0129999999999981" classname="fda_table_18" name="Table_18_generation_works_with_NA_values_pruned_rows"/>
    <testcase time="0.0260000000000034" classname="fda_table_18" name="Table_18_generation_works_with_NA_values_pruned_rows"/>
    <testcase time="0.292000000000002" classname="fda_table_18" name="Table_18_generation_works_with_NA_values_pruned_rows"/>
    <testcase time="0.102999999999994" classname="fda_table_18" name="Table_18_generation_works_with_NA_values_pruned_rows">
      <skipped message="Reason: On CRAN ('test-fda-table_18.R:64:3')"/>
    </testcase>
    <testcase time="0.0130000000000052" classname="fda_table_18" name="Table_18_generation_works_with_risk_difference_column"/>
    <testcase time="0.027000000000001" classname="fda_table_18" name="Table_18_generation_works_with_risk_difference_column"/>
    <testcase time="0.351999999999997" classname="fda_table_18" name="Table_18_generation_works_with_risk_difference_column"/>
    <testcase time="0.0930000000000035" classname="fda_table_18" name="Table_18_generation_works_with_risk_difference_column">
      <skipped message="Reason: On CRAN ('test-fda-table_18.R:72:3')"/>
    </testcase>
  </testsuite>
  <testsuite name="fda-table_20" timestamp="2025-04-30T21:24:25Z" hostname="e10796935bef" tests="24" skipped="4" failures="0" errors="0" time="2.014">
    <testcase time="0.019999999999996" classname="fda_table_20" name="Table_20_generation_works_with_default_values"/>
    <testcase time="0.000999999999997669" classname="fda_table_20" name="Table_20_generation_works_with_default_values"/>
    <testcase time="0.00100000000000477" classname="fda_table_20" name="Table_20_generation_works_with_default_values"/>
    <testcase time="0.0289999999999964" classname="fda_table_20" name="Table_20_generation_works_with_default_values"/>
    <testcase time="0.313000000000002" classname="fda_table_20" name="Table_20_generation_works_with_default_values"/>
    <testcase time="0.0970000000000013" classname="fda_table_20" name="Table_20_generation_works_with_default_values">
      <skipped message="Reason: On CRAN ('test-fda-table_20.R:17:3')"/>
    </testcase>
    <testcase time="0.0129999999999981" classname="fda_table_20" name="Table_20_generation_works_with_custom_values"/>
    <testcase time="0.000999999999997669" classname="fda_table_20" name="Table_20_generation_works_with_custom_values"/>
    <testcase time="0.00100000000000477" classname="fda_table_20" name="Table_20_generation_works_with_custom_values"/>
    <testcase time="0.0289999999999964" classname="fda_table_20" name="Table_20_generation_works_with_custom_values"/>
    <testcase time="0.438000000000002" classname="fda_table_20" name="Table_20_generation_works_with_custom_values"/>
    <testcase time="0.105000000000004" classname="fda_table_20" name="Table_20_generation_works_with_custom_values">
      <skipped message="Reason: On CRAN ('test-fda-table_20.R:65:3')"/>
    </testcase>
    <testcase time="0.0129999999999981" classname="fda_table_20" name="Table_20_generation_works_with_missing_values_pruned_rows"/>
    <testcase time="0.00199999999999534" classname="fda_table_20" name="Table_20_generation_works_with_missing_values_pruned_rows"/>
    <testcase time="0.00100000000000477" classname="fda_table_20" name="Table_20_generation_works_with_missing_values_pruned_rows"/>
    <testcase time="0.0289999999999964" classname="fda_table_20" name="Table_20_generation_works_with_missing_values_pruned_rows"/>
    <testcase time="0.298999999999999" classname="fda_table_20" name="Table_20_generation_works_with_missing_values_pruned_rows"/>
    <testcase time="0.0830000000000055" classname="fda_table_20" name="Table_20_generation_works_with_missing_values_pruned_rows">
      <skipped message="Reason: On CRAN ('test-fda-table_20.R:74:3')"/>
    </testcase>
    <testcase time="0.0139999999999958" classname="fda_table_20" name="Table_20_generation_works_with_risk_difference_column"/>
    <testcase time="0.00100000000000477" classname="fda_table_20" name="Table_20_generation_works_with_risk_difference_column"/>
    <testcase time="0.000999999999997669" classname="fda_table_20" name="Table_20_generation_works_with_risk_difference_column"/>
    <testcase time="0.0300000000000011" classname="fda_table_20" name="Table_20_generation_works_with_risk_difference_column"/>
    <testcase time="0.393999999999998" classname="fda_table_20" name="Table_20_generation_works_with_risk_difference_column"/>
    <testcase time="0.0990000000000038" classname="fda_table_20" name="Table_20_generation_works_with_risk_difference_column">
      <skipped message="Reason: On CRAN ('test-fda-table_20.R:82:3')"/>
    </testcase>
  </testsuite>
  <testsuite name="fda-table_21" timestamp="2025-04-30T21:24:27Z" hostname="e10796935bef" tests="19" skipped="4" failures="0" errors="0" time="1.869">
    <testcase time="0.036999999999999" classname="fda_table_21" name="Table_21_generation_works_with_default_values"/>
    <testcase time="0.000999999999997669" classname="fda_table_21" name="Table_21_generation_works_with_default_values"/>
    <testcase time="0.373000000000005" classname="fda_table_21" name="Table_21_generation_works_with_default_values"/>
    <testcase time="0.111999999999995" classname="fda_table_21" name="Table_21_generation_works_with_default_values">
      <skipped message="Reason: On CRAN ('test-fda-table_21.R:16:3')"/>
    </testcase>
    <testcase time="0.0130000000000052" classname="fda_table_21" name="Table_21_generation_works_with_custom_values_N_s_denominator_and_overall_column"/>
    <testcase time="0.000999999999997669" classname="fda_table_21" name="Table_21_generation_works_with_custom_values_N_s_denominator_and_overall_column"/>
    <testcase time="0.0510000000000019" classname="fda_table_21" name="Table_21_generation_works_with_custom_values_N_s_denominator_and_overall_column"/>
    <testcase time="0.455999999999996" classname="fda_table_21" name="Table_21_generation_works_with_custom_values_N_s_denominator_and_overall_column"/>
    <testcase time="0.115000000000002" classname="fda_table_21" name="Table_21_generation_works_with_custom_values_N_s_denominator_and_overall_column">
      <skipped message="Reason: On CRAN ('test-fda-table_21.R:28:3')"/>
    </testcase>
    <testcase time="0.0129999999999981" classname="fda_table_21" name="Table_21_generation_works_with_custom_values_N_col_denominator_and_no_overall_column"/>
    <testcase time="0.00100000000000477" classname="fda_table_21" name="Table_21_generation_works_with_custom_values_N_col_denominator_and_no_overall_column"/>
    <testcase time="0.0429999999999993" classname="fda_table_21" name="Table_21_generation_works_with_custom_values_N_col_denominator_and_no_overall_column"/>
    <testcase time="0.225000000000001" classname="fda_table_21" name="Table_21_generation_works_with_custom_values_N_col_denominator_and_no_overall_column"/>
    <testcase time="0.0940000000000012" classname="fda_table_21" name="Table_21_generation_works_with_custom_values_N_col_denominator_and_no_overall_column">
      <skipped message="Reason: On CRAN ('test-fda-table_21.R:56:3')"/>
    </testcase>
    <testcase time="0.0439999999999969" classname="fda_table_21" name="Table_21_generation_works_with_some_NA_values"/>
    <testcase time="0.000999999999997669" classname="fda_table_21" name="Table_21_generation_works_with_some_NA_values"/>
    <testcase time="0.0309999999999988" classname="fda_table_21" name="Table_21_generation_works_with_some_NA_values"/>
    <testcase time="0.186000000000007" classname="fda_table_21" name="Table_21_generation_works_with_some_NA_values"/>
    <testcase time="0.0719999999999956" classname="fda_table_21" name="Table_21_generation_works_with_some_NA_values">
      <skipped message="Reason: On CRAN ('test-fda-table_21.R:76:3')"/>
    </testcase>
  </testsuite>
  <testsuite name="fda-table_22" timestamp="2025-04-30T21:24:29Z" hostname="e10796935bef" tests="8" skipped="4" failures="0" errors="0" time="1.876">
    <testcase time="0.408999999999999" classname="fda_table_22" name="Table_22_generation_works_with_default_values"/>
    <testcase time="0.123000000000005" classname="fda_table_22" name="Table_22_generation_works_with_default_values">
      <skipped message="Reason: On CRAN ('test-fda-table_22.R:21:3')"/>
    </testcase>
    <testcase time="0.518000000000001" classname="fda_table_22" name="Table_22_generation_works_with_custom_values_N_s_denominator_and_overall_column"/>
    <testcase time="0.116" classname="fda_table_22" name="Table_22_generation_works_with_custom_values_N_s_denominator_and_overall_column">
      <skipped message="Reason: On CRAN ('test-fda-table_22.R:33:3')"/>
    </testcase>
    <testcase time="0.270999999999994" classname="fda_table_22" name="Table_22_generation_works_with_custom_values_N_col_denominator_and_no_overall_column"/>
    <testcase time="0.108000000000004" classname="fda_table_22" name="Table_22_generation_works_with_custom_values_N_col_denominator_and_no_overall_column">
      <skipped message="Reason: On CRAN ('test-fda-table_22.R:61:3')"/>
    </testcase>
    <testcase time="0.259999999999998" classname="fda_table_22" name="Table_22_generation_works_with_some_NA_values"/>
    <testcase time="0.070999999999998" classname="fda_table_22" name="Table_22_generation_works_with_some_NA_values">
      <skipped message="Reason: On CRAN ('test-fda-table_22.R:81:3')"/>
    </testcase>
  </testsuite>
  <testsuite name="fda-table_32" timestamp="2025-04-30T21:24:31Z" hostname="e10796935bef" tests="27" skipped="7" failures="0" errors="0" time="4.643">
    <testcase time="0.0470000000000041" classname="fda_table_32" name="Table_32_generation_works_with_default_values"/>
    <testcase time="0.115000000000002" classname="fda_table_32" name="Table_32_generation_works_with_default_values"/>
    <testcase time="0.940999999999995" classname="fda_table_32" name="Table_32_generation_works_with_default_values"/>
    <testcase time="0.00200000000000244" classname="fda_table_32" name="Table_32_generation_works_with_default_values"/>
    <testcase time="0.0429999999999993" classname="fda_table_32" name="Table_32_generation_works_with_default_values">
      <skipped message="Reason: On CRAN ('test-fda-table_32.R:17:3')"/>
    </testcase>
    <testcase time="0.0150000000000006" classname="fda_table_32" name="Table_32_generation_works_with_custom_values"/>
    <testcase time="0.106999999999999" classname="fda_table_32" name="Table_32_generation_works_with_custom_values"/>
    <testcase time="1.419" classname="fda_table_32" name="Table_32_generation_works_with_custom_values"/>
    <testcase time="0.00100000000000477" classname="fda_table_32" name="Table_32_generation_works_with_custom_values"/>
    <testcase time="0.0499999999999972" classname="fda_table_32" name="Table_32_generation_works_with_custom_values">
      <skipped message="Reason: On CRAN ('test-fda-table_32.R:32:3')"/>
    </testcase>
    <testcase time="0.0150000000000006" classname="fda_table_32" name="Table_32_generation_missing_values_and_ADSL"/>
    <testcase time="1.038" classname="fda_table_32" name="Table_32_generation_missing_values_and_ADSL"/>
    <testcase time="0.00199999999999534" classname="fda_table_32" name="Table_32_generation_missing_values_and_ADSL"/>
    <testcase time="0.00100000000000477" classname="fda_table_32" name="Table_32_generation_missing_values_and_ADSL"/>
    <testcase time="0.0459999999999994" classname="fda_table_32" name="Table_32_generation_missing_values_and_ADSL">
      <skipped message="Reason: On CRAN ('test-fda-table_32.R:47:3')"/>
    </testcase>
    <testcase time="0.0159999999999982" classname="fda_table_32" name="Table_32_generation_works_with_default_values"/>
    <testcase time="0.116" classname="fda_table_32" name="Table_32_generation_works_with_default_values"/>
    <testcase time="0.0510000000000019" classname="fda_table_32" name="Table_32_generation_works_with_default_values">
      <skipped message="Reason: On CRAN ('test-fda-table_32.R:63:3')"/>
    </testcase>
    <testcase time="0.0150000000000006" classname="fda_table_32" name="Table_32_generation_works_with_custom_values"/>
    <testcase time="0.126999999999995" classname="fda_table_32" name="Table_32_generation_works_with_custom_values"/>
    <testcase time="0.0740000000000052" classname="fda_table_32" name="Table_32_generation_works_with_custom_values">
      <skipped message="Reason: On CRAN ('test-fda-table_32.R:85:3')"/>
    </testcase>
    <testcase time="0.0149999999999935" classname="fda_table_32" name="Table_32_generation_works_with_pruned_rows"/>
    <testcase time="0.111000000000004" classname="fda_table_32" name="Table_32_generation_works_with_pruned_rows"/>
    <testcase time="0.046999999999997" classname="fda_table_32" name="Table_32_generation_works_with_pruned_rows">
      <skipped message="Reason: On CRAN ('test-fda-table_32.R:96:3')"/>
    </testcase>
    <testcase time="0.0150000000000006" classname="fda_table_32" name="Table_32_generation_works_with_risk_difference_column"/>
    <testcase time="0.155000000000001" classname="fda_table_32" name="Table_32_generation_works_with_risk_difference_column"/>
    <testcase time="0.0589999999999975" classname="fda_table_32" name="Table_32_generation_works_with_risk_difference_column">
      <skipped message="Reason: On CRAN ('test-fda-table_32.R:108:3')"/>
    </testcase>
  </testsuite>
  <testsuite name="fda-table_33" timestamp="2025-04-30T21:24:35Z" hostname="e10796935bef" tests="27" skipped="7" failures="0" errors="0" time="5.019">
    <testcase time="0.0549999999999997" classname="fda_table_33" name="Table_33_generation_works_with_default_values"/>
    <testcase time="0.287000000000006" classname="fda_table_33" name="Table_33_generation_works_with_default_values"/>
    <testcase time="0.722999999999999" classname="fda_table_33" name="Table_33_generation_works_with_default_values"/>
    <testcase time="0.00199999999999534" classname="fda_table_33" name="Table_33_generation_works_with_default_values"/>
    <testcase time="0.0489999999999995" classname="fda_table_33" name="Table_33_generation_works_with_default_values">
      <skipped message="Reason: On CRAN ('test-fda-table_33.R:17:3')"/>
    </testcase>
    <testcase time="0.0160000000000053" classname="fda_table_33" name="Table_33_generation_works_with_custom_values"/>
    <testcase time="0.285999999999994" classname="fda_table_33" name="Table_33_generation_works_with_custom_values"/>
    <testcase time="1.08300000000001" classname="fda_table_33" name="Table_33_generation_works_with_custom_values"/>
    <testcase time="0.00100000000000477" classname="fda_table_33" name="Table_33_generation_works_with_custom_values"/>
    <testcase time="0.0499999999999972" classname="fda_table_33" name="Table_33_generation_works_with_custom_values">
      <skipped message="Reason: On CRAN ('test-fda-table_33.R:32:3')"/>
    </testcase>
    <testcase time="0.0150000000000006" classname="fda_table_33" name="Table_33_generation_missing_values_and_ADSL"/>
    <testcase time="0.286000000000001" classname="fda_table_33" name="Table_33_generation_missing_values_and_ADSL"/>
    <testcase time="0.72699999999999" classname="fda_table_33" name="Table_33_generation_missing_values_and_ADSL"/>
    <testcase time="0.00200000000000955" classname="fda_table_33" name="Table_33_generation_missing_values_and_ADSL"/>
    <testcase time="0.0450000000000017" classname="fda_table_33" name="Table_33_generation_missing_values_and_ADSL">
      <skipped message="Reason: On CRAN ('test-fda-table_33.R:47:3')"/>
    </testcase>
    <testcase time="0.0139999999999958" classname="fda_table_33" name="Table_33_generation_works_with_default_values"/>
    <testcase time="0.271000000000001" classname="fda_table_33" name="Table_33_generation_works_with_default_values"/>
    <testcase time="0.0390000000000015" classname="fda_table_33" name="Table_33_generation_works_with_default_values">
      <skipped message="Reason: On CRAN ('test-fda-table_33.R:64:3')"/>
    </testcase>
    <testcase time="0.0159999999999911" classname="fda_table_33" name="Table_33_generation_works_with_custom_values"/>
    <testcase time="0.298000000000002" classname="fda_table_33" name="Table_33_generation_works_with_custom_values"/>
    <testcase time="0.0640000000000072" classname="fda_table_33" name="Table_33_generation_works_with_custom_values">
      <skipped message="Reason: On CRAN ('test-fda-table_33.R:87:3')"/>
    </testcase>
    <testcase time="0.0150000000000006" classname="fda_table_33" name="Table_33_generation_works_with_pruned_rows"/>
    <testcase time="0.280000000000001" classname="fda_table_33" name="Table_33_generation_works_with_pruned_rows"/>
    <testcase time="0.039999999999992" classname="fda_table_33" name="Table_33_generation_works_with_pruned_rows">
      <skipped message="Reason: On CRAN ('test-fda-table_33.R:99:3')"/>
    </testcase>
    <testcase time="0.0139999999999958" classname="fda_table_33" name="Table_33_generation_works_with_risk_difference_column"/>
    <testcase time="0.294000000000011" classname="fda_table_33" name="Table_33_generation_works_with_risk_difference_column"/>
    <testcase time="0.046999999999997" classname="fda_table_33" name="Table_33_generation_works_with_risk_difference_column">
      <skipped message="Reason: On CRAN ('test-fda-table_33.R:112:3')"/>
    </testcase>
  </testsuite>
  <testsuite name="fda-table_34" timestamp="2025-04-30T21:24:40Z" hostname="e10796935bef" tests="12" skipped="3" failures="0" errors="0" time="4.42">
    <testcase time="0.0279999999999916" classname="fda_table_34" name="Table_34_generation_works_with_default_values"/>
    <testcase time="0.0330000000000013" classname="fda_table_34" name="Table_34_generation_works_with_default_values"/>
    <testcase time="1.40300000000001" classname="fda_table_34" name="Table_34_generation_works_with_default_values"/>
    <testcase time="0.242000000000004" classname="fda_table_34" name="Table_34_generation_works_with_default_values">
      <skipped message="Reason: On CRAN ('test-fda-table_34.R:17:3')"/>
    </testcase>
    <testcase time="0.0139999999999958" classname="fda_table_34" name="Table_34_generation_works_with_custom_values"/>
    <testcase time="0.0249999999999915" classname="fda_table_34" name="Table_34_generation_works_with_custom_values"/>
    <testcase time="0.507000000000005" classname="fda_table_34" name="Table_34_generation_works_with_custom_values"/>
    <testcase time="0.106999999999999" classname="fda_table_34" name="Table_34_generation_works_with_custom_values">
      <skipped message="Reason: On CRAN ('test-fda-table_34.R:49:3')"/>
    </testcase>
    <testcase time="0.0130000000000052" classname="fda_table_34" name="Table_34_generation_works_with_risk_difference_column"/>
    <testcase time="0.0279999999999916" classname="fda_table_34" name="Table_34_generation_works_with_risk_difference_column"/>
    <testcase time="1.745" classname="fda_table_34" name="Table_34_generation_works_with_risk_difference_column"/>
    <testcase time="0.275000000000006" classname="fda_table_34" name="Table_34_generation_works_with_risk_difference_column">
      <skipped message="Reason: On CRAN ('test-fda-table_34.R:57:3')"/>
    </testcase>
  </testsuite>
  <testsuite name="fda-table_35" timestamp="2025-04-30T21:24:45Z" hostname="e10796935bef" tests="40" skipped="8" failures="0" errors="0" time="4.267">
    <testcase time="0.0180000000000007" classname="fda_table_35" name="Table_35_generation_works_with_default_values"/>
    <testcase time="0.0889999999999986" classname="fda_table_35" name="Table_35_generation_works_with_default_values"/>
    <testcase time="0.0379999999999967" classname="fda_table_35" name="Table_35_generation_works_with_default_values"/>
    <testcase time="0.0390000000000015" classname="fda_table_35" name="Table_35_generation_works_with_default_values"/>
    <testcase time="0.760000000000005" classname="fda_table_35" name="Table_35_generation_works_with_default_values"/>
    <testcase time="0.170999999999992" classname="fda_table_35" name="Table_35_generation_works_with_default_values">
      <skipped message="Reason: On CRAN ('test-fda-table_35.R:9:3')"/>
    </testcase>
    <testcase time="0.0139999999999958" classname="fda_table_35" name="Table_35_generation_works_with_gtsummary_with_custom_values"/>
    <testcase time="0.0360000000000014" classname="fda_table_35" name="Table_35_generation_works_with_gtsummary_with_custom_values"/>
    <testcase time="0.054000000000002" classname="fda_table_35" name="Table_35_generation_works_with_gtsummary_with_custom_values"/>
    <testcase time="0.0390000000000015" classname="fda_table_35" name="Table_35_generation_works_with_gtsummary_with_custom_values"/>
    <testcase time="0.0529999999999973" classname="fda_table_35" name="Table_35_generation_works_with_gtsummary_with_custom_values"/>
    <testcase time="0.640000000000001" classname="fda_table_35" name="Table_35_generation_works_with_gtsummary_with_custom_values"/>
    <testcase time="0.129000000000005" classname="fda_table_35" name="Table_35_generation_works_with_gtsummary_with_custom_values">
      <skipped message="Reason: On CRAN ('test-fda-table_35.R:28:3')"/>
    </testcase>
    <testcase time="0.0139999999999958" classname="fda_table_35" name="Table_35_generation_works_with_gtsummary_missing_values"/>
    <testcase time="0.0349999999999966" classname="fda_table_35" name="Table_35_generation_works_with_gtsummary_missing_values"/>
    <testcase time="0.0700000000000074" classname="fda_table_35" name="Table_35_generation_works_with_gtsummary_missing_values"/>
    <testcase time="0.0390000000000015" classname="fda_table_35" name="Table_35_generation_works_with_gtsummary_missing_values"/>
    <testcase time="0.0379999999999967" classname="fda_table_35" name="Table_35_generation_works_with_gtsummary_missing_values"/>
    <testcase time="0.647000000000006" classname="fda_table_35" name="Table_35_generation_works_with_gtsummary_missing_values"/>
    <testcase time="0.150999999999996" classname="fda_table_35" name="Table_35_generation_works_with_gtsummary_missing_values">
      <skipped message="Reason: On CRAN ('test-fda-table_35.R:39:3')"/>
    </testcase>
    <testcase time="0.0150000000000006" classname="fda_table_35" name="Table_35_generation_works_with_custom_values"/>
    <testcase time="0.0349999999999966" classname="fda_table_35" name="Table_35_generation_works_with_custom_values"/>
    <testcase time="0.111999999999995" classname="fda_table_35" name="Table_35_generation_works_with_custom_values"/>
    <testcase time="0.0890000000000128" classname="fda_table_35" name="Table_35_generation_works_with_custom_values">
      <skipped message="Reason: On CRAN ('test-fda-table_35.R:72:3')"/>
    </testcase>
    <testcase time="0.012999999999991" classname="fda_table_35" name="Table_35_generation_works_with_risk_difference_column"/>
    <testcase time="0.0360000000000014" classname="fda_table_35" name="Table_35_generation_works_with_risk_difference_column"/>
    <testcase time="0.109999999999999" classname="fda_table_35" name="Table_35_generation_works_with_risk_difference_column"/>
    <testcase time="0.0810000000000031" classname="fda_table_35" name="Table_35_generation_works_with_risk_difference_column">
      <skipped message="Reason: On CRAN ('test-fda-table_35.R:80:3')"/>
    </testcase>
    <testcase time="0.0489999999999924" classname="fda_table_35" name="Table_35_generation_works_with_some_NA_values"/>
    <testcase time="0.0330000000000013" classname="fda_table_35" name="Table_35_generation_works_with_some_NA_values"/>
    <testcase time="0.0930000000000035" classname="fda_table_35" name="Table_35_generation_works_with_some_NA_values"/>
    <testcase time="0.0690000000000026" classname="fda_table_35" name="Table_35_generation_works_with_some_NA_values">
      <skipped message="Reason: On CRAN ('test-fda-table_35.R:91:3')"/>
    </testcase>
    <testcase time="0.0189999999999912" classname="fda_table_35" name="Table_35_generation_works_with_custom_values_SOC_variable_and_label_"/>
    <testcase time="0.041000000000011" classname="fda_table_35" name="Table_35_generation_works_with_custom_values_SOC_variable_and_label_"/>
    <testcase time="0.108999999999995" classname="fda_table_35" name="Table_35_generation_works_with_custom_values_SOC_variable_and_label_"/>
    <testcase time="0.0700000000000074" classname="fda_table_35" name="Table_35_generation_works_with_custom_values_SOC_variable_and_label_">
      <skipped message="Reason: On CRAN ('test-fda-table_35.R:104:3')"/>
    </testcase>
    <testcase time="0.0219999999999914" classname="fda_table_35" name="Table_35_generation_works_with_pruning"/>
    <testcase time="0.0450000000000017" classname="fda_table_35" name="Table_35_generation_works_with_pruning"/>
    <testcase time="0.0930000000000035" classname="fda_table_35" name="Table_35_generation_works_with_pruning"/>
    <testcase time="0.0589999999999975" classname="fda_table_35" name="Table_35_generation_works_with_pruning">
      <skipped message="Reason: On CRAN ('test-fda-table_35.R:112:3')"/>
    </testcase>
  </testsuite>
  <testsuite name="fda-table_36" timestamp="2025-04-30T21:24:49Z" hostname="e10796935bef" tests="18" skipped="6" failures="0" errors="0" time="4.299">
    <testcase time="0.0489999999999924" classname="fda_table_36" name="Table_36_generation_works_with_default_values"/>
    <testcase time="0.359000000000009" classname="fda_table_36" name="Table_36_generation_works_with_default_values"/>
    <testcase time="0.207999999999998" classname="fda_table_36" name="Table_36_generation_works_with_default_values">
      <skipped message="Reason: On CRAN ('test-fda-table_36.R:8:3')"/>
    </testcase>
    <testcase time="0.0450000000000017" classname="fda_table_36" name="Table_36_generation_works_with_custom_values"/>
    <testcase time="0.422999999999988" classname="fda_table_36" name="Table_36_generation_works_with_custom_values"/>
    <testcase time="0.237000000000009" classname="fda_table_36" name="Table_36_generation_works_with_custom_values">
      <skipped message="Reason: On CRAN ('test-fda-table_36.R:39:3')"/>
    </testcase>
    <testcase time="0.0450000000000017" classname="fda_table_36" name="Table_36_generation_works_with_risk_difference_column"/>
    <testcase time="0.435000000000002" classname="fda_table_36" name="Table_36_generation_works_with_risk_difference_column"/>
    <testcase time="0.242999999999995" classname="fda_table_36" name="Table_36_generation_works_with_risk_difference_column">
      <skipped message="Reason: On CRAN ('test-fda-table_36.R:47:3')"/>
    </testcase>
    <testcase time="0.046999999999997" classname="fda_table_36" name="Table_36_generation_works_with_some_NA_values"/>
    <testcase time="0.567000000000007" classname="fda_table_36" name="Table_36_generation_works_with_some_NA_values"/>
    <testcase time="0.182999999999993" classname="fda_table_36" name="Table_36_generation_works_with_some_NA_values">
      <skipped message="Reason: On CRAN ('test-fda-table_36.R:57:3')"/>
    </testcase>
    <testcase time="0.0499999999999972" classname="fda_table_36" name="Table_36_generation_works_with_custom_values_SOC_variable_and_label_"/>
    <testcase time="0.608000000000004" classname="fda_table_36" name="Table_36_generation_works_with_custom_values_SOC_variable_and_label_"/>
    <testcase time="0.343000000000004" classname="fda_table_36" name="Table_36_generation_works_with_custom_values_SOC_variable_and_label_">
      <skipped message="Reason: On CRAN ('test-fda-table_36.R:70:3')"/>
    </testcase>
    <testcase time="0.0450000000000017" classname="fda_table_36" name="Table_36_generation_works_with_pruning"/>
    <testcase time="0.325999999999993" classname="fda_table_36" name="Table_36_generation_works_with_pruning"/>
    <testcase time="0.0859999999999985" classname="fda_table_36" name="Table_36_generation_works_with_pruning">
      <skipped message="Reason: On CRAN ('test-fda-table_36.R:77:3')"/>
    </testcase>
  </testsuite>
  <testsuite name="fda-table_38" timestamp="2025-04-30T21:24:53Z" hostname="e10796935bef" tests="12" skipped="3" failures="0" errors="0" time="2.166">
    <testcase time="0.0210000000000008" classname="fda_table_38" name="Table_38_generation_works_with_default_values"/>
    <testcase time="0.0250000000000057" classname="fda_table_38" name="Table_38_generation_works_with_default_values"/>
    <testcase time="0.322999999999993" classname="fda_table_38" name="Table_38_generation_works_with_default_values"/>
    <testcase time="0.0889999999999986" classname="fda_table_38" name="Table_38_generation_works_with_default_values">
      <skipped message="Reason: On CRAN ('test-fda-table_38.R:18:3')"/>
    </testcase>
    <testcase time="0.01400000000001" classname="fda_table_38" name="Table_38_generation_works_with_custom_values"/>
    <testcase time="0.0309999999999917" classname="fda_table_38" name="Table_38_generation_works_with_custom_values"/>
    <testcase time="0.87700000000001" classname="fda_table_38" name="Table_38_generation_works_with_custom_values"/>
    <testcase time="0.22399999999999" classname="fda_table_38" name="Table_38_generation_works_with_custom_values">
      <skipped message="Reason: On CRAN ('test-fda-table_38.R:48:3')"/>
    </testcase>
    <testcase time="0.01400000000001" classname="fda_table_38" name="Table_38_generation_works_with_risk_difference_column"/>
    <testcase time="0.0249999999999915" classname="fda_table_38" name="Table_38_generation_works_with_risk_difference_column"/>
    <testcase time="0.415999999999997" classname="fda_table_38" name="Table_38_generation_works_with_risk_difference_column"/>
    <testcase time="0.106999999999999" classname="fda_table_38" name="Table_38_generation_works_with_risk_difference_column">
      <skipped message="Reason: On CRAN ('test-fda-table_38.R:56:3')"/>
    </testcase>
  </testsuite>
</testsuites>
