<?xml version="1.0" encoding="UTF-8"?>
<testsuites>
  <testsuite name="fda-fig_01" timestamp="2025-04-30T20:51:34Z" hostname="45f5f299b1c1" tests="8" skipped="4" failures="0" errors="0" time="1.486">
    <testcase time="0.0329999999999999" classname="fda_fig_01" name="Figure_01_generation_works_with_default_values"/>
    <testcase time="0.507" classname="fda_fig_01" name="Figure_01_generation_works_with_default_values">
      <skipped message="Reason: On CI ('test-fda-fig_01.R:12:3')"/>
    </testcase>
    <testcase time="0.0329999999999999" classname="fda_fig_01" name="Figure_01_generation_works_with_no_table"/>
    <testcase time="0.0419999999999998" classname="fda_fig_01" name="Figure_01_generation_works_with_no_table">
      <skipped message="Reason: On CI ('test-fda-fig_01.R:21:3')"/>
    </testcase>
    <testcase time="0.0270000000000001" classname="fda_fig_01" name="Figure_01_generation_works_with_custom_values"/>
    <testcase time="0.475" classname="fda_fig_01" name="Figure_01_generation_works_with_custom_values">
      <skipped message="Reason: On CI ('test-fda-fig_01.R:37:3')"/>
    </testcase>
    <testcase time="0.0129999999999999" classname="fda_fig_01" name="Figure_01_generation_works_with_ggtheme_argument_specified"/>
    <testcase time="0.356" classname="fda_fig_01" name="Figure_01_generation_works_with_ggtheme_argument_specified">
      <skipped message="Reason: On CI ('test-fda-fig_01.R:49:3')"/>
    </testcase>
  </testsuite>
  <testsuite name="fda-fig_02" timestamp="2025-04-30T20:51:35Z" hostname="45f5f299b1c1" tests="8" skipped="4" failures="0" errors="0" time="1.14">
    <testcase time="0.0220000000000002" classname="fda_fig_02" name="Figure_02_generation_works_with_default_values"/>
    <testcase time="0.334" classname="fda_fig_02" name="Figure_02_generation_works_with_default_values">
      <skipped message="Reason: On CI ('test-fda-fig_02.R:11:3')"/>
    </testcase>
    <testcase time="0.0129999999999999" classname="fda_fig_02" name="Figure_02_generation_works_with_no_table"/>
    <testcase time="0.024" classname="fda_fig_02" name="Figure_02_generation_works_with_no_table">
      <skipped message="Reason: On CI ('test-fda-fig_02.R:20:3')"/>
    </testcase>
    <testcase time="0.0129999999999999" classname="fda_fig_02" name="Figure_02_generation_works_with_custom_values"/>
    <testcase time="0.372" classname="fda_fig_02" name="Figure_02_generation_works_with_custom_values">
      <skipped message="Reason: On CI ('test-fda-fig_02.R:36:3')"/>
    </testcase>
    <testcase time="0.0129999999999999" classname="fda_fig_02" name="Figure_02_generation_works_with_ggtheme_argument_specified"/>
    <testcase time="0.349" classname="fda_fig_02" name="Figure_02_generation_works_with_ggtheme_argument_specified">
      <skipped message="Reason: On CI ('test-fda-fig_02.R:48:3')"/>
    </testcase>
  </testsuite>
  <testsuite name="fda-fig_03" timestamp="2025-04-30T20:51:36Z" hostname="45f5f299b1c1" tests="8" skipped="4" failures="0" errors="0" time="2.078">
    <testcase time="0.0259999999999998" classname="fda_fig_03" name="Figure_03_generation_works_with_default_values"/>
    <testcase time="0.569" classname="fda_fig_03" name="Figure_03_generation_works_with_default_values">
      <skipped message="Reason: On CI ('test-fda-fig_03.R:9:3')"/>
    </testcase>
    <testcase time="0.0130000000000008" classname="fda_fig_03" name="Figure_03_generation_works_with_no_table"/>
    <testcase time="0.0719999999999992" classname="fda_fig_03" name="Figure_03_generation_works_with_no_table">
      <skipped message="Reason: On CI ('test-fda-fig_03.R:18:3')"/>
    </testcase>
    <testcase time="0.0140000000000002" classname="fda_fig_03" name="Figure_03_generation_works_with_custom_values"/>
    <testcase time="0.848" classname="fda_fig_03" name="Figure_03_generation_works_with_custom_values">
      <skipped message="Reason: On CI ('test-fda-fig_03.R:35:3')"/>
    </testcase>
    <testcase time="0.0129999999999999" classname="fda_fig_03" name="Figure_03_generation_works_with_ggtheme_argument_specified"/>
    <testcase time="0.523000000000001" classname="fda_fig_03" name="Figure_03_generation_works_with_ggtheme_argument_specified">
      <skipped message="Reason: On CI ('test-fda-fig_03.R:48:3')"/>
    </testcase>
  </testsuite>
  <testsuite name="fda-fig_14" timestamp="2025-04-30T20:51:38Z" hostname="45f5f299b1c1" tests="8" skipped="4" failures="0" errors="0" time="1.957">
    <testcase time="0.0199999999999996" classname="fda_fig_14" name="Figure_14_generation_works_with_default_values"/>
    <testcase time="0.638" classname="fda_fig_14" name="Figure_14_generation_works_with_default_values">
      <skipped message="Reason: On CI ('test-fda-fig_14.R:7:3')"/>
    </testcase>
    <testcase time="0.0130000000000008" classname="fda_fig_14" name="Figure_14_generation_works_with_no_table"/>
    <testcase time="0.0469999999999997" classname="fda_fig_14" name="Figure_14_generation_works_with_no_table">
      <skipped message="Reason: On CI ('test-fda-fig_14.R:16:3')"/>
    </testcase>
    <testcase time="0.0129999999999999" classname="fda_fig_14" name="Figure_14_generation_works_with_custom_values"/>
    <testcase time="0.576000000000001" classname="fda_fig_14" name="Figure_14_generation_works_with_custom_values">
      <skipped message="Reason: On CI ('test-fda-fig_14.R:40:3')"/>
    </testcase>
    <testcase time="0.0139999999999993" classname="fda_fig_14" name="Figure_14_generation_works_with_ggtheme_argument_specified"/>
    <testcase time="0.636000000000001" classname="fda_fig_14" name="Figure_14_generation_works_with_ggtheme_argument_specified">
      <skipped message="Reason: On CI ('test-fda-fig_14.R:52:3')"/>
    </testcase>
  </testsuite>
  <testsuite name="fda-table_02" timestamp="2025-04-30T20:51:40Z" hostname="45f5f299b1c1" tests="22" skipped="6" failures="0" errors="0" time="9.599">
    <testcase time="0.0379999999999985" classname="fda_table_02" name="Table_02_generation_works_with_default_values"/>
    <testcase time="0.0410000000000004" classname="fda_table_02" name="Table_02_generation_works_with_default_values"/>
    <testcase time="1.265" classname="fda_table_02" name="Table_02_generation_works_with_default_values"/>
    <testcase time="2.063" classname="fda_table_02" name="Table_02_generation_works_with_default_values"/>
    <testcase time="0.0139999999999993" classname="fda_table_02" name="Table_02_generation_works_with_default_values">
      <skipped message="Reason: On CRAN ('test-fda-table_02.R:16:3')"/>
    </testcase>
    <testcase time="0.032" classname="fda_table_02" name="Table_02_generation_works_with_custom_values"/>
    <testcase time="0.0389999999999997" classname="fda_table_02" name="Table_02_generation_works_with_custom_values"/>
    <testcase time="1.198" classname="fda_table_02" name="Table_02_generation_works_with_custom_values"/>
    <testcase time="2.084" classname="fda_table_02" name="Table_02_generation_works_with_custom_values"/>
    <testcase time="0.0080000000000009" classname="fda_table_02" name="Table_02_generation_works_with_custom_values">
      <skipped message="Reason: On CRAN ('test-fda-table_02.R:42:3')"/>
    </testcase>
    <testcase time="0.0269999999999992" classname="fda_table_02" name="Table_02_generation_works_with_some_NA_values"/>
    <testcase time="1.4" classname="fda_table_02" name="Table_02_generation_works_with_some_NA_values"/>
    <testcase time="0.00800000000000267" classname="fda_table_02" name="Table_02_generation_works_with_some_NA_values">
      <skipped message="Reason: On CRAN ('test-fda-table_02.R:56:3')"/>
    </testcase>
    <testcase time="0.0129999999999981" classname="fda_table_02" name="Table_02_generation_rtables_works_with_default_values"/>
    <testcase time="0.43" classname="fda_table_02" name="Table_02_generation_rtables_works_with_default_values"/>
    <testcase time="0.173999999999999" classname="fda_table_02" name="Table_02_generation_rtables_works_with_default_values">
      <skipped message="Reason: On CRAN ('test-fda-table_02.R:63:3')"/>
    </testcase>
    <testcase time="0.032" classname="fda_table_02" name="Table_02_generation_rtables_works_with_custom_values"/>
    <testcase time="0.316000000000003" classname="fda_table_02" name="Table_02_generation_rtables_works_with_custom_values"/>
    <testcase time="0.242999999999999" classname="fda_table_02" name="Table_02_generation_rtables_works_with_custom_values">
      <skipped message="Reason: On CRAN ('test-fda-table_02.R:92:3')"/>
    </testcase>
    <testcase time="0.0259999999999998" classname="fda_table_02" name="Table_02_generation_rtables_works_with_some_NA_values"/>
    <testcase time="0.0969999999999978" classname="fda_table_02" name="Table_02_generation_rtables_works_with_some_NA_values"/>
    <testcase time="0.0510000000000019" classname="fda_table_02" name="Table_02_generation_rtables_works_with_some_NA_values">
      <skipped message="Reason: On CRAN ('test-fda-table_02.R:104:3')"/>
    </testcase>
  </testsuite>
  <testsuite name="fda-table_03" timestamp="2025-04-30T20:51:50Z" hostname="45f5f299b1c1" tests="8" skipped="2" failures="0" errors="0" time="0.653">
    <testcase time="0.0199999999999996" classname="fda_table_03" name="Table_3_generation_works_with_default_values"/>
    <testcase time="0.00100000000000122" classname="fda_table_03" name="Table_3_generation_works_with_default_values"/>
    <testcase time="0.222999999999999" classname="fda_table_03" name="Table_3_generation_works_with_default_values"/>
    <testcase time="0.0620000000000012" classname="fda_table_03" name="Table_3_generation_works_with_default_values">
      <skipped message="Reason: On CRAN ('test-fda-table_03.R:21:3')"/>
    </testcase>
    <testcase time="0.0129999999999981" classname="fda_table_03" name="Table_3_generation_works_with_custom_values"/>
    <testcase time="0.00100000000000122" classname="fda_table_03" name="Table_3_generation_works_with_custom_values"/>
    <testcase time="0.248000000000001" classname="fda_table_03" name="Table_3_generation_works_with_custom_values"/>
    <testcase time="0.0849999999999973" classname="fda_table_03" name="Table_3_generation_works_with_custom_values">
      <skipped message="Reason: On CRAN ('test-fda-table_03.R:41:3')"/>
    </testcase>
  </testsuite>
  <testsuite name="fda-table_04" timestamp="2025-04-30T20:51:51Z" hostname="45f5f299b1c1" tests="9" skipped="2" failures="0" errors="0" time="0.678">
    <testcase time="0.0199999999999996" classname="fda_table_04" name="Table_04_generation_works_with_default_values"/>
    <testcase time="0.217000000000002" classname="fda_table_04" name="Table_04_generation_works_with_default_values"/>
    <testcase time="0.0960000000000001" classname="fda_table_04" name="Table_04_generation_works_with_default_values">
      <skipped message="Reason: On CRAN ('test-fda-table_04.R:17:3')"/>
    </testcase>
    <testcase time="0.0129999999999981" classname="fda_table_04" name="Table_04_generation_works_with_custom_values"/>
    <testcase time="0.00100000000000122" classname="fda_table_04" name="Table_04_generation_works_with_custom_values"/>
    <testcase time="0.00100000000000122" classname="fda_table_04" name="Table_04_generation_works_with_custom_values"/>
    <testcase time="0.000999999999997669" classname="fda_table_04" name="Table_04_generation_works_with_custom_values"/>
    <testcase time="0.239000000000001" classname="fda_table_04" name="Table_04_generation_works_with_custom_values"/>
    <testcase time="0.0899999999999999" classname="fda_table_04" name="Table_04_generation_works_with_custom_values">
      <skipped message="Reason: On CRAN ('test-fda-table_04.R:45:3')"/>
    </testcase>
  </testsuite>
  <testsuite name="fda-table_05" timestamp="2025-04-30T20:51:51Z" hostname="45f5f299b1c1" tests="11" skipped="5" failures="0" errors="0" time="3.83">
    <testcase time="0.0180000000000007" classname="fda_table_05" name="Table_05_generation_works_with_default_values"/>
    <testcase time="1.327" classname="fda_table_05" name="Table_05_generation_works_with_default_values"/>
    <testcase time="0.139000000000003" classname="fda_table_05" name="Table_05_generation_works_with_default_values">
      <skipped message="Reason: On CRAN ('test-fda-table_05.R:11:3')"/>
    </testcase>
    <testcase time="1.34" classname="fda_table_05" name="Table_05_generation_works_with_gtsummary_with_custom_values"/>
    <testcase time="0.125999999999998" classname="fda_table_05" name="Table_05_generation_works_with_gtsummary_with_custom_values">
      <skipped message="Reason: On CRAN ('test-fda-table_05.R:33:3')"/>
    </testcase>
    <testcase time="0.212" classname="fda_table_05" name="Table_05_generation_works_with_rtables_with_custom_values"/>
    <testcase time="0.0869999999999997" classname="fda_table_05" name="Table_05_generation_works_with_rtables_with_custom_values">
      <skipped message="Reason: On CRAN ('test-fda-table_05.R:59:3')"/>
    </testcase>
    <testcase time="0.177000000000003" classname="fda_table_05" name="Table_05_generation_works_with_rtables_with_NA_values_pruned_rows"/>
    <testcase time="0.0739999999999981" classname="fda_table_05" name="Table_05_generation_works_with_rtables_with_NA_values_pruned_rows">
      <skipped message="Reason: On CRAN ('test-fda-table_05.R:69:3')"/>
    </testcase>
    <testcase time="0.240000000000002" classname="fda_table_05" name="Table_05_generation_works_with_rtables_with_risk_difference_column"/>
    <testcase time="0.0899999999999999" classname="fda_table_05" name="Table_05_generation_works_with_rtables_with_risk_difference_column">
      <skipped message="Reason: On CRAN ('test-fda-table_05.R:82:3')"/>
    </testcase>
  </testsuite>
  <testsuite name="fda-table_07" timestamp="2025-04-30T20:51:55Z" hostname="45f5f299b1c1" tests="24" skipped="4" failures="0" errors="0" time="1.878">
    <testcase time="0.0239999999999974" classname="fda_table_07" name="Table_07_generation_works_with_default_values"/>
    <testcase time="0.00200000000000244" classname="fda_table_07" name="Table_07_generation_works_with_default_values"/>
    <testcase time="0.000999999999997669" classname="fda_table_07" name="Table_07_generation_works_with_default_values"/>
    <testcase time="0.0259999999999998" classname="fda_table_07" name="Table_07_generation_works_with_default_values"/>
    <testcase time="0.251000000000001" classname="fda_table_07" name="Table_07_generation_works_with_default_values"/>
    <testcase time="0.120999999999999" classname="fda_table_07" name="Table_07_generation_works_with_default_values">
      <skipped message="Reason: On CRAN ('test-fda-table_07.R:13:3')"/>
    </testcase>
    <testcase time="0.017000000000003" classname="fda_table_07" name="Table_07_generation_works_with_custom_values"/>
    <testcase time="0.000999999999997669" classname="fda_table_07" name="Table_07_generation_works_with_custom_values"/>
    <testcase time="0.00100000000000122" classname="fda_table_07" name="Table_07_generation_works_with_custom_values"/>
    <testcase time="0.027000000000001" classname="fda_table_07" name="Table_07_generation_works_with_custom_values"/>
    <testcase time="0.337" classname="fda_table_07" name="Table_07_generation_works_with_custom_values"/>
    <testcase time="0.148999999999997" classname="fda_table_07" name="Table_07_generation_works_with_custom_values">
      <skipped message="Reason: On CRAN ('test-fda-table_07.R:42:3')"/>
    </testcase>
    <testcase time="0.022000000000002" classname="fda_table_07" name="Table_07_generation_works_with_NA_values_pruned_rows"/>
    <testcase time="0.00199999999999889" classname="fda_table_07" name="Table_07_generation_works_with_NA_values_pruned_rows"/>
    <testcase time="0.00100000000000122" classname="fda_table_07" name="Table_07_generation_works_with_NA_values_pruned_rows"/>
    <testcase time="0.0289999999999999" classname="fda_table_07" name="Table_07_generation_works_with_NA_values_pruned_rows"/>
    <testcase time="0.242999999999999" classname="fda_table_07" name="Table_07_generation_works_with_NA_values_pruned_rows"/>
    <testcase time="0.129999999999999" classname="fda_table_07" name="Table_07_generation_works_with_NA_values_pruned_rows">
      <skipped message="Reason: On CRAN ('test-fda-table_07.R:52:3')"/>
    </testcase>
    <testcase time="0.0190000000000019" classname="fda_table_07" name="Table_07_generation_works_with_risk_difference_column"/>
    <testcase time="0.00100000000000122" classname="fda_table_07" name="Table_07_generation_works_with_risk_difference_column"/>
    <testcase time="0.00199999999999889" classname="fda_table_07" name="Table_07_generation_works_with_risk_difference_column"/>
    <testcase time="0.027000000000001" classname="fda_table_07" name="Table_07_generation_works_with_risk_difference_column"/>
    <testcase time="0.302" classname="fda_table_07" name="Table_07_generation_works_with_risk_difference_column"/>
    <testcase time="0.143000000000001" classname="fda_table_07" name="Table_07_generation_works_with_risk_difference_column">
      <skipped message="Reason: On CRAN ('test-fda-table_07.R:65:3')"/>
    </testcase>
  </testsuite>
  <testsuite name="fda-table_08" timestamp="2025-04-30T20:51:57Z" hostname="45f5f299b1c1" tests="8" skipped="2" failures="0" errors="0" time="0.475">
    <testcase time="0.0179999999999971" classname="fda_table_08" name="Table_08_generation_works_with_default_values"/>
    <testcase time="0.00100000000000122" classname="fda_table_08" name="Table_08_generation_works_with_default_values"/>
    <testcase time="0.0289999999999999" classname="fda_table_08" name="Table_08_generation_works_with_default_values"/>
    <testcase time="0.173999999999999" classname="fda_table_08" name="Table_08_generation_works_with_default_values">
      <skipped message="Reason: On CRAN ('test-fda-table_08.R:10:3')"/>
    </testcase>
    <testcase time="0.0139999999999993" classname="fda_table_08" name="Table_08_generation_works_with_custom_values"/>
    <testcase time="0.00100000000000122" classname="fda_table_08" name="Table_08_generation_works_with_custom_values"/>
    <testcase time="0.0249999999999986" classname="fda_table_08" name="Table_08_generation_works_with_custom_values"/>
    <testcase time="0.213000000000001" classname="fda_table_08" name="Table_08_generation_works_with_custom_values">
      <skipped message="Reason: On CRAN ('test-fda-table_08.R:31:3')"/>
    </testcase>
  </testsuite>
  <testsuite name="fda-table_09" timestamp="2025-04-30T20:51:57Z" hostname="45f5f299b1c1" tests="51" skipped="9" failures="0" errors="0" time="10.309">
    <testcase time="0.0190000000000019" classname="fda_table_09" name="Table_09_rtables_generation_works_with_default_values"/>
    <testcase time="0.0269999999999975" classname="fda_table_09" name="Table_09_rtables_generation_works_with_default_values"/>
    <testcase time="0.228000000000002" classname="fda_table_09" name="Table_09_rtables_generation_works_with_default_values"/>
    <testcase time="0.0659999999999989" classname="fda_table_09" name="Table_09_rtables_generation_works_with_default_values">
      <skipped message="Reason: On CRAN ('test-fda-table_09.R:8:3')"/>
    </testcase>
    <testcase time="0.0130000000000017" classname="fda_table_09" name="Table_09_rtables_generation_works_with_custom_values"/>
    <testcase time="0.0269999999999975" classname="fda_table_09" name="Table_09_rtables_generation_works_with_custom_values"/>
    <testcase time="0.287000000000003" classname="fda_table_09" name="Table_09_rtables_generation_works_with_custom_values"/>
    <testcase time="0.0760000000000005" classname="fda_table_09" name="Table_09_rtables_generation_works_with_custom_values">
      <skipped message="Reason: On CRAN ('test-fda-table_09.R:39:3')"/>
    </testcase>
    <testcase time="0.0139999999999993" classname="fda_table_09" name="Table_09_generation_works_with_risk_difference_column"/>
    <testcase time="0.233000000000001" classname="fda_table_09" name="Table_09_generation_works_with_risk_difference_column"/>
    <testcase time="0.289999999999999" classname="fda_table_09" name="Table_09_generation_works_with_risk_difference_column"/>
    <testcase time="0.0749999999999993" classname="fda_table_09" name="Table_09_generation_works_with_risk_difference_column">
      <skipped message="Reason: On CRAN ('test-fda-table_09.R:47:3')"/>
    </testcase>
    <testcase time="0.0130000000000017" classname="fda_table_09" name="Table_09_gt_generation_works_with_default_values"/>
    <testcase time="0.0969999999999978" classname="fda_table_09" name="Table_09_gt_generation_works_with_default_values">
      <skipped message="Reason: On CRAN ('test-fda-table_09.R:60:3')"/>
    </testcase>
    <testcase time="0.0139999999999993" classname="fda_table_09" name="Table_09_gt_generation_works_with_custom_values"/>
    <testcase time="0.139000000000003" classname="fda_table_09" name="Table_09_gt_generation_works_with_custom_values">
      <skipped message="Reason: On CRAN ('test-fda-table_09.R:88:3')"/>
    </testcase>
    <testcase time="0.381999999999998" classname="fda_table_09" name="make_table_09_tplyr_returns_a_tibble_when_tplyr_raw_TRUE"/>
    <testcase time="0.00199999999999889" classname="fda_table_09" name="make_table_09_tplyr_returns_a_tibble_when_tplyr_raw_TRUE"/>
    <testcase time="0.0130000000000017" classname="fda_table_09" name="make_table_09_tplyr_returns_a_tibble_when_tplyr_raw_TRUE">
      <skipped message="Reason: On CRAN ('test-fda-table_09.R:101:3')"/>
    </testcase>
    <testcase time="0.370999999999999" classname="fda_table_09" name="make_table_09_tplyr_returns_a_gt_object_when_tplyr_raw_FALSE"/>
    <testcase time="0.00200000000000244" classname="fda_table_09" name="make_table_09_tplyr_returns_a_gt_object_when_tplyr_raw_FALSE"/>
    <testcase time="0.0559999999999974" classname="fda_table_09" name="make_table_09_tplyr_returns_a_gt_object_when_tplyr_raw_FALSE">
      <skipped message="Reason: On CRAN ('test-fda-table_09.R:112:3')"/>
    </testcase>
    <testcase time="0.359000000000002" classname="fda_table_09" name="make_table_09_tplyr_provides_total_column_counts_based_on_the_alt_count_df_parameter"/>
    <testcase time="0.352" classname="fda_table_09" name="make_table_09_tplyr_provides_total_column_counts_based_on_the_alt_count_df_parameter"/>
    <testcase time="0.346" classname="fda_table_09" name="make_table_09_tplyr_assigns_column_headers_correctly_to_the_arm_groups"/>
    <testcase time="0.338999999999999" classname="fda_table_09" name="make_table_09_tplyr_assigns_column_headers_correctly_to_the_arm_groups"/>
    <testcase time="0.378" classname="fda_table_09" name="make_table_09_tplyr_assigns_column_headers_correctly_to_the_arm_groups"/>
    <testcase time="0.346" classname="fda_table_09" name="make_table_09_tplyr_provides_risk_difference_columns_based_on_the_risk_diff_pairs_parameter"/>
    <testcase time="0.335000000000001" classname="fda_table_09" name="make_table_09_tplyr_provides_risk_difference_columns_based_on_the_risk_diff_pairs_parameter"/>
    <testcase time="0.379000000000001" classname="fda_table_09" name="make_table_09_tplyr_provides_a_total_column_based_on_the_lbl_overall_parameter"/>
    <testcase time="0.00300000000000011" classname="fda_table_09" name="make_table_09_tplyr_provides_a_total_column_based_on_the_lbl_overall_parameter"/>
    <testcase time="0.341999999999999" classname="fda_table_09" name="make_table_09_tplyr_provides_a_total_column_based_on_the_lbl_overall_parameter"/>
    <testcase time="0.344999999999999" classname="fda_table_09" name="make_table_09_tplyr_prunes_all_zero_rows_based_on_the_prune_0_parameter"/>
    <testcase time="0.356000000000002" classname="fda_table_09" name="make_table_09_tplyr_prunes_all_zero_rows_based_on_the_prune_0_parameter"/>
    <testcase time="0.348999999999997" classname="fda_table_09" name="make_table_09_tplyr_shows_column_counts_based_on_the_show_colcounts_parameter"/>
    <testcase time="0.342000000000006" classname="fda_table_09" name="make_table_09_tplyr_shows_column_counts_based_on_the_show_colcounts_parameter"/>
    <testcase time="0.347999999999999" classname="fda_table_09" name="make_table_09_tplyr_considers_lbl_soc_var_and_lbl_pref_var_parameters"/>
    <testcase time="0.00300000000000011" classname="fda_table_09" name="make_table_09_tplyr_considers_lbl_soc_var_and_lbl_pref_var_parameters"/>
    <testcase time="0.369" classname="fda_table_09" name="make_table_09_tplyr_considers_lbl_soc_var_and_lbl_pref_var_parameters"/>
    <testcase time="0.00300000000000011" classname="fda_table_09" name="make_table_09_tplyr_considers_lbl_soc_var_and_lbl_pref_var_parameters"/>
    <testcase time="0.391999999999996" classname="fda_table_09" name="make_table_09_tplyr_considers_annotations_if_tplyr_raw_FALSE"/>
    <testcase time="0.00300000000000011" classname="fda_table_09" name="make_table_09_tplyr_considers_annotations_if_tplyr_raw_FALSE"/>
    <testcase time="0.00300000000000011" classname="fda_table_09" name="make_table_09_tplyr_considers_annotations_if_tplyr_raw_FALSE"/>
    <testcase time="0.00200000000000244" classname="fda_table_09" name="make_table_09_tplyr_considers_annotations_if_tplyr_raw_FALSE"/>
    <testcase time="0.00300000000000011" classname="fda_table_09" name="make_table_09_tplyr_considers_annotations_if_tplyr_raw_FALSE"/>
    <testcase time="0.00300000000000011" classname="fda_table_09" name="make_table_09_tplyr_considers_annotations_if_tplyr_raw_FALSE"/>
    <testcase time="0.00300000000000011" classname="fda_table_09" name="make_table_09_tplyr_considers_annotations_if_tplyr_raw_FALSE"/>
    <testcase time="0.00399999999999778" classname="fda_table_09" name="Table_09_generation_works_with_gtsummary_with_default_values"/>
    <testcase time="1.086" classname="fda_table_09" name="Table_09_generation_works_with_gtsummary_with_default_values">
      <skipped message="Reason: On CRAN ('test-fda-table_09.R:357:3')"/>
    </testcase>
    <testcase time="0.0140000000000029" classname="fda_table_09" name="Table_09_generation_works_with_gtsummary_with_custom_values"/>
    <testcase time="1.058" classname="fda_table_09" name="Table_09_generation_works_with_gtsummary_with_custom_values">
      <skipped message="Reason: On CRAN ('test-fda-table_09.R:376:3')"/>
    </testcase>
  </testsuite>
  <testsuite name="fda-table_10" timestamp="2025-04-30T20:52:08Z" hostname="45f5f299b1c1" tests="36" skipped="5" failures="0" errors="0" time="4.225">
    <testcase time="0.0240000000000009" classname="fda_table_10" name="Table_10_generation_gtsummary_works_with_default_values"/>
    <testcase time="0.0609999999999999" classname="fda_table_10" name="Table_10_generation_gtsummary_works_with_default_values"/>
    <testcase time="0.0349999999999966" classname="fda_table_10" name="Table_10_generation_gtsummary_works_with_default_values"/>
    <testcase time="0.0360000000000014" classname="fda_table_10" name="Table_10_generation_gtsummary_works_with_default_values"/>
    <testcase time="0.0350000000000037" classname="fda_table_10" name="Table_10_generation_gtsummary_works_with_default_values"/>
    <testcase time="0.0349999999999966" classname="fda_table_10" name="Table_10_generation_gtsummary_works_with_default_values"/>
    <testcase time="0.00200000000000244" classname="fda_table_10" name="Table_10_generation_gtsummary_works_with_default_values"/>
    <testcase time="0.143000000000001" classname="fda_table_10" name="Table_10_generation_gtsummary_works_with_default_values"/>
    <testcase time="0.0269999999999939" classname="fda_table_10" name="Table_10_generation_gtsummary_works_with_default_values"/>
    <testcase time="0.0530000000000044" classname="fda_table_10" name="Table_10_generation_gtsummary_works_with_default_values"/>
    <testcase time="0.792999999999999" classname="fda_table_10" name="Table_10_generation_gtsummary_works_with_default_values"/>
    <testcase time="0.268000000000001" classname="fda_table_10" name="Table_10_generation_gtsummary_works_with_default_values">
      <skipped message="Reason: On CRAN ('test-fda-table_10.R:17:3')"/>
    </testcase>
    <testcase time="0.0120000000000005" classname="fda_table_10" name="Table_10_generation_gtsummary_works_with_default_values"/>
    <testcase time="0.0659999999999954" classname="fda_table_10" name="Table_10_generation_gtsummary_works_with_default_values"/>
    <testcase time="0.0360000000000014" classname="fda_table_10" name="Table_10_generation_gtsummary_works_with_default_values"/>
    <testcase time="0.0360000000000014" classname="fda_table_10" name="Table_10_generation_gtsummary_works_with_default_values"/>
    <testcase time="0.0429999999999993" classname="fda_table_10" name="Table_10_generation_gtsummary_works_with_default_values"/>
    <testcase time="0.0360000000000014" classname="fda_table_10" name="Table_10_generation_gtsummary_works_with_default_values"/>
    <testcase time="0.00200000000000244" classname="fda_table_10" name="Table_10_generation_gtsummary_works_with_default_values"/>
    <testcase time="0.137999999999998" classname="fda_table_10" name="Table_10_generation_gtsummary_works_with_default_values"/>
    <testcase time="0.027000000000001" classname="fda_table_10" name="Table_10_generation_gtsummary_works_with_default_values"/>
    <testcase time="0.0529999999999973" classname="fda_table_10" name="Table_10_generation_gtsummary_works_with_default_values"/>
    <testcase time="0.820999999999998" classname="fda_table_10" name="Table_10_generation_gtsummary_works_with_default_values"/>
    <testcase time="0.25" classname="fda_table_10" name="Table_10_generation_gtsummary_works_with_default_values">
      <skipped message="Reason: On CRAN ('test-fda-table_10.R:24:3')"/>
    </testcase>
    <testcase time="0.0130000000000052" classname="fda_table_10" name="Table_10_generation_rtables_works_with_default_values_BROAD"/>
    <testcase time="0.0240000000000009" classname="fda_table_10" name="Table_10_generation_rtables_works_with_default_values_BROAD"/>
    <testcase time="0.241" classname="fda_table_10" name="Table_10_generation_rtables_works_with_default_values_BROAD"/>
    <testcase time="0.0670000000000002" classname="fda_table_10" name="Table_10_generation_rtables_works_with_default_values_BROAD">
      <skipped message="Reason: On CRAN ('test-fda-table_10.R:32:3')"/>
    </testcase>
    <testcase time="0.0139999999999958" classname="fda_table_10" name="Table_10_generation_rtables_works_with_default_values"/>
    <testcase time="0.0240000000000009" classname="fda_table_10" name="Table_10_generation_rtables_works_with_default_values"/>
    <testcase time="0.256" classname="fda_table_10" name="Table_10_generation_rtables_works_with_default_values"/>
    <testcase time="0.0609999999999999" classname="fda_table_10" name="Table_10_generation_rtables_works_with_default_values">
      <skipped message="Reason: On CRAN ('test-fda-table_10.R:67:3')"/>
    </testcase>
    <testcase time="0.0129999999999981" classname="fda_table_10" name="Table_10_generation_rtables_works_with_risk_difference_column"/>
    <testcase time="0.0280000000000058" classname="fda_table_10" name="Table_10_generation_rtables_works_with_risk_difference_column"/>
    <testcase time="0.321999999999996" classname="fda_table_10" name="Table_10_generation_rtables_works_with_risk_difference_column"/>
    <testcase time="0.130000000000003" classname="fda_table_10" name="Table_10_generation_rtables_works_with_risk_difference_column">
      <skipped message="Reason: On CRAN ('test-fda-table_10.R:75:3')"/>
    </testcase>
  </testsuite>
  <testsuite name="fda-table_13" timestamp="2025-04-30T20:52:12Z" hostname="45f5f299b1c1" tests="12" skipped="3" failures="0" errors="0" time="0.701">
    <testcase time="0.0169999999999959" classname="fda_table_13" name="Table_13_generation_works_with_default_values"/>
    <testcase time="0.0320000000000036" classname="fda_table_13" name="Table_13_generation_works_with_default_values"/>
    <testcase time="0.106000000000002" classname="fda_table_13" name="Table_13_generation_works_with_default_values"/>
    <testcase time="0.0670000000000002" classname="fda_table_13" name="Table_13_generation_works_with_default_values">
      <skipped message="Reason: On CRAN ('test-fda-table_13.R:8:3')"/>
    </testcase>
    <testcase time="0.0129999999999981" classname="fda_table_13" name="Table_13_generation_works_with_custom_values"/>
    <testcase time="0.0319999999999965" classname="fda_table_13" name="Table_13_generation_works_with_custom_values"/>
    <testcase time="0.126000000000005" classname="fda_table_13" name="Table_13_generation_works_with_custom_values"/>
    <testcase time="0.0549999999999997" classname="fda_table_13" name="Table_13_generation_works_with_custom_values">
      <skipped message="Reason: On CRAN ('test-fda-table_13.R:38:3')"/>
    </testcase>
    <testcase time="0.0129999999999981" classname="fda_table_13" name="Table_13_generation_works_with_risk_difference_column"/>
    <testcase time="0.0319999999999965" classname="fda_table_13" name="Table_13_generation_works_with_risk_difference_column"/>
    <testcase time="0.130000000000003" classname="fda_table_13" name="Table_13_generation_works_with_risk_difference_column"/>
    <testcase time="0.078000000000003" classname="fda_table_13" name="Table_13_generation_works_with_risk_difference_column">
      <skipped message="Reason: On CRAN ('test-fda-table_13.R:46:3')"/>
    </testcase>
  </testsuite>
  <testsuite name="fda-table_14" timestamp="2025-04-30T20:52:13Z" hostname="45f5f299b1c1" tests="13" skipped="4" failures="0" errors="0" time="2.493">
    <testcase time="0.0219999999999985" classname="fda_table_14" name="Table_14_generation_works_with_default_values"/>
    <testcase time="0.405000000000001" classname="fda_table_14" name="Table_14_generation_works_with_default_values"/>
    <testcase time="0.155000000000001" classname="fda_table_14" name="Table_14_generation_works_with_default_values">
      <skipped message="Reason: On CRAN ('test-fda-table_14.R:16:3')"/>
    </testcase>
    <testcase time="0.0139999999999958" classname="fda_table_14" name="Table_14_generation_works_with_custom_values"/>
    <testcase time="0.0320000000000036" classname="fda_table_14" name="Table_14_generation_works_with_custom_values"/>
    <testcase time="0.436999999999998" classname="fda_table_14" name="Table_14_generation_works_with_custom_values"/>
    <testcase time="0.152999999999999" classname="fda_table_14" name="Table_14_generation_works_with_custom_values">
      <skipped message="Reason: On CRAN ('test-fda-table_14.R:46:3')"/>
    </testcase>
    <testcase time="0.0129999999999981" classname="fda_table_14" name="Table_14_generation_works_with_NA_values_pruned_rows"/>
    <testcase time="0.410000000000004" classname="fda_table_14" name="Table_14_generation_works_with_NA_values_pruned_rows"/>
    <testcase time="0.115000000000002" classname="fda_table_14" name="Table_14_generation_works_with_NA_values_pruned_rows">
      <skipped message="Reason: On CRAN ('test-fda-table_14.R:53:3')"/>
    </testcase>
    <testcase time="0.0129999999999981" classname="fda_table_14" name="Table_14_generation_works_with_risk_difference_column"/>
    <testcase time="0.551000000000002" classname="fda_table_14" name="Table_14_generation_works_with_risk_difference_column"/>
    <testcase time="0.172999999999995" classname="fda_table_14" name="Table_14_generation_works_with_risk_difference_column">
      <skipped message="Reason: On CRAN ('test-fda-table_14.R:61:3')"/>
    </testcase>
  </testsuite>
  <testsuite name="fda-table_15" timestamp="2025-04-30T20:52:15Z" hostname="45f5f299b1c1" tests="16" skipped="4" failures="0" errors="0" time="1.63">
    <testcase time="0.027000000000001" classname="fda_table_15" name="Table_15_generation_works_with_default_values"/>
    <testcase time="0.0279999999999987" classname="fda_table_15" name="Table_15_generation_works_with_default_values"/>
    <testcase time="0.198" classname="fda_table_15" name="Table_15_generation_works_with_default_values"/>
    <testcase time="0.0990000000000038" classname="fda_table_15" name="Table_15_generation_works_with_default_values">
      <skipped message="Reason: On CRAN ('test-fda-table_15.R:19:3')"/>
    </testcase>
    <testcase time="0.0129999999999981" classname="fda_table_15" name="Table_15_generation_works_with_custom_values"/>
    <testcase time="0.0279999999999987" classname="fda_table_15" name="Table_15_generation_works_with_custom_values"/>
    <testcase time="0.203000000000003" classname="fda_table_15" name="Table_15_generation_works_with_custom_values"/>
    <testcase time="0.0940000000000012" classname="fda_table_15" name="Table_15_generation_works_with_custom_values">
      <skipped message="Reason: On CRAN ('test-fda-table_15.R:51:3')"/>
    </testcase>
    <testcase time="0.0129999999999981" classname="fda_table_15" name="Table_15_generation_works_with_NA_values_pruned_rows"/>
    <testcase time="0.0360000000000014" classname="fda_table_15" name="Table_15_generation_works_with_NA_values_pruned_rows"/>
    <testcase time="0.193999999999996" classname="fda_table_15" name="Table_15_generation_works_with_NA_values_pruned_rows"/>
    <testcase time="0.105000000000004" classname="fda_table_15" name="Table_15_generation_works_with_NA_values_pruned_rows">
      <skipped message="Reason: On CRAN ('test-fda-table_15.R:58:3')"/>
    </testcase>
    <testcase time="0.0129999999999981" classname="fda_table_15" name="Table_15_generation_works_with_risk_difference_column"/>
    <testcase time="0.0279999999999987" classname="fda_table_15" name="Table_15_generation_works_with_risk_difference_column"/>
    <testcase time="0.444000000000003" classname="fda_table_15" name="Table_15_generation_works_with_risk_difference_column"/>
    <testcase time="0.106999999999999" classname="fda_table_15" name="Table_15_generation_works_with_risk_difference_column">
      <skipped message="Reason: On CRAN ('test-fda-table_15.R:66:3')"/>
    </testcase>
  </testsuite>
  <testsuite name="fda-table_16" timestamp="2025-04-30T20:52:17Z" hostname="45f5f299b1c1" tests="16" skipped="4" failures="0" errors="0" time="1.174">
    <testcase time="0.0219999999999985" classname="fda_table_16" name="Table_16_generation_works_with_default_values"/>
    <testcase time="0.0249999999999986" classname="fda_table_16" name="Table_16_generation_works_with_default_values"/>
    <testcase time="0.187000000000005" classname="fda_table_16" name="Table_16_generation_works_with_default_values"/>
    <testcase time="0.0519999999999996" classname="fda_table_16" name="Table_16_generation_works_with_default_values">
      <skipped message="Reason: On CRAN ('test-fda-table_16.R:19:3')"/>
    </testcase>
    <testcase time="0.0129999999999981" classname="fda_table_16" name="Table_16_generation_works_with_custom_values"/>
    <testcase time="0.0249999999999986" classname="fda_table_16" name="Table_16_generation_works_with_custom_values"/>
    <testcase time="0.188000000000002" classname="fda_table_16" name="Table_16_generation_works_with_custom_values"/>
    <testcase time="0.0510000000000019" classname="fda_table_16" name="Table_16_generation_works_with_custom_values">
      <skipped message="Reason: On CRAN ('test-fda-table_16.R:51:3')"/>
    </testcase>
    <testcase time="0.0129999999999981" classname="fda_table_16" name="Table_16_generation_works_with_NA_values_pruned_rows"/>
    <testcase time="0.0249999999999986" classname="fda_table_16" name="Table_16_generation_works_with_NA_values_pruned_rows"/>
    <testcase time="0.192" classname="fda_table_16" name="Table_16_generation_works_with_NA_values_pruned_rows"/>
    <testcase time="0.0530000000000044" classname="fda_table_16" name="Table_16_generation_works_with_NA_values_pruned_rows">
      <skipped message="Reason: On CRAN ('test-fda-table_16.R:58:3')"/>
    </testcase>
    <testcase time="0.0129999999999981" classname="fda_table_16" name="Table_16_generation_works_with_risk_difference_column"/>
    <testcase time="0.0259999999999962" classname="fda_table_16" name="Table_16_generation_works_with_risk_difference_column"/>
    <testcase time="0.222999999999999" classname="fda_table_16" name="Table_16_generation_works_with_risk_difference_column"/>
    <testcase time="0.0660000000000025" classname="fda_table_16" name="Table_16_generation_works_with_risk_difference_column">
      <skipped message="Reason: On CRAN ('test-fda-table_16.R:66:3')"/>
    </testcase>
  </testsuite>
  <testsuite name="fda-table_17" timestamp="2025-04-30T20:52:18Z" hostname="45f5f299b1c1" tests="16" skipped="4" failures="0" errors="0" time="2.034">
    <testcase time="0.0189999999999984" classname="fda_table_17" name="Table_17_generation_works_with_default_values"/>
    <testcase time="0.0300000000000011" classname="fda_table_17" name="Table_17_generation_works_with_default_values"/>
    <testcase time="0.286000000000001" classname="fda_table_17" name="Table_17_generation_works_with_default_values"/>
    <testcase time="0.157000000000004" classname="fda_table_17" name="Table_17_generation_works_with_default_values">
      <skipped message="Reason: On CRAN ('test-fda-table_17.R:25:3')"/>
    </testcase>
    <testcase time="0.0129999999999981" classname="fda_table_17" name="Table_17_generation_works_with_custom_values"/>
    <testcase time="0.0289999999999964" classname="fda_table_17" name="Table_17_generation_works_with_custom_values"/>
    <testcase time="0.292000000000002" classname="fda_table_17" name="Table_17_generation_works_with_custom_values"/>
    <testcase time="0.157000000000004" classname="fda_table_17" name="Table_17_generation_works_with_custom_values">
      <skipped message="Reason: On CRAN ('test-fda-table_17.R:57:3')"/>
    </testcase>
    <testcase time="0.0129999999999981" classname="fda_table_17" name="Table_17_generation_works_with_NA_values_pruned_rows"/>
    <testcase time="0.0289999999999964" classname="fda_table_17" name="Table_17_generation_works_with_NA_values_pruned_rows"/>
    <testcase time="0.288000000000004" classname="fda_table_17" name="Table_17_generation_works_with_NA_values_pruned_rows"/>
    <testcase time="0.150999999999996" classname="fda_table_17" name="Table_17_generation_works_with_NA_values_pruned_rows">
      <skipped message="Reason: On CRAN ('test-fda-table_17.R:64:3')"/>
    </testcase>
    <testcase time="0.0130000000000052" classname="fda_table_17" name="Table_17_generation_works_with_risk_difference_column"/>
    <testcase time="0.0289999999999964" classname="fda_table_17" name="Table_17_generation_works_with_risk_difference_column"/>
    <testcase time="0.346000000000004" classname="fda_table_17" name="Table_17_generation_works_with_risk_difference_column"/>
    <testcase time="0.182000000000002" classname="fda_table_17" name="Table_17_generation_works_with_risk_difference_column">
      <skipped message="Reason: On CRAN ('test-fda-table_17.R:72:3')"/>
    </testcase>
  </testsuite>
  <testsuite name="fda-table_18" timestamp="2025-04-30T20:52:20Z" hostname="45f5f299b1c1" tests="16" skipped="4" failures="0" errors="0" time="1.69">
    <testcase time="0.0189999999999984" classname="fda_table_18" name="Table_18_generation_works_with_default_values"/>
    <testcase time="0.0249999999999986" classname="fda_table_18" name="Table_18_generation_works_with_default_values"/>
    <testcase time="0.296999999999997" classname="fda_table_18" name="Table_18_generation_works_with_default_values"/>
    <testcase time="0.0760000000000005" classname="fda_table_18" name="Table_18_generation_works_with_default_values">
      <skipped message="Reason: On CRAN ('test-fda-table_18.R:25:3')"/>
    </testcase>
    <testcase time="0.0130000000000052" classname="fda_table_18" name="Table_18_generation_works_with_custom_values"/>
    <testcase time="0.0249999999999986" classname="fda_table_18" name="Table_18_generation_works_with_custom_values"/>
    <testcase time="0.278999999999996" classname="fda_table_18" name="Table_18_generation_works_with_custom_values"/>
    <testcase time="0.0750000000000028" classname="fda_table_18" name="Table_18_generation_works_with_custom_values">
      <skipped message="Reason: On CRAN ('test-fda-table_18.R:57:3')"/>
    </testcase>
    <testcase time="0.0129999999999981" classname="fda_table_18" name="Table_18_generation_works_with_NA_values_pruned_rows"/>
    <testcase time="0.0260000000000034" classname="fda_table_18" name="Table_18_generation_works_with_NA_values_pruned_rows"/>
    <testcase time="0.274999999999999" classname="fda_table_18" name="Table_18_generation_works_with_NA_values_pruned_rows"/>
    <testcase time="0.097999999999999" classname="fda_table_18" name="Table_18_generation_works_with_NA_values_pruned_rows">
      <skipped message="Reason: On CRAN ('test-fda-table_18.R:64:3')"/>
    </testcase>
    <testcase time="0.0150000000000006" classname="fda_table_18" name="Table_18_generation_works_with_risk_difference_column"/>
    <testcase time="0.0260000000000034" classname="fda_table_18" name="Table_18_generation_works_with_risk_difference_column"/>
    <testcase time="0.336999999999996" classname="fda_table_18" name="Table_18_generation_works_with_risk_difference_column"/>
    <testcase time="0.0910000000000011" classname="fda_table_18" name="Table_18_generation_works_with_risk_difference_column">
      <skipped message="Reason: On CRAN ('test-fda-table_18.R:72:3')"/>
    </testcase>
  </testsuite>
  <testsuite name="fda-table_20" timestamp="2025-04-30T20:52:22Z" hostname="45f5f299b1c1" tests="24" skipped="4" failures="0" errors="0" time="1.949">
    <testcase time="0.0189999999999984" classname="fda_table_20" name="Table_20_generation_works_with_default_values"/>
    <testcase time="0.000999999999997669" classname="fda_table_20" name="Table_20_generation_works_with_default_values"/>
    <testcase time="0.00100000000000477" classname="fda_table_20" name="Table_20_generation_works_with_default_values"/>
    <testcase time="0.0279999999999987" classname="fda_table_20" name="Table_20_generation_works_with_default_values"/>
    <testcase time="0.299999999999997" classname="fda_table_20" name="Table_20_generation_works_with_default_values"/>
    <testcase time="0.0940000000000012" classname="fda_table_20" name="Table_20_generation_works_with_default_values">
      <skipped message="Reason: On CRAN ('test-fda-table_20.R:17:3')"/>
    </testcase>
    <testcase time="0.0130000000000052" classname="fda_table_20" name="Table_20_generation_works_with_custom_values"/>
    <testcase time="0.000999999999997669" classname="fda_table_20" name="Table_20_generation_works_with_custom_values"/>
    <testcase time="0.00199999999999534" classname="fda_table_20" name="Table_20_generation_works_with_custom_values"/>
    <testcase time="0.0280000000000058" classname="fda_table_20" name="Table_20_generation_works_with_custom_values"/>
    <testcase time="0.421999999999997" classname="fda_table_20" name="Table_20_generation_works_with_custom_values"/>
    <testcase time="0.106000000000002" classname="fda_table_20" name="Table_20_generation_works_with_custom_values">
      <skipped message="Reason: On CRAN ('test-fda-table_20.R:65:3')"/>
    </testcase>
    <testcase time="0.0129999999999981" classname="fda_table_20" name="Table_20_generation_works_with_missing_values_pruned_rows"/>
    <testcase time="0.00200000000000244" classname="fda_table_20" name="Table_20_generation_works_with_missing_values_pruned_rows"/>
    <testcase time="0.000999999999997669" classname="fda_table_20" name="Table_20_generation_works_with_missing_values_pruned_rows"/>
    <testcase time="0.0279999999999987" classname="fda_table_20" name="Table_20_generation_works_with_missing_values_pruned_rows"/>
    <testcase time="0.285000000000004" classname="fda_table_20" name="Table_20_generation_works_with_missing_values_pruned_rows"/>
    <testcase time="0.080999999999996" classname="fda_table_20" name="Table_20_generation_works_with_missing_values_pruned_rows">
      <skipped message="Reason: On CRAN ('test-fda-table_20.R:74:3')"/>
    </testcase>
    <testcase time="0.0130000000000052" classname="fda_table_20" name="Table_20_generation_works_with_risk_difference_column"/>
    <testcase time="0.000999999999997669" classname="fda_table_20" name="Table_20_generation_works_with_risk_difference_column"/>
    <testcase time="0.000999999999997669" classname="fda_table_20" name="Table_20_generation_works_with_risk_difference_column"/>
    <testcase time="0.0290000000000035" classname="fda_table_20" name="Table_20_generation_works_with_risk_difference_column"/>
    <testcase time="0.381" classname="fda_table_20" name="Table_20_generation_works_with_risk_difference_column"/>
    <testcase time="0.0989999999999966" classname="fda_table_20" name="Table_20_generation_works_with_risk_difference_column">
      <skipped message="Reason: On CRAN ('test-fda-table_20.R:82:3')"/>
    </testcase>
  </testsuite>
  <testsuite name="fda-table_21" timestamp="2025-04-30T20:52:24Z" hostname="45f5f299b1c1" tests="19" skipped="4" failures="0" errors="0" time="1.799">
    <testcase time="0.0350000000000037" classname="fda_table_21" name="Table_21_generation_works_with_default_values"/>
    <testcase time="0.000999999999997669" classname="fda_table_21" name="Table_21_generation_works_with_default_values"/>
    <testcase time="0.356999999999999" classname="fda_table_21" name="Table_21_generation_works_with_default_values"/>
    <testcase time="0.106999999999999" classname="fda_table_21" name="Table_21_generation_works_with_default_values">
      <skipped message="Reason: On CRAN ('test-fda-table_21.R:16:3')"/>
    </testcase>
    <testcase time="0.0129999999999981" classname="fda_table_21" name="Table_21_generation_works_with_custom_values_N_s_denominator_and_overall_column"/>
    <testcase time="0.00100000000000477" classname="fda_table_21" name="Table_21_generation_works_with_custom_values_N_s_denominator_and_overall_column"/>
    <testcase time="0.0499999999999972" classname="fda_table_21" name="Table_21_generation_works_with_custom_values_N_s_denominator_and_overall_column"/>
    <testcase time="0.436" classname="fda_table_21" name="Table_21_generation_works_with_custom_values_N_s_denominator_and_overall_column"/>
    <testcase time="0.115000000000002" classname="fda_table_21" name="Table_21_generation_works_with_custom_values_N_s_denominator_and_overall_column">
      <skipped message="Reason: On CRAN ('test-fda-table_21.R:28:3')"/>
    </testcase>
    <testcase time="0.0120000000000005" classname="fda_table_21" name="Table_21_generation_works_with_custom_values_N_col_denominator_and_no_overall_column"/>
    <testcase time="0.00200000000000244" classname="fda_table_21" name="Table_21_generation_works_with_custom_values_N_col_denominator_and_no_overall_column"/>
    <testcase time="0.0399999999999991" classname="fda_table_21" name="Table_21_generation_works_with_custom_values_N_col_denominator_and_no_overall_column"/>
    <testcase time="0.217999999999996" classname="fda_table_21" name="Table_21_generation_works_with_custom_values_N_col_denominator_and_no_overall_column"/>
    <testcase time="0.0910000000000011" classname="fda_table_21" name="Table_21_generation_works_with_custom_values_N_col_denominator_and_no_overall_column">
      <skipped message="Reason: On CRAN ('test-fda-table_21.R:56:3')"/>
    </testcase>
    <testcase time="0.0420000000000016" classname="fda_table_21" name="Table_21_generation_works_with_some_NA_values"/>
    <testcase time="0.00199999999999534" classname="fda_table_21" name="Table_21_generation_works_with_some_NA_values"/>
    <testcase time="0.0290000000000035" classname="fda_table_21" name="Table_21_generation_works_with_some_NA_values"/>
    <testcase time="0.177999999999997" classname="fda_table_21" name="Table_21_generation_works_with_some_NA_values"/>
    <testcase time="0.0700000000000003" classname="fda_table_21" name="Table_21_generation_works_with_some_NA_values">
      <skipped message="Reason: On CRAN ('test-fda-table_21.R:76:3')"/>
    </testcase>
  </testsuite>
  <testsuite name="fda-table_22" timestamp="2025-04-30T20:52:25Z" hostname="45f5f299b1c1" tests="8" skipped="4" failures="0" errors="0" time="1.821">
    <testcase time="0.397000000000006" classname="fda_table_22" name="Table_22_generation_works_with_default_values"/>
    <testcase time="0.119" classname="fda_table_22" name="Table_22_generation_works_with_default_values">
      <skipped message="Reason: On CRAN ('test-fda-table_22.R:21:3')"/>
    </testcase>
    <testcase time="0.502000000000002" classname="fda_table_22" name="Table_22_generation_works_with_custom_values_N_s_denominator_and_overall_column"/>
    <testcase time="0.111999999999995" classname="fda_table_22" name="Table_22_generation_works_with_custom_values_N_s_denominator_and_overall_column">
      <skipped message="Reason: On CRAN ('test-fda-table_22.R:33:3')"/>
    </testcase>
    <testcase time="0.261000000000003" classname="fda_table_22" name="Table_22_generation_works_with_custom_values_N_col_denominator_and_no_overall_column"/>
    <testcase time="0.106000000000002" classname="fda_table_22" name="Table_22_generation_works_with_custom_values_N_col_denominator_and_no_overall_column">
      <skipped message="Reason: On CRAN ('test-fda-table_22.R:61:3')"/>
    </testcase>
    <testcase time="0.253" classname="fda_table_22" name="Table_22_generation_works_with_some_NA_values"/>
    <testcase time="0.070999999999998" classname="fda_table_22" name="Table_22_generation_works_with_some_NA_values">
      <skipped message="Reason: On CRAN ('test-fda-table_22.R:81:3')"/>
    </testcase>
  </testsuite>
  <testsuite name="fda-table_32" timestamp="2025-04-30T20:52:27Z" hostname="45f5f299b1c1" tests="27" skipped="7" failures="0" errors="0" time="4.49">
    <testcase time="0.0450000000000017" classname="fda_table_32" name="Table_32_generation_works_with_default_values"/>
    <testcase time="0.109999999999999" classname="fda_table_32" name="Table_32_generation_works_with_default_values"/>
    <testcase time="0.899000000000001" classname="fda_table_32" name="Table_32_generation_works_with_default_values"/>
    <testcase time="0.00199999999999534" classname="fda_table_32" name="Table_32_generation_works_with_default_values"/>
    <testcase time="0.0429999999999993" classname="fda_table_32" name="Table_32_generation_works_with_default_values">
      <skipped message="Reason: On CRAN ('test-fda-table_32.R:17:3')"/>
    </testcase>
    <testcase time="0.0150000000000006" classname="fda_table_32" name="Table_32_generation_works_with_custom_values"/>
    <testcase time="0.103000000000002" classname="fda_table_32" name="Table_32_generation_works_with_custom_values"/>
    <testcase time="1.381" classname="fda_table_32" name="Table_32_generation_works_with_custom_values"/>
    <testcase time="0.000999999999997669" classname="fda_table_32" name="Table_32_generation_works_with_custom_values"/>
    <testcase time="0.0470000000000041" classname="fda_table_32" name="Table_32_generation_works_with_custom_values">
      <skipped message="Reason: On CRAN ('test-fda-table_32.R:32:3')"/>
    </testcase>
    <testcase time="0.0150000000000006" classname="fda_table_32" name="Table_32_generation_missing_values_and_ADSL"/>
    <testcase time="0.991999999999997" classname="fda_table_32" name="Table_32_generation_missing_values_and_ADSL"/>
    <testcase time="0.000999999999997669" classname="fda_table_32" name="Table_32_generation_missing_values_and_ADSL"/>
    <testcase time="0.00200000000000244" classname="fda_table_32" name="Table_32_generation_missing_values_and_ADSL"/>
    <testcase time="0.044000000000004" classname="fda_table_32" name="Table_32_generation_missing_values_and_ADSL">
      <skipped message="Reason: On CRAN ('test-fda-table_32.R:47:3')"/>
    </testcase>
    <testcase time="0.0149999999999935" classname="fda_table_32" name="Table_32_generation_works_with_default_values"/>
    <testcase time="0.112000000000002" classname="fda_table_32" name="Table_32_generation_works_with_default_values"/>
    <testcase time="0.0500000000000043" classname="fda_table_32" name="Table_32_generation_works_with_default_values">
      <skipped message="Reason: On CRAN ('test-fda-table_32.R:63:3')"/>
    </testcase>
    <testcase time="0.0150000000000006" classname="fda_table_32" name="Table_32_generation_works_with_custom_values"/>
    <testcase time="0.125" classname="fda_table_32" name="Table_32_generation_works_with_custom_values"/>
    <testcase time="0.0759999999999934" classname="fda_table_32" name="Table_32_generation_works_with_custom_values">
      <skipped message="Reason: On CRAN ('test-fda-table_32.R:85:3')"/>
    </testcase>
    <testcase time="0.0150000000000006" classname="fda_table_32" name="Table_32_generation_works_with_pruned_rows"/>
    <testcase time="0.108000000000004" classname="fda_table_32" name="Table_32_generation_works_with_pruned_rows"/>
    <testcase time="0.0480000000000018" classname="fda_table_32" name="Table_32_generation_works_with_pruned_rows">
      <skipped message="Reason: On CRAN ('test-fda-table_32.R:96:3')"/>
    </testcase>
    <testcase time="0.0149999999999935" classname="fda_table_32" name="Table_32_generation_works_with_risk_difference_column"/>
    <testcase time="0.151000000000003" classname="fda_table_32" name="Table_32_generation_works_with_risk_difference_column"/>
    <testcase time="0.0600000000000023" classname="fda_table_32" name="Table_32_generation_works_with_risk_difference_column">
      <skipped message="Reason: On CRAN ('test-fda-table_32.R:108:3')"/>
    </testcase>
  </testsuite>
  <testsuite name="fda-table_33" timestamp="2025-04-30T20:52:32Z" hostname="45f5f299b1c1" tests="27" skipped="7" failures="0" errors="0" time="4.846">
    <testcase time="0.0529999999999973" classname="fda_table_33" name="Table_33_generation_works_with_default_values"/>
    <testcase time="0.277999999999999" classname="fda_table_33" name="Table_33_generation_works_with_default_values"/>
    <testcase time="0.695" classname="fda_table_33" name="Table_33_generation_works_with_default_values"/>
    <testcase time="0.00200000000000244" classname="fda_table_33" name="Table_33_generation_works_with_default_values"/>
    <testcase time="0.0429999999999993" classname="fda_table_33" name="Table_33_generation_works_with_default_values">
      <skipped message="Reason: On CRAN ('test-fda-table_33.R:17:3')"/>
    </testcase>
    <testcase time="0.0140000000000029" classname="fda_table_33" name="Table_33_generation_works_with_custom_values"/>
    <testcase time="0.279999999999994" classname="fda_table_33" name="Table_33_generation_works_with_custom_values"/>
    <testcase time="1.02200000000001" classname="fda_table_33" name="Table_33_generation_works_with_custom_values"/>
    <testcase time="0.00199999999999534" classname="fda_table_33" name="Table_33_generation_works_with_custom_values"/>
    <testcase time="0.0459999999999994" classname="fda_table_33" name="Table_33_generation_works_with_custom_values">
      <skipped message="Reason: On CRAN ('test-fda-table_33.R:32:3')"/>
    </testcase>
    <testcase time="0.0150000000000006" classname="fda_table_33" name="Table_33_generation_missing_values_and_ADSL"/>
    <testcase time="0.280000000000001" classname="fda_table_33" name="Table_33_generation_missing_values_and_ADSL"/>
    <testcase time="0.695999999999998" classname="fda_table_33" name="Table_33_generation_missing_values_and_ADSL"/>
    <testcase time="0.00100000000000477" classname="fda_table_33" name="Table_33_generation_missing_values_and_ADSL"/>
    <testcase time="0.0439999999999969" classname="fda_table_33" name="Table_33_generation_missing_values_and_ADSL">
      <skipped message="Reason: On CRAN ('test-fda-table_33.R:47:3')"/>
    </testcase>
    <testcase time="0.0140000000000029" classname="fda_table_33" name="Table_33_generation_works_with_default_values"/>
    <testcase time="0.265999999999998" classname="fda_table_33" name="Table_33_generation_works_with_default_values"/>
    <testcase time="0.0389999999999944" classname="fda_table_33" name="Table_33_generation_works_with_default_values">
      <skipped message="Reason: On CRAN ('test-fda-table_33.R:64:3')"/>
    </testcase>
    <testcase time="0.0150000000000006" classname="fda_table_33" name="Table_33_generation_works_with_custom_values"/>
    <testcase time="0.294000000000011" classname="fda_table_33" name="Table_33_generation_works_with_custom_values"/>
    <testcase time="0.0619999999999976" classname="fda_table_33" name="Table_33_generation_works_with_custom_values">
      <skipped message="Reason: On CRAN ('test-fda-table_33.R:87:3')"/>
    </testcase>
    <testcase time="0.0150000000000006" classname="fda_table_33" name="Table_33_generation_works_with_pruned_rows"/>
    <testcase time="0.275999999999996" classname="fda_table_33" name="Table_33_generation_works_with_pruned_rows"/>
    <testcase time="0.039999999999992" classname="fda_table_33" name="Table_33_generation_works_with_pruned_rows">
      <skipped message="Reason: On CRAN ('test-fda-table_33.R:99:3')"/>
    </testcase>
    <testcase time="0.0150000000000006" classname="fda_table_33" name="Table_33_generation_works_with_risk_difference_column"/>
    <testcase time="0.292000000000002" classname="fda_table_33" name="Table_33_generation_works_with_risk_difference_column"/>
    <testcase time="0.046999999999997" classname="fda_table_33" name="Table_33_generation_works_with_risk_difference_column">
      <skipped message="Reason: On CRAN ('test-fda-table_33.R:112:3')"/>
    </testcase>
  </testsuite>
  <testsuite name="fda-table_34" timestamp="2025-04-30T20:52:37Z" hostname="45f5f299b1c1" tests="12" skipped="3" failures="0" errors="0" time="4.381">
    <testcase time="0.0280000000000058" classname="fda_table_34" name="Table_34_generation_works_with_default_values"/>
    <testcase time="0.0319999999999965" classname="fda_table_34" name="Table_34_generation_works_with_default_values"/>
    <testcase time="1.384" classname="fda_table_34" name="Table_34_generation_works_with_default_values"/>
    <testcase time="0.242000000000004" classname="fda_table_34" name="Table_34_generation_works_with_default_values">
      <skipped message="Reason: On CRAN ('test-fda-table_34.R:17:3')"/>
    </testcase>
    <testcase time="0.012999999999991" classname="fda_table_34" name="Table_34_generation_works_with_custom_values"/>
    <testcase time="0.0250000000000057" classname="fda_table_34" name="Table_34_generation_works_with_custom_values"/>
    <testcase time="0.497" classname="fda_table_34" name="Table_34_generation_works_with_custom_values"/>
    <testcase time="0.105000000000004" classname="fda_table_34" name="Table_34_generation_works_with_custom_values">
      <skipped message="Reason: On CRAN ('test-fda-table_34.R:49:3')"/>
    </testcase>
    <testcase time="0.012999999999991" classname="fda_table_34" name="Table_34_generation_works_with_risk_difference_column"/>
    <testcase time="0.027000000000001" classname="fda_table_34" name="Table_34_generation_works_with_risk_difference_column"/>
    <testcase time="1.741" classname="fda_table_34" name="Table_34_generation_works_with_risk_difference_column"/>
    <testcase time="0.274000000000001" classname="fda_table_34" name="Table_34_generation_works_with_risk_difference_column">
      <skipped message="Reason: On CRAN ('test-fda-table_34.R:57:3')"/>
    </testcase>
  </testsuite>
  <testsuite name="fda-table_35" timestamp="2025-04-30T20:52:41Z" hostname="45f5f299b1c1" tests="40" skipped="8" failures="0" errors="0" time="4.109">
    <testcase time="0.0180000000000007" classname="fda_table_35" name="Table_35_generation_works_with_default_values"/>
    <testcase time="0.085000000000008" classname="fda_table_35" name="Table_35_generation_works_with_default_values"/>
    <testcase time="0.0369999999999919" classname="fda_table_35" name="Table_35_generation_works_with_default_values"/>
    <testcase time="0.0370000000000061" classname="fda_table_35" name="Table_35_generation_works_with_default_values"/>
    <testcase time="0.750999999999991" classname="fda_table_35" name="Table_35_generation_works_with_default_values"/>
    <testcase time="0.157000000000011" classname="fda_table_35" name="Table_35_generation_works_with_default_values">
      <skipped message="Reason: On CRAN ('test-fda-table_35.R:9:3')"/>
    </testcase>
    <testcase time="0.012999999999991" classname="fda_table_35" name="Table_35_generation_works_with_gtsummary_with_custom_values"/>
    <testcase time="0.0350000000000108" classname="fda_table_35" name="Table_35_generation_works_with_gtsummary_with_custom_values"/>
    <testcase time="0.0509999999999877" classname="fda_table_35" name="Table_35_generation_works_with_gtsummary_with_custom_values"/>
    <testcase time="0.0370000000000061" classname="fda_table_35" name="Table_35_generation_works_with_gtsummary_with_custom_values"/>
    <testcase time="0.0499999999999972" classname="fda_table_35" name="Table_35_generation_works_with_gtsummary_with_custom_values"/>
    <testcase time="0.622" classname="fda_table_35" name="Table_35_generation_works_with_gtsummary_with_custom_values"/>
    <testcase time="0.122" classname="fda_table_35" name="Table_35_generation_works_with_gtsummary_with_custom_values">
      <skipped message="Reason: On CRAN ('test-fda-table_35.R:28:3')"/>
    </testcase>
    <testcase time="0.0130000000000052" classname="fda_table_35" name="Table_35_generation_works_with_gtsummary_missing_values"/>
    <testcase time="0.0339999999999918" classname="fda_table_35" name="Table_35_generation_works_with_gtsummary_missing_values"/>
    <testcase time="0.0660000000000025" classname="fda_table_35" name="Table_35_generation_works_with_gtsummary_missing_values"/>
    <testcase time="0.0379999999999967" classname="fda_table_35" name="Table_35_generation_works_with_gtsummary_missing_values"/>
    <testcase time="0.0370000000000061" classname="fda_table_35" name="Table_35_generation_works_with_gtsummary_missing_values"/>
    <testcase time="0.622" classname="fda_table_35" name="Table_35_generation_works_with_gtsummary_missing_values"/>
    <testcase time="0.138000000000005" classname="fda_table_35" name="Table_35_generation_works_with_gtsummary_missing_values">
      <skipped message="Reason: On CRAN ('test-fda-table_35.R:39:3')"/>
    </testcase>
    <testcase time="0.0139999999999958" classname="fda_table_35" name="Table_35_generation_works_with_custom_values"/>
    <testcase time="0.0330000000000013" classname="fda_table_35" name="Table_35_generation_works_with_custom_values"/>
    <testcase time="0.108000000000004" classname="fda_table_35" name="Table_35_generation_works_with_custom_values"/>
    <testcase time="0.083999999999989" classname="fda_table_35" name="Table_35_generation_works_with_custom_values">
      <skipped message="Reason: On CRAN ('test-fda-table_35.R:72:3')"/>
    </testcase>
    <testcase time="0.0130000000000052" classname="fda_table_35" name="Table_35_generation_works_with_risk_difference_column"/>
    <testcase time="0.0349999999999966" classname="fda_table_35" name="Table_35_generation_works_with_risk_difference_column"/>
    <testcase time="0.105000000000004" classname="fda_table_35" name="Table_35_generation_works_with_risk_difference_column"/>
    <testcase time="0.0769999999999982" classname="fda_table_35" name="Table_35_generation_works_with_risk_difference_column">
      <skipped message="Reason: On CRAN ('test-fda-table_35.R:80:3')"/>
    </testcase>
    <testcase time="0.0460000000000065" classname="fda_table_35" name="Table_35_generation_works_with_some_NA_values"/>
    <testcase time="0.0319999999999965" classname="fda_table_35" name="Table_35_generation_works_with_some_NA_values"/>
    <testcase time="0.0900000000000034" classname="fda_table_35" name="Table_35_generation_works_with_some_NA_values"/>
    <testcase time="0.0649999999999977" classname="fda_table_35" name="Table_35_generation_works_with_some_NA_values">
      <skipped message="Reason: On CRAN ('test-fda-table_35.R:91:3')"/>
    </testcase>
    <testcase time="0.0180000000000007" classname="fda_table_35" name="Table_35_generation_works_with_custom_values_SOC_variable_and_label_"/>
    <testcase time="0.039999999999992" classname="fda_table_35" name="Table_35_generation_works_with_custom_values_SOC_variable_and_label_"/>
    <testcase time="0.106000000000009" classname="fda_table_35" name="Table_35_generation_works_with_custom_values_SOC_variable_and_label_"/>
    <testcase time="0.070999999999998" classname="fda_table_35" name="Table_35_generation_works_with_custom_values_SOC_variable_and_label_">
      <skipped message="Reason: On CRAN ('test-fda-table_35.R:104:3')"/>
    </testcase>
    <testcase time="0.019999999999996" classname="fda_table_35" name="Table_35_generation_works_with_pruning"/>
    <testcase time="0.0439999999999969" classname="fda_table_35" name="Table_35_generation_works_with_pruning"/>
    <testcase time="0.0880000000000081" classname="fda_table_35" name="Table_35_generation_works_with_pruning"/>
    <testcase time="0.0570000000000022" classname="fda_table_35" name="Table_35_generation_works_with_pruning">
      <skipped message="Reason: On CRAN ('test-fda-table_35.R:112:3')"/>
    </testcase>
  </testsuite>
  <testsuite name="fda-table_36" timestamp="2025-04-30T20:52:45Z" hostname="45f5f299b1c1" tests="18" skipped="6" failures="0" errors="0" time="4.172">
    <testcase time="0.0489999999999924" classname="fda_table_36" name="Table_36_generation_works_with_default_values"/>
    <testcase time="0.347000000000008" classname="fda_table_36" name="Table_36_generation_works_with_default_values"/>
    <testcase time="0.203999999999994" classname="fda_table_36" name="Table_36_generation_works_with_default_values">
      <skipped message="Reason: On CRAN ('test-fda-table_36.R:8:3')"/>
    </testcase>
    <testcase time="0.0439999999999969" classname="fda_table_36" name="Table_36_generation_works_with_custom_values"/>
    <testcase time="0.406999999999996" classname="fda_table_36" name="Table_36_generation_works_with_custom_values"/>
    <testcase time="0.233000000000004" classname="fda_table_36" name="Table_36_generation_works_with_custom_values">
      <skipped message="Reason: On CRAN ('test-fda-table_36.R:39:3')"/>
    </testcase>
    <testcase time="0.0430000000000064" classname="fda_table_36" name="Table_36_generation_works_with_risk_difference_column"/>
    <testcase time="0.417000000000002" classname="fda_table_36" name="Table_36_generation_works_with_risk_difference_column"/>
    <testcase time="0.23599999999999" classname="fda_table_36" name="Table_36_generation_works_with_risk_difference_column">
      <skipped message="Reason: On CRAN ('test-fda-table_36.R:47:3')"/>
    </testcase>
    <testcase time="0.0440000000000111" classname="fda_table_36" name="Table_36_generation_works_with_some_NA_values"/>
    <testcase time="0.540999999999997" classname="fda_table_36" name="Table_36_generation_works_with_some_NA_values"/>
    <testcase time="0.182999999999993" classname="fda_table_36" name="Table_36_generation_works_with_some_NA_values">
      <skipped message="Reason: On CRAN ('test-fda-table_36.R:57:3')"/>
    </testcase>
    <testcase time="0.0490000000000066" classname="fda_table_36" name="Table_36_generation_works_with_custom_values_SOC_variable_and_label_"/>
    <testcase time="0.599000000000004" classname="fda_table_36" name="Table_36_generation_works_with_custom_values_SOC_variable_and_label_"/>
    <testcase time="0.337999999999994" classname="fda_table_36" name="Table_36_generation_works_with_custom_values_SOC_variable_and_label_">
      <skipped message="Reason: On CRAN ('test-fda-table_36.R:70:3')"/>
    </testcase>
    <testcase time="0.0430000000000064" classname="fda_table_36" name="Table_36_generation_works_with_pruning"/>
    <testcase time="0.310999999999993" classname="fda_table_36" name="Table_36_generation_works_with_pruning"/>
    <testcase time="0.0840000000000032" classname="fda_table_36" name="Table_36_generation_works_with_pruning">
      <skipped message="Reason: On CRAN ('test-fda-table_36.R:77:3')"/>
    </testcase>
  </testsuite>
  <testsuite name="fda-table_38" timestamp="2025-04-30T20:52:49Z" hostname="45f5f299b1c1" tests="12" skipped="3" failures="0" errors="0" time="2.117">
    <testcase time="0.019999999999996" classname="fda_table_38" name="Table_38_generation_works_with_default_values"/>
    <testcase time="0.0240000000000009" classname="fda_table_38" name="Table_38_generation_works_with_default_values"/>
    <testcase time="0.313000000000002" classname="fda_table_38" name="Table_38_generation_works_with_default_values"/>
    <testcase time="0.0870000000000033" classname="fda_table_38" name="Table_38_generation_works_with_default_values">
      <skipped message="Reason: On CRAN ('test-fda-table_38.R:18:3')"/>
    </testcase>
    <testcase time="0.012999999999991" classname="fda_table_38" name="Table_38_generation_works_with_custom_values"/>
    <testcase time="0.0300000000000011" classname="fda_table_38" name="Table_38_generation_works_with_custom_values"/>
    <testcase time="0.856000000000009" classname="fda_table_38" name="Table_38_generation_works_with_custom_values"/>
    <testcase time="0.22399999999999" classname="fda_table_38" name="Table_38_generation_works_with_custom_values">
      <skipped message="Reason: On CRAN ('test-fda-table_38.R:48:3')"/>
    </testcase>
    <testcase time="0.0130000000000052" classname="fda_table_38" name="Table_38_generation_works_with_risk_difference_column"/>
    <testcase time="0.0250000000000057" classname="fda_table_38" name="Table_38_generation_works_with_risk_difference_column"/>
    <testcase time="0.404999999999987" classname="fda_table_38" name="Table_38_generation_works_with_risk_difference_column"/>
    <testcase time="0.107000000000014" classname="fda_table_38" name="Table_38_generation_works_with_risk_difference_column">
      <skipped message="Reason: On CRAN ('test-fda-table_38.R:56:3')"/>
    </testcase>
  </testsuite>
</testsuites>
