<?xml version="1.0" encoding="UTF-8"?>
<testsuites>
  <testsuite name="falcon" timestamp="2023-03-24T15:53:00Z" hostname="caaffc0e187c" tests="1" skipped="0" failures="0" errors="0" time="0.025">
    <testcase time="0.0250000000000004" classname="falcon" name="dummy_test"/>
  </testsuite>
</testsuites>
