<?xml version="1.0" encoding="UTF-8"?>
<testsuites>
  <testsuite name="table_02" timestamp="2023-06-13T17:15:29Z" hostname="8a885fb3be44" tests="9" skipped="3" failures="0" errors="0" time="1.792">
    <testcase time="0.211" classname="table_02" name="Table_02_generation_works_with_default_values"/>
    <testcase time="0.541" classname="table_02" name="Table_02_generation_works_with_default_values"/>
    <testcase time="0.21" classname="table_02" name="Table_02_generation_works_with_default_values">
      <skipped message="Reason: On CRAN ('test-table_02.R:16:3')"/>
    </testcase>
    <testcase time="0.0639999999999996" classname="table_02" name="Table_02_generation_works_with_custom_values"/>
    <testcase time="0.374000000000001" classname="table_02" name="Table_02_generation_works_with_custom_values"/>
    <testcase time="0.202999999999999" classname="table_02" name="Table_02_generation_works_with_custom_values">
      <skipped message="Reason: On CRAN ('test-table_02.R:45:3')"/>
    </testcase>
    <testcase time="0.0520000000000005" classname="table_02" name="Table_02_generation_works_with_some_NA_values"/>
    <testcase time="0.0939999999999994" classname="table_02" name="Table_02_generation_works_with_some_NA_values"/>
    <testcase time="0.0430000000000001" classname="table_02" name="Table_02_generation_works_with_some_NA_values">
      <skipped message="Reason: On CRAN ('test-table_02.R:57:3')"/>
    </testcase>
  </testsuite>
  <testsuite name="table_05" timestamp="2023-06-13T17:15:31Z" hostname="8a885fb3be44" tests="9" skipped="3" failures="0" errors="0" time="1.066">
    <testcase time="0.169" classname="table_05" name="Table_05_generation_works_with_default_values"/>
    <testcase time="0.265" classname="table_05" name="Table_05_generation_works_with_default_values"/>
    <testcase time="0.0640000000000001" classname="table_05" name="Table_05_generation_works_with_default_values">
      <skipped message="Reason: On CRAN ('test-table_05.R:10:3')"/>
    </testcase>
    <testcase time="0.0129999999999999" classname="table_05" name="Table_05_generation_works_with_custom_values"/>
    <testcase time="0.232" classname="table_05" name="Table_05_generation_works_with_custom_values"/>
    <testcase time="0.0809999999999995" classname="table_05" name="Table_05_generation_works_with_custom_values">
      <skipped message="Reason: On CRAN ('test-table_05.R:34:3')"/>
    </testcase>
    <testcase time="0.0130000000000008" classname="table_05" name="Table_05_generation_works_with_NA_values_pruned_rows"/>
    <testcase time="0.165999999999999" classname="table_05" name="Table_05_generation_works_with_NA_values_pruned_rows"/>
    <testcase time="0.0629999999999997" classname="table_05" name="Table_05_generation_works_with_NA_values_pruned_rows">
      <skipped message="Reason: On CRAN ('test-table_05.R:44:3')"/>
    </testcase>
  </testsuite>
  <testsuite name="table_06" timestamp="2023-06-13T17:15:32Z" hostname="8a885fb3be44" tests="10" skipped="2" failures="0" errors="0" time="1.185">
    <testcase time="0.0360000000000005" classname="table_06" name="Table_06_generation_works_with_default_values"/>
    <testcase time="0.00100000000000033" classname="table_06" name="Table_06_generation_works_with_default_values"/>
    <testcase time="0.0549999999999997" classname="table_06" name="Table_06_generation_works_with_default_values"/>
    <testcase time="0.362" classname="table_06" name="Table_06_generation_works_with_default_values"/>
    <testcase time="0.0839999999999996" classname="table_06" name="Table_06_generation_works_with_default_values">
      <skipped message="Reason: On CRAN ('test-table_06.R:8:3')"/>
    </testcase>
    <testcase time="0.0129999999999999" classname="table_06" name="Table_06_generation_works_with_custom_values"/>
    <testcase time="0.00100000000000033" classname="table_06" name="Table_06_generation_works_with_custom_values"/>
    <testcase time="0.0579999999999998" classname="table_06" name="Table_06_generation_works_with_custom_values"/>
    <testcase time="0.458" classname="table_06" name="Table_06_generation_works_with_custom_values"/>
    <testcase time="0.117" classname="table_06" name="Table_06_generation_works_with_custom_values">
      <skipped message="Reason: On CRAN ('test-table_06.R:40:3')"/>
    </testcase>
  </testsuite>
  <testsuite name="table_07" timestamp="2023-06-13T17:15:33Z" hostname="8a885fb3be44" tests="18" skipped="3" failures="0" errors="0" time="1.49">
    <testcase time="0.0209999999999999" classname="table_07" name="Table_07_generation_works_with_default_values"/>
    <testcase time="0.000999999999999446" classname="table_07" name="Table_07_generation_works_with_default_values"/>
    <testcase time="0.00100000000000033" classname="table_07" name="Table_07_generation_works_with_default_values"/>
    <testcase time="0.0380000000000003" classname="table_07" name="Table_07_generation_works_with_default_values"/>
    <testcase time="0.313" classname="table_07" name="Table_07_generation_works_with_default_values"/>
    <testcase time="0.102" classname="table_07" name="Table_07_generation_works_with_default_values">
      <skipped message="Reason: On CRAN ('test-table_07.R:13:3')"/>
    </testcase>
    <testcase time="0.0129999999999999" classname="table_07" name="Table_07_generation_works_with_custom_values"/>
    <testcase time="0.000999999999999446" classname="table_07" name="Table_07_generation_works_with_custom_values"/>
    <testcase time="0.00100000000000033" classname="table_07" name="Table_07_generation_works_with_custom_values"/>
    <testcase time="0.0389999999999997" classname="table_07" name="Table_07_generation_works_with_custom_values"/>
    <testcase time="0.399" classname="table_07" name="Table_07_generation_works_with_custom_values"/>
    <testcase time="0.131" classname="table_07" name="Table_07_generation_works_with_custom_values">
      <skipped message="Reason: On CRAN ('test-table_07.R:42:3')"/>
    </testcase>
    <testcase time="0.0129999999999999" classname="table_07" name="Table_07_generation_works_with_NA_values_pruned_rows"/>
    <testcase time="0.00100000000000033" classname="table_07" name="Table_07_generation_works_with_NA_values_pruned_rows"/>
    <testcase time="0.00100000000000033" classname="table_07" name="Table_07_generation_works_with_NA_values_pruned_rows"/>
    <testcase time="0.0380000000000003" classname="table_07" name="Table_07_generation_works_with_NA_values_pruned_rows"/>
    <testcase time="0.271999999999999" classname="table_07" name="Table_07_generation_works_with_NA_values_pruned_rows"/>
    <testcase time="0.105" classname="table_07" name="Table_07_generation_works_with_NA_values_pruned_rows">
      <skipped message="Reason: On CRAN ('test-table_07.R:52:3')"/>
    </testcase>
  </testsuite>
  <testsuite name="table_08" timestamp="2023-06-13T17:15:34Z" hostname="8a885fb3be44" tests="8" skipped="2" failures="0" errors="0" time="0.406">
    <testcase time="0.0190000000000001" classname="table_08" name="Table_08_generation_works_with_default_values"/>
    <testcase time="0.00200000000000067" classname="table_08" name="Table_08_generation_works_with_default_values"/>
    <testcase time="0.0419999999999998" classname="table_08" name="Table_08_generation_works_with_default_values"/>
    <testcase time="0.116999999999999" classname="table_08" name="Table_08_generation_works_with_default_values">
      <skipped message="Reason: On CRAN ('test-table_08.R:10:3')"/>
    </testcase>
    <testcase time="0.0139999999999993" classname="table_08" name="Table_08_generation_works_with_custom_values"/>
    <testcase time="0.00100000000000122" classname="table_08" name="Table_08_generation_works_with_custom_values"/>
    <testcase time="0.0389999999999997" classname="table_08" name="Table_08_generation_works_with_custom_values"/>
    <testcase time="0.172000000000001" classname="table_08" name="Table_08_generation_works_with_custom_values">
      <skipped message="Reason: On CRAN ('test-table_08.R:31:3')"/>
    </testcase>
  </testsuite>
  <testsuite name="table_09" timestamp="2023-06-13T17:15:35Z" hostname="8a885fb3be44" tests="8" skipped="2" failures="0" errors="0" time="0.771">
    <testcase time="0.0169999999999995" classname="table_09" name="Table_09_generation_works_with_default_values"/>
    <testcase time="0.0389999999999997" classname="table_09" name="Table_09_generation_works_with_default_values"/>
    <testcase time="0.247" classname="table_09" name="Table_09_generation_works_with_default_values"/>
    <testcase time="0.0560000000000009" classname="table_09" name="Table_09_generation_works_with_default_values">
      <skipped message="Reason: On CRAN ('test-table_09.R:8:3')"/>
    </testcase>
    <testcase time="0.0129999999999999" classname="table_09" name="Table_09_generation_works_with_custom_values"/>
    <testcase time="0.0399999999999991" classname="table_09" name="Table_09_generation_works_with_custom_values"/>
    <testcase time="0.296000000000001" classname="table_09" name="Table_09_generation_works_with_custom_values"/>
    <testcase time="0.0629999999999988" classname="table_09" name="Table_09_generation_works_with_custom_values">
      <skipped message="Reason: On CRAN ('test-table_09.R:39:3')"/>
    </testcase>
  </testsuite>
  <testsuite name="table_13" timestamp="2023-06-13T17:15:36Z" hostname="8a885fb3be44" tests="8" skipped="2" failures="0" errors="0" time="0.468">
    <testcase time="0.0259999999999998" classname="table_13" name="Table_13_generation_works_with_default_values"/>
    <testcase time="0.048" classname="table_13" name="Table_13_generation_works_with_default_values"/>
    <testcase time="0.105" classname="table_13" name="Table_13_generation_works_with_default_values"/>
    <testcase time="0.0570000000000004" classname="table_13" name="Table_13_generation_works_with_default_values">
      <skipped message="Reason: On CRAN ('test-table_13.R:8:3')"/>
    </testcase>
    <testcase time="0.0129999999999999" classname="table_13" name="Table_13_generation_works_with_custom_values"/>
    <testcase time="0.048" classname="table_13" name="Table_13_generation_works_with_custom_values"/>
    <testcase time="0.128" classname="table_13" name="Table_13_generation_works_with_custom_values"/>
    <testcase time="0.0429999999999993" classname="table_13" name="Table_13_generation_works_with_custom_values">
      <skipped message="Reason: On CRAN ('test-table_13.R:38:3')"/>
    </testcase>
  </testsuite>
  <testsuite name="table_14" timestamp="2023-06-13T17:15:36Z" hostname="8a885fb3be44" tests="10" skipped="3" failures="0" errors="0" time="1.905">
    <testcase time="0.0259999999999998" classname="table_14" name="Table_14_generation_works_with_default_values"/>
    <testcase time="0.470000000000001" classname="table_14" name="Table_14_generation_works_with_default_values"/>
    <testcase time="0.132999999999999" classname="table_14" name="Table_14_generation_works_with_default_values">
      <skipped message="Reason: On CRAN ('test-table_14.R:16:3')"/>
    </testcase>
    <testcase time="0.0120000000000005" classname="table_14" name="Table_14_generation_works_with_custom_values"/>
    <testcase time="0.048" classname="table_14" name="Table_14_generation_works_with_custom_values"/>
    <testcase time="0.499000000000001" classname="table_14" name="Table_14_generation_works_with_custom_values"/>
    <testcase time="0.131" classname="table_14" name="Table_14_generation_works_with_custom_values">
      <skipped message="Reason: On CRAN ('test-table_14.R:46:3')"/>
    </testcase>
    <testcase time="0.0129999999999999" classname="table_14" name="Table_14_generation_works_with_NA_values_pruned_rows"/>
    <testcase time="0.475" classname="table_14" name="Table_14_generation_works_with_NA_values_pruned_rows"/>
    <testcase time="0.0980000000000008" classname="table_14" name="Table_14_generation_works_with_NA_values_pruned_rows">
      <skipped message="Reason: On CRAN ('test-table_14.R:53:3')"/>
    </testcase>
  </testsuite>
  <testsuite name="table_20" timestamp="2023-06-13T17:15:38Z" hostname="8a885fb3be44" tests="18" skipped="3" failures="0" errors="0" time="1.566">
    <testcase time="0.020999999999999" classname="table_20" name="Table_20_generation_works_with_default_values"/>
    <testcase time="0.000999999999999446" classname="table_20" name="Table_20_generation_works_with_default_values"/>
    <testcase time="0.000999999999999446" classname="table_20" name="Table_20_generation_works_with_default_values"/>
    <testcase time="0.0419999999999998" classname="table_20" name="Table_20_generation_works_with_default_values"/>
    <testcase time="0.323" classname="table_20" name="Table_20_generation_works_with_default_values"/>
    <testcase time="0.077" classname="table_20" name="Table_20_generation_works_with_default_values">
      <skipped message="Reason: On CRAN ('test-table_20.R:17:3')"/>
    </testcase>
    <testcase time="0.0120000000000005" classname="table_20" name="Table_20_generation_works_with_custom_values"/>
    <testcase time="0.00199999999999889" classname="table_20" name="Table_20_generation_works_with_custom_values"/>
    <testcase time="0.00100000000000122" classname="table_20" name="Table_20_generation_works_with_custom_values"/>
    <testcase time="0.0419999999999998" classname="table_20" name="Table_20_generation_works_with_custom_values"/>
    <testcase time="0.497999999999999" classname="table_20" name="Table_20_generation_works_with_custom_values"/>
    <testcase time="0.108000000000001" classname="table_20" name="Table_20_generation_works_with_custom_values">
      <skipped message="Reason: On CRAN ('test-table_20.R:65:3')"/>
    </testcase>
    <testcase time="0.0129999999999999" classname="table_20" name="Table_20_generation_works_with_missing_values_pruned_rows"/>
    <testcase time="0.00200000000000067" classname="table_20" name="Table_20_generation_works_with_missing_values_pruned_rows"/>
    <testcase time="0.000999999999999446" classname="table_20" name="Table_20_generation_works_with_missing_values_pruned_rows"/>
    <testcase time="0.0419999999999998" classname="table_20" name="Table_20_generation_works_with_missing_values_pruned_rows"/>
    <testcase time="0.307" classname="table_20" name="Table_20_generation_works_with_missing_values_pruned_rows"/>
    <testcase time="0.0730000000000004" classname="table_20" name="Table_20_generation_works_with_missing_values_pruned_rows">
      <skipped message="Reason: On CRAN ('test-table_20.R:74:3')"/>
    </testcase>
  </testsuite>
  <testsuite name="table_32" timestamp="2023-06-13T17:15:39Z" hostname="8a885fb3be44" tests="12" skipped="3" failures="0" errors="0" time="0.844">
    <testcase time="0.0179999999999989" classname="table_32" name="Table_32_generation_works_with_default_values"/>
    <testcase time="0.0619999999999994" classname="table_32" name="Table_32_generation_works_with_default_values"/>
    <testcase time="0.100000000000001" classname="table_32" name="Table_32_generation_works_with_default_values"/>
    <testcase time="0.0399999999999991" classname="table_32" name="Table_32_generation_works_with_default_values">
      <skipped message="Reason: On CRAN ('test-table_32.R:8:3')"/>
    </testcase>
    <testcase time="0.0129999999999999" classname="table_32" name="Table_32_generation_works_with_custom_values"/>
    <testcase time="0.246" classname="table_32" name="Table_32_generation_works_with_custom_values"/>
    <testcase time="0.119" classname="table_32" name="Table_32_generation_works_with_custom_values"/>
    <testcase time="0.0489999999999995" classname="table_32" name="Table_32_generation_works_with_custom_values">
      <skipped message="Reason: On CRAN ('test-table_32.R:30:3')"/>
    </testcase>
    <testcase time="0.0129999999999999" classname="table_32" name="Table_32_generation_works_with_pruned_rows"/>
    <testcase time="0.0500000000000007" classname="table_32" name="Table_32_generation_works_with_pruned_rows"/>
    <testcase time="0.105" classname="table_32" name="Table_32_generation_works_with_pruned_rows"/>
    <testcase time="0.0289999999999999" classname="table_32" name="Table_32_generation_works_with_pruned_rows">
      <skipped message="Reason: On CRAN ('test-table_32.R:37:3')"/>
    </testcase>
  </testsuite>
  <testsuite name="table_33" timestamp="2023-06-13T17:15:40Z" hostname="8a885fb3be44" tests="12" skipped="3" failures="0" errors="0" time="1.071">
    <testcase time="0.0169999999999995" classname="table_33" name="Table_33_generation_works_with_default_values"/>
    <testcase time="0.224" classname="table_33" name="Table_33_generation_works_with_default_values"/>
    <testcase time="0.0820000000000007" classname="table_33" name="Table_33_generation_works_with_default_values"/>
    <testcase time="0.0299999999999994" classname="table_33" name="Table_33_generation_works_with_default_values">
      <skipped message="Reason: On CRAN ('test-table_33.R:8:3')"/>
    </testcase>
    <testcase time="0.0120000000000005" classname="table_33" name="Table_33_generation_works_with_custom_values"/>
    <testcase time="0.222999999999999" classname="table_33" name="Table_33_generation_works_with_custom_values"/>
    <testcase time="0.105" classname="table_33" name="Table_33_generation_works_with_custom_values"/>
    <testcase time="0.0340000000000007" classname="table_33" name="Table_33_generation_works_with_custom_values">
      <skipped message="Reason: On CRAN ('test-table_33.R:34:3')"/>
    </testcase>
    <testcase time="0.0129999999999999" classname="table_33" name="Table_33_generation_works_with_pruned_rows"/>
    <testcase time="0.224" classname="table_33" name="Table_33_generation_works_with_pruned_rows"/>
    <testcase time="0.0809999999999995" classname="table_33" name="Table_33_generation_works_with_pruned_rows"/>
    <testcase time="0.0259999999999998" classname="table_33" name="Table_33_generation_works_with_pruned_rows">
      <skipped message="Reason: On CRAN ('test-table_33.R:42:3')"/>
    </testcase>
  </testsuite>
</testsuites>
