<?xml version="1.0" encoding="UTF-8"?>
<testsuites>
  <testsuite name="table_02" timestamp="2023-06-14T13:42:02Z" hostname="b0deb6a281b2" tests="9" skipped="3" failures="0" errors="0" time="1.8">
    <testcase time="0.22" classname="table_02" name="Table_02_generation_works_with_default_values"/>
    <testcase time="0.538" classname="table_02" name="Table_02_generation_works_with_default_values"/>
    <testcase time="0.21" classname="table_02" name="Table_02_generation_works_with_default_values">
      <skipped message="Reason: On CRAN ('test-table_02.R:16:3')"/>
    </testcase>
    <testcase time="0.0639999999999996" classname="table_02" name="Table_02_generation_works_with_custom_values"/>
    <testcase time="0.377" classname="table_02" name="Table_02_generation_works_with_custom_values"/>
    <testcase time="0.201" classname="table_02" name="Table_02_generation_works_with_custom_values">
      <skipped message="Reason: On CRAN ('test-table_02.R:45:3')"/>
    </testcase>
    <testcase time="0.0529999999999999" classname="table_02" name="Table_02_generation_works_with_some_NA_values"/>
    <testcase time="0.0950000000000006" classname="table_02" name="Table_02_generation_works_with_some_NA_values"/>
    <testcase time="0.0419999999999998" classname="table_02" name="Table_02_generation_works_with_some_NA_values">
      <skipped message="Reason: On CRAN ('test-table_02.R:57:3')"/>
    </testcase>
  </testsuite>
  <testsuite name="table_05" timestamp="2023-06-14T13:42:03Z" hostname="b0deb6a281b2" tests="9" skipped="3" failures="0" errors="0" time="1.087">
    <testcase time="0.17" classname="table_05" name="Table_05_generation_works_with_default_values"/>
    <testcase time="0.268" classname="table_05" name="Table_05_generation_works_with_default_values"/>
    <testcase time="0.0659999999999998" classname="table_05" name="Table_05_generation_works_with_default_values">
      <skipped message="Reason: On CRAN ('test-table_05.R:10:3')"/>
    </testcase>
    <testcase time="0.0130000000000008" classname="table_05" name="Table_05_generation_works_with_custom_values"/>
    <testcase time="0.236" classname="table_05" name="Table_05_generation_works_with_custom_values"/>
    <testcase time="0.0830000000000002" classname="table_05" name="Table_05_generation_works_with_custom_values">
      <skipped message="Reason: On CRAN ('test-table_05.R:34:3')"/>
    </testcase>
    <testcase time="0.0139999999999993" classname="table_05" name="Table_05_generation_works_with_NA_values_pruned_rows"/>
    <testcase time="0.169" classname="table_05" name="Table_05_generation_works_with_NA_values_pruned_rows"/>
    <testcase time="0.0679999999999996" classname="table_05" name="Table_05_generation_works_with_NA_values_pruned_rows">
      <skipped message="Reason: On CRAN ('test-table_05.R:44:3')"/>
    </testcase>
  </testsuite>
  <testsuite name="table_06" timestamp="2023-06-14T13:42:04Z" hostname="b0deb6a281b2" tests="10" skipped="2" failures="0" errors="0" time="1.196">
    <testcase time="0.0350000000000001" classname="table_06" name="Table_06_generation_works_with_default_values"/>
    <testcase time="0.00100000000000033" classname="table_06" name="Table_06_generation_works_with_default_values"/>
    <testcase time="0.0549999999999997" classname="table_06" name="Table_06_generation_works_with_default_values"/>
    <testcase time="0.363" classname="table_06" name="Table_06_generation_works_with_default_values"/>
    <testcase time="0.085" classname="table_06" name="Table_06_generation_works_with_default_values">
      <skipped message="Reason: On CRAN ('test-table_06.R:8:3')"/>
    </testcase>
    <testcase time="0.0129999999999999" classname="table_06" name="Table_06_generation_works_with_custom_values"/>
    <testcase time="0.000999999999999446" classname="table_06" name="Table_06_generation_works_with_custom_values"/>
    <testcase time="0.0590000000000002" classname="table_06" name="Table_06_generation_works_with_custom_values"/>
    <testcase time="0.462" classname="table_06" name="Table_06_generation_works_with_custom_values"/>
    <testcase time="0.122000000000001" classname="table_06" name="Table_06_generation_works_with_custom_values">
      <skipped message="Reason: On CRAN ('test-table_06.R:40:3')"/>
    </testcase>
  </testsuite>
  <testsuite name="table_07" timestamp="2023-06-14T13:42:05Z" hostname="b0deb6a281b2" tests="18" skipped="3" failures="0" errors="0" time="1.508">
    <testcase time="0.0219999999999994" classname="table_07" name="Table_07_generation_works_with_default_values"/>
    <testcase time="0.00100000000000033" classname="table_07" name="Table_07_generation_works_with_default_values"/>
    <testcase time="0.00199999999999978" classname="table_07" name="Table_07_generation_works_with_default_values"/>
    <testcase time="0.0380000000000003" classname="table_07" name="Table_07_generation_works_with_default_values"/>
    <testcase time="0.304" classname="table_07" name="Table_07_generation_works_with_default_values"/>
    <testcase time="0.109999999999999" classname="table_07" name="Table_07_generation_works_with_default_values">
      <skipped message="Reason: On CRAN ('test-table_07.R:13:3')"/>
    </testcase>
    <testcase time="0.0129999999999999" classname="table_07" name="Table_07_generation_works_with_custom_values"/>
    <testcase time="0.00200000000000067" classname="table_07" name="Table_07_generation_works_with_custom_values"/>
    <testcase time="0.000999999999999446" classname="table_07" name="Table_07_generation_works_with_custom_values"/>
    <testcase time="0.0390000000000006" classname="table_07" name="Table_07_generation_works_with_custom_values"/>
    <testcase time="0.404999999999999" classname="table_07" name="Table_07_generation_works_with_custom_values"/>
    <testcase time="0.134" classname="table_07" name="Table_07_generation_works_with_custom_values">
      <skipped message="Reason: On CRAN ('test-table_07.R:42:3')"/>
    </testcase>
    <testcase time="0.0129999999999999" classname="table_07" name="Table_07_generation_works_with_NA_values_pruned_rows"/>
    <testcase time="0.00199999999999978" classname="table_07" name="Table_07_generation_works_with_NA_values_pruned_rows"/>
    <testcase time="0.00100000000000033" classname="table_07" name="Table_07_generation_works_with_NA_values_pruned_rows"/>
    <testcase time="0.0380000000000003" classname="table_07" name="Table_07_generation_works_with_NA_values_pruned_rows"/>
    <testcase time="0.275999999999999" classname="table_07" name="Table_07_generation_works_with_NA_values_pruned_rows"/>
    <testcase time="0.107000000000001" classname="table_07" name="Table_07_generation_works_with_NA_values_pruned_rows">
      <skipped message="Reason: On CRAN ('test-table_07.R:52:3')"/>
    </testcase>
  </testsuite>
  <testsuite name="table_08" timestamp="2023-06-14T13:42:07Z" hostname="b0deb6a281b2" tests="8" skipped="2" failures="0" errors="0" time="0.4">
    <testcase time="0.0199999999999996" classname="table_08" name="Table_08_generation_works_with_default_values"/>
    <testcase time="0.000999999999999446" classname="table_08" name="Table_08_generation_works_with_default_values"/>
    <testcase time="0.0440000000000005" classname="table_08" name="Table_08_generation_works_with_default_values"/>
    <testcase time="0.108000000000001" classname="table_08" name="Table_08_generation_works_with_default_values">
      <skipped message="Reason: On CRAN ('test-table_08.R:10:3')"/>
    </testcase>
    <testcase time="0.0129999999999999" classname="table_08" name="Table_08_generation_works_with_custom_values"/>
    <testcase time="0.00199999999999889" classname="table_08" name="Table_08_generation_works_with_custom_values"/>
    <testcase time="0.0380000000000003" classname="table_08" name="Table_08_generation_works_with_custom_values"/>
    <testcase time="0.174000000000001" classname="table_08" name="Table_08_generation_works_with_custom_values">
      <skipped message="Reason: On CRAN ('test-table_08.R:31:3')"/>
    </testcase>
  </testsuite>
  <testsuite name="table_09" timestamp="2023-06-14T13:42:07Z" hostname="b0deb6a281b2" tests="8" skipped="2" failures="0" errors="0" time="0.783">
    <testcase time="0.0190000000000001" classname="table_09" name="Table_09_generation_works_with_default_values"/>
    <testcase time="0.0389999999999997" classname="table_09" name="Table_09_generation_works_with_default_values"/>
    <testcase time="0.25" classname="table_09" name="Table_09_generation_works_with_default_values"/>
    <testcase time="0.0570000000000004" classname="table_09" name="Table_09_generation_works_with_default_values">
      <skipped message="Reason: On CRAN ('test-table_09.R:8:3')"/>
    </testcase>
    <testcase time="0.0129999999999999" classname="table_09" name="Table_09_generation_works_with_custom_values"/>
    <testcase time="0.0399999999999991" classname="table_09" name="Table_09_generation_works_with_custom_values"/>
    <testcase time="0.300000000000001" classname="table_09" name="Table_09_generation_works_with_custom_values"/>
    <testcase time="0.0649999999999995" classname="table_09" name="Table_09_generation_works_with_custom_values">
      <skipped message="Reason: On CRAN ('test-table_09.R:39:3')"/>
    </testcase>
  </testsuite>
  <testsuite name="table_13" timestamp="2023-06-14T13:42:08Z" hostname="b0deb6a281b2" tests="8" skipped="2" failures="0" errors="0" time="0.478">
    <testcase time="0.0239999999999991" classname="table_13" name="Table_13_generation_works_with_default_values"/>
    <testcase time="0.0500000000000007" classname="table_13" name="Table_13_generation_works_with_default_values"/>
    <testcase time="0.108000000000001" classname="table_13" name="Table_13_generation_works_with_default_values"/>
    <testcase time="0.0579999999999998" classname="table_13" name="Table_13_generation_works_with_default_values">
      <skipped message="Reason: On CRAN ('test-table_13.R:8:3')"/>
    </testcase>
    <testcase time="0.0129999999999999" classname="table_13" name="Table_13_generation_works_with_custom_values"/>
    <testcase time="0.0489999999999995" classname="table_13" name="Table_13_generation_works_with_custom_values"/>
    <testcase time="0.132" classname="table_13" name="Table_13_generation_works_with_custom_values"/>
    <testcase time="0.0440000000000005" classname="table_13" name="Table_13_generation_works_with_custom_values">
      <skipped message="Reason: On CRAN ('test-table_13.R:38:3')"/>
    </testcase>
  </testsuite>
  <testsuite name="table_14" timestamp="2023-06-14T13:42:09Z" hostname="b0deb6a281b2" tests="10" skipped="3" failures="0" errors="0" time="1.933">
    <testcase time="0.0269999999999992" classname="table_14" name="Table_14_generation_works_with_default_values"/>
    <testcase time="0.477" classname="table_14" name="Table_14_generation_works_with_default_values"/>
    <testcase time="0.135" classname="table_14" name="Table_14_generation_works_with_default_values">
      <skipped message="Reason: On CRAN ('test-table_14.R:16:3')"/>
    </testcase>
    <testcase time="0.0140000000000011" classname="table_14" name="Table_14_generation_works_with_custom_values"/>
    <testcase time="0.0469999999999988" classname="table_14" name="Table_14_generation_works_with_custom_values"/>
    <testcase time="0.504" classname="table_14" name="Table_14_generation_works_with_custom_values"/>
    <testcase time="0.134" classname="table_14" name="Table_14_generation_works_with_custom_values">
      <skipped message="Reason: On CRAN ('test-table_14.R:46:3')"/>
    </testcase>
    <testcase time="0.0129999999999999" classname="table_14" name="Table_14_generation_works_with_NA_values_pruned_rows"/>
    <testcase time="0.483000000000001" classname="table_14" name="Table_14_generation_works_with_NA_values_pruned_rows"/>
    <testcase time="0.0989999999999984" classname="table_14" name="Table_14_generation_works_with_NA_values_pruned_rows">
      <skipped message="Reason: On CRAN ('test-table_14.R:53:3')"/>
    </testcase>
  </testsuite>
  <testsuite name="table_20" timestamp="2023-06-14T13:42:11Z" hostname="b0deb6a281b2" tests="18" skipped="3" failures="0" errors="0" time="1.59">
    <testcase time="0.0220000000000002" classname="table_20" name="Table_20_generation_works_with_default_values"/>
    <testcase time="0.00200000000000067" classname="table_20" name="Table_20_generation_works_with_default_values"/>
    <testcase time="0.000999999999999446" classname="table_20" name="Table_20_generation_works_with_default_values"/>
    <testcase time="0.0419999999999998" classname="table_20" name="Table_20_generation_works_with_default_values"/>
    <testcase time="0.329000000000001" classname="table_20" name="Table_20_generation_works_with_default_values"/>
    <testcase time="0.077" classname="table_20" name="Table_20_generation_works_with_default_values">
      <skipped message="Reason: On CRAN ('test-table_20.R:17:3')"/>
    </testcase>
    <testcase time="0.0129999999999999" classname="table_20" name="Table_20_generation_works_with_custom_values"/>
    <testcase time="0.00100000000000122" classname="table_20" name="Table_20_generation_works_with_custom_values"/>
    <testcase time="0.000999999999999446" classname="table_20" name="Table_20_generation_works_with_custom_values"/>
    <testcase time="0.0429999999999993" classname="table_20" name="Table_20_generation_works_with_custom_values"/>
    <testcase time="0.506" classname="table_20" name="Table_20_generation_works_with_custom_values"/>
    <testcase time="0.109" classname="table_20" name="Table_20_generation_works_with_custom_values">
      <skipped message="Reason: On CRAN ('test-table_20.R:65:3')"/>
    </testcase>
    <testcase time="0.0129999999999999" classname="table_20" name="Table_20_generation_works_with_missing_values_pruned_rows"/>
    <testcase time="0.00100000000000122" classname="table_20" name="Table_20_generation_works_with_missing_values_pruned_rows"/>
    <testcase time="0.000999999999999446" classname="table_20" name="Table_20_generation_works_with_missing_values_pruned_rows"/>
    <testcase time="0.0419999999999998" classname="table_20" name="Table_20_generation_works_with_missing_values_pruned_rows"/>
    <testcase time="0.312000000000001" classname="table_20" name="Table_20_generation_works_with_missing_values_pruned_rows"/>
    <testcase time="0.0749999999999993" classname="table_20" name="Table_20_generation_works_with_missing_values_pruned_rows">
      <skipped message="Reason: On CRAN ('test-table_20.R:74:3')"/>
    </testcase>
  </testsuite>
  <testsuite name="table_32" timestamp="2023-06-14T13:42:12Z" hostname="b0deb6a281b2" tests="12" skipped="3" failures="0" errors="0" time="0.87">
    <testcase time="0.0180000000000007" classname="table_32" name="Table_32_generation_works_with_default_values"/>
    <testcase time="0.0629999999999988" classname="table_32" name="Table_32_generation_works_with_default_values"/>
    <testcase time="0.104000000000001" classname="table_32" name="Table_32_generation_works_with_default_values"/>
    <testcase time="0.0409999999999986" classname="table_32" name="Table_32_generation_works_with_default_values">
      <skipped message="Reason: On CRAN ('test-table_32.R:8:3')"/>
    </testcase>
    <testcase time="0.0129999999999999" classname="table_32" name="Table_32_generation_works_with_custom_values"/>
    <testcase time="0.261000000000001" classname="table_32" name="Table_32_generation_works_with_custom_values"/>
    <testcase time="0.121" classname="table_32" name="Table_32_generation_works_with_custom_values"/>
    <testcase time="0.0489999999999995" classname="table_32" name="Table_32_generation_works_with_custom_values">
      <skipped message="Reason: On CRAN ('test-table_32.R:30:3')"/>
    </testcase>
    <testcase time="0.0129999999999999" classname="table_32" name="Table_32_generation_works_with_pruned_rows"/>
    <testcase time="0.0510000000000002" classname="table_32" name="Table_32_generation_works_with_pruned_rows"/>
    <testcase time="0.106999999999999" classname="table_32" name="Table_32_generation_works_with_pruned_rows"/>
    <testcase time="0.0289999999999999" classname="table_32" name="Table_32_generation_works_with_pruned_rows">
      <skipped message="Reason: On CRAN ('test-table_32.R:37:3')"/>
    </testcase>
  </testsuite>
  <testsuite name="table_33" timestamp="2023-06-14T13:42:13Z" hostname="b0deb6a281b2" tests="12" skipped="3" failures="0" errors="0" time="1.087">
    <testcase time="0.0170000000000012" classname="table_33" name="Table_33_generation_works_with_default_values"/>
    <testcase time="0.226999999999999" classname="table_33" name="Table_33_generation_works_with_default_values"/>
    <testcase time="0.0830000000000002" classname="table_33" name="Table_33_generation_works_with_default_values"/>
    <testcase time="0.0300000000000011" classname="table_33" name="Table_33_generation_works_with_default_values">
      <skipped message="Reason: On CRAN ('test-table_33.R:8:3')"/>
    </testcase>
    <testcase time="0.0129999999999999" classname="table_33" name="Table_33_generation_works_with_custom_values"/>
    <testcase time="0.227" classname="table_33" name="Table_33_generation_works_with_custom_values"/>
    <testcase time="0.106999999999999" classname="table_33" name="Table_33_generation_works_with_custom_values"/>
    <testcase time="0.0350000000000001" classname="table_33" name="Table_33_generation_works_with_custom_values">
      <skipped message="Reason: On CRAN ('test-table_33.R:34:3')"/>
    </testcase>
    <testcase time="0.0139999999999993" classname="table_33" name="Table_33_generation_works_with_pruned_rows"/>
    <testcase time="0.226000000000001" classname="table_33" name="Table_33_generation_works_with_pruned_rows"/>
    <testcase time="0.081999999999999" classname="table_33" name="Table_33_generation_works_with_pruned_rows"/>
    <testcase time="0.0260000000000016" classname="table_33" name="Table_33_generation_works_with_pruned_rows">
      <skipped message="Reason: On CRAN ('test-table_33.R:42:3')"/>
    </testcase>
  </testsuite>
</testsuites>
