<?xml version="1.0" encoding="UTF-8"?>
<testsuites>
  <testsuite name="table_02" timestamp="2023-06-13T13:10:26Z" hostname="c07c2379de0a" tests="9" skipped="3" failures="0" errors="0" time="2.265">
    <testcase time="0.254" classname="table_02" name="Table_02_generation_works_with_default_values"/>
    <testcase time="0.676" classname="table_02" name="Table_02_generation_works_with_default_values"/>
    <testcase time="0.258" classname="table_02" name="Table_02_generation_works_with_default_values">
      <skipped message="Reason: On CRAN ('test-table_02.R:16:3')"/>
    </testcase>
    <testcase time="0.0779999999999994" classname="table_02" name="Table_02_generation_works_with_custom_values"/>
    <testcase time="0.488" classname="table_02" name="Table_02_generation_works_with_custom_values"/>
    <testcase time="0.276" classname="table_02" name="Table_02_generation_works_with_custom_values">
      <skipped message="Reason: On CRAN ('test-table_02.R:45:3')"/>
    </testcase>
    <testcase time="0.0650000000000004" classname="table_02" name="Table_02_generation_works_with_some_NA_values"/>
    <testcase time="0.116" classname="table_02" name="Table_02_generation_works_with_some_NA_values"/>
    <testcase time="0.0540000000000003" classname="table_02" name="Table_02_generation_works_with_some_NA_values">
      <skipped message="Reason: On CRAN ('test-table_02.R:57:3')"/>
    </testcase>
  </testsuite>
  <testsuite name="table_05" timestamp="2023-06-13T13:10:28Z" hostname="c07c2379de0a" tests="9" skipped="3" failures="0" errors="0" time="1.302">
    <testcase time="0.193" classname="table_05" name="Table_05_generation_works_with_default_values"/>
    <testcase time="0.306" classname="table_05" name="Table_05_generation_works_with_default_values"/>
    <testcase time="0.0860000000000003" classname="table_05" name="Table_05_generation_works_with_default_values">
      <skipped message="Reason: On CRAN ('test-table_05.R:10:3')"/>
    </testcase>
    <testcase time="0.016" classname="table_05" name="Table_05_generation_works_with_custom_values"/>
    <testcase time="0.303" classname="table_05" name="Table_05_generation_works_with_custom_values"/>
    <testcase time="0.103" classname="table_05" name="Table_05_generation_works_with_custom_values">
      <skipped message="Reason: On CRAN ('test-table_05.R:34:3')"/>
    </testcase>
    <testcase time="0.0170000000000003" classname="table_05" name="Table_05_generation_works_with_NA_values_pruned_rows"/>
    <testcase time="0.194999999999999" classname="table_05" name="Table_05_generation_works_with_NA_values_pruned_rows"/>
    <testcase time="0.0830000000000002" classname="table_05" name="Table_05_generation_works_with_NA_values_pruned_rows">
      <skipped message="Reason: On CRAN ('test-table_05.R:44:3')"/>
    </testcase>
  </testsuite>
  <testsuite name="table_06" timestamp="2023-06-13T13:10:29Z" hostname="c07c2379de0a" tests="10" skipped="2" failures="0" errors="0" time="1.447">
    <testcase time="0.0460000000000003" classname="table_06" name="Table_06_generation_works_with_default_values"/>
    <testcase time="0.00199999999999978" classname="table_06" name="Table_06_generation_works_with_default_values"/>
    <testcase time="0.0650000000000004" classname="table_06" name="Table_06_generation_works_with_default_values"/>
    <testcase time="0.455" classname="table_06" name="Table_06_generation_works_with_default_values"/>
    <testcase time="0.109" classname="table_06" name="Table_06_generation_works_with_default_values">
      <skipped message="Reason: On CRAN ('test-table_06.R:8:3')"/>
    </testcase>
    <testcase time="0.0149999999999997" classname="table_06" name="Table_06_generation_works_with_custom_values"/>
    <testcase time="0.00100000000000033" classname="table_06" name="Table_06_generation_works_with_custom_values"/>
    <testcase time="0.0619999999999994" classname="table_06" name="Table_06_generation_works_with_custom_values"/>
    <testcase time="0.537" classname="table_06" name="Table_06_generation_works_with_custom_values"/>
    <testcase time="0.155000000000001" classname="table_06" name="Table_06_generation_works_with_custom_values">
      <skipped message="Reason: On CRAN ('test-table_06.R:40:3')"/>
    </testcase>
  </testsuite>
  <testsuite name="table_07" timestamp="2023-06-13T13:10:30Z" hostname="c07c2379de0a" tests="18" skipped="3" failures="0" errors="0" time="1.938">
    <testcase time="0.0239999999999991" classname="table_07" name="Table_07_generation_works_with_default_values"/>
    <testcase time="0.000999999999999446" classname="table_07" name="Table_07_generation_works_with_default_values"/>
    <testcase time="0.00100000000000122" classname="table_07" name="Table_07_generation_works_with_default_values"/>
    <testcase time="0.0459999999999994" classname="table_07" name="Table_07_generation_works_with_default_values"/>
    <testcase time="0.356999999999999" classname="table_07" name="Table_07_generation_works_with_default_values"/>
    <testcase time="0.141" classname="table_07" name="Table_07_generation_works_with_default_values">
      <skipped message="Reason: On CRAN ('test-table_07.R:13:3')"/>
    </testcase>
    <testcase time="0.0129999999999999" classname="table_07" name="Table_07_generation_works_with_custom_values"/>
    <testcase time="0.00199999999999889" classname="table_07" name="Table_07_generation_works_with_custom_values"/>
    <testcase time="0.00100000000000122" classname="table_07" name="Table_07_generation_works_with_custom_values"/>
    <testcase time="0.0589999999999993" classname="table_07" name="Table_07_generation_works_with_custom_values"/>
    <testcase time="0.56" classname="table_07" name="Table_07_generation_works_with_custom_values"/>
    <testcase time="0.174999999999999" classname="table_07" name="Table_07_generation_works_with_custom_values">
      <skipped message="Reason: On CRAN ('test-table_07.R:42:3')"/>
    </testcase>
    <testcase time="0.016" classname="table_07" name="Table_07_generation_works_with_NA_values_pruned_rows"/>
    <testcase time="0.00200000000000067" classname="table_07" name="Table_07_generation_works_with_NA_values_pruned_rows"/>
    <testcase time="0.000999999999999446" classname="table_07" name="Table_07_generation_works_with_NA_values_pruned_rows"/>
    <testcase time="0.0500000000000007" classname="table_07" name="Table_07_generation_works_with_NA_values_pruned_rows"/>
    <testcase time="0.352" classname="table_07" name="Table_07_generation_works_with_NA_values_pruned_rows"/>
    <testcase time="0.137" classname="table_07" name="Table_07_generation_works_with_NA_values_pruned_rows">
      <skipped message="Reason: On CRAN ('test-table_07.R:52:3')"/>
    </testcase>
  </testsuite>
  <testsuite name="table_08" timestamp="2023-06-13T13:10:32Z" hostname="c07c2379de0a" tests="8" skipped="2" failures="0" errors="0" time="0.507">
    <testcase time="0.0289999999999999" classname="table_08" name="Table_08_generation_works_with_default_values"/>
    <testcase time="0.000999999999999446" classname="table_08" name="Table_08_generation_works_with_default_values"/>
    <testcase time="0.0500000000000007" classname="table_08" name="Table_08_generation_works_with_default_values"/>
    <testcase time="0.148999999999999" classname="table_08" name="Table_08_generation_works_with_default_values">
      <skipped message="Reason: On CRAN ('test-table_08.R:10:3')"/>
    </testcase>
    <testcase time="0.0139999999999993" classname="table_08" name="Table_08_generation_works_with_custom_values"/>
    <testcase time="0.00200000000000067" classname="table_08" name="Table_08_generation_works_with_custom_values"/>
    <testcase time="0.0489999999999995" classname="table_08" name="Table_08_generation_works_with_custom_values"/>
    <testcase time="0.213000000000001" classname="table_08" name="Table_08_generation_works_with_custom_values">
      <skipped message="Reason: On CRAN ('test-table_08.R:31:3')"/>
    </testcase>
  </testsuite>
  <testsuite name="table_09" timestamp="2023-06-13T13:10:33Z" hostname="c07c2379de0a" tests="8" skipped="2" failures="0" errors="0" time="0.933">
    <testcase time="0.020999999999999" classname="table_09" name="Table_09_generation_works_with_default_values"/>
    <testcase time="0.0440000000000005" classname="table_09" name="Table_09_generation_works_with_default_values"/>
    <testcase time="0.297000000000001" classname="table_09" name="Table_09_generation_works_with_default_values"/>
    <testcase time="0.0729999999999986" classname="table_09" name="Table_09_generation_works_with_default_values">
      <skipped message="Reason: On CRAN ('test-table_09.R:8:3')"/>
    </testcase>
    <testcase time="0.0150000000000006" classname="table_09" name="Table_09_generation_works_with_custom_values"/>
    <testcase time="0.0489999999999995" classname="table_09" name="Table_09_generation_works_with_custom_values"/>
    <testcase time="0.355" classname="table_09" name="Table_09_generation_works_with_custom_values"/>
    <testcase time="0.0790000000000006" classname="table_09" name="Table_09_generation_works_with_custom_values">
      <skipped message="Reason: On CRAN ('test-table_09.R:39:3')"/>
    </testcase>
  </testsuite>
  <testsuite name="table_13" timestamp="2023-06-13T13:10:34Z" hostname="c07c2379de0a" tests="8" skipped="2" failures="0" errors="0" time="0.544">
    <testcase time="0.0259999999999998" classname="table_13" name="Table_13_generation_works_with_default_values"/>
    <testcase time="0.0519999999999996" classname="table_13" name="Table_13_generation_works_with_default_values"/>
    <testcase time="0.124000000000001" classname="table_13" name="Table_13_generation_works_with_default_values"/>
    <testcase time="0.0719999999999992" classname="table_13" name="Table_13_generation_works_with_default_values">
      <skipped message="Reason: On CRAN ('test-table_13.R:8:3')"/>
    </testcase>
    <testcase time="0.0140000000000011" classname="table_13" name="Table_13_generation_works_with_custom_values"/>
    <testcase time="0.052999999999999" classname="table_13" name="Table_13_generation_works_with_custom_values"/>
    <testcase time="0.151" classname="table_13" name="Table_13_generation_works_with_custom_values"/>
    <testcase time="0.0520000000000014" classname="table_13" name="Table_13_generation_works_with_custom_values">
      <skipped message="Reason: On CRAN ('test-table_13.R:38:3')"/>
    </testcase>
  </testsuite>
  <testsuite name="table_14" timestamp="2023-06-13T13:10:34Z" hostname="c07c2379de0a" tests="10" skipped="3" failures="0" errors="0" time="2.329">
    <testcase time="0.0289999999999999" classname="table_14" name="Table_14_generation_works_with_default_values"/>
    <testcase time="0.549999999999999" classname="table_14" name="Table_14_generation_works_with_default_values"/>
    <testcase time="0.17" classname="table_14" name="Table_14_generation_works_with_default_values">
      <skipped message="Reason: On CRAN ('test-table_14.R:16:3')"/>
    </testcase>
    <testcase time="0.0140000000000011" classname="table_14" name="Table_14_generation_works_with_custom_values"/>
    <testcase time="0.0489999999999995" classname="table_14" name="Table_14_generation_works_with_custom_values"/>
    <testcase time="0.625999999999999" classname="table_14" name="Table_14_generation_works_with_custom_values"/>
    <testcase time="0.183" classname="table_14" name="Table_14_generation_works_with_custom_values">
      <skipped message="Reason: On CRAN ('test-table_14.R:46:3')"/>
    </testcase>
    <testcase time="0.0150000000000006" classname="table_14" name="Table_14_generation_works_with_NA_values_pruned_rows"/>
    <testcase time="0.565000000000001" classname="table_14" name="Table_14_generation_works_with_NA_values_pruned_rows"/>
    <testcase time="0.128" classname="table_14" name="Table_14_generation_works_with_NA_values_pruned_rows">
      <skipped message="Reason: On CRAN ('test-table_14.R:53:3')"/>
    </testcase>
  </testsuite>
  <testsuite name="table_20" timestamp="2023-06-13T13:10:37Z" hostname="c07c2379de0a" tests="18" skipped="3" failures="0" errors="0" time="1.95">
    <testcase time="0.0249999999999986" classname="table_20" name="Table_20_generation_works_with_default_values"/>
    <testcase time="0.00100000000000122" classname="table_20" name="Table_20_generation_works_with_default_values"/>
    <testcase time="0.00199999999999889" classname="table_20" name="Table_20_generation_works_with_default_values"/>
    <testcase time="0.0460000000000012" classname="table_20" name="Table_20_generation_works_with_default_values"/>
    <testcase time="0.385999999999999" classname="table_20" name="Table_20_generation_works_with_default_values"/>
    <testcase time="0.102" classname="table_20" name="Table_20_generation_works_with_default_values">
      <skipped message="Reason: On CRAN ('test-table_20.R:17:3')"/>
    </testcase>
    <testcase time="0.0139999999999993" classname="table_20" name="Table_20_generation_works_with_custom_values"/>
    <testcase time="0.00100000000000122" classname="table_20" name="Table_20_generation_works_with_custom_values"/>
    <testcase time="0.00199999999999889" classname="table_20" name="Table_20_generation_works_with_custom_values"/>
    <testcase time="0.0460000000000012" classname="table_20" name="Table_20_generation_works_with_custom_values"/>
    <testcase time="0.644" classname="table_20" name="Table_20_generation_works_with_custom_values"/>
    <testcase time="0.139999999999999" classname="table_20" name="Table_20_generation_works_with_custom_values">
      <skipped message="Reason: On CRAN ('test-table_20.R:65:3')"/>
    </testcase>
    <testcase time="0.0140000000000011" classname="table_20" name="Table_20_generation_works_with_missing_values_pruned_rows"/>
    <testcase time="0.000999999999999446" classname="table_20" name="Table_20_generation_works_with_missing_values_pruned_rows"/>
    <testcase time="0.00200000000000067" classname="table_20" name="Table_20_generation_works_with_missing_values_pruned_rows"/>
    <testcase time="0.0459999999999994" classname="table_20" name="Table_20_generation_works_with_missing_values_pruned_rows"/>
    <testcase time="0.382" classname="table_20" name="Table_20_generation_works_with_missing_values_pruned_rows"/>
    <testcase time="0.0960000000000001" classname="table_20" name="Table_20_generation_works_with_missing_values_pruned_rows">
      <skipped message="Reason: On CRAN ('test-table_20.R:74:3')"/>
    </testcase>
  </testsuite>
  <testsuite name="table_32" timestamp="2023-06-13T13:10:39Z" hostname="c07c2379de0a" tests="12" skipped="3" failures="0" errors="0" time="1.044">
    <testcase time="0.0199999999999996" classname="table_32" name="Table_32_generation_works_with_default_values"/>
    <testcase time="0.0760000000000005" classname="table_32" name="Table_32_generation_works_with_default_values"/>
    <testcase time="0.123000000000001" classname="table_32" name="Table_32_generation_works_with_default_values"/>
    <testcase time="0.0509999999999984" classname="table_32" name="Table_32_generation_works_with_default_values">
      <skipped message="Reason: On CRAN ('test-table_32.R:8:3')"/>
    </testcase>
    <testcase time="0.0150000000000006" classname="table_32" name="Table_32_generation_works_with_custom_values"/>
    <testcase time="0.306999999999999" classname="table_32" name="Table_32_generation_works_with_custom_values"/>
    <testcase time="0.147000000000002" classname="table_32" name="Table_32_generation_works_with_custom_values"/>
    <testcase time="0.0689999999999991" classname="table_32" name="Table_32_generation_works_with_custom_values">
      <skipped message="Reason: On CRAN ('test-table_32.R:30:3')"/>
    </testcase>
    <testcase time="0.0169999999999995" classname="table_32" name="Table_32_generation_works_with_pruned_rows"/>
    <testcase time="0.0560000000000009" classname="table_32" name="Table_32_generation_works_with_pruned_rows"/>
    <testcase time="0.126999999999999" classname="table_32" name="Table_32_generation_works_with_pruned_rows"/>
    <testcase time="0.0360000000000014" classname="table_32" name="Table_32_generation_works_with_pruned_rows">
      <skipped message="Reason: On CRAN ('test-table_32.R:37:3')"/>
    </testcase>
  </testsuite>
  <testsuite name="table_33" timestamp="2023-06-13T13:10:40Z" hostname="c07c2379de0a" tests="12" skipped="3" failures="0" errors="0" time="1.503">
    <testcase time="0.0219999999999985" classname="table_33" name="Table_33_generation_works_with_default_values"/>
    <testcase time="0.336000000000002" classname="table_33" name="Table_33_generation_works_with_default_values"/>
    <testcase time="0.0939999999999976" classname="table_33" name="Table_33_generation_works_with_default_values"/>
    <testcase time="0.0380000000000003" classname="table_33" name="Table_33_generation_works_with_default_values">
      <skipped message="Reason: On CRAN ('test-table_33.R:8:3')"/>
    </testcase>
    <testcase time="0.0160000000000018" classname="table_33" name="Table_33_generation_works_with_custom_values"/>
    <testcase time="0.337000000000003" classname="table_33" name="Table_33_generation_works_with_custom_values"/>
    <testcase time="0.116999999999997" classname="table_33" name="Table_33_generation_works_with_custom_values"/>
    <testcase time="0.0450000000000017" classname="table_33" name="Table_33_generation_works_with_custom_values">
      <skipped message="Reason: On CRAN ('test-table_33.R:34:3')"/>
    </testcase>
    <testcase time="0.0150000000000006" classname="table_33" name="Table_33_generation_works_with_pruned_rows"/>
    <testcase time="0.355999999999998" classname="table_33" name="Table_33_generation_works_with_pruned_rows"/>
    <testcase time="0.0950000000000024" classname="table_33" name="Table_33_generation_works_with_pruned_rows"/>
    <testcase time="0.032" classname="table_33" name="Table_33_generation_works_with_pruned_rows">
      <skipped message="Reason: On CRAN ('test-table_33.R:42:3')"/>
    </testcase>
  </testsuite>
</testsuites>
