<?xml version="1.0" encoding="UTF-8"?>
<testsuites>
  <testsuite name="table_02" timestamp="2023-10-03T21:37:23Z" hostname="c0c73ea5ee32" tests="30" skipped="10" failures="0" errors="0" time="12.939">
    <testcase time="0.0699999999999998" classname="table_02" name="Table_02_generation_works_with_default_values"/>
    <testcase time="0.418" classname="table_02" name="Table_02_generation_works_with_default_values"/>
    <testcase time="0.202" classname="table_02" name="Table_02_generation_works_with_default_values">
      <skipped message="Reason: On CRAN ('test-table_02.R:16:3')"/>
    </testcase>
    <testcase time="0.0659999999999998" classname="table_02" name="Table_02_generation_works_with_custom_values"/>
    <testcase time="0.337" classname="table_02" name="Table_02_generation_works_with_custom_values"/>
    <testcase time="0.203" classname="table_02" name="Table_02_generation_works_with_custom_values">
      <skipped message="Reason: On CRAN ('test-table_02.R:45:3')"/>
    </testcase>
    <testcase time="0.0470000000000002" classname="table_02" name="Table_02_generation_works_with_some_NA_values"/>
    <testcase time="0.089" classname="table_02" name="Table_02_generation_works_with_some_NA_values"/>
    <testcase time="0.0419999999999998" classname="table_02" name="Table_02_generation_works_with_some_NA_values">
      <skipped message="Reason: On CRAN ('test-table_02.R:57:3')"/>
    </testcase>
    <testcase time="0.0150000000000006" classname="table_02" name="Table_02_generation_tplyr_works_with_default_values"/>
    <testcase time="1.67" classname="table_02" name="Table_02_generation_tplyr_works_with_default_values"/>
    <testcase time="0.0309999999999997" classname="table_02" name="Table_02_generation_tplyr_works_with_default_values">
      <skipped message="Reason: On CRAN ('test-table_02.R:66:3')"/>
    </testcase>
    <testcase time="0.0149999999999997" classname="table_02" name="Table_02_generation_tplyr_works_with_tplyr_raw_TRUE"/>
    <testcase time="1.03" classname="table_02" name="Table_02_generation_tplyr_works_with_tplyr_raw_TRUE"/>
    <testcase time="0.0259999999999998" classname="table_02" name="Table_02_generation_tplyr_works_with_tplyr_raw_TRUE">
      <skipped message="Reason: On CRAN ('test-table_02.R:75:3')"/>
    </testcase>
    <testcase time="0.0369999999999999" classname="table_02" name="Table_02_generation_tplyr_works_with_custom_values"/>
    <testcase time="1.584" classname="table_02" name="Table_02_generation_tplyr_works_with_custom_values"/>
    <testcase time="0.0199999999999996" classname="table_02" name="Table_02_generation_tplyr_works_with_custom_values">
      <skipped message="Reason: On CRAN ('test-table_02.R:102:3')"/>
    </testcase>
    <testcase time="0.0300000000000011" classname="table_02" name="Table_02_generation_tplyr_works_with_some_NA_values"/>
    <testcase time="0.632" classname="table_02" name="Table_02_generation_tplyr_works_with_some_NA_values"/>
    <testcase time="0.0190000000000001" classname="table_02" name="Table_02_generation_tplyr_works_with_some_NA_values">
      <skipped message="Reason: On CRAN ('test-table_02.R:119:3')"/>
    </testcase>
    <testcase time="0.0139999999999993" classname="table_02" name="Table_02_generation_gtsum_works_with_default_values"/>
    <testcase time="2.58" classname="table_02" name="Table_02_generation_gtsum_works_with_default_values"/>
    <testcase time="0.00600000000000023" classname="table_02" name="Table_02_generation_gtsum_works_with_default_values">
      <skipped message="Reason: On CRAN ('test-table_02.R:128:3')"/>
    </testcase>
    <testcase time="0.036999999999999" classname="table_02" name="Table_02_generation_gtsum_works_with_custom_values"/>
    <testcase time="2.875" classname="table_02" name="Table_02_generation_gtsum_works_with_custom_values"/>
    <testcase time="0.00500000000000078" classname="table_02" name="Table_02_generation_gtsum_works_with_custom_values">
      <skipped message="Reason: On CRAN ('test-table_02.R:146:3')"/>
    </testcase>
    <testcase time="0.0299999999999994" classname="table_02" name="Table_02_generation_gtsum_works_with_some_NA_values"/>
    <testcase time="0.803000000000001" classname="table_02" name="Table_02_generation_gtsum_works_with_some_NA_values"/>
    <testcase time="0.00600000000000023" classname="table_02" name="Table_02_generation_gtsum_works_with_some_NA_values">
      <skipped message="Reason: On CRAN ('test-table_02.R:163:3')"/>
    </testcase>
  </testsuite>
  <testsuite name="table_03" timestamp="2023-10-03T21:37:36Z" hostname="c0c73ea5ee32" tests="8" skipped="2" failures="0" errors="0" time="0.708">
    <testcase time="0.0280000000000005" classname="table_03" name="Table_3_generation_works_with_default_values"/>
    <testcase time="0" classname="table_03" name="Table_3_generation_works_with_default_values"/>
    <testcase time="0.285" classname="table_03" name="Table_3_generation_works_with_default_values"/>
    <testcase time="0.0540000000000003" classname="table_03" name="Table_3_generation_works_with_default_values">
      <skipped message="Reason: On CRAN ('test-table_03.R:21:3')"/>
    </testcase>
    <testcase time="0.0139999999999993" classname="table_03" name="Table_3_generation_works_with_custom_values"/>
    <testcase time="0.00100000000000122" classname="table_03" name="Table_3_generation_works_with_custom_values"/>
    <testcase time="0.264999999999999" classname="table_03" name="Table_3_generation_works_with_custom_values"/>
    <testcase time="0.0609999999999999" classname="table_03" name="Table_3_generation_works_with_custom_values">
      <skipped message="Reason: On CRAN ('test-table_03.R:41:3')"/>
    </testcase>
  </testsuite>
  <testsuite name="table_04" timestamp="2023-10-03T21:37:36Z" hostname="c0c73ea5ee32" tests="12" skipped="2" failures="0" errors="0" time="0.797">
    <testcase time="0.0339999999999989" classname="table_04" name="Table_04_generation_works_with_default_values"/>
    <testcase time="0.00100000000000122" classname="table_04" name="Table_04_generation_works_with_default_values"/>
    <testcase time="0.00100000000000122" classname="table_04" name="Table_04_generation_works_with_default_values"/>
    <testcase time="0.000999999999997669" classname="table_04" name="Table_04_generation_works_with_default_values"/>
    <testcase time="0.296000000000003" classname="table_04" name="Table_04_generation_works_with_default_values"/>
    <testcase time="0.0820000000000007" classname="table_04" name="Table_04_generation_works_with_default_values">
      <skipped message="Reason: On CRAN ('test-table_04.R:18:3')"/>
    </testcase>
    <testcase time="0.0139999999999993" classname="table_04" name="Table_04_generation_works_with_custom_values"/>
    <testcase time="0.00100000000000122" classname="table_04" name="Table_04_generation_works_with_custom_values"/>
    <testcase time="0.00100000000000122" classname="table_04" name="Table_04_generation_works_with_custom_values"/>
    <testcase time="0.000999999999997669" classname="table_04" name="Table_04_generation_works_with_custom_values"/>
    <testcase time="0.298999999999999" classname="table_04" name="Table_04_generation_works_with_custom_values"/>
    <testcase time="0.0660000000000025" classname="table_04" name="Table_04_generation_works_with_custom_values">
      <skipped message="Reason: On CRAN ('test-table_04.R:44:3')"/>
    </testcase>
  </testsuite>
  <testsuite name="table_05" timestamp="2023-10-03T21:37:37Z" hostname="c0c73ea5ee32" tests="12" skipped="4" failures="0" errors="0" time="1.235">
    <testcase time="0.157" classname="table_05" name="Table_05_generation_works_with_default_values"/>
    <testcase time="0.192999999999998" classname="table_05" name="Table_05_generation_works_with_default_values"/>
    <testcase time="0.0600000000000023" classname="table_05" name="Table_05_generation_works_with_default_values">
      <skipped message="Reason: On CRAN ('test-table_05.R:10:3')"/>
    </testcase>
    <testcase time="0.014999999999997" classname="table_05" name="Table_05_generation_works_with_custom_values"/>
    <testcase time="0.200000000000003" classname="table_05" name="Table_05_generation_works_with_custom_values"/>
    <testcase time="0.0789999999999971" classname="table_05" name="Table_05_generation_works_with_custom_values">
      <skipped message="Reason: On CRAN ('test-table_05.R:34:3')"/>
    </testcase>
    <testcase time="0.0150000000000006" classname="table_05" name="Table_05_generation_works_with_NA_values_pruned_rows"/>
    <testcase time="0.161000000000001" classname="table_05" name="Table_05_generation_works_with_NA_values_pruned_rows"/>
    <testcase time="0.0670000000000002" classname="table_05" name="Table_05_generation_works_with_NA_values_pruned_rows">
      <skipped message="Reason: On CRAN ('test-table_05.R:44:3')"/>
    </testcase>
    <testcase time="0.0150000000000006" classname="table_05" name="Table_05_generation_works_with_risk_difference_column"/>
    <testcase time="0.204999999999998" classname="table_05" name="Table_05_generation_works_with_risk_difference_column"/>
    <testcase time="0.0680000000000014" classname="table_05" name="Table_05_generation_works_with_risk_difference_column">
      <skipped message="Reason: On CRAN ('test-table_05.R:57:3')"/>
    </testcase>
  </testsuite>
  <testsuite name="table_06" timestamp="2023-10-03T21:37:38Z" hostname="c0c73ea5ee32" tests="15" skipped="3" failures="0" errors="0" time="1.891">
    <testcase time="0.0189999999999984" classname="table_06" name="Table_06_generation_works_with_default_values"/>
    <testcase time="0.00100000000000122" classname="table_06" name="Table_06_generation_works_with_default_values"/>
    <testcase time="0.0489999999999995" classname="table_06" name="Table_06_generation_works_with_default_values"/>
    <testcase time="0.382999999999999" classname="table_06" name="Table_06_generation_works_with_default_values"/>
    <testcase time="0.078000000000003" classname="table_06" name="Table_06_generation_works_with_default_values">
      <skipped message="Reason: On CRAN ('test-table_06.R:8:3')"/>
    </testcase>
    <testcase time="0.0139999999999993" classname="table_06" name="Table_06_generation_works_with_custom_values"/>
    <testcase time="0.000999999999997669" classname="table_06" name="Table_06_generation_works_with_custom_values"/>
    <testcase time="0.0450000000000017" classname="table_06" name="Table_06_generation_works_with_custom_values"/>
    <testcase time="0.506" classname="table_06" name="Table_06_generation_works_with_custom_values"/>
    <testcase time="0.135999999999999" classname="table_06" name="Table_06_generation_works_with_custom_values">
      <skipped message="Reason: On CRAN ('test-table_06.R:40:3')"/>
    </testcase>
    <testcase time="0.0139999999999993" classname="table_06" name="Table_06_generation_works_with_risk_difference_column"/>
    <testcase time="0.00100000000000122" classname="table_06" name="Table_06_generation_works_with_risk_difference_column"/>
    <testcase time="0.0449999999999982" classname="table_06" name="Table_06_generation_works_with_risk_difference_column"/>
    <testcase time="0.501999999999999" classname="table_06" name="Table_06_generation_works_with_risk_difference_column"/>
    <testcase time="0.0970000000000013" classname="table_06" name="Table_06_generation_works_with_risk_difference_column">
      <skipped message="Reason: On CRAN ('test-table_06.R:48:3')"/>
    </testcase>
  </testsuite>
  <testsuite name="table_07" timestamp="2023-10-03T21:37:40Z" hostname="c0c73ea5ee32" tests="24" skipped="4" failures="0" errors="0" time="1.992">
    <testcase time="0.0300000000000011" classname="table_07" name="Table_07_generation_works_with_default_values"/>
    <testcase time="0.000999999999997669" classname="table_07" name="Table_07_generation_works_with_default_values"/>
    <testcase time="0.00100000000000122" classname="table_07" name="Table_07_generation_works_with_default_values"/>
    <testcase time="0.0309999999999988" classname="table_07" name="Table_07_generation_works_with_default_values"/>
    <testcase time="0.286000000000001" classname="table_07" name="Table_07_generation_works_with_default_values"/>
    <testcase time="0.105999999999998" classname="table_07" name="Table_07_generation_works_with_default_values">
      <skipped message="Reason: On CRAN ('test-table_07.R:13:3')"/>
    </testcase>
    <testcase time="0.0140000000000029" classname="table_07" name="Table_07_generation_works_with_custom_values"/>
    <testcase time="0.000999999999997669" classname="table_07" name="Table_07_generation_works_with_custom_values"/>
    <testcase time="0.00100000000000122" classname="table_07" name="Table_07_generation_works_with_custom_values"/>
    <testcase time="0.0299999999999976" classname="table_07" name="Table_07_generation_works_with_custom_values"/>
    <testcase time="0.401" classname="table_07" name="Table_07_generation_works_with_custom_values"/>
    <testcase time="0.131" classname="table_07" name="Table_07_generation_works_with_custom_values">
      <skipped message="Reason: On CRAN ('test-table_07.R:42:3')"/>
    </testcase>
    <testcase time="0.0150000000000006" classname="table_07" name="Table_07_generation_works_with_NA_values_pruned_rows"/>
    <testcase time="0.00100000000000122" classname="table_07" name="Table_07_generation_works_with_NA_values_pruned_rows"/>
    <testcase time="0.000999999999997669" classname="table_07" name="Table_07_generation_works_with_NA_values_pruned_rows"/>
    <testcase time="0.0300000000000011" classname="table_07" name="Table_07_generation_works_with_NA_values_pruned_rows"/>
    <testcase time="0.286000000000001" classname="table_07" name="Table_07_generation_works_with_NA_values_pruned_rows"/>
    <testcase time="0.103999999999999" classname="table_07" name="Table_07_generation_works_with_NA_values_pruned_rows">
      <skipped message="Reason: On CRAN ('test-table_07.R:52:3')"/>
    </testcase>
    <testcase time="0.0139999999999993" classname="table_07" name="Table_07_generation_works_with_risk_difference_column"/>
    <testcase time="0.00100000000000122" classname="table_07" name="Table_07_generation_works_with_risk_difference_column"/>
    <testcase time="0.000999999999997669" classname="table_07" name="Table_07_generation_works_with_risk_difference_column"/>
    <testcase time="0.0310000000000024" classname="table_07" name="Table_07_generation_works_with_risk_difference_column"/>
    <testcase time="0.355999999999998" classname="table_07" name="Table_07_generation_works_with_risk_difference_column"/>
    <testcase time="0.119" classname="table_07" name="Table_07_generation_works_with_risk_difference_column">
      <skipped message="Reason: On CRAN ('test-table_07.R:65:3')"/>
    </testcase>
  </testsuite>
  <testsuite name="table_08" timestamp="2023-10-03T21:37:42Z" hostname="c0c73ea5ee32" tests="8" skipped="2" failures="0" errors="0" time="0.371">
    <testcase time="0.0200000000000031" classname="table_08" name="Table_08_generation_works_with_default_values"/>
    <testcase time="0.000999999999997669" classname="table_08" name="Table_08_generation_works_with_default_values"/>
    <testcase time="0.0440000000000005" classname="table_08" name="Table_08_generation_works_with_default_values"/>
    <testcase time="0.111000000000001" classname="table_08" name="Table_08_generation_works_with_default_values">
      <skipped message="Reason: On CRAN ('test-table_08.R:10:3')"/>
    </testcase>
    <testcase time="0.0139999999999993" classname="table_08" name="Table_08_generation_works_with_custom_values"/>
    <testcase time="0.00100000000000122" classname="table_08" name="Table_08_generation_works_with_custom_values"/>
    <testcase time="0.0380000000000003" classname="table_08" name="Table_08_generation_works_with_custom_values"/>
    <testcase time="0.141999999999999" classname="table_08" name="Table_08_generation_works_with_custom_values">
      <skipped message="Reason: On CRAN ('test-table_08.R:31:3')"/>
    </testcase>
  </testsuite>
  <testsuite name="table_09" timestamp="2023-10-03T21:37:43Z" hostname="c0c73ea5ee32" tests="12" skipped="3" failures="0" errors="0" time="1.308">
    <testcase time="0.0189999999999984" classname="table_09" name="Table_09_generation_works_with_default_values"/>
    <testcase time="0.032" classname="table_09" name="Table_09_generation_works_with_default_values"/>
    <testcase time="0.285" classname="table_09" name="Table_09_generation_works_with_default_values"/>
    <testcase time="0.0530000000000008" classname="table_09" name="Table_09_generation_works_with_default_values">
      <skipped message="Reason: On CRAN ('test-table_09.R:8:3')"/>
    </testcase>
    <testcase time="0.0150000000000006" classname="table_09" name="Table_09_generation_works_with_custom_values"/>
    <testcase time="0.032" classname="table_09" name="Table_09_generation_works_with_custom_values"/>
    <testcase time="0.335000000000001" classname="table_09" name="Table_09_generation_works_with_custom_values"/>
    <testcase time="0.0629999999999988" classname="table_09" name="Table_09_generation_works_with_custom_values">
      <skipped message="Reason: On CRAN ('test-table_09.R:39:3')"/>
    </testcase>
    <testcase time="0.0150000000000006" classname="table_09" name="Table_09_generation_works_with_risk_difference_column"/>
    <testcase time="0.041999999999998" classname="table_09" name="Table_09_generation_works_with_risk_difference_column"/>
    <testcase time="0.346" classname="table_09" name="Table_09_generation_works_with_risk_difference_column"/>
    <testcase time="0.0710000000000015" classname="table_09" name="Table_09_generation_works_with_risk_difference_column">
      <skipped message="Reason: On CRAN ('test-table_09.R:47:3')"/>
    </testcase>
  </testsuite>
  <testsuite name="table_10" timestamp="2023-10-03T21:37:44Z" hostname="c0c73ea5ee32" tests="15" skipped="3" failures="0" errors="0" time="1.457">
    <testcase time="0.0229999999999997" classname="table_10" name="Table_10_generation_works_with_default_values"/>
    <testcase time="0.00100000000000122" classname="table_10" name="Table_10_generation_works_with_default_values"/>
    <testcase time="0.0329999999999977" classname="table_10" name="Table_10_generation_works_with_default_values"/>
    <testcase time="0.329000000000001" classname="table_10" name="Table_10_generation_works_with_default_values"/>
    <testcase time="0.097999999999999" classname="table_10" name="Table_10_generation_works_with_default_values">
      <skipped message="Reason: On CRAN ('test-table_10.R:17:3')"/>
    </testcase>
    <testcase time="0.0139999999999993" classname="table_10" name="Table_10_generation_works_with_custom_values"/>
    <testcase time="0.00100000000000122" classname="table_10" name="Table_10_generation_works_with_custom_values"/>
    <testcase time="0.0289999999999999" classname="table_10" name="Table_10_generation_works_with_custom_values"/>
    <testcase time="0.312000000000001" classname="table_10" name="Table_10_generation_works_with_custom_values"/>
    <testcase time="0.0499999999999972" classname="table_10" name="Table_10_generation_works_with_custom_values">
      <skipped message="Reason: On CRAN ('test-table_10.R:52:3')"/>
    </testcase>
    <testcase time="0.0140000000000029" classname="table_10" name="Table_10_generation_works_with_risk_difference_column"/>
    <testcase time="0.000999999999997669" classname="table_10" name="Table_10_generation_works_with_risk_difference_column"/>
    <testcase time="0.0429999999999993" classname="table_10" name="Table_10_generation_works_with_risk_difference_column"/>
    <testcase time="0.398" classname="table_10" name="Table_10_generation_works_with_risk_difference_column"/>
    <testcase time="0.111000000000001" classname="table_10" name="Table_10_generation_works_with_risk_difference_column">
      <skipped message="Reason: On CRAN ('test-table_10.R:60:3')"/>
    </testcase>
  </testsuite>
  <testsuite name="table_11" timestamp="2023-10-03T21:37:45Z" hostname="c0c73ea5ee32" tests="12" skipped="3" failures="0" errors="0" time="2.408">
    <testcase time="0.0289999999999999" classname="table_11" name="Table_11_generation_works_with_default_values"/>
    <testcase time="0.0450000000000017" classname="table_11" name="Table_11_generation_works_with_default_values"/>
    <testcase time="0.544999999999998" classname="table_11" name="Table_11_generation_works_with_default_values"/>
    <testcase time="0.112000000000002" classname="table_11" name="Table_11_generation_works_with_default_values">
      <skipped message="Reason: On CRAN ('test-table_11.R:18:3')"/>
    </testcase>
    <testcase time="0.0150000000000006" classname="table_11" name="Table_11_generation_works_with_custom_values"/>
    <testcase time="0.0440000000000005" classname="table_11" name="Table_11_generation_works_with_custom_values"/>
    <testcase time="0.501999999999999" classname="table_11" name="Table_11_generation_works_with_custom_values"/>
    <testcase time="0.0650000000000013" classname="table_11" name="Table_11_generation_works_with_custom_values">
      <skipped message="Reason: On CRAN ('test-table_11.R:48:3')"/>
    </testcase>
    <testcase time="0.0139999999999993" classname="table_11" name="Table_11_generation_works_with_risk_difference_column"/>
    <testcase time="0.0399999999999991" classname="table_11" name="Table_11_generation_works_with_risk_difference_column"/>
    <testcase time="0.867000000000001" classname="table_11" name="Table_11_generation_works_with_risk_difference_column"/>
    <testcase time="0.129999999999999" classname="table_11" name="Table_11_generation_works_with_risk_difference_column">
      <skipped message="Reason: On CRAN ('test-table_11.R:56:3')"/>
    </testcase>
  </testsuite>
  <testsuite name="table_12" timestamp="2023-10-03T21:37:48Z" hostname="c0c73ea5ee32" tests="12" skipped="3" failures="0" errors="0" time="2.701">
    <testcase time="0.0189999999999984" classname="table_12" name="Table_12_generation_works_with_default_values"/>
    <testcase time="0.0410000000000004" classname="table_12" name="Table_12_generation_works_with_default_values"/>
    <testcase time="0.692" classname="table_12" name="Table_12_generation_works_with_default_values"/>
    <testcase time="0.0899999999999999" classname="table_12" name="Table_12_generation_works_with_default_values">
      <skipped message="Reason: On CRAN ('test-table_12.R:9:3')"/>
    </testcase>
    <testcase time="0.0140000000000029" classname="table_12" name="Table_12_generation_works_with_custom_values"/>
    <testcase time="0.0409999999999968" classname="table_12" name="Table_12_generation_works_with_custom_values"/>
    <testcase time="0.686" classname="table_12" name="Table_12_generation_works_with_custom_values"/>
    <testcase time="0.0949999999999989" classname="table_12" name="Table_12_generation_works_with_custom_values">
      <skipped message="Reason: On CRAN ('test-table_12.R:39:3')"/>
    </testcase>
    <testcase time="0.0140000000000029" classname="table_12" name="Table_12_generation_works_with_risk_difference_column"/>
    <testcase time="0.0409999999999968" classname="table_12" name="Table_12_generation_works_with_risk_difference_column"/>
    <testcase time="0.860000000000003" classname="table_12" name="Table_12_generation_works_with_risk_difference_column"/>
    <testcase time="0.107999999999997" classname="table_12" name="Table_12_generation_works_with_risk_difference_column">
      <skipped message="Reason: On CRAN ('test-table_12.R:47:3')"/>
    </testcase>
  </testsuite>
  <testsuite name="table_13" timestamp="2023-10-03T21:37:50Z" hostname="c0c73ea5ee32" tests="12" skipped="3" failures="0" errors="0" time="0.676">
    <testcase time="0.0180000000000007" classname="table_13" name="Table_13_generation_works_with_default_values"/>
    <testcase time="0.0390000000000015" classname="table_13" name="Table_13_generation_works_with_default_values"/>
    <testcase time="0.102999999999998" classname="table_13" name="Table_13_generation_works_with_default_values"/>
    <testcase time="0.0600000000000023" classname="table_13" name="Table_13_generation_works_with_default_values">
      <skipped message="Reason: On CRAN ('test-table_13.R:8:3')"/>
    </testcase>
    <testcase time="0.0139999999999993" classname="table_13" name="Table_13_generation_works_with_custom_values"/>
    <testcase time="0.0390000000000015" classname="table_13" name="Table_13_generation_works_with_custom_values"/>
    <testcase time="0.123999999999999" classname="table_13" name="Table_13_generation_works_with_custom_values"/>
    <testcase time="0.0399999999999991" classname="table_13" name="Table_13_generation_works_with_custom_values">
      <skipped message="Reason: On CRAN ('test-table_13.R:38:3')"/>
    </testcase>
    <testcase time="0.0139999999999993" classname="table_13" name="Table_13_generation_works_with_risk_difference_column"/>
    <testcase time="0.0390000000000015" classname="table_13" name="Table_13_generation_works_with_risk_difference_column"/>
    <testcase time="0.126000000000001" classname="table_13" name="Table_13_generation_works_with_risk_difference_column"/>
    <testcase time="0.0599999999999987" classname="table_13" name="Table_13_generation_works_with_risk_difference_column">
      <skipped message="Reason: On CRAN ('test-table_13.R:46:3')"/>
    </testcase>
  </testsuite>
  <testsuite name="table_14" timestamp="2023-10-03T21:37:51Z" hostname="c0c73ea5ee32" tests="13" skipped="4" failures="0" errors="0" time="2.778">
    <testcase time="0.027000000000001" classname="table_14" name="Table_14_generation_works_with_default_values"/>
    <testcase time="0.491" classname="table_14" name="Table_14_generation_works_with_default_values"/>
    <testcase time="0.134" classname="table_14" name="Table_14_generation_works_with_default_values">
      <skipped message="Reason: On CRAN ('test-table_14.R:16:3')"/>
    </testcase>
    <testcase time="0.0139999999999993" classname="table_14" name="Table_14_generation_works_with_custom_values"/>
    <testcase time="0.0389999999999979" classname="table_14" name="Table_14_generation_works_with_custom_values"/>
    <testcase time="0.516999999999999" classname="table_14" name="Table_14_generation_works_with_custom_values"/>
    <testcase time="0.125999999999998" classname="table_14" name="Table_14_generation_works_with_custom_values">
      <skipped message="Reason: On CRAN ('test-table_14.R:46:3')"/>
    </testcase>
    <testcase time="0.0140000000000029" classname="table_14" name="Table_14_generation_works_with_NA_values_pruned_rows"/>
    <testcase time="0.506999999999998" classname="table_14" name="Table_14_generation_works_with_NA_values_pruned_rows"/>
    <testcase time="0.0930000000000035" classname="table_14" name="Table_14_generation_works_with_NA_values_pruned_rows">
      <skipped message="Reason: On CRAN ('test-table_14.R:53:3')"/>
    </testcase>
    <testcase time="0.0189999999999984" classname="table_14" name="Table_14_generation_works_with_risk_difference_column"/>
    <testcase time="0.649999999999999" classname="table_14" name="Table_14_generation_works_with_risk_difference_column"/>
    <testcase time="0.146999999999998" classname="table_14" name="Table_14_generation_works_with_risk_difference_column">
      <skipped message="Reason: On CRAN ('test-table_14.R:61:3')"/>
    </testcase>
  </testsuite>
  <testsuite name="table_20" timestamp="2023-10-03T21:37:54Z" hostname="c0c73ea5ee32" tests="24" skipped="4" failures="0" errors="0" time="2.307">
    <testcase time="0.0220000000000056" classname="table_20" name="Table_20_generation_works_with_default_values"/>
    <testcase time="0.000999999999997669" classname="table_20" name="Table_20_generation_works_with_default_values"/>
    <testcase time="0.000999999999997669" classname="table_20" name="Table_20_generation_works_with_default_values"/>
    <testcase time="0.0350000000000037" classname="table_20" name="Table_20_generation_works_with_default_values"/>
    <testcase time="0.368000000000002" classname="table_20" name="Table_20_generation_works_with_default_values"/>
    <testcase time="0.0799999999999983" classname="table_20" name="Table_20_generation_works_with_default_values">
      <skipped message="Reason: On CRAN ('test-table_20.R:17:3')"/>
    </testcase>
    <testcase time="0.0150000000000006" classname="table_20" name="Table_20_generation_works_with_custom_values"/>
    <testcase time="0.000999999999997669" classname="table_20" name="Table_20_generation_works_with_custom_values"/>
    <testcase time="0.000999999999997669" classname="table_20" name="Table_20_generation_works_with_custom_values"/>
    <testcase time="0.0350000000000037" classname="table_20" name="Table_20_generation_works_with_custom_values"/>
    <testcase time="0.533999999999999" classname="table_20" name="Table_20_generation_works_with_custom_values"/>
    <testcase time="0.0919999999999987" classname="table_20" name="Table_20_generation_works_with_custom_values">
      <skipped message="Reason: On CRAN ('test-table_20.R:65:3')"/>
    </testcase>
    <testcase time="0.0150000000000006" classname="table_20" name="Table_20_generation_works_with_missing_values_pruned_rows"/>
    <testcase time="0.000999999999997669" classname="table_20" name="Table_20_generation_works_with_missing_values_pruned_rows"/>
    <testcase time="0.00100000000000477" classname="table_20" name="Table_20_generation_works_with_missing_values_pruned_rows"/>
    <testcase time="0.0429999999999993" classname="table_20" name="Table_20_generation_works_with_missing_values_pruned_rows"/>
    <testcase time="0.359999999999999" classname="table_20" name="Table_20_generation_works_with_missing_values_pruned_rows"/>
    <testcase time="0.0679999999999978" classname="table_20" name="Table_20_generation_works_with_missing_values_pruned_rows">
      <skipped message="Reason: On CRAN ('test-table_20.R:74:3')"/>
    </testcase>
    <testcase time="0.0140000000000029" classname="table_20" name="Table_20_generation_works_with_risk_difference_column"/>
    <testcase time="0.00199999999999534" classname="table_20" name="Table_20_generation_works_with_risk_difference_column"/>
    <testcase time="0.00100000000000477" classname="table_20" name="Table_20_generation_works_with_risk_difference_column"/>
    <testcase time="0.0339999999999989" classname="table_20" name="Table_20_generation_works_with_risk_difference_column"/>
    <testcase time="0.5" classname="table_20" name="Table_20_generation_works_with_risk_difference_column"/>
    <testcase time="0.0829999999999984" classname="table_20" name="Table_20_generation_works_with_risk_difference_column">
      <skipped message="Reason: On CRAN ('test-table_20.R:82:3')"/>
    </testcase>
  </testsuite>
  <testsuite name="table_21" timestamp="2023-10-03T21:37:56Z" hostname="c0c73ea5ee32" tests="19" skipped="4" failures="0" errors="0" time="2.273">
    <testcase time="0.0769999999999982" classname="table_21" name="Table_21_generation_works_with_default_values"/>
    <testcase time="0.00100000000000477" classname="table_21" name="Table_21_generation_works_with_default_values"/>
    <testcase time="0.513999999999996" classname="table_21" name="Table_21_generation_works_with_default_values"/>
    <testcase time="0.0870000000000033" classname="table_21" name="Table_21_generation_works_with_default_values">
      <skipped message="Reason: On CRAN ('test-table_21.R:22:3')"/>
    </testcase>
    <testcase time="0.0240000000000009" classname="table_21" name="Table_21_generation_works_with_custom_values_N_s_denominator_and_overall_column"/>
    <testcase time="0.000999999999997669" classname="table_21" name="Table_21_generation_works_with_custom_values_N_s_denominator_and_overall_column"/>
    <testcase time="0.0640000000000001" classname="table_21" name="Table_21_generation_works_with_custom_values_N_s_denominator_and_overall_column"/>
    <testcase time="0.624000000000002" classname="table_21" name="Table_21_generation_works_with_custom_values_N_s_denominator_and_overall_column"/>
    <testcase time="0.106000000000002" classname="table_21" name="Table_21_generation_works_with_custom_values_N_s_denominator_and_overall_column">
      <skipped message="Reason: On CRAN ('test-table_21.R:34:3')"/>
    </testcase>
    <testcase time="0.0139999999999958" classname="table_21" name="Table_21_generation_works_with_custom_values_N_col_denominator_and_no_overall_column"/>
    <testcase time="0.00200000000000244" classname="table_21" name="Table_21_generation_works_with_custom_values_N_col_denominator_and_no_overall_column"/>
    <testcase time="0.0409999999999968" classname="table_21" name="Table_21_generation_works_with_custom_values_N_col_denominator_and_no_overall_column"/>
    <testcase time="0.263000000000005" classname="table_21" name="Table_21_generation_works_with_custom_values_N_col_denominator_and_no_overall_column"/>
    <testcase time="0.0899999999999963" classname="table_21" name="Table_21_generation_works_with_custom_values_N_col_denominator_and_no_overall_column">
      <skipped message="Reason: On CRAN ('test-table_21.R:62:3')"/>
    </testcase>
    <testcase time="0.0510000000000019" classname="table_21" name="Table_21_generation_works_with_some_NA_values"/>
    <testcase time="0.00199999999999534" classname="table_21" name="Table_21_generation_works_with_some_NA_values"/>
    <testcase time="0.0380000000000038" classname="table_21" name="Table_21_generation_works_with_some_NA_values"/>
    <testcase time="0.207000000000001" classname="table_21" name="Table_21_generation_works_with_some_NA_values"/>
    <testcase time="0.0670000000000002" classname="table_21" name="Table_21_generation_works_with_some_NA_values">
      <skipped message="Reason: On CRAN ('test-table_21.R:82:3')"/>
    </testcase>
  </testsuite>
  <testsuite name="table_32" timestamp="2023-10-03T21:37:58Z" hostname="c0c73ea5ee32" tests="16" skipped="4" failures="0" errors="0" time="0.886">
    <testcase time="0.0180000000000007" classname="table_32" name="Table_32_generation_works_with_default_values"/>
    <testcase time="0.0419999999999945" classname="table_32" name="Table_32_generation_works_with_default_values"/>
    <testcase time="0.109000000000002" classname="table_32" name="Table_32_generation_works_with_default_values"/>
    <testcase time="0.0410000000000039" classname="table_32" name="Table_32_generation_works_with_default_values">
      <skipped message="Reason: On CRAN ('test-table_32.R:8:3')"/>
    </testcase>
    <testcase time="0.0139999999999958" classname="table_32" name="Table_32_generation_works_with_custom_values"/>
    <testcase time="0.0409999999999968" classname="table_32" name="Table_32_generation_works_with_custom_values"/>
    <testcase time="0.136000000000003" classname="table_32" name="Table_32_generation_works_with_custom_values"/>
    <testcase time="0.0439999999999969" classname="table_32" name="Table_32_generation_works_with_custom_values">
      <skipped message="Reason: On CRAN ('test-table_32.R:30:3')"/>
    </testcase>
    <testcase time="0.0150000000000006" classname="table_32" name="Table_32_generation_works_with_pruned_rows"/>
    <testcase time="0.0409999999999968" classname="table_32" name="Table_32_generation_works_with_pruned_rows"/>
    <testcase time="0.114000000000004" classname="table_32" name="Table_32_generation_works_with_pruned_rows"/>
    <testcase time="0.0289999999999964" classname="table_32" name="Table_32_generation_works_with_pruned_rows">
      <skipped message="Reason: On CRAN ('test-table_32.R:37:3')"/>
    </testcase>
    <testcase time="0.0140000000000029" classname="table_32" name="Table_32_generation_works_with_risk_difference_column"/>
    <testcase time="0.0420000000000016" classname="table_32" name="Table_32_generation_works_with_risk_difference_column"/>
    <testcase time="0.143000000000001" classname="table_32" name="Table_32_generation_works_with_risk_difference_column"/>
    <testcase time="0.0429999999999993" classname="table_32" name="Table_32_generation_works_with_risk_difference_column">
      <skipped message="Reason: On CRAN ('test-table_32.R:45:3')"/>
    </testcase>
  </testsuite>
  <testsuite name="table_33" timestamp="2023-10-03T21:37:59Z" hostname="c0c73ea5ee32" tests="16" skipped="4" failures="0" errors="0" time="1.485">
    <testcase time="0.0180000000000007" classname="table_33" name="Table_33_generation_works_with_default_values"/>
    <testcase time="0.216999999999999" classname="table_33" name="Table_33_generation_works_with_default_values"/>
    <testcase time="0.0940000000000012" classname="table_33" name="Table_33_generation_works_with_default_values"/>
    <testcase time="0.0289999999999964" classname="table_33" name="Table_33_generation_works_with_default_values">
      <skipped message="Reason: On CRAN ('test-table_33.R:8:3')"/>
    </testcase>
    <testcase time="0.0140000000000029" classname="table_33" name="Table_33_generation_works_with_custom_values"/>
    <testcase time="0.223999999999997" classname="table_33" name="Table_33_generation_works_with_custom_values"/>
    <testcase time="0.115000000000002" classname="table_33" name="Table_33_generation_works_with_custom_values"/>
    <testcase time="0.0349999999999966" classname="table_33" name="Table_33_generation_works_with_custom_values">
      <skipped message="Reason: On CRAN ('test-table_33.R:34:3')"/>
    </testcase>
    <testcase time="0.0140000000000029" classname="table_33" name="Table_33_generation_works_with_pruned_rows"/>
    <testcase time="0.217999999999996" classname="table_33" name="Table_33_generation_works_with_pruned_rows"/>
    <testcase time="0.0960000000000036" classname="table_33" name="Table_33_generation_works_with_pruned_rows"/>
    <testcase time="0.0259999999999962" classname="table_33" name="Table_33_generation_works_with_pruned_rows">
      <skipped message="Reason: On CRAN ('test-table_33.R:42:3')"/>
    </testcase>
    <testcase time="0.0140000000000029" classname="table_33" name="Table_33_generation_works_with_risk_difference_column"/>
    <testcase time="0.219000000000001" classname="table_33" name="Table_33_generation_works_with_risk_difference_column"/>
    <testcase time="0.119" classname="table_33" name="Table_33_generation_works_with_risk_difference_column"/>
    <testcase time="0.0330000000000013" classname="table_33" name="Table_33_generation_works_with_risk_difference_column">
      <skipped message="Reason: On CRAN ('test-table_33.R:50:3')"/>
    </testcase>
  </testsuite>
  <testsuite name="table_34" timestamp="2023-10-03T21:38:01Z" hostname="c0c73ea5ee32" tests="12" skipped="3" failures="0" errors="0" time="5.369">
    <testcase time="0.0240000000000009" classname="table_34" name="Table_34_generation_works_with_default_values"/>
    <testcase time="0.0329999999999941" classname="table_34" name="Table_34_generation_works_with_default_values"/>
    <testcase time="1.49" classname="table_34" name="Table_34_generation_works_with_default_values"/>
    <testcase time="0.182000000000002" classname="table_34" name="Table_34_generation_works_with_default_values">
      <skipped message="Reason: On CRAN ('test-table_34.R:17:3')"/>
    </testcase>
    <testcase time="0.0229999999999961" classname="table_34" name="Table_34_generation_works_with_custom_values"/>
    <testcase time="0.0310000000000059" classname="table_34" name="Table_34_generation_works_with_custom_values"/>
    <testcase time="1.464" classname="table_34" name="Table_34_generation_works_with_custom_values"/>
    <testcase time="0.0670000000000002" classname="table_34" name="Table_34_generation_works_with_custom_values">
      <skipped message="Reason: On CRAN ('test-table_34.R:49:3')"/>
    </testcase>
    <testcase time="0.0139999999999958" classname="table_34" name="Table_34_generation_works_with_risk_difference_column"/>
    <testcase time="0.034000000000006" classname="table_34" name="Table_34_generation_works_with_risk_difference_column"/>
    <testcase time="1.80099999999999" classname="table_34" name="Table_34_generation_works_with_risk_difference_column"/>
    <testcase time="0.206000000000003" classname="table_34" name="Table_34_generation_works_with_risk_difference_column">
      <skipped message="Reason: On CRAN ('test-table_34.R:57:3')"/>
    </testcase>
  </testsuite>
</testsuites>
