<?xml version="1.0" encoding="UTF-8"?>
<testsuites>
  <testsuite name="table_02" timestamp="2023-10-03T21:57:13Z" hostname="6f3c7d44b995" tests="30" skipped="10" failures="0" errors="0" time="16.536">
    <testcase time="0.0910000000000002" classname="table_02" name="Table_02_generation_works_with_default_values"/>
    <testcase time="0.531" classname="table_02" name="Table_02_generation_works_with_default_values"/>
    <testcase time="0.259" classname="table_02" name="Table_02_generation_works_with_default_values">
      <skipped message="Reason: On CRAN ('test-table_02.R:16:3')"/>
    </testcase>
    <testcase time="0.0869999999999997" classname="table_02" name="Table_02_generation_works_with_custom_values"/>
    <testcase time="0.434" classname="table_02" name="Table_02_generation_works_with_custom_values"/>
    <testcase time="0.255" classname="table_02" name="Table_02_generation_works_with_custom_values">
      <skipped message="Reason: On CRAN ('test-table_02.R:45:3')"/>
    </testcase>
    <testcase time="0.0620000000000003" classname="table_02" name="Table_02_generation_works_with_some_NA_values"/>
    <testcase time="0.114999999999999" classname="table_02" name="Table_02_generation_works_with_some_NA_values"/>
    <testcase time="0.0550000000000006" classname="table_02" name="Table_02_generation_works_with_some_NA_values">
      <skipped message="Reason: On CRAN ('test-table_02.R:57:3')"/>
    </testcase>
    <testcase time="0.0190000000000001" classname="table_02" name="Table_02_generation_tplyr_works_with_default_values"/>
    <testcase time="2.093" classname="table_02" name="Table_02_generation_tplyr_works_with_default_values"/>
    <testcase time="0.04" classname="table_02" name="Table_02_generation_tplyr_works_with_default_values">
      <skipped message="Reason: On CRAN ('test-table_02.R:66:3')"/>
    </testcase>
    <testcase time="0.0179999999999998" classname="table_02" name="Table_02_generation_tplyr_works_with_tplyr_raw_TRUE"/>
    <testcase time="1.298" classname="table_02" name="Table_02_generation_tplyr_works_with_tplyr_raw_TRUE"/>
    <testcase time="0.032" classname="table_02" name="Table_02_generation_tplyr_works_with_tplyr_raw_TRUE">
      <skipped message="Reason: On CRAN ('test-table_02.R:75:3')"/>
    </testcase>
    <testcase time="0.0510000000000002" classname="table_02" name="Table_02_generation_tplyr_works_with_custom_values"/>
    <testcase time="2.008" classname="table_02" name="Table_02_generation_tplyr_works_with_custom_values"/>
    <testcase time="0.0259999999999998" classname="table_02" name="Table_02_generation_tplyr_works_with_custom_values">
      <skipped message="Reason: On CRAN ('test-table_02.R:102:3')"/>
    </testcase>
    <testcase time="0.0420000000000016" classname="table_02" name="Table_02_generation_tplyr_works_with_some_NA_values"/>
    <testcase time="0.83" classname="table_02" name="Table_02_generation_tplyr_works_with_some_NA_values"/>
    <testcase time="0.0249999999999986" classname="table_02" name="Table_02_generation_tplyr_works_with_some_NA_values">
      <skipped message="Reason: On CRAN ('test-table_02.R:119:3')"/>
    </testcase>
    <testcase time="0.0180000000000007" classname="table_02" name="Table_02_generation_gtsum_works_with_default_values"/>
    <testcase time="3.294" classname="table_02" name="Table_02_generation_gtsum_works_with_default_values"/>
    <testcase time="0.00699999999999967" classname="table_02" name="Table_02_generation_gtsum_works_with_default_values">
      <skipped message="Reason: On CRAN ('test-table_02.R:128:3')"/>
    </testcase>
    <testcase time="0.052999999999999" classname="table_02" name="Table_02_generation_gtsum_works_with_custom_values"/>
    <testcase time="3.698" classname="table_02" name="Table_02_generation_gtsum_works_with_custom_values"/>
    <testcase time="0.0069999999999979" classname="table_02" name="Table_02_generation_gtsum_works_with_custom_values">
      <skipped message="Reason: On CRAN ('test-table_02.R:146:3')"/>
    </testcase>
    <testcase time="0.0420000000000016" classname="table_02" name="Table_02_generation_gtsum_works_with_some_NA_values"/>
    <testcase time="1.039" classname="table_02" name="Table_02_generation_gtsum_works_with_some_NA_values"/>
    <testcase time="0.00700000000000145" classname="table_02" name="Table_02_generation_gtsum_works_with_some_NA_values">
      <skipped message="Reason: On CRAN ('test-table_02.R:163:3')"/>
    </testcase>
  </testsuite>
  <testsuite name="table_03" timestamp="2023-10-03T21:57:29Z" hostname="6f3c7d44b995" tests="8" skipped="2" failures="0" errors="0" time="0.922">
    <testcase time="0.036999999999999" classname="table_03" name="Table_3_generation_works_with_default_values"/>
    <testcase time="0.00100000000000122" classname="table_03" name="Table_3_generation_works_with_default_values"/>
    <testcase time="0.370000000000001" classname="table_03" name="Table_3_generation_works_with_default_values"/>
    <testcase time="0.0700000000000003" classname="table_03" name="Table_3_generation_works_with_default_values">
      <skipped message="Reason: On CRAN ('test-table_03.R:21:3')"/>
    </testcase>
    <testcase time="0.0179999999999971" classname="table_03" name="Table_3_generation_works_with_custom_values"/>
    <testcase time="0.00200000000000244" classname="table_03" name="Table_3_generation_works_with_custom_values"/>
    <testcase time="0.346999999999998" classname="table_03" name="Table_3_generation_works_with_custom_values"/>
    <testcase time="0.0770000000000017" classname="table_03" name="Table_3_generation_works_with_custom_values">
      <skipped message="Reason: On CRAN ('test-table_03.R:41:3')"/>
    </testcase>
  </testsuite>
  <testsuite name="table_04" timestamp="2023-10-03T21:57:30Z" hostname="6f3c7d44b995" tests="12" skipped="2" failures="0" errors="0" time="1.024">
    <testcase time="0.0440000000000005" classname="table_04" name="Table_04_generation_works_with_default_values"/>
    <testcase time="0.00199999999999889" classname="table_04" name="Table_04_generation_works_with_default_values"/>
    <testcase time="0.00100000000000122" classname="table_04" name="Table_04_generation_works_with_default_values"/>
    <testcase time="0.000999999999997669" classname="table_04" name="Table_04_generation_works_with_default_values"/>
    <testcase time="0.381" classname="table_04" name="Table_04_generation_works_with_default_values"/>
    <testcase time="0.106000000000002" classname="table_04" name="Table_04_generation_works_with_default_values">
      <skipped message="Reason: On CRAN ('test-table_04.R:18:3')"/>
    </testcase>
    <testcase time="0.0189999999999984" classname="table_04" name="Table_04_generation_works_with_custom_values"/>
    <testcase time="0.00100000000000122" classname="table_04" name="Table_04_generation_works_with_custom_values"/>
    <testcase time="0.00100000000000122" classname="table_04" name="Table_04_generation_works_with_custom_values"/>
    <testcase time="0.00199999999999889" classname="table_04" name="Table_04_generation_works_with_custom_values"/>
    <testcase time="0.381" classname="table_04" name="Table_04_generation_works_with_custom_values"/>
    <testcase time="0.0850000000000009" classname="table_04" name="Table_04_generation_works_with_custom_values">
      <skipped message="Reason: On CRAN ('test-table_04.R:44:3')"/>
    </testcase>
  </testsuite>
  <testsuite name="table_05" timestamp="2023-10-03T21:57:31Z" hostname="6f3c7d44b995" tests="12" skipped="4" failures="0" errors="0" time="1.586">
    <testcase time="0.200999999999997" classname="table_05" name="Table_05_generation_works_with_default_values"/>
    <testcase time="0.249000000000002" classname="table_05" name="Table_05_generation_works_with_default_values"/>
    <testcase time="0.0760000000000005" classname="table_05" name="Table_05_generation_works_with_default_values">
      <skipped message="Reason: On CRAN ('test-table_05.R:10:3')"/>
    </testcase>
    <testcase time="0.0180000000000007" classname="table_05" name="Table_05_generation_works_with_custom_values"/>
    <testcase time="0.259" classname="table_05" name="Table_05_generation_works_with_custom_values"/>
    <testcase time="0.0970000000000013" classname="table_05" name="Table_05_generation_works_with_custom_values">
      <skipped message="Reason: On CRAN ('test-table_05.R:34:3')"/>
    </testcase>
    <testcase time="0.0189999999999984" classname="table_05" name="Table_05_generation_works_with_NA_values_pruned_rows"/>
    <testcase time="0.210000000000001" classname="table_05" name="Table_05_generation_works_with_NA_values_pruned_rows"/>
    <testcase time="0.0850000000000009" classname="table_05" name="Table_05_generation_works_with_NA_values_pruned_rows">
      <skipped message="Reason: On CRAN ('test-table_05.R:44:3')"/>
    </testcase>
    <testcase time="0.0179999999999971" classname="table_05" name="Table_05_generation_works_with_risk_difference_column"/>
    <testcase time="0.267000000000003" classname="table_05" name="Table_05_generation_works_with_risk_difference_column"/>
    <testcase time="0.0869999999999997" classname="table_05" name="Table_05_generation_works_with_risk_difference_column">
      <skipped message="Reason: On CRAN ('test-table_05.R:57:3')"/>
    </testcase>
  </testsuite>
  <testsuite name="table_06" timestamp="2023-10-03T21:57:33Z" hostname="6f3c7d44b995" tests="15" skipped="3" failures="0" errors="0" time="2.393">
    <testcase time="0.0249999999999986" classname="table_06" name="Table_06_generation_works_with_default_values"/>
    <testcase time="0.00100000000000122" classname="table_06" name="Table_06_generation_works_with_default_values"/>
    <testcase time="0.0760000000000005" classname="table_06" name="Table_06_generation_works_with_default_values"/>
    <testcase time="0.477999999999998" classname="table_06" name="Table_06_generation_works_with_default_values"/>
    <testcase time="0.100000000000001" classname="table_06" name="Table_06_generation_works_with_default_values">
      <skipped message="Reason: On CRAN ('test-table_06.R:8:3')"/>
    </testcase>
    <testcase time="0.0190000000000019" classname="table_06" name="Table_06_generation_works_with_custom_values"/>
    <testcase time="0.000999999999997669" classname="table_06" name="Table_06_generation_works_with_custom_values"/>
    <testcase time="0.0640000000000001" classname="table_06" name="Table_06_generation_works_with_custom_values"/>
    <testcase time="0.635000000000002" classname="table_06" name="Table_06_generation_works_with_custom_values"/>
    <testcase time="0.175000000000001" classname="table_06" name="Table_06_generation_works_with_custom_values">
      <skipped message="Reason: On CRAN ('test-table_06.R:40:3')"/>
    </testcase>
    <testcase time="0.0189999999999984" classname="table_06" name="Table_06_generation_works_with_risk_difference_column"/>
    <testcase time="0.00100000000000122" classname="table_06" name="Table_06_generation_works_with_risk_difference_column"/>
    <testcase time="0.0640000000000001" classname="table_06" name="Table_06_generation_works_with_risk_difference_column"/>
    <testcase time="0.617999999999999" classname="table_06" name="Table_06_generation_works_with_risk_difference_column"/>
    <testcase time="0.117000000000001" classname="table_06" name="Table_06_generation_works_with_risk_difference_column">
      <skipped message="Reason: On CRAN ('test-table_06.R:48:3')"/>
    </testcase>
  </testsuite>
  <testsuite name="table_07" timestamp="2023-10-03T21:57:35Z" hostname="6f3c7d44b995" tests="24" skipped="4" failures="0" errors="0" time="2.538">
    <testcase time="0.0380000000000003" classname="table_07" name="Table_07_generation_works_with_default_values"/>
    <testcase time="0.000999999999997669" classname="table_07" name="Table_07_generation_works_with_default_values"/>
    <testcase time="0.00100000000000122" classname="table_07" name="Table_07_generation_works_with_default_values"/>
    <testcase time="0.0459999999999994" classname="table_07" name="Table_07_generation_works_with_default_values"/>
    <testcase time="0.356000000000002" classname="table_07" name="Table_07_generation_works_with_default_values"/>
    <testcase time="0.132999999999999" classname="table_07" name="Table_07_generation_works_with_default_values">
      <skipped message="Reason: On CRAN ('test-table_07.R:13:3')"/>
    </testcase>
    <testcase time="0.0169999999999995" classname="table_07" name="Table_07_generation_works_with_custom_values"/>
    <testcase time="0.00199999999999889" classname="table_07" name="Table_07_generation_works_with_custom_values"/>
    <testcase time="0.00100000000000122" classname="table_07" name="Table_07_generation_works_with_custom_values"/>
    <testcase time="0.0450000000000017" classname="table_07" name="Table_07_generation_works_with_custom_values"/>
    <testcase time="0.509" classname="table_07" name="Table_07_generation_works_with_custom_values"/>
    <testcase time="0.167999999999999" classname="table_07" name="Table_07_generation_works_with_custom_values">
      <skipped message="Reason: On CRAN ('test-table_07.R:42:3')"/>
    </testcase>
    <testcase time="0.0180000000000007" classname="table_07" name="Table_07_generation_works_with_NA_values_pruned_rows"/>
    <testcase time="0.00199999999999889" classname="table_07" name="Table_07_generation_works_with_NA_values_pruned_rows"/>
    <testcase time="0.00100000000000122" classname="table_07" name="Table_07_generation_works_with_NA_values_pruned_rows"/>
    <testcase time="0.0449999999999982" classname="table_07" name="Table_07_generation_works_with_NA_values_pruned_rows"/>
    <testcase time="0.363" classname="table_07" name="Table_07_generation_works_with_NA_values_pruned_rows"/>
    <testcase time="0.129999999999999" classname="table_07" name="Table_07_generation_works_with_NA_values_pruned_rows">
      <skipped message="Reason: On CRAN ('test-table_07.R:52:3')"/>
    </testcase>
    <testcase time="0.0180000000000007" classname="table_07" name="Table_07_generation_works_with_risk_difference_column"/>
    <testcase time="0.00200000000000244" classname="table_07" name="Table_07_generation_works_with_risk_difference_column"/>
    <testcase time="0.000999999999997669" classname="table_07" name="Table_07_generation_works_with_risk_difference_column"/>
    <testcase time="0.0450000000000017" classname="table_07" name="Table_07_generation_works_with_risk_difference_column"/>
    <testcase time="0.445999999999998" classname="table_07" name="Table_07_generation_works_with_risk_difference_column"/>
    <testcase time="0.150000000000002" classname="table_07" name="Table_07_generation_works_with_risk_difference_column">
      <skipped message="Reason: On CRAN ('test-table_07.R:65:3')"/>
    </testcase>
  </testsuite>
  <testsuite name="table_08" timestamp="2023-10-03T21:57:38Z" hostname="6f3c7d44b995" tests="8" skipped="2" failures="0" errors="0" time="0.462">
    <testcase time="0.0259999999999998" classname="table_08" name="Table_08_generation_works_with_default_values"/>
    <testcase time="0.00199999999999889" classname="table_08" name="Table_08_generation_works_with_default_values"/>
    <testcase time="0.0549999999999997" classname="table_08" name="Table_08_generation_works_with_default_values"/>
    <testcase time="0.132999999999999" classname="table_08" name="Table_08_generation_works_with_default_values">
      <skipped message="Reason: On CRAN ('test-table_08.R:10:3')"/>
    </testcase>
    <testcase time="0.0190000000000019" classname="table_08" name="Table_08_generation_works_with_custom_values"/>
    <testcase time="0.00100000000000122" classname="table_08" name="Table_08_generation_works_with_custom_values"/>
    <testcase time="0.0479999999999983" classname="table_08" name="Table_08_generation_works_with_custom_values"/>
    <testcase time="0.178000000000001" classname="table_08" name="Table_08_generation_works_with_custom_values">
      <skipped message="Reason: On CRAN ('test-table_08.R:31:3')"/>
    </testcase>
  </testsuite>
  <testsuite name="table_09" timestamp="2023-10-03T21:57:38Z" hostname="6f3c7d44b995" tests="12" skipped="3" failures="0" errors="0" time="1.681">
    <testcase time="0.0240000000000009" classname="table_09" name="Table_09_generation_works_with_default_values"/>
    <testcase time="0.0459999999999994" classname="table_09" name="Table_09_generation_works_with_default_values"/>
    <testcase time="0.341999999999999" classname="table_09" name="Table_09_generation_works_with_default_values"/>
    <testcase time="0.0670000000000002" classname="table_09" name="Table_09_generation_works_with_default_values">
      <skipped message="Reason: On CRAN ('test-table_09.R:8:3')"/>
    </testcase>
    <testcase time="0.0189999999999984" classname="table_09" name="Table_09_generation_works_with_custom_values"/>
    <testcase time="0.0480000000000018" classname="table_09" name="Table_09_generation_works_with_custom_values"/>
    <testcase time="0.449000000000002" classname="table_09" name="Table_09_generation_works_with_custom_values"/>
    <testcase time="0.0779999999999994" classname="table_09" name="Table_09_generation_works_with_custom_values">
      <skipped message="Reason: On CRAN ('test-table_09.R:39:3')"/>
    </testcase>
    <testcase time="0.0179999999999971" classname="table_09" name="Table_09_generation_works_with_risk_difference_column"/>
    <testcase time="0.0590000000000011" classname="table_09" name="Table_09_generation_works_with_risk_difference_column"/>
    <testcase time="0.439" classname="table_09" name="Table_09_generation_works_with_risk_difference_column"/>
    <testcase time="0.0920000000000023" classname="table_09" name="Table_09_generation_works_with_risk_difference_column">
      <skipped message="Reason: On CRAN ('test-table_09.R:47:3')"/>
    </testcase>
  </testsuite>
  <testsuite name="table_10" timestamp="2023-10-03T21:57:40Z" hostname="6f3c7d44b995" tests="15" skipped="3" failures="0" errors="0" time="1.884">
    <testcase time="0.0299999999999976" classname="table_10" name="Table_10_generation_works_with_default_values"/>
    <testcase time="0.00100000000000122" classname="table_10" name="Table_10_generation_works_with_default_values"/>
    <testcase time="0.0470000000000006" classname="table_10" name="Table_10_generation_works_with_default_values"/>
    <testcase time="0.423999999999999" classname="table_10" name="Table_10_generation_works_with_default_values"/>
    <testcase time="0.123000000000001" classname="table_10" name="Table_10_generation_works_with_default_values">
      <skipped message="Reason: On CRAN ('test-table_10.R:17:3')"/>
    </testcase>
    <testcase time="0.0189999999999984" classname="table_10" name="Table_10_generation_works_with_custom_values"/>
    <testcase time="0.00100000000000122" classname="table_10" name="Table_10_generation_works_with_custom_values"/>
    <testcase time="0.0499999999999972" classname="table_10" name="Table_10_generation_works_with_custom_values"/>
    <testcase time="0.396000000000001" classname="table_10" name="Table_10_generation_works_with_custom_values"/>
    <testcase time="0.0620000000000012" classname="table_10" name="Table_10_generation_works_with_custom_values">
      <skipped message="Reason: On CRAN ('test-table_10.R:52:3')"/>
    </testcase>
    <testcase time="0.0189999999999984" classname="table_10" name="Table_10_generation_works_with_risk_difference_column"/>
    <testcase time="0.00100000000000122" classname="table_10" name="Table_10_generation_works_with_risk_difference_column"/>
    <testcase time="0.0590000000000011" classname="table_10" name="Table_10_generation_works_with_risk_difference_column"/>
    <testcase time="0.510999999999996" classname="table_10" name="Table_10_generation_works_with_risk_difference_column"/>
    <testcase time="0.141000000000005" classname="table_10" name="Table_10_generation_works_with_risk_difference_column">
      <skipped message="Reason: On CRAN ('test-table_10.R:60:3')"/>
    </testcase>
  </testsuite>
  <testsuite name="table_11" timestamp="2023-10-03T21:57:42Z" hostname="6f3c7d44b995" tests="12" skipped="3" failures="0" errors="0" time="3.08">
    <testcase time="0.0399999999999991" classname="table_11" name="Table_11_generation_works_with_default_values"/>
    <testcase time="0.0600000000000023" classname="table_11" name="Table_11_generation_works_with_default_values"/>
    <testcase time="0.692" classname="table_11" name="Table_11_generation_works_with_default_values"/>
    <testcase time="0.142999999999994" classname="table_11" name="Table_11_generation_works_with_default_values">
      <skipped message="Reason: On CRAN ('test-table_11.R:18:3')"/>
    </testcase>
    <testcase time="0.0190000000000055" classname="table_11" name="Table_11_generation_works_with_custom_values"/>
    <testcase time="0.0609999999999999" classname="table_11" name="Table_11_generation_works_with_custom_values"/>
    <testcase time="0.625999999999998" classname="table_11" name="Table_11_generation_works_with_custom_values"/>
    <testcase time="0.0829999999999984" classname="table_11" name="Table_11_generation_works_with_custom_values">
      <skipped message="Reason: On CRAN ('test-table_11.R:48:3')"/>
    </testcase>
    <testcase time="0.0180000000000007" classname="table_11" name="Table_11_generation_works_with_risk_difference_column"/>
    <testcase time="0.0570000000000022" classname="table_11" name="Table_11_generation_works_with_risk_difference_column"/>
    <testcase time="1.115" classname="table_11" name="Table_11_generation_works_with_risk_difference_column"/>
    <testcase time="0.165999999999997" classname="table_11" name="Table_11_generation_works_with_risk_difference_column">
      <skipped message="Reason: On CRAN ('test-table_11.R:56:3')"/>
    </testcase>
  </testsuite>
  <testsuite name="table_12" timestamp="2023-10-03T21:57:45Z" hostname="6f3c7d44b995" tests="12" skipped="3" failures="0" errors="0" time="3.451">
    <testcase time="0.0240000000000009" classname="table_12" name="Table_12_generation_works_with_default_values"/>
    <testcase time="0.0579999999999998" classname="table_12" name="Table_12_generation_works_with_default_values"/>
    <testcase time="0.878" classname="table_12" name="Table_12_generation_works_with_default_values"/>
    <testcase time="0.112000000000002" classname="table_12" name="Table_12_generation_works_with_default_values">
      <skipped message="Reason: On CRAN ('test-table_12.R:9:3')"/>
    </testcase>
    <testcase time="0.0189999999999984" classname="table_12" name="Table_12_generation_works_with_custom_values"/>
    <testcase time="0.0589999999999975" classname="table_12" name="Table_12_generation_works_with_custom_values"/>
    <testcase time="0.886000000000003" classname="table_12" name="Table_12_generation_works_with_custom_values"/>
    <testcase time="0.119" classname="table_12" name="Table_12_generation_works_with_custom_values">
      <skipped message="Reason: On CRAN ('test-table_12.R:39:3')"/>
    </testcase>
    <testcase time="0.0180000000000007" classname="table_12" name="Table_12_generation_works_with_risk_difference_column"/>
    <testcase time="0.0579999999999998" classname="table_12" name="Table_12_generation_works_with_risk_difference_column"/>
    <testcase time="1.084" classname="table_12" name="Table_12_generation_works_with_risk_difference_column"/>
    <testcase time="0.136000000000003" classname="table_12" name="Table_12_generation_works_with_risk_difference_column">
      <skipped message="Reason: On CRAN ('test-table_12.R:47:3')"/>
    </testcase>
  </testsuite>
  <testsuite name="table_13" timestamp="2023-10-03T21:57:48Z" hostname="6f3c7d44b995" tests="12" skipped="3" failures="0" errors="0" time="0.887">
    <testcase time="0.0229999999999961" classname="table_13" name="Table_13_generation_works_with_default_values"/>
    <testcase time="0.0549999999999997" classname="table_13" name="Table_13_generation_works_with_default_values"/>
    <testcase time="0.134" classname="table_13" name="Table_13_generation_works_with_default_values"/>
    <testcase time="0.0760000000000005" classname="table_13" name="Table_13_generation_works_with_default_values">
      <skipped message="Reason: On CRAN ('test-table_13.R:8:3')"/>
    </testcase>
    <testcase time="0.0190000000000055" classname="table_13" name="Table_13_generation_works_with_custom_values"/>
    <testcase time="0.0549999999999997" classname="table_13" name="Table_13_generation_works_with_custom_values"/>
    <testcase time="0.160999999999994" classname="table_13" name="Table_13_generation_works_with_custom_values"/>
    <testcase time="0.0500000000000043" classname="table_13" name="Table_13_generation_works_with_custom_values">
      <skipped message="Reason: On CRAN ('test-table_13.R:38:3')"/>
    </testcase>
    <testcase time="0.0189999999999984" classname="table_13" name="Table_13_generation_works_with_risk_difference_column"/>
    <testcase time="0.0549999999999997" classname="table_13" name="Table_13_generation_works_with_risk_difference_column"/>
    <testcase time="0.161999999999999" classname="table_13" name="Table_13_generation_works_with_risk_difference_column"/>
    <testcase time="0.078000000000003" classname="table_13" name="Table_13_generation_works_with_risk_difference_column">
      <skipped message="Reason: On CRAN ('test-table_13.R:46:3')"/>
    </testcase>
  </testsuite>
  <testsuite name="table_14" timestamp="2023-10-03T21:57:49Z" hostname="6f3c7d44b995" tests="13" skipped="4" failures="0" errors="0" time="3.545">
    <testcase time="0.0339999999999989" classname="table_14" name="Table_14_generation_works_with_default_values"/>
    <testcase time="0.628" classname="table_14" name="Table_14_generation_works_with_default_values"/>
    <testcase time="0.168999999999997" classname="table_14" name="Table_14_generation_works_with_default_values">
      <skipped message="Reason: On CRAN ('test-table_14.R:16:3')"/>
    </testcase>
    <testcase time="0.0180000000000007" classname="table_14" name="Table_14_generation_works_with_custom_values"/>
    <testcase time="0.0560000000000045" classname="table_14" name="Table_14_generation_works_with_custom_values"/>
    <testcase time="0.668999999999997" classname="table_14" name="Table_14_generation_works_with_custom_values"/>
    <testcase time="0.158000000000001" classname="table_14" name="Table_14_generation_works_with_custom_values">
      <skipped message="Reason: On CRAN ('test-table_14.R:46:3')"/>
    </testcase>
    <testcase time="0.0180000000000007" classname="table_14" name="Table_14_generation_works_with_NA_values_pruned_rows"/>
    <testcase time="0.649999999999999" classname="table_14" name="Table_14_generation_works_with_NA_values_pruned_rows"/>
    <testcase time="0.116" classname="table_14" name="Table_14_generation_works_with_NA_values_pruned_rows">
      <skipped message="Reason: On CRAN ('test-table_14.R:53:3')"/>
    </testcase>
    <testcase time="0.0249999999999986" classname="table_14" name="Table_14_generation_works_with_risk_difference_column"/>
    <testcase time="0.818000000000005" classname="table_14" name="Table_14_generation_works_with_risk_difference_column"/>
    <testcase time="0.186" classname="table_14" name="Table_14_generation_works_with_risk_difference_column">
      <skipped message="Reason: On CRAN ('test-table_14.R:61:3')"/>
    </testcase>
  </testsuite>
  <testsuite name="table_20" timestamp="2023-10-03T21:57:53Z" hostname="6f3c7d44b995" tests="24" skipped="4" failures="0" errors="0" time="2.924">
    <testcase time="0.0279999999999987" classname="table_20" name="Table_20_generation_works_with_default_values"/>
    <testcase time="0.000999999999997669" classname="table_20" name="Table_20_generation_works_with_default_values"/>
    <testcase time="0.00200000000000244" classname="table_20" name="Table_20_generation_works_with_default_values"/>
    <testcase time="0.046999999999997" classname="table_20" name="Table_20_generation_works_with_default_values"/>
    <testcase time="0.445" classname="table_20" name="Table_20_generation_works_with_default_values"/>
    <testcase time="0.102000000000004" classname="table_20" name="Table_20_generation_works_with_default_values">
      <skipped message="Reason: On CRAN ('test-table_20.R:17:3')"/>
    </testcase>
    <testcase time="0.0189999999999984" classname="table_20" name="Table_20_generation_works_with_custom_values"/>
    <testcase time="0.000999999999997669" classname="table_20" name="Table_20_generation_works_with_custom_values"/>
    <testcase time="0.00100000000000477" classname="table_20" name="Table_20_generation_works_with_custom_values"/>
    <testcase time="0.0489999999999995" classname="table_20" name="Table_20_generation_works_with_custom_values"/>
    <testcase time="0.680999999999997" classname="table_20" name="Table_20_generation_works_with_custom_values"/>
    <testcase time="0.119" classname="table_20" name="Table_20_generation_works_with_custom_values">
      <skipped message="Reason: On CRAN ('test-table_20.R:65:3')"/>
    </testcase>
    <testcase time="0.0189999999999984" classname="table_20" name="Table_20_generation_works_with_missing_values_pruned_rows"/>
    <testcase time="0.00100000000000477" classname="table_20" name="Table_20_generation_works_with_missing_values_pruned_rows"/>
    <testcase time="0.00199999999999534" classname="table_20" name="Table_20_generation_works_with_missing_values_pruned_rows"/>
    <testcase time="0.0600000000000023" classname="table_20" name="Table_20_generation_works_with_missing_values_pruned_rows"/>
    <testcase time="0.451999999999998" classname="table_20" name="Table_20_generation_works_with_missing_values_pruned_rows"/>
    <testcase time="0.0870000000000033" classname="table_20" name="Table_20_generation_works_with_missing_values_pruned_rows">
      <skipped message="Reason: On CRAN ('test-table_20.R:74:3')"/>
    </testcase>
    <testcase time="0.0180000000000007" classname="table_20" name="Table_20_generation_works_with_risk_difference_column"/>
    <testcase time="0.00199999999999534" classname="table_20" name="Table_20_generation_works_with_risk_difference_column"/>
    <testcase time="0.00100000000000477" classname="table_20" name="Table_20_generation_works_with_risk_difference_column"/>
    <testcase time="0.0509999999999948" classname="table_20" name="Table_20_generation_works_with_risk_difference_column"/>
    <testcase time="0.632000000000005" classname="table_20" name="Table_20_generation_works_with_risk_difference_column"/>
    <testcase time="0.103999999999999" classname="table_20" name="Table_20_generation_works_with_risk_difference_column">
      <skipped message="Reason: On CRAN ('test-table_20.R:82:3')"/>
    </testcase>
  </testsuite>
  <testsuite name="table_21" timestamp="2023-10-03T21:57:56Z" hostname="6f3c7d44b995" tests="19" skipped="4" failures="0" errors="0" time="2.898">
    <testcase time="0.0919999999999987" classname="table_21" name="Table_21_generation_works_with_default_values"/>
    <testcase time="0.00200000000000244" classname="table_21" name="Table_21_generation_works_with_default_values"/>
    <testcase time="0.643999999999998" classname="table_21" name="Table_21_generation_works_with_default_values"/>
    <testcase time="0.110999999999997" classname="table_21" name="Table_21_generation_works_with_default_values">
      <skipped message="Reason: On CRAN ('test-table_21.R:22:3')"/>
    </testcase>
    <testcase time="0.0290000000000035" classname="table_21" name="Table_21_generation_works_with_custom_values_N_s_denominator_and_overall_column"/>
    <testcase time="0.00199999999999534" classname="table_21" name="Table_21_generation_works_with_custom_values_N_s_denominator_and_overall_column"/>
    <testcase time="0.0860000000000056" classname="table_21" name="Table_21_generation_works_with_custom_values_N_s_denominator_and_overall_column"/>
    <testcase time="0.791999999999994" classname="table_21" name="Table_21_generation_works_with_custom_values_N_s_denominator_and_overall_column"/>
    <testcase time="0.136000000000003" classname="table_21" name="Table_21_generation_works_with_custom_values_N_s_denominator_and_overall_column">
      <skipped message="Reason: On CRAN ('test-table_21.R:34:3')"/>
    </testcase>
    <testcase time="0.0189999999999984" classname="table_21" name="Table_21_generation_works_with_custom_values_N_col_denominator_and_no_overall_column"/>
    <testcase time="0.00100000000000477" classname="table_21" name="Table_21_generation_works_with_custom_values_N_col_denominator_and_no_overall_column"/>
    <testcase time="0.0579999999999998" classname="table_21" name="Table_21_generation_works_with_custom_values_N_col_denominator_and_no_overall_column"/>
    <testcase time="0.333999999999996" classname="table_21" name="Table_21_generation_works_with_custom_values_N_col_denominator_and_no_overall_column"/>
    <testcase time="0.113" classname="table_21" name="Table_21_generation_works_with_custom_values_N_col_denominator_and_no_overall_column">
      <skipped message="Reason: On CRAN ('test-table_21.R:62:3')"/>
    </testcase>
    <testcase time="0.070999999999998" classname="table_21" name="Table_21_generation_works_with_some_NA_values"/>
    <testcase time="0.00200000000000244" classname="table_21" name="Table_21_generation_works_with_some_NA_values"/>
    <testcase time="0.0559999999999974" classname="table_21" name="Table_21_generation_works_with_some_NA_values"/>
    <testcase time="0.265000000000001" classname="table_21" name="Table_21_generation_works_with_some_NA_values"/>
    <testcase time="0.0850000000000009" classname="table_21" name="Table_21_generation_works_with_some_NA_values">
      <skipped message="Reason: On CRAN ('test-table_21.R:82:3')"/>
    </testcase>
  </testsuite>
  <testsuite name="table_32" timestamp="2023-10-03T21:57:59Z" hostname="6f3c7d44b995" tests="16" skipped="4" failures="0" errors="0" time="1.154">
    <testcase time="0.0240000000000009" classname="table_32" name="Table_32_generation_works_with_default_values"/>
    <testcase time="0.0579999999999998" classname="table_32" name="Table_32_generation_works_with_default_values"/>
    <testcase time="0.142000000000003" classname="table_32" name="Table_32_generation_works_with_default_values"/>
    <testcase time="0.0509999999999948" classname="table_32" name="Table_32_generation_works_with_default_values">
      <skipped message="Reason: On CRAN ('test-table_32.R:8:3')"/>
    </testcase>
    <testcase time="0.0180000000000007" classname="table_32" name="Table_32_generation_works_with_custom_values"/>
    <testcase time="0.0590000000000046" classname="table_32" name="Table_32_generation_works_with_custom_values"/>
    <testcase time="0.173999999999999" classname="table_32" name="Table_32_generation_works_with_custom_values"/>
    <testcase time="0.0569999999999951" classname="table_32" name="Table_32_generation_works_with_custom_values">
      <skipped message="Reason: On CRAN ('test-table_32.R:30:3')"/>
    </testcase>
    <testcase time="0.0180000000000007" classname="table_32" name="Table_32_generation_works_with_pruned_rows"/>
    <testcase time="0.0579999999999998" classname="table_32" name="Table_32_generation_works_with_pruned_rows"/>
    <testcase time="0.146000000000001" classname="table_32" name="Table_32_generation_works_with_pruned_rows"/>
    <testcase time="0.0360000000000014" classname="table_32" name="Table_32_generation_works_with_pruned_rows">
      <skipped message="Reason: On CRAN ('test-table_32.R:37:3')"/>
    </testcase>
    <testcase time="0.0180000000000007" classname="table_32" name="Table_32_generation_works_with_risk_difference_column"/>
    <testcase time="0.0579999999999998" classname="table_32" name="Table_32_generation_works_with_risk_difference_column"/>
    <testcase time="0.182000000000002" classname="table_32" name="Table_32_generation_works_with_risk_difference_column"/>
    <testcase time="0.0549999999999997" classname="table_32" name="Table_32_generation_works_with_risk_difference_column">
      <skipped message="Reason: On CRAN ('test-table_32.R:45:3')"/>
    </testcase>
  </testsuite>
  <testsuite name="table_33" timestamp="2023-10-03T21:58:00Z" hostname="6f3c7d44b995" tests="16" skipped="4" failures="0" errors="0" time="1.937">
    <testcase time="0.0240000000000009" classname="table_33" name="Table_33_generation_works_with_default_values"/>
    <testcase time="0.277999999999999" classname="table_33" name="Table_33_generation_works_with_default_values"/>
    <testcase time="0.134" classname="table_33" name="Table_33_generation_works_with_default_values"/>
    <testcase time="0.0360000000000014" classname="table_33" name="Table_33_generation_works_with_default_values">
      <skipped message="Reason: On CRAN ('test-table_33.R:8:3')"/>
    </testcase>
    <testcase time="0.0180000000000007" classname="table_33" name="Table_33_generation_works_with_custom_values"/>
    <testcase time="0.283000000000001" classname="table_33" name="Table_33_generation_works_with_custom_values"/>
    <testcase time="0.160999999999994" classname="table_33" name="Table_33_generation_works_with_custom_values"/>
    <testcase time="0.0450000000000017" classname="table_33" name="Table_33_generation_works_with_custom_values">
      <skipped message="Reason: On CRAN ('test-table_33.R:34:3')"/>
    </testcase>
    <testcase time="0.0189999999999984" classname="table_33" name="Table_33_generation_works_with_pruned_rows"/>
    <testcase time="0.284000000000006" classname="table_33" name="Table_33_generation_works_with_pruned_rows"/>
    <testcase time="0.125999999999998" classname="table_33" name="Table_33_generation_works_with_pruned_rows"/>
    <testcase time="0.0330000000000013" classname="table_33" name="Table_33_generation_works_with_pruned_rows">
      <skipped message="Reason: On CRAN ('test-table_33.R:42:3')"/>
    </testcase>
    <testcase time="0.0180000000000007" classname="table_33" name="Table_33_generation_works_with_risk_difference_column"/>
    <testcase time="0.282999999999994" classname="table_33" name="Table_33_generation_works_with_risk_difference_column"/>
    <testcase time="0.151000000000003" classname="table_33" name="Table_33_generation_works_with_risk_difference_column"/>
    <testcase time="0.0439999999999969" classname="table_33" name="Table_33_generation_works_with_risk_difference_column">
      <skipped message="Reason: On CRAN ('test-table_33.R:50:3')"/>
    </testcase>
  </testsuite>
  <testsuite name="table_34" timestamp="2023-10-03T21:58:02Z" hostname="6f3c7d44b995" tests="12" skipped="3" failures="0" errors="0" time="6.847">
    <testcase time="0.0300000000000011" classname="table_34" name="Table_34_generation_works_with_default_values"/>
    <testcase time="0.0480000000000018" classname="table_34" name="Table_34_generation_works_with_default_values"/>
    <testcase time="1.90600000000001" classname="table_34" name="Table_34_generation_works_with_default_values"/>
    <testcase time="0.227999999999994" classname="table_34" name="Table_34_generation_works_with_default_values">
      <skipped message="Reason: On CRAN ('test-table_34.R:17:3')"/>
    </testcase>
    <testcase time="0.0190000000000055" classname="table_34" name="Table_34_generation_works_with_custom_values"/>
    <testcase time="0.0549999999999997" classname="table_34" name="Table_34_generation_works_with_custom_values"/>
    <testcase time="2.074" classname="table_34" name="Table_34_generation_works_with_custom_values"/>
    <testcase time="0.0799999999999983" classname="table_34" name="Table_34_generation_works_with_custom_values">
      <skipped message="Reason: On CRAN ('test-table_34.R:49:3')"/>
    </testcase>
    <testcase time="0.0180000000000007" classname="table_34" name="Table_34_generation_works_with_risk_difference_column"/>
    <testcase time="0.046999999999997" classname="table_34" name="Table_34_generation_works_with_risk_difference_column"/>
    <testcase time="2.106" classname="table_34" name="Table_34_generation_works_with_risk_difference_column"/>
    <testcase time="0.236000000000004" classname="table_34" name="Table_34_generation_works_with_risk_difference_column">
      <skipped message="Reason: On CRAN ('test-table_34.R:57:3')"/>
    </testcase>
  </testsuite>
</testsuites>
