<?xml version="1.0" encoding="UTF-8"?>
<testsuites>
  <testsuite name="table_02" timestamp="2023-09-07T00:47:14Z" hostname="a43202c0e327" tests="30" skipped="10" failures="0" errors="0" time="17.257">
    <testcase time="0.0940000000000003" classname="table_02" name="Table_02_generation_works_with_default_values"/>
    <testcase time="0.551" classname="table_02" name="Table_02_generation_works_with_default_values"/>
    <testcase time="0.265" classname="table_02" name="Table_02_generation_works_with_default_values">
      <skipped message="Reason: On CRAN ('test-table_02.R:16:3')"/>
    </testcase>
    <testcase time="0.0880000000000001" classname="table_02" name="Table_02_generation_works_with_custom_values"/>
    <testcase time="0.442" classname="table_02" name="Table_02_generation_works_with_custom_values"/>
    <testcase time="0.263999999999999" classname="table_02" name="Table_02_generation_works_with_custom_values">
      <skipped message="Reason: On CRAN ('test-table_02.R:45:3')"/>
    </testcase>
    <testcase time="0.0660000000000007" classname="table_02" name="Table_02_generation_works_with_some_NA_values"/>
    <testcase time="0.12" classname="table_02" name="Table_02_generation_works_with_some_NA_values"/>
    <testcase time="0.0559999999999992" classname="table_02" name="Table_02_generation_works_with_some_NA_values">
      <skipped message="Reason: On CRAN ('test-table_02.R:57:3')"/>
    </testcase>
    <testcase time="0.0190000000000001" classname="table_02" name="Table_02_generation_tplyr_works_with_default_values"/>
    <testcase time="2.159" classname="table_02" name="Table_02_generation_tplyr_works_with_default_values"/>
    <testcase time="0.0389999999999997" classname="table_02" name="Table_02_generation_tplyr_works_with_default_values">
      <skipped message="Reason: On CRAN ('test-table_02.R:66:3')"/>
    </testcase>
    <testcase time="0.0190000000000001" classname="table_02" name="Table_02_generation_tplyr_works_with_tplyr_raw_TRUE"/>
    <testcase time="1.294" classname="table_02" name="Table_02_generation_tplyr_works_with_tplyr_raw_TRUE"/>
    <testcase time="0.0340000000000007" classname="table_02" name="Table_02_generation_tplyr_works_with_tplyr_raw_TRUE">
      <skipped message="Reason: On CRAN ('test-table_02.R:75:3')"/>
    </testcase>
    <testcase time="0.0510000000000002" classname="table_02" name="Table_02_generation_tplyr_works_with_custom_values"/>
    <testcase time="2.071" classname="table_02" name="Table_02_generation_tplyr_works_with_custom_values"/>
    <testcase time="0.0280000000000005" classname="table_02" name="Table_02_generation_tplyr_works_with_custom_values">
      <skipped message="Reason: On CRAN ('test-table_02.R:102:3')"/>
    </testcase>
    <testcase time="0.0439999999999987" classname="table_02" name="Table_02_generation_tplyr_works_with_some_NA_values"/>
    <testcase time="0.880000000000001" classname="table_02" name="Table_02_generation_tplyr_works_with_some_NA_values"/>
    <testcase time="0.0259999999999998" classname="table_02" name="Table_02_generation_tplyr_works_with_some_NA_values">
      <skipped message="Reason: On CRAN ('test-table_02.R:119:3')"/>
    </testcase>
    <testcase time="0.0190000000000001" classname="table_02" name="Table_02_generation_gt_works_with_default_values"/>
    <testcase time="3.503" classname="table_02" name="Table_02_generation_gt_works_with_default_values"/>
    <testcase time="0.00699999999999967" classname="table_02" name="Table_02_generation_gt_works_with_default_values">
      <skipped message="Reason: On CRAN ('test-table_02.R:128:3')"/>
    </testcase>
    <testcase time="0.0540000000000003" classname="table_02" name="Table_02_generation_gt_works_with_custom_values"/>
    <testcase time="3.907" classname="table_02" name="Table_02_generation_gt_works_with_custom_values"/>
    <testcase time="0.00700000000000145" classname="table_02" name="Table_02_generation_gt_works_with_custom_values">
      <skipped message="Reason: On CRAN ('test-table_02.R:146:3')"/>
    </testcase>
    <testcase time="0.0429999999999993" classname="table_02" name="Table_02_generation_gt_works_with_some_NA_values"/>
    <testcase time="1.1" classname="table_02" name="Table_02_generation_gt_works_with_some_NA_values"/>
    <testcase time="0.00700000000000145" classname="table_02" name="Table_02_generation_gt_works_with_some_NA_values">
      <skipped message="Reason: On CRAN ('test-table_02.R:163:3')"/>
    </testcase>
  </testsuite>
  <testsuite name="table_04" timestamp="2023-09-07T00:47:32Z" hostname="a43202c0e327" tests="12" skipped="2" failures="0" errors="0" time="1.139">
    <testcase time="0.0420000000000016" classname="table_04" name="Table_04_generation_works_with_default_values"/>
    <testcase time="0.000999999999997669" classname="table_04" name="Table_04_generation_works_with_default_values"/>
    <testcase time="0.00100000000000122" classname="table_04" name="Table_04_generation_works_with_default_values"/>
    <testcase time="0.000999999999997669" classname="table_04" name="Table_04_generation_works_with_default_values"/>
    <testcase time="0.483000000000001" classname="table_04" name="Table_04_generation_works_with_default_values"/>
    <testcase time="0.106000000000002" classname="table_04" name="Table_04_generation_works_with_default_values">
      <skipped message="Reason: On CRAN ('test-table_04.R:18:3')"/>
    </testcase>
    <testcase time="0.0189999999999984" classname="table_04" name="Table_04_generation_works_with_custom_values"/>
    <testcase time="0.00199999999999889" classname="table_04" name="Table_04_generation_works_with_custom_values"/>
    <testcase time="0.00100000000000122" classname="table_04" name="Table_04_generation_works_with_custom_values"/>
    <testcase time="0.00100000000000122" classname="table_04" name="Table_04_generation_works_with_custom_values"/>
    <testcase time="0.395999999999997" classname="table_04" name="Table_04_generation_works_with_custom_values"/>
    <testcase time="0.0860000000000021" classname="table_04" name="Table_04_generation_works_with_custom_values">
      <skipped message="Reason: On CRAN ('test-table_04.R:44:3')"/>
    </testcase>
  </testsuite>
  <testsuite name="table_05" timestamp="2023-09-07T00:47:33Z" hostname="a43202c0e327" tests="12" skipped="4" failures="0" errors="0" time="1.731">
    <testcase time="0.221" classname="table_05" name="Table_05_generation_works_with_default_values"/>
    <testcase time="0.265999999999998" classname="table_05" name="Table_05_generation_works_with_default_values"/>
    <testcase time="0.0779999999999994" classname="table_05" name="Table_05_generation_works_with_default_values">
      <skipped message="Reason: On CRAN ('test-table_05.R:10:3')"/>
    </testcase>
    <testcase time="0.0190000000000019" classname="table_05" name="Table_05_generation_works_with_custom_values"/>
    <testcase time="0.337" classname="table_05" name="Table_05_generation_works_with_custom_values"/>
    <testcase time="0.105" classname="table_05" name="Table_05_generation_works_with_custom_values">
      <skipped message="Reason: On CRAN ('test-table_05.R:34:3')"/>
    </testcase>
    <testcase time="0.0199999999999996" classname="table_05" name="Table_05_generation_works_with_NA_values_pruned_rows"/>
    <testcase time="0.227" classname="table_05" name="Table_05_generation_works_with_NA_values_pruned_rows"/>
    <testcase time="0.0790000000000006" classname="table_05" name="Table_05_generation_works_with_NA_values_pruned_rows">
      <skipped message="Reason: On CRAN ('test-table_05.R:44:3')"/>
    </testcase>
    <testcase time="0.0180000000000007" classname="table_05" name="Table_05_generation_works_with_risk_difference_column"/>
    <testcase time="0.270999999999997" classname="table_05" name="Table_05_generation_works_with_risk_difference_column"/>
    <testcase time="0.0899999999999999" classname="table_05" name="Table_05_generation_works_with_risk_difference_column">
      <skipped message="Reason: On CRAN ('test-table_05.R:57:3')"/>
    </testcase>
  </testsuite>
  <testsuite name="table_06" timestamp="2023-09-07T00:47:34Z" hostname="a43202c0e327" tests="15" skipped="3" failures="0" errors="0" time="2.474">
    <testcase time="0.0250000000000021" classname="table_06" name="Table_06_generation_works_with_default_values"/>
    <testcase time="0.000999999999997669" classname="table_06" name="Table_06_generation_works_with_default_values"/>
    <testcase time="0.0750000000000028" classname="table_06" name="Table_06_generation_works_with_default_values"/>
    <testcase time="0.507999999999999" classname="table_06" name="Table_06_generation_works_with_default_values"/>
    <testcase time="0.0999999999999979" classname="table_06" name="Table_06_generation_works_with_default_values">
      <skipped message="Reason: On CRAN ('test-table_06.R:8:3')"/>
    </testcase>
    <testcase time="0.0190000000000019" classname="table_06" name="Table_06_generation_works_with_custom_values"/>
    <testcase time="0.00199999999999889" classname="table_06" name="Table_06_generation_works_with_custom_values"/>
    <testcase time="0.0630000000000024" classname="table_06" name="Table_06_generation_works_with_custom_values"/>
    <testcase time="0.648999999999997" classname="table_06" name="Table_06_generation_works_with_custom_values"/>
    <testcase time="0.154" classname="table_06" name="Table_06_generation_works_with_custom_values">
      <skipped message="Reason: On CRAN ('test-table_06.R:40:3')"/>
    </testcase>
    <testcase time="0.0190000000000019" classname="table_06" name="Table_06_generation_works_with_risk_difference_column"/>
    <testcase time="0.000999999999997669" classname="table_06" name="Table_06_generation_works_with_risk_difference_column"/>
    <testcase time="0.0650000000000013" classname="table_06" name="Table_06_generation_works_with_risk_difference_column"/>
    <testcase time="0.66" classname="table_06" name="Table_06_generation_works_with_risk_difference_column"/>
    <testcase time="0.132999999999999" classname="table_06" name="Table_06_generation_works_with_risk_difference_column">
      <skipped message="Reason: On CRAN ('test-table_06.R:48:3')"/>
    </testcase>
  </testsuite>
  <testsuite name="table_07" timestamp="2023-09-07T00:47:37Z" hostname="a43202c0e327" tests="24" skipped="4" failures="0" errors="0" time="2.69">
    <testcase time="0.0289999999999999" classname="table_07" name="Table_07_generation_works_with_default_values"/>
    <testcase time="0.00199999999999889" classname="table_07" name="Table_07_generation_works_with_default_values"/>
    <testcase time="0.00100000000000122" classname="table_07" name="Table_07_generation_works_with_default_values"/>
    <testcase time="0.0459999999999994" classname="table_07" name="Table_07_generation_works_with_default_values"/>
    <testcase time="0.420999999999999" classname="table_07" name="Table_07_generation_works_with_default_values"/>
    <testcase time="0.127000000000002" classname="table_07" name="Table_07_generation_works_with_default_values">
      <skipped message="Reason: On CRAN ('test-table_07.R:13:3')"/>
    </testcase>
    <testcase time="0.0189999999999984" classname="table_07" name="Table_07_generation_works_with_custom_values"/>
    <testcase time="0.00199999999999889" classname="table_07" name="Table_07_generation_works_with_custom_values"/>
    <testcase time="0.00100000000000122" classname="table_07" name="Table_07_generation_works_with_custom_values"/>
    <testcase time="0.0480000000000018" classname="table_07" name="Table_07_generation_works_with_custom_values"/>
    <testcase time="0.538999999999998" classname="table_07" name="Table_07_generation_works_with_custom_values"/>
    <testcase time="0.169" classname="table_07" name="Table_07_generation_works_with_custom_values">
      <skipped message="Reason: On CRAN ('test-table_07.R:42:3')"/>
    </testcase>
    <testcase time="0.0199999999999996" classname="table_07" name="Table_07_generation_works_with_NA_values_pruned_rows"/>
    <testcase time="0.00100000000000122" classname="table_07" name="Table_07_generation_works_with_NA_values_pruned_rows"/>
    <testcase time="0.00199999999999889" classname="table_07" name="Table_07_generation_works_with_NA_values_pruned_rows"/>
    <testcase time="0.0470000000000006" classname="table_07" name="Table_07_generation_works_with_NA_values_pruned_rows"/>
    <testcase time="0.382999999999999" classname="table_07" name="Table_07_generation_works_with_NA_values_pruned_rows"/>
    <testcase time="0.148" classname="table_07" name="Table_07_generation_works_with_NA_values_pruned_rows">
      <skipped message="Reason: On CRAN ('test-table_07.R:52:3')"/>
    </testcase>
    <testcase time="0.0190000000000019" classname="table_07" name="Table_07_generation_works_with_risk_difference_column"/>
    <testcase time="0.00199999999999889" classname="table_07" name="Table_07_generation_works_with_risk_difference_column"/>
    <testcase time="0.00199999999999889" classname="table_07" name="Table_07_generation_works_with_risk_difference_column"/>
    <testcase time="0.0460000000000029" classname="table_07" name="Table_07_generation_works_with_risk_difference_column"/>
    <testcase time="0.469999999999999" classname="table_07" name="Table_07_generation_works_with_risk_difference_column"/>
    <testcase time="0.146000000000001" classname="table_07" name="Table_07_generation_works_with_risk_difference_column">
      <skipped message="Reason: On CRAN ('test-table_07.R:65:3')"/>
    </testcase>
  </testsuite>
  <testsuite name="table_08" timestamp="2023-09-07T00:47:40Z" hostname="a43202c0e327" tests="8" skipped="2" failures="0" errors="0" time="0.465">
    <testcase time="0.0259999999999998" classname="table_08" name="Table_08_generation_works_with_default_values"/>
    <testcase time="0.000999999999997669" classname="table_08" name="Table_08_generation_works_with_default_values"/>
    <testcase time="0.0600000000000023" classname="table_08" name="Table_08_generation_works_with_default_values"/>
    <testcase time="0.125999999999998" classname="table_08" name="Table_08_generation_works_with_default_values">
      <skipped message="Reason: On CRAN ('test-table_08.R:10:3')"/>
    </testcase>
    <testcase time="0.0199999999999996" classname="table_08" name="Table_08_generation_works_with_custom_values"/>
    <testcase time="0.00100000000000122" classname="table_08" name="Table_08_generation_works_with_custom_values"/>
    <testcase time="0.0470000000000006" classname="table_08" name="Table_08_generation_works_with_custom_values"/>
    <testcase time="0.184000000000001" classname="table_08" name="Table_08_generation_works_with_custom_values">
      <skipped message="Reason: On CRAN ('test-table_08.R:31:3')"/>
    </testcase>
  </testsuite>
  <testsuite name="table_09" timestamp="2023-09-07T00:47:40Z" hostname="a43202c0e327" tests="12" skipped="3" failures="0" errors="0" time="1.704">
    <testcase time="0.0249999999999986" classname="table_09" name="Table_09_generation_works_with_default_values"/>
    <testcase time="0.0579999999999998" classname="table_09" name="Table_09_generation_works_with_default_values"/>
    <testcase time="0.350000000000001" classname="table_09" name="Table_09_generation_works_with_default_values"/>
    <testcase time="0.0719999999999992" classname="table_09" name="Table_09_generation_works_with_default_values">
      <skipped message="Reason: On CRAN ('test-table_09.R:8:3')"/>
    </testcase>
    <testcase time="0.0199999999999996" classname="table_09" name="Table_09_generation_works_with_custom_values"/>
    <testcase time="0.0569999999999986" classname="table_09" name="Table_09_generation_works_with_custom_values"/>
    <testcase time="0.429000000000002" classname="table_09" name="Table_09_generation_works_with_custom_values"/>
    <testcase time="0.0910000000000011" classname="table_09" name="Table_09_generation_works_with_custom_values">
      <skipped message="Reason: On CRAN ('test-table_09.R:39:3')"/>
    </testcase>
    <testcase time="0.0189999999999984" classname="table_09" name="Table_09_generation_works_with_risk_difference_column"/>
    <testcase time="0.0459999999999994" classname="table_09" name="Table_09_generation_works_with_risk_difference_column"/>
    <testcase time="0.462" classname="table_09" name="Table_09_generation_works_with_risk_difference_column"/>
    <testcase time="0.0750000000000028" classname="table_09" name="Table_09_generation_works_with_risk_difference_column">
      <skipped message="Reason: On CRAN ('test-table_09.R:47:3')"/>
    </testcase>
  </testsuite>
  <testsuite name="table_10" timestamp="2023-09-07T00:47:42Z" hostname="a43202c0e327" tests="15" skipped="3" failures="0" errors="0" time="2.101">
    <testcase time="0.0299999999999976" classname="table_10" name="Table_10_generation_works_with_default_values"/>
    <testcase time="0.00200000000000244" classname="table_10" name="Table_10_generation_works_with_default_values"/>
    <testcase time="0.0459999999999994" classname="table_10" name="Table_10_generation_works_with_default_values"/>
    <testcase time="0.422000000000001" classname="table_10" name="Table_10_generation_works_with_default_values"/>
    <testcase time="0.383999999999997" classname="table_10" name="Table_10_generation_works_with_default_values">
      <skipped message="Reason: On CRAN ('test-table_10.R:17:3')"/>
    </testcase>
    <testcase time="0.0190000000000019" classname="table_10" name="Table_10_generation_works_with_custom_values"/>
    <testcase time="0.00199999999999889" classname="table_10" name="Table_10_generation_works_with_custom_values"/>
    <testcase time="0.0420000000000016" classname="table_10" name="Table_10_generation_works_with_custom_values"/>
    <testcase time="0.385999999999996" classname="table_10" name="Table_10_generation_works_with_custom_values"/>
    <testcase time="0.0680000000000049" classname="table_10" name="Table_10_generation_works_with_custom_values">
      <skipped message="Reason: On CRAN ('test-table_10.R:52:3')"/>
    </testcase>
    <testcase time="0.0180000000000007" classname="table_10" name="Table_10_generation_works_with_risk_difference_column"/>
    <testcase time="0.00199999999999534" classname="table_10" name="Table_10_generation_works_with_risk_difference_column"/>
    <testcase time="0.0470000000000041" classname="table_10" name="Table_10_generation_works_with_risk_difference_column"/>
    <testcase time="0.485999999999997" classname="table_10" name="Table_10_generation_works_with_risk_difference_column"/>
    <testcase time="0.146999999999998" classname="table_10" name="Table_10_generation_works_with_risk_difference_column">
      <skipped message="Reason: On CRAN ('test-table_10.R:60:3')"/>
    </testcase>
  </testsuite>
  <testsuite name="table_11" timestamp="2023-09-07T00:47:44Z" hostname="a43202c0e327" tests="12" skipped="3" failures="0" errors="0" time="2.767">
    <testcase time="0.0310000000000059" classname="table_11" name="Table_11_generation_works_with_default_values"/>
    <testcase time="0.0579999999999998" classname="table_11" name="Table_11_generation_works_with_default_values"/>
    <testcase time="0.673999999999999" classname="table_11" name="Table_11_generation_works_with_default_values"/>
    <testcase time="0.134999999999998" classname="table_11" name="Table_11_generation_works_with_default_values">
      <skipped message="Reason: On CRAN ('test-table_11.R:18:3')"/>
    </testcase>
    <testcase time="0.0189999999999984" classname="table_11" name="Table_11_generation_works_with_custom_values"/>
    <testcase time="0.0560000000000045" classname="table_11" name="Table_11_generation_works_with_custom_values"/>
    <testcase time="0.616" classname="table_11" name="Table_11_generation_works_with_custom_values"/>
    <testcase time="0.0779999999999959" classname="table_11" name="Table_11_generation_works_with_custom_values">
      <skipped message="Reason: On CRAN ('test-table_11.R:48:3')"/>
    </testcase>
    <testcase time="0.0189999999999984" classname="table_11" name="Table_11_generation_works_with_risk_difference_column"/>
    <testcase time="0.0570000000000022" classname="table_11" name="Table_11_generation_works_with_risk_difference_column"/>
    <testcase time="0.861000000000004" classname="table_11" name="Table_11_generation_works_with_risk_difference_column"/>
    <testcase time="0.162999999999997" classname="table_11" name="Table_11_generation_works_with_risk_difference_column">
      <skipped message="Reason: On CRAN ('test-table_11.R:56:3')"/>
    </testcase>
  </testsuite>
  <testsuite name="table_12" timestamp="2023-09-07T00:47:47Z" hostname="a43202c0e327" tests="12" skipped="3" failures="0" errors="0" time="3.596">
    <testcase time="0.0230000000000032" classname="table_12" name="Table_12_generation_works_with_default_values"/>
    <testcase time="0.0549999999999997" classname="table_12" name="Table_12_generation_works_with_default_values"/>
    <testcase time="0.900999999999996" classname="table_12" name="Table_12_generation_works_with_default_values"/>
    <testcase time="0.113999999999997" classname="table_12" name="Table_12_generation_works_with_default_values">
      <skipped message="Reason: On CRAN ('test-table_12.R:9:3')"/>
    </testcase>
    <testcase time="0.0200000000000031" classname="table_12" name="Table_12_generation_works_with_custom_values"/>
    <testcase time="0.0679999999999978" classname="table_12" name="Table_12_generation_works_with_custom_values"/>
    <testcase time="0.894000000000005" classname="table_12" name="Table_12_generation_works_with_custom_values"/>
    <testcase time="0.134999999999998" classname="table_12" name="Table_12_generation_works_with_custom_values">
      <skipped message="Reason: On CRAN ('test-table_12.R:39:3')"/>
    </testcase>
    <testcase time="0.0180000000000007" classname="table_12" name="Table_12_generation_works_with_risk_difference_column"/>
    <testcase time="0.0599999999999952" classname="table_12" name="Table_12_generation_works_with_risk_difference_column"/>
    <testcase time="1.164" classname="table_12" name="Table_12_generation_works_with_risk_difference_column"/>
    <testcase time="0.143999999999998" classname="table_12" name="Table_12_generation_works_with_risk_difference_column">
      <skipped message="Reason: On CRAN ('test-table_12.R:47:3')"/>
    </testcase>
  </testsuite>
  <testsuite name="table_13" timestamp="2023-09-07T00:47:50Z" hostname="a43202c0e327" tests="12" skipped="3" failures="0" errors="0" time="0.933">
    <testcase time="0.0250000000000057" classname="table_13" name="Table_13_generation_works_with_default_values"/>
    <testcase time="0.0569999999999951" classname="table_13" name="Table_13_generation_works_with_default_values"/>
    <testcase time="0.139000000000003" classname="table_13" name="Table_13_generation_works_with_default_values"/>
    <testcase time="0.0820000000000007" classname="table_13" name="Table_13_generation_works_with_default_values">
      <skipped message="Reason: On CRAN ('test-table_13.R:8:3')"/>
    </testcase>
    <testcase time="0.0189999999999984" classname="table_13" name="Table_13_generation_works_with_custom_values"/>
    <testcase time="0.0570000000000022" classname="table_13" name="Table_13_generation_works_with_custom_values"/>
    <testcase time="0.170999999999999" classname="table_13" name="Table_13_generation_works_with_custom_values"/>
    <testcase time="0.054000000000002" classname="table_13" name="Table_13_generation_works_with_custom_values">
      <skipped message="Reason: On CRAN ('test-table_13.R:38:3')"/>
    </testcase>
    <testcase time="0.0189999999999984" classname="table_13" name="Table_13_generation_works_with_risk_difference_column"/>
    <testcase time="0.0570000000000022" classname="table_13" name="Table_13_generation_works_with_risk_difference_column"/>
    <testcase time="0.171999999999997" classname="table_13" name="Table_13_generation_works_with_risk_difference_column"/>
    <testcase time="0.0810000000000031" classname="table_13" name="Table_13_generation_works_with_risk_difference_column">
      <skipped message="Reason: On CRAN ('test-table_13.R:46:3')"/>
    </testcase>
  </testsuite>
  <testsuite name="table_14" timestamp="2023-09-07T00:47:51Z" hostname="a43202c0e327" tests="13" skipped="4" failures="0" errors="0" time="3.648">
    <testcase time="0.0339999999999989" classname="table_14" name="Table_14_generation_works_with_default_values"/>
    <testcase time="0.667000000000002" classname="table_14" name="Table_14_generation_works_with_default_values"/>
    <testcase time="0.159999999999997" classname="table_14" name="Table_14_generation_works_with_default_values">
      <skipped message="Reason: On CRAN ('test-table_14.R:16:3')"/>
    </testcase>
    <testcase time="0.0189999999999984" classname="table_14" name="Table_14_generation_works_with_custom_values"/>
    <testcase time="0.0560000000000045" classname="table_14" name="Table_14_generation_works_with_custom_values"/>
    <testcase time="0.722000000000001" classname="table_14" name="Table_14_generation_works_with_custom_values"/>
    <testcase time="0.149999999999999" classname="table_14" name="Table_14_generation_works_with_custom_values">
      <skipped message="Reason: On CRAN ('test-table_14.R:46:3')"/>
    </testcase>
    <testcase time="0.019999999999996" classname="table_14" name="Table_14_generation_works_with_NA_values_pruned_rows"/>
    <testcase time="0.658000000000001" classname="table_14" name="Table_14_generation_works_with_NA_values_pruned_rows"/>
    <testcase time="0.134" classname="table_14" name="Table_14_generation_works_with_NA_values_pruned_rows">
      <skipped message="Reason: On CRAN ('test-table_14.R:53:3')"/>
    </testcase>
    <testcase time="0.0200000000000031" classname="table_14" name="Table_14_generation_works_with_risk_difference_column"/>
    <testcase time="0.814999999999998" classname="table_14" name="Table_14_generation_works_with_risk_difference_column"/>
    <testcase time="0.192999999999998" classname="table_14" name="Table_14_generation_works_with_risk_difference_column">
      <skipped message="Reason: On CRAN ('test-table_14.R:61:3')"/>
    </testcase>
  </testsuite>
  <testsuite name="table_20" timestamp="2023-09-07T00:47:55Z" hostname="a43202c0e327" tests="24" skipped="4" failures="0" errors="0" time="3.021">
    <testcase time="0.0300000000000011" classname="table_20" name="Table_20_generation_works_with_default_values"/>
    <testcase time="0.00100000000000477" classname="table_20" name="Table_20_generation_works_with_default_values"/>
    <testcase time="0.000999999999997669" classname="table_20" name="Table_20_generation_works_with_default_values"/>
    <testcase time="0.0510000000000019" classname="table_20" name="Table_20_generation_works_with_default_values"/>
    <testcase time="0.459999999999994" classname="table_20" name="Table_20_generation_works_with_default_values"/>
    <testcase time="0.109000000000002" classname="table_20" name="Table_20_generation_works_with_default_values">
      <skipped message="Reason: On CRAN ('test-table_20.R:17:3')"/>
    </testcase>
    <testcase time="0.0180000000000007" classname="table_20" name="Table_20_generation_works_with_custom_values"/>
    <testcase time="0.000999999999997669" classname="table_20" name="Table_20_generation_works_with_custom_values"/>
    <testcase time="0.00200000000000244" classname="table_20" name="Table_20_generation_works_with_custom_values"/>
    <testcase time="0.0489999999999995" classname="table_20" name="Table_20_generation_works_with_custom_values"/>
    <testcase time="0.713999999999999" classname="table_20" name="Table_20_generation_works_with_custom_values"/>
    <testcase time="0.120000000000005" classname="table_20" name="Table_20_generation_works_with_custom_values">
      <skipped message="Reason: On CRAN ('test-table_20.R:65:3')"/>
    </testcase>
    <testcase time="0.019999999999996" classname="table_20" name="Table_20_generation_works_with_missing_values_pruned_rows"/>
    <testcase time="0.00200000000000244" classname="table_20" name="Table_20_generation_works_with_missing_values_pruned_rows"/>
    <testcase time="0.000999999999997669" classname="table_20" name="Table_20_generation_works_with_missing_values_pruned_rows"/>
    <testcase time="0.0640000000000001" classname="table_20" name="Table_20_generation_works_with_missing_values_pruned_rows"/>
    <testcase time="0.466999999999999" classname="table_20" name="Table_20_generation_works_with_missing_values_pruned_rows"/>
    <testcase time="0.088000000000001" classname="table_20" name="Table_20_generation_works_with_missing_values_pruned_rows">
      <skipped message="Reason: On CRAN ('test-table_20.R:74:3')"/>
    </testcase>
    <testcase time="0.0190000000000055" classname="table_20" name="Table_20_generation_works_with_risk_difference_column"/>
    <testcase time="0.00199999999999534" classname="table_20" name="Table_20_generation_works_with_risk_difference_column"/>
    <testcase time="0.00100000000000477" classname="table_20" name="Table_20_generation_works_with_risk_difference_column"/>
    <testcase time="0.0499999999999972" classname="table_20" name="Table_20_generation_works_with_risk_difference_column"/>
    <testcase time="0.612000000000002" classname="table_20" name="Table_20_generation_works_with_risk_difference_column"/>
    <testcase time="0.138999999999996" classname="table_20" name="Table_20_generation_works_with_risk_difference_column">
      <skipped message="Reason: On CRAN ('test-table_20.R:82:3')"/>
    </testcase>
  </testsuite>
  <testsuite name="table_32" timestamp="2023-09-07T00:47:58Z" hostname="a43202c0e327" tests="16" skipped="4" failures="0" errors="0" time="1.201">
    <testcase time="0.027000000000001" classname="table_32" name="Table_32_generation_works_with_default_values"/>
    <testcase time="0.0600000000000023" classname="table_32" name="Table_32_generation_works_with_default_values"/>
    <testcase time="0.137999999999998" classname="table_32" name="Table_32_generation_works_with_default_values"/>
    <testcase time="0.0630000000000024" classname="table_32" name="Table_32_generation_works_with_default_values">
      <skipped message="Reason: On CRAN ('test-table_32.R:8:3')"/>
    </testcase>
    <testcase time="0.0229999999999961" classname="table_32" name="Table_32_generation_works_with_custom_values"/>
    <testcase time="0.0609999999999999" classname="table_32" name="Table_32_generation_works_with_custom_values"/>
    <testcase time="0.164000000000001" classname="table_32" name="Table_32_generation_works_with_custom_values"/>
    <testcase time="0.0760000000000005" classname="table_32" name="Table_32_generation_works_with_custom_values">
      <skipped message="Reason: On CRAN ('test-table_32.R:30:3')"/>
    </testcase>
    <testcase time="0.0189999999999984" classname="table_32" name="Table_32_generation_works_with_pruned_rows"/>
    <testcase time="0.0600000000000023" classname="table_32" name="Table_32_generation_works_with_pruned_rows"/>
    <testcase time="0.136000000000003" classname="table_32" name="Table_32_generation_works_with_pruned_rows"/>
    <testcase time="0.0529999999999973" classname="table_32" name="Table_32_generation_works_with_pruned_rows">
      <skipped message="Reason: On CRAN ('test-table_32.R:37:3')"/>
    </testcase>
    <testcase time="0.0189999999999984" classname="table_32" name="Table_32_generation_works_with_risk_difference_column"/>
    <testcase time="0.0590000000000046" classname="table_32" name="Table_32_generation_works_with_risk_difference_column"/>
    <testcase time="0.18" classname="table_32" name="Table_32_generation_works_with_risk_difference_column"/>
    <testcase time="0.0629999999999953" classname="table_32" name="Table_32_generation_works_with_risk_difference_column">
      <skipped message="Reason: On CRAN ('test-table_32.R:45:3')"/>
    </testcase>
  </testsuite>
  <testsuite name="table_33" timestamp="2023-09-07T00:47:59Z" hostname="a43202c0e327" tests="16" skipped="4" failures="0" errors="0" time="1.949">
    <testcase time="0.0249999999999986" classname="table_33" name="Table_33_generation_works_with_default_values"/>
    <testcase time="0.283000000000001" classname="table_33" name="Table_33_generation_works_with_default_values"/>
    <testcase time="0.113" classname="table_33" name="Table_33_generation_works_with_default_values"/>
    <testcase time="0.0549999999999997" classname="table_33" name="Table_33_generation_works_with_default_values">
      <skipped message="Reason: On CRAN ('test-table_33.R:8:3')"/>
    </testcase>
    <testcase time="0.0190000000000055" classname="table_33" name="Table_33_generation_works_with_custom_values"/>
    <testcase time="0.288999999999994" classname="table_33" name="Table_33_generation_works_with_custom_values"/>
    <testcase time="0.136000000000003" classname="table_33" name="Table_33_generation_works_with_custom_values"/>
    <testcase time="0.0619999999999976" classname="table_33" name="Table_33_generation_works_with_custom_values">
      <skipped message="Reason: On CRAN ('test-table_33.R:34:3')"/>
    </testcase>
    <testcase time="0.0190000000000055" classname="table_33" name="Table_33_generation_works_with_pruned_rows"/>
    <testcase time="0.285999999999994" classname="table_33" name="Table_33_generation_works_with_pruned_rows"/>
    <testcase time="0.112000000000002" classname="table_33" name="Table_33_generation_works_with_pruned_rows"/>
    <testcase time="0.0429999999999993" classname="table_33" name="Table_33_generation_works_with_pruned_rows">
      <skipped message="Reason: On CRAN ('test-table_33.R:42:3')"/>
    </testcase>
    <testcase time="0.0249999999999986" classname="table_33" name="Table_33_generation_works_with_risk_difference_column"/>
    <testcase time="0.287000000000006" classname="table_33" name="Table_33_generation_works_with_risk_difference_column"/>
    <testcase time="0.138999999999996" classname="table_33" name="Table_33_generation_works_with_risk_difference_column"/>
    <testcase time="0.0559999999999974" classname="table_33" name="Table_33_generation_works_with_risk_difference_column">
      <skipped message="Reason: On CRAN ('test-table_33.R:50:3')"/>
    </testcase>
  </testsuite>
  <testsuite name="table_34" timestamp="2023-09-07T00:48:01Z" hostname="a43202c0e327" tests="12" skipped="3" failures="0" errors="0" time="7.094">
    <testcase time="0.0360000000000014" classname="table_34" name="Table_34_generation_works_with_default_values"/>
    <testcase time="0.0480000000000018" classname="table_34" name="Table_34_generation_works_with_default_values"/>
    <testcase time="1.954" classname="table_34" name="Table_34_generation_works_with_default_values"/>
    <testcase time="0.249000000000002" classname="table_34" name="Table_34_generation_works_with_default_values">
      <skipped message="Reason: On CRAN ('test-table_34.R:17:3')"/>
    </testcase>
    <testcase time="0.0210000000000008" classname="table_34" name="Table_34_generation_works_with_custom_values"/>
    <testcase time="0.0519999999999996" classname="table_34" name="Table_34_generation_works_with_custom_values"/>
    <testcase time="1.937" classname="table_34" name="Table_34_generation_works_with_custom_values"/>
    <testcase time="0.106000000000002" classname="table_34" name="Table_34_generation_works_with_custom_values">
      <skipped message="Reason: On CRAN ('test-table_34.R:49:3')"/>
    </testcase>
    <testcase time="0.0189999999999984" classname="table_34" name="Table_34_generation_works_with_risk_difference_column"/>
    <testcase time="0.0480000000000018" classname="table_34" name="Table_34_generation_works_with_risk_difference_column"/>
    <testcase time="2.357" classname="table_34" name="Table_34_generation_works_with_risk_difference_column"/>
    <testcase time="0.266999999999996" classname="table_34" name="Table_34_generation_works_with_risk_difference_column">
      <skipped message="Reason: On CRAN ('test-table_34.R:57:3')"/>
    </testcase>
  </testsuite>
</testsuites>
