<?xml version="1.0" encoding="UTF-8"?>
<testsuites>
  <testsuite name="table_02" timestamp="2023-09-20T21:32:30Z" hostname="e5436bc998cf" tests="30" skipped="10" failures="0" errors="0" time="13.282">
    <testcase time="0.0740000000000003" classname="table_02" name="Table_02_generation_works_with_default_values"/>
    <testcase time="0.42" classname="table_02" name="Table_02_generation_works_with_default_values"/>
    <testcase time="0.204" classname="table_02" name="Table_02_generation_works_with_default_values">
      <skipped message="Reason: On CRAN ('test-table_02.R:16:3')"/>
    </testcase>
    <testcase time="0.069" classname="table_02" name="Table_02_generation_works_with_custom_values"/>
    <testcase time="0.354" classname="table_02" name="Table_02_generation_works_with_custom_values"/>
    <testcase time="0.208" classname="table_02" name="Table_02_generation_works_with_custom_values">
      <skipped message="Reason: On CRAN ('test-table_02.R:45:3')"/>
    </testcase>
    <testcase time="0.0519999999999996" classname="table_02" name="Table_02_generation_works_with_some_NA_values"/>
    <testcase time="0.093" classname="table_02" name="Table_02_generation_works_with_some_NA_values"/>
    <testcase time="0.0449999999999999" classname="table_02" name="Table_02_generation_works_with_some_NA_values">
      <skipped message="Reason: On CRAN ('test-table_02.R:57:3')"/>
    </testcase>
    <testcase time="0.0150000000000006" classname="table_02" name="Table_02_generation_tplyr_works_with_default_values"/>
    <testcase time="1.723" classname="table_02" name="Table_02_generation_tplyr_works_with_default_values"/>
    <testcase time="0.0330000000000004" classname="table_02" name="Table_02_generation_tplyr_works_with_default_values">
      <skipped message="Reason: On CRAN ('test-table_02.R:66:3')"/>
    </testcase>
    <testcase time="0.016" classname="table_02" name="Table_02_generation_tplyr_works_with_tplyr_raw_TRUE"/>
    <testcase time="1.1" classname="table_02" name="Table_02_generation_tplyr_works_with_tplyr_raw_TRUE"/>
    <testcase time="0.0280000000000005" classname="table_02" name="Table_02_generation_tplyr_works_with_tplyr_raw_TRUE">
      <skipped message="Reason: On CRAN ('test-table_02.R:75:3')"/>
    </testcase>
    <testcase time="0.0439999999999996" classname="table_02" name="Table_02_generation_tplyr_works_with_custom_values"/>
    <testcase time="1.645" classname="table_02" name="Table_02_generation_tplyr_works_with_custom_values"/>
    <testcase time="0.020999999999999" classname="table_02" name="Table_02_generation_tplyr_works_with_custom_values">
      <skipped message="Reason: On CRAN ('test-table_02.R:102:3')"/>
    </testcase>
    <testcase time="0.0340000000000007" classname="table_02" name="Table_02_generation_tplyr_works_with_some_NA_values"/>
    <testcase time="0.657" classname="table_02" name="Table_02_generation_tplyr_works_with_some_NA_values"/>
    <testcase time="0.0199999999999996" classname="table_02" name="Table_02_generation_tplyr_works_with_some_NA_values">
      <skipped message="Reason: On CRAN ('test-table_02.R:119:3')"/>
    </testcase>
    <testcase time="0.0140000000000011" classname="table_02" name="Table_02_generation_gt_works_with_default_values"/>
    <testcase time="2.587" classname="table_02" name="Table_02_generation_gt_works_with_default_values"/>
    <testcase time="0.00500000000000078" classname="table_02" name="Table_02_generation_gt_works_with_default_values">
      <skipped message="Reason: On CRAN ('test-table_02.R:128:3')"/>
    </testcase>
    <testcase time="0.0429999999999993" classname="table_02" name="Table_02_generation_gt_works_with_custom_values"/>
    <testcase time="2.899" classname="table_02" name="Table_02_generation_gt_works_with_custom_values"/>
    <testcase time="0.00500000000000078" classname="table_02" name="Table_02_generation_gt_works_with_custom_values">
      <skipped message="Reason: On CRAN ('test-table_02.R:146:3')"/>
    </testcase>
    <testcase time="0.0329999999999995" classname="table_02" name="Table_02_generation_gt_works_with_some_NA_values"/>
    <testcase time="0.836" classname="table_02" name="Table_02_generation_gt_works_with_some_NA_values"/>
    <testcase time="0.00499999999999901" classname="table_02" name="Table_02_generation_gt_works_with_some_NA_values">
      <skipped message="Reason: On CRAN ('test-table_02.R:163:3')"/>
    </testcase>
  </testsuite>
  <testsuite name="table_04" timestamp="2023-09-20T21:32:43Z" hostname="e5436bc998cf" tests="12" skipped="2" failures="0" errors="0" time="0.866">
    <testcase time="0.0330000000000013" classname="table_04" name="Table_04_generation_works_with_default_values"/>
    <testcase time="0.00100000000000122" classname="table_04" name="Table_04_generation_works_with_default_values"/>
    <testcase time="0.000999999999997669" classname="table_04" name="Table_04_generation_works_with_default_values"/>
    <testcase time="0.00100000000000122" classname="table_04" name="Table_04_generation_works_with_default_values"/>
    <testcase time="0.367000000000001" classname="table_04" name="Table_04_generation_works_with_default_values"/>
    <testcase time="0.0799999999999983" classname="table_04" name="Table_04_generation_works_with_default_values">
      <skipped message="Reason: On CRAN ('test-table_04.R:18:3')"/>
    </testcase>
    <testcase time="0.0139999999999993" classname="table_04" name="Table_04_generation_works_with_custom_values"/>
    <testcase time="0.00100000000000122" classname="table_04" name="Table_04_generation_works_with_custom_values"/>
    <testcase time="0.00100000000000122" classname="table_04" name="Table_04_generation_works_with_custom_values"/>
    <testcase time="0.000999999999997669" classname="table_04" name="Table_04_generation_works_with_custom_values"/>
    <testcase time="0.300000000000001" classname="table_04" name="Table_04_generation_works_with_custom_values"/>
    <testcase time="0.0659999999999989" classname="table_04" name="Table_04_generation_works_with_custom_values">
      <skipped message="Reason: On CRAN ('test-table_04.R:44:3')"/>
    </testcase>
  </testsuite>
  <testsuite name="table_05" timestamp="2023-09-20T21:32:44Z" hostname="e5436bc998cf" tests="12" skipped="4" failures="0" errors="0" time="1.331">
    <testcase time="0.172000000000001" classname="table_05" name="Table_05_generation_works_with_default_values"/>
    <testcase time="0.205000000000002" classname="table_05" name="Table_05_generation_works_with_default_values"/>
    <testcase time="0.0609999999999999" classname="table_05" name="Table_05_generation_works_with_default_values">
      <skipped message="Reason: On CRAN ('test-table_05.R:10:3')"/>
    </testcase>
    <testcase time="0.0139999999999993" classname="table_05" name="Table_05_generation_works_with_custom_values"/>
    <testcase time="0.256" classname="table_05" name="Table_05_generation_works_with_custom_values"/>
    <testcase time="0.0799999999999983" classname="table_05" name="Table_05_generation_works_with_custom_values">
      <skipped message="Reason: On CRAN ('test-table_05.R:34:3')"/>
    </testcase>
    <testcase time="0.0160000000000018" classname="table_05" name="Table_05_generation_works_with_NA_values_pruned_rows"/>
    <testcase time="0.172000000000001" classname="table_05" name="Table_05_generation_works_with_NA_values_pruned_rows"/>
    <testcase time="0.0589999999999975" classname="table_05" name="Table_05_generation_works_with_NA_values_pruned_rows">
      <skipped message="Reason: On CRAN ('test-table_05.R:44:3')"/>
    </testcase>
    <testcase time="0.0150000000000006" classname="table_05" name="Table_05_generation_works_with_risk_difference_column"/>
    <testcase time="0.211000000000002" classname="table_05" name="Table_05_generation_works_with_risk_difference_column"/>
    <testcase time="0.0700000000000003" classname="table_05" name="Table_05_generation_works_with_risk_difference_column">
      <skipped message="Reason: On CRAN ('test-table_05.R:57:3')"/>
    </testcase>
  </testsuite>
  <testsuite name="table_06" timestamp="2023-09-20T21:32:46Z" hostname="e5436bc998cf" tests="15" skipped="3" failures="0" errors="0" time="1.993">
    <testcase time="0.0219999999999985" classname="table_06" name="Table_06_generation_works_with_default_values"/>
    <testcase time="0.00100000000000122" classname="table_06" name="Table_06_generation_works_with_default_values"/>
    <testcase time="0.0589999999999975" classname="table_06" name="Table_06_generation_works_with_default_values"/>
    <testcase time="0.401" classname="table_06" name="Table_06_generation_works_with_default_values"/>
    <testcase time="0.078000000000003" classname="table_06" name="Table_06_generation_works_with_default_values">
      <skipped message="Reason: On CRAN ('test-table_06.R:8:3')"/>
    </testcase>
    <testcase time="0.014999999999997" classname="table_06" name="Table_06_generation_works_with_custom_values"/>
    <testcase time="0.00100000000000122" classname="table_06" name="Table_06_generation_works_with_custom_values"/>
    <testcase time="0.0500000000000007" classname="table_06" name="Table_06_generation_works_with_custom_values"/>
    <testcase time="0.506" classname="table_06" name="Table_06_generation_works_with_custom_values"/>
    <testcase time="0.117999999999999" classname="table_06" name="Table_06_generation_works_with_custom_values">
      <skipped message="Reason: On CRAN ('test-table_06.R:40:3')"/>
    </testcase>
    <testcase time="0.0139999999999993" classname="table_06" name="Table_06_generation_works_with_risk_difference_column"/>
    <testcase time="0.00100000000000122" classname="table_06" name="Table_06_generation_works_with_risk_difference_column"/>
    <testcase time="0.0519999999999996" classname="table_06" name="Table_06_generation_works_with_risk_difference_column"/>
    <testcase time="0.541999999999998" classname="table_06" name="Table_06_generation_works_with_risk_difference_column"/>
    <testcase time="0.133000000000003" classname="table_06" name="Table_06_generation_works_with_risk_difference_column">
      <skipped message="Reason: On CRAN ('test-table_06.R:48:3')"/>
    </testcase>
  </testsuite>
  <testsuite name="table_07" timestamp="2023-09-20T21:32:48Z" hostname="e5436bc998cf" tests="24" skipped="4" failures="0" errors="0" time="2.056">
    <testcase time="0.0229999999999997" classname="table_07" name="Table_07_generation_works_with_default_values"/>
    <testcase time="0.000999999999997669" classname="table_07" name="Table_07_generation_works_with_default_values"/>
    <testcase time="0.00100000000000122" classname="table_07" name="Table_07_generation_works_with_default_values"/>
    <testcase time="0.0360000000000014" classname="table_07" name="Table_07_generation_works_with_default_values"/>
    <testcase time="0.314" classname="table_07" name="Table_07_generation_works_with_default_values"/>
    <testcase time="0.0960000000000001" classname="table_07" name="Table_07_generation_works_with_default_values">
      <skipped message="Reason: On CRAN ('test-table_07.R:13:3')"/>
    </testcase>
    <testcase time="0.0150000000000006" classname="table_07" name="Table_07_generation_works_with_custom_values"/>
    <testcase time="0.000999999999997669" classname="table_07" name="Table_07_generation_works_with_custom_values"/>
    <testcase time="0.00100000000000122" classname="table_07" name="Table_07_generation_works_with_custom_values"/>
    <testcase time="0.036999999999999" classname="table_07" name="Table_07_generation_works_with_custom_values"/>
    <testcase time="0.407" classname="table_07" name="Table_07_generation_works_with_custom_values"/>
    <testcase time="0.123999999999999" classname="table_07" name="Table_07_generation_works_with_custom_values">
      <skipped message="Reason: On CRAN ('test-table_07.R:42:3')"/>
    </testcase>
    <testcase time="0.0150000000000006" classname="table_07" name="Table_07_generation_works_with_NA_values_pruned_rows"/>
    <testcase time="0.00100000000000122" classname="table_07" name="Table_07_generation_works_with_NA_values_pruned_rows"/>
    <testcase time="0.00100000000000122" classname="table_07" name="Table_07_generation_works_with_NA_values_pruned_rows"/>
    <testcase time="0.0449999999999982" classname="table_07" name="Table_07_generation_works_with_NA_values_pruned_rows"/>
    <testcase time="0.285" classname="table_07" name="Table_07_generation_works_with_NA_values_pruned_rows"/>
    <testcase time="0.115000000000002" classname="table_07" name="Table_07_generation_works_with_NA_values_pruned_rows">
      <skipped message="Reason: On CRAN ('test-table_07.R:52:3')"/>
    </testcase>
    <testcase time="0.0139999999999993" classname="table_07" name="Table_07_generation_works_with_risk_difference_column"/>
    <testcase time="0.000999999999997669" classname="table_07" name="Table_07_generation_works_with_risk_difference_column"/>
    <testcase time="0.00100000000000122" classname="table_07" name="Table_07_generation_works_with_risk_difference_column"/>
    <testcase time="0.0360000000000014" classname="table_07" name="Table_07_generation_works_with_risk_difference_column"/>
    <testcase time="0.363" classname="table_07" name="Table_07_generation_works_with_risk_difference_column"/>
    <testcase time="0.122999999999998" classname="table_07" name="Table_07_generation_works_with_risk_difference_column">
      <skipped message="Reason: On CRAN ('test-table_07.R:65:3')"/>
    </testcase>
  </testsuite>
  <testsuite name="table_08" timestamp="2023-09-20T21:32:50Z" hostname="e5436bc998cf" tests="8" skipped="2" failures="0" errors="0" time="0.346">
    <testcase time="0.0210000000000008" classname="table_08" name="Table_08_generation_works_with_default_values"/>
    <testcase time="0.00100000000000122" classname="table_08" name="Table_08_generation_works_with_default_values"/>
    <testcase time="0.0380000000000003" classname="table_08" name="Table_08_generation_works_with_default_values"/>
    <testcase time="0.0949999999999989" classname="table_08" name="Table_08_generation_works_with_default_values">
      <skipped message="Reason: On CRAN ('test-table_08.R:10:3')"/>
    </testcase>
    <testcase time="0.0139999999999993" classname="table_08" name="Table_08_generation_works_with_custom_values"/>
    <testcase time="0.00200000000000244" classname="table_08" name="Table_08_generation_works_with_custom_values"/>
    <testcase time="0.0449999999999982" classname="table_08" name="Table_08_generation_works_with_custom_values"/>
    <testcase time="0.129999999999999" classname="table_08" name="Table_08_generation_works_with_custom_values">
      <skipped message="Reason: On CRAN ('test-table_08.R:31:3')"/>
    </testcase>
  </testsuite>
  <testsuite name="table_09" timestamp="2023-09-20T21:32:50Z" hostname="e5436bc998cf" tests="12" skipped="3" failures="0" errors="0" time="1.307">
    <testcase time="0.0289999999999999" classname="table_09" name="Table_09_generation_works_with_default_values"/>
    <testcase time="0.0370000000000026" classname="table_09" name="Table_09_generation_works_with_default_values"/>
    <testcase time="0.27" classname="table_09" name="Table_09_generation_works_with_default_values"/>
    <testcase time="0.0549999999999997" classname="table_09" name="Table_09_generation_works_with_default_values">
      <skipped message="Reason: On CRAN ('test-table_09.R:8:3')"/>
    </testcase>
    <testcase time="0.0229999999999997" classname="table_09" name="Table_09_generation_works_with_custom_values"/>
    <testcase time="0.0380000000000003" classname="table_09" name="Table_09_generation_works_with_custom_values"/>
    <testcase time="0.326999999999998" classname="table_09" name="Table_09_generation_works_with_custom_values"/>
    <testcase time="0.0720000000000027" classname="table_09" name="Table_09_generation_works_with_custom_values">
      <skipped message="Reason: On CRAN ('test-table_09.R:39:3')"/>
    </testcase>
    <testcase time="0.0150000000000006" classname="table_09" name="Table_09_generation_works_with_risk_difference_column"/>
    <testcase time="0.036999999999999" classname="table_09" name="Table_09_generation_works_with_risk_difference_column"/>
    <testcase time="0.343999999999998" classname="table_09" name="Table_09_generation_works_with_risk_difference_column"/>
    <testcase time="0.0600000000000023" classname="table_09" name="Table_09_generation_works_with_risk_difference_column">
      <skipped message="Reason: On CRAN ('test-table_09.R:47:3')"/>
    </testcase>
  </testsuite>
  <testsuite name="table_10" timestamp="2023-09-20T21:32:51Z" hostname="e5436bc998cf" tests="15" skipped="3" failures="0" errors="0" time="1.664">
    <testcase time="0.0240000000000009" classname="table_10" name="Table_10_generation_works_with_default_values"/>
    <testcase time="0.000999999999997669" classname="table_10" name="Table_10_generation_works_with_default_values"/>
    <testcase time="0.0450000000000017" classname="table_10" name="Table_10_generation_works_with_default_values"/>
    <testcase time="0.335000000000001" classname="table_10" name="Table_10_generation_works_with_default_values"/>
    <testcase time="0.324999999999999" classname="table_10" name="Table_10_generation_works_with_default_values">
      <skipped message="Reason: On CRAN ('test-table_10.R:17:3')"/>
    </testcase>
    <testcase time="0.0150000000000006" classname="table_10" name="Table_10_generation_works_with_custom_values"/>
    <testcase time="0.000999999999997669" classname="table_10" name="Table_10_generation_works_with_custom_values"/>
    <testcase time="0.0330000000000013" classname="table_10" name="Table_10_generation_works_with_custom_values"/>
    <testcase time="0.297000000000001" classname="table_10" name="Table_10_generation_works_with_custom_values"/>
    <testcase time="0.0449999999999982" classname="table_10" name="Table_10_generation_works_with_custom_values">
      <skipped message="Reason: On CRAN ('test-table_10.R:52:3')"/>
    </testcase>
    <testcase time="0.0150000000000006" classname="table_10" name="Table_10_generation_works_with_risk_difference_column"/>
    <testcase time="0.00100000000000122" classname="table_10" name="Table_10_generation_works_with_risk_difference_column"/>
    <testcase time="0.036999999999999" classname="table_10" name="Table_10_generation_works_with_risk_difference_column"/>
    <testcase time="0.376000000000001" classname="table_10" name="Table_10_generation_works_with_risk_difference_column"/>
    <testcase time="0.113999999999997" classname="table_10" name="Table_10_generation_works_with_risk_difference_column">
      <skipped message="Reason: On CRAN ('test-table_10.R:60:3')"/>
    </testcase>
  </testsuite>
  <testsuite name="table_11" timestamp="2023-09-20T21:32:53Z" hostname="e5436bc998cf" tests="12" skipped="3" failures="0" errors="0" time="2.168">
    <testcase time="0.0240000000000009" classname="table_11" name="Table_11_generation_works_with_default_values"/>
    <testcase time="0.0440000000000005" classname="table_11" name="Table_11_generation_works_with_default_values"/>
    <testcase time="0.521000000000001" classname="table_11" name="Table_11_generation_works_with_default_values"/>
    <testcase time="0.116" classname="table_11" name="Table_11_generation_works_with_default_values">
      <skipped message="Reason: On CRAN ('test-table_11.R:18:3')"/>
    </testcase>
    <testcase time="0.0150000000000006" classname="table_11" name="Table_11_generation_works_with_custom_values"/>
    <testcase time="0.0389999999999979" classname="table_11" name="Table_11_generation_works_with_custom_values"/>
    <testcase time="0.482000000000003" classname="table_11" name="Table_11_generation_works_with_custom_values"/>
    <testcase time="0.0539999999999985" classname="table_11" name="Table_11_generation_works_with_custom_values">
      <skipped message="Reason: On CRAN ('test-table_11.R:48:3')"/>
    </testcase>
    <testcase time="0.0150000000000006" classname="table_11" name="Table_11_generation_works_with_risk_difference_column"/>
    <testcase time="0.0449999999999982" classname="table_11" name="Table_11_generation_works_with_risk_difference_column"/>
    <testcase time="0.681000000000001" classname="table_11" name="Table_11_generation_works_with_risk_difference_column"/>
    <testcase time="0.131999999999998" classname="table_11" name="Table_11_generation_works_with_risk_difference_column">
      <skipped message="Reason: On CRAN ('test-table_11.R:56:3')"/>
    </testcase>
  </testsuite>
  <testsuite name="table_12" timestamp="2023-09-20T21:32:55Z" hostname="e5436bc998cf" tests="12" skipped="3" failures="0" errors="0" time="2.733">
    <testcase time="0.0190000000000019" classname="table_12" name="Table_12_generation_works_with_default_values"/>
    <testcase time="0.0449999999999982" classname="table_12" name="Table_12_generation_works_with_default_values"/>
    <testcase time="0.696000000000002" classname="table_12" name="Table_12_generation_works_with_default_values"/>
    <testcase time="0.0969999999999978" classname="table_12" name="Table_12_generation_works_with_default_values">
      <skipped message="Reason: On CRAN ('test-table_12.R:9:3')"/>
    </testcase>
    <testcase time="0.017000000000003" classname="table_12" name="Table_12_generation_works_with_custom_values"/>
    <testcase time="0.0459999999999994" classname="table_12" name="Table_12_generation_works_with_custom_values"/>
    <testcase time="0.687999999999999" classname="table_12" name="Table_12_generation_works_with_custom_values"/>
    <testcase time="0.0869999999999997" classname="table_12" name="Table_12_generation_works_with_custom_values">
      <skipped message="Reason: On CRAN ('test-table_12.R:39:3')"/>
    </testcase>
    <testcase time="0.0150000000000006" classname="table_12" name="Table_12_generation_works_with_risk_difference_column"/>
    <testcase time="0.0450000000000017" classname="table_12" name="Table_12_generation_works_with_risk_difference_column"/>
    <testcase time="0.866999999999997" classname="table_12" name="Table_12_generation_works_with_risk_difference_column"/>
    <testcase time="0.111000000000001" classname="table_12" name="Table_12_generation_works_with_risk_difference_column">
      <skipped message="Reason: On CRAN ('test-table_12.R:47:3')"/>
    </testcase>
  </testsuite>
  <testsuite name="table_13" timestamp="2023-09-20T21:32:58Z" hostname="e5436bc998cf" tests="12" skipped="3" failures="0" errors="0" time="0.724">
    <testcase time="0.0190000000000019" classname="table_13" name="Table_13_generation_works_with_default_values"/>
    <testcase time="0.0439999999999969" classname="table_13" name="Table_13_generation_works_with_default_values"/>
    <testcase time="0.120000000000001" classname="table_13" name="Table_13_generation_works_with_default_values"/>
    <testcase time="0.054000000000002" classname="table_13" name="Table_13_generation_works_with_default_values">
      <skipped message="Reason: On CRAN ('test-table_13.R:8:3')"/>
    </testcase>
    <testcase time="0.014999999999997" classname="table_13" name="Table_13_generation_works_with_custom_values"/>
    <testcase time="0.0450000000000017" classname="table_13" name="Table_13_generation_works_with_custom_values"/>
    <testcase time="0.134" classname="table_13" name="Table_13_generation_works_with_custom_values"/>
    <testcase time="0.0389999999999979" classname="table_13" name="Table_13_generation_works_with_custom_values">
      <skipped message="Reason: On CRAN ('test-table_13.R:38:3')"/>
    </testcase>
    <testcase time="0.0150000000000006" classname="table_13" name="Table_13_generation_works_with_risk_difference_column"/>
    <testcase time="0.0440000000000005" classname="table_13" name="Table_13_generation_works_with_risk_difference_column"/>
    <testcase time="0.132999999999999" classname="table_13" name="Table_13_generation_works_with_risk_difference_column"/>
    <testcase time="0.0620000000000012" classname="table_13" name="Table_13_generation_works_with_risk_difference_column">
      <skipped message="Reason: On CRAN ('test-table_13.R:46:3')"/>
    </testcase>
  </testsuite>
  <testsuite name="table_14" timestamp="2023-09-20T21:32:59Z" hostname="e5436bc998cf" tests="13" skipped="4" failures="0" errors="0" time="2.853">
    <testcase time="0.0279999999999987" classname="table_14" name="Table_14_generation_works_with_default_values"/>
    <testcase time="0.508000000000003" classname="table_14" name="Table_14_generation_works_with_default_values"/>
    <testcase time="0.126999999999999" classname="table_14" name="Table_14_generation_works_with_default_values">
      <skipped message="Reason: On CRAN ('test-table_14.R:16:3')"/>
    </testcase>
    <testcase time="0.0150000000000006" classname="table_14" name="Table_14_generation_works_with_custom_values"/>
    <testcase time="0.0449999999999982" classname="table_14" name="Table_14_generation_works_with_custom_values"/>
    <testcase time="0.555" classname="table_14" name="Table_14_generation_works_with_custom_values"/>
    <testcase time="0.129999999999995" classname="table_14" name="Table_14_generation_works_with_custom_values">
      <skipped message="Reason: On CRAN ('test-table_14.R:46:3')"/>
    </testcase>
    <testcase time="0.0150000000000006" classname="table_14" name="Table_14_generation_works_with_NA_values_pruned_rows"/>
    <testcase time="0.509" classname="table_14" name="Table_14_generation_works_with_NA_values_pruned_rows"/>
    <testcase time="0.103999999999999" classname="table_14" name="Table_14_generation_works_with_NA_values_pruned_rows">
      <skipped message="Reason: On CRAN ('test-table_14.R:53:3')"/>
    </testcase>
    <testcase time="0.0150000000000006" classname="table_14" name="Table_14_generation_works_with_risk_difference_column"/>
    <testcase time="0.661000000000001" classname="table_14" name="Table_14_generation_works_with_risk_difference_column"/>
    <testcase time="0.140999999999998" classname="table_14" name="Table_14_generation_works_with_risk_difference_column">
      <skipped message="Reason: On CRAN ('test-table_14.R:61:3')"/>
    </testcase>
  </testsuite>
  <testsuite name="table_20" timestamp="2023-09-20T21:33:01Z" hostname="e5436bc998cf" tests="24" skipped="4" failures="0" errors="0" time="2.347">
    <testcase time="0.0230000000000032" classname="table_20" name="Table_20_generation_works_with_default_values"/>
    <testcase time="0.000999999999997669" classname="table_20" name="Table_20_generation_works_with_default_values"/>
    <testcase time="0.000999999999997669" classname="table_20" name="Table_20_generation_works_with_default_values"/>
    <testcase time="0.0519999999999996" classname="table_20" name="Table_20_generation_works_with_default_values"/>
    <testcase time="0.370000000000005" classname="table_20" name="Table_20_generation_works_with_default_values"/>
    <testcase time="0.0700000000000003" classname="table_20" name="Table_20_generation_works_with_default_values">
      <skipped message="Reason: On CRAN ('test-table_20.R:17:3')"/>
    </testcase>
    <testcase time="0.0139999999999958" classname="table_20" name="Table_20_generation_works_with_custom_values"/>
    <testcase time="0.00100000000000477" classname="table_20" name="Table_20_generation_works_with_custom_values"/>
    <testcase time="0.000999999999997669" classname="table_20" name="Table_20_generation_works_with_custom_values"/>
    <testcase time="0.0399999999999991" classname="table_20" name="Table_20_generation_works_with_custom_values"/>
    <testcase time="0.538000000000004" classname="table_20" name="Table_20_generation_works_with_custom_values"/>
    <testcase time="0.104999999999997" classname="table_20" name="Table_20_generation_works_with_custom_values">
      <skipped message="Reason: On CRAN ('test-table_20.R:65:3')"/>
    </testcase>
    <testcase time="0.0150000000000006" classname="table_20" name="Table_20_generation_works_with_missing_values_pruned_rows"/>
    <testcase time="0.000999999999997669" classname="table_20" name="Table_20_generation_works_with_missing_values_pruned_rows"/>
    <testcase time="0.00100000000000477" classname="table_20" name="Table_20_generation_works_with_missing_values_pruned_rows"/>
    <testcase time="0.0399999999999991" classname="table_20" name="Table_20_generation_works_with_missing_values_pruned_rows"/>
    <testcase time="0.359999999999999" classname="table_20" name="Table_20_generation_works_with_missing_values_pruned_rows"/>
    <testcase time="0.0760000000000005" classname="table_20" name="Table_20_generation_works_with_missing_values_pruned_rows">
      <skipped message="Reason: On CRAN ('test-table_20.R:74:3')"/>
    </testcase>
    <testcase time="0.019999999999996" classname="table_20" name="Table_20_generation_works_with_risk_difference_column"/>
    <testcase time="0.00100000000000477" classname="table_20" name="Table_20_generation_works_with_risk_difference_column"/>
    <testcase time="0.000999999999997669" classname="table_20" name="Table_20_generation_works_with_risk_difference_column"/>
    <testcase time="0.0390000000000015" classname="table_20" name="Table_20_generation_works_with_risk_difference_column"/>
    <testcase time="0.486999999999995" classname="table_20" name="Table_20_generation_works_with_risk_difference_column"/>
    <testcase time="0.0900000000000034" classname="table_20" name="Table_20_generation_works_with_risk_difference_column">
      <skipped message="Reason: On CRAN ('test-table_20.R:82:3')"/>
    </testcase>
  </testsuite>
  <testsuite name="table_32" timestamp="2023-09-20T21:33:04Z" hostname="e5436bc998cf" tests="16" skipped="4" failures="0" errors="0" time="0.939">
    <testcase time="0.0189999999999984" classname="table_32" name="Table_32_generation_works_with_default_values"/>
    <testcase time="0.0459999999999994" classname="table_32" name="Table_32_generation_works_with_default_values"/>
    <testcase time="0.119" classname="table_32" name="Table_32_generation_works_with_default_values"/>
    <testcase time="0.036999999999999" classname="table_32" name="Table_32_generation_works_with_default_values">
      <skipped message="Reason: On CRAN ('test-table_32.R:8:3')"/>
    </testcase>
    <testcase time="0.0140000000000029" classname="table_32" name="Table_32_generation_works_with_custom_values"/>
    <testcase time="0.0459999999999994" classname="table_32" name="Table_32_generation_works_with_custom_values"/>
    <testcase time="0.145000000000003" classname="table_32" name="Table_32_generation_works_with_custom_values"/>
    <testcase time="0.0459999999999994" classname="table_32" name="Table_32_generation_works_with_custom_values">
      <skipped message="Reason: On CRAN ('test-table_32.R:30:3')"/>
    </testcase>
    <testcase time="0.0169999999999959" classname="table_32" name="Table_32_generation_works_with_pruned_rows"/>
    <testcase time="0.0510000000000019" classname="table_32" name="Table_32_generation_works_with_pruned_rows"/>
    <testcase time="0.119" classname="table_32" name="Table_32_generation_works_with_pruned_rows"/>
    <testcase time="0.0279999999999987" classname="table_32" name="Table_32_generation_works_with_pruned_rows">
      <skipped message="Reason: On CRAN ('test-table_32.R:37:3')"/>
    </testcase>
    <testcase time="0.0140000000000029" classname="table_32" name="Table_32_generation_works_with_risk_difference_column"/>
    <testcase time="0.046999999999997" classname="table_32" name="Table_32_generation_works_with_risk_difference_column"/>
    <testcase time="0.148000000000003" classname="table_32" name="Table_32_generation_works_with_risk_difference_column"/>
    <testcase time="0.0429999999999993" classname="table_32" name="Table_32_generation_works_with_risk_difference_column">
      <skipped message="Reason: On CRAN ('test-table_32.R:45:3')"/>
    </testcase>
  </testsuite>
  <testsuite name="table_33" timestamp="2023-09-20T21:33:05Z" hostname="e5436bc998cf" tests="16" skipped="4" failures="0" errors="0" time="1.507">
    <testcase time="0.0200000000000031" classname="table_33" name="Table_33_generation_works_with_default_values"/>
    <testcase time="0.224999999999994" classname="table_33" name="Table_33_generation_works_with_default_values"/>
    <testcase time="0.0900000000000034" classname="table_33" name="Table_33_generation_works_with_default_values"/>
    <testcase time="0.0279999999999987" classname="table_33" name="Table_33_generation_works_with_default_values">
      <skipped message="Reason: On CRAN ('test-table_33.R:8:3')"/>
    </testcase>
    <testcase time="0.0140000000000029" classname="table_33" name="Table_33_generation_works_with_custom_values"/>
    <testcase time="0.218999999999994" classname="table_33" name="Table_33_generation_works_with_custom_values"/>
    <testcase time="0.122" classname="table_33" name="Table_33_generation_works_with_custom_values"/>
    <testcase time="0.0350000000000037" classname="table_33" name="Table_33_generation_works_with_custom_values">
      <skipped message="Reason: On CRAN ('test-table_33.R:34:3')"/>
    </testcase>
    <testcase time="0.0159999999999982" classname="table_33" name="Table_33_generation_works_with_pruned_rows"/>
    <testcase time="0.224000000000004" classname="table_33" name="Table_33_generation_works_with_pruned_rows"/>
    <testcase time="0.102999999999994" classname="table_33" name="Table_33_generation_works_with_pruned_rows"/>
    <testcase time="0.0260000000000034" classname="table_33" name="Table_33_generation_works_with_pruned_rows">
      <skipped message="Reason: On CRAN ('test-table_33.R:42:3')"/>
    </testcase>
    <testcase time="0.0140000000000029" classname="table_33" name="Table_33_generation_works_with_risk_difference_column"/>
    <testcase time="0.217999999999996" classname="table_33" name="Table_33_generation_works_with_risk_difference_column"/>
    <testcase time="0.121000000000002" classname="table_33" name="Table_33_generation_works_with_risk_difference_column"/>
    <testcase time="0.0319999999999965" classname="table_33" name="Table_33_generation_works_with_risk_difference_column">
      <skipped message="Reason: On CRAN ('test-table_33.R:50:3')"/>
    </testcase>
  </testsuite>
  <testsuite name="table_34" timestamp="2023-09-20T21:33:06Z" hostname="e5436bc998cf" tests="12" skipped="3" failures="0" errors="0" time="5.487">
    <testcase time="0.0240000000000009" classname="table_34" name="Table_34_generation_works_with_default_values"/>
    <testcase time="0.054000000000002" classname="table_34" name="Table_34_generation_works_with_default_values"/>
    <testcase time="1.511" classname="table_34" name="Table_34_generation_works_with_default_values"/>
    <testcase time="0.196000000000005" classname="table_34" name="Table_34_generation_works_with_default_values">
      <skipped message="Reason: On CRAN ('test-table_34.R:17:3')"/>
    </testcase>
    <testcase time="0.0159999999999982" classname="table_34" name="Table_34_generation_works_with_custom_values"/>
    <testcase time="0.0330000000000013" classname="table_34" name="Table_34_generation_works_with_custom_values"/>
    <testcase time="1.486" classname="table_34" name="Table_34_generation_works_with_custom_values"/>
    <testcase time="0.0670000000000002" classname="table_34" name="Table_34_generation_works_with_custom_values">
      <skipped message="Reason: On CRAN ('test-table_34.R:49:3')"/>
    </testcase>
    <testcase time="0.0150000000000006" classname="table_34" name="Table_34_generation_works_with_risk_difference_column"/>
    <testcase time="0.0459999999999994" classname="table_34" name="Table_34_generation_works_with_risk_difference_column"/>
    <testcase time="1.835" classname="table_34" name="Table_34_generation_works_with_risk_difference_column"/>
    <testcase time="0.204000000000001" classname="table_34" name="Table_34_generation_works_with_risk_difference_column">
      <skipped message="Reason: On CRAN ('test-table_34.R:57:3')"/>
    </testcase>
  </testsuite>
</testsuites>
