<?xml version="1.0" encoding="UTF-8"?>
<testsuites>
  <testsuite name="table_02" timestamp="2023-09-20T22:28:14Z" hostname="2d63a8998240" tests="30" skipped="10" failures="0" errors="0" time="16.886">
    <testcase time="0.0990000000000002" classname="table_02" name="Table_02_generation_works_with_default_values"/>
    <testcase time="0.588" classname="table_02" name="Table_02_generation_works_with_default_values"/>
    <testcase time="0.274" classname="table_02" name="Table_02_generation_works_with_default_values">
      <skipped message="Reason: On CRAN ('test-table_02.R:16:3')"/>
    </testcase>
    <testcase time="0.0890000000000004" classname="table_02" name="Table_02_generation_works_with_custom_values"/>
    <testcase time="0.459" classname="table_02" name="Table_02_generation_works_with_custom_values"/>
    <testcase time="0.281000000000001" classname="table_02" name="Table_02_generation_works_with_custom_values">
      <skipped message="Reason: On CRAN ('test-table_02.R:45:3')"/>
    </testcase>
    <testcase time="0.0659999999999998" classname="table_02" name="Table_02_generation_works_with_some_NA_values"/>
    <testcase time="0.12" classname="table_02" name="Table_02_generation_works_with_some_NA_values"/>
    <testcase time="0.0569999999999995" classname="table_02" name="Table_02_generation_works_with_some_NA_values">
      <skipped message="Reason: On CRAN ('test-table_02.R:57:3')"/>
    </testcase>
    <testcase time="0.0200000000000005" classname="table_02" name="Table_02_generation_tplyr_works_with_default_values"/>
    <testcase time="2.114" classname="table_02" name="Table_02_generation_tplyr_works_with_default_values"/>
    <testcase time="0.0389999999999997" classname="table_02" name="Table_02_generation_tplyr_works_with_default_values">
      <skipped message="Reason: On CRAN ('test-table_02.R:66:3')"/>
    </testcase>
    <testcase time="0.0190000000000001" classname="table_02" name="Table_02_generation_tplyr_works_with_tplyr_raw_TRUE"/>
    <testcase time="1.321" classname="table_02" name="Table_02_generation_tplyr_works_with_tplyr_raw_TRUE"/>
    <testcase time="0.0330000000000013" classname="table_02" name="Table_02_generation_tplyr_works_with_tplyr_raw_TRUE">
      <skipped message="Reason: On CRAN ('test-table_02.R:75:3')"/>
    </testcase>
    <testcase time="0.0499999999999989" classname="table_02" name="Table_02_generation_tplyr_works_with_custom_values"/>
    <testcase time="2.047" classname="table_02" name="Table_02_generation_tplyr_works_with_custom_values"/>
    <testcase time="0.0259999999999998" classname="table_02" name="Table_02_generation_tplyr_works_with_custom_values">
      <skipped message="Reason: On CRAN ('test-table_02.R:102:3')"/>
    </testcase>
    <testcase time="0.0419999999999998" classname="table_02" name="Table_02_generation_tplyr_works_with_some_NA_values"/>
    <testcase time="0.823" classname="table_02" name="Table_02_generation_tplyr_works_with_some_NA_values"/>
    <testcase time="0.0250000000000004" classname="table_02" name="Table_02_generation_tplyr_works_with_some_NA_values">
      <skipped message="Reason: On CRAN ('test-table_02.R:119:3')"/>
    </testcase>
    <testcase time="0.0179999999999989" classname="table_02" name="Table_02_generation_gt_works_with_default_values"/>
    <testcase time="3.335" classname="table_02" name="Table_02_generation_gt_works_with_default_values"/>
    <testcase time="0.00699999999999967" classname="table_02" name="Table_02_generation_gt_works_with_default_values">
      <skipped message="Reason: On CRAN ('test-table_02.R:128:3')"/>
    </testcase>
    <testcase time="0.0519999999999996" classname="table_02" name="Table_02_generation_gt_works_with_custom_values"/>
    <testcase time="3.764" classname="table_02" name="Table_02_generation_gt_works_with_custom_values"/>
    <testcase time="0.00700000000000145" classname="table_02" name="Table_02_generation_gt_works_with_custom_values">
      <skipped message="Reason: On CRAN ('test-table_02.R:146:3')"/>
    </testcase>
    <testcase time="0.041999999999998" classname="table_02" name="Table_02_generation_gt_works_with_some_NA_values"/>
    <testcase time="1.062" classname="table_02" name="Table_02_generation_gt_works_with_some_NA_values"/>
    <testcase time="0.00700000000000145" classname="table_02" name="Table_02_generation_gt_works_with_some_NA_values">
      <skipped message="Reason: On CRAN ('test-table_02.R:163:3')"/>
    </testcase>
  </testsuite>
  <testsuite name="table_04" timestamp="2023-09-20T22:28:31Z" hostname="2d63a8998240" tests="12" skipped="2" failures="0" errors="0" time="1.13">
    <testcase time="0.0410000000000004" classname="table_04" name="Table_04_generation_works_with_default_values"/>
    <testcase time="0.00199999999999889" classname="table_04" name="Table_04_generation_works_with_default_values"/>
    <testcase time="0.00100000000000122" classname="table_04" name="Table_04_generation_works_with_default_values"/>
    <testcase time="0.000999999999997669" classname="table_04" name="Table_04_generation_works_with_default_values"/>
    <testcase time="0.478999999999999" classname="table_04" name="Table_04_generation_works_with_default_values"/>
    <testcase time="0.105" classname="table_04" name="Table_04_generation_works_with_default_values">
      <skipped message="Reason: On CRAN ('test-table_04.R:18:3')"/>
    </testcase>
    <testcase time="0.0199999999999996" classname="table_04" name="Table_04_generation_works_with_custom_values"/>
    <testcase time="0.00100000000000122" classname="table_04" name="Table_04_generation_works_with_custom_values"/>
    <testcase time="0.00199999999999889" classname="table_04" name="Table_04_generation_works_with_custom_values"/>
    <testcase time="0.00100000000000122" classname="table_04" name="Table_04_generation_works_with_custom_values"/>
    <testcase time="0.393000000000001" classname="table_04" name="Table_04_generation_works_with_custom_values"/>
    <testcase time="0.0839999999999996" classname="table_04" name="Table_04_generation_works_with_custom_values">
      <skipped message="Reason: On CRAN ('test-table_04.R:44:3')"/>
    </testcase>
  </testsuite>
  <testsuite name="table_05" timestamp="2023-09-20T22:28:32Z" hostname="2d63a8998240" tests="12" skipped="4" failures="0" errors="0" time="1.717">
    <testcase time="0.218" classname="table_05" name="Table_05_generation_works_with_default_values"/>
    <testcase time="0.259" classname="table_05" name="Table_05_generation_works_with_default_values"/>
    <testcase time="0.0790000000000006" classname="table_05" name="Table_05_generation_works_with_default_values">
      <skipped message="Reason: On CRAN ('test-table_05.R:10:3')"/>
    </testcase>
    <testcase time="0.0180000000000007" classname="table_05" name="Table_05_generation_works_with_custom_values"/>
    <testcase time="0.334" classname="table_05" name="Table_05_generation_works_with_custom_values"/>
    <testcase time="0.102999999999998" classname="table_05" name="Table_05_generation_works_with_custom_values">
      <skipped message="Reason: On CRAN ('test-table_05.R:34:3')"/>
    </testcase>
    <testcase time="0.0210000000000008" classname="table_05" name="Table_05_generation_works_with_NA_values_pruned_rows"/>
    <testcase time="0.228000000000002" classname="table_05" name="Table_05_generation_works_with_NA_values_pruned_rows"/>
    <testcase time="0.0779999999999994" classname="table_05" name="Table_05_generation_works_with_NA_values_pruned_rows">
      <skipped message="Reason: On CRAN ('test-table_05.R:44:3')"/>
    </testcase>
    <testcase time="0.0180000000000007" classname="table_05" name="Table_05_generation_works_with_risk_difference_column"/>
    <testcase time="0.270999999999997" classname="table_05" name="Table_05_generation_works_with_risk_difference_column"/>
    <testcase time="0.0899999999999999" classname="table_05" name="Table_05_generation_works_with_risk_difference_column">
      <skipped message="Reason: On CRAN ('test-table_05.R:57:3')"/>
    </testcase>
  </testsuite>
  <testsuite name="table_06" timestamp="2023-09-20T22:28:34Z" hostname="2d63a8998240" tests="15" skipped="3" failures="0" errors="0" time="2.49">
    <testcase time="0.0250000000000021" classname="table_06" name="Table_06_generation_works_with_default_values"/>
    <testcase time="0.000999999999997669" classname="table_06" name="Table_06_generation_works_with_default_values"/>
    <testcase time="0.0740000000000016" classname="table_06" name="Table_06_generation_works_with_default_values"/>
    <testcase time="0.542999999999999" classname="table_06" name="Table_06_generation_works_with_default_values"/>
    <testcase time="0.0999999999999979" classname="table_06" name="Table_06_generation_works_with_default_values">
      <skipped message="Reason: On CRAN ('test-table_06.R:8:3')"/>
    </testcase>
    <testcase time="0.0190000000000019" classname="table_06" name="Table_06_generation_works_with_custom_values"/>
    <testcase time="0.00100000000000122" classname="table_06" name="Table_06_generation_works_with_custom_values"/>
    <testcase time="0.0640000000000001" classname="table_06" name="Table_06_generation_works_with_custom_values"/>
    <testcase time="0.649999999999999" classname="table_06" name="Table_06_generation_works_with_custom_values"/>
    <testcase time="0.152000000000001" classname="table_06" name="Table_06_generation_works_with_custom_values">
      <skipped message="Reason: On CRAN ('test-table_06.R:40:3')"/>
    </testcase>
    <testcase time="0.0179999999999971" classname="table_06" name="Table_06_generation_works_with_risk_difference_column"/>
    <testcase time="0.00200000000000244" classname="table_06" name="Table_06_generation_works_with_risk_difference_column"/>
    <testcase time="0.0640000000000001" classname="table_06" name="Table_06_generation_works_with_risk_difference_column"/>
    <testcase time="0.645" classname="table_06" name="Table_06_generation_works_with_risk_difference_column"/>
    <testcase time="0.131999999999998" classname="table_06" name="Table_06_generation_works_with_risk_difference_column">
      <skipped message="Reason: On CRAN ('test-table_06.R:48:3')"/>
    </testcase>
  </testsuite>
  <testsuite name="table_07" timestamp="2023-09-20T22:28:36Z" hostname="2d63a8998240" tests="24" skipped="4" failures="0" errors="0" time="2.594">
    <testcase time="0.0289999999999999" classname="table_07" name="Table_07_generation_works_with_default_values"/>
    <testcase time="0.00100000000000122" classname="table_07" name="Table_07_generation_works_with_default_values"/>
    <testcase time="0.00100000000000122" classname="table_07" name="Table_07_generation_works_with_default_values"/>
    <testcase time="0.0449999999999982" classname="table_07" name="Table_07_generation_works_with_default_values"/>
    <testcase time="0.405000000000001" classname="table_07" name="Table_07_generation_works_with_default_values"/>
    <testcase time="0.123000000000001" classname="table_07" name="Table_07_generation_works_with_default_values">
      <skipped message="Reason: On CRAN ('test-table_07.R:13:3')"/>
    </testcase>
    <testcase time="0.0199999999999996" classname="table_07" name="Table_07_generation_works_with_custom_values"/>
    <testcase time="0.00199999999999889" classname="table_07" name="Table_07_generation_works_with_custom_values"/>
    <testcase time="0.00100000000000122" classname="table_07" name="Table_07_generation_works_with_custom_values"/>
    <testcase time="0.0459999999999994" classname="table_07" name="Table_07_generation_works_with_custom_values"/>
    <testcase time="0.523" classname="table_07" name="Table_07_generation_works_with_custom_values"/>
    <testcase time="0.161999999999999" classname="table_07" name="Table_07_generation_works_with_custom_values">
      <skipped message="Reason: On CRAN ('test-table_07.R:42:3')"/>
    </testcase>
    <testcase time="0.0189999999999984" classname="table_07" name="Table_07_generation_works_with_NA_values_pruned_rows"/>
    <testcase time="0.00100000000000122" classname="table_07" name="Table_07_generation_works_with_NA_values_pruned_rows"/>
    <testcase time="0.00100000000000122" classname="table_07" name="Table_07_generation_works_with_NA_values_pruned_rows"/>
    <testcase time="0.0459999999999994" classname="table_07" name="Table_07_generation_works_with_NA_values_pruned_rows"/>
    <testcase time="0.363" classname="table_07" name="Table_07_generation_works_with_NA_values_pruned_rows"/>
    <testcase time="0.143000000000001" classname="table_07" name="Table_07_generation_works_with_NA_values_pruned_rows">
      <skipped message="Reason: On CRAN ('test-table_07.R:52:3')"/>
    </testcase>
    <testcase time="0.0189999999999984" classname="table_07" name="Table_07_generation_works_with_risk_difference_column"/>
    <testcase time="0.00100000000000122" classname="table_07" name="Table_07_generation_works_with_risk_difference_column"/>
    <testcase time="0.00199999999999889" classname="table_07" name="Table_07_generation_works_with_risk_difference_column"/>
    <testcase time="0.0450000000000017" classname="table_07" name="Table_07_generation_works_with_risk_difference_column"/>
    <testcase time="0.451999999999998" classname="table_07" name="Table_07_generation_works_with_risk_difference_column"/>
    <testcase time="0.143999999999998" classname="table_07" name="Table_07_generation_works_with_risk_difference_column">
      <skipped message="Reason: On CRAN ('test-table_07.R:65:3')"/>
    </testcase>
  </testsuite>
  <testsuite name="table_08" timestamp="2023-09-20T22:28:39Z" hostname="2d63a8998240" tests="8" skipped="2" failures="0" errors="0" time="0.455">
    <testcase time="0.0250000000000021" classname="table_08" name="Table_08_generation_works_with_default_values"/>
    <testcase time="0.00100000000000122" classname="table_08" name="Table_08_generation_works_with_default_values"/>
    <testcase time="0.0579999999999998" classname="table_08" name="Table_08_generation_works_with_default_values"/>
    <testcase time="0.123999999999999" classname="table_08" name="Table_08_generation_works_with_default_values">
      <skipped message="Reason: On CRAN ('test-table_08.R:10:3')"/>
    </testcase>
    <testcase time="0.0189999999999984" classname="table_08" name="Table_08_generation_works_with_custom_values"/>
    <testcase time="0.00100000000000122" classname="table_08" name="Table_08_generation_works_with_custom_values"/>
    <testcase time="0.0470000000000006" classname="table_08" name="Table_08_generation_works_with_custom_values"/>
    <testcase time="0.18" classname="table_08" name="Table_08_generation_works_with_custom_values">
      <skipped message="Reason: On CRAN ('test-table_08.R:31:3')"/>
    </testcase>
  </testsuite>
  <testsuite name="table_09" timestamp="2023-09-20T22:28:40Z" hostname="2d63a8998240" tests="12" skipped="3" failures="0" errors="0" time="1.665">
    <testcase time="0.0249999999999986" classname="table_09" name="Table_09_generation_works_with_default_values"/>
    <testcase time="0.0570000000000022" classname="table_09" name="Table_09_generation_works_with_default_values"/>
    <testcase time="0.335999999999999" classname="table_09" name="Table_09_generation_works_with_default_values"/>
    <testcase time="0.0710000000000015" classname="table_09" name="Table_09_generation_works_with_default_values">
      <skipped message="Reason: On CRAN ('test-table_09.R:8:3')"/>
    </testcase>
    <testcase time="0.0189999999999984" classname="table_09" name="Table_09_generation_works_with_custom_values"/>
    <testcase time="0.0549999999999997" classname="table_09" name="Table_09_generation_works_with_custom_values"/>
    <testcase time="0.415000000000003" classname="table_09" name="Table_09_generation_works_with_custom_values"/>
    <testcase time="0.0889999999999986" classname="table_09" name="Table_09_generation_works_with_custom_values">
      <skipped message="Reason: On CRAN ('test-table_09.R:39:3')"/>
    </testcase>
    <testcase time="0.0180000000000007" classname="table_09" name="Table_09_generation_works_with_risk_difference_column"/>
    <testcase time="0.0470000000000006" classname="table_09" name="Table_09_generation_works_with_risk_difference_column"/>
    <testcase time="0.454999999999998" classname="table_09" name="Table_09_generation_works_with_risk_difference_column"/>
    <testcase time="0.0779999999999994" classname="table_09" name="Table_09_generation_works_with_risk_difference_column">
      <skipped message="Reason: On CRAN ('test-table_09.R:47:3')"/>
    </testcase>
  </testsuite>
  <testsuite name="table_10" timestamp="2023-09-20T22:28:41Z" hostname="2d63a8998240" tests="15" skipped="3" failures="0" errors="0" time="2.104">
    <testcase time="0.0310000000000024" classname="table_10" name="Table_10_generation_works_with_default_values"/>
    <testcase time="0.000999999999997669" classname="table_10" name="Table_10_generation_works_with_default_values"/>
    <testcase time="0.0489999999999995" classname="table_10" name="Table_10_generation_works_with_default_values"/>
    <testcase time="0.427" classname="table_10" name="Table_10_generation_works_with_default_values"/>
    <testcase time="0.380000000000003" classname="table_10" name="Table_10_generation_works_with_default_values">
      <skipped message="Reason: On CRAN ('test-table_10.R:17:3')"/>
    </testcase>
    <testcase time="0.0189999999999984" classname="table_10" name="Table_10_generation_works_with_custom_values"/>
    <testcase time="0.00100000000000122" classname="table_10" name="Table_10_generation_works_with_custom_values"/>
    <testcase time="0.041999999999998" classname="table_10" name="Table_10_generation_works_with_custom_values"/>
    <testcase time="0.379000000000001" classname="table_10" name="Table_10_generation_works_with_custom_values"/>
    <testcase time="0.0670000000000002" classname="table_10" name="Table_10_generation_works_with_custom_values">
      <skipped message="Reason: On CRAN ('test-table_10.R:52:3')"/>
    </testcase>
    <testcase time="0.0180000000000007" classname="table_10" name="Table_10_generation_works_with_risk_difference_column"/>
    <testcase time="0.000999999999997669" classname="table_10" name="Table_10_generation_works_with_risk_difference_column"/>
    <testcase time="0.0470000000000006" classname="table_10" name="Table_10_generation_works_with_risk_difference_column"/>
    <testcase time="0.497000000000003" classname="table_10" name="Table_10_generation_works_with_risk_difference_column"/>
    <testcase time="0.144999999999996" classname="table_10" name="Table_10_generation_works_with_risk_difference_column">
      <skipped message="Reason: On CRAN ('test-table_10.R:60:3')"/>
    </testcase>
  </testsuite>
  <testsuite name="table_11" timestamp="2023-09-20T22:28:43Z" hostname="2d63a8998240" tests="12" skipped="3" failures="0" errors="0" time="2.73">
    <testcase time="0.0300000000000011" classname="table_11" name="Table_11_generation_works_with_default_values"/>
    <testcase time="0.0570000000000022" classname="table_11" name="Table_11_generation_works_with_default_values"/>
    <testcase time="0.656999999999996" classname="table_11" name="Table_11_generation_works_with_default_values"/>
    <testcase time="0.140000000000001" classname="table_11" name="Table_11_generation_works_with_default_values">
      <skipped message="Reason: On CRAN ('test-table_11.R:18:3')"/>
    </testcase>
    <testcase time="0.0180000000000007" classname="table_11" name="Table_11_generation_works_with_custom_values"/>
    <testcase time="0.0549999999999997" classname="table_11" name="Table_11_generation_works_with_custom_values"/>
    <testcase time="0.608000000000004" classname="table_11" name="Table_11_generation_works_with_custom_values"/>
    <testcase time="0.0759999999999934" classname="table_11" name="Table_11_generation_works_with_custom_values">
      <skipped message="Reason: On CRAN ('test-table_11.R:48:3')"/>
    </testcase>
    <testcase time="0.0180000000000007" classname="table_11" name="Table_11_generation_works_with_risk_difference_column"/>
    <testcase time="0.0570000000000022" classname="table_11" name="Table_11_generation_works_with_risk_difference_column"/>
    <testcase time="0.846000000000004" classname="table_11" name="Table_11_generation_works_with_risk_difference_column"/>
    <testcase time="0.167999999999999" classname="table_11" name="Table_11_generation_works_with_risk_difference_column">
      <skipped message="Reason: On CRAN ('test-table_11.R:56:3')"/>
    </testcase>
  </testsuite>
  <testsuite name="table_12" timestamp="2023-09-20T22:28:46Z" hostname="2d63a8998240" tests="12" skipped="3" failures="0" errors="0" time="3.528">
    <testcase time="0.0240000000000009" classname="table_12" name="Table_12_generation_works_with_default_values"/>
    <testcase time="0.0569999999999951" classname="table_12" name="Table_12_generation_works_with_default_values"/>
    <testcase time="0.892000000000003" classname="table_12" name="Table_12_generation_works_with_default_values"/>
    <testcase time="0.115000000000002" classname="table_12" name="Table_12_generation_works_with_default_values">
      <skipped message="Reason: On CRAN ('test-table_12.R:9:3')"/>
    </testcase>
    <testcase time="0.019999999999996" classname="table_12" name="Table_12_generation_works_with_custom_values"/>
    <testcase time="0.0679999999999978" classname="table_12" name="Table_12_generation_works_with_custom_values"/>
    <testcase time="0.887" classname="table_12" name="Table_12_generation_works_with_custom_values"/>
    <testcase time="0.125" classname="table_12" name="Table_12_generation_works_with_custom_values">
      <skipped message="Reason: On CRAN ('test-table_12.R:39:3')"/>
    </testcase>
    <testcase time="0.0180000000000007" classname="table_12" name="Table_12_generation_works_with_risk_difference_column"/>
    <testcase time="0.0590000000000046" classname="table_12" name="Table_12_generation_works_with_risk_difference_column"/>
    <testcase time="1.11199999999999" classname="table_12" name="Table_12_generation_works_with_risk_difference_column"/>
    <testcase time="0.151000000000003" classname="table_12" name="Table_12_generation_works_with_risk_difference_column">
      <skipped message="Reason: On CRAN ('test-table_12.R:47:3')"/>
    </testcase>
  </testsuite>
  <testsuite name="table_13" timestamp="2023-09-20T22:28:50Z" hostname="2d63a8998240" tests="12" skipped="3" failures="0" errors="0" time="0.912">
    <testcase time="0.0240000000000009" classname="table_13" name="Table_13_generation_works_with_default_values"/>
    <testcase time="0.0559999999999974" classname="table_13" name="Table_13_generation_works_with_default_values"/>
    <testcase time="0.136000000000003" classname="table_13" name="Table_13_generation_works_with_default_values"/>
    <testcase time="0.080999999999996" classname="table_13" name="Table_13_generation_works_with_default_values">
      <skipped message="Reason: On CRAN ('test-table_13.R:8:3')"/>
    </testcase>
    <testcase time="0.0180000000000007" classname="table_13" name="Table_13_generation_works_with_custom_values"/>
    <testcase time="0.0560000000000045" classname="table_13" name="Table_13_generation_works_with_custom_values"/>
    <testcase time="0.167999999999999" classname="table_13" name="Table_13_generation_works_with_custom_values"/>
    <testcase time="0.0519999999999996" classname="table_13" name="Table_13_generation_works_with_custom_values">
      <skipped message="Reason: On CRAN ('test-table_13.R:38:3')"/>
    </testcase>
    <testcase time="0.0189999999999984" classname="table_13" name="Table_13_generation_works_with_risk_difference_column"/>
    <testcase time="0.0559999999999974" classname="table_13" name="Table_13_generation_works_with_risk_difference_column"/>
    <testcase time="0.167000000000002" classname="table_13" name="Table_13_generation_works_with_risk_difference_column"/>
    <testcase time="0.0790000000000006" classname="table_13" name="Table_13_generation_works_with_risk_difference_column">
      <skipped message="Reason: On CRAN ('test-table_13.R:46:3')"/>
    </testcase>
  </testsuite>
  <testsuite name="table_14" timestamp="2023-09-20T22:28:50Z" hostname="2d63a8998240" tests="13" skipped="4" failures="0" errors="0" time="3.612">
    <testcase time="0.0339999999999989" classname="table_14" name="Table_14_generation_works_with_default_values"/>
    <testcase time="0.651000000000003" classname="table_14" name="Table_14_generation_works_with_default_values"/>
    <testcase time="0.162999999999997" classname="table_14" name="Table_14_generation_works_with_default_values">
      <skipped message="Reason: On CRAN ('test-table_14.R:16:3')"/>
    </testcase>
    <testcase time="0.0189999999999984" classname="table_14" name="Table_14_generation_works_with_custom_values"/>
    <testcase time="0.0560000000000045" classname="table_14" name="Table_14_generation_works_with_custom_values"/>
    <testcase time="0.696999999999996" classname="table_14" name="Table_14_generation_works_with_custom_values"/>
    <testcase time="0.149000000000001" classname="table_14" name="Table_14_generation_works_with_custom_values">
      <skipped message="Reason: On CRAN ('test-table_14.R:46:3')"/>
    </testcase>
    <testcase time="0.0189999999999984" classname="table_14" name="Table_14_generation_works_with_NA_values_pruned_rows"/>
    <testcase time="0.658000000000001" classname="table_14" name="Table_14_generation_works_with_NA_values_pruned_rows"/>
    <testcase time="0.133000000000003" classname="table_14" name="Table_14_generation_works_with_NA_values_pruned_rows">
      <skipped message="Reason: On CRAN ('test-table_14.R:53:3')"/>
    </testcase>
    <testcase time="0.0180000000000007" classname="table_14" name="Table_14_generation_works_with_risk_difference_column"/>
    <testcase time="0.823999999999998" classname="table_14" name="Table_14_generation_works_with_risk_difference_column"/>
    <testcase time="0.191000000000003" classname="table_14" name="Table_14_generation_works_with_risk_difference_column">
      <skipped message="Reason: On CRAN ('test-table_14.R:61:3')"/>
    </testcase>
  </testsuite>
  <testsuite name="table_20" timestamp="2023-09-20T22:28:54Z" hostname="2d63a8998240" tests="24" skipped="4" failures="0" errors="0" time="3.051">
    <testcase time="0.0279999999999987" classname="table_20" name="Table_20_generation_works_with_default_values"/>
    <testcase time="0.00200000000000244" classname="table_20" name="Table_20_generation_works_with_default_values"/>
    <testcase time="0.000999999999997669" classname="table_20" name="Table_20_generation_works_with_default_values"/>
    <testcase time="0.0499999999999972" classname="table_20" name="Table_20_generation_works_with_default_values"/>
    <testcase time="0.472999999999999" classname="table_20" name="Table_20_generation_works_with_default_values"/>
    <testcase time="0.108000000000004" classname="table_20" name="Table_20_generation_works_with_default_values">
      <skipped message="Reason: On CRAN ('test-table_20.R:17:3')"/>
    </testcase>
    <testcase time="0.0180000000000007" classname="table_20" name="Table_20_generation_works_with_custom_values"/>
    <testcase time="0.00199999999999534" classname="table_20" name="Table_20_generation_works_with_custom_values"/>
    <testcase time="0.00100000000000477" classname="table_20" name="Table_20_generation_works_with_custom_values"/>
    <testcase time="0.0499999999999972" classname="table_20" name="Table_20_generation_works_with_custom_values"/>
    <testcase time="0.698" classname="table_20" name="Table_20_generation_works_with_custom_values"/>
    <testcase time="0.119999999999997" classname="table_20" name="Table_20_generation_works_with_custom_values">
      <skipped message="Reason: On CRAN ('test-table_20.R:65:3')"/>
    </testcase>
    <testcase time="0.0260000000000034" classname="table_20" name="Table_20_generation_works_with_missing_values_pruned_rows"/>
    <testcase time="0.00200000000000244" classname="table_20" name="Table_20_generation_works_with_missing_values_pruned_rows"/>
    <testcase time="0.000999999999997669" classname="table_20" name="Table_20_generation_works_with_missing_values_pruned_rows"/>
    <testcase time="0.0559999999999974" classname="table_20" name="Table_20_generation_works_with_missing_values_pruned_rows"/>
    <testcase time="0.479999999999997" classname="table_20" name="Table_20_generation_works_with_missing_values_pruned_rows"/>
    <testcase time="0.0889999999999986" classname="table_20" name="Table_20_generation_works_with_missing_values_pruned_rows">
      <skipped message="Reason: On CRAN ('test-table_20.R:74:3')"/>
    </testcase>
    <testcase time="0.0190000000000055" classname="table_20" name="Table_20_generation_works_with_risk_difference_column"/>
    <testcase time="0.00199999999999534" classname="table_20" name="Table_20_generation_works_with_risk_difference_column"/>
    <testcase time="0.00100000000000477" classname="table_20" name="Table_20_generation_works_with_risk_difference_column"/>
    <testcase time="0.0509999999999948" classname="table_20" name="Table_20_generation_works_with_risk_difference_column"/>
    <testcase time="0.634" classname="table_20" name="Table_20_generation_works_with_risk_difference_column"/>
    <testcase time="0.139000000000003" classname="table_20" name="Table_20_generation_works_with_risk_difference_column">
      <skipped message="Reason: On CRAN ('test-table_20.R:82:3')"/>
    </testcase>
  </testsuite>
  <testsuite name="table_32" timestamp="2023-09-20T22:28:57Z" hostname="2d63a8998240" tests="16" skipped="4" failures="0" errors="0" time="1.203">
    <testcase time="0.0259999999999962" classname="table_32" name="Table_32_generation_works_with_default_values"/>
    <testcase time="0.0609999999999999" classname="table_32" name="Table_32_generation_works_with_default_values"/>
    <testcase time="0.136000000000003" classname="table_32" name="Table_32_generation_works_with_default_values"/>
    <testcase time="0.0630000000000024" classname="table_32" name="Table_32_generation_works_with_default_values">
      <skipped message="Reason: On CRAN ('test-table_32.R:8:3')"/>
    </testcase>
    <testcase time="0.0219999999999985" classname="table_32" name="Table_32_generation_works_with_custom_values"/>
    <testcase time="0.0609999999999999" classname="table_32" name="Table_32_generation_works_with_custom_values"/>
    <testcase time="0.164000000000001" classname="table_32" name="Table_32_generation_works_with_custom_values"/>
    <testcase time="0.0769999999999982" classname="table_32" name="Table_32_generation_works_with_custom_values">
      <skipped message="Reason: On CRAN ('test-table_32.R:30:3')"/>
    </testcase>
    <testcase time="0.0189999999999984" classname="table_32" name="Table_32_generation_works_with_pruned_rows"/>
    <testcase time="0.0589999999999975" classname="table_32" name="Table_32_generation_works_with_pruned_rows"/>
    <testcase time="0.137" classname="table_32" name="Table_32_generation_works_with_pruned_rows"/>
    <testcase time="0.054000000000002" classname="table_32" name="Table_32_generation_works_with_pruned_rows">
      <skipped message="Reason: On CRAN ('test-table_32.R:37:3')"/>
    </testcase>
    <testcase time="0.0189999999999984" classname="table_32" name="Table_32_generation_works_with_risk_difference_column"/>
    <testcase time="0.0600000000000023" classname="table_32" name="Table_32_generation_works_with_risk_difference_column"/>
    <testcase time="0.183999999999997" classname="table_32" name="Table_32_generation_works_with_risk_difference_column"/>
    <testcase time="0.0609999999999999" classname="table_32" name="Table_32_generation_works_with_risk_difference_column">
      <skipped message="Reason: On CRAN ('test-table_32.R:45:3')"/>
    </testcase>
  </testsuite>
  <testsuite name="table_33" timestamp="2023-09-20T22:28:58Z" hostname="2d63a8998240" tests="16" skipped="4" failures="0" errors="0" time="1.998">
    <testcase time="0.0240000000000009" classname="table_33" name="Table_33_generation_works_with_default_values"/>
    <testcase time="0.303000000000004" classname="table_33" name="Table_33_generation_works_with_default_values"/>
    <testcase time="0.122999999999998" classname="table_33" name="Table_33_generation_works_with_default_values"/>
    <testcase time="0.0649999999999977" classname="table_33" name="Table_33_generation_works_with_default_values">
      <skipped message="Reason: On CRAN ('test-table_33.R:8:3')"/>
    </testcase>
    <testcase time="0.0190000000000055" classname="table_33" name="Table_33_generation_works_with_custom_values"/>
    <testcase time="0.288999999999994" classname="table_33" name="Table_33_generation_works_with_custom_values"/>
    <testcase time="0.137" classname="table_33" name="Table_33_generation_works_with_custom_values"/>
    <testcase time="0.0650000000000048" classname="table_33" name="Table_33_generation_works_with_custom_values">
      <skipped message="Reason: On CRAN ('test-table_33.R:34:3')"/>
    </testcase>
    <testcase time="0.0209999999999937" classname="table_33" name="Table_33_generation_works_with_pruned_rows"/>
    <testcase time="0.292000000000002" classname="table_33" name="Table_33_generation_works_with_pruned_rows"/>
    <testcase time="0.111000000000004" classname="table_33" name="Table_33_generation_works_with_pruned_rows"/>
    <testcase time="0.0419999999999945" classname="table_33" name="Table_33_generation_works_with_pruned_rows">
      <skipped message="Reason: On CRAN ('test-table_33.R:42:3')"/>
    </testcase>
    <testcase time="0.0250000000000057" classname="table_33" name="Table_33_generation_works_with_risk_difference_column"/>
    <testcase time="0.288999999999994" classname="table_33" name="Table_33_generation_works_with_risk_difference_column"/>
    <testcase time="0.138000000000005" classname="table_33" name="Table_33_generation_works_with_risk_difference_column"/>
    <testcase time="0.0549999999999997" classname="table_33" name="Table_33_generation_works_with_risk_difference_column">
      <skipped message="Reason: On CRAN ('test-table_33.R:50:3')"/>
    </testcase>
  </testsuite>
  <testsuite name="table_34" timestamp="2023-09-20T22:29:00Z" hostname="2d63a8998240" tests="12" skipped="3" failures="0" errors="0" time="6.999">
    <testcase time="0.0339999999999989" classname="table_34" name="Table_34_generation_works_with_default_values"/>
    <testcase time="0.0480000000000018" classname="table_34" name="Table_34_generation_works_with_default_values"/>
    <testcase time="1.927" classname="table_34" name="Table_34_generation_works_with_default_values"/>
    <testcase time="0.247" classname="table_34" name="Table_34_generation_works_with_default_values">
      <skipped message="Reason: On CRAN ('test-table_34.R:17:3')"/>
    </testcase>
    <testcase time="0.0189999999999984" classname="table_34" name="Table_34_generation_works_with_custom_values"/>
    <testcase time="0.0510000000000019" classname="table_34" name="Table_34_generation_works_with_custom_values"/>
    <testcase time="1.912" classname="table_34" name="Table_34_generation_works_with_custom_values"/>
    <testcase time="0.103000000000002" classname="table_34" name="Table_34_generation_works_with_custom_values">
      <skipped message="Reason: On CRAN ('test-table_34.R:49:3')"/>
    </testcase>
    <testcase time="0.0180000000000007" classname="table_34" name="Table_34_generation_works_with_risk_difference_column"/>
    <testcase time="0.0479999999999947" classname="table_34" name="Table_34_generation_works_with_risk_difference_column"/>
    <testcase time="2.333" classname="table_34" name="Table_34_generation_works_with_risk_difference_column"/>
    <testcase time="0.259" classname="table_34" name="Table_34_generation_works_with_risk_difference_column">
      <skipped message="Reason: On CRAN ('test-table_34.R:57:3')"/>
    </testcase>
  </testsuite>
</testsuites>
