<?xml version="1.0" encoding="UTF-8"?>
<testsuites>
  <testsuite name="table_02" timestamp="2023-09-28T20:25:10Z" hostname="b4022ee8ff30" tests="30" skipped="10" failures="0" errors="0" time="14.912">
    <testcase time="0.0819999999999999" classname="table_02" name="Table_02_generation_works_with_default_values"/>
    <testcase time="0.479" classname="table_02" name="Table_02_generation_works_with_default_values"/>
    <testcase time="0.228" classname="table_02" name="Table_02_generation_works_with_default_values">
      <skipped message="Reason: On CRAN ('test-table_02.R:16:3')"/>
    </testcase>
    <testcase time="0.0760000000000001" classname="table_02" name="Table_02_generation_works_with_custom_values"/>
    <testcase time="0.381" classname="table_02" name="Table_02_generation_works_with_custom_values"/>
    <testcase time="0.226" classname="table_02" name="Table_02_generation_works_with_custom_values">
      <skipped message="Reason: On CRAN ('test-table_02.R:45:3')"/>
    </testcase>
    <testcase time="0.0570000000000004" classname="table_02" name="Table_02_generation_works_with_some_NA_values"/>
    <testcase time="0.101999999999999" classname="table_02" name="Table_02_generation_works_with_some_NA_values"/>
    <testcase time="0.048" classname="table_02" name="Table_02_generation_works_with_some_NA_values">
      <skipped message="Reason: On CRAN ('test-table_02.R:57:3')"/>
    </testcase>
    <testcase time="0.0170000000000003" classname="table_02" name="Table_02_generation_tplyr_works_with_default_values"/>
    <testcase time="1.871" classname="table_02" name="Table_02_generation_tplyr_works_with_default_values"/>
    <testcase time="0.0340000000000007" classname="table_02" name="Table_02_generation_tplyr_works_with_default_values">
      <skipped message="Reason: On CRAN ('test-table_02.R:66:3')"/>
    </testcase>
    <testcase time="0.0169999999999995" classname="table_02" name="Table_02_generation_tplyr_works_with_tplyr_raw_TRUE"/>
    <testcase time="1.182" classname="table_02" name="Table_02_generation_tplyr_works_with_tplyr_raw_TRUE"/>
    <testcase time="0.0300000000000002" classname="table_02" name="Table_02_generation_tplyr_works_with_tplyr_raw_TRUE">
      <skipped message="Reason: On CRAN ('test-table_02.R:75:3')"/>
    </testcase>
    <testcase time="0.0459999999999994" classname="table_02" name="Table_02_generation_tplyr_works_with_custom_values"/>
    <testcase time="1.825" classname="table_02" name="Table_02_generation_tplyr_works_with_custom_values"/>
    <testcase time="0.0239999999999991" classname="table_02" name="Table_02_generation_tplyr_works_with_custom_values">
      <skipped message="Reason: On CRAN ('test-table_02.R:102:3')"/>
    </testcase>
    <testcase time="0.0370000000000008" classname="table_02" name="Table_02_generation_tplyr_works_with_some_NA_values"/>
    <testcase time="0.744999999999999" classname="table_02" name="Table_02_generation_tplyr_works_with_some_NA_values"/>
    <testcase time="0.0220000000000002" classname="table_02" name="Table_02_generation_tplyr_works_with_some_NA_values">
      <skipped message="Reason: On CRAN ('test-table_02.R:119:3')"/>
    </testcase>
    <testcase time="0.0169999999999995" classname="table_02" name="Table_02_generation_gt_works_with_default_values"/>
    <testcase time="3.003" classname="table_02" name="Table_02_generation_gt_works_with_default_values"/>
    <testcase time="0.00600000000000023" classname="table_02" name="Table_02_generation_gt_works_with_default_values">
      <skipped message="Reason: On CRAN ('test-table_02.R:128:3')"/>
    </testcase>
    <testcase time="0.0470000000000006" classname="table_02" name="Table_02_generation_gt_works_with_custom_values"/>
    <testcase time="3.333" classname="table_02" name="Table_02_generation_gt_works_with_custom_values"/>
    <testcase time="0.00600000000000023" classname="table_02" name="Table_02_generation_gt_works_with_custom_values">
      <skipped message="Reason: On CRAN ('test-table_02.R:146:3')"/>
    </testcase>
    <testcase time="0.0370000000000026" classname="table_02" name="Table_02_generation_gt_works_with_some_NA_values"/>
    <testcase time="0.927999999999997" classname="table_02" name="Table_02_generation_gt_works_with_some_NA_values"/>
    <testcase time="0.00600000000000023" classname="table_02" name="Table_02_generation_gt_works_with_some_NA_values">
      <skipped message="Reason: On CRAN ('test-table_02.R:163:3')"/>
    </testcase>
  </testsuite>
  <testsuite name="table_04" timestamp="2023-09-28T20:25:25Z" hostname="b4022ee8ff30" tests="12" skipped="2" failures="0" errors="0" time="0.974">
    <testcase time="0.0360000000000014" classname="table_04" name="Table_04_generation_works_with_default_values"/>
    <testcase time="0.00100000000000122" classname="table_04" name="Table_04_generation_works_with_default_values"/>
    <testcase time="0.000999999999997669" classname="table_04" name="Table_04_generation_works_with_default_values"/>
    <testcase time="0.00100000000000122" classname="table_04" name="Table_04_generation_works_with_default_values"/>
    <testcase time="0.408999999999999" classname="table_04" name="Table_04_generation_works_with_default_values"/>
    <testcase time="0.0909999999999975" classname="table_04" name="Table_04_generation_works_with_default_values">
      <skipped message="Reason: On CRAN ('test-table_04.R:18:3')"/>
    </testcase>
    <testcase time="0.0160000000000018" classname="table_04" name="Table_04_generation_works_with_custom_values"/>
    <testcase time="0.00100000000000122" classname="table_04" name="Table_04_generation_works_with_custom_values"/>
    <testcase time="0.00199999999999889" classname="table_04" name="Table_04_generation_works_with_custom_values"/>
    <testcase time="0.00100000000000122" classname="table_04" name="Table_04_generation_works_with_custom_values"/>
    <testcase time="0.340999999999998" classname="table_04" name="Table_04_generation_works_with_custom_values"/>
    <testcase time="0.0740000000000016" classname="table_04" name="Table_04_generation_works_with_custom_values">
      <skipped message="Reason: On CRAN ('test-table_04.R:44:3')"/>
    </testcase>
  </testsuite>
  <testsuite name="table_05" timestamp="2023-09-28T20:25:26Z" hostname="b4022ee8ff30" tests="12" skipped="4" failures="0" errors="0" time="1.489">
    <testcase time="0.192" classname="table_05" name="Table_05_generation_works_with_default_values"/>
    <testcase time="0.225999999999999" classname="table_05" name="Table_05_generation_works_with_default_values"/>
    <testcase time="0.0670000000000002" classname="table_05" name="Table_05_generation_works_with_default_values">
      <skipped message="Reason: On CRAN ('test-table_05.R:10:3')"/>
    </testcase>
    <testcase time="0.0159999999999982" classname="table_05" name="Table_05_generation_works_with_custom_values"/>
    <testcase time="0.288" classname="table_05" name="Table_05_generation_works_with_custom_values"/>
    <testcase time="0.088000000000001" classname="table_05" name="Table_05_generation_works_with_custom_values">
      <skipped message="Reason: On CRAN ('test-table_05.R:34:3')"/>
    </testcase>
    <testcase time="0.0169999999999995" classname="table_05" name="Table_05_generation_works_with_NA_values_pruned_rows"/>
    <testcase time="0.195" classname="table_05" name="Table_05_generation_works_with_NA_values_pruned_rows"/>
    <testcase time="0.0670000000000002" classname="table_05" name="Table_05_generation_works_with_NA_values_pruned_rows">
      <skipped message="Reason: On CRAN ('test-table_05.R:44:3')"/>
    </testcase>
    <testcase time="0.0159999999999982" classname="table_05" name="Table_05_generation_works_with_risk_difference_column"/>
    <testcase time="0.238" classname="table_05" name="Table_05_generation_works_with_risk_difference_column"/>
    <testcase time="0.0790000000000006" classname="table_05" name="Table_05_generation_works_with_risk_difference_column">
      <skipped message="Reason: On CRAN ('test-table_05.R:57:3')"/>
    </testcase>
  </testsuite>
  <testsuite name="table_06" timestamp="2023-09-28T20:25:27Z" hostname="b4022ee8ff30" tests="15" skipped="3" failures="0" errors="0" time="2.143">
    <testcase time="0.022000000000002" classname="table_06" name="Table_06_generation_works_with_default_values"/>
    <testcase time="0.000999999999997669" classname="table_06" name="Table_06_generation_works_with_default_values"/>
    <testcase time="0.0650000000000013" classname="table_06" name="Table_06_generation_works_with_default_values"/>
    <testcase time="0.443999999999999" classname="table_06" name="Table_06_generation_works_with_default_values"/>
    <testcase time="0.0890000000000022" classname="table_06" name="Table_06_generation_works_with_default_values">
      <skipped message="Reason: On CRAN ('test-table_06.R:8:3')"/>
    </testcase>
    <testcase time="0.0169999999999995" classname="table_06" name="Table_06_generation_works_with_custom_values"/>
    <testcase time="0.00199999999999889" classname="table_06" name="Table_06_generation_works_with_custom_values"/>
    <testcase time="0.0549999999999997" classname="table_06" name="Table_06_generation_works_with_custom_values"/>
    <testcase time="0.574999999999999" classname="table_06" name="Table_06_generation_works_with_custom_values"/>
    <testcase time="0.123000000000001" classname="table_06" name="Table_06_generation_works_with_custom_values">
      <skipped message="Reason: On CRAN ('test-table_06.R:40:3')"/>
    </testcase>
    <testcase time="0.0169999999999995" classname="table_06" name="Table_06_generation_works_with_risk_difference_column"/>
    <testcase time="0.00100000000000122" classname="table_06" name="Table_06_generation_works_with_risk_difference_column"/>
    <testcase time="0.0549999999999997" classname="table_06" name="Table_06_generation_works_with_risk_difference_column"/>
    <testcase time="0.562999999999999" classname="table_06" name="Table_06_generation_works_with_risk_difference_column"/>
    <testcase time="0.114000000000001" classname="table_06" name="Table_06_generation_works_with_risk_difference_column">
      <skipped message="Reason: On CRAN ('test-table_06.R:48:3')"/>
    </testcase>
  </testsuite>
  <testsuite name="table_07" timestamp="2023-09-28T20:25:29Z" hostname="b4022ee8ff30" tests="24" skipped="4" failures="0" errors="0" time="2.276">
    <testcase time="0.0250000000000021" classname="table_07" name="Table_07_generation_works_with_default_values"/>
    <testcase time="0.00199999999999889" classname="table_07" name="Table_07_generation_works_with_default_values"/>
    <testcase time="0.000999999999997669" classname="table_07" name="Table_07_generation_works_with_default_values"/>
    <testcase time="0.0390000000000015" classname="table_07" name="Table_07_generation_works_with_default_values"/>
    <testcase time="0.359000000000002" classname="table_07" name="Table_07_generation_works_with_default_values"/>
    <testcase time="0.106999999999999" classname="table_07" name="Table_07_generation_works_with_default_values">
      <skipped message="Reason: On CRAN ('test-table_07.R:13:3')"/>
    </testcase>
    <testcase time="0.0159999999999982" classname="table_07" name="Table_07_generation_works_with_custom_values"/>
    <testcase time="0.00100000000000122" classname="table_07" name="Table_07_generation_works_with_custom_values"/>
    <testcase time="0.00199999999999889" classname="table_07" name="Table_07_generation_works_with_custom_values"/>
    <testcase time="0.0390000000000015" classname="table_07" name="Table_07_generation_works_with_custom_values"/>
    <testcase time="0.457000000000001" classname="table_07" name="Table_07_generation_works_with_custom_values"/>
    <testcase time="0.136999999999997" classname="table_07" name="Table_07_generation_works_with_custom_values">
      <skipped message="Reason: On CRAN ('test-table_07.R:42:3')"/>
    </testcase>
    <testcase time="0.017000000000003" classname="table_07" name="Table_07_generation_works_with_NA_values_pruned_rows"/>
    <testcase time="0.000999999999997669" classname="table_07" name="Table_07_generation_works_with_NA_values_pruned_rows"/>
    <testcase time="0.00100000000000122" classname="table_07" name="Table_07_generation_works_with_NA_values_pruned_rows"/>
    <testcase time="0.0479999999999983" classname="table_07" name="Table_07_generation_works_with_NA_values_pruned_rows"/>
    <testcase time="0.317" classname="table_07" name="Table_07_generation_works_with_NA_values_pruned_rows"/>
    <testcase time="0.127000000000002" classname="table_07" name="Table_07_generation_works_with_NA_values_pruned_rows">
      <skipped message="Reason: On CRAN ('test-table_07.R:52:3')"/>
    </testcase>
    <testcase time="0.0169999999999995" classname="table_07" name="Table_07_generation_works_with_risk_difference_column"/>
    <testcase time="0.00100000000000122" classname="table_07" name="Table_07_generation_works_with_risk_difference_column"/>
    <testcase time="0.000999999999997669" classname="table_07" name="Table_07_generation_works_with_risk_difference_column"/>
    <testcase time="0.0399999999999991" classname="table_07" name="Table_07_generation_works_with_risk_difference_column"/>
    <testcase time="0.396000000000001" classname="table_07" name="Table_07_generation_works_with_risk_difference_column"/>
    <testcase time="0.125" classname="table_07" name="Table_07_generation_works_with_risk_difference_column">
      <skipped message="Reason: On CRAN ('test-table_07.R:65:3')"/>
    </testcase>
  </testsuite>
  <testsuite name="table_08" timestamp="2023-09-28T20:25:32Z" hostname="b4022ee8ff30" tests="8" skipped="2" failures="0" errors="0" time="0.406">
    <testcase time="0.0310000000000024" classname="table_08" name="Table_08_generation_works_with_default_values"/>
    <testcase time="0.000999999999997669" classname="table_08" name="Table_08_generation_works_with_default_values"/>
    <testcase time="0.0500000000000007" classname="table_08" name="Table_08_generation_works_with_default_values"/>
    <testcase time="0.108999999999998" classname="table_08" name="Table_08_generation_works_with_default_values">
      <skipped message="Reason: On CRAN ('test-table_08.R:10:3')"/>
    </testcase>
    <testcase time="0.017000000000003" classname="table_08" name="Table_08_generation_works_with_custom_values"/>
    <testcase time="0.000999999999997669" classname="table_08" name="Table_08_generation_works_with_custom_values"/>
    <testcase time="0.0530000000000008" classname="table_08" name="Table_08_generation_works_with_custom_values"/>
    <testcase time="0.144000000000002" classname="table_08" name="Table_08_generation_works_with_custom_values">
      <skipped message="Reason: On CRAN ('test-table_08.R:31:3')"/>
    </testcase>
  </testsuite>
  <testsuite name="table_09" timestamp="2023-09-28T20:25:32Z" hostname="b4022ee8ff30" tests="12" skipped="3" failures="0" errors="0" time="1.44">
    <testcase time="0.0309999999999988" classname="table_09" name="Table_09_generation_works_with_default_values"/>
    <testcase time="0.0399999999999991" classname="table_09" name="Table_09_generation_works_with_default_values"/>
    <testcase time="0.294" classname="table_09" name="Table_09_generation_works_with_default_values"/>
    <testcase time="0.0599999999999987" classname="table_09" name="Table_09_generation_works_with_default_values">
      <skipped message="Reason: On CRAN ('test-table_09.R:8:3')"/>
    </testcase>
    <testcase time="0.0240000000000009" classname="table_09" name="Table_09_generation_works_with_custom_values"/>
    <testcase time="0.0420000000000016" classname="table_09" name="Table_09_generation_works_with_custom_values"/>
    <testcase time="0.366" classname="table_09" name="Table_09_generation_works_with_custom_values"/>
    <testcase time="0.0779999999999994" classname="table_09" name="Table_09_generation_works_with_custom_values">
      <skipped message="Reason: On CRAN ('test-table_09.R:39:3')"/>
    </testcase>
    <testcase time="0.0159999999999982" classname="table_09" name="Table_09_generation_works_with_risk_difference_column"/>
    <testcase time="0.0400000000000027" classname="table_09" name="Table_09_generation_works_with_risk_difference_column"/>
    <testcase time="0.381" classname="table_09" name="Table_09_generation_works_with_risk_difference_column"/>
    <testcase time="0.0679999999999978" classname="table_09" name="Table_09_generation_works_with_risk_difference_column">
      <skipped message="Reason: On CRAN ('test-table_09.R:47:3')"/>
    </testcase>
  </testsuite>
  <testsuite name="table_10" timestamp="2023-09-28T20:25:33Z" hostname="b4022ee8ff30" tests="15" skipped="3" failures="0" errors="0" time="1.843">
    <testcase time="0.027000000000001" classname="table_10" name="Table_10_generation_works_with_default_values"/>
    <testcase time="0.00100000000000122" classname="table_10" name="Table_10_generation_works_with_default_values"/>
    <testcase time="0.0489999999999995" classname="table_10" name="Table_10_generation_works_with_default_values"/>
    <testcase time="0.378999999999998" classname="table_10" name="Table_10_generation_works_with_default_values"/>
    <testcase time="0.337" classname="table_10" name="Table_10_generation_works_with_default_values">
      <skipped message="Reason: On CRAN ('test-table_10.R:17:3')"/>
    </testcase>
    <testcase time="0.0160000000000018" classname="table_10" name="Table_10_generation_works_with_custom_values"/>
    <testcase time="0.00199999999999889" classname="table_10" name="Table_10_generation_works_with_custom_values"/>
    <testcase time="0.0360000000000014" classname="table_10" name="Table_10_generation_works_with_custom_values"/>
    <testcase time="0.335000000000001" classname="table_10" name="Table_10_generation_works_with_custom_values"/>
    <testcase time="0.0509999999999984" classname="table_10" name="Table_10_generation_works_with_custom_values">
      <skipped message="Reason: On CRAN ('test-table_10.R:52:3')"/>
    </testcase>
    <testcase time="0.0160000000000018" classname="table_10" name="Table_10_generation_works_with_risk_difference_column"/>
    <testcase time="0.000999999999997669" classname="table_10" name="Table_10_generation_works_with_risk_difference_column"/>
    <testcase time="0.0399999999999991" classname="table_10" name="Table_10_generation_works_with_risk_difference_column"/>
    <testcase time="0.428000000000001" classname="table_10" name="Table_10_generation_works_with_risk_difference_column"/>
    <testcase time="0.125" classname="table_10" name="Table_10_generation_works_with_risk_difference_column">
      <skipped message="Reason: On CRAN ('test-table_10.R:60:3')"/>
    </testcase>
  </testsuite>
  <testsuite name="table_11" timestamp="2023-09-28T20:25:35Z" hostname="b4022ee8ff30" tests="12" skipped="3" failures="0" errors="0" time="2.416">
    <testcase time="0.027000000000001" classname="table_11" name="Table_11_generation_works_with_default_values"/>
    <testcase time="0.0479999999999983" classname="table_11" name="Table_11_generation_works_with_default_values"/>
    <testcase time="0.577999999999999" classname="table_11" name="Table_11_generation_works_with_default_values"/>
    <testcase time="0.128" classname="table_11" name="Table_11_generation_works_with_default_values">
      <skipped message="Reason: On CRAN ('test-table_11.R:18:3')"/>
    </testcase>
    <testcase time="0.0169999999999995" classname="table_11" name="Table_11_generation_works_with_custom_values"/>
    <testcase time="0.0430000000000028" classname="table_11" name="Table_11_generation_works_with_custom_values"/>
    <testcase time="0.559999999999999" classname="table_11" name="Table_11_generation_works_with_custom_values"/>
    <testcase time="0.0599999999999987" classname="table_11" name="Table_11_generation_works_with_custom_values">
      <skipped message="Reason: On CRAN ('test-table_11.R:48:3')"/>
    </testcase>
    <testcase time="0.0159999999999982" classname="table_11" name="Table_11_generation_works_with_risk_difference_column"/>
    <testcase time="0.049000000000003" classname="table_11" name="Table_11_generation_works_with_risk_difference_column"/>
    <testcase time="0.735999999999997" classname="table_11" name="Table_11_generation_works_with_risk_difference_column"/>
    <testcase time="0.154" classname="table_11" name="Table_11_generation_works_with_risk_difference_column">
      <skipped message="Reason: On CRAN ('test-table_11.R:56:3')"/>
    </testcase>
  </testsuite>
  <testsuite name="table_12" timestamp="2023-09-28T20:25:38Z" hostname="b4022ee8ff30" tests="12" skipped="3" failures="0" errors="0" time="3.095">
    <testcase time="0.0210000000000008" classname="table_12" name="Table_12_generation_works_with_default_values"/>
    <testcase time="0.0510000000000019" classname="table_12" name="Table_12_generation_works_with_default_values"/>
    <testcase time="0.782" classname="table_12" name="Table_12_generation_works_with_default_values"/>
    <testcase time="0.111999999999998" classname="table_12" name="Table_12_generation_works_with_default_values">
      <skipped message="Reason: On CRAN ('test-table_12.R:9:3')"/>
    </testcase>
    <testcase time="0.0169999999999995" classname="table_12" name="Table_12_generation_works_with_custom_values"/>
    <testcase time="0.0500000000000007" classname="table_12" name="Table_12_generation_works_with_custom_values"/>
    <testcase time="0.786000000000001" classname="table_12" name="Table_12_generation_works_with_custom_values"/>
    <testcase time="0.0990000000000038" classname="table_12" name="Table_12_generation_works_with_custom_values">
      <skipped message="Reason: On CRAN ('test-table_12.R:39:3')"/>
    </testcase>
    <testcase time="0.0159999999999982" classname="table_12" name="Table_12_generation_works_with_risk_difference_column"/>
    <testcase time="0.0519999999999996" classname="table_12" name="Table_12_generation_works_with_risk_difference_column"/>
    <testcase time="0.981999999999999" classname="table_12" name="Table_12_generation_works_with_risk_difference_column"/>
    <testcase time="0.127000000000002" classname="table_12" name="Table_12_generation_works_with_risk_difference_column">
      <skipped message="Reason: On CRAN ('test-table_12.R:47:3')"/>
    </testcase>
  </testsuite>
  <testsuite name="table_13" timestamp="2023-09-28T20:25:41Z" hostname="b4022ee8ff30" tests="12" skipped="3" failures="0" errors="0" time="0.79">
    <testcase time="0.0210000000000008" classname="table_13" name="Table_13_generation_works_with_default_values"/>
    <testcase time="0.0480000000000018" classname="table_13" name="Table_13_generation_works_with_default_values"/>
    <testcase time="0.128999999999998" classname="table_13" name="Table_13_generation_works_with_default_values"/>
    <testcase time="0.0590000000000046" classname="table_13" name="Table_13_generation_works_with_default_values">
      <skipped message="Reason: On CRAN ('test-table_13.R:8:3')"/>
    </testcase>
    <testcase time="0.0169999999999959" classname="table_13" name="Table_13_generation_works_with_custom_values"/>
    <testcase time="0.0480000000000018" classname="table_13" name="Table_13_generation_works_with_custom_values"/>
    <testcase time="0.145000000000003" classname="table_13" name="Table_13_generation_works_with_custom_values"/>
    <testcase time="0.0450000000000017" classname="table_13" name="Table_13_generation_works_with_custom_values">
      <skipped message="Reason: On CRAN ('test-table_13.R:38:3')"/>
    </testcase>
    <testcase time="0.0159999999999982" classname="table_13" name="Table_13_generation_works_with_risk_difference_column"/>
    <testcase time="0.0480000000000018" classname="table_13" name="Table_13_generation_works_with_risk_difference_column"/>
    <testcase time="0.144999999999996" classname="table_13" name="Table_13_generation_works_with_risk_difference_column"/>
    <testcase time="0.0690000000000026" classname="table_13" name="Table_13_generation_works_with_risk_difference_column">
      <skipped message="Reason: On CRAN ('test-table_13.R:46:3')"/>
    </testcase>
  </testsuite>
  <testsuite name="table_14" timestamp="2023-09-28T20:25:42Z" hostname="b4022ee8ff30" tests="13" skipped="4" failures="0" errors="0" time="3.159">
    <testcase time="0.0309999999999988" classname="table_14" name="Table_14_generation_works_with_default_values"/>
    <testcase time="0.564" classname="table_14" name="Table_14_generation_works_with_default_values"/>
    <testcase time="0.139000000000003" classname="table_14" name="Table_14_generation_works_with_default_values">
      <skipped message="Reason: On CRAN ('test-table_14.R:16:3')"/>
    </testcase>
    <testcase time="0.0169999999999959" classname="table_14" name="Table_14_generation_works_with_custom_values"/>
    <testcase time="0.0480000000000018" classname="table_14" name="Table_14_generation_works_with_custom_values"/>
    <testcase time="0.607999999999997" classname="table_14" name="Table_14_generation_works_with_custom_values"/>
    <testcase time="0.144000000000005" classname="table_14" name="Table_14_generation_works_with_custom_values">
      <skipped message="Reason: On CRAN ('test-table_14.R:46:3')"/>
    </testcase>
    <testcase time="0.0159999999999982" classname="table_14" name="Table_14_generation_works_with_NA_values_pruned_rows"/>
    <testcase time="0.564" classname="table_14" name="Table_14_generation_works_with_NA_values_pruned_rows"/>
    <testcase time="0.116999999999997" classname="table_14" name="Table_14_generation_works_with_NA_values_pruned_rows">
      <skipped message="Reason: On CRAN ('test-table_14.R:53:3')"/>
    </testcase>
    <testcase time="0.0159999999999982" classname="table_14" name="Table_14_generation_works_with_risk_difference_column"/>
    <testcase time="0.731000000000002" classname="table_14" name="Table_14_generation_works_with_risk_difference_column"/>
    <testcase time="0.164000000000001" classname="table_14" name="Table_14_generation_works_with_risk_difference_column">
      <skipped message="Reason: On CRAN ('test-table_14.R:61:3')"/>
    </testcase>
  </testsuite>
  <testsuite name="table_20" timestamp="2023-09-28T20:25:45Z" hostname="b4022ee8ff30" tests="24" skipped="4" failures="0" errors="0" time="2.641">
    <testcase time="0.0260000000000034" classname="table_20" name="Table_20_generation_works_with_default_values"/>
    <testcase time="0.000999999999997669" classname="table_20" name="Table_20_generation_works_with_default_values"/>
    <testcase time="0.000999999999997669" classname="table_20" name="Table_20_generation_works_with_default_values"/>
    <testcase time="0.044000000000004" classname="table_20" name="Table_20_generation_works_with_default_values"/>
    <testcase time="0.421999999999997" classname="table_20" name="Table_20_generation_works_with_default_values"/>
    <testcase time="0.0840000000000032" classname="table_20" name="Table_20_generation_works_with_default_values">
      <skipped message="Reason: On CRAN ('test-table_20.R:17:3')"/>
    </testcase>
    <testcase time="0.0159999999999982" classname="table_20" name="Table_20_generation_works_with_custom_values"/>
    <testcase time="0.00199999999999534" classname="table_20" name="Table_20_generation_works_with_custom_values"/>
    <testcase time="0.00100000000000477" classname="table_20" name="Table_20_generation_works_with_custom_values"/>
    <testcase time="0.0439999999999969" classname="table_20" name="Table_20_generation_works_with_custom_values"/>
    <testcase time="0.609000000000002" classname="table_20" name="Table_20_generation_works_with_custom_values"/>
    <testcase time="0.116999999999997" classname="table_20" name="Table_20_generation_works_with_custom_values">
      <skipped message="Reason: On CRAN ('test-table_20.R:65:3')"/>
    </testcase>
    <testcase time="0.017000000000003" classname="table_20" name="Table_20_generation_works_with_missing_values_pruned_rows"/>
    <testcase time="0.000999999999997669" classname="table_20" name="Table_20_generation_works_with_missing_values_pruned_rows"/>
    <testcase time="0.00100000000000477" classname="table_20" name="Table_20_generation_works_with_missing_values_pruned_rows"/>
    <testcase time="0.0439999999999969" classname="table_20" name="Table_20_generation_works_with_missing_values_pruned_rows"/>
    <testcase time="0.407000000000004" classname="table_20" name="Table_20_generation_works_with_missing_values_pruned_rows"/>
    <testcase time="0.0789999999999935" classname="table_20" name="Table_20_generation_works_with_missing_values_pruned_rows">
      <skipped message="Reason: On CRAN ('test-table_20.R:74:3')"/>
    </testcase>
    <testcase time="0.0230000000000032" classname="table_20" name="Table_20_generation_works_with_risk_difference_column"/>
    <testcase time="0.00200000000000244" classname="table_20" name="Table_20_generation_works_with_risk_difference_column"/>
    <testcase time="0.000999999999997669" classname="table_20" name="Table_20_generation_works_with_risk_difference_column"/>
    <testcase time="0.0480000000000018" classname="table_20" name="Table_20_generation_works_with_risk_difference_column"/>
    <testcase time="0.533000000000001" classname="table_20" name="Table_20_generation_works_with_risk_difference_column"/>
    <testcase time="0.117999999999995" classname="table_20" name="Table_20_generation_works_with_risk_difference_column">
      <skipped message="Reason: On CRAN ('test-table_20.R:82:3')"/>
    </testcase>
  </testsuite>
  <testsuite name="table_21" timestamp="2023-09-28T20:25:47Z" hostname="b4022ee8ff30" tests="19" skipped="4" failures="0" errors="0" time="2.608">
    <testcase time="0.0740000000000052" classname="table_21" name="Table_21_generation_works_with_default_values"/>
    <testcase time="0.00199999999999534" classname="table_21" name="Table_21_generation_works_with_default_values"/>
    <testcase time="0.597000000000001" classname="table_21" name="Table_21_generation_works_with_default_values"/>
    <testcase time="0.0989999999999966" classname="table_21" name="Table_21_generation_works_with_default_values">
      <skipped message="Reason: On CRAN ('test-table_21.R:22:3')"/>
    </testcase>
    <testcase time="0.0160000000000053" classname="table_21" name="Table_21_generation_works_with_custom_values_N_s_denominator_and_overall_column"/>
    <testcase time="0.000999999999997669" classname="table_21" name="Table_21_generation_works_with_custom_values_N_s_denominator_and_overall_column"/>
    <testcase time="0.0750000000000028" classname="table_21" name="Table_21_generation_works_with_custom_values_N_s_denominator_and_overall_column"/>
    <testcase time="0.714999999999996" classname="table_21" name="Table_21_generation_works_with_custom_values_N_s_denominator_and_overall_column"/>
    <testcase time="0.121000000000002" classname="table_21" name="Table_21_generation_works_with_custom_values_N_s_denominator_and_overall_column">
      <skipped message="Reason: On CRAN ('test-table_21.R:34:3')"/>
    </testcase>
    <testcase time="0.0159999999999982" classname="table_21" name="Table_21_generation_works_with_custom_values_N_col_denominator_and_no_overall_column"/>
    <testcase time="0.00200000000000244" classname="table_21" name="Table_21_generation_works_with_custom_values_N_col_denominator_and_no_overall_column"/>
    <testcase time="0.0509999999999948" classname="table_21" name="Table_21_generation_works_with_custom_values_N_col_denominator_and_no_overall_column"/>
    <testcase time="0.32" classname="table_21" name="Table_21_generation_works_with_custom_values_N_col_denominator_and_no_overall_column"/>
    <testcase time="0.0890000000000057" classname="table_21" name="Table_21_generation_works_with_custom_values_N_col_denominator_and_no_overall_column">
      <skipped message="Reason: On CRAN ('test-table_21.R:60:3')"/>
    </testcase>
    <testcase time="0.0640000000000001" classname="table_21" name="Table_21_generation_works_with_some_NA_values"/>
    <testcase time="0.000999999999997669" classname="table_21" name="Table_21_generation_works_with_some_NA_values"/>
    <testcase time="0.0579999999999998" classname="table_21" name="Table_21_generation_works_with_some_NA_values"/>
    <testcase time="0.244" classname="table_21" name="Table_21_generation_works_with_some_NA_values"/>
    <testcase time="0.0630000000000024" classname="table_21" name="Table_21_generation_works_with_some_NA_values">
      <skipped message="Reason: On CRAN ('test-table_21.R:80:3')"/>
    </testcase>
  </testsuite>
  <testsuite name="table_32" timestamp="2023-09-28T20:25:50Z" hostname="b4022ee8ff30" tests="16" skipped="4" failures="0" errors="0" time="1.043">
    <testcase time="0.0219999999999985" classname="table_32" name="Table_32_generation_works_with_default_values"/>
    <testcase time="0.0510000000000019" classname="table_32" name="Table_32_generation_works_with_default_values"/>
    <testcase time="0.132999999999996" classname="table_32" name="Table_32_generation_works_with_default_values"/>
    <testcase time="0.0420000000000016" classname="table_32" name="Table_32_generation_works_with_default_values">
      <skipped message="Reason: On CRAN ('test-table_32.R:8:3')"/>
    </testcase>
    <testcase time="0.0159999999999982" classname="table_32" name="Table_32_generation_works_with_custom_values"/>
    <testcase time="0.0510000000000019" classname="table_32" name="Table_32_generation_works_with_custom_values"/>
    <testcase time="0.162999999999997" classname="table_32" name="Table_32_generation_works_with_custom_values"/>
    <testcase time="0.0500000000000043" classname="table_32" name="Table_32_generation_works_with_custom_values">
      <skipped message="Reason: On CRAN ('test-table_32.R:30:3')"/>
    </testcase>
    <testcase time="0.0169999999999959" classname="table_32" name="Table_32_generation_works_with_pruned_rows"/>
    <testcase time="0.0510000000000019" classname="table_32" name="Table_32_generation_works_with_pruned_rows"/>
    <testcase time="0.133000000000003" classname="table_32" name="Table_32_generation_works_with_pruned_rows"/>
    <testcase time="0.0319999999999965" classname="table_32" name="Table_32_generation_works_with_pruned_rows">
      <skipped message="Reason: On CRAN ('test-table_32.R:37:3')"/>
    </testcase>
    <testcase time="0.017000000000003" classname="table_32" name="Table_32_generation_works_with_risk_difference_column"/>
    <testcase time="0.0519999999999996" classname="table_32" name="Table_32_generation_works_with_risk_difference_column"/>
    <testcase time="0.164000000000001" classname="table_32" name="Table_32_generation_works_with_risk_difference_column"/>
    <testcase time="0.0489999999999995" classname="table_32" name="Table_32_generation_works_with_risk_difference_column">
      <skipped message="Reason: On CRAN ('test-table_32.R:45:3')"/>
    </testcase>
  </testsuite>
  <testsuite name="table_33" timestamp="2023-09-28T20:25:51Z" hostname="b4022ee8ff30" tests="16" skipped="4" failures="0" errors="0" time="1.725">
    <testcase time="0.0219999999999985" classname="table_33" name="Table_33_generation_works_with_default_values"/>
    <testcase time="0.273000000000003" classname="table_33" name="Table_33_generation_works_with_default_values"/>
    <testcase time="0.0969999999999942" classname="table_33" name="Table_33_generation_works_with_default_values"/>
    <testcase time="0.0320000000000036" classname="table_33" name="Table_33_generation_works_with_default_values">
      <skipped message="Reason: On CRAN ('test-table_33.R:8:3')"/>
    </testcase>
    <testcase time="0.0169999999999959" classname="table_33" name="Table_33_generation_works_with_custom_values"/>
    <testcase time="0.256" classname="table_33" name="Table_33_generation_works_with_custom_values"/>
    <testcase time="0.127000000000002" classname="table_33" name="Table_33_generation_works_with_custom_values"/>
    <testcase time="0.0390000000000015" classname="table_33" name="Table_33_generation_works_with_custom_values">
      <skipped message="Reason: On CRAN ('test-table_33.R:34:3')"/>
    </testcase>
    <testcase time="0.0169999999999959" classname="table_33" name="Table_33_generation_works_with_pruned_rows"/>
    <testcase time="0.262" classname="table_33" name="Table_33_generation_works_with_pruned_rows"/>
    <testcase time="0.103999999999999" classname="table_33" name="Table_33_generation_works_with_pruned_rows"/>
    <testcase time="0.0280000000000058" classname="table_33" name="Table_33_generation_works_with_pruned_rows">
      <skipped message="Reason: On CRAN ('test-table_33.R:42:3')"/>
    </testcase>
    <testcase time="0.0159999999999982" classname="table_33" name="Table_33_generation_works_with_risk_difference_column"/>
    <testcase time="0.258000000000003" classname="table_33" name="Table_33_generation_works_with_risk_difference_column"/>
    <testcase time="0.139999999999993" classname="table_33" name="Table_33_generation_works_with_risk_difference_column"/>
    <testcase time="0.0370000000000061" classname="table_33" name="Table_33_generation_works_with_risk_difference_column">
      <skipped message="Reason: On CRAN ('test-table_33.R:50:3')"/>
    </testcase>
  </testsuite>
  <testsuite name="table_34" timestamp="2023-09-28T20:25:53Z" hostname="b4022ee8ff30" tests="12" skipped="3" failures="0" errors="0" time="6.16">
    <testcase time="0.0259999999999962" classname="table_34" name="Table_34_generation_works_with_default_values"/>
    <testcase time="0.0420000000000016" classname="table_34" name="Table_34_generation_works_with_default_values"/>
    <testcase time="1.696" classname="table_34" name="Table_34_generation_works_with_default_values"/>
    <testcase time="0.209000000000003" classname="table_34" name="Table_34_generation_works_with_default_values">
      <skipped message="Reason: On CRAN ('test-table_34.R:17:3')"/>
    </testcase>
    <testcase time="0.0159999999999982" classname="table_34" name="Table_34_generation_works_with_custom_values"/>
    <testcase time="0.036999999999999" classname="table_34" name="Table_34_generation_works_with_custom_values"/>
    <testcase time="1.673" classname="table_34" name="Table_34_generation_works_with_custom_values"/>
    <testcase time="0.0829999999999984" classname="table_34" name="Table_34_generation_works_with_custom_values">
      <skipped message="Reason: On CRAN ('test-table_34.R:49:3')"/>
    </testcase>
    <testcase time="0.0200000000000031" classname="table_34" name="Table_34_generation_works_with_risk_difference_column"/>
    <testcase time="0.0420000000000016" classname="table_34" name="Table_34_generation_works_with_risk_difference_column"/>
    <testcase time="2.111" classname="table_34" name="Table_34_generation_works_with_risk_difference_column"/>
    <testcase time="0.204999999999998" classname="table_34" name="Table_34_generation_works_with_risk_difference_column">
      <skipped message="Reason: On CRAN ('test-table_34.R:57:3')"/>
    </testcase>
  </testsuite>
</testsuites>
