<?xml version="1.0" encoding="UTF-8"?>
<testsuites>
  <testsuite name="table_02" timestamp="2023-09-29T15:53:50Z" hostname="a4c40a22fc76" tests="30" skipped="10" failures="0" errors="0" time="15.884">
    <testcase time="0.0880000000000001" classname="table_02" name="Table_02_generation_works_with_default_values"/>
    <testcase time="0.518" classname="table_02" name="Table_02_generation_works_with_default_values"/>
    <testcase time="0.254" classname="table_02" name="Table_02_generation_works_with_default_values">
      <skipped message="Reason: On CRAN ('test-table_02.R:16:3')"/>
    </testcase>
    <testcase time="0.085" classname="table_02" name="Table_02_generation_works_with_custom_values"/>
    <testcase time="0.418" classname="table_02" name="Table_02_generation_works_with_custom_values"/>
    <testcase time="0.255999999999999" classname="table_02" name="Table_02_generation_works_with_custom_values">
      <skipped message="Reason: On CRAN ('test-table_02.R:45:3')"/>
    </testcase>
    <testcase time="0.0620000000000003" classname="table_02" name="Table_02_generation_works_with_some_NA_values"/>
    <testcase time="0.112" classname="table_02" name="Table_02_generation_works_with_some_NA_values"/>
    <testcase time="0.0520000000000005" classname="table_02" name="Table_02_generation_works_with_some_NA_values">
      <skipped message="Reason: On CRAN ('test-table_02.R:57:3')"/>
    </testcase>
    <testcase time="0.0189999999999992" classname="table_02" name="Table_02_generation_tplyr_works_with_default_values"/>
    <testcase time="2.011" classname="table_02" name="Table_02_generation_tplyr_works_with_default_values"/>
    <testcase time="0.0380000000000003" classname="table_02" name="Table_02_generation_tplyr_works_with_default_values">
      <skipped message="Reason: On CRAN ('test-table_02.R:66:3')"/>
    </testcase>
    <testcase time="0.0179999999999998" classname="table_02" name="Table_02_generation_tplyr_works_with_tplyr_raw_TRUE"/>
    <testcase time="1.263" classname="table_02" name="Table_02_generation_tplyr_works_with_tplyr_raw_TRUE"/>
    <testcase time="0.032" classname="table_02" name="Table_02_generation_tplyr_works_with_tplyr_raw_TRUE">
      <skipped message="Reason: On CRAN ('test-table_02.R:75:3')"/>
    </testcase>
    <testcase time="0.0500000000000007" classname="table_02" name="Table_02_generation_tplyr_works_with_custom_values"/>
    <testcase time="1.934" classname="table_02" name="Table_02_generation_tplyr_works_with_custom_values"/>
    <testcase time="0.0259999999999998" classname="table_02" name="Table_02_generation_tplyr_works_with_custom_values">
      <skipped message="Reason: On CRAN ('test-table_02.R:102:3')"/>
    </testcase>
    <testcase time="0.0389999999999997" classname="table_02" name="Table_02_generation_tplyr_works_with_some_NA_values"/>
    <testcase time="0.771000000000001" classname="table_02" name="Table_02_generation_tplyr_works_with_some_NA_values"/>
    <testcase time="0.0240000000000009" classname="table_02" name="Table_02_generation_tplyr_works_with_some_NA_values">
      <skipped message="Reason: On CRAN ('test-table_02.R:119:3')"/>
    </testcase>
    <testcase time="0.0179999999999989" classname="table_02" name="Table_02_generation_gtsum_works_with_default_values"/>
    <testcase time="3.169" classname="table_02" name="Table_02_generation_gtsum_works_with_default_values"/>
    <testcase time="0.00600000000000023" classname="table_02" name="Table_02_generation_gtsum_works_with_default_values">
      <skipped message="Reason: On CRAN ('test-table_02.R:128:3')"/>
    </testcase>
    <testcase time="0.0499999999999989" classname="table_02" name="Table_02_generation_gtsum_works_with_custom_values"/>
    <testcase time="3.534" classname="table_02" name="Table_02_generation_gtsum_works_with_custom_values"/>
    <testcase time="0.00599999999999667" classname="table_02" name="Table_02_generation_gtsum_works_with_custom_values">
      <skipped message="Reason: On CRAN ('test-table_02.R:146:3')"/>
    </testcase>
    <testcase time="0.0400000000000027" classname="table_02" name="Table_02_generation_gtsum_works_with_some_NA_values"/>
    <testcase time="0.984999999999999" classname="table_02" name="Table_02_generation_gtsum_works_with_some_NA_values"/>
    <testcase time="0.00600000000000023" classname="table_02" name="Table_02_generation_gtsum_works_with_some_NA_values">
      <skipped message="Reason: On CRAN ('test-table_02.R:163:3')"/>
    </testcase>
  </testsuite>
  <testsuite name="table_04" timestamp="2023-09-29T15:54:06Z" hostname="a4c40a22fc76" tests="12" skipped="2" failures="0" errors="0" time="1.053">
    <testcase time="0.0380000000000003" classname="table_04" name="Table_04_generation_works_with_default_values"/>
    <testcase time="0.00199999999999889" classname="table_04" name="Table_04_generation_works_with_default_values"/>
    <testcase time="0.00100000000000122" classname="table_04" name="Table_04_generation_works_with_default_values"/>
    <testcase time="0.000999999999997669" classname="table_04" name="Table_04_generation_works_with_default_values"/>
    <testcase time="0.445" classname="table_04" name="Table_04_generation_works_with_default_values"/>
    <testcase time="0.0960000000000001" classname="table_04" name="Table_04_generation_works_with_default_values">
      <skipped message="Reason: On CRAN ('test-table_04.R:18:3')"/>
    </testcase>
    <testcase time="0.0169999999999995" classname="table_04" name="Table_04_generation_works_with_custom_values"/>
    <testcase time="0.00100000000000122" classname="table_04" name="Table_04_generation_works_with_custom_values"/>
    <testcase time="0.00199999999999889" classname="table_04" name="Table_04_generation_works_with_custom_values"/>
    <testcase time="0.00100000000000122" classname="table_04" name="Table_04_generation_works_with_custom_values"/>
    <testcase time="0.367999999999999" classname="table_04" name="Table_04_generation_works_with_custom_values"/>
    <testcase time="0.0810000000000031" classname="table_04" name="Table_04_generation_works_with_custom_values">
      <skipped message="Reason: On CRAN ('test-table_04.R:44:3')"/>
    </testcase>
  </testsuite>
  <testsuite name="table_05" timestamp="2023-09-29T15:54:07Z" hostname="a4c40a22fc76" tests="12" skipped="4" failures="0" errors="0" time="1.61">
    <testcase time="0.208000000000002" classname="table_05" name="Table_05_generation_works_with_default_values"/>
    <testcase time="0.244" classname="table_05" name="Table_05_generation_works_with_default_values"/>
    <testcase time="0.0720000000000027" classname="table_05" name="Table_05_generation_works_with_default_values">
      <skipped message="Reason: On CRAN ('test-table_05.R:10:3')"/>
    </testcase>
    <testcase time="0.0169999999999995" classname="table_05" name="Table_05_generation_works_with_custom_values"/>
    <testcase time="0.315999999999999" classname="table_05" name="Table_05_generation_works_with_custom_values"/>
    <testcase time="0.0960000000000001" classname="table_05" name="Table_05_generation_works_with_custom_values">
      <skipped message="Reason: On CRAN ('test-table_05.R:34:3')"/>
    </testcase>
    <testcase time="0.0180000000000007" classname="table_05" name="Table_05_generation_works_with_NA_values_pruned_rows"/>
    <testcase time="0.210999999999999" classname="table_05" name="Table_05_generation_works_with_NA_values_pruned_rows"/>
    <testcase time="0.0740000000000016" classname="table_05" name="Table_05_generation_works_with_NA_values_pruned_rows">
      <skipped message="Reason: On CRAN ('test-table_05.R:44:3')"/>
    </testcase>
    <testcase time="0.0169999999999995" classname="table_05" name="Table_05_generation_works_with_risk_difference_column"/>
    <testcase time="0.253" classname="table_05" name="Table_05_generation_works_with_risk_difference_column"/>
    <testcase time="0.0839999999999996" classname="table_05" name="Table_05_generation_works_with_risk_difference_column">
      <skipped message="Reason: On CRAN ('test-table_05.R:57:3')"/>
    </testcase>
  </testsuite>
  <testsuite name="table_06" timestamp="2023-09-29T15:54:08Z" hostname="a4c40a22fc76" tests="15" skipped="3" failures="0" errors="0" time="2.35">
    <testcase time="0.0240000000000009" classname="table_06" name="Table_06_generation_works_with_default_values"/>
    <testcase time="0.000999999999997669" classname="table_06" name="Table_06_generation_works_with_default_values"/>
    <testcase time="0.0730000000000004" classname="table_06" name="Table_06_generation_works_with_default_values"/>
    <testcase time="0.482000000000003" classname="table_06" name="Table_06_generation_works_with_default_values"/>
    <testcase time="0.097999999999999" classname="table_06" name="Table_06_generation_works_with_default_values">
      <skipped message="Reason: On CRAN ('test-table_06.R:8:3')"/>
    </testcase>
    <testcase time="0.0180000000000007" classname="table_06" name="Table_06_generation_works_with_custom_values"/>
    <testcase time="0.000999999999997669" classname="table_06" name="Table_06_generation_works_with_custom_values"/>
    <testcase time="0.0690000000000026" classname="table_06" name="Table_06_generation_works_with_custom_values"/>
    <testcase time="0.617999999999999" classname="table_06" name="Table_06_generation_works_with_custom_values"/>
    <testcase time="0.148999999999997" classname="table_06" name="Table_06_generation_works_with_custom_values">
      <skipped message="Reason: On CRAN ('test-table_06.R:40:3')"/>
    </testcase>
    <testcase time="0.0180000000000007" classname="table_06" name="Table_06_generation_works_with_risk_difference_column"/>
    <testcase time="0.00100000000000122" classname="table_06" name="Table_06_generation_works_with_risk_difference_column"/>
    <testcase time="0.0599999999999987" classname="table_06" name="Table_06_generation_works_with_risk_difference_column"/>
    <testcase time="0.611000000000001" classname="table_06" name="Table_06_generation_works_with_risk_difference_column"/>
    <testcase time="0.126999999999999" classname="table_06" name="Table_06_generation_works_with_risk_difference_column">
      <skipped message="Reason: On CRAN ('test-table_06.R:48:3')"/>
    </testcase>
  </testsuite>
  <testsuite name="table_07" timestamp="2023-09-29T15:54:11Z" hostname="a4c40a22fc76" tests="24" skipped="4" failures="0" errors="0" time="2.488">
    <testcase time="0.0289999999999999" classname="table_07" name="Table_07_generation_works_with_default_values"/>
    <testcase time="0.00100000000000122" classname="table_07" name="Table_07_generation_works_with_default_values"/>
    <testcase time="0.00100000000000122" classname="table_07" name="Table_07_generation_works_with_default_values"/>
    <testcase time="0.0440000000000005" classname="table_07" name="Table_07_generation_works_with_default_values"/>
    <testcase time="0.373999999999999" classname="table_07" name="Table_07_generation_works_with_default_values"/>
    <testcase time="0.129999999999999" classname="table_07" name="Table_07_generation_works_with_default_values">
      <skipped message="Reason: On CRAN ('test-table_07.R:13:3')"/>
    </testcase>
    <testcase time="0.0180000000000007" classname="table_07" name="Table_07_generation_works_with_custom_values"/>
    <testcase time="0.00199999999999889" classname="table_07" name="Table_07_generation_works_with_custom_values"/>
    <testcase time="0.00100000000000122" classname="table_07" name="Table_07_generation_works_with_custom_values"/>
    <testcase time="0.0459999999999994" classname="table_07" name="Table_07_generation_works_with_custom_values"/>
    <testcase time="0.5" classname="table_07" name="Table_07_generation_works_with_custom_values"/>
    <testcase time="0.158999999999999" classname="table_07" name="Table_07_generation_works_with_custom_values">
      <skipped message="Reason: On CRAN ('test-table_07.R:42:3')"/>
    </testcase>
    <testcase time="0.0180000000000007" classname="table_07" name="Table_07_generation_works_with_NA_values_pruned_rows"/>
    <testcase time="0.00100000000000122" classname="table_07" name="Table_07_generation_works_with_NA_values_pruned_rows"/>
    <testcase time="0.00199999999999889" classname="table_07" name="Table_07_generation_works_with_NA_values_pruned_rows"/>
    <testcase time="0.0440000000000005" classname="table_07" name="Table_07_generation_works_with_NA_values_pruned_rows"/>
    <testcase time="0.350000000000001" classname="table_07" name="Table_07_generation_works_with_NA_values_pruned_rows"/>
    <testcase time="0.128999999999998" classname="table_07" name="Table_07_generation_works_with_NA_values_pruned_rows">
      <skipped message="Reason: On CRAN ('test-table_07.R:52:3')"/>
    </testcase>
    <testcase time="0.0180000000000007" classname="table_07" name="Table_07_generation_works_with_risk_difference_column"/>
    <testcase time="0.00199999999999889" classname="table_07" name="Table_07_generation_works_with_risk_difference_column"/>
    <testcase time="0.00100000000000122" classname="table_07" name="Table_07_generation_works_with_risk_difference_column"/>
    <testcase time="0.0530000000000008" classname="table_07" name="Table_07_generation_works_with_risk_difference_column"/>
    <testcase time="0.427" classname="table_07" name="Table_07_generation_works_with_risk_difference_column"/>
    <testcase time="0.137999999999998" classname="table_07" name="Table_07_generation_works_with_risk_difference_column">
      <skipped message="Reason: On CRAN ('test-table_07.R:65:3')"/>
    </testcase>
  </testsuite>
  <testsuite name="table_08" timestamp="2023-09-29T15:54:13Z" hostname="a4c40a22fc76" tests="8" skipped="2" failures="0" errors="0" time="0.448">
    <testcase time="0.0240000000000009" classname="table_08" name="Table_08_generation_works_with_default_values"/>
    <testcase time="0.00100000000000122" classname="table_08" name="Table_08_generation_works_with_default_values"/>
    <testcase time="0.0539999999999985" classname="table_08" name="Table_08_generation_works_with_default_values"/>
    <testcase time="0.129000000000001" classname="table_08" name="Table_08_generation_works_with_default_values">
      <skipped message="Reason: On CRAN ('test-table_08.R:10:3')"/>
    </testcase>
    <testcase time="0.0180000000000007" classname="table_08" name="Table_08_generation_works_with_custom_values"/>
    <testcase time="0.00199999999999889" classname="table_08" name="Table_08_generation_works_with_custom_values"/>
    <testcase time="0.0459999999999994" classname="table_08" name="Table_08_generation_works_with_custom_values"/>
    <testcase time="0.173999999999999" classname="table_08" name="Table_08_generation_works_with_custom_values">
      <skipped message="Reason: On CRAN ('test-table_08.R:31:3')"/>
    </testcase>
  </testsuite>
  <testsuite name="table_09" timestamp="2023-09-29T15:54:14Z" hostname="a4c40a22fc76" tests="12" skipped="3" failures="0" errors="0" time="1.609">
    <testcase time="0.0240000000000009" classname="table_09" name="Table_09_generation_works_with_default_values"/>
    <testcase time="0.0459999999999994" classname="table_09" name="Table_09_generation_works_with_default_values"/>
    <testcase time="0.330000000000002" classname="table_09" name="Table_09_generation_works_with_default_values"/>
    <testcase time="0.0660000000000025" classname="table_09" name="Table_09_generation_works_with_default_values">
      <skipped message="Reason: On CRAN ('test-table_09.R:8:3')"/>
    </testcase>
    <testcase time="0.0180000000000007" classname="table_09" name="Table_09_generation_works_with_custom_values"/>
    <testcase time="0.0459999999999994" classname="table_09" name="Table_09_generation_works_with_custom_values"/>
    <testcase time="0.410999999999998" classname="table_09" name="Table_09_generation_works_with_custom_values"/>
    <testcase time="0.0860000000000021" classname="table_09" name="Table_09_generation_works_with_custom_values">
      <skipped message="Reason: On CRAN ('test-table_09.R:39:3')"/>
    </testcase>
    <testcase time="0.0180000000000007" classname="table_09" name="Table_09_generation_works_with_risk_difference_column"/>
    <testcase time="0.0449999999999982" classname="table_09" name="Table_09_generation_works_with_risk_difference_column"/>
    <testcase time="0.443000000000001" classname="table_09" name="Table_09_generation_works_with_risk_difference_column"/>
    <testcase time="0.0760000000000005" classname="table_09" name="Table_09_generation_works_with_risk_difference_column">
      <skipped message="Reason: On CRAN ('test-table_09.R:47:3')"/>
    </testcase>
  </testsuite>
  <testsuite name="table_10" timestamp="2023-09-29T15:54:15Z" hostname="a4c40a22fc76" tests="15" skipped="3" failures="0" errors="0" time="1.991">
    <testcase time="0.0289999999999999" classname="table_10" name="Table_10_generation_works_with_default_values"/>
    <testcase time="0.00199999999999889" classname="table_10" name="Table_10_generation_works_with_default_values"/>
    <testcase time="0.0479999999999983" classname="table_10" name="Table_10_generation_works_with_default_values"/>
    <testcase time="0.637" classname="table_10" name="Table_10_generation_works_with_default_values"/>
    <testcase time="0.123000000000001" classname="table_10" name="Table_10_generation_works_with_default_values">
      <skipped message="Reason: On CRAN ('test-table_10.R:17:3')"/>
    </testcase>
    <testcase time="0.0180000000000007" classname="table_10" name="Table_10_generation_works_with_custom_values"/>
    <testcase time="0.000999999999997669" classname="table_10" name="Table_10_generation_works_with_custom_values"/>
    <testcase time="0.0400000000000027" classname="table_10" name="Table_10_generation_works_with_custom_values"/>
    <testcase time="0.356999999999999" classname="table_10" name="Table_10_generation_works_with_custom_values"/>
    <testcase time="0.0640000000000001" classname="table_10" name="Table_10_generation_works_with_custom_values">
      <skipped message="Reason: On CRAN ('test-table_10.R:52:3')"/>
    </testcase>
    <testcase time="0.0180000000000007" classname="table_10" name="Table_10_generation_works_with_risk_difference_column"/>
    <testcase time="0.000999999999997669" classname="table_10" name="Table_10_generation_works_with_risk_difference_column"/>
    <testcase time="0.0450000000000017" classname="table_10" name="Table_10_generation_works_with_risk_difference_column"/>
    <testcase time="0.466999999999999" classname="table_10" name="Table_10_generation_works_with_risk_difference_column"/>
    <testcase time="0.141000000000002" classname="table_10" name="Table_10_generation_works_with_risk_difference_column">
      <skipped message="Reason: On CRAN ('test-table_10.R:60:3')"/>
    </testcase>
  </testsuite>
  <testsuite name="table_11" timestamp="2023-09-29T15:54:17Z" hostname="a4c40a22fc76" tests="12" skipped="3" failures="0" errors="0" time="2.645">
    <testcase time="0.0279999999999987" classname="table_11" name="Table_11_generation_works_with_default_values"/>
    <testcase time="0.0549999999999997" classname="table_11" name="Table_11_generation_works_with_default_values"/>
    <testcase time="0.641000000000002" classname="table_11" name="Table_11_generation_works_with_default_values"/>
    <testcase time="0.137999999999998" classname="table_11" name="Table_11_generation_works_with_default_values">
      <skipped message="Reason: On CRAN ('test-table_11.R:18:3')"/>
    </testcase>
    <testcase time="0.0180000000000007" classname="table_11" name="Table_11_generation_works_with_custom_values"/>
    <testcase time="0.0539999999999985" classname="table_11" name="Table_11_generation_works_with_custom_values"/>
    <testcase time="0.595000000000002" classname="table_11" name="Table_11_generation_works_with_custom_values"/>
    <testcase time="0.0739999999999981" classname="table_11" name="Table_11_generation_works_with_custom_values">
      <skipped message="Reason: On CRAN ('test-table_11.R:48:3')"/>
    </testcase>
    <testcase time="0.0180000000000007" classname="table_11" name="Table_11_generation_works_with_risk_difference_column"/>
    <testcase time="0.0549999999999997" classname="table_11" name="Table_11_generation_works_with_risk_difference_column"/>
    <testcase time="0.805999999999997" classname="table_11" name="Table_11_generation_works_with_risk_difference_column"/>
    <testcase time="0.163000000000004" classname="table_11" name="Table_11_generation_works_with_risk_difference_column">
      <skipped message="Reason: On CRAN ('test-table_11.R:56:3')"/>
    </testcase>
  </testsuite>
  <testsuite name="table_12" timestamp="2023-09-29T15:54:20Z" hostname="a4c40a22fc76" tests="12" skipped="3" failures="0" errors="0" time="3.379">
    <testcase time="0.0240000000000009" classname="table_12" name="Table_12_generation_works_with_default_values"/>
    <testcase time="0.0569999999999951" classname="table_12" name="Table_12_generation_works_with_default_values"/>
    <testcase time="0.864000000000004" classname="table_12" name="Table_12_generation_works_with_default_values"/>
    <testcase time="0.110999999999997" classname="table_12" name="Table_12_generation_works_with_default_values">
      <skipped message="Reason: On CRAN ('test-table_12.R:9:3')"/>
    </testcase>
    <testcase time="0.0180000000000007" classname="table_12" name="Table_12_generation_works_with_custom_values"/>
    <testcase time="0.0579999999999998" classname="table_12" name="Table_12_generation_works_with_custom_values"/>
    <testcase time="0.856999999999999" classname="table_12" name="Table_12_generation_works_with_custom_values"/>
    <testcase time="0.119" classname="table_12" name="Table_12_generation_works_with_custom_values">
      <skipped message="Reason: On CRAN ('test-table_12.R:39:3')"/>
    </testcase>
    <testcase time="0.0169999999999959" classname="table_12" name="Table_12_generation_works_with_risk_difference_column"/>
    <testcase time="0.0560000000000045" classname="table_12" name="Table_12_generation_works_with_risk_difference_column"/>
    <testcase time="1.061" classname="table_12" name="Table_12_generation_works_with_risk_difference_column"/>
    <testcase time="0.137" classname="table_12" name="Table_12_generation_works_with_risk_difference_column">
      <skipped message="Reason: On CRAN ('test-table_12.R:47:3')"/>
    </testcase>
  </testsuite>
  <testsuite name="table_13" timestamp="2023-09-29T15:54:23Z" hostname="a4c40a22fc76" tests="12" skipped="3" failures="0" errors="0" time="0.879">
    <testcase time="0.0229999999999961" classname="table_13" name="Table_13_generation_works_with_default_values"/>
    <testcase time="0.054000000000002" classname="table_13" name="Table_13_generation_works_with_default_values"/>
    <testcase time="0.131" classname="table_13" name="Table_13_generation_works_with_default_values"/>
    <testcase time="0.0769999999999982" classname="table_13" name="Table_13_generation_works_with_default_values">
      <skipped message="Reason: On CRAN ('test-table_13.R:8:3')"/>
    </testcase>
    <testcase time="0.0180000000000007" classname="table_13" name="Table_13_generation_works_with_custom_values"/>
    <testcase time="0.054000000000002" classname="table_13" name="Table_13_generation_works_with_custom_values"/>
    <testcase time="0.161999999999999" classname="table_13" name="Table_13_generation_works_with_custom_values"/>
    <testcase time="0.0509999999999948" classname="table_13" name="Table_13_generation_works_with_custom_values">
      <skipped message="Reason: On CRAN ('test-table_13.R:38:3')"/>
    </testcase>
    <testcase time="0.0180000000000007" classname="table_13" name="Table_13_generation_works_with_risk_difference_column"/>
    <testcase time="0.0549999999999997" classname="table_13" name="Table_13_generation_works_with_risk_difference_column"/>
    <testcase time="0.159000000000006" classname="table_13" name="Table_13_generation_works_with_risk_difference_column"/>
    <testcase time="0.0769999999999982" classname="table_13" name="Table_13_generation_works_with_risk_difference_column">
      <skipped message="Reason: On CRAN ('test-table_13.R:46:3')"/>
    </testcase>
  </testsuite>
  <testsuite name="table_14" timestamp="2023-09-29T15:54:24Z" hostname="a4c40a22fc76" tests="13" skipped="4" failures="0" errors="0" time="3.465">
    <testcase time="0.0319999999999965" classname="table_14" name="Table_14_generation_works_with_default_values"/>
    <testcase time="0.616" classname="table_14" name="Table_14_generation_works_with_default_values"/>
    <testcase time="0.150000000000006" classname="table_14" name="Table_14_generation_works_with_default_values">
      <skipped message="Reason: On CRAN ('test-table_14.R:16:3')"/>
    </testcase>
    <testcase time="0.0179999999999936" classname="table_14" name="Table_14_generation_works_with_custom_values"/>
    <testcase time="0.0550000000000068" classname="table_14" name="Table_14_generation_works_with_custom_values"/>
    <testcase time="0.668999999999997" classname="table_14" name="Table_14_generation_works_with_custom_values"/>
    <testcase time="0.158000000000001" classname="table_14" name="Table_14_generation_works_with_custom_values">
      <skipped message="Reason: On CRAN ('test-table_14.R:46:3')"/>
    </testcase>
    <testcase time="0.0180000000000007" classname="table_14" name="Table_14_generation_works_with_NA_values_pruned_rows"/>
    <testcase time="0.622" classname="table_14" name="Table_14_generation_works_with_NA_values_pruned_rows"/>
    <testcase time="0.126999999999995" classname="table_14" name="Table_14_generation_works_with_NA_values_pruned_rows">
      <skipped message="Reason: On CRAN ('test-table_14.R:53:3')"/>
    </testcase>
    <testcase time="0.0180000000000007" classname="table_14" name="Table_14_generation_works_with_risk_difference_column"/>
    <testcase time="0.797000000000004" classname="table_14" name="Table_14_generation_works_with_risk_difference_column"/>
    <testcase time="0.184999999999995" classname="table_14" name="Table_14_generation_works_with_risk_difference_column">
      <skipped message="Reason: On CRAN ('test-table_14.R:61:3')"/>
    </testcase>
  </testsuite>
  <testsuite name="table_20" timestamp="2023-09-29T15:54:28Z" hostname="a4c40a22fc76" tests="24" skipped="4" failures="0" errors="0" time="2.877">
    <testcase time="0.0280000000000058" classname="table_20" name="Table_20_generation_works_with_default_values"/>
    <testcase time="0.00199999999999534" classname="table_20" name="Table_20_generation_works_with_default_values"/>
    <testcase time="0.00100000000000477" classname="table_20" name="Table_20_generation_works_with_default_values"/>
    <testcase time="0.0609999999999999" classname="table_20" name="Table_20_generation_works_with_default_values"/>
    <testcase time="0.451999999999998" classname="table_20" name="Table_20_generation_works_with_default_values"/>
    <testcase time="0.088000000000001" classname="table_20" name="Table_20_generation_works_with_default_values">
      <skipped message="Reason: On CRAN ('test-table_20.R:17:3')"/>
    </testcase>
    <testcase time="0.0180000000000007" classname="table_20" name="Table_20_generation_works_with_custom_values"/>
    <testcase time="0.000999999999997669" classname="table_20" name="Table_20_generation_works_with_custom_values"/>
    <testcase time="0.00200000000000244" classname="table_20" name="Table_20_generation_works_with_custom_values"/>
    <testcase time="0.0489999999999995" classname="table_20" name="Table_20_generation_works_with_custom_values"/>
    <testcase time="0.660999999999994" classname="table_20" name="Table_20_generation_works_with_custom_values"/>
    <testcase time="0.127000000000002" classname="table_20" name="Table_20_generation_works_with_custom_values">
      <skipped message="Reason: On CRAN ('test-table_20.R:65:3')"/>
    </testcase>
    <testcase time="0.017000000000003" classname="table_20" name="Table_20_generation_works_with_missing_values_pruned_rows"/>
    <testcase time="0.000999999999997669" classname="table_20" name="Table_20_generation_works_with_missing_values_pruned_rows"/>
    <testcase time="0.00200000000000244" classname="table_20" name="Table_20_generation_works_with_missing_values_pruned_rows"/>
    <testcase time="0.046999999999997" classname="table_20" name="Table_20_generation_works_with_missing_values_pruned_rows"/>
    <testcase time="0.439999999999998" classname="table_20" name="Table_20_generation_works_with_missing_values_pruned_rows"/>
    <testcase time="0.101000000000006" classname="table_20" name="Table_20_generation_works_with_missing_values_pruned_rows">
      <skipped message="Reason: On CRAN ('test-table_20.R:74:3')"/>
    </testcase>
    <testcase time="0.0189999999999984" classname="table_20" name="Table_20_generation_works_with_risk_difference_column"/>
    <testcase time="0.000999999999997669" classname="table_20" name="Table_20_generation_works_with_risk_difference_column"/>
    <testcase time="0.000999999999997669" classname="table_20" name="Table_20_generation_works_with_risk_difference_column"/>
    <testcase time="0.0489999999999995" classname="table_20" name="Table_20_generation_works_with_risk_difference_column"/>
    <testcase time="0.604000000000006" classname="table_20" name="Table_20_generation_works_with_risk_difference_column"/>
    <testcase time="0.104999999999997" classname="table_20" name="Table_20_generation_works_with_risk_difference_column">
      <skipped message="Reason: On CRAN ('test-table_20.R:82:3')"/>
    </testcase>
  </testsuite>
  <testsuite name="table_21" timestamp="2023-09-29T15:54:31Z" hostname="a4c40a22fc76" tests="19" skipped="4" failures="0" errors="0" time="2.828">
    <testcase time="0.0820000000000007" classname="table_21" name="Table_21_generation_works_with_default_values"/>
    <testcase time="0.000999999999997669" classname="table_21" name="Table_21_generation_works_with_default_values"/>
    <testcase time="0.649000000000001" classname="table_21" name="Table_21_generation_works_with_default_values"/>
    <testcase time="0.103000000000002" classname="table_21" name="Table_21_generation_works_with_default_values">
      <skipped message="Reason: On CRAN ('test-table_21.R:22:3')"/>
    </testcase>
    <testcase time="0.0180000000000007" classname="table_21" name="Table_21_generation_works_with_custom_values_N_s_denominator_and_overall_column"/>
    <testcase time="0.000999999999997669" classname="table_21" name="Table_21_generation_works_with_custom_values_N_s_denominator_and_overall_column"/>
    <testcase time="0.0919999999999987" classname="table_21" name="Table_21_generation_works_with_custom_values_N_s_denominator_and_overall_column"/>
    <testcase time="0.776000000000003" classname="table_21" name="Table_21_generation_works_with_custom_values_N_s_denominator_and_overall_column"/>
    <testcase time="0.119999999999997" classname="table_21" name="Table_21_generation_works_with_custom_values_N_s_denominator_and_overall_column">
      <skipped message="Reason: On CRAN ('test-table_21.R:34:3')"/>
    </testcase>
    <testcase time="0.017000000000003" classname="table_21" name="Table_21_generation_works_with_custom_values_N_col_denominator_and_no_overall_column"/>
    <testcase time="0.00199999999999534" classname="table_21" name="Table_21_generation_works_with_custom_values_N_col_denominator_and_no_overall_column"/>
    <testcase time="0.0579999999999998" classname="table_21" name="Table_21_generation_works_with_custom_values_N_col_denominator_and_no_overall_column"/>
    <testcase time="0.341000000000001" classname="table_21" name="Table_21_generation_works_with_custom_values_N_col_denominator_and_no_overall_column"/>
    <testcase time="0.100000000000001" classname="table_21" name="Table_21_generation_works_with_custom_values_N_col_denominator_and_no_overall_column">
      <skipped message="Reason: On CRAN ('test-table_21.R:62:3')"/>
    </testcase>
    <testcase time="0.0720000000000027" classname="table_21" name="Table_21_generation_works_with_some_NA_values"/>
    <testcase time="0.00199999999999534" classname="table_21" name="Table_21_generation_works_with_some_NA_values"/>
    <testcase time="0.0670000000000002" classname="table_21" name="Table_21_generation_works_with_some_NA_values"/>
    <testcase time="0.257000000000005" classname="table_21" name="Table_21_generation_works_with_some_NA_values"/>
    <testcase time="0.0700000000000003" classname="table_21" name="Table_21_generation_works_with_some_NA_values">
      <skipped message="Reason: On CRAN ('test-table_21.R:82:3')"/>
    </testcase>
  </testsuite>
  <testsuite name="table_32" timestamp="2023-09-29T15:54:33Z" hostname="a4c40a22fc76" tests="16" skipped="4" failures="0" errors="0" time="1.159">
    <testcase time="0.0240000000000009" classname="table_32" name="Table_32_generation_works_with_default_values"/>
    <testcase time="0.0659999999999954" classname="table_32" name="Table_32_generation_works_with_default_values"/>
    <testcase time="0.133000000000003" classname="table_32" name="Table_32_generation_works_with_default_values"/>
    <testcase time="0.046999999999997" classname="table_32" name="Table_32_generation_works_with_default_values">
      <skipped message="Reason: On CRAN ('test-table_32.R:8:3')"/>
    </testcase>
    <testcase time="0.0180000000000007" classname="table_32" name="Table_32_generation_works_with_custom_values"/>
    <testcase time="0.0670000000000002" classname="table_32" name="Table_32_generation_works_with_custom_values"/>
    <testcase time="0.160000000000004" classname="table_32" name="Table_32_generation_works_with_custom_values"/>
    <testcase time="0.0579999999999998" classname="table_32" name="Table_32_generation_works_with_custom_values">
      <skipped message="Reason: On CRAN ('test-table_32.R:30:3')"/>
    </testcase>
    <testcase time="0.029999999999994" classname="table_32" name="Table_32_generation_works_with_pruned_rows"/>
    <testcase time="0.0600000000000023" classname="table_32" name="Table_32_generation_works_with_pruned_rows"/>
    <testcase time="0.128999999999998" classname="table_32" name="Table_32_generation_works_with_pruned_rows"/>
    <testcase time="0.0500000000000043" classname="table_32" name="Table_32_generation_works_with_pruned_rows">
      <skipped message="Reason: On CRAN ('test-table_32.R:37:3')"/>
    </testcase>
    <testcase time="0.0240000000000009" classname="table_32" name="Table_32_generation_works_with_risk_difference_column"/>
    <testcase time="0.0589999999999975" classname="table_32" name="Table_32_generation_works_with_risk_difference_column"/>
    <testcase time="0.164000000000001" classname="table_32" name="Table_32_generation_works_with_risk_difference_column"/>
    <testcase time="0.0700000000000003" classname="table_32" name="Table_32_generation_works_with_risk_difference_column">
      <skipped message="Reason: On CRAN ('test-table_32.R:45:3')"/>
    </testcase>
  </testsuite>
  <testsuite name="table_33" timestamp="2023-09-29T15:54:35Z" hostname="a4c40a22fc76" tests="16" skipped="4" failures="0" errors="0" time="1.897">
    <testcase time="0.0240000000000009" classname="table_33" name="Table_33_generation_works_with_default_values"/>
    <testcase time="0.281999999999996" classname="table_33" name="Table_33_generation_works_with_default_values"/>
    <testcase time="0.108000000000004" classname="table_33" name="Table_33_generation_works_with_default_values"/>
    <testcase time="0.0479999999999947" classname="table_33" name="Table_33_generation_works_with_default_values">
      <skipped message="Reason: On CRAN ('test-table_33.R:8:3')"/>
    </testcase>
    <testcase time="0.0210000000000008" classname="table_33" name="Table_33_generation_works_with_custom_values"/>
    <testcase time="0.279000000000003" classname="table_33" name="Table_33_generation_works_with_custom_values"/>
    <testcase time="0.129999999999995" classname="table_33" name="Table_33_generation_works_with_custom_values"/>
    <testcase time="0.0590000000000046" classname="table_33" name="Table_33_generation_works_with_custom_values">
      <skipped message="Reason: On CRAN ('test-table_33.R:34:3')"/>
    </testcase>
    <testcase time="0.0189999999999984" classname="table_33" name="Table_33_generation_works_with_pruned_rows"/>
    <testcase time="0.295000000000002" classname="table_33" name="Table_33_generation_works_with_pruned_rows"/>
    <testcase time="0.106999999999999" classname="table_33" name="Table_33_generation_works_with_pruned_rows"/>
    <testcase time="0.0330000000000013" classname="table_33" name="Table_33_generation_works_with_pruned_rows">
      <skipped message="Reason: On CRAN ('test-table_33.R:42:3')"/>
    </testcase>
    <testcase time="0.0279999999999987" classname="table_33" name="Table_33_generation_works_with_risk_difference_column"/>
    <testcase time="0.289999999999999" classname="table_33" name="Table_33_generation_works_with_risk_difference_column"/>
    <testcase time="0.133000000000003" classname="table_33" name="Table_33_generation_works_with_risk_difference_column"/>
    <testcase time="0.0409999999999968" classname="table_33" name="Table_33_generation_works_with_risk_difference_column">
      <skipped message="Reason: On CRAN ('test-table_33.R:50:3')"/>
    </testcase>
  </testsuite>
  <testsuite name="table_34" timestamp="2023-09-29T15:54:36Z" hostname="a4c40a22fc76" tests="12" skipped="3" failures="0" errors="0" time="6.689">
    <testcase time="0.0429999999999993" classname="table_34" name="Table_34_generation_works_with_default_values"/>
    <testcase time="0.0489999999999995" classname="table_34" name="Table_34_generation_works_with_default_values"/>
    <testcase time="1.838" classname="table_34" name="Table_34_generation_works_with_default_values"/>
    <testcase time="0.222999999999999" classname="table_34" name="Table_34_generation_works_with_default_values">
      <skipped message="Reason: On CRAN ('test-table_34.R:17:3')"/>
    </testcase>
    <testcase time="0.0189999999999984" classname="table_34" name="Table_34_generation_works_with_custom_values"/>
    <testcase time="0.0420000000000016" classname="table_34" name="Table_34_generation_works_with_custom_values"/>
    <testcase time="2.061" classname="table_34" name="Table_34_generation_works_with_custom_values"/>
    <testcase time="0.0790000000000006" classname="table_34" name="Table_34_generation_works_with_custom_values">
      <skipped message="Reason: On CRAN ('test-table_34.R:49:3')"/>
    </testcase>
    <testcase time="0.0180000000000007" classname="table_34" name="Table_34_generation_works_with_risk_difference_column"/>
    <testcase time="0.0459999999999994" classname="table_34" name="Table_34_generation_works_with_risk_difference_column"/>
    <testcase time="2.042" classname="table_34" name="Table_34_generation_works_with_risk_difference_column"/>
    <testcase time="0.228999999999999" classname="table_34" name="Table_34_generation_works_with_risk_difference_column">
      <skipped message="Reason: On CRAN ('test-table_34.R:57:3')"/>
    </testcase>
  </testsuite>
</testsuites>
