<?xml version="1.0" encoding="UTF-8"?>
<testsuites>
  <testsuite name="table_02" timestamp="2023-11-10T14:08:30Z" hostname="82dd6d68bfc5" tests="30" skipped="10" failures="0" errors="0" time="10.903">
    <testcase time="0.0540000000000003" classname="table_02" name="Table_02_generation_works_with_default_values"/>
    <testcase time="0.392" classname="table_02" name="Table_02_generation_works_with_default_values"/>
    <testcase time="0.172" classname="table_02" name="Table_02_generation_works_with_default_values">
      <skipped message="Reason: On CRAN ('test-table_02.R:16:3')"/>
    </testcase>
    <testcase time="0.056" classname="table_02" name="Table_02_generation_works_with_custom_values"/>
    <testcase time="0.286" classname="table_02" name="Table_02_generation_works_with_custom_values"/>
    <testcase time="0.178" classname="table_02" name="Table_02_generation_works_with_custom_values">
      <skipped message="Reason: On CRAN ('test-table_02.R:45:3')"/>
    </testcase>
    <testcase time="0.0449999999999999" classname="table_02" name="Table_02_generation_works_with_some_NA_values"/>
    <testcase time="0.073" classname="table_02" name="Table_02_generation_works_with_some_NA_values"/>
    <testcase time="0.0449999999999999" classname="table_02" name="Table_02_generation_works_with_some_NA_values">
      <skipped message="Reason: On CRAN ('test-table_02.R:57:3')"/>
    </testcase>
    <testcase time="0.0169999999999999" classname="table_02" name="Table_02_generation_tplyr_works_with_default_values"/>
    <testcase time="1.258" classname="table_02" name="Table_02_generation_tplyr_works_with_default_values"/>
    <testcase time="0.0249999999999995" classname="table_02" name="Table_02_generation_tplyr_works_with_default_values">
      <skipped message="Reason: On CRAN ('test-table_02.R:66:3')"/>
    </testcase>
    <testcase time="0.0150000000000006" classname="table_02" name="Table_02_generation_tplyr_works_with_tplyr_raw_TRUE"/>
    <testcase time="0.824999999999999" classname="table_02" name="Table_02_generation_tplyr_works_with_tplyr_raw_TRUE"/>
    <testcase time="0.0180000000000007" classname="table_02" name="Table_02_generation_tplyr_works_with_tplyr_raw_TRUE">
      <skipped message="Reason: On CRAN ('test-table_02.R:75:3')"/>
    </testcase>
    <testcase time="0.0339999999999998" classname="table_02" name="Table_02_generation_tplyr_works_with_custom_values"/>
    <testcase time="1.212" classname="table_02" name="Table_02_generation_tplyr_works_with_custom_values"/>
    <testcase time="0.0170000000000003" classname="table_02" name="Table_02_generation_tplyr_works_with_custom_values">
      <skipped message="Reason: On CRAN ('test-table_02.R:102:3')"/>
    </testcase>
    <testcase time="0.0279999999999996" classname="table_02" name="Table_02_generation_tplyr_works_with_some_NA_values"/>
    <testcase time="0.509" classname="table_02" name="Table_02_generation_tplyr_works_with_some_NA_values"/>
    <testcase time="0.0170000000000003" classname="table_02" name="Table_02_generation_tplyr_works_with_some_NA_values">
      <skipped message="Reason: On CRAN ('test-table_02.R:119:3')"/>
    </testcase>
    <testcase time="0.0149999999999997" classname="table_02" name="Table_02_generation_gtsum_works_with_default_values"/>
    <testcase time="2.239" classname="table_02" name="Table_02_generation_gtsum_works_with_default_values"/>
    <testcase time="0.00699999999999967" classname="table_02" name="Table_02_generation_gtsum_works_with_default_values">
      <skipped message="Reason: On CRAN ('test-table_02.R:128:3')"/>
    </testcase>
    <testcase time="0.0350000000000001" classname="table_02" name="Table_02_generation_gtsum_works_with_custom_values"/>
    <testcase time="2.482" classname="table_02" name="Table_02_generation_gtsum_works_with_custom_values"/>
    <testcase time="0.00699999999999967" classname="table_02" name="Table_02_generation_gtsum_works_with_custom_values">
      <skipped message="Reason: On CRAN ('test-table_02.R:146:3')"/>
    </testcase>
    <testcase time="0.0289999999999999" classname="table_02" name="Table_02_generation_gtsum_works_with_some_NA_values"/>
    <testcase time="0.802" classname="table_02" name="Table_02_generation_gtsum_works_with_some_NA_values"/>
    <testcase time="0.0109999999999992" classname="table_02" name="Table_02_generation_gtsum_works_with_some_NA_values">
      <skipped message="Reason: On CRAN ('test-table_02.R:160:3')"/>
    </testcase>
  </testsuite>
  <testsuite name="table_03" timestamp="2023-11-10T14:08:41Z" hostname="82dd6d68bfc5" tests="8" skipped="2" failures="0" errors="0" time="0.635">
    <testcase time="0.0290000000000017" classname="table_03" name="Table_3_generation_works_with_default_values"/>
    <testcase time="0.000999999999999446" classname="table_03" name="Table_3_generation_works_with_default_values"/>
    <testcase time="0.246" classname="table_03" name="Table_3_generation_works_with_default_values"/>
    <testcase time="0.0429999999999993" classname="table_03" name="Table_3_generation_works_with_default_values">
      <skipped message="Reason: On CRAN ('test-table_03.R:21:3')"/>
    </testcase>
    <testcase time="0.0150000000000006" classname="table_03" name="Table_3_generation_works_with_custom_values"/>
    <testcase time="0.000999999999999446" classname="table_03" name="Table_3_generation_works_with_custom_values"/>
    <testcase time="0.239000000000001" classname="table_03" name="Table_3_generation_works_with_custom_values"/>
    <testcase time="0.0609999999999999" classname="table_03" name="Table_3_generation_works_with_custom_values">
      <skipped message="Reason: On CRAN ('test-table_03.R:41:3')"/>
    </testcase>
  </testsuite>
  <testsuite name="table_04" timestamp="2023-11-10T14:08:42Z" hostname="82dd6d68bfc5" tests="9" skipped="2" failures="0" errors="0" time="0.626">
    <testcase time="0.032" classname="table_04" name="Table_04_generation_works_with_default_values"/>
    <testcase time="0.216999999999999" classname="table_04" name="Table_04_generation_works_with_default_values"/>
    <testcase time="0.0640000000000001" classname="table_04" name="Table_04_generation_works_with_default_values">
      <skipped message="Reason: On CRAN ('test-table_04.R:18:3')"/>
    </testcase>
    <testcase time="0.0140000000000011" classname="table_04" name="Table_04_generation_works_with_custom_values"/>
    <testcase time="0.00199999999999889" classname="table_04" name="Table_04_generation_works_with_custom_values"/>
    <testcase time="0.00100000000000122" classname="table_04" name="Table_04_generation_works_with_custom_values"/>
    <testcase time="0.000999999999999446" classname="table_04" name="Table_04_generation_works_with_custom_values"/>
    <testcase time="0.237" classname="table_04" name="Table_04_generation_works_with_custom_values"/>
    <testcase time="0.0579999999999998" classname="table_04" name="Table_04_generation_works_with_custom_values">
      <skipped message="Reason: On CRAN ('test-table_04.R:46:3')"/>
    </testcase>
  </testsuite>
  <testsuite name="table_05" timestamp="2023-11-10T14:08:42Z" hostname="82dd6d68bfc5" tests="12" skipped="4" failures="0" errors="0" time="1.092">
    <testcase time="0.138999999999999" classname="table_05" name="Table_05_generation_works_with_default_values"/>
    <testcase time="0.156000000000001" classname="table_05" name="Table_05_generation_works_with_default_values"/>
    <testcase time="0.0649999999999995" classname="table_05" name="Table_05_generation_works_with_default_values">
      <skipped message="Reason: On CRAN ('test-table_05.R:10:3')"/>
    </testcase>
    <testcase time="0.0150000000000006" classname="table_05" name="Table_05_generation_works_with_custom_values"/>
    <testcase time="0.175000000000001" classname="table_05" name="Table_05_generation_works_with_custom_values"/>
    <testcase time="0.0629999999999988" classname="table_05" name="Table_05_generation_works_with_custom_values">
      <skipped message="Reason: On CRAN ('test-table_05.R:34:3')"/>
    </testcase>
    <testcase time="0.016" classname="table_05" name="Table_05_generation_works_with_NA_values_pruned_rows"/>
    <testcase time="0.153" classname="table_05" name="Table_05_generation_works_with_NA_values_pruned_rows"/>
    <testcase time="0.0549999999999997" classname="table_05" name="Table_05_generation_works_with_NA_values_pruned_rows">
      <skipped message="Reason: On CRAN ('test-table_05.R:44:3')"/>
    </testcase>
    <testcase time="0.0140000000000011" classname="table_05" name="Table_05_generation_works_with_risk_difference_column"/>
    <testcase time="0.179" classname="table_05" name="Table_05_generation_works_with_risk_difference_column"/>
    <testcase time="0.0619999999999994" classname="table_05" name="Table_05_generation_works_with_risk_difference_column">
      <skipped message="Reason: On CRAN ('test-table_05.R:57:3')"/>
    </testcase>
  </testsuite>
  <testsuite name="table_06" timestamp="2023-11-10T14:08:43Z" hostname="82dd6d68bfc5" tests="15" skipped="3" failures="0" errors="0" time="1.639">
    <testcase time="0.0269999999999992" classname="table_06" name="Table_06_generation_works_with_default_values"/>
    <testcase time="0.00200000000000067" classname="table_06" name="Table_06_generation_works_with_default_values"/>
    <testcase time="0.0419999999999998" classname="table_06" name="Table_06_generation_works_with_default_values"/>
    <testcase time="0.339" classname="table_06" name="Table_06_generation_works_with_default_values"/>
    <testcase time="0.0710000000000015" classname="table_06" name="Table_06_generation_works_with_default_values">
      <skipped message="Reason: On CRAN ('test-table_06.R:8:3')"/>
    </testcase>
    <testcase time="0.014999999999997" classname="table_06" name="Table_06_generation_works_with_custom_values"/>
    <testcase time="0.00100000000000122" classname="table_06" name="Table_06_generation_works_with_custom_values"/>
    <testcase time="0.0380000000000003" classname="table_06" name="Table_06_generation_works_with_custom_values"/>
    <testcase time="0.440999999999999" classname="table_06" name="Table_06_generation_works_with_custom_values"/>
    <testcase time="0.108000000000001" classname="table_06" name="Table_06_generation_works_with_custom_values">
      <skipped message="Reason: On CRAN ('test-table_06.R:40:3')"/>
    </testcase>
    <testcase time="0.0150000000000006" classname="table_06" name="Table_06_generation_works_with_risk_difference_column"/>
    <testcase time="0.00100000000000122" classname="table_06" name="Table_06_generation_works_with_risk_difference_column"/>
    <testcase time="0.0379999999999967" classname="table_06" name="Table_06_generation_works_with_risk_difference_column"/>
    <testcase time="0.412000000000003" classname="table_06" name="Table_06_generation_works_with_risk_difference_column"/>
    <testcase time="0.0889999999999986" classname="table_06" name="Table_06_generation_works_with_risk_difference_column">
      <skipped message="Reason: On CRAN ('test-table_06.R:48:3')"/>
    </testcase>
  </testsuite>
  <testsuite name="table_07" timestamp="2023-11-10T14:08:45Z" hostname="82dd6d68bfc5" tests="24" skipped="4" failures="0" errors="0" time="1.791">
    <testcase time="0.022000000000002" classname="table_07" name="Table_07_generation_works_with_default_values"/>
    <testcase time="0.000999999999997669" classname="table_07" name="Table_07_generation_works_with_default_values"/>
    <testcase time="0.00100000000000122" classname="table_07" name="Table_07_generation_works_with_default_values"/>
    <testcase time="0.0279999999999987" classname="table_07" name="Table_07_generation_works_with_default_values"/>
    <testcase time="0.272000000000002" classname="table_07" name="Table_07_generation_works_with_default_values"/>
    <testcase time="0.0869999999999997" classname="table_07" name="Table_07_generation_works_with_default_values">
      <skipped message="Reason: On CRAN ('test-table_07.R:13:3')"/>
    </testcase>
    <testcase time="0.0150000000000006" classname="table_07" name="Table_07_generation_works_with_custom_values"/>
    <testcase time="0.00199999999999889" classname="table_07" name="Table_07_generation_works_with_custom_values"/>
    <testcase time="0.00100000000000122" classname="table_07" name="Table_07_generation_works_with_custom_values"/>
    <testcase time="0.0289999999999999" classname="table_07" name="Table_07_generation_works_with_custom_values"/>
    <testcase time="0.369" classname="table_07" name="Table_07_generation_works_with_custom_values"/>
    <testcase time="0.119" classname="table_07" name="Table_07_generation_works_with_custom_values">
      <skipped message="Reason: On CRAN ('test-table_07.R:42:3')"/>
    </testcase>
    <testcase time="0.0150000000000006" classname="table_07" name="Table_07_generation_works_with_NA_values_pruned_rows"/>
    <testcase time="0.00199999999999889" classname="table_07" name="Table_07_generation_works_with_NA_values_pruned_rows"/>
    <testcase time="0.00100000000000122" classname="table_07" name="Table_07_generation_works_with_NA_values_pruned_rows"/>
    <testcase time="0.0269999999999975" classname="table_07" name="Table_07_generation_works_with_NA_values_pruned_rows"/>
    <testcase time="0.248000000000001" classname="table_07" name="Table_07_generation_works_with_NA_values_pruned_rows"/>
    <testcase time="0.0899999999999999" classname="table_07" name="Table_07_generation_works_with_NA_values_pruned_rows">
      <skipped message="Reason: On CRAN ('test-table_07.R:52:3')"/>
    </testcase>
    <testcase time="0.0139999999999993" classname="table_07" name="Table_07_generation_works_with_risk_difference_column"/>
    <testcase time="0.00199999999999889" classname="table_07" name="Table_07_generation_works_with_risk_difference_column"/>
    <testcase time="0.00100000000000122" classname="table_07" name="Table_07_generation_works_with_risk_difference_column"/>
    <testcase time="0.027000000000001" classname="table_07" name="Table_07_generation_works_with_risk_difference_column"/>
    <testcase time="0.311" classname="table_07" name="Table_07_generation_works_with_risk_difference_column"/>
    <testcase time="0.106999999999999" classname="table_07" name="Table_07_generation_works_with_risk_difference_column">
      <skipped message="Reason: On CRAN ('test-table_07.R:65:3')"/>
    </testcase>
  </testsuite>
  <testsuite name="table_08" timestamp="2023-11-10T14:08:47Z" hostname="82dd6d68bfc5" tests="12" skipped="2" failures="0" errors="0" time="0.439">
    <testcase time="0.0190000000000019" classname="table_08" name="Table_08_generation_works_with_default_values"/>
    <testcase time="0.00199999999999889" classname="table_08" name="Table_08_generation_works_with_default_values"/>
    <testcase time="0.0279999999999987" classname="table_08" name="Table_08_generation_works_with_default_values"/>
    <testcase time="0.0330000000000013" classname="table_08" name="Table_08_generation_works_with_default_values"/>
    <testcase time="0.0259999999999998" classname="table_08" name="Table_08_generation_works_with_default_values"/>
    <testcase time="0.100999999999999" classname="table_08" name="Table_08_generation_works_with_default_values">
      <skipped message="Reason: On CRAN ('test-table_08.R:10:3')"/>
    </testcase>
    <testcase time="0.0139999999999993" classname="table_08" name="Table_08_generation_works_with_custom_values"/>
    <testcase time="0.00200000000000244" classname="table_08" name="Table_08_generation_works_with_custom_values"/>
    <testcase time="0.0299999999999976" classname="table_08" name="Table_08_generation_works_with_custom_values"/>
    <testcase time="0.0330000000000013" classname="table_08" name="Table_08_generation_works_with_custom_values"/>
    <testcase time="0.0219999999999985" classname="table_08" name="Table_08_generation_works_with_custom_values"/>
    <testcase time="0.129000000000001" classname="table_08" name="Table_08_generation_works_with_custom_values">
      <skipped message="Reason: On CRAN ('test-table_08.R:31:3')"/>
    </testcase>
  </testsuite>
  <testsuite name="table_09" timestamp="2023-11-10T14:08:47Z" hostname="82dd6d68bfc5" tests="16" skipped="5" failures="0" errors="0" time="1.498">
    <testcase time="0.0210000000000008" classname="table_09" name="Table_09_generation_works_with_default_values"/>
    <testcase time="0.0279999999999987" classname="table_09" name="Table_09_generation_works_with_default_values"/>
    <testcase time="0.243000000000002" classname="table_09" name="Table_09_generation_works_with_default_values"/>
    <testcase time="0.0479999999999983" classname="table_09" name="Table_09_generation_works_with_default_values">
      <skipped message="Reason: On CRAN ('test-table_09.R:8:3')"/>
    </testcase>
    <testcase time="0.0160000000000018" classname="table_09" name="Table_09_generation_works_with_custom_values"/>
    <testcase time="0.0289999999999999" classname="table_09" name="Table_09_generation_works_with_custom_values"/>
    <testcase time="0.303999999999998" classname="table_09" name="Table_09_generation_works_with_custom_values"/>
    <testcase time="0.0549999999999997" classname="table_09" name="Table_09_generation_works_with_custom_values">
      <skipped message="Reason: On CRAN ('test-table_09.R:39:3')"/>
    </testcase>
    <testcase time="0.0139999999999993" classname="table_09" name="Table_09_gt_generation_works_with_risk_difference_column"/>
    <testcase time="0.0280000000000022" classname="table_09" name="Table_09_gt_generation_works_with_risk_difference_column"/>
    <testcase time="0.297999999999998" classname="table_09" name="Table_09_gt_generation_works_with_risk_difference_column"/>
    <testcase time="0.054000000000002" classname="table_09" name="Table_09_gt_generation_works_with_risk_difference_column">
      <skipped message="Reason: On CRAN ('test-table_09.R:47:3')"/>
    </testcase>
    <testcase time="0.0229999999999997" classname="table_09" name="Table_09_gt_generation_works_with_default_values"/>
    <testcase time="0.122" classname="table_09" name="Table_09_gt_generation_works_with_default_values">
      <skipped message="Reason: On CRAN ('test-table_09.R:60:3')"/>
    </testcase>
    <testcase time="0.0139999999999993" classname="table_09" name="Table_09_gt_generation_works_with_custom_values"/>
    <testcase time="0.201000000000001" classname="table_09" name="Table_09_gt_generation_works_with_custom_values">
      <skipped message="Reason: On CRAN ('test-table_09.R:88:3')"/>
    </testcase>
  </testsuite>
  <testsuite name="table_10" timestamp="2023-11-10T14:08:49Z" hostname="82dd6d68bfc5" tests="15" skipped="3" failures="0" errors="0" time="1.31">
    <testcase time="0.0219999999999985" classname="table_10" name="Table_10_generation_works_with_default_values"/>
    <testcase time="0.00199999999999889" classname="table_10" name="Table_10_generation_works_with_default_values"/>
    <testcase time="0.0280000000000022" classname="table_10" name="Table_10_generation_works_with_default_values"/>
    <testcase time="0.283000000000001" classname="table_10" name="Table_10_generation_works_with_default_values"/>
    <testcase time="0.107999999999997" classname="table_10" name="Table_10_generation_works_with_default_values">
      <skipped message="Reason: On CRAN ('test-table_10.R:17:3')"/>
    </testcase>
    <testcase time="0.017000000000003" classname="table_10" name="Table_10_generation_works_with_custom_values"/>
    <testcase time="0.000999999999997669" classname="table_10" name="Table_10_generation_works_with_custom_values"/>
    <testcase time="0.0259999999999998" classname="table_10" name="Table_10_generation_works_with_custom_values"/>
    <testcase time="0.268000000000001" classname="table_10" name="Table_10_generation_works_with_custom_values"/>
    <testcase time="0.0509999999999984" classname="table_10" name="Table_10_generation_works_with_custom_values">
      <skipped message="Reason: On CRAN ('test-table_10.R:52:3')"/>
    </testcase>
    <testcase time="0.0210000000000008" classname="table_10" name="Table_10_generation_works_with_risk_difference_column"/>
    <testcase time="0.00200000000000244" classname="table_10" name="Table_10_generation_works_with_risk_difference_column"/>
    <testcase time="0.0289999999999999" classname="table_10" name="Table_10_generation_works_with_risk_difference_column"/>
    <testcase time="0.352999999999998" classname="table_10" name="Table_10_generation_works_with_risk_difference_column"/>
    <testcase time="0.0990000000000002" classname="table_10" name="Table_10_generation_works_with_risk_difference_column">
      <skipped message="Reason: On CRAN ('test-table_10.R:60:3')"/>
    </testcase>
  </testsuite>
  <testsuite name="table_11" timestamp="2023-11-10T14:08:50Z" hostname="82dd6d68bfc5" tests="12" skipped="3" failures="0" errors="0" time="1.987">
    <testcase time="0.0229999999999997" classname="table_11" name="Table_11_generation_works_with_default_values"/>
    <testcase time="0.0440000000000005" classname="table_11" name="Table_11_generation_works_with_default_values"/>
    <testcase time="0.471" classname="table_11" name="Table_11_generation_works_with_default_values"/>
    <testcase time="0.112000000000002" classname="table_11" name="Table_11_generation_works_with_default_values">
      <skipped message="Reason: On CRAN ('test-table_11.R:18:3')"/>
    </testcase>
    <testcase time="0.014999999999997" classname="table_11" name="Table_11_generation_works_with_custom_values"/>
    <testcase time="0.0310000000000024" classname="table_11" name="Table_11_generation_works_with_custom_values"/>
    <testcase time="0.449999999999999" classname="table_11" name="Table_11_generation_works_with_custom_values"/>
    <testcase time="0.0500000000000007" classname="table_11" name="Table_11_generation_works_with_custom_values">
      <skipped message="Reason: On CRAN ('test-table_11.R:48:3')"/>
    </testcase>
    <testcase time="0.0150000000000006" classname="table_11" name="Table_11_generation_works_with_risk_difference_column"/>
    <testcase time="0.0339999999999989" classname="table_11" name="Table_11_generation_works_with_risk_difference_column"/>
    <testcase time="0.616" classname="table_11" name="Table_11_generation_works_with_risk_difference_column"/>
    <testcase time="0.126000000000001" classname="table_11" name="Table_11_generation_works_with_risk_difference_column">
      <skipped message="Reason: On CRAN ('test-table_11.R:56:3')"/>
    </testcase>
  </testsuite>
  <testsuite name="table_12" timestamp="2023-11-10T14:08:52Z" hostname="82dd6d68bfc5" tests="12" skipped="3" failures="0" errors="0" time="2.51">
    <testcase time="0.0189999999999984" classname="table_12" name="Table_12_generation_works_with_default_values"/>
    <testcase time="0.0350000000000001" classname="table_12" name="Table_12_generation_works_with_default_values"/>
    <testcase time="0.635000000000002" classname="table_12" name="Table_12_generation_works_with_default_values"/>
    <testcase time="0.0819999999999972" classname="table_12" name="Table_12_generation_works_with_default_values">
      <skipped message="Reason: On CRAN ('test-table_12.R:9:3')"/>
    </testcase>
    <testcase time="0.0160000000000018" classname="table_12" name="Table_12_generation_works_with_custom_values"/>
    <testcase time="0.0350000000000001" classname="table_12" name="Table_12_generation_works_with_custom_values"/>
    <testcase time="0.655999999999999" classname="table_12" name="Table_12_generation_works_with_custom_values"/>
    <testcase time="0.0809999999999995" classname="table_12" name="Table_12_generation_works_with_custom_values">
      <skipped message="Reason: On CRAN ('test-table_12.R:39:3')"/>
    </testcase>
    <testcase time="0.0250000000000021" classname="table_12" name="Table_12_generation_works_with_risk_difference_column"/>
    <testcase time="0.0389999999999979" classname="table_12" name="Table_12_generation_works_with_risk_difference_column"/>
    <testcase time="0.780000000000001" classname="table_12" name="Table_12_generation_works_with_risk_difference_column"/>
    <testcase time="0.106999999999999" classname="table_12" name="Table_12_generation_works_with_risk_difference_column">
      <skipped message="Reason: On CRAN ('test-table_12.R:47:3')"/>
    </testcase>
  </testsuite>
  <testsuite name="table_13" timestamp="2023-11-10T14:08:55Z" hostname="82dd6d68bfc5" tests="12" skipped="3" failures="0" errors="0" time="0.634">
    <testcase time="0.0189999999999984" classname="table_13" name="Table_13_generation_works_with_default_values"/>
    <testcase time="0.0330000000000013" classname="table_13" name="Table_13_generation_works_with_default_values"/>
    <testcase time="0.103000000000002" classname="table_13" name="Table_13_generation_works_with_default_values"/>
    <testcase time="0.0509999999999984" classname="table_13" name="Table_13_generation_works_with_default_values">
      <skipped message="Reason: On CRAN ('test-table_13.R:8:3')"/>
    </testcase>
    <testcase time="0.0139999999999993" classname="table_13" name="Table_13_generation_works_with_custom_values"/>
    <testcase time="0.0339999999999989" classname="table_13" name="Table_13_generation_works_with_custom_values"/>
    <testcase time="0.119000000000003" classname="table_13" name="Table_13_generation_works_with_custom_values"/>
    <testcase time="0.0379999999999967" classname="table_13" name="Table_13_generation_works_with_custom_values">
      <skipped message="Reason: On CRAN ('test-table_13.R:38:3')"/>
    </testcase>
    <testcase time="0.0150000000000006" classname="table_13" name="Table_13_generation_works_with_risk_difference_column"/>
    <testcase time="0.0330000000000013" classname="table_13" name="Table_13_generation_works_with_risk_difference_column"/>
    <testcase time="0.119" classname="table_13" name="Table_13_generation_works_with_risk_difference_column"/>
    <testcase time="0.0560000000000009" classname="table_13" name="Table_13_generation_works_with_risk_difference_column">
      <skipped message="Reason: On CRAN ('test-table_13.R:46:3')"/>
    </testcase>
  </testsuite>
  <testsuite name="table_14" timestamp="2023-11-10T14:08:55Z" hostname="82dd6d68bfc5" tests="13" skipped="4" failures="0" errors="0" time="2.572">
    <testcase time="0.238" classname="table_14" name="Table_14_generation_works_with_default_values"/>
    <testcase time="0.414999999999999" classname="table_14" name="Table_14_generation_works_with_default_values"/>
    <testcase time="0.109999999999999" classname="table_14" name="Table_14_generation_works_with_default_values">
      <skipped message="Reason: On CRAN ('test-table_14.R:16:3')"/>
    </testcase>
    <testcase time="0.0150000000000006" classname="table_14" name="Table_14_generation_works_with_custom_values"/>
    <testcase time="0.0330000000000013" classname="table_14" name="Table_14_generation_works_with_custom_values"/>
    <testcase time="0.430999999999997" classname="table_14" name="Table_14_generation_works_with_custom_values"/>
    <testcase time="0.110000000000003" classname="table_14" name="Table_14_generation_works_with_custom_values">
      <skipped message="Reason: On CRAN ('test-table_14.R:46:3')"/>
    </testcase>
    <testcase time="0.0139999999999993" classname="table_14" name="Table_14_generation_works_with_NA_values_pruned_rows"/>
    <testcase time="0.417000000000002" classname="table_14" name="Table_14_generation_works_with_NA_values_pruned_rows"/>
    <testcase time="0.0940000000000012" classname="table_14" name="Table_14_generation_works_with_NA_values_pruned_rows">
      <skipped message="Reason: On CRAN ('test-table_14.R:53:3')"/>
    </testcase>
    <testcase time="0.0150000000000006" classname="table_14" name="Table_14_generation_works_with_risk_difference_column"/>
    <testcase time="0.552" classname="table_14" name="Table_14_generation_works_with_risk_difference_column"/>
    <testcase time="0.128" classname="table_14" name="Table_14_generation_works_with_risk_difference_column">
      <skipped message="Reason: On CRAN ('test-table_14.R:61:3')"/>
    </testcase>
  </testsuite>
  <testsuite name="table_15" timestamp="2023-11-10T14:08:58Z" hostname="82dd6d68bfc5" tests="16" skipped="4" failures="0" errors="0" time="1.315">
    <testcase time="0.0209999999999972" classname="table_15" name="Table_15_generation_works_with_default_values"/>
    <testcase time="0.0289999999999999" classname="table_15" name="Table_15_generation_works_with_default_values"/>
    <testcase time="0.199000000000002" classname="table_15" name="Table_15_generation_works_with_default_values"/>
    <testcase time="0.0760000000000005" classname="table_15" name="Table_15_generation_works_with_default_values">
      <skipped message="Reason: On CRAN ('test-table_15.R:19:3')"/>
    </testcase>
    <testcase time="0.0139999999999993" classname="table_15" name="Table_15_generation_works_with_custom_values"/>
    <testcase time="0.0300000000000011" classname="table_15" name="Table_15_generation_works_with_custom_values"/>
    <testcase time="0.195999999999998" classname="table_15" name="Table_15_generation_works_with_custom_values"/>
    <testcase time="0.0760000000000005" classname="table_15" name="Table_15_generation_works_with_custom_values">
      <skipped message="Reason: On CRAN ('test-table_15.R:51:3')"/>
    </testcase>
    <testcase time="0.0139999999999993" classname="table_15" name="Table_15_generation_works_with_NA_values_pruned_rows"/>
    <testcase time="0.0279999999999987" classname="table_15" name="Table_15_generation_works_with_NA_values_pruned_rows"/>
    <testcase time="0.201000000000001" classname="table_15" name="Table_15_generation_works_with_NA_values_pruned_rows"/>
    <testcase time="0.0700000000000003" classname="table_15" name="Table_15_generation_works_with_NA_values_pruned_rows">
      <skipped message="Reason: On CRAN ('test-table_15.R:58:3')"/>
    </testcase>
    <testcase time="0.0150000000000006" classname="table_15" name="Table_15_generation_works_with_risk_difference_column"/>
    <testcase time="0.0360000000000014" classname="table_15" name="Table_15_generation_works_with_risk_difference_column"/>
    <testcase time="0.229999999999997" classname="table_15" name="Table_15_generation_works_with_risk_difference_column"/>
    <testcase time="0.0800000000000018" classname="table_15" name="Table_15_generation_works_with_risk_difference_column">
      <skipped message="Reason: On CRAN ('test-table_15.R:66:3')"/>
    </testcase>
  </testsuite>
  <testsuite name="table_16" timestamp="2023-11-10T14:08:59Z" hostname="82dd6d68bfc5" tests="16" skipped="4" failures="0" errors="0" time="1.181">
    <testcase time="0.0279999999999987" classname="table_16" name="Table_16_generation_works_with_default_values"/>
    <testcase time="0.0259999999999998" classname="table_16" name="Table_16_generation_works_with_default_values"/>
    <testcase time="0.195" classname="table_16" name="Table_16_generation_works_with_default_values"/>
    <testcase time="0.0360000000000014" classname="table_16" name="Table_16_generation_works_with_default_values">
      <skipped message="Reason: On CRAN ('test-table_16.R:19:3')"/>
    </testcase>
    <testcase time="0.0150000000000006" classname="table_16" name="Table_16_generation_works_with_custom_values"/>
    <testcase time="0.0269999999999975" classname="table_16" name="Table_16_generation_works_with_custom_values"/>
    <testcase time="0.199000000000002" classname="table_16" name="Table_16_generation_works_with_custom_values"/>
    <testcase time="0.0450000000000017" classname="table_16" name="Table_16_generation_works_with_custom_values">
      <skipped message="Reason: On CRAN ('test-table_16.R:51:3')"/>
    </testcase>
    <testcase time="0.0159999999999982" classname="table_16" name="Table_16_generation_works_with_NA_values_pruned_rows"/>
    <testcase time="0.0289999999999999" classname="table_16" name="Table_16_generation_works_with_NA_values_pruned_rows"/>
    <testcase time="0.207999999999998" classname="table_16" name="Table_16_generation_works_with_NA_values_pruned_rows"/>
    <testcase time="0.036999999999999" classname="table_16" name="Table_16_generation_works_with_NA_values_pruned_rows">
      <skipped message="Reason: On CRAN ('test-table_16.R:58:3')"/>
    </testcase>
    <testcase time="0.0150000000000006" classname="table_16" name="Table_16_generation_works_with_risk_difference_column"/>
    <testcase time="0.0329999999999941" classname="table_16" name="Table_16_generation_works_with_risk_difference_column"/>
    <testcase time="0.229000000000006" classname="table_16" name="Table_16_generation_works_with_risk_difference_column"/>
    <testcase time="0.0429999999999993" classname="table_16" name="Table_16_generation_works_with_risk_difference_column">
      <skipped message="Reason: On CRAN ('test-table_16.R:66:3')"/>
    </testcase>
  </testsuite>
  <testsuite name="table_17" timestamp="2023-11-10T14:09:00Z" hostname="82dd6d68bfc5" tests="16" skipped="4" failures="0" errors="0" time="2.052">
    <testcase time="0.0219999999999985" classname="table_17" name="Table_17_generation_works_with_default_values"/>
    <testcase time="0.0300000000000011" classname="table_17" name="Table_17_generation_works_with_default_values"/>
    <testcase time="0.308" classname="table_17" name="Table_17_generation_works_with_default_values"/>
    <testcase time="0.138999999999996" classname="table_17" name="Table_17_generation_works_with_default_values">
      <skipped message="Reason: On CRAN ('test-table_17.R:25:3')"/>
    </testcase>
    <testcase time="0.0139999999999958" classname="table_17" name="Table_17_generation_works_with_custom_values"/>
    <testcase time="0.0320000000000036" classname="table_17" name="Table_17_generation_works_with_custom_values"/>
    <testcase time="0.317999999999998" classname="table_17" name="Table_17_generation_works_with_custom_values"/>
    <testcase time="0.131999999999998" classname="table_17" name="Table_17_generation_works_with_custom_values">
      <skipped message="Reason: On CRAN ('test-table_17.R:57:3')"/>
    </testcase>
    <testcase time="0.0140000000000029" classname="table_17" name="Table_17_generation_works_with_NA_values_pruned_rows"/>
    <testcase time="0.0300000000000011" classname="table_17" name="Table_17_generation_works_with_NA_values_pruned_rows"/>
    <testcase time="0.314999999999998" classname="table_17" name="Table_17_generation_works_with_NA_values_pruned_rows"/>
    <testcase time="0.131" classname="table_17" name="Table_17_generation_works_with_NA_values_pruned_rows">
      <skipped message="Reason: On CRAN ('test-table_17.R:64:3')"/>
    </testcase>
    <testcase time="0.0140000000000029" classname="table_17" name="Table_17_generation_works_with_risk_difference_column"/>
    <testcase time="0.0309999999999988" classname="table_17" name="Table_17_generation_works_with_risk_difference_column"/>
    <testcase time="0.372999999999998" classname="table_17" name="Table_17_generation_works_with_risk_difference_column"/>
    <testcase time="0.149000000000001" classname="table_17" name="Table_17_generation_works_with_risk_difference_column">
      <skipped message="Reason: On CRAN ('test-table_17.R:72:3')"/>
    </testcase>
  </testsuite>
  <testsuite name="table_18" timestamp="2023-11-10T14:09:02Z" hostname="82dd6d68bfc5" tests="16" skipped="4" failures="0" errors="0" time="1.77">
    <testcase time="0.0219999999999985" classname="table_18" name="Table_18_generation_works_with_default_values"/>
    <testcase time="0.0279999999999987" classname="table_18" name="Table_18_generation_works_with_default_values"/>
    <testcase time="0.327000000000005" classname="table_18" name="Table_18_generation_works_with_default_values"/>
    <testcase time="0.0549999999999997" classname="table_18" name="Table_18_generation_works_with_default_values">
      <skipped message="Reason: On CRAN ('test-table_18.R:25:3')"/>
    </testcase>
    <testcase time="0.0150000000000006" classname="table_18" name="Table_18_generation_works_with_custom_values"/>
    <testcase time="0.0279999999999987" classname="table_18" name="Table_18_generation_works_with_custom_values"/>
    <testcase time="0.32" classname="table_18" name="Table_18_generation_works_with_custom_values"/>
    <testcase time="0.0649999999999977" classname="table_18" name="Table_18_generation_works_with_custom_values">
      <skipped message="Reason: On CRAN ('test-table_18.R:57:3')"/>
    </testcase>
    <testcase time="0.0140000000000029" classname="table_18" name="Table_18_generation_works_with_NA_values_pruned_rows"/>
    <testcase time="0.0279999999999987" classname="table_18" name="Table_18_generation_works_with_NA_values_pruned_rows"/>
    <testcase time="0.320999999999998" classname="table_18" name="Table_18_generation_works_with_NA_values_pruned_rows"/>
    <testcase time="0.054000000000002" classname="table_18" name="Table_18_generation_works_with_NA_values_pruned_rows">
      <skipped message="Reason: On CRAN ('test-table_18.R:64:3')"/>
    </testcase>
    <testcase time="0.0159999999999982" classname="table_18" name="Table_18_generation_works_with_risk_difference_column"/>
    <testcase time="0.0279999999999987" classname="table_18" name="Table_18_generation_works_with_risk_difference_column"/>
    <testcase time="0.387" classname="table_18" name="Table_18_generation_works_with_risk_difference_column"/>
    <testcase time="0.0620000000000047" classname="table_18" name="Table_18_generation_works_with_risk_difference_column">
      <skipped message="Reason: On CRAN ('test-table_18.R:72:3')"/>
    </testcase>
  </testsuite>
  <testsuite name="table_20" timestamp="2023-11-10T14:09:04Z" hostname="82dd6d68bfc5" tests="24" skipped="4" failures="0" errors="0" time="2.053">
    <testcase time="0.0210000000000008" classname="table_20" name="Table_20_generation_works_with_default_values"/>
    <testcase time="0.000999999999997669" classname="table_20" name="Table_20_generation_works_with_default_values"/>
    <testcase time="0.000999999999997669" classname="table_20" name="Table_20_generation_works_with_default_values"/>
    <testcase time="0.0300000000000011" classname="table_20" name="Table_20_generation_works_with_default_values"/>
    <testcase time="0.338999999999999" classname="table_20" name="Table_20_generation_works_with_default_values"/>
    <testcase time="0.0660000000000025" classname="table_20" name="Table_20_generation_works_with_default_values">
      <skipped message="Reason: On CRAN ('test-table_20.R:17:3')"/>
    </testcase>
    <testcase time="0.0249999999999986" classname="table_20" name="Table_20_generation_works_with_custom_values"/>
    <testcase time="0.00200000000000244" classname="table_20" name="Table_20_generation_works_with_custom_values"/>
    <testcase time="0.00199999999999534" classname="table_20" name="Table_20_generation_works_with_custom_values"/>
    <testcase time="0.0330000000000013" classname="table_20" name="Table_20_generation_works_with_custom_values"/>
    <testcase time="0.466000000000001" classname="table_20" name="Table_20_generation_works_with_custom_values"/>
    <testcase time="0.0940000000000012" classname="table_20" name="Table_20_generation_works_with_custom_values">
      <skipped message="Reason: On CRAN ('test-table_20.R:65:3')"/>
    </testcase>
    <testcase time="0.0150000000000006" classname="table_20" name="Table_20_generation_works_with_missing_values_pruned_rows"/>
    <testcase time="0.000999999999997669" classname="table_20" name="Table_20_generation_works_with_missing_values_pruned_rows"/>
    <testcase time="0.000999999999997669" classname="table_20" name="Table_20_generation_works_with_missing_values_pruned_rows"/>
    <testcase time="0.0300000000000011" classname="table_20" name="Table_20_generation_works_with_missing_values_pruned_rows"/>
    <testcase time="0.314" classname="table_20" name="Table_20_generation_works_with_missing_values_pruned_rows"/>
    <testcase time="0.0609999999999999" classname="table_20" name="Table_20_generation_works_with_missing_values_pruned_rows">
      <skipped message="Reason: On CRAN ('test-table_20.R:74:3')"/>
    </testcase>
    <testcase time="0.0150000000000006" classname="table_20" name="Table_20_generation_works_with_risk_difference_column"/>
    <testcase time="0.00200000000000244" classname="table_20" name="Table_20_generation_works_with_risk_difference_column"/>
    <testcase time="0.000999999999997669" classname="table_20" name="Table_20_generation_works_with_risk_difference_column"/>
    <testcase time="0.0390000000000015" classname="table_20" name="Table_20_generation_works_with_risk_difference_column"/>
    <testcase time="0.420000000000002" classname="table_20" name="Table_20_generation_works_with_risk_difference_column"/>
    <testcase time="0.0739999999999981" classname="table_20" name="Table_20_generation_works_with_risk_difference_column">
      <skipped message="Reason: On CRAN ('test-table_20.R:82:3')"/>
    </testcase>
  </testsuite>
  <testsuite name="table_21" timestamp="2023-11-10T14:09:06Z" hostname="82dd6d68bfc5" tests="131" skipped="4" failures="0" errors="0" time="8.05">
    <testcase time="0.0690000000000026" classname="table_21" name="Table_21_generation_works_with_default_values"/>
    <testcase time="0.000999999999997669" classname="table_21" name="Table_21_generation_works_with_default_values"/>
    <testcase time="0.143000000000001" classname="table_21" name="Table_21_generation_works_with_default_values"/>
    <testcase time="0.0640000000000001" classname="table_21" name="Table_21_generation_works_with_default_values"/>
    <testcase time="0.0570000000000022" classname="table_21" name="Table_21_generation_works_with_default_values"/>
    <testcase time="0.0519999999999996" classname="table_21" name="Table_21_generation_works_with_default_values"/>
    <testcase time="0.070999999999998" classname="table_21" name="Table_21_generation_works_with_default_values"/>
    <testcase time="0.0570000000000022" classname="table_21" name="Table_21_generation_works_with_default_values"/>
    <testcase time="0.0670000000000002" classname="table_21" name="Table_21_generation_works_with_default_values"/>
    <testcase time="0.0539999999999949" classname="table_21" name="Table_21_generation_works_with_default_values"/>
    <testcase time="0.0720000000000027" classname="table_21" name="Table_21_generation_works_with_default_values"/>
    <testcase time="0.0529999999999973" classname="table_21" name="Table_21_generation_works_with_default_values"/>
    <testcase time="0.0590000000000046" classname="table_21" name="Table_21_generation_works_with_default_values"/>
    <testcase time="0.0670000000000002" classname="table_21" name="Table_21_generation_works_with_default_values"/>
    <testcase time="0.0679999999999978" classname="table_21" name="Table_21_generation_works_with_default_values"/>
    <testcase time="0.0529999999999973" classname="table_21" name="Table_21_generation_works_with_default_values"/>
    <testcase time="0.0670000000000002" classname="table_21" name="Table_21_generation_works_with_default_values"/>
    <testcase time="0.054000000000002" classname="table_21" name="Table_21_generation_works_with_default_values"/>
    <testcase time="0.054000000000002" classname="table_21" name="Table_21_generation_works_with_default_values"/>
    <testcase time="0.0509999999999948" classname="table_21" name="Table_21_generation_works_with_default_values"/>
    <testcase time="0.0640000000000001" classname="table_21" name="Table_21_generation_works_with_default_values"/>
    <testcase time="0.0519999999999996" classname="table_21" name="Table_21_generation_works_with_default_values"/>
    <testcase time="0.0600000000000023" classname="table_21" name="Table_21_generation_works_with_default_values"/>
    <testcase time="0.0670000000000002" classname="table_21" name="Table_21_generation_works_with_default_values"/>
    <testcase time="0.0530000000000044" classname="table_21" name="Table_21_generation_works_with_default_values"/>
    <testcase time="0.0529999999999973" classname="table_21" name="Table_21_generation_works_with_default_values"/>
    <testcase time="0.0630000000000024" classname="table_21" name="Table_21_generation_works_with_default_values"/>
    <testcase time="0.054000000000002" classname="table_21" name="Table_21_generation_works_with_default_values"/>
    <testcase time="0.0519999999999996" classname="table_21" name="Table_21_generation_works_with_default_values"/>
    <testcase time="0.0519999999999996" classname="table_21" name="Table_21_generation_works_with_default_values"/>
    <testcase time="0.0700000000000003" classname="table_21" name="Table_21_generation_works_with_default_values"/>
    <testcase time="0.0529999999999973" classname="table_21" name="Table_21_generation_works_with_default_values"/>
    <testcase time="0.0519999999999996" classname="table_21" name="Table_21_generation_works_with_default_values"/>
    <testcase time="0.0640000000000001" classname="table_21" name="Table_21_generation_works_with_default_values"/>
    <testcase time="0.0530000000000044" classname="table_21" name="Table_21_generation_works_with_default_values"/>
    <testcase time="0.0529999999999973" classname="table_21" name="Table_21_generation_works_with_default_values"/>
    <testcase time="0.070999999999998" classname="table_21" name="Table_21_generation_works_with_default_values"/>
    <testcase time="0.0579999999999998" classname="table_21" name="Table_21_generation_works_with_default_values"/>
    <testcase time="0.0700000000000003" classname="table_21" name="Table_21_generation_works_with_default_values"/>
    <testcase time="0.0519999999999996" classname="table_21" name="Table_21_generation_works_with_default_values"/>
    <testcase time="0.0670000000000002" classname="table_21" name="Table_21_generation_works_with_default_values"/>
    <testcase time="0.054000000000002" classname="table_21" name="Table_21_generation_works_with_default_values"/>
    <testcase time="0.0579999999999998" classname="table_21" name="Table_21_generation_works_with_default_values"/>
    <testcase time="0.0679999999999978" classname="table_21" name="Table_21_generation_works_with_default_values"/>
    <testcase time="0.0530000000000044" classname="table_21" name="Table_21_generation_works_with_default_values"/>
    <testcase time="0.0529999999999973" classname="table_21" name="Table_21_generation_works_with_default_values"/>
    <testcase time="0.0720000000000027" classname="table_21" name="Table_21_generation_works_with_default_values"/>
    <testcase time="0.0549999999999997" classname="table_21" name="Table_21_generation_works_with_default_values"/>
    <testcase time="0.0539999999999949" classname="table_21" name="Table_21_generation_works_with_default_values"/>
    <testcase time="0.054000000000002" classname="table_21" name="Table_21_generation_works_with_default_values"/>
    <testcase time="0.0609999999999999" classname="table_21" name="Table_21_generation_works_with_default_values"/>
    <testcase time="0.0790000000000006" classname="table_21" name="Table_21_generation_works_with_default_values">
      <skipped message="Reason: On CRAN ('test-table_21.R:22:3')"/>
    </testcase>
    <testcase time="0.0150000000000006" classname="table_21" name="Table_21_generation_works_with_custom_values_N_s_denominator_and_overall_column"/>
    <testcase time="0.000999999999997669" classname="table_21" name="Table_21_generation_works_with_custom_values_N_s_denominator_and_overall_column"/>
    <testcase time="0.0620000000000047" classname="table_21" name="Table_21_generation_works_with_custom_values_N_s_denominator_and_overall_column"/>
    <testcase time="0.163999999999994" classname="table_21" name="Table_21_generation_works_with_custom_values_N_s_denominator_and_overall_column"/>
    <testcase time="0.0530000000000044" classname="table_21" name="Table_21_generation_works_with_custom_values_N_s_denominator_and_overall_column"/>
    <testcase time="0.0760000000000005" classname="table_21" name="Table_21_generation_works_with_custom_values_N_s_denominator_and_overall_column"/>
    <testcase time="0.0539999999999949" classname="table_21" name="Table_21_generation_works_with_custom_values_N_s_denominator_and_overall_column"/>
    <testcase time="0.0590000000000046" classname="table_21" name="Table_21_generation_works_with_custom_values_N_s_denominator_and_overall_column"/>
    <testcase time="0.0619999999999976" classname="table_21" name="Table_21_generation_works_with_custom_values_N_s_denominator_and_overall_column"/>
    <testcase time="0.0660000000000025" classname="table_21" name="Table_21_generation_works_with_custom_values_N_s_denominator_and_overall_column"/>
    <testcase time="0.0529999999999973" classname="table_21" name="Table_21_generation_works_with_custom_values_N_s_denominator_and_overall_column"/>
    <testcase time="0.0799999999999983" classname="table_21" name="Table_21_generation_works_with_custom_values_N_s_denominator_and_overall_column"/>
    <testcase time="0.0560000000000045" classname="table_21" name="Table_21_generation_works_with_custom_values_N_s_denominator_and_overall_column"/>
    <testcase time="0.0599999999999952" classname="table_21" name="Table_21_generation_works_with_custom_values_N_s_denominator_and_overall_column"/>
    <testcase time="0.0519999999999996" classname="table_21" name="Table_21_generation_works_with_custom_values_N_s_denominator_and_overall_column"/>
    <testcase time="0.0850000000000009" classname="table_21" name="Table_21_generation_works_with_custom_values_N_s_denominator_and_overall_column"/>
    <testcase time="0.0530000000000044" classname="table_21" name="Table_21_generation_works_with_custom_values_N_s_denominator_and_overall_column"/>
    <testcase time="0.0609999999999999" classname="table_21" name="Table_21_generation_works_with_custom_values_N_s_denominator_and_overall_column"/>
    <testcase time="0.0659999999999954" classname="table_21" name="Table_21_generation_works_with_custom_values_N_s_denominator_and_overall_column"/>
    <testcase time="0.0700000000000003" classname="table_21" name="Table_21_generation_works_with_custom_values_N_s_denominator_and_overall_column"/>
    <testcase time="0.0530000000000044" classname="table_21" name="Table_21_generation_works_with_custom_values_N_s_denominator_and_overall_column"/>
    <testcase time="0.277999999999999" classname="table_21" name="Table_21_generation_works_with_custom_values_N_s_denominator_and_overall_column"/>
    <testcase time="0.0519999999999996" classname="table_21" name="Table_21_generation_works_with_custom_values_N_s_denominator_and_overall_column"/>
    <testcase time="0.0519999999999996" classname="table_21" name="Table_21_generation_works_with_custom_values_N_s_denominator_and_overall_column"/>
    <testcase time="0.0579999999999998" classname="table_21" name="Table_21_generation_works_with_custom_values_N_s_denominator_and_overall_column"/>
    <testcase time="0.0510000000000019" classname="table_21" name="Table_21_generation_works_with_custom_values_N_s_denominator_and_overall_column"/>
    <testcase time="0.0519999999999996" classname="table_21" name="Table_21_generation_works_with_custom_values_N_s_denominator_and_overall_column"/>
    <testcase time="0.0649999999999977" classname="table_21" name="Table_21_generation_works_with_custom_values_N_s_denominator_and_overall_column"/>
    <testcase time="0.0510000000000019" classname="table_21" name="Table_21_generation_works_with_custom_values_N_s_denominator_and_overall_column"/>
    <testcase time="0.0510000000000019" classname="table_21" name="Table_21_generation_works_with_custom_values_N_s_denominator_and_overall_column"/>
    <testcase time="0.0519999999999996" classname="table_21" name="Table_21_generation_works_with_custom_values_N_s_denominator_and_overall_column"/>
    <testcase time="0.0559999999999974" classname="table_21" name="Table_21_generation_works_with_custom_values_N_s_denominator_and_overall_column"/>
    <testcase time="0.0519999999999996" classname="table_21" name="Table_21_generation_works_with_custom_values_N_s_denominator_and_overall_column"/>
    <testcase time="0.0519999999999996" classname="table_21" name="Table_21_generation_works_with_custom_values_N_s_denominator_and_overall_column"/>
    <testcase time="0.0579999999999998" classname="table_21" name="Table_21_generation_works_with_custom_values_N_s_denominator_and_overall_column"/>
    <testcase time="0.0590000000000046" classname="table_21" name="Table_21_generation_works_with_custom_values_N_s_denominator_and_overall_column"/>
    <testcase time="0.0569999999999951" classname="table_21" name="Table_21_generation_works_with_custom_values_N_s_denominator_and_overall_column"/>
    <testcase time="0.0570000000000022" classname="table_21" name="Table_21_generation_works_with_custom_values_N_s_denominator_and_overall_column"/>
    <testcase time="0.0519999999999996" classname="table_21" name="Table_21_generation_works_with_custom_values_N_s_denominator_and_overall_column"/>
    <testcase time="0.0529999999999973" classname="table_21" name="Table_21_generation_works_with_custom_values_N_s_denominator_and_overall_column"/>
    <testcase time="0.0519999999999996" classname="table_21" name="Table_21_generation_works_with_custom_values_N_s_denominator_and_overall_column"/>
    <testcase time="0.0590000000000046" classname="table_21" name="Table_21_generation_works_with_custom_values_N_s_denominator_and_overall_column"/>
    <testcase time="0.0529999999999973" classname="table_21" name="Table_21_generation_works_with_custom_values_N_s_denominator_and_overall_column"/>
    <testcase time="0.0609999999999999" classname="table_21" name="Table_21_generation_works_with_custom_values_N_s_denominator_and_overall_column"/>
    <testcase time="0.0579999999999998" classname="table_21" name="Table_21_generation_works_with_custom_values_N_s_denominator_and_overall_column"/>
    <testcase time="0.054000000000002" classname="table_21" name="Table_21_generation_works_with_custom_values_N_s_denominator_and_overall_column"/>
    <testcase time="0.054000000000002" classname="table_21" name="Table_21_generation_works_with_custom_values_N_s_denominator_and_overall_column"/>
    <testcase time="0.0629999999999953" classname="table_21" name="Table_21_generation_works_with_custom_values_N_s_denominator_and_overall_column"/>
    <testcase time="0.0549999999999997" classname="table_21" name="Table_21_generation_works_with_custom_values_N_s_denominator_and_overall_column"/>
    <testcase time="0.0549999999999997" classname="table_21" name="Table_21_generation_works_with_custom_values_N_s_denominator_and_overall_column"/>
    <testcase time="0.0579999999999998" classname="table_21" name="Table_21_generation_works_with_custom_values_N_s_denominator_and_overall_column"/>
    <testcase time="0.0750000000000028" classname="table_21" name="Table_21_generation_works_with_custom_values_N_s_denominator_and_overall_column"/>
    <testcase time="0.0519999999999996" classname="table_21" name="Table_21_generation_works_with_custom_values_N_s_denominator_and_overall_column"/>
    <testcase time="0.0589999999999975" classname="table_21" name="Table_21_generation_works_with_custom_values_N_s_denominator_and_overall_column"/>
    <testcase time="0.0530000000000044" classname="table_21" name="Table_21_generation_works_with_custom_values_N_s_denominator_and_overall_column"/>
    <testcase time="0.0579999999999998" classname="table_21" name="Table_21_generation_works_with_custom_values_N_s_denominator_and_overall_column"/>
    <testcase time="0.0700000000000003" classname="table_21" name="Table_21_generation_works_with_custom_values_N_s_denominator_and_overall_column"/>
    <testcase time="0.0519999999999996" classname="table_21" name="Table_21_generation_works_with_custom_values_N_s_denominator_and_overall_column"/>
    <testcase time="0.0519999999999996" classname="table_21" name="Table_21_generation_works_with_custom_values_N_s_denominator_and_overall_column"/>
    <testcase time="0.0660000000000025" classname="table_21" name="Table_21_generation_works_with_custom_values_N_s_denominator_and_overall_column"/>
    <testcase time="0.0509999999999948" classname="table_21" name="Table_21_generation_works_with_custom_values_N_s_denominator_and_overall_column"/>
    <testcase time="0.0519999999999996" classname="table_21" name="Table_21_generation_works_with_custom_values_N_s_denominator_and_overall_column"/>
    <testcase time="0.0530000000000044" classname="table_21" name="Table_21_generation_works_with_custom_values_N_s_denominator_and_overall_column"/>
    <testcase time="0.0649999999999977" classname="table_21" name="Table_21_generation_works_with_custom_values_N_s_denominator_and_overall_column"/>
    <testcase time="0.0519999999999996" classname="table_21" name="Table_21_generation_works_with_custom_values_N_s_denominator_and_overall_column"/>
    <testcase time="0.0519999999999996" classname="table_21" name="Table_21_generation_works_with_custom_values_N_s_denominator_and_overall_column"/>
    <testcase time="0.0589999999999975" classname="table_21" name="Table_21_generation_works_with_custom_values_N_s_denominator_and_overall_column"/>
    <testcase time="0.0490000000000066" classname="table_21" name="Table_21_generation_works_with_custom_values_N_s_denominator_and_overall_column"/>
    <testcase time="0.0919999999999987" classname="table_21" name="Table_21_generation_works_with_custom_values_N_s_denominator_and_overall_column">
      <skipped message="Reason: On CRAN ('test-table_21.R:34:3')"/>
    </testcase>
    <testcase time="0.0150000000000006" classname="table_21" name="Table_21_generation_works_with_custom_values_N_col_denominator_and_no_overall_column"/>
    <testcase time="0.00199999999999534" classname="table_21" name="Table_21_generation_works_with_custom_values_N_col_denominator_and_no_overall_column"/>
    <testcase time="0.0339999999999989" classname="table_21" name="Table_21_generation_works_with_custom_values_N_col_denominator_and_no_overall_column"/>
    <testcase time="0.232000000000006" classname="table_21" name="Table_21_generation_works_with_custom_values_N_col_denominator_and_no_overall_column"/>
    <testcase time="0.0789999999999935" classname="table_21" name="Table_21_generation_works_with_custom_values_N_col_denominator_and_no_overall_column">
      <skipped message="Reason: On CRAN ('test-table_21.R:62:3')"/>
    </testcase>
    <testcase time="0.0460000000000065" classname="table_21" name="Table_21_generation_works_with_some_NA_values"/>
    <testcase time="0.00199999999999534" classname="table_21" name="Table_21_generation_works_with_some_NA_values"/>
    <testcase time="0.0339999999999989" classname="table_21" name="Table_21_generation_works_with_some_NA_values"/>
    <testcase time="0.178000000000004" classname="table_21" name="Table_21_generation_works_with_some_NA_values"/>
    <testcase time="0.0579999999999998" classname="table_21" name="Table_21_generation_works_with_some_NA_values">
      <skipped message="Reason: On CRAN ('test-table_21.R:82:3')"/>
    </testcase>
  </testsuite>
  <testsuite name="table_32" timestamp="2023-11-10T14:09:14Z" hostname="82dd6d68bfc5" tests="22" skipped="6" failures="0" errors="0" time="3.913">
    <testcase time="0.019999999999996" classname="table_32" name="Table_32_generation_works_with_default_values"/>
    <testcase time="0.0360000000000014" classname="table_32" name="Table_32_generation_works_with_default_values"/>
    <testcase time="0.0930000000000035" classname="table_32" name="Table_32_generation_works_with_default_values"/>
    <testcase time="0.0339999999999989" classname="table_32" name="Table_32_generation_works_with_default_values">
      <skipped message="Reason: On CRAN ('test-table_32.R:8:3')"/>
    </testcase>
    <testcase time="0.0150000000000006" classname="table_32" name="Table_32_generation_works_with_custom_values"/>
    <testcase time="0.0349999999999966" classname="table_32" name="Table_32_generation_works_with_custom_values"/>
    <testcase time="0.113" classname="table_32" name="Table_32_generation_works_with_custom_values"/>
    <testcase time="0.0410000000000039" classname="table_32" name="Table_32_generation_works_with_custom_values">
      <skipped message="Reason: On CRAN ('test-table_32.R:30:3')"/>
    </testcase>
    <testcase time="0.0159999999999982" classname="table_32" name="Table_32_generation_works_with_pruned_rows"/>
    <testcase time="0.0360000000000014" classname="table_32" name="Table_32_generation_works_with_pruned_rows"/>
    <testcase time="0.100000000000001" classname="table_32" name="Table_32_generation_works_with_pruned_rows"/>
    <testcase time="0.0249999999999986" classname="table_32" name="Table_32_generation_works_with_pruned_rows">
      <skipped message="Reason: On CRAN ('test-table_32.R:37:3')"/>
    </testcase>
    <testcase time="0.0139999999999958" classname="table_32" name="Table_32_generation_works_with_risk_difference_column"/>
    <testcase time="0.0360000000000014" classname="table_32" name="Table_32_generation_works_with_risk_difference_column"/>
    <testcase time="0.119" classname="table_32" name="Table_32_generation_works_with_risk_difference_column"/>
    <testcase time="0.0399999999999991" classname="table_32" name="Table_32_generation_works_with_risk_difference_column">
      <skipped message="Reason: On CRAN ('test-table_32.R:45:3')"/>
    </testcase>
    <testcase time="0.0150000000000006" classname="table_32" name="Table_32_gtsum_generation_works_with_default_values"/>
    <testcase time="1.306" classname="table_32" name="Table_32_gtsum_generation_works_with_default_values"/>
    <testcase time="0.00600000000000023" classname="table_32" name="Table_32_gtsum_generation_works_with_default_values">
      <skipped message="Reason: On CRAN ('test-table_32.R:51:3')"/>
    </testcase>
    <testcase time="0.0149999999999935" classname="table_32" name="Table_32_gtsum_generation_works_with_custom_values"/>
    <testcase time="1.792" classname="table_32" name="Table_32_gtsum_generation_works_with_custom_values"/>
    <testcase time="0.00600000000000023" classname="table_32" name="Table_32_gtsum_generation_works_with_custom_values">
      <skipped message="Reason: On CRAN ('test-table_32.R:61:3')"/>
    </testcase>
  </testsuite>
  <testsuite name="table_33" timestamp="2023-11-10T14:09:18Z" hostname="82dd6d68bfc5" tests="16" skipped="4" failures="0" errors="0" time="1.346">
    <testcase time="0.0189999999999984" classname="table_33" name="Table_33_generation_works_with_default_values"/>
    <testcase time="0.204000000000001" classname="table_33" name="Table_33_generation_works_with_default_values"/>
    <testcase time="0.0810000000000031" classname="table_33" name="Table_33_generation_works_with_default_values"/>
    <testcase time="0.0249999999999986" classname="table_33" name="Table_33_generation_works_with_default_values">
      <skipped message="Reason: On CRAN ('test-table_33.R:8:3')"/>
    </testcase>
    <testcase time="0.0150000000000006" classname="table_33" name="Table_33_generation_works_with_custom_values"/>
    <testcase time="0.204000000000001" classname="table_33" name="Table_33_generation_works_with_custom_values"/>
    <testcase time="0.0949999999999989" classname="table_33" name="Table_33_generation_works_with_custom_values"/>
    <testcase time="0.0309999999999988" classname="table_33" name="Table_33_generation_works_with_custom_values">
      <skipped message="Reason: On CRAN ('test-table_33.R:34:3')"/>
    </testcase>
    <testcase time="0.0150000000000006" classname="table_33" name="Table_33_generation_works_with_pruned_rows"/>
    <testcase time="0.204000000000001" classname="table_33" name="Table_33_generation_works_with_pruned_rows"/>
    <testcase time="0.078000000000003" classname="table_33" name="Table_33_generation_works_with_pruned_rows"/>
    <testcase time="0.0219999999999985" classname="table_33" name="Table_33_generation_works_with_pruned_rows">
      <skipped message="Reason: On CRAN ('test-table_33.R:42:3')"/>
    </testcase>
    <testcase time="0.0150000000000006" classname="table_33" name="Table_33_generation_works_with_risk_difference_column"/>
    <testcase time="0.201999999999998" classname="table_33" name="Table_33_generation_works_with_risk_difference_column"/>
    <testcase time="0.108000000000004" classname="table_33" name="Table_33_generation_works_with_risk_difference_column"/>
    <testcase time="0.0279999999999987" classname="table_33" name="Table_33_generation_works_with_risk_difference_column">
      <skipped message="Reason: On CRAN ('test-table_33.R:50:3')"/>
    </testcase>
  </testsuite>
  <testsuite name="table_34" timestamp="2023-11-10T14:09:19Z" hostname="82dd6d68bfc5" tests="12" skipped="3" failures="0" errors="0" time="4.589">
    <testcase time="0.0229999999999961" classname="table_34" name="Table_34_generation_works_with_default_values"/>
    <testcase time="0.0279999999999987" classname="table_34" name="Table_34_generation_works_with_default_values"/>
    <testcase time="1.26300000000001" classname="table_34" name="Table_34_generation_works_with_default_values"/>
    <testcase time="0.158999999999999" classname="table_34" name="Table_34_generation_works_with_default_values">
      <skipped message="Reason: On CRAN ('test-table_34.R:17:3')"/>
    </testcase>
    <testcase time="0.0140000000000029" classname="table_34" name="Table_34_generation_works_with_custom_values"/>
    <testcase time="0.0249999999999986" classname="table_34" name="Table_34_generation_works_with_custom_values"/>
    <testcase time="1.255" classname="table_34" name="Table_34_generation_works_with_custom_values"/>
    <testcase time="0.0609999999999999" classname="table_34" name="Table_34_generation_works_with_custom_values">
      <skipped message="Reason: On CRAN ('test-table_34.R:49:3')"/>
    </testcase>
    <testcase time="0.0150000000000006" classname="table_34" name="Table_34_generation_works_with_risk_difference_column"/>
    <testcase time="0.0279999999999987" classname="table_34" name="Table_34_generation_works_with_risk_difference_column"/>
    <testcase time="1.538" classname="table_34" name="Table_34_generation_works_with_risk_difference_column"/>
    <testcase time="0.18" classname="table_34" name="Table_34_generation_works_with_risk_difference_column">
      <skipped message="Reason: On CRAN ('test-table_34.R:57:3')"/>
    </testcase>
  </testsuite>
</testsuites>
