<?xml version="1.0" encoding="UTF-8"?>
<testsuites>
  <testsuite name="table_02" timestamp="2023-11-10T15:01:50Z" hostname="f070ff1167cc" tests="30" skipped="10" failures="0" errors="0" time="10.186">
    <testcase time="0.048" classname="table_02" name="Table_02_generation_works_with_default_values"/>
    <testcase time="0.38" classname="table_02" name="Table_02_generation_works_with_default_values"/>
    <testcase time="0.166" classname="table_02" name="Table_02_generation_works_with_default_values">
      <skipped message="Reason: On CRAN ('test-table_02.R:16:3')"/>
    </testcase>
    <testcase time="0.0539999999999998" classname="table_02" name="Table_02_generation_works_with_custom_values"/>
    <testcase time="0.271" classname="table_02" name="Table_02_generation_works_with_custom_values"/>
    <testcase time="0.17" classname="table_02" name="Table_02_generation_works_with_custom_values">
      <skipped message="Reason: On CRAN ('test-table_02.R:45:3')"/>
    </testcase>
    <testcase time="0.0409999999999999" classname="table_02" name="Table_02_generation_works_with_some_NA_values"/>
    <testcase time="0.0680000000000001" classname="table_02" name="Table_02_generation_works_with_some_NA_values"/>
    <testcase time="0.04" classname="table_02" name="Table_02_generation_works_with_some_NA_values">
      <skipped message="Reason: On CRAN ('test-table_02.R:57:3')"/>
    </testcase>
    <testcase time="0.0139999999999998" classname="table_02" name="Table_02_generation_tplyr_works_with_default_values"/>
    <testcase time="1.163" classname="table_02" name="Table_02_generation_tplyr_works_with_default_values"/>
    <testcase time="0.0250000000000004" classname="table_02" name="Table_02_generation_tplyr_works_with_default_values">
      <skipped message="Reason: On CRAN ('test-table_02.R:66:3')"/>
    </testcase>
    <testcase time="0.0129999999999999" classname="table_02" name="Table_02_generation_tplyr_works_with_tplyr_raw_TRUE"/>
    <testcase time="0.799" classname="table_02" name="Table_02_generation_tplyr_works_with_tplyr_raw_TRUE"/>
    <testcase time="0.0169999999999995" classname="table_02" name="Table_02_generation_tplyr_works_with_tplyr_raw_TRUE">
      <skipped message="Reason: On CRAN ('test-table_02.R:75:3')"/>
    </testcase>
    <testcase time="0.032" classname="table_02" name="Table_02_generation_tplyr_works_with_custom_values"/>
    <testcase time="1.132" classname="table_02" name="Table_02_generation_tplyr_works_with_custom_values"/>
    <testcase time="0.0169999999999995" classname="table_02" name="Table_02_generation_tplyr_works_with_custom_values">
      <skipped message="Reason: On CRAN ('test-table_02.R:102:3')"/>
    </testcase>
    <testcase time="0.0259999999999998" classname="table_02" name="Table_02_generation_tplyr_works_with_some_NA_values"/>
    <testcase time="0.469" classname="table_02" name="Table_02_generation_tplyr_works_with_some_NA_values"/>
    <testcase time="0.016" classname="table_02" name="Table_02_generation_tplyr_works_with_some_NA_values">
      <skipped message="Reason: On CRAN ('test-table_02.R:119:3')"/>
    </testcase>
    <testcase time="0.0129999999999999" classname="table_02" name="Table_02_generation_gtsum_works_with_default_values"/>
    <testcase time="2.089" classname="table_02" name="Table_02_generation_gtsum_works_with_default_values"/>
    <testcase time="0.00600000000000023" classname="table_02" name="Table_02_generation_gtsum_works_with_default_values">
      <skipped message="Reason: On CRAN ('test-table_02.R:128:3')"/>
    </testcase>
    <testcase time="0.0329999999999995" classname="table_02" name="Table_02_generation_gtsum_works_with_custom_values"/>
    <testcase time="2.292" classname="table_02" name="Table_02_generation_gtsum_works_with_custom_values"/>
    <testcase time="0.00699999999999967" classname="table_02" name="Table_02_generation_gtsum_works_with_custom_values">
      <skipped message="Reason: On CRAN ('test-table_02.R:146:3')"/>
    </testcase>
    <testcase time="0.027000000000001" classname="table_02" name="Table_02_generation_gtsum_works_with_some_NA_values"/>
    <testcase time="0.751999999999999" classname="table_02" name="Table_02_generation_gtsum_works_with_some_NA_values"/>
    <testcase time="0.00600000000000023" classname="table_02" name="Table_02_generation_gtsum_works_with_some_NA_values">
      <skipped message="Reason: On CRAN ('test-table_02.R:160:3')"/>
    </testcase>
  </testsuite>
  <testsuite name="table_03" timestamp="2023-11-10T15:02:00Z" hostname="f070ff1167cc" tests="8" skipped="2" failures="0" errors="0" time="0.611">
    <testcase time="0.032" classname="table_03" name="Table_3_generation_works_with_default_values"/>
    <testcase time="0.00100000000000122" classname="table_03" name="Table_3_generation_works_with_default_values"/>
    <testcase time="0.234999999999999" classname="table_03" name="Table_3_generation_works_with_default_values"/>
    <testcase time="0.0410000000000004" classname="table_03" name="Table_3_generation_works_with_default_values">
      <skipped message="Reason: On CRAN ('test-table_03.R:21:3')"/>
    </testcase>
    <testcase time="0.0139999999999993" classname="table_03" name="Table_3_generation_works_with_custom_values"/>
    <testcase time="0.000999999999999446" classname="table_03" name="Table_3_generation_works_with_custom_values"/>
    <testcase time="0.227" classname="table_03" name="Table_3_generation_works_with_custom_values"/>
    <testcase time="0.0600000000000005" classname="table_03" name="Table_3_generation_works_with_custom_values">
      <skipped message="Reason: On CRAN ('test-table_03.R:41:3')"/>
    </testcase>
  </testsuite>
  <testsuite name="table_04" timestamp="2023-11-10T15:02:01Z" hostname="f070ff1167cc" tests="9" skipped="2" failures="0" errors="0" time="0.6">
    <testcase time="0.0299999999999994" classname="table_04" name="Table_04_generation_works_with_default_values"/>
    <testcase time="0.206" classname="table_04" name="Table_04_generation_works_with_default_values"/>
    <testcase time="0.0619999999999994" classname="table_04" name="Table_04_generation_works_with_default_values">
      <skipped message="Reason: On CRAN ('test-table_04.R:18:3')"/>
    </testcase>
    <testcase time="0.0129999999999999" classname="table_04" name="Table_04_generation_works_with_custom_values"/>
    <testcase time="0.00100000000000122" classname="table_04" name="Table_04_generation_works_with_custom_values"/>
    <testcase time="0.00199999999999889" classname="table_04" name="Table_04_generation_works_with_custom_values"/>
    <testcase time="0.00100000000000122" classname="table_04" name="Table_04_generation_works_with_custom_values"/>
    <testcase time="0.229999999999999" classname="table_04" name="Table_04_generation_works_with_custom_values"/>
    <testcase time="0.0549999999999997" classname="table_04" name="Table_04_generation_works_with_custom_values">
      <skipped message="Reason: On CRAN ('test-table_04.R:46:3')"/>
    </testcase>
  </testsuite>
  <testsuite name="table_05" timestamp="2023-11-10T15:02:02Z" hostname="f070ff1167cc" tests="12" skipped="4" failures="0" errors="0" time="1.024">
    <testcase time="0.133000000000001" classname="table_05" name="Table_05_generation_works_with_default_values"/>
    <testcase time="0.146000000000001" classname="table_05" name="Table_05_generation_works_with_default_values"/>
    <testcase time="0.0609999999999999" classname="table_05" name="Table_05_generation_works_with_default_values">
      <skipped message="Reason: On CRAN ('test-table_05.R:10:3')"/>
    </testcase>
    <testcase time="0.0139999999999993" classname="table_05" name="Table_05_generation_works_with_custom_values"/>
    <testcase time="0.164999999999999" classname="table_05" name="Table_05_generation_works_with_custom_values"/>
    <testcase time="0.0600000000000005" classname="table_05" name="Table_05_generation_works_with_custom_values">
      <skipped message="Reason: On CRAN ('test-table_05.R:34:3')"/>
    </testcase>
    <testcase time="0.0150000000000006" classname="table_05" name="Table_05_generation_works_with_NA_values_pruned_rows"/>
    <testcase time="0.138" classname="table_05" name="Table_05_generation_works_with_NA_values_pruned_rows"/>
    <testcase time="0.0519999999999996" classname="table_05" name="Table_05_generation_works_with_NA_values_pruned_rows">
      <skipped message="Reason: On CRAN ('test-table_05.R:44:3')"/>
    </testcase>
    <testcase time="0.0139999999999993" classname="table_05" name="Table_05_generation_works_with_risk_difference_column"/>
    <testcase time="0.168000000000001" classname="table_05" name="Table_05_generation_works_with_risk_difference_column"/>
    <testcase time="0.0579999999999998" classname="table_05" name="Table_05_generation_works_with_risk_difference_column">
      <skipped message="Reason: On CRAN ('test-table_05.R:57:3')"/>
    </testcase>
  </testsuite>
  <testsuite name="table_06" timestamp="2023-11-10T15:02:03Z" hostname="f070ff1167cc" tests="15" skipped="3" failures="0" errors="0" time="1.557">
    <testcase time="0.0250000000000004" classname="table_06" name="Table_06_generation_works_with_default_values"/>
    <testcase time="0.000999999999999446" classname="table_06" name="Table_06_generation_works_with_default_values"/>
    <testcase time="0.0389999999999997" classname="table_06" name="Table_06_generation_works_with_default_values"/>
    <testcase time="0.317" classname="table_06" name="Table_06_generation_works_with_default_values"/>
    <testcase time="0.0670000000000002" classname="table_06" name="Table_06_generation_works_with_default_values">
      <skipped message="Reason: On CRAN ('test-table_06.R:8:3')"/>
    </testcase>
    <testcase time="0.0139999999999993" classname="table_06" name="Table_06_generation_works_with_custom_values"/>
    <testcase time="0.00200000000000067" classname="table_06" name="Table_06_generation_works_with_custom_values"/>
    <testcase time="0.0370000000000008" classname="table_06" name="Table_06_generation_works_with_custom_values"/>
    <testcase time="0.420999999999999" classname="table_06" name="Table_06_generation_works_with_custom_values"/>
    <testcase time="0.103" classname="table_06" name="Table_06_generation_works_with_custom_values">
      <skipped message="Reason: On CRAN ('test-table_06.R:40:3')"/>
    </testcase>
    <testcase time="0.0139999999999993" classname="table_06" name="Table_06_generation_works_with_risk_difference_column"/>
    <testcase time="0.00100000000000122" classname="table_06" name="Table_06_generation_works_with_risk_difference_column"/>
    <testcase time="0.036999999999999" classname="table_06" name="Table_06_generation_works_with_risk_difference_column"/>
    <testcase time="0.401000000000002" classname="table_06" name="Table_06_generation_works_with_risk_difference_column"/>
    <testcase time="0.0779999999999994" classname="table_06" name="Table_06_generation_works_with_risk_difference_column">
      <skipped message="Reason: On CRAN ('test-table_06.R:48:3')"/>
    </testcase>
  </testsuite>
  <testsuite name="table_07" timestamp="2023-11-10T15:02:04Z" hostname="f070ff1167cc" tests="24" skipped="4" failures="0" errors="0" time="1.688">
    <testcase time="0.0210000000000008" classname="table_07" name="Table_07_generation_works_with_default_values"/>
    <testcase time="0.000999999999997669" classname="table_07" name="Table_07_generation_works_with_default_values"/>
    <testcase time="0.00100000000000122" classname="table_07" name="Table_07_generation_works_with_default_values"/>
    <testcase time="0.0259999999999998" classname="table_07" name="Table_07_generation_works_with_default_values"/>
    <testcase time="0.259" classname="table_07" name="Table_07_generation_works_with_default_values"/>
    <testcase time="0.0850000000000009" classname="table_07" name="Table_07_generation_works_with_default_values">
      <skipped message="Reason: On CRAN ('test-table_07.R:13:3')"/>
    </testcase>
    <testcase time="0.0139999999999993" classname="table_07" name="Table_07_generation_works_with_custom_values"/>
    <testcase time="0.00100000000000122" classname="table_07" name="Table_07_generation_works_with_custom_values"/>
    <testcase time="0.000999999999997669" classname="table_07" name="Table_07_generation_works_with_custom_values"/>
    <testcase time="0.0339999999999989" classname="table_07" name="Table_07_generation_works_with_custom_values"/>
    <testcase time="0.324000000000002" classname="table_07" name="Table_07_generation_works_with_custom_values"/>
    <testcase time="0.116" classname="table_07" name="Table_07_generation_works_with_custom_values">
      <skipped message="Reason: On CRAN ('test-table_07.R:42:3')"/>
    </testcase>
    <testcase time="0.0139999999999993" classname="table_07" name="Table_07_generation_works_with_NA_values_pruned_rows"/>
    <testcase time="0.00100000000000122" classname="table_07" name="Table_07_generation_works_with_NA_values_pruned_rows"/>
    <testcase time="0.00100000000000122" classname="table_07" name="Table_07_generation_works_with_NA_values_pruned_rows"/>
    <testcase time="0.0259999999999998" classname="table_07" name="Table_07_generation_works_with_NA_values_pruned_rows"/>
    <testcase time="0.234000000000002" classname="table_07" name="Table_07_generation_works_with_NA_values_pruned_rows"/>
    <testcase time="0.0879999999999974" classname="table_07" name="Table_07_generation_works_with_NA_values_pruned_rows">
      <skipped message="Reason: On CRAN ('test-table_07.R:52:3')"/>
    </testcase>
    <testcase time="0.0139999999999993" classname="table_07" name="Table_07_generation_works_with_risk_difference_column"/>
    <testcase time="0.00100000000000122" classname="table_07" name="Table_07_generation_works_with_risk_difference_column"/>
    <testcase time="0.00100000000000122" classname="table_07" name="Table_07_generation_works_with_risk_difference_column"/>
    <testcase time="0.0339999999999989" classname="table_07" name="Table_07_generation_works_with_risk_difference_column"/>
    <testcase time="0.286999999999999" classname="table_07" name="Table_07_generation_works_with_risk_difference_column"/>
    <testcase time="0.104000000000003" classname="table_07" name="Table_07_generation_works_with_risk_difference_column">
      <skipped message="Reason: On CRAN ('test-table_07.R:65:3')"/>
    </testcase>
  </testsuite>
  <testsuite name="table_08" timestamp="2023-11-10T15:02:06Z" hostname="f070ff1167cc" tests="12" skipped="2" failures="0" errors="0" time="0.414">
    <testcase time="0.0179999999999971" classname="table_08" name="Table_08_generation_works_with_default_values"/>
    <testcase time="0.00100000000000122" classname="table_08" name="Table_08_generation_works_with_default_values"/>
    <testcase time="0.027000000000001" classname="table_08" name="Table_08_generation_works_with_default_values"/>
    <testcase time="0.0309999999999988" classname="table_08" name="Table_08_generation_works_with_default_values"/>
    <testcase time="0.0240000000000009" classname="table_08" name="Table_08_generation_works_with_default_values"/>
    <testcase time="0.0960000000000001" classname="table_08" name="Table_08_generation_works_with_default_values">
      <skipped message="Reason: On CRAN ('test-table_08.R:10:3')"/>
    </testcase>
    <testcase time="0.0139999999999993" classname="table_08" name="Table_08_generation_works_with_custom_values"/>
    <testcase time="0.00100000000000122" classname="table_08" name="Table_08_generation_works_with_custom_values"/>
    <testcase time="0.0269999999999975" classname="table_08" name="Table_08_generation_works_with_custom_values"/>
    <testcase time="0.0300000000000011" classname="table_08" name="Table_08_generation_works_with_custom_values"/>
    <testcase time="0.0279999999999987" classname="table_08" name="Table_08_generation_works_with_custom_values"/>
    <testcase time="0.117000000000001" classname="table_08" name="Table_08_generation_works_with_custom_values">
      <skipped message="Reason: On CRAN ('test-table_08.R:31:3')"/>
    </testcase>
  </testsuite>
  <testsuite name="table_09" timestamp="2023-11-10T15:02:06Z" hostname="f070ff1167cc" tests="16" skipped="5" failures="0" errors="0" time="1.386">
    <testcase time="0.0180000000000007" classname="table_09" name="Table_09_generation_works_with_default_values"/>
    <testcase time="0.0350000000000001" classname="table_09" name="Table_09_generation_works_with_default_values"/>
    <testcase time="0.219000000000001" classname="table_09" name="Table_09_generation_works_with_default_values"/>
    <testcase time="0.0459999999999994" classname="table_09" name="Table_09_generation_works_with_default_values">
      <skipped message="Reason: On CRAN ('test-table_09.R:8:3')"/>
    </testcase>
    <testcase time="0.0139999999999993" classname="table_09" name="Table_09_generation_works_with_custom_values"/>
    <testcase time="0.027000000000001" classname="table_09" name="Table_09_generation_works_with_custom_values"/>
    <testcase time="0.270999999999997" classname="table_09" name="Table_09_generation_works_with_custom_values"/>
    <testcase time="0.0520000000000032" classname="table_09" name="Table_09_generation_works_with_custom_values">
      <skipped message="Reason: On CRAN ('test-table_09.R:39:3')"/>
    </testcase>
    <testcase time="0.014999999999997" classname="table_09" name="Table_09_gt_generation_works_with_risk_difference_column"/>
    <testcase time="0.0330000000000013" classname="table_09" name="Table_09_gt_generation_works_with_risk_difference_column"/>
    <testcase time="0.271999999999998" classname="table_09" name="Table_09_gt_generation_works_with_risk_difference_column"/>
    <testcase time="0.0600000000000023" classname="table_09" name="Table_09_gt_generation_works_with_risk_difference_column">
      <skipped message="Reason: On CRAN ('test-table_09.R:47:3')"/>
    </testcase>
    <testcase time="0.0139999999999993" classname="table_09" name="Table_09_gt_generation_works_with_default_values"/>
    <testcase time="0.109999999999999" classname="table_09" name="Table_09_gt_generation_works_with_default_values">
      <skipped message="Reason: On CRAN ('test-table_09.R:60:3')"/>
    </testcase>
    <testcase time="0.0130000000000017" classname="table_09" name="Table_09_gt_generation_works_with_custom_values"/>
    <testcase time="0.186999999999998" classname="table_09" name="Table_09_gt_generation_works_with_custom_values">
      <skipped message="Reason: On CRAN ('test-table_09.R:88:3')"/>
    </testcase>
  </testsuite>
  <testsuite name="table_10" timestamp="2023-11-10T15:02:08Z" hostname="f070ff1167cc" tests="15" skipped="3" failures="0" errors="0" time="1.232">
    <testcase time="0.0199999999999996" classname="table_10" name="Table_10_generation_works_with_default_values"/>
    <testcase time="0.00100000000000122" classname="table_10" name="Table_10_generation_works_with_default_values"/>
    <testcase time="0.027000000000001" classname="table_10" name="Table_10_generation_works_with_default_values"/>
    <testcase time="0.265999999999998" classname="table_10" name="Table_10_generation_works_with_default_values"/>
    <testcase time="0.102" classname="table_10" name="Table_10_generation_works_with_default_values">
      <skipped message="Reason: On CRAN ('test-table_10.R:17:3')"/>
    </testcase>
    <testcase time="0.0139999999999993" classname="table_10" name="Table_10_generation_works_with_custom_values"/>
    <testcase time="0.00100000000000122" classname="table_10" name="Table_10_generation_works_with_custom_values"/>
    <testcase time="0.0229999999999997" classname="table_10" name="Table_10_generation_works_with_custom_values"/>
    <testcase time="0.254000000000001" classname="table_10" name="Table_10_generation_works_with_custom_values"/>
    <testcase time="0.0560000000000009" classname="table_10" name="Table_10_generation_works_with_custom_values">
      <skipped message="Reason: On CRAN ('test-table_10.R:52:3')"/>
    </testcase>
    <testcase time="0.0139999999999993" classname="table_10" name="Table_10_generation_works_with_risk_difference_column"/>
    <testcase time="0.000999999999997669" classname="table_10" name="Table_10_generation_works_with_risk_difference_column"/>
    <testcase time="0.0280000000000022" classname="table_10" name="Table_10_generation_works_with_risk_difference_column"/>
    <testcase time="0.329999999999998" classname="table_10" name="Table_10_generation_works_with_risk_difference_column"/>
    <testcase time="0.0949999999999989" classname="table_10" name="Table_10_generation_works_with_risk_difference_column">
      <skipped message="Reason: On CRAN ('test-table_10.R:60:3')"/>
    </testcase>
  </testsuite>
  <testsuite name="table_11" timestamp="2023-11-10T15:02:09Z" hostname="f070ff1167cc" tests="12" skipped="3" failures="0" errors="0" time="1.875">
    <testcase time="0.027000000000001" classname="table_11" name="Table_11_generation_works_with_default_values"/>
    <testcase time="0.0380000000000003" classname="table_11" name="Table_11_generation_works_with_default_values"/>
    <testcase time="0.436" classname="table_11" name="Table_11_generation_works_with_default_values"/>
    <testcase time="0.106999999999999" classname="table_11" name="Table_11_generation_works_with_default_values">
      <skipped message="Reason: On CRAN ('test-table_11.R:18:3')"/>
    </testcase>
    <testcase time="0.0139999999999993" classname="table_11" name="Table_11_generation_works_with_custom_values"/>
    <testcase time="0.0300000000000011" classname="table_11" name="Table_11_generation_works_with_custom_values"/>
    <testcase time="0.431999999999999" classname="table_11" name="Table_11_generation_works_with_custom_values"/>
    <testcase time="0.0480000000000018" classname="table_11" name="Table_11_generation_works_with_custom_values">
      <skipped message="Reason: On CRAN ('test-table_11.R:48:3')"/>
    </testcase>
    <testcase time="0.0129999999999981" classname="table_11" name="Table_11_generation_works_with_risk_difference_column"/>
    <testcase time="0.0340000000000025" classname="table_11" name="Table_11_generation_works_with_risk_difference_column"/>
    <testcase time="0.574999999999999" classname="table_11" name="Table_11_generation_works_with_risk_difference_column"/>
    <testcase time="0.120999999999999" classname="table_11" name="Table_11_generation_works_with_risk_difference_column">
      <skipped message="Reason: On CRAN ('test-table_11.R:56:3')"/>
    </testcase>
  </testsuite>
  <testsuite name="table_12" timestamp="2023-11-10T15:02:11Z" hostname="f070ff1167cc" tests="12" skipped="3" failures="0" errors="0" time="2.374">
    <testcase time="0.0180000000000007" classname="table_12" name="Table_12_generation_works_with_default_values"/>
    <testcase time="0.0339999999999989" classname="table_12" name="Table_12_generation_works_with_default_values"/>
    <testcase time="0.598000000000003" classname="table_12" name="Table_12_generation_works_with_default_values"/>
    <testcase time="0.0779999999999994" classname="table_12" name="Table_12_generation_works_with_default_values">
      <skipped message="Reason: On CRAN ('test-table_12.R:9:3')"/>
    </testcase>
    <testcase time="0.0139999999999993" classname="table_12" name="Table_12_generation_works_with_custom_values"/>
    <testcase time="0.0539999999999985" classname="table_12" name="Table_12_generation_works_with_custom_values"/>
    <testcase time="0.597000000000001" classname="table_12" name="Table_12_generation_works_with_custom_values"/>
    <testcase time="0.0889999999999986" classname="table_12" name="Table_12_generation_works_with_custom_values">
      <skipped message="Reason: On CRAN ('test-table_12.R:39:3')"/>
    </testcase>
    <testcase time="0.0139999999999993" classname="table_12" name="Table_12_generation_works_with_risk_difference_column"/>
    <testcase time="0.0340000000000025" classname="table_12" name="Table_12_generation_works_with_risk_difference_column"/>
    <testcase time="0.744" classname="table_12" name="Table_12_generation_works_with_risk_difference_column"/>
    <testcase time="0.0999999999999979" classname="table_12" name="Table_12_generation_works_with_risk_difference_column">
      <skipped message="Reason: On CRAN ('test-table_12.R:47:3')"/>
    </testcase>
  </testsuite>
  <testsuite name="table_13" timestamp="2023-11-10T15:02:13Z" hostname="f070ff1167cc" tests="12" skipped="3" failures="0" errors="0" time="0.602">
    <testcase time="0.0180000000000007" classname="table_13" name="Table_13_generation_works_with_default_values"/>
    <testcase time="0.0330000000000013" classname="table_13" name="Table_13_generation_works_with_default_values"/>
    <testcase time="0.097999999999999" classname="table_13" name="Table_13_generation_works_with_default_values"/>
    <testcase time="0.0459999999999994" classname="table_13" name="Table_13_generation_works_with_default_values">
      <skipped message="Reason: On CRAN ('test-table_13.R:8:3')"/>
    </testcase>
    <testcase time="0.0150000000000006" classname="table_13" name="Table_13_generation_works_with_custom_values"/>
    <testcase time="0.0330000000000013" classname="table_13" name="Table_13_generation_works_with_custom_values"/>
    <testcase time="0.109999999999999" classname="table_13" name="Table_13_generation_works_with_custom_values"/>
    <testcase time="0.0350000000000001" classname="table_13" name="Table_13_generation_works_with_custom_values">
      <skipped message="Reason: On CRAN ('test-table_13.R:38:3')"/>
    </testcase>
    <testcase time="0.0139999999999993" classname="table_13" name="Table_13_generation_works_with_risk_difference_column"/>
    <testcase time="0.0330000000000013" classname="table_13" name="Table_13_generation_works_with_risk_difference_column"/>
    <testcase time="0.113" classname="table_13" name="Table_13_generation_works_with_risk_difference_column"/>
    <testcase time="0.0539999999999985" classname="table_13" name="Table_13_generation_works_with_risk_difference_column">
      <skipped message="Reason: On CRAN ('test-table_13.R:46:3')"/>
    </testcase>
  </testsuite>
  <testsuite name="table_14" timestamp="2023-11-10T15:02:14Z" hostname="f070ff1167cc" tests="13" skipped="4" failures="0" errors="0" time="2.449">
    <testcase time="0.236000000000001" classname="table_14" name="Table_14_generation_works_with_default_values"/>
    <testcase time="0.393999999999998" classname="table_14" name="Table_14_generation_works_with_default_values"/>
    <testcase time="0.104000000000003" classname="table_14" name="Table_14_generation_works_with_default_values">
      <skipped message="Reason: On CRAN ('test-table_14.R:16:3')"/>
    </testcase>
    <testcase time="0.0139999999999993" classname="table_14" name="Table_14_generation_works_with_custom_values"/>
    <testcase time="0.032" classname="table_14" name="Table_14_generation_works_with_custom_values"/>
    <testcase time="0.413" classname="table_14" name="Table_14_generation_works_with_custom_values"/>
    <testcase time="0.103999999999999" classname="table_14" name="Table_14_generation_works_with_custom_values">
      <skipped message="Reason: On CRAN ('test-table_14.R:46:3')"/>
    </testcase>
    <testcase time="0.0139999999999993" classname="table_14" name="Table_14_generation_works_with_NA_values_pruned_rows"/>
    <testcase time="0.395" classname="table_14" name="Table_14_generation_works_with_NA_values_pruned_rows"/>
    <testcase time="0.0920000000000023" classname="table_14" name="Table_14_generation_works_with_NA_values_pruned_rows">
      <skipped message="Reason: On CRAN ('test-table_14.R:53:3')"/>
    </testcase>
    <testcase time="0.0139999999999993" classname="table_14" name="Table_14_generation_works_with_risk_difference_column"/>
    <testcase time="0.515000000000001" classname="table_14" name="Table_14_generation_works_with_risk_difference_column"/>
    <testcase time="0.122" classname="table_14" name="Table_14_generation_works_with_risk_difference_column">
      <skipped message="Reason: On CRAN ('test-table_14.R:61:3')"/>
    </testcase>
  </testsuite>
  <testsuite name="table_15" timestamp="2023-11-10T15:02:16Z" hostname="f070ff1167cc" tests="16" skipped="4" failures="0" errors="0" time="1.261">
    <testcase time="0.0199999999999996" classname="table_15" name="Table_15_generation_works_with_default_values"/>
    <testcase time="0.0279999999999987" classname="table_15" name="Table_15_generation_works_with_default_values"/>
    <testcase time="0.188000000000002" classname="table_15" name="Table_15_generation_works_with_default_values"/>
    <testcase time="0.0739999999999981" classname="table_15" name="Table_15_generation_works_with_default_values">
      <skipped message="Reason: On CRAN ('test-table_15.R:19:3')"/>
    </testcase>
    <testcase time="0.0139999999999993" classname="table_15" name="Table_15_generation_works_with_custom_values"/>
    <testcase time="0.0280000000000022" classname="table_15" name="Table_15_generation_works_with_custom_values"/>
    <testcase time="0.190999999999999" classname="table_15" name="Table_15_generation_works_with_custom_values"/>
    <testcase time="0.0730000000000004" classname="table_15" name="Table_15_generation_works_with_custom_values">
      <skipped message="Reason: On CRAN ('test-table_15.R:51:3')"/>
    </testcase>
    <testcase time="0.0139999999999993" classname="table_15" name="Table_15_generation_works_with_NA_values_pruned_rows"/>
    <testcase time="0.027000000000001" classname="table_15" name="Table_15_generation_works_with_NA_values_pruned_rows"/>
    <testcase time="0.186999999999998" classname="table_15" name="Table_15_generation_works_with_NA_values_pruned_rows"/>
    <testcase time="0.0680000000000014" classname="table_15" name="Table_15_generation_works_with_NA_values_pruned_rows">
      <skipped message="Reason: On CRAN ('test-table_15.R:58:3')"/>
    </testcase>
    <testcase time="0.0139999999999993" classname="table_15" name="Table_15_generation_works_with_risk_difference_column"/>
    <testcase time="0.0339999999999989" classname="table_15" name="Table_15_generation_works_with_risk_difference_column"/>
    <testcase time="0.223000000000003" classname="table_15" name="Table_15_generation_works_with_risk_difference_column"/>
    <testcase time="0.0779999999999994" classname="table_15" name="Table_15_generation_works_with_risk_difference_column">
      <skipped message="Reason: On CRAN ('test-table_15.R:66:3')"/>
    </testcase>
  </testsuite>
  <testsuite name="table_16" timestamp="2023-11-10T15:02:17Z" hostname="f070ff1167cc" tests="16" skipped="4" failures="0" errors="0" time="1.104">
    <testcase time="0.0259999999999998" classname="table_16" name="Table_16_generation_works_with_default_values"/>
    <testcase time="0.0259999999999998" classname="table_16" name="Table_16_generation_works_with_default_values"/>
    <testcase time="0.187999999999999" classname="table_16" name="Table_16_generation_works_with_default_values"/>
    <testcase time="0.0340000000000025" classname="table_16" name="Table_16_generation_works_with_default_values">
      <skipped message="Reason: On CRAN ('test-table_16.R:19:3')"/>
    </testcase>
    <testcase time="0.0139999999999993" classname="table_16" name="Table_16_generation_works_with_custom_values"/>
    <testcase time="0.0259999999999998" classname="table_16" name="Table_16_generation_works_with_custom_values"/>
    <testcase time="0.187000000000001" classname="table_16" name="Table_16_generation_works_with_custom_values"/>
    <testcase time="0.0399999999999991" classname="table_16" name="Table_16_generation_works_with_custom_values">
      <skipped message="Reason: On CRAN ('test-table_16.R:51:3')"/>
    </testcase>
    <testcase time="0.0139999999999993" classname="table_16" name="Table_16_generation_works_with_NA_values_pruned_rows"/>
    <testcase time="0.0249999999999986" classname="table_16" name="Table_16_generation_works_with_NA_values_pruned_rows"/>
    <testcase time="0.187000000000001" classname="table_16" name="Table_16_generation_works_with_NA_values_pruned_rows"/>
    <testcase time="0.0350000000000001" classname="table_16" name="Table_16_generation_works_with_NA_values_pruned_rows">
      <skipped message="Reason: On CRAN ('test-table_16.R:58:3')"/>
    </testcase>
    <testcase time="0.0129999999999981" classname="table_16" name="Table_16_generation_works_with_risk_difference_column"/>
    <testcase time="0.032" classname="table_16" name="Table_16_generation_works_with_risk_difference_column"/>
    <testcase time="0.217000000000002" classname="table_16" name="Table_16_generation_works_with_risk_difference_column"/>
    <testcase time="0.0399999999999991" classname="table_16" name="Table_16_generation_works_with_risk_difference_column">
      <skipped message="Reason: On CRAN ('test-table_16.R:66:3')"/>
    </testcase>
  </testsuite>
  <testsuite name="table_17" timestamp="2023-11-10T15:02:19Z" hostname="f070ff1167cc" tests="16" skipped="4" failures="0" errors="0" time="1.953">
    <testcase time="0.0199999999999996" classname="table_17" name="Table_17_generation_works_with_default_values"/>
    <testcase time="0.0300000000000011" classname="table_17" name="Table_17_generation_works_with_default_values"/>
    <testcase time="0.291" classname="table_17" name="Table_17_generation_works_with_default_values"/>
    <testcase time="0.130999999999997" classname="table_17" name="Table_17_generation_works_with_default_values">
      <skipped message="Reason: On CRAN ('test-table_17.R:25:3')"/>
    </testcase>
    <testcase time="0.0140000000000029" classname="table_17" name="Table_17_generation_works_with_custom_values"/>
    <testcase time="0.0299999999999976" classname="table_17" name="Table_17_generation_works_with_custom_values"/>
    <testcase time="0.298999999999999" classname="table_17" name="Table_17_generation_works_with_custom_values"/>
    <testcase time="0.126000000000001" classname="table_17" name="Table_17_generation_works_with_custom_values">
      <skipped message="Reason: On CRAN ('test-table_17.R:57:3')"/>
    </testcase>
    <testcase time="0.0139999999999993" classname="table_17" name="Table_17_generation_works_with_NA_values_pruned_rows"/>
    <testcase time="0.0300000000000011" classname="table_17" name="Table_17_generation_works_with_NA_values_pruned_rows"/>
    <testcase time="0.300000000000001" classname="table_17" name="Table_17_generation_works_with_NA_values_pruned_rows"/>
    <testcase time="0.126000000000001" classname="table_17" name="Table_17_generation_works_with_NA_values_pruned_rows">
      <skipped message="Reason: On CRAN ('test-table_17.R:64:3')"/>
    </testcase>
    <testcase time="0.0139999999999958" classname="table_17" name="Table_17_generation_works_with_risk_difference_column"/>
    <testcase time="0.0300000000000011" classname="table_17" name="Table_17_generation_works_with_risk_difference_column"/>
    <testcase time="0.352000000000004" classname="table_17" name="Table_17_generation_works_with_risk_difference_column"/>
    <testcase time="0.145999999999994" classname="table_17" name="Table_17_generation_works_with_risk_difference_column">
      <skipped message="Reason: On CRAN ('test-table_17.R:72:3')"/>
    </testcase>
  </testsuite>
  <testsuite name="table_18" timestamp="2023-11-10T15:02:21Z" hostname="f070ff1167cc" tests="16" skipped="4" failures="0" errors="0" time="1.65">
    <testcase time="0.0210000000000008" classname="table_18" name="Table_18_generation_works_with_default_values"/>
    <testcase time="0.0260000000000034" classname="table_18" name="Table_18_generation_works_with_default_values"/>
    <testcase time="0.301000000000002" classname="table_18" name="Table_18_generation_works_with_default_values"/>
    <testcase time="0.0519999999999996" classname="table_18" name="Table_18_generation_works_with_default_values">
      <skipped message="Reason: On CRAN ('test-table_18.R:25:3')"/>
    </testcase>
    <testcase time="0.0129999999999981" classname="table_18" name="Table_18_generation_works_with_custom_values"/>
    <testcase time="0.0339999999999989" classname="table_18" name="Table_18_generation_works_with_custom_values"/>
    <testcase time="0.290000000000006" classname="table_18" name="Table_18_generation_works_with_custom_values"/>
    <testcase time="0.0629999999999953" classname="table_18" name="Table_18_generation_works_with_custom_values">
      <skipped message="Reason: On CRAN ('test-table_18.R:57:3')"/>
    </testcase>
    <testcase time="0.0140000000000029" classname="table_18" name="Table_18_generation_works_with_NA_values_pruned_rows"/>
    <testcase time="0.027000000000001" classname="table_18" name="Table_18_generation_works_with_NA_values_pruned_rows"/>
    <testcase time="0.298999999999999" classname="table_18" name="Table_18_generation_works_with_NA_values_pruned_rows"/>
    <testcase time="0.0509999999999948" classname="table_18" name="Table_18_generation_works_with_NA_values_pruned_rows">
      <skipped message="Reason: On CRAN ('test-table_18.R:64:3')"/>
    </testcase>
    <testcase time="0.0140000000000029" classname="table_18" name="Table_18_generation_works_with_risk_difference_column"/>
    <testcase time="0.027000000000001" classname="table_18" name="Table_18_generation_works_with_risk_difference_column"/>
    <testcase time="0.362000000000002" classname="table_18" name="Table_18_generation_works_with_risk_difference_column"/>
    <testcase time="0.0559999999999974" classname="table_18" name="Table_18_generation_works_with_risk_difference_column">
      <skipped message="Reason: On CRAN ('test-table_18.R:72:3')"/>
    </testcase>
  </testsuite>
  <testsuite name="table_20" timestamp="2023-11-10T15:02:22Z" hostname="f070ff1167cc" tests="24" skipped="4" failures="0" errors="0" time="1.988">
    <testcase time="0.0200000000000031" classname="table_20" name="Table_20_generation_works_with_default_values"/>
    <testcase time="0.000999999999997669" classname="table_20" name="Table_20_generation_works_with_default_values"/>
    <testcase time="0.000999999999997669" classname="table_20" name="Table_20_generation_works_with_default_values"/>
    <testcase time="0.0300000000000011" classname="table_20" name="Table_20_generation_works_with_default_values"/>
    <testcase time="0.320999999999998" classname="table_20" name="Table_20_generation_works_with_default_values"/>
    <testcase time="0.0720000000000027" classname="table_20" name="Table_20_generation_works_with_default_values">
      <skipped message="Reason: On CRAN ('test-table_20.R:17:3')"/>
    </testcase>
    <testcase time="0.0180000000000007" classname="table_20" name="Table_20_generation_works_with_custom_values"/>
    <testcase time="0.000999999999997669" classname="table_20" name="Table_20_generation_works_with_custom_values"/>
    <testcase time="0.00100000000000477" classname="table_20" name="Table_20_generation_works_with_custom_values"/>
    <testcase time="0.0329999999999941" classname="table_20" name="Table_20_generation_works_with_custom_values"/>
    <testcase time="0.444000000000003" classname="table_20" name="Table_20_generation_works_with_custom_values"/>
    <testcase time="0.0900000000000034" classname="table_20" name="Table_20_generation_works_with_custom_values">
      <skipped message="Reason: On CRAN ('test-table_20.R:65:3')"/>
    </testcase>
    <testcase time="0.0139999999999958" classname="table_20" name="Table_20_generation_works_with_missing_values_pruned_rows"/>
    <testcase time="0.000999999999997669" classname="table_20" name="Table_20_generation_works_with_missing_values_pruned_rows"/>
    <testcase time="0.00100000000000477" classname="table_20" name="Table_20_generation_works_with_missing_values_pruned_rows"/>
    <testcase time="0.0300000000000011" classname="table_20" name="Table_20_generation_works_with_missing_values_pruned_rows"/>
    <testcase time="0.305999999999997" classname="table_20" name="Table_20_generation_works_with_missing_values_pruned_rows"/>
    <testcase time="0.0600000000000023" classname="table_20" name="Table_20_generation_works_with_missing_values_pruned_rows">
      <skipped message="Reason: On CRAN ('test-table_20.R:74:3')"/>
    </testcase>
    <testcase time="0.0139999999999958" classname="table_20" name="Table_20_generation_works_with_risk_difference_column"/>
    <testcase time="0.00100000000000477" classname="table_20" name="Table_20_generation_works_with_risk_difference_column"/>
    <testcase time="0.000999999999997669" classname="table_20" name="Table_20_generation_works_with_risk_difference_column"/>
    <testcase time="0.0420000000000016" classname="table_20" name="Table_20_generation_works_with_risk_difference_column"/>
    <testcase time="0.394999999999996" classname="table_20" name="Table_20_generation_works_with_risk_difference_column"/>
    <testcase time="0.0910000000000011" classname="table_20" name="Table_20_generation_works_with_risk_difference_column">
      <skipped message="Reason: On CRAN ('test-table_20.R:82:3')"/>
    </testcase>
  </testsuite>
  <testsuite name="table_21" timestamp="2023-11-10T15:02:24Z" hostname="f070ff1167cc" tests="131" skipped="4" failures="0" errors="0" time="7.668">
    <testcase time="0.0739999999999981" classname="table_21" name="Table_21_generation_works_with_default_values"/>
    <testcase time="0.00100000000000477" classname="table_21" name="Table_21_generation_works_with_default_values"/>
    <testcase time="0.143999999999998" classname="table_21" name="Table_21_generation_works_with_default_values"/>
    <testcase time="0.0660000000000025" classname="table_21" name="Table_21_generation_works_with_default_values"/>
    <testcase time="0.0549999999999997" classname="table_21" name="Table_21_generation_works_with_default_values"/>
    <testcase time="0.0489999999999995" classname="table_21" name="Table_21_generation_works_with_default_values"/>
    <testcase time="0.0689999999999955" classname="table_21" name="Table_21_generation_works_with_default_values"/>
    <testcase time="0.0500000000000043" classname="table_21" name="Table_21_generation_works_with_default_values"/>
    <testcase time="0.0670000000000002" classname="table_21" name="Table_21_generation_works_with_default_values"/>
    <testcase time="0.0619999999999976" classname="table_21" name="Table_21_generation_works_with_default_values"/>
    <testcase time="0.0570000000000022" classname="table_21" name="Table_21_generation_works_with_default_values"/>
    <testcase time="0.0479999999999947" classname="table_21" name="Table_21_generation_works_with_default_values"/>
    <testcase time="0.0530000000000044" classname="table_21" name="Table_21_generation_works_with_default_values"/>
    <testcase time="0.0600000000000023" classname="table_21" name="Table_21_generation_works_with_default_values"/>
    <testcase time="0.0609999999999999" classname="table_21" name="Table_21_generation_works_with_default_values"/>
    <testcase time="0.0479999999999947" classname="table_21" name="Table_21_generation_works_with_default_values"/>
    <testcase time="0.0590000000000046" classname="table_21" name="Table_21_generation_works_with_default_values"/>
    <testcase time="0.0479999999999947" classname="table_21" name="Table_21_generation_works_with_default_values"/>
    <testcase time="0.0480000000000018" classname="table_21" name="Table_21_generation_works_with_default_values"/>
    <testcase time="0.0570000000000022" classname="table_21" name="Table_21_generation_works_with_default_values"/>
    <testcase time="0.0489999999999995" classname="table_21" name="Table_21_generation_works_with_default_values"/>
    <testcase time="0.0480000000000018" classname="table_21" name="Table_21_generation_works_with_default_values"/>
    <testcase time="0.0529999999999973" classname="table_21" name="Table_21_generation_works_with_default_values"/>
    <testcase time="0.0589999999999975" classname="table_21" name="Table_21_generation_works_with_default_values"/>
    <testcase time="0.0480000000000018" classname="table_21" name="Table_21_generation_works_with_default_values"/>
    <testcase time="0.0480000000000018" classname="table_21" name="Table_21_generation_works_with_default_values"/>
    <testcase time="0.0619999999999976" classname="table_21" name="Table_21_generation_works_with_default_values"/>
    <testcase time="0.0480000000000018" classname="table_21" name="Table_21_generation_works_with_default_values"/>
    <testcase time="0.0489999999999995" classname="table_21" name="Table_21_generation_works_with_default_values"/>
    <testcase time="0.054000000000002" classname="table_21" name="Table_21_generation_works_with_default_values"/>
    <testcase time="0.0589999999999975" classname="table_21" name="Table_21_generation_works_with_default_values"/>
    <testcase time="0.0470000000000041" classname="table_21" name="Table_21_generation_works_with_default_values"/>
    <testcase time="0.0479999999999947" classname="table_21" name="Table_21_generation_works_with_default_values"/>
    <testcase time="0.0590000000000046" classname="table_21" name="Table_21_generation_works_with_default_values"/>
    <testcase time="0.0479999999999947" classname="table_21" name="Table_21_generation_works_with_default_values"/>
    <testcase time="0.0480000000000018" classname="table_21" name="Table_21_generation_works_with_default_values"/>
    <testcase time="0.070999999999998" classname="table_21" name="Table_21_generation_works_with_default_values"/>
    <testcase time="0.0500000000000043" classname="table_21" name="Table_21_generation_works_with_default_values"/>
    <testcase time="0.0659999999999954" classname="table_21" name="Table_21_generation_works_with_default_values"/>
    <testcase time="0.0620000000000047" classname="table_21" name="Table_21_generation_works_with_default_values"/>
    <testcase time="0.0509999999999948" classname="table_21" name="Table_21_generation_works_with_default_values"/>
    <testcase time="0.0480000000000018" classname="table_21" name="Table_21_generation_works_with_default_values"/>
    <testcase time="0.0530000000000044" classname="table_21" name="Table_21_generation_works_with_default_values"/>
    <testcase time="0.0629999999999953" classname="table_21" name="Table_21_generation_works_with_default_values"/>
    <testcase time="0.0480000000000018" classname="table_21" name="Table_21_generation_works_with_default_values"/>
    <testcase time="0.0489999999999995" classname="table_21" name="Table_21_generation_works_with_default_values"/>
    <testcase time="0.0660000000000025" classname="table_21" name="Table_21_generation_works_with_default_values"/>
    <testcase time="0.0489999999999995" classname="table_21" name="Table_21_generation_works_with_default_values"/>
    <testcase time="0.0480000000000018" classname="table_21" name="Table_21_generation_works_with_default_values"/>
    <testcase time="0.0589999999999975" classname="table_21" name="Table_21_generation_works_with_default_values"/>
    <testcase time="0.0459999999999994" classname="table_21" name="Table_21_generation_works_with_default_values"/>
    <testcase time="0.0739999999999981" classname="table_21" name="Table_21_generation_works_with_default_values">
      <skipped message="Reason: On CRAN ('test-table_21.R:22:3')"/>
    </testcase>
    <testcase time="0.0139999999999958" classname="table_21" name="Table_21_generation_works_with_custom_values_N_s_denominator_and_overall_column"/>
    <testcase time="0.00100000000000477" classname="table_21" name="Table_21_generation_works_with_custom_values_N_s_denominator_and_overall_column"/>
    <testcase time="0.0689999999999955" classname="table_21" name="Table_21_generation_works_with_custom_values_N_s_denominator_and_overall_column"/>
    <testcase time="0.148000000000003" classname="table_21" name="Table_21_generation_works_with_custom_values_N_s_denominator_and_overall_column"/>
    <testcase time="0.0619999999999976" classname="table_21" name="Table_21_generation_works_with_custom_values_N_s_denominator_and_overall_column"/>
    <testcase time="0.0549999999999997" classname="table_21" name="Table_21_generation_works_with_custom_values_N_s_denominator_and_overall_column"/>
    <testcase time="0.0480000000000018" classname="table_21" name="Table_21_generation_works_with_custom_values_N_s_denominator_and_overall_column"/>
    <testcase time="0.0659999999999954" classname="table_21" name="Table_21_generation_works_with_custom_values_N_s_denominator_and_overall_column"/>
    <testcase time="0.0500000000000043" classname="table_21" name="Table_21_generation_works_with_custom_values_N_s_denominator_and_overall_column"/>
    <testcase time="0.0549999999999997" classname="table_21" name="Table_21_generation_works_with_custom_values_N_s_denominator_and_overall_column"/>
    <testcase time="0.054000000000002" classname="table_21" name="Table_21_generation_works_with_custom_values_N_s_denominator_and_overall_column"/>
    <testcase time="0.0730000000000004" classname="table_21" name="Table_21_generation_works_with_custom_values_N_s_denominator_and_overall_column"/>
    <testcase time="0.0479999999999947" classname="table_21" name="Table_21_generation_works_with_custom_values_N_s_denominator_and_overall_column"/>
    <testcase time="0.0630000000000024" classname="table_21" name="Table_21_generation_works_with_custom_values_N_s_denominator_and_overall_column"/>
    <testcase time="0.054000000000002" classname="table_21" name="Table_21_generation_works_with_custom_values_N_s_denominator_and_overall_column"/>
    <testcase time="0.0529999999999973" classname="table_21" name="Table_21_generation_works_with_custom_values_N_s_denominator_and_overall_column"/>
    <testcase time="0.0480000000000018" classname="table_21" name="Table_21_generation_works_with_custom_values_N_s_denominator_and_overall_column"/>
    <testcase time="0.0829999999999984" classname="table_21" name="Table_21_generation_works_with_custom_values_N_s_denominator_and_overall_column"/>
    <testcase time="0.0480000000000018" classname="table_21" name="Table_21_generation_works_with_custom_values_N_s_denominator_and_overall_column"/>
    <testcase time="0.290999999999997" classname="table_21" name="Table_21_generation_works_with_custom_values_N_s_denominator_and_overall_column"/>
    <testcase time="0.0489999999999995" classname="table_21" name="Table_21_generation_works_with_custom_values_N_s_denominator_and_overall_column"/>
    <testcase time="0.0500000000000043" classname="table_21" name="Table_21_generation_works_with_custom_values_N_s_denominator_and_overall_column"/>
    <testcase time="0.0479999999999947" classname="table_21" name="Table_21_generation_works_with_custom_values_N_s_denominator_and_overall_column"/>
    <testcase time="0.0530000000000044" classname="table_21" name="Table_21_generation_works_with_custom_values_N_s_denominator_and_overall_column"/>
    <testcase time="0.0489999999999995" classname="table_21" name="Table_21_generation_works_with_custom_values_N_s_denominator_and_overall_column"/>
    <testcase time="0.0499999999999972" classname="table_21" name="Table_21_generation_works_with_custom_values_N_s_denominator_and_overall_column"/>
    <testcase time="0.0530000000000044" classname="table_21" name="Table_21_generation_works_with_custom_values_N_s_denominator_and_overall_column"/>
    <testcase time="0.0529999999999973" classname="table_21" name="Table_21_generation_works_with_custom_values_N_s_denominator_and_overall_column"/>
    <testcase time="0.0519999999999996" classname="table_21" name="Table_21_generation_works_with_custom_values_N_s_denominator_and_overall_column"/>
    <testcase time="0.0470000000000041" classname="table_21" name="Table_21_generation_works_with_custom_values_N_s_denominator_and_overall_column"/>
    <testcase time="0.0509999999999948" classname="table_21" name="Table_21_generation_works_with_custom_values_N_s_denominator_and_overall_column"/>
    <testcase time="0.0470000000000041" classname="table_21" name="Table_21_generation_works_with_custom_values_N_s_denominator_and_overall_column"/>
    <testcase time="0.046999999999997" classname="table_21" name="Table_21_generation_works_with_custom_values_N_s_denominator_and_overall_column"/>
    <testcase time="0.0529999999999973" classname="table_21" name="Table_21_generation_works_with_custom_values_N_s_denominator_and_overall_column"/>
    <testcase time="0.0480000000000018" classname="table_21" name="Table_21_generation_works_with_custom_values_N_s_denominator_and_overall_column"/>
    <testcase time="0.0530000000000044" classname="table_21" name="Table_21_generation_works_with_custom_values_N_s_denominator_and_overall_column"/>
    <testcase time="0.0529999999999973" classname="table_21" name="Table_21_generation_works_with_custom_values_N_s_denominator_and_overall_column"/>
    <testcase time="0.046999999999997" classname="table_21" name="Table_21_generation_works_with_custom_values_N_s_denominator_and_overall_column"/>
    <testcase time="0.0470000000000041" classname="table_21" name="Table_21_generation_works_with_custom_values_N_s_denominator_and_overall_column"/>
    <testcase time="0.0519999999999996" classname="table_21" name="Table_21_generation_works_with_custom_values_N_s_denominator_and_overall_column"/>
    <testcase time="0.0459999999999994" classname="table_21" name="Table_21_generation_works_with_custom_values_N_s_denominator_and_overall_column"/>
    <testcase time="0.0470000000000041" classname="table_21" name="Table_21_generation_works_with_custom_values_N_s_denominator_and_overall_column"/>
    <testcase time="0.0479999999999947" classname="table_21" name="Table_21_generation_works_with_custom_values_N_s_denominator_and_overall_column"/>
    <testcase time="0.0600000000000023" classname="table_21" name="Table_21_generation_works_with_custom_values_N_s_denominator_and_overall_column"/>
    <testcase time="0.0470000000000041" classname="table_21" name="Table_21_generation_works_with_custom_values_N_s_denominator_and_overall_column"/>
    <testcase time="0.0489999999999995" classname="table_21" name="Table_21_generation_works_with_custom_values_N_s_denominator_and_overall_column"/>
    <testcase time="0.0529999999999973" classname="table_21" name="Table_21_generation_works_with_custom_values_N_s_denominator_and_overall_column"/>
    <testcase time="0.0480000000000018" classname="table_21" name="Table_21_generation_works_with_custom_values_N_s_denominator_and_overall_column"/>
    <testcase time="0.0480000000000018" classname="table_21" name="Table_21_generation_works_with_custom_values_N_s_denominator_and_overall_column"/>
    <testcase time="0.0529999999999973" classname="table_21" name="Table_21_generation_works_with_custom_values_N_s_denominator_and_overall_column"/>
    <testcase time="0.046999999999997" classname="table_21" name="Table_21_generation_works_with_custom_values_N_s_denominator_and_overall_column"/>
    <testcase time="0.0680000000000049" classname="table_21" name="Table_21_generation_works_with_custom_values_N_s_denominator_and_overall_column"/>
    <testcase time="0.0539999999999949" classname="table_21" name="Table_21_generation_works_with_custom_values_N_s_denominator_and_overall_column"/>
    <testcase time="0.0480000000000018" classname="table_21" name="Table_21_generation_works_with_custom_values_N_s_denominator_and_overall_column"/>
    <testcase time="0.0480000000000018" classname="table_21" name="Table_21_generation_works_with_custom_values_N_s_denominator_and_overall_column"/>
    <testcase time="0.287999999999997" classname="table_21" name="Table_21_generation_works_with_custom_values_N_s_denominator_and_overall_column"/>
    <testcase time="0.0500000000000043" classname="table_21" name="Table_21_generation_works_with_custom_values_N_s_denominator_and_overall_column"/>
    <testcase time="0.0479999999999947" classname="table_21" name="Table_21_generation_works_with_custom_values_N_s_denominator_and_overall_column"/>
    <testcase time="0.0489999999999995" classname="table_21" name="Table_21_generation_works_with_custom_values_N_s_denominator_and_overall_column"/>
    <testcase time="0.0590000000000046" classname="table_21" name="Table_21_generation_works_with_custom_values_N_s_denominator_and_overall_column"/>
    <testcase time="0.0499999999999972" classname="table_21" name="Table_21_generation_works_with_custom_values_N_s_denominator_and_overall_column"/>
    <testcase time="0.0480000000000018" classname="table_21" name="Table_21_generation_works_with_custom_values_N_s_denominator_and_overall_column"/>
    <testcase time="0.0519999999999996" classname="table_21" name="Table_21_generation_works_with_custom_values_N_s_denominator_and_overall_column"/>
    <testcase time="0.054000000000002" classname="table_21" name="Table_21_generation_works_with_custom_values_N_s_denominator_and_overall_column"/>
    <testcase time="0.0480000000000018" classname="table_21" name="Table_21_generation_works_with_custom_values_N_s_denominator_and_overall_column"/>
    <testcase time="0.0519999999999996" classname="table_21" name="Table_21_generation_works_with_custom_values_N_s_denominator_and_overall_column"/>
    <testcase time="0.046999999999997" classname="table_21" name="Table_21_generation_works_with_custom_values_N_s_denominator_and_overall_column"/>
    <testcase time="0.046999999999997" classname="table_21" name="Table_21_generation_works_with_custom_values_N_s_denominator_and_overall_column"/>
    <testcase time="0.0860000000000056" classname="table_21" name="Table_21_generation_works_with_custom_values_N_s_denominator_and_overall_column">
      <skipped message="Reason: On CRAN ('test-table_21.R:34:3')"/>
    </testcase>
    <testcase time="0.0139999999999958" classname="table_21" name="Table_21_generation_works_with_custom_values_N_col_denominator_and_no_overall_column"/>
    <testcase time="0.00200000000000244" classname="table_21" name="Table_21_generation_works_with_custom_values_N_col_denominator_and_no_overall_column"/>
    <testcase time="0.0339999999999989" classname="table_21" name="Table_21_generation_works_with_custom_values_N_col_denominator_and_no_overall_column"/>
    <testcase time="0.213000000000001" classname="table_21" name="Table_21_generation_works_with_custom_values_N_col_denominator_and_no_overall_column"/>
    <testcase time="0.0679999999999978" classname="table_21" name="Table_21_generation_works_with_custom_values_N_col_denominator_and_no_overall_column">
      <skipped message="Reason: On CRAN ('test-table_21.R:62:3')"/>
    </testcase>
    <testcase time="0.0450000000000017" classname="table_21" name="Table_21_generation_works_with_some_NA_values"/>
    <testcase time="0.00200000000000244" classname="table_21" name="Table_21_generation_works_with_some_NA_values"/>
    <testcase time="0.0389999999999944" classname="table_21" name="Table_21_generation_works_with_some_NA_values"/>
    <testcase time="0.170000000000002" classname="table_21" name="Table_21_generation_works_with_some_NA_values"/>
    <testcase time="0.0480000000000018" classname="table_21" name="Table_21_generation_works_with_some_NA_values">
      <skipped message="Reason: On CRAN ('test-table_21.R:82:3')"/>
    </testcase>
  </testsuite>
  <testsuite name="table_32" timestamp="2023-11-10T15:02:32Z" hostname="f070ff1167cc" tests="22" skipped="6" failures="0" errors="0" time="3.679">
    <testcase time="0.0180000000000007" classname="table_32" name="Table_32_generation_works_with_default_values"/>
    <testcase time="0.0349999999999966" classname="table_32" name="Table_32_generation_works_with_default_values"/>
    <testcase time="0.088000000000001" classname="table_32" name="Table_32_generation_works_with_default_values"/>
    <testcase time="0.0320000000000036" classname="table_32" name="Table_32_generation_works_with_default_values">
      <skipped message="Reason: On CRAN ('test-table_32.R:8:3')"/>
    </testcase>
    <testcase time="0.0129999999999981" classname="table_32" name="Table_32_generation_works_with_custom_values"/>
    <testcase time="0.0339999999999989" classname="table_32" name="Table_32_generation_works_with_custom_values"/>
    <testcase time="0.106000000000002" classname="table_32" name="Table_32_generation_works_with_custom_values"/>
    <testcase time="0.0379999999999967" classname="table_32" name="Table_32_generation_works_with_custom_values">
      <skipped message="Reason: On CRAN ('test-table_32.R:30:3')"/>
    </testcase>
    <testcase time="0.0140000000000029" classname="table_32" name="Table_32_generation_works_with_pruned_rows"/>
    <testcase time="0.0399999999999991" classname="table_32" name="Table_32_generation_works_with_pruned_rows"/>
    <testcase time="0.0829999999999984" classname="table_32" name="Table_32_generation_works_with_pruned_rows"/>
    <testcase time="0.0230000000000032" classname="table_32" name="Table_32_generation_works_with_pruned_rows">
      <skipped message="Reason: On CRAN ('test-table_32.R:37:3')"/>
    </testcase>
    <testcase time="0.0139999999999958" classname="table_32" name="Table_32_generation_works_with_risk_difference_column"/>
    <testcase time="0.0390000000000015" classname="table_32" name="Table_32_generation_works_with_risk_difference_column"/>
    <testcase time="0.108000000000004" classname="table_32" name="Table_32_generation_works_with_risk_difference_column"/>
    <testcase time="0.0429999999999993" classname="table_32" name="Table_32_generation_works_with_risk_difference_column">
      <skipped message="Reason: On CRAN ('test-table_32.R:45:3')"/>
    </testcase>
    <testcase time="0.0139999999999958" classname="table_32" name="Table_32_gtsum_generation_works_with_default_values"/>
    <testcase time="1.197" classname="table_32" name="Table_32_gtsum_generation_works_with_default_values"/>
    <testcase time="0.00500000000000256" classname="table_32" name="Table_32_gtsum_generation_works_with_default_values">
      <skipped message="Reason: On CRAN ('test-table_32.R:51:3')"/>
    </testcase>
    <testcase time="0.0139999999999958" classname="table_32" name="Table_32_gtsum_generation_works_with_custom_values"/>
    <testcase time="1.716" classname="table_32" name="Table_32_gtsum_generation_works_with_custom_values"/>
    <testcase time="0.00500000000000256" classname="table_32" name="Table_32_gtsum_generation_works_with_custom_values">
      <skipped message="Reason: On CRAN ('test-table_32.R:61:3')"/>
    </testcase>
  </testsuite>
  <testsuite name="table_33" timestamp="2023-11-10T15:02:35Z" hostname="f070ff1167cc" tests="16" skipped="4" failures="0" errors="0" time="1.298">
    <testcase time="0.0180000000000007" classname="table_33" name="Table_33_generation_works_with_default_values"/>
    <testcase time="0.203999999999994" classname="table_33" name="Table_33_generation_works_with_default_values"/>
    <testcase time="0.0680000000000049" classname="table_33" name="Table_33_generation_works_with_default_values"/>
    <testcase time="0.0240000000000009" classname="table_33" name="Table_33_generation_works_with_default_values">
      <skipped message="Reason: On CRAN ('test-table_33.R:8:3')"/>
    </testcase>
    <testcase time="0.0139999999999958" classname="table_33" name="Table_33_generation_works_with_custom_values"/>
    <testcase time="0.206000000000003" classname="table_33" name="Table_33_generation_works_with_custom_values"/>
    <testcase time="0.0850000000000009" classname="table_33" name="Table_33_generation_works_with_custom_values"/>
    <testcase time="0.0289999999999964" classname="table_33" name="Table_33_generation_works_with_custom_values">
      <skipped message="Reason: On CRAN ('test-table_33.R:34:3')"/>
    </testcase>
    <testcase time="0.0140000000000029" classname="table_33" name="Table_33_generation_works_with_pruned_rows"/>
    <testcase time="0.208999999999996" classname="table_33" name="Table_33_generation_works_with_pruned_rows"/>
    <testcase time="0.0670000000000002" classname="table_33" name="Table_33_generation_works_with_pruned_rows"/>
    <testcase time="0.0219999999999985" classname="table_33" name="Table_33_generation_works_with_pruned_rows">
      <skipped message="Reason: On CRAN ('test-table_33.R:42:3')"/>
    </testcase>
    <testcase time="0.0140000000000029" classname="table_33" name="Table_33_generation_works_with_risk_difference_column"/>
    <testcase time="0.206000000000003" classname="table_33" name="Table_33_generation_works_with_risk_difference_column"/>
    <testcase time="0.0899999999999963" classname="table_33" name="Table_33_generation_works_with_risk_difference_column"/>
    <testcase time="0.0279999999999987" classname="table_33" name="Table_33_generation_works_with_risk_difference_column">
      <skipped message="Reason: On CRAN ('test-table_33.R:50:3')"/>
    </testcase>
  </testsuite>
  <testsuite name="table_34" timestamp="2023-11-10T15:02:37Z" hostname="f070ff1167cc" tests="12" skipped="3" failures="0" errors="0" time="4.426">
    <testcase time="0.0220000000000056" classname="table_34" name="Table_34_generation_works_with_default_values"/>
    <testcase time="0.0339999999999989" classname="table_34" name="Table_34_generation_works_with_default_values"/>
    <testcase time="1.204" classname="table_34" name="Table_34_generation_works_with_default_values"/>
    <testcase time="0.152999999999999" classname="table_34" name="Table_34_generation_works_with_default_values">
      <skipped message="Reason: On CRAN ('test-table_34.R:17:3')"/>
    </testcase>
    <testcase time="0.0150000000000006" classname="table_34" name="Table_34_generation_works_with_custom_values"/>
    <testcase time="0.0319999999999965" classname="table_34" name="Table_34_generation_works_with_custom_values"/>
    <testcase time="1.202" classname="table_34" name="Table_34_generation_works_with_custom_values"/>
    <testcase time="0.0570000000000022" classname="table_34" name="Table_34_generation_works_with_custom_values">
      <skipped message="Reason: On CRAN ('test-table_34.R:49:3')"/>
    </testcase>
    <testcase time="0.0219999999999985" classname="table_34" name="Table_34_generation_works_with_risk_difference_column"/>
    <testcase time="0.027000000000001" classname="table_34" name="Table_34_generation_works_with_risk_difference_column"/>
    <testcase time="1.477" classname="table_34" name="Table_34_generation_works_with_risk_difference_column"/>
    <testcase time="0.180999999999997" classname="table_34" name="Table_34_generation_works_with_risk_difference_column">
      <skipped message="Reason: On CRAN ('test-table_34.R:57:3')"/>
    </testcase>
  </testsuite>
</testsuites>
