<?xml version="1.0" encoding="UTF-8"?>
<testsuites>
  <testsuite name="table_02" timestamp="2023-11-09T21:34:08Z" hostname="a82a29e35645" tests="30" skipped="10" failures="0" errors="0" time="10.594">
    <testcase time="0.0489999999999999" classname="table_02" name="Table_02_generation_works_with_default_values"/>
    <testcase time="0.384" classname="table_02" name="Table_02_generation_works_with_default_values"/>
    <testcase time="0.174" classname="table_02" name="Table_02_generation_works_with_default_values">
      <skipped message="Reason: On CRAN ('test-table_02.R:16:3')"/>
    </testcase>
    <testcase time="0.056" classname="table_02" name="Table_02_generation_works_with_custom_values"/>
    <testcase time="0.279" classname="table_02" name="Table_02_generation_works_with_custom_values"/>
    <testcase time="0.174" classname="table_02" name="Table_02_generation_works_with_custom_values">
      <skipped message="Reason: On CRAN ('test-table_02.R:45:3')"/>
    </testcase>
    <testcase time="0.0409999999999999" classname="table_02" name="Table_02_generation_works_with_some_NA_values"/>
    <testcase time="0.069" classname="table_02" name="Table_02_generation_works_with_some_NA_values"/>
    <testcase time="0.04" classname="table_02" name="Table_02_generation_works_with_some_NA_values">
      <skipped message="Reason: On CRAN ('test-table_02.R:57:3')"/>
    </testcase>
    <testcase time="0.0150000000000001" classname="table_02" name="Table_02_generation_tplyr_works_with_default_values"/>
    <testcase time="1.193" classname="table_02" name="Table_02_generation_tplyr_works_with_default_values"/>
    <testcase time="0.0250000000000004" classname="table_02" name="Table_02_generation_tplyr_works_with_default_values">
      <skipped message="Reason: On CRAN ('test-table_02.R:66:3')"/>
    </testcase>
    <testcase time="0.0140000000000002" classname="table_02" name="Table_02_generation_tplyr_works_with_tplyr_raw_TRUE"/>
    <testcase time="0.793" classname="table_02" name="Table_02_generation_tplyr_works_with_tplyr_raw_TRUE"/>
    <testcase time="0.0179999999999998" classname="table_02" name="Table_02_generation_tplyr_works_with_tplyr_raw_TRUE">
      <skipped message="Reason: On CRAN ('test-table_02.R:75:3')"/>
    </testcase>
    <testcase time="0.0339999999999998" classname="table_02" name="Table_02_generation_tplyr_works_with_custom_values"/>
    <testcase time="1.206" classname="table_02" name="Table_02_generation_tplyr_works_with_custom_values"/>
    <testcase time="0.0169999999999995" classname="table_02" name="Table_02_generation_tplyr_works_with_custom_values">
      <skipped message="Reason: On CRAN ('test-table_02.R:102:3')"/>
    </testcase>
    <testcase time="0.0280000000000005" classname="table_02" name="Table_02_generation_tplyr_works_with_some_NA_values"/>
    <testcase time="0.489" classname="table_02" name="Table_02_generation_tplyr_works_with_some_NA_values"/>
    <testcase time="0.0170000000000003" classname="table_02" name="Table_02_generation_tplyr_works_with_some_NA_values">
      <skipped message="Reason: On CRAN ('test-table_02.R:119:3')"/>
    </testcase>
    <testcase time="0.0139999999999993" classname="table_02" name="Table_02_generation_gtsum_works_with_default_values"/>
    <testcase time="2.26" classname="table_02" name="Table_02_generation_gtsum_works_with_default_values"/>
    <testcase time="0.00699999999999967" classname="table_02" name="Table_02_generation_gtsum_works_with_default_values">
      <skipped message="Reason: On CRAN ('test-table_02.R:128:3')"/>
    </testcase>
    <testcase time="0.0330000000000013" classname="table_02" name="Table_02_generation_gtsum_works_with_custom_values"/>
    <testcase time="2.343" classname="table_02" name="Table_02_generation_gtsum_works_with_custom_values"/>
    <testcase time="0.00699999999999967" classname="table_02" name="Table_02_generation_gtsum_works_with_custom_values">
      <skipped message="Reason: On CRAN ('test-table_02.R:146:3')"/>
    </testcase>
    <testcase time="0.0269999999999992" classname="table_02" name="Table_02_generation_gtsum_works_with_some_NA_values"/>
    <testcase time="0.782" classname="table_02" name="Table_02_generation_gtsum_works_with_some_NA_values"/>
    <testcase time="0.00600000000000023" classname="table_02" name="Table_02_generation_gtsum_works_with_some_NA_values">
      <skipped message="Reason: On CRAN ('test-table_02.R:160:3')"/>
    </testcase>
  </testsuite>
  <testsuite name="table_03" timestamp="2023-11-09T21:34:19Z" hostname="a82a29e35645" tests="8" skipped="2" failures="0" errors="0" time="0.644">
    <testcase time="0.032" classname="table_03" name="Table_3_generation_works_with_default_values"/>
    <testcase time="0.00100000000000122" classname="table_03" name="Table_3_generation_works_with_default_values"/>
    <testcase time="0.250999999999999" classname="table_03" name="Table_3_generation_works_with_default_values"/>
    <testcase time="0.043000000000001" classname="table_03" name="Table_3_generation_works_with_default_values">
      <skipped message="Reason: On CRAN ('test-table_03.R:21:3')"/>
    </testcase>
    <testcase time="0.0149999999999988" classname="table_03" name="Table_3_generation_works_with_custom_values"/>
    <testcase time="0.00100000000000122" classname="table_03" name="Table_3_generation_works_with_custom_values"/>
    <testcase time="0.238" classname="table_03" name="Table_3_generation_works_with_custom_values"/>
    <testcase time="0.0630000000000006" classname="table_03" name="Table_3_generation_works_with_custom_values">
      <skipped message="Reason: On CRAN ('test-table_03.R:41:3')"/>
    </testcase>
  </testsuite>
  <testsuite name="table_04" timestamp="2023-11-09T21:34:19Z" hostname="a82a29e35645" tests="9" skipped="2" failures="0" errors="0" time="0.615">
    <testcase time="0.0319999999999983" classname="table_04" name="Table_04_generation_works_with_default_values"/>
    <testcase time="0.212000000000002" classname="table_04" name="Table_04_generation_works_with_default_values"/>
    <testcase time="0.0629999999999988" classname="table_04" name="Table_04_generation_works_with_default_values">
      <skipped message="Reason: On CRAN ('test-table_04.R:18:3')"/>
    </testcase>
    <testcase time="0.0140000000000011" classname="table_04" name="Table_04_generation_works_with_custom_values"/>
    <testcase time="0.000999999999999446" classname="table_04" name="Table_04_generation_works_with_custom_values"/>
    <testcase time="0.00200000000000067" classname="table_04" name="Table_04_generation_works_with_custom_values"/>
    <testcase time="0.000999999999999446" classname="table_04" name="Table_04_generation_works_with_custom_values"/>
    <testcase time="0.231999999999999" classname="table_04" name="Table_04_generation_works_with_custom_values"/>
    <testcase time="0.0579999999999998" classname="table_04" name="Table_04_generation_works_with_custom_values">
      <skipped message="Reason: On CRAN ('test-table_04.R:46:3')"/>
    </testcase>
  </testsuite>
  <testsuite name="table_05" timestamp="2023-11-09T21:34:20Z" hostname="a82a29e35645" tests="12" skipped="4" failures="0" errors="0" time="1.063">
    <testcase time="0.136000000000001" classname="table_05" name="Table_05_generation_works_with_default_values"/>
    <testcase time="0.148999999999999" classname="table_05" name="Table_05_generation_works_with_default_values"/>
    <testcase time="0.0620000000000012" classname="table_05" name="Table_05_generation_works_with_default_values">
      <skipped message="Reason: On CRAN ('test-table_05.R:10:3')"/>
    </testcase>
    <testcase time="0.0139999999999993" classname="table_05" name="Table_05_generation_works_with_custom_values"/>
    <testcase time="0.170999999999999" classname="table_05" name="Table_05_generation_works_with_custom_values"/>
    <testcase time="0.0650000000000013" classname="table_05" name="Table_05_generation_works_with_custom_values">
      <skipped message="Reason: On CRAN ('test-table_05.R:34:3')"/>
    </testcase>
    <testcase time="0.016" classname="table_05" name="Table_05_generation_works_with_NA_values_pruned_rows"/>
    <testcase time="0.145" classname="table_05" name="Table_05_generation_works_with_NA_values_pruned_rows"/>
    <testcase time="0.0559999999999992" classname="table_05" name="Table_05_generation_works_with_NA_values_pruned_rows">
      <skipped message="Reason: On CRAN ('test-table_05.R:44:3')"/>
    </testcase>
    <testcase time="0.0140000000000011" classname="table_05" name="Table_05_generation_works_with_risk_difference_column"/>
    <testcase time="0.174999999999999" classname="table_05" name="Table_05_generation_works_with_risk_difference_column"/>
    <testcase time="0.0600000000000005" classname="table_05" name="Table_05_generation_works_with_risk_difference_column">
      <skipped message="Reason: On CRAN ('test-table_05.R:57:3')"/>
    </testcase>
  </testsuite>
  <testsuite name="table_06" timestamp="2023-11-09T21:34:21Z" hostname="a82a29e35645" tests="15" skipped="3" failures="0" errors="0" time="1.644">
    <testcase time="0.0250000000000004" classname="table_06" name="Table_06_generation_works_with_default_values"/>
    <testcase time="0.00199999999999889" classname="table_06" name="Table_06_generation_works_with_default_values"/>
    <testcase time="0.0390000000000015" classname="table_06" name="Table_06_generation_works_with_default_values"/>
    <testcase time="0.327" classname="table_06" name="Table_06_generation_works_with_default_values"/>
    <testcase time="0.0689999999999991" classname="table_06" name="Table_06_generation_works_with_default_values">
      <skipped message="Reason: On CRAN ('test-table_06.R:8:3')"/>
    </testcase>
    <testcase time="0.0150000000000006" classname="table_06" name="Table_06_generation_works_with_custom_values"/>
    <testcase time="0.00200000000000067" classname="table_06" name="Table_06_generation_works_with_custom_values"/>
    <testcase time="0.0389999999999997" classname="table_06" name="Table_06_generation_works_with_custom_values"/>
    <testcase time="0.436" classname="table_06" name="Table_06_generation_works_with_custom_values"/>
    <testcase time="0.105999999999998" classname="table_06" name="Table_06_generation_works_with_custom_values">
      <skipped message="Reason: On CRAN ('test-table_06.R:40:3')"/>
    </testcase>
    <testcase time="0.0150000000000006" classname="table_06" name="Table_06_generation_works_with_risk_difference_column"/>
    <testcase time="0.00200000000000244" classname="table_06" name="Table_06_generation_works_with_risk_difference_column"/>
    <testcase time="0.0379999999999967" classname="table_06" name="Table_06_generation_works_with_risk_difference_column"/>
    <testcase time="0.448" classname="table_06" name="Table_06_generation_works_with_risk_difference_column"/>
    <testcase time="0.0809999999999995" classname="table_06" name="Table_06_generation_works_with_risk_difference_column">
      <skipped message="Reason: On CRAN ('test-table_06.R:48:3')"/>
    </testcase>
  </testsuite>
  <testsuite name="table_07" timestamp="2023-11-09T21:34:23Z" hostname="a82a29e35645" tests="24" skipped="4" failures="0" errors="0" time="1.765">
    <testcase time="0.022000000000002" classname="table_07" name="Table_07_generation_works_with_default_values"/>
    <testcase time="0.000999999999997669" classname="table_07" name="Table_07_generation_works_with_default_values"/>
    <testcase time="0.00100000000000122" classname="table_07" name="Table_07_generation_works_with_default_values"/>
    <testcase time="0.0279999999999987" classname="table_07" name="Table_07_generation_works_with_default_values"/>
    <testcase time="0.272000000000002" classname="table_07" name="Table_07_generation_works_with_default_values"/>
    <testcase time="0.0879999999999974" classname="table_07" name="Table_07_generation_works_with_default_values">
      <skipped message="Reason: On CRAN ('test-table_07.R:13:3')"/>
    </testcase>
    <testcase time="0.0150000000000006" classname="table_07" name="Table_07_generation_works_with_custom_values"/>
    <testcase time="0.00100000000000122" classname="table_07" name="Table_07_generation_works_with_custom_values"/>
    <testcase time="0.00199999999999889" classname="table_07" name="Table_07_generation_works_with_custom_values"/>
    <testcase time="0.0350000000000001" classname="table_07" name="Table_07_generation_works_with_custom_values"/>
    <testcase time="0.344000000000001" classname="table_07" name="Table_07_generation_works_with_custom_values"/>
    <testcase time="0.119" classname="table_07" name="Table_07_generation_works_with_custom_values">
      <skipped message="Reason: On CRAN ('test-table_07.R:42:3')"/>
    </testcase>
    <testcase time="0.0150000000000006" classname="table_07" name="Table_07_generation_works_with_NA_values_pruned_rows"/>
    <testcase time="0.000999999999997669" classname="table_07" name="Table_07_generation_works_with_NA_values_pruned_rows"/>
    <testcase time="0.00100000000000122" classname="table_07" name="Table_07_generation_works_with_NA_values_pruned_rows"/>
    <testcase time="0.027000000000001" classname="table_07" name="Table_07_generation_works_with_NA_values_pruned_rows"/>
    <testcase time="0.245000000000001" classname="table_07" name="Table_07_generation_works_with_NA_values_pruned_rows"/>
    <testcase time="0.0919999999999987" classname="table_07" name="Table_07_generation_works_with_NA_values_pruned_rows">
      <skipped message="Reason: On CRAN ('test-table_07.R:52:3')"/>
    </testcase>
    <testcase time="0.0150000000000006" classname="table_07" name="Table_07_generation_works_with_risk_difference_column"/>
    <testcase time="0.000999999999997669" classname="table_07" name="Table_07_generation_works_with_risk_difference_column"/>
    <testcase time="0.00100000000000122" classname="table_07" name="Table_07_generation_works_with_risk_difference_column"/>
    <testcase time="0.0350000000000001" classname="table_07" name="Table_07_generation_works_with_risk_difference_column"/>
    <testcase time="0.297000000000001" classname="table_07" name="Table_07_generation_works_with_risk_difference_column"/>
    <testcase time="0.106999999999999" classname="table_07" name="Table_07_generation_works_with_risk_difference_column">
      <skipped message="Reason: On CRAN ('test-table_07.R:65:3')"/>
    </testcase>
  </testsuite>
  <testsuite name="table_08" timestamp="2023-11-09T21:34:24Z" hostname="a82a29e35645" tests="12" skipped="2" failures="0" errors="0" time="0.436">
    <testcase time="0.0199999999999996" classname="table_08" name="Table_08_generation_works_with_default_values"/>
    <testcase time="0.00100000000000122" classname="table_08" name="Table_08_generation_works_with_default_values"/>
    <testcase time="0.0289999999999999" classname="table_08" name="Table_08_generation_works_with_default_values"/>
    <testcase time="0.032" classname="table_08" name="Table_08_generation_works_with_default_values"/>
    <testcase time="0.0249999999999986" classname="table_08" name="Table_08_generation_works_with_default_values"/>
    <testcase time="0.0990000000000002" classname="table_08" name="Table_08_generation_works_with_default_values">
      <skipped message="Reason: On CRAN ('test-table_08.R:10:3')"/>
    </testcase>
    <testcase time="0.0150000000000006" classname="table_08" name="Table_08_generation_works_with_custom_values"/>
    <testcase time="0.00199999999999889" classname="table_08" name="Table_08_generation_works_with_custom_values"/>
    <testcase time="0.0289999999999999" classname="table_08" name="Table_08_generation_works_with_custom_values"/>
    <testcase time="0.0339999999999989" classname="table_08" name="Table_08_generation_works_with_custom_values"/>
    <testcase time="0.0310000000000024" classname="table_08" name="Table_08_generation_works_with_custom_values"/>
    <testcase time="0.119" classname="table_08" name="Table_08_generation_works_with_custom_values">
      <skipped message="Reason: On CRAN ('test-table_08.R:31:3')"/>
    </testcase>
  </testsuite>
  <testsuite name="table_09" timestamp="2023-11-09T21:34:25Z" hostname="a82a29e35645" tests="12" skipped="3" failures="0" errors="0" time="1.113">
    <testcase time="0.0189999999999984" classname="table_09" name="Table_09_generation_works_with_default_values"/>
    <testcase time="0.036999999999999" classname="table_09" name="Table_09_generation_works_with_default_values"/>
    <testcase time="0.224" classname="table_09" name="Table_09_generation_works_with_default_values"/>
    <testcase time="0.0460000000000029" classname="table_09" name="Table_09_generation_works_with_default_values">
      <skipped message="Reason: On CRAN ('test-table_09.R:8:3')"/>
    </testcase>
    <testcase time="0.0139999999999993" classname="table_09" name="Table_09_generation_works_with_custom_values"/>
    <testcase time="0.0280000000000022" classname="table_09" name="Table_09_generation_works_with_custom_values"/>
    <testcase time="0.291999999999998" classname="table_09" name="Table_09_generation_works_with_custom_values"/>
    <testcase time="0.0530000000000008" classname="table_09" name="Table_09_generation_works_with_custom_values">
      <skipped message="Reason: On CRAN ('test-table_09.R:39:3')"/>
    </testcase>
    <testcase time="0.0150000000000006" classname="table_09" name="Table_09_generation_works_with_risk_difference_column"/>
    <testcase time="0.0360000000000014" classname="table_09" name="Table_09_generation_works_with_risk_difference_column"/>
    <testcase time="0.286999999999999" classname="table_09" name="Table_09_generation_works_with_risk_difference_column"/>
    <testcase time="0.0619999999999976" classname="table_09" name="Table_09_generation_works_with_risk_difference_column">
      <skipped message="Reason: On CRAN ('test-table_09.R:47:3')"/>
    </testcase>
  </testsuite>
  <testsuite name="table_10" timestamp="2023-11-09T21:34:26Z" hostname="a82a29e35645" tests="15" skipped="3" failures="0" errors="0" time="1.29">
    <testcase time="0.0230000000000032" classname="table_10" name="Table_10_generation_works_with_default_values"/>
    <testcase time="0.000999999999997669" classname="table_10" name="Table_10_generation_works_with_default_values"/>
    <testcase time="0.0280000000000022" classname="table_10" name="Table_10_generation_works_with_default_values"/>
    <testcase time="0.271999999999998" classname="table_10" name="Table_10_generation_works_with_default_values"/>
    <testcase time="0.0940000000000012" classname="table_10" name="Table_10_generation_works_with_default_values">
      <skipped message="Reason: On CRAN ('test-table_10.R:17:3')"/>
    </testcase>
    <testcase time="0.0150000000000006" classname="table_10" name="Table_10_generation_works_with_custom_values"/>
    <testcase time="0.000999999999997669" classname="table_10" name="Table_10_generation_works_with_custom_values"/>
    <testcase time="0.0280000000000022" classname="table_10" name="Table_10_generation_works_with_custom_values"/>
    <testcase time="0.274999999999999" classname="table_10" name="Table_10_generation_works_with_custom_values"/>
    <testcase time="0.0449999999999982" classname="table_10" name="Table_10_generation_works_with_custom_values">
      <skipped message="Reason: On CRAN ('test-table_10.R:52:3')"/>
    </testcase>
    <testcase time="0.0150000000000006" classname="table_10" name="Table_10_generation_works_with_risk_difference_column"/>
    <testcase time="0.00100000000000122" classname="table_10" name="Table_10_generation_works_with_risk_difference_column"/>
    <testcase time="0.0289999999999999" classname="table_10" name="Table_10_generation_works_with_risk_difference_column"/>
    <testcase time="0.353999999999999" classname="table_10" name="Table_10_generation_works_with_risk_difference_column"/>
    <testcase time="0.109000000000002" classname="table_10" name="Table_10_generation_works_with_risk_difference_column">
      <skipped message="Reason: On CRAN ('test-table_10.R:60:3')"/>
    </testcase>
  </testsuite>
  <testsuite name="table_11" timestamp="2023-11-09T21:34:27Z" hostname="a82a29e35645" tests="12" skipped="3" failures="0" errors="0" time="1.923">
    <testcase time="0.0219999999999985" classname="table_11" name="Table_11_generation_works_with_default_values"/>
    <testcase time="0.0330000000000013" classname="table_11" name="Table_11_generation_works_with_default_values"/>
    <testcase time="0.469999999999999" classname="table_11" name="Table_11_generation_works_with_default_values"/>
    <testcase time="0.0970000000000013" classname="table_11" name="Table_11_generation_works_with_default_values">
      <skipped message="Reason: On CRAN ('test-table_11.R:18:3')"/>
    </testcase>
    <testcase time="0.0150000000000006" classname="table_11" name="Table_11_generation_works_with_custom_values"/>
    <testcase time="0.0389999999999979" classname="table_11" name="Table_11_generation_works_with_custom_values"/>
    <testcase time="0.420999999999999" classname="table_11" name="Table_11_generation_works_with_custom_values"/>
    <testcase time="0.049000000000003" classname="table_11" name="Table_11_generation_works_with_custom_values">
      <skipped message="Reason: On CRAN ('test-table_11.R:48:3')"/>
    </testcase>
    <testcase time="0.0139999999999993" classname="table_11" name="Table_11_generation_works_with_risk_difference_column"/>
    <testcase time="0.0489999999999995" classname="table_11" name="Table_11_generation_works_with_risk_difference_column"/>
    <testcase time="0.587" classname="table_11" name="Table_11_generation_works_with_risk_difference_column"/>
    <testcase time="0.126999999999999" classname="table_11" name="Table_11_generation_works_with_risk_difference_column">
      <skipped message="Reason: On CRAN ('test-table_11.R:56:3')"/>
    </testcase>
  </testsuite>
  <testsuite name="table_12" timestamp="2023-11-09T21:34:29Z" hostname="a82a29e35645" tests="12" skipped="3" failures="0" errors="0" time="2.566">
    <testcase time="0.0180000000000007" classname="table_12" name="Table_12_generation_works_with_default_values"/>
    <testcase time="0.0350000000000001" classname="table_12" name="Table_12_generation_works_with_default_values"/>
    <testcase time="0.616" classname="table_12" name="Table_12_generation_works_with_default_values"/>
    <testcase time="0.0800000000000018" classname="table_12" name="Table_12_generation_works_with_default_values">
      <skipped message="Reason: On CRAN ('test-table_12.R:9:3')"/>
    </testcase>
    <testcase time="0.0219999999999985" classname="table_12" name="Table_12_generation_works_with_custom_values"/>
    <testcase time="0.0390000000000015" classname="table_12" name="Table_12_generation_works_with_custom_values"/>
    <testcase time="0.823999999999998" classname="table_12" name="Table_12_generation_works_with_custom_values"/>
    <testcase time="0.0779999999999994" classname="table_12" name="Table_12_generation_works_with_custom_values">
      <skipped message="Reason: On CRAN ('test-table_12.R:39:3')"/>
    </testcase>
    <testcase time="0.0150000000000006" classname="table_12" name="Table_12_generation_works_with_risk_difference_column"/>
    <testcase time="0.0350000000000001" classname="table_12" name="Table_12_generation_works_with_risk_difference_column"/>
    <testcase time="0.716000000000001" classname="table_12" name="Table_12_generation_works_with_risk_difference_column"/>
    <testcase time="0.088000000000001" classname="table_12" name="Table_12_generation_works_with_risk_difference_column">
      <skipped message="Reason: On CRAN ('test-table_12.R:47:3')"/>
    </testcase>
  </testsuite>
  <testsuite name="table_13" timestamp="2023-11-09T21:34:32Z" hostname="a82a29e35645" tests="12" skipped="3" failures="0" errors="0" time="0.579">
    <testcase time="0.0179999999999971" classname="table_13" name="Table_13_generation_works_with_default_values"/>
    <testcase time="0.032" classname="table_13" name="Table_13_generation_works_with_default_values"/>
    <testcase time="0.0940000000000012" classname="table_13" name="Table_13_generation_works_with_default_values"/>
    <testcase time="0.0459999999999994" classname="table_13" name="Table_13_generation_works_with_default_values">
      <skipped message="Reason: On CRAN ('test-table_13.R:8:3')"/>
    </testcase>
    <testcase time="0.0150000000000006" classname="table_13" name="Table_13_generation_works_with_custom_values"/>
    <testcase time="0.032" classname="table_13" name="Table_13_generation_works_with_custom_values"/>
    <testcase time="0.103000000000002" classname="table_13" name="Table_13_generation_works_with_custom_values"/>
    <testcase time="0.0339999999999989" classname="table_13" name="Table_13_generation_works_with_custom_values">
      <skipped message="Reason: On CRAN ('test-table_13.R:38:3')"/>
    </testcase>
    <testcase time="0.0129999999999981" classname="table_13" name="Table_13_generation_works_with_risk_difference_column"/>
    <testcase time="0.0330000000000013" classname="table_13" name="Table_13_generation_works_with_risk_difference_column"/>
    <testcase time="0.105" classname="table_13" name="Table_13_generation_works_with_risk_difference_column"/>
    <testcase time="0.0539999999999985" classname="table_13" name="Table_13_generation_works_with_risk_difference_column">
      <skipped message="Reason: On CRAN ('test-table_13.R:46:3')"/>
    </testcase>
  </testsuite>
  <testsuite name="table_14" timestamp="2023-11-09T21:34:32Z" hostname="a82a29e35645" tests="13" skipped="4" failures="0" errors="0" time="2.317">
    <testcase time="0.0249999999999986" classname="table_14" name="Table_14_generation_works_with_default_values"/>
    <testcase time="0.408000000000001" classname="table_14" name="Table_14_generation_works_with_default_values"/>
    <testcase time="0.108000000000001" classname="table_14" name="Table_14_generation_works_with_default_values">
      <skipped message="Reason: On CRAN ('test-table_14.R:16:3')"/>
    </testcase>
    <testcase time="0.0150000000000006" classname="table_14" name="Table_14_generation_works_with_custom_values"/>
    <testcase time="0.032" classname="table_14" name="Table_14_generation_works_with_custom_values"/>
    <testcase time="0.439999999999998" classname="table_14" name="Table_14_generation_works_with_custom_values"/>
    <testcase time="0.102" classname="table_14" name="Table_14_generation_works_with_custom_values">
      <skipped message="Reason: On CRAN ('test-table_14.R:46:3')"/>
    </testcase>
    <testcase time="0.0150000000000006" classname="table_14" name="Table_14_generation_works_with_NA_values_pruned_rows"/>
    <testcase time="0.405000000000001" classname="table_14" name="Table_14_generation_works_with_NA_values_pruned_rows"/>
    <testcase time="0.0799999999999983" classname="table_14" name="Table_14_generation_works_with_NA_values_pruned_rows">
      <skipped message="Reason: On CRAN ('test-table_14.R:53:3')"/>
    </testcase>
    <testcase time="0.0139999999999993" classname="table_14" name="Table_14_generation_works_with_risk_difference_column"/>
    <testcase time="0.552000000000003" classname="table_14" name="Table_14_generation_works_with_risk_difference_column"/>
    <testcase time="0.120999999999999" classname="table_14" name="Table_14_generation_works_with_risk_difference_column">
      <skipped message="Reason: On CRAN ('test-table_14.R:61:3')"/>
    </testcase>
  </testsuite>
  <testsuite name="table_15" timestamp="2023-11-09T21:34:35Z" hostname="a82a29e35645" tests="16" skipped="4" failures="0" errors="0" time="1.295">
    <testcase time="0.0289999999999999" classname="table_15" name="Table_15_generation_works_with_default_values"/>
    <testcase time="0.0279999999999987" classname="table_15" name="Table_15_generation_works_with_default_values"/>
    <testcase time="0.193000000000001" classname="table_15" name="Table_15_generation_works_with_default_values"/>
    <testcase time="0.0689999999999991" classname="table_15" name="Table_15_generation_works_with_default_values">
      <skipped message="Reason: On CRAN ('test-table_15.R:19:3')"/>
    </testcase>
    <testcase time="0.0150000000000006" classname="table_15" name="Table_15_generation_works_with_custom_values"/>
    <testcase time="0.0279999999999987" classname="table_15" name="Table_15_generation_works_with_custom_values"/>
    <testcase time="0.198" classname="table_15" name="Table_15_generation_works_with_custom_values"/>
    <testcase time="0.0680000000000014" classname="table_15" name="Table_15_generation_works_with_custom_values">
      <skipped message="Reason: On CRAN ('test-table_15.R:51:3')"/>
    </testcase>
    <testcase time="0.0150000000000006" classname="table_15" name="Table_15_generation_works_with_NA_values_pruned_rows"/>
    <testcase time="0.0289999999999999" classname="table_15" name="Table_15_generation_works_with_NA_values_pruned_rows"/>
    <testcase time="0.192" classname="table_15" name="Table_15_generation_works_with_NA_values_pruned_rows"/>
    <testcase time="0.0749999999999993" classname="table_15" name="Table_15_generation_works_with_NA_values_pruned_rows">
      <skipped message="Reason: On CRAN ('test-table_15.R:58:3')"/>
    </testcase>
    <testcase time="0.0139999999999993" classname="table_15" name="Table_15_generation_works_with_risk_difference_column"/>
    <testcase time="0.0289999999999999" classname="table_15" name="Table_15_generation_works_with_risk_difference_column"/>
    <testcase time="0.225999999999999" classname="table_15" name="Table_15_generation_works_with_risk_difference_column"/>
    <testcase time="0.0870000000000033" classname="table_15" name="Table_15_generation_works_with_risk_difference_column">
      <skipped message="Reason: On CRAN ('test-table_15.R:66:3')"/>
    </testcase>
  </testsuite>
  <testsuite name="table_16" timestamp="2023-11-09T21:34:36Z" hostname="a82a29e35645" tests="16" skipped="4" failures="0" errors="0" time="1.149">
    <testcase time="0.0219999999999985" classname="table_16" name="Table_16_generation_works_with_default_values"/>
    <testcase time="0.0279999999999987" classname="table_16" name="Table_16_generation_works_with_default_values"/>
    <testcase time="0.195" classname="table_16" name="Table_16_generation_works_with_default_values"/>
    <testcase time="0.0429999999999993" classname="table_16" name="Table_16_generation_works_with_default_values">
      <skipped message="Reason: On CRAN ('test-table_16.R:19:3')"/>
    </testcase>
    <testcase time="0.0140000000000029" classname="table_16" name="Table_16_generation_works_with_custom_values"/>
    <testcase time="0.0269999999999975" classname="table_16" name="Table_16_generation_works_with_custom_values"/>
    <testcase time="0.191000000000003" classname="table_16" name="Table_16_generation_works_with_custom_values"/>
    <testcase time="0.0359999999999978" classname="table_16" name="Table_16_generation_works_with_custom_values">
      <skipped message="Reason: On CRAN ('test-table_16.R:51:3')"/>
    </testcase>
    <testcase time="0.0139999999999993" classname="table_16" name="Table_16_generation_works_with_NA_values_pruned_rows"/>
    <testcase time="0.0259999999999998" classname="table_16" name="Table_16_generation_works_with_NA_values_pruned_rows"/>
    <testcase time="0.197000000000003" classname="table_16" name="Table_16_generation_works_with_NA_values_pruned_rows"/>
    <testcase time="0.0350000000000001" classname="table_16" name="Table_16_generation_works_with_NA_values_pruned_rows">
      <skipped message="Reason: On CRAN ('test-table_16.R:58:3')"/>
    </testcase>
    <testcase time="0.0150000000000006" classname="table_16" name="Table_16_generation_works_with_risk_difference_column"/>
    <testcase time="0.0269999999999975" classname="table_16" name="Table_16_generation_works_with_risk_difference_column"/>
    <testcase time="0.228000000000002" classname="table_16" name="Table_16_generation_works_with_risk_difference_column"/>
    <testcase time="0.0509999999999984" classname="table_16" name="Table_16_generation_works_with_risk_difference_column">
      <skipped message="Reason: On CRAN ('test-table_16.R:66:3')"/>
    </testcase>
  </testsuite>
  <testsuite name="table_17" timestamp="2023-11-09T21:34:37Z" hostname="a82a29e35645" tests="16" skipped="4" failures="0" errors="0" time="2.031">
    <testcase time="0.0229999999999997" classname="table_17" name="Table_17_generation_works_with_default_values"/>
    <testcase time="0.0330000000000013" classname="table_17" name="Table_17_generation_works_with_default_values"/>
    <testcase time="0.303999999999998" classname="table_17" name="Table_17_generation_works_with_default_values"/>
    <testcase time="0.132000000000001" classname="table_17" name="Table_17_generation_works_with_default_values">
      <skipped message="Reason: On CRAN ('test-table_17.R:25:3')"/>
    </testcase>
    <testcase time="0.0139999999999993" classname="table_17" name="Table_17_generation_works_with_custom_values"/>
    <testcase time="0.0300000000000011" classname="table_17" name="Table_17_generation_works_with_custom_values"/>
    <testcase time="0.317999999999998" classname="table_17" name="Table_17_generation_works_with_custom_values"/>
    <testcase time="0.119" classname="table_17" name="Table_17_generation_works_with_custom_values">
      <skipped message="Reason: On CRAN ('test-table_17.R:57:3')"/>
    </testcase>
    <testcase time="0.0230000000000032" classname="table_17" name="Table_17_generation_works_with_NA_values_pruned_rows"/>
    <testcase time="0.0330000000000013" classname="table_17" name="Table_17_generation_works_with_NA_values_pruned_rows"/>
    <testcase time="0.300999999999995" classname="table_17" name="Table_17_generation_works_with_NA_values_pruned_rows"/>
    <testcase time="0.135000000000005" classname="table_17" name="Table_17_generation_works_with_NA_values_pruned_rows">
      <skipped message="Reason: On CRAN ('test-table_17.R:64:3')"/>
    </testcase>
    <testcase time="0.0139999999999958" classname="table_17" name="Table_17_generation_works_with_risk_difference_column"/>
    <testcase time="0.0309999999999988" classname="table_17" name="Table_17_generation_works_with_risk_difference_column"/>
    <testcase time="0.377000000000002" classname="table_17" name="Table_17_generation_works_with_risk_difference_column"/>
    <testcase time="0.143999999999998" classname="table_17" name="Table_17_generation_works_with_risk_difference_column">
      <skipped message="Reason: On CRAN ('test-table_17.R:72:3')"/>
    </testcase>
  </testsuite>
  <testsuite name="table_18" timestamp="2023-11-09T21:34:39Z" hostname="a82a29e35645" tests="16" skipped="4" failures="0" errors="0" time="1.7">
    <testcase time="0.0250000000000057" classname="table_18" name="Table_18_generation_works_with_default_values"/>
    <testcase time="0.0259999999999962" classname="table_18" name="Table_18_generation_works_with_default_values"/>
    <testcase time="0.307000000000002" classname="table_18" name="Table_18_generation_works_with_default_values"/>
    <testcase time="0.0559999999999974" classname="table_18" name="Table_18_generation_works_with_default_values">
      <skipped message="Reason: On CRAN ('test-table_18.R:25:3')"/>
    </testcase>
    <testcase time="0.0140000000000029" classname="table_18" name="Table_18_generation_works_with_custom_values"/>
    <testcase time="0.027000000000001" classname="table_18" name="Table_18_generation_works_with_custom_values"/>
    <testcase time="0.302999999999997" classname="table_18" name="Table_18_generation_works_with_custom_values"/>
    <testcase time="0.0529999999999973" classname="table_18" name="Table_18_generation_works_with_custom_values">
      <skipped message="Reason: On CRAN ('test-table_18.R:57:3')"/>
    </testcase>
    <testcase time="0.0140000000000029" classname="table_18" name="Table_18_generation_works_with_NA_values_pruned_rows"/>
    <testcase time="0.0349999999999966" classname="table_18" name="Table_18_generation_works_with_NA_values_pruned_rows"/>
    <testcase time="0.298999999999999" classname="table_18" name="Table_18_generation_works_with_NA_values_pruned_rows"/>
    <testcase time="0.0630000000000024" classname="table_18" name="Table_18_generation_works_with_NA_values_pruned_rows">
      <skipped message="Reason: On CRAN ('test-table_18.R:64:3')"/>
    </testcase>
    <testcase time="0.0140000000000029" classname="table_18" name="Table_18_generation_works_with_risk_difference_column"/>
    <testcase time="0.027000000000001" classname="table_18" name="Table_18_generation_works_with_risk_difference_column"/>
    <testcase time="0.367999999999995" classname="table_18" name="Table_18_generation_works_with_risk_difference_column"/>
    <testcase time="0.0690000000000026" classname="table_18" name="Table_18_generation_works_with_risk_difference_column">
      <skipped message="Reason: On CRAN ('test-table_18.R:72:3')"/>
    </testcase>
  </testsuite>
  <testsuite name="table_20" timestamp="2023-11-09T21:34:41Z" hostname="a82a29e35645" tests="24" skipped="4" failures="0" errors="0" time="2.042">
    <testcase time="0.0210000000000008" classname="table_20" name="Table_20_generation_works_with_default_values"/>
    <testcase time="0.000999999999997669" classname="table_20" name="Table_20_generation_works_with_default_values"/>
    <testcase time="0.000999999999997669" classname="table_20" name="Table_20_generation_works_with_default_values"/>
    <testcase time="0.0300000000000011" classname="table_20" name="Table_20_generation_works_with_default_values"/>
    <testcase time="0.318000000000005" classname="table_20" name="Table_20_generation_works_with_default_values"/>
    <testcase time="0.0629999999999953" classname="table_20" name="Table_20_generation_works_with_default_values">
      <skipped message="Reason: On CRAN ('test-table_20.R:17:3')"/>
    </testcase>
    <testcase time="0.0150000000000006" classname="table_20" name="Table_20_generation_works_with_custom_values"/>
    <testcase time="0.00100000000000477" classname="table_20" name="Table_20_generation_works_with_custom_values"/>
    <testcase time="0.000999999999997669" classname="table_20" name="Table_20_generation_works_with_custom_values"/>
    <testcase time="0.0300000000000011" classname="table_20" name="Table_20_generation_works_with_custom_values"/>
    <testcase time="0.489999999999995" classname="table_20" name="Table_20_generation_works_with_custom_values"/>
    <testcase time="0.0970000000000013" classname="table_20" name="Table_20_generation_works_with_custom_values">
      <skipped message="Reason: On CRAN ('test-table_20.R:65:3')"/>
    </testcase>
    <testcase time="0.0150000000000006" classname="table_20" name="Table_20_generation_works_with_missing_values_pruned_rows"/>
    <testcase time="0.00200000000000244" classname="table_20" name="Table_20_generation_works_with_missing_values_pruned_rows"/>
    <testcase time="0.000999999999997669" classname="table_20" name="Table_20_generation_works_with_missing_values_pruned_rows"/>
    <testcase time="0.0300000000000011" classname="table_20" name="Table_20_generation_works_with_missing_values_pruned_rows"/>
    <testcase time="0.314999999999998" classname="table_20" name="Table_20_generation_works_with_missing_values_pruned_rows"/>
    <testcase time="0.0620000000000047" classname="table_20" name="Table_20_generation_works_with_missing_values_pruned_rows">
      <skipped message="Reason: On CRAN ('test-table_20.R:74:3')"/>
    </testcase>
    <testcase time="0.0150000000000006" classname="table_20" name="Table_20_generation_works_with_risk_difference_column"/>
    <testcase time="0.00199999999999534" classname="table_20" name="Table_20_generation_works_with_risk_difference_column"/>
    <testcase time="0.00100000000000477" classname="table_20" name="Table_20_generation_works_with_risk_difference_column"/>
    <testcase time="0.029999999999994" classname="table_20" name="Table_20_generation_works_with_risk_difference_column"/>
    <testcase time="0.428000000000004" classname="table_20" name="Table_20_generation_works_with_risk_difference_column"/>
    <testcase time="0.0730000000000004" classname="table_20" name="Table_20_generation_works_with_risk_difference_column">
      <skipped message="Reason: On CRAN ('test-table_20.R:82:3')"/>
    </testcase>
  </testsuite>
  <testsuite name="table_21" timestamp="2023-11-09T21:34:43Z" hostname="a82a29e35645" tests="131" skipped="4" failures="0" errors="0" time="7.862">
    <testcase time="0.0579999999999998" classname="table_21" name="Table_21_generation_works_with_default_values"/>
    <testcase time="0.00199999999999534" classname="table_21" name="Table_21_generation_works_with_default_values"/>
    <testcase time="0.153000000000006" classname="table_21" name="Table_21_generation_works_with_default_values"/>
    <testcase time="0.0499999999999972" classname="table_21" name="Table_21_generation_works_with_default_values"/>
    <testcase time="0.0690000000000026" classname="table_21" name="Table_21_generation_works_with_default_values"/>
    <testcase time="0.0509999999999948" classname="table_21" name="Table_21_generation_works_with_default_values"/>
    <testcase time="0.0549999999999997" classname="table_21" name="Table_21_generation_works_with_default_values"/>
    <testcase time="0.0630000000000024" classname="table_21" name="Table_21_generation_works_with_default_values"/>
    <testcase time="0.0660000000000025" classname="table_21" name="Table_21_generation_works_with_default_values"/>
    <testcase time="0.0529999999999973" classname="table_21" name="Table_21_generation_works_with_default_values"/>
    <testcase time="0.0739999999999981" classname="table_21" name="Table_21_generation_works_with_default_values"/>
    <testcase time="0.0609999999999999" classname="table_21" name="Table_21_generation_works_with_default_values"/>
    <testcase time="0.0600000000000023" classname="table_21" name="Table_21_generation_works_with_default_values"/>
    <testcase time="0.0510000000000019" classname="table_21" name="Table_21_generation_works_with_default_values"/>
    <testcase time="0.0769999999999982" classname="table_21" name="Table_21_generation_works_with_default_values"/>
    <testcase time="0.0499999999999972" classname="table_21" name="Table_21_generation_works_with_default_values"/>
    <testcase time="0.0500000000000043" classname="table_21" name="Table_21_generation_works_with_default_values"/>
    <testcase time="0.0619999999999976" classname="table_21" name="Table_21_generation_works_with_default_values"/>
    <testcase time="0.0500000000000043" classname="table_21" name="Table_21_generation_works_with_default_values"/>
    <testcase time="0.0499999999999972" classname="table_21" name="Table_21_generation_works_with_default_values"/>
    <testcase time="0.0600000000000023" classname="table_21" name="Table_21_generation_works_with_default_values"/>
    <testcase time="0.0549999999999997" classname="table_21" name="Table_21_generation_works_with_default_values"/>
    <testcase time="0.0559999999999974" classname="table_21" name="Table_21_generation_works_with_default_values"/>
    <testcase time="0.0489999999999995" classname="table_21" name="Table_21_generation_works_with_default_values"/>
    <testcase time="0.0630000000000024" classname="table_21" name="Table_21_generation_works_with_default_values"/>
    <testcase time="0.0499999999999972" classname="table_21" name="Table_21_generation_works_with_default_values"/>
    <testcase time="0.0500000000000043" classname="table_21" name="Table_21_generation_works_with_default_values"/>
    <testcase time="0.0660000000000025" classname="table_21" name="Table_21_generation_works_with_default_values"/>
    <testcase time="0.0509999999999948" classname="table_21" name="Table_21_generation_works_with_default_values"/>
    <testcase time="0.0510000000000019" classname="table_21" name="Table_21_generation_works_with_default_values"/>
    <testcase time="0.0679999999999978" classname="table_21" name="Table_21_generation_works_with_default_values"/>
    <testcase time="0.0560000000000045" classname="table_21" name="Table_21_generation_works_with_default_values"/>
    <testcase time="0.0509999999999948" classname="table_21" name="Table_21_generation_works_with_default_values"/>
    <testcase time="0.0530000000000044" classname="table_21" name="Table_21_generation_works_with_default_values"/>
    <testcase time="0.0629999999999953" classname="table_21" name="Table_21_generation_works_with_default_values"/>
    <testcase time="0.0500000000000043" classname="table_21" name="Table_21_generation_works_with_default_values"/>
    <testcase time="0.0499999999999972" classname="table_21" name="Table_21_generation_works_with_default_values"/>
    <testcase time="0.0609999999999999" classname="table_21" name="Table_21_generation_works_with_default_values"/>
    <testcase time="0.0660000000000025" classname="table_21" name="Table_21_generation_works_with_default_values"/>
    <testcase time="0.0499999999999972" classname="table_21" name="Table_21_generation_works_with_default_values"/>
    <testcase time="0.0730000000000004" classname="table_21" name="Table_21_generation_works_with_default_values"/>
    <testcase time="0.0510000000000019" classname="table_21" name="Table_21_generation_works_with_default_values"/>
    <testcase time="0.054000000000002" classname="table_21" name="Table_21_generation_works_with_default_values"/>
    <testcase time="0.0549999999999997" classname="table_21" name="Table_21_generation_works_with_default_values"/>
    <testcase time="0.0569999999999951" classname="table_21" name="Table_21_generation_works_with_default_values"/>
    <testcase time="0.0500000000000043" classname="table_21" name="Table_21_generation_works_with_default_values"/>
    <testcase time="0.0559999999999974" classname="table_21" name="Table_21_generation_works_with_default_values"/>
    <testcase time="0.0640000000000001" classname="table_21" name="Table_21_generation_works_with_default_values"/>
    <testcase time="0.0500000000000043" classname="table_21" name="Table_21_generation_works_with_default_values"/>
    <testcase time="0.0489999999999995" classname="table_21" name="Table_21_generation_works_with_default_values"/>
    <testcase time="0.0579999999999998" classname="table_21" name="Table_21_generation_works_with_default_values"/>
    <testcase time="0.0769999999999982" classname="table_21" name="Table_21_generation_works_with_default_values">
      <skipped message="Reason: On CRAN ('test-table_21.R:22:3')"/>
    </testcase>
    <testcase time="0.0150000000000006" classname="table_21" name="Table_21_generation_works_with_custom_values_N_s_denominator_and_overall_column"/>
    <testcase time="0.000999999999997669" classname="table_21" name="Table_21_generation_works_with_custom_values_N_s_denominator_and_overall_column"/>
    <testcase time="0.0590000000000046" classname="table_21" name="Table_21_generation_works_with_custom_values_N_s_denominator_and_overall_column"/>
    <testcase time="0.146999999999998" classname="table_21" name="Table_21_generation_works_with_custom_values_N_s_denominator_and_overall_column"/>
    <testcase time="0.0670000000000002" classname="table_21" name="Table_21_generation_works_with_custom_values_N_s_denominator_and_overall_column"/>
    <testcase time="0.0579999999999998" classname="table_21" name="Table_21_generation_works_with_custom_values_N_s_denominator_and_overall_column"/>
    <testcase time="0.0509999999999948" classname="table_21" name="Table_21_generation_works_with_custom_values_N_s_denominator_and_overall_column"/>
    <testcase time="0.0710000000000051" classname="table_21" name="Table_21_generation_works_with_custom_values_N_s_denominator_and_overall_column"/>
    <testcase time="0.0499999999999972" classname="table_21" name="Table_21_generation_works_with_custom_values_N_s_denominator_and_overall_column"/>
    <testcase time="0.0570000000000022" classname="table_21" name="Table_21_generation_works_with_custom_values_N_s_denominator_and_overall_column"/>
    <testcase time="0.0579999999999998" classname="table_21" name="Table_21_generation_works_with_custom_values_N_s_denominator_and_overall_column"/>
    <testcase time="0.0739999999999981" classname="table_21" name="Table_21_generation_works_with_custom_values_N_s_denominator_and_overall_column"/>
    <testcase time="0.0500000000000043" classname="table_21" name="Table_21_generation_works_with_custom_values_N_s_denominator_and_overall_column"/>
    <testcase time="0.0769999999999982" classname="table_21" name="Table_21_generation_works_with_custom_values_N_s_denominator_and_overall_column"/>
    <testcase time="0.0529999999999973" classname="table_21" name="Table_21_generation_works_with_custom_values_N_s_denominator_and_overall_column"/>
    <testcase time="0.0560000000000045" classname="table_21" name="Table_21_generation_works_with_custom_values_N_s_denominator_and_overall_column"/>
    <testcase time="0.264999999999993" classname="table_21" name="Table_21_generation_works_with_custom_values_N_s_denominator_and_overall_column"/>
    <testcase time="0.0590000000000046" classname="table_21" name="Table_21_generation_works_with_custom_values_N_s_denominator_and_overall_column"/>
    <testcase time="0.0499999999999972" classname="table_21" name="Table_21_generation_works_with_custom_values_N_s_denominator_and_overall_column"/>
    <testcase time="0.0720000000000027" classname="table_21" name="Table_21_generation_works_with_custom_values_N_s_denominator_and_overall_column"/>
    <testcase time="0.0480000000000018" classname="table_21" name="Table_21_generation_works_with_custom_values_N_s_denominator_and_overall_column"/>
    <testcase time="0.0479999999999947" classname="table_21" name="Table_21_generation_works_with_custom_values_N_s_denominator_and_overall_column"/>
    <testcase time="0.0480000000000018" classname="table_21" name="Table_21_generation_works_with_custom_values_N_s_denominator_and_overall_column"/>
    <testcase time="0.0529999999999973" classname="table_21" name="Table_21_generation_works_with_custom_values_N_s_denominator_and_overall_column"/>
    <testcase time="0.0520000000000067" classname="table_21" name="Table_21_generation_works_with_custom_values_N_s_denominator_and_overall_column"/>
    <testcase time="0.0519999999999996" classname="table_21" name="Table_21_generation_works_with_custom_values_N_s_denominator_and_overall_column"/>
    <testcase time="0.0559999999999974" classname="table_21" name="Table_21_generation_works_with_custom_values_N_s_denominator_and_overall_column"/>
    <testcase time="0.0549999999999997" classname="table_21" name="Table_21_generation_works_with_custom_values_N_s_denominator_and_overall_column"/>
    <testcase time="0.0489999999999995" classname="table_21" name="Table_21_generation_works_with_custom_values_N_s_denominator_and_overall_column"/>
    <testcase time="0.0489999999999995" classname="table_21" name="Table_21_generation_works_with_custom_values_N_s_denominator_and_overall_column"/>
    <testcase time="0.054000000000002" classname="table_21" name="Table_21_generation_works_with_custom_values_N_s_denominator_and_overall_column"/>
    <testcase time="0.0480000000000018" classname="table_21" name="Table_21_generation_works_with_custom_values_N_s_denominator_and_overall_column"/>
    <testcase time="0.0499999999999972" classname="table_21" name="Table_21_generation_works_with_custom_values_N_s_denominator_and_overall_column"/>
    <testcase time="0.054000000000002" classname="table_21" name="Table_21_generation_works_with_custom_values_N_s_denominator_and_overall_column"/>
    <testcase time="0.0479999999999947" classname="table_21" name="Table_21_generation_works_with_custom_values_N_s_denominator_and_overall_column"/>
    <testcase time="0.0560000000000045" classname="table_21" name="Table_21_generation_works_with_custom_values_N_s_denominator_and_overall_column"/>
    <testcase time="0.0529999999999973" classname="table_21" name="Table_21_generation_works_with_custom_values_N_s_denominator_and_overall_column"/>
    <testcase time="0.0480000000000018" classname="table_21" name="Table_21_generation_works_with_custom_values_N_s_denominator_and_overall_column"/>
    <testcase time="0.0489999999999995" classname="table_21" name="Table_21_generation_works_with_custom_values_N_s_denominator_and_overall_column"/>
    <testcase time="0.0480000000000018" classname="table_21" name="Table_21_generation_works_with_custom_values_N_s_denominator_and_overall_column"/>
    <testcase time="0.0529999999999973" classname="table_21" name="Table_21_generation_works_with_custom_values_N_s_denominator_and_overall_column"/>
    <testcase time="0.0500000000000043" classname="table_21" name="Table_21_generation_works_with_custom_values_N_s_denominator_and_overall_column"/>
    <testcase time="0.0529999999999973" classname="table_21" name="Table_21_generation_works_with_custom_values_N_s_denominator_and_overall_column"/>
    <testcase time="0.0649999999999977" classname="table_21" name="Table_21_generation_works_with_custom_values_N_s_denominator_and_overall_column"/>
    <testcase time="0.0500000000000043" classname="table_21" name="Table_21_generation_works_with_custom_values_N_s_denominator_and_overall_column"/>
    <testcase time="0.0499999999999972" classname="table_21" name="Table_21_generation_works_with_custom_values_N_s_denominator_and_overall_column"/>
    <testcase time="0.054000000000002" classname="table_21" name="Table_21_generation_works_with_custom_values_N_s_denominator_and_overall_column"/>
    <testcase time="0.0480000000000018" classname="table_21" name="Table_21_generation_works_with_custom_values_N_s_denominator_and_overall_column"/>
    <testcase time="0.0489999999999995" classname="table_21" name="Table_21_generation_works_with_custom_values_N_s_denominator_and_overall_column"/>
    <testcase time="0.0529999999999973" classname="table_21" name="Table_21_generation_works_with_custom_values_N_s_denominator_and_overall_column"/>
    <testcase time="0.0480000000000018" classname="table_21" name="Table_21_generation_works_with_custom_values_N_s_denominator_and_overall_column"/>
    <testcase time="0.0670000000000002" classname="table_21" name="Table_21_generation_works_with_custom_values_N_s_denominator_and_overall_column"/>
    <testcase time="0.0539999999999949" classname="table_21" name="Table_21_generation_works_with_custom_values_N_s_denominator_and_overall_column"/>
    <testcase time="0.0480000000000018" classname="table_21" name="Table_21_generation_works_with_custom_values_N_s_denominator_and_overall_column"/>
    <testcase time="0.0489999999999995" classname="table_21" name="Table_21_generation_works_with_custom_values_N_s_denominator_and_overall_column"/>
    <testcase time="0.0650000000000048" classname="table_21" name="Table_21_generation_works_with_custom_values_N_s_denominator_and_overall_column"/>
    <testcase time="0.0499999999999972" classname="table_21" name="Table_21_generation_works_with_custom_values_N_s_denominator_and_overall_column"/>
    <testcase time="0.0480000000000018" classname="table_21" name="Table_21_generation_works_with_custom_values_N_s_denominator_and_overall_column"/>
    <testcase time="0.0489999999999995" classname="table_21" name="Table_21_generation_works_with_custom_values_N_s_denominator_and_overall_column"/>
    <testcase time="0.0589999999999975" classname="table_21" name="Table_21_generation_works_with_custom_values_N_s_denominator_and_overall_column"/>
    <testcase time="0.0510000000000019" classname="table_21" name="Table_21_generation_works_with_custom_values_N_s_denominator_and_overall_column"/>
    <testcase time="0.0489999999999995" classname="table_21" name="Table_21_generation_works_with_custom_values_N_s_denominator_and_overall_column"/>
    <testcase time="0.274000000000001" classname="table_21" name="Table_21_generation_works_with_custom_values_N_s_denominator_and_overall_column"/>
    <testcase time="0.0570000000000022" classname="table_21" name="Table_21_generation_works_with_custom_values_N_s_denominator_and_overall_column"/>
    <testcase time="0.0499999999999972" classname="table_21" name="Table_21_generation_works_with_custom_values_N_s_denominator_and_overall_column"/>
    <testcase time="0.0549999999999997" classname="table_21" name="Table_21_generation_works_with_custom_values_N_s_denominator_and_overall_column"/>
    <testcase time="0.0500000000000043" classname="table_21" name="Table_21_generation_works_with_custom_values_N_s_denominator_and_overall_column"/>
    <testcase time="0.0489999999999995" classname="table_21" name="Table_21_generation_works_with_custom_values_N_s_denominator_and_overall_column"/>
    <testcase time="0.0899999999999963" classname="table_21" name="Table_21_generation_works_with_custom_values_N_s_denominator_and_overall_column">
      <skipped message="Reason: On CRAN ('test-table_21.R:34:3')"/>
    </testcase>
    <testcase time="0.0140000000000029" classname="table_21" name="Table_21_generation_works_with_custom_values_N_col_denominator_and_no_overall_column"/>
    <testcase time="0.00199999999999534" classname="table_21" name="Table_21_generation_works_with_custom_values_N_col_denominator_and_no_overall_column"/>
    <testcase time="0.034000000000006" classname="table_21" name="Table_21_generation_works_with_custom_values_N_col_denominator_and_no_overall_column"/>
    <testcase time="0.222999999999999" classname="table_21" name="Table_21_generation_works_with_custom_values_N_col_denominator_and_no_overall_column"/>
    <testcase time="0.0689999999999955" classname="table_21" name="Table_21_generation_works_with_custom_values_N_col_denominator_and_no_overall_column">
      <skipped message="Reason: On CRAN ('test-table_21.R:62:3')"/>
    </testcase>
    <testcase time="0.0459999999999994" classname="table_21" name="Table_21_generation_works_with_some_NA_values"/>
    <testcase time="0.00200000000000244" classname="table_21" name="Table_21_generation_works_with_some_NA_values"/>
    <testcase time="0.0330000000000013" classname="table_21" name="Table_21_generation_works_with_some_NA_values"/>
    <testcase time="0.177999999999997" classname="table_21" name="Table_21_generation_works_with_some_NA_values"/>
    <testcase time="0.0480000000000018" classname="table_21" name="Table_21_generation_works_with_some_NA_values">
      <skipped message="Reason: On CRAN ('test-table_21.R:82:3')"/>
    </testcase>
  </testsuite>
  <testsuite name="table_32" timestamp="2023-11-09T21:34:51Z" hostname="a82a29e35645" tests="22" skipped="6" failures="0" errors="0" time="3.78">
    <testcase time="0.0189999999999984" classname="table_32" name="Table_32_generation_works_with_default_values"/>
    <testcase time="0.0339999999999989" classname="table_32" name="Table_32_generation_works_with_default_values"/>
    <testcase time="0.0930000000000035" classname="table_32" name="Table_32_generation_works_with_default_values"/>
    <testcase time="0.0330000000000013" classname="table_32" name="Table_32_generation_works_with_default_values">
      <skipped message="Reason: On CRAN ('test-table_32.R:8:3')"/>
    </testcase>
    <testcase time="0.0139999999999958" classname="table_32" name="Table_32_generation_works_with_custom_values"/>
    <testcase time="0.034000000000006" classname="table_32" name="Table_32_generation_works_with_custom_values"/>
    <testcase time="0.107999999999997" classname="table_32" name="Table_32_generation_works_with_custom_values"/>
    <testcase time="0.0390000000000015" classname="table_32" name="Table_32_generation_works_with_custom_values">
      <skipped message="Reason: On CRAN ('test-table_32.R:30:3')"/>
    </testcase>
    <testcase time="0.0150000000000006" classname="table_32" name="Table_32_generation_works_with_pruned_rows"/>
    <testcase time="0.0339999999999989" classname="table_32" name="Table_32_generation_works_with_pruned_rows"/>
    <testcase time="0.0910000000000011" classname="table_32" name="Table_32_generation_works_with_pruned_rows"/>
    <testcase time="0.0249999999999986" classname="table_32" name="Table_32_generation_works_with_pruned_rows">
      <skipped message="Reason: On CRAN ('test-table_32.R:37:3')"/>
    </testcase>
    <testcase time="0.0139999999999958" classname="table_32" name="Table_32_generation_works_with_risk_difference_column"/>
    <testcase time="0.034000000000006" classname="table_32" name="Table_32_generation_works_with_risk_difference_column"/>
    <testcase time="0.116" classname="table_32" name="Table_32_generation_works_with_risk_difference_column"/>
    <testcase time="0.0379999999999967" classname="table_32" name="Table_32_generation_works_with_risk_difference_column">
      <skipped message="Reason: On CRAN ('test-table_32.R:45:3')"/>
    </testcase>
    <testcase time="0.0150000000000006" classname="table_32" name="Table_32_gtsum_generation_works_with_default_values"/>
    <testcase time="1.222" classname="table_32" name="Table_32_gtsum_generation_works_with_default_values"/>
    <testcase time="0.00600000000000023" classname="table_32" name="Table_32_gtsum_generation_works_with_default_values">
      <skipped message="Reason: On CRAN ('test-table_32.R:51:3')"/>
    </testcase>
    <testcase time="0.0139999999999958" classname="table_32" name="Table_32_gtsum_generation_works_with_custom_values"/>
    <testcase time="1.776" classname="table_32" name="Table_32_gtsum_generation_works_with_custom_values"/>
    <testcase time="0.00600000000000023" classname="table_32" name="Table_32_gtsum_generation_works_with_custom_values">
      <skipped message="Reason: On CRAN ('test-table_32.R:61:3')"/>
    </testcase>
  </testsuite>
  <testsuite name="table_33" timestamp="2023-11-09T21:34:55Z" hostname="a82a29e35645" tests="16" skipped="4" failures="0" errors="0" time="1.326">
    <testcase time="0.0180000000000007" classname="table_33" name="Table_33_generation_works_with_default_values"/>
    <testcase time="0.202999999999996" classname="table_33" name="Table_33_generation_works_with_default_values"/>
    <testcase time="0.0770000000000053" classname="table_33" name="Table_33_generation_works_with_default_values"/>
    <testcase time="0.0240000000000009" classname="table_33" name="Table_33_generation_works_with_default_values">
      <skipped message="Reason: On CRAN ('test-table_33.R:8:3')"/>
    </testcase>
    <testcase time="0.0139999999999958" classname="table_33" name="Table_33_generation_works_with_custom_values"/>
    <testcase time="0.204000000000001" classname="table_33" name="Table_33_generation_works_with_custom_values"/>
    <testcase time="0.0930000000000035" classname="table_33" name="Table_33_generation_works_with_custom_values"/>
    <testcase time="0.0289999999999964" classname="table_33" name="Table_33_generation_works_with_custom_values">
      <skipped message="Reason: On CRAN ('test-table_33.R:34:3')"/>
    </testcase>
    <testcase time="0.0140000000000029" classname="table_33" name="Table_33_generation_works_with_pruned_rows"/>
    <testcase time="0.204999999999998" classname="table_33" name="Table_33_generation_works_with_pruned_rows"/>
    <testcase time="0.0760000000000005" classname="table_33" name="Table_33_generation_works_with_pruned_rows"/>
    <testcase time="0.0219999999999985" classname="table_33" name="Table_33_generation_works_with_pruned_rows">
      <skipped message="Reason: On CRAN ('test-table_33.R:42:3')"/>
    </testcase>
    <testcase time="0.0140000000000029" classname="table_33" name="Table_33_generation_works_with_risk_difference_column"/>
    <testcase time="0.205999999999996" classname="table_33" name="Table_33_generation_works_with_risk_difference_column"/>
    <testcase time="0.097999999999999" classname="table_33" name="Table_33_generation_works_with_risk_difference_column"/>
    <testcase time="0.0290000000000035" classname="table_33" name="Table_33_generation_works_with_risk_difference_column">
      <skipped message="Reason: On CRAN ('test-table_33.R:50:3')"/>
    </testcase>
  </testsuite>
  <testsuite name="table_34" timestamp="2023-11-09T21:34:56Z" hostname="a82a29e35645" tests="12" skipped="3" failures="0" errors="0" time="4.519">
    <testcase time="0.0219999999999985" classname="table_34" name="Table_34_generation_works_with_default_values"/>
    <testcase time="0.0300000000000011" classname="table_34" name="Table_34_generation_works_with_default_values"/>
    <testcase time="1.252" classname="table_34" name="Table_34_generation_works_with_default_values"/>
    <testcase time="0.159999999999997" classname="table_34" name="Table_34_generation_works_with_default_values">
      <skipped message="Reason: On CRAN ('test-table_34.R:17:3')"/>
    </testcase>
    <testcase time="0.0140000000000029" classname="table_34" name="Table_34_generation_works_with_custom_values"/>
    <testcase time="0.0249999999999986" classname="table_34" name="Table_34_generation_works_with_custom_values"/>
    <testcase time="1.215" classname="table_34" name="Table_34_generation_works_with_custom_values"/>
    <testcase time="0.0630000000000024" classname="table_34" name="Table_34_generation_works_with_custom_values">
      <skipped message="Reason: On CRAN ('test-table_34.R:49:3')"/>
    </testcase>
    <testcase time="0.0150000000000006" classname="table_34" name="Table_34_generation_works_with_risk_difference_column"/>
    <testcase time="0.0309999999999988" classname="table_34" name="Table_34_generation_works_with_risk_difference_column"/>
    <testcase time="1.515" classname="table_34" name="Table_34_generation_works_with_risk_difference_column"/>
    <testcase time="0.177" classname="table_34" name="Table_34_generation_works_with_risk_difference_column">
      <skipped message="Reason: On CRAN ('test-table_34.R:57:3')"/>
    </testcase>
  </testsuite>
</testsuites>
