<?xml version="1.0" encoding="UTF-8"?>
<testsuites>
  <testsuite name="table_02" timestamp="2023-11-09T19:53:20Z" hostname="cb5cc8c62e9a" tests="30" skipped="10" failures="0" errors="0" time="10.389">
    <testcase time="0.0499999999999998" classname="table_02" name="Table_02_generation_works_with_default_values"/>
    <testcase time="0.383" classname="table_02" name="Table_02_generation_works_with_default_values"/>
    <testcase time="0.17" classname="table_02" name="Table_02_generation_works_with_default_values">
      <skipped message="Reason: On CRAN ('test-table_02.R:16:3')"/>
    </testcase>
    <testcase time="0.0540000000000003" classname="table_02" name="Table_02_generation_works_with_custom_values"/>
    <testcase time="0.276" classname="table_02" name="Table_02_generation_works_with_custom_values"/>
    <testcase time="0.174" classname="table_02" name="Table_02_generation_works_with_custom_values">
      <skipped message="Reason: On CRAN ('test-table_02.R:45:3')"/>
    </testcase>
    <testcase time="0.044" classname="table_02" name="Table_02_generation_works_with_some_NA_values"/>
    <testcase time="0.069" classname="table_02" name="Table_02_generation_works_with_some_NA_values"/>
    <testcase time="0.0410000000000004" classname="table_02" name="Table_02_generation_works_with_some_NA_values">
      <skipped message="Reason: On CRAN ('test-table_02.R:57:3')"/>
    </testcase>
    <testcase time="0.0149999999999997" classname="table_02" name="Table_02_generation_tplyr_works_with_default_values"/>
    <testcase time="1.184" classname="table_02" name="Table_02_generation_tplyr_works_with_default_values"/>
    <testcase time="0.0239999999999991" classname="table_02" name="Table_02_generation_tplyr_works_with_default_values">
      <skipped message="Reason: On CRAN ('test-table_02.R:66:3')"/>
    </testcase>
    <testcase time="0.0140000000000002" classname="table_02" name="Table_02_generation_tplyr_works_with_tplyr_raw_TRUE"/>
    <testcase time="0.84" classname="table_02" name="Table_02_generation_tplyr_works_with_tplyr_raw_TRUE"/>
    <testcase time="0.0180000000000007" classname="table_02" name="Table_02_generation_tplyr_works_with_tplyr_raw_TRUE">
      <skipped message="Reason: On CRAN ('test-table_02.R:75:3')"/>
    </testcase>
    <testcase time="0.0329999999999995" classname="table_02" name="Table_02_generation_tplyr_works_with_custom_values"/>
    <testcase time="1.161" classname="table_02" name="Table_02_generation_tplyr_works_with_custom_values"/>
    <testcase time="0.0169999999999995" classname="table_02" name="Table_02_generation_tplyr_works_with_custom_values">
      <skipped message="Reason: On CRAN ('test-table_02.R:102:3')"/>
    </testcase>
    <testcase time="0.0280000000000005" classname="table_02" name="Table_02_generation_tplyr_works_with_some_NA_values"/>
    <testcase time="0.474" classname="table_02" name="Table_02_generation_tplyr_works_with_some_NA_values"/>
    <testcase time="0.016" classname="table_02" name="Table_02_generation_tplyr_works_with_some_NA_values">
      <skipped message="Reason: On CRAN ('test-table_02.R:119:3')"/>
    </testcase>
    <testcase time="0.0139999999999993" classname="table_02" name="Table_02_generation_gtsum_works_with_default_values"/>
    <testcase time="2.118" classname="table_02" name="Table_02_generation_gtsum_works_with_default_values"/>
    <testcase time="0.00699999999999967" classname="table_02" name="Table_02_generation_gtsum_works_with_default_values">
      <skipped message="Reason: On CRAN ('test-table_02.R:128:3')"/>
    </testcase>
    <testcase time="0.0340000000000007" classname="table_02" name="Table_02_generation_gtsum_works_with_custom_values"/>
    <testcase time="2.325" classname="table_02" name="Table_02_generation_gtsum_works_with_custom_values"/>
    <testcase time="0.00600000000000023" classname="table_02" name="Table_02_generation_gtsum_works_with_custom_values">
      <skipped message="Reason: On CRAN ('test-table_02.R:146:3')"/>
    </testcase>
    <testcase time="0.0280000000000005" classname="table_02" name="Table_02_generation_gtsum_works_with_some_NA_values"/>
    <testcase time="0.766" classname="table_02" name="Table_02_generation_gtsum_works_with_some_NA_values"/>
    <testcase time="0.00600000000000023" classname="table_02" name="Table_02_generation_gtsum_works_with_some_NA_values">
      <skipped message="Reason: On CRAN ('test-table_02.R:160:3')"/>
    </testcase>
  </testsuite>
  <testsuite name="table_03" timestamp="2023-11-09T19:53:31Z" hostname="cb5cc8c62e9a" tests="8" skipped="2" failures="0" errors="0" time="0.611">
    <testcase time="0.032" classname="table_03" name="Table_3_generation_works_with_default_values"/>
    <testcase time="0.000999999999999446" classname="table_03" name="Table_3_generation_works_with_default_values"/>
    <testcase time="0.234" classname="table_03" name="Table_3_generation_works_with_default_values"/>
    <testcase time="0.0410000000000004" classname="table_03" name="Table_3_generation_works_with_default_values">
      <skipped message="Reason: On CRAN ('test-table_03.R:21:3')"/>
    </testcase>
    <testcase time="0.0139999999999993" classname="table_03" name="Table_3_generation_works_with_custom_values"/>
    <testcase time="0.000999999999999446" classname="table_03" name="Table_3_generation_works_with_custom_values"/>
    <testcase time="0.228000000000002" classname="table_03" name="Table_3_generation_works_with_custom_values"/>
    <testcase time="0.0599999999999987" classname="table_03" name="Table_3_generation_works_with_custom_values">
      <skipped message="Reason: On CRAN ('test-table_03.R:41:3')"/>
    </testcase>
  </testsuite>
  <testsuite name="table_04" timestamp="2023-11-09T19:53:31Z" hostname="cb5cc8c62e9a" tests="9" skipped="2" failures="0" errors="0" time="0.606">
    <testcase time="0.032" classname="table_04" name="Table_04_generation_works_with_default_values"/>
    <testcase time="0.210000000000001" classname="table_04" name="Table_04_generation_works_with_default_values"/>
    <testcase time="0.0619999999999994" classname="table_04" name="Table_04_generation_works_with_default_values">
      <skipped message="Reason: On CRAN ('test-table_04.R:18:3')"/>
    </testcase>
    <testcase time="0.0140000000000011" classname="table_04" name="Table_04_generation_works_with_custom_values"/>
    <testcase time="0.00199999999999889" classname="table_04" name="Table_04_generation_works_with_custom_values"/>
    <testcase time="0.000999999999999446" classname="table_04" name="Table_04_generation_works_with_custom_values"/>
    <testcase time="0.00100000000000122" classname="table_04" name="Table_04_generation_works_with_custom_values"/>
    <testcase time="0.228" classname="table_04" name="Table_04_generation_works_with_custom_values"/>
    <testcase time="0.0559999999999992" classname="table_04" name="Table_04_generation_works_with_custom_values">
      <skipped message="Reason: On CRAN ('test-table_04.R:46:3')"/>
    </testcase>
  </testsuite>
  <testsuite name="table_05" timestamp="2023-11-09T19:53:32Z" hostname="cb5cc8c62e9a" tests="12" skipped="4" failures="0" errors="0" time="1.053">
    <testcase time="0.134" classname="table_05" name="Table_05_generation_works_with_default_values"/>
    <testcase time="0.147" classname="table_05" name="Table_05_generation_works_with_default_values"/>
    <testcase time="0.0609999999999999" classname="table_05" name="Table_05_generation_works_with_default_values">
      <skipped message="Reason: On CRAN ('test-table_05.R:10:3')"/>
    </testcase>
    <testcase time="0.0139999999999993" classname="table_05" name="Table_05_generation_works_with_custom_values"/>
    <testcase time="0.169" classname="table_05" name="Table_05_generation_works_with_custom_values"/>
    <testcase time="0.0609999999999999" classname="table_05" name="Table_05_generation_works_with_custom_values">
      <skipped message="Reason: On CRAN ('test-table_05.R:34:3')"/>
    </testcase>
    <testcase time="0.0150000000000006" classname="table_05" name="Table_05_generation_works_with_NA_values_pruned_rows"/>
    <testcase time="0.148999999999999" classname="table_05" name="Table_05_generation_works_with_NA_values_pruned_rows"/>
    <testcase time="0.0540000000000003" classname="table_05" name="Table_05_generation_works_with_NA_values_pruned_rows">
      <skipped message="Reason: On CRAN ('test-table_05.R:44:3')"/>
    </testcase>
    <testcase time="0.0150000000000006" classname="table_05" name="Table_05_generation_works_with_risk_difference_column"/>
    <testcase time="0.173999999999999" classname="table_05" name="Table_05_generation_works_with_risk_difference_column"/>
    <testcase time="0.0600000000000005" classname="table_05" name="Table_05_generation_works_with_risk_difference_column">
      <skipped message="Reason: On CRAN ('test-table_05.R:57:3')"/>
    </testcase>
  </testsuite>
  <testsuite name="table_06" timestamp="2023-11-09T19:53:33Z" hostname="cb5cc8c62e9a" tests="15" skipped="3" failures="0" errors="0" time="1.587">
    <testcase time="0.0250000000000004" classname="table_06" name="Table_06_generation_works_with_default_values"/>
    <testcase time="0.00199999999999889" classname="table_06" name="Table_06_generation_works_with_default_values"/>
    <testcase time="0.0380000000000003" classname="table_06" name="Table_06_generation_works_with_default_values"/>
    <testcase time="0.335000000000001" classname="table_06" name="Table_06_generation_works_with_default_values"/>
    <testcase time="0.0689999999999991" classname="table_06" name="Table_06_generation_works_with_default_values">
      <skipped message="Reason: On CRAN ('test-table_06.R:8:3')"/>
    </testcase>
    <testcase time="0.0140000000000011" classname="table_06" name="Table_06_generation_works_with_custom_values"/>
    <testcase time="0.00199999999999889" classname="table_06" name="Table_06_generation_works_with_custom_values"/>
    <testcase time="0.0370000000000008" classname="table_06" name="Table_06_generation_works_with_custom_values"/>
    <testcase time="0.424999999999999" classname="table_06" name="Table_06_generation_works_with_custom_values"/>
    <testcase time="0.0970000000000013" classname="table_06" name="Table_06_generation_works_with_custom_values">
      <skipped message="Reason: On CRAN ('test-table_06.R:40:3')"/>
    </testcase>
    <testcase time="0.0139999999999993" classname="table_06" name="Table_06_generation_works_with_risk_difference_column"/>
    <testcase time="0.000999999999999446" classname="table_06" name="Table_06_generation_works_with_risk_difference_column"/>
    <testcase time="0.0449999999999999" classname="table_06" name="Table_06_generation_works_with_risk_difference_column"/>
    <testcase time="0.395" classname="table_06" name="Table_06_generation_works_with_risk_difference_column"/>
    <testcase time="0.088000000000001" classname="table_06" name="Table_06_generation_works_with_risk_difference_column">
      <skipped message="Reason: On CRAN ('test-table_06.R:48:3')"/>
    </testcase>
  </testsuite>
  <testsuite name="table_07" timestamp="2023-11-09T19:53:34Z" hostname="cb5cc8c62e9a" tests="24" skipped="4" failures="0" errors="0" time="1.69">
    <testcase time="0.0210000000000008" classname="table_07" name="Table_07_generation_works_with_default_values"/>
    <testcase time="0.000999999999997669" classname="table_07" name="Table_07_generation_works_with_default_values"/>
    <testcase time="0.00200000000000244" classname="table_07" name="Table_07_generation_works_with_default_values"/>
    <testcase time="0.0259999999999998" classname="table_07" name="Table_07_generation_works_with_default_values"/>
    <testcase time="0.238" classname="table_07" name="Table_07_generation_works_with_default_values"/>
    <testcase time="0.0899999999999999" classname="table_07" name="Table_07_generation_works_with_default_values">
      <skipped message="Reason: On CRAN ('test-table_07.R:13:3')"/>
    </testcase>
    <testcase time="0.0150000000000006" classname="table_07" name="Table_07_generation_works_with_custom_values"/>
    <testcase time="0.00100000000000122" classname="table_07" name="Table_07_generation_works_with_custom_values"/>
    <testcase time="0.000999999999997669" classname="table_07" name="Table_07_generation_works_with_custom_values"/>
    <testcase time="0.027000000000001" classname="table_07" name="Table_07_generation_works_with_custom_values"/>
    <testcase time="0.335999999999999" classname="table_07" name="Table_07_generation_works_with_custom_values"/>
    <testcase time="0.115000000000002" classname="table_07" name="Table_07_generation_works_with_custom_values">
      <skipped message="Reason: On CRAN ('test-table_07.R:42:3')"/>
    </testcase>
    <testcase time="0.0139999999999993" classname="table_07" name="Table_07_generation_works_with_NA_values_pruned_rows"/>
    <testcase time="0.00100000000000122" classname="table_07" name="Table_07_generation_works_with_NA_values_pruned_rows"/>
    <testcase time="0.000999999999997669" classname="table_07" name="Table_07_generation_works_with_NA_values_pruned_rows"/>
    <testcase time="0.027000000000001" classname="table_07" name="Table_07_generation_works_with_NA_values_pruned_rows"/>
    <testcase time="0.233000000000001" classname="table_07" name="Table_07_generation_works_with_NA_values_pruned_rows"/>
    <testcase time="0.0969999999999978" classname="table_07" name="Table_07_generation_works_with_NA_values_pruned_rows">
      <skipped message="Reason: On CRAN ('test-table_07.R:52:3')"/>
    </testcase>
    <testcase time="0.0140000000000029" classname="table_07" name="Table_07_generation_works_with_risk_difference_column"/>
    <testcase time="0.000999999999997669" classname="table_07" name="Table_07_generation_works_with_risk_difference_column"/>
    <testcase time="0.00200000000000244" classname="table_07" name="Table_07_generation_works_with_risk_difference_column"/>
    <testcase time="0.0269999999999975" classname="table_07" name="Table_07_generation_works_with_risk_difference_column"/>
    <testcase time="0.293000000000003" classname="table_07" name="Table_07_generation_works_with_risk_difference_column"/>
    <testcase time="0.106999999999999" classname="table_07" name="Table_07_generation_works_with_risk_difference_column">
      <skipped message="Reason: On CRAN ('test-table_07.R:65:3')"/>
    </testcase>
  </testsuite>
  <testsuite name="table_08" timestamp="2023-11-09T19:53:36Z" hostname="cb5cc8c62e9a" tests="12" skipped="2" failures="0" errors="0" time="0.421">
    <testcase time="0.0189999999999984" classname="table_08" name="Table_08_generation_works_with_default_values"/>
    <testcase time="0.00100000000000122" classname="table_08" name="Table_08_generation_works_with_default_values"/>
    <testcase time="0.027000000000001" classname="table_08" name="Table_08_generation_works_with_default_values"/>
    <testcase time="0.032" classname="table_08" name="Table_08_generation_works_with_default_values"/>
    <testcase time="0.0239999999999974" classname="table_08" name="Table_08_generation_works_with_default_values"/>
    <testcase time="0.0990000000000002" classname="table_08" name="Table_08_generation_works_with_default_values">
      <skipped message="Reason: On CRAN ('test-table_08.R:10:3')"/>
    </testcase>
    <testcase time="0.0139999999999993" classname="table_08" name="Table_08_generation_works_with_custom_values"/>
    <testcase time="0.00100000000000122" classname="table_08" name="Table_08_generation_works_with_custom_values"/>
    <testcase time="0.027000000000001" classname="table_08" name="Table_08_generation_works_with_custom_values"/>
    <testcase time="0.0309999999999988" classname="table_08" name="Table_08_generation_works_with_custom_values"/>
    <testcase time="0.0210000000000008" classname="table_08" name="Table_08_generation_works_with_custom_values"/>
    <testcase time="0.125" classname="table_08" name="Table_08_generation_works_with_custom_values">
      <skipped message="Reason: On CRAN ('test-table_08.R:31:3')"/>
    </testcase>
  </testsuite>
  <testsuite name="table_09" timestamp="2023-11-09T19:53:36Z" hostname="cb5cc8c62e9a" tests="12" skipped="3" failures="0" errors="0" time="1.073">
    <testcase time="0.0189999999999984" classname="table_09" name="Table_09_generation_works_with_default_values"/>
    <testcase time="0.027000000000001" classname="table_09" name="Table_09_generation_works_with_default_values"/>
    <testcase time="0.225999999999999" classname="table_09" name="Table_09_generation_works_with_default_values"/>
    <testcase time="0.0489999999999995" classname="table_09" name="Table_09_generation_works_with_default_values">
      <skipped message="Reason: On CRAN ('test-table_09.R:8:3')"/>
    </testcase>
    <testcase time="0.0140000000000029" classname="table_09" name="Table_09_generation_works_with_custom_values"/>
    <testcase time="0.0269999999999975" classname="table_09" name="Table_09_generation_works_with_custom_values"/>
    <testcase time="0.276" classname="table_09" name="Table_09_generation_works_with_custom_values"/>
    <testcase time="0.0510000000000019" classname="table_09" name="Table_09_generation_works_with_custom_values">
      <skipped message="Reason: On CRAN ('test-table_09.R:39:3')"/>
    </testcase>
    <testcase time="0.0139999999999993" classname="table_09" name="Table_09_generation_works_with_risk_difference_column"/>
    <testcase time="0.0279999999999987" classname="table_09" name="Table_09_generation_works_with_risk_difference_column"/>
    <testcase time="0.289000000000001" classname="table_09" name="Table_09_generation_works_with_risk_difference_column"/>
    <testcase time="0.0530000000000008" classname="table_09" name="Table_09_generation_works_with_risk_difference_column">
      <skipped message="Reason: On CRAN ('test-table_09.R:47:3')"/>
    </testcase>
  </testsuite>
  <testsuite name="table_10" timestamp="2023-11-09T19:53:38Z" hostname="cb5cc8c62e9a" tests="15" skipped="3" failures="0" errors="0" time="1.259">
    <testcase time="0.0219999999999985" classname="table_10" name="Table_10_generation_works_with_default_values"/>
    <testcase time="0.00100000000000122" classname="table_10" name="Table_10_generation_works_with_default_values"/>
    <testcase time="0.0279999999999987" classname="table_10" name="Table_10_generation_works_with_default_values"/>
    <testcase time="0.271000000000001" classname="table_10" name="Table_10_generation_works_with_default_values"/>
    <testcase time="0.097999999999999" classname="table_10" name="Table_10_generation_works_with_default_values">
      <skipped message="Reason: On CRAN ('test-table_10.R:17:3')"/>
    </testcase>
    <testcase time="0.0150000000000006" classname="table_10" name="Table_10_generation_works_with_custom_values"/>
    <testcase time="0.000999999999997669" classname="table_10" name="Table_10_generation_works_with_custom_values"/>
    <testcase time="0.0260000000000034" classname="table_10" name="Table_10_generation_works_with_custom_values"/>
    <testcase time="0.257999999999999" classname="table_10" name="Table_10_generation_works_with_custom_values"/>
    <testcase time="0.0530000000000008" classname="table_10" name="Table_10_generation_works_with_custom_values">
      <skipped message="Reason: On CRAN ('test-table_10.R:52:3')"/>
    </testcase>
    <testcase time="0.0139999999999993" classname="table_10" name="Table_10_generation_works_with_risk_difference_column"/>
    <testcase time="0.000999999999997669" classname="table_10" name="Table_10_generation_works_with_risk_difference_column"/>
    <testcase time="0.0280000000000022" classname="table_10" name="Table_10_generation_works_with_risk_difference_column"/>
    <testcase time="0.346999999999998" classname="table_10" name="Table_10_generation_works_with_risk_difference_column"/>
    <testcase time="0.0960000000000001" classname="table_10" name="Table_10_generation_works_with_risk_difference_column">
      <skipped message="Reason: On CRAN ('test-table_10.R:60:3')"/>
    </testcase>
  </testsuite>
  <testsuite name="table_11" timestamp="2023-11-09T19:53:39Z" hostname="cb5cc8c62e9a" tests="12" skipped="3" failures="0" errors="0" time="1.893">
    <testcase time="0.0310000000000024" classname="table_11" name="Table_11_generation_works_with_default_values"/>
    <testcase time="0.0350000000000001" classname="table_11" name="Table_11_generation_works_with_default_values"/>
    <testcase time="0.446999999999999" classname="table_11" name="Table_11_generation_works_with_default_values"/>
    <testcase time="0.108000000000001" classname="table_11" name="Table_11_generation_works_with_default_values">
      <skipped message="Reason: On CRAN ('test-table_11.R:18:3')"/>
    </testcase>
    <testcase time="0.0139999999999993" classname="table_11" name="Table_11_generation_works_with_custom_values"/>
    <testcase time="0.0300000000000011" classname="table_11" name="Table_11_generation_works_with_custom_values"/>
    <testcase time="0.420999999999999" classname="table_11" name="Table_11_generation_works_with_custom_values"/>
    <testcase time="0.0470000000000006" classname="table_11" name="Table_11_generation_works_with_custom_values">
      <skipped message="Reason: On CRAN ('test-table_11.R:48:3')"/>
    </testcase>
    <testcase time="0.0139999999999993" classname="table_11" name="Table_11_generation_works_with_risk_difference_column"/>
    <testcase time="0.0350000000000001" classname="table_11" name="Table_11_generation_works_with_risk_difference_column"/>
    <testcase time="0.588999999999999" classname="table_11" name="Table_11_generation_works_with_risk_difference_column"/>
    <testcase time="0.122" classname="table_11" name="Table_11_generation_works_with_risk_difference_column">
      <skipped message="Reason: On CRAN ('test-table_11.R:56:3')"/>
    </testcase>
  </testsuite>
  <testsuite name="table_12" timestamp="2023-11-09T19:53:41Z" hostname="cb5cc8c62e9a" tests="12" skipped="3" failures="0" errors="0" time="2.509">
    <testcase time="0.0210000000000008" classname="table_12" name="Table_12_generation_works_with_default_values"/>
    <testcase time="0.0350000000000001" classname="table_12" name="Table_12_generation_works_with_default_values"/>
    <testcase time="0.594999999999999" classname="table_12" name="Table_12_generation_works_with_default_values"/>
    <testcase time="0.0910000000000011" classname="table_12" name="Table_12_generation_works_with_default_values">
      <skipped message="Reason: On CRAN ('test-table_12.R:9:3')"/>
    </testcase>
    <testcase time="0.0150000000000006" classname="table_12" name="Table_12_generation_works_with_custom_values"/>
    <testcase time="0.0350000000000001" classname="table_12" name="Table_12_generation_works_with_custom_values"/>
    <testcase time="0.795999999999999" classname="table_12" name="Table_12_generation_works_with_custom_values"/>
    <testcase time="0.0760000000000005" classname="table_12" name="Table_12_generation_works_with_custom_values">
      <skipped message="Reason: On CRAN ('test-table_12.R:39:3')"/>
    </testcase>
    <testcase time="0.0180000000000007" classname="table_12" name="Table_12_generation_works_with_risk_difference_column"/>
    <testcase time="0.0339999999999989" classname="table_12" name="Table_12_generation_works_with_risk_difference_column"/>
    <testcase time="0.701999999999998" classname="table_12" name="Table_12_generation_works_with_risk_difference_column"/>
    <testcase time="0.0910000000000011" classname="table_12" name="Table_12_generation_works_with_risk_difference_column">
      <skipped message="Reason: On CRAN ('test-table_12.R:47:3')"/>
    </testcase>
  </testsuite>
  <testsuite name="table_13" timestamp="2023-11-09T19:53:43Z" hostname="cb5cc8c62e9a" tests="12" skipped="3" failures="0" errors="0" time="0.576">
    <testcase time="0.0169999999999995" classname="table_13" name="Table_13_generation_works_with_default_values"/>
    <testcase time="0.032" classname="table_13" name="Table_13_generation_works_with_default_values"/>
    <testcase time="0.0859999999999985" classname="table_13" name="Table_13_generation_works_with_default_values"/>
    <testcase time="0.0510000000000019" classname="table_13" name="Table_13_generation_works_with_default_values">
      <skipped message="Reason: On CRAN ('test-table_13.R:8:3')"/>
    </testcase>
    <testcase time="0.0139999999999993" classname="table_13" name="Table_13_generation_works_with_custom_values"/>
    <testcase time="0.032" classname="table_13" name="Table_13_generation_works_with_custom_values"/>
    <testcase time="0.097999999999999" classname="table_13" name="Table_13_generation_works_with_custom_values"/>
    <testcase time="0.0399999999999991" classname="table_13" name="Table_13_generation_works_with_custom_values">
      <skipped message="Reason: On CRAN ('test-table_13.R:38:3')"/>
    </testcase>
    <testcase time="0.0130000000000017" classname="table_13" name="Table_13_generation_works_with_risk_difference_column"/>
    <testcase time="0.032" classname="table_13" name="Table_13_generation_works_with_risk_difference_column"/>
    <testcase time="0.0999999999999979" classname="table_13" name="Table_13_generation_works_with_risk_difference_column"/>
    <testcase time="0.0609999999999999" classname="table_13" name="Table_13_generation_works_with_risk_difference_column">
      <skipped message="Reason: On CRAN ('test-table_13.R:46:3')"/>
    </testcase>
  </testsuite>
  <testsuite name="table_14" timestamp="2023-11-09T19:53:44Z" hostname="cb5cc8c62e9a" tests="13" skipped="4" failures="0" errors="0" time="2.288">
    <testcase time="0.0240000000000009" classname="table_14" name="Table_14_generation_works_with_default_values"/>
    <testcase time="0.405000000000001" classname="table_14" name="Table_14_generation_works_with_default_values"/>
    <testcase time="0.105999999999998" classname="table_14" name="Table_14_generation_works_with_default_values">
      <skipped message="Reason: On CRAN ('test-table_14.R:16:3')"/>
    </testcase>
    <testcase time="0.0139999999999993" classname="table_14" name="Table_14_generation_works_with_custom_values"/>
    <testcase time="0.032" classname="table_14" name="Table_14_generation_works_with_custom_values"/>
    <testcase time="0.431000000000001" classname="table_14" name="Table_14_generation_works_with_custom_values"/>
    <testcase time="0.100999999999999" classname="table_14" name="Table_14_generation_works_with_custom_values">
      <skipped message="Reason: On CRAN ('test-table_14.R:46:3')"/>
    </testcase>
    <testcase time="0.0140000000000029" classname="table_14" name="Table_14_generation_works_with_NA_values_pruned_rows"/>
    <testcase time="0.405999999999999" classname="table_14" name="Table_14_generation_works_with_NA_values_pruned_rows"/>
    <testcase time="0.0790000000000006" classname="table_14" name="Table_14_generation_works_with_NA_values_pruned_rows">
      <skipped message="Reason: On CRAN ('test-table_14.R:53:3')"/>
    </testcase>
    <testcase time="0.0189999999999984" classname="table_14" name="Table_14_generation_works_with_risk_difference_column"/>
    <testcase time="0.531000000000002" classname="table_14" name="Table_14_generation_works_with_risk_difference_column"/>
    <testcase time="0.125999999999998" classname="table_14" name="Table_14_generation_works_with_risk_difference_column">
      <skipped message="Reason: On CRAN ('test-table_14.R:61:3')"/>
    </testcase>
  </testsuite>
  <testsuite name="table_15" timestamp="2023-11-09T19:53:46Z" hostname="cb5cc8c62e9a" tests="16" skipped="4" failures="0" errors="0" time="1.283">
    <testcase time="0.0199999999999996" classname="table_15" name="Table_15_generation_works_with_default_values"/>
    <testcase time="0.0280000000000022" classname="table_15" name="Table_15_generation_works_with_default_values"/>
    <testcase time="0.189999999999998" classname="table_15" name="Table_15_generation_works_with_default_values"/>
    <testcase time="0.0680000000000014" classname="table_15" name="Table_15_generation_works_with_default_values">
      <skipped message="Reason: On CRAN ('test-table_15.R:19:3')"/>
    </testcase>
    <testcase time="0.0139999999999993" classname="table_15" name="Table_15_generation_works_with_custom_values"/>
    <testcase time="0.0350000000000001" classname="table_15" name="Table_15_generation_works_with_custom_values"/>
    <testcase time="0.196999999999999" classname="table_15" name="Table_15_generation_works_with_custom_values"/>
    <testcase time="0.0670000000000002" classname="table_15" name="Table_15_generation_works_with_custom_values">
      <skipped message="Reason: On CRAN ('test-table_15.R:51:3')"/>
    </testcase>
    <testcase time="0.0150000000000006" classname="table_15" name="Table_15_generation_works_with_NA_values_pruned_rows"/>
    <testcase time="0.0279999999999987" classname="table_15" name="Table_15_generation_works_with_NA_values_pruned_rows"/>
    <testcase time="0.199000000000002" classname="table_15" name="Table_15_generation_works_with_NA_values_pruned_rows"/>
    <testcase time="0.0689999999999991" classname="table_15" name="Table_15_generation_works_with_NA_values_pruned_rows">
      <skipped message="Reason: On CRAN ('test-table_15.R:58:3')"/>
    </testcase>
    <testcase time="0.0139999999999993" classname="table_15" name="Table_15_generation_works_with_risk_difference_column"/>
    <testcase time="0.0289999999999999" classname="table_15" name="Table_15_generation_works_with_risk_difference_column"/>
    <testcase time="0.233000000000001" classname="table_15" name="Table_15_generation_works_with_risk_difference_column"/>
    <testcase time="0.0770000000000017" classname="table_15" name="Table_15_generation_works_with_risk_difference_column">
      <skipped message="Reason: On CRAN ('test-table_15.R:66:3')"/>
    </testcase>
  </testsuite>
  <testsuite name="table_16" timestamp="2023-11-09T19:53:47Z" hostname="cb5cc8c62e9a" tests="16" skipped="4" failures="0" errors="0" time="1.129">
    <testcase time="0.0209999999999972" classname="table_16" name="Table_16_generation_works_with_default_values"/>
    <testcase time="0.0259999999999998" classname="table_16" name="Table_16_generation_works_with_default_values"/>
    <testcase time="0.191000000000003" classname="table_16" name="Table_16_generation_works_with_default_values"/>
    <testcase time="0.0429999999999993" classname="table_16" name="Table_16_generation_works_with_default_values">
      <skipped message="Reason: On CRAN ('test-table_16.R:19:3')"/>
    </testcase>
    <testcase time="0.0139999999999993" classname="table_16" name="Table_16_generation_works_with_custom_values"/>
    <testcase time="0.0259999999999998" classname="table_16" name="Table_16_generation_works_with_custom_values"/>
    <testcase time="0.190000000000001" classname="table_16" name="Table_16_generation_works_with_custom_values"/>
    <testcase time="0.0359999999999978" classname="table_16" name="Table_16_generation_works_with_custom_values">
      <skipped message="Reason: On CRAN ('test-table_16.R:51:3')"/>
    </testcase>
    <testcase time="0.0140000000000029" classname="table_16" name="Table_16_generation_works_with_NA_values_pruned_rows"/>
    <testcase time="0.032" classname="table_16" name="Table_16_generation_works_with_NA_values_pruned_rows"/>
    <testcase time="0.190999999999999" classname="table_16" name="Table_16_generation_works_with_NA_values_pruned_rows"/>
    <testcase time="0.0350000000000001" classname="table_16" name="Table_16_generation_works_with_NA_values_pruned_rows">
      <skipped message="Reason: On CRAN ('test-table_16.R:58:3')"/>
    </testcase>
    <testcase time="0.0129999999999981" classname="table_16" name="Table_16_generation_works_with_risk_difference_column"/>
    <testcase time="0.0259999999999998" classname="table_16" name="Table_16_generation_works_with_risk_difference_column"/>
    <testcase time="0.227" classname="table_16" name="Table_16_generation_works_with_risk_difference_column"/>
    <testcase time="0.0440000000000005" classname="table_16" name="Table_16_generation_works_with_risk_difference_column">
      <skipped message="Reason: On CRAN ('test-table_16.R:66:3')"/>
    </testcase>
  </testsuite>
  <testsuite name="table_17" timestamp="2023-11-09T19:53:48Z" hostname="cb5cc8c62e9a" tests="16" skipped="4" failures="0" errors="0" time="2.004">
    <testcase time="0.022000000000002" classname="table_17" name="Table_17_generation_works_with_default_values"/>
    <testcase time="0.0289999999999999" classname="table_17" name="Table_17_generation_works_with_default_values"/>
    <testcase time="0.303000000000001" classname="table_17" name="Table_17_generation_works_with_default_values"/>
    <testcase time="0.123999999999999" classname="table_17" name="Table_17_generation_works_with_default_values">
      <skipped message="Reason: On CRAN ('test-table_17.R:25:3')"/>
    </testcase>
    <testcase time="0.0140000000000029" classname="table_17" name="Table_17_generation_works_with_custom_values"/>
    <testcase time="0.0299999999999976" classname="table_17" name="Table_17_generation_works_with_custom_values"/>
    <testcase time="0.308" classname="table_17" name="Table_17_generation_works_with_custom_values"/>
    <testcase time="0.126000000000001" classname="table_17" name="Table_17_generation_works_with_custom_values">
      <skipped message="Reason: On CRAN ('test-table_17.R:57:3')"/>
    </testcase>
    <testcase time="0.0150000000000006" classname="table_17" name="Table_17_generation_works_with_NA_values_pruned_rows"/>
    <testcase time="0.0309999999999988" classname="table_17" name="Table_17_generation_works_with_NA_values_pruned_rows"/>
    <testcase time="0.311" classname="table_17" name="Table_17_generation_works_with_NA_values_pruned_rows"/>
    <testcase time="0.119999999999997" classname="table_17" name="Table_17_generation_works_with_NA_values_pruned_rows">
      <skipped message="Reason: On CRAN ('test-table_17.R:64:3')"/>
    </testcase>
    <testcase time="0.0150000000000006" classname="table_17" name="Table_17_generation_works_with_risk_difference_column"/>
    <testcase time="0.0420000000000016" classname="table_17" name="Table_17_generation_works_with_risk_difference_column"/>
    <testcase time="0.368000000000002" classname="table_17" name="Table_17_generation_works_with_risk_difference_column"/>
    <testcase time="0.146000000000001" classname="table_17" name="Table_17_generation_works_with_risk_difference_column">
      <skipped message="Reason: On CRAN ('test-table_17.R:72:3')"/>
    </testcase>
  </testsuite>
  <testsuite name="table_18" timestamp="2023-11-09T19:53:50Z" hostname="cb5cc8c62e9a" tests="16" skipped="4" failures="0" errors="0" time="1.68">
    <testcase time="0.0210000000000008" classname="table_18" name="Table_18_generation_works_with_default_values"/>
    <testcase time="0.0269999999999939" classname="table_18" name="Table_18_generation_works_with_default_values"/>
    <testcase time="0.307000000000002" classname="table_18" name="Table_18_generation_works_with_default_values"/>
    <testcase time="0.0519999999999996" classname="table_18" name="Table_18_generation_works_with_default_values">
      <skipped message="Reason: On CRAN ('test-table_18.R:25:3')"/>
    </testcase>
    <testcase time="0.0140000000000029" classname="table_18" name="Table_18_generation_works_with_custom_values"/>
    <testcase time="0.027000000000001" classname="table_18" name="Table_18_generation_works_with_custom_values"/>
    <testcase time="0.305" classname="table_18" name="Table_18_generation_works_with_custom_values"/>
    <testcase time="0.0519999999999996" classname="table_18" name="Table_18_generation_works_with_custom_values">
      <skipped message="Reason: On CRAN ('test-table_18.R:57:3')"/>
    </testcase>
    <testcase time="0.0139999999999958" classname="table_18" name="Table_18_generation_works_with_NA_values_pruned_rows"/>
    <testcase time="0.0380000000000038" classname="table_18" name="Table_18_generation_works_with_NA_values_pruned_rows"/>
    <testcase time="0.295000000000002" classname="table_18" name="Table_18_generation_works_with_NA_values_pruned_rows"/>
    <testcase time="0.0629999999999953" classname="table_18" name="Table_18_generation_works_with_NA_values_pruned_rows">
      <skipped message="Reason: On CRAN ('test-table_18.R:64:3')"/>
    </testcase>
    <testcase time="0.0150000000000006" classname="table_18" name="Table_18_generation_works_with_risk_difference_column"/>
    <testcase time="0.0260000000000034" classname="table_18" name="Table_18_generation_works_with_risk_difference_column"/>
    <testcase time="0.354999999999997" classname="table_18" name="Table_18_generation_works_with_risk_difference_column"/>
    <testcase time="0.0690000000000026" classname="table_18" name="Table_18_generation_works_with_risk_difference_column">
      <skipped message="Reason: On CRAN ('test-table_18.R:72:3')"/>
    </testcase>
  </testsuite>
  <testsuite name="table_20" timestamp="2023-11-09T19:53:52Z" hostname="cb5cc8c62e9a" tests="24" skipped="4" failures="0" errors="0" time="1.985">
    <testcase time="0.019999999999996" classname="table_20" name="Table_20_generation_works_with_default_values"/>
    <testcase time="0.00100000000000477" classname="table_20" name="Table_20_generation_works_with_default_values"/>
    <testcase time="0.00199999999999534" classname="table_20" name="Table_20_generation_works_with_default_values"/>
    <testcase time="0.0279999999999987" classname="table_20" name="Table_20_generation_works_with_default_values"/>
    <testcase time="0.309000000000005" classname="table_20" name="Table_20_generation_works_with_default_values"/>
    <testcase time="0.0630000000000024" classname="table_20" name="Table_20_generation_works_with_default_values">
      <skipped message="Reason: On CRAN ('test-table_20.R:17:3')"/>
    </testcase>
    <testcase time="0.0139999999999958" classname="table_20" name="Table_20_generation_works_with_custom_values"/>
    <testcase time="0.000999999999997669" classname="table_20" name="Table_20_generation_works_with_custom_values"/>
    <testcase time="0.00100000000000477" classname="table_20" name="Table_20_generation_works_with_custom_values"/>
    <testcase time="0.0300000000000011" classname="table_20" name="Table_20_generation_works_with_custom_values"/>
    <testcase time="0.480999999999995" classname="table_20" name="Table_20_generation_works_with_custom_values"/>
    <testcase time="0.0930000000000035" classname="table_20" name="Table_20_generation_works_with_custom_values">
      <skipped message="Reason: On CRAN ('test-table_20.R:65:3')"/>
    </testcase>
    <testcase time="0.0150000000000006" classname="table_20" name="Table_20_generation_works_with_missing_values_pruned_rows"/>
    <testcase time="0.000999999999997669" classname="table_20" name="Table_20_generation_works_with_missing_values_pruned_rows"/>
    <testcase time="0.000999999999997669" classname="table_20" name="Table_20_generation_works_with_missing_values_pruned_rows"/>
    <testcase time="0.0290000000000035" classname="table_20" name="Table_20_generation_works_with_missing_values_pruned_rows"/>
    <testcase time="0.305" classname="table_20" name="Table_20_generation_works_with_missing_values_pruned_rows"/>
    <testcase time="0.0600000000000023" classname="table_20" name="Table_20_generation_works_with_missing_values_pruned_rows">
      <skipped message="Reason: On CRAN ('test-table_20.R:74:3')"/>
    </testcase>
    <testcase time="0.0150000000000006" classname="table_20" name="Table_20_generation_works_with_risk_difference_column"/>
    <testcase time="0.000999999999997669" classname="table_20" name="Table_20_generation_works_with_risk_difference_column"/>
    <testcase time="0.000999999999997669" classname="table_20" name="Table_20_generation_works_with_risk_difference_column"/>
    <testcase time="0.0300000000000011" classname="table_20" name="Table_20_generation_works_with_risk_difference_column"/>
    <testcase time="0.411000000000001" classname="table_20" name="Table_20_generation_works_with_risk_difference_column"/>
    <testcase time="0.0730000000000004" classname="table_20" name="Table_20_generation_works_with_risk_difference_column">
      <skipped message="Reason: On CRAN ('test-table_20.R:82:3')"/>
    </testcase>
  </testsuite>
  <testsuite name="table_21" timestamp="2023-11-09T19:53:54Z" hostname="cb5cc8c62e9a" tests="131" skipped="4" failures="0" errors="0" time="7.811">
    <testcase time="0.0630000000000024" classname="table_21" name="Table_21_generation_works_with_default_values"/>
    <testcase time="0.00199999999999534" classname="table_21" name="Table_21_generation_works_with_default_values"/>
    <testcase time="0.140999999999998" classname="table_21" name="Table_21_generation_works_with_default_values"/>
    <testcase time="0.0600000000000023" classname="table_21" name="Table_21_generation_works_with_default_values"/>
    <testcase time="0.0579999999999998" classname="table_21" name="Table_21_generation_works_with_default_values"/>
    <testcase time="0.0500000000000043" classname="table_21" name="Table_21_generation_works_with_default_values"/>
    <testcase time="0.0539999999999949" classname="table_21" name="Table_21_generation_works_with_default_values"/>
    <testcase time="0.0630000000000024" classname="table_21" name="Table_21_generation_works_with_default_values"/>
    <testcase time="0.0640000000000001" classname="table_21" name="Table_21_generation_works_with_default_values"/>
    <testcase time="0.0510000000000019" classname="table_21" name="Table_21_generation_works_with_default_values"/>
    <testcase time="0.0670000000000002" classname="table_21" name="Table_21_generation_works_with_default_values"/>
    <testcase time="0.0499999999999972" classname="table_21" name="Table_21_generation_works_with_default_values"/>
    <testcase time="0.0549999999999997" classname="table_21" name="Table_21_generation_works_with_default_values"/>
    <testcase time="0.0619999999999976" classname="table_21" name="Table_21_generation_works_with_default_values"/>
    <testcase time="0.0620000000000047" classname="table_21" name="Table_21_generation_works_with_default_values"/>
    <testcase time="0.0489999999999995" classname="table_21" name="Table_21_generation_works_with_default_values"/>
    <testcase time="0.0609999999999999" classname="table_21" name="Table_21_generation_works_with_default_values"/>
    <testcase time="0.0529999999999973" classname="table_21" name="Table_21_generation_works_with_default_values"/>
    <testcase time="0.0489999999999995" classname="table_21" name="Table_21_generation_works_with_default_values"/>
    <testcase time="0.0500000000000043" classname="table_21" name="Table_21_generation_works_with_default_values"/>
    <testcase time="0.0619999999999976" classname="table_21" name="Table_21_generation_works_with_default_values"/>
    <testcase time="0.0489999999999995" classname="table_21" name="Table_21_generation_works_with_default_values"/>
    <testcase time="0.0549999999999997" classname="table_21" name="Table_21_generation_works_with_default_values"/>
    <testcase time="0.0649999999999977" classname="table_21" name="Table_21_generation_works_with_default_values"/>
    <testcase time="0.0500000000000043" classname="table_21" name="Table_21_generation_works_with_default_values"/>
    <testcase time="0.0499999999999972" classname="table_21" name="Table_21_generation_works_with_default_values"/>
    <testcase time="0.0549999999999997" classname="table_21" name="Table_21_generation_works_with_default_values"/>
    <testcase time="0.0570000000000022" classname="table_21" name="Table_21_generation_works_with_default_values"/>
    <testcase time="0.0499999999999972" classname="table_21" name="Table_21_generation_works_with_default_values"/>
    <testcase time="0.0500000000000043" classname="table_21" name="Table_21_generation_works_with_default_values"/>
    <testcase time="0.0659999999999954" classname="table_21" name="Table_21_generation_works_with_default_values"/>
    <testcase time="0.0500000000000043" classname="table_21" name="Table_21_generation_works_with_default_values"/>
    <testcase time="0.0489999999999995" classname="table_21" name="Table_21_generation_works_with_default_values"/>
    <testcase time="0.0600000000000023" classname="table_21" name="Table_21_generation_works_with_default_values"/>
    <testcase time="0.0499999999999972" classname="table_21" name="Table_21_generation_works_with_default_values"/>
    <testcase time="0.0510000000000019" classname="table_21" name="Table_21_generation_works_with_default_values"/>
    <testcase time="0.0489999999999995" classname="table_21" name="Table_21_generation_works_with_default_values"/>
    <testcase time="0.0609999999999999" classname="table_21" name="Table_21_generation_works_with_default_values"/>
    <testcase time="0.0659999999999954" classname="table_21" name="Table_21_generation_works_with_default_values"/>
    <testcase time="0.0500000000000043" classname="table_21" name="Table_21_generation_works_with_default_values"/>
    <testcase time="0.0619999999999976" classname="table_21" name="Table_21_generation_works_with_default_values"/>
    <testcase time="0.0500000000000043" classname="table_21" name="Table_21_generation_works_with_default_values"/>
    <testcase time="0.0549999999999997" classname="table_21" name="Table_21_generation_works_with_default_values"/>
    <testcase time="0.0749999999999957" classname="table_21" name="Table_21_generation_works_with_default_values"/>
    <testcase time="0.0510000000000019" classname="table_21" name="Table_21_generation_works_with_default_values"/>
    <testcase time="0.0499999999999972" classname="table_21" name="Table_21_generation_works_with_default_values"/>
    <testcase time="0.0690000000000026" classname="table_21" name="Table_21_generation_works_with_default_values"/>
    <testcase time="0.0499999999999972" classname="table_21" name="Table_21_generation_works_with_default_values"/>
    <testcase time="0.0489999999999995" classname="table_21" name="Table_21_generation_works_with_default_values"/>
    <testcase time="0.0570000000000022" classname="table_21" name="Table_21_generation_works_with_default_values"/>
    <testcase time="0.0510000000000019" classname="table_21" name="Table_21_generation_works_with_default_values"/>
    <testcase time="0.0749999999999957" classname="table_21" name="Table_21_generation_works_with_default_values">
      <skipped message="Reason: On CRAN ('test-table_21.R:22:3')"/>
    </testcase>
    <testcase time="0.0140000000000029" classname="table_21" name="Table_21_generation_works_with_custom_values_N_s_denominator_and_overall_column"/>
    <testcase time="0.000999999999997669" classname="table_21" name="Table_21_generation_works_with_custom_values_N_s_denominator_and_overall_column"/>
    <testcase time="0.0650000000000048" classname="table_21" name="Table_21_generation_works_with_custom_values_N_s_denominator_and_overall_column"/>
    <testcase time="0.149000000000001" classname="table_21" name="Table_21_generation_works_with_custom_values_N_s_denominator_and_overall_column"/>
    <testcase time="0.0619999999999976" classname="table_21" name="Table_21_generation_works_with_custom_values_N_s_denominator_and_overall_column"/>
    <testcase time="0.0559999999999974" classname="table_21" name="Table_21_generation_works_with_custom_values_N_s_denominator_and_overall_column"/>
    <testcase time="0.0500000000000043" classname="table_21" name="Table_21_generation_works_with_custom_values_N_s_denominator_and_overall_column"/>
    <testcase time="0.0779999999999959" classname="table_21" name="Table_21_generation_works_with_custom_values_N_s_denominator_and_overall_column"/>
    <testcase time="0.0529999999999973" classname="table_21" name="Table_21_generation_works_with_custom_values_N_s_denominator_and_overall_column"/>
    <testcase time="0.0579999999999998" classname="table_21" name="Table_21_generation_works_with_custom_values_N_s_denominator_and_overall_column"/>
    <testcase time="0.264000000000003" classname="table_21" name="Table_21_generation_works_with_custom_values_N_s_denominator_and_overall_column"/>
    <testcase time="0.0649999999999977" classname="table_21" name="Table_21_generation_works_with_custom_values_N_s_denominator_and_overall_column"/>
    <testcase time="0.0499999999999972" classname="table_21" name="Table_21_generation_works_with_custom_values_N_s_denominator_and_overall_column"/>
    <testcase time="0.0600000000000023" classname="table_21" name="Table_21_generation_works_with_custom_values_N_s_denominator_and_overall_column"/>
    <testcase time="0.0480000000000018" classname="table_21" name="Table_21_generation_works_with_custom_values_N_s_denominator_and_overall_column"/>
    <testcase time="0.0549999999999997" classname="table_21" name="Table_21_generation_works_with_custom_values_N_s_denominator_and_overall_column"/>
    <testcase time="0.0480000000000018" classname="table_21" name="Table_21_generation_works_with_custom_values_N_s_denominator_and_overall_column"/>
    <testcase time="0.0599999999999952" classname="table_21" name="Table_21_generation_works_with_custom_values_N_s_denominator_and_overall_column"/>
    <testcase time="0.0470000000000041" classname="table_21" name="Table_21_generation_works_with_custom_values_N_s_denominator_and_overall_column"/>
    <testcase time="0.0640000000000001" classname="table_21" name="Table_21_generation_works_with_custom_values_N_s_denominator_and_overall_column"/>
    <testcase time="0.0529999999999973" classname="table_21" name="Table_21_generation_works_with_custom_values_N_s_denominator_and_overall_column"/>
    <testcase time="0.0480000000000018" classname="table_21" name="Table_21_generation_works_with_custom_values_N_s_denominator_and_overall_column"/>
    <testcase time="0.0489999999999995" classname="table_21" name="Table_21_generation_works_with_custom_values_N_s_denominator_and_overall_column"/>
    <testcase time="0.0569999999999951" classname="table_21" name="Table_21_generation_works_with_custom_values_N_s_denominator_and_overall_column"/>
    <testcase time="0.0500000000000043" classname="table_21" name="Table_21_generation_works_with_custom_values_N_s_denominator_and_overall_column"/>
    <testcase time="0.0489999999999995" classname="table_21" name="Table_21_generation_works_with_custom_values_N_s_denominator_and_overall_column"/>
    <testcase time="0.0499999999999972" classname="table_21" name="Table_21_generation_works_with_custom_values_N_s_denominator_and_overall_column"/>
    <testcase time="0.0609999999999999" classname="table_21" name="Table_21_generation_works_with_custom_values_N_s_denominator_and_overall_column"/>
    <testcase time="0.0480000000000018" classname="table_21" name="Table_21_generation_works_with_custom_values_N_s_denominator_and_overall_column"/>
    <testcase time="0.0489999999999995" classname="table_21" name="Table_21_generation_works_with_custom_values_N_s_denominator_and_overall_column"/>
    <testcase time="0.0549999999999997" classname="table_21" name="Table_21_generation_works_with_custom_values_N_s_denominator_and_overall_column"/>
    <testcase time="0.0480000000000018" classname="table_21" name="Table_21_generation_works_with_custom_values_N_s_denominator_and_overall_column"/>
    <testcase time="0.0480000000000018" classname="table_21" name="Table_21_generation_works_with_custom_values_N_s_denominator_and_overall_column"/>
    <testcase time="0.0539999999999949" classname="table_21" name="Table_21_generation_works_with_custom_values_N_s_denominator_and_overall_column"/>
    <testcase time="0.0489999999999995" classname="table_21" name="Table_21_generation_works_with_custom_values_N_s_denominator_and_overall_column"/>
    <testcase time="0.0600000000000023" classname="table_21" name="Table_21_generation_works_with_custom_values_N_s_denominator_and_overall_column"/>
    <testcase time="0.054000000000002" classname="table_21" name="Table_21_generation_works_with_custom_values_N_s_denominator_and_overall_column"/>
    <testcase time="0.0559999999999974" classname="table_21" name="Table_21_generation_works_with_custom_values_N_s_denominator_and_overall_column"/>
    <testcase time="0.0680000000000049" classname="table_21" name="Table_21_generation_works_with_custom_values_N_s_denominator_and_overall_column"/>
    <testcase time="0.0479999999999947" classname="table_21" name="Table_21_generation_works_with_custom_values_N_s_denominator_and_overall_column"/>
    <testcase time="0.0609999999999999" classname="table_21" name="Table_21_generation_works_with_custom_values_N_s_denominator_and_overall_column"/>
    <testcase time="0.0510000000000019" classname="table_21" name="Table_21_generation_works_with_custom_values_N_s_denominator_and_overall_column"/>
    <testcase time="0.0510000000000019" classname="table_21" name="Table_21_generation_works_with_custom_values_N_s_denominator_and_overall_column"/>
    <testcase time="0.0619999999999976" classname="table_21" name="Table_21_generation_works_with_custom_values_N_s_denominator_and_overall_column"/>
    <testcase time="0.0510000000000019" classname="table_21" name="Table_21_generation_works_with_custom_values_N_s_denominator_and_overall_column"/>
    <testcase time="0.0489999999999995" classname="table_21" name="Table_21_generation_works_with_custom_values_N_s_denominator_and_overall_column"/>
    <testcase time="0.0559999999999974" classname="table_21" name="Table_21_generation_works_with_custom_values_N_s_denominator_and_overall_column"/>
    <testcase time="0.0489999999999995" classname="table_21" name="Table_21_generation_works_with_custom_values_N_s_denominator_and_overall_column"/>
    <testcase time="0.0489999999999995" classname="table_21" name="Table_21_generation_works_with_custom_values_N_s_denominator_and_overall_column"/>
    <testcase time="0.0489999999999995" classname="table_21" name="Table_21_generation_works_with_custom_values_N_s_denominator_and_overall_column"/>
    <testcase time="0.0520000000000067" classname="table_21" name="Table_21_generation_works_with_custom_values_N_s_denominator_and_overall_column"/>
    <testcase time="0.0679999999999978" classname="table_21" name="Table_21_generation_works_with_custom_values_N_s_denominator_and_overall_column"/>
    <testcase time="0.054000000000002" classname="table_21" name="Table_21_generation_works_with_custom_values_N_s_denominator_and_overall_column"/>
    <testcase time="0.0499999999999972" classname="table_21" name="Table_21_generation_works_with_custom_values_N_s_denominator_and_overall_column"/>
    <testcase time="0.0499999999999972" classname="table_21" name="Table_21_generation_works_with_custom_values_N_s_denominator_and_overall_column"/>
    <testcase time="0.0560000000000045" classname="table_21" name="Table_21_generation_works_with_custom_values_N_s_denominator_and_overall_column"/>
    <testcase time="0.0549999999999997" classname="table_21" name="Table_21_generation_works_with_custom_values_N_s_denominator_and_overall_column"/>
    <testcase time="0.0499999999999972" classname="table_21" name="Table_21_generation_works_with_custom_values_N_s_denominator_and_overall_column"/>
    <testcase time="0.0489999999999995" classname="table_21" name="Table_21_generation_works_with_custom_values_N_s_denominator_and_overall_column"/>
    <testcase time="0.0620000000000047" classname="table_21" name="Table_21_generation_works_with_custom_values_N_s_denominator_and_overall_column"/>
    <testcase time="0.0509999999999948" classname="table_21" name="Table_21_generation_works_with_custom_values_N_s_denominator_and_overall_column"/>
    <testcase time="0.0500000000000043" classname="table_21" name="Table_21_generation_works_with_custom_values_N_s_denominator_and_overall_column"/>
    <testcase time="0.280000000000001" classname="table_21" name="Table_21_generation_works_with_custom_values_N_s_denominator_and_overall_column"/>
    <testcase time="0.0569999999999951" classname="table_21" name="Table_21_generation_works_with_custom_values_N_s_denominator_and_overall_column"/>
    <testcase time="0.0500000000000043" classname="table_21" name="Table_21_generation_works_with_custom_values_N_s_denominator_and_overall_column"/>
    <testcase time="0.0579999999999998" classname="table_21" name="Table_21_generation_works_with_custom_values_N_s_denominator_and_overall_column"/>
    <testcase time="0.0519999999999996" classname="table_21" name="Table_21_generation_works_with_custom_values_N_s_denominator_and_overall_column"/>
    <testcase time="0.0479999999999947" classname="table_21" name="Table_21_generation_works_with_custom_values_N_s_denominator_and_overall_column"/>
    <testcase time="0.0890000000000057" classname="table_21" name="Table_21_generation_works_with_custom_values_N_s_denominator_and_overall_column">
      <skipped message="Reason: On CRAN ('test-table_21.R:34:3')"/>
    </testcase>
    <testcase time="0.0139999999999958" classname="table_21" name="Table_21_generation_works_with_custom_values_N_col_denominator_and_no_overall_column"/>
    <testcase time="0.00200000000000244" classname="table_21" name="Table_21_generation_works_with_custom_values_N_col_denominator_and_no_overall_column"/>
    <testcase time="0.0339999999999989" classname="table_21" name="Table_21_generation_works_with_custom_values_N_col_denominator_and_no_overall_column"/>
    <testcase time="0.218000000000004" classname="table_21" name="Table_21_generation_works_with_custom_values_N_col_denominator_and_no_overall_column"/>
    <testcase time="0.0689999999999955" classname="table_21" name="Table_21_generation_works_with_custom_values_N_col_denominator_and_no_overall_column">
      <skipped message="Reason: On CRAN ('test-table_21.R:62:3')"/>
    </testcase>
    <testcase time="0.0459999999999994" classname="table_21" name="Table_21_generation_works_with_some_NA_values"/>
    <testcase time="0.00100000000000477" classname="table_21" name="Table_21_generation_works_with_some_NA_values"/>
    <testcase time="0.036999999999999" classname="table_21" name="Table_21_generation_works_with_some_NA_values"/>
    <testcase time="0.177" classname="table_21" name="Table_21_generation_works_with_some_NA_values"/>
    <testcase time="0.0499999999999972" classname="table_21" name="Table_21_generation_works_with_some_NA_values">
      <skipped message="Reason: On CRAN ('test-table_21.R:82:3')"/>
    </testcase>
  </testsuite>
  <testsuite name="table_32" timestamp="2023-11-09T19:54:02Z" hostname="cb5cc8c62e9a" tests="22" skipped="6" failures="0" errors="0" time="3.736">
    <testcase time="0.0210000000000008" classname="table_32" name="Table_32_generation_works_with_default_values"/>
    <testcase time="0.0339999999999989" classname="table_32" name="Table_32_generation_works_with_default_values"/>
    <testcase time="0.0919999999999987" classname="table_32" name="Table_32_generation_works_with_default_values"/>
    <testcase time="0.0320000000000036" classname="table_32" name="Table_32_generation_works_with_default_values">
      <skipped message="Reason: On CRAN ('test-table_32.R:8:3')"/>
    </testcase>
    <testcase time="0.0140000000000029" classname="table_32" name="Table_32_generation_works_with_custom_values"/>
    <testcase time="0.0339999999999989" classname="table_32" name="Table_32_generation_works_with_custom_values"/>
    <testcase time="0.106999999999999" classname="table_32" name="Table_32_generation_works_with_custom_values"/>
    <testcase time="0.0379999999999967" classname="table_32" name="Table_32_generation_works_with_custom_values">
      <skipped message="Reason: On CRAN ('test-table_32.R:30:3')"/>
    </testcase>
    <testcase time="0.0140000000000029" classname="table_32" name="Table_32_generation_works_with_pruned_rows"/>
    <testcase time="0.0339999999999989" classname="table_32" name="Table_32_generation_works_with_pruned_rows"/>
    <testcase time="0.0889999999999986" classname="table_32" name="Table_32_generation_works_with_pruned_rows"/>
    <testcase time="0.0240000000000009" classname="table_32" name="Table_32_generation_works_with_pruned_rows">
      <skipped message="Reason: On CRAN ('test-table_32.R:37:3')"/>
    </testcase>
    <testcase time="0.0150000000000006" classname="table_32" name="Table_32_generation_works_with_risk_difference_column"/>
    <testcase time="0.0339999999999989" classname="table_32" name="Table_32_generation_works_with_risk_difference_column"/>
    <testcase time="0.119" classname="table_32" name="Table_32_generation_works_with_risk_difference_column"/>
    <testcase time="0.0380000000000038" classname="table_32" name="Table_32_generation_works_with_risk_difference_column">
      <skipped message="Reason: On CRAN ('test-table_32.R:45:3')"/>
    </testcase>
    <testcase time="0.0150000000000006" classname="table_32" name="Table_32_gtsum_generation_works_with_default_values"/>
    <testcase time="1.221" classname="table_32" name="Table_32_gtsum_generation_works_with_default_values"/>
    <testcase time="0.00500000000000256" classname="table_32" name="Table_32_gtsum_generation_works_with_default_values">
      <skipped message="Reason: On CRAN ('test-table_32.R:51:3')"/>
    </testcase>
    <testcase time="0.0140000000000029" classname="table_32" name="Table_32_gtsum_generation_works_with_custom_values"/>
    <testcase time="1.736" classname="table_32" name="Table_32_gtsum_generation_works_with_custom_values"/>
    <testcase time="0.00600000000000023" classname="table_32" name="Table_32_gtsum_generation_works_with_custom_values">
      <skipped message="Reason: On CRAN ('test-table_32.R:61:3')"/>
    </testcase>
  </testsuite>
  <testsuite name="table_33" timestamp="2023-11-09T19:54:06Z" hostname="cb5cc8c62e9a" tests="8" skipped="0" failures="0" errors="4" time="0.587">
    <testcase time="0.0180000000000007" classname="table_33" name="Table_33_generation_works_with_default_values"/>
    <testcase time="0.0219999999999985" classname="table_33" name="Table_33_generation_works_with_default_values">
      <error type="error" message="Error in `group_by(., id_var, PARAMCD)`: Must group by variables found in `.data`. ('test-table_33.R:5:3')">Error in `group_by(., id_var, PARAMCD)`: Must group by variables found in `.data`.
x Column `id_var` is not found.
Backtrace:
    x
 1. +-falcon::make_table_33(advs, adsl) at test-table_33.R:5:3
 2. | \-... %&gt;% ...
 3. +-dplyr::mutate(...)
 4. +-dplyr::ungroup(.)
 5. +-dplyr::mutate(...)
 6. +-dplyr::group_by(., id_var, PARAMCD)
 7. \-dplyr:::group_by.data.frame(., id_var, PARAMCD)
 8.   \-dplyr::group_by_prepare(.data, ..., .add = .add, error_call = current_env())
 9.     \-rlang::abort(bullets, call = error_call)</error>
    </testcase>
    <testcase time="0.169000000000004" classname="table_33" name="Table_33_generation_works_with_custom_values"/>
    <testcase time="0.0209999999999937" classname="table_33" name="Table_33_generation_works_with_custom_values">
      <error type="error" message="Error in `group_by(., id_var, PARAMCD)`: Must group by variables found in `.data`. ('test-table_33.R:12:3')">Error in `group_by(., id_var, PARAMCD)`: Must group by variables found in `.data`.
x Column `id_var` is not found.
Backtrace:
    x
 1. +-falcon::make_table_33(...) at test-table_33.R:12:3
 2. | \-... %&gt;% ...
 3. +-dplyr::mutate(...)
 4. +-dplyr::ungroup(.)
 5. +-dplyr::mutate(...)
 6. +-dplyr::group_by(., id_var, PARAMCD)
 7. \-dplyr:::group_by.data.frame(., id_var, PARAMCD)
 8.   \-dplyr::group_by_prepare(.data, ..., .add = .add, error_call = current_env())
 9.     \-rlang::abort(bullets, call = error_call)</error>
    </testcase>
    <testcase time="0.162000000000006" classname="table_33" name="Table_33_generation_works_with_pruned_rows"/>
    <testcase time="0.019999999999996" classname="table_33" name="Table_33_generation_works_with_pruned_rows">
      <error type="error" message="Error in `group_by(., id_var, PARAMCD)`: Must group by variables found in `.data`. ('test-table_33.R:39:3')">Error in `group_by(., id_var, PARAMCD)`: Must group by variables found in `.data`.
x Column `id_var` is not found.
Backtrace:
    x
 1. +-falcon::make_table_33(advs, adsl, prune_0 = TRUE) at test-table_33.R:39:3
 2. | \-... %&gt;% ...
 3. +-dplyr::mutate(...)
 4. +-dplyr::ungroup(.)
 5. +-dplyr::mutate(...)
 6. +-dplyr::group_by(., id_var, PARAMCD)
 7. \-dplyr:::group_by.data.frame(., id_var, PARAMCD)
 8.   \-dplyr::group_by_prepare(.data, ..., .add = .add, error_call = current_env())
 9.     \-rlang::abort(bullets, call = error_call)</error>
    </testcase>
    <testcase time="0.154000000000003" classname="table_33" name="Table_33_generation_works_with_risk_difference_column"/>
    <testcase time="0.0209999999999937" classname="table_33" name="Table_33_generation_works_with_risk_difference_column">
      <error type="error" message="Error in `group_by(., id_var, PARAMCD)`: Must group by variables found in `.data`. ('test-table_33.R:47:3')">Error in `group_by(., id_var, PARAMCD)`: Must group by variables found in `.data`.
x Column `id_var` is not found.
Backtrace:
    x
 1. +-falcon::make_table_33(advs, adsl, risk_diff = risk_diff) at test-table_33.R:47:3
 2. | \-... %&gt;% ...
 3. +-dplyr::mutate(...)
 4. +-dplyr::ungroup(.)
 5. +-dplyr::mutate(...)
 6. +-dplyr::group_by(., id_var, PARAMCD)
 7. \-dplyr:::group_by.data.frame(., id_var, PARAMCD)
 8.   \-dplyr::group_by_prepare(.data, ..., .add = .add, error_call = current_env())
 9.     \-rlang::abort(bullets, call = error_call)</error>
    </testcase>
  </testsuite>
  <testsuite name="table_34" timestamp="2023-11-09T19:54:06Z" hostname="cb5cc8c62e9a" tests="12" skipped="3" failures="0" errors="0" time="4.52">
    <testcase time="0.162000000000006" classname="table_34" name="Table_34_generation_works_with_default_values"/>
    <testcase time="0.0279999999999987" classname="table_34" name="Table_34_generation_works_with_default_values"/>
    <testcase time="1.192" classname="table_34" name="Table_34_generation_works_with_default_values"/>
    <testcase time="0.152000000000001" classname="table_34" name="Table_34_generation_works_with_default_values">
      <skipped message="Reason: On CRAN ('test-table_34.R:17:3')"/>
    </testcase>
    <testcase time="0.0150000000000006" classname="table_34" name="Table_34_generation_works_with_custom_values"/>
    <testcase time="0.0239999999999938" classname="table_34" name="Table_34_generation_works_with_custom_values"/>
    <testcase time="1.2" classname="table_34" name="Table_34_generation_works_with_custom_values"/>
    <testcase time="0.0660000000000025" classname="table_34" name="Table_34_generation_works_with_custom_values">
      <skipped message="Reason: On CRAN ('test-table_34.R:49:3')"/>
    </testcase>
    <testcase time="0.0139999999999958" classname="table_34" name="Table_34_generation_works_with_risk_difference_column"/>
    <testcase time="0.0279999999999987" classname="table_34" name="Table_34_generation_works_with_risk_difference_column"/>
    <testcase time="1.468" classname="table_34" name="Table_34_generation_works_with_risk_difference_column"/>
    <testcase time="0.170999999999999" classname="table_34" name="Table_34_generation_works_with_risk_difference_column">
      <skipped message="Reason: On CRAN ('test-table_34.R:57:3')"/>
    </testcase>
  </testsuite>
</testsuites>
