<?xml version="1.0" encoding="UTF-8"?>
<testsuites>
  <testsuite name="table_02" timestamp="2023-08-09T00:22:21Z" hostname="d0a050db7c1d" tests="21" skipped="7" failures="0" errors="0" time="8.412">
    <testcase time="0.0830000000000002" classname="table_02" name="Table_02_generation_works_with_default_values"/>
    <testcase time="0.651" classname="table_02" name="Table_02_generation_works_with_default_values"/>
    <testcase time="0.278" classname="table_02" name="Table_02_generation_works_with_default_values">
      <skipped message="Reason: On CRAN ('test-table_02.R:16:3')"/>
    </testcase>
    <testcase time="0.0859999999999994" classname="table_02" name="Table_02_generation_works_with_custom_values"/>
    <testcase time="0.453" classname="table_02" name="Table_02_generation_works_with_custom_values"/>
    <testcase time="0.245" classname="table_02" name="Table_02_generation_works_with_custom_values">
      <skipped message="Reason: On CRAN ('test-table_02.R:45:3')"/>
    </testcase>
    <testcase time="0.0640000000000001" classname="table_02" name="Table_02_generation_works_with_some_NA_values"/>
    <testcase time="0.113" classname="table_02" name="Table_02_generation_works_with_some_NA_values"/>
    <testcase time="0.0529999999999999" classname="table_02" name="Table_02_generation_works_with_some_NA_values">
      <skipped message="Reason: On CRAN ('test-table_02.R:57:3')"/>
    </testcase>
    <testcase time="0.0200000000000005" classname="table_02" name="Table_02_generation_tplyr_works_with_default_values"/>
    <testcase time="2.057" classname="table_02" name="Table_02_generation_tplyr_works_with_default_values"/>
    <testcase time="0.0389999999999997" classname="table_02" name="Table_02_generation_tplyr_works_with_default_values">
      <skipped message="Reason: On CRAN ('test-table_02.R:66:3')"/>
    </testcase>
    <testcase time="0.0179999999999998" classname="table_02" name="Table_02_generation_tplyr_works_with_tplyr_raw_TRUE"/>
    <testcase time="1.286" classname="table_02" name="Table_02_generation_tplyr_works_with_tplyr_raw_TRUE"/>
    <testcase time="0.0269999999999992" classname="table_02" name="Table_02_generation_tplyr_works_with_tplyr_raw_TRUE">
      <skipped message="Reason: On CRAN ('test-table_02.R:75:3')"/>
    </testcase>
    <testcase time="0.0500000000000007" classname="table_02" name="Table_02_generation_tplyr_works_with_custom_values"/>
    <testcase time="1.996" classname="table_02" name="Table_02_generation_tplyr_works_with_custom_values"/>
    <testcase time="0.0269999999999992" classname="table_02" name="Table_02_generation_tplyr_works_with_custom_values">
      <skipped message="Reason: On CRAN ('test-table_02.R:102:3')"/>
    </testcase>
    <testcase time="0.0410000000000004" classname="table_02" name="Table_02_generation_tplyr_works_with_some_NA_values"/>
    <testcase time="0.801" classname="table_02" name="Table_02_generation_tplyr_works_with_some_NA_values"/>
    <testcase time="0.0239999999999991" classname="table_02" name="Table_02_generation_tplyr_works_with_some_NA_values">
      <skipped message="Reason: On CRAN ('test-table_02.R:119:3')"/>
    </testcase>
  </testsuite>
  <testsuite name="table_05" timestamp="2023-08-09T00:22:29Z" hostname="d0a050db7c1d" tests="9" skipped="3" failures="0" errors="0" time="1.292">
    <testcase time="0.206000000000001" classname="table_05" name="Table_05_generation_works_with_default_values"/>
    <testcase time="0.311" classname="table_05" name="Table_05_generation_works_with_default_values"/>
    <testcase time="0.0759999999999987" classname="table_05" name="Table_05_generation_works_with_default_values">
      <skipped message="Reason: On CRAN ('test-table_05.R:10:3')"/>
    </testcase>
    <testcase time="0.0170000000000012" classname="table_05" name="Table_05_generation_works_with_custom_values"/>
    <testcase time="0.271999999999998" classname="table_05" name="Table_05_generation_works_with_custom_values"/>
    <testcase time="0.0890000000000004" classname="table_05" name="Table_05_generation_works_with_custom_values">
      <skipped message="Reason: On CRAN ('test-table_05.R:34:3')"/>
    </testcase>
    <testcase time="0.0199999999999996" classname="table_05" name="Table_05_generation_works_with_NA_values_pruned_rows"/>
    <testcase time="0.221" classname="table_05" name="Table_05_generation_works_with_NA_values_pruned_rows"/>
    <testcase time="0.0800000000000001" classname="table_05" name="Table_05_generation_works_with_NA_values_pruned_rows">
      <skipped message="Reason: On CRAN ('test-table_05.R:44:3')"/>
    </testcase>
  </testsuite>
  <testsuite name="table_06" timestamp="2023-08-09T00:22:30Z" hostname="d0a050db7c1d" tests="10" skipped="2" failures="0" errors="0" time="1.415">
    <testcase time="0.0380000000000003" classname="table_06" name="Table_06_generation_works_with_default_values"/>
    <testcase time="0.00200000000000067" classname="table_06" name="Table_06_generation_works_with_default_values"/>
    <testcase time="0.0689999999999991" classname="table_06" name="Table_06_generation_works_with_default_values"/>
    <testcase time="0.42" classname="table_06" name="Table_06_generation_works_with_default_values"/>
    <testcase time="0.109" classname="table_06" name="Table_06_generation_works_with_default_values">
      <skipped message="Reason: On CRAN ('test-table_06.R:8:3')"/>
    </testcase>
    <testcase time="0.0180000000000007" classname="table_06" name="Table_06_generation_works_with_custom_values"/>
    <testcase time="0.000999999999999446" classname="table_06" name="Table_06_generation_works_with_custom_values"/>
    <testcase time="0.0620000000000012" classname="table_06" name="Table_06_generation_works_with_custom_values"/>
    <testcase time="0.545999999999999" classname="table_06" name="Table_06_generation_works_with_custom_values"/>
    <testcase time="0.15" classname="table_06" name="Table_06_generation_works_with_custom_values">
      <skipped message="Reason: On CRAN ('test-table_06.R:40:3')"/>
    </testcase>
  </testsuite>
  <testsuite name="table_07" timestamp="2023-08-09T00:22:32Z" hostname="d0a050db7c1d" tests="18" skipped="3" failures="0" errors="0" time="1.782">
    <testcase time="0.0269999999999992" classname="table_07" name="Table_07_generation_works_with_default_values"/>
    <testcase time="0.00200000000000067" classname="table_07" name="Table_07_generation_works_with_default_values"/>
    <testcase time="0.000999999999999446" classname="table_07" name="Table_07_generation_works_with_default_values"/>
    <testcase time="0.0449999999999999" classname="table_07" name="Table_07_generation_works_with_default_values"/>
    <testcase time="0.358000000000001" classname="table_07" name="Table_07_generation_works_with_default_values"/>
    <testcase time="0.131" classname="table_07" name="Table_07_generation_works_with_default_values">
      <skipped message="Reason: On CRAN ('test-table_07.R:13:3')"/>
    </testcase>
    <testcase time="0.0179999999999989" classname="table_07" name="Table_07_generation_works_with_custom_values"/>
    <testcase time="0.00200000000000067" classname="table_07" name="Table_07_generation_works_with_custom_values"/>
    <testcase time="0.000999999999999446" classname="table_07" name="Table_07_generation_works_with_custom_values"/>
    <testcase time="0.0460000000000012" classname="table_07" name="Table_07_generation_works_with_custom_values"/>
    <testcase time="0.477" classname="table_07" name="Table_07_generation_works_with_custom_values"/>
    <testcase time="0.167999999999999" classname="table_07" name="Table_07_generation_works_with_custom_values">
      <skipped message="Reason: On CRAN ('test-table_07.R:42:3')"/>
    </testcase>
    <testcase time="0.0180000000000007" classname="table_07" name="Table_07_generation_works_with_NA_values_pruned_rows"/>
    <testcase time="0.00199999999999889" classname="table_07" name="Table_07_generation_works_with_NA_values_pruned_rows"/>
    <testcase time="0.00100000000000122" classname="table_07" name="Table_07_generation_works_with_NA_values_pruned_rows"/>
    <testcase time="0.0449999999999999" classname="table_07" name="Table_07_generation_works_with_NA_values_pruned_rows"/>
    <testcase time="0.311999999999999" classname="table_07" name="Table_07_generation_works_with_NA_values_pruned_rows"/>
    <testcase time="0.127999999999998" classname="table_07" name="Table_07_generation_works_with_NA_values_pruned_rows">
      <skipped message="Reason: On CRAN ('test-table_07.R:52:3')"/>
    </testcase>
  </testsuite>
  <testsuite name="table_08" timestamp="2023-08-09T00:22:34Z" hostname="d0a050db7c1d" tests="8" skipped="2" failures="0" errors="0" time="0.441">
    <testcase time="0.0310000000000024" classname="table_08" name="Table_08_generation_works_with_default_values"/>
    <testcase time="0.00199999999999889" classname="table_08" name="Table_08_generation_works_with_default_values"/>
    <testcase time="0.0470000000000006" classname="table_08" name="Table_08_generation_works_with_default_values"/>
    <testcase time="0.122" classname="table_08" name="Table_08_generation_works_with_default_values">
      <skipped message="Reason: On CRAN ('test-table_08.R:10:3')"/>
    </testcase>
    <testcase time="0.0189999999999984" classname="table_08" name="Table_08_generation_works_with_custom_values"/>
    <testcase time="0.00100000000000122" classname="table_08" name="Table_08_generation_works_with_custom_values"/>
    <testcase time="0.0450000000000017" classname="table_08" name="Table_08_generation_works_with_custom_values"/>
    <testcase time="0.173999999999999" classname="table_08" name="Table_08_generation_works_with_custom_values">
      <skipped message="Reason: On CRAN ('test-table_08.R:31:3')"/>
    </testcase>
  </testsuite>
  <testsuite name="table_09" timestamp="2023-08-09T00:22:34Z" hostname="d0a050db7c1d" tests="8" skipped="2" failures="0" errors="0" time="0.924">
    <testcase time="0.0229999999999997" classname="table_09" name="Table_09_generation_works_with_default_values"/>
    <testcase time="0.0459999999999994" classname="table_09" name="Table_09_generation_works_with_default_values"/>
    <testcase time="0.289000000000001" classname="table_09" name="Table_09_generation_works_with_default_values"/>
    <testcase time="0.0739999999999981" classname="table_09" name="Table_09_generation_works_with_default_values">
      <skipped message="Reason: On CRAN ('test-table_09.R:8:3')"/>
    </testcase>
    <testcase time="0.0180000000000007" classname="table_09" name="Table_09_generation_works_with_custom_values"/>
    <testcase time="0.0459999999999994" classname="table_09" name="Table_09_generation_works_with_custom_values"/>
    <testcase time="0.344999999999999" classname="table_09" name="Table_09_generation_works_with_custom_values"/>
    <testcase time="0.083000000000002" classname="table_09" name="Table_09_generation_works_with_custom_values">
      <skipped message="Reason: On CRAN ('test-table_09.R:39:3')"/>
    </testcase>
  </testsuite>
  <testsuite name="table_10" timestamp="2023-08-09T00:22:35Z" hostname="d0a050db7c1d" tests="10" skipped="2" failures="0" errors="0" time="1.045">
    <testcase time="0.0289999999999999" classname="table_10" name="Table_10_generation_works_with_default_values"/>
    <testcase time="0.00100000000000122" classname="table_10" name="Table_10_generation_works_with_default_values"/>
    <testcase time="0.046999999999997" classname="table_10" name="Table_10_generation_works_with_default_values"/>
    <testcase time="0.360000000000003" classname="table_10" name="Table_10_generation_works_with_default_values"/>
    <testcase time="0.145" classname="table_10" name="Table_10_generation_works_with_default_values">
      <skipped message="Reason: On CRAN ('test-table_10.R:17:3')"/>
    </testcase>
    <testcase time="0.0179999999999971" classname="table_10" name="Table_10_generation_works_with_custom_values"/>
    <testcase time="0.00200000000000244" classname="table_10" name="Table_10_generation_works_with_custom_values"/>
    <testcase time="0.0399999999999991" classname="table_10" name="Table_10_generation_works_with_custom_values"/>
    <testcase time="0.343" classname="table_10" name="Table_10_generation_works_with_custom_values"/>
    <testcase time="0.0599999999999987" classname="table_10" name="Table_10_generation_works_with_custom_values">
      <skipped message="Reason: On CRAN ('test-table_10.R:52:3')"/>
    </testcase>
  </testsuite>
  <testsuite name="table_11" timestamp="2023-08-09T00:22:36Z" hostname="d0a050db7c1d" tests="8" skipped="2" failures="0" errors="0" time="1.519">
    <testcase time="0.0289999999999999" classname="table_11" name="Table_11_generation_works_with_default_values"/>
    <testcase time="0.0760000000000005" classname="table_11" name="Table_11_generation_works_with_default_values"/>
    <testcase time="0.587" classname="table_11" name="Table_11_generation_works_with_default_values"/>
    <testcase time="0.140000000000001" classname="table_11" name="Table_11_generation_works_with_default_values">
      <skipped message="Reason: On CRAN ('test-table_11.R:18:3')"/>
    </testcase>
    <testcase time="0.0180000000000007" classname="table_11" name="Table_11_generation_works_with_custom_values"/>
    <testcase time="0.0579999999999998" classname="table_11" name="Table_11_generation_works_with_custom_values"/>
    <testcase time="0.542999999999999" classname="table_11" name="Table_11_generation_works_with_custom_values"/>
    <testcase time="0.0680000000000014" classname="table_11" name="Table_11_generation_works_with_custom_values">
      <skipped message="Reason: On CRAN ('test-table_11.R:48:3')"/>
    </testcase>
  </testsuite>
  <testsuite name="table_12" timestamp="2023-08-09T00:22:38Z" hostname="d0a050db7c1d" tests="8" skipped="2" failures="0" errors="0" time="2.002">
    <testcase time="0.0229999999999997" classname="table_12" name="Table_12_generation_works_with_default_values"/>
    <testcase time="0.0590000000000011" classname="table_12" name="Table_12_generation_works_with_default_values"/>
    <testcase time="0.794" classname="table_12" name="Table_12_generation_works_with_default_values"/>
    <testcase time="0.126000000000001" classname="table_12" name="Table_12_generation_works_with_default_values">
      <skipped message="Reason: On CRAN ('test-table_12.R:9:3')"/>
    </testcase>
    <testcase time="0.0179999999999971" classname="table_12" name="Table_12_generation_works_with_custom_values"/>
    <testcase time="0.0579999999999998" classname="table_12" name="Table_12_generation_works_with_custom_values"/>
    <testcase time="0.796000000000003" classname="table_12" name="Table_12_generation_works_with_custom_values"/>
    <testcase time="0.128" classname="table_12" name="Table_12_generation_works_with_custom_values">
      <skipped message="Reason: On CRAN ('test-table_12.R:39:3')"/>
    </testcase>
  </testsuite>
  <testsuite name="table_13" timestamp="2023-08-09T00:22:40Z" hostname="d0a050db7c1d" tests="8" skipped="2" failures="0" errors="0" time="0.557">
    <testcase time="0.0239999999999974" classname="table_13" name="Table_13_generation_works_with_default_values"/>
    <testcase time="0.0560000000000009" classname="table_13" name="Table_13_generation_works_with_default_values"/>
    <testcase time="0.126000000000001" classname="table_13" name="Table_13_generation_works_with_default_values"/>
    <testcase time="0.0809999999999995" classname="table_13" name="Table_13_generation_works_with_default_values">
      <skipped message="Reason: On CRAN ('test-table_13.R:8:3')"/>
    </testcase>
    <testcase time="0.0180000000000007" classname="table_13" name="Table_13_generation_works_with_custom_values"/>
    <testcase time="0.0549999999999997" classname="table_13" name="Table_13_generation_works_with_custom_values"/>
    <testcase time="0.147000000000002" classname="table_13" name="Table_13_generation_works_with_custom_values"/>
    <testcase time="0.0500000000000007" classname="table_13" name="Table_13_generation_works_with_custom_values">
      <skipped message="Reason: On CRAN ('test-table_13.R:38:3')"/>
    </testcase>
  </testsuite>
  <testsuite name="table_14" timestamp="2023-08-09T00:22:40Z" hostname="d0a050db7c1d" tests="10" skipped="3" failures="0" errors="0" time="2.536">
    <testcase time="0.032" classname="table_14" name="Table_14_generation_works_with_default_values"/>
    <testcase time="0.571000000000002" classname="table_14" name="Table_14_generation_works_with_default_values"/>
    <testcase time="0.163" classname="table_14" name="Table_14_generation_works_with_default_values">
      <skipped message="Reason: On CRAN ('test-table_14.R:16:3')"/>
    </testcase>
    <testcase time="0.0180000000000007" classname="table_14" name="Table_14_generation_works_with_custom_values"/>
    <testcase time="0.0579999999999998" classname="table_14" name="Table_14_generation_works_with_custom_values"/>
    <testcase time="0.613" classname="table_14" name="Table_14_generation_works_with_custom_values"/>
    <testcase time="0.16" classname="table_14" name="Table_14_generation_works_with_custom_values">
      <skipped message="Reason: On CRAN ('test-table_14.R:46:3')"/>
    </testcase>
    <testcase time="0.0239999999999974" classname="table_14" name="Table_14_generation_works_with_NA_values_pruned_rows"/>
    <testcase time="0.783000000000001" classname="table_14" name="Table_14_generation_works_with_NA_values_pruned_rows"/>
    <testcase time="0.114000000000001" classname="table_14" name="Table_14_generation_works_with_NA_values_pruned_rows">
      <skipped message="Reason: On CRAN ('test-table_14.R:53:3')"/>
    </testcase>
  </testsuite>
  <testsuite name="table_20" timestamp="2023-08-09T00:22:43Z" hostname="d0a050db7c1d" tests="18" skipped="3" failures="0" errors="0" time="1.824">
    <testcase time="0.0279999999999987" classname="table_20" name="Table_20_generation_works_with_default_values"/>
    <testcase time="0.00200000000000244" classname="table_20" name="Table_20_generation_works_with_default_values"/>
    <testcase time="0.000999999999997669" classname="table_20" name="Table_20_generation_works_with_default_values"/>
    <testcase time="0.0489999999999995" classname="table_20" name="Table_20_generation_works_with_default_values"/>
    <testcase time="0.369" classname="table_20" name="Table_20_generation_works_with_default_values"/>
    <testcase time="0.0910000000000011" classname="table_20" name="Table_20_generation_works_with_default_values">
      <skipped message="Reason: On CRAN ('test-table_20.R:17:3')"/>
    </testcase>
    <testcase time="0.0180000000000007" classname="table_20" name="Table_20_generation_works_with_custom_values"/>
    <testcase time="0.00199999999999889" classname="table_20" name="Table_20_generation_works_with_custom_values"/>
    <testcase time="0.00100000000000122" classname="table_20" name="Table_20_generation_works_with_custom_values"/>
    <testcase time="0.0489999999999995" classname="table_20" name="Table_20_generation_works_with_custom_values"/>
    <testcase time="0.582000000000001" classname="table_20" name="Table_20_generation_works_with_custom_values"/>
    <testcase time="0.117000000000001" classname="table_20" name="Table_20_generation_works_with_custom_values">
      <skipped message="Reason: On CRAN ('test-table_20.R:65:3')"/>
    </testcase>
    <testcase time="0.0189999999999984" classname="table_20" name="Table_20_generation_works_with_missing_values_pruned_rows"/>
    <testcase time="0.00199999999999889" classname="table_20" name="Table_20_generation_works_with_missing_values_pruned_rows"/>
    <testcase time="0.00100000000000122" classname="table_20" name="Table_20_generation_works_with_missing_values_pruned_rows"/>
    <testcase time="0.0500000000000007" classname="table_20" name="Table_20_generation_works_with_missing_values_pruned_rows"/>
    <testcase time="0.358000000000001" classname="table_20" name="Table_20_generation_works_with_missing_values_pruned_rows"/>
    <testcase time="0.0849999999999973" classname="table_20" name="Table_20_generation_works_with_missing_values_pruned_rows">
      <skipped message="Reason: On CRAN ('test-table_20.R:74:3')"/>
    </testcase>
  </testsuite>
  <testsuite name="table_32" timestamp="2023-08-09T00:22:44Z" hostname="d0a050db7c1d" tests="12" skipped="3" failures="0" errors="0" time="0.769">
    <testcase time="0.0240000000000009" classname="table_32" name="Table_32_generation_works_with_default_values"/>
    <testcase time="0.0570000000000022" classname="table_32" name="Table_32_generation_works_with_default_values"/>
    <testcase time="0.128" classname="table_32" name="Table_32_generation_works_with_default_values"/>
    <testcase time="0.0470000000000006" classname="table_32" name="Table_32_generation_works_with_default_values">
      <skipped message="Reason: On CRAN ('test-table_32.R:8:3')"/>
    </testcase>
    <testcase time="0.0169999999999995" classname="table_32" name="Table_32_generation_works_with_custom_values"/>
    <testcase time="0.0579999999999998" classname="table_32" name="Table_32_generation_works_with_custom_values"/>
    <testcase time="0.141000000000002" classname="table_32" name="Table_32_generation_works_with_custom_values"/>
    <testcase time="0.0640000000000001" classname="table_32" name="Table_32_generation_works_with_custom_values">
      <skipped message="Reason: On CRAN ('test-table_32.R:30:3')"/>
    </testcase>
    <testcase time="0.0179999999999971" classname="table_32" name="Table_32_generation_works_with_pruned_rows"/>
    <testcase time="0.0580000000000034" classname="table_32" name="Table_32_generation_works_with_pruned_rows"/>
    <testcase time="0.120999999999999" classname="table_32" name="Table_32_generation_works_with_pruned_rows"/>
    <testcase time="0.0360000000000014" classname="table_32" name="Table_32_generation_works_with_pruned_rows">
      <skipped message="Reason: On CRAN ('test-table_32.R:37:3')"/>
    </testcase>
  </testsuite>
  <testsuite name="table_33" timestamp="2023-08-09T00:22:45Z" hostname="d0a050db7c1d" tests="12" skipped="3" failures="0" errors="0" time="1.299">
    <testcase time="0.0239999999999974" classname="table_33" name="Table_33_generation_works_with_default_values"/>
    <testcase time="0.27" classname="table_33" name="Table_33_generation_works_with_default_values"/>
    <testcase time="0.103000000000002" classname="table_33" name="Table_33_generation_works_with_default_values"/>
    <testcase time="0.0360000000000014" classname="table_33" name="Table_33_generation_works_with_default_values">
      <skipped message="Reason: On CRAN ('test-table_33.R:8:3')"/>
    </testcase>
    <testcase time="0.0179999999999971" classname="table_33" name="Table_33_generation_works_with_custom_values"/>
    <testcase time="0.267000000000003" classname="table_33" name="Table_33_generation_works_with_custom_values"/>
    <testcase time="0.119999999999997" classname="table_33" name="Table_33_generation_works_with_custom_values"/>
    <testcase time="0.0510000000000019" classname="table_33" name="Table_33_generation_works_with_custom_values">
      <skipped message="Reason: On CRAN ('test-table_33.R:34:3')"/>
    </testcase>
    <testcase time="0.0189999999999984" classname="table_33" name="Table_33_generation_works_with_pruned_rows"/>
    <testcase time="0.263999999999999" classname="table_33" name="Table_33_generation_works_with_pruned_rows"/>
    <testcase time="0.0960000000000001" classname="table_33" name="Table_33_generation_works_with_pruned_rows"/>
    <testcase time="0.0310000000000024" classname="table_33" name="Table_33_generation_works_with_pruned_rows">
      <skipped message="Reason: On CRAN ('test-table_33.R:42:3')"/>
    </testcase>
  </testsuite>
</testsuites>
