<?xml version="1.0" encoding="UTF-8"?>
<testsuites>
  <testsuite name="table_02" timestamp="2023-08-03T04:49:52Z" hostname="f49bf1e3b5be" tests="9" skipped="3" failures="0" errors="0" time="1.824">
    <testcase time="0.0600000000000001" classname="table_02" name="Table_02_generation_works_with_default_values"/>
    <testcase time="0.608" classname="table_02" name="Table_02_generation_works_with_default_values"/>
    <testcase time="0.224" classname="table_02" name="Table_02_generation_works_with_default_values">
      <skipped message="Reason: On CRAN ('test-table_02.R:16:3')"/>
    </testcase>
    <testcase time="0.101" classname="table_02" name="Table_02_generation_works_with_custom_values"/>
    <testcase time="0.407" classname="table_02" name="Table_02_generation_works_with_custom_values"/>
    <testcase time="0.219" classname="table_02" name="Table_02_generation_works_with_custom_values">
      <skipped message="Reason: On CRAN ('test-table_02.R:45:3')"/>
    </testcase>
    <testcase time="0.0579999999999998" classname="table_02" name="Table_02_generation_works_with_some_NA_values"/>
    <testcase time="0.0979999999999999" classname="table_02" name="Table_02_generation_works_with_some_NA_values"/>
    <testcase time="0.0490000000000004" classname="table_02" name="Table_02_generation_works_with_some_NA_values">
      <skipped message="Reason: On CRAN ('test-table_02.R:57:3')"/>
    </testcase>
  </testsuite>
  <testsuite name="table_05" timestamp="2023-08-03T04:49:54Z" hostname="f49bf1e3b5be" tests="9" skipped="3" failures="0" errors="0" time="1.184">
    <testcase time="0.189" classname="table_05" name="Table_05_generation_works_with_default_values"/>
    <testcase time="0.29" classname="table_05" name="Table_05_generation_works_with_default_values"/>
    <testcase time="0.0720000000000001" classname="table_05" name="Table_05_generation_works_with_default_values">
      <skipped message="Reason: On CRAN ('test-table_05.R:10:3')"/>
    </testcase>
    <testcase time="0.016" classname="table_05" name="Table_05_generation_works_with_custom_values"/>
    <testcase time="0.257" classname="table_05" name="Table_05_generation_works_with_custom_values"/>
    <testcase time="0.085" classname="table_05" name="Table_05_generation_works_with_custom_values">
      <skipped message="Reason: On CRAN ('test-table_05.R:34:3')"/>
    </testcase>
    <testcase time="0.0179999999999998" classname="table_05" name="Table_05_generation_works_with_NA_values_pruned_rows"/>
    <testcase time="0.187" classname="table_05" name="Table_05_generation_works_with_NA_values_pruned_rows"/>
    <testcase time="0.0700000000000003" classname="table_05" name="Table_05_generation_works_with_NA_values_pruned_rows">
      <skipped message="Reason: On CRAN ('test-table_05.R:44:3')"/>
    </testcase>
  </testsuite>
  <testsuite name="table_06" timestamp="2023-08-03T04:49:55Z" hostname="f49bf1e3b5be" tests="10" skipped="2" failures="0" errors="0" time="1.523">
    <testcase time="0.0369999999999999" classname="table_06" name="Table_06_generation_works_with_default_values"/>
    <testcase time="0.000999999999999446" classname="table_06" name="Table_06_generation_works_with_default_values"/>
    <testcase time="0.0610000000000008" classname="table_06" name="Table_06_generation_works_with_default_values"/>
    <testcase time="0.393" classname="table_06" name="Table_06_generation_works_with_default_values"/>
    <testcase time="0.0999999999999996" classname="table_06" name="Table_06_generation_works_with_default_values">
      <skipped message="Reason: On CRAN ('test-table_06.R:8:3')"/>
    </testcase>
    <testcase time="0.0170000000000003" classname="table_06" name="Table_06_generation_works_with_custom_values"/>
    <testcase time="0.000999999999999446" classname="table_06" name="Table_06_generation_works_with_custom_values"/>
    <testcase time="0.0570000000000004" classname="table_06" name="Table_06_generation_works_with_custom_values"/>
    <testcase time="0.727" classname="table_06" name="Table_06_generation_works_with_custom_values"/>
    <testcase time="0.129" classname="table_06" name="Table_06_generation_works_with_custom_values">
      <skipped message="Reason: On CRAN ('test-table_06.R:40:3')"/>
    </testcase>
  </testsuite>
  <testsuite name="table_07" timestamp="2023-08-03T04:49:56Z" hostname="f49bf1e3b5be" tests="18" skipped="3" failures="0" errors="0" time="1.562">
    <testcase time="0.0250000000000004" classname="table_07" name="Table_07_generation_works_with_default_values"/>
    <testcase time="0.000999999999999446" classname="table_07" name="Table_07_generation_works_with_default_values"/>
    <testcase time="0.00100000000000033" classname="table_07" name="Table_07_generation_works_with_default_values"/>
    <testcase time="0.0389999999999997" classname="table_07" name="Table_07_generation_works_with_default_values"/>
    <testcase time="0.314" classname="table_07" name="Table_07_generation_works_with_default_values"/>
    <testcase time="0.114" classname="table_07" name="Table_07_generation_works_with_default_values">
      <skipped message="Reason: On CRAN ('test-table_07.R:13:3')"/>
    </testcase>
    <testcase time="0.016" classname="table_07" name="Table_07_generation_works_with_custom_values"/>
    <testcase time="0.00100000000000033" classname="table_07" name="Table_07_generation_works_with_custom_values"/>
    <testcase time="0.00100000000000033" classname="table_07" name="Table_07_generation_works_with_custom_values"/>
    <testcase time="0.04" classname="table_07" name="Table_07_generation_works_with_custom_values"/>
    <testcase time="0.41" classname="table_07" name="Table_07_generation_works_with_custom_values"/>
    <testcase time="0.145" classname="table_07" name="Table_07_generation_works_with_custom_values">
      <skipped message="Reason: On CRAN ('test-table_07.R:42:3')"/>
    </testcase>
    <testcase time="0.0169999999999995" classname="table_07" name="Table_07_generation_works_with_NA_values_pruned_rows"/>
    <testcase time="0.00100000000000122" classname="table_07" name="Table_07_generation_works_with_NA_values_pruned_rows"/>
    <testcase time="0.000999999999999446" classname="table_07" name="Table_07_generation_works_with_NA_values_pruned_rows"/>
    <testcase time="0.0399999999999991" classname="table_07" name="Table_07_generation_works_with_NA_values_pruned_rows"/>
    <testcase time="0.279" classname="table_07" name="Table_07_generation_works_with_NA_values_pruned_rows"/>
    <testcase time="0.117000000000001" classname="table_07" name="Table_07_generation_works_with_NA_values_pruned_rows">
      <skipped message="Reason: On CRAN ('test-table_07.R:52:3')"/>
    </testcase>
  </testsuite>
  <testsuite name="table_08" timestamp="2023-08-03T04:49:58Z" hostname="f49bf1e3b5be" tests="8" skipped="2" failures="0" errors="0" time="0.383">
    <testcase time="0.0229999999999997" classname="table_08" name="Table_08_generation_works_with_default_values"/>
    <testcase time="0.000999999999999446" classname="table_08" name="Table_08_generation_works_with_default_values"/>
    <testcase time="0.0460000000000012" classname="table_08" name="Table_08_generation_works_with_default_values"/>
    <testcase time="0.105" classname="table_08" name="Table_08_generation_works_with_default_values">
      <skipped message="Reason: On CRAN ('test-table_08.R:10:3')"/>
    </testcase>
    <testcase time="0.016" classname="table_08" name="Table_08_generation_works_with_custom_values"/>
    <testcase time="0.000999999999999446" classname="table_08" name="Table_08_generation_works_with_custom_values"/>
    <testcase time="0.0399999999999991" classname="table_08" name="Table_08_generation_works_with_custom_values"/>
    <testcase time="0.151" classname="table_08" name="Table_08_generation_works_with_custom_values">
      <skipped message="Reason: On CRAN ('test-table_08.R:31:3')"/>
    </testcase>
  </testsuite>
  <testsuite name="table_09" timestamp="2023-08-03T04:49:58Z" hostname="f49bf1e3b5be" tests="8" skipped="2" failures="0" errors="0" time="0.854">
    <testcase time="0.0200000000000014" classname="table_09" name="Table_09_generation_works_with_default_values"/>
    <testcase time="0.0409999999999986" classname="table_09" name="Table_09_generation_works_with_default_values"/>
    <testcase time="0.258000000000001" classname="table_09" name="Table_09_generation_works_with_default_values"/>
    <testcase time="0.0609999999999999" classname="table_09" name="Table_09_generation_works_with_default_values">
      <skipped message="Reason: On CRAN ('test-table_09.R:8:3')"/>
    </testcase>
    <testcase time="0.0169999999999995" classname="table_09" name="Table_09_generation_works_with_custom_values"/>
    <testcase time="0.0670000000000002" classname="table_09" name="Table_09_generation_works_with_custom_values"/>
    <testcase time="0.322000000000001" classname="table_09" name="Table_09_generation_works_with_custom_values"/>
    <testcase time="0.0679999999999996" classname="table_09" name="Table_09_generation_works_with_custom_values">
      <skipped message="Reason: On CRAN ('test-table_09.R:39:3')"/>
    </testcase>
  </testsuite>
  <testsuite name="table_13" timestamp="2023-08-03T04:49:59Z" hostname="f49bf1e3b5be" tests="8" skipped="2" failures="0" errors="0" time="0.51">
    <testcase time="0.020999999999999" classname="table_13" name="Table_13_generation_works_with_default_values"/>
    <testcase time="0.0510000000000002" classname="table_13" name="Table_13_generation_works_with_default_values"/>
    <testcase time="0.122" classname="table_13" name="Table_13_generation_works_with_default_values"/>
    <testcase time="0.0609999999999999" classname="table_13" name="Table_13_generation_works_with_default_values">
      <skipped message="Reason: On CRAN ('test-table_13.R:8:3')"/>
    </testcase>
    <testcase time="0.0170000000000012" classname="table_13" name="Table_13_generation_works_with_custom_values"/>
    <testcase time="0.0499999999999989" classname="table_13" name="Table_13_generation_works_with_custom_values"/>
    <testcase time="0.133000000000001" classname="table_13" name="Table_13_generation_works_with_custom_values"/>
    <testcase time="0.0549999999999997" classname="table_13" name="Table_13_generation_works_with_custom_values">
      <skipped message="Reason: On CRAN ('test-table_13.R:38:3')"/>
    </testcase>
  </testsuite>
  <testsuite name="table_14" timestamp="2023-08-03T04:49:59Z" hostname="f49bf1e3b5be" tests="10" skipped="3" failures="0" errors="0" time="2.023">
    <testcase time="0.032" classname="table_14" name="Table_14_generation_works_with_default_values"/>
    <testcase time="0.492000000000001" classname="table_14" name="Table_14_generation_works_with_default_values"/>
    <testcase time="0.138999999999999" classname="table_14" name="Table_14_generation_works_with_default_values">
      <skipped message="Reason: On CRAN ('test-table_14.R:16:3')"/>
    </testcase>
    <testcase time="0.016" classname="table_14" name="Table_14_generation_works_with_custom_values"/>
    <testcase time="0.0519999999999996" classname="table_14" name="Table_14_generation_works_with_custom_values"/>
    <testcase time="0.529999999999999" classname="table_14" name="Table_14_generation_works_with_custom_values"/>
    <testcase time="0.139000000000001" classname="table_14" name="Table_14_generation_works_with_custom_values">
      <skipped message="Reason: On CRAN ('test-table_14.R:46:3')"/>
    </testcase>
    <testcase time="0.016" classname="table_14" name="Table_14_generation_works_with_NA_values_pruned_rows"/>
    <testcase time="0.501999999999999" classname="table_14" name="Table_14_generation_works_with_NA_values_pruned_rows"/>
    <testcase time="0.105" classname="table_14" name="Table_14_generation_works_with_NA_values_pruned_rows">
      <skipped message="Reason: On CRAN ('test-table_14.R:53:3')"/>
    </testcase>
  </testsuite>
  <testsuite name="table_20" timestamp="2023-08-03T04:50:01Z" hostname="f49bf1e3b5be" tests="18" skipped="3" failures="0" errors="0" time="1.671">
    <testcase time="0.0259999999999998" classname="table_20" name="Table_20_generation_works_with_default_values"/>
    <testcase time="0.00100000000000122" classname="table_20" name="Table_20_generation_works_with_default_values"/>
    <testcase time="0.000999999999999446" classname="table_20" name="Table_20_generation_works_with_default_values"/>
    <testcase time="0.0440000000000005" classname="table_20" name="Table_20_generation_works_with_default_values"/>
    <testcase time="0.343" classname="table_20" name="Table_20_generation_works_with_default_values"/>
    <testcase time="0.0809999999999995" classname="table_20" name="Table_20_generation_works_with_default_values">
      <skipped message="Reason: On CRAN ('test-table_20.R:17:3')"/>
    </testcase>
    <testcase time="0.0169999999999995" classname="table_20" name="Table_20_generation_works_with_custom_values"/>
    <testcase time="0.00100000000000122" classname="table_20" name="Table_20_generation_works_with_custom_values"/>
    <testcase time="0.000999999999999446" classname="table_20" name="Table_20_generation_works_with_custom_values"/>
    <testcase time="0.0449999999999999" classname="table_20" name="Table_20_generation_works_with_custom_values"/>
    <testcase time="0.528" classname="table_20" name="Table_20_generation_works_with_custom_values"/>
    <testcase time="0.116" classname="table_20" name="Table_20_generation_works_with_custom_values">
      <skipped message="Reason: On CRAN ('test-table_20.R:65:3')"/>
    </testcase>
    <testcase time="0.0169999999999995" classname="table_20" name="Table_20_generation_works_with_missing_values_pruned_rows"/>
    <testcase time="0.00100000000000122" classname="table_20" name="Table_20_generation_works_with_missing_values_pruned_rows"/>
    <testcase time="0.000999999999999446" classname="table_20" name="Table_20_generation_works_with_missing_values_pruned_rows"/>
    <testcase time="0.0440000000000005" classname="table_20" name="Table_20_generation_works_with_missing_values_pruned_rows"/>
    <testcase time="0.324999999999999" classname="table_20" name="Table_20_generation_works_with_missing_values_pruned_rows"/>
    <testcase time="0.0790000000000006" classname="table_20" name="Table_20_generation_works_with_missing_values_pruned_rows">
      <skipped message="Reason: On CRAN ('test-table_20.R:74:3')"/>
    </testcase>
  </testsuite>
  <testsuite name="table_32" timestamp="2023-08-03T04:50:03Z" hostname="f49bf1e3b5be" tests="12" skipped="3" failures="0" errors="0" time="0.735">
    <testcase time="0.020999999999999" classname="table_32" name="Table_32_generation_works_with_default_values"/>
    <testcase time="0.0640000000000001" classname="table_32" name="Table_32_generation_works_with_default_values"/>
    <testcase time="0.107000000000001" classname="table_32" name="Table_32_generation_works_with_default_values"/>
    <testcase time="0.0439999999999987" classname="table_32" name="Table_32_generation_works_with_default_values">
      <skipped message="Reason: On CRAN ('test-table_32.R:8:3')"/>
    </testcase>
    <testcase time="0.0170000000000012" classname="table_32" name="Table_32_generation_works_with_custom_values"/>
    <testcase time="0.0749999999999993" classname="table_32" name="Table_32_generation_works_with_custom_values"/>
    <testcase time="0.132" classname="table_32" name="Table_32_generation_works_with_custom_values"/>
    <testcase time="0.0519999999999996" classname="table_32" name="Table_32_generation_works_with_custom_values">
      <skipped message="Reason: On CRAN ('test-table_32.R:30:3')"/>
    </testcase>
    <testcase time="0.0170000000000012" classname="table_32" name="Table_32_generation_works_with_pruned_rows"/>
    <testcase time="0.0649999999999995" classname="table_32" name="Table_32_generation_works_with_pruned_rows"/>
    <testcase time="0.109" classname="table_32" name="Table_32_generation_works_with_pruned_rows"/>
    <testcase time="0.032" classname="table_32" name="Table_32_generation_works_with_pruned_rows">
      <skipped message="Reason: On CRAN ('test-table_32.R:37:3')"/>
    </testcase>
  </testsuite>
  <testsuite name="table_33" timestamp="2023-08-03T04:50:04Z" hostname="f49bf1e3b5be" tests="12" skipped="3" failures="0" errors="0" time="1.22">
    <testcase time="0.0210000000000008" classname="table_33" name="Table_33_generation_works_with_default_values"/>
    <testcase time="0.247" classname="table_33" name="Table_33_generation_works_with_default_values"/>
    <testcase time="0.0909999999999993" classname="table_33" name="Table_33_generation_works_with_default_values"/>
    <testcase time="0.0330000000000013" classname="table_33" name="Table_33_generation_works_with_default_values">
      <skipped message="Reason: On CRAN ('test-table_33.R:8:3')"/>
    </testcase>
    <testcase time="0.0169999999999995" classname="table_33" name="Table_33_generation_works_with_custom_values"/>
    <testcase time="0.247" classname="table_33" name="Table_33_generation_works_with_custom_values"/>
    <testcase time="0.135999999999999" classname="table_33" name="Table_33_generation_works_with_custom_values"/>
    <testcase time="0.0400000000000009" classname="table_33" name="Table_33_generation_works_with_custom_values">
      <skipped message="Reason: On CRAN ('test-table_33.R:34:3')"/>
    </testcase>
    <testcase time="0.0169999999999995" classname="table_33" name="Table_33_generation_works_with_pruned_rows"/>
    <testcase time="0.253" classname="table_33" name="Table_33_generation_works_with_pruned_rows"/>
    <testcase time="0.0889999999999986" classname="table_33" name="Table_33_generation_works_with_pruned_rows"/>
    <testcase time="0.0289999999999999" classname="table_33" name="Table_33_generation_works_with_pruned_rows">
      <skipped message="Reason: On CRAN ('test-table_33.R:42:3')"/>
    </testcase>
  </testsuite>
</testsuites>
