<?xml version="1.0" encoding="UTF-8"?>
<testsuites>
  <testsuite name="table_02" timestamp="2023-08-03T05:06:21Z" hostname="62bfce9c309b" tests="21" skipped="7" failures="0" errors="0" time="6.678">
    <testcase time="0.0620000000000003" classname="table_02" name="Table_02_generation_works_with_default_values"/>
    <testcase time="0.494" classname="table_02" name="Table_02_generation_works_with_default_values"/>
    <testcase time="0.217" classname="table_02" name="Table_02_generation_works_with_default_values">
      <skipped message="Reason: On CRAN ('test-table_02.R:16:3')"/>
    </testcase>
    <testcase time="0.0659999999999998" classname="table_02" name="Table_02_generation_works_with_custom_values"/>
    <testcase time="0.356" classname="table_02" name="Table_02_generation_works_with_custom_values"/>
    <testcase time="0.193" classname="table_02" name="Table_02_generation_works_with_custom_values">
      <skipped message="Reason: On CRAN ('test-table_02.R:45:3')"/>
    </testcase>
    <testcase time="0.048" classname="table_02" name="Table_02_generation_works_with_some_NA_values"/>
    <testcase time="0.0880000000000001" classname="table_02" name="Table_02_generation_works_with_some_NA_values"/>
    <testcase time="0.0419999999999998" classname="table_02" name="Table_02_generation_works_with_some_NA_values">
      <skipped message="Reason: On CRAN ('test-table_02.R:57:3')"/>
    </testcase>
    <testcase time="0.0149999999999997" classname="table_02" name="Table_02_generation_tplyr_works_with_default_values"/>
    <testcase time="1.64" classname="table_02" name="Table_02_generation_tplyr_works_with_default_values"/>
    <testcase time="0.0309999999999997" classname="table_02" name="Table_02_generation_tplyr_works_with_default_values">
      <skipped message="Reason: On CRAN ('test-table_02.R:66:3')"/>
    </testcase>
    <testcase time="0.0140000000000002" classname="table_02" name="Table_02_generation_tplyr_works_with_tplyr_raw_TRUE"/>
    <testcase time="1.041" classname="table_02" name="Table_02_generation_tplyr_works_with_tplyr_raw_TRUE"/>
    <testcase time="0.0200000000000005" classname="table_02" name="Table_02_generation_tplyr_works_with_tplyr_raw_TRUE">
      <skipped message="Reason: On CRAN ('test-table_02.R:75:3')"/>
    </testcase>
    <testcase time="0.0379999999999994" classname="table_02" name="Table_02_generation_tplyr_works_with_custom_values"/>
    <testcase time="1.601" classname="table_02" name="Table_02_generation_tplyr_works_with_custom_values"/>
    <testcase time="0.020999999999999" classname="table_02" name="Table_02_generation_tplyr_works_with_custom_values">
      <skipped message="Reason: On CRAN ('test-table_02.R:102:3')"/>
    </testcase>
    <testcase time="0.0300000000000011" classname="table_02" name="Table_02_generation_tplyr_works_with_some_NA_values"/>
    <testcase time="0.641" classname="table_02" name="Table_02_generation_tplyr_works_with_some_NA_values"/>
    <testcase time="0.0199999999999996" classname="table_02" name="Table_02_generation_tplyr_works_with_some_NA_values">
      <skipped message="Reason: On CRAN ('test-table_02.R:119:3')"/>
    </testcase>
  </testsuite>
  <testsuite name="table_05" timestamp="2023-08-03T05:06:27Z" hostname="62bfce9c309b" tests="9" skipped="3" failures="0" errors="0" time="1.021">
    <testcase time="0.161" classname="table_05" name="Table_05_generation_works_with_default_values"/>
    <testcase time="0.24" classname="table_05" name="Table_05_generation_works_with_default_values"/>
    <testcase time="0.0619999999999994" classname="table_05" name="Table_05_generation_works_with_default_values">
      <skipped message="Reason: On CRAN ('test-table_05.R:10:3')"/>
    </testcase>
    <testcase time="0.0140000000000011" classname="table_05" name="Table_05_generation_works_with_custom_values"/>
    <testcase time="0.216999999999999" classname="table_05" name="Table_05_generation_works_with_custom_values"/>
    <testcase time="0.0710000000000015" classname="table_05" name="Table_05_generation_works_with_custom_values">
      <skipped message="Reason: On CRAN ('test-table_05.R:34:3')"/>
    </testcase>
    <testcase time="0.016" classname="table_05" name="Table_05_generation_works_with_NA_values_pruned_rows"/>
    <testcase time="0.176" classname="table_05" name="Table_05_generation_works_with_NA_values_pruned_rows"/>
    <testcase time="0.0639999999999983" classname="table_05" name="Table_05_generation_works_with_NA_values_pruned_rows">
      <skipped message="Reason: On CRAN ('test-table_05.R:44:3')"/>
    </testcase>
  </testsuite>
  <testsuite name="table_06" timestamp="2023-08-03T05:06:28Z" hostname="62bfce9c309b" tests="10" skipped="2" failures="0" errors="0" time="1.123">
    <testcase time="0.0310000000000006" classname="table_06" name="Table_06_generation_works_with_default_values"/>
    <testcase time="0.000999999999999446" classname="table_06" name="Table_06_generation_works_with_default_values"/>
    <testcase time="0.0510000000000002" classname="table_06" name="Table_06_generation_works_with_default_values"/>
    <testcase time="0.337000000000002" classname="table_06" name="Table_06_generation_works_with_default_values"/>
    <testcase time="0.0869999999999997" classname="table_06" name="Table_06_generation_works_with_default_values">
      <skipped message="Reason: On CRAN ('test-table_06.R:8:3')"/>
    </testcase>
    <testcase time="0.0139999999999993" classname="table_06" name="Table_06_generation_works_with_custom_values"/>
    <testcase time="0.00200000000000067" classname="table_06" name="Table_06_generation_works_with_custom_values"/>
    <testcase time="0.0429999999999993" classname="table_06" name="Table_06_generation_works_with_custom_values"/>
    <testcase time="0.439" classname="table_06" name="Table_06_generation_works_with_custom_values"/>
    <testcase time="0.118" classname="table_06" name="Table_06_generation_works_with_custom_values">
      <skipped message="Reason: On CRAN ('test-table_06.R:40:3')"/>
    </testcase>
  </testsuite>
  <testsuite name="table_07" timestamp="2023-08-03T05:06:29Z" hostname="62bfce9c309b" tests="18" skipped="3" failures="0" errors="0" time="1.41">
    <testcase time="0.0220000000000002" classname="table_07" name="Table_07_generation_works_with_default_values"/>
    <testcase time="0.000999999999999446" classname="table_07" name="Table_07_generation_works_with_default_values"/>
    <testcase time="0.000999999999999446" classname="table_07" name="Table_07_generation_works_with_default_values"/>
    <testcase time="0.032" classname="table_07" name="Table_07_generation_works_with_default_values"/>
    <testcase time="0.287000000000001" classname="table_07" name="Table_07_generation_works_with_default_values"/>
    <testcase time="0.105" classname="table_07" name="Table_07_generation_works_with_default_values">
      <skipped message="Reason: On CRAN ('test-table_07.R:13:3')"/>
    </testcase>
    <testcase time="0.0149999999999988" classname="table_07" name="Table_07_generation_works_with_custom_values"/>
    <testcase time="0.00100000000000122" classname="table_07" name="Table_07_generation_works_with_custom_values"/>
    <testcase time="0.000999999999999446" classname="table_07" name="Table_07_generation_works_with_custom_values"/>
    <testcase time="0.032" classname="table_07" name="Table_07_generation_works_with_custom_values"/>
    <testcase time="0.382" classname="table_07" name="Table_07_generation_works_with_custom_values"/>
    <testcase time="0.123000000000001" classname="table_07" name="Table_07_generation_works_with_custom_values">
      <skipped message="Reason: On CRAN ('test-table_07.R:42:3')"/>
    </testcase>
    <testcase time="0.0139999999999993" classname="table_07" name="Table_07_generation_works_with_NA_values_pruned_rows"/>
    <testcase time="0.00100000000000122" classname="table_07" name="Table_07_generation_works_with_NA_values_pruned_rows"/>
    <testcase time="0.000999999999999446" classname="table_07" name="Table_07_generation_works_with_NA_values_pruned_rows"/>
    <testcase time="0.032" classname="table_07" name="Table_07_generation_works_with_NA_values_pruned_rows"/>
    <testcase time="0.26" classname="table_07" name="Table_07_generation_works_with_NA_values_pruned_rows"/>
    <testcase time="0.0999999999999996" classname="table_07" name="Table_07_generation_works_with_NA_values_pruned_rows">
      <skipped message="Reason: On CRAN ('test-table_07.R:52:3')"/>
    </testcase>
  </testsuite>
  <testsuite name="table_08" timestamp="2023-08-03T05:06:31Z" hostname="62bfce9c309b" tests="8" skipped="2" failures="0" errors="0" time="0.355">
    <testcase time="0.0190000000000001" classname="table_08" name="Table_08_generation_works_with_default_values"/>
    <testcase time="0.000999999999999446" classname="table_08" name="Table_08_generation_works_with_default_values"/>
    <testcase time="0.0359999999999996" classname="table_08" name="Table_08_generation_works_with_default_values"/>
    <testcase time="0.108000000000001" classname="table_08" name="Table_08_generation_works_with_default_values">
      <skipped message="Reason: On CRAN ('test-table_08.R:10:3')"/>
    </testcase>
    <testcase time="0.0139999999999993" classname="table_08" name="Table_08_generation_works_with_custom_values"/>
    <testcase time="0.000999999999999446" classname="table_08" name="Table_08_generation_works_with_custom_values"/>
    <testcase time="0.0350000000000001" classname="table_08" name="Table_08_generation_works_with_custom_values"/>
    <testcase time="0.141" classname="table_08" name="Table_08_generation_works_with_custom_values">
      <skipped message="Reason: On CRAN ('test-table_08.R:31:3')"/>
    </testcase>
  </testsuite>
  <testsuite name="table_09" timestamp="2023-08-03T05:06:31Z" hostname="62bfce9c309b" tests="8" skipped="2" failures="0" errors="0" time="0.738">
    <testcase time="0.0190000000000001" classname="table_09" name="Table_09_generation_works_with_default_values"/>
    <testcase time="0.032" classname="table_09" name="Table_09_generation_works_with_default_values"/>
    <testcase time="0.236000000000001" classname="table_09" name="Table_09_generation_works_with_default_values"/>
    <testcase time="0.0530000000000008" classname="table_09" name="Table_09_generation_works_with_default_values">
      <skipped message="Reason: On CRAN ('test-table_09.R:8:3')"/>
    </testcase>
    <testcase time="0.0149999999999988" classname="table_09" name="Table_09_generation_works_with_custom_values"/>
    <testcase time="0.0389999999999997" classname="table_09" name="Table_09_generation_works_with_custom_values"/>
    <testcase time="0.283000000000001" classname="table_09" name="Table_09_generation_works_with_custom_values"/>
    <testcase time="0.0609999999999999" classname="table_09" name="Table_09_generation_works_with_custom_values">
      <skipped message="Reason: On CRAN ('test-table_09.R:39:3')"/>
    </testcase>
  </testsuite>
  <testsuite name="table_13" timestamp="2023-08-03T05:06:32Z" hostname="62bfce9c309b" tests="8" skipped="2" failures="0" errors="0" time="0.611">
    <testcase time="0.0190000000000001" classname="table_13" name="Table_13_generation_works_with_default_values"/>
    <testcase time="0.0399999999999991" classname="table_13" name="Table_13_generation_works_with_default_values"/>
    <testcase time="0.104000000000001" classname="table_13" name="Table_13_generation_works_with_default_values"/>
    <testcase time="0.0539999999999985" classname="table_13" name="Table_13_generation_works_with_default_values">
      <skipped message="Reason: On CRAN ('test-table_13.R:8:3')"/>
    </testcase>
    <testcase time="0.0150000000000006" classname="table_13" name="Table_13_generation_works_with_custom_values"/>
    <testcase time="0.232000000000001" classname="table_13" name="Table_13_generation_works_with_custom_values"/>
    <testcase time="0.106999999999999" classname="table_13" name="Table_13_generation_works_with_custom_values"/>
    <testcase time="0.0399999999999991" classname="table_13" name="Table_13_generation_works_with_custom_values">
      <skipped message="Reason: On CRAN ('test-table_13.R:38:3')"/>
    </testcase>
  </testsuite>
  <testsuite name="table_14" timestamp="2023-08-03T05:06:32Z" hostname="62bfce9c309b" tests="10" skipped="3" failures="0" errors="0" time="1.787">
    <testcase time="0.0259999999999998" classname="table_14" name="Table_14_generation_works_with_default_values"/>
    <testcase time="0.435" classname="table_14" name="Table_14_generation_works_with_default_values"/>
    <testcase time="0.129" classname="table_14" name="Table_14_generation_works_with_default_values">
      <skipped message="Reason: On CRAN ('test-table_14.R:16:3')"/>
    </testcase>
    <testcase time="0.0150000000000006" classname="table_14" name="Table_14_generation_works_with_custom_values"/>
    <testcase time="0.0389999999999997" classname="table_14" name="Table_14_generation_works_with_custom_values"/>
    <testcase time="0.465999999999999" classname="table_14" name="Table_14_generation_works_with_custom_values"/>
    <testcase time="0.124000000000001" classname="table_14" name="Table_14_generation_works_with_custom_values">
      <skipped message="Reason: On CRAN ('test-table_14.R:46:3')"/>
    </testcase>
    <testcase time="0.0139999999999993" classname="table_14" name="Table_14_generation_works_with_NA_values_pruned_rows"/>
    <testcase time="0.446" classname="table_14" name="Table_14_generation_works_with_NA_values_pruned_rows"/>
    <testcase time="0.093" classname="table_14" name="Table_14_generation_works_with_NA_values_pruned_rows">
      <skipped message="Reason: On CRAN ('test-table_14.R:53:3')"/>
    </testcase>
  </testsuite>
  <testsuite name="table_20" timestamp="2023-08-03T05:06:34Z" hostname="62bfce9c309b" tests="18" skipped="3" failures="0" errors="0" time="1.467">
    <testcase time="0.022000000000002" classname="table_20" name="Table_20_generation_works_with_default_values"/>
    <testcase time="0.000999999999997669" classname="table_20" name="Table_20_generation_works_with_default_values"/>
    <testcase time="0.00100000000000122" classname="table_20" name="Table_20_generation_works_with_default_values"/>
    <testcase time="0.0350000000000001" classname="table_20" name="Table_20_generation_works_with_default_values"/>
    <testcase time="0.303999999999998" classname="table_20" name="Table_20_generation_works_with_default_values"/>
    <testcase time="0.0730000000000004" classname="table_20" name="Table_20_generation_works_with_default_values">
      <skipped message="Reason: On CRAN ('test-table_20.R:17:3')"/>
    </testcase>
    <testcase time="0.0150000000000006" classname="table_20" name="Table_20_generation_works_with_custom_values"/>
    <testcase time="0.00100000000000122" classname="table_20" name="Table_20_generation_works_with_custom_values"/>
    <testcase time="0.000999999999997669" classname="table_20" name="Table_20_generation_works_with_custom_values"/>
    <testcase time="0.0340000000000025" classname="table_20" name="Table_20_generation_works_with_custom_values"/>
    <testcase time="0.472999999999999" classname="table_20" name="Table_20_generation_works_with_custom_values"/>
    <testcase time="0.0919999999999987" classname="table_20" name="Table_20_generation_works_with_custom_values">
      <skipped message="Reason: On CRAN ('test-table_20.R:65:3')"/>
    </testcase>
    <testcase time="0.0150000000000006" classname="table_20" name="Table_20_generation_works_with_missing_values_pruned_rows"/>
    <testcase time="0.00100000000000122" classname="table_20" name="Table_20_generation_works_with_missing_values_pruned_rows"/>
    <testcase time="0.00100000000000122" classname="table_20" name="Table_20_generation_works_with_missing_values_pruned_rows"/>
    <testcase time="0.0350000000000001" classname="table_20" name="Table_20_generation_works_with_missing_values_pruned_rows"/>
    <testcase time="0.293999999999997" classname="table_20" name="Table_20_generation_works_with_missing_values_pruned_rows"/>
    <testcase time="0.0690000000000026" classname="table_20" name="Table_20_generation_works_with_missing_values_pruned_rows">
      <skipped message="Reason: On CRAN ('test-table_20.R:74:3')"/>
    </testcase>
  </testsuite>
  <testsuite name="table_32" timestamp="2023-08-03T05:06:36Z" hostname="62bfce9c309b" tests="12" skipped="3" failures="0" errors="0" time="0.607">
    <testcase time="0.0189999999999984" classname="table_32" name="Table_32_generation_works_with_default_values"/>
    <testcase time="0.0429999999999993" classname="table_32" name="Table_32_generation_works_with_default_values"/>
    <testcase time="0.0990000000000002" classname="table_32" name="Table_32_generation_works_with_default_values"/>
    <testcase time="0.0380000000000003" classname="table_32" name="Table_32_generation_works_with_default_values">
      <skipped message="Reason: On CRAN ('test-table_32.R:8:3')"/>
    </testcase>
    <testcase time="0.0139999999999993" classname="table_32" name="Table_32_generation_works_with_custom_values"/>
    <testcase time="0.0420000000000016" classname="table_32" name="Table_32_generation_works_with_custom_values"/>
    <testcase time="0.120999999999999" classname="table_32" name="Table_32_generation_works_with_custom_values"/>
    <testcase time="0.0459999999999994" classname="table_32" name="Table_32_generation_works_with_custom_values">
      <skipped message="Reason: On CRAN ('test-table_32.R:30:3')"/>
    </testcase>
    <testcase time="0.0140000000000029" classname="table_32" name="Table_32_generation_works_with_pruned_rows"/>
    <testcase time="0.041999999999998" classname="table_32" name="Table_32_generation_works_with_pruned_rows"/>
    <testcase time="0.0960000000000001" classname="table_32" name="Table_32_generation_works_with_pruned_rows"/>
    <testcase time="0.0330000000000013" classname="table_32" name="Table_32_generation_works_with_pruned_rows">
      <skipped message="Reason: On CRAN ('test-table_32.R:37:3')"/>
    </testcase>
  </testsuite>
  <testsuite name="table_33" timestamp="2023-08-03T05:06:36Z" hostname="62bfce9c309b" tests="12" skipped="3" failures="0" errors="0" time="1.033">
    <testcase time="0.0199999999999996" classname="table_33" name="Table_33_generation_works_with_default_values"/>
    <testcase time="0.215" classname="table_33" name="Table_33_generation_works_with_default_values"/>
    <testcase time="0.0749999999999993" classname="table_33" name="Table_33_generation_works_with_default_values"/>
    <testcase time="0.0289999999999999" classname="table_33" name="Table_33_generation_works_with_default_values">
      <skipped message="Reason: On CRAN ('test-table_33.R:8:3')"/>
    </testcase>
    <testcase time="0.0150000000000006" classname="table_33" name="Table_33_generation_works_with_custom_values"/>
    <testcase time="0.215" classname="table_33" name="Table_33_generation_works_with_custom_values"/>
    <testcase time="0.097999999999999" classname="table_33" name="Table_33_generation_works_with_custom_values"/>
    <testcase time="0.0350000000000001" classname="table_33" name="Table_33_generation_works_with_custom_values">
      <skipped message="Reason: On CRAN ('test-table_33.R:34:3')"/>
    </testcase>
    <testcase time="0.0150000000000006" classname="table_33" name="Table_33_generation_works_with_pruned_rows"/>
    <testcase time="0.215" classname="table_33" name="Table_33_generation_works_with_pruned_rows"/>
    <testcase time="0.0760000000000005" classname="table_33" name="Table_33_generation_works_with_pruned_rows"/>
    <testcase time="0.0250000000000021" classname="table_33" name="Table_33_generation_works_with_pruned_rows">
      <skipped message="Reason: On CRAN ('test-table_33.R:42:3')"/>
    </testcase>
  </testsuite>
</testsuites>
