<?xml version="1.0" encoding="UTF-8"?>
<testsuites>
  <testsuite name="table_02" timestamp="2023-08-01T12:02:26Z" hostname="f3157b7079c3" tests="9" skipped="3" failures="0" errors="0" time="1.79">
    <testcase time="0.0579999999999998" classname="table_02" name="Table_02_generation_works_with_default_values"/>
    <testcase time="0.6" classname="table_02" name="Table_02_generation_works_with_default_values"/>
    <testcase time="0.219" classname="table_02" name="Table_02_generation_works_with_default_values">
      <skipped message="Reason: On CRAN ('test-table_02.R:16:3')"/>
    </testcase>
    <testcase time="0.097" classname="table_02" name="Table_02_generation_works_with_custom_values"/>
    <testcase time="0.404" classname="table_02" name="Table_02_generation_works_with_custom_values"/>
    <testcase time="0.213" classname="table_02" name="Table_02_generation_works_with_custom_values">
      <skipped message="Reason: On CRAN ('test-table_02.R:45:3')"/>
    </testcase>
    <testcase time="0.056" classname="table_02" name="Table_02_generation_works_with_some_NA_values"/>
    <testcase time="0.0949999999999998" classname="table_02" name="Table_02_generation_works_with_some_NA_values"/>
    <testcase time="0.048" classname="table_02" name="Table_02_generation_works_with_some_NA_values">
      <skipped message="Reason: On CRAN ('test-table_02.R:57:3')"/>
    </testcase>
  </testsuite>
  <testsuite name="table_05" timestamp="2023-08-01T12:02:28Z" hostname="f3157b7079c3" tests="9" skipped="3" failures="0" errors="0" time="1.152">
    <testcase time="0.185" classname="table_05" name="Table_05_generation_works_with_default_values"/>
    <testcase time="0.28" classname="table_05" name="Table_05_generation_works_with_default_values"/>
    <testcase time="0.069" classname="table_05" name="Table_05_generation_works_with_default_values">
      <skipped message="Reason: On CRAN ('test-table_05.R:10:3')"/>
    </testcase>
    <testcase time="0.016" classname="table_05" name="Table_05_generation_works_with_custom_values"/>
    <testcase time="0.251" classname="table_05" name="Table_05_generation_works_with_custom_values"/>
    <testcase time="0.0830000000000002" classname="table_05" name="Table_05_generation_works_with_custom_values">
      <skipped message="Reason: On CRAN ('test-table_05.R:34:3')"/>
    </testcase>
    <testcase time="0.0169999999999995" classname="table_05" name="Table_05_generation_works_with_NA_values_pruned_rows"/>
    <testcase time="0.182" classname="table_05" name="Table_05_generation_works_with_NA_values_pruned_rows"/>
    <testcase time="0.069" classname="table_05" name="Table_05_generation_works_with_NA_values_pruned_rows">
      <skipped message="Reason: On CRAN ('test-table_05.R:44:3')"/>
    </testcase>
  </testsuite>
  <testsuite name="table_06" timestamp="2023-08-01T12:02:29Z" hostname="f3157b7079c3" tests="10" skipped="2" failures="0" errors="0" time="1.472">
    <testcase time="0.0339999999999998" classname="table_06" name="Table_06_generation_works_with_default_values"/>
    <testcase time="0.00100000000000033" classname="table_06" name="Table_06_generation_works_with_default_values"/>
    <testcase time="0.0579999999999998" classname="table_06" name="Table_06_generation_works_with_default_values"/>
    <testcase time="0.389" classname="table_06" name="Table_06_generation_works_with_default_values"/>
    <testcase time="0.0960000000000001" classname="table_06" name="Table_06_generation_works_with_default_values">
      <skipped message="Reason: On CRAN ('test-table_06.R:8:3')"/>
    </testcase>
    <testcase time="0.016" classname="table_06" name="Table_06_generation_works_with_custom_values"/>
    <testcase time="0.00199999999999978" classname="table_06" name="Table_06_generation_works_with_custom_values"/>
    <testcase time="0.0549999999999997" classname="table_06" name="Table_06_generation_works_with_custom_values"/>
    <testcase time="0.695" classname="table_06" name="Table_06_generation_works_with_custom_values"/>
    <testcase time="0.125999999999999" classname="table_06" name="Table_06_generation_works_with_custom_values">
      <skipped message="Reason: On CRAN ('test-table_06.R:40:3')"/>
    </testcase>
  </testsuite>
  <testsuite name="table_07" timestamp="2023-08-01T12:02:30Z" hostname="f3157b7079c3" tests="18" skipped="3" failures="0" errors="0" time="1.539">
    <testcase time="0.024" classname="table_07" name="Table_07_generation_works_with_default_values"/>
    <testcase time="0.00100000000000033" classname="table_07" name="Table_07_generation_works_with_default_values"/>
    <testcase time="0.00100000000000033" classname="table_07" name="Table_07_generation_works_with_default_values"/>
    <testcase time="0.0389999999999997" classname="table_07" name="Table_07_generation_works_with_default_values"/>
    <testcase time="0.311" classname="table_07" name="Table_07_generation_works_with_default_values"/>
    <testcase time="0.112" classname="table_07" name="Table_07_generation_works_with_default_values">
      <skipped message="Reason: On CRAN ('test-table_07.R:13:3')"/>
    </testcase>
    <testcase time="0.016" classname="table_07" name="Table_07_generation_works_with_custom_values"/>
    <testcase time="0.00199999999999978" classname="table_07" name="Table_07_generation_works_with_custom_values"/>
    <testcase time="0.00100000000000033" classname="table_07" name="Table_07_generation_works_with_custom_values"/>
    <testcase time="0.0380000000000003" classname="table_07" name="Table_07_generation_works_with_custom_values"/>
    <testcase time="0.405999999999999" classname="table_07" name="Table_07_generation_works_with_custom_values"/>
    <testcase time="0.141" classname="table_07" name="Table_07_generation_works_with_custom_values">
      <skipped message="Reason: On CRAN ('test-table_07.R:42:3')"/>
    </testcase>
    <testcase time="0.016" classname="table_07" name="Table_07_generation_works_with_NA_values_pruned_rows"/>
    <testcase time="0.00200000000000067" classname="table_07" name="Table_07_generation_works_with_NA_values_pruned_rows"/>
    <testcase time="0.000999999999999446" classname="table_07" name="Table_07_generation_works_with_NA_values_pruned_rows"/>
    <testcase time="0.0390000000000015" classname="table_07" name="Table_07_generation_works_with_NA_values_pruned_rows"/>
    <testcase time="0.273999999999999" classname="table_07" name="Table_07_generation_works_with_NA_values_pruned_rows"/>
    <testcase time="0.115" classname="table_07" name="Table_07_generation_works_with_NA_values_pruned_rows">
      <skipped message="Reason: On CRAN ('test-table_07.R:52:3')"/>
    </testcase>
  </testsuite>
  <testsuite name="table_08" timestamp="2023-08-01T12:02:32Z" hostname="f3157b7079c3" tests="8" skipped="2" failures="0" errors="0" time="0.378">
    <testcase time="0.020999999999999" classname="table_08" name="Table_08_generation_works_with_default_values"/>
    <testcase time="0.00100000000000122" classname="table_08" name="Table_08_generation_works_with_default_values"/>
    <testcase time="0.0449999999999999" classname="table_08" name="Table_08_generation_works_with_default_values"/>
    <testcase time="0.106" classname="table_08" name="Table_08_generation_works_with_default_values">
      <skipped message="Reason: On CRAN ('test-table_08.R:10:3')"/>
    </testcase>
    <testcase time="0.016" classname="table_08" name="Table_08_generation_works_with_custom_values"/>
    <testcase time="0.000999999999999446" classname="table_08" name="Table_08_generation_works_with_custom_values"/>
    <testcase time="0.0400000000000009" classname="table_08" name="Table_08_generation_works_with_custom_values"/>
    <testcase time="0.148" classname="table_08" name="Table_08_generation_works_with_custom_values">
      <skipped message="Reason: On CRAN ('test-table_08.R:31:3')"/>
    </testcase>
  </testsuite>
  <testsuite name="table_09" timestamp="2023-08-01T12:02:32Z" hostname="f3157b7079c3" tests="8" skipped="2" failures="0" errors="0" time="0.826">
    <testcase time="0.020999999999999" classname="table_09" name="Table_09_generation_works_with_default_values"/>
    <testcase time="0.0400000000000009" classname="table_09" name="Table_09_generation_works_with_default_values"/>
    <testcase time="0.252000000000001" classname="table_09" name="Table_09_generation_works_with_default_values"/>
    <testcase time="0.0569999999999986" classname="table_09" name="Table_09_generation_works_with_default_values">
      <skipped message="Reason: On CRAN ('test-table_09.R:8:3')"/>
    </testcase>
    <testcase time="0.016" classname="table_09" name="Table_09_generation_works_with_custom_values"/>
    <testcase time="0.0609999999999999" classname="table_09" name="Table_09_generation_works_with_custom_values"/>
    <testcase time="0.313000000000001" classname="table_09" name="Table_09_generation_works_with_custom_values"/>
    <testcase time="0.0660000000000007" classname="table_09" name="Table_09_generation_works_with_custom_values">
      <skipped message="Reason: On CRAN ('test-table_09.R:39:3')"/>
    </testcase>
  </testsuite>
  <testsuite name="table_13" timestamp="2023-08-01T12:02:33Z" hostname="f3157b7079c3" tests="8" skipped="2" failures="0" errors="0" time="0.499">
    <testcase time="0.020999999999999" classname="table_13" name="Table_13_generation_works_with_default_values"/>
    <testcase time="0.0500000000000007" classname="table_13" name="Table_13_generation_works_with_default_values"/>
    <testcase time="0.119999999999999" classname="table_13" name="Table_13_generation_works_with_default_values"/>
    <testcase time="0.0609999999999999" classname="table_13" name="Table_13_generation_works_with_default_values">
      <skipped message="Reason: On CRAN ('test-table_13.R:8:3')"/>
    </testcase>
    <testcase time="0.016" classname="table_13" name="Table_13_generation_works_with_custom_values"/>
    <testcase time="0.048" classname="table_13" name="Table_13_generation_works_with_custom_values"/>
    <testcase time="0.129" classname="table_13" name="Table_13_generation_works_with_custom_values"/>
    <testcase time="0.0540000000000003" classname="table_13" name="Table_13_generation_works_with_custom_values">
      <skipped message="Reason: On CRAN ('test-table_13.R:38:3')"/>
    </testcase>
  </testsuite>
  <testsuite name="table_14" timestamp="2023-08-01T12:02:34Z" hostname="f3157b7079c3" tests="10" skipped="3" failures="0" errors="0" time="1.997">
    <testcase time="0.0310000000000006" classname="table_14" name="Table_14_generation_works_with_default_values"/>
    <testcase time="0.494999999999999" classname="table_14" name="Table_14_generation_works_with_default_values"/>
    <testcase time="0.137" classname="table_14" name="Table_14_generation_works_with_default_values">
      <skipped message="Reason: On CRAN ('test-table_14.R:16:3')"/>
    </testcase>
    <testcase time="0.0169999999999995" classname="table_14" name="Table_14_generation_works_with_custom_values"/>
    <testcase time="0.0490000000000013" classname="table_14" name="Table_14_generation_works_with_custom_values"/>
    <testcase time="0.52" classname="table_14" name="Table_14_generation_works_with_custom_values"/>
    <testcase time="0.135999999999999" classname="table_14" name="Table_14_generation_works_with_custom_values">
      <skipped message="Reason: On CRAN ('test-table_14.R:46:3')"/>
    </testcase>
    <testcase time="0.016" classname="table_14" name="Table_14_generation_works_with_NA_values_pruned_rows"/>
    <testcase time="0.495000000000001" classname="table_14" name="Table_14_generation_works_with_NA_values_pruned_rows"/>
    <testcase time="0.101000000000001" classname="table_14" name="Table_14_generation_works_with_NA_values_pruned_rows">
      <skipped message="Reason: On CRAN ('test-table_14.R:53:3')"/>
    </testcase>
  </testsuite>
  <testsuite name="table_20" timestamp="2023-08-01T12:02:36Z" hostname="f3157b7079c3" tests="18" skipped="3" failures="0" errors="0" time="1.646">
    <testcase time="0.0249999999999986" classname="table_20" name="Table_20_generation_works_with_default_values"/>
    <testcase time="0.00100000000000122" classname="table_20" name="Table_20_generation_works_with_default_values"/>
    <testcase time="0.00199999999999889" classname="table_20" name="Table_20_generation_works_with_default_values"/>
    <testcase time="0.0420000000000016" classname="table_20" name="Table_20_generation_works_with_default_values"/>
    <testcase time="0.335999999999999" classname="table_20" name="Table_20_generation_works_with_default_values"/>
    <testcase time="0.0790000000000006" classname="table_20" name="Table_20_generation_works_with_default_values">
      <skipped message="Reason: On CRAN ('test-table_20.R:17:3')"/>
    </testcase>
    <testcase time="0.016" classname="table_20" name="Table_20_generation_works_with_custom_values"/>
    <testcase time="0.00200000000000067" classname="table_20" name="Table_20_generation_works_with_custom_values"/>
    <testcase time="0.000999999999999446" classname="table_20" name="Table_20_generation_works_with_custom_values"/>
    <testcase time="0.0429999999999993" classname="table_20" name="Table_20_generation_works_with_custom_values"/>
    <testcase time="0.525" classname="table_20" name="Table_20_generation_works_with_custom_values"/>
    <testcase time="0.113" classname="table_20" name="Table_20_generation_works_with_custom_values">
      <skipped message="Reason: On CRAN ('test-table_20.R:65:3')"/>
    </testcase>
    <testcase time="0.0170000000000012" classname="table_20" name="Table_20_generation_works_with_missing_values_pruned_rows"/>
    <testcase time="0.000999999999999446" classname="table_20" name="Table_20_generation_works_with_missing_values_pruned_rows"/>
    <testcase time="0.000999999999999446" classname="table_20" name="Table_20_generation_works_with_missing_values_pruned_rows"/>
    <testcase time="0.0419999999999998" classname="table_20" name="Table_20_generation_works_with_missing_values_pruned_rows"/>
    <testcase time="0.322000000000001" classname="table_20" name="Table_20_generation_works_with_missing_values_pruned_rows"/>
    <testcase time="0.0779999999999994" classname="table_20" name="Table_20_generation_works_with_missing_values_pruned_rows">
      <skipped message="Reason: On CRAN ('test-table_20.R:74:3')"/>
    </testcase>
  </testsuite>
  <testsuite name="table_32" timestamp="2023-08-01T12:02:37Z" hostname="f3157b7079c3" tests="12" skipped="3" failures="0" errors="0" time="0.708">
    <testcase time="0.0210000000000008" classname="table_32" name="Table_32_generation_works_with_default_values"/>
    <testcase time="0.0609999999999999" classname="table_32" name="Table_32_generation_works_with_default_values"/>
    <testcase time="0.103999999999999" classname="table_32" name="Table_32_generation_works_with_default_values"/>
    <testcase time="0.0419999999999998" classname="table_32" name="Table_32_generation_works_with_default_values">
      <skipped message="Reason: On CRAN ('test-table_32.R:8:3')"/>
    </testcase>
    <testcase time="0.016" classname="table_32" name="Table_32_generation_works_with_custom_values"/>
    <testcase time="0.0700000000000003" classname="table_32" name="Table_32_generation_works_with_custom_values"/>
    <testcase time="0.128" classname="table_32" name="Table_32_generation_works_with_custom_values"/>
    <testcase time="0.0510000000000002" classname="table_32" name="Table_32_generation_works_with_custom_values">
      <skipped message="Reason: On CRAN ('test-table_32.R:30:3')"/>
    </testcase>
    <testcase time="0.016" classname="table_32" name="Table_32_generation_works_with_pruned_rows"/>
    <testcase time="0.0619999999999994" classname="table_32" name="Table_32_generation_works_with_pruned_rows"/>
    <testcase time="0.105" classname="table_32" name="Table_32_generation_works_with_pruned_rows"/>
    <testcase time="0.032" classname="table_32" name="Table_32_generation_works_with_pruned_rows">
      <skipped message="Reason: On CRAN ('test-table_32.R:37:3')"/>
    </testcase>
  </testsuite>
  <testsuite name="table_33" timestamp="2023-08-01T12:02:38Z" hostname="f3157b7079c3" tests="12" skipped="3" failures="0" errors="0" time="1.187">
    <testcase time="0.0199999999999996" classname="table_33" name="Table_33_generation_works_with_default_values"/>
    <testcase time="0.243" classname="table_33" name="Table_33_generation_works_with_default_values"/>
    <testcase time="0.0869999999999997" classname="table_33" name="Table_33_generation_works_with_default_values"/>
    <testcase time="0.0330000000000013" classname="table_33" name="Table_33_generation_works_with_default_values">
      <skipped message="Reason: On CRAN ('test-table_33.R:8:3')"/>
    </testcase>
    <testcase time="0.016" classname="table_33" name="Table_33_generation_works_with_custom_values"/>
    <testcase time="0.241" classname="table_33" name="Table_33_generation_works_with_custom_values"/>
    <testcase time="0.129" classname="table_33" name="Table_33_generation_works_with_custom_values"/>
    <testcase time="0.0389999999999997" classname="table_33" name="Table_33_generation_works_with_custom_values">
      <skipped message="Reason: On CRAN ('test-table_33.R:34:3')"/>
    </testcase>
    <testcase time="0.0170000000000012" classname="table_33" name="Table_33_generation_works_with_pruned_rows"/>
    <testcase time="0.247" classname="table_33" name="Table_33_generation_works_with_pruned_rows"/>
    <testcase time="0.0859999999999985" classname="table_33" name="Table_33_generation_works_with_pruned_rows"/>
    <testcase time="0.0290000000000017" classname="table_33" name="Table_33_generation_works_with_pruned_rows">
      <skipped message="Reason: On CRAN ('test-table_33.R:42:3')"/>
    </testcase>
  </testsuite>
</testsuites>
