<?xml version="1.0" encoding="UTF-8"?>
<testsuites>
  <testsuite name="table_02" timestamp="2023-08-08T19:18:58Z" hostname="ede29418baef" tests="21" skipped="7" failures="0" errors="0" time="6.66">
    <testcase time="0.0640000000000001" classname="table_02" name="Table_02_generation_works_with_default_values"/>
    <testcase time="0.494" classname="table_02" name="Table_02_generation_works_with_default_values"/>
    <testcase time="0.216" classname="table_02" name="Table_02_generation_works_with_default_values">
      <skipped message="Reason: On CRAN ('test-table_02.R:16:3')"/>
    </testcase>
    <testcase time="0.0659999999999998" classname="table_02" name="Table_02_generation_works_with_custom_values"/>
    <testcase time="0.36" classname="table_02" name="Table_02_generation_works_with_custom_values"/>
    <testcase time="0.193000000000001" classname="table_02" name="Table_02_generation_works_with_custom_values">
      <skipped message="Reason: On CRAN ('test-table_02.R:45:3')"/>
    </testcase>
    <testcase time="0.048" classname="table_02" name="Table_02_generation_works_with_some_NA_values"/>
    <testcase time="0.0869999999999997" classname="table_02" name="Table_02_generation_works_with_some_NA_values"/>
    <testcase time="0.0430000000000001" classname="table_02" name="Table_02_generation_works_with_some_NA_values">
      <skipped message="Reason: On CRAN ('test-table_02.R:57:3')"/>
    </testcase>
    <testcase time="0.016" classname="table_02" name="Table_02_generation_tplyr_works_with_default_values"/>
    <testcase time="1.634" classname="table_02" name="Table_02_generation_tplyr_works_with_default_values"/>
    <testcase time="0.0310000000000006" classname="table_02" name="Table_02_generation_tplyr_works_with_default_values">
      <skipped message="Reason: On CRAN ('test-table_02.R:66:3')"/>
    </testcase>
    <testcase time="0.0139999999999993" classname="table_02" name="Table_02_generation_tplyr_works_with_tplyr_raw_TRUE"/>
    <testcase time="1.03" classname="table_02" name="Table_02_generation_tplyr_works_with_tplyr_raw_TRUE"/>
    <testcase time="0.0200000000000005" classname="table_02" name="Table_02_generation_tplyr_works_with_tplyr_raw_TRUE">
      <skipped message="Reason: On CRAN ('test-table_02.R:75:3')"/>
    </testcase>
    <testcase time="0.0379999999999994" classname="table_02" name="Table_02_generation_tplyr_works_with_custom_values"/>
    <testcase time="1.591" classname="table_02" name="Table_02_generation_tplyr_works_with_custom_values"/>
    <testcase time="0.0199999999999996" classname="table_02" name="Table_02_generation_tplyr_works_with_custom_values">
      <skipped message="Reason: On CRAN ('test-table_02.R:102:3')"/>
    </testcase>
    <testcase time="0.0299999999999994" classname="table_02" name="Table_02_generation_tplyr_works_with_some_NA_values"/>
    <testcase time="0.646000000000001" classname="table_02" name="Table_02_generation_tplyr_works_with_some_NA_values"/>
    <testcase time="0.0190000000000001" classname="table_02" name="Table_02_generation_tplyr_works_with_some_NA_values">
      <skipped message="Reason: On CRAN ('test-table_02.R:119:3')"/>
    </testcase>
  </testsuite>
  <testsuite name="table_05" timestamp="2023-08-08T19:19:05Z" hostname="ede29418baef" tests="9" skipped="3" failures="0" errors="0" time="1.018">
    <testcase time="0.161999999999999" classname="table_05" name="Table_05_generation_works_with_default_values"/>
    <testcase time="0.245000000000001" classname="table_05" name="Table_05_generation_works_with_default_values"/>
    <testcase time="0.0599999999999987" classname="table_05" name="Table_05_generation_works_with_default_values">
      <skipped message="Reason: On CRAN ('test-table_05.R:10:3')"/>
    </testcase>
    <testcase time="0.0140000000000011" classname="table_05" name="Table_05_generation_works_with_custom_values"/>
    <testcase time="0.212999999999999" classname="table_05" name="Table_05_generation_works_with_custom_values"/>
    <testcase time="0.0709999999999997" classname="table_05" name="Table_05_generation_works_with_custom_values">
      <skipped message="Reason: On CRAN ('test-table_05.R:34:3')"/>
    </testcase>
    <testcase time="0.0150000000000006" classname="table_05" name="Table_05_generation_works_with_NA_values_pruned_rows"/>
    <testcase time="0.173" classname="table_05" name="Table_05_generation_works_with_NA_values_pruned_rows"/>
    <testcase time="0.0649999999999995" classname="table_05" name="Table_05_generation_works_with_NA_values_pruned_rows">
      <skipped message="Reason: On CRAN ('test-table_05.R:44:3')"/>
    </testcase>
  </testsuite>
  <testsuite name="table_06" timestamp="2023-08-08T19:19:06Z" hostname="ede29418baef" tests="10" skipped="2" failures="0" errors="0" time="1.105">
    <testcase time="0.0300000000000011" classname="table_06" name="Table_06_generation_works_with_default_values"/>
    <testcase time="0.000999999999999446" classname="table_06" name="Table_06_generation_works_with_default_values"/>
    <testcase time="0.0500000000000007" classname="table_06" name="Table_06_generation_works_with_default_values"/>
    <testcase time="0.331999999999999" classname="table_06" name="Table_06_generation_works_with_default_values"/>
    <testcase time="0.0850000000000009" classname="table_06" name="Table_06_generation_works_with_default_values">
      <skipped message="Reason: On CRAN ('test-table_06.R:8:3')"/>
    </testcase>
    <testcase time="0.0139999999999993" classname="table_06" name="Table_06_generation_works_with_custom_values"/>
    <testcase time="0.000999999999999446" classname="table_06" name="Table_06_generation_works_with_custom_values"/>
    <testcase time="0.043000000000001" classname="table_06" name="Table_06_generation_works_with_custom_values"/>
    <testcase time="0.432" classname="table_06" name="Table_06_generation_works_with_custom_values"/>
    <testcase time="0.116999999999999" classname="table_06" name="Table_06_generation_works_with_custom_values">
      <skipped message="Reason: On CRAN ('test-table_06.R:40:3')"/>
    </testcase>
  </testsuite>
  <testsuite name="table_07" timestamp="2023-08-08T19:19:07Z" hostname="ede29418baef" tests="18" skipped="3" failures="0" errors="0" time="1.399">
    <testcase time="0.0220000000000002" classname="table_07" name="Table_07_generation_works_with_default_values"/>
    <testcase time="0.000999999999999446" classname="table_07" name="Table_07_generation_works_with_default_values"/>
    <testcase time="0.00100000000000122" classname="table_07" name="Table_07_generation_works_with_default_values"/>
    <testcase time="0.032" classname="table_07" name="Table_07_generation_works_with_default_values"/>
    <testcase time="0.284999999999998" classname="table_07" name="Table_07_generation_works_with_default_values"/>
    <testcase time="0.103000000000002" classname="table_07" name="Table_07_generation_works_with_default_values">
      <skipped message="Reason: On CRAN ('test-table_07.R:13:3')"/>
    </testcase>
    <testcase time="0.0139999999999993" classname="table_07" name="Table_07_generation_works_with_custom_values"/>
    <testcase time="0.000999999999999446" classname="table_07" name="Table_07_generation_works_with_custom_values"/>
    <testcase time="0.00100000000000122" classname="table_07" name="Table_07_generation_works_with_custom_values"/>
    <testcase time="0.0309999999999988" classname="table_07" name="Table_07_generation_works_with_custom_values"/>
    <testcase time="0.376000000000001" classname="table_07" name="Table_07_generation_works_with_custom_values"/>
    <testcase time="0.129999999999999" classname="table_07" name="Table_07_generation_works_with_custom_values">
      <skipped message="Reason: On CRAN ('test-table_07.R:42:3')"/>
    </testcase>
    <testcase time="0.0150000000000006" classname="table_07" name="Table_07_generation_works_with_NA_values_pruned_rows"/>
    <testcase time="0.000999999999999446" classname="table_07" name="Table_07_generation_works_with_NA_values_pruned_rows"/>
    <testcase time="0.000999999999999446" classname="table_07" name="Table_07_generation_works_with_NA_values_pruned_rows"/>
    <testcase time="0.0310000000000006" classname="table_07" name="Table_07_generation_works_with_NA_values_pruned_rows"/>
    <testcase time="0.252000000000001" classname="table_07" name="Table_07_generation_works_with_NA_values_pruned_rows"/>
    <testcase time="0.102" classname="table_07" name="Table_07_generation_works_with_NA_values_pruned_rows">
      <skipped message="Reason: On CRAN ('test-table_07.R:52:3')"/>
    </testcase>
  </testsuite>
  <testsuite name="table_08" timestamp="2023-08-08T19:19:09Z" hostname="ede29418baef" tests="8" skipped="2" failures="0" errors="0" time="0.352">
    <testcase time="0.0249999999999986" classname="table_08" name="Table_08_generation_works_with_default_values"/>
    <testcase time="0.00100000000000122" classname="table_08" name="Table_08_generation_works_with_default_values"/>
    <testcase time="0.036999999999999" classname="table_08" name="Table_08_generation_works_with_default_values"/>
    <testcase time="0.101000000000001" classname="table_08" name="Table_08_generation_works_with_default_values">
      <skipped message="Reason: On CRAN ('test-table_08.R:10:3')"/>
    </testcase>
    <testcase time="0.0139999999999993" classname="table_08" name="Table_08_generation_works_with_custom_values"/>
    <testcase time="0.000999999999999446" classname="table_08" name="Table_08_generation_works_with_custom_values"/>
    <testcase time="0.0339999999999989" classname="table_08" name="Table_08_generation_works_with_custom_values"/>
    <testcase time="0.139000000000001" classname="table_08" name="Table_08_generation_works_with_custom_values">
      <skipped message="Reason: On CRAN ('test-table_08.R:31:3')"/>
    </testcase>
  </testsuite>
  <testsuite name="table_09" timestamp="2023-08-08T19:19:09Z" hostname="ede29418baef" tests="8" skipped="2" failures="0" errors="0" time="0.737">
    <testcase time="0.0190000000000001" classname="table_09" name="Table_09_generation_works_with_default_values"/>
    <testcase time="0.0309999999999988" classname="table_09" name="Table_09_generation_works_with_default_values"/>
    <testcase time="0.232000000000001" classname="table_09" name="Table_09_generation_works_with_default_values"/>
    <testcase time="0.0599999999999987" classname="table_09" name="Table_09_generation_works_with_default_values">
      <skipped message="Reason: On CRAN ('test-table_09.R:8:3')"/>
    </testcase>
    <testcase time="0.0140000000000011" classname="table_09" name="Table_09_generation_works_with_custom_values"/>
    <testcase time="0.0310000000000006" classname="table_09" name="Table_09_generation_works_with_custom_values"/>
    <testcase time="0.282" classname="table_09" name="Table_09_generation_works_with_custom_values"/>
    <testcase time="0.0679999999999996" classname="table_09" name="Table_09_generation_works_with_custom_values">
      <skipped message="Reason: On CRAN ('test-table_09.R:39:3')"/>
    </testcase>
  </testsuite>
  <testsuite name="table_10" timestamp="2023-08-08T19:19:10Z" hostname="ede29418baef" tests="10" skipped="2" failures="0" errors="0" time="0.823">
    <testcase time="0.0229999999999997" classname="table_10" name="Table_10_generation_works_with_default_values"/>
    <testcase time="0" classname="table_10" name="Table_10_generation_works_with_default_values"/>
    <testcase time="0.032" classname="table_10" name="Table_10_generation_works_with_default_values"/>
    <testcase time="0.286000000000001" classname="table_10" name="Table_10_generation_works_with_default_values"/>
    <testcase time="0.116" classname="table_10" name="Table_10_generation_works_with_default_values">
      <skipped message="Reason: On CRAN ('test-table_10.R:15:3')"/>
    </testcase>
    <testcase time="0.0150000000000006" classname="table_10" name="Table_10_generation_works_with_custom_values"/>
    <testcase time="0.000999999999999446" classname="table_10" name="Table_10_generation_works_with_custom_values"/>
    <testcase time="0.0280000000000005" classname="table_10" name="Table_10_generation_works_with_custom_values"/>
    <testcase time="0.273" classname="table_10" name="Table_10_generation_works_with_custom_values"/>
    <testcase time="0.0489999999999995" classname="table_10" name="Table_10_generation_works_with_custom_values">
      <skipped message="Reason: On CRAN ('test-table_10.R:48:3')"/>
    </testcase>
  </testsuite>
  <testsuite name="table_11" timestamp="2023-08-08T19:19:10Z" hostname="ede29418baef" tests="8" skipped="2" failures="0" errors="0" time="1.217">
    <testcase time="0.0229999999999997" classname="table_11" name="Table_11_generation_works_with_default_values"/>
    <testcase time="0.0570000000000004" classname="table_11" name="Table_11_generation_works_with_default_values"/>
    <testcase time="0.473000000000001" classname="table_11" name="Table_11_generation_works_with_default_values"/>
    <testcase time="0.112" classname="table_11" name="Table_11_generation_works_with_default_values">
      <skipped message="Reason: On CRAN ('test-table_11.R:17:3')"/>
    </testcase>
    <testcase time="0.0149999999999988" classname="table_11" name="Table_11_generation_works_with_custom_values"/>
    <testcase time="0.0419999999999998" classname="table_11" name="Table_11_generation_works_with_custom_values"/>
    <testcase time="0.44" classname="table_11" name="Table_11_generation_works_with_custom_values"/>
    <testcase time="0.0549999999999997" classname="table_11" name="Table_11_generation_works_with_custom_values">
      <skipped message="Reason: On CRAN ('test-table_11.R:47:3')"/>
    </testcase>
  </testsuite>
  <testsuite name="table_12" timestamp="2023-08-08T19:19:12Z" hostname="ede29418baef" tests="8" skipped="2" failures="0" errors="0" time="1.586">
    <testcase time="0.0190000000000001" classname="table_12" name="Table_12_generation_works_with_default_values"/>
    <testcase time="0.0419999999999998" classname="table_12" name="Table_12_generation_works_with_default_values"/>
    <testcase time="0.633999999999999" classname="table_12" name="Table_12_generation_works_with_default_values"/>
    <testcase time="0.0990000000000002" classname="table_12" name="Table_12_generation_works_with_default_values">
      <skipped message="Reason: On CRAN ('test-table_12.R:9:3')"/>
    </testcase>
    <testcase time="0.0150000000000006" classname="table_12" name="Table_12_generation_works_with_custom_values"/>
    <testcase time="0.0399999999999991" classname="table_12" name="Table_12_generation_works_with_custom_values"/>
    <testcase time="0.637" classname="table_12" name="Table_12_generation_works_with_custom_values"/>
    <testcase time="0.100000000000001" classname="table_12" name="Table_12_generation_works_with_custom_values">
      <skipped message="Reason: On CRAN ('test-table_12.R:35:3')"/>
    </testcase>
  </testsuite>
  <testsuite name="table_13" timestamp="2023-08-08T19:19:13Z" hostname="ede29418baef" tests="8" skipped="2" failures="0" errors="0" time="0.432">
    <testcase time="0.0180000000000007" classname="table_13" name="Table_13_generation_works_with_default_values"/>
    <testcase time="0.0399999999999991" classname="table_13" name="Table_13_generation_works_with_default_values"/>
    <testcase time="0.0970000000000013" classname="table_13" name="Table_13_generation_works_with_default_values"/>
    <testcase time="0.0640000000000001" classname="table_13" name="Table_13_generation_works_with_default_values">
      <skipped message="Reason: On CRAN ('test-table_13.R:8:3')"/>
    </testcase>
    <testcase time="0.0139999999999993" classname="table_13" name="Table_13_generation_works_with_custom_values"/>
    <testcase time="0.0399999999999991" classname="table_13" name="Table_13_generation_works_with_custom_values"/>
    <testcase time="0.117999999999999" classname="table_13" name="Table_13_generation_works_with_custom_values"/>
    <testcase time="0.0410000000000004" classname="table_13" name="Table_13_generation_works_with_custom_values">
      <skipped message="Reason: On CRAN ('test-table_13.R:38:3')"/>
    </testcase>
  </testsuite>
  <testsuite name="table_14" timestamp="2023-08-08T19:19:14Z" hostname="ede29418baef" tests="10" skipped="3" failures="0" errors="0" time="2.026">
    <testcase time="0.027000000000001" classname="table_14" name="Table_14_generation_works_with_default_values"/>
    <testcase time="0.461000000000002" classname="table_14" name="Table_14_generation_works_with_default_values"/>
    <testcase time="0.130999999999997" classname="table_14" name="Table_14_generation_works_with_default_values">
      <skipped message="Reason: On CRAN ('test-table_14.R:16:3')"/>
    </testcase>
    <testcase time="0.0140000000000029" classname="table_14" name="Table_14_generation_works_with_custom_values"/>
    <testcase time="0.0410000000000004" classname="table_14" name="Table_14_generation_works_with_custom_values"/>
    <testcase time="0.495999999999999" classname="table_14" name="Table_14_generation_works_with_custom_values"/>
    <testcase time="0.128" classname="table_14" name="Table_14_generation_works_with_custom_values">
      <skipped message="Reason: On CRAN ('test-table_14.R:46:3')"/>
    </testcase>
    <testcase time="0.0180000000000007" classname="table_14" name="Table_14_generation_works_with_NA_values_pruned_rows"/>
    <testcase time="0.619" classname="table_14" name="Table_14_generation_works_with_NA_values_pruned_rows"/>
    <testcase time="0.0909999999999975" classname="table_14" name="Table_14_generation_works_with_NA_values_pruned_rows">
      <skipped message="Reason: On CRAN ('test-table_14.R:53:3')"/>
    </testcase>
  </testsuite>
  <testsuite name="table_20" timestamp="2023-08-08T19:19:16Z" hostname="ede29418baef" tests="18" skipped="3" failures="0" errors="0" time="1.434">
    <testcase time="0.022000000000002" classname="table_20" name="Table_20_generation_works_with_default_values"/>
    <testcase time="0.00100000000000122" classname="table_20" name="Table_20_generation_works_with_default_values"/>
    <testcase time="0.000999999999997669" classname="table_20" name="Table_20_generation_works_with_default_values"/>
    <testcase time="0.0339999999999989" classname="table_20" name="Table_20_generation_works_with_default_values"/>
    <testcase time="0.300000000000001" classname="table_20" name="Table_20_generation_works_with_default_values"/>
    <testcase time="0.0710000000000015" classname="table_20" name="Table_20_generation_works_with_default_values">
      <skipped message="Reason: On CRAN ('test-table_20.R:17:3')"/>
    </testcase>
    <testcase time="0.0139999999999993" classname="table_20" name="Table_20_generation_works_with_custom_values"/>
    <testcase time="0.00100000000000122" classname="table_20" name="Table_20_generation_works_with_custom_values"/>
    <testcase time="0.000999999999997669" classname="table_20" name="Table_20_generation_works_with_custom_values"/>
    <testcase time="0.0340000000000025" classname="table_20" name="Table_20_generation_works_with_custom_values"/>
    <testcase time="0.460999999999999" classname="table_20" name="Table_20_generation_works_with_custom_values"/>
    <testcase time="0.0910000000000011" classname="table_20" name="Table_20_generation_works_with_custom_values">
      <skipped message="Reason: On CRAN ('test-table_20.R:65:3')"/>
    </testcase>
    <testcase time="0.0139999999999993" classname="table_20" name="Table_20_generation_works_with_missing_values_pruned_rows"/>
    <testcase time="0.00100000000000122" classname="table_20" name="Table_20_generation_works_with_missing_values_pruned_rows"/>
    <testcase time="0.000999999999997669" classname="table_20" name="Table_20_generation_works_with_missing_values_pruned_rows"/>
    <testcase time="0.0340000000000025" classname="table_20" name="Table_20_generation_works_with_missing_values_pruned_rows"/>
    <testcase time="0.285999999999998" classname="table_20" name="Table_20_generation_works_with_missing_values_pruned_rows"/>
    <testcase time="0.0670000000000002" classname="table_20" name="Table_20_generation_works_with_missing_values_pruned_rows">
      <skipped message="Reason: On CRAN ('test-table_20.R:74:3')"/>
    </testcase>
  </testsuite>
  <testsuite name="table_32" timestamp="2023-08-08T19:19:17Z" hostname="ede29418baef" tests="12" skipped="3" failures="0" errors="0" time="0.591">
    <testcase time="0.0180000000000007" classname="table_32" name="Table_32_generation_works_with_default_values"/>
    <testcase time="0.0420000000000016" classname="table_32" name="Table_32_generation_works_with_default_values"/>
    <testcase time="0.0989999999999966" classname="table_32" name="Table_32_generation_works_with_default_values"/>
    <testcase time="0.0370000000000026" classname="table_32" name="Table_32_generation_works_with_default_values">
      <skipped message="Reason: On CRAN ('test-table_32.R:8:3')"/>
    </testcase>
    <testcase time="0.0139999999999993" classname="table_32" name="Table_32_generation_works_with_custom_values"/>
    <testcase time="0.041999999999998" classname="table_32" name="Table_32_generation_works_with_custom_values"/>
    <testcase time="0.111000000000001" classname="table_32" name="Table_32_generation_works_with_custom_values"/>
    <testcase time="0.0510000000000019" classname="table_32" name="Table_32_generation_works_with_custom_values">
      <skipped message="Reason: On CRAN ('test-table_32.R:30:3')"/>
    </testcase>
    <testcase time="0.0150000000000006" classname="table_32" name="Table_32_generation_works_with_pruned_rows"/>
    <testcase time="0.0409999999999968" classname="table_32" name="Table_32_generation_works_with_pruned_rows"/>
    <testcase time="0.0920000000000023" classname="table_32" name="Table_32_generation_works_with_pruned_rows"/>
    <testcase time="0.0289999999999999" classname="table_32" name="Table_32_generation_works_with_pruned_rows">
      <skipped message="Reason: On CRAN ('test-table_32.R:37:3')"/>
    </testcase>
  </testsuite>
  <testsuite name="table_33" timestamp="2023-08-08T19:19:18Z" hostname="ede29418baef" tests="12" skipped="3" failures="0" errors="0" time="1.006">
    <testcase time="0.0180000000000007" classname="table_33" name="Table_33_generation_works_with_default_values"/>
    <testcase time="0.212999999999997" classname="table_33" name="Table_33_generation_works_with_default_values"/>
    <testcase time="0.0740000000000016" classname="table_33" name="Table_33_generation_works_with_default_values"/>
    <testcase time="0.0289999999999999" classname="table_33" name="Table_33_generation_works_with_default_values">
      <skipped message="Reason: On CRAN ('test-table_33.R:8:3')"/>
    </testcase>
    <testcase time="0.0139999999999993" classname="table_33" name="Table_33_generation_works_with_custom_values"/>
    <testcase time="0.208000000000002" classname="table_33" name="Table_33_generation_works_with_custom_values"/>
    <testcase time="0.0919999999999987" classname="table_33" name="Table_33_generation_works_with_custom_values"/>
    <testcase time="0.0399999999999991" classname="table_33" name="Table_33_generation_works_with_custom_values">
      <skipped message="Reason: On CRAN ('test-table_33.R:34:3')"/>
    </testcase>
    <testcase time="0.0139999999999993" classname="table_33" name="Table_33_generation_works_with_pruned_rows"/>
    <testcase time="0.205000000000002" classname="table_33" name="Table_33_generation_works_with_pruned_rows"/>
    <testcase time="0.0739999999999981" classname="table_33" name="Table_33_generation_works_with_pruned_rows"/>
    <testcase time="0.0250000000000021" classname="table_33" name="Table_33_generation_works_with_pruned_rows">
      <skipped message="Reason: On CRAN ('test-table_33.R:42:3')"/>
    </testcase>
  </testsuite>
</testsuites>
