<?xml version="1.0" encoding="UTF-8"?>
<testsuites>
  <testsuite name="table_02" timestamp="2023-08-09T00:48:43Z" hostname="5ad544aafa19" tests="21" skipped="7" failures="0" errors="0" time="10.711">
    <testcase time="0.0869999999999997" classname="table_02" name="Table_02_generation_works_with_default_values"/>
    <testcase time="0.79" classname="table_02" name="Table_02_generation_works_with_default_values"/>
    <testcase time="0.346" classname="table_02" name="Table_02_generation_works_with_default_values">
      <skipped message="Reason: On CRAN ('test-table_02.R:16:3')"/>
    </testcase>
    <testcase time="0.104" classname="table_02" name="Table_02_generation_works_with_custom_values"/>
    <testcase time="0.59" classname="table_02" name="Table_02_generation_works_with_custom_values"/>
    <testcase time="0.337" classname="table_02" name="Table_02_generation_works_with_custom_values">
      <skipped message="Reason: On CRAN ('test-table_02.R:45:3')"/>
    </testcase>
    <testcase time="0.0800000000000001" classname="table_02" name="Table_02_generation_works_with_some_NA_values"/>
    <testcase time="0.137" classname="table_02" name="Table_02_generation_works_with_some_NA_values"/>
    <testcase time="0.0710000000000006" classname="table_02" name="Table_02_generation_works_with_some_NA_values">
      <skipped message="Reason: On CRAN ('test-table_02.R:57:3')"/>
    </testcase>
    <testcase time="0.0249999999999995" classname="table_02" name="Table_02_generation_tplyr_works_with_default_values"/>
    <testcase time="2.674" classname="table_02" name="Table_02_generation_tplyr_works_with_default_values"/>
    <testcase time="0.0490000000000013" classname="table_02" name="Table_02_generation_tplyr_works_with_default_values">
      <skipped message="Reason: On CRAN ('test-table_02.R:66:3')"/>
    </testcase>
    <testcase time="0.0229999999999997" classname="table_02" name="Table_02_generation_tplyr_works_with_tplyr_raw_TRUE"/>
    <testcase time="1.658" classname="table_02" name="Table_02_generation_tplyr_works_with_tplyr_raw_TRUE"/>
    <testcase time="0.032" classname="table_02" name="Table_02_generation_tplyr_works_with_tplyr_raw_TRUE">
      <skipped message="Reason: On CRAN ('test-table_02.R:75:3')"/>
    </testcase>
    <testcase time="0.0670000000000002" classname="table_02" name="Table_02_generation_tplyr_works_with_custom_values"/>
    <testcase time="2.522" classname="table_02" name="Table_02_generation_tplyr_works_with_custom_values"/>
    <testcase time="0.0329999999999995" classname="table_02" name="Table_02_generation_tplyr_works_with_custom_values">
      <skipped message="Reason: On CRAN ('test-table_02.R:102:3')"/>
    </testcase>
    <testcase time="0.0500000000000007" classname="table_02" name="Table_02_generation_tplyr_works_with_some_NA_values"/>
    <testcase time="1.005" classname="table_02" name="Table_02_generation_tplyr_works_with_some_NA_values"/>
    <testcase time="0.0309999999999988" classname="table_02" name="Table_02_generation_tplyr_works_with_some_NA_values">
      <skipped message="Reason: On CRAN ('test-table_02.R:119:3')"/>
    </testcase>
  </testsuite>
  <testsuite name="table_05" timestamp="2023-08-09T00:48:54Z" hostname="5ad544aafa19" tests="9" skipped="3" failures="0" errors="0" time="1.731">
    <testcase time="0.245000000000001" classname="table_05" name="Table_05_generation_works_with_default_values"/>
    <testcase time="0.419" classname="table_05" name="Table_05_generation_works_with_default_values"/>
    <testcase time="0.109" classname="table_05" name="Table_05_generation_works_with_default_values">
      <skipped message="Reason: On CRAN ('test-table_05.R:10:3')"/>
    </testcase>
    <testcase time="0.0249999999999986" classname="table_05" name="Table_05_generation_works_with_custom_values"/>
    <testcase time="0.386000000000001" classname="table_05" name="Table_05_generation_works_with_custom_values"/>
    <testcase time="0.129999999999999" classname="table_05" name="Table_05_generation_works_with_custom_values">
      <skipped message="Reason: On CRAN ('test-table_05.R:34:3')"/>
    </testcase>
    <testcase time="0.0230000000000015" classname="table_05" name="Table_05_generation_works_with_NA_values_pruned_rows"/>
    <testcase time="0.282" classname="table_05" name="Table_05_generation_works_with_NA_values_pruned_rows"/>
    <testcase time="0.111999999999998" classname="table_05" name="Table_05_generation_works_with_NA_values_pruned_rows">
      <skipped message="Reason: On CRAN ('test-table_05.R:44:3')"/>
    </testcase>
  </testsuite>
  <testsuite name="table_06" timestamp="2023-08-09T00:48:55Z" hostname="5ad544aafa19" tests="10" skipped="2" failures="0" errors="0" time="1.801">
    <testcase time="0.0510000000000019" classname="table_06" name="Table_06_generation_works_with_default_values"/>
    <testcase time="0.000999999999997669" classname="table_06" name="Table_06_generation_works_with_default_values"/>
    <testcase time="0.0820000000000007" classname="table_06" name="Table_06_generation_works_with_default_values"/>
    <testcase time="0.536000000000001" classname="table_06" name="Table_06_generation_works_with_default_values"/>
    <testcase time="0.152000000000001" classname="table_06" name="Table_06_generation_works_with_default_values">
      <skipped message="Reason: On CRAN ('test-table_06.R:8:3')"/>
    </testcase>
    <testcase time="0.0229999999999997" classname="table_06" name="Table_06_generation_works_with_custom_values"/>
    <testcase time="0.000999999999997669" classname="table_06" name="Table_06_generation_works_with_custom_values"/>
    <testcase time="0.0730000000000004" classname="table_06" name="Table_06_generation_works_with_custom_values"/>
    <testcase time="0.679000000000002" classname="table_06" name="Table_06_generation_works_with_custom_values"/>
    <testcase time="0.202999999999999" classname="table_06" name="Table_06_generation_works_with_custom_values">
      <skipped message="Reason: On CRAN ('test-table_06.R:40:3')"/>
    </testcase>
  </testsuite>
  <testsuite name="table_07" timestamp="2023-08-09T00:48:57Z" hostname="5ad544aafa19" tests="18" skipped="3" failures="0" errors="0" time="2.425">
    <testcase time="0.0410000000000004" classname="table_07" name="Table_07_generation_works_with_default_values"/>
    <testcase time="0.000999999999997669" classname="table_07" name="Table_07_generation_works_with_default_values"/>
    <testcase time="0.00200000000000244" classname="table_07" name="Table_07_generation_works_with_default_values"/>
    <testcase time="0.0569999999999986" classname="table_07" name="Table_07_generation_works_with_default_values"/>
    <testcase time="0.475999999999999" classname="table_07" name="Table_07_generation_works_with_default_values"/>
    <testcase time="0.189" classname="table_07" name="Table_07_generation_works_with_default_values">
      <skipped message="Reason: On CRAN ('test-table_07.R:13:3')"/>
    </testcase>
    <testcase time="0.0240000000000009" classname="table_07" name="Table_07_generation_works_with_custom_values"/>
    <testcase time="0.00199999999999889" classname="table_07" name="Table_07_generation_works_with_custom_values"/>
    <testcase time="0.00200000000000244" classname="table_07" name="Table_07_generation_works_with_custom_values"/>
    <testcase time="0.0579999999999998" classname="table_07" name="Table_07_generation_works_with_custom_values"/>
    <testcase time="0.637999999999998" classname="table_07" name="Table_07_generation_works_with_custom_values"/>
    <testcase time="0.243000000000002" classname="table_07" name="Table_07_generation_works_with_custom_values">
      <skipped message="Reason: On CRAN ('test-table_07.R:42:3')"/>
    </testcase>
    <testcase time="0.0239999999999974" classname="table_07" name="Table_07_generation_works_with_NA_values_pruned_rows"/>
    <testcase time="0.00100000000000122" classname="table_07" name="Table_07_generation_works_with_NA_values_pruned_rows"/>
    <testcase time="0.000999999999997669" classname="table_07" name="Table_07_generation_works_with_NA_values_pruned_rows"/>
    <testcase time="0.0570000000000022" classname="table_07" name="Table_07_generation_works_with_NA_values_pruned_rows"/>
    <testcase time="0.427999999999997" classname="table_07" name="Table_07_generation_works_with_NA_values_pruned_rows"/>
    <testcase time="0.181000000000001" classname="table_07" name="Table_07_generation_works_with_NA_values_pruned_rows">
      <skipped message="Reason: On CRAN ('test-table_07.R:52:3')"/>
    </testcase>
  </testsuite>
  <testsuite name="table_08" timestamp="2023-08-09T00:48:59Z" hostname="5ad544aafa19" tests="8" skipped="2" failures="0" errors="0" time="0.586">
    <testcase time="0.0380000000000003" classname="table_08" name="Table_08_generation_works_with_default_values"/>
    <testcase time="0.00199999999999889" classname="table_08" name="Table_08_generation_works_with_default_values"/>
    <testcase time="0.0590000000000011" classname="table_08" name="Table_08_generation_works_with_default_values"/>
    <testcase time="0.166" classname="table_08" name="Table_08_generation_works_with_default_values">
      <skipped message="Reason: On CRAN ('test-table_08.R:10:3')"/>
    </testcase>
    <testcase time="0.022000000000002" classname="table_08" name="Table_08_generation_works_with_custom_values"/>
    <testcase time="0.00199999999999889" classname="table_08" name="Table_08_generation_works_with_custom_values"/>
    <testcase time="0.0539999999999985" classname="table_08" name="Table_08_generation_works_with_custom_values"/>
    <testcase time="0.243000000000002" classname="table_08" name="Table_08_generation_works_with_custom_values">
      <skipped message="Reason: On CRAN ('test-table_08.R:31:3')"/>
    </testcase>
  </testsuite>
  <testsuite name="table_09" timestamp="2023-08-09T00:49:00Z" hostname="5ad544aafa19" tests="8" skipped="2" failures="0" errors="0" time="1.272">
    <testcase time="0.0299999999999976" classname="table_09" name="Table_09_generation_works_with_default_values"/>
    <testcase time="0.0579999999999998" classname="table_09" name="Table_09_generation_works_with_default_values"/>
    <testcase time="0.374000000000002" classname="table_09" name="Table_09_generation_works_with_default_values"/>
    <testcase time="0.0969999999999978" classname="table_09" name="Table_09_generation_works_with_default_values">
      <skipped message="Reason: On CRAN ('test-table_09.R:8:3')"/>
    </testcase>
    <testcase time="0.022000000000002" classname="table_09" name="Table_09_generation_works_with_custom_values"/>
    <testcase time="0.0589999999999975" classname="table_09" name="Table_09_generation_works_with_custom_values"/>
    <testcase time="0.493000000000002" classname="table_09" name="Table_09_generation_works_with_custom_values"/>
    <testcase time="0.138999999999999" classname="table_09" name="Table_09_generation_works_with_custom_values">
      <skipped message="Reason: On CRAN ('test-table_09.R:39:3')"/>
    </testcase>
  </testsuite>
  <testsuite name="table_10" timestamp="2023-08-09T00:49:01Z" hostname="5ad544aafa19" tests="10" skipped="2" failures="0" errors="0" time="1.385">
    <testcase time="0.0339999999999989" classname="table_10" name="Table_10_generation_works_with_default_values"/>
    <testcase time="0.00199999999999889" classname="table_10" name="Table_10_generation_works_with_default_values"/>
    <testcase time="0.0579999999999998" classname="table_10" name="Table_10_generation_works_with_default_values"/>
    <testcase time="0.461000000000002" classname="table_10" name="Table_10_generation_works_with_default_values"/>
    <testcase time="0.198" classname="table_10" name="Table_10_generation_works_with_default_values">
      <skipped message="Reason: On CRAN ('test-table_10.R:17:3')"/>
    </testcase>
    <testcase time="0.0229999999999997" classname="table_10" name="Table_10_generation_works_with_custom_values"/>
    <testcase time="0.00200000000000244" classname="table_10" name="Table_10_generation_works_with_custom_values"/>
    <testcase time="0.0530000000000008" classname="table_10" name="Table_10_generation_works_with_custom_values"/>
    <testcase time="0.462999999999997" classname="table_10" name="Table_10_generation_works_with_custom_values"/>
    <testcase time="0.0910000000000011" classname="table_10" name="Table_10_generation_works_with_custom_values">
      <skipped message="Reason: On CRAN ('test-table_10.R:52:3')"/>
    </testcase>
  </testsuite>
  <testsuite name="table_11" timestamp="2023-08-09T00:49:03Z" hostname="5ad544aafa19" tests="8" skipped="2" failures="0" errors="0" time="2.102">
    <testcase time="0.0410000000000004" classname="table_11" name="Table_11_generation_works_with_default_values"/>
    <testcase time="0.114000000000001" classname="table_11" name="Table_11_generation_works_with_default_values"/>
    <testcase time="0.822000000000003" classname="table_11" name="Table_11_generation_works_with_default_values"/>
    <testcase time="0.195999999999998" classname="table_11" name="Table_11_generation_works_with_default_values">
      <skipped message="Reason: On CRAN ('test-table_11.R:18:3')"/>
    </testcase>
    <testcase time="0.0240000000000009" classname="table_11" name="Table_11_generation_works_with_custom_values"/>
    <testcase time="0.0790000000000006" classname="table_11" name="Table_11_generation_works_with_custom_values"/>
    <testcase time="0.727999999999998" classname="table_11" name="Table_11_generation_works_with_custom_values"/>
    <testcase time="0.0980000000000025" classname="table_11" name="Table_11_generation_works_with_custom_values">
      <skipped message="Reason: On CRAN ('test-table_11.R:48:3')"/>
    </testcase>
  </testsuite>
  <testsuite name="table_12" timestamp="2023-08-09T00:49:05Z" hostname="5ad544aafa19" tests="8" skipped="2" failures="0" errors="0" time="2.61">
    <testcase time="0.0279999999999987" classname="table_12" name="Table_12_generation_works_with_default_values"/>
    <testcase time="0.0680000000000014" classname="table_12" name="Table_12_generation_works_with_default_values"/>
    <testcase time="1.017" classname="table_12" name="Table_12_generation_works_with_default_values"/>
    <testcase time="0.167999999999999" classname="table_12" name="Table_12_generation_works_with_default_values">
      <skipped message="Reason: On CRAN ('test-table_12.R:9:3')"/>
    </testcase>
    <testcase time="0.0219999999999985" classname="table_12" name="Table_12_generation_works_with_custom_values"/>
    <testcase time="0.0670000000000002" classname="table_12" name="Table_12_generation_works_with_custom_values"/>
    <testcase time="1.068" classname="table_12" name="Table_12_generation_works_with_custom_values"/>
    <testcase time="0.172000000000001" classname="table_12" name="Table_12_generation_works_with_custom_values">
      <skipped message="Reason: On CRAN ('test-table_12.R:39:3')"/>
    </testcase>
  </testsuite>
  <testsuite name="table_13" timestamp="2023-08-09T00:49:07Z" hostname="5ad544aafa19" tests="8" skipped="2" failures="0" errors="0" time="0.739">
    <testcase time="0.0279999999999987" classname="table_13" name="Table_13_generation_works_with_default_values"/>
    <testcase time="0.0659999999999989" classname="table_13" name="Table_13_generation_works_with_default_values"/>
    <testcase time="0.162000000000003" classname="table_13" name="Table_13_generation_works_with_default_values"/>
    <testcase time="0.106999999999999" classname="table_13" name="Table_13_generation_works_with_default_values">
      <skipped message="Reason: On CRAN ('test-table_13.R:8:3')"/>
    </testcase>
    <testcase time="0.0249999999999986" classname="table_13" name="Table_13_generation_works_with_custom_values"/>
    <testcase time="0.0770000000000017" classname="table_13" name="Table_13_generation_works_with_custom_values"/>
    <testcase time="0.206" classname="table_13" name="Table_13_generation_works_with_custom_values"/>
    <testcase time="0.0680000000000014" classname="table_13" name="Table_13_generation_works_with_custom_values">
      <skipped message="Reason: On CRAN ('test-table_13.R:38:3')"/>
    </testcase>
  </testsuite>
  <testsuite name="table_14" timestamp="2023-08-09T00:49:08Z" hostname="5ad544aafa19" tests="10" skipped="3" failures="0" errors="0" time="3.247">
    <testcase time="0.0389999999999979" classname="table_14" name="Table_14_generation_works_with_default_values"/>
    <testcase time="0.699000000000002" classname="table_14" name="Table_14_generation_works_with_default_values"/>
    <testcase time="0.221999999999998" classname="table_14" name="Table_14_generation_works_with_default_values">
      <skipped message="Reason: On CRAN ('test-table_14.R:16:3')"/>
    </testcase>
    <testcase time="0.022000000000002" classname="table_14" name="Table_14_generation_works_with_custom_values"/>
    <testcase time="0.0670000000000002" classname="table_14" name="Table_14_generation_works_with_custom_values"/>
    <testcase time="0.768999999999998" classname="table_14" name="Table_14_generation_works_with_custom_values"/>
    <testcase time="0.219000000000001" classname="table_14" name="Table_14_generation_works_with_custom_values">
      <skipped message="Reason: On CRAN ('test-table_14.R:46:3')"/>
    </testcase>
    <testcase time="0.027000000000001" classname="table_14" name="Table_14_generation_works_with_NA_values_pruned_rows"/>
    <testcase time="1.014" classname="table_14" name="Table_14_generation_works_with_NA_values_pruned_rows"/>
    <testcase time="0.169000000000004" classname="table_14" name="Table_14_generation_works_with_NA_values_pruned_rows">
      <skipped message="Reason: On CRAN ('test-table_14.R:53:3')"/>
    </testcase>
  </testsuite>
  <testsuite name="table_20" timestamp="2023-08-09T00:49:11Z" hostname="5ad544aafa19" tests="18" skipped="3" failures="0" errors="0" time="2.337">
    <testcase time="0.0339999999999989" classname="table_20" name="Table_20_generation_works_with_default_values"/>
    <testcase time="0.000999999999997669" classname="table_20" name="Table_20_generation_works_with_default_values"/>
    <testcase time="0.00200000000000244" classname="table_20" name="Table_20_generation_works_with_default_values"/>
    <testcase time="0.0579999999999998" classname="table_20" name="Table_20_generation_works_with_default_values"/>
    <testcase time="0.478999999999999" classname="table_20" name="Table_20_generation_works_with_default_values"/>
    <testcase time="0.126000000000005" classname="table_20" name="Table_20_generation_works_with_default_values">
      <skipped message="Reason: On CRAN ('test-table_20.R:17:3')"/>
    </testcase>
    <testcase time="0.0219999999999985" classname="table_20" name="Table_20_generation_works_with_custom_values"/>
    <testcase time="0.000999999999997669" classname="table_20" name="Table_20_generation_works_with_custom_values"/>
    <testcase time="0.00200000000000244" classname="table_20" name="Table_20_generation_works_with_custom_values"/>
    <testcase time="0.0619999999999976" classname="table_20" name="Table_20_generation_works_with_custom_values"/>
    <testcase time="0.734999999999999" classname="table_20" name="Table_20_generation_works_with_custom_values"/>
    <testcase time="0.158000000000001" classname="table_20" name="Table_20_generation_works_with_custom_values">
      <skipped message="Reason: On CRAN ('test-table_20.R:65:3')"/>
    </testcase>
    <testcase time="0.0230000000000032" classname="table_20" name="Table_20_generation_works_with_missing_values_pruned_rows"/>
    <testcase time="0.00199999999999534" classname="table_20" name="Table_20_generation_works_with_missing_values_pruned_rows"/>
    <testcase time="0.00100000000000477" classname="table_20" name="Table_20_generation_works_with_missing_values_pruned_rows"/>
    <testcase time="0.0609999999999999" classname="table_20" name="Table_20_generation_works_with_missing_values_pruned_rows"/>
    <testcase time="0.457000000000001" classname="table_20" name="Table_20_generation_works_with_missing_values_pruned_rows"/>
    <testcase time="0.113" classname="table_20" name="Table_20_generation_works_with_missing_values_pruned_rows">
      <skipped message="Reason: On CRAN ('test-table_20.R:74:3')"/>
    </testcase>
  </testsuite>
  <testsuite name="table_32" timestamp="2023-08-09T00:49:14Z" hostname="5ad544aafa19" tests="12" skipped="3" failures="0" errors="0" time="0.983">
    <testcase time="0.0289999999999964" classname="table_32" name="Table_32_generation_works_with_default_values"/>
    <testcase time="0.0679999999999978" classname="table_32" name="Table_32_generation_works_with_default_values"/>
    <testcase time="0.162000000000006" classname="table_32" name="Table_32_generation_works_with_default_values"/>
    <testcase time="0.0609999999999999" classname="table_32" name="Table_32_generation_works_with_default_values">
      <skipped message="Reason: On CRAN ('test-table_32.R:8:3')"/>
    </testcase>
    <testcase time="0.0219999999999985" classname="table_32" name="Table_32_generation_works_with_custom_values"/>
    <testcase time="0.0719999999999956" classname="table_32" name="Table_32_generation_works_with_custom_values"/>
    <testcase time="0.18" classname="table_32" name="Table_32_generation_works_with_custom_values"/>
    <testcase time="0.0890000000000057" classname="table_32" name="Table_32_generation_works_with_custom_values">
      <skipped message="Reason: On CRAN ('test-table_32.R:30:3')"/>
    </testcase>
    <testcase time="0.0289999999999964" classname="table_32" name="Table_32_generation_works_with_pruned_rows"/>
    <testcase time="0.070999999999998" classname="table_32" name="Table_32_generation_works_with_pruned_rows"/>
    <testcase time="0.154000000000003" classname="table_32" name="Table_32_generation_works_with_pruned_rows"/>
    <testcase time="0.0459999999999994" classname="table_32" name="Table_32_generation_works_with_pruned_rows">
      <skipped message="Reason: On CRAN ('test-table_32.R:37:3')"/>
    </testcase>
  </testsuite>
  <testsuite name="table_33" timestamp="2023-08-09T00:49:15Z" hostname="5ad544aafa19" tests="12" skipped="3" failures="0" errors="0" time="1.935">
    <testcase time="0.027000000000001" classname="table_33" name="Table_33_generation_works_with_default_values"/>
    <testcase time="0.421999999999997" classname="table_33" name="Table_33_generation_works_with_default_values"/>
    <testcase time="0.134" classname="table_33" name="Table_33_generation_works_with_default_values"/>
    <testcase time="0.054000000000002" classname="table_33" name="Table_33_generation_works_with_default_values">
      <skipped message="Reason: On CRAN ('test-table_33.R:8:3')"/>
    </testcase>
    <testcase time="0.0249999999999986" classname="table_33" name="Table_33_generation_works_with_custom_values"/>
    <testcase time="0.439" classname="table_33" name="Table_33_generation_works_with_custom_values"/>
    <testcase time="0.152000000000001" classname="table_33" name="Table_33_generation_works_with_custom_values"/>
    <testcase time="0.0679999999999978" classname="table_33" name="Table_33_generation_works_with_custom_values">
      <skipped message="Reason: On CRAN ('test-table_33.R:34:3')"/>
    </testcase>
    <testcase time="0.0220000000000056" classname="table_33" name="Table_33_generation_works_with_pruned_rows"/>
    <testcase time="0.433" classname="table_33" name="Table_33_generation_works_with_pruned_rows"/>
    <testcase time="0.119" classname="table_33" name="Table_33_generation_works_with_pruned_rows"/>
    <testcase time="0.0399999999999991" classname="table_33" name="Table_33_generation_works_with_pruned_rows">
      <skipped message="Reason: On CRAN ('test-table_33.R:42:3')"/>
    </testcase>
  </testsuite>
</testsuites>
