<?xml version="1.0" encoding="UTF-8"?>
<testsuites>
  <testsuite name="table_02" timestamp="2023-08-04T00:54:14Z" hostname="6bbd6b1779ef" tests="21" skipped="7" failures="0" errors="0" time="9.797">
    <testcase time="0.0880000000000001" classname="table_02" name="Table_02_generation_works_with_default_values"/>
    <testcase time="0.775" classname="table_02" name="Table_02_generation_works_with_default_values"/>
    <testcase time="0.327" classname="table_02" name="Table_02_generation_works_with_default_values">
      <skipped message="Reason: On CRAN ('test-table_02.R:16:3')"/>
    </testcase>
    <testcase time="0.0960000000000001" classname="table_02" name="Table_02_generation_works_with_custom_values"/>
    <testcase time="0.558" classname="table_02" name="Table_02_generation_works_with_custom_values"/>
    <testcase time="0.306" classname="table_02" name="Table_02_generation_works_with_custom_values">
      <skipped message="Reason: On CRAN ('test-table_02.R:45:3')"/>
    </testcase>
    <testcase time="0.0759999999999996" classname="table_02" name="Table_02_generation_works_with_some_NA_values"/>
    <testcase time="0.135000000000001" classname="table_02" name="Table_02_generation_works_with_some_NA_values"/>
    <testcase time="0.0720000000000001" classname="table_02" name="Table_02_generation_works_with_some_NA_values">
      <skipped message="Reason: On CRAN ('test-table_02.R:57:3')"/>
    </testcase>
    <testcase time="0.0219999999999994" classname="table_02" name="Table_02_generation_tplyr_works_with_default_values"/>
    <testcase time="2.391" classname="table_02" name="Table_02_generation_tplyr_works_with_default_values"/>
    <testcase time="0.0459999999999994" classname="table_02" name="Table_02_generation_tplyr_works_with_default_values">
      <skipped message="Reason: On CRAN ('test-table_02.R:66:3')"/>
    </testcase>
    <testcase time="0.0199999999999996" classname="table_02" name="Table_02_generation_tplyr_works_with_tplyr_raw_TRUE"/>
    <testcase time="1.544" classname="table_02" name="Table_02_generation_tplyr_works_with_tplyr_raw_TRUE"/>
    <testcase time="0.0299999999999994" classname="table_02" name="Table_02_generation_tplyr_works_with_tplyr_raw_TRUE">
      <skipped message="Reason: On CRAN ('test-table_02.R:75:3')"/>
    </testcase>
    <testcase time="0.0560000000000009" classname="table_02" name="Table_02_generation_tplyr_works_with_custom_values"/>
    <testcase time="2.26" classname="table_02" name="Table_02_generation_tplyr_works_with_custom_values"/>
    <testcase time="0.0289999999999999" classname="table_02" name="Table_02_generation_tplyr_works_with_custom_values">
      <skipped message="Reason: On CRAN ('test-table_02.R:102:3')"/>
    </testcase>
    <testcase time="0.0440000000000005" classname="table_02" name="Table_02_generation_tplyr_works_with_some_NA_values"/>
    <testcase time="0.895999999999999" classname="table_02" name="Table_02_generation_tplyr_works_with_some_NA_values"/>
    <testcase time="0.0259999999999998" classname="table_02" name="Table_02_generation_tplyr_works_with_some_NA_values">
      <skipped message="Reason: On CRAN ('test-table_02.R:119:3')"/>
    </testcase>
  </testsuite>
  <testsuite name="table_05" timestamp="2023-08-04T00:54:24Z" hostname="6bbd6b1779ef" tests="9" skipped="3" failures="0" errors="0" time="1.492">
    <testcase time="0.23" classname="table_05" name="Table_05_generation_works_with_default_values"/>
    <testcase time="0.363" classname="table_05" name="Table_05_generation_works_with_default_values"/>
    <testcase time="0.0940000000000012" classname="table_05" name="Table_05_generation_works_with_default_values">
      <skipped message="Reason: On CRAN ('test-table_05.R:10:3')"/>
    </testcase>
    <testcase time="0.0190000000000001" classname="table_05" name="Table_05_generation_works_with_custom_values"/>
    <testcase time="0.292999999999999" classname="table_05" name="Table_05_generation_works_with_custom_values"/>
    <testcase time="0.115" classname="table_05" name="Table_05_generation_works_with_custom_values">
      <skipped message="Reason: On CRAN ('test-table_05.R:34:3')"/>
    </testcase>
    <testcase time="0.0220000000000002" classname="table_05" name="Table_05_generation_works_with_NA_values_pruned_rows"/>
    <testcase time="0.250999999999999" classname="table_05" name="Table_05_generation_works_with_NA_values_pruned_rows"/>
    <testcase time="0.105" classname="table_05" name="Table_05_generation_works_with_NA_values_pruned_rows">
      <skipped message="Reason: On CRAN ('test-table_05.R:44:3')"/>
    </testcase>
  </testsuite>
  <testsuite name="table_06" timestamp="2023-08-04T00:54:26Z" hostname="6bbd6b1779ef" tests="10" skipped="2" failures="0" errors="0" time="1.619">
    <testcase time="0.0500000000000007" classname="table_06" name="Table_06_generation_works_with_default_values"/>
    <testcase time="0.00199999999999889" classname="table_06" name="Table_06_generation_works_with_default_values"/>
    <testcase time="0.0790000000000006" classname="table_06" name="Table_06_generation_works_with_default_values"/>
    <testcase time="0.461" classname="table_06" name="Table_06_generation_works_with_default_values"/>
    <testcase time="0.126999999999999" classname="table_06" name="Table_06_generation_works_with_default_values">
      <skipped message="Reason: On CRAN ('test-table_06.R:8:3')"/>
    </testcase>
    <testcase time="0.0190000000000001" classname="table_06" name="Table_06_generation_works_with_custom_values"/>
    <testcase time="0.00100000000000122" classname="table_06" name="Table_06_generation_works_with_custom_values"/>
    <testcase time="0.0649999999999995" classname="table_06" name="Table_06_generation_works_with_custom_values"/>
    <testcase time="0.630999999999998" classname="table_06" name="Table_06_generation_works_with_custom_values"/>
    <testcase time="0.184000000000001" classname="table_06" name="Table_06_generation_works_with_custom_values">
      <skipped message="Reason: On CRAN ('test-table_06.R:40:3')"/>
    </testcase>
  </testsuite>
  <testsuite name="table_07" timestamp="2023-08-04T00:54:27Z" hostname="6bbd6b1779ef" tests="18" skipped="3" failures="0" errors="0" time="2.157">
    <testcase time="0.0300000000000011" classname="table_07" name="Table_07_generation_works_with_default_values"/>
    <testcase time="0.000999999999997669" classname="table_07" name="Table_07_generation_works_with_default_values"/>
    <testcase time="0.00100000000000122" classname="table_07" name="Table_07_generation_works_with_default_values"/>
    <testcase time="0.0510000000000019" classname="table_07" name="Table_07_generation_works_with_default_values"/>
    <testcase time="0.436999999999998" classname="table_07" name="Table_07_generation_works_with_default_values"/>
    <testcase time="0.161999999999999" classname="table_07" name="Table_07_generation_works_with_default_values">
      <skipped message="Reason: On CRAN ('test-table_07.R:13:3')"/>
    </testcase>
    <testcase time="0.0210000000000008" classname="table_07" name="Table_07_generation_works_with_custom_values"/>
    <testcase time="0.00100000000000122" classname="table_07" name="Table_07_generation_works_with_custom_values"/>
    <testcase time="0.00199999999999889" classname="table_07" name="Table_07_generation_works_with_custom_values"/>
    <testcase time="0.054000000000002" classname="table_07" name="Table_07_generation_works_with_custom_values"/>
    <testcase time="0.599" classname="table_07" name="Table_07_generation_works_with_custom_values"/>
    <testcase time="0.219999999999999" classname="table_07" name="Table_07_generation_works_with_custom_values">
      <skipped message="Reason: On CRAN ('test-table_07.R:42:3')"/>
    </testcase>
    <testcase time="0.0199999999999996" classname="table_07" name="Table_07_generation_works_with_NA_values_pruned_rows"/>
    <testcase time="0.00100000000000122" classname="table_07" name="Table_07_generation_works_with_NA_values_pruned_rows"/>
    <testcase time="0.00199999999999889" classname="table_07" name="Table_07_generation_works_with_NA_values_pruned_rows"/>
    <testcase time="0.0470000000000006" classname="table_07" name="Table_07_generation_works_with_NA_values_pruned_rows"/>
    <testcase time="0.352999999999998" classname="table_07" name="Table_07_generation_works_with_NA_values_pruned_rows"/>
    <testcase time="0.155000000000001" classname="table_07" name="Table_07_generation_works_with_NA_values_pruned_rows">
      <skipped message="Reason: On CRAN ('test-table_07.R:52:3')"/>
    </testcase>
  </testsuite>
  <testsuite name="table_08" timestamp="2023-08-04T00:54:29Z" hostname="6bbd6b1779ef" tests="8" skipped="2" failures="0" errors="0" time="0.562">
    <testcase time="0.0350000000000001" classname="table_08" name="Table_08_generation_works_with_default_values"/>
    <testcase time="0.00100000000000122" classname="table_08" name="Table_08_generation_works_with_default_values"/>
    <testcase time="0.0509999999999984" classname="table_08" name="Table_08_generation_works_with_default_values"/>
    <testcase time="0.173999999999999" classname="table_08" name="Table_08_generation_works_with_default_values">
      <skipped message="Reason: On CRAN ('test-table_08.R:10:3')"/>
    </testcase>
    <testcase time="0.0229999999999997" classname="table_08" name="Table_08_generation_works_with_custom_values"/>
    <testcase time="0.00100000000000122" classname="table_08" name="Table_08_generation_works_with_custom_values"/>
    <testcase time="0.0530000000000008" classname="table_08" name="Table_08_generation_works_with_custom_values"/>
    <testcase time="0.224" classname="table_08" name="Table_08_generation_works_with_custom_values">
      <skipped message="Reason: On CRAN ('test-table_08.R:31:3')"/>
    </testcase>
  </testsuite>
  <testsuite name="table_09" timestamp="2023-08-04T00:54:30Z" hostname="6bbd6b1779ef" tests="8" skipped="2" failures="0" errors="0" time="1.078">
    <testcase time="0.0229999999999997" classname="table_09" name="Table_09_generation_works_with_default_values"/>
    <testcase time="0.049000000000003" classname="table_09" name="Table_09_generation_works_with_default_values"/>
    <testcase time="0.321999999999999" classname="table_09" name="Table_09_generation_works_with_default_values"/>
    <testcase time="0.0910000000000011" classname="table_09" name="Table_09_generation_works_with_default_values">
      <skipped message="Reason: On CRAN ('test-table_09.R:8:3')"/>
    </testcase>
    <testcase time="0.0209999999999972" classname="table_09" name="Table_09_generation_works_with_custom_values"/>
    <testcase time="0.0530000000000008" classname="table_09" name="Table_09_generation_works_with_custom_values"/>
    <testcase time="0.419" classname="table_09" name="Table_09_generation_works_with_custom_values"/>
    <testcase time="0.100000000000001" classname="table_09" name="Table_09_generation_works_with_custom_values">
      <skipped message="Reason: On CRAN ('test-table_09.R:39:3')"/>
    </testcase>
  </testsuite>
  <testsuite name="table_13" timestamp="2023-08-04T00:54:31Z" hostname="6bbd6b1779ef" tests="8" skipped="2" failures="0" errors="0" time="0.675">
    <testcase time="0.0229999999999997" classname="table_13" name="Table_13_generation_works_with_default_values"/>
    <testcase time="0.0559999999999974" classname="table_13" name="Table_13_generation_works_with_default_values"/>
    <testcase time="0.151" classname="table_13" name="Table_13_generation_works_with_default_values"/>
    <testcase time="0.0920000000000023" classname="table_13" name="Table_13_generation_works_with_default_values">
      <skipped message="Reason: On CRAN ('test-table_13.R:8:3')"/>
    </testcase>
    <testcase time="0.0219999999999985" classname="table_13" name="Table_13_generation_works_with_custom_values"/>
    <testcase time="0.0630000000000024" classname="table_13" name="Table_13_generation_works_with_custom_values"/>
    <testcase time="0.199999999999999" classname="table_13" name="Table_13_generation_works_with_custom_values"/>
    <testcase time="0.0679999999999978" classname="table_13" name="Table_13_generation_works_with_custom_values">
      <skipped message="Reason: On CRAN ('test-table_13.R:38:3')"/>
    </testcase>
  </testsuite>
  <testsuite name="table_14" timestamp="2023-08-04T00:54:32Z" hostname="6bbd6b1779ef" tests="10" skipped="3" failures="0" errors="0" time="2.693">
    <testcase time="0.0420000000000016" classname="table_14" name="Table_14_generation_works_with_default_values"/>
    <testcase time="0.684000000000001" classname="table_14" name="Table_14_generation_works_with_default_values"/>
    <testcase time="0.216000000000001" classname="table_14" name="Table_14_generation_works_with_default_values">
      <skipped message="Reason: On CRAN ('test-table_14.R:16:3')"/>
    </testcase>
    <testcase time="0.0199999999999996" classname="table_14" name="Table_14_generation_works_with_custom_values"/>
    <testcase time="0.0640000000000001" classname="table_14" name="Table_14_generation_works_with_custom_values"/>
    <testcase time="0.661999999999999" classname="table_14" name="Table_14_generation_works_with_custom_values"/>
    <testcase time="0.187000000000001" classname="table_14" name="Table_14_generation_works_with_custom_values">
      <skipped message="Reason: On CRAN ('test-table_14.R:46:3')"/>
    </testcase>
    <testcase time="0.0199999999999996" classname="table_14" name="Table_14_generation_works_with_NA_values_pruned_rows"/>
    <testcase time="0.638000000000002" classname="table_14" name="Table_14_generation_works_with_NA_values_pruned_rows"/>
    <testcase time="0.16" classname="table_14" name="Table_14_generation_works_with_NA_values_pruned_rows">
      <skipped message="Reason: On CRAN ('test-table_14.R:53:3')"/>
    </testcase>
  </testsuite>
  <testsuite name="table_20" timestamp="2023-08-04T00:54:35Z" hostname="6bbd6b1779ef" tests="18" skipped="3" failures="0" errors="0" time="2.196">
    <testcase time="0.0279999999999987" classname="table_20" name="Table_20_generation_works_with_default_values"/>
    <testcase time="0.00100000000000122" classname="table_20" name="Table_20_generation_works_with_default_values"/>
    <testcase time="0.000999999999997669" classname="table_20" name="Table_20_generation_works_with_default_values"/>
    <testcase time="0.0530000000000008" classname="table_20" name="Table_20_generation_works_with_default_values"/>
    <testcase time="0.443999999999999" classname="table_20" name="Table_20_generation_works_with_default_values"/>
    <testcase time="0.124000000000002" classname="table_20" name="Table_20_generation_works_with_default_values">
      <skipped message="Reason: On CRAN ('test-table_20.R:17:3')"/>
    </testcase>
    <testcase time="0.0189999999999984" classname="table_20" name="Table_20_generation_works_with_custom_values"/>
    <testcase time="0.00100000000000122" classname="table_20" name="Table_20_generation_works_with_custom_values"/>
    <testcase time="0.000999999999997669" classname="table_20" name="Table_20_generation_works_with_custom_values"/>
    <testcase time="0.0580000000000034" classname="table_20" name="Table_20_generation_works_with_custom_values"/>
    <testcase time="0.718" classname="table_20" name="Table_20_generation_works_with_custom_values"/>
    <testcase time="0.154999999999998" classname="table_20" name="Table_20_generation_works_with_custom_values">
      <skipped message="Reason: On CRAN ('test-table_20.R:65:3')"/>
    </testcase>
    <testcase time="0.0169999999999995" classname="table_20" name="Table_20_generation_works_with_missing_values_pruned_rows"/>
    <testcase time="0.00100000000000122" classname="table_20" name="Table_20_generation_works_with_missing_values_pruned_rows"/>
    <testcase time="0.00100000000000122" classname="table_20" name="Table_20_generation_works_with_missing_values_pruned_rows"/>
    <testcase time="0.0500000000000007" classname="table_20" name="Table_20_generation_works_with_missing_values_pruned_rows"/>
    <testcase time="0.401" classname="table_20" name="Table_20_generation_works_with_missing_values_pruned_rows"/>
    <testcase time="0.123000000000001" classname="table_20" name="Table_20_generation_works_with_missing_values_pruned_rows">
      <skipped message="Reason: On CRAN ('test-table_20.R:74:3')"/>
    </testcase>
  </testsuite>
  <testsuite name="table_32" timestamp="2023-08-04T00:54:37Z" hostname="6bbd6b1779ef" tests="12" skipped="3" failures="0" errors="0" time="0.94">
    <testcase time="0.0249999999999986" classname="table_32" name="Table_32_generation_works_with_default_values"/>
    <testcase time="0.0640000000000001" classname="table_32" name="Table_32_generation_works_with_default_values"/>
    <testcase time="0.164999999999999" classname="table_32" name="Table_32_generation_works_with_default_values"/>
    <testcase time="0.0530000000000008" classname="table_32" name="Table_32_generation_works_with_default_values">
      <skipped message="Reason: On CRAN ('test-table_32.R:8:3')"/>
    </testcase>
    <testcase time="0.0189999999999984" classname="table_32" name="Table_32_generation_works_with_custom_values"/>
    <testcase time="0.0620000000000012" classname="table_32" name="Table_32_generation_works_with_custom_values"/>
    <testcase time="0.184000000000001" classname="table_32" name="Table_32_generation_works_with_custom_values"/>
    <testcase time="0.0679999999999978" classname="table_32" name="Table_32_generation_works_with_custom_values">
      <skipped message="Reason: On CRAN ('test-table_32.R:30:3')"/>
    </testcase>
    <testcase time="0.022000000000002" classname="table_32" name="Table_32_generation_works_with_pruned_rows"/>
    <testcase time="0.0779999999999994" classname="table_32" name="Table_32_generation_works_with_pruned_rows"/>
    <testcase time="0.149999999999999" classname="table_32" name="Table_32_generation_works_with_pruned_rows"/>
    <testcase time="0.0500000000000007" classname="table_32" name="Table_32_generation_works_with_pruned_rows">
      <skipped message="Reason: On CRAN ('test-table_32.R:37:3')"/>
    </testcase>
  </testsuite>
  <testsuite name="table_33" timestamp="2023-08-04T00:54:38Z" hostname="6bbd6b1779ef" tests="12" skipped="3" failures="0" errors="0" time="2.039">
    <testcase time="0.0280000000000022" classname="table_33" name="Table_33_generation_works_with_default_values"/>
    <testcase time="0.415999999999997" classname="table_33" name="Table_33_generation_works_with_default_values"/>
    <testcase time="0.388000000000002" classname="table_33" name="Table_33_generation_works_with_default_values"/>
    <testcase time="0.0479999999999983" classname="table_33" name="Table_33_generation_works_with_default_values">
      <skipped message="Reason: On CRAN ('test-table_33.R:8:3')"/>
    </testcase>
    <testcase time="0.0210000000000008" classname="table_33" name="Table_33_generation_works_with_custom_values"/>
    <testcase time="0.406000000000002" classname="table_33" name="Table_33_generation_works_with_custom_values"/>
    <testcase time="0.117999999999999" classname="table_33" name="Table_33_generation_works_with_custom_values"/>
    <testcase time="0.0470000000000006" classname="table_33" name="Table_33_generation_works_with_custom_values">
      <skipped message="Reason: On CRAN ('test-table_33.R:34:3')"/>
    </testcase>
    <testcase time="0.0169999999999995" classname="table_33" name="Table_33_generation_works_with_pruned_rows"/>
    <testcase time="0.385999999999999" classname="table_33" name="Table_33_generation_works_with_pruned_rows"/>
    <testcase time="0.127000000000002" classname="table_33" name="Table_33_generation_works_with_pruned_rows"/>
    <testcase time="0.036999999999999" classname="table_33" name="Table_33_generation_works_with_pruned_rows">
      <skipped message="Reason: On CRAN ('test-table_33.R:42:3')"/>
    </testcase>
  </testsuite>
</testsuites>
