<?xml version="1.0" encoding="UTF-8"?>
<testsuites>
  <testsuite name="table_02" timestamp="2023-07-18T00:50:57Z" hostname="cbd0b11498dc" tests="9" skipped="3" failures="0" errors="0" time="2.693">
    <testcase time="0.0800000000000001" classname="table_02" name="Table_02_generation_works_with_default_values"/>
    <testcase time="0.83" classname="table_02" name="Table_02_generation_works_with_default_values"/>
    <testcase time="0.324" classname="table_02" name="Table_02_generation_works_with_default_values">
      <skipped message="Reason: On CRAN ('test-table_02.R:16:3')"/>
    </testcase>
    <testcase time="0.132" classname="table_02" name="Table_02_generation_works_with_custom_values"/>
    <testcase time="0.644" classname="table_02" name="Table_02_generation_works_with_custom_values"/>
    <testcase time="0.376" classname="table_02" name="Table_02_generation_works_with_custom_values">
      <skipped message="Reason: On CRAN ('test-table_02.R:45:3')"/>
    </testcase>
    <testcase time="0.0810000000000004" classname="table_02" name="Table_02_generation_works_with_some_NA_values"/>
    <testcase time="0.146" classname="table_02" name="Table_02_generation_works_with_some_NA_values"/>
    <testcase time="0.0800000000000001" classname="table_02" name="Table_02_generation_works_with_some_NA_values">
      <skipped message="Reason: On CRAN ('test-table_02.R:57:3')"/>
    </testcase>
  </testsuite>
  <testsuite name="table_05" timestamp="2023-07-18T00:51:00Z" hostname="cbd0b11498dc" tests="9" skipped="3" failures="0" errors="0" time="1.643">
    <testcase time="0.26" classname="table_05" name="Table_05_generation_works_with_default_values"/>
    <testcase time="0.395" classname="table_05" name="Table_05_generation_works_with_default_values"/>
    <testcase time="0.114" classname="table_05" name="Table_05_generation_works_with_default_values">
      <skipped message="Reason: On CRAN ('test-table_05.R:10:3')"/>
    </testcase>
    <testcase time="0.0200000000000005" classname="table_05" name="Table_05_generation_works_with_custom_values"/>
    <testcase time="0.344" classname="table_05" name="Table_05_generation_works_with_custom_values"/>
    <testcase time="0.124" classname="table_05" name="Table_05_generation_works_with_custom_values">
      <skipped message="Reason: On CRAN ('test-table_05.R:34:3')"/>
    </testcase>
    <testcase time="0.0229999999999997" classname="table_05" name="Table_05_generation_works_with_NA_values_pruned_rows"/>
    <testcase time="0.259" classname="table_05" name="Table_05_generation_works_with_NA_values_pruned_rows"/>
    <testcase time="0.104" classname="table_05" name="Table_05_generation_works_with_NA_values_pruned_rows">
      <skipped message="Reason: On CRAN ('test-table_05.R:44:3')"/>
    </testcase>
  </testsuite>
  <testsuite name="table_06" timestamp="2023-07-18T00:51:01Z" hostname="cbd0b11498dc" tests="10" skipped="2" failures="0" errors="0" time="2.035">
    <testcase time="0.0490000000000004" classname="table_06" name="Table_06_generation_works_with_default_values"/>
    <testcase time="0.000999999999999446" classname="table_06" name="Table_06_generation_works_with_default_values"/>
    <testcase time="0.0779999999999994" classname="table_06" name="Table_06_generation_works_with_default_values"/>
    <testcase time="0.524000000000001" classname="table_06" name="Table_06_generation_works_with_default_values"/>
    <testcase time="0.141999999999999" classname="table_06" name="Table_06_generation_works_with_default_values">
      <skipped message="Reason: On CRAN ('test-table_06.R:8:3')"/>
    </testcase>
    <testcase time="0.0199999999999996" classname="table_06" name="Table_06_generation_works_with_custom_values"/>
    <testcase time="0.00200000000000067" classname="table_06" name="Table_06_generation_works_with_custom_values"/>
    <testcase time="0.0709999999999997" classname="table_06" name="Table_06_generation_works_with_custom_values"/>
    <testcase time="0.957000000000001" classname="table_06" name="Table_06_generation_works_with_custom_values"/>
    <testcase time="0.190999999999999" classname="table_06" name="Table_06_generation_works_with_custom_values">
      <skipped message="Reason: On CRAN ('test-table_06.R:40:3')"/>
    </testcase>
  </testsuite>
  <testsuite name="table_07" timestamp="2023-07-18T00:51:03Z" hostname="cbd0b11498dc" tests="18" skipped="3" failures="0" errors="0" time="2.266">
    <testcase time="0.0300000000000011" classname="table_07" name="Table_07_generation_works_with_default_values"/>
    <testcase time="0.000999999999999446" classname="table_07" name="Table_07_generation_works_with_default_values"/>
    <testcase time="0.00200000000000067" classname="table_07" name="Table_07_generation_works_with_default_values"/>
    <testcase time="0.0619999999999994" classname="table_07" name="Table_07_generation_works_with_default_values"/>
    <testcase time="0.43" classname="table_07" name="Table_07_generation_works_with_default_values"/>
    <testcase time="0.175000000000001" classname="table_07" name="Table_07_generation_works_with_default_values">
      <skipped message="Reason: On CRAN ('test-table_07.R:13:3')"/>
    </testcase>
    <testcase time="0.0220000000000002" classname="table_07" name="Table_07_generation_works_with_custom_values"/>
    <testcase time="0.000999999999999446" classname="table_07" name="Table_07_generation_works_with_custom_values"/>
    <testcase time="0.000999999999999446" classname="table_07" name="Table_07_generation_works_with_custom_values"/>
    <testcase time="0.0600000000000005" classname="table_07" name="Table_07_generation_works_with_custom_values"/>
    <testcase time="0.629" classname="table_07" name="Table_07_generation_works_with_custom_values"/>
    <testcase time="0.221" classname="table_07" name="Table_07_generation_works_with_custom_values">
      <skipped message="Reason: On CRAN ('test-table_07.R:42:3')"/>
    </testcase>
    <testcase time="0.0220000000000002" classname="table_07" name="Table_07_generation_works_with_NA_values_pruned_rows"/>
    <testcase time="0.00200000000000067" classname="table_07" name="Table_07_generation_works_with_NA_values_pruned_rows"/>
    <testcase time="0.000999999999999446" classname="table_07" name="Table_07_generation_works_with_NA_values_pruned_rows"/>
    <testcase time="0.0500000000000007" classname="table_07" name="Table_07_generation_works_with_NA_values_pruned_rows"/>
    <testcase time="0.382999999999999" classname="table_07" name="Table_07_generation_works_with_NA_values_pruned_rows"/>
    <testcase time="0.173999999999999" classname="table_07" name="Table_07_generation_works_with_NA_values_pruned_rows">
      <skipped message="Reason: On CRAN ('test-table_07.R:52:3')"/>
    </testcase>
  </testsuite>
  <testsuite name="table_08" timestamp="2023-07-18T00:51:06Z" hostname="cbd0b11498dc" tests="8" skipped="2" failures="0" errors="0" time="0.547">
    <testcase time="0.0330000000000013" classname="table_08" name="Table_08_generation_works_with_default_values"/>
    <testcase time="0.000999999999999446" classname="table_08" name="Table_08_generation_works_with_default_values"/>
    <testcase time="0.0589999999999993" classname="table_08" name="Table_08_generation_works_with_default_values"/>
    <testcase time="0.16" classname="table_08" name="Table_08_generation_works_with_default_values">
      <skipped message="Reason: On CRAN ('test-table_08.R:10:3')"/>
    </testcase>
    <testcase time="0.0200000000000014" classname="table_08" name="Table_08_generation_works_with_custom_values"/>
    <testcase time="0.00199999999999889" classname="table_08" name="Table_08_generation_works_with_custom_values"/>
    <testcase time="0.0519999999999996" classname="table_08" name="Table_08_generation_works_with_custom_values"/>
    <testcase time="0.220000000000001" classname="table_08" name="Table_08_generation_works_with_custom_values">
      <skipped message="Reason: On CRAN ('test-table_08.R:31:3')"/>
    </testcase>
  </testsuite>
  <testsuite name="table_09" timestamp="2023-07-18T00:51:06Z" hostname="cbd0b11498dc" tests="8" skipped="2" failures="0" errors="0" time="1.149">
    <testcase time="0.0259999999999998" classname="table_09" name="Table_09_generation_works_with_default_values"/>
    <testcase time="0.0530000000000008" classname="table_09" name="Table_09_generation_works_with_default_values"/>
    <testcase time="0.356" classname="table_09" name="Table_09_generation_works_with_default_values"/>
    <testcase time="0.0849999999999991" classname="table_09" name="Table_09_generation_works_with_default_values">
      <skipped message="Reason: On CRAN ('test-table_09.R:8:3')"/>
    </testcase>
    <testcase time="0.0210000000000008" classname="table_09" name="Table_09_generation_works_with_custom_values"/>
    <testcase time="0.081999999999999" classname="table_09" name="Table_09_generation_works_with_custom_values"/>
    <testcase time="0.430000000000001" classname="table_09" name="Table_09_generation_works_with_custom_values"/>
    <testcase time="0.0960000000000001" classname="table_09" name="Table_09_generation_works_with_custom_values">
      <skipped message="Reason: On CRAN ('test-table_09.R:39:3')"/>
    </testcase>
  </testsuite>
  <testsuite name="table_13" timestamp="2023-07-18T00:51:07Z" hostname="cbd0b11498dc" tests="8" skipped="2" failures="0" errors="0" time="0.686">
    <testcase time="0.0269999999999992" classname="table_13" name="Table_13_generation_works_with_default_values"/>
    <testcase time="0.0630000000000006" classname="table_13" name="Table_13_generation_works_with_default_values"/>
    <testcase time="0.161999999999999" classname="table_13" name="Table_13_generation_works_with_default_values"/>
    <testcase time="0.0899999999999999" classname="table_13" name="Table_13_generation_works_with_default_values">
      <skipped message="Reason: On CRAN ('test-table_13.R:8:3')"/>
    </testcase>
    <testcase time="0.0220000000000002" classname="table_13" name="Table_13_generation_works_with_custom_values"/>
    <testcase time="0.0640000000000001" classname="table_13" name="Table_13_generation_works_with_custom_values"/>
    <testcase time="0.179" classname="table_13" name="Table_13_generation_works_with_custom_values"/>
    <testcase time="0.0790000000000006" classname="table_13" name="Table_13_generation_works_with_custom_values">
      <skipped message="Reason: On CRAN ('test-table_13.R:38:3')"/>
    </testcase>
  </testsuite>
  <testsuite name="table_14" timestamp="2023-07-18T00:51:08Z" hostname="cbd0b11498dc" tests="10" skipped="3" failures="0" errors="0" time="2.832">
    <testcase time="0.0389999999999997" classname="table_14" name="Table_14_generation_works_with_default_values"/>
    <testcase time="0.673999999999999" classname="table_14" name="Table_14_generation_works_with_default_values"/>
    <testcase time="0.207000000000001" classname="table_14" name="Table_14_generation_works_with_default_values">
      <skipped message="Reason: On CRAN ('test-table_14.R:16:3')"/>
    </testcase>
    <testcase time="0.0220000000000002" classname="table_14" name="Table_14_generation_works_with_custom_values"/>
    <testcase time="0.0669999999999984" classname="table_14" name="Table_14_generation_works_with_custom_values"/>
    <testcase time="0.738000000000001" classname="table_14" name="Table_14_generation_works_with_custom_values"/>
    <testcase time="0.207999999999998" classname="table_14" name="Table_14_generation_works_with_custom_values">
      <skipped message="Reason: On CRAN ('test-table_14.R:46:3')"/>
    </testcase>
    <testcase time="0.0199999999999996" classname="table_14" name="Table_14_generation_works_with_NA_values_pruned_rows"/>
    <testcase time="0.699000000000002" classname="table_14" name="Table_14_generation_works_with_NA_values_pruned_rows"/>
    <testcase time="0.158000000000001" classname="table_14" name="Table_14_generation_works_with_NA_values_pruned_rows">
      <skipped message="Reason: On CRAN ('test-table_14.R:53:3')"/>
    </testcase>
  </testsuite>
  <testsuite name="table_20" timestamp="2023-07-18T00:51:11Z" hostname="cbd0b11498dc" tests="18" skipped="3" failures="0" errors="0" time="2.321">
    <testcase time="0.032" classname="table_20" name="Table_20_generation_works_with_default_values"/>
    <testcase time="0.00199999999999889" classname="table_20" name="Table_20_generation_works_with_default_values"/>
    <testcase time="0.00100000000000122" classname="table_20" name="Table_20_generation_works_with_default_values"/>
    <testcase time="0.0589999999999975" classname="table_20" name="Table_20_generation_works_with_default_values"/>
    <testcase time="0.470000000000002" classname="table_20" name="Table_20_generation_works_with_default_values"/>
    <testcase time="0.117999999999999" classname="table_20" name="Table_20_generation_works_with_default_values">
      <skipped message="Reason: On CRAN ('test-table_20.R:17:3')"/>
    </testcase>
    <testcase time="0.0210000000000008" classname="table_20" name="Table_20_generation_works_with_custom_values"/>
    <testcase time="0.00199999999999889" classname="table_20" name="Table_20_generation_works_with_custom_values"/>
    <testcase time="0.00100000000000122" classname="table_20" name="Table_20_generation_works_with_custom_values"/>
    <testcase time="0.0579999999999998" classname="table_20" name="Table_20_generation_works_with_custom_values"/>
    <testcase time="0.736000000000001" classname="table_20" name="Table_20_generation_works_with_custom_values"/>
    <testcase time="0.167999999999999" classname="table_20" name="Table_20_generation_works_with_custom_values">
      <skipped message="Reason: On CRAN ('test-table_20.R:65:3')"/>
    </testcase>
    <testcase time="0.0210000000000008" classname="table_20" name="Table_20_generation_works_with_missing_values_pruned_rows"/>
    <testcase time="0.00199999999999889" classname="table_20" name="Table_20_generation_works_with_missing_values_pruned_rows"/>
    <testcase time="0.00100000000000122" classname="table_20" name="Table_20_generation_works_with_missing_values_pruned_rows"/>
    <testcase time="0.070999999999998" classname="table_20" name="Table_20_generation_works_with_missing_values_pruned_rows"/>
    <testcase time="0.436" classname="table_20" name="Table_20_generation_works_with_missing_values_pruned_rows"/>
    <testcase time="0.122" classname="table_20" name="Table_20_generation_works_with_missing_values_pruned_rows">
      <skipped message="Reason: On CRAN ('test-table_20.R:74:3')"/>
    </testcase>
  </testsuite>
  <testsuite name="table_32" timestamp="2023-07-18T00:51:13Z" hostname="cbd0b11498dc" tests="12" skipped="3" failures="0" errors="0" time="0.979">
    <testcase time="0.0259999999999998" classname="table_32" name="Table_32_generation_works_with_default_values"/>
    <testcase time="0.0760000000000005" classname="table_32" name="Table_32_generation_works_with_default_values"/>
    <testcase time="0.141999999999999" classname="table_32" name="Table_32_generation_works_with_default_values"/>
    <testcase time="0.0650000000000013" classname="table_32" name="Table_32_generation_works_with_default_values">
      <skipped message="Reason: On CRAN ('test-table_32.R:8:3')"/>
    </testcase>
    <testcase time="0.0229999999999997" classname="table_32" name="Table_32_generation_works_with_custom_values"/>
    <testcase time="0.0869999999999997" classname="table_32" name="Table_32_generation_works_with_custom_values"/>
    <testcase time="0.183" classname="table_32" name="Table_32_generation_works_with_custom_values"/>
    <testcase time="0.0800000000000018" classname="table_32" name="Table_32_generation_works_with_custom_values">
      <skipped message="Reason: On CRAN ('test-table_32.R:30:3')"/>
    </testcase>
    <testcase time="0.0219999999999985" classname="table_32" name="Table_32_generation_works_with_pruned_rows"/>
    <testcase time="0.0809999999999995" classname="table_32" name="Table_32_generation_works_with_pruned_rows"/>
    <testcase time="0.147000000000002" classname="table_32" name="Table_32_generation_works_with_pruned_rows"/>
    <testcase time="0.046999999999997" classname="table_32" name="Table_32_generation_works_with_pruned_rows">
      <skipped message="Reason: On CRAN ('test-table_32.R:37:3')"/>
    </testcase>
  </testsuite>
  <testsuite name="table_33" timestamp="2023-07-18T00:51:14Z" hostname="cbd0b11498dc" tests="12" skipped="3" failures="0" errors="0" time="1.904">
    <testcase time="0.027000000000001" classname="table_33" name="Table_33_generation_works_with_default_values"/>
    <testcase time="0.417999999999999" classname="table_33" name="Table_33_generation_works_with_default_values"/>
    <testcase time="0.123000000000001" classname="table_33" name="Table_33_generation_works_with_default_values"/>
    <testcase time="0.0480000000000018" classname="table_33" name="Table_33_generation_works_with_default_values">
      <skipped message="Reason: On CRAN ('test-table_33.R:8:3')"/>
    </testcase>
    <testcase time="0.0229999999999997" classname="table_33" name="Table_33_generation_works_with_custom_values"/>
    <testcase time="0.419999999999998" classname="table_33" name="Table_33_generation_works_with_custom_values"/>
    <testcase time="0.170999999999999" classname="table_33" name="Table_33_generation_works_with_custom_values"/>
    <testcase time="0.0640000000000001" classname="table_33" name="Table_33_generation_works_with_custom_values">
      <skipped message="Reason: On CRAN ('test-table_33.R:34:3')"/>
    </testcase>
    <testcase time="0.0229999999999997" classname="table_33" name="Table_33_generation_works_with_pruned_rows"/>
    <testcase time="0.429000000000002" classname="table_33" name="Table_33_generation_works_with_pruned_rows"/>
    <testcase time="0.116" classname="table_33" name="Table_33_generation_works_with_pruned_rows"/>
    <testcase time="0.041999999999998" classname="table_33" name="Table_33_generation_works_with_pruned_rows">
      <skipped message="Reason: On CRAN ('test-table_33.R:42:3')"/>
    </testcase>
  </testsuite>
</testsuites>
