<?xml version="1.0" encoding="UTF-8"?>
<testsuites>
  <testsuite name="table_02" timestamp="2023-07-21T19:00:22Z" hostname="3353e7045178" tests="21" skipped="7" failures="0" errors="0" time="8.441">
    <testcase time="0.0790000000000002" classname="table_02" name="Table_02_generation_works_with_default_values"/>
    <testcase time="0.634" classname="table_02" name="Table_02_generation_works_with_default_values"/>
    <testcase time="0.277" classname="table_02" name="Table_02_generation_works_with_default_values">
      <skipped message="Reason: On CRAN ('test-table_02.R:16:3')"/>
    </testcase>
    <testcase time="0.0840000000000005" classname="table_02" name="Table_02_generation_works_with_custom_values"/>
    <testcase time="0.456" classname="table_02" name="Table_02_generation_works_with_custom_values"/>
    <testcase time="0.247" classname="table_02" name="Table_02_generation_works_with_custom_values">
      <skipped message="Reason: On CRAN ('test-table_02.R:45:3')"/>
    </testcase>
    <testcase time="0.0650000000000004" classname="table_02" name="Table_02_generation_works_with_some_NA_values"/>
    <testcase time="0.113" classname="table_02" name="Table_02_generation_works_with_some_NA_values"/>
    <testcase time="0.0539999999999994" classname="table_02" name="Table_02_generation_works_with_some_NA_values">
      <skipped message="Reason: On CRAN ('test-table_02.R:57:3')"/>
    </testcase>
    <testcase time="0.0190000000000001" classname="table_02" name="Table_02_generation_tplyr_works_with_default_values"/>
    <testcase time="2.062" classname="table_02" name="Table_02_generation_tplyr_works_with_default_values"/>
    <testcase time="0.0380000000000003" classname="table_02" name="Table_02_generation_tplyr_works_with_default_values">
      <skipped message="Reason: On CRAN ('test-table_02.R:66:3')"/>
    </testcase>
    <testcase time="0.0179999999999998" classname="table_02" name="Table_02_generation_tplyr_works_with_tplyr_raw_TRUE"/>
    <testcase time="1.304" classname="table_02" name="Table_02_generation_tplyr_works_with_tplyr_raw_TRUE"/>
    <testcase time="0.0259999999999998" classname="table_02" name="Table_02_generation_tplyr_works_with_tplyr_raw_TRUE">
      <skipped message="Reason: On CRAN ('test-table_02.R:75:3')"/>
    </testcase>
    <testcase time="0.0490000000000013" classname="table_02" name="Table_02_generation_tplyr_works_with_custom_values"/>
    <testcase time="2.011" classname="table_02" name="Table_02_generation_tplyr_works_with_custom_values"/>
    <testcase time="0.0259999999999998" classname="table_02" name="Table_02_generation_tplyr_works_with_custom_values">
      <skipped message="Reason: On CRAN ('test-table_02.R:102:3')"/>
    </testcase>
    <testcase time="0.0419999999999998" classname="table_02" name="Table_02_generation_tplyr_works_with_some_NA_values"/>
    <testcase time="0.812000000000001" classname="table_02" name="Table_02_generation_tplyr_works_with_some_NA_values"/>
    <testcase time="0.0249999999999986" classname="table_02" name="Table_02_generation_tplyr_works_with_some_NA_values">
      <skipped message="Reason: On CRAN ('test-table_02.R:119:3')"/>
    </testcase>
  </testsuite>
  <testsuite name="table_05" timestamp="2023-07-21T19:00:31Z" hostname="3353e7045178" tests="9" skipped="3" failures="0" errors="0" time="1.281">
    <testcase time="0.200000000000001" classname="table_05" name="Table_05_generation_works_with_default_values"/>
    <testcase time="0.308999999999999" classname="table_05" name="Table_05_generation_works_with_default_values"/>
    <testcase time="0.0739999999999998" classname="table_05" name="Table_05_generation_works_with_default_values">
      <skipped message="Reason: On CRAN ('test-table_05.R:10:3')"/>
    </testcase>
    <testcase time="0.0170000000000012" classname="table_05" name="Table_05_generation_works_with_custom_values"/>
    <testcase time="0.27" classname="table_05" name="Table_05_generation_works_with_custom_values"/>
    <testcase time="0.0899999999999999" classname="table_05" name="Table_05_generation_works_with_custom_values">
      <skipped message="Reason: On CRAN ('test-table_05.R:34:3')"/>
    </testcase>
    <testcase time="0.0210000000000008" classname="table_05" name="Table_05_generation_works_with_NA_values_pruned_rows"/>
    <testcase time="0.222" classname="table_05" name="Table_05_generation_works_with_NA_values_pruned_rows"/>
    <testcase time="0.0779999999999994" classname="table_05" name="Table_05_generation_works_with_NA_values_pruned_rows">
      <skipped message="Reason: On CRAN ('test-table_05.R:44:3')"/>
    </testcase>
  </testsuite>
  <testsuite name="table_06" timestamp="2023-07-21T19:00:32Z" hostname="3353e7045178" tests="10" skipped="2" failures="0" errors="0" time="1.419">
    <testcase time="0.0389999999999997" classname="table_06" name="Table_06_generation_works_with_default_values"/>
    <testcase time="0.00200000000000067" classname="table_06" name="Table_06_generation_works_with_default_values"/>
    <testcase time="0.0689999999999991" classname="table_06" name="Table_06_generation_works_with_default_values"/>
    <testcase time="0.423" classname="table_06" name="Table_06_generation_works_with_default_values"/>
    <testcase time="0.109" classname="table_06" name="Table_06_generation_works_with_default_values">
      <skipped message="Reason: On CRAN ('test-table_06.R:8:3')"/>
    </testcase>
    <testcase time="0.0190000000000001" classname="table_06" name="Table_06_generation_works_with_custom_values"/>
    <testcase time="0.00100000000000122" classname="table_06" name="Table_06_generation_works_with_custom_values"/>
    <testcase time="0.0619999999999994" classname="table_06" name="Table_06_generation_works_with_custom_values"/>
    <testcase time="0.548" classname="table_06" name="Table_06_generation_works_with_custom_values"/>
    <testcase time="0.147" classname="table_06" name="Table_06_generation_works_with_custom_values">
      <skipped message="Reason: On CRAN ('test-table_06.R:40:3')"/>
    </testcase>
  </testsuite>
  <testsuite name="table_07" timestamp="2023-07-21T19:00:33Z" hostname="3353e7045178" tests="18" skipped="3" failures="0" errors="0" time="1.782">
    <testcase time="0.0269999999999992" classname="table_07" name="Table_07_generation_works_with_default_values"/>
    <testcase time="0.00100000000000122" classname="table_07" name="Table_07_generation_works_with_default_values"/>
    <testcase time="0.000999999999999446" classname="table_07" name="Table_07_generation_works_with_default_values"/>
    <testcase time="0.0440000000000005" classname="table_07" name="Table_07_generation_works_with_default_values"/>
    <testcase time="0.356" classname="table_07" name="Table_07_generation_works_with_default_values"/>
    <testcase time="0.131" classname="table_07" name="Table_07_generation_works_with_default_values">
      <skipped message="Reason: On CRAN ('test-table_07.R:13:3')"/>
    </testcase>
    <testcase time="0.0179999999999989" classname="table_07" name="Table_07_generation_works_with_custom_values"/>
    <testcase time="0.00100000000000122" classname="table_07" name="Table_07_generation_works_with_custom_values"/>
    <testcase time="0.00199999999999889" classname="table_07" name="Table_07_generation_works_with_custom_values"/>
    <testcase time="0.0440000000000005" classname="table_07" name="Table_07_generation_works_with_custom_values"/>
    <testcase time="0.481999999999999" classname="table_07" name="Table_07_generation_works_with_custom_values"/>
    <testcase time="0.156000000000001" classname="table_07" name="Table_07_generation_works_with_custom_values">
      <skipped message="Reason: On CRAN ('test-table_07.R:42:3')"/>
    </testcase>
    <testcase time="0.0190000000000001" classname="table_07" name="Table_07_generation_works_with_NA_values_pruned_rows"/>
    <testcase time="0.00200000000000067" classname="table_07" name="Table_07_generation_works_with_NA_values_pruned_rows"/>
    <testcase time="0.000999999999999446" classname="table_07" name="Table_07_generation_works_with_NA_values_pruned_rows"/>
    <testcase time="0.0459999999999994" classname="table_07" name="Table_07_generation_works_with_NA_values_pruned_rows"/>
    <testcase time="0.327000000000002" classname="table_07" name="Table_07_generation_works_with_NA_values_pruned_rows"/>
    <testcase time="0.123999999999999" classname="table_07" name="Table_07_generation_works_with_NA_values_pruned_rows">
      <skipped message="Reason: On CRAN ('test-table_07.R:52:3')"/>
    </testcase>
  </testsuite>
  <testsuite name="table_08" timestamp="2023-07-21T19:00:35Z" hostname="3353e7045178" tests="8" skipped="2" failures="0" errors="0" time="0.438">
    <testcase time="0.0249999999999986" classname="table_08" name="Table_08_generation_works_with_default_values"/>
    <testcase time="0.00100000000000122" classname="table_08" name="Table_08_generation_works_with_default_values"/>
    <testcase time="0.0470000000000006" classname="table_08" name="Table_08_generation_works_with_default_values"/>
    <testcase time="0.128999999999998" classname="table_08" name="Table_08_generation_works_with_default_values">
      <skipped message="Reason: On CRAN ('test-table_08.R:10:3')"/>
    </testcase>
    <testcase time="0.0180000000000007" classname="table_08" name="Table_08_generation_works_with_custom_values"/>
    <testcase time="0.00100000000000122" classname="table_08" name="Table_08_generation_works_with_custom_values"/>
    <testcase time="0.0449999999999982" classname="table_08" name="Table_08_generation_works_with_custom_values"/>
    <testcase time="0.172000000000001" classname="table_08" name="Table_08_generation_works_with_custom_values">
      <skipped message="Reason: On CRAN ('test-table_08.R:31:3')"/>
    </testcase>
  </testsuite>
  <testsuite name="table_09" timestamp="2023-07-21T19:00:36Z" hostname="3353e7045178" tests="8" skipped="2" failures="0" errors="0" time="0.93">
    <testcase time="0.0240000000000009" classname="table_09" name="Table_09_generation_works_with_default_values"/>
    <testcase time="0.0459999999999994" classname="table_09" name="Table_09_generation_works_with_default_values"/>
    <testcase time="0.295000000000002" classname="table_09" name="Table_09_generation_works_with_default_values"/>
    <testcase time="0.0679999999999978" classname="table_09" name="Table_09_generation_works_with_default_values">
      <skipped message="Reason: On CRAN ('test-table_09.R:8:3')"/>
    </testcase>
    <testcase time="0.0180000000000007" classname="table_09" name="Table_09_generation_works_with_custom_values"/>
    <testcase time="0.054000000000002" classname="table_09" name="Table_09_generation_works_with_custom_values"/>
    <testcase time="0.347999999999999" classname="table_09" name="Table_09_generation_works_with_custom_values"/>
    <testcase time="0.0769999999999982" classname="table_09" name="Table_09_generation_works_with_custom_values">
      <skipped message="Reason: On CRAN ('test-table_09.R:39:3')"/>
    </testcase>
  </testsuite>
  <testsuite name="table_13" timestamp="2023-07-21T19:00:36Z" hostname="3353e7045178" tests="8" skipped="2" failures="0" errors="0" time="0.558">
    <testcase time="0.0229999999999997" classname="table_13" name="Table_13_generation_works_with_default_values"/>
    <testcase time="0.0560000000000009" classname="table_13" name="Table_13_generation_works_with_default_values"/>
    <testcase time="0.135999999999999" classname="table_13" name="Table_13_generation_works_with_default_values"/>
    <testcase time="0.0680000000000014" classname="table_13" name="Table_13_generation_works_with_default_values">
      <skipped message="Reason: On CRAN ('test-table_13.R:8:3')"/>
    </testcase>
    <testcase time="0.0180000000000007" classname="table_13" name="Table_13_generation_works_with_custom_values"/>
    <testcase time="0.0630000000000024" classname="table_13" name="Table_13_generation_works_with_custom_values"/>
    <testcase time="0.140999999999998" classname="table_13" name="Table_13_generation_works_with_custom_values"/>
    <testcase time="0.0530000000000008" classname="table_13" name="Table_13_generation_works_with_custom_values">
      <skipped message="Reason: On CRAN ('test-table_13.R:38:3')"/>
    </testcase>
  </testsuite>
  <testsuite name="table_14" timestamp="2023-07-21T19:00:37Z" hostname="3353e7045178" tests="10" skipped="3" failures="0" errors="0" time="2.3">
    <testcase time="0.0330000000000013" classname="table_14" name="Table_14_generation_works_with_default_values"/>
    <testcase time="0.567" classname="table_14" name="Table_14_generation_works_with_default_values"/>
    <testcase time="0.166" classname="table_14" name="Table_14_generation_works_with_default_values">
      <skipped message="Reason: On CRAN ('test-table_14.R:16:3')"/>
    </testcase>
    <testcase time="0.0190000000000019" classname="table_14" name="Table_14_generation_works_with_custom_values"/>
    <testcase time="0.0559999999999974" classname="table_14" name="Table_14_generation_works_with_custom_values"/>
    <testcase time="0.581000000000003" classname="table_14" name="Table_14_generation_works_with_custom_values"/>
    <testcase time="0.160999999999998" classname="table_14" name="Table_14_generation_works_with_custom_values">
      <skipped message="Reason: On CRAN ('test-table_14.R:46:3')"/>
    </testcase>
    <testcase time="0.0180000000000007" classname="table_14" name="Table_14_generation_works_with_NA_values_pruned_rows"/>
    <testcase time="0.567" classname="table_14" name="Table_14_generation_works_with_NA_values_pruned_rows"/>
    <testcase time="0.132000000000001" classname="table_14" name="Table_14_generation_works_with_NA_values_pruned_rows">
      <skipped message="Reason: On CRAN ('test-table_14.R:53:3')"/>
    </testcase>
  </testsuite>
  <testsuite name="table_20" timestamp="2023-07-21T19:00:39Z" hostname="3353e7045178" tests="18" skipped="3" failures="0" errors="0" time="1.897">
    <testcase time="0.0269999999999975" classname="table_20" name="Table_20_generation_works_with_default_values"/>
    <testcase time="0.00200000000000244" classname="table_20" name="Table_20_generation_works_with_default_values"/>
    <testcase time="0.000999999999997669" classname="table_20" name="Table_20_generation_works_with_default_values"/>
    <testcase time="0.0480000000000018" classname="table_20" name="Table_20_generation_works_with_default_values"/>
    <testcase time="0.376999999999999" classname="table_20" name="Table_20_generation_works_with_default_values"/>
    <testcase time="0.106000000000002" classname="table_20" name="Table_20_generation_works_with_default_values">
      <skipped message="Reason: On CRAN ('test-table_20.R:17:3')"/>
    </testcase>
    <testcase time="0.0179999999999971" classname="table_20" name="Table_20_generation_works_with_custom_values"/>
    <testcase time="0.00200000000000244" classname="table_20" name="Table_20_generation_works_with_custom_values"/>
    <testcase time="0.000999999999997669" classname="table_20" name="Table_20_generation_works_with_custom_values"/>
    <testcase time="0.0489999999999995" classname="table_20" name="Table_20_generation_works_with_custom_values"/>
    <testcase time="0.597000000000001" classname="table_20" name="Table_20_generation_works_with_custom_values"/>
    <testcase time="0.132999999999999" classname="table_20" name="Table_20_generation_works_with_custom_values">
      <skipped message="Reason: On CRAN ('test-table_20.R:65:3')"/>
    </testcase>
    <testcase time="0.0190000000000019" classname="table_20" name="Table_20_generation_works_with_missing_values_pruned_rows"/>
    <testcase time="0.00199999999999889" classname="table_20" name="Table_20_generation_works_with_missing_values_pruned_rows"/>
    <testcase time="0.00100000000000122" classname="table_20" name="Table_20_generation_works_with_missing_values_pruned_rows"/>
    <testcase time="0.0500000000000007" classname="table_20" name="Table_20_generation_works_with_missing_values_pruned_rows"/>
    <testcase time="0.375999999999998" classname="table_20" name="Table_20_generation_works_with_missing_values_pruned_rows"/>
    <testcase time="0.088000000000001" classname="table_20" name="Table_20_generation_works_with_missing_values_pruned_rows">
      <skipped message="Reason: On CRAN ('test-table_20.R:74:3')"/>
    </testcase>
  </testsuite>
  <testsuite name="table_32" timestamp="2023-07-21T19:00:41Z" hostname="3353e7045178" tests="12" skipped="3" failures="0" errors="0" time="0.818">
    <testcase time="0.0339999999999989" classname="table_32" name="Table_32_generation_works_with_default_values"/>
    <testcase time="0.0579999999999998" classname="table_32" name="Table_32_generation_works_with_default_values"/>
    <testcase time="0.129000000000001" classname="table_32" name="Table_32_generation_works_with_default_values"/>
    <testcase time="0.0449999999999982" classname="table_32" name="Table_32_generation_works_with_default_values">
      <skipped message="Reason: On CRAN ('test-table_32.R:8:3')"/>
    </testcase>
    <testcase time="0.0190000000000019" classname="table_32" name="Table_32_generation_works_with_custom_values"/>
    <testcase time="0.0569999999999986" classname="table_32" name="Table_32_generation_works_with_custom_values"/>
    <testcase time="0.168000000000003" classname="table_32" name="Table_32_generation_works_with_custom_values"/>
    <testcase time="0.0569999999999986" classname="table_32" name="Table_32_generation_works_with_custom_values">
      <skipped message="Reason: On CRAN ('test-table_32.R:30:3')"/>
    </testcase>
    <testcase time="0.0189999999999984" classname="table_32" name="Table_32_generation_works_with_pruned_rows"/>
    <testcase time="0.0590000000000011" classname="table_32" name="Table_32_generation_works_with_pruned_rows"/>
    <testcase time="0.138000000000002" classname="table_32" name="Table_32_generation_works_with_pruned_rows"/>
    <testcase time="0.0350000000000001" classname="table_32" name="Table_32_generation_works_with_pruned_rows">
      <skipped message="Reason: On CRAN ('test-table_32.R:37:3')"/>
    </testcase>
  </testsuite>
  <testsuite name="table_33" timestamp="2023-07-21T19:00:42Z" hostname="3353e7045178" tests="12" skipped="3" failures="0" errors="0" time="1.371">
    <testcase time="0.0229999999999997" classname="table_33" name="Table_33_generation_works_with_default_values"/>
    <testcase time="0.282999999999998" classname="table_33" name="Table_33_generation_works_with_default_values"/>
    <testcase time="0.0960000000000001" classname="table_33" name="Table_33_generation_works_with_default_values"/>
    <testcase time="0.0370000000000026" classname="table_33" name="Table_33_generation_works_with_default_values">
      <skipped message="Reason: On CRAN ('test-table_33.R:8:3')"/>
    </testcase>
    <testcase time="0.0189999999999984" classname="table_33" name="Table_33_generation_works_with_custom_values"/>
    <testcase time="0.288" classname="table_33" name="Table_33_generation_works_with_custom_values"/>
    <testcase time="0.138999999999999" classname="table_33" name="Table_33_generation_works_with_custom_values"/>
    <testcase time="0.0440000000000005" classname="table_33" name="Table_33_generation_works_with_custom_values">
      <skipped message="Reason: On CRAN ('test-table_33.R:34:3')"/>
    </testcase>
    <testcase time="0.027000000000001" classname="table_33" name="Table_33_generation_works_with_pruned_rows"/>
    <testcase time="0.286999999999999" classname="table_33" name="Table_33_generation_works_with_pruned_rows"/>
    <testcase time="0.0960000000000001" classname="table_33" name="Table_33_generation_works_with_pruned_rows"/>
    <testcase time="0.032" classname="table_33" name="Table_33_generation_works_with_pruned_rows">
      <skipped message="Reason: On CRAN ('test-table_33.R:42:3')"/>
    </testcase>
  </testsuite>
</testsuites>
