<?xml version="1.0" encoding="UTF-8"?>
<testsuites>
  <testsuite name="table_02" timestamp="2023-07-21T19:34:53Z" hostname="23ffdee288a0" tests="21" skipped="7" failures="0" errors="0" time="7.331">
    <testcase time="0.0699999999999998" classname="table_02" name="Table_02_generation_works_with_default_values"/>
    <testcase time="0.548" classname="table_02" name="Table_02_generation_works_with_default_values"/>
    <testcase time="0.239" classname="table_02" name="Table_02_generation_works_with_default_values">
      <skipped message="Reason: On CRAN ('test-table_02.R:16:3')"/>
    </testcase>
    <testcase time="0.073" classname="table_02" name="Table_02_generation_works_with_custom_values"/>
    <testcase time="0.385" classname="table_02" name="Table_02_generation_works_with_custom_values"/>
    <testcase time="0.209" classname="table_02" name="Table_02_generation_works_with_custom_values">
      <skipped message="Reason: On CRAN ('test-table_02.R:45:3')"/>
    </testcase>
    <testcase time="0.0570000000000004" classname="table_02" name="Table_02_generation_works_with_some_NA_values"/>
    <testcase time="0.0979999999999999" classname="table_02" name="Table_02_generation_works_with_some_NA_values"/>
    <testcase time="0.0449999999999999" classname="table_02" name="Table_02_generation_works_with_some_NA_values">
      <skipped message="Reason: On CRAN ('test-table_02.R:57:3')"/>
    </testcase>
    <testcase time="0.016" classname="table_02" name="Table_02_generation_tplyr_works_with_default_values"/>
    <testcase time="1.794" classname="table_02" name="Table_02_generation_tplyr_works_with_default_values"/>
    <testcase time="0.0329999999999995" classname="table_02" name="Table_02_generation_tplyr_works_with_default_values">
      <skipped message="Reason: On CRAN ('test-table_02.R:66:3')"/>
    </testcase>
    <testcase time="0.016" classname="table_02" name="Table_02_generation_tplyr_works_with_tplyr_raw_TRUE"/>
    <testcase time="1.154" classname="table_02" name="Table_02_generation_tplyr_works_with_tplyr_raw_TRUE"/>
    <testcase time="0.0260000000000007" classname="table_02" name="Table_02_generation_tplyr_works_with_tplyr_raw_TRUE">
      <skipped message="Reason: On CRAN ('test-table_02.R:75:3')"/>
    </testcase>
    <testcase time="0.0439999999999996" classname="table_02" name="Table_02_generation_tplyr_works_with_custom_values"/>
    <testcase time="1.742" classname="table_02" name="Table_02_generation_tplyr_works_with_custom_values"/>
    <testcase time="0.0220000000000002" classname="table_02" name="Table_02_generation_tplyr_works_with_custom_values">
      <skipped message="Reason: On CRAN ('test-table_02.R:102:3')"/>
    </testcase>
    <testcase time="0.0350000000000001" classname="table_02" name="Table_02_generation_tplyr_works_with_some_NA_values"/>
    <testcase time="0.702999999999999" classname="table_02" name="Table_02_generation_tplyr_works_with_some_NA_values"/>
    <testcase time="0.0220000000000002" classname="table_02" name="Table_02_generation_tplyr_works_with_some_NA_values">
      <skipped message="Reason: On CRAN ('test-table_02.R:119:3')"/>
    </testcase>
  </testsuite>
  <testsuite name="table_05" timestamp="2023-07-21T19:35:00Z" hostname="23ffdee288a0" tests="9" skipped="3" failures="0" errors="0" time="1.103">
    <testcase time="0.170999999999999" classname="table_05" name="Table_05_generation_works_with_default_values"/>
    <testcase time="0.261000000000001" classname="table_05" name="Table_05_generation_works_with_default_values"/>
    <testcase time="0.0640000000000001" classname="table_05" name="Table_05_generation_works_with_default_values">
      <skipped message="Reason: On CRAN ('test-table_05.R:10:3')"/>
    </testcase>
    <testcase time="0.0169999999999995" classname="table_05" name="Table_05_generation_works_with_custom_values"/>
    <testcase time="0.238" classname="table_05" name="Table_05_generation_works_with_custom_values"/>
    <testcase time="0.0780000000000012" classname="table_05" name="Table_05_generation_works_with_custom_values">
      <skipped message="Reason: On CRAN ('test-table_05.R:34:3')"/>
    </testcase>
    <testcase time="0.016" classname="table_05" name="Table_05_generation_works_with_NA_values_pruned_rows"/>
    <testcase time="0.192" classname="table_05" name="Table_05_generation_works_with_NA_values_pruned_rows"/>
    <testcase time="0.0659999999999989" classname="table_05" name="Table_05_generation_works_with_NA_values_pruned_rows">
      <skipped message="Reason: On CRAN ('test-table_05.R:44:3')"/>
    </testcase>
  </testsuite>
  <testsuite name="table_06" timestamp="2023-07-21T19:35:01Z" hostname="23ffdee288a0" tests="10" skipped="2" failures="0" errors="0" time="1.241">
    <testcase time="0.032" classname="table_06" name="Table_06_generation_works_with_default_values"/>
    <testcase time="0.00100000000000122" classname="table_06" name="Table_06_generation_works_with_default_values"/>
    <testcase time="0.0640000000000001" classname="table_06" name="Table_06_generation_works_with_default_values"/>
    <testcase time="0.366999999999999" classname="table_06" name="Table_06_generation_works_with_default_values"/>
    <testcase time="0.0999999999999996" classname="table_06" name="Table_06_generation_works_with_default_values">
      <skipped message="Reason: On CRAN ('test-table_06.R:8:3')"/>
    </testcase>
    <testcase time="0.016" classname="table_06" name="Table_06_generation_works_with_custom_values"/>
    <testcase time="0.00100000000000122" classname="table_06" name="Table_06_generation_works_with_custom_values"/>
    <testcase time="0.0509999999999984" classname="table_06" name="Table_06_generation_works_with_custom_values"/>
    <testcase time="0.479000000000001" classname="table_06" name="Table_06_generation_works_with_custom_values"/>
    <testcase time="0.129999999999999" classname="table_06" name="Table_06_generation_works_with_custom_values">
      <skipped message="Reason: On CRAN ('test-table_06.R:40:3')"/>
    </testcase>
  </testsuite>
  <testsuite name="table_07" timestamp="2023-07-21T19:35:02Z" hostname="23ffdee288a0" tests="18" skipped="3" failures="0" errors="0" time="1.534">
    <testcase time="0.0230000000000015" classname="table_07" name="Table_07_generation_works_with_default_values"/>
    <testcase time="0.000999999999999446" classname="table_07" name="Table_07_generation_works_with_default_values"/>
    <testcase time="0.000999999999999446" classname="table_07" name="Table_07_generation_works_with_default_values"/>
    <testcase time="0.0380000000000003" classname="table_07" name="Table_07_generation_works_with_default_values"/>
    <testcase time="0.311999999999999" classname="table_07" name="Table_07_generation_works_with_default_values"/>
    <testcase time="0.117000000000001" classname="table_07" name="Table_07_generation_works_with_default_values">
      <skipped message="Reason: On CRAN ('test-table_07.R:13:3')"/>
    </testcase>
    <testcase time="0.016" classname="table_07" name="Table_07_generation_works_with_custom_values"/>
    <testcase time="0.000999999999999446" classname="table_07" name="Table_07_generation_works_with_custom_values"/>
    <testcase time="0.00100000000000122" classname="table_07" name="Table_07_generation_works_with_custom_values"/>
    <testcase time="0.0399999999999991" classname="table_07" name="Table_07_generation_works_with_custom_values"/>
    <testcase time="0.406000000000001" classname="table_07" name="Table_07_generation_works_with_custom_values"/>
    <testcase time="0.129999999999999" classname="table_07" name="Table_07_generation_works_with_custom_values">
      <skipped message="Reason: On CRAN ('test-table_07.R:42:3')"/>
    </testcase>
    <testcase time="0.016" classname="table_07" name="Table_07_generation_works_with_NA_values_pruned_rows"/>
    <testcase time="0.00100000000000122" classname="table_07" name="Table_07_generation_works_with_NA_values_pruned_rows"/>
    <testcase time="0.000999999999999446" classname="table_07" name="Table_07_generation_works_with_NA_values_pruned_rows"/>
    <testcase time="0.0389999999999997" classname="table_07" name="Table_07_generation_works_with_NA_values_pruned_rows"/>
    <testcase time="0.279999999999999" classname="table_07" name="Table_07_generation_works_with_NA_values_pruned_rows"/>
    <testcase time="0.111000000000001" classname="table_07" name="Table_07_generation_works_with_NA_values_pruned_rows">
      <skipped message="Reason: On CRAN ('test-table_07.R:52:3')"/>
    </testcase>
  </testsuite>
  <testsuite name="table_08" timestamp="2023-07-21T19:35:04Z" hostname="23ffdee288a0" tests="8" skipped="2" failures="0" errors="0" time="0.37">
    <testcase time="0.0220000000000002" classname="table_08" name="Table_08_generation_works_with_default_values"/>
    <testcase time="0.000999999999999446" classname="table_08" name="Table_08_generation_works_with_default_values"/>
    <testcase time="0.0400000000000009" classname="table_08" name="Table_08_generation_works_with_default_values"/>
    <testcase time="0.107999999999999" classname="table_08" name="Table_08_generation_works_with_default_values">
      <skipped message="Reason: On CRAN ('test-table_08.R:10:3')"/>
    </testcase>
    <testcase time="0.0150000000000006" classname="table_08" name="Table_08_generation_works_with_custom_values"/>
    <testcase time="0.000999999999999446" classname="table_08" name="Table_08_generation_works_with_custom_values"/>
    <testcase time="0.0380000000000003" classname="table_08" name="Table_08_generation_works_with_custom_values"/>
    <testcase time="0.145000000000001" classname="table_08" name="Table_08_generation_works_with_custom_values">
      <skipped message="Reason: On CRAN ('test-table_08.R:31:3')"/>
    </testcase>
  </testsuite>
  <testsuite name="table_09" timestamp="2023-07-21T19:35:04Z" hostname="23ffdee288a0" tests="8" skipped="2" failures="0" errors="0" time="0.814">
    <testcase time="0.0189999999999984" classname="table_09" name="Table_09_generation_works_with_default_values"/>
    <testcase time="0.0400000000000009" classname="table_09" name="Table_09_generation_works_with_default_values"/>
    <testcase time="0.252000000000001" classname="table_09" name="Table_09_generation_works_with_default_values"/>
    <testcase time="0.0579999999999998" classname="table_09" name="Table_09_generation_works_with_default_values">
      <skipped message="Reason: On CRAN ('test-table_09.R:8:3')"/>
    </testcase>
    <testcase time="0.016" classname="table_09" name="Table_09_generation_works_with_custom_values"/>
    <testcase time="0.0510000000000002" classname="table_09" name="Table_09_generation_works_with_custom_values"/>
    <testcase time="0.315" classname="table_09" name="Table_09_generation_works_with_custom_values"/>
    <testcase time="0.0629999999999988" classname="table_09" name="Table_09_generation_works_with_custom_values">
      <skipped message="Reason: On CRAN ('test-table_09.R:39:3')"/>
    </testcase>
  </testsuite>
  <testsuite name="table_13" timestamp="2023-07-21T19:35:05Z" hostname="23ffdee288a0" tests="8" skipped="2" failures="0" errors="0" time="0.488">
    <testcase time="0.0200000000000014" classname="table_13" name="Table_13_generation_works_with_default_values"/>
    <testcase time="0.0499999999999989" classname="table_13" name="Table_13_generation_works_with_default_values"/>
    <testcase time="0.114000000000001" classname="table_13" name="Table_13_generation_works_with_default_values"/>
    <testcase time="0.0609999999999999" classname="table_13" name="Table_13_generation_works_with_default_values">
      <skipped message="Reason: On CRAN ('test-table_13.R:8:3')"/>
    </testcase>
    <testcase time="0.0180000000000007" classname="table_13" name="Table_13_generation_works_with_custom_values"/>
    <testcase time="0.0609999999999999" classname="table_13" name="Table_13_generation_works_with_custom_values"/>
    <testcase time="0.119999999999999" classname="table_13" name="Table_13_generation_works_with_custom_values"/>
    <testcase time="0.0440000000000005" classname="table_13" name="Table_13_generation_works_with_custom_values">
      <skipped message="Reason: On CRAN ('test-table_13.R:38:3')"/>
    </testcase>
  </testsuite>
  <testsuite name="table_14" timestamp="2023-07-21T19:35:06Z" hostname="23ffdee288a0" tests="10" skipped="3" failures="0" errors="0" time="2.009">
    <testcase time="0.0279999999999987" classname="table_14" name="Table_14_generation_works_with_default_values"/>
    <testcase time="0.500000000000002" classname="table_14" name="Table_14_generation_works_with_default_values"/>
    <testcase time="0.141999999999999" classname="table_14" name="Table_14_generation_works_with_default_values">
      <skipped message="Reason: On CRAN ('test-table_14.R:16:3')"/>
    </testcase>
    <testcase time="0.0159999999999982" classname="table_14" name="Table_14_generation_works_with_custom_values"/>
    <testcase time="0.049000000000003" classname="table_14" name="Table_14_generation_works_with_custom_values"/>
    <testcase time="0.511999999999997" classname="table_14" name="Table_14_generation_works_with_custom_values"/>
    <testcase time="0.135000000000002" classname="table_14" name="Table_14_generation_works_with_custom_values">
      <skipped message="Reason: On CRAN ('test-table_14.R:46:3')"/>
    </testcase>
    <testcase time="0.0169999999999995" classname="table_14" name="Table_14_generation_works_with_NA_values_pruned_rows"/>
    <testcase time="0.498999999999999" classname="table_14" name="Table_14_generation_works_with_NA_values_pruned_rows"/>
    <testcase time="0.111000000000001" classname="table_14" name="Table_14_generation_works_with_NA_values_pruned_rows">
      <skipped message="Reason: On CRAN ('test-table_14.R:53:3')"/>
    </testcase>
  </testsuite>
  <testsuite name="table_20" timestamp="2023-07-21T19:35:08Z" hostname="23ffdee288a0" tests="18" skipped="3" failures="0" errors="0" time="1.635">
    <testcase time="0.0240000000000009" classname="table_20" name="Table_20_generation_works_with_default_values"/>
    <testcase time="0.00199999999999889" classname="table_20" name="Table_20_generation_works_with_default_values"/>
    <testcase time="0.00100000000000122" classname="table_20" name="Table_20_generation_works_with_default_values"/>
    <testcase time="0.0450000000000017" classname="table_20" name="Table_20_generation_works_with_default_values"/>
    <testcase time="0.331999999999997" classname="table_20" name="Table_20_generation_works_with_default_values"/>
    <testcase time="0.0899999999999999" classname="table_20" name="Table_20_generation_works_with_default_values">
      <skipped message="Reason: On CRAN ('test-table_20.R:17:3')"/>
    </testcase>
    <testcase time="0.0150000000000006" classname="table_20" name="Table_20_generation_works_with_custom_values"/>
    <testcase time="0.00100000000000122" classname="table_20" name="Table_20_generation_works_with_custom_values"/>
    <testcase time="0.00100000000000122" classname="table_20" name="Table_20_generation_works_with_custom_values"/>
    <testcase time="0.0409999999999968" classname="table_20" name="Table_20_generation_works_with_custom_values"/>
    <testcase time="0.517000000000003" classname="table_20" name="Table_20_generation_works_with_custom_values"/>
    <testcase time="0.111999999999998" classname="table_20" name="Table_20_generation_works_with_custom_values">
      <skipped message="Reason: On CRAN ('test-table_20.R:65:3')"/>
    </testcase>
    <testcase time="0.0169999999999995" classname="table_20" name="Table_20_generation_works_with_missing_values_pruned_rows"/>
    <testcase time="0.00100000000000122" classname="table_20" name="Table_20_generation_works_with_missing_values_pruned_rows"/>
    <testcase time="0.00100000000000122" classname="table_20" name="Table_20_generation_works_with_missing_values_pruned_rows"/>
    <testcase time="0.041999999999998" classname="table_20" name="Table_20_generation_works_with_missing_values_pruned_rows"/>
    <testcase time="0.315000000000001" classname="table_20" name="Table_20_generation_works_with_missing_values_pruned_rows"/>
    <testcase time="0.0779999999999994" classname="table_20" name="Table_20_generation_works_with_missing_values_pruned_rows">
      <skipped message="Reason: On CRAN ('test-table_20.R:74:3')"/>
    </testcase>
  </testsuite>
  <testsuite name="table_32" timestamp="2023-07-21T19:35:09Z" hostname="23ffdee288a0" tests="12" skipped="3" failures="0" errors="0" time="0.72">
    <testcase time="0.0309999999999988" classname="table_32" name="Table_32_generation_works_with_default_values"/>
    <testcase time="0.0500000000000007" classname="table_32" name="Table_32_generation_works_with_default_values"/>
    <testcase time="0.114000000000001" classname="table_32" name="Table_32_generation_works_with_default_values"/>
    <testcase time="0.0429999999999993" classname="table_32" name="Table_32_generation_works_with_default_values">
      <skipped message="Reason: On CRAN ('test-table_32.R:8:3')"/>
    </testcase>
    <testcase time="0.0159999999999982" classname="table_32" name="Table_32_generation_works_with_custom_values"/>
    <testcase time="0.0530000000000008" classname="table_32" name="Table_32_generation_works_with_custom_values"/>
    <testcase time="0.144000000000002" classname="table_32" name="Table_32_generation_works_with_custom_values"/>
    <testcase time="0.0489999999999995" classname="table_32" name="Table_32_generation_works_with_custom_values">
      <skipped message="Reason: On CRAN ('test-table_32.R:30:3')"/>
    </testcase>
    <testcase time="0.0150000000000006" classname="table_32" name="Table_32_generation_works_with_pruned_rows"/>
    <testcase time="0.0489999999999995" classname="table_32" name="Table_32_generation_works_with_pruned_rows"/>
    <testcase time="0.123999999999999" classname="table_32" name="Table_32_generation_works_with_pruned_rows"/>
    <testcase time="0.032" classname="table_32" name="Table_32_generation_works_with_pruned_rows">
      <skipped message="Reason: On CRAN ('test-table_32.R:37:3')"/>
    </testcase>
  </testsuite>
  <testsuite name="table_33" timestamp="2023-07-21T19:35:10Z" hostname="23ffdee288a0" tests="12" skipped="3" failures="0" errors="0" time="1.152">
    <testcase time="0.0199999999999996" classname="table_33" name="Table_33_generation_works_with_default_values"/>
    <testcase time="0.234999999999999" classname="table_33" name="Table_33_generation_works_with_default_values"/>
    <testcase time="0.0850000000000009" classname="table_33" name="Table_33_generation_works_with_default_values"/>
    <testcase time="0.0310000000000024" classname="table_33" name="Table_33_generation_works_with_default_values">
      <skipped message="Reason: On CRAN ('test-table_33.R:8:3')"/>
    </testcase>
    <testcase time="0.014999999999997" classname="table_33" name="Table_33_generation_works_with_custom_values"/>
    <testcase time="0.235000000000003" classname="table_33" name="Table_33_generation_works_with_custom_values"/>
    <testcase time="0.114999999999998" classname="table_33" name="Table_33_generation_works_with_custom_values"/>
    <testcase time="0.0360000000000014" classname="table_33" name="Table_33_generation_works_with_custom_values">
      <skipped message="Reason: On CRAN ('test-table_33.R:34:3')"/>
    </testcase>
    <testcase time="0.0249999999999986" classname="table_33" name="Table_33_generation_works_with_pruned_rows"/>
    <testcase time="0.238" classname="table_33" name="Table_33_generation_works_with_pruned_rows"/>
    <testcase time="0.0860000000000021" classname="table_33" name="Table_33_generation_works_with_pruned_rows"/>
    <testcase time="0.0309999999999988" classname="table_33" name="Table_33_generation_works_with_pruned_rows">
      <skipped message="Reason: On CRAN ('test-table_33.R:42:3')"/>
    </testcase>
  </testsuite>
</testsuites>
