<?xml version="1.0" encoding="UTF-8"?>
<testsuites>
  <testsuite name="table_02" timestamp="2023-08-23T07:07:02Z" hostname="df9798583b8e" tests="21" skipped="7" failures="0" errors="0" time="8.168">
    <testcase time="0.0779999999999998" classname="table_02" name="Table_02_generation_works_with_default_values"/>
    <testcase time="0.63" classname="table_02" name="Table_02_generation_works_with_default_values"/>
    <testcase time="0.27" classname="table_02" name="Table_02_generation_works_with_default_values">
      <skipped message="Reason: On CRAN ('test-table_02.R:16:3')"/>
    </testcase>
    <testcase time="0.0839999999999996" classname="table_02" name="Table_02_generation_works_with_custom_values"/>
    <testcase time="0.449" classname="table_02" name="Table_02_generation_works_with_custom_values"/>
    <testcase time="0.241000000000001" classname="table_02" name="Table_02_generation_works_with_custom_values">
      <skipped message="Reason: On CRAN ('test-table_02.R:45:3')"/>
    </testcase>
    <testcase time="0.0629999999999997" classname="table_02" name="Table_02_generation_works_with_some_NA_values"/>
    <testcase time="0.112" classname="table_02" name="Table_02_generation_works_with_some_NA_values"/>
    <testcase time="0.0540000000000003" classname="table_02" name="Table_02_generation_works_with_some_NA_values">
      <skipped message="Reason: On CRAN ('test-table_02.R:57:3')"/>
    </testcase>
    <testcase time="0.0189999999999992" classname="table_02" name="Table_02_generation_tplyr_works_with_default_values"/>
    <testcase time="1.993" classname="table_02" name="Table_02_generation_tplyr_works_with_default_values"/>
    <testcase time="0.0380000000000003" classname="table_02" name="Table_02_generation_tplyr_works_with_default_values">
      <skipped message="Reason: On CRAN ('test-table_02.R:66:3')"/>
    </testcase>
    <testcase time="0.0179999999999998" classname="table_02" name="Table_02_generation_tplyr_works_with_tplyr_raw_TRUE"/>
    <testcase time="1.249" classname="table_02" name="Table_02_generation_tplyr_works_with_tplyr_raw_TRUE"/>
    <testcase time="0.0250000000000004" classname="table_02" name="Table_02_generation_tplyr_works_with_tplyr_raw_TRUE">
      <skipped message="Reason: On CRAN ('test-table_02.R:75:3')"/>
    </testcase>
    <testcase time="0.0479999999999983" classname="table_02" name="Table_02_generation_tplyr_works_with_custom_values"/>
    <testcase time="1.934" classname="table_02" name="Table_02_generation_tplyr_works_with_custom_values"/>
    <testcase time="0.0259999999999998" classname="table_02" name="Table_02_generation_tplyr_works_with_custom_values">
      <skipped message="Reason: On CRAN ('test-table_02.R:102:3')"/>
    </testcase>
    <testcase time="0.0410000000000004" classname="table_02" name="Table_02_generation_tplyr_works_with_some_NA_values"/>
    <testcase time="0.772" classname="table_02" name="Table_02_generation_tplyr_works_with_some_NA_values"/>
    <testcase time="0.0239999999999991" classname="table_02" name="Table_02_generation_tplyr_works_with_some_NA_values">
      <skipped message="Reason: On CRAN ('test-table_02.R:119:3')"/>
    </testcase>
  </testsuite>
  <testsuite name="table_04" timestamp="2023-08-23T07:07:10Z" hostname="df9798583b8e" tests="12" skipped="2" failures="0" errors="0" time="1.012">
    <testcase time="0.048" classname="table_04" name="Table_04_generation_works_with_default_values"/>
    <testcase time="0.00100000000000122" classname="table_04" name="Table_04_generation_works_with_default_values"/>
    <testcase time="0.000999999999999446" classname="table_04" name="Table_04_generation_works_with_default_values"/>
    <testcase time="0.00200000000000067" classname="table_04" name="Table_04_generation_works_with_default_values"/>
    <testcase time="0.398" classname="table_04" name="Table_04_generation_works_with_default_values"/>
    <testcase time="0.0990000000000002" classname="table_04" name="Table_04_generation_works_with_default_values">
      <skipped message="Reason: On CRAN ('test-table_04.R:30:3')"/>
    </testcase>
    <testcase time="0.0169999999999995" classname="table_04" name="Table_04_generation_works_with_custom_values"/>
    <testcase time="0.000999999999999446" classname="table_04" name="Table_04_generation_works_with_custom_values"/>
    <testcase time="0.00200000000000067" classname="table_04" name="Table_04_generation_works_with_custom_values"/>
    <testcase time="0.000999999999999446" classname="table_04" name="Table_04_generation_works_with_custom_values"/>
    <testcase time="0.321" classname="table_04" name="Table_04_generation_works_with_custom_values"/>
    <testcase time="0.121" classname="table_04" name="Table_04_generation_works_with_custom_values">
      <skipped message="Reason: On CRAN ('test-table_04.R:53:3')"/>
    </testcase>
  </testsuite>
  <testsuite name="table_05" timestamp="2023-08-23T07:07:11Z" hostname="df9798583b8e" tests="9" skipped="3" failures="0" errors="0" time="1.205">
    <testcase time="0.202" classname="table_05" name="Table_05_generation_works_with_default_values"/>
    <testcase time="0.231" classname="table_05" name="Table_05_generation_works_with_default_values"/>
    <testcase time="0.0790000000000006" classname="table_05" name="Table_05_generation_works_with_default_values">
      <skipped message="Reason: On CRAN ('test-table_05.R:10:3')"/>
    </testcase>
    <testcase time="0.0269999999999992" classname="table_05" name="Table_05_generation_works_with_custom_values"/>
    <testcase time="0.271000000000001" classname="table_05" name="Table_05_generation_works_with_custom_values"/>
    <testcase time="0.0980000000000008" classname="table_05" name="Table_05_generation_works_with_custom_values">
      <skipped message="Reason: On CRAN ('test-table_05.R:34:3')"/>
    </testcase>
    <testcase time="0.0189999999999984" classname="table_05" name="Table_05_generation_works_with_NA_values_pruned_rows"/>
    <testcase time="0.204000000000001" classname="table_05" name="Table_05_generation_works_with_NA_values_pruned_rows"/>
    <testcase time="0.0739999999999998" classname="table_05" name="Table_05_generation_works_with_NA_values_pruned_rows">
      <skipped message="Reason: On CRAN ('test-table_05.R:44:3')"/>
    </testcase>
  </testsuite>
  <testsuite name="table_06" timestamp="2023-08-23T07:07:12Z" hostname="df9798583b8e" tests="10" skipped="2" failures="0" errors="0" time="1.362">
    <testcase time="0.0229999999999997" classname="table_06" name="Table_06_generation_works_with_default_values"/>
    <testcase time="0.00100000000000122" classname="table_06" name="Table_06_generation_works_with_default_values"/>
    <testcase time="0.0599999999999987" classname="table_06" name="Table_06_generation_works_with_default_values"/>
    <testcase time="0.419" classname="table_06" name="Table_06_generation_works_with_default_values"/>
    <testcase time="0.0969999999999995" classname="table_06" name="Table_06_generation_works_with_default_values">
      <skipped message="Reason: On CRAN ('test-table_06.R:8:3')"/>
    </testcase>
    <testcase time="0.0180000000000007" classname="table_06" name="Table_06_generation_works_with_custom_values"/>
    <testcase time="0.00200000000000067" classname="table_06" name="Table_06_generation_works_with_custom_values"/>
    <testcase time="0.0609999999999999" classname="table_06" name="Table_06_generation_works_with_custom_values"/>
    <testcase time="0.542999999999999" classname="table_06" name="Table_06_generation_works_with_custom_values"/>
    <testcase time="0.138" classname="table_06" name="Table_06_generation_works_with_custom_values">
      <skipped message="Reason: On CRAN ('test-table_06.R:40:3')"/>
    </testcase>
  </testsuite>
  <testsuite name="table_07" timestamp="2023-08-23T07:07:14Z" hostname="df9798583b8e" tests="18" skipped="3" failures="0" errors="0" time="1.761">
    <testcase time="0.027000000000001" classname="table_07" name="Table_07_generation_works_with_default_values"/>
    <testcase time="0.000999999999999446" classname="table_07" name="Table_07_generation_works_with_default_values"/>
    <testcase time="0.00200000000000067" classname="table_07" name="Table_07_generation_works_with_default_values"/>
    <testcase time="0.0439999999999987" classname="table_07" name="Table_07_generation_works_with_default_values"/>
    <testcase time="0.360000000000001" classname="table_07" name="Table_07_generation_works_with_default_values"/>
    <testcase time="0.122" classname="table_07" name="Table_07_generation_works_with_default_values">
      <skipped message="Reason: On CRAN ('test-table_07.R:13:3')"/>
    </testcase>
    <testcase time="0.0179999999999989" classname="table_07" name="Table_07_generation_works_with_custom_values"/>
    <testcase time="0.00100000000000122" classname="table_07" name="Table_07_generation_works_with_custom_values"/>
    <testcase time="0.00199999999999889" classname="table_07" name="Table_07_generation_works_with_custom_values"/>
    <testcase time="0.0449999999999999" classname="table_07" name="Table_07_generation_works_with_custom_values"/>
    <testcase time="0.469000000000001" classname="table_07" name="Table_07_generation_works_with_custom_values"/>
    <testcase time="0.163" classname="table_07" name="Table_07_generation_works_with_custom_values">
      <skipped message="Reason: On CRAN ('test-table_07.R:42:3')"/>
    </testcase>
    <testcase time="0.0180000000000007" classname="table_07" name="Table_07_generation_works_with_NA_values_pruned_rows"/>
    <testcase time="0.000999999999997669" classname="table_07" name="Table_07_generation_works_with_NA_values_pruned_rows"/>
    <testcase time="0.00200000000000244" classname="table_07" name="Table_07_generation_works_with_NA_values_pruned_rows"/>
    <testcase time="0.0440000000000005" classname="table_07" name="Table_07_generation_works_with_NA_values_pruned_rows"/>
    <testcase time="0.311999999999998" classname="table_07" name="Table_07_generation_works_with_NA_values_pruned_rows"/>
    <testcase time="0.129999999999999" classname="table_07" name="Table_07_generation_works_with_NA_values_pruned_rows">
      <skipped message="Reason: On CRAN ('test-table_07.R:52:3')"/>
    </testcase>
  </testsuite>
  <testsuite name="table_08" timestamp="2023-08-23T07:07:16Z" hostname="df9798583b8e" tests="8" skipped="2" failures="0" errors="0" time="0.424">
    <testcase time="0.0240000000000009" classname="table_08" name="Table_08_generation_works_with_default_values"/>
    <testcase time="0.00100000000000122" classname="table_08" name="Table_08_generation_works_with_default_values"/>
    <testcase time="0.0459999999999994" classname="table_08" name="Table_08_generation_works_with_default_values"/>
    <testcase time="0.126999999999999" classname="table_08" name="Table_08_generation_works_with_default_values">
      <skipped message="Reason: On CRAN ('test-table_08.R:10:3')"/>
    </testcase>
    <testcase time="0.017000000000003" classname="table_08" name="Table_08_generation_works_with_custom_values"/>
    <testcase time="0.00199999999999889" classname="table_08" name="Table_08_generation_works_with_custom_values"/>
    <testcase time="0.0410000000000004" classname="table_08" name="Table_08_generation_works_with_custom_values"/>
    <testcase time="0.166" classname="table_08" name="Table_08_generation_works_with_custom_values">
      <skipped message="Reason: On CRAN ('test-table_08.R:31:3')"/>
    </testcase>
  </testsuite>
  <testsuite name="table_09" timestamp="2023-08-23T07:07:16Z" hostname="df9798583b8e" tests="8" skipped="2" failures="0" errors="0" time="0.901">
    <testcase time="0.0219999999999985" classname="table_09" name="Table_09_generation_works_with_default_values"/>
    <testcase time="0.0429999999999993" classname="table_09" name="Table_09_generation_works_with_default_values"/>
    <testcase time="0.276" classname="table_09" name="Table_09_generation_works_with_default_values"/>
    <testcase time="0.0640000000000001" classname="table_09" name="Table_09_generation_works_with_default_values">
      <skipped message="Reason: On CRAN ('test-table_09.R:8:3')"/>
    </testcase>
    <testcase time="0.0169999999999995" classname="table_09" name="Table_09_generation_works_with_custom_values"/>
    <testcase time="0.0440000000000005" classname="table_09" name="Table_09_generation_works_with_custom_values"/>
    <testcase time="0.361999999999998" classname="table_09" name="Table_09_generation_works_with_custom_values"/>
    <testcase time="0.0730000000000004" classname="table_09" name="Table_09_generation_works_with_custom_values">
      <skipped message="Reason: On CRAN ('test-table_09.R:39:3')"/>
    </testcase>
  </testsuite>
  <testsuite name="table_10" timestamp="2023-08-23T07:07:17Z" hostname="df9798583b8e" tests="10" skipped="2" failures="0" errors="0" time="1.022">
    <testcase time="0.0280000000000022" classname="table_10" name="Table_10_generation_works_with_default_values"/>
    <testcase time="0.000999999999997669" classname="table_10" name="Table_10_generation_works_with_default_values"/>
    <testcase time="0.0470000000000006" classname="table_10" name="Table_10_generation_works_with_default_values"/>
    <testcase time="0.366" classname="table_10" name="Table_10_generation_works_with_default_values"/>
    <testcase time="0.118000000000002" classname="table_10" name="Table_10_generation_works_with_default_values">
      <skipped message="Reason: On CRAN ('test-table_10.R:17:3')"/>
    </testcase>
    <testcase time="0.0180000000000007" classname="table_10" name="Table_10_generation_works_with_custom_values"/>
    <testcase time="0.000999999999997669" classname="table_10" name="Table_10_generation_works_with_custom_values"/>
    <testcase time="0.0410000000000004" classname="table_10" name="Table_10_generation_works_with_custom_values"/>
    <testcase time="0.344000000000001" classname="table_10" name="Table_10_generation_works_with_custom_values"/>
    <testcase time="0.0579999999999998" classname="table_10" name="Table_10_generation_works_with_custom_values">
      <skipped message="Reason: On CRAN ('test-table_10.R:52:3')"/>
    </testcase>
  </testsuite>
  <testsuite name="table_11" timestamp="2023-08-23T07:07:18Z" hostname="df9798583b8e" tests="8" skipped="2" failures="0" errors="0" time="1.465">
    <testcase time="0.0279999999999987" classname="table_11" name="Table_11_generation_works_with_default_values"/>
    <testcase time="0.054000000000002" classname="table_11" name="Table_11_generation_works_with_default_values"/>
    <testcase time="0.559999999999999" classname="table_11" name="Table_11_generation_works_with_default_values"/>
    <testcase time="0.146999999999998" classname="table_11" name="Table_11_generation_works_with_default_values">
      <skipped message="Reason: On CRAN ('test-table_11.R:18:3')"/>
    </testcase>
    <testcase time="0.017000000000003" classname="table_11" name="Table_11_generation_works_with_custom_values"/>
    <testcase time="0.0489999999999995" classname="table_11" name="Table_11_generation_works_with_custom_values"/>
    <testcase time="0.532" classname="table_11" name="Table_11_generation_works_with_custom_values"/>
    <testcase time="0.0779999999999994" classname="table_11" name="Table_11_generation_works_with_custom_values">
      <skipped message="Reason: On CRAN ('test-table_11.R:48:3')"/>
    </testcase>
  </testsuite>
  <testsuite name="table_12" timestamp="2023-08-23T07:07:19Z" hostname="df9798583b8e" tests="8" skipped="2" failures="0" errors="0" time="1.96">
    <testcase time="0.0250000000000021" classname="table_12" name="Table_12_generation_works_with_default_values"/>
    <testcase time="0.0569999999999986" classname="table_12" name="Table_12_generation_works_with_default_values"/>
    <testcase time="0.789000000000001" classname="table_12" name="Table_12_generation_works_with_default_values"/>
    <testcase time="0.113" classname="table_12" name="Table_12_generation_works_with_default_values">
      <skipped message="Reason: On CRAN ('test-table_12.R:9:3')"/>
    </testcase>
    <testcase time="0.0249999999999986" classname="table_12" name="Table_12_generation_works_with_custom_values"/>
    <testcase time="0.0590000000000011" classname="table_12" name="Table_12_generation_works_with_custom_values"/>
    <testcase time="0.777000000000001" classname="table_12" name="Table_12_generation_works_with_custom_values"/>
    <testcase time="0.114999999999998" classname="table_12" name="Table_12_generation_works_with_custom_values">
      <skipped message="Reason: On CRAN ('test-table_12.R:39:3')"/>
    </testcase>
  </testsuite>
  <testsuite name="table_13" timestamp="2023-08-23T07:07:21Z" hostname="df9798583b8e" tests="8" skipped="2" failures="0" errors="0" time="0.58">
    <testcase time="0.0240000000000009" classname="table_13" name="Table_13_generation_works_with_default_values"/>
    <testcase time="0.0650000000000013" classname="table_13" name="Table_13_generation_works_with_default_values"/>
    <testcase time="0.119999999999997" classname="table_13" name="Table_13_generation_works_with_default_values"/>
    <testcase time="0.101000000000003" classname="table_13" name="Table_13_generation_works_with_default_values">
      <skipped message="Reason: On CRAN ('test-table_13.R:8:3')"/>
    </testcase>
    <testcase time="0.0179999999999971" classname="table_13" name="Table_13_generation_works_with_custom_values"/>
    <testcase time="0.0550000000000033" classname="table_13" name="Table_13_generation_works_with_custom_values"/>
    <testcase time="0.143999999999998" classname="table_13" name="Table_13_generation_works_with_custom_values"/>
    <testcase time="0.0530000000000008" classname="table_13" name="Table_13_generation_works_with_custom_values">
      <skipped message="Reason: On CRAN ('test-table_13.R:38:3')"/>
    </testcase>
  </testsuite>
  <testsuite name="table_14" timestamp="2023-08-23T07:07:22Z" hostname="df9798583b8e" tests="10" skipped="3" failures="0" errors="0" time="2.258">
    <testcase time="0.0449999999999982" classname="table_14" name="Table_14_generation_works_with_default_values"/>
    <testcase time="0.554000000000002" classname="table_14" name="Table_14_generation_works_with_default_values"/>
    <testcase time="0.142999999999997" classname="table_14" name="Table_14_generation_works_with_default_values">
      <skipped message="Reason: On CRAN ('test-table_14.R:16:3')"/>
    </testcase>
    <testcase time="0.0190000000000019" classname="table_14" name="Table_14_generation_works_with_custom_values"/>
    <testcase time="0.0549999999999997" classname="table_14" name="Table_14_generation_works_with_custom_values"/>
    <testcase time="0.59" classname="table_14" name="Table_14_generation_works_with_custom_values"/>
    <testcase time="0.143000000000001" classname="table_14" name="Table_14_generation_works_with_custom_values">
      <skipped message="Reason: On CRAN ('test-table_14.R:46:3')"/>
    </testcase>
    <testcase time="0.0180000000000007" classname="table_14" name="Table_14_generation_works_with_NA_values_pruned_rows"/>
    <testcase time="0.570999999999998" classname="table_14" name="Table_14_generation_works_with_NA_values_pruned_rows"/>
    <testcase time="0.120000000000001" classname="table_14" name="Table_14_generation_works_with_NA_values_pruned_rows">
      <skipped message="Reason: On CRAN ('test-table_14.R:53:3')"/>
    </testcase>
  </testsuite>
  <testsuite name="table_20" timestamp="2023-08-23T07:07:24Z" hostname="df9798583b8e" tests="18" skipped="3" failures="0" errors="0" time="1.869">
    <testcase time="0.0279999999999987" classname="table_20" name="Table_20_generation_works_with_default_values"/>
    <testcase time="0.00100000000000122" classname="table_20" name="Table_20_generation_works_with_default_values"/>
    <testcase time="0.000999999999997669" classname="table_20" name="Table_20_generation_works_with_default_values"/>
    <testcase time="0.0489999999999995" classname="table_20" name="Table_20_generation_works_with_default_values"/>
    <testcase time="0.385000000000002" classname="table_20" name="Table_20_generation_works_with_default_values"/>
    <testcase time="0.0899999999999999" classname="table_20" name="Table_20_generation_works_with_default_values">
      <skipped message="Reason: On CRAN ('test-table_20.R:17:3')"/>
    </testcase>
    <testcase time="0.0180000000000007" classname="table_20" name="Table_20_generation_works_with_custom_values"/>
    <testcase time="0.00100000000000122" classname="table_20" name="Table_20_generation_works_with_custom_values"/>
    <testcase time="0.000999999999997669" classname="table_20" name="Table_20_generation_works_with_custom_values"/>
    <testcase time="0.0500000000000007" classname="table_20" name="Table_20_generation_works_with_custom_values"/>
    <testcase time="0.588999999999999" classname="table_20" name="Table_20_generation_works_with_custom_values"/>
    <testcase time="0.127000000000002" classname="table_20" name="Table_20_generation_works_with_custom_values">
      <skipped message="Reason: On CRAN ('test-table_20.R:65:3')"/>
    </testcase>
    <testcase time="0.0180000000000007" classname="table_20" name="Table_20_generation_works_with_missing_values_pruned_rows"/>
    <testcase time="0.00199999999999889" classname="table_20" name="Table_20_generation_works_with_missing_values_pruned_rows"/>
    <testcase time="0.000999999999997669" classname="table_20" name="Table_20_generation_works_with_missing_values_pruned_rows"/>
    <testcase time="0.0500000000000007" classname="table_20" name="Table_20_generation_works_with_missing_values_pruned_rows"/>
    <testcase time="0.374000000000002" classname="table_20" name="Table_20_generation_works_with_missing_values_pruned_rows"/>
    <testcase time="0.0839999999999996" classname="table_20" name="Table_20_generation_works_with_missing_values_pruned_rows">
      <skipped message="Reason: On CRAN ('test-table_20.R:74:3')"/>
    </testcase>
  </testsuite>
  <testsuite name="table_32" timestamp="2023-08-23T07:07:26Z" hostname="df9798583b8e" tests="12" skipped="3" failures="0" errors="0" time="0.987">
    <testcase time="0.0229999999999997" classname="table_32" name="Table_32_generation_works_with_default_values"/>
    <testcase time="0.0579999999999998" classname="table_32" name="Table_32_generation_works_with_default_values"/>
    <testcase time="0.129999999999999" classname="table_32" name="Table_32_generation_works_with_default_values"/>
    <testcase time="0.0459999999999994" classname="table_32" name="Table_32_generation_works_with_default_values">
      <skipped message="Reason: On CRAN ('test-table_32.R:8:3')"/>
    </testcase>
    <testcase time="0.0180000000000007" classname="table_32" name="Table_32_generation_works_with_custom_values"/>
    <testcase time="0.288999999999998" classname="table_32" name="Table_32_generation_works_with_custom_values"/>
    <testcase time="0.138000000000002" classname="table_32" name="Table_32_generation_works_with_custom_values"/>
    <testcase time="0.0549999999999997" classname="table_32" name="Table_32_generation_works_with_custom_values">
      <skipped message="Reason: On CRAN ('test-table_32.R:30:3')"/>
    </testcase>
    <testcase time="0.0169999999999995" classname="table_32" name="Table_32_generation_works_with_pruned_rows"/>
    <testcase time="0.0570000000000022" classname="table_32" name="Table_32_generation_works_with_pruned_rows"/>
    <testcase time="0.122" classname="table_32" name="Table_32_generation_works_with_pruned_rows"/>
    <testcase time="0.0339999999999989" classname="table_32" name="Table_32_generation_works_with_pruned_rows">
      <skipped message="Reason: On CRAN ('test-table_32.R:37:3')"/>
    </testcase>
  </testsuite>
  <testsuite name="table_33" timestamp="2023-08-23T07:07:27Z" hostname="df9798583b8e" tests="12" skipped="3" failures="0" errors="0" time="1.262">
    <testcase time="0.0219999999999985" classname="table_33" name="Table_33_generation_works_with_default_values"/>
    <testcase time="0.263999999999999" classname="table_33" name="Table_33_generation_works_with_default_values"/>
    <testcase time="0.0940000000000012" classname="table_33" name="Table_33_generation_works_with_default_values"/>
    <testcase time="0.0399999999999991" classname="table_33" name="Table_33_generation_works_with_default_values">
      <skipped message="Reason: On CRAN ('test-table_33.R:8:3')"/>
    </testcase>
    <testcase time="0.017000000000003" classname="table_33" name="Table_33_generation_works_with_custom_values"/>
    <testcase time="0.261999999999997" classname="table_33" name="Table_33_generation_works_with_custom_values"/>
    <testcase time="0.113000000000003" classname="table_33" name="Table_33_generation_works_with_custom_values"/>
    <testcase time="0.0429999999999993" classname="table_33" name="Table_33_generation_works_with_custom_values">
      <skipped message="Reason: On CRAN ('test-table_33.R:34:3')"/>
    </testcase>
    <testcase time="0.0180000000000007" classname="table_33" name="Table_33_generation_works_with_pruned_rows"/>
    <testcase time="0.258999999999997" classname="table_33" name="Table_33_generation_works_with_pruned_rows"/>
    <testcase time="0.100000000000001" classname="table_33" name="Table_33_generation_works_with_pruned_rows"/>
    <testcase time="0.0300000000000011" classname="table_33" name="Table_33_generation_works_with_pruned_rows">
      <skipped message="Reason: On CRAN ('test-table_33.R:42:3')"/>
    </testcase>
  </testsuite>
</testsuites>
