<?xml version="1.0" encoding="UTF-8"?>
<testsuites>
  <testsuite name="table_02" timestamp="2023-08-31T06:55:56Z" hostname="70310baf4fbc" tests="21" skipped="7" failures="0" errors="0" time="9.064">
    <testcase time="0.0859999999999999" classname="table_02" name="Table_02_generation_works_with_default_values"/>
    <testcase time="0.718" classname="table_02" name="Table_02_generation_works_with_default_values"/>
    <testcase time="0.295" classname="table_02" name="Table_02_generation_works_with_default_values">
      <skipped message="Reason: On CRAN ('test-table_02.R:16:3')"/>
    </testcase>
    <testcase time="0.0910000000000002" classname="table_02" name="Table_02_generation_works_with_custom_values"/>
    <testcase time="0.494" classname="table_02" name="Table_02_generation_works_with_custom_values"/>
    <testcase time="0.251" classname="table_02" name="Table_02_generation_works_with_custom_values">
      <skipped message="Reason: On CRAN ('test-table_02.R:45:3')"/>
    </testcase>
    <testcase time="0.0659999999999998" classname="table_02" name="Table_02_generation_works_with_some_NA_values"/>
    <testcase time="0.118" classname="table_02" name="Table_02_generation_works_with_some_NA_values"/>
    <testcase time="0.0549999999999997" classname="table_02" name="Table_02_generation_works_with_some_NA_values">
      <skipped message="Reason: On CRAN ('test-table_02.R:57:3')"/>
    </testcase>
    <testcase time="0.0199999999999996" classname="table_02" name="Table_02_generation_tplyr_works_with_default_values"/>
    <testcase time="2.246" classname="table_02" name="Table_02_generation_tplyr_works_with_default_values"/>
    <testcase time="0.0410000000000004" classname="table_02" name="Table_02_generation_tplyr_works_with_default_values">
      <skipped message="Reason: On CRAN ('test-table_02.R:66:3')"/>
    </testcase>
    <testcase time="0.0189999999999992" classname="table_02" name="Table_02_generation_tplyr_works_with_tplyr_raw_TRUE"/>
    <testcase time="1.375" classname="table_02" name="Table_02_generation_tplyr_works_with_tplyr_raw_TRUE"/>
    <testcase time="0.0280000000000005" classname="table_02" name="Table_02_generation_tplyr_works_with_tplyr_raw_TRUE">
      <skipped message="Reason: On CRAN ('test-table_02.R:75:3')"/>
    </testcase>
    <testcase time="0.0530000000000008" classname="table_02" name="Table_02_generation_tplyr_works_with_custom_values"/>
    <testcase time="2.158" classname="table_02" name="Table_02_generation_tplyr_works_with_custom_values"/>
    <testcase time="0.0280000000000005" classname="table_02" name="Table_02_generation_tplyr_works_with_custom_values">
      <skipped message="Reason: On CRAN ('test-table_02.R:102:3')"/>
    </testcase>
    <testcase time="0.0449999999999999" classname="table_02" name="Table_02_generation_tplyr_works_with_some_NA_values"/>
    <testcase time="0.850999999999999" classname="table_02" name="Table_02_generation_tplyr_works_with_some_NA_values"/>
    <testcase time="0.0259999999999998" classname="table_02" name="Table_02_generation_tplyr_works_with_some_NA_values">
      <skipped message="Reason: On CRAN ('test-table_02.R:119:3')"/>
    </testcase>
  </testsuite>
  <testsuite name="table_04" timestamp="2023-08-31T06:56:05Z" hostname="70310baf4fbc" tests="12" skipped="2" failures="0" errors="0" time="1.079">
    <testcase time="0.0530000000000008" classname="table_04" name="Table_04_generation_works_with_default_values"/>
    <testcase time="0.000999999999999446" classname="table_04" name="Table_04_generation_works_with_default_values"/>
    <testcase time="0.00200000000000067" classname="table_04" name="Table_04_generation_works_with_default_values"/>
    <testcase time="0.000999999999999446" classname="table_04" name="Table_04_generation_works_with_default_values"/>
    <testcase time="0.425000000000001" classname="table_04" name="Table_04_generation_works_with_default_values"/>
    <testcase time="0.103999999999999" classname="table_04" name="Table_04_generation_works_with_default_values">
      <skipped message="Reason: On CRAN ('test-table_04.R:30:3')"/>
    </testcase>
    <testcase time="0.0190000000000001" classname="table_04" name="Table_04_generation_works_with_custom_values"/>
    <testcase time="0.00200000000000067" classname="table_04" name="Table_04_generation_works_with_custom_values"/>
    <testcase time="0.000999999999999446" classname="table_04" name="Table_04_generation_works_with_custom_values"/>
    <testcase time="0.000999999999999446" classname="table_04" name="Table_04_generation_works_with_custom_values"/>
    <testcase time="0.341000000000001" classname="table_04" name="Table_04_generation_works_with_custom_values"/>
    <testcase time="0.129" classname="table_04" name="Table_04_generation_works_with_custom_values">
      <skipped message="Reason: On CRAN ('test-table_04.R:53:3')"/>
    </testcase>
  </testsuite>
  <testsuite name="table_05" timestamp="2023-08-31T06:56:07Z" hostname="70310baf4fbc" tests="9" skipped="3" failures="0" errors="0" time="1.264">
    <testcase time="0.212999999999999" classname="table_05" name="Table_05_generation_works_with_default_values"/>
    <testcase time="0.244000000000002" classname="table_05" name="Table_05_generation_works_with_default_values"/>
    <testcase time="0.0809999999999995" classname="table_05" name="Table_05_generation_works_with_default_values">
      <skipped message="Reason: On CRAN ('test-table_05.R:10:3')"/>
    </testcase>
    <testcase time="0.0299999999999994" classname="table_05" name="Table_05_generation_works_with_custom_values"/>
    <testcase time="0.282" classname="table_05" name="Table_05_generation_works_with_custom_values"/>
    <testcase time="0.101000000000001" classname="table_05" name="Table_05_generation_works_with_custom_values">
      <skipped message="Reason: On CRAN ('test-table_05.R:34:3')"/>
    </testcase>
    <testcase time="0.020999999999999" classname="table_05" name="Table_05_generation_works_with_NA_values_pruned_rows"/>
    <testcase time="0.214" classname="table_05" name="Table_05_generation_works_with_NA_values_pruned_rows"/>
    <testcase time="0.0779999999999994" classname="table_05" name="Table_05_generation_works_with_NA_values_pruned_rows">
      <skipped message="Reason: On CRAN ('test-table_05.R:44:3')"/>
    </testcase>
  </testsuite>
  <testsuite name="table_06" timestamp="2023-08-31T06:56:08Z" hostname="70310baf4fbc" tests="10" skipped="2" failures="0" errors="0" time="1.447">
    <testcase time="0.0240000000000009" classname="table_06" name="Table_06_generation_works_with_default_values"/>
    <testcase time="0.00199999999999889" classname="table_06" name="Table_06_generation_works_with_default_values"/>
    <testcase time="0.0630000000000006" classname="table_06" name="Table_06_generation_works_with_default_values"/>
    <testcase time="0.456" classname="table_06" name="Table_06_generation_works_with_default_values"/>
    <testcase time="0.101000000000001" classname="table_06" name="Table_06_generation_works_with_default_values">
      <skipped message="Reason: On CRAN ('test-table_06.R:8:3')"/>
    </testcase>
    <testcase time="0.0190000000000001" classname="table_06" name="Table_06_generation_works_with_custom_values"/>
    <testcase time="0.000999999999999446" classname="table_06" name="Table_06_generation_works_with_custom_values"/>
    <testcase time="0.0640000000000001" classname="table_06" name="Table_06_generation_works_with_custom_values"/>
    <testcase time="0.572999999999999" classname="table_06" name="Table_06_generation_works_with_custom_values"/>
    <testcase time="0.144000000000002" classname="table_06" name="Table_06_generation_works_with_custom_values">
      <skipped message="Reason: On CRAN ('test-table_06.R:40:3')"/>
    </testcase>
  </testsuite>
  <testsuite name="table_07" timestamp="2023-08-31T06:56:09Z" hostname="70310baf4fbc" tests="18" skipped="3" failures="0" errors="0" time="1.863">
    <testcase time="0.0289999999999999" classname="table_07" name="Table_07_generation_works_with_default_values"/>
    <testcase time="0.00199999999999889" classname="table_07" name="Table_07_generation_works_with_default_values"/>
    <testcase time="0.00100000000000122" classname="table_07" name="Table_07_generation_works_with_default_values"/>
    <testcase time="0.0470000000000006" classname="table_07" name="Table_07_generation_works_with_default_values"/>
    <testcase time="0.384" classname="table_07" name="Table_07_generation_works_with_default_values"/>
    <testcase time="0.126999999999999" classname="table_07" name="Table_07_generation_works_with_default_values">
      <skipped message="Reason: On CRAN ('test-table_07.R:13:3')"/>
    </testcase>
    <testcase time="0.0199999999999996" classname="table_07" name="Table_07_generation_works_with_custom_values"/>
    <testcase time="0.00100000000000122" classname="table_07" name="Table_07_generation_works_with_custom_values"/>
    <testcase time="0.00199999999999889" classname="table_07" name="Table_07_generation_works_with_custom_values"/>
    <testcase time="0.0459999999999994" classname="table_07" name="Table_07_generation_works_with_custom_values"/>
    <testcase time="0.496000000000002" classname="table_07" name="Table_07_generation_works_with_custom_values"/>
    <testcase time="0.169999999999998" classname="table_07" name="Table_07_generation_works_with_custom_values">
      <skipped message="Reason: On CRAN ('test-table_07.R:42:3')"/>
    </testcase>
    <testcase time="0.0199999999999996" classname="table_07" name="Table_07_generation_works_with_NA_values_pruned_rows"/>
    <testcase time="0.00100000000000122" classname="table_07" name="Table_07_generation_works_with_NA_values_pruned_rows"/>
    <testcase time="0.00100000000000122" classname="table_07" name="Table_07_generation_works_with_NA_values_pruned_rows"/>
    <testcase time="0.046999999999997" classname="table_07" name="Table_07_generation_works_with_NA_values_pruned_rows"/>
    <testcase time="0.331" classname="table_07" name="Table_07_generation_works_with_NA_values_pruned_rows"/>
    <testcase time="0.138000000000002" classname="table_07" name="Table_07_generation_works_with_NA_values_pruned_rows">
      <skipped message="Reason: On CRAN ('test-table_07.R:52:3')"/>
    </testcase>
  </testsuite>
  <testsuite name="table_08" timestamp="2023-08-31T06:56:11Z" hostname="70310baf4fbc" tests="8" skipped="2" failures="0" errors="0" time="0.458">
    <testcase time="0.0249999999999986" classname="table_08" name="Table_08_generation_works_with_default_values"/>
    <testcase time="0.00200000000000244" classname="table_08" name="Table_08_generation_works_with_default_values"/>
    <testcase time="0.0479999999999983" classname="table_08" name="Table_08_generation_works_with_default_values"/>
    <testcase time="0.135999999999999" classname="table_08" name="Table_08_generation_works_with_default_values">
      <skipped message="Reason: On CRAN ('test-table_08.R:10:3')"/>
    </testcase>
    <testcase time="0.0190000000000019" classname="table_08" name="Table_08_generation_works_with_custom_values"/>
    <testcase time="0.00100000000000122" classname="table_08" name="Table_08_generation_works_with_custom_values"/>
    <testcase time="0.046999999999997" classname="table_08" name="Table_08_generation_works_with_custom_values"/>
    <testcase time="0.18" classname="table_08" name="Table_08_generation_works_with_custom_values">
      <skipped message="Reason: On CRAN ('test-table_08.R:31:3')"/>
    </testcase>
  </testsuite>
  <testsuite name="table_09" timestamp="2023-08-31T06:56:12Z" hostname="70310baf4fbc" tests="8" skipped="2" failures="0" errors="0" time="0.995">
    <testcase time="0.0250000000000021" classname="table_09" name="Table_09_generation_works_with_default_values"/>
    <testcase time="0.0470000000000006" classname="table_09" name="Table_09_generation_works_with_default_values"/>
    <testcase time="0.302" classname="table_09" name="Table_09_generation_works_with_default_values"/>
    <testcase time="0.0700000000000003" classname="table_09" name="Table_09_generation_works_with_default_values">
      <skipped message="Reason: On CRAN ('test-table_09.R:8:3')"/>
    </testcase>
    <testcase time="0.0189999999999984" classname="table_09" name="Table_09_generation_works_with_custom_values"/>
    <testcase time="0.0480000000000018" classname="table_09" name="Table_09_generation_works_with_custom_values"/>
    <testcase time="0.405999999999999" classname="table_09" name="Table_09_generation_works_with_custom_values"/>
    <testcase time="0.0779999999999994" classname="table_09" name="Table_09_generation_works_with_custom_values">
      <skipped message="Reason: On CRAN ('test-table_09.R:39:3')"/>
    </testcase>
  </testsuite>
  <testsuite name="table_10" timestamp="2023-08-31T06:56:13Z" hostname="70310baf4fbc" tests="10" skipped="2" failures="0" errors="0" time="1.119">
    <testcase time="0.0310000000000024" classname="table_10" name="Table_10_generation_works_with_default_values"/>
    <testcase time="0.00199999999999889" classname="table_10" name="Table_10_generation_works_with_default_values"/>
    <testcase time="0.0500000000000007" classname="table_10" name="Table_10_generation_works_with_default_values"/>
    <testcase time="0.404" classname="table_10" name="Table_10_generation_works_with_default_values"/>
    <testcase time="0.125999999999998" classname="table_10" name="Table_10_generation_works_with_default_values">
      <skipped message="Reason: On CRAN ('test-table_10.R:17:3')"/>
    </testcase>
    <testcase time="0.0199999999999996" classname="table_10" name="Table_10_generation_works_with_custom_values"/>
    <testcase time="0.00100000000000122" classname="table_10" name="Table_10_generation_works_with_custom_values"/>
    <testcase time="0.0440000000000005" classname="table_10" name="Table_10_generation_works_with_custom_values"/>
    <testcase time="0.376999999999999" classname="table_10" name="Table_10_generation_works_with_custom_values"/>
    <testcase time="0.0640000000000001" classname="table_10" name="Table_10_generation_works_with_custom_values">
      <skipped message="Reason: On CRAN ('test-table_10.R:52:3')"/>
    </testcase>
  </testsuite>
  <testsuite name="table_11" timestamp="2023-08-31T06:56:14Z" hostname="70310baf4fbc" tests="8" skipped="2" failures="0" errors="0" time="1.606">
    <testcase time="0.0309999999999988" classname="table_11" name="Table_11_generation_works_with_default_values"/>
    <testcase time="0.0579999999999998" classname="table_11" name="Table_11_generation_works_with_default_values"/>
    <testcase time="0.624000000000002" classname="table_11" name="Table_11_generation_works_with_default_values"/>
    <testcase time="0.157" classname="table_11" name="Table_11_generation_works_with_default_values">
      <skipped message="Reason: On CRAN ('test-table_11.R:18:3')"/>
    </testcase>
    <testcase time="0.0189999999999984" classname="table_11" name="Table_11_generation_works_with_custom_values"/>
    <testcase time="0.0510000000000019" classname="table_11" name="Table_11_generation_works_with_custom_values"/>
    <testcase time="0.582999999999998" classname="table_11" name="Table_11_generation_works_with_custom_values"/>
    <testcase time="0.0829999999999984" classname="table_11" name="Table_11_generation_works_with_custom_values">
      <skipped message="Reason: On CRAN ('test-table_11.R:48:3')"/>
    </testcase>
  </testsuite>
  <testsuite name="table_12" timestamp="2023-08-31T06:56:15Z" hostname="70310baf4fbc" tests="8" skipped="2" failures="0" errors="0" time="2.109">
    <testcase time="0.027000000000001" classname="table_12" name="Table_12_generation_works_with_default_values"/>
    <testcase time="0.0600000000000023" classname="table_12" name="Table_12_generation_works_with_default_values"/>
    <testcase time="0.843" classname="table_12" name="Table_12_generation_works_with_default_values"/>
    <testcase time="0.119999999999997" classname="table_12" name="Table_12_generation_works_with_default_values">
      <skipped message="Reason: On CRAN ('test-table_12.R:9:3')"/>
    </testcase>
    <testcase time="0.027000000000001" classname="table_12" name="Table_12_generation_works_with_custom_values"/>
    <testcase time="0.0640000000000001" classname="table_12" name="Table_12_generation_works_with_custom_values"/>
    <testcase time="0.849" classname="table_12" name="Table_12_generation_works_with_custom_values"/>
    <testcase time="0.119" classname="table_12" name="Table_12_generation_works_with_custom_values">
      <skipped message="Reason: On CRAN ('test-table_12.R:39:3')"/>
    </testcase>
  </testsuite>
  <testsuite name="table_13" timestamp="2023-08-31T06:56:17Z" hostname="70310baf4fbc" tests="8" skipped="2" failures="0" errors="0" time="0.606">
    <testcase time="0.0240000000000009" classname="table_13" name="Table_13_generation_works_with_default_values"/>
    <testcase time="0.0679999999999978" classname="table_13" name="Table_13_generation_works_with_default_values"/>
    <testcase time="0.128" classname="table_13" name="Table_13_generation_works_with_default_values"/>
    <testcase time="0.104000000000003" classname="table_13" name="Table_13_generation_works_with_default_values">
      <skipped message="Reason: On CRAN ('test-table_13.R:8:3')"/>
    </testcase>
    <testcase time="0.0209999999999972" classname="table_13" name="Table_13_generation_works_with_custom_values"/>
    <testcase time="0.0579999999999998" classname="table_13" name="Table_13_generation_works_with_custom_values"/>
    <testcase time="0.148" classname="table_13" name="Table_13_generation_works_with_custom_values"/>
    <testcase time="0.0550000000000033" classname="table_13" name="Table_13_generation_works_with_custom_values">
      <skipped message="Reason: On CRAN ('test-table_13.R:38:3')"/>
    </testcase>
  </testsuite>
  <testsuite name="table_14" timestamp="2023-08-31T06:56:18Z" hostname="70310baf4fbc" tests="10" skipped="3" failures="0" errors="0" time="2.426">
    <testcase time="0.0429999999999993" classname="table_14" name="Table_14_generation_works_with_default_values"/>
    <testcase time="0.593" classname="table_14" name="Table_14_generation_works_with_default_values"/>
    <testcase time="0.154999999999998" classname="table_14" name="Table_14_generation_works_with_default_values">
      <skipped message="Reason: On CRAN ('test-table_14.R:16:3')"/>
    </testcase>
    <testcase time="0.0200000000000031" classname="table_14" name="Table_14_generation_works_with_custom_values"/>
    <testcase time="0.0579999999999998" classname="table_14" name="Table_14_generation_works_with_custom_values"/>
    <testcase time="0.635999999999999" classname="table_14" name="Table_14_generation_works_with_custom_values"/>
    <testcase time="0.154" classname="table_14" name="Table_14_generation_works_with_custom_values">
      <skipped message="Reason: On CRAN ('test-table_14.R:46:3')"/>
    </testcase>
    <testcase time="0.0189999999999984" classname="table_14" name="Table_14_generation_works_with_NA_values_pruned_rows"/>
    <testcase time="0.613" classname="table_14" name="Table_14_generation_works_with_NA_values_pruned_rows"/>
    <testcase time="0.135000000000002" classname="table_14" name="Table_14_generation_works_with_NA_values_pruned_rows">
      <skipped message="Reason: On CRAN ('test-table_14.R:53:3')"/>
    </testcase>
  </testsuite>
  <testsuite name="table_20" timestamp="2023-08-31T06:56:20Z" hostname="70310baf4fbc" tests="18" skipped="3" failures="0" errors="0" time="1.989">
    <testcase time="0.0289999999999999" classname="table_20" name="Table_20_generation_works_with_default_values"/>
    <testcase time="0.00199999999999889" classname="table_20" name="Table_20_generation_works_with_default_values"/>
    <testcase time="0.00100000000000122" classname="table_20" name="Table_20_generation_works_with_default_values"/>
    <testcase time="0.0509999999999984" classname="table_20" name="Table_20_generation_works_with_default_values"/>
    <testcase time="0.413" classname="table_20" name="Table_20_generation_works_with_default_values"/>
    <testcase time="0.0950000000000024" classname="table_20" name="Table_20_generation_works_with_default_values">
      <skipped message="Reason: On CRAN ('test-table_20.R:17:3')"/>
    </testcase>
    <testcase time="0.0189999999999984" classname="table_20" name="Table_20_generation_works_with_custom_values"/>
    <testcase time="0.00199999999999889" classname="table_20" name="Table_20_generation_works_with_custom_values"/>
    <testcase time="0.00100000000000122" classname="table_20" name="Table_20_generation_works_with_custom_values"/>
    <testcase time="0.0510000000000019" classname="table_20" name="Table_20_generation_works_with_custom_values"/>
    <testcase time="0.626999999999999" classname="table_20" name="Table_20_generation_works_with_custom_values"/>
    <testcase time="0.134999999999998" classname="table_20" name="Table_20_generation_works_with_custom_values">
      <skipped message="Reason: On CRAN ('test-table_20.R:65:3')"/>
    </testcase>
    <testcase time="0.0200000000000031" classname="table_20" name="Table_20_generation_works_with_missing_values_pruned_rows"/>
    <testcase time="0.000999999999997669" classname="table_20" name="Table_20_generation_works_with_missing_values_pruned_rows"/>
    <testcase time="0.00200000000000244" classname="table_20" name="Table_20_generation_works_with_missing_values_pruned_rows"/>
    <testcase time="0.0509999999999984" classname="table_20" name="Table_20_generation_works_with_missing_values_pruned_rows"/>
    <testcase time="0.398" classname="table_20" name="Table_20_generation_works_with_missing_values_pruned_rows"/>
    <testcase time="0.0910000000000011" classname="table_20" name="Table_20_generation_works_with_missing_values_pruned_rows">
      <skipped message="Reason: On CRAN ('test-table_20.R:74:3')"/>
    </testcase>
  </testsuite>
  <testsuite name="table_32" timestamp="2023-08-31T06:56:22Z" hostname="70310baf4fbc" tests="12" skipped="3" failures="0" errors="0" time="1.055">
    <testcase time="0.0249999999999986" classname="table_32" name="Table_32_generation_works_with_default_values"/>
    <testcase time="0.0609999999999999" classname="table_32" name="Table_32_generation_works_with_default_values"/>
    <testcase time="0.141000000000002" classname="table_32" name="Table_32_generation_works_with_default_values"/>
    <testcase time="0.0489999999999995" classname="table_32" name="Table_32_generation_works_with_default_values">
      <skipped message="Reason: On CRAN ('test-table_32.R:8:3')"/>
    </testcase>
    <testcase time="0.0199999999999996" classname="table_32" name="Table_32_generation_works_with_custom_values"/>
    <testcase time="0.314" classname="table_32" name="Table_32_generation_works_with_custom_values"/>
    <testcase time="0.146000000000001" classname="table_32" name="Table_32_generation_works_with_custom_values"/>
    <testcase time="0.0569999999999986" classname="table_32" name="Table_32_generation_works_with_custom_values">
      <skipped message="Reason: On CRAN ('test-table_32.R:30:3')"/>
    </testcase>
    <testcase time="0.0180000000000007" classname="table_32" name="Table_32_generation_works_with_pruned_rows"/>
    <testcase time="0.0599999999999987" classname="table_32" name="Table_32_generation_works_with_pruned_rows"/>
    <testcase time="0.128" classname="table_32" name="Table_32_generation_works_with_pruned_rows"/>
    <testcase time="0.0360000000000014" classname="table_32" name="Table_32_generation_works_with_pruned_rows">
      <skipped message="Reason: On CRAN ('test-table_32.R:37:3')"/>
    </testcase>
  </testsuite>
  <testsuite name="table_33" timestamp="2023-08-31T06:56:23Z" hostname="70310baf4fbc" tests="12" skipped="3" failures="0" errors="0" time="1.328">
    <testcase time="0.0239999999999974" classname="table_33" name="Table_33_generation_works_with_default_values"/>
    <testcase time="0.273" classname="table_33" name="Table_33_generation_works_with_default_values"/>
    <testcase time="0.100000000000001" classname="table_33" name="Table_33_generation_works_with_default_values"/>
    <testcase time="0.0440000000000005" classname="table_33" name="Table_33_generation_works_with_default_values">
      <skipped message="Reason: On CRAN ('test-table_33.R:8:3')"/>
    </testcase>
    <testcase time="0.0180000000000007" classname="table_33" name="Table_33_generation_works_with_custom_values"/>
    <testcase time="0.271999999999998" classname="table_33" name="Table_33_generation_works_with_custom_values"/>
    <testcase time="0.120999999999999" classname="table_33" name="Table_33_generation_works_with_custom_values"/>
    <testcase time="0.0440000000000005" classname="table_33" name="Table_33_generation_works_with_custom_values">
      <skipped message="Reason: On CRAN ('test-table_33.R:34:3')"/>
    </testcase>
    <testcase time="0.0199999999999996" classname="table_33" name="Table_33_generation_works_with_pruned_rows"/>
    <testcase time="0.273000000000003" classname="table_33" name="Table_33_generation_works_with_pruned_rows"/>
    <testcase time="0.106999999999999" classname="table_33" name="Table_33_generation_works_with_pruned_rows"/>
    <testcase time="0.032" classname="table_33" name="Table_33_generation_works_with_pruned_rows">
      <skipped message="Reason: On CRAN ('test-table_33.R:42:3')"/>
    </testcase>
  </testsuite>
</testsuites>
