<?xml version="1.0" encoding="UTF-8"?>
<testsuites>
  <testsuite name="table_02" timestamp="2023-10-05T18:47:13Z" hostname="7a8ff81ebd31" tests="30" skipped="10" failures="0" errors="0" time="23.97">
    <testcase time="0.113" classname="table_02" name="Table_02_generation_works_with_default_values"/>
    <testcase time="0.718" classname="table_02" name="Table_02_generation_works_with_default_values"/>
    <testcase time="0.335" classname="table_02" name="Table_02_generation_works_with_default_values">
      <skipped message="Reason: On CRAN ('test-table_02.R:16:3')"/>
    </testcase>
    <testcase time="0.106" classname="table_02" name="Table_02_generation_works_with_custom_values"/>
    <testcase time="0.696000000000001" classname="table_02" name="Table_02_generation_works_with_custom_values"/>
    <testcase time="0.418" classname="table_02" name="Table_02_generation_works_with_custom_values">
      <skipped message="Reason: On CRAN ('test-table_02.R:45:3')"/>
    </testcase>
    <testcase time="0.0829999999999993" classname="table_02" name="Table_02_generation_works_with_some_NA_values"/>
    <testcase time="0.198" classname="table_02" name="Table_02_generation_works_with_some_NA_values"/>
    <testcase time="0.077" classname="table_02" name="Table_02_generation_works_with_some_NA_values">
      <skipped message="Reason: On CRAN ('test-table_02.R:57:3')"/>
    </testcase>
    <testcase time="0.0250000000000004" classname="table_02" name="Table_02_generation_tplyr_works_with_default_values"/>
    <testcase time="3.042" classname="table_02" name="Table_02_generation_tplyr_works_with_default_values"/>
    <testcase time="0.0660000000000007" classname="table_02" name="Table_02_generation_tplyr_works_with_default_values">
      <skipped message="Reason: On CRAN ('test-table_02.R:66:3')"/>
    </testcase>
    <testcase time="0.032" classname="table_02" name="Table_02_generation_tplyr_works_with_tplyr_raw_TRUE"/>
    <testcase time="1.855" classname="table_02" name="Table_02_generation_tplyr_works_with_tplyr_raw_TRUE"/>
    <testcase time="0.0470000000000006" classname="table_02" name="Table_02_generation_tplyr_works_with_tplyr_raw_TRUE">
      <skipped message="Reason: On CRAN ('test-table_02.R:75:3')"/>
    </testcase>
    <testcase time="0.0690000000000008" classname="table_02" name="Table_02_generation_tplyr_works_with_custom_values"/>
    <testcase time="2.943" classname="table_02" name="Table_02_generation_tplyr_works_with_custom_values"/>
    <testcase time="0.0400000000000009" classname="table_02" name="Table_02_generation_tplyr_works_with_custom_values">
      <skipped message="Reason: On CRAN ('test-table_02.R:102:3')"/>
    </testcase>
    <testcase time="0.0569999999999986" classname="table_02" name="Table_02_generation_tplyr_works_with_some_NA_values"/>
    <testcase time="1.169" classname="table_02" name="Table_02_generation_tplyr_works_with_some_NA_values"/>
    <testcase time="0.0339999999999989" classname="table_02" name="Table_02_generation_tplyr_works_with_some_NA_values">
      <skipped message="Reason: On CRAN ('test-table_02.R:119:3')"/>
    </testcase>
    <testcase time="0.0259999999999998" classname="table_02" name="Table_02_generation_gtsum_works_with_default_values"/>
    <testcase time="4.566" classname="table_02" name="Table_02_generation_gtsum_works_with_default_values"/>
    <testcase time="0.00999999999999801" classname="table_02" name="Table_02_generation_gtsum_works_with_default_values">
      <skipped message="Reason: On CRAN ('test-table_02.R:128:3')"/>
    </testcase>
    <testcase time="0.0690000000000026" classname="table_02" name="Table_02_generation_gtsum_works_with_custom_values"/>
    <testcase time="5.492" classname="table_02" name="Table_02_generation_gtsum_works_with_custom_values"/>
    <testcase time="0.00900000000000034" classname="table_02" name="Table_02_generation_gtsum_works_with_custom_values">
      <skipped message="Reason: On CRAN ('test-table_02.R:146:3')"/>
    </testcase>
    <testcase time="0.0630000000000024" classname="table_02" name="Table_02_generation_gtsum_works_with_some_NA_values"/>
    <testcase time="1.603" classname="table_02" name="Table_02_generation_gtsum_works_with_some_NA_values"/>
    <testcase time="0.00900000000000034" classname="table_02" name="Table_02_generation_gtsum_works_with_some_NA_values">
      <skipped message="Reason: On CRAN ('test-table_02.R:163:3')"/>
    </testcase>
  </testsuite>
  <testsuite name="table_03" timestamp="2023-10-05T18:47:37Z" hostname="7a8ff81ebd31" tests="8" skipped="2" failures="0" errors="0" time="1.236">
    <testcase time="0.0459999999999994" classname="table_03" name="Table_3_generation_works_with_default_values"/>
    <testcase time="0.00199999999999889" classname="table_03" name="Table_3_generation_works_with_default_values"/>
    <testcase time="0.502000000000002" classname="table_03" name="Table_3_generation_works_with_default_values"/>
    <testcase time="0.097999999999999" classname="table_03" name="Table_3_generation_works_with_default_values">
      <skipped message="Reason: On CRAN ('test-table_03.R:21:3')"/>
    </testcase>
    <testcase time="0.0240000000000009" classname="table_03" name="Table_3_generation_works_with_custom_values"/>
    <testcase time="0.00199999999999889" classname="table_03" name="Table_3_generation_works_with_custom_values"/>
    <testcase time="0.451000000000001" classname="table_03" name="Table_3_generation_works_with_custom_values"/>
    <testcase time="0.111000000000001" classname="table_03" name="Table_3_generation_works_with_custom_values">
      <skipped message="Reason: On CRAN ('test-table_03.R:41:3')"/>
    </testcase>
  </testsuite>
  <testsuite name="table_04" timestamp="2023-10-05T18:47:38Z" hostname="7a8ff81ebd31" tests="12" skipped="2" failures="0" errors="0" time="1.371">
    <testcase time="0.0599999999999987" classname="table_04" name="Table_04_generation_works_with_default_values"/>
    <testcase time="0.00100000000000122" classname="table_04" name="Table_04_generation_works_with_default_values"/>
    <testcase time="0.00199999999999889" classname="table_04" name="Table_04_generation_works_with_default_values"/>
    <testcase time="0.00199999999999889" classname="table_04" name="Table_04_generation_works_with_default_values"/>
    <testcase time="0.506" classname="table_04" name="Table_04_generation_works_with_default_values"/>
    <testcase time="0.148" classname="table_04" name="Table_04_generation_works_with_default_values">
      <skipped message="Reason: On CRAN ('test-table_04.R:18:3')"/>
    </testcase>
    <testcase time="0.0219999999999985" classname="table_04" name="Table_04_generation_works_with_custom_values"/>
    <testcase time="0.00200000000000244" classname="table_04" name="Table_04_generation_works_with_custom_values"/>
    <testcase time="0.00199999999999889" classname="table_04" name="Table_04_generation_works_with_custom_values"/>
    <testcase time="0.00100000000000122" classname="table_04" name="Table_04_generation_works_with_custom_values"/>
    <testcase time="0.506999999999998" classname="table_04" name="Table_04_generation_works_with_custom_values"/>
    <testcase time="0.118000000000002" classname="table_04" name="Table_04_generation_works_with_custom_values">
      <skipped message="Reason: On CRAN ('test-table_04.R:44:3')"/>
    </testcase>
  </testsuite>
  <testsuite name="table_05" timestamp="2023-10-05T18:47:39Z" hostname="7a8ff81ebd31" tests="12" skipped="4" failures="0" errors="0" time="2.46">
    <testcase time="0.259999999999998" classname="table_05" name="Table_05_generation_works_with_default_values"/>
    <testcase time="0.391000000000002" classname="table_05" name="Table_05_generation_works_with_default_values"/>
    <testcase time="0.129999999999999" classname="table_05" name="Table_05_generation_works_with_default_values">
      <skipped message="Reason: On CRAN ('test-table_05.R:10:3')"/>
    </testcase>
    <testcase time="0.0259999999999998" classname="table_05" name="Table_05_generation_works_with_custom_values"/>
    <testcase time="0.436" classname="table_05" name="Table_05_generation_works_with_custom_values"/>
    <testcase time="0.146000000000001" classname="table_05" name="Table_05_generation_works_with_custom_values">
      <skipped message="Reason: On CRAN ('test-table_05.R:34:3')"/>
    </testcase>
    <testcase time="0.0259999999999962" classname="table_05" name="Table_05_generation_works_with_NA_values_pruned_rows"/>
    <testcase time="0.293000000000006" classname="table_05" name="Table_05_generation_works_with_NA_values_pruned_rows"/>
    <testcase time="0.151999999999994" classname="table_05" name="Table_05_generation_works_with_NA_values_pruned_rows">
      <skipped message="Reason: On CRAN ('test-table_05.R:44:3')"/>
    </testcase>
    <testcase time="0.0240000000000009" classname="table_05" name="Table_05_generation_works_with_risk_difference_column"/>
    <testcase time="0.428000000000004" classname="table_05" name="Table_05_generation_works_with_risk_difference_column"/>
    <testcase time="0.147999999999996" classname="table_05" name="Table_05_generation_works_with_risk_difference_column">
      <skipped message="Reason: On CRAN ('test-table_05.R:57:3')"/>
    </testcase>
  </testsuite>
  <testsuite name="table_06" timestamp="2023-10-05T18:47:42Z" hostname="7a8ff81ebd31" tests="15" skipped="3" failures="0" errors="0" time="3.502">
    <testcase time="0.0320000000000036" classname="table_06" name="Table_06_generation_works_with_default_values"/>
    <testcase time="0.000999999999997669" classname="table_06" name="Table_06_generation_works_with_default_values"/>
    <testcase time="0.0900000000000034" classname="table_06" name="Table_06_generation_works_with_default_values"/>
    <testcase time="0.656999999999996" classname="table_06" name="Table_06_generation_works_with_default_values"/>
    <testcase time="0.180999999999997" classname="table_06" name="Table_06_generation_works_with_default_values">
      <skipped message="Reason: On CRAN ('test-table_06.R:8:3')"/>
    </testcase>
    <testcase time="0.0230000000000032" classname="table_06" name="Table_06_generation_works_with_custom_values"/>
    <testcase time="0.00200000000000244" classname="table_06" name="Table_06_generation_works_with_custom_values"/>
    <testcase time="0.101999999999997" classname="table_06" name="Table_06_generation_works_with_custom_values"/>
    <testcase time="0.908999999999999" classname="table_06" name="Table_06_generation_works_with_custom_values"/>
    <testcase time="0.286999999999999" classname="table_06" name="Table_06_generation_works_with_custom_values">
      <skipped message="Reason: On CRAN ('test-table_06.R:40:3')"/>
    </testcase>
    <testcase time="0.0250000000000057" classname="table_06" name="Table_06_generation_works_with_risk_difference_column"/>
    <testcase time="0.00199999999999534" classname="table_06" name="Table_06_generation_works_with_risk_difference_column"/>
    <testcase time="0.0910000000000011" classname="table_06" name="Table_06_generation_works_with_risk_difference_column"/>
    <testcase time="0.907000000000004" classname="table_06" name="Table_06_generation_works_with_risk_difference_column"/>
    <testcase time="0.192999999999998" classname="table_06" name="Table_06_generation_works_with_risk_difference_column">
      <skipped message="Reason: On CRAN ('test-table_06.R:48:3')"/>
    </testcase>
  </testsuite>
  <testsuite name="table_07" timestamp="2023-10-05T18:47:45Z" hostname="7a8ff81ebd31" tests="24" skipped="4" failures="0" errors="0" time="3.727">
    <testcase time="0.0529999999999973" classname="table_07" name="Table_07_generation_works_with_default_values"/>
    <testcase time="0.00200000000000244" classname="table_07" name="Table_07_generation_works_with_default_values"/>
    <testcase time="0.000999999999997669" classname="table_07" name="Table_07_generation_works_with_default_values"/>
    <testcase time="0.0579999999999998" classname="table_07" name="Table_07_generation_works_with_default_values"/>
    <testcase time="0.487000000000002" classname="table_07" name="Table_07_generation_works_with_default_values"/>
    <testcase time="0.195" classname="table_07" name="Table_07_generation_works_with_default_values">
      <skipped message="Reason: On CRAN ('test-table_07.R:13:3')"/>
    </testcase>
    <testcase time="0.0249999999999986" classname="table_07" name="Table_07_generation_works_with_custom_values"/>
    <testcase time="0.00200000000000244" classname="table_07" name="Table_07_generation_works_with_custom_values"/>
    <testcase time="0.00199999999999534" classname="table_07" name="Table_07_generation_works_with_custom_values"/>
    <testcase time="0.0630000000000024" classname="table_07" name="Table_07_generation_works_with_custom_values"/>
    <testcase time="0.856999999999999" classname="table_07" name="Table_07_generation_works_with_custom_values"/>
    <testcase time="0.282000000000004" classname="table_07" name="Table_07_generation_works_with_custom_values">
      <skipped message="Reason: On CRAN ('test-table_07.R:42:3')"/>
    </testcase>
    <testcase time="0.0240000000000009" classname="table_07" name="Table_07_generation_works_with_NA_values_pruned_rows"/>
    <testcase time="0.00199999999999534" classname="table_07" name="Table_07_generation_works_with_NA_values_pruned_rows"/>
    <testcase time="0.00200000000000244" classname="table_07" name="Table_07_generation_works_with_NA_values_pruned_rows"/>
    <testcase time="0.0559999999999974" classname="table_07" name="Table_07_generation_works_with_NA_values_pruned_rows"/>
    <testcase time="0.490000000000002" classname="table_07" name="Table_07_generation_works_with_NA_values_pruned_rows"/>
    <testcase time="0.186999999999998" classname="table_07" name="Table_07_generation_works_with_NA_values_pruned_rows">
      <skipped message="Reason: On CRAN ('test-table_07.R:52:3')"/>
    </testcase>
    <testcase time="0.0230000000000032" classname="table_07" name="Table_07_generation_works_with_risk_difference_column"/>
    <testcase time="0.00200000000000244" classname="table_07" name="Table_07_generation_works_with_risk_difference_column"/>
    <testcase time="0.00199999999999534" classname="table_07" name="Table_07_generation_works_with_risk_difference_column"/>
    <testcase time="0.0590000000000046" classname="table_07" name="Table_07_generation_works_with_risk_difference_column"/>
    <testcase time="0.622" classname="table_07" name="Table_07_generation_works_with_risk_difference_column"/>
    <testcase time="0.231000000000002" classname="table_07" name="Table_07_generation_works_with_risk_difference_column">
      <skipped message="Reason: On CRAN ('test-table_07.R:65:3')"/>
    </testcase>
  </testsuite>
  <testsuite name="table_08" timestamp="2023-10-05T18:47:49Z" hostname="7a8ff81ebd31" tests="8" skipped="2" failures="0" errors="0" time="0.701">
    <testcase time="0.036999999999999" classname="table_08" name="Table_08_generation_works_with_default_values"/>
    <testcase time="0.00199999999999534" classname="table_08" name="Table_08_generation_works_with_default_values"/>
    <testcase time="0.0940000000000012" classname="table_08" name="Table_08_generation_works_with_default_values"/>
    <testcase time="0.206000000000003" classname="table_08" name="Table_08_generation_works_with_default_values">
      <skipped message="Reason: On CRAN ('test-table_08.R:10:3')"/>
    </testcase>
    <testcase time="0.0229999999999961" classname="table_08" name="Table_08_generation_works_with_custom_values"/>
    <testcase time="0.00200000000000244" classname="table_08" name="Table_08_generation_works_with_custom_values"/>
    <testcase time="0.0649999999999977" classname="table_08" name="Table_08_generation_works_with_custom_values"/>
    <testcase time="0.272000000000006" classname="table_08" name="Table_08_generation_works_with_custom_values">
      <skipped message="Reason: On CRAN ('test-table_08.R:31:3')"/>
    </testcase>
  </testsuite>
  <testsuite name="table_09" timestamp="2023-10-05T18:47:50Z" hostname="7a8ff81ebd31" tests="12" skipped="3" failures="0" errors="0" time="2.42">
    <testcase time="0.0399999999999991" classname="table_09" name="Table_09_generation_works_with_default_values"/>
    <testcase time="0.0670000000000002" classname="table_09" name="Table_09_generation_works_with_default_values"/>
    <testcase time="0.524000000000001" classname="table_09" name="Table_09_generation_works_with_default_values"/>
    <testcase time="0.0969999999999942" classname="table_09" name="Table_09_generation_works_with_default_values">
      <skipped message="Reason: On CRAN ('test-table_09.R:8:3')"/>
    </testcase>
    <testcase time="0.0240000000000009" classname="table_09" name="Table_09_generation_works_with_custom_values"/>
    <testcase time="0.0650000000000048" classname="table_09" name="Table_09_generation_works_with_custom_values"/>
    <testcase time="0.638999999999996" classname="table_09" name="Table_09_generation_works_with_custom_values"/>
    <testcase time="0.117000000000004" classname="table_09" name="Table_09_generation_works_with_custom_values">
      <skipped message="Reason: On CRAN ('test-table_09.R:39:3')"/>
    </testcase>
    <testcase time="0.0269999999999939" classname="table_09" name="Table_09_generation_works_with_risk_difference_column"/>
    <testcase time="0.0810000000000031" classname="table_09" name="Table_09_generation_works_with_risk_difference_column"/>
    <testcase time="0.591999999999999" classname="table_09" name="Table_09_generation_works_with_risk_difference_column"/>
    <testcase time="0.146999999999998" classname="table_09" name="Table_09_generation_works_with_risk_difference_column">
      <skipped message="Reason: On CRAN ('test-table_09.R:47:3')"/>
    </testcase>
  </testsuite>
  <testsuite name="table_10" timestamp="2023-10-05T18:47:52Z" hostname="7a8ff81ebd31" tests="15" skipped="3" failures="0" errors="0" time="2.624">
    <testcase time="0.0390000000000015" classname="table_10" name="Table_10_generation_works_with_default_values"/>
    <testcase time="0.00100000000000477" classname="table_10" name="Table_10_generation_works_with_default_values"/>
    <testcase time="0.0689999999999955" classname="table_10" name="Table_10_generation_works_with_default_values"/>
    <testcase time="0.641000000000005" classname="table_10" name="Table_10_generation_works_with_default_values"/>
    <testcase time="0.196999999999996" classname="table_10" name="Table_10_generation_works_with_default_values">
      <skipped message="Reason: On CRAN ('test-table_10.R:17:3')"/>
    </testcase>
    <testcase time="0.0290000000000035" classname="table_10" name="Table_10_generation_works_with_custom_values"/>
    <testcase time="0.00199999999999534" classname="table_10" name="Table_10_generation_works_with_custom_values"/>
    <testcase time="0.0640000000000001" classname="table_10" name="Table_10_generation_works_with_custom_values"/>
    <testcase time="0.528000000000006" classname="table_10" name="Table_10_generation_works_with_custom_values"/>
    <testcase time="0.0850000000000009" classname="table_10" name="Table_10_generation_works_with_custom_values">
      <skipped message="Reason: On CRAN ('test-table_10.R:52:3')"/>
    </testcase>
    <testcase time="0.0239999999999938" classname="table_10" name="Table_10_generation_works_with_risk_difference_column"/>
    <testcase time="0.00100000000000477" classname="table_10" name="Table_10_generation_works_with_risk_difference_column"/>
    <testcase time="0.0719999999999956" classname="table_10" name="Table_10_generation_works_with_risk_difference_column"/>
    <testcase time="0.673000000000002" classname="table_10" name="Table_10_generation_works_with_risk_difference_column"/>
    <testcase time="0.198999999999998" classname="table_10" name="Table_10_generation_works_with_risk_difference_column">
      <skipped message="Reason: On CRAN ('test-table_10.R:60:3')"/>
    </testcase>
  </testsuite>
  <testsuite name="table_11" timestamp="2023-10-05T18:47:55Z" hostname="7a8ff81ebd31" tests="12" skipped="3" failures="0" errors="0" time="4.364">
    <testcase time="0.0519999999999996" classname="table_11" name="Table_11_generation_works_with_default_values"/>
    <testcase time="0.0820000000000007" classname="table_11" name="Table_11_generation_works_with_default_values"/>
    <testcase time="0.931000000000004" classname="table_11" name="Table_11_generation_works_with_default_values"/>
    <testcase time="0.205999999999996" classname="table_11" name="Table_11_generation_works_with_default_values">
      <skipped message="Reason: On CRAN ('test-table_11.R:18:3')"/>
    </testcase>
    <testcase time="0.0260000000000034" classname="table_11" name="Table_11_generation_works_with_custom_values"/>
    <testcase time="0.0889999999999986" classname="table_11" name="Table_11_generation_works_with_custom_values"/>
    <testcase time="0.875" classname="table_11" name="Table_11_generation_works_with_custom_values"/>
    <testcase time="0.127000000000002" classname="table_11" name="Table_11_generation_works_with_custom_values">
      <skipped message="Reason: On CRAN ('test-table_11.R:48:3')"/>
    </testcase>
    <testcase time="0.029999999999994" classname="table_11" name="Table_11_generation_works_with_risk_difference_column"/>
    <testcase time="0.0750000000000028" classname="table_11" name="Table_11_generation_works_with_risk_difference_column"/>
    <testcase time="1.582" classname="table_11" name="Table_11_generation_works_with_risk_difference_column"/>
    <testcase time="0.289000000000001" classname="table_11" name="Table_11_generation_works_with_risk_difference_column">
      <skipped message="Reason: On CRAN ('test-table_11.R:56:3')"/>
    </testcase>
  </testsuite>
  <testsuite name="table_12" timestamp="2023-10-05T18:47:59Z" hostname="7a8ff81ebd31" tests="12" skipped="3" failures="0" errors="0" time="4.934">
    <testcase time="0.0390000000000015" classname="table_12" name="Table_12_generation_works_with_default_values"/>
    <testcase time="0.0859999999999985" classname="table_12" name="Table_12_generation_works_with_default_values"/>
    <testcase time="1.228" classname="table_12" name="Table_12_generation_works_with_default_values"/>
    <testcase time="0.158999999999999" classname="table_12" name="Table_12_generation_works_with_default_values">
      <skipped message="Reason: On CRAN ('test-table_12.R:9:3')"/>
    </testcase>
    <testcase time="0.0229999999999961" classname="table_12" name="Table_12_generation_works_with_custom_values"/>
    <testcase time="0.0799999999999983" classname="table_12" name="Table_12_generation_works_with_custom_values"/>
    <testcase time="1.276" classname="table_12" name="Table_12_generation_works_with_custom_values"/>
    <testcase time="0.173000000000002" classname="table_12" name="Table_12_generation_works_with_custom_values">
      <skipped message="Reason: On CRAN ('test-table_12.R:39:3')"/>
    </testcase>
    <testcase time="0.0249999999999986" classname="table_12" name="Table_12_generation_works_with_risk_difference_column"/>
    <testcase time="0.070999999999998" classname="table_12" name="Table_12_generation_works_with_risk_difference_column"/>
    <testcase time="1.562" classname="table_12" name="Table_12_generation_works_with_risk_difference_column"/>
    <testcase time="0.211999999999996" classname="table_12" name="Table_12_generation_works_with_risk_difference_column">
      <skipped message="Reason: On CRAN ('test-table_12.R:47:3')"/>
    </testcase>
  </testsuite>
  <testsuite name="table_13" timestamp="2023-10-05T18:48:04Z" hostname="7a8ff81ebd31" tests="12" skipped="3" failures="0" errors="0" time="1.191">
    <testcase time="0.0300000000000011" classname="table_13" name="Table_13_generation_works_with_default_values"/>
    <testcase time="0.0700000000000003" classname="table_13" name="Table_13_generation_works_with_default_values"/>
    <testcase time="0.179000000000002" classname="table_13" name="Table_13_generation_works_with_default_values"/>
    <testcase time="0.110999999999997" classname="table_13" name="Table_13_generation_works_with_default_values">
      <skipped message="Reason: On CRAN ('test-table_13.R:8:3')"/>
    </testcase>
    <testcase time="0.0230000000000032" classname="table_13" name="Table_13_generation_works_with_custom_values"/>
    <testcase time="0.0690000000000026" classname="table_13" name="Table_13_generation_works_with_custom_values"/>
    <testcase time="0.219999999999999" classname="table_13" name="Table_13_generation_works_with_custom_values"/>
    <testcase time="0.070999999999998" classname="table_13" name="Table_13_generation_works_with_custom_values">
      <skipped message="Reason: On CRAN ('test-table_13.R:38:3')"/>
    </testcase>
    <testcase time="0.0230000000000032" classname="table_13" name="Table_13_generation_works_with_risk_difference_column"/>
    <testcase time="0.0670000000000002" classname="table_13" name="Table_13_generation_works_with_risk_difference_column"/>
    <testcase time="0.216999999999999" classname="table_13" name="Table_13_generation_works_with_risk_difference_column"/>
    <testcase time="0.110999999999997" classname="table_13" name="Table_13_generation_works_with_risk_difference_column">
      <skipped message="Reason: On CRAN ('test-table_13.R:46:3')"/>
    </testcase>
  </testsuite>
  <testsuite name="table_14" timestamp="2023-10-05T18:48:05Z" hostname="7a8ff81ebd31" tests="13" skipped="4" failures="0" errors="0" time="4.971">
    <testcase time="0.0420000000000016" classname="table_14" name="Table_14_generation_works_with_default_values"/>
    <testcase time="0.839999999999996" classname="table_14" name="Table_14_generation_works_with_default_values"/>
    <testcase time="0.238" classname="table_14" name="Table_14_generation_works_with_default_values">
      <skipped message="Reason: On CRAN ('test-table_14.R:16:3')"/>
    </testcase>
    <testcase time="0.0230000000000032" classname="table_14" name="Table_14_generation_works_with_custom_values"/>
    <testcase time="0.0670000000000002" classname="table_14" name="Table_14_generation_works_with_custom_values"/>
    <testcase time="0.960000000000001" classname="table_14" name="Table_14_generation_works_with_custom_values"/>
    <testcase time="0.226999999999997" classname="table_14" name="Table_14_generation_works_with_custom_values">
      <skipped message="Reason: On CRAN ('test-table_14.R:46:3')"/>
    </testcase>
    <testcase time="0.0240000000000009" classname="table_14" name="Table_14_generation_works_with_NA_values_pruned_rows"/>
    <testcase time="0.896999999999998" classname="table_14" name="Table_14_generation_works_with_NA_values_pruned_rows"/>
    <testcase time="0.168000000000006" classname="table_14" name="Table_14_generation_works_with_NA_values_pruned_rows">
      <skipped message="Reason: On CRAN ('test-table_14.R:53:3')"/>
    </testcase>
    <testcase time="0.0319999999999965" classname="table_14" name="Table_14_generation_works_with_risk_difference_column"/>
    <testcase time="1.143" classname="table_14" name="Table_14_generation_works_with_risk_difference_column"/>
    <testcase time="0.310000000000002" classname="table_14" name="Table_14_generation_works_with_risk_difference_column">
      <skipped message="Reason: On CRAN ('test-table_14.R:61:3')"/>
    </testcase>
  </testsuite>
  <testsuite name="table_20" timestamp="2023-10-05T18:48:10Z" hostname="7a8ff81ebd31" tests="24" skipped="4" failures="0" errors="0" time="4.317">
    <testcase time="0.0389999999999944" classname="table_20" name="Table_20_generation_works_with_default_values"/>
    <testcase time="0.00100000000000477" classname="table_20" name="Table_20_generation_works_with_default_values"/>
    <testcase time="0.00199999999999534" classname="table_20" name="Table_20_generation_works_with_default_values"/>
    <testcase time="0.0690000000000026" classname="table_20" name="Table_20_generation_works_with_default_values"/>
    <testcase time="0.621000000000002" classname="table_20" name="Table_20_generation_works_with_default_values"/>
    <testcase time="0.143999999999998" classname="table_20" name="Table_20_generation_works_with_default_values">
      <skipped message="Reason: On CRAN ('test-table_20.R:17:3')"/>
    </testcase>
    <testcase time="0.0249999999999986" classname="table_20" name="Table_20_generation_works_with_custom_values"/>
    <testcase time="0.00200000000000244" classname="table_20" name="Table_20_generation_works_with_custom_values"/>
    <testcase time="0.00199999999999534" classname="table_20" name="Table_20_generation_works_with_custom_values"/>
    <testcase time="0.0630000000000024" classname="table_20" name="Table_20_generation_works_with_custom_values"/>
    <testcase time="1.03899999999999" classname="table_20" name="Table_20_generation_works_with_custom_values"/>
    <testcase time="0.204000000000008" classname="table_20" name="Table_20_generation_works_with_custom_values">
      <skipped message="Reason: On CRAN ('test-table_20.R:65:3')"/>
    </testcase>
    <testcase time="0.0289999999999964" classname="table_20" name="Table_20_generation_works_with_missing_values_pruned_rows"/>
    <testcase time="0.00199999999999534" classname="table_20" name="Table_20_generation_works_with_missing_values_pruned_rows"/>
    <testcase time="0.00200000000000955" classname="table_20" name="Table_20_generation_works_with_missing_values_pruned_rows"/>
    <testcase time="0.0889999999999986" classname="table_20" name="Table_20_generation_works_with_missing_values_pruned_rows"/>
    <testcase time="0.710999999999999" classname="table_20" name="Table_20_generation_works_with_missing_values_pruned_rows"/>
    <testcase time="0.122" classname="table_20" name="Table_20_generation_works_with_missing_values_pruned_rows">
      <skipped message="Reason: On CRAN ('test-table_20.R:74:3')"/>
    </testcase>
    <testcase time="0.0229999999999961" classname="table_20" name="Table_20_generation_works_with_risk_difference_column"/>
    <testcase time="0.00200000000000955" classname="table_20" name="Table_20_generation_works_with_risk_difference_column"/>
    <testcase time="0.000999999999990564" classname="table_20" name="Table_20_generation_works_with_risk_difference_column"/>
    <testcase time="0.0630000000000024" classname="table_20" name="Table_20_generation_works_with_risk_difference_column"/>
    <testcase time="0.864000000000004" classname="table_20" name="Table_20_generation_works_with_risk_difference_column"/>
    <testcase time="0.197999999999993" classname="table_20" name="Table_20_generation_works_with_risk_difference_column">
      <skipped message="Reason: On CRAN ('test-table_20.R:82:3')"/>
    </testcase>
  </testsuite>
  <testsuite name="table_21" timestamp="2023-10-05T18:48:14Z" hostname="7a8ff81ebd31" tests="19" skipped="4" failures="0" errors="0" time="4.18">
    <testcase time="0.124000000000009" classname="table_21" name="Table_21_generation_works_with_default_values"/>
    <testcase time="0.00200000000000955" classname="table_21" name="Table_21_generation_works_with_default_values"/>
    <testcase time="0.957999999999998" classname="table_21" name="Table_21_generation_works_with_default_values"/>
    <testcase time="0.165999999999997" classname="table_21" name="Table_21_generation_works_with_default_values">
      <skipped message="Reason: On CRAN ('test-table_21.R:22:3')"/>
    </testcase>
    <testcase time="0.0439999999999969" classname="table_21" name="Table_21_generation_works_with_custom_values_N_s_denominator_and_overall_column"/>
    <testcase time="0.00199999999999534" classname="table_21" name="Table_21_generation_works_with_custom_values_N_s_denominator_and_overall_column"/>
    <testcase time="0.121000000000009" classname="table_21" name="Table_21_generation_works_with_custom_values_N_s_denominator_and_overall_column"/>
    <testcase time="1.122" classname="table_21" name="Table_21_generation_works_with_custom_values_N_s_denominator_and_overall_column"/>
    <testcase time="0.189999999999998" classname="table_21" name="Table_21_generation_works_with_custom_values_N_s_denominator_and_overall_column">
      <skipped message="Reason: On CRAN ('test-table_21.R:34:3')"/>
    </testcase>
    <testcase time="0.0240000000000009" classname="table_21" name="Table_21_generation_works_with_custom_values_N_col_denominator_and_no_overall_column"/>
    <testcase time="0.00199999999999534" classname="table_21" name="Table_21_generation_works_with_custom_values_N_col_denominator_and_no_overall_column"/>
    <testcase time="0.0679999999999978" classname="table_21" name="Table_21_generation_works_with_custom_values_N_col_denominator_and_no_overall_column"/>
    <testcase time="0.51100000000001" classname="table_21" name="Table_21_generation_works_with_custom_values_N_col_denominator_and_no_overall_column"/>
    <testcase time="0.162999999999997" classname="table_21" name="Table_21_generation_works_with_custom_values_N_col_denominator_and_no_overall_column">
      <skipped message="Reason: On CRAN ('test-table_21.R:62:3')"/>
    </testcase>
    <testcase time="0.0999999999999943" classname="table_21" name="Table_21_generation_works_with_some_NA_values"/>
    <testcase time="0.00200000000000955" classname="table_21" name="Table_21_generation_works_with_some_NA_values"/>
    <testcase time="0.0769999999999982" classname="table_21" name="Table_21_generation_works_with_some_NA_values"/>
    <testcase time="0.397999999999996" classname="table_21" name="Table_21_generation_works_with_some_NA_values"/>
    <testcase time="0.105999999999995" classname="table_21" name="Table_21_generation_works_with_some_NA_values">
      <skipped message="Reason: On CRAN ('test-table_21.R:82:3')"/>
    </testcase>
  </testsuite>
  <testsuite name="table_32" timestamp="2023-10-05T18:48:18Z" hostname="7a8ff81ebd31" tests="16" skipped="4" failures="0" errors="0" time="1.66">
    <testcase time="0.0300000000000011" classname="table_32" name="Table_32_generation_works_with_default_values"/>
    <testcase time="0.070999999999998" classname="table_32" name="Table_32_generation_works_with_default_values"/>
    <testcase time="0.204000000000008" classname="table_32" name="Table_32_generation_works_with_default_values"/>
    <testcase time="0.083999999999989" classname="table_32" name="Table_32_generation_works_with_default_values">
      <skipped message="Reason: On CRAN ('test-table_32.R:8:3')"/>
    </testcase>
    <testcase time="0.0300000000000011" classname="table_32" name="Table_32_generation_works_with_custom_values"/>
    <testcase time="0.0829999999999984" classname="table_32" name="Table_32_generation_works_with_custom_values"/>
    <testcase time="0.253" classname="table_32" name="Table_32_generation_works_with_custom_values"/>
    <testcase time="0.0880000000000081" classname="table_32" name="Table_32_generation_works_with_custom_values">
      <skipped message="Reason: On CRAN ('test-table_32.R:30:3')"/>
    </testcase>
    <testcase time="0.0279999999999916" classname="table_32" name="Table_32_generation_works_with_pruned_rows"/>
    <testcase time="0.0800000000000125" classname="table_32" name="Table_32_generation_works_with_pruned_rows"/>
    <testcase time="0.22999999999999" classname="table_32" name="Table_32_generation_works_with_pruned_rows"/>
    <testcase time="0.0490000000000066" classname="table_32" name="Table_32_generation_works_with_pruned_rows">
      <skipped message="Reason: On CRAN ('test-table_32.R:37:3')"/>
    </testcase>
    <testcase time="0.0229999999999961" classname="table_32" name="Table_32_generation_works_with_risk_difference_column"/>
    <testcase time="0.078000000000003" classname="table_32" name="Table_32_generation_works_with_risk_difference_column"/>
    <testcase time="0.247" classname="table_32" name="Table_32_generation_works_with_risk_difference_column"/>
    <testcase time="0.0819999999999936" classname="table_32" name="Table_32_generation_works_with_risk_difference_column">
      <skipped message="Reason: On CRAN ('test-table_32.R:45:3')"/>
    </testcase>
  </testsuite>
  <testsuite name="table_33" timestamp="2023-10-05T18:48:20Z" hostname="7a8ff81ebd31" tests="16" skipped="4" failures="0" errors="0" time="3.181">
    <testcase time="0.0330000000000013" classname="table_33" name="Table_33_generation_works_with_default_values"/>
    <testcase time="0.534999999999997" classname="table_33" name="Table_33_generation_works_with_default_values"/>
    <testcase time="0.173000000000002" classname="table_33" name="Table_33_generation_works_with_default_values"/>
    <testcase time="0.0580000000000069" classname="table_33" name="Table_33_generation_works_with_default_values">
      <skipped message="Reason: On CRAN ('test-table_33.R:8:3')"/>
    </testcase>
    <testcase time="0.0249999999999915" classname="table_33" name="Table_33_generation_works_with_custom_values"/>
    <testcase time="0.510000000000005" classname="table_33" name="Table_33_generation_works_with_custom_values"/>
    <testcase time="0.228999999999999" classname="table_33" name="Table_33_generation_works_with_custom_values"/>
    <testcase time="0.0799999999999983" classname="table_33" name="Table_33_generation_works_with_custom_values">
      <skipped message="Reason: On CRAN ('test-table_33.R:34:3')"/>
    </testcase>
    <testcase time="0.0250000000000057" classname="table_33" name="Table_33_generation_works_with_pruned_rows"/>
    <testcase time="0.471999999999994" classname="table_33" name="Table_33_generation_works_with_pruned_rows"/>
    <testcase time="0.168999999999997" classname="table_33" name="Table_33_generation_works_with_pruned_rows"/>
    <testcase time="0.0580000000000069" classname="table_33" name="Table_33_generation_works_with_pruned_rows">
      <skipped message="Reason: On CRAN ('test-table_33.R:42:3')"/>
    </testcase>
    <testcase time="0.0289999999999964" classname="table_33" name="Table_33_generation_works_with_risk_difference_column"/>
    <testcase time="0.491" classname="table_33" name="Table_33_generation_works_with_risk_difference_column"/>
    <testcase time="0.215000000000003" classname="table_33" name="Table_33_generation_works_with_risk_difference_column"/>
    <testcase time="0.0789999999999935" classname="table_33" name="Table_33_generation_works_with_risk_difference_column">
      <skipped message="Reason: On CRAN ('test-table_33.R:50:3')"/>
    </testcase>
  </testsuite>
  <testsuite name="table_34" timestamp="2023-10-05T18:48:23Z" hostname="7a8ff81ebd31" tests="12" skipped="3" failures="0" errors="0" time="9.902">
    <testcase time="0.0439999999999969" classname="table_34" name="Table_34_generation_works_with_default_values"/>
    <testcase time="0.0700000000000074" classname="table_34" name="Table_34_generation_works_with_default_values"/>
    <testcase time="2.80799999999999" classname="table_34" name="Table_34_generation_works_with_default_values"/>
    <testcase time="0.345000000000013" classname="table_34" name="Table_34_generation_works_with_default_values">
      <skipped message="Reason: On CRAN ('test-table_34.R:17:3')"/>
    </testcase>
    <testcase time="0.0259999999999962" classname="table_34" name="Table_34_generation_works_with_custom_values"/>
    <testcase time="0.0529999999999973" classname="table_34" name="Table_34_generation_works_with_custom_values"/>
    <testcase time="2.98699999999999" classname="table_34" name="Table_34_generation_works_with_custom_values"/>
    <testcase time="0.119" classname="table_34" name="Table_34_generation_works_with_custom_values">
      <skipped message="Reason: On CRAN ('test-table_34.R:49:3')"/>
    </testcase>
    <testcase time="0.0360000000000014" classname="table_34" name="Table_34_generation_works_with_risk_difference_column"/>
    <testcase time="0.0859999999999985" classname="table_34" name="Table_34_generation_works_with_risk_difference_column"/>
    <testcase time="2.992" classname="table_34" name="Table_34_generation_works_with_risk_difference_column"/>
    <testcase time="0.335999999999999" classname="table_34" name="Table_34_generation_works_with_risk_difference_column">
      <skipped message="Reason: On CRAN ('test-table_34.R:57:3')"/>
    </testcase>
  </testsuite>
</testsuites>
