<?xml version="1.0" encoding="UTF-8"?>
<testsuites>
  <testsuite name="table_02" timestamp="2023-05-17T14:57:51Z" hostname="30f8adb85d5b" tests="9" skipped="3" failures="0" errors="0" time="2.114">
    <testcase time="0.255" classname="table_02" name="Table_02_generation_works_with_default_values"/>
    <testcase time="0.639" classname="table_02" name="Table_02_generation_works_with_default_values"/>
    <testcase time="0.232" classname="table_02" name="Table_02_generation_works_with_default_values">
      <skipped message="Reason: On CRAN ('test-table_02.R:16:3')"/>
    </testcase>
    <testcase time="0.0760000000000005" classname="table_02" name="Table_02_generation_works_with_custom_values"/>
    <testcase time="0.449999999999999" classname="table_02" name="Table_02_generation_works_with_custom_values"/>
    <testcase time="0.248" classname="table_02" name="Table_02_generation_works_with_custom_values">
      <skipped message="Reason: On CRAN ('test-table_02.R:45:3')"/>
    </testcase>
    <testcase time="0.0609999999999999" classname="table_02" name="Table_02_generation_works_with_some_NA_values"/>
    <testcase time="0.105" classname="table_02" name="Table_02_generation_works_with_some_NA_values"/>
    <testcase time="0.048" classname="table_02" name="Table_02_generation_works_with_some_NA_values">
      <skipped message="Reason: On CRAN ('test-table_02.R:57:3')"/>
    </testcase>
  </testsuite>
  <testsuite name="table_06" timestamp="2023-05-17T14:57:53Z" hostname="30f8adb85d5b" tests="10" skipped="2" failures="0" errors="0" time="1.446">
    <testcase time="0.0379999999999994" classname="table_06" name="Table_06_generation_works_with_default_values"/>
    <testcase time="0.00100000000000033" classname="table_06" name="Table_06_generation_works_with_default_values"/>
    <testcase time="0.0670000000000002" classname="table_06" name="Table_06_generation_works_with_default_values"/>
    <testcase time="0.508" classname="table_06" name="Table_06_generation_works_with_default_values"/>
    <testcase time="0.0969999999999995" classname="table_06" name="Table_06_generation_works_with_default_values">
      <skipped message="Reason: On CRAN ('test-table_06.R:8:3')"/>
    </testcase>
    <testcase time="0.0150000000000006" classname="table_06" name="Table_06_generation_works_with_custom_values"/>
    <testcase time="0.000999999999999446" classname="table_06" name="Table_06_generation_works_with_custom_values"/>
    <testcase time="0.0620000000000003" classname="table_06" name="Table_06_generation_works_with_custom_values"/>
    <testcase time="0.553" classname="table_06" name="Table_06_generation_works_with_custom_values"/>
    <testcase time="0.104" classname="table_06" name="Table_06_generation_works_with_custom_values">
      <skipped message="Reason: On CRAN ('test-table_06.R:40:3')"/>
    </testcase>
  </testsuite>
  <testsuite name="table_07" timestamp="2023-05-17T14:57:55Z" hostname="30f8adb85d5b" tests="18" skipped="3" failures="0" errors="0" time="1.744">
    <testcase time="0.0380000000000003" classname="table_07" name="Table_07_generation_works_with_default_values"/>
    <testcase time="0.00199999999999978" classname="table_07" name="Table_07_generation_works_with_default_values"/>
    <testcase time="0.00100000000000033" classname="table_07" name="Table_07_generation_works_with_default_values"/>
    <testcase time="0.0449999999999999" classname="table_07" name="Table_07_generation_works_with_default_values"/>
    <testcase time="0.359" classname="table_07" name="Table_07_generation_works_with_default_values"/>
    <testcase time="0.116" classname="table_07" name="Table_07_generation_works_with_default_values">
      <skipped message="Reason: On CRAN ('test-table_07.R:13:3')"/>
    </testcase>
    <testcase time="0.0149999999999997" classname="table_07" name="Table_07_generation_works_with_custom_values"/>
    <testcase time="0.00100000000000033" classname="table_07" name="Table_07_generation_works_with_custom_values"/>
    <testcase time="0.00199999999999978" classname="table_07" name="Table_07_generation_works_with_custom_values"/>
    <testcase time="0.0440000000000005" classname="table_07" name="Table_07_generation_works_with_custom_values"/>
    <testcase time="0.51" classname="table_07" name="Table_07_generation_works_with_custom_values"/>
    <testcase time="0.116" classname="table_07" name="Table_07_generation_works_with_custom_values">
      <skipped message="Reason: On CRAN ('test-table_07.R:42:3')"/>
    </testcase>
    <testcase time="0.0150000000000006" classname="table_07" name="Table_07_generation_works_with_NA_values_pruned_rows"/>
    <testcase time="0.00200000000000067" classname="table_07" name="Table_07_generation_works_with_NA_values_pruned_rows"/>
    <testcase time="0.00199999999999889" classname="table_07" name="Table_07_generation_works_with_NA_values_pruned_rows"/>
    <testcase time="0.0440000000000005" classname="table_07" name="Table_07_generation_works_with_NA_values_pruned_rows"/>
    <testcase time="0.318" classname="table_07" name="Table_07_generation_works_with_NA_values_pruned_rows"/>
    <testcase time="0.114000000000001" classname="table_07" name="Table_07_generation_works_with_NA_values_pruned_rows">
      <skipped message="Reason: On CRAN ('test-table_07.R:52:3')"/>
    </testcase>
  </testsuite>
  <testsuite name="table_09" timestamp="2023-05-17T14:57:56Z" hostname="30f8adb85d5b" tests="8" skipped="2" failures="0" errors="0" time="0.91">
    <testcase time="0.020999999999999" classname="table_09" name="Table_09_generation_works_with_default_values"/>
    <testcase time="0.0460000000000012" classname="table_09" name="Table_09_generation_works_with_default_values"/>
    <testcase time="0.289999999999999" classname="table_09" name="Table_09_generation_works_with_default_values"/>
    <testcase time="0.0670000000000002" classname="table_09" name="Table_09_generation_works_with_default_values">
      <skipped message="Reason: On CRAN ('test-table_09.R:8:3')"/>
    </testcase>
    <testcase time="0.0150000000000006" classname="table_09" name="Table_09_generation_works_with_custom_values"/>
    <testcase time="0.0459999999999994" classname="table_09" name="Table_09_generation_works_with_custom_values"/>
    <testcase time="0.355" classname="table_09" name="Table_09_generation_works_with_custom_values"/>
    <testcase time="0.0700000000000003" classname="table_09" name="Table_09_generation_works_with_custom_values">
      <skipped message="Reason: On CRAN ('test-table_09.R:39:3')"/>
    </testcase>
  </testsuite>
  <testsuite name="table_13" timestamp="2023-05-17T14:57:57Z" hostname="30f8adb85d5b" tests="8" skipped="2" failures="0" errors="0" time="0.539">
    <testcase time="0.020999999999999" classname="table_13" name="Table_13_generation_works_with_default_values"/>
    <testcase time="0.0549999999999997" classname="table_13" name="Table_13_generation_works_with_default_values"/>
    <testcase time="0.132999999999999" classname="table_13" name="Table_13_generation_works_with_default_values"/>
    <testcase time="0.0600000000000005" classname="table_13" name="Table_13_generation_works_with_default_values">
      <skipped message="Reason: On CRAN ('test-table_13.R:8:3')"/>
    </testcase>
    <testcase time="0.016" classname="table_13" name="Table_13_generation_works_with_custom_values"/>
    <testcase time="0.0559999999999992" classname="table_13" name="Table_13_generation_works_with_custom_values"/>
    <testcase time="0.145000000000001" classname="table_13" name="Table_13_generation_works_with_custom_values"/>
    <testcase time="0.052999999999999" classname="table_13" name="Table_13_generation_works_with_custom_values">
      <skipped message="Reason: On CRAN ('test-table_13.R:38:3')"/>
    </testcase>
  </testsuite>
</testsuites>
