<?xml version="1.0" encoding="UTF-8"?>
<testsuites>
  <testsuite name="table_02" timestamp="2023-05-15T22:39:44Z" hostname="f401e1b68298" tests="6" skipped="3" failures="0" errors="0" time="2.415">
    <testcase time="0.988" classname="table_02" name="Table_02_generation_works_with_default_values"/>
    <testcase time="0.27" classname="table_02" name="Table_02_generation_works_with_default_values">
      <skipped message="Reason: On CRAN ('test-table_02.R:16:3')"/>
    </testcase>
    <testcase time="0.622000000000001" classname="table_02" name="Table_02_generation_works_with_custom_values"/>
    <testcase time="0.300999999999999" classname="table_02" name="Table_02_generation_works_with_custom_values">
      <skipped message="Reason: On CRAN ('test-table_02.R:45:3')"/>
    </testcase>
    <testcase time="0.18" classname="table_02" name="Table_02_generation_works_with_some_NA_values"/>
    <testcase time="0.0540000000000003" classname="table_02" name="Table_02_generation_works_with_some_NA_values">
      <skipped message="Reason: On CRAN ('test-table_02.R:57:3')"/>
    </testcase>
  </testsuite>
  <testsuite name="table_06" timestamp="2023-05-15T22:39:46Z" hostname="f401e1b68298" tests="4" skipped="2" failures="0" errors="0" time="1.683">
    <testcase time="0.705" classname="table_06" name="Table_06_generation_works_with_default_values"/>
    <testcase time="0.119" classname="table_06" name="Table_06_generation_works_with_default_values">
      <skipped message="Reason: On CRAN ('test-table_06.R:8:3')"/>
    </testcase>
    <testcase time="0.733000000000001" classname="table_06" name="Table_06_generation_works_with_custom_values"/>
    <testcase time="0.125999999999999" classname="table_06" name="Table_06_generation_works_with_custom_values">
      <skipped message="Reason: On CRAN ('test-table_06.R:40:3')"/>
    </testcase>
  </testsuite>
  <testsuite name="table_09" timestamp="2023-05-15T22:39:48Z" hostname="f401e1b68298" tests="4" skipped="2" failures="0" errors="0" time="1.16">
    <testcase time="0.467000000000001" classname="table_09" name="Table_09_generation_works_with_default_values"/>
    <testcase time="0.0709999999999997" classname="table_09" name="Table_09_generation_works_with_default_values">
      <skipped message="Reason: On CRAN ('test-table_09.R:8:3')"/>
    </testcase>
    <testcase time="0.532999999999999" classname="table_09" name="Table_09_generation_works_with_custom_values"/>
    <testcase time="0.0890000000000004" classname="table_09" name="Table_09_generation_works_with_custom_values">
      <skipped message="Reason: On CRAN ('test-table_09.R:39:3')"/>
    </testcase>
  </testsuite>
  <testsuite name="table_13" timestamp="2023-05-15T22:39:49Z" hostname="f401e1b68298" tests="4" skipped="2" failures="0" errors="0" time="0.633">
    <testcase time="0.243" classname="table_13" name="Table_13_generation_works_with_default_values"/>
    <testcase time="0.0860000000000003" classname="table_13" name="Table_13_generation_works_with_default_values">
      <skipped message="Reason: On CRAN ('test-table_13.R:8:3')"/>
    </testcase>
    <testcase time="0.248999999999999" classname="table_13" name="Table_13_generation_works_with_custom_values"/>
    <testcase time="0.0550000000000015" classname="table_13" name="Table_13_generation_works_with_custom_values">
      <skipped message="Reason: On CRAN ('test-table_13.R:38:3')"/>
    </testcase>
  </testsuite>
</testsuites>
