<?xml version="1.0" encoding="UTF-8"?>
<testsuites>
  <testsuite name="table_02" timestamp="2023-05-15T22:50:44Z" hostname="047ddbf054f2" tests="6" skipped="3" failures="0" errors="0" time="1.768">
    <testcase time="0.744" classname="table_02" name="Table_02_generation_works_with_default_values"/>
    <testcase time="0.204" classname="table_02" name="Table_02_generation_works_with_default_values">
      <skipped message="Reason: On CRAN ('test-table_02.R:16:3')"/>
    </testcase>
    <testcase time="0.435" classname="table_02" name="Table_02_generation_works_with_custom_values"/>
    <testcase time="0.207" classname="table_02" name="Table_02_generation_works_with_custom_values">
      <skipped message="Reason: On CRAN ('test-table_02.R:45:3')"/>
    </testcase>
    <testcase time="0.138" classname="table_02" name="Table_02_generation_works_with_some_NA_values"/>
    <testcase time="0.04" classname="table_02" name="Table_02_generation_works_with_some_NA_values">
      <skipped message="Reason: On CRAN ('test-table_02.R:57:3')"/>
    </testcase>
  </testsuite>
  <testsuite name="table_06" timestamp="2023-05-15T22:50:46Z" hostname="047ddbf054f2" tests="4" skipped="2" failures="0" errors="0" time="1.203">
    <testcase time="0.508999999999999" classname="table_06" name="Table_06_generation_works_with_default_values"/>
    <testcase time="0.0820000000000007" classname="table_06" name="Table_06_generation_works_with_default_values">
      <skipped message="Reason: On CRAN ('test-table_06.R:8:3')"/>
    </testcase>
    <testcase time="0.524999999999999" classname="table_06" name="Table_06_generation_works_with_custom_values"/>
    <testcase time="0.0870000000000006" classname="table_06" name="Table_06_generation_works_with_custom_values">
      <skipped message="Reason: On CRAN ('test-table_06.R:40:3')"/>
    </testcase>
  </testsuite>
  <testsuite name="table_09" timestamp="2023-05-15T22:50:47Z" hostname="047ddbf054f2" tests="4" skipped="2" failures="0" errors="0" time="0.839">
    <testcase time="0.340999999999999" classname="table_09" name="Table_09_generation_works_with_default_values"/>
    <testcase time="0.0510000000000002" classname="table_09" name="Table_09_generation_works_with_default_values">
      <skipped message="Reason: On CRAN ('test-table_09.R:8:3')"/>
    </testcase>
    <testcase time="0.389" classname="table_09" name="Table_09_generation_works_with_custom_values"/>
    <testcase time="0.0579999999999998" classname="table_09" name="Table_09_generation_works_with_custom_values">
      <skipped message="Reason: On CRAN ('test-table_09.R:39:3')"/>
    </testcase>
  </testsuite>
  <testsuite name="table_13" timestamp="2023-05-15T22:50:48Z" hostname="047ddbf054f2" tests="4" skipped="2" failures="0" errors="0" time="0.446">
    <testcase time="0.17" classname="table_13" name="Table_13_generation_works_with_default_values"/>
    <testcase time="0.0579999999999998" classname="table_13" name="Table_13_generation_works_with_default_values">
      <skipped message="Reason: On CRAN ('test-table_13.R:8:3')"/>
    </testcase>
    <testcase time="0.179" classname="table_13" name="Table_13_generation_works_with_custom_values"/>
    <testcase time="0.0389999999999997" classname="table_13" name="Table_13_generation_works_with_custom_values">
      <skipped message="Reason: On CRAN ('test-table_13.R:38:3')"/>
    </testcase>
  </testsuite>
</testsuites>
