<?xml version="1.0" encoding="UTF-8"?>
<testsuites>
  <testsuite name="table_02" timestamp="2023-06-21T16:42:50Z" hostname="18f3be510cdc" tests="9" skipped="3" failures="0" errors="0" time="1.565">
    <testcase time="0.0509999999999997" classname="table_02" name="Table_02_generation_works_with_default_values"/>
    <testcase time="0.512" classname="table_02" name="Table_02_generation_works_with_default_values"/>
    <testcase time="0.191" classname="table_02" name="Table_02_generation_works_with_default_values">
      <skipped message="Reason: On CRAN ('test-table_02.R:16:3')"/>
    </testcase>
    <testcase time="0.0600000000000001" classname="table_02" name="Table_02_generation_works_with_custom_values"/>
    <testcase time="0.378" classname="table_02" name="Table_02_generation_works_with_custom_values"/>
    <testcase time="0.199" classname="table_02" name="Table_02_generation_works_with_custom_values">
      <skipped message="Reason: On CRAN ('test-table_02.R:45:3')"/>
    </testcase>
    <testcase time="0.0459999999999998" classname="table_02" name="Table_02_generation_works_with_some_NA_values"/>
    <testcase time="0.0859999999999999" classname="table_02" name="Table_02_generation_works_with_some_NA_values"/>
    <testcase time="0.0420000000000007" classname="table_02" name="Table_02_generation_works_with_some_NA_values">
      <skipped message="Reason: On CRAN ('test-table_02.R:57:3')"/>
    </testcase>
  </testsuite>
  <testsuite name="table_05" timestamp="2023-06-21T16:42:51Z" hostname="18f3be510cdc" tests="9" skipped="3" failures="0" errors="0" time="0.994">
    <testcase time="0.167" classname="table_05" name="Table_05_generation_works_with_default_values"/>
    <testcase time="0.242" classname="table_05" name="Table_05_generation_works_with_default_values"/>
    <testcase time="0.0599999999999996" classname="table_05" name="Table_05_generation_works_with_default_values">
      <skipped message="Reason: On CRAN ('test-table_05.R:10:3')"/>
    </testcase>
    <testcase time="0.0120000000000005" classname="table_05" name="Table_05_generation_works_with_custom_values"/>
    <testcase time="0.214" classname="table_05" name="Table_05_generation_works_with_custom_values"/>
    <testcase time="0.0710000000000006" classname="table_05" name="Table_05_generation_works_with_custom_values">
      <skipped message="Reason: On CRAN ('test-table_05.R:34:3')"/>
    </testcase>
    <testcase time="0.0129999999999999" classname="table_05" name="Table_05_generation_works_with_NA_values_pruned_rows"/>
    <testcase time="0.156" classname="table_05" name="Table_05_generation_works_with_NA_values_pruned_rows"/>
    <testcase time="0.0590000000000002" classname="table_05" name="Table_05_generation_works_with_NA_values_pruned_rows">
      <skipped message="Reason: On CRAN ('test-table_05.R:44:3')"/>
    </testcase>
  </testsuite>
  <testsuite name="table_06" timestamp="2023-06-21T16:42:52Z" hostname="18f3be510cdc" tests="10" skipped="2" failures="0" errors="0" time="1.282">
    <testcase time="0.0279999999999996" classname="table_06" name="Table_06_generation_works_with_default_values"/>
    <testcase time="0.00100000000000033" classname="table_06" name="Table_06_generation_works_with_default_values"/>
    <testcase time="0.0460000000000003" classname="table_06" name="Table_06_generation_works_with_default_values"/>
    <testcase time="0.35" classname="table_06" name="Table_06_generation_works_with_default_values"/>
    <testcase time="0.0800000000000001" classname="table_06" name="Table_06_generation_works_with_default_values">
      <skipped message="Reason: On CRAN ('test-table_06.R:8:3')"/>
    </testcase>
    <testcase time="0.0170000000000003" classname="table_06" name="Table_06_generation_works_with_custom_values"/>
    <testcase time="0.000999999999999446" classname="table_06" name="Table_06_generation_works_with_custom_values"/>
    <testcase time="0.0440000000000005" classname="table_06" name="Table_06_generation_works_with_custom_values"/>
    <testcase time="0.603" classname="table_06" name="Table_06_generation_works_with_custom_values"/>
    <testcase time="0.112" classname="table_06" name="Table_06_generation_works_with_custom_values">
      <skipped message="Reason: On CRAN ('test-table_06.R:40:3')"/>
    </testcase>
  </testsuite>
  <testsuite name="table_07" timestamp="2023-06-21T16:42:54Z" hostname="18f3be510cdc" tests="18" skipped="3" failures="0" errors="0" time="1.355">
    <testcase time="0.0209999999999999" classname="table_07" name="Table_07_generation_works_with_default_values"/>
    <testcase time="0.00100000000000033" classname="table_07" name="Table_07_generation_works_with_default_values"/>
    <testcase time="0.000999999999999446" classname="table_07" name="Table_07_generation_works_with_default_values"/>
    <testcase time="0.0300000000000002" classname="table_07" name="Table_07_generation_works_with_default_values"/>
    <testcase time="0.284" classname="table_07" name="Table_07_generation_works_with_default_values"/>
    <testcase time="0.0990000000000002" classname="table_07" name="Table_07_generation_works_with_default_values">
      <skipped message="Reason: On CRAN ('test-table_07.R:13:3')"/>
    </testcase>
    <testcase time="0.0119999999999996" classname="table_07" name="Table_07_generation_works_with_custom_values"/>
    <testcase time="0.00100000000000033" classname="table_07" name="Table_07_generation_works_with_custom_values"/>
    <testcase time="0.00100000000000033" classname="table_07" name="Table_07_generation_works_with_custom_values"/>
    <testcase time="0.0299999999999994" classname="table_07" name="Table_07_generation_works_with_custom_values"/>
    <testcase time="0.363" classname="table_07" name="Table_07_generation_works_with_custom_values"/>
    <testcase time="0.123" classname="table_07" name="Table_07_generation_works_with_custom_values">
      <skipped message="Reason: On CRAN ('test-table_07.R:42:3')"/>
    </testcase>
    <testcase time="0.0119999999999996" classname="table_07" name="Table_07_generation_works_with_NA_values_pruned_rows"/>
    <testcase time="0.00100000000000033" classname="table_07" name="Table_07_generation_works_with_NA_values_pruned_rows"/>
    <testcase time="0.000999999999999446" classname="table_07" name="Table_07_generation_works_with_NA_values_pruned_rows"/>
    <testcase time="0.0310000000000006" classname="table_07" name="Table_07_generation_works_with_NA_values_pruned_rows"/>
    <testcase time="0.248" classname="table_07" name="Table_07_generation_works_with_NA_values_pruned_rows"/>
    <testcase time="0.0959999999999992" classname="table_07" name="Table_07_generation_works_with_NA_values_pruned_rows">
      <skipped message="Reason: On CRAN ('test-table_07.R:52:3')"/>
    </testcase>
  </testsuite>
  <testsuite name="table_08" timestamp="2023-06-21T16:42:55Z" hostname="18f3be510cdc" tests="8" skipped="2" failures="0" errors="0" time="0.365">
    <testcase time="0.0220000000000002" classname="table_08" name="Table_08_generation_works_with_default_values"/>
    <testcase time="0.000999999999999446" classname="table_08" name="Table_08_generation_works_with_default_values"/>
    <testcase time="0.04" classname="table_08" name="Table_08_generation_works_with_default_values"/>
    <testcase time="0.0980000000000008" classname="table_08" name="Table_08_generation_works_with_default_values">
      <skipped message="Reason: On CRAN ('test-table_08.R:10:3')"/>
    </testcase>
    <testcase time="0.0129999999999999" classname="table_08" name="Table_08_generation_works_with_custom_values"/>
    <testcase time="0.000999999999999446" classname="table_08" name="Table_08_generation_works_with_custom_values"/>
    <testcase time="0.0369999999999999" classname="table_08" name="Table_08_generation_works_with_custom_values"/>
    <testcase time="0.153" classname="table_08" name="Table_08_generation_works_with_custom_values">
      <skipped message="Reason: On CRAN ('test-table_08.R:31:3')"/>
    </testcase>
  </testsuite>
  <testsuite name="table_09" timestamp="2023-06-21T16:42:55Z" hostname="18f3be510cdc" tests="8" skipped="2" failures="0" errors="0" time="0.738">
    <testcase time="0.016" classname="table_09" name="Table_09_generation_works_with_default_values"/>
    <testcase time="0.0330000000000013" classname="table_09" name="Table_09_generation_works_with_default_values"/>
    <testcase time="0.241999999999999" classname="table_09" name="Table_09_generation_works_with_default_values"/>
    <testcase time="0.0519999999999996" classname="table_09" name="Table_09_generation_works_with_default_values">
      <skipped message="Reason: On CRAN ('test-table_09.R:8:3')"/>
    </testcase>
    <testcase time="0.0129999999999999" classname="table_09" name="Table_09_generation_works_with_custom_values"/>
    <testcase time="0.032" classname="table_09" name="Table_09_generation_works_with_custom_values"/>
    <testcase time="0.291" classname="table_09" name="Table_09_generation_works_with_custom_values"/>
    <testcase time="0.0590000000000011" classname="table_09" name="Table_09_generation_works_with_custom_values">
      <skipped message="Reason: On CRAN ('test-table_09.R:39:3')"/>
    </testcase>
  </testsuite>
  <testsuite name="table_13" timestamp="2023-06-21T16:42:56Z" hostname="18f3be510cdc" tests="8" skipped="2" failures="0" errors="0" time="0.419">
    <testcase time="0.016" classname="table_13" name="Table_13_generation_works_with_default_values"/>
    <testcase time="0.0399999999999991" classname="table_13" name="Table_13_generation_works_with_default_values"/>
    <testcase time="0.0990000000000002" classname="table_13" name="Table_13_generation_works_with_default_values"/>
    <testcase time="0.0600000000000005" classname="table_13" name="Table_13_generation_works_with_default_values">
      <skipped message="Reason: On CRAN ('test-table_13.R:8:3')"/>
    </testcase>
    <testcase time="0.0120000000000005" classname="table_13" name="Table_13_generation_works_with_custom_values"/>
    <testcase time="0.0399999999999991" classname="table_13" name="Table_13_generation_works_with_custom_values"/>
    <testcase time="0.111000000000001" classname="table_13" name="Table_13_generation_works_with_custom_values"/>
    <testcase time="0.0409999999999986" classname="table_13" name="Table_13_generation_works_with_custom_values">
      <skipped message="Reason: On CRAN ('test-table_13.R:38:3')"/>
    </testcase>
  </testsuite>
  <testsuite name="table_14" timestamp="2023-06-21T16:42:56Z" hostname="18f3be510cdc" tests="10" skipped="3" failures="0" errors="0" time="1.768">
    <testcase time="0.027000000000001" classname="table_14" name="Table_14_generation_works_with_default_values"/>
    <testcase time="0.448" classname="table_14" name="Table_14_generation_works_with_default_values"/>
    <testcase time="0.119" classname="table_14" name="Table_14_generation_works_with_default_values">
      <skipped message="Reason: On CRAN ('test-table_14.R:16:3')"/>
    </testcase>
    <testcase time="0.0119999999999987" classname="table_14" name="Table_14_generation_works_with_custom_values"/>
    <testcase time="0.0390000000000015" classname="table_14" name="Table_14_generation_works_with_custom_values"/>
    <testcase time="0.452999999999999" classname="table_14" name="Table_14_generation_works_with_custom_values"/>
    <testcase time="0.119999999999999" classname="table_14" name="Table_14_generation_works_with_custom_values">
      <skipped message="Reason: On CRAN ('test-table_14.R:46:3')"/>
    </testcase>
    <testcase time="0.0120000000000005" classname="table_14" name="Table_14_generation_works_with_NA_values_pruned_rows"/>
    <testcase time="0.449" classname="table_14" name="Table_14_generation_works_with_NA_values_pruned_rows"/>
    <testcase time="0.0890000000000004" classname="table_14" name="Table_14_generation_works_with_NA_values_pruned_rows">
      <skipped message="Reason: On CRAN ('test-table_14.R:53:3')"/>
    </testcase>
  </testsuite>
  <testsuite name="table_20" timestamp="2023-06-21T16:42:58Z" hostname="18f3be510cdc" tests="18" skipped="3" failures="0" errors="0" time="1.446">
    <testcase time="0.0210000000000008" classname="table_20" name="Table_20_generation_works_with_default_values"/>
    <testcase time="0.000999999999999446" classname="table_20" name="Table_20_generation_works_with_default_values"/>
    <testcase time="0.000999999999999446" classname="table_20" name="Table_20_generation_works_with_default_values"/>
    <testcase time="0.0340000000000007" classname="table_20" name="Table_20_generation_works_with_default_values"/>
    <testcase time="0.297000000000001" classname="table_20" name="Table_20_generation_works_with_default_values"/>
    <testcase time="0.0679999999999996" classname="table_20" name="Table_20_generation_works_with_default_values">
      <skipped message="Reason: On CRAN ('test-table_20.R:17:3')"/>
    </testcase>
    <testcase time="0.0119999999999987" classname="table_20" name="Table_20_generation_works_with_custom_values"/>
    <testcase time="0.00100000000000122" classname="table_20" name="Table_20_generation_works_with_custom_values"/>
    <testcase time="0.000999999999999446" classname="table_20" name="Table_20_generation_works_with_custom_values"/>
    <testcase time="0.0350000000000001" classname="table_20" name="Table_20_generation_works_with_custom_values"/>
    <testcase time="0.476000000000001" classname="table_20" name="Table_20_generation_works_with_custom_values"/>
    <testcase time="0.0969999999999995" classname="table_20" name="Table_20_generation_works_with_custom_values">
      <skipped message="Reason: On CRAN ('test-table_20.R:65:3')"/>
    </testcase>
    <testcase time="0.0129999999999999" classname="table_20" name="Table_20_generation_works_with_missing_values_pruned_rows"/>
    <testcase time="0.000999999999999446" classname="table_20" name="Table_20_generation_works_with_missing_values_pruned_rows"/>
    <testcase time="0.000999999999999446" classname="table_20" name="Table_20_generation_works_with_missing_values_pruned_rows"/>
    <testcase time="0.0350000000000001" classname="table_20" name="Table_20_generation_works_with_missing_values_pruned_rows"/>
    <testcase time="0.284000000000001" classname="table_20" name="Table_20_generation_works_with_missing_values_pruned_rows"/>
    <testcase time="0.0679999999999996" classname="table_20" name="Table_20_generation_works_with_missing_values_pruned_rows">
      <skipped message="Reason: On CRAN ('test-table_20.R:74:3')"/>
    </testcase>
  </testsuite>
  <testsuite name="table_32" timestamp="2023-06-21T16:43:00Z" hostname="18f3be510cdc" tests="12" skipped="3" failures="0" errors="0" time="0.622">
    <testcase time="0.0170000000000012" classname="table_32" name="Table_32_generation_works_with_default_values"/>
    <testcase time="0.0519999999999996" classname="table_32" name="Table_32_generation_works_with_default_values"/>
    <testcase time="0.0939999999999994" classname="table_32" name="Table_32_generation_works_with_default_values"/>
    <testcase time="0.0380000000000003" classname="table_32" name="Table_32_generation_works_with_default_values">
      <skipped message="Reason: On CRAN ('test-table_32.R:8:3')"/>
    </testcase>
    <testcase time="0.0120000000000005" classname="table_32" name="Table_32_generation_works_with_custom_values"/>
    <testcase time="0.0619999999999994" classname="table_32" name="Table_32_generation_works_with_custom_values"/>
    <testcase time="0.113" classname="table_32" name="Table_32_generation_works_with_custom_values"/>
    <testcase time="0.0460000000000012" classname="table_32" name="Table_32_generation_works_with_custom_values">
      <skipped message="Reason: On CRAN ('test-table_32.R:30:3')"/>
    </testcase>
    <testcase time="0.0119999999999987" classname="table_32" name="Table_32_generation_works_with_pruned_rows"/>
    <testcase time="0.043000000000001" classname="table_32" name="Table_32_generation_works_with_pruned_rows"/>
    <testcase time="0.105" classname="table_32" name="Table_32_generation_works_with_pruned_rows"/>
    <testcase time="0.0279999999999987" classname="table_32" name="Table_32_generation_works_with_pruned_rows">
      <skipped message="Reason: On CRAN ('test-table_32.R:37:3')"/>
    </testcase>
  </testsuite>
  <testsuite name="table_33" timestamp="2023-06-21T16:43:00Z" hostname="18f3be510cdc" tests="12" skipped="3" failures="0" errors="0" time="1.027">
    <testcase time="0.0170000000000012" classname="table_33" name="Table_33_generation_works_with_default_values"/>
    <testcase time="0.225999999999999" classname="table_33" name="Table_33_generation_works_with_default_values"/>
    <testcase time="0.0790000000000006" classname="table_33" name="Table_33_generation_works_with_default_values"/>
    <testcase time="0.0299999999999994" classname="table_33" name="Table_33_generation_works_with_default_values">
      <skipped message="Reason: On CRAN ('test-table_33.R:8:3')"/>
    </testcase>
    <testcase time="0.0129999999999999" classname="table_33" name="Table_33_generation_works_with_custom_values"/>
    <testcase time="0.211" classname="table_33" name="Table_33_generation_works_with_custom_values"/>
    <testcase time="0.0980000000000008" classname="table_33" name="Table_33_generation_works_with_custom_values"/>
    <testcase time="0.0329999999999995" classname="table_33" name="Table_33_generation_works_with_custom_values">
      <skipped message="Reason: On CRAN ('test-table_33.R:34:3')"/>
    </testcase>
    <testcase time="0.0120000000000005" classname="table_33" name="Table_33_generation_works_with_pruned_rows"/>
    <testcase time="0.209" classname="table_33" name="Table_33_generation_works_with_pruned_rows"/>
    <testcase time="0.0750000000000011" classname="table_33" name="Table_33_generation_works_with_pruned_rows"/>
    <testcase time="0.0239999999999991" classname="table_33" name="Table_33_generation_works_with_pruned_rows">
      <skipped message="Reason: On CRAN ('test-table_33.R:42:3')"/>
    </testcase>
  </testsuite>
</testsuites>
