<?xml version="1.0" encoding="UTF-8"?>
<testsuites>
  <testsuite name="table_02" timestamp="2023-06-13T19:03:48Z" hostname="1511cca70080" tests="9" skipped="3" failures="0" errors="0" time="1.806">
    <testcase time="0.221" classname="table_02" name="Table_02_generation_works_with_default_values"/>
    <testcase time="0.543" classname="table_02" name="Table_02_generation_works_with_default_values"/>
    <testcase time="0.21" classname="table_02" name="Table_02_generation_works_with_default_values">
      <skipped message="Reason: On CRAN ('test-table_02.R:16:3')"/>
    </testcase>
    <testcase time="0.0649999999999999" classname="table_02" name="Table_02_generation_works_with_custom_values"/>
    <testcase time="0.376" classname="table_02" name="Table_02_generation_works_with_custom_values"/>
    <testcase time="0.201" classname="table_02" name="Table_02_generation_works_with_custom_values">
      <skipped message="Reason: On CRAN ('test-table_02.R:45:3')"/>
    </testcase>
    <testcase time="0.0520000000000005" classname="table_02" name="Table_02_generation_works_with_some_NA_values"/>
    <testcase time="0.0939999999999994" classname="table_02" name="Table_02_generation_works_with_some_NA_values"/>
    <testcase time="0.0440000000000005" classname="table_02" name="Table_02_generation_works_with_some_NA_values">
      <skipped message="Reason: On CRAN ('test-table_02.R:57:3')"/>
    </testcase>
  </testsuite>
  <testsuite name="table_05" timestamp="2023-06-13T19:03:50Z" hostname="1511cca70080" tests="9" skipped="3" failures="0" errors="0" time="1.083">
    <testcase time="0.17" classname="table_05" name="Table_05_generation_works_with_default_values"/>
    <testcase time="0.27" classname="table_05" name="Table_05_generation_works_with_default_values"/>
    <testcase time="0.0650000000000004" classname="table_05" name="Table_05_generation_works_with_default_values">
      <skipped message="Reason: On CRAN ('test-table_05.R:10:3')"/>
    </testcase>
    <testcase time="0.0139999999999993" classname="table_05" name="Table_05_generation_works_with_custom_values"/>
    <testcase time="0.237" classname="table_05" name="Table_05_generation_works_with_custom_values"/>
    <testcase time="0.0820000000000007" classname="table_05" name="Table_05_generation_works_with_custom_values">
      <skipped message="Reason: On CRAN ('test-table_05.R:34:3')"/>
    </testcase>
    <testcase time="0.0139999999999993" classname="table_05" name="Table_05_generation_works_with_NA_values_pruned_rows"/>
    <testcase time="0.166" classname="table_05" name="Table_05_generation_works_with_NA_values_pruned_rows"/>
    <testcase time="0.0649999999999995" classname="table_05" name="Table_05_generation_works_with_NA_values_pruned_rows">
      <skipped message="Reason: On CRAN ('test-table_05.R:44:3')"/>
    </testcase>
  </testsuite>
  <testsuite name="table_06" timestamp="2023-06-13T19:03:51Z" hostname="1511cca70080" tests="10" skipped="2" failures="0" errors="0" time="1.197">
    <testcase time="0.0350000000000001" classname="table_06" name="Table_06_generation_works_with_default_values"/>
    <testcase time="0.00200000000000067" classname="table_06" name="Table_06_generation_works_with_default_values"/>
    <testcase time="0.0539999999999994" classname="table_06" name="Table_06_generation_works_with_default_values"/>
    <testcase time="0.367" classname="table_06" name="Table_06_generation_works_with_default_values"/>
    <testcase time="0.0870000000000006" classname="table_06" name="Table_06_generation_works_with_default_values">
      <skipped message="Reason: On CRAN ('test-table_06.R:8:3')"/>
    </testcase>
    <testcase time="0.0129999999999999" classname="table_06" name="Table_06_generation_works_with_custom_values"/>
    <testcase time="0.00199999999999978" classname="table_06" name="Table_06_generation_works_with_custom_values"/>
    <testcase time="0.0569999999999995" classname="table_06" name="Table_06_generation_works_with_custom_values"/>
    <testcase time="0.462000000000001" classname="table_06" name="Table_06_generation_works_with_custom_values"/>
    <testcase time="0.117999999999999" classname="table_06" name="Table_06_generation_works_with_custom_values">
      <skipped message="Reason: On CRAN ('test-table_06.R:40:3')"/>
    </testcase>
  </testsuite>
  <testsuite name="table_07" timestamp="2023-06-13T19:03:52Z" hostname="1511cca70080" tests="18" skipped="3" failures="0" errors="0" time="1.5">
    <testcase time="0.0220000000000002" classname="table_07" name="Table_07_generation_works_with_default_values"/>
    <testcase time="0.00100000000000033" classname="table_07" name="Table_07_generation_works_with_default_values"/>
    <testcase time="0.000999999999999446" classname="table_07" name="Table_07_generation_works_with_default_values"/>
    <testcase time="0.0380000000000003" classname="table_07" name="Table_07_generation_works_with_default_values"/>
    <testcase time="0.305" classname="table_07" name="Table_07_generation_works_with_default_values"/>
    <testcase time="0.109" classname="table_07" name="Table_07_generation_works_with_default_values">
      <skipped message="Reason: On CRAN ('test-table_07.R:13:3')"/>
    </testcase>
    <testcase time="0.0130000000000008" classname="table_07" name="Table_07_generation_works_with_custom_values"/>
    <testcase time="0.000999999999999446" classname="table_07" name="Table_07_generation_works_with_custom_values"/>
    <testcase time="0.00100000000000033" classname="table_07" name="Table_07_generation_works_with_custom_values"/>
    <testcase time="0.0380000000000003" classname="table_07" name="Table_07_generation_works_with_custom_values"/>
    <testcase time="0.401999999999999" classname="table_07" name="Table_07_generation_works_with_custom_values"/>
    <testcase time="0.134" classname="table_07" name="Table_07_generation_works_with_custom_values">
      <skipped message="Reason: On CRAN ('test-table_07.R:42:3')"/>
    </testcase>
    <testcase time="0.0129999999999999" classname="table_07" name="Table_07_generation_works_with_NA_values_pruned_rows"/>
    <testcase time="0.00199999999999978" classname="table_07" name="Table_07_generation_works_with_NA_values_pruned_rows"/>
    <testcase time="0.00100000000000033" classname="table_07" name="Table_07_generation_works_with_NA_values_pruned_rows"/>
    <testcase time="0.0390000000000006" classname="table_07" name="Table_07_generation_works_with_NA_values_pruned_rows"/>
    <testcase time="0.273999999999999" classname="table_07" name="Table_07_generation_works_with_NA_values_pruned_rows"/>
    <testcase time="0.106" classname="table_07" name="Table_07_generation_works_with_NA_values_pruned_rows">
      <skipped message="Reason: On CRAN ('test-table_07.R:52:3')"/>
    </testcase>
  </testsuite>
  <testsuite name="table_08" timestamp="2023-06-13T19:03:54Z" hostname="1511cca70080" tests="8" skipped="2" failures="0" errors="0" time="0.4">
    <testcase time="0.0199999999999996" classname="table_08" name="Table_08_generation_works_with_default_values"/>
    <testcase time="0.00200000000000067" classname="table_08" name="Table_08_generation_works_with_default_values"/>
    <testcase time="0.0440000000000005" classname="table_08" name="Table_08_generation_works_with_default_values"/>
    <testcase time="0.108000000000001" classname="table_08" name="Table_08_generation_works_with_default_values">
      <skipped message="Reason: On CRAN ('test-table_08.R:10:3')"/>
    </testcase>
    <testcase time="0.0129999999999999" classname="table_08" name="Table_08_generation_works_with_custom_values"/>
    <testcase time="0.000999999999999446" classname="table_08" name="Table_08_generation_works_with_custom_values"/>
    <testcase time="0.0380000000000003" classname="table_08" name="Table_08_generation_works_with_custom_values"/>
    <testcase time="0.173999999999999" classname="table_08" name="Table_08_generation_works_with_custom_values">
      <skipped message="Reason: On CRAN ('test-table_08.R:31:3')"/>
    </testcase>
  </testsuite>
  <testsuite name="table_09" timestamp="2023-06-13T19:03:54Z" hostname="1511cca70080" tests="8" skipped="2" failures="0" errors="0" time="0.769">
    <testcase time="0.0180000000000007" classname="table_09" name="Table_09_generation_works_with_default_values"/>
    <testcase time="0.0389999999999997" classname="table_09" name="Table_09_generation_works_with_default_values"/>
    <testcase time="0.244999999999999" classname="table_09" name="Table_09_generation_works_with_default_values"/>
    <testcase time="0.0560000000000009" classname="table_09" name="Table_09_generation_works_with_default_values">
      <skipped message="Reason: On CRAN ('test-table_09.R:8:3')"/>
    </testcase>
    <testcase time="0.0129999999999999" classname="table_09" name="Table_09_generation_works_with_custom_values"/>
    <testcase time="0.0380000000000003" classname="table_09" name="Table_09_generation_works_with_custom_values"/>
    <testcase time="0.296999999999999" classname="table_09" name="Table_09_generation_works_with_custom_values"/>
    <testcase time="0.0630000000000006" classname="table_09" name="Table_09_generation_works_with_custom_values">
      <skipped message="Reason: On CRAN ('test-table_09.R:39:3')"/>
    </testcase>
  </testsuite>
  <testsuite name="table_13" timestamp="2023-06-13T19:03:55Z" hostname="1511cca70080" tests="8" skipped="2" failures="0" errors="0" time="0.464">
    <testcase time="0.0239999999999991" classname="table_13" name="Table_13_generation_works_with_default_values"/>
    <testcase time="0.048" classname="table_13" name="Table_13_generation_works_with_default_values"/>
    <testcase time="0.105" classname="table_13" name="Table_13_generation_works_with_default_values"/>
    <testcase time="0.0570000000000004" classname="table_13" name="Table_13_generation_works_with_default_values">
      <skipped message="Reason: On CRAN ('test-table_13.R:8:3')"/>
    </testcase>
    <testcase time="0.0129999999999999" classname="table_13" name="Table_13_generation_works_with_custom_values"/>
    <testcase time="0.0470000000000006" classname="table_13" name="Table_13_generation_works_with_custom_values"/>
    <testcase time="0.128" classname="table_13" name="Table_13_generation_works_with_custom_values"/>
    <testcase time="0.0419999999999998" classname="table_13" name="Table_13_generation_works_with_custom_values">
      <skipped message="Reason: On CRAN ('test-table_13.R:38:3')"/>
    </testcase>
  </testsuite>
  <testsuite name="table_14" timestamp="2023-06-13T19:03:55Z" hostname="1511cca70080" tests="10" skipped="3" failures="0" errors="0" time="1.918">
    <testcase time="0.0259999999999998" classname="table_14" name="Table_14_generation_works_with_default_values"/>
    <testcase time="0.471" classname="table_14" name="Table_14_generation_works_with_default_values"/>
    <testcase time="0.133000000000001" classname="table_14" name="Table_14_generation_works_with_default_values">
      <skipped message="Reason: On CRAN ('test-table_14.R:16:3')"/>
    </testcase>
    <testcase time="0.0139999999999993" classname="table_14" name="Table_14_generation_works_with_custom_values"/>
    <testcase time="0.0470000000000006" classname="table_14" name="Table_14_generation_works_with_custom_values"/>
    <testcase time="0.504999999999999" classname="table_14" name="Table_14_generation_works_with_custom_values"/>
    <testcase time="0.133000000000001" classname="table_14" name="Table_14_generation_works_with_custom_values">
      <skipped message="Reason: On CRAN ('test-table_14.R:46:3')"/>
    </testcase>
    <testcase time="0.0129999999999999" classname="table_14" name="Table_14_generation_works_with_NA_values_pruned_rows"/>
    <testcase time="0.478999999999999" classname="table_14" name="Table_14_generation_works_with_NA_values_pruned_rows"/>
    <testcase time="0.0969999999999995" classname="table_14" name="Table_14_generation_works_with_NA_values_pruned_rows">
      <skipped message="Reason: On CRAN ('test-table_14.R:53:3')"/>
    </testcase>
  </testsuite>
  <testsuite name="table_20" timestamp="2023-06-13T19:03:57Z" hostname="1511cca70080" tests="18" skipped="3" failures="0" errors="0" time="1.579">
    <testcase time="0.0220000000000002" classname="table_20" name="Table_20_generation_works_with_default_values"/>
    <testcase time="0.00100000000000122" classname="table_20" name="Table_20_generation_works_with_default_values"/>
    <testcase time="0.000999999999999446" classname="table_20" name="Table_20_generation_works_with_default_values"/>
    <testcase time="0.0419999999999998" classname="table_20" name="Table_20_generation_works_with_default_values"/>
    <testcase time="0.327999999999999" classname="table_20" name="Table_20_generation_works_with_default_values"/>
    <testcase time="0.077" classname="table_20" name="Table_20_generation_works_with_default_values">
      <skipped message="Reason: On CRAN ('test-table_20.R:17:3')"/>
    </testcase>
    <testcase time="0.0129999999999999" classname="table_20" name="Table_20_generation_works_with_custom_values"/>
    <testcase time="0.00100000000000122" classname="table_20" name="Table_20_generation_works_with_custom_values"/>
    <testcase time="0.000999999999999446" classname="table_20" name="Table_20_generation_works_with_custom_values"/>
    <testcase time="0.0419999999999998" classname="table_20" name="Table_20_generation_works_with_custom_values"/>
    <testcase time="0.501000000000001" classname="table_20" name="Table_20_generation_works_with_custom_values"/>
    <testcase time="0.106999999999999" classname="table_20" name="Table_20_generation_works_with_custom_values">
      <skipped message="Reason: On CRAN ('test-table_20.R:65:3')"/>
    </testcase>
    <testcase time="0.0129999999999999" classname="table_20" name="Table_20_generation_works_with_missing_values_pruned_rows"/>
    <testcase time="0.00200000000000067" classname="table_20" name="Table_20_generation_works_with_missing_values_pruned_rows"/>
    <testcase time="0.000999999999999446" classname="table_20" name="Table_20_generation_works_with_missing_values_pruned_rows"/>
    <testcase time="0.0410000000000004" classname="table_20" name="Table_20_generation_works_with_missing_values_pruned_rows"/>
    <testcase time="0.312999999999999" classname="table_20" name="Table_20_generation_works_with_missing_values_pruned_rows"/>
    <testcase time="0.0730000000000004" classname="table_20" name="Table_20_generation_works_with_missing_values_pruned_rows">
      <skipped message="Reason: On CRAN ('test-table_20.R:74:3')"/>
    </testcase>
  </testsuite>
  <testsuite name="table_32" timestamp="2023-06-13T19:03:59Z" hostname="1511cca70080" tests="12" skipped="3" failures="0" errors="0" time="0.858">
    <testcase time="0.0180000000000007" classname="table_32" name="Table_32_generation_works_with_default_values"/>
    <testcase time="0.0629999999999988" classname="table_32" name="Table_32_generation_works_with_default_values"/>
    <testcase time="0.101000000000001" classname="table_32" name="Table_32_generation_works_with_default_values"/>
    <testcase time="0.0399999999999991" classname="table_32" name="Table_32_generation_works_with_default_values">
      <skipped message="Reason: On CRAN ('test-table_32.R:8:3')"/>
    </testcase>
    <testcase time="0.0129999999999999" classname="table_32" name="Table_32_generation_works_with_custom_values"/>
    <testcase time="0.256" classname="table_32" name="Table_32_generation_works_with_custom_values"/>
    <testcase time="0.119" classname="table_32" name="Table_32_generation_works_with_custom_values"/>
    <testcase time="0.0490000000000013" classname="table_32" name="Table_32_generation_works_with_custom_values">
      <skipped message="Reason: On CRAN ('test-table_32.R:30:3')"/>
    </testcase>
    <testcase time="0.0129999999999999" classname="table_32" name="Table_32_generation_works_with_pruned_rows"/>
    <testcase time="0.0510000000000002" classname="table_32" name="Table_32_generation_works_with_pruned_rows"/>
    <testcase time="0.106999999999999" classname="table_32" name="Table_32_generation_works_with_pruned_rows"/>
    <testcase time="0.0280000000000005" classname="table_32" name="Table_32_generation_works_with_pruned_rows">
      <skipped message="Reason: On CRAN ('test-table_32.R:37:3')"/>
    </testcase>
  </testsuite>
  <testsuite name="table_33" timestamp="2023-06-13T19:04:00Z" hostname="1511cca70080" tests="12" skipped="3" failures="0" errors="0" time="1.075">
    <testcase time="0.0179999999999989" classname="table_33" name="Table_33_generation_works_with_default_values"/>
    <testcase time="0.224" classname="table_33" name="Table_33_generation_works_with_default_values"/>
    <testcase time="0.0820000000000007" classname="table_33" name="Table_33_generation_works_with_default_values"/>
    <testcase time="0.0299999999999994" classname="table_33" name="Table_33_generation_works_with_default_values">
      <skipped message="Reason: On CRAN ('test-table_33.R:8:3')"/>
    </testcase>
    <testcase time="0.0129999999999999" classname="table_33" name="Table_33_generation_works_with_custom_values"/>
    <testcase time="0.223000000000001" classname="table_33" name="Table_33_generation_works_with_custom_values"/>
    <testcase time="0.106" classname="table_33" name="Table_33_generation_works_with_custom_values"/>
    <testcase time="0.0340000000000007" classname="table_33" name="Table_33_generation_works_with_custom_values">
      <skipped message="Reason: On CRAN ('test-table_33.R:34:3')"/>
    </testcase>
    <testcase time="0.0129999999999999" classname="table_33" name="Table_33_generation_works_with_pruned_rows"/>
    <testcase time="0.225" classname="table_33" name="Table_33_generation_works_with_pruned_rows"/>
    <testcase time="0.0809999999999995" classname="table_33" name="Table_33_generation_works_with_pruned_rows"/>
    <testcase time="0.0259999999999998" classname="table_33" name="Table_33_generation_works_with_pruned_rows">
      <skipped message="Reason: On CRAN ('test-table_33.R:42:3')"/>
    </testcase>
  </testsuite>
</testsuites>
