<?xml version="1.0" encoding="UTF-8"?>
<testsuites>
  <testsuite name="table_02" timestamp="2023-08-22T12:16:16Z" hostname="c10347c773ba" tests="21" skipped="7" failures="0" errors="0" time="11.306">
    <testcase time="0.111000000000001" classname="table_02" name="Table_02_generation_works_with_default_values"/>
    <testcase time="0.848" classname="table_02" name="Table_02_generation_works_with_default_values"/>
    <testcase time="0.339" classname="table_02" name="Table_02_generation_works_with_default_values">
      <skipped message="Reason: On CRAN ('test-table_02.R:16:3')"/>
    </testcase>
    <testcase time="0.108000000000001" classname="table_02" name="Table_02_generation_works_with_custom_values"/>
    <testcase time="0.633" classname="table_02" name="Table_02_generation_works_with_custom_values"/>
    <testcase time="0.350000000000001" classname="table_02" name="Table_02_generation_works_with_custom_values">
      <skipped message="Reason: On CRAN ('test-table_02.R:45:3')"/>
    </testcase>
    <testcase time="0.0839999999999996" classname="table_02" name="Table_02_generation_works_with_some_NA_values"/>
    <testcase time="0.15" classname="table_02" name="Table_02_generation_works_with_some_NA_values"/>
    <testcase time="0.077" classname="table_02" name="Table_02_generation_works_with_some_NA_values">
      <skipped message="Reason: On CRAN ('test-table_02.R:57:3')"/>
    </testcase>
    <testcase time="0.0339999999999998" classname="table_02" name="Table_02_generation_tplyr_works_with_default_values"/>
    <testcase time="2.743" classname="table_02" name="Table_02_generation_tplyr_works_with_default_values"/>
    <testcase time="0.0490000000000013" classname="table_02" name="Table_02_generation_tplyr_works_with_default_values">
      <skipped message="Reason: On CRAN ('test-table_02.R:66:3')"/>
    </testcase>
    <testcase time="0.0249999999999986" classname="table_02" name="Table_02_generation_tplyr_works_with_tplyr_raw_TRUE"/>
    <testcase time="1.483" classname="table_02" name="Table_02_generation_tplyr_works_with_tplyr_raw_TRUE"/>
    <testcase time="0.0359999999999996" classname="table_02" name="Table_02_generation_tplyr_works_with_tplyr_raw_TRUE">
      <skipped message="Reason: On CRAN ('test-table_02.R:75:3')"/>
    </testcase>
    <testcase time="0.0660000000000007" classname="table_02" name="Table_02_generation_tplyr_works_with_custom_values"/>
    <testcase time="2.959" classname="table_02" name="Table_02_generation_tplyr_works_with_custom_values"/>
    <testcase time="0.0359999999999996" classname="table_02" name="Table_02_generation_tplyr_works_with_custom_values">
      <skipped message="Reason: On CRAN ('test-table_02.R:102:3')"/>
    </testcase>
    <testcase time="0.0590000000000011" classname="table_02" name="Table_02_generation_tplyr_works_with_some_NA_values"/>
    <testcase time="1.085" classname="table_02" name="Table_02_generation_tplyr_works_with_some_NA_values"/>
    <testcase time="0.0310000000000006" classname="table_02" name="Table_02_generation_tplyr_works_with_some_NA_values">
      <skipped message="Reason: On CRAN ('test-table_02.R:119:3')"/>
    </testcase>
  </testsuite>
  <testsuite name="table_04" timestamp="2023-08-22T12:16:27Z" hostname="c10347c773ba" tests="12" skipped="2" failures="0" errors="0" time="1.407">
    <testcase time="0.0589999999999993" classname="table_04" name="Table_04_generation_works_with_default_values"/>
    <testcase time="0.00200000000000067" classname="table_04" name="Table_04_generation_works_with_default_values"/>
    <testcase time="0.000999999999999446" classname="table_04" name="Table_04_generation_works_with_default_values"/>
    <testcase time="0.00200000000000067" classname="table_04" name="Table_04_generation_works_with_default_values"/>
    <testcase time="0.569000000000001" classname="table_04" name="Table_04_generation_works_with_default_values"/>
    <testcase time="0.161999999999999" classname="table_04" name="Table_04_generation_works_with_default_values">
      <skipped message="Reason: On CRAN ('test-table_04.R:30:3')"/>
    </testcase>
    <testcase time="0.0249999999999986" classname="table_04" name="Table_04_generation_works_with_custom_values"/>
    <testcase time="0.00200000000000244" classname="table_04" name="Table_04_generation_works_with_custom_values"/>
    <testcase time="0.000999999999997669" classname="table_04" name="Table_04_generation_works_with_custom_values"/>
    <testcase time="0.00200000000000244" classname="table_04" name="Table_04_generation_works_with_custom_values"/>
    <testcase time="0.431999999999999" classname="table_04" name="Table_04_generation_works_with_custom_values"/>
    <testcase time="0.150000000000002" classname="table_04" name="Table_04_generation_works_with_custom_values">
      <skipped message="Reason: On CRAN ('test-table_04.R:53:3')"/>
    </testcase>
  </testsuite>
  <testsuite name="table_05" timestamp="2023-08-22T12:16:29Z" hostname="c10347c773ba" tests="9" skipped="3" failures="0" errors="0" time="1.621">
    <testcase time="0.258999999999997" classname="table_05" name="Table_05_generation_works_with_default_values"/>
    <testcase time="0.306000000000001" classname="table_05" name="Table_05_generation_works_with_default_values"/>
    <testcase time="0.109000000000002" classname="table_05" name="Table_05_generation_works_with_default_values">
      <skipped message="Reason: On CRAN ('test-table_05.R:10:3')"/>
    </testcase>
    <testcase time="0.0339999999999989" classname="table_05" name="Table_05_generation_works_with_custom_values"/>
    <testcase time="0.382999999999999" classname="table_05" name="Table_05_generation_works_with_custom_values"/>
    <testcase time="0.130000000000003" classname="table_05" name="Table_05_generation_works_with_custom_values">
      <skipped message="Reason: On CRAN ('test-table_05.R:34:3')"/>
    </testcase>
    <testcase time="0.0239999999999974" classname="table_05" name="Table_05_generation_works_with_NA_values_pruned_rows"/>
    <testcase time="0.266000000000002" classname="table_05" name="Table_05_generation_works_with_NA_values_pruned_rows"/>
    <testcase time="0.109999999999999" classname="table_05" name="Table_05_generation_works_with_NA_values_pruned_rows">
      <skipped message="Reason: On CRAN ('test-table_05.R:44:3')"/>
    </testcase>
  </testsuite>
  <testsuite name="table_06" timestamp="2023-08-22T12:16:30Z" hostname="c10347c773ba" tests="10" skipped="2" failures="0" errors="0" time="1.952">
    <testcase time="0.0300000000000011" classname="table_06" name="Table_06_generation_works_with_default_values"/>
    <testcase time="0.000999999999997669" classname="table_06" name="Table_06_generation_works_with_default_values"/>
    <testcase time="0.0779999999999994" classname="table_06" name="Table_06_generation_works_with_default_values"/>
    <testcase time="0.566000000000003" classname="table_06" name="Table_06_generation_works_with_default_values"/>
    <testcase time="0.160999999999998" classname="table_06" name="Table_06_generation_works_with_default_values">
      <skipped message="Reason: On CRAN ('test-table_06.R:8:3')"/>
    </testcase>
    <testcase time="0.0229999999999997" classname="table_06" name="Table_06_generation_works_with_custom_values"/>
    <testcase time="0.00100000000000122" classname="table_06" name="Table_06_generation_works_with_custom_values"/>
    <testcase time="0.0749999999999993" classname="table_06" name="Table_06_generation_works_with_custom_values"/>
    <testcase time="0.719000000000001" classname="table_06" name="Table_06_generation_works_with_custom_values"/>
    <testcase time="0.297999999999998" classname="table_06" name="Table_06_generation_works_with_custom_values">
      <skipped message="Reason: On CRAN ('test-table_06.R:40:3')"/>
    </testcase>
  </testsuite>
  <testsuite name="table_07" timestamp="2023-08-22T12:16:32Z" hostname="c10347c773ba" tests="18" skipped="3" failures="0" errors="0" time="2.525">
    <testcase time="0.0609999999999999" classname="table_07" name="Table_07_generation_works_with_default_values"/>
    <testcase time="0.00100000000000122" classname="table_07" name="Table_07_generation_works_with_default_values"/>
    <testcase time="0.000999999999997669" classname="table_07" name="Table_07_generation_works_with_default_values"/>
    <testcase time="0.0550000000000033" classname="table_07" name="Table_07_generation_works_with_default_values"/>
    <testcase time="0.480999999999998" classname="table_07" name="Table_07_generation_works_with_default_values"/>
    <testcase time="0.209" classname="table_07" name="Table_07_generation_works_with_default_values">
      <skipped message="Reason: On CRAN ('test-table_07.R:13:3')"/>
    </testcase>
    <testcase time="0.0210000000000008" classname="table_07" name="Table_07_generation_works_with_custom_values"/>
    <testcase time="0.00199999999999889" classname="table_07" name="Table_07_generation_works_with_custom_values"/>
    <testcase time="0.00200000000000244" classname="table_07" name="Table_07_generation_works_with_custom_values"/>
    <testcase time="0.0569999999999986" classname="table_07" name="Table_07_generation_works_with_custom_values"/>
    <testcase time="0.675999999999998" classname="table_07" name="Table_07_generation_works_with_custom_values"/>
    <testcase time="0.242000000000001" classname="table_07" name="Table_07_generation_works_with_custom_values">
      <skipped message="Reason: On CRAN ('test-table_07.R:42:3')"/>
    </testcase>
    <testcase time="0.022000000000002" classname="table_07" name="Table_07_generation_works_with_NA_values_pruned_rows"/>
    <testcase time="0.00199999999999889" classname="table_07" name="Table_07_generation_works_with_NA_values_pruned_rows"/>
    <testcase time="0.00100000000000122" classname="table_07" name="Table_07_generation_works_with_NA_values_pruned_rows"/>
    <testcase time="0.0579999999999998" classname="table_07" name="Table_07_generation_works_with_NA_values_pruned_rows"/>
    <testcase time="0.427" classname="table_07" name="Table_07_generation_works_with_NA_values_pruned_rows"/>
    <testcase time="0.207000000000001" classname="table_07" name="Table_07_generation_works_with_NA_values_pruned_rows">
      <skipped message="Reason: On CRAN ('test-table_07.R:52:3')"/>
    </testcase>
  </testsuite>
  <testsuite name="table_08" timestamp="2023-08-22T12:16:35Z" hostname="c10347c773ba" tests="8" skipped="2" failures="0" errors="0" time="0.653">
    <testcase time="0.032" classname="table_08" name="Table_08_generation_works_with_default_values"/>
    <testcase time="0.00199999999999889" classname="table_08" name="Table_08_generation_works_with_default_values"/>
    <testcase time="0.0620000000000012" classname="table_08" name="Table_08_generation_works_with_default_values"/>
    <testcase time="0.206" classname="table_08" name="Table_08_generation_works_with_default_values">
      <skipped message="Reason: On CRAN ('test-table_08.R:10:3')"/>
    </testcase>
    <testcase time="0.022000000000002" classname="table_08" name="Table_08_generation_works_with_custom_values"/>
    <testcase time="0.00199999999999889" classname="table_08" name="Table_08_generation_works_with_custom_values"/>
    <testcase time="0.0629999999999988" classname="table_08" name="Table_08_generation_works_with_custom_values"/>
    <testcase time="0.264000000000003" classname="table_08" name="Table_08_generation_works_with_custom_values">
      <skipped message="Reason: On CRAN ('test-table_08.R:31:3')"/>
    </testcase>
  </testsuite>
  <testsuite name="table_09" timestamp="2023-08-22T12:16:35Z" hostname="c10347c773ba" tests="8" skipped="2" failures="0" errors="0" time="1.26">
    <testcase time="0.032" classname="table_09" name="Table_09_generation_works_with_default_values"/>
    <testcase time="0.0569999999999986" classname="table_09" name="Table_09_generation_works_with_default_values"/>
    <testcase time="0.396000000000001" classname="table_09" name="Table_09_generation_works_with_default_values"/>
    <testcase time="0.105" classname="table_09" name="Table_09_generation_works_with_default_values">
      <skipped message="Reason: On CRAN ('test-table_09.R:8:3')"/>
    </testcase>
    <testcase time="0.0219999999999985" classname="table_09" name="Table_09_generation_works_with_custom_values"/>
    <testcase time="0.0609999999999999" classname="table_09" name="Table_09_generation_works_with_custom_values"/>
    <testcase time="0.469999999999999" classname="table_09" name="Table_09_generation_works_with_custom_values"/>
    <testcase time="0.117000000000001" classname="table_09" name="Table_09_generation_works_with_custom_values">
      <skipped message="Reason: On CRAN ('test-table_09.R:39:3')"/>
    </testcase>
  </testsuite>
  <testsuite name="table_10" timestamp="2023-08-22T12:16:37Z" hostname="c10347c773ba" tests="10" skipped="2" failures="0" errors="0" time="1.43">
    <testcase time="0.0350000000000001" classname="table_10" name="Table_10_generation_works_with_default_values"/>
    <testcase time="0.000999999999997669" classname="table_10" name="Table_10_generation_works_with_default_values"/>
    <testcase time="0.0609999999999999" classname="table_10" name="Table_10_generation_works_with_default_values"/>
    <testcase time="0.487000000000002" classname="table_10" name="Table_10_generation_works_with_default_values"/>
    <testcase time="0.189" classname="table_10" name="Table_10_generation_works_with_default_values">
      <skipped message="Reason: On CRAN ('test-table_10.R:17:3')"/>
    </testcase>
    <testcase time="0.0259999999999998" classname="table_10" name="Table_10_generation_works_with_custom_values"/>
    <testcase time="0.00199999999999889" classname="table_10" name="Table_10_generation_works_with_custom_values"/>
    <testcase time="0.0560000000000009" classname="table_10" name="Table_10_generation_works_with_custom_values"/>
    <testcase time="0.488" classname="table_10" name="Table_10_generation_works_with_custom_values"/>
    <testcase time="0.0850000000000009" classname="table_10" name="Table_10_generation_works_with_custom_values">
      <skipped message="Reason: On CRAN ('test-table_10.R:52:3')"/>
    </testcase>
  </testsuite>
  <testsuite name="table_11" timestamp="2023-08-22T12:16:38Z" hostname="c10347c773ba" tests="8" skipped="2" failures="0" errors="0" time="2.091">
    <testcase time="0.036999999999999" classname="table_11" name="Table_11_generation_works_with_default_values"/>
    <testcase time="0.070999999999998" classname="table_11" name="Table_11_generation_works_with_default_values"/>
    <testcase time="0.814" classname="table_11" name="Table_11_generation_works_with_default_values"/>
    <testcase time="0.225000000000001" classname="table_11" name="Table_11_generation_works_with_default_values">
      <skipped message="Reason: On CRAN ('test-table_11.R:18:3')"/>
    </testcase>
    <testcase time="0.0229999999999997" classname="table_11" name="Table_11_generation_works_with_custom_values"/>
    <testcase time="0.0710000000000015" classname="table_11" name="Table_11_generation_works_with_custom_values"/>
    <testcase time="0.738" classname="table_11" name="Table_11_generation_works_with_custom_values"/>
    <testcase time="0.111999999999998" classname="table_11" name="Table_11_generation_works_with_custom_values">
      <skipped message="Reason: On CRAN ('test-table_11.R:48:3')"/>
    </testcase>
  </testsuite>
  <testsuite name="table_12" timestamp="2023-08-22T12:16:40Z" hostname="c10347c773ba" tests="8" skipped="2" failures="0" errors="0" time="2.831">
    <testcase time="0.0310000000000024" classname="table_12" name="Table_12_generation_works_with_default_values"/>
    <testcase time="0.0689999999999991" classname="table_12" name="Table_12_generation_works_with_default_values"/>
    <testcase time="1.148" classname="table_12" name="Table_12_generation_works_with_default_values"/>
    <testcase time="0.167999999999999" classname="table_12" name="Table_12_generation_works_with_default_values">
      <skipped message="Reason: On CRAN ('test-table_12.R:9:3')"/>
    </testcase>
    <testcase time="0.022000000000002" classname="table_12" name="Table_12_generation_works_with_custom_values"/>
    <testcase time="0.0729999999999968" classname="table_12" name="Table_12_generation_works_with_custom_values"/>
    <testcase time="1.155" classname="table_12" name="Table_12_generation_works_with_custom_values"/>
    <testcase time="0.164999999999999" classname="table_12" name="Table_12_generation_works_with_custom_values">
      <skipped message="Reason: On CRAN ('test-table_12.R:39:3')"/>
    </testcase>
  </testsuite>
  <testsuite name="table_13" timestamp="2023-08-22T12:16:43Z" hostname="c10347c773ba" tests="8" skipped="2" failures="0" errors="0" time="0.758">
    <testcase time="0.0340000000000025" classname="table_13" name="Table_13_generation_works_with_default_values"/>
    <testcase time="0.0809999999999995" classname="table_13" name="Table_13_generation_works_with_default_values"/>
    <testcase time="0.166" classname="table_13" name="Table_13_generation_works_with_default_values"/>
    <testcase time="0.108000000000001" classname="table_13" name="Table_13_generation_works_with_default_values">
      <skipped message="Reason: On CRAN ('test-table_13.R:8:3')"/>
    </testcase>
    <testcase time="0.0269999999999975" classname="table_13" name="Table_13_generation_works_with_custom_values"/>
    <testcase time="0.0800000000000018" classname="table_13" name="Table_13_generation_works_with_custom_values"/>
    <testcase time="0.189" classname="table_13" name="Table_13_generation_works_with_custom_values"/>
    <testcase time="0.0730000000000004" classname="table_13" name="Table_13_generation_works_with_custom_values">
      <skipped message="Reason: On CRAN ('test-table_13.R:38:3')"/>
    </testcase>
  </testsuite>
  <testsuite name="table_14" timestamp="2023-08-22T12:16:44Z" hostname="c10347c773ba" tests="10" skipped="3" failures="0" errors="0" time="3.389">
    <testcase time="0.375999999999998" classname="table_14" name="Table_14_generation_works_with_default_values"/>
    <testcase time="0.725000000000001" classname="table_14" name="Table_14_generation_works_with_default_values"/>
    <testcase time="0.228999999999999" classname="table_14" name="Table_14_generation_works_with_default_values">
      <skipped message="Reason: On CRAN ('test-table_14.R:16:3')"/>
    </testcase>
    <testcase time="0.0219999999999985" classname="table_14" name="Table_14_generation_works_with_custom_values"/>
    <testcase time="0.0670000000000002" classname="table_14" name="Table_14_generation_works_with_custom_values"/>
    <testcase time="0.783999999999999" classname="table_14" name="Table_14_generation_works_with_custom_values"/>
    <testcase time="0.229000000000006" classname="table_14" name="Table_14_generation_works_with_custom_values">
      <skipped message="Reason: On CRAN ('test-table_14.R:46:3')"/>
    </testcase>
    <testcase time="0.0239999999999938" classname="table_14" name="Table_14_generation_works_with_NA_values_pruned_rows"/>
    <testcase time="0.765000000000001" classname="table_14" name="Table_14_generation_works_with_NA_values_pruned_rows"/>
    <testcase time="0.167999999999999" classname="table_14" name="Table_14_generation_works_with_NA_values_pruned_rows">
      <skipped message="Reason: On CRAN ('test-table_14.R:53:3')"/>
    </testcase>
  </testsuite>
  <testsuite name="table_20" timestamp="2023-08-22T12:16:47Z" hostname="c10347c773ba" tests="18" skipped="3" failures="0" errors="0" time="2.498">
    <testcase time="0.0310000000000059" classname="table_20" name="Table_20_generation_works_with_default_values"/>
    <testcase time="0.000999999999997669" classname="table_20" name="Table_20_generation_works_with_default_values"/>
    <testcase time="0.000999999999997669" classname="table_20" name="Table_20_generation_works_with_default_values"/>
    <testcase time="0.0599999999999952" classname="table_20" name="Table_20_generation_works_with_default_values"/>
    <testcase time="0.5" classname="table_20" name="Table_20_generation_works_with_default_values"/>
    <testcase time="0.133000000000003" classname="table_20" name="Table_20_generation_works_with_default_values">
      <skipped message="Reason: On CRAN ('test-table_20.R:17:3')"/>
    </testcase>
    <testcase time="0.0219999999999985" classname="table_20" name="Table_20_generation_works_with_custom_values"/>
    <testcase time="0.00200000000000244" classname="table_20" name="Table_20_generation_works_with_custom_values"/>
    <testcase time="0.000999999999997669" classname="table_20" name="Table_20_generation_works_with_custom_values"/>
    <testcase time="0.0609999999999999" classname="table_20" name="Table_20_generation_works_with_custom_values"/>
    <testcase time="0.792999999999999" classname="table_20" name="Table_20_generation_works_with_custom_values"/>
    <testcase time="0.167999999999999" classname="table_20" name="Table_20_generation_works_with_custom_values">
      <skipped message="Reason: On CRAN ('test-table_20.R:65:3')"/>
    </testcase>
    <testcase time="0.0240000000000009" classname="table_20" name="Table_20_generation_works_with_missing_values_pruned_rows"/>
    <testcase time="0.000999999999997669" classname="table_20" name="Table_20_generation_works_with_missing_values_pruned_rows"/>
    <testcase time="0.00200000000000244" classname="table_20" name="Table_20_generation_works_with_missing_values_pruned_rows"/>
    <testcase time="0.0679999999999978" classname="table_20" name="Table_20_generation_works_with_missing_values_pruned_rows"/>
    <testcase time="0.484000000000002" classname="table_20" name="Table_20_generation_works_with_missing_values_pruned_rows"/>
    <testcase time="0.146000000000001" classname="table_20" name="Table_20_generation_works_with_missing_values_pruned_rows">
      <skipped message="Reason: On CRAN ('test-table_20.R:74:3')"/>
    </testcase>
  </testsuite>
  <testsuite name="table_32" timestamp="2023-08-22T12:16:50Z" hostname="c10347c773ba" tests="12" skipped="3" failures="0" errors="0" time="1.033">
    <testcase time="0.0330000000000013" classname="table_32" name="Table_32_generation_works_with_default_values"/>
    <testcase time="0.0690000000000026" classname="table_32" name="Table_32_generation_works_with_default_values"/>
    <testcase time="0.160999999999994" classname="table_32" name="Table_32_generation_works_with_default_values"/>
    <testcase time="0.0770000000000053" classname="table_32" name="Table_32_generation_works_with_default_values">
      <skipped message="Reason: On CRAN ('test-table_32.R:8:3')"/>
    </testcase>
    <testcase time="0.0329999999999941" classname="table_32" name="Table_32_generation_works_with_custom_values"/>
    <testcase time="0.0710000000000051" classname="table_32" name="Table_32_generation_works_with_custom_values"/>
    <testcase time="0.196999999999996" classname="table_32" name="Table_32_generation_works_with_custom_values"/>
    <testcase time="0.0840000000000032" classname="table_32" name="Table_32_generation_works_with_custom_values">
      <skipped message="Reason: On CRAN ('test-table_32.R:30:3')"/>
    </testcase>
    <testcase time="0.0330000000000013" classname="table_32" name="Table_32_generation_works_with_pruned_rows"/>
    <testcase time="0.0689999999999955" classname="table_32" name="Table_32_generation_works_with_pruned_rows"/>
    <testcase time="0.156000000000006" classname="table_32" name="Table_32_generation_works_with_pruned_rows"/>
    <testcase time="0.0499999999999972" classname="table_32" name="Table_32_generation_works_with_pruned_rows">
      <skipped message="Reason: On CRAN ('test-table_32.R:37:3')"/>
    </testcase>
  </testsuite>
  <testsuite name="table_33" timestamp="2023-08-22T12:16:51Z" hostname="c10347c773ba" tests="12" skipped="3" failures="0" errors="0" time="1.963">
    <testcase time="0.0289999999999964" classname="table_33" name="Table_33_generation_works_with_default_values"/>
    <testcase time="0.451000000000001" classname="table_33" name="Table_33_generation_works_with_default_values"/>
    <testcase time="0.127000000000002" classname="table_33" name="Table_33_generation_works_with_default_values"/>
    <testcase time="0.046999999999997" classname="table_33" name="Table_33_generation_works_with_default_values">
      <skipped message="Reason: On CRAN ('test-table_33.R:8:3')"/>
    </testcase>
    <testcase time="0.0240000000000009" classname="table_33" name="Table_33_generation_works_with_custom_values"/>
    <testcase time="0.436" classname="table_33" name="Table_33_generation_works_with_custom_values"/>
    <testcase time="0.163000000000004" classname="table_33" name="Table_33_generation_works_with_custom_values"/>
    <testcase time="0.0599999999999952" classname="table_33" name="Table_33_generation_works_with_custom_values">
      <skipped message="Reason: On CRAN ('test-table_33.R:34:3')"/>
    </testcase>
    <testcase time="0.0230000000000032" classname="table_33" name="Table_33_generation_works_with_pruned_rows"/>
    <testcase time="0.43" classname="table_33" name="Table_33_generation_works_with_pruned_rows"/>
    <testcase time="0.131" classname="table_33" name="Table_33_generation_works_with_pruned_rows"/>
    <testcase time="0.0420000000000016" classname="table_33" name="Table_33_generation_works_with_pruned_rows">
      <skipped message="Reason: On CRAN ('test-table_33.R:42:3')"/>
    </testcase>
  </testsuite>
</testsuites>
