<?xml version="1.0" encoding="UTF-8"?>
<testsuites>
  <testsuite name="table_02" timestamp="2023-08-16T13:59:39Z" hostname="3eff6979d23d" tests="21" skipped="7" failures="0" errors="0" time="10.718">
    <testcase time="0.103" classname="table_02" name="Table_02_generation_works_with_default_values"/>
    <testcase time="0.803" classname="table_02" name="Table_02_generation_works_with_default_values"/>
    <testcase time="0.332" classname="table_02" name="Table_02_generation_works_with_default_values">
      <skipped message="Reason: On CRAN ('test-table_02.R:16:3')"/>
    </testcase>
    <testcase time="0.104" classname="table_02" name="Table_02_generation_works_with_custom_values"/>
    <testcase time="0.616" classname="table_02" name="Table_02_generation_works_with_custom_values"/>
    <testcase time="0.345" classname="table_02" name="Table_02_generation_works_with_custom_values">
      <skipped message="Reason: On CRAN ('test-table_02.R:45:3')"/>
    </testcase>
    <testcase time="0.0940000000000003" classname="table_02" name="Table_02_generation_works_with_some_NA_values"/>
    <testcase time="0.145" classname="table_02" name="Table_02_generation_works_with_some_NA_values"/>
    <testcase time="0.0739999999999998" classname="table_02" name="Table_02_generation_works_with_some_NA_values">
      <skipped message="Reason: On CRAN ('test-table_02.R:57:3')"/>
    </testcase>
    <testcase time="0.024" classname="table_02" name="Table_02_generation_tplyr_works_with_default_values"/>
    <testcase time="2.624" classname="table_02" name="Table_02_generation_tplyr_works_with_default_values"/>
    <testcase time="0.0469999999999988" classname="table_02" name="Table_02_generation_tplyr_works_with_default_values">
      <skipped message="Reason: On CRAN ('test-table_02.R:66:3')"/>
    </testcase>
    <testcase time="0.0240000000000009" classname="table_02" name="Table_02_generation_tplyr_works_with_tplyr_raw_TRUE"/>
    <testcase time="1.617" classname="table_02" name="Table_02_generation_tplyr_works_with_tplyr_raw_TRUE"/>
    <testcase time="0.032" classname="table_02" name="Table_02_generation_tplyr_works_with_tplyr_raw_TRUE">
      <skipped message="Reason: On CRAN ('test-table_02.R:75:3')"/>
    </testcase>
    <testcase time="0.0650000000000013" classname="table_02" name="Table_02_generation_tplyr_works_with_custom_values"/>
    <testcase time="2.539" classname="table_02" name="Table_02_generation_tplyr_works_with_custom_values"/>
    <testcase time="0.0339999999999989" classname="table_02" name="Table_02_generation_tplyr_works_with_custom_values">
      <skipped message="Reason: On CRAN ('test-table_02.R:102:3')"/>
    </testcase>
    <testcase time="0.0520000000000014" classname="table_02" name="Table_02_generation_tplyr_works_with_some_NA_values"/>
    <testcase time="1.013" classname="table_02" name="Table_02_generation_tplyr_works_with_some_NA_values"/>
    <testcase time="0.0310000000000006" classname="table_02" name="Table_02_generation_tplyr_works_with_some_NA_values">
      <skipped message="Reason: On CRAN ('test-table_02.R:119:3')"/>
    </testcase>
  </testsuite>
  <testsuite name="table_05" timestamp="2023-08-16T13:59:50Z" hostname="3eff6979d23d" tests="9" skipped="3" failures="0" errors="0" time="1.692">
    <testcase time="0.266" classname="table_05" name="Table_05_generation_works_with_default_values"/>
    <testcase time="0.407" classname="table_05" name="Table_05_generation_works_with_default_values"/>
    <testcase time="0.116999999999999" classname="table_05" name="Table_05_generation_works_with_default_values">
      <skipped message="Reason: On CRAN ('test-table_05.R:10:3')"/>
    </testcase>
    <testcase time="0.0240000000000009" classname="table_05" name="Table_05_generation_works_with_custom_values"/>
    <testcase time="0.356" classname="table_05" name="Table_05_generation_works_with_custom_values"/>
    <testcase time="0.123999999999999" classname="table_05" name="Table_05_generation_works_with_custom_values">
      <skipped message="Reason: On CRAN ('test-table_05.R:34:3')"/>
    </testcase>
    <testcase time="0.0240000000000009" classname="table_05" name="Table_05_generation_works_with_NA_values_pruned_rows"/>
    <testcase time="0.261000000000001" classname="table_05" name="Table_05_generation_works_with_NA_values_pruned_rows"/>
    <testcase time="0.113" classname="table_05" name="Table_05_generation_works_with_NA_values_pruned_rows">
      <skipped message="Reason: On CRAN ('test-table_05.R:44:3')"/>
    </testcase>
  </testsuite>
  <testsuite name="table_06" timestamp="2023-08-16T13:59:52Z" hostname="3eff6979d23d" tests="10" skipped="2" failures="0" errors="0" time="1.866">
    <testcase time="0.0470000000000006" classname="table_06" name="Table_06_generation_works_with_default_values"/>
    <testcase time="0.00199999999999889" classname="table_06" name="Table_06_generation_works_with_default_values"/>
    <testcase time="0.0809999999999995" classname="table_06" name="Table_06_generation_works_with_default_values"/>
    <testcase time="0.557000000000002" classname="table_06" name="Table_06_generation_works_with_default_values"/>
    <testcase time="0.148" classname="table_06" name="Table_06_generation_works_with_default_values">
      <skipped message="Reason: On CRAN ('test-table_06.R:8:3')"/>
    </testcase>
    <testcase time="0.022000000000002" classname="table_06" name="Table_06_generation_works_with_custom_values"/>
    <testcase time="0.000999999999997669" classname="table_06" name="Table_06_generation_works_with_custom_values"/>
    <testcase time="0.0740000000000016" classname="table_06" name="Table_06_generation_works_with_custom_values"/>
    <testcase time="0.725000000000001" classname="table_06" name="Table_06_generation_works_with_custom_values"/>
    <testcase time="0.209" classname="table_06" name="Table_06_generation_works_with_custom_values">
      <skipped message="Reason: On CRAN ('test-table_06.R:40:3')"/>
    </testcase>
  </testsuite>
  <testsuite name="table_07" timestamp="2023-08-16T13:59:54Z" hostname="3eff6979d23d" tests="18" skipped="3" failures="0" errors="0" time="2.492">
    <testcase time="0.0380000000000003" classname="table_07" name="Table_07_generation_works_with_default_values"/>
    <testcase time="0.00199999999999889" classname="table_07" name="Table_07_generation_works_with_default_values"/>
    <testcase time="0.00100000000000122" classname="table_07" name="Table_07_generation_works_with_default_values"/>
    <testcase time="0.0609999999999999" classname="table_07" name="Table_07_generation_works_with_default_values"/>
    <testcase time="0.495999999999999" classname="table_07" name="Table_07_generation_works_with_default_values"/>
    <testcase time="0.193999999999999" classname="table_07" name="Table_07_generation_works_with_default_values">
      <skipped message="Reason: On CRAN ('test-table_07.R:13:3')"/>
    </testcase>
    <testcase time="0.027000000000001" classname="table_07" name="Table_07_generation_works_with_custom_values"/>
    <testcase time="0.000999999999997669" classname="table_07" name="Table_07_generation_works_with_custom_values"/>
    <testcase time="0.00200000000000244" classname="table_07" name="Table_07_generation_works_with_custom_values"/>
    <testcase time="0.0579999999999998" classname="table_07" name="Table_07_generation_works_with_custom_values"/>
    <testcase time="0.646999999999998" classname="table_07" name="Table_07_generation_works_with_custom_values"/>
    <testcase time="0.231000000000002" classname="table_07" name="Table_07_generation_works_with_custom_values">
      <skipped message="Reason: On CRAN ('test-table_07.R:42:3')"/>
    </testcase>
    <testcase time="0.0299999999999976" classname="table_07" name="Table_07_generation_works_with_NA_values_pruned_rows"/>
    <testcase time="0.00200000000000244" classname="table_07" name="Table_07_generation_works_with_NA_values_pruned_rows"/>
    <testcase time="0.00199999999999889" classname="table_07" name="Table_07_generation_works_with_NA_values_pruned_rows"/>
    <testcase time="0.0599999999999987" classname="table_07" name="Table_07_generation_works_with_NA_values_pruned_rows"/>
    <testcase time="0.439" classname="table_07" name="Table_07_generation_works_with_NA_values_pruned_rows"/>
    <testcase time="0.201000000000001" classname="table_07" name="Table_07_generation_works_with_NA_values_pruned_rows">
      <skipped message="Reason: On CRAN ('test-table_07.R:52:3')"/>
    </testcase>
  </testsuite>
  <testsuite name="table_08" timestamp="2023-08-16T13:59:56Z" hostname="3eff6979d23d" tests="8" skipped="2" failures="0" errors="0" time="0.612">
    <testcase time="0.0300000000000011" classname="table_08" name="Table_08_generation_works_with_default_values"/>
    <testcase time="0.00199999999999889" classname="table_08" name="Table_08_generation_works_with_default_values"/>
    <testcase time="0.0579999999999998" classname="table_08" name="Table_08_generation_works_with_default_values"/>
    <testcase time="0.193999999999999" classname="table_08" name="Table_08_generation_works_with_default_values">
      <skipped message="Reason: On CRAN ('test-table_08.R:10:3')"/>
    </testcase>
    <testcase time="0.0229999999999997" classname="table_08" name="Table_08_generation_works_with_custom_values"/>
    <testcase time="0.00200000000000244" classname="table_08" name="Table_08_generation_works_with_custom_values"/>
    <testcase time="0.0549999999999997" classname="table_08" name="Table_08_generation_works_with_custom_values"/>
    <testcase time="0.248000000000001" classname="table_08" name="Table_08_generation_works_with_custom_values">
      <skipped message="Reason: On CRAN ('test-table_08.R:31:3')"/>
    </testcase>
  </testsuite>
  <testsuite name="table_09" timestamp="2023-08-16T13:59:57Z" hostname="3eff6979d23d" tests="8" skipped="2" failures="0" errors="0" time="1.265">
    <testcase time="0.0279999999999987" classname="table_09" name="Table_09_generation_works_with_default_values"/>
    <testcase time="0.0629999999999988" classname="table_09" name="Table_09_generation_works_with_default_values"/>
    <testcase time="0.390000000000001" classname="table_09" name="Table_09_generation_works_with_default_values"/>
    <testcase time="0.0940000000000012" classname="table_09" name="Table_09_generation_works_with_default_values">
      <skipped message="Reason: On CRAN ('test-table_09.R:8:3')"/>
    </testcase>
    <testcase time="0.0219999999999985" classname="table_09" name="Table_09_generation_works_with_custom_values"/>
    <testcase time="0.0719999999999992" classname="table_09" name="Table_09_generation_works_with_custom_values"/>
    <testcase time="0.472000000000001" classname="table_09" name="Table_09_generation_works_with_custom_values"/>
    <testcase time="0.123999999999999" classname="table_09" name="Table_09_generation_works_with_custom_values">
      <skipped message="Reason: On CRAN ('test-table_09.R:39:3')"/>
    </testcase>
  </testsuite>
  <testsuite name="table_10" timestamp="2023-08-16T13:59:58Z" hostname="3eff6979d23d" tests="10" skipped="2" failures="0" errors="0" time="1.506">
    <testcase time="0.0410000000000004" classname="table_10" name="Table_10_generation_works_with_default_values"/>
    <testcase time="0.00100000000000122" classname="table_10" name="Table_10_generation_works_with_default_values"/>
    <testcase time="0.0740000000000016" classname="table_10" name="Table_10_generation_works_with_default_values"/>
    <testcase time="0.523" classname="table_10" name="Table_10_generation_works_with_default_values"/>
    <testcase time="0.219999999999999" classname="table_10" name="Table_10_generation_works_with_default_values">
      <skipped message="Reason: On CRAN ('test-table_10.R:17:3')"/>
    </testcase>
    <testcase time="0.0249999999999986" classname="table_10" name="Table_10_generation_works_with_custom_values"/>
    <testcase time="0.00300000000000011" classname="table_10" name="Table_10_generation_works_with_custom_values"/>
    <testcase time="0.0519999999999996" classname="table_10" name="Table_10_generation_works_with_custom_values"/>
    <testcase time="0.472999999999999" classname="table_10" name="Table_10_generation_works_with_custom_values"/>
    <testcase time="0.0940000000000012" classname="table_10" name="Table_10_generation_works_with_custom_values">
      <skipped message="Reason: On CRAN ('test-table_10.R:52:3')"/>
    </testcase>
  </testsuite>
  <testsuite name="table_11" timestamp="2023-08-16T13:59:59Z" hostname="3eff6979d23d" tests="8" skipped="2" failures="0" errors="0" time="2.052">
    <testcase time="0.0360000000000014" classname="table_11" name="Table_11_generation_works_with_default_values"/>
    <testcase time="0.0700000000000003" classname="table_11" name="Table_11_generation_works_with_default_values"/>
    <testcase time="0.797000000000001" classname="table_11" name="Table_11_generation_works_with_default_values"/>
    <testcase time="0.205000000000002" classname="table_11" name="Table_11_generation_works_with_default_values">
      <skipped message="Reason: On CRAN ('test-table_11.R:18:3')"/>
    </testcase>
    <testcase time="0.0239999999999974" classname="table_11" name="Table_11_generation_works_with_custom_values"/>
    <testcase time="0.0620000000000012" classname="table_11" name="Table_11_generation_works_with_custom_values"/>
    <testcase time="0.762" classname="table_11" name="Table_11_generation_works_with_custom_values"/>
    <testcase time="0.0960000000000001" classname="table_11" name="Table_11_generation_works_with_custom_values">
      <skipped message="Reason: On CRAN ('test-table_11.R:48:3')"/>
    </testcase>
  </testsuite>
  <testsuite name="table_12" timestamp="2023-08-16T14:00:01Z" hostname="3eff6979d23d" tests="8" skipped="2" failures="0" errors="0" time="2.859">
    <testcase time="0.0299999999999976" classname="table_12" name="Table_12_generation_works_with_default_values"/>
    <testcase time="0.0710000000000015" classname="table_12" name="Table_12_generation_works_with_default_values"/>
    <testcase time="1.166" classname="table_12" name="Table_12_generation_works_with_default_values"/>
    <testcase time="0.169999999999998" classname="table_12" name="Table_12_generation_works_with_default_values">
      <skipped message="Reason: On CRAN ('test-table_12.R:9:3')"/>
    </testcase>
    <testcase time="0.0250000000000021" classname="table_12" name="Table_12_generation_works_with_custom_values"/>
    <testcase time="0.0749999999999993" classname="table_12" name="Table_12_generation_works_with_custom_values"/>
    <testcase time="1.125" classname="table_12" name="Table_12_generation_works_with_custom_values"/>
    <testcase time="0.196999999999999" classname="table_12" name="Table_12_generation_works_with_custom_values">
      <skipped message="Reason: On CRAN ('test-table_12.R:39:3')"/>
    </testcase>
  </testsuite>
  <testsuite name="table_13" timestamp="2023-08-16T14:00:04Z" hostname="3eff6979d23d" tests="8" skipped="2" failures="0" errors="0" time="0.776">
    <testcase time="0.0360000000000014" classname="table_13" name="Table_13_generation_works_with_default_values"/>
    <testcase time="0.075999999999997" classname="table_13" name="Table_13_generation_works_with_default_values"/>
    <testcase time="0.191000000000003" classname="table_13" name="Table_13_generation_works_with_default_values"/>
    <testcase time="0.111000000000001" classname="table_13" name="Table_13_generation_works_with_default_values">
      <skipped message="Reason: On CRAN ('test-table_13.R:8:3')"/>
    </testcase>
    <testcase time="0.0289999999999999" classname="table_13" name="Table_13_generation_works_with_custom_values"/>
    <testcase time="0.0700000000000003" classname="table_13" name="Table_13_generation_works_with_custom_values"/>
    <testcase time="0.187999999999999" classname="table_13" name="Table_13_generation_works_with_custom_values"/>
    <testcase time="0.0749999999999993" classname="table_13" name="Table_13_generation_works_with_custom_values">
      <skipped message="Reason: On CRAN ('test-table_13.R:38:3')"/>
    </testcase>
  </testsuite>
  <testsuite name="table_14" timestamp="2023-08-16T14:00:05Z" hostname="3eff6979d23d" tests="10" skipped="3" failures="0" errors="0" time="3.447">
    <testcase time="0.0539999999999985" classname="table_14" name="Table_14_generation_works_with_default_values"/>
    <testcase time="0.745000000000001" classname="table_14" name="Table_14_generation_works_with_default_values"/>
    <testcase time="0.231000000000002" classname="table_14" name="Table_14_generation_works_with_default_values">
      <skipped message="Reason: On CRAN ('test-table_14.R:16:3')"/>
    </testcase>
    <testcase time="0.0239999999999974" classname="table_14" name="Table_14_generation_works_with_custom_values"/>
    <testcase time="0.0690000000000026" classname="table_14" name="Table_14_generation_works_with_custom_values"/>
    <testcase time="0.852" classname="table_14" name="Table_14_generation_works_with_custom_values"/>
    <testcase time="0.227" classname="table_14" name="Table_14_generation_works_with_custom_values">
      <skipped message="Reason: On CRAN ('test-table_14.R:46:3')"/>
    </testcase>
    <testcase time="0.0240000000000009" classname="table_14" name="Table_14_generation_works_with_NA_values_pruned_rows"/>
    <testcase time="1.04499999999999" classname="table_14" name="Table_14_generation_works_with_NA_values_pruned_rows"/>
    <testcase time="0.176000000000002" classname="table_14" name="Table_14_generation_works_with_NA_values_pruned_rows">
      <skipped message="Reason: On CRAN ('test-table_14.R:53:3')"/>
    </testcase>
  </testsuite>
  <testsuite name="table_20" timestamp="2023-08-16T14:00:09Z" hostname="3eff6979d23d" tests="18" skipped="3" failures="0" errors="0" time="2.434">
    <testcase time="0.0350000000000037" classname="table_20" name="Table_20_generation_works_with_default_values"/>
    <testcase time="0.00200000000000244" classname="table_20" name="Table_20_generation_works_with_default_values"/>
    <testcase time="0.000999999999997669" classname="table_20" name="Table_20_generation_works_with_default_values"/>
    <testcase time="0.0570000000000022" classname="table_20" name="Table_20_generation_works_with_default_values"/>
    <testcase time="0.469999999999999" classname="table_20" name="Table_20_generation_works_with_default_values"/>
    <testcase time="0.128" classname="table_20" name="Table_20_generation_works_with_default_values">
      <skipped message="Reason: On CRAN ('test-table_20.R:17:3')"/>
    </testcase>
    <testcase time="0.0219999999999985" classname="table_20" name="Table_20_generation_works_with_custom_values"/>
    <testcase time="0.00200000000000244" classname="table_20" name="Table_20_generation_works_with_custom_values"/>
    <testcase time="0.00199999999999534" classname="table_20" name="Table_20_generation_works_with_custom_values"/>
    <testcase time="0.0609999999999999" classname="table_20" name="Table_20_generation_works_with_custom_values"/>
    <testcase time="0.795000000000002" classname="table_20" name="Table_20_generation_works_with_custom_values"/>
    <testcase time="0.163000000000004" classname="table_20" name="Table_20_generation_works_with_custom_values">
      <skipped message="Reason: On CRAN ('test-table_20.R:65:3')"/>
    </testcase>
    <testcase time="0.0219999999999985" classname="table_20" name="Table_20_generation_works_with_missing_values_pruned_rows"/>
    <testcase time="0.00199999999999534" classname="table_20" name="Table_20_generation_works_with_missing_values_pruned_rows"/>
    <testcase time="0.00200000000000244" classname="table_20" name="Table_20_generation_works_with_missing_values_pruned_rows"/>
    <testcase time="0.0640000000000001" classname="table_20" name="Table_20_generation_works_with_missing_values_pruned_rows"/>
    <testcase time="0.480000000000004" classname="table_20" name="Table_20_generation_works_with_missing_values_pruned_rows"/>
    <testcase time="0.125999999999998" classname="table_20" name="Table_20_generation_works_with_missing_values_pruned_rows">
      <skipped message="Reason: On CRAN ('test-table_20.R:74:3')"/>
    </testcase>
  </testsuite>
  <testsuite name="table_32" timestamp="2023-08-16T14:00:11Z" hostname="3eff6979d23d" tests="12" skipped="3" failures="0" errors="0" time="0.97">
    <testcase time="0.0289999999999964" classname="table_32" name="Table_32_generation_works_with_default_values"/>
    <testcase time="0.0660000000000025" classname="table_32" name="Table_32_generation_works_with_default_values"/>
    <testcase time="0.151000000000003" classname="table_32" name="Table_32_generation_works_with_default_values"/>
    <testcase time="0.0640000000000001" classname="table_32" name="Table_32_generation_works_with_default_values">
      <skipped message="Reason: On CRAN ('test-table_32.R:8:3')"/>
    </testcase>
    <testcase time="0.0239999999999938" classname="table_32" name="Table_32_generation_works_with_custom_values"/>
    <testcase time="0.0740000000000052" classname="table_32" name="Table_32_generation_works_with_custom_values"/>
    <testcase time="0.180999999999997" classname="table_32" name="Table_32_generation_works_with_custom_values"/>
    <testcase time="0.0820000000000007" classname="table_32" name="Table_32_generation_works_with_custom_values">
      <skipped message="Reason: On CRAN ('test-table_32.R:30:3')"/>
    </testcase>
    <testcase time="0.0309999999999988" classname="table_32" name="Table_32_generation_works_with_pruned_rows"/>
    <testcase time="0.0690000000000026" classname="table_32" name="Table_32_generation_works_with_pruned_rows"/>
    <testcase time="0.149999999999999" classname="table_32" name="Table_32_generation_works_with_pruned_rows"/>
    <testcase time="0.0489999999999995" classname="table_32" name="Table_32_generation_works_with_pruned_rows">
      <skipped message="Reason: On CRAN ('test-table_32.R:37:3')"/>
    </testcase>
  </testsuite>
  <testsuite name="table_33" timestamp="2023-08-16T14:00:12Z" hostname="3eff6979d23d" tests="12" skipped="3" failures="0" errors="0" time="1.949">
    <testcase time="0.0309999999999988" classname="table_33" name="Table_33_generation_works_with_default_values"/>
    <testcase time="0.453000000000003" classname="table_33" name="Table_33_generation_works_with_default_values"/>
    <testcase time="0.125" classname="table_33" name="Table_33_generation_works_with_default_values"/>
    <testcase time="0.0499999999999972" classname="table_33" name="Table_33_generation_works_with_default_values">
      <skipped message="Reason: On CRAN ('test-table_33.R:8:3')"/>
    </testcase>
    <testcase time="0.0219999999999985" classname="table_33" name="Table_33_generation_works_with_custom_values"/>
    <testcase time="0.420999999999999" classname="table_33" name="Table_33_generation_works_with_custom_values"/>
    <testcase time="0.151000000000003" classname="table_33" name="Table_33_generation_works_with_custom_values"/>
    <testcase time="0.0609999999999999" classname="table_33" name="Table_33_generation_works_with_custom_values">
      <skipped message="Reason: On CRAN ('test-table_33.R:34:3')"/>
    </testcase>
    <testcase time="0.0230000000000032" classname="table_33" name="Table_33_generation_works_with_pruned_rows"/>
    <testcase time="0.431999999999995" classname="table_33" name="Table_33_generation_works_with_pruned_rows"/>
    <testcase time="0.136000000000003" classname="table_33" name="Table_33_generation_works_with_pruned_rows"/>
    <testcase time="0.0439999999999969" classname="table_33" name="Table_33_generation_works_with_pruned_rows">
      <skipped message="Reason: On CRAN ('test-table_33.R:42:3')"/>
    </testcase>
  </testsuite>
</testsuites>
