<?xml version="1.0" encoding="UTF-8"?>
<testsuites>
  <testsuite name="table_02" timestamp="2023-08-29T16:42:42Z" hostname="53567bd761c4" tests="30" skipped="10" failures="0" errors="0" time="19.828">
    <testcase time="0.0939999999999999" classname="table_02" name="Table_02_generation_works_with_default_values"/>
    <testcase time="0.746" classname="table_02" name="Table_02_generation_works_with_default_values"/>
    <testcase time="0.306999999999999" classname="table_02" name="Table_02_generation_works_with_default_values">
      <skipped message="Reason: On CRAN ('test-table_02.R:16:3')"/>
    </testcase>
    <testcase time="0.0920000000000005" classname="table_02" name="Table_02_generation_works_with_custom_values"/>
    <testcase time="0.574" classname="table_02" name="Table_02_generation_works_with_custom_values"/>
    <testcase time="0.343999999999999" classname="table_02" name="Table_02_generation_works_with_custom_values">
      <skipped message="Reason: On CRAN ('test-table_02.R:45:3')"/>
    </testcase>
    <testcase time="0.085" classname="table_02" name="Table_02_generation_works_with_some_NA_values"/>
    <testcase time="0.131" classname="table_02" name="Table_02_generation_works_with_some_NA_values"/>
    <testcase time="0.0640000000000001" classname="table_02" name="Table_02_generation_works_with_some_NA_values">
      <skipped message="Reason: On CRAN ('test-table_02.R:57:3')"/>
    </testcase>
    <testcase time="0.0289999999999999" classname="table_02" name="Table_02_generation_tplyr_works_with_default_values"/>
    <testcase time="2.359" classname="table_02" name="Table_02_generation_tplyr_works_with_default_values"/>
    <testcase time="0.0409999999999986" classname="table_02" name="Table_02_generation_tplyr_works_with_default_values">
      <skipped message="Reason: On CRAN ('test-table_02.R:66:3')"/>
    </testcase>
    <testcase time="0.0200000000000014" classname="table_02" name="Table_02_generation_tplyr_works_with_tplyr_raw_TRUE"/>
    <testcase time="1.341" classname="table_02" name="Table_02_generation_tplyr_works_with_tplyr_raw_TRUE"/>
    <testcase time="0.0359999999999996" classname="table_02" name="Table_02_generation_tplyr_works_with_tplyr_raw_TRUE">
      <skipped message="Reason: On CRAN ('test-table_02.R:75:3')"/>
    </testcase>
    <testcase time="0.0630000000000006" classname="table_02" name="Table_02_generation_tplyr_works_with_custom_values"/>
    <testcase time="2.731" classname="table_02" name="Table_02_generation_tplyr_works_with_custom_values"/>
    <testcase time="0.032" classname="table_02" name="Table_02_generation_tplyr_works_with_custom_values">
      <skipped message="Reason: On CRAN ('test-table_02.R:102:3')"/>
    </testcase>
    <testcase time="0.0500000000000007" classname="table_02" name="Table_02_generation_tplyr_works_with_some_NA_values"/>
    <testcase time="0.991" classname="table_02" name="Table_02_generation_tplyr_works_with_some_NA_values"/>
    <testcase time="0.0300000000000011" classname="table_02" name="Table_02_generation_tplyr_works_with_some_NA_values">
      <skipped message="Reason: On CRAN ('test-table_02.R:119:3')"/>
    </testcase>
    <testcase time="0.0219999999999985" classname="table_02" name="Table_02_generation_gt_works_with_default_values"/>
    <testcase time="3.891" classname="table_02" name="Table_02_generation_gt_works_with_default_values"/>
    <testcase time="0.00700000000000145" classname="table_02" name="Table_02_generation_gt_works_with_default_values">
      <skipped message="Reason: On CRAN ('test-table_02.R:128:3')"/>
    </testcase>
    <testcase time="0.0530000000000008" classname="table_02" name="Table_02_generation_gt_works_with_custom_values"/>
    <testcase time="4.408" classname="table_02" name="Table_02_generation_gt_works_with_custom_values"/>
    <testcase time="0.00900000000000034" classname="table_02" name="Table_02_generation_gt_works_with_custom_values">
      <skipped message="Reason: On CRAN ('test-table_02.R:146:3')"/>
    </testcase>
    <testcase time="0.0519999999999996" classname="table_02" name="Table_02_generation_gt_works_with_some_NA_values"/>
    <testcase time="1.216" classname="table_02" name="Table_02_generation_gt_works_with_some_NA_values"/>
    <testcase time="0.0100000000000016" classname="table_02" name="Table_02_generation_gt_works_with_some_NA_values">
      <skipped message="Reason: On CRAN ('test-table_02.R:163:3')"/>
    </testcase>
  </testsuite>
  <testsuite name="table_04" timestamp="2023-08-29T16:43:02Z" hostname="53567bd761c4" tests="12" skipped="2" failures="0" errors="0" time="1.262">
    <testcase time="0.0719999999999992" classname="table_04" name="Table_04_generation_works_with_default_values"/>
    <testcase time="0.00100000000000122" classname="table_04" name="Table_04_generation_works_with_default_values"/>
    <testcase time="0.00199999999999889" classname="table_04" name="Table_04_generation_works_with_default_values"/>
    <testcase time="0.00100000000000122" classname="table_04" name="Table_04_generation_works_with_default_values"/>
    <testcase time="0.471" classname="table_04" name="Table_04_generation_works_with_default_values"/>
    <testcase time="0.145" classname="table_04" name="Table_04_generation_works_with_default_values">
      <skipped message="Reason: On CRAN ('test-table_04.R:30:3')"/>
    </testcase>
    <testcase time="0.0210000000000008" classname="table_04" name="Table_04_generation_works_with_custom_values"/>
    <testcase time="0.00199999999999889" classname="table_04" name="Table_04_generation_works_with_custom_values"/>
    <testcase time="0.00100000000000122" classname="table_04" name="Table_04_generation_works_with_custom_values"/>
    <testcase time="0.00199999999999889" classname="table_04" name="Table_04_generation_works_with_custom_values"/>
    <testcase time="0.402999999999999" classname="table_04" name="Table_04_generation_works_with_custom_values"/>
    <testcase time="0.141000000000002" classname="table_04" name="Table_04_generation_works_with_custom_values">
      <skipped message="Reason: On CRAN ('test-table_04.R:53:3')"/>
    </testcase>
  </testsuite>
  <testsuite name="table_05" timestamp="2023-08-29T16:43:03Z" hostname="53567bd761c4" tests="9" skipped="3" failures="0" errors="0" time="1.45">
    <testcase time="0.227" classname="table_05" name="Table_05_generation_works_with_default_values"/>
    <testcase time="0.291999999999998" classname="table_05" name="Table_05_generation_works_with_default_values"/>
    <testcase time="0.103000000000002" classname="table_05" name="Table_05_generation_works_with_default_values">
      <skipped message="Reason: On CRAN ('test-table_05.R:10:3')"/>
    </testcase>
    <testcase time="0.0189999999999984" classname="table_05" name="Table_05_generation_works_with_custom_values"/>
    <testcase time="0.323" classname="table_05" name="Table_05_generation_works_with_custom_values"/>
    <testcase time="0.106999999999999" classname="table_05" name="Table_05_generation_works_with_custom_values">
      <skipped message="Reason: On CRAN ('test-table_05.R:34:3')"/>
    </testcase>
    <testcase time="0.0240000000000009" classname="table_05" name="Table_05_generation_works_with_NA_values_pruned_rows"/>
    <testcase time="0.245000000000001" classname="table_05" name="Table_05_generation_works_with_NA_values_pruned_rows"/>
    <testcase time="0.109999999999999" classname="table_05" name="Table_05_generation_works_with_NA_values_pruned_rows">
      <skipped message="Reason: On CRAN ('test-table_05.R:44:3')"/>
    </testcase>
  </testsuite>
  <testsuite name="table_06" timestamp="2023-08-29T16:43:04Z" hostname="53567bd761c4" tests="10" skipped="2" failures="0" errors="0" time="1.758">
    <testcase time="0.0249999999999986" classname="table_06" name="Table_06_generation_works_with_default_values"/>
    <testcase time="0.00100000000000122" classname="table_06" name="Table_06_generation_works_with_default_values"/>
    <testcase time="0.0749999999999993" classname="table_06" name="Table_06_generation_works_with_default_values"/>
    <testcase time="0.521000000000001" classname="table_06" name="Table_06_generation_works_with_default_values"/>
    <testcase time="0.138000000000002" classname="table_06" name="Table_06_generation_works_with_default_values">
      <skipped message="Reason: On CRAN ('test-table_06.R:8:3')"/>
    </testcase>
    <testcase time="0.0189999999999984" classname="table_06" name="Table_06_generation_works_with_custom_values"/>
    <testcase time="0.00100000000000122" classname="table_06" name="Table_06_generation_works_with_custom_values"/>
    <testcase time="0.0760000000000005" classname="table_06" name="Table_06_generation_works_with_custom_values"/>
    <testcase time="0.670999999999999" classname="table_06" name="Table_06_generation_works_with_custom_values"/>
    <testcase time="0.230999999999998" classname="table_06" name="Table_06_generation_works_with_custom_values">
      <skipped message="Reason: On CRAN ('test-table_06.R:40:3')"/>
    </testcase>
  </testsuite>
  <testsuite name="table_07" timestamp="2023-08-29T16:43:06Z" hostname="53567bd761c4" tests="18" skipped="3" failures="0" errors="0" time="2.24">
    <testcase time="0.0280000000000022" classname="table_07" name="Table_07_generation_works_with_default_values"/>
    <testcase time="0.00199999999999889" classname="table_07" name="Table_07_generation_works_with_default_values"/>
    <testcase time="0.00100000000000122" classname="table_07" name="Table_07_generation_works_with_default_values"/>
    <testcase time="0.0499999999999972" classname="table_07" name="Table_07_generation_works_with_default_values"/>
    <testcase time="0.472000000000001" classname="table_07" name="Table_07_generation_works_with_default_values"/>
    <testcase time="0.152999999999999" classname="table_07" name="Table_07_generation_works_with_default_values">
      <skipped message="Reason: On CRAN ('test-table_07.R:13:3')"/>
    </testcase>
    <testcase time="0.0250000000000021" classname="table_07" name="Table_07_generation_works_with_custom_values"/>
    <testcase time="0.00100000000000122" classname="table_07" name="Table_07_generation_works_with_custom_values"/>
    <testcase time="0.00199999999999889" classname="table_07" name="Table_07_generation_works_with_custom_values"/>
    <testcase time="0.0530000000000008" classname="table_07" name="Table_07_generation_works_with_custom_values"/>
    <testcase time="0.609999999999999" classname="table_07" name="Table_07_generation_works_with_custom_values"/>
    <testcase time="0.221" classname="table_07" name="Table_07_generation_works_with_custom_values">
      <skipped message="Reason: On CRAN ('test-table_07.R:42:3')"/>
    </testcase>
    <testcase time="0.0190000000000019" classname="table_07" name="Table_07_generation_works_with_NA_values_pruned_rows"/>
    <testcase time="0.00199999999999889" classname="table_07" name="Table_07_generation_works_with_NA_values_pruned_rows"/>
    <testcase time="0.00100000000000122" classname="table_07" name="Table_07_generation_works_with_NA_values_pruned_rows"/>
    <testcase time="0.0519999999999996" classname="table_07" name="Table_07_generation_works_with_NA_values_pruned_rows"/>
    <testcase time="0.381" classname="table_07" name="Table_07_generation_works_with_NA_values_pruned_rows"/>
    <testcase time="0.166999999999998" classname="table_07" name="Table_07_generation_works_with_NA_values_pruned_rows">
      <skipped message="Reason: On CRAN ('test-table_07.R:52:3')"/>
    </testcase>
  </testsuite>
  <testsuite name="table_08" timestamp="2023-08-29T16:43:08Z" hostname="53567bd761c4" tests="8" skipped="2" failures="0" errors="0" time="0.565">
    <testcase time="0.0400000000000027" classname="table_08" name="Table_08_generation_works_with_default_values"/>
    <testcase time="0.00199999999999889" classname="table_08" name="Table_08_generation_works_with_default_values"/>
    <testcase time="0.0539999999999985" classname="table_08" name="Table_08_generation_works_with_default_values"/>
    <testcase time="0.173000000000002" classname="table_08" name="Table_08_generation_works_with_default_values">
      <skipped message="Reason: On CRAN ('test-table_08.R:10:3')"/>
    </testcase>
    <testcase time="0.0210000000000008" classname="table_08" name="Table_08_generation_works_with_custom_values"/>
    <testcase time="0.000999999999997669" classname="table_08" name="Table_08_generation_works_with_custom_values"/>
    <testcase time="0.0600000000000023" classname="table_08" name="Table_08_generation_works_with_custom_values"/>
    <testcase time="0.213999999999999" classname="table_08" name="Table_08_generation_works_with_custom_values">
      <skipped message="Reason: On CRAN ('test-table_08.R:31:3')"/>
    </testcase>
  </testsuite>
  <testsuite name="table_09" timestamp="2023-08-29T16:43:09Z" hostname="53567bd761c4" tests="8" skipped="2" failures="0" errors="0" time="1.095">
    <testcase time="0.036999999999999" classname="table_09" name="Table_09_generation_works_with_default_values"/>
    <testcase time="0.0500000000000007" classname="table_09" name="Table_09_generation_works_with_default_values"/>
    <testcase time="0.34" classname="table_09" name="Table_09_generation_works_with_default_values"/>
    <testcase time="0.0829999999999984" classname="table_09" name="Table_09_generation_works_with_default_values">
      <skipped message="Reason: On CRAN ('test-table_09.R:8:3')"/>
    </testcase>
    <testcase time="0.0169999999999995" classname="table_09" name="Table_09_generation_works_with_custom_values"/>
    <testcase time="0.0500000000000007" classname="table_09" name="Table_09_generation_works_with_custom_values"/>
    <testcase time="0.417999999999999" classname="table_09" name="Table_09_generation_works_with_custom_values"/>
    <testcase time="0.100000000000001" classname="table_09" name="Table_09_generation_works_with_custom_values">
      <skipped message="Reason: On CRAN ('test-table_09.R:39:3')"/>
    </testcase>
  </testsuite>
  <testsuite name="table_10" timestamp="2023-08-29T16:43:10Z" hostname="53567bd761c4" tests="10" skipped="2" failures="0" errors="0" time="1.301">
    <testcase time="0.0410000000000004" classname="table_10" name="Table_10_generation_works_with_default_values"/>
    <testcase time="0.00199999999999889" classname="table_10" name="Table_10_generation_works_with_default_values"/>
    <testcase time="0.0549999999999997" classname="table_10" name="Table_10_generation_works_with_default_values"/>
    <testcase time="0.442" classname="table_10" name="Table_10_generation_works_with_default_values"/>
    <testcase time="0.183" classname="table_10" name="Table_10_generation_works_with_default_values">
      <skipped message="Reason: On CRAN ('test-table_10.R:17:3')"/>
    </testcase>
    <testcase time="0.0219999999999985" classname="table_10" name="Table_10_generation_works_with_custom_values"/>
    <testcase time="0.00200000000000244" classname="table_10" name="Table_10_generation_works_with_custom_values"/>
    <testcase time="0.0600000000000023" classname="table_10" name="Table_10_generation_works_with_custom_values"/>
    <testcase time="0.419999999999995" classname="table_10" name="Table_10_generation_works_with_custom_values"/>
    <testcase time="0.0740000000000052" classname="table_10" name="Table_10_generation_works_with_custom_values">
      <skipped message="Reason: On CRAN ('test-table_10.R:52:3')"/>
    </testcase>
  </testsuite>
  <testsuite name="table_11" timestamp="2023-08-29T16:43:11Z" hostname="53567bd761c4" tests="8" skipped="2" failures="0" errors="0" time="1.903">
    <testcase time="0.0339999999999989" classname="table_11" name="Table_11_generation_works_with_default_values"/>
    <testcase time="0.0630000000000024" classname="table_11" name="Table_11_generation_works_with_default_values"/>
    <testcase time="0.739999999999995" classname="table_11" name="Table_11_generation_works_with_default_values"/>
    <testcase time="0.195" classname="table_11" name="Table_11_generation_works_with_default_values">
      <skipped message="Reason: On CRAN ('test-table_11.R:18:3')"/>
    </testcase>
    <testcase time="0.0210000000000008" classname="table_11" name="Table_11_generation_works_with_custom_values"/>
    <testcase time="0.0549999999999997" classname="table_11" name="Table_11_generation_works_with_custom_values"/>
    <testcase time="0.687000000000005" classname="table_11" name="Table_11_generation_works_with_custom_values"/>
    <testcase time="0.107999999999997" classname="table_11" name="Table_11_generation_works_with_custom_values">
      <skipped message="Reason: On CRAN ('test-table_11.R:48:3')"/>
    </testcase>
  </testsuite>
  <testsuite name="table_12" timestamp="2023-08-29T16:43:13Z" hostname="53567bd761c4" tests="8" skipped="2" failures="0" errors="0" time="2.844">
    <testcase time="0.0249999999999986" classname="table_12" name="Table_12_generation_works_with_default_values"/>
    <testcase time="0.0670000000000002" classname="table_12" name="Table_12_generation_works_with_default_values"/>
    <testcase time="1.348" classname="table_12" name="Table_12_generation_works_with_default_values"/>
    <testcase time="0.151000000000003" classname="table_12" name="Table_12_generation_works_with_default_values">
      <skipped message="Reason: On CRAN ('test-table_12.R:9:3')"/>
    </testcase>
    <testcase time="0.0229999999999961" classname="table_12" name="Table_12_generation_works_with_custom_values"/>
    <testcase time="0.0680000000000049" classname="table_12" name="Table_12_generation_works_with_custom_values"/>
    <testcase time="1.012" classname="table_12" name="Table_12_generation_works_with_custom_values"/>
    <testcase time="0.149999999999999" classname="table_12" name="Table_12_generation_works_with_custom_values">
      <skipped message="Reason: On CRAN ('test-table_12.R:39:3')"/>
    </testcase>
  </testsuite>
  <testsuite name="table_13" timestamp="2023-08-29T16:43:16Z" hostname="53567bd761c4" tests="8" skipped="2" failures="0" errors="0" time="0.672">
    <testcase time="0.027000000000001" classname="table_13" name="Table_13_generation_works_with_default_values"/>
    <testcase time="0.0689999999999955" classname="table_13" name="Table_13_generation_works_with_default_values"/>
    <testcase time="0.147000000000006" classname="table_13" name="Table_13_generation_works_with_default_values"/>
    <testcase time="0.0879999999999939" classname="table_13" name="Table_13_generation_works_with_default_values">
      <skipped message="Reason: On CRAN ('test-table_13.R:8:3')"/>
    </testcase>
    <testcase time="0.0230000000000032" classname="table_13" name="Table_13_generation_works_with_custom_values"/>
    <testcase time="0.070999999999998" classname="table_13" name="Table_13_generation_works_with_custom_values"/>
    <testcase time="0.18" classname="table_13" name="Table_13_generation_works_with_custom_values"/>
    <testcase time="0.0670000000000002" classname="table_13" name="Table_13_generation_works_with_custom_values">
      <skipped message="Reason: On CRAN ('test-table_13.R:38:3')"/>
    </testcase>
  </testsuite>
  <testsuite name="table_14" timestamp="2023-08-29T16:43:17Z" hostname="53567bd761c4" tests="10" skipped="3" failures="0" errors="0" time="2.752">
    <testcase time="0.0459999999999994" classname="table_14" name="Table_14_generation_works_with_default_values"/>
    <testcase time="0.657000000000004" classname="table_14" name="Table_14_generation_works_with_default_values"/>
    <testcase time="0.216999999999999" classname="table_14" name="Table_14_generation_works_with_default_values">
      <skipped message="Reason: On CRAN ('test-table_14.R:16:3')"/>
    </testcase>
    <testcase time="0.0219999999999985" classname="table_14" name="Table_14_generation_works_with_custom_values"/>
    <testcase time="0.0630000000000024" classname="table_14" name="Table_14_generation_works_with_custom_values"/>
    <testcase time="0.713000000000001" classname="table_14" name="Table_14_generation_works_with_custom_values"/>
    <testcase time="0.212000000000003" classname="table_14" name="Table_14_generation_works_with_custom_values">
      <skipped message="Reason: On CRAN ('test-table_14.R:46:3')"/>
    </testcase>
    <testcase time="0.019999999999996" classname="table_14" name="Table_14_generation_works_with_NA_values_pruned_rows"/>
    <testcase time="0.655000000000001" classname="table_14" name="Table_14_generation_works_with_NA_values_pruned_rows"/>
    <testcase time="0.147000000000006" classname="table_14" name="Table_14_generation_works_with_NA_values_pruned_rows">
      <skipped message="Reason: On CRAN ('test-table_14.R:53:3')"/>
    </testcase>
  </testsuite>
  <testsuite name="table_20" timestamp="2023-08-29T16:43:20Z" hostname="53567bd761c4" tests="18" skipped="3" failures="0" errors="0" time="2.287">
    <testcase time="0.0309999999999988" classname="table_20" name="Table_20_generation_works_with_default_values"/>
    <testcase time="0.00199999999999534" classname="table_20" name="Table_20_generation_works_with_default_values"/>
    <testcase time="0.00100000000000477" classname="table_20" name="Table_20_generation_works_with_default_values"/>
    <testcase time="0.0629999999999953" classname="table_20" name="Table_20_generation_works_with_default_values"/>
    <testcase time="0.451000000000001" classname="table_20" name="Table_20_generation_works_with_default_values"/>
    <testcase time="0.136000000000003" classname="table_20" name="Table_20_generation_works_with_default_values">
      <skipped message="Reason: On CRAN ('test-table_20.R:17:3')"/>
    </testcase>
    <testcase time="0.0189999999999984" classname="table_20" name="Table_20_generation_works_with_custom_values"/>
    <testcase time="0.00100000000000477" classname="table_20" name="Table_20_generation_works_with_custom_values"/>
    <testcase time="0.000999999999997669" classname="table_20" name="Table_20_generation_works_with_custom_values"/>
    <testcase time="0.0549999999999997" classname="table_20" name="Table_20_generation_works_with_custom_values"/>
    <testcase time="0.739000000000004" classname="table_20" name="Table_20_generation_works_with_custom_values"/>
    <testcase time="0.159999999999997" classname="table_20" name="Table_20_generation_works_with_custom_values">
      <skipped message="Reason: On CRAN ('test-table_20.R:65:3')"/>
    </testcase>
    <testcase time="0.0210000000000008" classname="table_20" name="Table_20_generation_works_with_missing_values_pruned_rows"/>
    <testcase time="0.000999999999997669" classname="table_20" name="Table_20_generation_works_with_missing_values_pruned_rows"/>
    <testcase time="0.00200000000000244" classname="table_20" name="Table_20_generation_works_with_missing_values_pruned_rows"/>
    <testcase time="0.0559999999999974" classname="table_20" name="Table_20_generation_works_with_missing_values_pruned_rows"/>
    <testcase time="0.433" classname="table_20" name="Table_20_generation_works_with_missing_values_pruned_rows"/>
    <testcase time="0.115000000000002" classname="table_20" name="Table_20_generation_works_with_missing_values_pruned_rows">
      <skipped message="Reason: On CRAN ('test-table_20.R:74:3')"/>
    </testcase>
  </testsuite>
  <testsuite name="table_32" timestamp="2023-08-29T16:43:22Z" hostname="53567bd761c4" tests="12" skipped="3" failures="0" errors="0" time="0.937">
    <testcase time="0.027000000000001" classname="table_32" name="Table_32_generation_works_with_default_values"/>
    <testcase time="0.070999999999998" classname="table_32" name="Table_32_generation_works_with_default_values"/>
    <testcase time="0.142000000000003" classname="table_32" name="Table_32_generation_works_with_default_values"/>
    <testcase time="0.0609999999999999" classname="table_32" name="Table_32_generation_works_with_default_values">
      <skipped message="Reason: On CRAN ('test-table_32.R:8:3')"/>
    </testcase>
    <testcase time="0.0210000000000008" classname="table_32" name="Table_32_generation_works_with_custom_values"/>
    <testcase time="0.0739999999999981" classname="table_32" name="Table_32_generation_works_with_custom_values"/>
    <testcase time="0.167999999999999" classname="table_32" name="Table_32_generation_works_with_custom_values"/>
    <testcase time="0.0750000000000028" classname="table_32" name="Table_32_generation_works_with_custom_values">
      <skipped message="Reason: On CRAN ('test-table_32.R:30:3')"/>
    </testcase>
    <testcase time="0.0229999999999961" classname="table_32" name="Table_32_generation_works_with_pruned_rows"/>
    <testcase time="0.0760000000000005" classname="table_32" name="Table_32_generation_works_with_pruned_rows"/>
    <testcase time="0.151000000000003" classname="table_32" name="Table_32_generation_works_with_pruned_rows"/>
    <testcase time="0.0479999999999947" classname="table_32" name="Table_32_generation_works_with_pruned_rows">
      <skipped message="Reason: On CRAN ('test-table_32.R:37:3')"/>
    </testcase>
  </testsuite>
  <testsuite name="table_33" timestamp="2023-08-29T16:43:23Z" hostname="53567bd761c4" tests="12" skipped="3" failures="0" errors="0" time="1.802">
    <testcase time="0.0290000000000035" classname="table_33" name="Table_33_generation_works_with_default_values"/>
    <testcase time="0.417000000000002" classname="table_33" name="Table_33_generation_works_with_default_values"/>
    <testcase time="0.105999999999995" classname="table_33" name="Table_33_generation_works_with_default_values"/>
    <testcase time="0.0400000000000063" classname="table_33" name="Table_33_generation_works_with_default_values">
      <skipped message="Reason: On CRAN ('test-table_33.R:8:3')"/>
    </testcase>
    <testcase time="0.0189999999999984" classname="table_33" name="Table_33_generation_works_with_custom_values"/>
    <testcase time="0.408999999999999" classname="table_33" name="Table_33_generation_works_with_custom_values"/>
    <testcase time="0.146999999999998" classname="table_33" name="Table_33_generation_works_with_custom_values"/>
    <testcase time="0.0579999999999998" classname="table_33" name="Table_33_generation_works_with_custom_values">
      <skipped message="Reason: On CRAN ('test-table_33.R:34:3')"/>
    </testcase>
    <testcase time="0.0200000000000031" classname="table_33" name="Table_33_generation_works_with_pruned_rows"/>
    <testcase time="0.399000000000001" classname="table_33" name="Table_33_generation_works_with_pruned_rows"/>
    <testcase time="0.122999999999998" classname="table_33" name="Table_33_generation_works_with_pruned_rows"/>
    <testcase time="0.0349999999999966" classname="table_33" name="Table_33_generation_works_with_pruned_rows">
      <skipped message="Reason: On CRAN ('test-table_33.R:42:3')"/>
    </testcase>
  </testsuite>
</testsuites>
