<?xml version="1.0" encoding="UTF-8"?>
<testsuites>
  <testsuite name="table_02" timestamp="2023-08-16T16:17:00Z" hostname="411bb27105ba" tests="21" skipped="7" failures="0" errors="0" time="6.761">
    <testcase time="0.0709999999999997" classname="table_02" name="Table_02_generation_works_with_default_values"/>
    <testcase time="0.484" classname="table_02" name="Table_02_generation_works_with_default_values"/>
    <testcase time="0.203" classname="table_02" name="Table_02_generation_works_with_default_values">
      <skipped message="Reason: On CRAN ('test-table_02.R:16:3')"/>
    </testcase>
    <testcase time="0.0669999999999997" classname="table_02" name="Table_02_generation_works_with_custom_values"/>
    <testcase time="0.365" classname="table_02" name="Table_02_generation_works_with_custom_values"/>
    <testcase time="0.196" classname="table_02" name="Table_02_generation_works_with_custom_values">
      <skipped message="Reason: On CRAN ('test-table_02.R:45:3')"/>
    </testcase>
    <testcase time="0.0490000000000004" classname="table_02" name="Table_02_generation_works_with_some_NA_values"/>
    <testcase time="0.0839999999999996" classname="table_02" name="Table_02_generation_works_with_some_NA_values"/>
    <testcase time="0.0430000000000001" classname="table_02" name="Table_02_generation_works_with_some_NA_values">
      <skipped message="Reason: On CRAN ('test-table_02.R:57:3')"/>
    </testcase>
    <testcase time="0.0209999999999999" classname="table_02" name="Table_02_generation_tplyr_works_with_default_values"/>
    <testcase time="1.651" classname="table_02" name="Table_02_generation_tplyr_works_with_default_values"/>
    <testcase time="0.0309999999999997" classname="table_02" name="Table_02_generation_tplyr_works_with_default_values">
      <skipped message="Reason: On CRAN ('test-table_02.R:66:3')"/>
    </testcase>
    <testcase time="0.0140000000000002" classname="table_02" name="Table_02_generation_tplyr_works_with_tplyr_raw_TRUE"/>
    <testcase time="0.909" classname="table_02" name="Table_02_generation_tplyr_works_with_tplyr_raw_TRUE"/>
    <testcase time="0.0220000000000002" classname="table_02" name="Table_02_generation_tplyr_works_with_tplyr_raw_TRUE">
      <skipped message="Reason: On CRAN ('test-table_02.R:75:3')"/>
    </testcase>
    <testcase time="0.0379999999999994" classname="table_02" name="Table_02_generation_tplyr_works_with_custom_values"/>
    <testcase time="1.789" classname="table_02" name="Table_02_generation_tplyr_works_with_custom_values"/>
    <testcase time="0.020999999999999" classname="table_02" name="Table_02_generation_tplyr_works_with_custom_values">
      <skipped message="Reason: On CRAN ('test-table_02.R:102:3')"/>
    </testcase>
    <testcase time="0.0300000000000011" classname="table_02" name="Table_02_generation_tplyr_works_with_some_NA_values"/>
    <testcase time="0.654" classname="table_02" name="Table_02_generation_tplyr_works_with_some_NA_values"/>
    <testcase time="0.0190000000000001" classname="table_02" name="Table_02_generation_tplyr_works_with_some_NA_values">
      <skipped message="Reason: On CRAN ('test-table_02.R:119:3')"/>
    </testcase>
  </testsuite>
  <testsuite name="table_05" timestamp="2023-08-16T16:17:07Z" hostname="411bb27105ba" tests="9" skipped="3" failures="0" errors="0" time="1.017">
    <testcase time="0.161" classname="table_05" name="Table_05_generation_works_with_default_values"/>
    <testcase time="0.246" classname="table_05" name="Table_05_generation_works_with_default_values"/>
    <testcase time="0.0659999999999989" classname="table_05" name="Table_05_generation_works_with_default_values">
      <skipped message="Reason: On CRAN ('test-table_05.R:10:3')"/>
    </testcase>
    <testcase time="0.0129999999999999" classname="table_05" name="Table_05_generation_works_with_custom_values"/>
    <testcase time="0.218" classname="table_05" name="Table_05_generation_works_with_custom_values"/>
    <testcase time="0.0730000000000004" classname="table_05" name="Table_05_generation_works_with_custom_values">
      <skipped message="Reason: On CRAN ('test-table_05.R:34:3')"/>
    </testcase>
    <testcase time="0.016" classname="table_05" name="Table_05_generation_works_with_NA_values_pruned_rows"/>
    <testcase time="0.159999999999998" classname="table_05" name="Table_05_generation_works_with_NA_values_pruned_rows"/>
    <testcase time="0.0640000000000001" classname="table_05" name="Table_05_generation_works_with_NA_values_pruned_rows">
      <skipped message="Reason: On CRAN ('test-table_05.R:44:3')"/>
    </testcase>
  </testsuite>
  <testsuite name="table_06" timestamp="2023-08-16T16:17:08Z" hostname="411bb27105ba" tests="10" skipped="2" failures="0" errors="0" time="1.134">
    <testcase time="0.0350000000000001" classname="table_06" name="Table_06_generation_works_with_default_values"/>
    <testcase time="0.00100000000000122" classname="table_06" name="Table_06_generation_works_with_default_values"/>
    <testcase time="0.0469999999999988" classname="table_06" name="Table_06_generation_works_with_default_values"/>
    <testcase time="0.343" classname="table_06" name="Table_06_generation_works_with_default_values"/>
    <testcase time="0.0790000000000006" classname="table_06" name="Table_06_generation_works_with_default_values">
      <skipped message="Reason: On CRAN ('test-table_06.R:8:3')"/>
    </testcase>
    <testcase time="0.0139999999999993" classname="table_06" name="Table_06_generation_works_with_custom_values"/>
    <testcase time="0.00200000000000067" classname="table_06" name="Table_06_generation_works_with_custom_values"/>
    <testcase time="0.0449999999999999" classname="table_06" name="Table_06_generation_works_with_custom_values"/>
    <testcase time="0.44" classname="table_06" name="Table_06_generation_works_with_custom_values"/>
    <testcase time="0.128" classname="table_06" name="Table_06_generation_works_with_custom_values">
      <skipped message="Reason: On CRAN ('test-table_06.R:40:3')"/>
    </testcase>
  </testsuite>
  <testsuite name="table_07" timestamp="2023-08-16T16:17:09Z" hostname="411bb27105ba" tests="18" skipped="3" failures="0" errors="0" time="1.424">
    <testcase time="0.0220000000000002" classname="table_07" name="Table_07_generation_works_with_default_values"/>
    <testcase time="0.000999999999999446" classname="table_07" name="Table_07_generation_works_with_default_values"/>
    <testcase time="0.00100000000000122" classname="table_07" name="Table_07_generation_works_with_default_values"/>
    <testcase time="0.0309999999999988" classname="table_07" name="Table_07_generation_works_with_default_values"/>
    <testcase time="0.293000000000001" classname="table_07" name="Table_07_generation_works_with_default_values"/>
    <testcase time="0.0969999999999995" classname="table_07" name="Table_07_generation_works_with_default_values">
      <skipped message="Reason: On CRAN ('test-table_07.R:13:3')"/>
    </testcase>
    <testcase time="0.0150000000000006" classname="table_07" name="Table_07_generation_works_with_custom_values"/>
    <testcase time="0.000999999999999446" classname="table_07" name="Table_07_generation_works_with_custom_values"/>
    <testcase time="0.000999999999999446" classname="table_07" name="Table_07_generation_works_with_custom_values"/>
    <testcase time="0.032" classname="table_07" name="Table_07_generation_works_with_custom_values"/>
    <testcase time="0.382000000000001" classname="table_07" name="Table_07_generation_works_with_custom_values"/>
    <testcase time="0.129999999999999" classname="table_07" name="Table_07_generation_works_with_custom_values">
      <skipped message="Reason: On CRAN ('test-table_07.R:42:3')"/>
    </testcase>
    <testcase time="0.0150000000000006" classname="table_07" name="Table_07_generation_works_with_NA_values_pruned_rows"/>
    <testcase time="0.000999999999999446" classname="table_07" name="Table_07_generation_works_with_NA_values_pruned_rows"/>
    <testcase time="0.000999999999999446" classname="table_07" name="Table_07_generation_works_with_NA_values_pruned_rows"/>
    <testcase time="0.0330000000000013" classname="table_07" name="Table_07_generation_works_with_NA_values_pruned_rows"/>
    <testcase time="0.266" classname="table_07" name="Table_07_generation_works_with_NA_values_pruned_rows"/>
    <testcase time="0.102" classname="table_07" name="Table_07_generation_works_with_NA_values_pruned_rows">
      <skipped message="Reason: On CRAN ('test-table_07.R:52:3')"/>
    </testcase>
  </testsuite>
  <testsuite name="table_08" timestamp="2023-08-16T16:17:10Z" hostname="411bb27105ba" tests="8" skipped="2" failures="0" errors="0" time="0.358">
    <testcase time="0.0189999999999984" classname="table_08" name="Table_08_generation_works_with_default_values"/>
    <testcase time="0.00100000000000122" classname="table_08" name="Table_08_generation_works_with_default_values"/>
    <testcase time="0.0380000000000003" classname="table_08" name="Table_08_generation_works_with_default_values"/>
    <testcase time="0.106999999999999" classname="table_08" name="Table_08_generation_works_with_default_values">
      <skipped message="Reason: On CRAN ('test-table_08.R:10:3')"/>
    </testcase>
    <testcase time="0.0150000000000006" classname="table_08" name="Table_08_generation_works_with_custom_values"/>
    <testcase time="0.000999999999999446" classname="table_08" name="Table_08_generation_works_with_custom_values"/>
    <testcase time="0.0350000000000001" classname="table_08" name="Table_08_generation_works_with_custom_values"/>
    <testcase time="0.141999999999999" classname="table_08" name="Table_08_generation_works_with_custom_values">
      <skipped message="Reason: On CRAN ('test-table_08.R:31:3')"/>
    </testcase>
  </testsuite>
  <testsuite name="table_09" timestamp="2023-08-16T16:17:11Z" hostname="411bb27105ba" tests="8" skipped="2" failures="0" errors="0" time="0.754">
    <testcase time="0.0180000000000007" classname="table_09" name="Table_09_generation_works_with_default_values"/>
    <testcase time="0.032" classname="table_09" name="Table_09_generation_works_with_default_values"/>
    <testcase time="0.25" classname="table_09" name="Table_09_generation_works_with_default_values"/>
    <testcase time="0.052999999999999" classname="table_09" name="Table_09_generation_works_with_default_values">
      <skipped message="Reason: On CRAN ('test-table_09.R:8:3')"/>
    </testcase>
    <testcase time="0.0140000000000011" classname="table_09" name="Table_09_generation_works_with_custom_values"/>
    <testcase time="0.0329999999999995" classname="table_09" name="Table_09_generation_works_with_custom_values"/>
    <testcase time="0.294" classname="table_09" name="Table_09_generation_works_with_custom_values"/>
    <testcase time="0.0599999999999987" classname="table_09" name="Table_09_generation_works_with_custom_values">
      <skipped message="Reason: On CRAN ('test-table_09.R:39:3')"/>
    </testcase>
  </testsuite>
  <testsuite name="table_10" timestamp="2023-08-16T16:17:11Z" hostname="411bb27105ba" tests="10" skipped="2" failures="0" errors="0" time="0.836">
    <testcase time="0.0230000000000015" classname="table_10" name="Table_10_generation_works_with_default_values"/>
    <testcase time="0.000999999999999446" classname="table_10" name="Table_10_generation_works_with_default_values"/>
    <testcase time="0.0340000000000007" classname="table_10" name="Table_10_generation_works_with_default_values"/>
    <testcase time="0.303999999999998" classname="table_10" name="Table_10_generation_works_with_default_values"/>
    <testcase time="0.0990000000000002" classname="table_10" name="Table_10_generation_works_with_default_values">
      <skipped message="Reason: On CRAN ('test-table_10.R:17:3')"/>
    </testcase>
    <testcase time="0.0140000000000011" classname="table_10" name="Table_10_generation_works_with_custom_values"/>
    <testcase time="0.00199999999999889" classname="table_10" name="Table_10_generation_works_with_custom_values"/>
    <testcase time="0.0350000000000001" classname="table_10" name="Table_10_generation_works_with_custom_values"/>
    <testcase time="0.275" classname="table_10" name="Table_10_generation_works_with_custom_values"/>
    <testcase time="0.0489999999999995" classname="table_10" name="Table_10_generation_works_with_custom_values">
      <skipped message="Reason: On CRAN ('test-table_10.R:52:3')"/>
    </testcase>
  </testsuite>
  <testsuite name="table_11" timestamp="2023-08-16T16:17:12Z" hostname="411bb27105ba" tests="8" skipped="2" failures="0" errors="0" time="1.222">
    <testcase time="0.0240000000000009" classname="table_11" name="Table_11_generation_works_with_default_values"/>
    <testcase time="0.0489999999999995" classname="table_11" name="Table_11_generation_works_with_default_values"/>
    <testcase time="0.476000000000001" classname="table_11" name="Table_11_generation_works_with_default_values"/>
    <testcase time="0.119999999999999" classname="table_11" name="Table_11_generation_works_with_default_values">
      <skipped message="Reason: On CRAN ('test-table_11.R:18:3')"/>
    </testcase>
    <testcase time="0.0139999999999993" classname="table_11" name="Table_11_generation_works_with_custom_values"/>
    <testcase time="0.0340000000000007" classname="table_11" name="Table_11_generation_works_with_custom_values"/>
    <testcase time="0.449" classname="table_11" name="Table_11_generation_works_with_custom_values"/>
    <testcase time="0.0560000000000009" classname="table_11" name="Table_11_generation_works_with_custom_values">
      <skipped message="Reason: On CRAN ('test-table_11.R:48:3')"/>
    </testcase>
  </testsuite>
  <testsuite name="table_12" timestamp="2023-08-16T16:17:13Z" hostname="411bb27105ba" tests="8" skipped="2" failures="0" errors="0" time="1.634">
    <testcase time="0.0180000000000007" classname="table_12" name="Table_12_generation_works_with_default_values"/>
    <testcase time="0.041999999999998" classname="table_12" name="Table_12_generation_works_with_default_values"/>
    <testcase time="0.661999999999999" classname="table_12" name="Table_12_generation_works_with_default_values"/>
    <testcase time="0.0910000000000011" classname="table_12" name="Table_12_generation_works_with_default_values">
      <skipped message="Reason: On CRAN ('test-table_12.R:9:3')"/>
    </testcase>
    <testcase time="0.0150000000000006" classname="table_12" name="Table_12_generation_works_with_custom_values"/>
    <testcase time="0.0420000000000016" classname="table_12" name="Table_12_generation_works_with_custom_values"/>
    <testcase time="0.654" classname="table_12" name="Table_12_generation_works_with_custom_values"/>
    <testcase time="0.109999999999999" classname="table_12" name="Table_12_generation_works_with_custom_values">
      <skipped message="Reason: On CRAN ('test-table_12.R:39:3')"/>
    </testcase>
  </testsuite>
  <testsuite name="table_13" timestamp="2023-08-16T16:17:15Z" hostname="411bb27105ba" tests="8" skipped="2" failures="0" errors="0" time="0.47">
    <testcase time="0.0209999999999972" classname="table_13" name="Table_13_generation_works_with_default_values"/>
    <testcase time="0.0390000000000015" classname="table_13" name="Table_13_generation_works_with_default_values"/>
    <testcase time="0.120000000000001" classname="table_13" name="Table_13_generation_works_with_default_values"/>
    <testcase time="0.0679999999999978" classname="table_13" name="Table_13_generation_works_with_default_values">
      <skipped message="Reason: On CRAN ('test-table_13.R:8:3')"/>
    </testcase>
    <testcase time="0.017000000000003" classname="table_13" name="Table_13_generation_works_with_custom_values"/>
    <testcase time="0.0399999999999991" classname="table_13" name="Table_13_generation_works_with_custom_values"/>
    <testcase time="0.111999999999998" classname="table_13" name="Table_13_generation_works_with_custom_values"/>
    <testcase time="0.0530000000000008" classname="table_13" name="Table_13_generation_works_with_custom_values">
      <skipped message="Reason: On CRAN ('test-table_13.R:38:3')"/>
    </testcase>
  </testsuite>
  <testsuite name="table_14" timestamp="2023-08-16T16:17:16Z" hostname="411bb27105ba" tests="10" skipped="3" failures="0" errors="0" time="2.085">
    <testcase time="0.0259999999999998" classname="table_14" name="Table_14_generation_works_with_default_values"/>
    <testcase time="0.462" classname="table_14" name="Table_14_generation_works_with_default_values"/>
    <testcase time="0.132999999999999" classname="table_14" name="Table_14_generation_works_with_default_values">
      <skipped message="Reason: On CRAN ('test-table_14.R:16:3')"/>
    </testcase>
    <testcase time="0.0150000000000006" classname="table_14" name="Table_14_generation_works_with_custom_values"/>
    <testcase time="0.0420000000000016" classname="table_14" name="Table_14_generation_works_with_custom_values"/>
    <testcase time="0.692" classname="table_14" name="Table_14_generation_works_with_custom_values"/>
    <testcase time="0.119999999999997" classname="table_14" name="Table_14_generation_works_with_custom_values">
      <skipped message="Reason: On CRAN ('test-table_14.R:46:3')"/>
    </testcase>
    <testcase time="0.0140000000000029" classname="table_14" name="Table_14_generation_works_with_NA_values_pruned_rows"/>
    <testcase time="0.481999999999999" classname="table_14" name="Table_14_generation_works_with_NA_values_pruned_rows"/>
    <testcase time="0.0990000000000002" classname="table_14" name="Table_14_generation_works_with_NA_values_pruned_rows">
      <skipped message="Reason: On CRAN ('test-table_14.R:53:3')"/>
    </testcase>
  </testsuite>
  <testsuite name="table_20" timestamp="2023-08-16T16:17:18Z" hostname="411bb27105ba" tests="18" skipped="3" failures="0" errors="0" time="1.456">
    <testcase time="0.0229999999999997" classname="table_20" name="Table_20_generation_works_with_default_values"/>
    <testcase time="0.00100000000000122" classname="table_20" name="Table_20_generation_works_with_default_values"/>
    <testcase time="0.000999999999997669" classname="table_20" name="Table_20_generation_works_with_default_values"/>
    <testcase time="0.0340000000000025" classname="table_20" name="Table_20_generation_works_with_default_values"/>
    <testcase time="0.300999999999998" classname="table_20" name="Table_20_generation_works_with_default_values"/>
    <testcase time="0.0730000000000004" classname="table_20" name="Table_20_generation_works_with_default_values">
      <skipped message="Reason: On CRAN ('test-table_20.R:17:3')"/>
    </testcase>
    <testcase time="0.0139999999999993" classname="table_20" name="Table_20_generation_works_with_custom_values"/>
    <testcase time="0.00100000000000122" classname="table_20" name="Table_20_generation_works_with_custom_values"/>
    <testcase time="0.000999999999997669" classname="table_20" name="Table_20_generation_works_with_custom_values"/>
    <testcase time="0.0390000000000015" classname="table_20" name="Table_20_generation_works_with_custom_values"/>
    <testcase time="0.462" classname="table_20" name="Table_20_generation_works_with_custom_values"/>
    <testcase time="0.0970000000000013" classname="table_20" name="Table_20_generation_works_with_custom_values">
      <skipped message="Reason: On CRAN ('test-table_20.R:65:3')"/>
    </testcase>
    <testcase time="0.014999999999997" classname="table_20" name="Table_20_generation_works_with_missing_values_pruned_rows"/>
    <testcase time="0.00100000000000122" classname="table_20" name="Table_20_generation_works_with_missing_values_pruned_rows"/>
    <testcase time="0.00100000000000122" classname="table_20" name="Table_20_generation_works_with_missing_values_pruned_rows"/>
    <testcase time="0.0350000000000001" classname="table_20" name="Table_20_generation_works_with_missing_values_pruned_rows"/>
    <testcase time="0.288" classname="table_20" name="Table_20_generation_works_with_missing_values_pruned_rows"/>
    <testcase time="0.0689999999999991" classname="table_20" name="Table_20_generation_works_with_missing_values_pruned_rows">
      <skipped message="Reason: On CRAN ('test-table_20.R:74:3')"/>
    </testcase>
  </testsuite>
  <testsuite name="table_32" timestamp="2023-08-16T16:17:19Z" hostname="411bb27105ba" tests="12" skipped="3" failures="0" errors="0" time="0.615">
    <testcase time="0.0180000000000007" classname="table_32" name="Table_32_generation_works_with_default_values"/>
    <testcase time="0.041999999999998" classname="table_32" name="Table_32_generation_works_with_default_values"/>
    <testcase time="0.0980000000000025" classname="table_32" name="Table_32_generation_works_with_default_values"/>
    <testcase time="0.0380000000000003" classname="table_32" name="Table_32_generation_works_with_default_values">
      <skipped message="Reason: On CRAN ('test-table_32.R:8:3')"/>
    </testcase>
    <testcase time="0.0139999999999993" classname="table_32" name="Table_32_generation_works_with_custom_values"/>
    <testcase time="0.0429999999999993" classname="table_32" name="Table_32_generation_works_with_custom_values"/>
    <testcase time="0.128" classname="table_32" name="Table_32_generation_works_with_custom_values"/>
    <testcase time="0.0449999999999982" classname="table_32" name="Table_32_generation_works_with_custom_values">
      <skipped message="Reason: On CRAN ('test-table_32.R:30:3')"/>
    </testcase>
    <testcase time="0.0140000000000029" classname="table_32" name="Table_32_generation_works_with_pruned_rows"/>
    <testcase time="0.0429999999999993" classname="table_32" name="Table_32_generation_works_with_pruned_rows"/>
    <testcase time="0.103999999999999" classname="table_32" name="Table_32_generation_works_with_pruned_rows"/>
    <testcase time="0.0279999999999987" classname="table_32" name="Table_32_generation_works_with_pruned_rows">
      <skipped message="Reason: On CRAN ('test-table_32.R:37:3')"/>
    </testcase>
  </testsuite>
  <testsuite name="table_33" timestamp="2023-08-16T16:17:20Z" hostname="411bb27105ba" tests="12" skipped="3" failures="0" errors="0" time="1.026">
    <testcase time="0.0190000000000019" classname="table_33" name="Table_33_generation_works_with_default_values"/>
    <testcase time="0.210999999999999" classname="table_33" name="Table_33_generation_works_with_default_values"/>
    <testcase time="0.0760000000000005" classname="table_33" name="Table_33_generation_works_with_default_values"/>
    <testcase time="0.0360000000000014" classname="table_33" name="Table_33_generation_works_with_default_values">
      <skipped message="Reason: On CRAN ('test-table_33.R:8:3')"/>
    </testcase>
    <testcase time="0.0129999999999981" classname="table_33" name="Table_33_generation_works_with_custom_values"/>
    <testcase time="0.211000000000002" classname="table_33" name="Table_33_generation_works_with_custom_values"/>
    <testcase time="0.0919999999999987" classname="table_33" name="Table_33_generation_works_with_custom_values"/>
    <testcase time="0.0360000000000014" classname="table_33" name="Table_33_generation_works_with_custom_values">
      <skipped message="Reason: On CRAN ('test-table_33.R:34:3')"/>
    </testcase>
    <testcase time="0.0139999999999993" classname="table_33" name="Table_33_generation_works_with_pruned_rows"/>
    <testcase time="0.219000000000001" classname="table_33" name="Table_33_generation_works_with_pruned_rows"/>
    <testcase time="0.0739999999999981" classname="table_33" name="Table_33_generation_works_with_pruned_rows"/>
    <testcase time="0.0249999999999986" classname="table_33" name="Table_33_generation_works_with_pruned_rows">
      <skipped message="Reason: On CRAN ('test-table_33.R:42:3')"/>
    </testcase>
  </testsuite>
</testsuites>
