<?xml version="1.0" encoding="UTF-8"?>
<testsuites>
  <testsuite name="table_02" timestamp="2023-08-31T18:58:16Z" hostname="fd939bd94ddc" tests="30" skipped="10" failures="0" errors="0" time="18.01">
    <testcase time="0.1" classname="table_02" name="Table_02_generation_works_with_default_values"/>
    <testcase time="0.687" classname="table_02" name="Table_02_generation_works_with_default_values"/>
    <testcase time="0.289" classname="table_02" name="Table_02_generation_works_with_default_values">
      <skipped message="Reason: On CRAN ('test-table_02.R:16:3')"/>
    </testcase>
    <testcase time="0.0880000000000001" classname="table_02" name="Table_02_generation_works_with_custom_values"/>
    <testcase time="0.555" classname="table_02" name="Table_02_generation_works_with_custom_values"/>
    <testcase time="0.293" classname="table_02" name="Table_02_generation_works_with_custom_values">
      <skipped message="Reason: On CRAN ('test-table_02.R:45:3')"/>
    </testcase>
    <testcase time="0.0700000000000003" classname="table_02" name="Table_02_generation_works_with_some_NA_values"/>
    <testcase time="0.135" classname="table_02" name="Table_02_generation_works_with_some_NA_values"/>
    <testcase time="0.0650000000000004" classname="table_02" name="Table_02_generation_works_with_some_NA_values">
      <skipped message="Reason: On CRAN ('test-table_02.R:57:3')"/>
    </testcase>
    <testcase time="0.0259999999999998" classname="table_02" name="Table_02_generation_tplyr_works_with_default_values"/>
    <testcase time="2.287" classname="table_02" name="Table_02_generation_tplyr_works_with_default_values"/>
    <testcase time="0.0400000000000009" classname="table_02" name="Table_02_generation_tplyr_works_with_default_values">
      <skipped message="Reason: On CRAN ('test-table_02.R:66:3')"/>
    </testcase>
    <testcase time="0.0180000000000007" classname="table_02" name="Table_02_generation_tplyr_works_with_tplyr_raw_TRUE"/>
    <testcase time="1.242" classname="table_02" name="Table_02_generation_tplyr_works_with_tplyr_raw_TRUE"/>
    <testcase time="0.0310000000000006" classname="table_02" name="Table_02_generation_tplyr_works_with_tplyr_raw_TRUE">
      <skipped message="Reason: On CRAN ('test-table_02.R:75:3')"/>
    </testcase>
    <testcase time="0.0619999999999994" classname="table_02" name="Table_02_generation_tplyr_works_with_custom_values"/>
    <testcase time="2.35" classname="table_02" name="Table_02_generation_tplyr_works_with_custom_values"/>
    <testcase time="0.0259999999999998" classname="table_02" name="Table_02_generation_tplyr_works_with_custom_values">
      <skipped message="Reason: On CRAN ('test-table_02.R:102:3')"/>
    </testcase>
    <testcase time="0.0410000000000004" classname="table_02" name="Table_02_generation_tplyr_works_with_some_NA_values"/>
    <testcase time="0.865" classname="table_02" name="Table_02_generation_tplyr_works_with_some_NA_values"/>
    <testcase time="0.0310000000000006" classname="table_02" name="Table_02_generation_tplyr_works_with_some_NA_values">
      <skipped message="Reason: On CRAN ('test-table_02.R:119:3')"/>
    </testcase>
    <testcase time="0.0199999999999996" classname="table_02" name="Table_02_generation_gt_works_with_default_values"/>
    <testcase time="3.606" classname="table_02" name="Table_02_generation_gt_works_with_default_values"/>
    <testcase time="0.00599999999999667" classname="table_02" name="Table_02_generation_gt_works_with_default_values">
      <skipped message="Reason: On CRAN ('test-table_02.R:128:3')"/>
    </testcase>
    <testcase time="0.0530000000000008" classname="table_02" name="Table_02_generation_gt_works_with_custom_values"/>
    <testcase time="3.927" classname="table_02" name="Table_02_generation_gt_works_with_custom_values"/>
    <testcase time="0.00700000000000145" classname="table_02" name="Table_02_generation_gt_works_with_custom_values">
      <skipped message="Reason: On CRAN ('test-table_02.R:146:3')"/>
    </testcase>
    <testcase time="0.0479999999999983" classname="table_02" name="Table_02_generation_gt_works_with_some_NA_values"/>
    <testcase time="1.034" classname="table_02" name="Table_02_generation_gt_works_with_some_NA_values"/>
    <testcase time="0.00799999999999912" classname="table_02" name="Table_02_generation_gt_works_with_some_NA_values">
      <skipped message="Reason: On CRAN ('test-table_02.R:163:3')"/>
    </testcase>
  </testsuite>
  <testsuite name="table_04" timestamp="2023-08-31T18:58:34Z" hostname="fd939bd94ddc" tests="12" skipped="2" failures="0" errors="0" time="1.091">
    <testcase time="0.0509999999999984" classname="table_04" name="Table_04_generation_works_with_default_values"/>
    <testcase time="0.00200000000000244" classname="table_04" name="Table_04_generation_works_with_default_values"/>
    <testcase time="0.000999999999997669" classname="table_04" name="Table_04_generation_works_with_default_values"/>
    <testcase time="0.00100000000000122" classname="table_04" name="Table_04_generation_works_with_default_values"/>
    <testcase time="0.429000000000002" classname="table_04" name="Table_04_generation_works_with_default_values"/>
    <testcase time="0.126999999999999" classname="table_04" name="Table_04_generation_works_with_default_values">
      <skipped message="Reason: On CRAN ('test-table_04.R:30:3')"/>
    </testcase>
    <testcase time="0.0169999999999995" classname="table_04" name="Table_04_generation_works_with_custom_values"/>
    <testcase time="0.00100000000000122" classname="table_04" name="Table_04_generation_works_with_custom_values"/>
    <testcase time="0.000999999999997669" classname="table_04" name="Table_04_generation_works_with_custom_values"/>
    <testcase time="0.00200000000000244" classname="table_04" name="Table_04_generation_works_with_custom_values"/>
    <testcase time="0.334999999999997" classname="table_04" name="Table_04_generation_works_with_custom_values"/>
    <testcase time="0.124000000000002" classname="table_04" name="Table_04_generation_works_with_custom_values">
      <skipped message="Reason: On CRAN ('test-table_04.R:53:3')"/>
    </testcase>
  </testsuite>
  <testsuite name="table_05" timestamp="2023-08-31T18:58:35Z" hostname="fd939bd94ddc" tests="9" skipped="3" failures="0" errors="0" time="1.344">
    <testcase time="0.209" classname="table_05" name="Table_05_generation_works_with_default_values"/>
    <testcase time="0.239000000000001" classname="table_05" name="Table_05_generation_works_with_default_values"/>
    <testcase time="0.0849999999999973" classname="table_05" name="Table_05_generation_works_with_default_values">
      <skipped message="Reason: On CRAN ('test-table_05.R:10:3')"/>
    </testcase>
    <testcase time="0.017000000000003" classname="table_05" name="Table_05_generation_works_with_custom_values"/>
    <testcase time="0.308" classname="table_05" name="Table_05_generation_works_with_custom_values"/>
    <testcase time="0.137999999999998" classname="table_05" name="Table_05_generation_works_with_custom_values">
      <skipped message="Reason: On CRAN ('test-table_05.R:34:3')"/>
    </testcase>
    <testcase time="0.0240000000000009" classname="table_05" name="Table_05_generation_works_with_NA_values_pruned_rows"/>
    <testcase time="0.231999999999999" classname="table_05" name="Table_05_generation_works_with_NA_values_pruned_rows"/>
    <testcase time="0.0919999999999987" classname="table_05" name="Table_05_generation_works_with_NA_values_pruned_rows">
      <skipped message="Reason: On CRAN ('test-table_05.R:44:3')"/>
    </testcase>
  </testsuite>
  <testsuite name="table_06" timestamp="2023-08-31T18:58:36Z" hostname="fd939bd94ddc" tests="10" skipped="2" failures="0" errors="0" time="1.555">
    <testcase time="0.0250000000000021" classname="table_06" name="Table_06_generation_works_with_default_values"/>
    <testcase time="0.000999999999997669" classname="table_06" name="Table_06_generation_works_with_default_values"/>
    <testcase time="0.0620000000000012" classname="table_06" name="Table_06_generation_works_with_default_values"/>
    <testcase time="0.451000000000001" classname="table_06" name="Table_06_generation_works_with_default_values"/>
    <testcase time="0.143000000000001" classname="table_06" name="Table_06_generation_works_with_default_values">
      <skipped message="Reason: On CRAN ('test-table_06.R:8:3')"/>
    </testcase>
    <testcase time="0.0199999999999996" classname="table_06" name="Table_06_generation_works_with_custom_values"/>
    <testcase time="0.00100000000000122" classname="table_06" name="Table_06_generation_works_with_custom_values"/>
    <testcase time="0.0629999999999988" classname="table_06" name="Table_06_generation_works_with_custom_values"/>
    <testcase time="0.606999999999999" classname="table_06" name="Table_06_generation_works_with_custom_values"/>
    <testcase time="0.182000000000002" classname="table_06" name="Table_06_generation_works_with_custom_values">
      <skipped message="Reason: On CRAN ('test-table_06.R:40:3')"/>
    </testcase>
  </testsuite>
  <testsuite name="table_07" timestamp="2023-08-31T18:58:38Z" hostname="fd939bd94ddc" tests="18" skipped="3" failures="0" errors="0" time="1.989">
    <testcase time="0.0269999999999975" classname="table_07" name="Table_07_generation_works_with_default_values"/>
    <testcase time="0.00200000000000244" classname="table_07" name="Table_07_generation_works_with_default_values"/>
    <testcase time="0.000999999999997669" classname="table_07" name="Table_07_generation_works_with_default_values"/>
    <testcase time="0.0450000000000017" classname="table_07" name="Table_07_generation_works_with_default_values"/>
    <testcase time="0.381" classname="table_07" name="Table_07_generation_works_with_default_values"/>
    <testcase time="0.138999999999999" classname="table_07" name="Table_07_generation_works_with_default_values">
      <skipped message="Reason: On CRAN ('test-table_07.R:13:3')"/>
    </testcase>
    <testcase time="0.0180000000000007" classname="table_07" name="Table_07_generation_works_with_custom_values"/>
    <testcase time="0.00199999999999889" classname="table_07" name="Table_07_generation_works_with_custom_values"/>
    <testcase time="0.00100000000000122" classname="table_07" name="Table_07_generation_works_with_custom_values"/>
    <testcase time="0.0489999999999995" classname="table_07" name="Table_07_generation_works_with_custom_values"/>
    <testcase time="0.547000000000001" classname="table_07" name="Table_07_generation_works_with_custom_values"/>
    <testcase time="0.18" classname="table_07" name="Table_07_generation_works_with_custom_values">
      <skipped message="Reason: On CRAN ('test-table_07.R:42:3')"/>
    </testcase>
    <testcase time="0.0209999999999972" classname="table_07" name="Table_07_generation_works_with_NA_values_pruned_rows"/>
    <testcase time="0.00200000000000244" classname="table_07" name="Table_07_generation_works_with_NA_values_pruned_rows"/>
    <testcase time="0.000999999999997669" classname="table_07" name="Table_07_generation_works_with_NA_values_pruned_rows"/>
    <testcase time="0.0549999999999997" classname="table_07" name="Table_07_generation_works_with_NA_values_pruned_rows"/>
    <testcase time="0.360000000000003" classname="table_07" name="Table_07_generation_works_with_NA_values_pruned_rows"/>
    <testcase time="0.157999999999998" classname="table_07" name="Table_07_generation_works_with_NA_values_pruned_rows">
      <skipped message="Reason: On CRAN ('test-table_07.R:52:3')"/>
    </testcase>
  </testsuite>
  <testsuite name="table_08" timestamp="2023-08-31T18:58:40Z" hostname="fd939bd94ddc" tests="8" skipped="2" failures="0" errors="0" time="0.487">
    <testcase time="0.027000000000001" classname="table_08" name="Table_08_generation_works_with_default_values"/>
    <testcase time="0.00100000000000122" classname="table_08" name="Table_08_generation_works_with_default_values"/>
    <testcase time="0.0479999999999983" classname="table_08" name="Table_08_generation_works_with_default_values"/>
    <testcase time="0.148" classname="table_08" name="Table_08_generation_works_with_default_values">
      <skipped message="Reason: On CRAN ('test-table_08.R:10:3')"/>
    </testcase>
    <testcase time="0.0190000000000019" classname="table_08" name="Table_08_generation_works_with_custom_values"/>
    <testcase time="0.000999999999997669" classname="table_08" name="Table_08_generation_works_with_custom_values"/>
    <testcase time="0.054000000000002" classname="table_08" name="Table_08_generation_works_with_custom_values"/>
    <testcase time="0.189" classname="table_08" name="Table_08_generation_works_with_custom_values">
      <skipped message="Reason: On CRAN ('test-table_08.R:31:3')"/>
    </testcase>
  </testsuite>
  <testsuite name="table_09" timestamp="2023-08-31T18:58:40Z" hostname="fd939bd94ddc" tests="8" skipped="2" failures="0" errors="0" time="1.018">
    <testcase time="0.032" classname="table_09" name="Table_09_generation_works_with_default_values"/>
    <testcase time="0.0449999999999982" classname="table_09" name="Table_09_generation_works_with_default_values"/>
    <testcase time="0.306000000000001" classname="table_09" name="Table_09_generation_works_with_default_values"/>
    <testcase time="0.0770000000000017" classname="table_09" name="Table_09_generation_works_with_default_values">
      <skipped message="Reason: On CRAN ('test-table_09.R:8:3')"/>
    </testcase>
    <testcase time="0.0179999999999971" classname="table_09" name="Table_09_generation_works_with_custom_values"/>
    <testcase time="0.0590000000000011" classname="table_09" name="Table_09_generation_works_with_custom_values"/>
    <testcase time="0.391000000000002" classname="table_09" name="Table_09_generation_works_with_custom_values"/>
    <testcase time="0.0899999999999999" classname="table_09" name="Table_09_generation_works_with_custom_values">
      <skipped message="Reason: On CRAN ('test-table_09.R:39:3')"/>
    </testcase>
  </testsuite>
  <testsuite name="table_10" timestamp="2023-08-31T18:58:41Z" hostname="fd939bd94ddc" tests="10" skipped="2" failures="0" errors="0" time="1.179">
    <testcase time="0.0389999999999979" classname="table_10" name="Table_10_generation_works_with_default_values"/>
    <testcase time="0.00100000000000122" classname="table_10" name="Table_10_generation_works_with_default_values"/>
    <testcase time="0.0509999999999984" classname="table_10" name="Table_10_generation_works_with_default_values"/>
    <testcase time="0.390000000000001" classname="table_10" name="Table_10_generation_works_with_default_values"/>
    <testcase time="0.163" classname="table_10" name="Table_10_generation_works_with_default_values">
      <skipped message="Reason: On CRAN ('test-table_10.R:17:3')"/>
    </testcase>
    <testcase time="0.0190000000000019" classname="table_10" name="Table_10_generation_works_with_custom_values"/>
    <testcase time="0.000999999999997669" classname="table_10" name="Table_10_generation_works_with_custom_values"/>
    <testcase time="0.0450000000000017" classname="table_10" name="Table_10_generation_works_with_custom_values"/>
    <testcase time="0.401" classname="table_10" name="Table_10_generation_works_with_custom_values"/>
    <testcase time="0.0689999999999991" classname="table_10" name="Table_10_generation_works_with_custom_values">
      <skipped message="Reason: On CRAN ('test-table_10.R:52:3')"/>
    </testcase>
  </testsuite>
  <testsuite name="table_11" timestamp="2023-08-31T18:58:42Z" hostname="fd939bd94ddc" tests="8" skipped="2" failures="0" errors="0" time="1.675">
    <testcase time="0.0289999999999999" classname="table_11" name="Table_11_generation_works_with_default_values"/>
    <testcase time="0.0569999999999986" classname="table_11" name="Table_11_generation_works_with_default_values"/>
    <testcase time="0.623000000000001" classname="table_11" name="Table_11_generation_works_with_default_values"/>
    <testcase time="0.178000000000001" classname="table_11" name="Table_11_generation_works_with_default_values">
      <skipped message="Reason: On CRAN ('test-table_11.R:18:3')"/>
    </testcase>
    <testcase time="0.0199999999999996" classname="table_11" name="Table_11_generation_works_with_custom_values"/>
    <testcase time="0.0539999999999985" classname="table_11" name="Table_11_generation_works_with_custom_values"/>
    <testcase time="0.618000000000002" classname="table_11" name="Table_11_generation_works_with_custom_values"/>
    <testcase time="0.0959999999999965" classname="table_11" name="Table_11_generation_works_with_custom_values">
      <skipped message="Reason: On CRAN ('test-table_11.R:48:3')"/>
    </testcase>
  </testsuite>
  <testsuite name="table_12" timestamp="2023-08-31T18:58:44Z" hostname="fd939bd94ddc" tests="8" skipped="2" failures="0" errors="0" time="2.391">
    <testcase time="0.0250000000000021" classname="table_12" name="Table_12_generation_works_with_default_values"/>
    <testcase time="0.0620000000000012" classname="table_12" name="Table_12_generation_works_with_default_values"/>
    <testcase time="1.134" classname="table_12" name="Table_12_generation_works_with_default_values"/>
    <testcase time="0.129000000000005" classname="table_12" name="Table_12_generation_works_with_default_values">
      <skipped message="Reason: On CRAN ('test-table_12.R:9:3')"/>
    </testcase>
    <testcase time="0.0179999999999936" classname="table_12" name="Table_12_generation_works_with_custom_values"/>
    <testcase time="0.0549999999999997" classname="table_12" name="Table_12_generation_works_with_custom_values"/>
    <testcase time="0.839000000000006" classname="table_12" name="Table_12_generation_works_with_custom_values"/>
    <testcase time="0.128999999999998" classname="table_12" name="Table_12_generation_works_with_custom_values">
      <skipped message="Reason: On CRAN ('test-table_12.R:39:3')"/>
    </testcase>
  </testsuite>
  <testsuite name="table_13" timestamp="2023-08-31T18:58:46Z" hostname="fd939bd94ddc" tests="8" skipped="2" failures="0" errors="0" time="0.57">
    <testcase time="0.0230000000000032" classname="table_13" name="Table_13_generation_works_with_default_values"/>
    <testcase time="0.0599999999999952" classname="table_13" name="Table_13_generation_works_with_default_values"/>
    <testcase time="0.136000000000003" classname="table_13" name="Table_13_generation_works_with_default_values"/>
    <testcase time="0.0739999999999981" classname="table_13" name="Table_13_generation_works_with_default_values">
      <skipped message="Reason: On CRAN ('test-table_13.R:8:3')"/>
    </testcase>
    <testcase time="0.017000000000003" classname="table_13" name="Table_13_generation_works_with_custom_values"/>
    <testcase time="0.0589999999999975" classname="table_13" name="Table_13_generation_works_with_custom_values"/>
    <testcase time="0.147000000000006" classname="table_13" name="Table_13_generation_works_with_custom_values"/>
    <testcase time="0.0539999999999949" classname="table_13" name="Table_13_generation_works_with_custom_values">
      <skipped message="Reason: On CRAN ('test-table_13.R:38:3')"/>
    </testcase>
  </testsuite>
  <testsuite name="table_14" timestamp="2023-08-31T18:58:47Z" hostname="fd939bd94ddc" tests="10" skipped="3" failures="0" errors="0" time="2.353">
    <testcase time="0.0390000000000015" classname="table_14" name="Table_14_generation_works_with_default_values"/>
    <testcase time="0.588999999999999" classname="table_14" name="Table_14_generation_works_with_default_values"/>
    <testcase time="0.182000000000002" classname="table_14" name="Table_14_generation_works_with_default_values">
      <skipped message="Reason: On CRAN ('test-table_14.R:16:3')"/>
    </testcase>
    <testcase time="0.0200000000000031" classname="table_14" name="Table_14_generation_works_with_custom_values"/>
    <testcase time="0.0549999999999997" classname="table_14" name="Table_14_generation_works_with_custom_values"/>
    <testcase time="0.587999999999994" classname="table_14" name="Table_14_generation_works_with_custom_values"/>
    <testcase time="0.167000000000002" classname="table_14" name="Table_14_generation_works_with_custom_values">
      <skipped message="Reason: On CRAN ('test-table_14.R:46:3')"/>
    </testcase>
    <testcase time="0.0210000000000008" classname="table_14" name="Table_14_generation_works_with_NA_values_pruned_rows"/>
    <testcase time="0.558999999999997" classname="table_14" name="Table_14_generation_works_with_NA_values_pruned_rows"/>
    <testcase time="0.133000000000003" classname="table_14" name="Table_14_generation_works_with_NA_values_pruned_rows">
      <skipped message="Reason: On CRAN ('test-table_14.R:53:3')"/>
    </testcase>
  </testsuite>
  <testsuite name="table_20" timestamp="2023-08-31T18:58:49Z" hostname="fd939bd94ddc" tests="18" skipped="3" failures="0" errors="0" time="1.992">
    <testcase time="0.0309999999999988" classname="table_20" name="Table_20_generation_works_with_default_values"/>
    <testcase time="0.00200000000000244" classname="table_20" name="Table_20_generation_works_with_default_values"/>
    <testcase time="0.000999999999997669" classname="table_20" name="Table_20_generation_works_with_default_values"/>
    <testcase time="0.0600000000000023" classname="table_20" name="Table_20_generation_works_with_default_values"/>
    <testcase time="0.393999999999998" classname="table_20" name="Table_20_generation_works_with_default_values"/>
    <testcase time="0.117000000000004" classname="table_20" name="Table_20_generation_works_with_default_values">
      <skipped message="Reason: On CRAN ('test-table_20.R:17:3')"/>
    </testcase>
    <testcase time="0.0179999999999936" classname="table_20" name="Table_20_generation_works_with_custom_values"/>
    <testcase time="0.00100000000000477" classname="table_20" name="Table_20_generation_works_with_custom_values"/>
    <testcase time="0.000999999999997669" classname="table_20" name="Table_20_generation_works_with_custom_values"/>
    <testcase time="0.0499999999999972" classname="table_20" name="Table_20_generation_works_with_custom_values"/>
    <testcase time="0.635000000000005" classname="table_20" name="Table_20_generation_works_with_custom_values"/>
    <testcase time="0.129999999999995" classname="table_20" name="Table_20_generation_works_with_custom_values">
      <skipped message="Reason: On CRAN ('test-table_20.R:65:3')"/>
    </testcase>
    <testcase time="0.0180000000000007" classname="table_20" name="Table_20_generation_works_with_missing_values_pruned_rows"/>
    <testcase time="0.00100000000000477" classname="table_20" name="Table_20_generation_works_with_missing_values_pruned_rows"/>
    <testcase time="0.000999999999997669" classname="table_20" name="Table_20_generation_works_with_missing_values_pruned_rows"/>
    <testcase time="0.0480000000000018" classname="table_20" name="Table_20_generation_works_with_missing_values_pruned_rows"/>
    <testcase time="0.387999999999998" classname="table_20" name="Table_20_generation_works_with_missing_values_pruned_rows"/>
    <testcase time="0.0960000000000036" classname="table_20" name="Table_20_generation_works_with_missing_values_pruned_rows">
      <skipped message="Reason: On CRAN ('test-table_20.R:74:3')"/>
    </testcase>
  </testsuite>
  <testsuite name="table_32" timestamp="2023-08-31T18:58:51Z" hostname="fd939bd94ddc" tests="12" skipped="3" failures="0" errors="0" time="0.796">
    <testcase time="0.0219999999999985" classname="table_32" name="Table_32_generation_works_with_default_values"/>
    <testcase time="0.0640000000000001" classname="table_32" name="Table_32_generation_works_with_default_values"/>
    <testcase time="0.124000000000002" classname="table_32" name="Table_32_generation_works_with_default_values"/>
    <testcase time="0.0519999999999996" classname="table_32" name="Table_32_generation_works_with_default_values">
      <skipped message="Reason: On CRAN ('test-table_32.R:8:3')"/>
    </testcase>
    <testcase time="0.0180000000000007" classname="table_32" name="Table_32_generation_works_with_custom_values"/>
    <testcase time="0.0629999999999953" classname="table_32" name="Table_32_generation_works_with_custom_values"/>
    <testcase time="0.144000000000005" classname="table_32" name="Table_32_generation_works_with_custom_values"/>
    <testcase time="0.0640000000000001" classname="table_32" name="Table_32_generation_works_with_custom_values">
      <skipped message="Reason: On CRAN ('test-table_32.R:30:3')"/>
    </testcase>
    <testcase time="0.0179999999999936" classname="table_32" name="Table_32_generation_works_with_pruned_rows"/>
    <testcase time="0.0660000000000025" classname="table_32" name="Table_32_generation_works_with_pruned_rows"/>
    <testcase time="0.118000000000002" classname="table_32" name="Table_32_generation_works_with_pruned_rows"/>
    <testcase time="0.0429999999999993" classname="table_32" name="Table_32_generation_works_with_pruned_rows">
      <skipped message="Reason: On CRAN ('test-table_32.R:37:3')"/>
    </testcase>
  </testsuite>
  <testsuite name="table_33" timestamp="2023-08-31T18:58:52Z" hostname="fd939bd94ddc" tests="12" skipped="3" failures="0" errors="0" time="1.594">
    <testcase time="0.0249999999999986" classname="table_33" name="Table_33_generation_works_with_default_values"/>
    <testcase time="0.350999999999999" classname="table_33" name="Table_33_generation_works_with_default_values"/>
    <testcase time="0.0960000000000036" classname="table_33" name="Table_33_generation_works_with_default_values"/>
    <testcase time="0.0439999999999969" classname="table_33" name="Table_33_generation_works_with_default_values">
      <skipped message="Reason: On CRAN ('test-table_33.R:8:3')"/>
    </testcase>
    <testcase time="0.0219999999999985" classname="table_33" name="Table_33_generation_works_with_custom_values"/>
    <testcase time="0.362000000000002" classname="table_33" name="Table_33_generation_works_with_custom_values"/>
    <testcase time="0.127000000000002" classname="table_33" name="Table_33_generation_works_with_custom_values"/>
    <testcase time="0.0459999999999994" classname="table_33" name="Table_33_generation_works_with_custom_values">
      <skipped message="Reason: On CRAN ('test-table_33.R:34:3')"/>
    </testcase>
    <testcase time="0.0180000000000007" classname="table_33" name="Table_33_generation_works_with_pruned_rows"/>
    <testcase time="0.344999999999999" classname="table_33" name="Table_33_generation_works_with_pruned_rows"/>
    <testcase time="0.121000000000002" classname="table_33" name="Table_33_generation_works_with_pruned_rows"/>
    <testcase time="0.036999999999999" classname="table_33" name="Table_33_generation_works_with_pruned_rows">
      <skipped message="Reason: On CRAN ('test-table_33.R:42:3')"/>
    </testcase>
  </testsuite>
</testsuites>
