<?xml version="1.0" encoding="UTF-8"?>
<testsuites>
  <testsuite name="table_02" timestamp="2023-08-29T16:26:12Z" hostname="c3b816241993" tests="30" skipped="10" failures="0" errors="0" time="16.841">
    <testcase time="0.0909999999999997" classname="table_02" name="Table_02_generation_works_with_default_values"/>
    <testcase time="0.621" classname="table_02" name="Table_02_generation_works_with_default_values"/>
    <testcase time="0.26" classname="table_02" name="Table_02_generation_works_with_default_values">
      <skipped message="Reason: On CRAN ('test-table_02.R:16:3')"/>
    </testcase>
    <testcase time="0.0860000000000003" classname="table_02" name="Table_02_generation_works_with_custom_values"/>
    <testcase time="0.465" classname="table_02" name="Table_02_generation_works_with_custom_values"/>
    <testcase time="0.249000000000001" classname="table_02" name="Table_02_generation_works_with_custom_values">
      <skipped message="Reason: On CRAN ('test-table_02.R:45:3')"/>
    </testcase>
    <testcase time="0.0649999999999995" classname="table_02" name="Table_02_generation_works_with_some_NA_values"/>
    <testcase time="0.114000000000001" classname="table_02" name="Table_02_generation_works_with_some_NA_values"/>
    <testcase time="0.0559999999999992" classname="table_02" name="Table_02_generation_works_with_some_NA_values">
      <skipped message="Reason: On CRAN ('test-table_02.R:57:3')"/>
    </testcase>
    <testcase time="0.0270000000000001" classname="table_02" name="Table_02_generation_tplyr_works_with_default_values"/>
    <testcase time="2.111" classname="table_02" name="Table_02_generation_tplyr_works_with_default_values"/>
    <testcase time="0.04" classname="table_02" name="Table_02_generation_tplyr_works_with_default_values">
      <skipped message="Reason: On CRAN ('test-table_02.R:66:3')"/>
    </testcase>
    <testcase time="0.0189999999999992" classname="table_02" name="Table_02_generation_tplyr_works_with_tplyr_raw_TRUE"/>
    <testcase time="1.153" classname="table_02" name="Table_02_generation_tplyr_works_with_tplyr_raw_TRUE"/>
    <testcase time="0.0280000000000005" classname="table_02" name="Table_02_generation_tplyr_works_with_tplyr_raw_TRUE">
      <skipped message="Reason: On CRAN ('test-table_02.R:75:3')"/>
    </testcase>
    <testcase time="0.0530000000000008" classname="table_02" name="Table_02_generation_tplyr_works_with_custom_values"/>
    <testcase time="2.298" classname="table_02" name="Table_02_generation_tplyr_works_with_custom_values"/>
    <testcase time="0.0269999999999992" classname="table_02" name="Table_02_generation_tplyr_works_with_custom_values">
      <skipped message="Reason: On CRAN ('test-table_02.R:102:3')"/>
    </testcase>
    <testcase time="0.043000000000001" classname="table_02" name="Table_02_generation_tplyr_works_with_some_NA_values"/>
    <testcase time="0.834999999999999" classname="table_02" name="Table_02_generation_tplyr_works_with_some_NA_values"/>
    <testcase time="0.0250000000000004" classname="table_02" name="Table_02_generation_tplyr_works_with_some_NA_values">
      <skipped message="Reason: On CRAN ('test-table_02.R:119:3')"/>
    </testcase>
    <testcase time="0.0180000000000007" classname="table_02" name="Table_02_generation_gt_works_with_default_values"/>
    <testcase time="3.292" classname="table_02" name="Table_02_generation_gt_works_with_default_values"/>
    <testcase time="0.00699999999999967" classname="table_02" name="Table_02_generation_gt_works_with_default_values">
      <skipped message="Reason: On CRAN ('test-table_02.R:128:3')"/>
    </testcase>
    <testcase time="0.0530000000000008" classname="table_02" name="Table_02_generation_gt_works_with_custom_values"/>
    <testcase time="3.706" classname="table_02" name="Table_02_generation_gt_works_with_custom_values"/>
    <testcase time="0.00700000000000145" classname="table_02" name="Table_02_generation_gt_works_with_custom_values">
      <skipped message="Reason: On CRAN ('test-table_02.R:146:3')"/>
    </testcase>
    <testcase time="0.0429999999999993" classname="table_02" name="Table_02_generation_gt_works_with_some_NA_values"/>
    <testcase time="1.042" classname="table_02" name="Table_02_generation_gt_works_with_some_NA_values"/>
    <testcase time="0.00700000000000145" classname="table_02" name="Table_02_generation_gt_works_with_some_NA_values">
      <skipped message="Reason: On CRAN ('test-table_02.R:163:3')"/>
    </testcase>
  </testsuite>
  <testsuite name="table_04" timestamp="2023-08-29T16:26:29Z" hostname="c3b816241993" tests="12" skipped="2" failures="0" errors="0" time="1.076">
    <testcase time="0.0519999999999996" classname="table_04" name="Table_04_generation_works_with_default_values"/>
    <testcase time="0.000999999999997669" classname="table_04" name="Table_04_generation_works_with_default_values"/>
    <testcase time="0.00100000000000122" classname="table_04" name="Table_04_generation_works_with_default_values"/>
    <testcase time="0.00100000000000122" classname="table_04" name="Table_04_generation_works_with_default_values"/>
    <testcase time="0.442" classname="table_04" name="Table_04_generation_works_with_default_values"/>
    <testcase time="0.111999999999998" classname="table_04" name="Table_04_generation_works_with_default_values">
      <skipped message="Reason: On CRAN ('test-table_04.R:30:3')"/>
    </testcase>
    <testcase time="0.0190000000000019" classname="table_04" name="Table_04_generation_works_with_custom_values"/>
    <testcase time="0.000999999999997669" classname="table_04" name="Table_04_generation_works_with_custom_values"/>
    <testcase time="0.00100000000000122" classname="table_04" name="Table_04_generation_works_with_custom_values"/>
    <testcase time="0.00199999999999889" classname="table_04" name="Table_04_generation_works_with_custom_values"/>
    <testcase time="0.339000000000002" classname="table_04" name="Table_04_generation_works_with_custom_values"/>
    <testcase time="0.104999999999997" classname="table_04" name="Table_04_generation_works_with_custom_values">
      <skipped message="Reason: On CRAN ('test-table_04.R:53:3')"/>
    </testcase>
  </testsuite>
  <testsuite name="table_05" timestamp="2023-08-29T16:26:30Z" hostname="c3b816241993" tests="9" skipped="3" failures="0" errors="0" time="1.236">
    <testcase time="0.210000000000001" classname="table_05" name="Table_05_generation_works_with_default_values"/>
    <testcase time="0.239000000000001" classname="table_05" name="Table_05_generation_works_with_default_values"/>
    <testcase time="0.0809999999999995" classname="table_05" name="Table_05_generation_works_with_default_values">
      <skipped message="Reason: On CRAN ('test-table_05.R:10:3')"/>
    </testcase>
    <testcase time="0.0180000000000007" classname="table_05" name="Table_05_generation_works_with_custom_values"/>
    <testcase time="0.283999999999999" classname="table_05" name="Table_05_generation_works_with_custom_values"/>
    <testcase time="0.0990000000000002" classname="table_05" name="Table_05_generation_works_with_custom_values">
      <skipped message="Reason: On CRAN ('test-table_05.R:34:3')"/>
    </testcase>
    <testcase time="0.0199999999999996" classname="table_05" name="Table_05_generation_works_with_NA_values_pruned_rows"/>
    <testcase time="0.208000000000002" classname="table_05" name="Table_05_generation_works_with_NA_values_pruned_rows"/>
    <testcase time="0.0769999999999982" classname="table_05" name="Table_05_generation_works_with_NA_values_pruned_rows">
      <skipped message="Reason: On CRAN ('test-table_05.R:44:3')"/>
    </testcase>
  </testsuite>
  <testsuite name="table_06" timestamp="2023-08-29T16:26:31Z" hostname="c3b816241993" tests="10" skipped="2" failures="0" errors="0" time="1.463">
    <testcase time="0.0240000000000009" classname="table_06" name="Table_06_generation_works_with_default_values"/>
    <testcase time="0.00100000000000122" classname="table_06" name="Table_06_generation_works_with_default_values"/>
    <testcase time="0.0649999999999977" classname="table_06" name="Table_06_generation_works_with_default_values"/>
    <testcase time="0.444000000000003" classname="table_06" name="Table_06_generation_works_with_default_values"/>
    <testcase time="0.110999999999997" classname="table_06" name="Table_06_generation_works_with_default_values">
      <skipped message="Reason: On CRAN ('test-table_06.R:8:3')"/>
    </testcase>
    <testcase time="0.0180000000000007" classname="table_06" name="Table_06_generation_works_with_custom_values"/>
    <testcase time="0.00200000000000244" classname="table_06" name="Table_06_generation_works_with_custom_values"/>
    <testcase time="0.0619999999999976" classname="table_06" name="Table_06_generation_works_with_custom_values"/>
    <testcase time="0.581" classname="table_06" name="Table_06_generation_works_with_custom_values"/>
    <testcase time="0.155000000000001" classname="table_06" name="Table_06_generation_works_with_custom_values">
      <skipped message="Reason: On CRAN ('test-table_06.R:40:3')"/>
    </testcase>
  </testsuite>
  <testsuite name="table_07" timestamp="2023-08-29T16:26:33Z" hostname="c3b816241993" tests="18" skipped="3" failures="0" errors="0" time="1.836">
    <testcase time="0.027000000000001" classname="table_07" name="Table_07_generation_works_with_default_values"/>
    <testcase time="0.000999999999997669" classname="table_07" name="Table_07_generation_works_with_default_values"/>
    <testcase time="0.00100000000000122" classname="table_07" name="Table_07_generation_works_with_default_values"/>
    <testcase time="0.0449999999999982" classname="table_07" name="Table_07_generation_works_with_default_values"/>
    <testcase time="0.372" classname="table_07" name="Table_07_generation_works_with_default_values"/>
    <testcase time="0.124000000000002" classname="table_07" name="Table_07_generation_works_with_default_values">
      <skipped message="Reason: On CRAN ('test-table_07.R:13:3')"/>
    </testcase>
    <testcase time="0.0189999999999984" classname="table_07" name="Table_07_generation_works_with_custom_values"/>
    <testcase time="0.00100000000000122" classname="table_07" name="Table_07_generation_works_with_custom_values"/>
    <testcase time="0.00199999999999889" classname="table_07" name="Table_07_generation_works_with_custom_values"/>
    <testcase time="0.0450000000000017" classname="table_07" name="Table_07_generation_works_with_custom_values"/>
    <testcase time="0.5" classname="table_07" name="Table_07_generation_works_with_custom_values"/>
    <testcase time="0.16" classname="table_07" name="Table_07_generation_works_with_custom_values">
      <skipped message="Reason: On CRAN ('test-table_07.R:42:3')"/>
    </testcase>
    <testcase time="0.0189999999999984" classname="table_07" name="Table_07_generation_works_with_NA_values_pruned_rows"/>
    <testcase time="0.00100000000000122" classname="table_07" name="Table_07_generation_works_with_NA_values_pruned_rows"/>
    <testcase time="0.00199999999999889" classname="table_07" name="Table_07_generation_works_with_NA_values_pruned_rows"/>
    <testcase time="0.0449999999999982" classname="table_07" name="Table_07_generation_works_with_NA_values_pruned_rows"/>
    <testcase time="0.336000000000002" classname="table_07" name="Table_07_generation_works_with_NA_values_pruned_rows"/>
    <testcase time="0.135999999999999" classname="table_07" name="Table_07_generation_works_with_NA_values_pruned_rows">
      <skipped message="Reason: On CRAN ('test-table_07.R:52:3')"/>
    </testcase>
  </testsuite>
  <testsuite name="table_08" timestamp="2023-08-29T16:26:35Z" hostname="c3b816241993" tests="8" skipped="2" failures="0" errors="0" time="0.442">
    <testcase time="0.027000000000001" classname="table_08" name="Table_08_generation_works_with_default_values"/>
    <testcase time="0.000999999999997669" classname="table_08" name="Table_08_generation_works_with_default_values"/>
    <testcase time="0.0480000000000018" classname="table_08" name="Table_08_generation_works_with_default_values"/>
    <testcase time="0.123000000000001" classname="table_08" name="Table_08_generation_works_with_default_values">
      <skipped message="Reason: On CRAN ('test-table_08.R:10:3')"/>
    </testcase>
    <testcase time="0.0189999999999984" classname="table_08" name="Table_08_generation_works_with_custom_values"/>
    <testcase time="0.00100000000000122" classname="table_08" name="Table_08_generation_works_with_custom_values"/>
    <testcase time="0.0549999999999997" classname="table_08" name="Table_08_generation_works_with_custom_values"/>
    <testcase time="0.167999999999999" classname="table_08" name="Table_08_generation_works_with_custom_values">
      <skipped message="Reason: On CRAN ('test-table_08.R:31:3')"/>
    </testcase>
  </testsuite>
  <testsuite name="table_09" timestamp="2023-08-29T16:26:35Z" hostname="c3b816241993" tests="8" skipped="2" failures="0" errors="0" time="0.951">
    <testcase time="0.0339999999999989" classname="table_09" name="Table_09_generation_works_with_default_values"/>
    <testcase time="0.0460000000000029" classname="table_09" name="Table_09_generation_works_with_default_values"/>
    <testcase time="0.295999999999999" classname="table_09" name="Table_09_generation_works_with_default_values"/>
    <testcase time="0.0689999999999991" classname="table_09" name="Table_09_generation_works_with_default_values">
      <skipped message="Reason: On CRAN ('test-table_09.R:8:3')"/>
    </testcase>
    <testcase time="0.0180000000000007" classname="table_09" name="Table_09_generation_works_with_custom_values"/>
    <testcase time="0.0539999999999985" classname="table_09" name="Table_09_generation_works_with_custom_values"/>
    <testcase time="0.356000000000002" classname="table_09" name="Table_09_generation_works_with_custom_values"/>
    <testcase time="0.0779999999999994" classname="table_09" name="Table_09_generation_works_with_custom_values">
      <skipped message="Reason: On CRAN ('test-table_09.R:39:3')"/>
    </testcase>
  </testsuite>
  <testsuite name="table_10" timestamp="2023-08-29T16:26:36Z" hostname="c3b816241993" tests="10" skipped="2" failures="0" errors="0" time="1.094">
    <testcase time="0.0390000000000015" classname="table_10" name="Table_10_generation_works_with_default_values"/>
    <testcase time="0.000999999999997669" classname="table_10" name="Table_10_generation_works_with_default_values"/>
    <testcase time="0.0470000000000006" classname="table_10" name="Table_10_generation_works_with_default_values"/>
    <testcase time="0.370000000000001" classname="table_10" name="Table_10_generation_works_with_default_values"/>
    <testcase time="0.146000000000001" classname="table_10" name="Table_10_generation_works_with_default_values">
      <skipped message="Reason: On CRAN ('test-table_10.R:17:3')"/>
    </testcase>
    <testcase time="0.0179999999999971" classname="table_10" name="Table_10_generation_works_with_custom_values"/>
    <testcase time="0.00200000000000244" classname="table_10" name="Table_10_generation_works_with_custom_values"/>
    <testcase time="0.041999999999998" classname="table_10" name="Table_10_generation_works_with_custom_values"/>
    <testcase time="0.368000000000002" classname="table_10" name="Table_10_generation_works_with_custom_values"/>
    <testcase time="0.0609999999999999" classname="table_10" name="Table_10_generation_works_with_custom_values">
      <skipped message="Reason: On CRAN ('test-table_10.R:52:3')"/>
    </testcase>
  </testsuite>
  <testsuite name="table_11" timestamp="2023-08-29T16:26:37Z" hostname="c3b816241993" tests="8" skipped="2" failures="0" errors="0" time="1.576">
    <testcase time="0.0289999999999999" classname="table_11" name="Table_11_generation_works_with_default_values"/>
    <testcase time="0.0579999999999998" classname="table_11" name="Table_11_generation_works_with_default_values"/>
    <testcase time="0.613" classname="table_11" name="Table_11_generation_works_with_default_values"/>
    <testcase time="0.155999999999999" classname="table_11" name="Table_11_generation_works_with_default_values">
      <skipped message="Reason: On CRAN ('test-table_11.R:18:3')"/>
    </testcase>
    <testcase time="0.0190000000000019" classname="table_11" name="Table_11_generation_works_with_custom_values"/>
    <testcase time="0.0489999999999995" classname="table_11" name="Table_11_generation_works_with_custom_values"/>
    <testcase time="0.57" classname="table_11" name="Table_11_generation_works_with_custom_values"/>
    <testcase time="0.0819999999999972" classname="table_11" name="Table_11_generation_works_with_custom_values">
      <skipped message="Reason: On CRAN ('test-table_11.R:48:3')"/>
    </testcase>
  </testsuite>
  <testsuite name="table_12" timestamp="2023-08-29T16:26:39Z" hostname="c3b816241993" tests="8" skipped="2" failures="0" errors="0" time="2.214">
    <testcase time="0.0240000000000009" classname="table_12" name="Table_12_generation_works_with_default_values"/>
    <testcase time="0.0579999999999998" classname="table_12" name="Table_12_generation_works_with_default_values"/>
    <testcase time="1.034" classname="table_12" name="Table_12_generation_works_with_default_values"/>
    <testcase time="0.117999999999999" classname="table_12" name="Table_12_generation_works_with_default_values">
      <skipped message="Reason: On CRAN ('test-table_12.R:9:3')"/>
    </testcase>
    <testcase time="0.0180000000000007" classname="table_12" name="Table_12_generation_works_with_custom_values"/>
    <testcase time="0.0590000000000011" classname="table_12" name="Table_12_generation_works_with_custom_values"/>
    <testcase time="0.788999999999998" classname="table_12" name="Table_12_generation_works_with_custom_values"/>
    <testcase time="0.113999999999997" classname="table_12" name="Table_12_generation_works_with_custom_values">
      <skipped message="Reason: On CRAN ('test-table_12.R:39:3')"/>
    </testcase>
  </testsuite>
  <testsuite name="table_13" timestamp="2023-08-29T16:26:41Z" hostname="c3b816241993" tests="8" skipped="2" failures="0" errors="0" time="0.551">
    <testcase time="0.0230000000000032" classname="table_13" name="Table_13_generation_works_with_default_values"/>
    <testcase time="0.0619999999999976" classname="table_13" name="Table_13_generation_works_with_default_values"/>
    <testcase time="0.124000000000002" classname="table_13" name="Table_13_generation_works_with_default_values"/>
    <testcase time="0.0690000000000026" classname="table_13" name="Table_13_generation_works_with_default_values">
      <skipped message="Reason: On CRAN ('test-table_13.R:8:3')"/>
    </testcase>
    <testcase time="0.0180000000000007" classname="table_13" name="Table_13_generation_works_with_custom_values"/>
    <testcase time="0.0629999999999953" classname="table_13" name="Table_13_generation_works_with_custom_values"/>
    <testcase time="0.140999999999998" classname="table_13" name="Table_13_generation_works_with_custom_values"/>
    <testcase time="0.0510000000000019" classname="table_13" name="Table_13_generation_works_with_custom_values">
      <skipped message="Reason: On CRAN ('test-table_13.R:38:3')"/>
    </testcase>
  </testsuite>
  <testsuite name="table_14" timestamp="2023-08-29T16:26:41Z" hostname="c3b816241993" tests="10" skipped="3" failures="0" errors="0" time="2.277">
    <testcase time="0.0390000000000015" classname="table_14" name="Table_14_generation_works_with_default_values"/>
    <testcase time="0.548000000000002" classname="table_14" name="Table_14_generation_works_with_default_values"/>
    <testcase time="0.153999999999996" classname="table_14" name="Table_14_generation_works_with_default_values">
      <skipped message="Reason: On CRAN ('test-table_14.R:16:3')"/>
    </testcase>
    <testcase time="0.0180000000000007" classname="table_14" name="Table_14_generation_works_with_custom_values"/>
    <testcase time="0.0570000000000022" classname="table_14" name="Table_14_generation_works_with_custom_values"/>
    <testcase time="0.600000000000001" classname="table_14" name="Table_14_generation_works_with_custom_values"/>
    <testcase time="0.153999999999996" classname="table_14" name="Table_14_generation_works_with_custom_values">
      <skipped message="Reason: On CRAN ('test-table_14.R:46:3')"/>
    </testcase>
    <testcase time="0.0189999999999984" classname="table_14" name="Table_14_generation_works_with_NA_values_pruned_rows"/>
    <testcase time="0.572000000000003" classname="table_14" name="Table_14_generation_works_with_NA_values_pruned_rows"/>
    <testcase time="0.116" classname="table_14" name="Table_14_generation_works_with_NA_values_pruned_rows">
      <skipped message="Reason: On CRAN ('test-table_14.R:53:3')"/>
    </testcase>
  </testsuite>
  <testsuite name="table_20" timestamp="2023-08-29T16:26:44Z" hostname="c3b816241993" tests="18" skipped="3" failures="0" errors="0" time="1.919">
    <testcase time="0.0279999999999987" classname="table_20" name="Table_20_generation_works_with_default_values"/>
    <testcase time="0.00100000000000477" classname="table_20" name="Table_20_generation_works_with_default_values"/>
    <testcase time="0.000999999999997669" classname="table_20" name="Table_20_generation_works_with_default_values"/>
    <testcase time="0.0549999999999997" classname="table_20" name="Table_20_generation_works_with_default_values"/>
    <testcase time="0.388000000000005" classname="table_20" name="Table_20_generation_works_with_default_values"/>
    <testcase time="0.103999999999999" classname="table_20" name="Table_20_generation_works_with_default_values">
      <skipped message="Reason: On CRAN ('test-table_20.R:17:3')"/>
    </testcase>
    <testcase time="0.0180000000000007" classname="table_20" name="Table_20_generation_works_with_custom_values"/>
    <testcase time="0.00199999999999534" classname="table_20" name="Table_20_generation_works_with_custom_values"/>
    <testcase time="0.00100000000000477" classname="table_20" name="Table_20_generation_works_with_custom_values"/>
    <testcase time="0.0499999999999972" classname="table_20" name="Table_20_generation_works_with_custom_values"/>
    <testcase time="0.600999999999999" classname="table_20" name="Table_20_generation_works_with_custom_values"/>
    <testcase time="0.119999999999997" classname="table_20" name="Table_20_generation_works_with_custom_values">
      <skipped message="Reason: On CRAN ('test-table_20.R:65:3')"/>
    </testcase>
    <testcase time="0.0180000000000007" classname="table_20" name="Table_20_generation_works_with_missing_values_pruned_rows"/>
    <testcase time="0.00200000000000244" classname="table_20" name="Table_20_generation_works_with_missing_values_pruned_rows"/>
    <testcase time="0.000999999999997669" classname="table_20" name="Table_20_generation_works_with_missing_values_pruned_rows"/>
    <testcase time="0.0500000000000043" classname="table_20" name="Table_20_generation_works_with_missing_values_pruned_rows"/>
    <testcase time="0.378" classname="table_20" name="Table_20_generation_works_with_missing_values_pruned_rows"/>
    <testcase time="0.100999999999999" classname="table_20" name="Table_20_generation_works_with_missing_values_pruned_rows">
      <skipped message="Reason: On CRAN ('test-table_20.R:74:3')"/>
    </testcase>
  </testsuite>
  <testsuite name="table_32" timestamp="2023-08-29T16:26:46Z" hostname="c3b816241993" tests="12" skipped="3" failures="0" errors="0" time="0.81">
    <testcase time="0.0259999999999962" classname="table_32" name="Table_32_generation_works_with_default_values"/>
    <testcase time="0.0700000000000003" classname="table_32" name="Table_32_generation_works_with_default_values"/>
    <testcase time="0.122" classname="table_32" name="Table_32_generation_works_with_default_values"/>
    <testcase time="0.0489999999999995" classname="table_32" name="Table_32_generation_works_with_default_values">
      <skipped message="Reason: On CRAN ('test-table_32.R:8:3')"/>
    </testcase>
    <testcase time="0.0190000000000055" classname="table_32" name="Table_32_generation_works_with_custom_values"/>
    <testcase time="0.0599999999999952" classname="table_32" name="Table_32_generation_works_with_custom_values"/>
    <testcase time="0.157000000000004" classname="table_32" name="Table_32_generation_works_with_custom_values"/>
    <testcase time="0.0589999999999975" classname="table_32" name="Table_32_generation_works_with_custom_values">
      <skipped message="Reason: On CRAN ('test-table_32.R:30:3')"/>
    </testcase>
    <testcase time="0.0189999999999984" classname="table_32" name="Table_32_generation_works_with_pruned_rows"/>
    <testcase time="0.0690000000000026" classname="table_32" name="Table_32_generation_works_with_pruned_rows"/>
    <testcase time="0.122" classname="table_32" name="Table_32_generation_works_with_pruned_rows"/>
    <testcase time="0.0379999999999967" classname="table_32" name="Table_32_generation_works_with_pruned_rows">
      <skipped message="Reason: On CRAN ('test-table_32.R:37:3')"/>
    </testcase>
  </testsuite>
  <testsuite name="table_33" timestamp="2023-08-29T16:26:46Z" hostname="c3b816241993" tests="12" skipped="3" failures="0" errors="0" time="1.357">
    <testcase time="0.0240000000000009" classname="table_33" name="Table_33_generation_works_with_default_values"/>
    <testcase time="0.286000000000001" classname="table_33" name="Table_33_generation_works_with_default_values"/>
    <testcase time="0.097999999999999" classname="table_33" name="Table_33_generation_works_with_default_values"/>
    <testcase time="0.0360000000000014" classname="table_33" name="Table_33_generation_works_with_default_values">
      <skipped message="Reason: On CRAN ('test-table_33.R:8:3')"/>
    </testcase>
    <testcase time="0.0180000000000007" classname="table_33" name="Table_33_generation_works_with_custom_values"/>
    <testcase time="0.276000000000003" classname="table_33" name="Table_33_generation_works_with_custom_values"/>
    <testcase time="0.134" classname="table_33" name="Table_33_generation_works_with_custom_values"/>
    <testcase time="0.0459999999999994" classname="table_33" name="Table_33_generation_works_with_custom_values">
      <skipped message="Reason: On CRAN ('test-table_33.R:34:3')"/>
    </testcase>
    <testcase time="0.019999999999996" classname="table_33" name="Table_33_generation_works_with_pruned_rows"/>
    <testcase time="0.276000000000003" classname="table_33" name="Table_33_generation_works_with_pruned_rows"/>
    <testcase time="0.110999999999997" classname="table_33" name="Table_33_generation_works_with_pruned_rows"/>
    <testcase time="0.0320000000000036" classname="table_33" name="Table_33_generation_works_with_pruned_rows">
      <skipped message="Reason: On CRAN ('test-table_33.R:42:3')"/>
    </testcase>
  </testsuite>
</testsuites>
