<?xml version="1.0" encoding="UTF-8"?>
<testsuites>
  <testsuite name="table_02" timestamp="2023-08-31T19:38:39Z" hostname="4c70ce3ab339" tests="30" skipped="10" failures="0" errors="0" time="14.811">
    <testcase time="0.085" classname="table_02" name="Table_02_generation_works_with_default_values"/>
    <testcase time="0.546" classname="table_02" name="Table_02_generation_works_with_default_values"/>
    <testcase time="0.229" classname="table_02" name="Table_02_generation_works_with_default_values">
      <skipped message="Reason: On CRAN ('test-table_02.R:16:3')"/>
    </testcase>
    <testcase time="0.077" classname="table_02" name="Table_02_generation_works_with_custom_values"/>
    <testcase time="0.411999999999999" classname="table_02" name="Table_02_generation_works_with_custom_values"/>
    <testcase time="0.221" classname="table_02" name="Table_02_generation_works_with_custom_values">
      <skipped message="Reason: On CRAN ('test-table_02.R:45:3')"/>
    </testcase>
    <testcase time="0.0580000000000007" classname="table_02" name="Table_02_generation_works_with_some_NA_values"/>
    <testcase time="0.0969999999999995" classname="table_02" name="Table_02_generation_works_with_some_NA_values"/>
    <testcase time="0.048" classname="table_02" name="Table_02_generation_works_with_some_NA_values">
      <skipped message="Reason: On CRAN ('test-table_02.R:57:3')"/>
    </testcase>
    <testcase time="0.0250000000000004" classname="table_02" name="Table_02_generation_tplyr_works_with_default_values"/>
    <testcase time="1.838" classname="table_02" name="Table_02_generation_tplyr_works_with_default_values"/>
    <testcase time="0.0359999999999996" classname="table_02" name="Table_02_generation_tplyr_works_with_default_values">
      <skipped message="Reason: On CRAN ('test-table_02.R:66:3')"/>
    </testcase>
    <testcase time="0.016" classname="table_02" name="Table_02_generation_tplyr_works_with_tplyr_raw_TRUE"/>
    <testcase time="1.023" classname="table_02" name="Table_02_generation_tplyr_works_with_tplyr_raw_TRUE"/>
    <testcase time="0.0250000000000004" classname="table_02" name="Table_02_generation_tplyr_works_with_tplyr_raw_TRUE">
      <skipped message="Reason: On CRAN ('test-table_02.R:75:3')"/>
    </testcase>
    <testcase time="0.0469999999999997" classname="table_02" name="Table_02_generation_tplyr_works_with_custom_values"/>
    <testcase time="2.029" classname="table_02" name="Table_02_generation_tplyr_works_with_custom_values"/>
    <testcase time="0.0239999999999991" classname="table_02" name="Table_02_generation_tplyr_works_with_custom_values">
      <skipped message="Reason: On CRAN ('test-table_02.R:102:3')"/>
    </testcase>
    <testcase time="0.0370000000000008" classname="table_02" name="Table_02_generation_tplyr_works_with_some_NA_values"/>
    <testcase time="0.728" classname="table_02" name="Table_02_generation_tplyr_works_with_some_NA_values"/>
    <testcase time="0.0229999999999997" classname="table_02" name="Table_02_generation_tplyr_works_with_some_NA_values">
      <skipped message="Reason: On CRAN ('test-table_02.R:119:3')"/>
    </testcase>
    <testcase time="0.016" classname="table_02" name="Table_02_generation_gt_works_with_default_values"/>
    <testcase time="2.89" classname="table_02" name="Table_02_generation_gt_works_with_default_values"/>
    <testcase time="0.00699999999999967" classname="table_02" name="Table_02_generation_gt_works_with_default_values">
      <skipped message="Reason: On CRAN ('test-table_02.R:128:3')"/>
    </testcase>
    <testcase time="0.0459999999999994" classname="table_02" name="Table_02_generation_gt_works_with_custom_values"/>
    <testcase time="3.256" classname="table_02" name="Table_02_generation_gt_works_with_custom_values"/>
    <testcase time="0.00600000000000023" classname="table_02" name="Table_02_generation_gt_works_with_custom_values">
      <skipped message="Reason: On CRAN ('test-table_02.R:146:3')"/>
    </testcase>
    <testcase time="0.0380000000000003" classname="table_02" name="Table_02_generation_gt_works_with_some_NA_values"/>
    <testcase time="0.922000000000001" classname="table_02" name="Table_02_generation_gt_works_with_some_NA_values"/>
    <testcase time="0.00600000000000023" classname="table_02" name="Table_02_generation_gt_works_with_some_NA_values">
      <skipped message="Reason: On CRAN ('test-table_02.R:163:3')"/>
    </testcase>
  </testsuite>
  <testsuite name="table_04" timestamp="2023-08-31T19:38:53Z" hostname="4c70ce3ab339" tests="12" skipped="2" failures="0" errors="0" time="0.937">
    <testcase time="0.0449999999999982" classname="table_04" name="Table_04_generation_works_with_default_values"/>
    <testcase time="0.00100000000000122" classname="table_04" name="Table_04_generation_works_with_default_values"/>
    <testcase time="0.00100000000000122" classname="table_04" name="Table_04_generation_works_with_default_values"/>
    <testcase time="0.000999999999997669" classname="table_04" name="Table_04_generation_works_with_default_values"/>
    <testcase time="0.375" classname="table_04" name="Table_04_generation_works_with_default_values"/>
    <testcase time="0.102" classname="table_04" name="Table_04_generation_works_with_default_values">
      <skipped message="Reason: On CRAN ('test-table_04.R:30:3')"/>
    </testcase>
    <testcase time="0.0160000000000018" classname="table_04" name="Table_04_generation_works_with_custom_values"/>
    <testcase time="0.00199999999999889" classname="table_04" name="Table_04_generation_works_with_custom_values"/>
    <testcase time="0.00100000000000122" classname="table_04" name="Table_04_generation_works_with_custom_values"/>
    <testcase time="0.000999999999997669" classname="table_04" name="Table_04_generation_works_with_custom_values"/>
    <testcase time="0.298999999999999" classname="table_04" name="Table_04_generation_works_with_custom_values"/>
    <testcase time="0.093" classname="table_04" name="Table_04_generation_works_with_custom_values">
      <skipped message="Reason: On CRAN ('test-table_04.R:53:3')"/>
    </testcase>
  </testsuite>
  <testsuite name="table_05" timestamp="2023-08-31T19:38:54Z" hostname="4c70ce3ab339" tests="9" skipped="3" failures="0" errors="0" time="1.101">
    <testcase time="0.186" classname="table_05" name="Table_05_generation_works_with_default_values"/>
    <testcase time="0.213000000000001" classname="table_05" name="Table_05_generation_works_with_default_values"/>
    <testcase time="0.0719999999999992" classname="table_05" name="Table_05_generation_works_with_default_values">
      <skipped message="Reason: On CRAN ('test-table_05.R:10:3')"/>
    </testcase>
    <testcase time="0.0160000000000018" classname="table_05" name="Table_05_generation_works_with_custom_values"/>
    <testcase time="0.257999999999999" classname="table_05" name="Table_05_generation_works_with_custom_values"/>
    <testcase time="0.0800000000000018" classname="table_05" name="Table_05_generation_works_with_custom_values">
      <skipped message="Reason: On CRAN ('test-table_05.R:34:3')"/>
    </testcase>
    <testcase time="0.0179999999999971" classname="table_05" name="Table_05_generation_works_with_NA_values_pruned_rows"/>
    <testcase time="0.185000000000002" classname="table_05" name="Table_05_generation_works_with_NA_values_pruned_rows"/>
    <testcase time="0.0730000000000004" classname="table_05" name="Table_05_generation_works_with_NA_values_pruned_rows">
      <skipped message="Reason: On CRAN ('test-table_05.R:44:3')"/>
    </testcase>
  </testsuite>
  <testsuite name="table_06" timestamp="2023-08-31T19:38:55Z" hostname="4c70ce3ab339" tests="10" skipped="2" failures="0" errors="0" time="1.294">
    <testcase time="0.0229999999999997" classname="table_06" name="Table_06_generation_works_with_default_values"/>
    <testcase time="0.000999999999997669" classname="table_06" name="Table_06_generation_works_with_default_values"/>
    <testcase time="0.0560000000000009" classname="table_06" name="Table_06_generation_works_with_default_values"/>
    <testcase time="0.382000000000001" classname="table_06" name="Table_06_generation_works_with_default_values"/>
    <testcase time="0.0990000000000002" classname="table_06" name="Table_06_generation_works_with_default_values">
      <skipped message="Reason: On CRAN ('test-table_06.R:8:3')"/>
    </testcase>
    <testcase time="0.0159999999999982" classname="table_06" name="Table_06_generation_works_with_custom_values"/>
    <testcase time="0.00100000000000122" classname="table_06" name="Table_06_generation_works_with_custom_values"/>
    <testcase time="0.0539999999999985" classname="table_06" name="Table_06_generation_works_with_custom_values"/>
    <testcase time="0.523" classname="table_06" name="Table_06_generation_works_with_custom_values"/>
    <testcase time="0.139000000000003" classname="table_06" name="Table_06_generation_works_with_custom_values">
      <skipped message="Reason: On CRAN ('test-table_06.R:40:3')"/>
    </testcase>
  </testsuite>
  <testsuite name="table_07" timestamp="2023-08-31T19:38:57Z" hostname="4c70ce3ab339" tests="18" skipped="3" failures="0" errors="0" time="1.624">
    <testcase time="0.0249999999999986" classname="table_07" name="Table_07_generation_works_with_default_values"/>
    <testcase time="0.00100000000000122" classname="table_07" name="Table_07_generation_works_with_default_values"/>
    <testcase time="0.000999999999997669" classname="table_07" name="Table_07_generation_works_with_default_values"/>
    <testcase time="0.0400000000000027" classname="table_07" name="Table_07_generation_works_with_default_values"/>
    <testcase time="0.334999999999997" classname="table_07" name="Table_07_generation_works_with_default_values"/>
    <testcase time="0.108000000000001" classname="table_07" name="Table_07_generation_works_with_default_values">
      <skipped message="Reason: On CRAN ('test-table_07.R:13:3')"/>
    </testcase>
    <testcase time="0.0169999999999995" classname="table_07" name="Table_07_generation_works_with_custom_values"/>
    <testcase time="0.00100000000000122" classname="table_07" name="Table_07_generation_works_with_custom_values"/>
    <testcase time="0.00100000000000122" classname="table_07" name="Table_07_generation_works_with_custom_values"/>
    <testcase time="0.0410000000000004" classname="table_07" name="Table_07_generation_works_with_custom_values"/>
    <testcase time="0.440999999999999" classname="table_07" name="Table_07_generation_works_with_custom_values"/>
    <testcase time="0.140999999999998" classname="table_07" name="Table_07_generation_works_with_custom_values">
      <skipped message="Reason: On CRAN ('test-table_07.R:42:3')"/>
    </testcase>
    <testcase time="0.0169999999999995" classname="table_07" name="Table_07_generation_works_with_NA_values_pruned_rows"/>
    <testcase time="0.00200000000000244" classname="table_07" name="Table_07_generation_works_with_NA_values_pruned_rows"/>
    <testcase time="0.000999999999997669" classname="table_07" name="Table_07_generation_works_with_NA_values_pruned_rows"/>
    <testcase time="0.0410000000000004" classname="table_07" name="Table_07_generation_works_with_NA_values_pruned_rows"/>
    <testcase time="0.295999999999999" classname="table_07" name="Table_07_generation_works_with_NA_values_pruned_rows"/>
    <testcase time="0.115000000000002" classname="table_07" name="Table_07_generation_works_with_NA_values_pruned_rows">
      <skipped message="Reason: On CRAN ('test-table_07.R:52:3')"/>
    </testcase>
  </testsuite>
  <testsuite name="table_08" timestamp="2023-08-31T19:38:58Z" hostname="4c70ce3ab339" tests="8" skipped="2" failures="0" errors="0" time="0.403">
    <testcase time="0.032" classname="table_08" name="Table_08_generation_works_with_default_values"/>
    <testcase time="0.00199999999999889" classname="table_08" name="Table_08_generation_works_with_default_values"/>
    <testcase time="0.0420000000000016" classname="table_08" name="Table_08_generation_works_with_default_values"/>
    <testcase time="0.108000000000001" classname="table_08" name="Table_08_generation_works_with_default_values">
      <skipped message="Reason: On CRAN ('test-table_08.R:10:3')"/>
    </testcase>
    <testcase time="0.0169999999999995" classname="table_08" name="Table_08_generation_works_with_custom_values"/>
    <testcase time="0.000999999999997669" classname="table_08" name="Table_08_generation_works_with_custom_values"/>
    <testcase time="0.0530000000000008" classname="table_08" name="Table_08_generation_works_with_custom_values"/>
    <testcase time="0.148" classname="table_08" name="Table_08_generation_works_with_custom_values">
      <skipped message="Reason: On CRAN ('test-table_08.R:31:3')"/>
    </testcase>
  </testsuite>
  <testsuite name="table_09" timestamp="2023-08-31T19:38:59Z" hostname="4c70ce3ab339" tests="8" skipped="2" failures="0" errors="0" time="0.843">
    <testcase time="0.032" classname="table_09" name="Table_09_generation_works_with_default_values"/>
    <testcase time="0.0410000000000004" classname="table_09" name="Table_09_generation_works_with_default_values"/>
    <testcase time="0.260999999999999" classname="table_09" name="Table_09_generation_works_with_default_values"/>
    <testcase time="0.0600000000000023" classname="table_09" name="Table_09_generation_works_with_default_values">
      <skipped message="Reason: On CRAN ('test-table_09.R:8:3')"/>
    </testcase>
    <testcase time="0.0169999999999995" classname="table_09" name="Table_09_generation_works_with_custom_values"/>
    <testcase time="0.0410000000000004" classname="table_09" name="Table_09_generation_works_with_custom_values"/>
    <testcase time="0.320999999999998" classname="table_09" name="Table_09_generation_works_with_custom_values"/>
    <testcase time="0.0700000000000003" classname="table_09" name="Table_09_generation_works_with_custom_values">
      <skipped message="Reason: On CRAN ('test-table_09.R:39:3')"/>
    </testcase>
  </testsuite>
  <testsuite name="table_10" timestamp="2023-08-31T19:38:59Z" hostname="4c70ce3ab339" tests="10" skipped="2" failures="0" errors="0" time="0.97">
    <testcase time="0.0360000000000014" classname="table_10" name="Table_10_generation_works_with_default_values"/>
    <testcase time="0.00100000000000122" classname="table_10" name="Table_10_generation_works_with_default_values"/>
    <testcase time="0.041999999999998" classname="table_10" name="Table_10_generation_works_with_default_values"/>
    <testcase time="0.330000000000002" classname="table_10" name="Table_10_generation_works_with_default_values"/>
    <testcase time="0.119999999999997" classname="table_10" name="Table_10_generation_works_with_default_values">
      <skipped message="Reason: On CRAN ('test-table_10.R:17:3')"/>
    </testcase>
    <testcase time="0.0160000000000018" classname="table_10" name="Table_10_generation_works_with_custom_values"/>
    <testcase time="0.000999999999997669" classname="table_10" name="Table_10_generation_works_with_custom_values"/>
    <testcase time="0.0370000000000026" classname="table_10" name="Table_10_generation_works_with_custom_values"/>
    <testcase time="0.332999999999998" classname="table_10" name="Table_10_generation_works_with_custom_values"/>
    <testcase time="0.054000000000002" classname="table_10" name="Table_10_generation_works_with_custom_values">
      <skipped message="Reason: On CRAN ('test-table_10.R:52:3')"/>
    </testcase>
  </testsuite>
  <testsuite name="table_11" timestamp="2023-08-31T19:39:00Z" hostname="4c70ce3ab339" tests="8" skipped="2" failures="0" errors="0" time="1.403">
    <testcase time="0.0259999999999998" classname="table_11" name="Table_11_generation_works_with_default_values"/>
    <testcase time="0.0519999999999996" classname="table_11" name="Table_11_generation_works_with_default_values"/>
    <testcase time="0.544999999999998" classname="table_11" name="Table_11_generation_works_with_default_values"/>
    <testcase time="0.139000000000003" classname="table_11" name="Table_11_generation_works_with_default_values">
      <skipped message="Reason: On CRAN ('test-table_11.R:18:3')"/>
    </testcase>
    <testcase time="0.0159999999999982" classname="table_11" name="Table_11_generation_works_with_custom_values"/>
    <testcase time="0.0440000000000005" classname="table_11" name="Table_11_generation_works_with_custom_values"/>
    <testcase time="0.504000000000001" classname="table_11" name="Table_11_generation_works_with_custom_values"/>
    <testcase time="0.0769999999999982" classname="table_11" name="Table_11_generation_works_with_custom_values">
      <skipped message="Reason: On CRAN ('test-table_11.R:48:3')"/>
    </testcase>
  </testsuite>
  <testsuite name="table_12" timestamp="2023-08-31T19:39:02Z" hostname="4c70ce3ab339" tests="8" skipped="2" failures="0" errors="0" time="2">
    <testcase time="0.0219999999999985" classname="table_12" name="Table_12_generation_works_with_default_values"/>
    <testcase time="0.0520000000000032" classname="table_12" name="Table_12_generation_works_with_default_values"/>
    <testcase time="0.960999999999999" classname="table_12" name="Table_12_generation_works_with_default_values"/>
    <testcase time="0.105" classname="table_12" name="Table_12_generation_works_with_default_values">
      <skipped message="Reason: On CRAN ('test-table_12.R:9:3')"/>
    </testcase>
    <testcase time="0.0169999999999995" classname="table_12" name="Table_12_generation_works_with_custom_values"/>
    <testcase time="0.0519999999999996" classname="table_12" name="Table_12_generation_works_with_custom_values"/>
    <testcase time="0.690999999999999" classname="table_12" name="Table_12_generation_works_with_custom_values"/>
    <testcase time="0.100000000000001" classname="table_12" name="Table_12_generation_works_with_custom_values">
      <skipped message="Reason: On CRAN ('test-table_12.R:39:3')"/>
    </testcase>
  </testsuite>
  <testsuite name="table_13" timestamp="2023-08-31T19:39:04Z" hostname="4c70ce3ab339" tests="8" skipped="2" failures="0" errors="0" time="0.49">
    <testcase time="0.0210000000000008" classname="table_13" name="Table_13_generation_works_with_default_values"/>
    <testcase time="0.0569999999999986" classname="table_13" name="Table_13_generation_works_with_default_values"/>
    <testcase time="0.109999999999999" classname="table_13" name="Table_13_generation_works_with_default_values"/>
    <testcase time="0.0600000000000023" classname="table_13" name="Table_13_generation_works_with_default_values">
      <skipped message="Reason: On CRAN ('test-table_13.R:8:3')"/>
    </testcase>
    <testcase time="0.0169999999999995" classname="table_13" name="Table_13_generation_works_with_custom_values"/>
    <testcase time="0.0560000000000009" classname="table_13" name="Table_13_generation_works_with_custom_values"/>
    <testcase time="0.123999999999999" classname="table_13" name="Table_13_generation_works_with_custom_values"/>
    <testcase time="0.0449999999999982" classname="table_13" name="Table_13_generation_works_with_custom_values">
      <skipped message="Reason: On CRAN ('test-table_13.R:38:3')"/>
    </testcase>
  </testsuite>
  <testsuite name="table_14" timestamp="2023-08-31T19:39:04Z" hostname="4c70ce3ab339" tests="10" skipped="3" failures="0" errors="0" time="1.981">
    <testcase time="0.0370000000000026" classname="table_14" name="Table_14_generation_works_with_default_values"/>
    <testcase time="0.481999999999999" classname="table_14" name="Table_14_generation_works_with_default_values"/>
    <testcase time="0.135999999999999" classname="table_14" name="Table_14_generation_works_with_default_values">
      <skipped message="Reason: On CRAN ('test-table_14.R:16:3')"/>
    </testcase>
    <testcase time="0.0169999999999995" classname="table_14" name="Table_14_generation_works_with_custom_values"/>
    <testcase time="0.0489999999999995" classname="table_14" name="Table_14_generation_works_with_custom_values"/>
    <testcase time="0.516000000000002" classname="table_14" name="Table_14_generation_works_with_custom_values"/>
    <testcase time="0.134999999999998" classname="table_14" name="Table_14_generation_works_with_custom_values">
      <skipped message="Reason: On CRAN ('test-table_14.R:46:3')"/>
    </testcase>
    <testcase time="0.0160000000000018" classname="table_14" name="Table_14_generation_works_with_NA_values_pruned_rows"/>
    <testcase time="0.491" classname="table_14" name="Table_14_generation_works_with_NA_values_pruned_rows"/>
    <testcase time="0.102" classname="table_14" name="Table_14_generation_works_with_NA_values_pruned_rows">
      <skipped message="Reason: On CRAN ('test-table_14.R:53:3')"/>
    </testcase>
  </testsuite>
  <testsuite name="table_20" timestamp="2023-08-31T19:39:06Z" hostname="4c70ce3ab339" tests="18" skipped="3" failures="0" errors="0" time="1.722">
    <testcase time="0.0259999999999998" classname="table_20" name="Table_20_generation_works_with_default_values"/>
    <testcase time="0.000999999999997669" classname="table_20" name="Table_20_generation_works_with_default_values"/>
    <testcase time="0.00100000000000122" classname="table_20" name="Table_20_generation_works_with_default_values"/>
    <testcase time="0.0510000000000019" classname="table_20" name="Table_20_generation_works_with_default_values"/>
    <testcase time="0.357999999999997" classname="table_20" name="Table_20_generation_works_with_default_values"/>
    <testcase time="0.0940000000000012" classname="table_20" name="Table_20_generation_works_with_default_values">
      <skipped message="Reason: On CRAN ('test-table_20.R:17:3')"/>
    </testcase>
    <testcase time="0.0169999999999995" classname="table_20" name="Table_20_generation_works_with_custom_values"/>
    <testcase time="0.00100000000000122" classname="table_20" name="Table_20_generation_works_with_custom_values"/>
    <testcase time="0.000999999999997669" classname="table_20" name="Table_20_generation_works_with_custom_values"/>
    <testcase time="0.0440000000000005" classname="table_20" name="Table_20_generation_works_with_custom_values"/>
    <testcase time="0.536000000000001" classname="table_20" name="Table_20_generation_works_with_custom_values"/>
    <testcase time="0.103999999999999" classname="table_20" name="Table_20_generation_works_with_custom_values">
      <skipped message="Reason: On CRAN ('test-table_20.R:65:3')"/>
    </testcase>
    <testcase time="0.017000000000003" classname="table_20" name="Table_20_generation_works_with_missing_values_pruned_rows"/>
    <testcase time="0.000999999999997669" classname="table_20" name="Table_20_generation_works_with_missing_values_pruned_rows"/>
    <testcase time="0.000999999999997669" classname="table_20" name="Table_20_generation_works_with_missing_values_pruned_rows"/>
    <testcase time="0.0450000000000017" classname="table_20" name="Table_20_generation_works_with_missing_values_pruned_rows"/>
    <testcase time="0.347000000000001" classname="table_20" name="Table_20_generation_works_with_missing_values_pruned_rows"/>
    <testcase time="0.0769999999999982" classname="table_20" name="Table_20_generation_works_with_missing_values_pruned_rows">
      <skipped message="Reason: On CRAN ('test-table_20.R:74:3')"/>
    </testcase>
  </testsuite>
  <testsuite name="table_32" timestamp="2023-08-31T19:39:08Z" hostname="4c70ce3ab339" tests="12" skipped="3" failures="0" errors="0" time="0.71">
    <testcase time="0.0219999999999985" classname="table_32" name="Table_32_generation_works_with_default_values"/>
    <testcase time="0.0630000000000024" classname="table_32" name="Table_32_generation_works_with_default_values"/>
    <testcase time="0.106000000000002" classname="table_32" name="Table_32_generation_works_with_default_values"/>
    <testcase time="0.0420000000000016" classname="table_32" name="Table_32_generation_works_with_default_values">
      <skipped message="Reason: On CRAN ('test-table_32.R:8:3')"/>
    </testcase>
    <testcase time="0.0169999999999959" classname="table_32" name="Table_32_generation_works_with_custom_values"/>
    <testcase time="0.0609999999999999" classname="table_32" name="Table_32_generation_works_with_custom_values"/>
    <testcase time="0.128999999999998" classname="table_32" name="Table_32_generation_works_with_custom_values"/>
    <testcase time="0.0510000000000019" classname="table_32" name="Table_32_generation_works_with_custom_values">
      <skipped message="Reason: On CRAN ('test-table_32.R:30:3')"/>
    </testcase>
    <testcase time="0.017000000000003" classname="table_32" name="Table_32_generation_works_with_pruned_rows"/>
    <testcase time="0.0629999999999953" classname="table_32" name="Table_32_generation_works_with_pruned_rows"/>
    <testcase time="0.107000000000006" classname="table_32" name="Table_32_generation_works_with_pruned_rows"/>
    <testcase time="0.0319999999999965" classname="table_32" name="Table_32_generation_works_with_pruned_rows">
      <skipped message="Reason: On CRAN ('test-table_32.R:37:3')"/>
    </testcase>
  </testsuite>
  <testsuite name="table_33" timestamp="2023-08-31T19:39:09Z" hostname="4c70ce3ab339" tests="12" skipped="3" failures="0" errors="0" time="1.199">
    <testcase time="0.0210000000000008" classname="table_33" name="Table_33_generation_works_with_default_values"/>
    <testcase time="0.256999999999998" classname="table_33" name="Table_33_generation_works_with_default_values"/>
    <testcase time="0.0870000000000033" classname="table_33" name="Table_33_generation_works_with_default_values"/>
    <testcase time="0.0319999999999965" classname="table_33" name="Table_33_generation_works_with_default_values">
      <skipped message="Reason: On CRAN ('test-table_33.R:8:3')"/>
    </testcase>
    <testcase time="0.0160000000000053" classname="table_33" name="Table_33_generation_works_with_custom_values"/>
    <testcase time="0.244" classname="table_33" name="Table_33_generation_works_with_custom_values"/>
    <testcase time="0.114999999999995" classname="table_33" name="Table_33_generation_works_with_custom_values"/>
    <testcase time="0.0380000000000038" classname="table_33" name="Table_33_generation_works_with_custom_values">
      <skipped message="Reason: On CRAN ('test-table_33.R:34:3')"/>
    </testcase>
    <testcase time="0.0169999999999959" classname="table_33" name="Table_33_generation_works_with_pruned_rows"/>
    <testcase time="0.246000000000002" classname="table_33" name="Table_33_generation_works_with_pruned_rows"/>
    <testcase time="0.097999999999999" classname="table_33" name="Table_33_generation_works_with_pruned_rows"/>
    <testcase time="0.0279999999999987" classname="table_33" name="Table_33_generation_works_with_pruned_rows">
      <skipped message="Reason: On CRAN ('test-table_33.R:42:3')"/>
    </testcase>
  </testsuite>
</testsuites>
