<?xml version="1.0" encoding="UTF-8"?>
<testsuites>
  <testsuite name="table_02" timestamp="2023-08-29T14:25:28Z" hostname="bbce479471df" tests="30" skipped="10" failures="0" errors="0" time="14.903">
    <testcase time="0.0829999999999997" classname="table_02" name="Table_02_generation_works_with_default_values"/>
    <testcase time="0.559" classname="table_02" name="Table_02_generation_works_with_default_values"/>
    <testcase time="0.227" classname="table_02" name="Table_02_generation_works_with_default_values">
      <skipped message="Reason: On CRAN ('test-table_02.R:16:3')"/>
    </testcase>
    <testcase time="0.077" classname="table_02" name="Table_02_generation_works_with_custom_values"/>
    <testcase time="0.412" classname="table_02" name="Table_02_generation_works_with_custom_values"/>
    <testcase time="0.219" classname="table_02" name="Table_02_generation_works_with_custom_values">
      <skipped message="Reason: On CRAN ('test-table_02.R:45:3')"/>
    </testcase>
    <testcase time="0.0570000000000004" classname="table_02" name="Table_02_generation_works_with_some_NA_values"/>
    <testcase time="0.0959999999999992" classname="table_02" name="Table_02_generation_works_with_some_NA_values"/>
    <testcase time="0.048" classname="table_02" name="Table_02_generation_works_with_some_NA_values">
      <skipped message="Reason: On CRAN ('test-table_02.R:57:3')"/>
    </testcase>
    <testcase time="0.024" classname="table_02" name="Table_02_generation_tplyr_works_with_default_values"/>
    <testcase time="1.909" classname="table_02" name="Table_02_generation_tplyr_works_with_default_values"/>
    <testcase time="0.0339999999999998" classname="table_02" name="Table_02_generation_tplyr_works_with_default_values">
      <skipped message="Reason: On CRAN ('test-table_02.R:66:3')"/>
    </testcase>
    <testcase time="0.016" classname="table_02" name="Table_02_generation_tplyr_works_with_tplyr_raw_TRUE"/>
    <testcase time="1.063" classname="table_02" name="Table_02_generation_tplyr_works_with_tplyr_raw_TRUE"/>
    <testcase time="0.024" classname="table_02" name="Table_02_generation_tplyr_works_with_tplyr_raw_TRUE">
      <skipped message="Reason: On CRAN ('test-table_02.R:75:3')"/>
    </testcase>
    <testcase time="0.0460000000000003" classname="table_02" name="Table_02_generation_tplyr_works_with_custom_values"/>
    <testcase time="2.006" classname="table_02" name="Table_02_generation_tplyr_works_with_custom_values"/>
    <testcase time="0.0230000000000015" classname="table_02" name="Table_02_generation_tplyr_works_with_custom_values">
      <skipped message="Reason: On CRAN ('test-table_02.R:102:3')"/>
    </testcase>
    <testcase time="0.036999999999999" classname="table_02" name="Table_02_generation_tplyr_works_with_some_NA_values"/>
    <testcase time="0.738" classname="table_02" name="Table_02_generation_tplyr_works_with_some_NA_values"/>
    <testcase time="0.0230000000000015" classname="table_02" name="Table_02_generation_tplyr_works_with_some_NA_values">
      <skipped message="Reason: On CRAN ('test-table_02.R:119:3')"/>
    </testcase>
    <testcase time="0.016" classname="table_02" name="Table_02_generation_gt_works_with_default_values"/>
    <testcase time="2.906" classname="table_02" name="Table_02_generation_gt_works_with_default_values"/>
    <testcase time="0.00700000000000145" classname="table_02" name="Table_02_generation_gt_works_with_default_values">
      <skipped message="Reason: On CRAN ('test-table_02.R:128:3')"/>
    </testcase>
    <testcase time="0.0459999999999994" classname="table_02" name="Table_02_generation_gt_works_with_custom_values"/>
    <testcase time="3.246" classname="table_02" name="Table_02_generation_gt_works_with_custom_values"/>
    <testcase time="0.00600000000000023" classname="table_02" name="Table_02_generation_gt_works_with_custom_values">
      <skipped message="Reason: On CRAN ('test-table_02.R:146:3')"/>
    </testcase>
    <testcase time="0.0370000000000026" classname="table_02" name="Table_02_generation_gt_works_with_some_NA_values"/>
    <testcase time="0.911999999999999" classname="table_02" name="Table_02_generation_gt_works_with_some_NA_values"/>
    <testcase time="0.00600000000000023" classname="table_02" name="Table_02_generation_gt_works_with_some_NA_values">
      <skipped message="Reason: On CRAN ('test-table_02.R:163:3')"/>
    </testcase>
  </testsuite>
  <testsuite name="table_04" timestamp="2023-08-29T14:25:43Z" hostname="bbce479471df" tests="12" skipped="2" failures="0" errors="0" time="0.919">
    <testcase time="0.0440000000000005" classname="table_04" name="Table_04_generation_works_with_default_values"/>
    <testcase time="0.000999999999997669" classname="table_04" name="Table_04_generation_works_with_default_values"/>
    <testcase time="0.00100000000000122" classname="table_04" name="Table_04_generation_works_with_default_values"/>
    <testcase time="0.00100000000000122" classname="table_04" name="Table_04_generation_works_with_default_values"/>
    <testcase time="0.369" classname="table_04" name="Table_04_generation_works_with_default_values"/>
    <testcase time="0.0920000000000023" classname="table_04" name="Table_04_generation_works_with_default_values">
      <skipped message="Reason: On CRAN ('test-table_04.R:30:3')"/>
    </testcase>
    <testcase time="0.0229999999999997" classname="table_04" name="Table_04_generation_works_with_custom_values"/>
    <testcase time="0.000999999999997669" classname="table_04" name="Table_04_generation_works_with_custom_values"/>
    <testcase time="0.00100000000000122" classname="table_04" name="Table_04_generation_works_with_custom_values"/>
    <testcase time="0.00100000000000122" classname="table_04" name="Table_04_generation_works_with_custom_values"/>
    <testcase time="0.294" classname="table_04" name="Table_04_generation_works_with_custom_values"/>
    <testcase time="0.0909999999999975" classname="table_04" name="Table_04_generation_works_with_custom_values">
      <skipped message="Reason: On CRAN ('test-table_04.R:53:3')"/>
    </testcase>
  </testsuite>
  <testsuite name="table_05" timestamp="2023-08-29T14:25:44Z" hostname="bbce479471df" tests="9" skipped="3" failures="0" errors="0" time="1.076">
    <testcase time="0.182000000000002" classname="table_05" name="Table_05_generation_works_with_default_values"/>
    <testcase time="0.209999999999997" classname="table_05" name="Table_05_generation_works_with_default_values"/>
    <testcase time="0.0700000000000003" classname="table_05" name="Table_05_generation_works_with_default_values">
      <skipped message="Reason: On CRAN ('test-table_05.R:10:3')"/>
    </testcase>
    <testcase time="0.0160000000000018" classname="table_05" name="Table_05_generation_works_with_custom_values"/>
    <testcase time="0.247" classname="table_05" name="Table_05_generation_works_with_custom_values"/>
    <testcase time="0.0869999999999997" classname="table_05" name="Table_05_generation_works_with_custom_values">
      <skipped message="Reason: On CRAN ('test-table_05.R:34:3')"/>
    </testcase>
    <testcase time="0.0169999999999995" classname="table_05" name="Table_05_generation_works_with_NA_values_pruned_rows"/>
    <testcase time="0.181000000000001" classname="table_05" name="Table_05_generation_works_with_NA_values_pruned_rows"/>
    <testcase time="0.0659999999999989" classname="table_05" name="Table_05_generation_works_with_NA_values_pruned_rows">
      <skipped message="Reason: On CRAN ('test-table_05.R:44:3')"/>
    </testcase>
  </testsuite>
  <testsuite name="table_06" timestamp="2023-08-29T14:25:45Z" hostname="bbce479471df" tests="10" skipped="2" failures="0" errors="0" time="1.269">
    <testcase time="0.0210000000000008" classname="table_06" name="Table_06_generation_works_with_default_values"/>
    <testcase time="0.00100000000000122" classname="table_06" name="Table_06_generation_works_with_default_values"/>
    <testcase time="0.0559999999999974" classname="table_06" name="Table_06_generation_works_with_default_values"/>
    <testcase time="0.382000000000001" classname="table_06" name="Table_06_generation_works_with_default_values"/>
    <testcase time="0.0970000000000013" classname="table_06" name="Table_06_generation_works_with_default_values">
      <skipped message="Reason: On CRAN ('test-table_06.R:8:3')"/>
    </testcase>
    <testcase time="0.0159999999999982" classname="table_06" name="Table_06_generation_works_with_custom_values"/>
    <testcase time="0.00199999999999889" classname="table_06" name="Table_06_generation_works_with_custom_values"/>
    <testcase time="0.0530000000000008" classname="table_06" name="Table_06_generation_works_with_custom_values"/>
    <testcase time="0.504999999999999" classname="table_06" name="Table_06_generation_works_with_custom_values"/>
    <testcase time="0.136000000000003" classname="table_06" name="Table_06_generation_works_with_custom_values">
      <skipped message="Reason: On CRAN ('test-table_06.R:40:3')"/>
    </testcase>
  </testsuite>
  <testsuite name="table_07" timestamp="2023-08-29T14:25:47Z" hostname="bbce479471df" tests="18" skipped="3" failures="0" errors="0" time="1.6">
    <testcase time="0.0249999999999986" classname="table_07" name="Table_07_generation_works_with_default_values"/>
    <testcase time="0.00100000000000122" classname="table_07" name="Table_07_generation_works_with_default_values"/>
    <testcase time="0.000999999999997669" classname="table_07" name="Table_07_generation_works_with_default_values"/>
    <testcase time="0.0390000000000015" classname="table_07" name="Table_07_generation_works_with_default_values"/>
    <testcase time="0.329000000000001" classname="table_07" name="Table_07_generation_works_with_default_values"/>
    <testcase time="0.106999999999999" classname="table_07" name="Table_07_generation_works_with_default_values">
      <skipped message="Reason: On CRAN ('test-table_07.R:13:3')"/>
    </testcase>
    <testcase time="0.0159999999999982" classname="table_07" name="Table_07_generation_works_with_custom_values"/>
    <testcase time="0.00200000000000244" classname="table_07" name="Table_07_generation_works_with_custom_values"/>
    <testcase time="0.000999999999997669" classname="table_07" name="Table_07_generation_works_with_custom_values"/>
    <testcase time="0.0390000000000015" classname="table_07" name="Table_07_generation_works_with_custom_values"/>
    <testcase time="0.433" classname="table_07" name="Table_07_generation_works_with_custom_values"/>
    <testcase time="0.138999999999999" classname="table_07" name="Table_07_generation_works_with_custom_values">
      <skipped message="Reason: On CRAN ('test-table_07.R:42:3')"/>
    </testcase>
    <testcase time="0.0169999999999995" classname="table_07" name="Table_07_generation_works_with_NA_values_pruned_rows"/>
    <testcase time="0.00100000000000122" classname="table_07" name="Table_07_generation_works_with_NA_values_pruned_rows"/>
    <testcase time="0.00100000000000122" classname="table_07" name="Table_07_generation_works_with_NA_values_pruned_rows"/>
    <testcase time="0.0399999999999991" classname="table_07" name="Table_07_generation_works_with_NA_values_pruned_rows"/>
    <testcase time="0.288999999999998" classname="table_07" name="Table_07_generation_works_with_NA_values_pruned_rows"/>
    <testcase time="0.120000000000001" classname="table_07" name="Table_07_generation_works_with_NA_values_pruned_rows">
      <skipped message="Reason: On CRAN ('test-table_07.R:52:3')"/>
    </testcase>
  </testsuite>
  <testsuite name="table_08" timestamp="2023-08-29T14:25:48Z" hostname="bbce479471df" tests="8" skipped="2" failures="0" errors="0" time="0.385">
    <testcase time="0.022000000000002" classname="table_08" name="Table_08_generation_works_with_default_values"/>
    <testcase time="0.00199999999999889" classname="table_08" name="Table_08_generation_works_with_default_values"/>
    <testcase time="0.0410000000000004" classname="table_08" name="Table_08_generation_works_with_default_values"/>
    <testcase time="0.105999999999998" classname="table_08" name="Table_08_generation_works_with_default_values">
      <skipped message="Reason: On CRAN ('test-table_08.R:10:3')"/>
    </testcase>
    <testcase time="0.0160000000000018" classname="table_08" name="Table_08_generation_works_with_custom_values"/>
    <testcase time="0.00199999999999889" classname="table_08" name="Table_08_generation_works_with_custom_values"/>
    <testcase time="0.0489999999999995" classname="table_08" name="Table_08_generation_works_with_custom_values"/>
    <testcase time="0.147000000000002" classname="table_08" name="Table_08_generation_works_with_custom_values">
      <skipped message="Reason: On CRAN ('test-table_08.R:31:3')"/>
    </testcase>
  </testsuite>
  <testsuite name="table_09" timestamp="2023-08-29T14:25:49Z" hostname="bbce479471df" tests="8" skipped="2" failures="0" errors="0" time="0.829">
    <testcase time="0.0299999999999976" classname="table_09" name="Table_09_generation_works_with_default_values"/>
    <testcase time="0.0400000000000027" classname="table_09" name="Table_09_generation_works_with_default_values"/>
    <testcase time="0.260999999999999" classname="table_09" name="Table_09_generation_works_with_default_values"/>
    <testcase time="0.0599999999999987" classname="table_09" name="Table_09_generation_works_with_default_values">
      <skipped message="Reason: On CRAN ('test-table_09.R:8:3')"/>
    </testcase>
    <testcase time="0.0160000000000018" classname="table_09" name="Table_09_generation_works_with_custom_values"/>
    <testcase time="0.0479999999999983" classname="table_09" name="Table_09_generation_works_with_custom_values"/>
    <testcase time="0.307000000000002" classname="table_09" name="Table_09_generation_works_with_custom_values"/>
    <testcase time="0.0670000000000002" classname="table_09" name="Table_09_generation_works_with_custom_values">
      <skipped message="Reason: On CRAN ('test-table_09.R:39:3')"/>
    </testcase>
  </testsuite>
  <testsuite name="table_10" timestamp="2023-08-29T14:25:49Z" hostname="bbce479471df" tests="10" skipped="2" failures="0" errors="0" time="0.957">
    <testcase time="0.0350000000000001" classname="table_10" name="Table_10_generation_works_with_default_values"/>
    <testcase time="0.00199999999999889" classname="table_10" name="Table_10_generation_works_with_default_values"/>
    <testcase time="0.0410000000000004" classname="table_10" name="Table_10_generation_works_with_default_values"/>
    <testcase time="0.326999999999998" classname="table_10" name="Table_10_generation_works_with_default_values"/>
    <testcase time="0.117000000000001" classname="table_10" name="Table_10_generation_works_with_default_values">
      <skipped message="Reason: On CRAN ('test-table_10.R:17:3')"/>
    </testcase>
    <testcase time="0.0160000000000018" classname="table_10" name="Table_10_generation_works_with_custom_values"/>
    <testcase time="0.000999999999997669" classname="table_10" name="Table_10_generation_works_with_custom_values"/>
    <testcase time="0.036999999999999" classname="table_10" name="Table_10_generation_works_with_custom_values"/>
    <testcase time="0.328000000000003" classname="table_10" name="Table_10_generation_works_with_custom_values"/>
    <testcase time="0.0529999999999973" classname="table_10" name="Table_10_generation_works_with_custom_values">
      <skipped message="Reason: On CRAN ('test-table_10.R:52:3')"/>
    </testcase>
  </testsuite>
  <testsuite name="table_11" timestamp="2023-08-29T14:25:50Z" hostname="bbce479471df" tests="8" skipped="2" failures="0" errors="0" time="1.364">
    <testcase time="0.0259999999999998" classname="table_11" name="Table_11_generation_works_with_default_values"/>
    <testcase time="0.0500000000000007" classname="table_11" name="Table_11_generation_works_with_default_values"/>
    <testcase time="0.535" classname="table_11" name="Table_11_generation_works_with_default_values"/>
    <testcase time="0.137" classname="table_11" name="Table_11_generation_works_with_default_values">
      <skipped message="Reason: On CRAN ('test-table_11.R:18:3')"/>
    </testcase>
    <testcase time="0.0160000000000018" classname="table_11" name="Table_11_generation_works_with_custom_values"/>
    <testcase time="0.0439999999999969" classname="table_11" name="Table_11_generation_works_with_custom_values"/>
    <testcase time="0.483000000000001" classname="table_11" name="Table_11_generation_works_with_custom_values"/>
    <testcase time="0.0730000000000004" classname="table_11" name="Table_11_generation_works_with_custom_values">
      <skipped message="Reason: On CRAN ('test-table_11.R:48:3')"/>
    </testcase>
  </testsuite>
  <testsuite name="table_12" timestamp="2023-08-29T14:25:52Z" hostname="bbce479471df" tests="8" skipped="2" failures="0" errors="0" time="1.922">
    <testcase time="0.0210000000000008" classname="table_12" name="Table_12_generation_works_with_default_values"/>
    <testcase time="0.0509999999999984" classname="table_12" name="Table_12_generation_works_with_default_values"/>
    <testcase time="0.906000000000002" classname="table_12" name="Table_12_generation_works_with_default_values"/>
    <testcase time="0.097999999999999" classname="table_12" name="Table_12_generation_works_with_default_values">
      <skipped message="Reason: On CRAN ('test-table_12.R:9:3')"/>
    </testcase>
    <testcase time="0.0160000000000018" classname="table_12" name="Table_12_generation_works_with_custom_values"/>
    <testcase time="0.0509999999999984" classname="table_12" name="Table_12_generation_works_with_custom_values"/>
    <testcase time="0.68" classname="table_12" name="Table_12_generation_works_with_custom_values"/>
    <testcase time="0.0990000000000002" classname="table_12" name="Table_12_generation_works_with_custom_values">
      <skipped message="Reason: On CRAN ('test-table_12.R:39:3')"/>
    </testcase>
  </testsuite>
  <testsuite name="table_13" timestamp="2023-08-29T14:25:54Z" hostname="bbce479471df" tests="8" skipped="2" failures="0" errors="0" time="0.484">
    <testcase time="0.0199999999999996" classname="table_13" name="Table_13_generation_works_with_default_values"/>
    <testcase time="0.0549999999999997" classname="table_13" name="Table_13_generation_works_with_default_values"/>
    <testcase time="0.109000000000002" classname="table_13" name="Table_13_generation_works_with_default_values"/>
    <testcase time="0.0599999999999987" classname="table_13" name="Table_13_generation_works_with_default_values">
      <skipped message="Reason: On CRAN ('test-table_13.R:8:3')"/>
    </testcase>
    <testcase time="0.0229999999999997" classname="table_13" name="Table_13_generation_works_with_custom_values"/>
    <testcase time="0.0480000000000018" classname="table_13" name="Table_13_generation_works_with_custom_values"/>
    <testcase time="0.122999999999998" classname="table_13" name="Table_13_generation_works_with_custom_values"/>
    <testcase time="0.0460000000000029" classname="table_13" name="Table_13_generation_works_with_custom_values">
      <skipped message="Reason: On CRAN ('test-table_13.R:38:3')"/>
    </testcase>
  </testsuite>
  <testsuite name="table_14" timestamp="2023-08-29T14:25:54Z" hostname="bbce479471df" tests="10" skipped="3" failures="0" errors="0" time="1.953">
    <testcase time="0.0359999999999978" classname="table_14" name="Table_14_generation_works_with_default_values"/>
    <testcase time="0.474" classname="table_14" name="Table_14_generation_works_with_default_values"/>
    <testcase time="0.135000000000002" classname="table_14" name="Table_14_generation_works_with_default_values">
      <skipped message="Reason: On CRAN ('test-table_14.R:16:3')"/>
    </testcase>
    <testcase time="0.0159999999999982" classname="table_14" name="Table_14_generation_works_with_custom_values"/>
    <testcase time="0.0480000000000018" classname="table_14" name="Table_14_generation_works_with_custom_values"/>
    <testcase time="0.507999999999999" classname="table_14" name="Table_14_generation_works_with_custom_values"/>
    <testcase time="0.132999999999999" classname="table_14" name="Table_14_generation_works_with_custom_values">
      <skipped message="Reason: On CRAN ('test-table_14.R:46:3')"/>
    </testcase>
    <testcase time="0.0160000000000018" classname="table_14" name="Table_14_generation_works_with_NA_values_pruned_rows"/>
    <testcase time="0.486999999999998" classname="table_14" name="Table_14_generation_works_with_NA_values_pruned_rows"/>
    <testcase time="0.100000000000001" classname="table_14" name="Table_14_generation_works_with_NA_values_pruned_rows">
      <skipped message="Reason: On CRAN ('test-table_14.R:53:3')"/>
    </testcase>
  </testsuite>
  <testsuite name="table_20" timestamp="2023-08-29T14:25:56Z" hostname="bbce479471df" tests="18" skipped="3" failures="0" errors="0" time="1.658">
    <testcase time="0.0249999999999986" classname="table_20" name="Table_20_generation_works_with_default_values"/>
    <testcase time="0.00100000000000122" classname="table_20" name="Table_20_generation_works_with_default_values"/>
    <testcase time="0.000999999999997669" classname="table_20" name="Table_20_generation_works_with_default_values"/>
    <testcase time="0.0480000000000018" classname="table_20" name="Table_20_generation_works_with_default_values"/>
    <testcase time="0.338000000000001" classname="table_20" name="Table_20_generation_works_with_default_values"/>
    <testcase time="0.0899999999999999" classname="table_20" name="Table_20_generation_works_with_default_values">
      <skipped message="Reason: On CRAN ('test-table_20.R:17:3')"/>
    </testcase>
    <testcase time="0.0159999999999982" classname="table_20" name="Table_20_generation_works_with_custom_values"/>
    <testcase time="0.00200000000000244" classname="table_20" name="Table_20_generation_works_with_custom_values"/>
    <testcase time="0.000999999999997669" classname="table_20" name="Table_20_generation_works_with_custom_values"/>
    <testcase time="0.0429999999999993" classname="table_20" name="Table_20_generation_works_with_custom_values"/>
    <testcase time="0.528000000000002" classname="table_20" name="Table_20_generation_works_with_custom_values"/>
    <testcase time="0.102" classname="table_20" name="Table_20_generation_works_with_custom_values">
      <skipped message="Reason: On CRAN ('test-table_20.R:65:3')"/>
    </testcase>
    <testcase time="0.0159999999999982" classname="table_20" name="Table_20_generation_works_with_missing_values_pruned_rows"/>
    <testcase time="0.00100000000000122" classname="table_20" name="Table_20_generation_works_with_missing_values_pruned_rows"/>
    <testcase time="0.000999999999997669" classname="table_20" name="Table_20_generation_works_with_missing_values_pruned_rows"/>
    <testcase time="0.0440000000000005" classname="table_20" name="Table_20_generation_works_with_missing_values_pruned_rows"/>
    <testcase time="0.324999999999999" classname="table_20" name="Table_20_generation_works_with_missing_values_pruned_rows"/>
    <testcase time="0.0760000000000005" classname="table_20" name="Table_20_generation_works_with_missing_values_pruned_rows">
      <skipped message="Reason: On CRAN ('test-table_20.R:74:3')"/>
    </testcase>
  </testsuite>
  <testsuite name="table_32" timestamp="2023-08-29T14:25:58Z" hostname="bbce479471df" tests="12" skipped="3" failures="0" errors="0" time="0.694">
    <testcase time="0.0219999999999985" classname="table_32" name="Table_32_generation_works_with_default_values"/>
    <testcase time="0.0609999999999999" classname="table_32" name="Table_32_generation_works_with_default_values"/>
    <testcase time="0.104000000000006" classname="table_32" name="Table_32_generation_works_with_default_values"/>
    <testcase time="0.0419999999999945" classname="table_32" name="Table_32_generation_works_with_default_values">
      <skipped message="Reason: On CRAN ('test-table_32.R:8:3')"/>
    </testcase>
    <testcase time="0.0160000000000053" classname="table_32" name="Table_32_generation_works_with_custom_values"/>
    <testcase time="0.0589999999999975" classname="table_32" name="Table_32_generation_works_with_custom_values"/>
    <testcase time="0.127000000000002" classname="table_32" name="Table_32_generation_works_with_custom_values"/>
    <testcase time="0.0499999999999972" classname="table_32" name="Table_32_generation_works_with_custom_values">
      <skipped message="Reason: On CRAN ('test-table_32.R:30:3')"/>
    </testcase>
    <testcase time="0.017000000000003" classname="table_32" name="Table_32_generation_works_with_pruned_rows"/>
    <testcase time="0.0599999999999952" classname="table_32" name="Table_32_generation_works_with_pruned_rows"/>
    <testcase time="0.105000000000004" classname="table_32" name="Table_32_generation_works_with_pruned_rows"/>
    <testcase time="0.0309999999999988" classname="table_32" name="Table_32_generation_works_with_pruned_rows">
      <skipped message="Reason: On CRAN ('test-table_32.R:37:3')"/>
    </testcase>
  </testsuite>
  <testsuite name="table_33" timestamp="2023-08-29T14:25:58Z" hostname="bbce479471df" tests="12" skipped="3" failures="0" errors="0" time="1.157">
    <testcase time="0.0210000000000008" classname="table_33" name="Table_33_generation_works_with_default_values"/>
    <testcase time="0.244" classname="table_33" name="Table_33_generation_works_with_default_values"/>
    <testcase time="0.0859999999999985" classname="table_33" name="Table_33_generation_works_with_default_values"/>
    <testcase time="0.0309999999999988" classname="table_33" name="Table_33_generation_works_with_default_values">
      <skipped message="Reason: On CRAN ('test-table_33.R:8:3')"/>
    </testcase>
    <testcase time="0.0159999999999982" classname="table_33" name="Table_33_generation_works_with_custom_values"/>
    <testcase time="0.237000000000002" classname="table_33" name="Table_33_generation_works_with_custom_values"/>
    <testcase time="0.112000000000002" classname="table_33" name="Table_33_generation_works_with_custom_values"/>
    <testcase time="0.036999999999999" classname="table_33" name="Table_33_generation_works_with_custom_values">
      <skipped message="Reason: On CRAN ('test-table_33.R:34:3')"/>
    </testcase>
    <testcase time="0.017000000000003" classname="table_33" name="Table_33_generation_works_with_pruned_rows"/>
    <testcase time="0.234999999999999" classname="table_33" name="Table_33_generation_works_with_pruned_rows"/>
    <testcase time="0.0929999999999964" classname="table_33" name="Table_33_generation_works_with_pruned_rows"/>
    <testcase time="0.0279999999999987" classname="table_33" name="Table_33_generation_works_with_pruned_rows">
      <skipped message="Reason: On CRAN ('test-table_33.R:42:3')"/>
    </testcase>
  </testsuite>
</testsuites>
