<?xml version="1.0" encoding="UTF-8"?>
<testsuites>
  <testsuite name="table_02" timestamp="2023-08-31T19:17:32Z" hostname="48c05047e00e" tests="30" skipped="10" failures="0" errors="0" time="14.977">
    <testcase time="0.081" classname="table_02" name="Table_02_generation_works_with_default_values"/>
    <testcase time="0.544" classname="table_02" name="Table_02_generation_works_with_default_values"/>
    <testcase time="0.226" classname="table_02" name="Table_02_generation_works_with_default_values">
      <skipped message="Reason: On CRAN ('test-table_02.R:16:3')"/>
    </testcase>
    <testcase time="0.0749999999999997" classname="table_02" name="Table_02_generation_works_with_custom_values"/>
    <testcase time="0.409" classname="table_02" name="Table_02_generation_works_with_custom_values"/>
    <testcase time="0.218" classname="table_02" name="Table_02_generation_works_with_custom_values">
      <skipped message="Reason: On CRAN ('test-table_02.R:45:3')"/>
    </testcase>
    <testcase time="0.0590000000000002" classname="table_02" name="Table_02_generation_works_with_some_NA_values"/>
    <testcase time="0.0960000000000001" classname="table_02" name="Table_02_generation_works_with_some_NA_values"/>
    <testcase time="0.0489999999999995" classname="table_02" name="Table_02_generation_works_with_some_NA_values">
      <skipped message="Reason: On CRAN ('test-table_02.R:57:3')"/>
    </testcase>
    <testcase time="0.024" classname="table_02" name="Table_02_generation_tplyr_works_with_default_values"/>
    <testcase time="1.894" classname="table_02" name="Table_02_generation_tplyr_works_with_default_values"/>
    <testcase time="0.0350000000000001" classname="table_02" name="Table_02_generation_tplyr_works_with_default_values">
      <skipped message="Reason: On CRAN ('test-table_02.R:66:3')"/>
    </testcase>
    <testcase time="0.0170000000000003" classname="table_02" name="Table_02_generation_tplyr_works_with_tplyr_raw_TRUE"/>
    <testcase time="1.041" classname="table_02" name="Table_02_generation_tplyr_works_with_tplyr_raw_TRUE"/>
    <testcase time="0.0250000000000004" classname="table_02" name="Table_02_generation_tplyr_works_with_tplyr_raw_TRUE">
      <skipped message="Reason: On CRAN ('test-table_02.R:75:3')"/>
    </testcase>
    <testcase time="0.0460000000000003" classname="table_02" name="Table_02_generation_tplyr_works_with_custom_values"/>
    <testcase time="2.037" classname="table_02" name="Table_02_generation_tplyr_works_with_custom_values"/>
    <testcase time="0.0250000000000004" classname="table_02" name="Table_02_generation_tplyr_works_with_custom_values">
      <skipped message="Reason: On CRAN ('test-table_02.R:102:3')"/>
    </testcase>
    <testcase time="0.0359999999999996" classname="table_02" name="Table_02_generation_tplyr_works_with_some_NA_values"/>
    <testcase time="0.74" classname="table_02" name="Table_02_generation_tplyr_works_with_some_NA_values"/>
    <testcase time="0.0229999999999997" classname="table_02" name="Table_02_generation_tplyr_works_with_some_NA_values">
      <skipped message="Reason: On CRAN ('test-table_02.R:119:3')"/>
    </testcase>
    <testcase time="0.016" classname="table_02" name="Table_02_generation_gt_works_with_default_values"/>
    <testcase time="2.938" classname="table_02" name="Table_02_generation_gt_works_with_default_values"/>
    <testcase time="0.00599999999999845" classname="table_02" name="Table_02_generation_gt_works_with_default_values">
      <skipped message="Reason: On CRAN ('test-table_02.R:128:3')"/>
    </testcase>
    <testcase time="0.0460000000000012" classname="table_02" name="Table_02_generation_gt_works_with_custom_values"/>
    <testcase time="3.301" classname="table_02" name="Table_02_generation_gt_works_with_custom_values"/>
    <testcase time="0.00600000000000023" classname="table_02" name="Table_02_generation_gt_works_with_custom_values">
      <skipped message="Reason: On CRAN ('test-table_02.R:146:3')"/>
    </testcase>
    <testcase time="0.036999999999999" classname="table_02" name="Table_02_generation_gt_works_with_some_NA_values"/>
    <testcase time="0.920999999999999" classname="table_02" name="Table_02_generation_gt_works_with_some_NA_values"/>
    <testcase time="0.00600000000000023" classname="table_02" name="Table_02_generation_gt_works_with_some_NA_values">
      <skipped message="Reason: On CRAN ('test-table_02.R:163:3')"/>
    </testcase>
  </testsuite>
  <testsuite name="table_04" timestamp="2023-08-31T19:17:46Z" hostname="48c05047e00e" tests="12" skipped="2" failures="0" errors="0" time="0.935">
    <testcase time="0.0450000000000017" classname="table_04" name="Table_04_generation_works_with_default_values"/>
    <testcase time="0.000999999999997669" classname="table_04" name="Table_04_generation_works_with_default_values"/>
    <testcase time="0.00200000000000244" classname="table_04" name="Table_04_generation_works_with_default_values"/>
    <testcase time="0.000999999999997669" classname="table_04" name="Table_04_generation_works_with_default_values"/>
    <testcase time="0.376000000000001" classname="table_04" name="Table_04_generation_works_with_default_values"/>
    <testcase time="0.100000000000001" classname="table_04" name="Table_04_generation_works_with_default_values">
      <skipped message="Reason: On CRAN ('test-table_04.R:30:3')"/>
    </testcase>
    <testcase time="0.0169999999999995" classname="table_04" name="Table_04_generation_works_with_custom_values"/>
    <testcase time="0.000999999999997669" classname="table_04" name="Table_04_generation_works_with_custom_values"/>
    <testcase time="0.00100000000000122" classname="table_04" name="Table_04_generation_works_with_custom_values"/>
    <testcase time="0.00100000000000122" classname="table_04" name="Table_04_generation_works_with_custom_values"/>
    <testcase time="0.297999999999998" classname="table_04" name="Table_04_generation_works_with_custom_values"/>
    <testcase time="0.0920000000000023" classname="table_04" name="Table_04_generation_works_with_custom_values">
      <skipped message="Reason: On CRAN ('test-table_04.R:53:3')"/>
    </testcase>
  </testsuite>
  <testsuite name="table_05" timestamp="2023-08-31T19:17:48Z" hostname="48c05047e00e" tests="9" skipped="3" failures="0" errors="0" time="1.089">
    <testcase time="0.183999999999997" classname="table_05" name="Table_05_generation_works_with_default_values"/>
    <testcase time="0.215" classname="table_05" name="Table_05_generation_works_with_default_values"/>
    <testcase time="0.0690000000000026" classname="table_05" name="Table_05_generation_works_with_default_values">
      <skipped message="Reason: On CRAN ('test-table_05.R:10:3')"/>
    </testcase>
    <testcase time="0.0169999999999995" classname="table_05" name="Table_05_generation_works_with_custom_values"/>
    <testcase time="0.256999999999998" classname="table_05" name="Table_05_generation_works_with_custom_values"/>
    <testcase time="0.0800000000000018" classname="table_05" name="Table_05_generation_works_with_custom_values">
      <skipped message="Reason: On CRAN ('test-table_05.R:34:3')"/>
    </testcase>
    <testcase time="0.0169999999999995" classname="table_05" name="Table_05_generation_works_with_NA_values_pruned_rows"/>
    <testcase time="0.183" classname="table_05" name="Table_05_generation_works_with_NA_values_pruned_rows"/>
    <testcase time="0.0670000000000002" classname="table_05" name="Table_05_generation_works_with_NA_values_pruned_rows">
      <skipped message="Reason: On CRAN ('test-table_05.R:44:3')"/>
    </testcase>
  </testsuite>
  <testsuite name="table_06" timestamp="2023-08-31T19:17:48Z" hostname="48c05047e00e" tests="10" skipped="2" failures="0" errors="0" time="1.279">
    <testcase time="0.0210000000000008" classname="table_06" name="Table_06_generation_works_with_default_values"/>
    <testcase time="0.00199999999999889" classname="table_06" name="Table_06_generation_works_with_default_values"/>
    <testcase time="0.0549999999999997" classname="table_06" name="Table_06_generation_works_with_default_values"/>
    <testcase time="0.387" classname="table_06" name="Table_06_generation_works_with_default_values"/>
    <testcase time="0.0970000000000013" classname="table_06" name="Table_06_generation_works_with_default_values">
      <skipped message="Reason: On CRAN ('test-table_06.R:8:3')"/>
    </testcase>
    <testcase time="0.0159999999999982" classname="table_06" name="Table_06_generation_works_with_custom_values"/>
    <testcase time="0.00199999999999889" classname="table_06" name="Table_06_generation_works_with_custom_values"/>
    <testcase time="0.0530000000000008" classname="table_06" name="Table_06_generation_works_with_custom_values"/>
    <testcase time="0.510000000000002" classname="table_06" name="Table_06_generation_works_with_custom_values"/>
    <testcase time="0.135999999999999" classname="table_06" name="Table_06_generation_works_with_custom_values">
      <skipped message="Reason: On CRAN ('test-table_06.R:40:3')"/>
    </testcase>
  </testsuite>
  <testsuite name="table_07" timestamp="2023-08-31T19:17:50Z" hostname="48c05047e00e" tests="18" skipped="3" failures="0" errors="0" time="1.615">
    <testcase time="0.0240000000000009" classname="table_07" name="Table_07_generation_works_with_default_values"/>
    <testcase time="0.000999999999997669" classname="table_07" name="Table_07_generation_works_with_default_values"/>
    <testcase time="0.00200000000000244" classname="table_07" name="Table_07_generation_works_with_default_values"/>
    <testcase time="0.0380000000000003" classname="table_07" name="Table_07_generation_works_with_default_values"/>
    <testcase time="0.334" classname="table_07" name="Table_07_generation_works_with_default_values"/>
    <testcase time="0.108999999999998" classname="table_07" name="Table_07_generation_works_with_default_values">
      <skipped message="Reason: On CRAN ('test-table_07.R:13:3')"/>
    </testcase>
    <testcase time="0.0160000000000018" classname="table_07" name="Table_07_generation_works_with_custom_values"/>
    <testcase time="0.00199999999999889" classname="table_07" name="Table_07_generation_works_with_custom_values"/>
    <testcase time="0.00100000000000122" classname="table_07" name="Table_07_generation_works_with_custom_values"/>
    <testcase time="0.0399999999999991" classname="table_07" name="Table_07_generation_works_with_custom_values"/>
    <testcase time="0.440000000000001" classname="table_07" name="Table_07_generation_works_with_custom_values"/>
    <testcase time="0.139999999999997" classname="table_07" name="Table_07_generation_works_with_custom_values">
      <skipped message="Reason: On CRAN ('test-table_07.R:42:3')"/>
    </testcase>
    <testcase time="0.017000000000003" classname="table_07" name="Table_07_generation_works_with_NA_values_pruned_rows"/>
    <testcase time="0.00199999999999889" classname="table_07" name="Table_07_generation_works_with_NA_values_pruned_rows"/>
    <testcase time="0.00100000000000122" classname="table_07" name="Table_07_generation_works_with_NA_values_pruned_rows"/>
    <testcase time="0.0399999999999991" classname="table_07" name="Table_07_generation_works_with_NA_values_pruned_rows"/>
    <testcase time="0.294999999999998" classname="table_07" name="Table_07_generation_works_with_NA_values_pruned_rows"/>
    <testcase time="0.113" classname="table_07" name="Table_07_generation_works_with_NA_values_pruned_rows">
      <skipped message="Reason: On CRAN ('test-table_07.R:52:3')"/>
    </testcase>
  </testsuite>
  <testsuite name="table_08" timestamp="2023-08-31T19:17:51Z" hostname="48c05047e00e" tests="8" skipped="2" failures="0" errors="0" time="0.39">
    <testcase time="0.0289999999999999" classname="table_08" name="Table_08_generation_works_with_default_values"/>
    <testcase time="0.00200000000000244" classname="table_08" name="Table_08_generation_works_with_default_values"/>
    <testcase time="0.0399999999999991" classname="table_08" name="Table_08_generation_works_with_default_values"/>
    <testcase time="0.106999999999999" classname="table_08" name="Table_08_generation_works_with_default_values">
      <skipped message="Reason: On CRAN ('test-table_08.R:10:3')"/>
    </testcase>
    <testcase time="0.0160000000000018" classname="table_08" name="Table_08_generation_works_with_custom_values"/>
    <testcase time="0.000999999999997669" classname="table_08" name="Table_08_generation_works_with_custom_values"/>
    <testcase time="0.0500000000000007" classname="table_08" name="Table_08_generation_works_with_custom_values"/>
    <testcase time="0.145" classname="table_08" name="Table_08_generation_works_with_custom_values">
      <skipped message="Reason: On CRAN ('test-table_08.R:31:3')"/>
    </testcase>
  </testsuite>
  <testsuite name="table_09" timestamp="2023-08-31T19:17:52Z" hostname="48c05047e00e" tests="8" skipped="2" failures="0" errors="0" time="0.839">
    <testcase time="0.0300000000000011" classname="table_09" name="Table_09_generation_works_with_default_values"/>
    <testcase time="0.0399999999999991" classname="table_09" name="Table_09_generation_works_with_default_values"/>
    <testcase time="0.260999999999999" classname="table_09" name="Table_09_generation_works_with_default_values"/>
    <testcase time="0.0599999999999987" classname="table_09" name="Table_09_generation_works_with_default_values">
      <skipped message="Reason: On CRAN ('test-table_09.R:8:3')"/>
    </testcase>
    <testcase time="0.0160000000000018" classname="table_09" name="Table_09_generation_works_with_custom_values"/>
    <testcase time="0.0410000000000004" classname="table_09" name="Table_09_generation_works_with_custom_values"/>
    <testcase time="0.321999999999999" classname="table_09" name="Table_09_generation_works_with_custom_values"/>
    <testcase time="0.0689999999999991" classname="table_09" name="Table_09_generation_works_with_custom_values">
      <skipped message="Reason: On CRAN ('test-table_09.R:39:3')"/>
    </testcase>
  </testsuite>
  <testsuite name="table_10" timestamp="2023-08-31T19:17:53Z" hostname="48c05047e00e" tests="10" skipped="2" failures="0" errors="0" time="0.959">
    <testcase time="0.0340000000000025" classname="table_10" name="Table_10_generation_works_with_default_values"/>
    <testcase time="0.000999999999997669" classname="table_10" name="Table_10_generation_works_with_default_values"/>
    <testcase time="0.0420000000000016" classname="table_10" name="Table_10_generation_works_with_default_values"/>
    <testcase time="0.326999999999998" classname="table_10" name="Table_10_generation_works_with_default_values"/>
    <testcase time="0.118000000000002" classname="table_10" name="Table_10_generation_works_with_default_values">
      <skipped message="Reason: On CRAN ('test-table_10.R:17:3')"/>
    </testcase>
    <testcase time="0.0169999999999995" classname="table_10" name="Table_10_generation_works_with_custom_values"/>
    <testcase time="0.00100000000000122" classname="table_10" name="Table_10_generation_works_with_custom_values"/>
    <testcase time="0.036999999999999" classname="table_10" name="Table_10_generation_works_with_custom_values"/>
    <testcase time="0.329000000000001" classname="table_10" name="Table_10_generation_works_with_custom_values"/>
    <testcase time="0.0529999999999973" classname="table_10" name="Table_10_generation_works_with_custom_values">
      <skipped message="Reason: On CRAN ('test-table_10.R:52:3')"/>
    </testcase>
  </testsuite>
  <testsuite name="table_11" timestamp="2023-08-31T19:17:54Z" hostname="48c05047e00e" tests="8" skipped="2" failures="0" errors="0" time="1.39">
    <testcase time="0.0260000000000034" classname="table_11" name="Table_11_generation_works_with_default_values"/>
    <testcase time="0.0509999999999984" classname="table_11" name="Table_11_generation_works_with_default_values"/>
    <testcase time="0.553999999999998" classname="table_11" name="Table_11_generation_works_with_default_values"/>
    <testcase time="0.137" classname="table_11" name="Table_11_generation_works_with_default_values">
      <skipped message="Reason: On CRAN ('test-table_11.R:18:3')"/>
    </testcase>
    <testcase time="0.0160000000000018" classname="table_11" name="Table_11_generation_works_with_custom_values"/>
    <testcase time="0.0429999999999993" classname="table_11" name="Table_11_generation_works_with_custom_values"/>
    <testcase time="0.489999999999998" classname="table_11" name="Table_11_generation_works_with_custom_values"/>
    <testcase time="0.0730000000000004" classname="table_11" name="Table_11_generation_works_with_custom_values">
      <skipped message="Reason: On CRAN ('test-table_11.R:48:3')"/>
    </testcase>
  </testsuite>
  <testsuite name="table_12" timestamp="2023-08-31T19:17:55Z" hostname="48c05047e00e" tests="8" skipped="2" failures="0" errors="0" time="1.939">
    <testcase time="0.0210000000000008" classname="table_12" name="Table_12_generation_works_with_default_values"/>
    <testcase time="0.0510000000000019" classname="table_12" name="Table_12_generation_works_with_default_values"/>
    <testcase time="0.912999999999997" classname="table_12" name="Table_12_generation_works_with_default_values"/>
    <testcase time="0.104000000000003" classname="table_12" name="Table_12_generation_works_with_default_values">
      <skipped message="Reason: On CRAN ('test-table_12.R:9:3')"/>
    </testcase>
    <testcase time="0.0169999999999995" classname="table_12" name="Table_12_generation_works_with_custom_values"/>
    <testcase time="0.0500000000000007" classname="table_12" name="Table_12_generation_works_with_custom_values"/>
    <testcase time="0.684999999999999" classname="table_12" name="Table_12_generation_works_with_custom_values"/>
    <testcase time="0.097999999999999" classname="table_12" name="Table_12_generation_works_with_custom_values">
      <skipped message="Reason: On CRAN ('test-table_12.R:39:3')"/>
    </testcase>
  </testsuite>
  <testsuite name="table_13" timestamp="2023-08-31T19:17:57Z" hostname="48c05047e00e" tests="8" skipped="2" failures="0" errors="0" time="0.48">
    <testcase time="0.0210000000000008" classname="table_13" name="Table_13_generation_works_with_default_values"/>
    <testcase time="0.054000000000002" classname="table_13" name="Table_13_generation_works_with_default_values"/>
    <testcase time="0.106999999999999" classname="table_13" name="Table_13_generation_works_with_default_values"/>
    <testcase time="0.0589999999999975" classname="table_13" name="Table_13_generation_works_with_default_values">
      <skipped message="Reason: On CRAN ('test-table_13.R:8:3')"/>
    </testcase>
    <testcase time="0.0160000000000018" classname="table_13" name="Table_13_generation_works_with_custom_values"/>
    <testcase time="0.0549999999999997" classname="table_13" name="Table_13_generation_works_with_custom_values"/>
    <testcase time="0.123000000000001" classname="table_13" name="Table_13_generation_works_with_custom_values"/>
    <testcase time="0.0449999999999982" classname="table_13" name="Table_13_generation_works_with_custom_values">
      <skipped message="Reason: On CRAN ('test-table_13.R:38:3')"/>
    </testcase>
  </testsuite>
  <testsuite name="table_14" timestamp="2023-08-31T19:17:57Z" hostname="48c05047e00e" tests="10" skipped="3" failures="0" errors="0" time="1.955">
    <testcase time="0.0350000000000001" classname="table_14" name="Table_14_generation_works_with_default_values"/>
    <testcase time="0.475999999999999" classname="table_14" name="Table_14_generation_works_with_default_values"/>
    <testcase time="0.133000000000003" classname="table_14" name="Table_14_generation_works_with_default_values">
      <skipped message="Reason: On CRAN ('test-table_14.R:16:3')"/>
    </testcase>
    <testcase time="0.0159999999999982" classname="table_14" name="Table_14_generation_works_with_custom_values"/>
    <testcase time="0.0480000000000018" classname="table_14" name="Table_14_generation_works_with_custom_values"/>
    <testcase time="0.509999999999998" classname="table_14" name="Table_14_generation_works_with_custom_values"/>
    <testcase time="0.134" classname="table_14" name="Table_14_generation_works_with_custom_values">
      <skipped message="Reason: On CRAN ('test-table_14.R:46:3')"/>
    </testcase>
    <testcase time="0.0160000000000018" classname="table_14" name="Table_14_generation_works_with_NA_values_pruned_rows"/>
    <testcase time="0.485999999999997" classname="table_14" name="Table_14_generation_works_with_NA_values_pruned_rows"/>
    <testcase time="0.101000000000003" classname="table_14" name="Table_14_generation_works_with_NA_values_pruned_rows">
      <skipped message="Reason: On CRAN ('test-table_14.R:53:3')"/>
    </testcase>
  </testsuite>
  <testsuite name="table_20" timestamp="2023-08-31T19:17:59Z" hostname="48c05047e00e" tests="18" skipped="3" failures="0" errors="0" time="1.664">
    <testcase time="0.0239999999999974" classname="table_20" name="Table_20_generation_works_with_default_values"/>
    <testcase time="0.00200000000000244" classname="table_20" name="Table_20_generation_works_with_default_values"/>
    <testcase time="0.000999999999997669" classname="table_20" name="Table_20_generation_works_with_default_values"/>
    <testcase time="0.0480000000000018" classname="table_20" name="Table_20_generation_works_with_default_values"/>
    <testcase time="0.344999999999999" classname="table_20" name="Table_20_generation_works_with_default_values"/>
    <testcase time="0.0899999999999999" classname="table_20" name="Table_20_generation_works_with_default_values">
      <skipped message="Reason: On CRAN ('test-table_20.R:17:3')"/>
    </testcase>
    <testcase time="0.0160000000000018" classname="table_20" name="Table_20_generation_works_with_custom_values"/>
    <testcase time="0.000999999999997669" classname="table_20" name="Table_20_generation_works_with_custom_values"/>
    <testcase time="0.00200000000000244" classname="table_20" name="Table_20_generation_works_with_custom_values"/>
    <testcase time="0.0429999999999993" classname="table_20" name="Table_20_generation_works_with_custom_values"/>
    <testcase time="0.524000000000001" classname="table_20" name="Table_20_generation_works_with_custom_values"/>
    <testcase time="0.101999999999997" classname="table_20" name="Table_20_generation_works_with_custom_values">
      <skipped message="Reason: On CRAN ('test-table_20.R:65:3')"/>
    </testcase>
    <testcase time="0.0160000000000053" classname="table_20" name="Table_20_generation_works_with_missing_values_pruned_rows"/>
    <testcase time="0.00199999999999534" classname="table_20" name="Table_20_generation_works_with_missing_values_pruned_rows"/>
    <testcase time="0.00100000000000477" classname="table_20" name="Table_20_generation_works_with_missing_values_pruned_rows"/>
    <testcase time="0.0429999999999993" classname="table_20" name="Table_20_generation_works_with_missing_values_pruned_rows"/>
    <testcase time="0.327999999999996" classname="table_20" name="Table_20_generation_works_with_missing_values_pruned_rows"/>
    <testcase time="0.0760000000000005" classname="table_20" name="Table_20_generation_works_with_missing_values_pruned_rows">
      <skipped message="Reason: On CRAN ('test-table_20.R:74:3')"/>
    </testcase>
  </testsuite>
  <testsuite name="table_32" timestamp="2023-08-31T19:18:01Z" hostname="48c05047e00e" tests="12" skipped="3" failures="0" errors="0" time="0.69">
    <testcase time="0.0210000000000008" classname="table_32" name="Table_32_generation_works_with_default_values"/>
    <testcase time="0.0600000000000023" classname="table_32" name="Table_32_generation_works_with_default_values"/>
    <testcase time="0.103999999999999" classname="table_32" name="Table_32_generation_works_with_default_values"/>
    <testcase time="0.0420000000000016" classname="table_32" name="Table_32_generation_works_with_default_values">
      <skipped message="Reason: On CRAN ('test-table_32.R:8:3')"/>
    </testcase>
    <testcase time="0.0159999999999982" classname="table_32" name="Table_32_generation_works_with_custom_values"/>
    <testcase time="0.0579999999999998" classname="table_32" name="Table_32_generation_works_with_custom_values"/>
    <testcase time="0.126000000000005" classname="table_32" name="Table_32_generation_works_with_custom_values"/>
    <testcase time="0.0499999999999972" classname="table_32" name="Table_32_generation_works_with_custom_values">
      <skipped message="Reason: On CRAN ('test-table_32.R:30:3')"/>
    </testcase>
    <testcase time="0.0169999999999959" classname="table_32" name="Table_32_generation_works_with_pruned_rows"/>
    <testcase time="0.0590000000000046" classname="table_32" name="Table_32_generation_works_with_pruned_rows"/>
    <testcase time="0.104999999999997" classname="table_32" name="Table_32_generation_works_with_pruned_rows"/>
    <testcase time="0.0320000000000036" classname="table_32" name="Table_32_generation_works_with_pruned_rows">
      <skipped message="Reason: On CRAN ('test-table_32.R:37:3')"/>
    </testcase>
  </testsuite>
  <testsuite name="table_33" timestamp="2023-08-31T19:18:02Z" hostname="48c05047e00e" tests="12" skipped="3" failures="0" errors="0" time="1.162">
    <testcase time="0.0210000000000008" classname="table_33" name="Table_33_generation_works_with_default_values"/>
    <testcase time="0.245999999999995" classname="table_33" name="Table_33_generation_works_with_default_values"/>
    <testcase time="0.0850000000000009" classname="table_33" name="Table_33_generation_works_with_default_values"/>
    <testcase time="0.0309999999999988" classname="table_33" name="Table_33_generation_works_with_default_values">
      <skipped message="Reason: On CRAN ('test-table_33.R:8:3')"/>
    </testcase>
    <testcase time="0.0160000000000053" classname="table_33" name="Table_33_generation_works_with_custom_values"/>
    <testcase time="0.234999999999999" classname="table_33" name="Table_33_generation_works_with_custom_values"/>
    <testcase time="0.110999999999997" classname="table_33" name="Table_33_generation_works_with_custom_values"/>
    <testcase time="0.0390000000000015" classname="table_33" name="Table_33_generation_works_with_custom_values">
      <skipped message="Reason: On CRAN ('test-table_33.R:34:3')"/>
    </testcase>
    <testcase time="0.0159999999999982" classname="table_33" name="Table_33_generation_works_with_pruned_rows"/>
    <testcase time="0.237000000000002" classname="table_33" name="Table_33_generation_works_with_pruned_rows"/>
    <testcase time="0.0970000000000013" classname="table_33" name="Table_33_generation_works_with_pruned_rows"/>
    <testcase time="0.0279999999999987" classname="table_33" name="Table_33_generation_works_with_pruned_rows">
      <skipped message="Reason: On CRAN ('test-table_33.R:42:3')"/>
    </testcase>
  </testsuite>
</testsuites>
