<?xml version="1.0" encoding="UTF-8"?>
<testsuites>
  <testsuite name="table_02" timestamp="2023-08-29T19:34:55Z" hostname="d290a4853c40" tests="30" skipped="10" failures="0" errors="0" time="15.742">
    <testcase time="0.089" classname="table_02" name="Table_02_generation_works_with_default_values"/>
    <testcase time="0.604" classname="table_02" name="Table_02_generation_works_with_default_values"/>
    <testcase time="0.254999999999999" classname="table_02" name="Table_02_generation_works_with_default_values">
      <skipped message="Reason: On CRAN ('test-table_02.R:16:3')"/>
    </testcase>
    <testcase time="0.085" classname="table_02" name="Table_02_generation_works_with_custom_values"/>
    <testcase time="0.453" classname="table_02" name="Table_02_generation_works_with_custom_values"/>
    <testcase time="0.231" classname="table_02" name="Table_02_generation_works_with_custom_values">
      <skipped message="Reason: On CRAN ('test-table_02.R:45:3')"/>
    </testcase>
    <testcase time="0.0590000000000002" classname="table_02" name="Table_02_generation_works_with_some_NA_values"/>
    <testcase time="0.0999999999999996" classname="table_02" name="Table_02_generation_works_with_some_NA_values"/>
    <testcase time="0.0500000000000007" classname="table_02" name="Table_02_generation_works_with_some_NA_values">
      <skipped message="Reason: On CRAN ('test-table_02.R:57:3')"/>
    </testcase>
    <testcase time="0.0249999999999995" classname="table_02" name="Table_02_generation_tplyr_works_with_default_values"/>
    <testcase time="1.932" classname="table_02" name="Table_02_generation_tplyr_works_with_default_values"/>
    <testcase time="0.0339999999999998" classname="table_02" name="Table_02_generation_tplyr_works_with_default_values">
      <skipped message="Reason: On CRAN ('test-table_02.R:66:3')"/>
    </testcase>
    <testcase time="0.016" classname="table_02" name="Table_02_generation_tplyr_works_with_tplyr_raw_TRUE"/>
    <testcase time="1.038" classname="table_02" name="Table_02_generation_tplyr_works_with_tplyr_raw_TRUE"/>
    <testcase time="0.0260000000000016" classname="table_02" name="Table_02_generation_tplyr_works_with_tplyr_raw_TRUE">
      <skipped message="Reason: On CRAN ('test-table_02.R:75:3')"/>
    </testcase>
    <testcase time="0.0509999999999984" classname="table_02" name="Table_02_generation_tplyr_works_with_custom_values"/>
    <testcase time="2.102" classname="table_02" name="Table_02_generation_tplyr_works_with_custom_values"/>
    <testcase time="0.027000000000001" classname="table_02" name="Table_02_generation_tplyr_works_with_custom_values">
      <skipped message="Reason: On CRAN ('test-table_02.R:102:3')"/>
    </testcase>
    <testcase time="0.0410000000000004" classname="table_02" name="Table_02_generation_tplyr_works_with_some_NA_values"/>
    <testcase time="0.757999999999999" classname="table_02" name="Table_02_generation_tplyr_works_with_some_NA_values"/>
    <testcase time="0.0220000000000002" classname="table_02" name="Table_02_generation_tplyr_works_with_some_NA_values">
      <skipped message="Reason: On CRAN ('test-table_02.R:119:3')"/>
    </testcase>
    <testcase time="0.016" classname="table_02" name="Table_02_generation_gt_works_with_default_values"/>
    <testcase time="3.053" classname="table_02" name="Table_02_generation_gt_works_with_default_values"/>
    <testcase time="0.00699999999999967" classname="table_02" name="Table_02_generation_gt_works_with_default_values">
      <skipped message="Reason: On CRAN ('test-table_02.R:128:3')"/>
    </testcase>
    <testcase time="0.0510000000000002" classname="table_02" name="Table_02_generation_gt_works_with_custom_values"/>
    <testcase time="3.509" classname="table_02" name="Table_02_generation_gt_works_with_custom_values"/>
    <testcase time="0.00999999999999801" classname="table_02" name="Table_02_generation_gt_works_with_custom_values">
      <skipped message="Reason: On CRAN ('test-table_02.R:146:3')"/>
    </testcase>
    <testcase time="0.0420000000000016" classname="table_02" name="Table_02_generation_gt_works_with_some_NA_values"/>
    <testcase time="1.05" classname="table_02" name="Table_02_generation_gt_works_with_some_NA_values"/>
    <testcase time="0.00600000000000023" classname="table_02" name="Table_02_generation_gt_works_with_some_NA_values">
      <skipped message="Reason: On CRAN ('test-table_02.R:163:3')"/>
    </testcase>
  </testsuite>
  <testsuite name="table_04" timestamp="2023-08-29T19:35:10Z" hostname="d290a4853c40" tests="12" skipped="2" failures="0" errors="0" time="1.027">
    <testcase time="0.0589999999999975" classname="table_04" name="Table_04_generation_works_with_default_values"/>
    <testcase time="0.00200000000000244" classname="table_04" name="Table_04_generation_works_with_default_values"/>
    <testcase time="0.000999999999997669" classname="table_04" name="Table_04_generation_works_with_default_values"/>
    <testcase time="0.00100000000000122" classname="table_04" name="Table_04_generation_works_with_default_values"/>
    <testcase time="0.416" classname="table_04" name="Table_04_generation_works_with_default_values"/>
    <testcase time="0.105999999999998" classname="table_04" name="Table_04_generation_works_with_default_values">
      <skipped message="Reason: On CRAN ('test-table_04.R:30:3')"/>
    </testcase>
    <testcase time="0.0180000000000007" classname="table_04" name="Table_04_generation_works_with_custom_values"/>
    <testcase time="0.00100000000000122" classname="table_04" name="Table_04_generation_works_with_custom_values"/>
    <testcase time="0.00100000000000122" classname="table_04" name="Table_04_generation_works_with_custom_values"/>
    <testcase time="0.000999999999997669" classname="table_04" name="Table_04_generation_works_with_custom_values"/>
    <testcase time="0.318000000000001" classname="table_04" name="Table_04_generation_works_with_custom_values"/>
    <testcase time="0.102999999999998" classname="table_04" name="Table_04_generation_works_with_custom_values">
      <skipped message="Reason: On CRAN ('test-table_04.R:53:3')"/>
    </testcase>
  </testsuite>
  <testsuite name="table_05" timestamp="2023-08-29T19:35:11Z" hostname="d290a4853c40" tests="9" skipped="3" failures="0" errors="0" time="1.188">
    <testcase time="0.188000000000002" classname="table_05" name="Table_05_generation_works_with_default_values"/>
    <testcase time="0.233000000000001" classname="table_05" name="Table_05_generation_works_with_default_values"/>
    <testcase time="0.0909999999999975" classname="table_05" name="Table_05_generation_works_with_default_values">
      <skipped message="Reason: On CRAN ('test-table_05.R:10:3')"/>
    </testcase>
    <testcase time="0.0169999999999995" classname="table_05" name="Table_05_generation_works_with_custom_values"/>
    <testcase time="0.269000000000002" classname="table_05" name="Table_05_generation_works_with_custom_values"/>
    <testcase time="0.0820000000000007" classname="table_05" name="Table_05_generation_works_with_custom_values">
      <skipped message="Reason: On CRAN ('test-table_05.R:34:3')"/>
    </testcase>
    <testcase time="0.0190000000000019" classname="table_05" name="Table_05_generation_works_with_NA_values_pruned_rows"/>
    <testcase time="0.216000000000001" classname="table_05" name="Table_05_generation_works_with_NA_values_pruned_rows"/>
    <testcase time="0.0729999999999968" classname="table_05" name="Table_05_generation_works_with_NA_values_pruned_rows">
      <skipped message="Reason: On CRAN ('test-table_05.R:44:3')"/>
    </testcase>
  </testsuite>
  <testsuite name="table_06" timestamp="2023-08-29T19:35:12Z" hostname="d290a4853c40" tests="10" skipped="2" failures="0" errors="0" time="1.394">
    <testcase time="0.022000000000002" classname="table_06" name="Table_06_generation_works_with_default_values"/>
    <testcase time="0.00199999999999889" classname="table_06" name="Table_06_generation_works_with_default_values"/>
    <testcase time="0.0689999999999991" classname="table_06" name="Table_06_generation_works_with_default_values"/>
    <testcase time="0.421000000000003" classname="table_06" name="Table_06_generation_works_with_default_values"/>
    <testcase time="0.100999999999999" classname="table_06" name="Table_06_generation_works_with_default_values">
      <skipped message="Reason: On CRAN ('test-table_06.R:8:3')"/>
    </testcase>
    <testcase time="0.0159999999999982" classname="table_06" name="Table_06_generation_works_with_custom_values"/>
    <testcase time="0.00100000000000122" classname="table_06" name="Table_06_generation_works_with_custom_values"/>
    <testcase time="0.0569999999999986" classname="table_06" name="Table_06_generation_works_with_custom_values"/>
    <testcase time="0.535" classname="table_06" name="Table_06_generation_works_with_custom_values"/>
    <testcase time="0.170000000000002" classname="table_06" name="Table_06_generation_works_with_custom_values">
      <skipped message="Reason: On CRAN ('test-table_06.R:40:3')"/>
    </testcase>
  </testsuite>
  <testsuite name="table_07" timestamp="2023-08-29T19:35:14Z" hostname="d290a4853c40" tests="18" skipped="3" failures="0" errors="0" time="1.79">
    <testcase time="0.0259999999999998" classname="table_07" name="Table_07_generation_works_with_default_values"/>
    <testcase time="0.00100000000000122" classname="table_07" name="Table_07_generation_works_with_default_values"/>
    <testcase time="0.000999999999997669" classname="table_07" name="Table_07_generation_works_with_default_values"/>
    <testcase time="0.0410000000000004" classname="table_07" name="Table_07_generation_works_with_default_values"/>
    <testcase time="0.364000000000001" classname="table_07" name="Table_07_generation_works_with_default_values"/>
    <testcase time="0.123999999999999" classname="table_07" name="Table_07_generation_works_with_default_values">
      <skipped message="Reason: On CRAN ('test-table_07.R:13:3')"/>
    </testcase>
    <testcase time="0.0190000000000019" classname="table_07" name="Table_07_generation_works_with_custom_values"/>
    <testcase time="0.000999999999997669" classname="table_07" name="Table_07_generation_works_with_custom_values"/>
    <testcase time="0.00100000000000122" classname="table_07" name="Table_07_generation_works_with_custom_values"/>
    <testcase time="0.0500000000000007" classname="table_07" name="Table_07_generation_works_with_custom_values"/>
    <testcase time="0.486999999999998" classname="table_07" name="Table_07_generation_works_with_custom_values"/>
    <testcase time="0.155000000000001" classname="table_07" name="Table_07_generation_works_with_custom_values">
      <skipped message="Reason: On CRAN ('test-table_07.R:42:3')"/>
    </testcase>
    <testcase time="0.0219999999999985" classname="table_07" name="Table_07_generation_works_with_NA_values_pruned_rows"/>
    <testcase time="0.00100000000000122" classname="table_07" name="Table_07_generation_works_with_NA_values_pruned_rows"/>
    <testcase time="0.00199999999999889" classname="table_07" name="Table_07_generation_works_with_NA_values_pruned_rows"/>
    <testcase time="0.0470000000000006" classname="table_07" name="Table_07_generation_works_with_NA_values_pruned_rows"/>
    <testcase time="0.316000000000003" classname="table_07" name="Table_07_generation_works_with_NA_values_pruned_rows"/>
    <testcase time="0.131999999999998" classname="table_07" name="Table_07_generation_works_with_NA_values_pruned_rows">
      <skipped message="Reason: On CRAN ('test-table_07.R:52:3')"/>
    </testcase>
  </testsuite>
  <testsuite name="table_08" timestamp="2023-08-29T19:35:16Z" hostname="d290a4853c40" tests="8" skipped="2" failures="0" errors="0" time="0.449">
    <testcase time="0.036999999999999" classname="table_08" name="Table_08_generation_works_with_default_values"/>
    <testcase time="0.00200000000000244" classname="table_08" name="Table_08_generation_works_with_default_values"/>
    <testcase time="0.0519999999999996" classname="table_08" name="Table_08_generation_works_with_default_values"/>
    <testcase time="0.123000000000001" classname="table_08" name="Table_08_generation_works_with_default_values">
      <skipped message="Reason: On CRAN ('test-table_08.R:10:3')"/>
    </testcase>
    <testcase time="0.0199999999999996" classname="table_08" name="Table_08_generation_works_with_custom_values"/>
    <testcase time="0.000999999999997669" classname="table_08" name="Table_08_generation_works_with_custom_values"/>
    <testcase time="0.0549999999999997" classname="table_08" name="Table_08_generation_works_with_custom_values"/>
    <testcase time="0.159000000000002" classname="table_08" name="Table_08_generation_works_with_custom_values">
      <skipped message="Reason: On CRAN ('test-table_08.R:31:3')"/>
    </testcase>
  </testsuite>
  <testsuite name="table_09" timestamp="2023-08-29T19:35:16Z" hostname="d290a4853c40" tests="8" skipped="2" failures="0" errors="0" time="0.913">
    <testcase time="0.0359999999999978" classname="table_09" name="Table_09_generation_works_with_default_values"/>
    <testcase time="0.0450000000000017" classname="table_09" name="Table_09_generation_works_with_default_values"/>
    <testcase time="0.291" classname="table_09" name="Table_09_generation_works_with_default_values"/>
    <testcase time="0.0640000000000001" classname="table_09" name="Table_09_generation_works_with_default_values">
      <skipped message="Reason: On CRAN ('test-table_09.R:8:3')"/>
    </testcase>
    <testcase time="0.0169999999999995" classname="table_09" name="Table_09_generation_works_with_custom_values"/>
    <testcase time="0.0470000000000006" classname="table_09" name="Table_09_generation_works_with_custom_values"/>
    <testcase time="0.34" classname="table_09" name="Table_09_generation_works_with_custom_values"/>
    <testcase time="0.0730000000000004" classname="table_09" name="Table_09_generation_works_with_custom_values">
      <skipped message="Reason: On CRAN ('test-table_09.R:39:3')"/>
    </testcase>
  </testsuite>
  <testsuite name="table_10" timestamp="2023-08-29T19:35:17Z" hostname="d290a4853c40" tests="10" skipped="2" failures="0" errors="0" time="1.04">
    <testcase time="0.036999999999999" classname="table_10" name="Table_10_generation_works_with_default_values"/>
    <testcase time="0.00199999999999889" classname="table_10" name="Table_10_generation_works_with_default_values"/>
    <testcase time="0.0440000000000005" classname="table_10" name="Table_10_generation_works_with_default_values"/>
    <testcase time="0.344999999999999" classname="table_10" name="Table_10_generation_works_with_default_values"/>
    <testcase time="0.137" classname="table_10" name="Table_10_generation_works_with_default_values">
      <skipped message="Reason: On CRAN ('test-table_10.R:17:3')"/>
    </testcase>
    <testcase time="0.0210000000000008" classname="table_10" name="Table_10_generation_works_with_custom_values"/>
    <testcase time="0.00100000000000122" classname="table_10" name="Table_10_generation_works_with_custom_values"/>
    <testcase time="0.0429999999999993" classname="table_10" name="Table_10_generation_works_with_custom_values"/>
    <testcase time="0.355999999999998" classname="table_10" name="Table_10_generation_works_with_custom_values"/>
    <testcase time="0.054000000000002" classname="table_10" name="Table_10_generation_works_with_custom_values">
      <skipped message="Reason: On CRAN ('test-table_10.R:52:3')"/>
    </testcase>
  </testsuite>
  <testsuite name="table_11" timestamp="2023-08-29T19:35:18Z" hostname="d290a4853c40" tests="8" skipped="2" failures="0" errors="0" time="1.527">
    <testcase time="0.027000000000001" classname="table_11" name="Table_11_generation_works_with_default_values"/>
    <testcase time="0.0549999999999997" classname="table_11" name="Table_11_generation_works_with_default_values"/>
    <testcase time="0.597999999999999" classname="table_11" name="Table_11_generation_works_with_default_values"/>
    <testcase time="0.148" classname="table_11" name="Table_11_generation_works_with_default_values">
      <skipped message="Reason: On CRAN ('test-table_11.R:18:3')"/>
    </testcase>
    <testcase time="0.0169999999999995" classname="table_11" name="Table_11_generation_works_with_custom_values"/>
    <testcase time="0.0510000000000019" classname="table_11" name="Table_11_generation_works_with_custom_values"/>
    <testcase time="0.545999999999999" classname="table_11" name="Table_11_generation_works_with_custom_values"/>
    <testcase time="0.0850000000000009" classname="table_11" name="Table_11_generation_works_with_custom_values">
      <skipped message="Reason: On CRAN ('test-table_11.R:48:3')"/>
    </testcase>
  </testsuite>
  <testsuite name="table_12" timestamp="2023-08-29T19:35:20Z" hostname="d290a4853c40" tests="8" skipped="2" failures="0" errors="0" time="2.16">
    <testcase time="0.0249999999999986" classname="table_12" name="Table_12_generation_works_with_default_values"/>
    <testcase time="0.0590000000000011" classname="table_12" name="Table_12_generation_works_with_default_values"/>
    <testcase time="1.045" classname="table_12" name="Table_12_generation_works_with_default_values"/>
    <testcase time="0.103999999999999" classname="table_12" name="Table_12_generation_works_with_default_values">
      <skipped message="Reason: On CRAN ('test-table_12.R:9:3')"/>
    </testcase>
    <testcase time="0.0180000000000007" classname="table_12" name="Table_12_generation_works_with_custom_values"/>
    <testcase time="0.0549999999999997" classname="table_12" name="Table_12_generation_works_with_custom_values"/>
    <testcase time="0.734999999999999" classname="table_12" name="Table_12_generation_works_with_custom_values"/>
    <testcase time="0.119000000000003" classname="table_12" name="Table_12_generation_works_with_custom_values">
      <skipped message="Reason: On CRAN ('test-table_12.R:39:3')"/>
    </testcase>
  </testsuite>
  <testsuite name="table_13" timestamp="2023-08-29T19:35:22Z" hostname="d290a4853c40" tests="8" skipped="2" failures="0" errors="0" time="0.519">
    <testcase time="0.0229999999999997" classname="table_13" name="Table_13_generation_works_with_default_values"/>
    <testcase time="0.0609999999999999" classname="table_13" name="Table_13_generation_works_with_default_values"/>
    <testcase time="0.120000000000001" classname="table_13" name="Table_13_generation_works_with_default_values"/>
    <testcase time="0.0650000000000013" classname="table_13" name="Table_13_generation_works_with_default_values">
      <skipped message="Reason: On CRAN ('test-table_13.R:8:3')"/>
    </testcase>
    <testcase time="0.0229999999999997" classname="table_13" name="Table_13_generation_works_with_custom_values"/>
    <testcase time="0.0519999999999996" classname="table_13" name="Table_13_generation_works_with_custom_values"/>
    <testcase time="0.128" classname="table_13" name="Table_13_generation_works_with_custom_values"/>
    <testcase time="0.0470000000000006" classname="table_13" name="Table_13_generation_works_with_custom_values">
      <skipped message="Reason: On CRAN ('test-table_13.R:38:3')"/>
    </testcase>
  </testsuite>
  <testsuite name="table_14" timestamp="2023-08-29T19:35:22Z" hostname="d290a4853c40" tests="10" skipped="3" failures="0" errors="0" time="2.158">
    <testcase time="0.036999999999999" classname="table_14" name="Table_14_generation_works_with_default_values"/>
    <testcase time="0.503" classname="table_14" name="Table_14_generation_works_with_default_values"/>
    <testcase time="0.141999999999999" classname="table_14" name="Table_14_generation_works_with_default_values">
      <skipped message="Reason: On CRAN ('test-table_14.R:16:3')"/>
    </testcase>
    <testcase time="0.0169999999999995" classname="table_14" name="Table_14_generation_works_with_custom_values"/>
    <testcase time="0.0510000000000019" classname="table_14" name="Table_14_generation_works_with_custom_values"/>
    <testcase time="0.563999999999997" classname="table_14" name="Table_14_generation_works_with_custom_values"/>
    <testcase time="0.155000000000001" classname="table_14" name="Table_14_generation_works_with_custom_values">
      <skipped message="Reason: On CRAN ('test-table_14.R:46:3')"/>
    </testcase>
    <testcase time="0.0180000000000007" classname="table_14" name="Table_14_generation_works_with_NA_values_pruned_rows"/>
    <testcase time="0.555999999999997" classname="table_14" name="Table_14_generation_works_with_NA_values_pruned_rows"/>
    <testcase time="0.115000000000002" classname="table_14" name="Table_14_generation_works_with_NA_values_pruned_rows">
      <skipped message="Reason: On CRAN ('test-table_14.R:53:3')"/>
    </testcase>
  </testsuite>
  <testsuite name="table_20" timestamp="2023-08-29T19:35:24Z" hostname="d290a4853c40" tests="18" skipped="3" failures="0" errors="0" time="1.831">
    <testcase time="0.0279999999999987" classname="table_20" name="Table_20_generation_works_with_default_values"/>
    <testcase time="0.00100000000000477" classname="table_20" name="Table_20_generation_works_with_default_values"/>
    <testcase time="0.000999999999997669" classname="table_20" name="Table_20_generation_works_with_default_values"/>
    <testcase time="0.0570000000000022" classname="table_20" name="Table_20_generation_works_with_default_values"/>
    <testcase time="0.385999999999996" classname="table_20" name="Table_20_generation_works_with_default_values"/>
    <testcase time="0.100999999999999" classname="table_20" name="Table_20_generation_works_with_default_values">
      <skipped message="Reason: On CRAN ('test-table_20.R:17:3')"/>
    </testcase>
    <testcase time="0.0180000000000007" classname="table_20" name="Table_20_generation_works_with_custom_values"/>
    <testcase time="0.000999999999997669" classname="table_20" name="Table_20_generation_works_with_custom_values"/>
    <testcase time="0.00200000000000244" classname="table_20" name="Table_20_generation_works_with_custom_values"/>
    <testcase time="0.046999999999997" classname="table_20" name="Table_20_generation_works_with_custom_values"/>
    <testcase time="0.588000000000001" classname="table_20" name="Table_20_generation_works_with_custom_values"/>
    <testcase time="0.119" classname="table_20" name="Table_20_generation_works_with_custom_values">
      <skipped message="Reason: On CRAN ('test-table_20.R:65:3')"/>
    </testcase>
    <testcase time="0.0180000000000007" classname="table_20" name="Table_20_generation_works_with_missing_values_pruned_rows"/>
    <testcase time="0.00200000000000244" classname="table_20" name="Table_20_generation_works_with_missing_values_pruned_rows"/>
    <testcase time="0.000999999999997669" classname="table_20" name="Table_20_generation_works_with_missing_values_pruned_rows"/>
    <testcase time="0.0489999999999995" classname="table_20" name="Table_20_generation_works_with_missing_values_pruned_rows"/>
    <testcase time="0.333999999999996" classname="table_20" name="Table_20_generation_works_with_missing_values_pruned_rows"/>
    <testcase time="0.078000000000003" classname="table_20" name="Table_20_generation_works_with_missing_values_pruned_rows">
      <skipped message="Reason: On CRAN ('test-table_20.R:74:3')"/>
    </testcase>
  </testsuite>
  <testsuite name="table_32" timestamp="2023-08-29T19:35:26Z" hostname="d290a4853c40" tests="12" skipped="3" failures="0" errors="0" time="0.736">
    <testcase time="0.0219999999999985" classname="table_32" name="Table_32_generation_works_with_default_values"/>
    <testcase time="0.0600000000000023" classname="table_32" name="Table_32_generation_works_with_default_values"/>
    <testcase time="0.103999999999999" classname="table_32" name="Table_32_generation_works_with_default_values"/>
    <testcase time="0.044000000000004" classname="table_32" name="Table_32_generation_works_with_default_values">
      <skipped message="Reason: On CRAN ('test-table_32.R:8:3')"/>
    </testcase>
    <testcase time="0.0179999999999936" classname="table_32" name="Table_32_generation_works_with_custom_values"/>
    <testcase time="0.0530000000000044" classname="table_32" name="Table_32_generation_works_with_custom_values"/>
    <testcase time="0.149000000000001" classname="table_32" name="Table_32_generation_works_with_custom_values"/>
    <testcase time="0.0559999999999974" classname="table_32" name="Table_32_generation_works_with_custom_values">
      <skipped message="Reason: On CRAN ('test-table_32.R:30:3')"/>
    </testcase>
    <testcase time="0.0180000000000007" classname="table_32" name="Table_32_generation_works_with_pruned_rows"/>
    <testcase time="0.0619999999999976" classname="table_32" name="Table_32_generation_works_with_pruned_rows"/>
    <testcase time="0.115000000000002" classname="table_32" name="Table_32_generation_works_with_pruned_rows"/>
    <testcase time="0.0349999999999966" classname="table_32" name="Table_32_generation_works_with_pruned_rows">
      <skipped message="Reason: On CRAN ('test-table_32.R:37:3')"/>
    </testcase>
  </testsuite>
  <testsuite name="table_33" timestamp="2023-08-29T19:35:27Z" hostname="d290a4853c40" tests="12" skipped="3" failures="0" errors="0" time="1.261">
    <testcase time="0.0219999999999985" classname="table_33" name="Table_33_generation_works_with_default_values"/>
    <testcase time="0.253" classname="table_33" name="Table_33_generation_works_with_default_values"/>
    <testcase time="0.0889999999999986" classname="table_33" name="Table_33_generation_works_with_default_values"/>
    <testcase time="0.0330000000000013" classname="table_33" name="Table_33_generation_works_with_default_values">
      <skipped message="Reason: On CRAN ('test-table_33.R:8:3')"/>
    </testcase>
    <testcase time="0.0159999999999982" classname="table_33" name="Table_33_generation_works_with_custom_values"/>
    <testcase time="0.266000000000005" classname="table_33" name="Table_33_generation_works_with_custom_values"/>
    <testcase time="0.128999999999998" classname="table_33" name="Table_33_generation_works_with_custom_values"/>
    <testcase time="0.0429999999999993" classname="table_33" name="Table_33_generation_works_with_custom_values">
      <skipped message="Reason: On CRAN ('test-table_33.R:34:3')"/>
    </testcase>
    <testcase time="0.0180000000000007" classname="table_33" name="Table_33_generation_works_with_pruned_rows"/>
    <testcase time="0.253999999999998" classname="table_33" name="Table_33_generation_works_with_pruned_rows"/>
    <testcase time="0.106999999999999" classname="table_33" name="Table_33_generation_works_with_pruned_rows"/>
    <testcase time="0.0309999999999988" classname="table_33" name="Table_33_generation_works_with_pruned_rows">
      <skipped message="Reason: On CRAN ('test-table_33.R:42:3')"/>
    </testcase>
  </testsuite>
</testsuites>
