<?xml version="1.0" encoding="UTF-8"?>
<testsuites>
  <testsuite name="table_02" timestamp="2023-08-29T14:10:30Z" hostname="f193013274d1" tests="30" skipped="10" failures="0" errors="0" time="17.021">
    <testcase time="0.093" classname="table_02" name="Table_02_generation_works_with_default_values"/>
    <testcase time="0.63" classname="table_02" name="Table_02_generation_works_with_default_values"/>
    <testcase time="0.267" classname="table_02" name="Table_02_generation_works_with_default_values">
      <skipped message="Reason: On CRAN ('test-table_02.R:16:3')"/>
    </testcase>
    <testcase time="0.0830000000000002" classname="table_02" name="Table_02_generation_works_with_custom_values"/>
    <testcase time="0.476" classname="table_02" name="Table_02_generation_works_with_custom_values"/>
    <testcase time="0.282999999999999" classname="table_02" name="Table_02_generation_works_with_custom_values">
      <skipped message="Reason: On CRAN ('test-table_02.R:45:3')"/>
    </testcase>
    <testcase time="0.0659999999999998" classname="table_02" name="Table_02_generation_works_with_some_NA_values"/>
    <testcase time="0.11" classname="table_02" name="Table_02_generation_works_with_some_NA_values"/>
    <testcase time="0.0590000000000002" classname="table_02" name="Table_02_generation_works_with_some_NA_values">
      <skipped message="Reason: On CRAN ('test-table_02.R:57:3')"/>
    </testcase>
    <testcase time="0.0279999999999996" classname="table_02" name="Table_02_generation_tplyr_works_with_default_values"/>
    <testcase time="2.104" classname="table_02" name="Table_02_generation_tplyr_works_with_default_values"/>
    <testcase time="0.0380000000000003" classname="table_02" name="Table_02_generation_tplyr_works_with_default_values">
      <skipped message="Reason: On CRAN ('test-table_02.R:66:3')"/>
    </testcase>
    <testcase time="0.0190000000000001" classname="table_02" name="Table_02_generation_tplyr_works_with_tplyr_raw_TRUE"/>
    <testcase time="1.303" classname="table_02" name="Table_02_generation_tplyr_works_with_tplyr_raw_TRUE"/>
    <testcase time="0.0269999999999992" classname="table_02" name="Table_02_generation_tplyr_works_with_tplyr_raw_TRUE">
      <skipped message="Reason: On CRAN ('test-table_02.R:75:3')"/>
    </testcase>
    <testcase time="0.0500000000000007" classname="table_02" name="Table_02_generation_tplyr_works_with_custom_values"/>
    <testcase time="2.054" classname="table_02" name="Table_02_generation_tplyr_works_with_custom_values"/>
    <testcase time="0.0269999999999992" classname="table_02" name="Table_02_generation_tplyr_works_with_custom_values">
      <skipped message="Reason: On CRAN ('test-table_02.R:102:3')"/>
    </testcase>
    <testcase time="0.043000000000001" classname="table_02" name="Table_02_generation_tplyr_works_with_some_NA_values"/>
    <testcase time="0.818999999999999" classname="table_02" name="Table_02_generation_tplyr_works_with_some_NA_values"/>
    <testcase time="0.0250000000000004" classname="table_02" name="Table_02_generation_tplyr_works_with_some_NA_values">
      <skipped message="Reason: On CRAN ('test-table_02.R:119:3')"/>
    </testcase>
    <testcase time="0.0180000000000007" classname="table_02" name="Table_02_generation_gt_works_with_default_values"/>
    <testcase time="3.333" classname="table_02" name="Table_02_generation_gt_works_with_default_values"/>
    <testcase time="0.00699999999999967" classname="table_02" name="Table_02_generation_gt_works_with_default_values">
      <skipped message="Reason: On CRAN ('test-table_02.R:128:3')"/>
    </testcase>
    <testcase time="0.0590000000000011" classname="table_02" name="Table_02_generation_gt_works_with_custom_values"/>
    <testcase time="3.884" classname="table_02" name="Table_02_generation_gt_works_with_custom_values"/>
    <testcase time="0.0069999999999979" classname="table_02" name="Table_02_generation_gt_works_with_custom_values">
      <skipped message="Reason: On CRAN ('test-table_02.R:146:3')"/>
    </testcase>
    <testcase time="0.0440000000000005" classname="table_02" name="Table_02_generation_gt_works_with_some_NA_values"/>
    <testcase time="1.058" classname="table_02" name="Table_02_generation_gt_works_with_some_NA_values"/>
    <testcase time="0.00700000000000145" classname="table_02" name="Table_02_generation_gt_works_with_some_NA_values">
      <skipped message="Reason: On CRAN ('test-table_02.R:163:3')"/>
    </testcase>
  </testsuite>
  <testsuite name="table_04" timestamp="2023-08-29T14:10:47Z" hostname="f193013274d1" tests="12" skipped="2" failures="0" errors="0" time="1.122">
    <testcase time="0.0509999999999984" classname="table_04" name="Table_04_generation_works_with_default_values"/>
    <testcase time="0.00100000000000122" classname="table_04" name="Table_04_generation_works_with_default_values"/>
    <testcase time="0.000999999999997669" classname="table_04" name="Table_04_generation_works_with_default_values"/>
    <testcase time="0.00100000000000122" classname="table_04" name="Table_04_generation_works_with_default_values"/>
    <testcase time="0.460999999999999" classname="table_04" name="Table_04_generation_works_with_default_values"/>
    <testcase time="0.122" classname="table_04" name="Table_04_generation_works_with_default_values">
      <skipped message="Reason: On CRAN ('test-table_04.R:30:3')"/>
    </testcase>
    <testcase time="0.0180000000000007" classname="table_04" name="Table_04_generation_works_with_custom_values"/>
    <testcase time="0.00100000000000122" classname="table_04" name="Table_04_generation_works_with_custom_values"/>
    <testcase time="0.000999999999997669" classname="table_04" name="Table_04_generation_works_with_custom_values"/>
    <testcase time="0.00100000000000122" classname="table_04" name="Table_04_generation_works_with_custom_values"/>
    <testcase time="0.343999999999998" classname="table_04" name="Table_04_generation_works_with_custom_values"/>
    <testcase time="0.120000000000001" classname="table_04" name="Table_04_generation_works_with_custom_values">
      <skipped message="Reason: On CRAN ('test-table_04.R:53:3')"/>
    </testcase>
  </testsuite>
  <testsuite name="table_05" timestamp="2023-08-29T14:10:48Z" hostname="f193013274d1" tests="9" skipped="3" failures="0" errors="0" time="1.274">
    <testcase time="0.210000000000001" classname="table_05" name="Table_05_generation_works_with_default_values"/>
    <testcase time="0.245000000000001" classname="table_05" name="Table_05_generation_works_with_default_values"/>
    <testcase time="0.0909999999999975" classname="table_05" name="Table_05_generation_works_with_default_values">
      <skipped message="Reason: On CRAN ('test-table_05.R:10:3')"/>
    </testcase>
    <testcase time="0.0180000000000007" classname="table_05" name="Table_05_generation_works_with_custom_values"/>
    <testcase time="0.298999999999999" classname="table_05" name="Table_05_generation_works_with_custom_values"/>
    <testcase time="0.103000000000002" classname="table_05" name="Table_05_generation_works_with_custom_values">
      <skipped message="Reason: On CRAN ('test-table_05.R:34:3')"/>
    </testcase>
    <testcase time="0.0189999999999984" classname="table_05" name="Table_05_generation_works_with_NA_values_pruned_rows"/>
    <testcase time="0.207000000000001" classname="table_05" name="Table_05_generation_works_with_NA_values_pruned_rows"/>
    <testcase time="0.0820000000000007" classname="table_05" name="Table_05_generation_works_with_NA_values_pruned_rows">
      <skipped message="Reason: On CRAN ('test-table_05.R:44:3')"/>
    </testcase>
  </testsuite>
  <testsuite name="table_06" timestamp="2023-08-29T14:10:50Z" hostname="f193013274d1" tests="10" skipped="2" failures="0" errors="0" time="1.466">
    <testcase time="0.0229999999999997" classname="table_06" name="Table_06_generation_works_with_default_values"/>
    <testcase time="0.00100000000000122" classname="table_06" name="Table_06_generation_works_with_default_values"/>
    <testcase time="0.0609999999999999" classname="table_06" name="Table_06_generation_works_with_default_values"/>
    <testcase time="0.427999999999997" classname="table_06" name="Table_06_generation_works_with_default_values"/>
    <testcase time="0.120000000000001" classname="table_06" name="Table_06_generation_works_with_default_values">
      <skipped message="Reason: On CRAN ('test-table_06.R:8:3')"/>
    </testcase>
    <testcase time="0.0180000000000007" classname="table_06" name="Table_06_generation_works_with_custom_values"/>
    <testcase time="0.00100000000000122" classname="table_06" name="Table_06_generation_works_with_custom_values"/>
    <testcase time="0.0609999999999999" classname="table_06" name="Table_06_generation_works_with_custom_values"/>
    <testcase time="0.559999999999999" classname="table_06" name="Table_06_generation_works_with_custom_values"/>
    <testcase time="0.193000000000001" classname="table_06" name="Table_06_generation_works_with_custom_values">
      <skipped message="Reason: On CRAN ('test-table_06.R:40:3')"/>
    </testcase>
  </testsuite>
  <testsuite name="table_07" timestamp="2023-08-29T14:10:51Z" hostname="f193013274d1" tests="18" skipped="3" failures="0" errors="0" time="1.967">
    <testcase time="0.0289999999999999" classname="table_07" name="Table_07_generation_works_with_default_values"/>
    <testcase time="0.00199999999999889" classname="table_07" name="Table_07_generation_works_with_default_values"/>
    <testcase time="0.00100000000000122" classname="table_07" name="Table_07_generation_works_with_default_values"/>
    <testcase time="0.0559999999999974" classname="table_07" name="Table_07_generation_works_with_default_values"/>
    <testcase time="0.43" classname="table_07" name="Table_07_generation_works_with_default_values"/>
    <testcase time="0.138000000000002" classname="table_07" name="Table_07_generation_works_with_default_values">
      <skipped message="Reason: On CRAN ('test-table_07.R:13:3')"/>
    </testcase>
    <testcase time="0.0189999999999984" classname="table_07" name="Table_07_generation_works_with_custom_values"/>
    <testcase time="0.00100000000000122" classname="table_07" name="Table_07_generation_works_with_custom_values"/>
    <testcase time="0.00199999999999889" classname="table_07" name="Table_07_generation_works_with_custom_values"/>
    <testcase time="0.0470000000000006" classname="table_07" name="Table_07_generation_works_with_custom_values"/>
    <testcase time="0.510000000000002" classname="table_07" name="Table_07_generation_works_with_custom_values"/>
    <testcase time="0.183999999999997" classname="table_07" name="Table_07_generation_works_with_custom_values">
      <skipped message="Reason: On CRAN ('test-table_07.R:42:3')"/>
    </testcase>
    <testcase time="0.0180000000000007" classname="table_07" name="Table_07_generation_works_with_NA_values_pruned_rows"/>
    <testcase time="0.00100000000000122" classname="table_07" name="Table_07_generation_works_with_NA_values_pruned_rows"/>
    <testcase time="0.00199999999999889" classname="table_07" name="Table_07_generation_works_with_NA_values_pruned_rows"/>
    <testcase time="0.0459999999999994" classname="table_07" name="Table_07_generation_works_with_NA_values_pruned_rows"/>
    <testcase time="0.339000000000002" classname="table_07" name="Table_07_generation_works_with_NA_values_pruned_rows"/>
    <testcase time="0.141999999999999" classname="table_07" name="Table_07_generation_works_with_NA_values_pruned_rows">
      <skipped message="Reason: On CRAN ('test-table_07.R:52:3')"/>
    </testcase>
  </testsuite>
  <testsuite name="table_08" timestamp="2023-08-29T14:10:53Z" hostname="f193013274d1" tests="8" skipped="2" failures="0" errors="0" time="0.478">
    <testcase time="0.0240000000000009" classname="table_08" name="Table_08_generation_works_with_default_values"/>
    <testcase time="0.00199999999999889" classname="table_08" name="Table_08_generation_works_with_default_values"/>
    <testcase time="0.0530000000000008" classname="table_08" name="Table_08_generation_works_with_default_values"/>
    <testcase time="0.138999999999999" classname="table_08" name="Table_08_generation_works_with_default_values">
      <skipped message="Reason: On CRAN ('test-table_08.R:10:3')"/>
    </testcase>
    <testcase time="0.0189999999999984" classname="table_08" name="Table_08_generation_works_with_custom_values"/>
    <testcase time="0.00100000000000122" classname="table_08" name="Table_08_generation_works_with_custom_values"/>
    <testcase time="0.0519999999999996" classname="table_08" name="Table_08_generation_works_with_custom_values"/>
    <testcase time="0.188000000000002" classname="table_08" name="Table_08_generation_works_with_custom_values">
      <skipped message="Reason: On CRAN ('test-table_08.R:31:3')"/>
    </testcase>
  </testsuite>
  <testsuite name="table_09" timestamp="2023-08-29T14:10:53Z" hostname="f193013274d1" tests="8" skipped="2" failures="0" errors="0" time="0.995">
    <testcase time="0.0229999999999997" classname="table_09" name="Table_09_generation_works_with_default_values"/>
    <testcase time="0.0549999999999997" classname="table_09" name="Table_09_generation_works_with_default_values"/>
    <testcase time="0.292999999999999" classname="table_09" name="Table_09_generation_works_with_default_values"/>
    <testcase time="0.0730000000000004" classname="table_09" name="Table_09_generation_works_with_default_values">
      <skipped message="Reason: On CRAN ('test-table_09.R:8:3')"/>
    </testcase>
    <testcase time="0.027000000000001" classname="table_09" name="Table_09_generation_works_with_custom_values"/>
    <testcase time="0.0489999999999995" classname="table_09" name="Table_09_generation_works_with_custom_values"/>
    <testcase time="0.387999999999998" classname="table_09" name="Table_09_generation_works_with_custom_values"/>
    <testcase time="0.0869999999999997" classname="table_09" name="Table_09_generation_works_with_custom_values">
      <skipped message="Reason: On CRAN ('test-table_09.R:39:3')"/>
    </testcase>
  </testsuite>
  <testsuite name="table_10" timestamp="2023-08-29T14:10:54Z" hostname="f193013274d1" tests="10" skipped="2" failures="0" errors="0" time="1.114">
    <testcase time="0.0289999999999999" classname="table_10" name="Table_10_generation_works_with_default_values"/>
    <testcase time="0.00100000000000122" classname="table_10" name="Table_10_generation_works_with_default_values"/>
    <testcase time="0.0609999999999999" classname="table_10" name="Table_10_generation_works_with_default_values"/>
    <testcase time="0.387" classname="table_10" name="Table_10_generation_works_with_default_values"/>
    <testcase time="0.143999999999998" classname="table_10" name="Table_10_generation_works_with_default_values">
      <skipped message="Reason: On CRAN ('test-table_10.R:17:3')"/>
    </testcase>
    <testcase time="0.0180000000000007" classname="table_10" name="Table_10_generation_works_with_custom_values"/>
    <testcase time="0.00100000000000122" classname="table_10" name="Table_10_generation_works_with_custom_values"/>
    <testcase time="0.0429999999999993" classname="table_10" name="Table_10_generation_works_with_custom_values"/>
    <testcase time="0.364000000000001" classname="table_10" name="Table_10_generation_works_with_custom_values"/>
    <testcase time="0.0659999999999989" classname="table_10" name="Table_10_generation_works_with_custom_values">
      <skipped message="Reason: On CRAN ('test-table_10.R:52:3')"/>
    </testcase>
  </testsuite>
  <testsuite name="table_11" timestamp="2023-08-29T14:10:56Z" hostname="f193013274d1" tests="8" skipped="2" failures="0" errors="0" time="1.617">
    <testcase time="0.0279999999999987" classname="table_11" name="Table_11_generation_works_with_default_values"/>
    <testcase time="0.0549999999999997" classname="table_11" name="Table_11_generation_works_with_default_values"/>
    <testcase time="0.625" classname="table_11" name="Table_11_generation_works_with_default_values"/>
    <testcase time="0.169" classname="table_11" name="Table_11_generation_works_with_default_values">
      <skipped message="Reason: On CRAN ('test-table_11.R:18:3')"/>
    </testcase>
    <testcase time="0.0180000000000007" classname="table_11" name="Table_11_generation_works_with_custom_values"/>
    <testcase time="0.0489999999999995" classname="table_11" name="Table_11_generation_works_with_custom_values"/>
    <testcase time="0.584" classname="table_11" name="Table_11_generation_works_with_custom_values"/>
    <testcase time="0.0890000000000022" classname="table_11" name="Table_11_generation_works_with_custom_values">
      <skipped message="Reason: On CRAN ('test-table_11.R:48:3')"/>
    </testcase>
  </testsuite>
  <testsuite name="table_12" timestamp="2023-08-29T14:10:57Z" hostname="f193013274d1" tests="8" skipped="2" failures="0" errors="0" time="2.371">
    <testcase time="0.0240000000000009" classname="table_12" name="Table_12_generation_works_with_default_values"/>
    <testcase time="0.0579999999999998" classname="table_12" name="Table_12_generation_works_with_default_values"/>
    <testcase time="1.065" classname="table_12" name="Table_12_generation_works_with_default_values"/>
    <testcase time="0.167000000000002" classname="table_12" name="Table_12_generation_works_with_default_values">
      <skipped message="Reason: On CRAN ('test-table_12.R:9:3')"/>
    </testcase>
    <testcase time="0.0259999999999998" classname="table_12" name="Table_12_generation_works_with_custom_values"/>
    <testcase time="0.0629999999999988" classname="table_12" name="Table_12_generation_works_with_custom_values"/>
    <testcase time="0.841999999999999" classname="table_12" name="Table_12_generation_works_with_custom_values"/>
    <testcase time="0.126000000000005" classname="table_12" name="Table_12_generation_works_with_custom_values">
      <skipped message="Reason: On CRAN ('test-table_12.R:39:3')"/>
    </testcase>
  </testsuite>
  <testsuite name="table_13" timestamp="2023-08-29T14:11:00Z" hostname="f193013274d1" tests="8" skipped="2" failures="0" errors="0" time="0.577">
    <testcase time="0.0229999999999961" classname="table_13" name="Table_13_generation_works_with_default_values"/>
    <testcase time="0.0579999999999998" classname="table_13" name="Table_13_generation_works_with_default_values"/>
    <testcase time="0.136000000000003" classname="table_13" name="Table_13_generation_works_with_default_values"/>
    <testcase time="0.0779999999999959" classname="table_13" name="Table_13_generation_works_with_default_values">
      <skipped message="Reason: On CRAN ('test-table_13.R:8:3')"/>
    </testcase>
    <testcase time="0.027000000000001" classname="table_13" name="Table_13_generation_works_with_custom_values"/>
    <testcase time="0.0530000000000044" classname="table_13" name="Table_13_generation_works_with_custom_values"/>
    <testcase time="0.145999999999994" classname="table_13" name="Table_13_generation_works_with_custom_values"/>
    <testcase time="0.0560000000000045" classname="table_13" name="Table_13_generation_works_with_custom_values">
      <skipped message="Reason: On CRAN ('test-table_13.R:38:3')"/>
    </testcase>
  </testsuite>
  <testsuite name="table_14" timestamp="2023-08-29T14:11:00Z" hostname="f193013274d1" tests="10" skipped="3" failures="0" errors="0" time="2.371">
    <testcase time="0.0390000000000015" classname="table_14" name="Table_14_generation_works_with_default_values"/>
    <testcase time="0.573999999999998" classname="table_14" name="Table_14_generation_works_with_default_values"/>
    <testcase time="0.167999999999999" classname="table_14" name="Table_14_generation_works_with_default_values">
      <skipped message="Reason: On CRAN ('test-table_14.R:16:3')"/>
    </testcase>
    <testcase time="0.0180000000000007" classname="table_14" name="Table_14_generation_works_with_custom_values"/>
    <testcase time="0.0529999999999973" classname="table_14" name="Table_14_generation_works_with_custom_values"/>
    <testcase time="0.615000000000002" classname="table_14" name="Table_14_generation_works_with_custom_values"/>
    <testcase time="0.177999999999997" classname="table_14" name="Table_14_generation_works_with_custom_values">
      <skipped message="Reason: On CRAN ('test-table_14.R:46:3')"/>
    </testcase>
    <testcase time="0.0180000000000007" classname="table_14" name="Table_14_generation_works_with_NA_values_pruned_rows"/>
    <testcase time="0.572000000000003" classname="table_14" name="Table_14_generation_works_with_NA_values_pruned_rows"/>
    <testcase time="0.136000000000003" classname="table_14" name="Table_14_generation_works_with_NA_values_pruned_rows">
      <skipped message="Reason: On CRAN ('test-table_14.R:53:3')"/>
    </testcase>
  </testsuite>
  <testsuite name="table_20" timestamp="2023-08-29T14:11:02Z" hostname="f193013274d1" tests="18" skipped="3" failures="0" errors="0" time="2.005">
    <testcase time="0.0289999999999964" classname="table_20" name="Table_20_generation_works_with_default_values"/>
    <testcase time="0.00200000000000244" classname="table_20" name="Table_20_generation_works_with_default_values"/>
    <testcase time="0.000999999999997669" classname="table_20" name="Table_20_generation_works_with_default_values"/>
    <testcase time="0.0549999999999997" classname="table_20" name="Table_20_generation_works_with_default_values"/>
    <testcase time="0.438000000000002" classname="table_20" name="Table_20_generation_works_with_default_values"/>
    <testcase time="0.116" classname="table_20" name="Table_20_generation_works_with_default_values">
      <skipped message="Reason: On CRAN ('test-table_20.R:17:3')"/>
    </testcase>
    <testcase time="0.0180000000000007" classname="table_20" name="Table_20_generation_works_with_custom_values"/>
    <testcase time="0.000999999999997669" classname="table_20" name="Table_20_generation_works_with_custom_values"/>
    <testcase time="0.00200000000000244" classname="table_20" name="Table_20_generation_works_with_custom_values"/>
    <testcase time="0.0489999999999995" classname="table_20" name="Table_20_generation_works_with_custom_values"/>
    <testcase time="0.622" classname="table_20" name="Table_20_generation_works_with_custom_values"/>
    <testcase time="0.132999999999996" classname="table_20" name="Table_20_generation_works_with_custom_values">
      <skipped message="Reason: On CRAN ('test-table_20.R:65:3')"/>
    </testcase>
    <testcase time="0.0180000000000007" classname="table_20" name="Table_20_generation_works_with_missing_values_pruned_rows"/>
    <testcase time="0.00100000000000477" classname="table_20" name="Table_20_generation_works_with_missing_values_pruned_rows"/>
    <testcase time="0.000999999999997669" classname="table_20" name="Table_20_generation_works_with_missing_values_pruned_rows"/>
    <testcase time="0.0489999999999995" classname="table_20" name="Table_20_generation_works_with_missing_values_pruned_rows"/>
    <testcase time="0.372999999999998" classname="table_20" name="Table_20_generation_works_with_missing_values_pruned_rows"/>
    <testcase time="0.0970000000000013" classname="table_20" name="Table_20_generation_works_with_missing_values_pruned_rows">
      <skipped message="Reason: On CRAN ('test-table_20.R:74:3')"/>
    </testcase>
  </testsuite>
  <testsuite name="table_32" timestamp="2023-08-29T14:11:04Z" hostname="f193013274d1" tests="12" skipped="3" failures="0" errors="0" time="0.8">
    <testcase time="0.0230000000000032" classname="table_32" name="Table_32_generation_works_with_default_values"/>
    <testcase time="0.0649999999999977" classname="table_32" name="Table_32_generation_works_with_default_values"/>
    <testcase time="0.121000000000002" classname="table_32" name="Table_32_generation_works_with_default_values"/>
    <testcase time="0.0549999999999997" classname="table_32" name="Table_32_generation_works_with_default_values">
      <skipped message="Reason: On CRAN ('test-table_32.R:8:3')"/>
    </testcase>
    <testcase time="0.0189999999999984" classname="table_32" name="Table_32_generation_works_with_custom_values"/>
    <testcase time="0.0559999999999974" classname="table_32" name="Table_32_generation_works_with_custom_values"/>
    <testcase time="0.152000000000001" classname="table_32" name="Table_32_generation_works_with_custom_values"/>
    <testcase time="0.0620000000000047" classname="table_32" name="Table_32_generation_works_with_custom_values">
      <skipped message="Reason: On CRAN ('test-table_32.R:30:3')"/>
    </testcase>
    <testcase time="0.0179999999999936" classname="table_32" name="Table_32_generation_works_with_pruned_rows"/>
    <testcase time="0.0640000000000001" classname="table_32" name="Table_32_generation_works_with_pruned_rows"/>
    <testcase time="0.126000000000005" classname="table_32" name="Table_32_generation_works_with_pruned_rows"/>
    <testcase time="0.0390000000000015" classname="table_32" name="Table_32_generation_works_with_pruned_rows">
      <skipped message="Reason: On CRAN ('test-table_32.R:37:3')"/>
    </testcase>
  </testsuite>
  <testsuite name="table_33" timestamp="2023-08-29T14:11:05Z" hostname="f193013274d1" tests="12" skipped="3" failures="0" errors="0" time="1.588">
    <testcase time="0.0229999999999961" classname="table_33" name="Table_33_generation_works_with_default_values"/>
    <testcase time="0.372" classname="table_33" name="Table_33_generation_works_with_default_values"/>
    <testcase time="0.0960000000000036" classname="table_33" name="Table_33_generation_works_with_default_values"/>
    <testcase time="0.0399999999999991" classname="table_33" name="Table_33_generation_works_with_default_values">
      <skipped message="Reason: On CRAN ('test-table_33.R:8:3')"/>
    </testcase>
    <testcase time="0.0180000000000007" classname="table_33" name="Table_33_generation_works_with_custom_values"/>
    <testcase time="0.369" classname="table_33" name="Table_33_generation_works_with_custom_values"/>
    <testcase time="0.122" classname="table_33" name="Table_33_generation_works_with_custom_values"/>
    <testcase time="0.0459999999999994" classname="table_33" name="Table_33_generation_works_with_custom_values">
      <skipped message="Reason: On CRAN ('test-table_33.R:34:3')"/>
    </testcase>
    <testcase time="0.0180000000000007" classname="table_33" name="Table_33_generation_works_with_pruned_rows"/>
    <testcase time="0.347000000000001" classname="table_33" name="Table_33_generation_works_with_pruned_rows"/>
    <testcase time="0.103999999999999" classname="table_33" name="Table_33_generation_works_with_pruned_rows"/>
    <testcase time="0.0329999999999941" classname="table_33" name="Table_33_generation_works_with_pruned_rows">
      <skipped message="Reason: On CRAN ('test-table_33.R:42:3')"/>
    </testcase>
  </testsuite>
</testsuites>
