<?xml version="1.0" encoding="UTF-8"?>
<testsuites>
  <testsuite name="table_02" timestamp="2023-11-03T15:59:38Z" hostname="5b266ad4c067" tests="30" skipped="10" failures="0" errors="0" time="21.574">
    <testcase time="0.103" classname="table_02" name="Table_02_generation_works_with_default_values"/>
    <testcase time="0.666" classname="table_02" name="Table_02_generation_works_with_default_values"/>
    <testcase time="0.342000000000001" classname="table_02" name="Table_02_generation_works_with_default_values">
      <skipped message="Reason: On CRAN ('test-table_02.R:16:3')"/>
    </testcase>
    <testcase time="0.103" classname="table_02" name="Table_02_generation_works_with_custom_values"/>
    <testcase time="0.545" classname="table_02" name="Table_02_generation_works_with_custom_values"/>
    <testcase time="0.339" classname="table_02" name="Table_02_generation_works_with_custom_values">
      <skipped message="Reason: On CRAN ('test-table_02.R:45:3')"/>
    </testcase>
    <testcase time="0.0819999999999999" classname="table_02" name="Table_02_generation_works_with_some_NA_values"/>
    <testcase time="0.143" classname="table_02" name="Table_02_generation_works_with_some_NA_values"/>
    <testcase time="0.0730000000000004" classname="table_02" name="Table_02_generation_works_with_some_NA_values">
      <skipped message="Reason: On CRAN ('test-table_02.R:57:3')"/>
    </testcase>
    <testcase time="0.0259999999999998" classname="table_02" name="Table_02_generation_tplyr_works_with_default_values"/>
    <testcase time="2.511" classname="table_02" name="Table_02_generation_tplyr_works_with_default_values"/>
    <testcase time="0.0449999999999999" classname="table_02" name="Table_02_generation_tplyr_works_with_default_values">
      <skipped message="Reason: On CRAN ('test-table_02.R:66:3')"/>
    </testcase>
    <testcase time="0.0359999999999996" classname="table_02" name="Table_02_generation_tplyr_works_with_tplyr_raw_TRUE"/>
    <testcase time="1.593" classname="table_02" name="Table_02_generation_tplyr_works_with_tplyr_raw_TRUE"/>
    <testcase time="0.0329999999999995" classname="table_02" name="Table_02_generation_tplyr_works_with_tplyr_raw_TRUE">
      <skipped message="Reason: On CRAN ('test-table_02.R:75:3')"/>
    </testcase>
    <testcase time="0.0649999999999995" classname="table_02" name="Table_02_generation_tplyr_works_with_custom_values"/>
    <testcase time="2.474" classname="table_02" name="Table_02_generation_tplyr_works_with_custom_values"/>
    <testcase time="0.0340000000000007" classname="table_02" name="Table_02_generation_tplyr_works_with_custom_values">
      <skipped message="Reason: On CRAN ('test-table_02.R:102:3')"/>
    </testcase>
    <testcase time="0.0629999999999988" classname="table_02" name="Table_02_generation_tplyr_works_with_some_NA_values"/>
    <testcase time="0.978" classname="table_02" name="Table_02_generation_tplyr_works_with_some_NA_values"/>
    <testcase time="0.0310000000000006" classname="table_02" name="Table_02_generation_tplyr_works_with_some_NA_values">
      <skipped message="Reason: On CRAN ('test-table_02.R:119:3')"/>
    </testcase>
    <testcase time="0.0259999999999998" classname="table_02" name="Table_02_generation_gtsum_works_with_default_values"/>
    <testcase time="4.41" classname="table_02" name="Table_02_generation_gtsum_works_with_default_values"/>
    <testcase time="0.0139999999999993" classname="table_02" name="Table_02_generation_gtsum_works_with_default_values">
      <skipped message="Reason: On CRAN ('test-table_02.R:128:3')"/>
    </testcase>
    <testcase time="0.0670000000000002" classname="table_02" name="Table_02_generation_gtsum_works_with_custom_values"/>
    <testcase time="5.028" classname="table_02" name="Table_02_generation_gtsum_works_with_custom_values"/>
    <testcase time="0.0120000000000005" classname="table_02" name="Table_02_generation_gtsum_works_with_custom_values">
      <skipped message="Reason: On CRAN ('test-table_02.R:146:3')"/>
    </testcase>
    <testcase time="0.0579999999999998" classname="table_02" name="Table_02_generation_gtsum_works_with_some_NA_values"/>
    <testcase time="1.661" classname="table_02" name="Table_02_generation_gtsum_works_with_some_NA_values"/>
    <testcase time="0.0129999999999981" classname="table_02" name="Table_02_generation_gtsum_works_with_some_NA_values">
      <skipped message="Reason: On CRAN ('test-table_02.R:160:3')"/>
    </testcase>
  </testsuite>
  <testsuite name="table_03" timestamp="2023-11-03T16:00:00Z" hostname="5b266ad4c067" tests="8" skipped="2" failures="0" errors="0" time="1.258">
    <testcase time="0.0549999999999997" classname="table_03" name="Table_3_generation_works_with_default_values"/>
    <testcase time="0.00200000000000244" classname="table_03" name="Table_3_generation_works_with_default_values"/>
    <testcase time="0.500999999999998" classname="table_03" name="Table_3_generation_works_with_default_values"/>
    <testcase time="0.0920000000000023" classname="table_03" name="Table_3_generation_works_with_default_values">
      <skipped message="Reason: On CRAN ('test-table_03.R:21:3')"/>
    </testcase>
    <testcase time="0.0269999999999975" classname="table_03" name="Table_3_generation_works_with_custom_values"/>
    <testcase time="0.00200000000000244" classname="table_03" name="Table_3_generation_works_with_custom_values"/>
    <testcase time="0.454999999999998" classname="table_03" name="Table_3_generation_works_with_custom_values"/>
    <testcase time="0.123999999999999" classname="table_03" name="Table_3_generation_works_with_custom_values">
      <skipped message="Reason: On CRAN ('test-table_03.R:41:3')"/>
    </testcase>
  </testsuite>
  <testsuite name="table_04" timestamp="2023-11-03T16:00:01Z" hostname="5b266ad4c067" tests="9" skipped="2" failures="0" errors="0" time="1.197">
    <testcase time="0.0590000000000011" classname="table_04" name="Table_04_generation_works_with_default_values"/>
    <testcase time="0.41" classname="table_04" name="Table_04_generation_works_with_default_values"/>
    <testcase time="0.134" classname="table_04" name="Table_04_generation_works_with_default_values">
      <skipped message="Reason: On CRAN ('test-table_04.R:18:3')"/>
    </testcase>
    <testcase time="0.0360000000000014" classname="table_04" name="Table_04_generation_works_with_custom_values"/>
    <testcase time="0.00199999999999889" classname="table_04" name="Table_04_generation_works_with_custom_values"/>
    <testcase time="0.00199999999999889" classname="table_04" name="Table_04_generation_works_with_custom_values"/>
    <testcase time="0.00300000000000011" classname="table_04" name="Table_04_generation_works_with_custom_values"/>
    <testcase time="0.437000000000001" classname="table_04" name="Table_04_generation_works_with_custom_values"/>
    <testcase time="0.114000000000001" classname="table_04" name="Table_04_generation_works_with_custom_values">
      <skipped message="Reason: On CRAN ('test-table_04.R:46:3')"/>
    </testcase>
  </testsuite>
  <testsuite name="table_05" timestamp="2023-11-03T16:00:02Z" hostname="5b266ad4c067" tests="12" skipped="4" failures="0" errors="0" time="2.012">
    <testcase time="0.244" classname="table_05" name="Table_05_generation_works_with_default_values"/>
    <testcase time="0.295999999999999" classname="table_05" name="Table_05_generation_works_with_default_values"/>
    <testcase time="0.100000000000001" classname="table_05" name="Table_05_generation_works_with_default_values">
      <skipped message="Reason: On CRAN ('test-table_05.R:10:3')"/>
    </testcase>
    <testcase time="0.027000000000001" classname="table_05" name="Table_05_generation_works_with_custom_values"/>
    <testcase time="0.318999999999999" classname="table_05" name="Table_05_generation_works_with_custom_values"/>
    <testcase time="0.129000000000001" classname="table_05" name="Table_05_generation_works_with_custom_values">
      <skipped message="Reason: On CRAN ('test-table_05.R:34:3')"/>
    </testcase>
    <testcase time="0.027000000000001" classname="table_05" name="Table_05_generation_works_with_NA_values_pruned_rows"/>
    <testcase time="0.271999999999998" classname="table_05" name="Table_05_generation_works_with_NA_values_pruned_rows"/>
    <testcase time="0.105999999999998" classname="table_05" name="Table_05_generation_works_with_NA_values_pruned_rows">
      <skipped message="Reason: On CRAN ('test-table_05.R:44:3')"/>
    </testcase>
    <testcase time="0.0250000000000021" classname="table_05" name="Table_05_generation_works_with_risk_difference_column"/>
    <testcase time="0.335000000000001" classname="table_05" name="Table_05_generation_works_with_risk_difference_column"/>
    <testcase time="0.131999999999998" classname="table_05" name="Table_05_generation_works_with_risk_difference_column">
      <skipped message="Reason: On CRAN ('test-table_05.R:57:3')"/>
    </testcase>
  </testsuite>
  <testsuite name="table_06" timestamp="2023-11-03T16:00:04Z" hostname="5b266ad4c067" tests="15" skipped="3" failures="0" errors="0" time="3.123">
    <testcase time="0.0330000000000013" classname="table_06" name="Table_06_generation_works_with_default_values"/>
    <testcase time="0.00199999999999889" classname="table_06" name="Table_06_generation_works_with_default_values"/>
    <testcase time="0.0790000000000006" classname="table_06" name="Table_06_generation_works_with_default_values"/>
    <testcase time="0.634999999999998" classname="table_06" name="Table_06_generation_works_with_default_values"/>
    <testcase time="0.155000000000001" classname="table_06" name="Table_06_generation_works_with_default_values">
      <skipped message="Reason: On CRAN ('test-table_06.R:8:3')"/>
    </testcase>
    <testcase time="0.0640000000000001" classname="table_06" name="Table_06_generation_works_with_custom_values"/>
    <testcase time="0.00199999999999889" classname="table_06" name="Table_06_generation_works_with_custom_values"/>
    <testcase time="0.0740000000000016" classname="table_06" name="Table_06_generation_works_with_custom_values"/>
    <testcase time="0.832999999999998" classname="table_06" name="Table_06_generation_works_with_custom_values"/>
    <testcase time="0.205000000000002" classname="table_06" name="Table_06_generation_works_with_custom_values">
      <skipped message="Reason: On CRAN ('test-table_06.R:40:3')"/>
    </testcase>
    <testcase time="0.0279999999999987" classname="table_06" name="Table_06_generation_works_with_risk_difference_column"/>
    <testcase time="0.00200000000000244" classname="table_06" name="Table_06_generation_works_with_risk_difference_column"/>
    <testcase time="0.078000000000003" classname="table_06" name="Table_06_generation_works_with_risk_difference_column"/>
    <testcase time="0.759999999999998" classname="table_06" name="Table_06_generation_works_with_risk_difference_column"/>
    <testcase time="0.173000000000002" classname="table_06" name="Table_06_generation_works_with_risk_difference_column">
      <skipped message="Reason: On CRAN ('test-table_06.R:48:3')"/>
    </testcase>
  </testsuite>
  <testsuite name="table_07" timestamp="2023-11-03T16:00:07Z" hostname="5b266ad4c067" tests="24" skipped="4" failures="0" errors="0" time="3.338">
    <testcase time="0.0389999999999944" classname="table_07" name="Table_07_generation_works_with_default_values"/>
    <testcase time="0.00200000000000244" classname="table_07" name="Table_07_generation_works_with_default_values"/>
    <testcase time="0.00200000000000244" classname="table_07" name="Table_07_generation_works_with_default_values"/>
    <testcase time="0.0549999999999997" classname="table_07" name="Table_07_generation_works_with_default_values"/>
    <testcase time="0.503" classname="table_07" name="Table_07_generation_works_with_default_values"/>
    <testcase time="0.167999999999999" classname="table_07" name="Table_07_generation_works_with_default_values">
      <skipped message="Reason: On CRAN ('test-table_07.R:13:3')"/>
    </testcase>
    <testcase time="0.0259999999999962" classname="table_07" name="Table_07_generation_works_with_custom_values"/>
    <testcase time="0.00200000000000244" classname="table_07" name="Table_07_generation_works_with_custom_values"/>
    <testcase time="0.00300000000000011" classname="table_07" name="Table_07_generation_works_with_custom_values"/>
    <testcase time="0.0559999999999974" classname="table_07" name="Table_07_generation_works_with_custom_values"/>
    <testcase time="0.662000000000006" classname="table_07" name="Table_07_generation_works_with_custom_values"/>
    <testcase time="0.211999999999996" classname="table_07" name="Table_07_generation_works_with_custom_values">
      <skipped message="Reason: On CRAN ('test-table_07.R:42:3')"/>
    </testcase>
    <testcase time="0.0290000000000035" classname="table_07" name="Table_07_generation_works_with_NA_values_pruned_rows"/>
    <testcase time="0.00199999999999534" classname="table_07" name="Table_07_generation_works_with_NA_values_pruned_rows"/>
    <testcase time="0.00200000000000244" classname="table_07" name="Table_07_generation_works_with_NA_values_pruned_rows"/>
    <testcase time="0.0700000000000003" classname="table_07" name="Table_07_generation_works_with_NA_values_pruned_rows"/>
    <testcase time="0.460999999999999" classname="table_07" name="Table_07_generation_works_with_NA_values_pruned_rows"/>
    <testcase time="0.186999999999998" classname="table_07" name="Table_07_generation_works_with_NA_values_pruned_rows">
      <skipped message="Reason: On CRAN ('test-table_07.R:52:3')"/>
    </testcase>
    <testcase time="0.027000000000001" classname="table_07" name="Table_07_generation_works_with_risk_difference_column"/>
    <testcase time="0.00300000000000011" classname="table_07" name="Table_07_generation_works_with_risk_difference_column"/>
    <testcase time="0.00200000000000244" classname="table_07" name="Table_07_generation_works_with_risk_difference_column"/>
    <testcase time="0.0570000000000022" classname="table_07" name="Table_07_generation_works_with_risk_difference_column"/>
    <testcase time="0.570999999999998" classname="table_07" name="Table_07_generation_works_with_risk_difference_column"/>
    <testcase time="0.197000000000003" classname="table_07" name="Table_07_generation_works_with_risk_difference_column">
      <skipped message="Reason: On CRAN ('test-table_07.R:65:3')"/>
    </testcase>
  </testsuite>
  <testsuite name="table_08" timestamp="2023-11-03T16:00:11Z" hostname="5b266ad4c067" tests="8" skipped="2" failures="0" errors="0" time="0.591">
    <testcase time="0.0349999999999966" classname="table_08" name="Table_08_generation_works_with_default_values"/>
    <testcase time="0.00200000000000244" classname="table_08" name="Table_08_generation_works_with_default_values"/>
    <testcase time="0.0629999999999953" classname="table_08" name="Table_08_generation_works_with_default_values"/>
    <testcase time="0.179000000000002" classname="table_08" name="Table_08_generation_works_with_default_values">
      <skipped message="Reason: On CRAN ('test-table_08.R:10:3')"/>
    </testcase>
    <testcase time="0.0249999999999986" classname="table_08" name="Table_08_generation_works_with_custom_values"/>
    <testcase time="0.00200000000000244" classname="table_08" name="Table_08_generation_works_with_custom_values"/>
    <testcase time="0.0559999999999974" classname="table_08" name="Table_08_generation_works_with_custom_values"/>
    <testcase time="0.228999999999999" classname="table_08" name="Table_08_generation_works_with_custom_values">
      <skipped message="Reason: On CRAN ('test-table_08.R:31:3')"/>
    </testcase>
  </testsuite>
  <testsuite name="table_09" timestamp="2023-11-03T16:00:11Z" hostname="5b266ad4c067" tests="16" skipped="5" failures="0" errors="0" time="2.805">
    <testcase time="0.0320000000000036" classname="table_09" name="Table_09_generation_works_with_default_values"/>
    <testcase time="0.0589999999999975" classname="table_09" name="Table_09_generation_works_with_default_values"/>
    <testcase time="0.445999999999998" classname="table_09" name="Table_09_generation_works_with_default_values"/>
    <testcase time="0.088000000000001" classname="table_09" name="Table_09_generation_works_with_default_values">
      <skipped message="Reason: On CRAN ('test-table_09.R:8:3')"/>
    </testcase>
    <testcase time="0.0260000000000034" classname="table_09" name="Table_09_generation_works_with_custom_values"/>
    <testcase time="0.0549999999999997" classname="table_09" name="Table_09_generation_works_with_custom_values"/>
    <testcase time="0.555" classname="table_09" name="Table_09_generation_works_with_custom_values"/>
    <testcase time="0.106999999999999" classname="table_09" name="Table_09_generation_works_with_custom_values">
      <skipped message="Reason: On CRAN ('test-table_09.R:39:3')"/>
    </testcase>
    <testcase time="0.027000000000001" classname="table_09" name="Table_09_gt_generation_works_with_risk_difference_column"/>
    <testcase time="0.0579999999999998" classname="table_09" name="Table_09_gt_generation_works_with_risk_difference_column"/>
    <testcase time="0.561999999999998" classname="table_09" name="Table_09_gt_generation_works_with_risk_difference_column"/>
    <testcase time="0.117000000000004" classname="table_09" name="Table_09_gt_generation_works_with_risk_difference_column">
      <skipped message="Reason: On CRAN ('test-table_09.R:47:3')"/>
    </testcase>
    <testcase time="0.027000000000001" classname="table_09" name="Table_09_gt_generation_works_with_default_values"/>
    <testcase time="0.225999999999999" classname="table_09" name="Table_09_gt_generation_works_with_default_values">
      <skipped message="Reason: On CRAN ('test-table_09.R:60:3')"/>
    </testcase>
    <testcase time="0.0379999999999967" classname="table_09" name="Table_09_gt_generation_works_with_custom_values"/>
    <testcase time="0.381999999999998" classname="table_09" name="Table_09_gt_generation_works_with_custom_values">
      <skipped message="Reason: On CRAN ('test-table_09.R:88:3')"/>
    </testcase>
  </testsuite>
  <testsuite name="table_10" timestamp="2023-11-03T16:00:14Z" hostname="5b266ad4c067" tests="15" skipped="3" failures="0" errors="0" time="2.402">
    <testcase time="0.0400000000000063" classname="table_10" name="Table_10_generation_works_with_default_values"/>
    <testcase time="0.00199999999999534" classname="table_10" name="Table_10_generation_works_with_default_values"/>
    <testcase time="0.0549999999999997" classname="table_10" name="Table_10_generation_works_with_default_values"/>
    <testcase time="0.520000000000003" classname="table_10" name="Table_10_generation_works_with_default_values"/>
    <testcase time="0.170000000000002" classname="table_10" name="Table_10_generation_works_with_default_values">
      <skipped message="Reason: On CRAN ('test-table_10.R:17:3')"/>
    </testcase>
    <testcase time="0.0269999999999939" classname="table_10" name="Table_10_generation_works_with_custom_values"/>
    <testcase time="0.00199999999999534" classname="table_10" name="Table_10_generation_works_with_custom_values"/>
    <testcase time="0.054000000000002" classname="table_10" name="Table_10_generation_works_with_custom_values"/>
    <testcase time="0.497999999999998" classname="table_10" name="Table_10_generation_works_with_custom_values"/>
    <testcase time="0.0900000000000034" classname="table_10" name="Table_10_generation_works_with_custom_values">
      <skipped message="Reason: On CRAN ('test-table_10.R:52:3')"/>
    </testcase>
    <testcase time="0.0390000000000015" classname="table_10" name="Table_10_generation_works_with_risk_difference_column"/>
    <testcase time="0.00199999999999534" classname="table_10" name="Table_10_generation_works_with_risk_difference_column"/>
    <testcase time="0.0590000000000046" classname="table_10" name="Table_10_generation_works_with_risk_difference_column"/>
    <testcase time="0.637" classname="table_10" name="Table_10_generation_works_with_risk_difference_column"/>
    <testcase time="0.207000000000001" classname="table_10" name="Table_10_generation_works_with_risk_difference_column">
      <skipped message="Reason: On CRAN ('test-table_10.R:60:3')"/>
    </testcase>
  </testsuite>
  <testsuite name="table_11" timestamp="2023-11-03T16:00:16Z" hostname="5b266ad4c067" tests="12" skipped="3" failures="0" errors="0" time="3.666">
    <testcase time="0.0459999999999994" classname="table_11" name="Table_11_generation_works_with_default_values"/>
    <testcase time="0.0750000000000028" classname="table_11" name="Table_11_generation_works_with_default_values"/>
    <testcase time="0.894999999999996" classname="table_11" name="Table_11_generation_works_with_default_values"/>
    <testcase time="0.207000000000001" classname="table_11" name="Table_11_generation_works_with_default_values">
      <skipped message="Reason: On CRAN ('test-table_11.R:18:3')"/>
    </testcase>
    <testcase time="0.0260000000000034" classname="table_11" name="Table_11_generation_works_with_custom_values"/>
    <testcase time="0.0579999999999998" classname="table_11" name="Table_11_generation_works_with_custom_values"/>
    <testcase time="0.826000000000001" classname="table_11" name="Table_11_generation_works_with_custom_values"/>
    <testcase time="0.101999999999997" classname="table_11" name="Table_11_generation_works_with_custom_values">
      <skipped message="Reason: On CRAN ('test-table_11.R:48:3')"/>
    </testcase>
    <testcase time="0.0260000000000034" classname="table_11" name="Table_11_generation_works_with_risk_difference_column"/>
    <testcase time="0.0749999999999957" classname="table_11" name="Table_11_generation_works_with_risk_difference_column"/>
    <testcase time="1.099" classname="table_11" name="Table_11_generation_works_with_risk_difference_column"/>
    <testcase time="0.230999999999995" classname="table_11" name="Table_11_generation_works_with_risk_difference_column">
      <skipped message="Reason: On CRAN ('test-table_11.R:56:3')"/>
    </testcase>
  </testsuite>
  <testsuite name="table_12" timestamp="2023-11-03T16:00:20Z" hostname="5b266ad4c067" tests="12" skipped="3" failures="0" errors="0" time="4.943">
    <testcase time="0.034000000000006" classname="table_12" name="Table_12_generation_works_with_default_values"/>
    <testcase time="0.0679999999999978" classname="table_12" name="Table_12_generation_works_with_default_values"/>
    <testcase time="1.204" classname="table_12" name="Table_12_generation_works_with_default_values"/>
    <testcase time="0.151000000000003" classname="table_12" name="Table_12_generation_works_with_default_values">
      <skipped message="Reason: On CRAN ('test-table_12.R:9:3')"/>
    </testcase>
    <testcase time="0.0279999999999987" classname="table_12" name="Table_12_generation_works_with_custom_values"/>
    <testcase time="0.0700000000000003" classname="table_12" name="Table_12_generation_works_with_custom_values"/>
    <testcase time="1.199" classname="table_12" name="Table_12_generation_works_with_custom_values"/>
    <testcase time="0.158000000000001" classname="table_12" name="Table_12_generation_works_with_custom_values">
      <skipped message="Reason: On CRAN ('test-table_12.R:39:3')"/>
    </testcase>
    <testcase time="0.027000000000001" classname="table_12" name="Table_12_generation_works_with_risk_difference_column"/>
    <testcase time="0.0700000000000003" classname="table_12" name="Table_12_generation_works_with_risk_difference_column"/>
    <testcase time="1.766" classname="table_12" name="Table_12_generation_works_with_risk_difference_column"/>
    <testcase time="0.167999999999999" classname="table_12" name="Table_12_generation_works_with_risk_difference_column">
      <skipped message="Reason: On CRAN ('test-table_12.R:47:3')"/>
    </testcase>
  </testsuite>
  <testsuite name="table_13" timestamp="2023-11-03T16:00:25Z" hostname="5b266ad4c067" tests="12" skipped="3" failures="0" errors="0" time="1.113">
    <testcase time="0.0320000000000036" classname="table_13" name="Table_13_generation_works_with_default_values"/>
    <testcase time="0.0630000000000024" classname="table_13" name="Table_13_generation_works_with_default_values"/>
    <testcase time="0.169999999999995" classname="table_13" name="Table_13_generation_works_with_default_values"/>
    <testcase time="0.100000000000001" classname="table_13" name="Table_13_generation_works_with_default_values">
      <skipped message="Reason: On CRAN ('test-table_13.R:8:3')"/>
    </testcase>
    <testcase time="0.0260000000000034" classname="table_13" name="Table_13_generation_works_with_custom_values"/>
    <testcase time="0.0619999999999976" classname="table_13" name="Table_13_generation_works_with_custom_values"/>
    <testcase time="0.195999999999998" classname="table_13" name="Table_13_generation_works_with_custom_values"/>
    <testcase time="0.0680000000000049" classname="table_13" name="Table_13_generation_works_with_custom_values">
      <skipped message="Reason: On CRAN ('test-table_13.R:38:3')"/>
    </testcase>
    <testcase time="0.0259999999999962" classname="table_13" name="Table_13_generation_works_with_risk_difference_column"/>
    <testcase time="0.0720000000000027" classname="table_13" name="Table_13_generation_works_with_risk_difference_column"/>
    <testcase time="0.186999999999998" classname="table_13" name="Table_13_generation_works_with_risk_difference_column"/>
    <testcase time="0.110999999999997" classname="table_13" name="Table_13_generation_works_with_risk_difference_column">
      <skipped message="Reason: On CRAN ('test-table_13.R:46:3')"/>
    </testcase>
  </testsuite>
  <testsuite name="table_14" timestamp="2023-11-03T16:00:26Z" hostname="5b266ad4c067" tests="13" skipped="4" failures="0" errors="0" time="4.438">
    <testcase time="0.0430000000000064" classname="table_14" name="Table_14_generation_works_with_default_values"/>
    <testcase time="0.750999999999998" classname="table_14" name="Table_14_generation_works_with_default_values"/>
    <testcase time="0.220999999999997" classname="table_14" name="Table_14_generation_works_with_default_values">
      <skipped message="Reason: On CRAN ('test-table_14.R:16:3')"/>
    </testcase>
    <testcase time="0.0280000000000058" classname="table_14" name="Table_14_generation_works_with_custom_values"/>
    <testcase time="0.0679999999999978" classname="table_14" name="Table_14_generation_works_with_custom_values"/>
    <testcase time="0.838000000000001" classname="table_14" name="Table_14_generation_works_with_custom_values"/>
    <testcase time="0.207000000000001" classname="table_14" name="Table_14_generation_works_with_custom_values">
      <skipped message="Reason: On CRAN ('test-table_14.R:46:3')"/>
    </testcase>
    <testcase time="0.0259999999999962" classname="table_14" name="Table_14_generation_works_with_NA_values_pruned_rows"/>
    <testcase time="0.808999999999997" classname="table_14" name="Table_14_generation_works_with_NA_values_pruned_rows"/>
    <testcase time="0.167000000000002" classname="table_14" name="Table_14_generation_works_with_NA_values_pruned_rows">
      <skipped message="Reason: On CRAN ('test-table_14.R:53:3')"/>
    </testcase>
    <testcase time="0.0330000000000013" classname="table_14" name="Table_14_generation_works_with_risk_difference_column"/>
    <testcase time="0.981000000000002" classname="table_14" name="Table_14_generation_works_with_risk_difference_column"/>
    <testcase time="0.265999999999998" classname="table_14" name="Table_14_generation_works_with_risk_difference_column">
      <skipped message="Reason: On CRAN ('test-table_14.R:61:3')"/>
    </testcase>
  </testsuite>
  <testsuite name="table_15" timestamp="2023-11-03T16:00:31Z" hostname="5b266ad4c067" tests="16" skipped="4" failures="0" errors="0" time="2.559">
    <testcase time="0.0380000000000038" classname="table_15" name="Table_15_generation_works_with_default_values"/>
    <testcase time="0.0600000000000023" classname="table_15" name="Table_15_generation_works_with_default_values"/>
    <testcase time="0.400999999999996" classname="table_15" name="Table_15_generation_works_with_default_values"/>
    <testcase time="0.143999999999998" classname="table_15" name="Table_15_generation_works_with_default_values">
      <skipped message="Reason: On CRAN ('test-table_15.R:19:3')"/>
    </testcase>
    <testcase time="0.0260000000000034" classname="table_15" name="Table_15_generation_works_with_custom_values"/>
    <testcase time="0.0600000000000023" classname="table_15" name="Table_15_generation_works_with_custom_values"/>
    <testcase time="0.397999999999996" classname="table_15" name="Table_15_generation_works_with_custom_values"/>
    <testcase time="0.131999999999998" classname="table_15" name="Table_15_generation_works_with_custom_values">
      <skipped message="Reason: On CRAN ('test-table_15.R:51:3')"/>
    </testcase>
    <testcase time="0.0250000000000057" classname="table_15" name="Table_15_generation_works_with_NA_values_pruned_rows"/>
    <testcase time="0.0589999999999975" classname="table_15" name="Table_15_generation_works_with_NA_values_pruned_rows"/>
    <testcase time="0.381999999999998" classname="table_15" name="Table_15_generation_works_with_NA_values_pruned_rows"/>
    <testcase time="0.136000000000003" classname="table_15" name="Table_15_generation_works_with_NA_values_pruned_rows">
      <skipped message="Reason: On CRAN ('test-table_15.R:58:3')"/>
    </testcase>
    <testcase time="0.027000000000001" classname="table_15" name="Table_15_generation_works_with_risk_difference_column"/>
    <testcase time="0.0579999999999998" classname="table_15" name="Table_15_generation_works_with_risk_difference_column"/>
    <testcase time="0.451000000000001" classname="table_15" name="Table_15_generation_works_with_risk_difference_column"/>
    <testcase time="0.161999999999999" classname="table_15" name="Table_15_generation_works_with_risk_difference_column">
      <skipped message="Reason: On CRAN ('test-table_15.R:66:3')"/>
    </testcase>
  </testsuite>
  <testsuite name="table_16" timestamp="2023-11-03T16:00:33Z" hostname="5b266ad4c067" tests="16" skipped="4" failures="0" errors="0" time="2.192">
    <testcase time="0.0360000000000014" classname="table_16" name="Table_16_generation_works_with_default_values"/>
    <testcase time="0.0510000000000019" classname="table_16" name="Table_16_generation_works_with_default_values"/>
    <testcase time="0.359999999999999" classname="table_16" name="Table_16_generation_works_with_default_values"/>
    <testcase time="0.0720000000000027" classname="table_16" name="Table_16_generation_works_with_default_values">
      <skipped message="Reason: On CRAN ('test-table_16.R:19:3')"/>
    </testcase>
    <testcase time="0.027000000000001" classname="table_16" name="Table_16_generation_works_with_custom_values"/>
    <testcase time="0.0649999999999977" classname="table_16" name="Table_16_generation_works_with_custom_values"/>
    <testcase time="0.375" classname="table_16" name="Table_16_generation_works_with_custom_values"/>
    <testcase time="0.0700000000000003" classname="table_16" name="Table_16_generation_works_with_custom_values">
      <skipped message="Reason: On CRAN ('test-table_16.R:51:3')"/>
    </testcase>
    <testcase time="0.0279999999999987" classname="table_16" name="Table_16_generation_works_with_NA_values_pruned_rows"/>
    <testcase time="0.0559999999999974" classname="table_16" name="Table_16_generation_works_with_NA_values_pruned_rows"/>
    <testcase time="0.384" classname="table_16" name="Table_16_generation_works_with_NA_values_pruned_rows"/>
    <testcase time="0.0720000000000027" classname="table_16" name="Table_16_generation_works_with_NA_values_pruned_rows">
      <skipped message="Reason: On CRAN ('test-table_16.R:58:3')"/>
    </testcase>
    <testcase time="0.0259999999999962" classname="table_16" name="Table_16_generation_works_with_risk_difference_column"/>
    <testcase time="0.054000000000002" classname="table_16" name="Table_16_generation_works_with_risk_difference_column"/>
    <testcase time="0.437000000000005" classname="table_16" name="Table_16_generation_works_with_risk_difference_column"/>
    <testcase time="0.0789999999999935" classname="table_16" name="Table_16_generation_works_with_risk_difference_column">
      <skipped message="Reason: On CRAN ('test-table_16.R:66:3')"/>
    </testcase>
  </testsuite>
  <testsuite name="table_17" timestamp="2023-11-03T16:00:35Z" hostname="5b266ad4c067" tests="16" skipped="4" failures="0" errors="0" time="3.993">
    <testcase time="0.0400000000000063" classname="table_17" name="Table_17_generation_works_with_default_values"/>
    <testcase time="0.0629999999999953" classname="table_17" name="Table_17_generation_works_with_default_values"/>
    <testcase time="0.625" classname="table_17" name="Table_17_generation_works_with_default_values"/>
    <testcase time="0.265000000000001" classname="table_17" name="Table_17_generation_works_with_default_values">
      <skipped message="Reason: On CRAN ('test-table_17.R:25:3')"/>
    </testcase>
    <testcase time="0.027000000000001" classname="table_17" name="Table_17_generation_works_with_custom_values"/>
    <testcase time="0.0679999999999978" classname="table_17" name="Table_17_generation_works_with_custom_values"/>
    <testcase time="0.605000000000004" classname="table_17" name="Table_17_generation_works_with_custom_values"/>
    <testcase time="0.259" classname="table_17" name="Table_17_generation_works_with_custom_values">
      <skipped message="Reason: On CRAN ('test-table_17.R:57:3')"/>
    </testcase>
    <testcase time="0.0279999999999987" classname="table_17" name="Table_17_generation_works_with_NA_values_pruned_rows"/>
    <testcase time="0.0660000000000025" classname="table_17" name="Table_17_generation_works_with_NA_values_pruned_rows"/>
    <testcase time="0.641999999999996" classname="table_17" name="Table_17_generation_works_with_NA_values_pruned_rows"/>
    <testcase time="0.247000000000007" classname="table_17" name="Table_17_generation_works_with_NA_values_pruned_rows">
      <skipped message="Reason: On CRAN ('test-table_17.R:64:3')"/>
    </testcase>
    <testcase time="0.0249999999999915" classname="table_17" name="Table_17_generation_works_with_risk_difference_column"/>
    <testcase time="0.0600000000000023" classname="table_17" name="Table_17_generation_works_with_risk_difference_column"/>
    <testcase time="0.691000000000003" classname="table_17" name="Table_17_generation_works_with_risk_difference_column"/>
    <testcase time="0.281999999999996" classname="table_17" name="Table_17_generation_works_with_risk_difference_column">
      <skipped message="Reason: On CRAN ('test-table_17.R:72:3')"/>
    </testcase>
  </testsuite>
  <testsuite name="table_18" timestamp="2023-11-03T16:00:39Z" hostname="5b266ad4c067" tests="16" skipped="4" failures="0" errors="0" time="3.386">
    <testcase time="0.0400000000000063" classname="table_18" name="Table_18_generation_works_with_default_values"/>
    <testcase time="0.0679999999999978" classname="table_18" name="Table_18_generation_works_with_default_values"/>
    <testcase time="0.597999999999999" classname="table_18" name="Table_18_generation_works_with_default_values"/>
    <testcase time="0.108000000000004" classname="table_18" name="Table_18_generation_works_with_default_values">
      <skipped message="Reason: On CRAN ('test-table_18.R:25:3')"/>
    </testcase>
    <testcase time="0.0279999999999916" classname="table_18" name="Table_18_generation_works_with_custom_values"/>
    <testcase time="0.0580000000000069" classname="table_18" name="Table_18_generation_works_with_custom_values"/>
    <testcase time="0.617999999999995" classname="table_18" name="Table_18_generation_works_with_custom_values"/>
    <testcase time="0.117999999999995" classname="table_18" name="Table_18_generation_works_with_custom_values">
      <skipped message="Reason: On CRAN ('test-table_18.R:57:3')"/>
    </testcase>
    <testcase time="0.027000000000001" classname="table_18" name="Table_18_generation_works_with_NA_values_pruned_rows"/>
    <testcase time="0.061000000000007" classname="table_18" name="Table_18_generation_works_with_NA_values_pruned_rows"/>
    <testcase time="0.620999999999995" classname="table_18" name="Table_18_generation_works_with_NA_values_pruned_rows"/>
    <testcase time="0.117000000000004" classname="table_18" name="Table_18_generation_works_with_NA_values_pruned_rows">
      <skipped message="Reason: On CRAN ('test-table_18.R:64:3')"/>
    </testcase>
    <testcase time="0.0300000000000011" classname="table_18" name="Table_18_generation_works_with_risk_difference_column"/>
    <testcase time="0.0579999999999927" classname="table_18" name="Table_18_generation_works_with_risk_difference_column"/>
    <testcase time="0.704999999999998" classname="table_18" name="Table_18_generation_works_with_risk_difference_column"/>
    <testcase time="0.131" classname="table_18" name="Table_18_generation_works_with_risk_difference_column">
      <skipped message="Reason: On CRAN ('test-table_18.R:72:3')"/>
    </testcase>
  </testsuite>
  <testsuite name="table_20" timestamp="2023-11-03T16:00:43Z" hostname="5b266ad4c067" tests="24" skipped="4" failures="0" errors="0" time="3.917">
    <testcase time="0.0380000000000109" classname="table_20" name="Table_20_generation_works_with_default_values"/>
    <testcase time="0.00199999999999534" classname="table_20" name="Table_20_generation_works_with_default_values"/>
    <testcase time="0.00300000000000011" classname="table_20" name="Table_20_generation_works_with_default_values"/>
    <testcase time="0.0619999999999976" classname="table_20" name="Table_20_generation_works_with_default_values"/>
    <testcase time="0.619" classname="table_20" name="Table_20_generation_works_with_default_values"/>
    <testcase time="0.147000000000006" classname="table_20" name="Table_20_generation_works_with_default_values">
      <skipped message="Reason: On CRAN ('test-table_20.R:17:3')"/>
    </testcase>
    <testcase time="0.027000000000001" classname="table_20" name="Table_20_generation_works_with_custom_values"/>
    <testcase time="0.00199999999999534" classname="table_20" name="Table_20_generation_works_with_custom_values"/>
    <testcase time="0.00199999999999534" classname="table_20" name="Table_20_generation_works_with_custom_values"/>
    <testcase time="0.0619999999999976" classname="table_20" name="Table_20_generation_works_with_custom_values"/>
    <testcase time="0.902000000000001" classname="table_20" name="Table_20_generation_works_with_custom_values"/>
    <testcase time="0.171000000000006" classname="table_20" name="Table_20_generation_works_with_custom_values">
      <skipped message="Reason: On CRAN ('test-table_20.R:65:3')"/>
    </testcase>
    <testcase time="0.0400000000000063" classname="table_20" name="Table_20_generation_works_with_missing_values_pruned_rows"/>
    <testcase time="0.00300000000000011" classname="table_20" name="Table_20_generation_works_with_missing_values_pruned_rows"/>
    <testcase time="0.0029999999999859" classname="table_20" name="Table_20_generation_works_with_missing_values_pruned_rows"/>
    <testcase time="0.0640000000000072" classname="table_20" name="Table_20_generation_works_with_missing_values_pruned_rows"/>
    <testcase time="0.578000000000003" classname="table_20" name="Table_20_generation_works_with_missing_values_pruned_rows"/>
    <testcase time="0.117999999999995" classname="table_20" name="Table_20_generation_works_with_missing_values_pruned_rows">
      <skipped message="Reason: On CRAN ('test-table_20.R:74:3')"/>
    </testcase>
    <testcase time="0.0280000000000058" classname="table_20" name="Table_20_generation_works_with_risk_difference_column"/>
    <testcase time="0.00199999999999534" classname="table_20" name="Table_20_generation_works_with_risk_difference_column"/>
    <testcase time="0.00199999999999534" classname="table_20" name="Table_20_generation_works_with_risk_difference_column"/>
    <testcase time="0.0650000000000119" classname="table_20" name="Table_20_generation_works_with_risk_difference_column"/>
    <testcase time="0.807999999999993" classname="table_20" name="Table_20_generation_works_with_risk_difference_column"/>
    <testcase time="0.168999999999997" classname="table_20" name="Table_20_generation_works_with_risk_difference_column">
      <skipped message="Reason: On CRAN ('test-table_20.R:82:3')"/>
    </testcase>
  </testsuite>
  <testsuite name="table_21" timestamp="2023-11-03T16:00:47Z" hostname="5b266ad4c067" tests="19" skipped="4" failures="0" errors="0" time="3.706">
    <testcase time="0.106999999999999" classname="table_21" name="Table_21_generation_works_with_default_values"/>
    <testcase time="0.00199999999999534" classname="table_21" name="Table_21_generation_works_with_default_values"/>
    <testcase time="0.835999999999999" classname="table_21" name="Table_21_generation_works_with_default_values"/>
    <testcase time="0.149000000000001" classname="table_21" name="Table_21_generation_works_with_default_values">
      <skipped message="Reason: On CRAN ('test-table_21.R:22:3')"/>
    </testcase>
    <testcase time="0.027000000000001" classname="table_21" name="Table_21_generation_works_with_custom_values_N_s_denominator_and_overall_column"/>
    <testcase time="0.00300000000000011" classname="table_21" name="Table_21_generation_works_with_custom_values_N_s_denominator_and_overall_column"/>
    <testcase time="0.119" classname="table_21" name="Table_21_generation_works_with_custom_values_N_s_denominator_and_overall_column"/>
    <testcase time="1.003" classname="table_21" name="Table_21_generation_works_with_custom_values_N_s_denominator_and_overall_column"/>
    <testcase time="0.167000000000002" classname="table_21" name="Table_21_generation_works_with_custom_values_N_s_denominator_and_overall_column">
      <skipped message="Reason: On CRAN ('test-table_21.R:34:3')"/>
    </testcase>
    <testcase time="0.0259999999999962" classname="table_21" name="Table_21_generation_works_with_custom_values_N_col_denominator_and_no_overall_column"/>
    <testcase time="0.00200000000000955" classname="table_21" name="Table_21_generation_works_with_custom_values_N_col_denominator_and_no_overall_column"/>
    <testcase time="0.0799999999999983" classname="table_21" name="Table_21_generation_works_with_custom_values_N_col_denominator_and_no_overall_column"/>
    <testcase time="0.442999999999998" classname="table_21" name="Table_21_generation_works_with_custom_values_N_col_denominator_and_no_overall_column"/>
    <testcase time="0.165000000000006" classname="table_21" name="Table_21_generation_works_with_custom_values_N_col_denominator_and_no_overall_column">
      <skipped message="Reason: On CRAN ('test-table_21.R:62:3')"/>
    </testcase>
    <testcase time="0.0869999999999891" classname="table_21" name="Table_21_generation_works_with_some_NA_values"/>
    <testcase time="0.00200000000000955" classname="table_21" name="Table_21_generation_works_with_some_NA_values"/>
    <testcase time="0.0630000000000024" classname="table_21" name="Table_21_generation_works_with_some_NA_values"/>
    <testcase time="0.327999999999989" classname="table_21" name="Table_21_generation_works_with_some_NA_values"/>
    <testcase time="0.0970000000000084" classname="table_21" name="Table_21_generation_works_with_some_NA_values">
      <skipped message="Reason: On CRAN ('test-table_21.R:82:3')"/>
    </testcase>
  </testsuite>
  <testsuite name="table_32" timestamp="2023-11-03T16:00:50Z" hostname="5b266ad4c067" tests="22" skipped="6" failures="0" errors="0" time="8.159">
    <testcase time="0.046999999999997" classname="table_32" name="Table_32_generation_works_with_default_values"/>
    <testcase time="0.0750000000000028" classname="table_32" name="Table_32_generation_works_with_default_values"/>
    <testcase time="0.179999999999993" classname="table_32" name="Table_32_generation_works_with_default_values"/>
    <testcase time="0.0769999999999982" classname="table_32" name="Table_32_generation_works_with_default_values">
      <skipped message="Reason: On CRAN ('test-table_32.R:8:3')"/>
    </testcase>
    <testcase time="0.0350000000000108" classname="table_32" name="Table_32_generation_works_with_custom_values"/>
    <testcase time="0.0719999999999885" classname="table_32" name="Table_32_generation_works_with_custom_values"/>
    <testcase time="0.197000000000003" classname="table_32" name="Table_32_generation_works_with_custom_values"/>
    <testcase time="0.0949999999999989" classname="table_32" name="Table_32_generation_works_with_custom_values">
      <skipped message="Reason: On CRAN ('test-table_32.R:30:3')"/>
    </testcase>
    <testcase time="0.027000000000001" classname="table_32" name="Table_32_generation_works_with_pruned_rows"/>
    <testcase time="0.0730000000000075" classname="table_32" name="Table_32_generation_works_with_pruned_rows"/>
    <testcase time="0.180999999999997" classname="table_32" name="Table_32_generation_works_with_pruned_rows"/>
    <testcase time="0.0519999999999925" classname="table_32" name="Table_32_generation_works_with_pruned_rows">
      <skipped message="Reason: On CRAN ('test-table_32.R:37:3')"/>
    </testcase>
    <testcase time="0.0250000000000057" classname="table_32" name="Table_32_generation_works_with_risk_difference_column"/>
    <testcase time="0.0660000000000025" classname="table_32" name="Table_32_generation_works_with_risk_difference_column"/>
    <testcase time="0.251999999999995" classname="table_32" name="Table_32_generation_works_with_risk_difference_column"/>
    <testcase time="0.0789999999999935" classname="table_32" name="Table_32_generation_works_with_risk_difference_column">
      <skipped message="Reason: On CRAN ('test-table_32.R:45:3')"/>
    </testcase>
    <testcase time="0.027000000000001" classname="table_32" name="Table_32_gtsum_generation_works_with_default_values"/>
    <testcase time="2.687" classname="table_32" name="Table_32_gtsum_generation_works_with_default_values"/>
    <testcase time="0.0110000000000099" classname="table_32" name="Table_32_gtsum_generation_works_with_default_values">
      <skipped message="Reason: On CRAN ('test-table_32.R:51:3')"/>
    </testcase>
    <testcase time="0.0249999999999915" classname="table_32" name="Table_32_gtsum_generation_works_with_custom_values"/>
    <testcase time="3.866" classname="table_32" name="Table_32_gtsum_generation_works_with_custom_values"/>
    <testcase time="0.0100000000000051" classname="table_32" name="Table_32_gtsum_generation_works_with_custom_values">
      <skipped message="Reason: On CRAN ('test-table_32.R:61:3')"/>
    </testcase>
  </testsuite>
  <testsuite name="table_33" timestamp="2023-11-03T16:00:58Z" hostname="5b266ad4c067" tests="16" skipped="4" failures="0" errors="0" time="2.745">
    <testcase time="0.0330000000000013" classname="table_33" name="Table_33_generation_works_with_default_values"/>
    <testcase time="0.468999999999994" classname="table_33" name="Table_33_generation_works_with_default_values"/>
    <testcase time="0.155000000000001" classname="table_33" name="Table_33_generation_works_with_default_values"/>
    <testcase time="0.0499999999999972" classname="table_33" name="Table_33_generation_works_with_default_values">
      <skipped message="Reason: On CRAN ('test-table_33.R:8:3')"/>
    </testcase>
    <testcase time="0.027000000000001" classname="table_33" name="Table_33_generation_works_with_custom_values"/>
    <testcase time="0.412000000000006" classname="table_33" name="Table_33_generation_works_with_custom_values"/>
    <testcase time="0.204999999999998" classname="table_33" name="Table_33_generation_works_with_custom_values"/>
    <testcase time="0.0589999999999975" classname="table_33" name="Table_33_generation_works_with_custom_values">
      <skipped message="Reason: On CRAN ('test-table_33.R:34:3')"/>
    </testcase>
    <testcase time="0.027000000000001" classname="table_33" name="Table_33_generation_works_with_pruned_rows"/>
    <testcase time="0.433000000000007" classname="table_33" name="Table_33_generation_works_with_pruned_rows"/>
    <testcase time="0.153999999999996" classname="table_33" name="Table_33_generation_works_with_pruned_rows"/>
    <testcase time="0.0429999999999922" classname="table_33" name="Table_33_generation_works_with_pruned_rows">
      <skipped message="Reason: On CRAN ('test-table_33.R:42:3')"/>
    </testcase>
    <testcase time="0.0260000000000105" classname="table_33" name="Table_33_generation_works_with_risk_difference_column"/>
    <testcase time="0.414000000000001" classname="table_33" name="Table_33_generation_works_with_risk_difference_column"/>
    <testcase time="0.179999999999993" classname="table_33" name="Table_33_generation_works_with_risk_difference_column"/>
    <testcase time="0.0580000000000069" classname="table_33" name="Table_33_generation_works_with_risk_difference_column">
      <skipped message="Reason: On CRAN ('test-table_33.R:50:3')"/>
    </testcase>
  </testsuite>
  <testsuite name="table_34" timestamp="2023-11-03T16:01:01Z" hostname="5b266ad4c067" tests="12" skipped="3" failures="0" errors="0" time="8.75">
    <testcase time="0.0439999999999969" classname="table_34" name="Table_34_generation_works_with_default_values"/>
    <testcase time="0.0789999999999935" classname="table_34" name="Table_34_generation_works_with_default_values"/>
    <testcase time="2.65100000000001" classname="table_34" name="Table_34_generation_works_with_default_values"/>
    <testcase time="0.289000000000001" classname="table_34" name="Table_34_generation_works_with_default_values">
      <skipped message="Reason: On CRAN ('test-table_34.R:17:3')"/>
    </testcase>
    <testcase time="0.0269999999999868" classname="table_34" name="Table_34_generation_works_with_custom_values"/>
    <testcase time="0.0520000000000067" classname="table_34" name="Table_34_generation_works_with_custom_values"/>
    <testcase time="2.303" classname="table_34" name="Table_34_generation_works_with_custom_values"/>
    <testcase time="0.109999999999999" classname="table_34" name="Table_34_generation_works_with_custom_values">
      <skipped message="Reason: On CRAN ('test-table_34.R:49:3')"/>
    </testcase>
    <testcase time="0.027000000000001" classname="table_34" name="Table_34_generation_works_with_risk_difference_column"/>
    <testcase time="0.0570000000000022" classname="table_34" name="Table_34_generation_works_with_risk_difference_column"/>
    <testcase time="2.789" classname="table_34" name="Table_34_generation_works_with_risk_difference_column"/>
    <testcase time="0.322000000000003" classname="table_34" name="Table_34_generation_works_with_risk_difference_column">
      <skipped message="Reason: On CRAN ('test-table_34.R:57:3')"/>
    </testcase>
  </testsuite>
</testsuites>
