<?xml version="1.0" encoding="UTF-8"?>
<testsuites>
  <testsuite name="table_02" timestamp="2023-10-31T18:41:23Z" hostname="632ef2128b38" tests="30" skipped="10" failures="0" errors="0" time="21.776">
    <testcase time="0.107" classname="table_02" name="Table_02_generation_works_with_default_values"/>
    <testcase time="0.68" classname="table_02" name="Table_02_generation_works_with_default_values"/>
    <testcase time="0.331" classname="table_02" name="Table_02_generation_works_with_default_values">
      <skipped message="Reason: On CRAN ('test-table_02.R:16:3')"/>
    </testcase>
    <testcase time="0.109" classname="table_02" name="Table_02_generation_works_with_custom_values"/>
    <testcase time="0.568" classname="table_02" name="Table_02_generation_works_with_custom_values"/>
    <testcase time="0.35" classname="table_02" name="Table_02_generation_works_with_custom_values">
      <skipped message="Reason: On CRAN ('test-table_02.R:45:3')"/>
    </testcase>
    <testcase time="0.085" classname="table_02" name="Table_02_generation_works_with_some_NA_values"/>
    <testcase time="0.146" classname="table_02" name="Table_02_generation_works_with_some_NA_values"/>
    <testcase time="0.0740000000000007" classname="table_02" name="Table_02_generation_works_with_some_NA_values">
      <skipped message="Reason: On CRAN ('test-table_02.R:57:3')"/>
    </testcase>
    <testcase time="0.0289999999999999" classname="table_02" name="Table_02_generation_tplyr_works_with_default_values"/>
    <testcase time="2.561" classname="table_02" name="Table_02_generation_tplyr_works_with_default_values"/>
    <testcase time="0.0489999999999995" classname="table_02" name="Table_02_generation_tplyr_works_with_default_values">
      <skipped message="Reason: On CRAN ('test-table_02.R:66:3')"/>
    </testcase>
    <testcase time="0.0389999999999997" classname="table_02" name="Table_02_generation_tplyr_works_with_tplyr_raw_TRUE"/>
    <testcase time="1.609" classname="table_02" name="Table_02_generation_tplyr_works_with_tplyr_raw_TRUE"/>
    <testcase time="0.0340000000000007" classname="table_02" name="Table_02_generation_tplyr_works_with_tplyr_raw_TRUE">
      <skipped message="Reason: On CRAN ('test-table_02.R:75:3')"/>
    </testcase>
    <testcase time="0.0690000000000008" classname="table_02" name="Table_02_generation_tplyr_works_with_custom_values"/>
    <testcase time="2.461" classname="table_02" name="Table_02_generation_tplyr_works_with_custom_values"/>
    <testcase time="0.036999999999999" classname="table_02" name="Table_02_generation_tplyr_works_with_custom_values">
      <skipped message="Reason: On CRAN ('test-table_02.R:102:3')"/>
    </testcase>
    <testcase time="0.0780000000000012" classname="table_02" name="Table_02_generation_tplyr_works_with_some_NA_values"/>
    <testcase time="0.981999999999999" classname="table_02" name="Table_02_generation_tplyr_works_with_some_NA_values"/>
    <testcase time="0.032" classname="table_02" name="Table_02_generation_tplyr_works_with_some_NA_values">
      <skipped message="Reason: On CRAN ('test-table_02.R:119:3')"/>
    </testcase>
    <testcase time="0.0250000000000004" classname="table_02" name="Table_02_generation_gtsum_works_with_default_values"/>
    <testcase time="4.505" classname="table_02" name="Table_02_generation_gtsum_works_with_default_values"/>
    <testcase time="0.0120000000000005" classname="table_02" name="Table_02_generation_gtsum_works_with_default_values">
      <skipped message="Reason: On CRAN ('test-table_02.R:128:3')"/>
    </testcase>
    <testcase time="0.0659999999999989" classname="table_02" name="Table_02_generation_gtsum_works_with_custom_values"/>
    <testcase time="4.968" classname="table_02" name="Table_02_generation_gtsum_works_with_custom_values"/>
    <testcase time="0.0120000000000005" classname="table_02" name="Table_02_generation_gtsum_works_with_custom_values">
      <skipped message="Reason: On CRAN ('test-table_02.R:146:3')"/>
    </testcase>
    <testcase time="0.0570000000000022" classname="table_02" name="Table_02_generation_gtsum_works_with_some_NA_values"/>
    <testcase time="1.69" classname="table_02" name="Table_02_generation_gtsum_works_with_some_NA_values"/>
    <testcase time="0.0110000000000028" classname="table_02" name="Table_02_generation_gtsum_works_with_some_NA_values">
      <skipped message="Reason: On CRAN ('test-table_02.R:160:3')"/>
    </testcase>
  </testsuite>
  <testsuite name="table_03" timestamp="2023-10-31T18:41:45Z" hostname="632ef2128b38" tests="8" skipped="2" failures="0" errors="0" time="1.216">
    <testcase time="0.0499999999999972" classname="table_03" name="Table_3_generation_works_with_default_values"/>
    <testcase time="0.00200000000000244" classname="table_03" name="Table_3_generation_works_with_default_values"/>
    <testcase time="0.482999999999997" classname="table_03" name="Table_3_generation_works_with_default_values"/>
    <testcase time="0.0840000000000032" classname="table_03" name="Table_3_generation_works_with_default_values">
      <skipped message="Reason: On CRAN ('test-table_03.R:21:3')"/>
    </testcase>
    <testcase time="0.0279999999999987" classname="table_03" name="Table_3_generation_works_with_custom_values"/>
    <testcase time="0.00199999999999889" classname="table_03" name="Table_3_generation_works_with_custom_values"/>
    <testcase time="0.448" classname="table_03" name="Table_3_generation_works_with_custom_values"/>
    <testcase time="0.119" classname="table_03" name="Table_3_generation_works_with_custom_values">
      <skipped message="Reason: On CRAN ('test-table_03.R:41:3')"/>
    </testcase>
  </testsuite>
  <testsuite name="table_04" timestamp="2023-10-31T18:41:46Z" hostname="632ef2128b38" tests="9" skipped="2" failures="0" errors="0" time="1.162">
    <testcase time="0.0609999999999999" classname="table_04" name="Table_04_generation_works_with_default_values"/>
    <testcase time="0.397000000000002" classname="table_04" name="Table_04_generation_works_with_default_values"/>
    <testcase time="0.122999999999998" classname="table_04" name="Table_04_generation_works_with_default_values">
      <skipped message="Reason: On CRAN ('test-table_04.R:18:3')"/>
    </testcase>
    <testcase time="0.0350000000000001" classname="table_04" name="Table_04_generation_works_with_custom_values"/>
    <testcase time="0.00200000000000244" classname="table_04" name="Table_04_generation_works_with_custom_values"/>
    <testcase time="0.000999999999997669" classname="table_04" name="Table_04_generation_works_with_custom_values"/>
    <testcase time="0.00100000000000122" classname="table_04" name="Table_04_generation_works_with_custom_values"/>
    <testcase time="0.427999999999997" classname="table_04" name="Table_04_generation_works_with_custom_values"/>
    <testcase time="0.114000000000001" classname="table_04" name="Table_04_generation_works_with_custom_values">
      <skipped message="Reason: On CRAN ('test-table_04.R:46:3')"/>
    </testcase>
  </testsuite>
  <testsuite name="table_05" timestamp="2023-10-31T18:41:48Z" hostname="632ef2128b38" tests="12" skipped="4" failures="0" errors="0" time="2.091">
    <testcase time="0.260000000000002" classname="table_05" name="Table_05_generation_works_with_default_values"/>
    <testcase time="0.308" classname="table_05" name="Table_05_generation_works_with_default_values"/>
    <testcase time="0.108999999999998" classname="table_05" name="Table_05_generation_works_with_default_values">
      <skipped message="Reason: On CRAN ('test-table_05.R:10:3')"/>
    </testcase>
    <testcase time="0.0259999999999998" classname="table_05" name="Table_05_generation_works_with_custom_values"/>
    <testcase time="0.354000000000003" classname="table_05" name="Table_05_generation_works_with_custom_values"/>
    <testcase time="0.140999999999998" classname="table_05" name="Table_05_generation_works_with_custom_values">
      <skipped message="Reason: On CRAN ('test-table_05.R:34:3')"/>
    </testcase>
    <testcase time="0.0289999999999999" classname="table_05" name="Table_05_generation_works_with_NA_values_pruned_rows"/>
    <testcase time="0.277999999999999" classname="table_05" name="Table_05_generation_works_with_NA_values_pruned_rows"/>
    <testcase time="0.105" classname="table_05" name="Table_05_generation_works_with_NA_values_pruned_rows">
      <skipped message="Reason: On CRAN ('test-table_05.R:44:3')"/>
    </testcase>
    <testcase time="0.0259999999999998" classname="table_05" name="Table_05_generation_works_with_risk_difference_column"/>
    <testcase time="0.322000000000003" classname="table_05" name="Table_05_generation_works_with_risk_difference_column"/>
    <testcase time="0.132999999999999" classname="table_05" name="Table_05_generation_works_with_risk_difference_column">
      <skipped message="Reason: On CRAN ('test-table_05.R:57:3')"/>
    </testcase>
  </testsuite>
  <testsuite name="table_06" timestamp="2023-10-31T18:41:50Z" hostname="632ef2128b38" tests="15" skipped="3" failures="0" errors="0" time="3.134">
    <testcase time="0.0359999999999978" classname="table_06" name="Table_06_generation_works_with_default_values"/>
    <testcase time="0.00200000000000244" classname="table_06" name="Table_06_generation_works_with_default_values"/>
    <testcase time="0.0829999999999984" classname="table_06" name="Table_06_generation_works_with_default_values"/>
    <testcase time="0.603999999999999" classname="table_06" name="Table_06_generation_works_with_default_values"/>
    <testcase time="0.138999999999999" classname="table_06" name="Table_06_generation_works_with_default_values">
      <skipped message="Reason: On CRAN ('test-table_06.R:8:3')"/>
    </testcase>
    <testcase time="0.0670000000000002" classname="table_06" name="Table_06_generation_works_with_custom_values"/>
    <testcase time="0.00300000000000011" classname="table_06" name="Table_06_generation_works_with_custom_values"/>
    <testcase time="0.0760000000000005" classname="table_06" name="Table_06_generation_works_with_custom_values"/>
    <testcase time="0.864000000000001" classname="table_06" name="Table_06_generation_works_with_custom_values"/>
    <testcase time="0.207999999999998" classname="table_06" name="Table_06_generation_works_with_custom_values">
      <skipped message="Reason: On CRAN ('test-table_06.R:40:3')"/>
    </testcase>
    <testcase time="0.027000000000001" classname="table_06" name="Table_06_generation_works_with_risk_difference_column"/>
    <testcase time="0.00300000000000011" classname="table_06" name="Table_06_generation_works_with_risk_difference_column"/>
    <testcase time="0.078000000000003" classname="table_06" name="Table_06_generation_works_with_risk_difference_column"/>
    <testcase time="0.765000000000001" classname="table_06" name="Table_06_generation_works_with_risk_difference_column"/>
    <testcase time="0.178999999999995" classname="table_06" name="Table_06_generation_works_with_risk_difference_column">
      <skipped message="Reason: On CRAN ('test-table_06.R:48:3')"/>
    </testcase>
  </testsuite>
  <testsuite name="table_07" timestamp="2023-10-31T18:41:53Z" hostname="632ef2128b38" tests="24" skipped="4" failures="0" errors="0" time="3.309">
    <testcase time="0.0399999999999991" classname="table_07" name="Table_07_generation_works_with_default_values"/>
    <testcase time="0.00200000000000244" classname="table_07" name="Table_07_generation_works_with_default_values"/>
    <testcase time="0.00200000000000244" classname="table_07" name="Table_07_generation_works_with_default_values"/>
    <testcase time="0.0559999999999974" classname="table_07" name="Table_07_generation_works_with_default_values"/>
    <testcase time="0.469999999999999" classname="table_07" name="Table_07_generation_works_with_default_values"/>
    <testcase time="0.164000000000001" classname="table_07" name="Table_07_generation_works_with_default_values">
      <skipped message="Reason: On CRAN ('test-table_07.R:13:3')"/>
    </testcase>
    <testcase time="0.0260000000000034" classname="table_07" name="Table_07_generation_works_with_custom_values"/>
    <testcase time="0.00300000000000011" classname="table_07" name="Table_07_generation_works_with_custom_values"/>
    <testcase time="0.00199999999999534" classname="table_07" name="Table_07_generation_works_with_custom_values"/>
    <testcase time="0.0570000000000022" classname="table_07" name="Table_07_generation_works_with_custom_values"/>
    <testcase time="0.654000000000003" classname="table_07" name="Table_07_generation_works_with_custom_values"/>
    <testcase time="0.219000000000001" classname="table_07" name="Table_07_generation_works_with_custom_values">
      <skipped message="Reason: On CRAN ('test-table_07.R:42:3')"/>
    </testcase>
    <testcase time="0.0279999999999987" classname="table_07" name="Table_07_generation_works_with_NA_values_pruned_rows"/>
    <testcase time="0.00300000000000011" classname="table_07" name="Table_07_generation_works_with_NA_values_pruned_rows"/>
    <testcase time="0.00199999999999534" classname="table_07" name="Table_07_generation_works_with_NA_values_pruned_rows"/>
    <testcase time="0.0660000000000025" classname="table_07" name="Table_07_generation_works_with_NA_values_pruned_rows"/>
    <testcase time="0.451999999999998" classname="table_07" name="Table_07_generation_works_with_NA_values_pruned_rows"/>
    <testcase time="0.194000000000003" classname="table_07" name="Table_07_generation_works_with_NA_values_pruned_rows">
      <skipped message="Reason: On CRAN ('test-table_07.R:52:3')"/>
    </testcase>
    <testcase time="0.0259999999999962" classname="table_07" name="Table_07_generation_works_with_risk_difference_column"/>
    <testcase time="0.00300000000000011" classname="table_07" name="Table_07_generation_works_with_risk_difference_column"/>
    <testcase time="0.00200000000000244" classname="table_07" name="Table_07_generation_works_with_risk_difference_column"/>
    <testcase time="0.0549999999999997" classname="table_07" name="Table_07_generation_works_with_risk_difference_column"/>
    <testcase time="0.573" classname="table_07" name="Table_07_generation_works_with_risk_difference_column"/>
    <testcase time="0.210000000000001" classname="table_07" name="Table_07_generation_works_with_risk_difference_column">
      <skipped message="Reason: On CRAN ('test-table_07.R:65:3')"/>
    </testcase>
  </testsuite>
  <testsuite name="table_08" timestamp="2023-10-31T18:41:56Z" hostname="632ef2128b38" tests="8" skipped="2" failures="0" errors="0" time="0.62">
    <testcase time="0.0339999999999989" classname="table_08" name="Table_08_generation_works_with_default_values"/>
    <testcase time="0.00200000000000244" classname="table_08" name="Table_08_generation_works_with_default_values"/>
    <testcase time="0.0659999999999954" classname="table_08" name="Table_08_generation_works_with_default_values"/>
    <testcase time="0.188000000000002" classname="table_08" name="Table_08_generation_works_with_default_values">
      <skipped message="Reason: On CRAN ('test-table_08.R:10:3')"/>
    </testcase>
    <testcase time="0.0260000000000034" classname="table_08" name="Table_08_generation_works_with_custom_values"/>
    <testcase time="0.00300000000000011" classname="table_08" name="Table_08_generation_works_with_custom_values"/>
    <testcase time="0.0589999999999975" classname="table_08" name="Table_08_generation_works_with_custom_values"/>
    <testcase time="0.241999999999997" classname="table_08" name="Table_08_generation_works_with_custom_values">
      <skipped message="Reason: On CRAN ('test-table_08.R:31:3')"/>
    </testcase>
  </testsuite>
  <testsuite name="table_09" timestamp="2023-10-31T18:41:57Z" hostname="632ef2128b38" tests="16" skipped="5" failures="0" errors="0" time="2.797">
    <testcase time="0.0330000000000013" classname="table_09" name="Table_09_generation_works_with_default_values"/>
    <testcase time="0.0560000000000045" classname="table_09" name="Table_09_generation_works_with_default_values"/>
    <testcase time="0.446999999999996" classname="table_09" name="Table_09_generation_works_with_default_values"/>
    <testcase time="0.0910000000000011" classname="table_09" name="Table_09_generation_works_with_default_values">
      <skipped message="Reason: On CRAN ('test-table_09.R:8:3')"/>
    </testcase>
    <testcase time="0.0260000000000034" classname="table_09" name="Table_09_generation_works_with_custom_values"/>
    <testcase time="0.0559999999999974" classname="table_09" name="Table_09_generation_works_with_custom_values"/>
    <testcase time="0.536000000000001" classname="table_09" name="Table_09_generation_works_with_custom_values"/>
    <testcase time="0.103999999999999" classname="table_09" name="Table_09_generation_works_with_custom_values">
      <skipped message="Reason: On CRAN ('test-table_09.R:39:3')"/>
    </testcase>
    <testcase time="0.0279999999999987" classname="table_09" name="Table_09_gt_generation_works_with_risk_difference_column"/>
    <testcase time="0.0600000000000023" classname="table_09" name="Table_09_gt_generation_works_with_risk_difference_column"/>
    <testcase time="0.552" classname="table_09" name="Table_09_gt_generation_works_with_risk_difference_column"/>
    <testcase time="0.122" classname="table_09" name="Table_09_gt_generation_works_with_risk_difference_column">
      <skipped message="Reason: On CRAN ('test-table_09.R:47:3')"/>
    </testcase>
    <testcase time="0.027000000000001" classname="table_09" name="Table_09_gt_generation_works_with_default_values"/>
    <testcase time="0.237000000000002" classname="table_09" name="Table_09_gt_generation_works_with_default_values">
      <skipped message="Reason: On CRAN ('test-table_09.R:60:3')"/>
    </testcase>
    <testcase time="0.036999999999999" classname="table_09" name="Table_09_gt_generation_works_with_custom_values"/>
    <testcase time="0.384999999999998" classname="table_09" name="Table_09_gt_generation_works_with_custom_values">
      <skipped message="Reason: On CRAN ('test-table_09.R:88:3')"/>
    </testcase>
  </testsuite>
  <testsuite name="table_10" timestamp="2023-10-31T18:41:59Z" hostname="632ef2128b38" tests="15" skipped="3" failures="0" errors="0" time="2.439">
    <testcase time="0.0450000000000017" classname="table_10" name="Table_10_generation_works_with_default_values"/>
    <testcase time="0.00199999999999534" classname="table_10" name="Table_10_generation_works_with_default_values"/>
    <testcase time="0.0579999999999998" classname="table_10" name="Table_10_generation_works_with_default_values"/>
    <testcase time="0.551000000000002" classname="table_10" name="Table_10_generation_works_with_default_values"/>
    <testcase time="0.170999999999999" classname="table_10" name="Table_10_generation_works_with_default_values">
      <skipped message="Reason: On CRAN ('test-table_10.R:17:3')"/>
    </testcase>
    <testcase time="0.0279999999999987" classname="table_10" name="Table_10_generation_works_with_custom_values"/>
    <testcase time="0.00200000000000244" classname="table_10" name="Table_10_generation_works_with_custom_values"/>
    <testcase time="0.0559999999999974" classname="table_10" name="Table_10_generation_works_with_custom_values"/>
    <testcase time="0.514000000000003" classname="table_10" name="Table_10_generation_works_with_custom_values"/>
    <testcase time="0.0829999999999984" classname="table_10" name="Table_10_generation_works_with_custom_values">
      <skipped message="Reason: On CRAN ('test-table_10.R:52:3')"/>
    </testcase>
    <testcase time="0.0360000000000014" classname="table_10" name="Table_10_generation_works_with_risk_difference_column"/>
    <testcase time="0.00300000000000011" classname="table_10" name="Table_10_generation_works_with_risk_difference_column"/>
    <testcase time="0.0589999999999975" classname="table_10" name="Table_10_generation_works_with_risk_difference_column"/>
    <testcase time="0.626000000000005" classname="table_10" name="Table_10_generation_works_with_risk_difference_column"/>
    <testcase time="0.204999999999998" classname="table_10" name="Table_10_generation_works_with_risk_difference_column">
      <skipped message="Reason: On CRAN ('test-table_10.R:60:3')"/>
    </testcase>
  </testsuite>
  <testsuite name="table_11" timestamp="2023-10-31T18:42:02Z" hostname="632ef2128b38" tests="12" skipped="3" failures="0" errors="0" time="3.679">
    <testcase time="0.0399999999999991" classname="table_11" name="Table_11_generation_works_with_default_values"/>
    <testcase time="0.0670000000000002" classname="table_11" name="Table_11_generation_works_with_default_values"/>
    <testcase time="0.875" classname="table_11" name="Table_11_generation_works_with_default_values"/>
    <testcase time="0.207999999999998" classname="table_11" name="Table_11_generation_works_with_default_values">
      <skipped message="Reason: On CRAN ('test-table_11.R:18:3')"/>
    </testcase>
    <testcase time="0.0259999999999962" classname="table_11" name="Table_11_generation_works_with_custom_values"/>
    <testcase time="0.0609999999999999" classname="table_11" name="Table_11_generation_works_with_custom_values"/>
    <testcase time="0.861000000000004" classname="table_11" name="Table_11_generation_works_with_custom_values"/>
    <testcase time="0.0929999999999964" classname="table_11" name="Table_11_generation_works_with_custom_values">
      <skipped message="Reason: On CRAN ('test-table_11.R:48:3')"/>
    </testcase>
    <testcase time="0.0260000000000034" classname="table_11" name="Table_11_generation_works_with_risk_difference_column"/>
    <testcase time="0.0670000000000002" classname="table_11" name="Table_11_generation_works_with_risk_difference_column"/>
    <testcase time="1.114" classname="table_11" name="Table_11_generation_works_with_risk_difference_column"/>
    <testcase time="0.241" classname="table_11" name="Table_11_generation_works_with_risk_difference_column">
      <skipped message="Reason: On CRAN ('test-table_11.R:56:3')"/>
    </testcase>
  </testsuite>
  <testsuite name="table_12" timestamp="2023-10-31T18:42:06Z" hostname="632ef2128b38" tests="12" skipped="3" failures="0" errors="0" time="4.916">
    <testcase time="0.036999999999999" classname="table_12" name="Table_12_generation_works_with_default_values"/>
    <testcase time="0.0739999999999981" classname="table_12" name="Table_12_generation_works_with_default_values"/>
    <testcase time="1.17700000000001" classname="table_12" name="Table_12_generation_works_with_default_values"/>
    <testcase time="0.152999999999999" classname="table_12" name="Table_12_generation_works_with_default_values">
      <skipped message="Reason: On CRAN ('test-table_12.R:9:3')"/>
    </testcase>
    <testcase time="0.027000000000001" classname="table_12" name="Table_12_generation_works_with_custom_values"/>
    <testcase time="0.0670000000000002" classname="table_12" name="Table_12_generation_works_with_custom_values"/>
    <testcase time="1.174" classname="table_12" name="Table_12_generation_works_with_custom_values"/>
    <testcase time="0.163999999999994" classname="table_12" name="Table_12_generation_works_with_custom_values">
      <skipped message="Reason: On CRAN ('test-table_12.R:39:3')"/>
    </testcase>
    <testcase time="0.0290000000000035" classname="table_12" name="Table_12_generation_works_with_risk_difference_column"/>
    <testcase time="0.0700000000000003" classname="table_12" name="Table_12_generation_works_with_risk_difference_column"/>
    <testcase time="1.771" classname="table_12" name="Table_12_generation_works_with_risk_difference_column"/>
    <testcase time="0.173000000000002" classname="table_12" name="Table_12_generation_works_with_risk_difference_column">
      <skipped message="Reason: On CRAN ('test-table_12.R:47:3')"/>
    </testcase>
  </testsuite>
  <testsuite name="table_13" timestamp="2023-10-31T18:42:10Z" hostname="632ef2128b38" tests="12" skipped="3" failures="0" errors="0" time="1.135">
    <testcase time="0.0309999999999988" classname="table_13" name="Table_13_generation_works_with_default_values"/>
    <testcase time="0.0679999999999978" classname="table_13" name="Table_13_generation_works_with_default_values"/>
    <testcase time="0.176000000000002" classname="table_13" name="Table_13_generation_works_with_default_values"/>
    <testcase time="0.0919999999999987" classname="table_13" name="Table_13_generation_works_with_default_values">
      <skipped message="Reason: On CRAN ('test-table_13.R:8:3')"/>
    </testcase>
    <testcase time="0.0279999999999987" classname="table_13" name="Table_13_generation_works_with_custom_values"/>
    <testcase time="0.0670000000000002" classname="table_13" name="Table_13_generation_works_with_custom_values"/>
    <testcase time="0.198999999999998" classname="table_13" name="Table_13_generation_works_with_custom_values"/>
    <testcase time="0.0690000000000026" classname="table_13" name="Table_13_generation_works_with_custom_values">
      <skipped message="Reason: On CRAN ('test-table_13.R:38:3')"/>
    </testcase>
    <testcase time="0.0260000000000034" classname="table_13" name="Table_13_generation_works_with_risk_difference_column"/>
    <testcase time="0.0699999999999932" classname="table_13" name="Table_13_generation_works_with_risk_difference_column"/>
    <testcase time="0.191000000000003" classname="table_13" name="Table_13_generation_works_with_risk_difference_column"/>
    <testcase time="0.118000000000002" classname="table_13" name="Table_13_generation_works_with_risk_difference_column">
      <skipped message="Reason: On CRAN ('test-table_13.R:46:3')"/>
    </testcase>
  </testsuite>
  <testsuite name="table_14" timestamp="2023-10-31T18:42:12Z" hostname="632ef2128b38" tests="13" skipped="4" failures="0" errors="0" time="4.389">
    <testcase time="0.044000000000004" classname="table_14" name="Table_14_generation_works_with_default_values"/>
    <testcase time="0.744" classname="table_14" name="Table_14_generation_works_with_default_values"/>
    <testcase time="0.210000000000001" classname="table_14" name="Table_14_generation_works_with_default_values">
      <skipped message="Reason: On CRAN ('test-table_14.R:16:3')"/>
    </testcase>
    <testcase time="0.0259999999999962" classname="table_14" name="Table_14_generation_works_with_custom_values"/>
    <testcase time="0.0679999999999978" classname="table_14" name="Table_14_generation_works_with_custom_values"/>
    <testcase time="0.828000000000003" classname="table_14" name="Table_14_generation_works_with_custom_values"/>
    <testcase time="0.210000000000001" classname="table_14" name="Table_14_generation_works_with_custom_values">
      <skipped message="Reason: On CRAN ('test-table_14.R:46:3')"/>
    </testcase>
    <testcase time="0.0259999999999962" classname="table_14" name="Table_14_generation_works_with_NA_values_pruned_rows"/>
    <testcase time="0.769000000000005" classname="table_14" name="Table_14_generation_works_with_NA_values_pruned_rows"/>
    <testcase time="0.162999999999997" classname="table_14" name="Table_14_generation_works_with_NA_values_pruned_rows">
      <skipped message="Reason: On CRAN ('test-table_14.R:53:3')"/>
    </testcase>
    <testcase time="0.0350000000000037" classname="table_14" name="Table_14_generation_works_with_risk_difference_column"/>
    <testcase time="0.997999999999998" classname="table_14" name="Table_14_generation_works_with_risk_difference_column"/>
    <testcase time="0.268000000000001" classname="table_14" name="Table_14_generation_works_with_risk_difference_column">
      <skipped message="Reason: On CRAN ('test-table_14.R:61:3')"/>
    </testcase>
  </testsuite>
  <testsuite name="table_20" timestamp="2023-10-31T18:42:16Z" hostname="632ef2128b38" tests="24" skipped="4" failures="0" errors="0" time="3.724">
    <testcase time="0.0390000000000015" classname="table_20" name="Table_20_generation_works_with_default_values"/>
    <testcase time="0.00300000000000011" classname="table_20" name="Table_20_generation_works_with_default_values"/>
    <testcase time="0.00199999999999534" classname="table_20" name="Table_20_generation_works_with_default_values"/>
    <testcase time="0.0660000000000025" classname="table_20" name="Table_20_generation_works_with_default_values"/>
    <testcase time="0.583999999999996" classname="table_20" name="Table_20_generation_works_with_default_values"/>
    <testcase time="0.134" classname="table_20" name="Table_20_generation_works_with_default_values">
      <skipped message="Reason: On CRAN ('test-table_20.R:17:3')"/>
    </testcase>
    <testcase time="0.0260000000000034" classname="table_20" name="Table_20_generation_works_with_custom_values"/>
    <testcase time="0.00200000000000244" classname="table_20" name="Table_20_generation_works_with_custom_values"/>
    <testcase time="0.00200000000000244" classname="table_20" name="Table_20_generation_works_with_custom_values"/>
    <testcase time="0.0589999999999975" classname="table_20" name="Table_20_generation_works_with_custom_values"/>
    <testcase time="0.862000000000002" classname="table_20" name="Table_20_generation_works_with_custom_values"/>
    <testcase time="0.167999999999999" classname="table_20" name="Table_20_generation_works_with_custom_values">
      <skipped message="Reason: On CRAN ('test-table_20.R:65:3')"/>
    </testcase>
    <testcase time="0.027000000000001" classname="table_20" name="Table_20_generation_works_with_missing_values_pruned_rows"/>
    <testcase time="0.00199999999999534" classname="table_20" name="Table_20_generation_works_with_missing_values_pruned_rows"/>
    <testcase time="0.00200000000000244" classname="table_20" name="Table_20_generation_works_with_missing_values_pruned_rows"/>
    <testcase time="0.0589999999999975" classname="table_20" name="Table_20_generation_works_with_missing_values_pruned_rows"/>
    <testcase time="0.582999999999998" classname="table_20" name="Table_20_generation_works_with_missing_values_pruned_rows"/>
    <testcase time="0.121000000000002" classname="table_20" name="Table_20_generation_works_with_missing_values_pruned_rows">
      <skipped message="Reason: On CRAN ('test-table_20.R:74:3')"/>
    </testcase>
    <testcase time="0.0380000000000038" classname="table_20" name="Table_20_generation_works_with_risk_difference_column"/>
    <testcase time="0.00199999999999534" classname="table_20" name="Table_20_generation_works_with_risk_difference_column"/>
    <testcase time="0.00200000000000244" classname="table_20" name="Table_20_generation_works_with_risk_difference_column"/>
    <testcase time="0.0609999999999999" classname="table_20" name="Table_20_generation_works_with_risk_difference_column"/>
    <testcase time="0.737000000000002" classname="table_20" name="Table_20_generation_works_with_risk_difference_column"/>
    <testcase time="0.143000000000001" classname="table_20" name="Table_20_generation_works_with_risk_difference_column">
      <skipped message="Reason: On CRAN ('test-table_20.R:82:3')"/>
    </testcase>
  </testsuite>
  <testsuite name="table_21" timestamp="2023-10-31T18:42:20Z" hostname="632ef2128b38" tests="19" skipped="4" failures="0" errors="0" time="3.537">
    <testcase time="0.0999999999999943" classname="table_21" name="Table_21_generation_works_with_default_values"/>
    <testcase time="0.00200000000000244" classname="table_21" name="Table_21_generation_works_with_default_values"/>
    <testcase time="0.793999999999997" classname="table_21" name="Table_21_generation_works_with_default_values"/>
    <testcase time="0.156000000000006" classname="table_21" name="Table_21_generation_works_with_default_values">
      <skipped message="Reason: On CRAN ('test-table_21.R:22:3')"/>
    </testcase>
    <testcase time="0.0259999999999962" classname="table_21" name="Table_21_generation_works_with_custom_values_N_s_denominator_and_overall_column"/>
    <testcase time="0.00200000000000244" classname="table_21" name="Table_21_generation_works_with_custom_values_N_s_denominator_and_overall_column"/>
    <testcase time="0.112000000000002" classname="table_21" name="Table_21_generation_works_with_custom_values_N_s_denominator_and_overall_column"/>
    <testcase time="0.941000000000003" classname="table_21" name="Table_21_generation_works_with_custom_values_N_s_denominator_and_overall_column"/>
    <testcase time="0.161999999999999" classname="table_21" name="Table_21_generation_works_with_custom_values_N_s_denominator_and_overall_column">
      <skipped message="Reason: On CRAN ('test-table_21.R:34:3')"/>
    </testcase>
    <testcase time="0.027000000000001" classname="table_21" name="Table_21_generation_works_with_custom_values_N_col_denominator_and_no_overall_column"/>
    <testcase time="0.00199999999999534" classname="table_21" name="Table_21_generation_works_with_custom_values_N_col_denominator_and_no_overall_column"/>
    <testcase time="0.0660000000000025" classname="table_21" name="Table_21_generation_works_with_custom_values_N_col_denominator_and_no_overall_column"/>
    <testcase time="0.417999999999999" classname="table_21" name="Table_21_generation_works_with_custom_values_N_col_denominator_and_no_overall_column"/>
    <testcase time="0.140000000000001" classname="table_21" name="Table_21_generation_works_with_custom_values_N_col_denominator_and_no_overall_column">
      <skipped message="Reason: On CRAN ('test-table_21.R:62:3')"/>
    </testcase>
    <testcase time="0.102000000000004" classname="table_21" name="Table_21_generation_works_with_some_NA_values"/>
    <testcase time="0.00300000000000011" classname="table_21" name="Table_21_generation_works_with_some_NA_values"/>
    <testcase time="0.0649999999999977" classname="table_21" name="Table_21_generation_works_with_some_NA_values"/>
    <testcase time="0.322000000000003" classname="table_21" name="Table_21_generation_works_with_some_NA_values"/>
    <testcase time="0.0969999999999942" classname="table_21" name="Table_21_generation_works_with_some_NA_values">
      <skipped message="Reason: On CRAN ('test-table_21.R:82:3')"/>
    </testcase>
  </testsuite>
  <testsuite name="table_32" timestamp="2023-10-31T18:42:23Z" hostname="632ef2128b38" tests="22" skipped="6" failures="0" errors="0" time="7.96">
    <testcase time="0.0350000000000037" classname="table_32" name="Table_32_generation_works_with_default_values"/>
    <testcase time="0.0819999999999936" classname="table_32" name="Table_32_generation_works_with_default_values"/>
    <testcase time="0.162000000000006" classname="table_32" name="Table_32_generation_works_with_default_values"/>
    <testcase time="0.0699999999999932" classname="table_32" name="Table_32_generation_works_with_default_values">
      <skipped message="Reason: On CRAN ('test-table_32.R:8:3')"/>
    </testcase>
    <testcase time="0.0280000000000058" classname="table_32" name="Table_32_generation_works_with_custom_values"/>
    <testcase time="0.0960000000000036" classname="table_32" name="Table_32_generation_works_with_custom_values"/>
    <testcase time="0.194000000000003" classname="table_32" name="Table_32_generation_works_with_custom_values"/>
    <testcase time="0.0919999999999987" classname="table_32" name="Table_32_generation_works_with_custom_values">
      <skipped message="Reason: On CRAN ('test-table_32.R:30:3')"/>
    </testcase>
    <testcase time="0.0279999999999916" classname="table_32" name="Table_32_generation_works_with_pruned_rows"/>
    <testcase time="0.0670000000000073" classname="table_32" name="Table_32_generation_works_with_pruned_rows"/>
    <testcase time="0.164000000000001" classname="table_32" name="Table_32_generation_works_with_pruned_rows"/>
    <testcase time="0.0609999999999928" classname="table_32" name="Table_32_generation_works_with_pruned_rows">
      <skipped message="Reason: On CRAN ('test-table_32.R:37:3')"/>
    </testcase>
    <testcase time="0.0250000000000057" classname="table_32" name="Table_32_generation_works_with_risk_difference_column"/>
    <testcase time="0.0660000000000025" classname="table_32" name="Table_32_generation_works_with_risk_difference_column"/>
    <testcase time="0.224999999999994" classname="table_32" name="Table_32_generation_works_with_risk_difference_column"/>
    <testcase time="0.0739999999999981" classname="table_32" name="Table_32_generation_works_with_risk_difference_column">
      <skipped message="Reason: On CRAN ('test-table_32.R:45:3')"/>
    </testcase>
    <testcase time="0.0300000000000011" classname="table_32" name="Table_32_gtsum_generation_works_with_default_values"/>
    <testcase time="2.631" classname="table_32" name="Table_32_gtsum_generation_works_with_default_values"/>
    <testcase time="0.0109999999999957" classname="table_32" name="Table_32_gtsum_generation_works_with_default_values">
      <skipped message="Reason: On CRAN ('test-table_32.R:51:3')"/>
    </testcase>
    <testcase time="0.0300000000000011" classname="table_32" name="Table_32_gtsum_generation_works_with_custom_values"/>
    <testcase time="3.77800000000001" classname="table_32" name="Table_32_gtsum_generation_works_with_custom_values"/>
    <testcase time="0.0109999999999957" classname="table_32" name="Table_32_gtsum_generation_works_with_custom_values">
      <skipped message="Reason: On CRAN ('test-table_32.R:61:3')"/>
    </testcase>
  </testsuite>
  <testsuite name="table_33" timestamp="2023-10-31T18:42:31Z" hostname="632ef2128b38" tests="16" skipped="4" failures="0" errors="0" time="2.688">
    <testcase time="0.0319999999999965" classname="table_33" name="Table_33_generation_works_with_default_values"/>
    <testcase time="0.413000000000011" classname="table_33" name="Table_33_generation_works_with_default_values"/>
    <testcase time="0.153999999999996" classname="table_33" name="Table_33_generation_works_with_default_values"/>
    <testcase time="0.063999999999993" classname="table_33" name="Table_33_generation_works_with_default_values">
      <skipped message="Reason: On CRAN ('test-table_33.R:8:3')"/>
    </testcase>
    <testcase time="0.0260000000000105" classname="table_33" name="Table_33_generation_works_with_custom_values"/>
    <testcase time="0.417999999999992" classname="table_33" name="Table_33_generation_works_with_custom_values"/>
    <testcase time="0.161000000000001" classname="table_33" name="Table_33_generation_works_with_custom_values"/>
    <testcase time="0.0769999999999982" classname="table_33" name="Table_33_generation_works_with_custom_values">
      <skipped message="Reason: On CRAN ('test-table_33.R:34:3')"/>
    </testcase>
    <testcase time="0.0330000000000013" classname="table_33" name="Table_33_generation_works_with_pruned_rows"/>
    <testcase time="0.421000000000006" classname="table_33" name="Table_33_generation_works_with_pruned_rows"/>
    <testcase time="0.144999999999996" classname="table_33" name="Table_33_generation_works_with_pruned_rows"/>
    <testcase time="0.0460000000000065" classname="table_33" name="Table_33_generation_works_with_pruned_rows">
      <skipped message="Reason: On CRAN ('test-table_33.R:42:3')"/>
    </testcase>
    <testcase time="0.0289999999999964" classname="table_33" name="Table_33_generation_works_with_risk_difference_column"/>
    <testcase time="0.432999999999993" classname="table_33" name="Table_33_generation_works_with_risk_difference_column"/>
    <testcase time="0.180000000000007" classname="table_33" name="Table_33_generation_works_with_risk_difference_column"/>
    <testcase time="0.0559999999999974" classname="table_33" name="Table_33_generation_works_with_risk_difference_column">
      <skipped message="Reason: On CRAN ('test-table_33.R:50:3')"/>
    </testcase>
  </testsuite>
  <testsuite name="table_34" timestamp="2023-10-31T18:42:34Z" hostname="632ef2128b38" tests="12" skipped="3" failures="0" errors="0" time="8.829">
    <testcase time="0.0409999999999968" classname="table_34" name="Table_34_generation_works_with_default_values"/>
    <testcase time="0.0580000000000069" classname="table_34" name="Table_34_generation_works_with_default_values"/>
    <testcase time="2.48399999999999" classname="table_34" name="Table_34_generation_works_with_default_values"/>
    <testcase time="0.310000000000002" classname="table_34" name="Table_34_generation_works_with_default_values">
      <skipped message="Reason: On CRAN ('test-table_34.R:17:3')"/>
    </testcase>
    <testcase time="0.027000000000001" classname="table_34" name="Table_34_generation_works_with_custom_values"/>
    <testcase time="0.0519999999999925" classname="table_34" name="Table_34_generation_works_with_custom_values"/>
    <testcase time="2.364" classname="table_34" name="Table_34_generation_works_with_custom_values"/>
    <testcase time="0.113" classname="table_34" name="Table_34_generation_works_with_custom_values">
      <skipped message="Reason: On CRAN ('test-table_34.R:49:3')"/>
    </testcase>
    <testcase time="0.0280000000000058" classname="table_34" name="Table_34_generation_works_with_risk_difference_column"/>
    <testcase time="0.0579999999999927" classname="table_34" name="Table_34_generation_works_with_risk_difference_column"/>
    <testcase time="2.962" classname="table_34" name="Table_34_generation_works_with_risk_difference_column"/>
    <testcase time="0.331999999999994" classname="table_34" name="Table_34_generation_works_with_risk_difference_column">
      <skipped message="Reason: On CRAN ('test-table_34.R:57:3')"/>
    </testcase>
  </testsuite>
</testsuites>
