<?xml version="1.0" encoding="UTF-8"?>
<testsuites>
  <testsuite name="table_02" timestamp="2023-11-03T17:45:02Z" hostname="0a6955804dae" tests="30" skipped="10" failures="0" errors="0" time="18.907">
    <testcase time="0.097" classname="table_02" name="Table_02_generation_works_with_default_values"/>
    <testcase time="0.554" classname="table_02" name="Table_02_generation_works_with_default_values"/>
    <testcase time="0.266" classname="table_02" name="Table_02_generation_works_with_default_values">
      <skipped message="Reason: On CRAN ('test-table_02.R:16:3')"/>
    </testcase>
    <testcase time="0.093" classname="table_02" name="Table_02_generation_works_with_custom_values"/>
    <testcase time="0.452" classname="table_02" name="Table_02_generation_works_with_custom_values"/>
    <testcase time="0.266" classname="table_02" name="Table_02_generation_works_with_custom_values">
      <skipped message="Reason: On CRAN ('test-table_02.R:45:3')"/>
    </testcase>
    <testcase time="0.0709999999999997" classname="table_02" name="Table_02_generation_works_with_some_NA_values"/>
    <testcase time="0.122" classname="table_02" name="Table_02_generation_works_with_some_NA_values"/>
    <testcase time="0.0570000000000004" classname="table_02" name="Table_02_generation_works_with_some_NA_values">
      <skipped message="Reason: On CRAN ('test-table_02.R:57:3')"/>
    </testcase>
    <testcase time="0.024" classname="table_02" name="Table_02_generation_tplyr_works_with_default_values"/>
    <testcase time="2.274" classname="table_02" name="Table_02_generation_tplyr_works_with_default_values"/>
    <testcase time="0.0409999999999995" classname="table_02" name="Table_02_generation_tplyr_works_with_default_values">
      <skipped message="Reason: On CRAN ('test-table_02.R:66:3')"/>
    </testcase>
    <testcase time="0.0330000000000004" classname="table_02" name="Table_02_generation_tplyr_works_with_tplyr_raw_TRUE"/>
    <testcase time="1.401" classname="table_02" name="Table_02_generation_tplyr_works_with_tplyr_raw_TRUE"/>
    <testcase time="0.0289999999999999" classname="table_02" name="Table_02_generation_tplyr_works_with_tplyr_raw_TRUE">
      <skipped message="Reason: On CRAN ('test-table_02.R:75:3')"/>
    </testcase>
    <testcase time="0.0560000000000009" classname="table_02" name="Table_02_generation_tplyr_works_with_custom_values"/>
    <testcase time="2.161" classname="table_02" name="Table_02_generation_tplyr_works_with_custom_values"/>
    <testcase time="0.0280000000000005" classname="table_02" name="Table_02_generation_tplyr_works_with_custom_values">
      <skipped message="Reason: On CRAN ('test-table_02.R:102:3')"/>
    </testcase>
    <testcase time="0.0539999999999985" classname="table_02" name="Table_02_generation_tplyr_works_with_some_NA_values"/>
    <testcase time="0.869000000000002" classname="table_02" name="Table_02_generation_tplyr_works_with_some_NA_values"/>
    <testcase time="0.0259999999999998" classname="table_02" name="Table_02_generation_tplyr_works_with_some_NA_values">
      <skipped message="Reason: On CRAN ('test-table_02.R:119:3')"/>
    </testcase>
    <testcase time="0.0229999999999997" classname="table_02" name="Table_02_generation_gtsum_works_with_default_values"/>
    <testcase time="3.952" classname="table_02" name="Table_02_generation_gtsum_works_with_default_values"/>
    <testcase time="0.0109999999999992" classname="table_02" name="Table_02_generation_gtsum_works_with_default_values">
      <skipped message="Reason: On CRAN ('test-table_02.R:128:3')"/>
    </testcase>
    <testcase time="0.0570000000000022" classname="table_02" name="Table_02_generation_gtsum_works_with_custom_values"/>
    <testcase time="4.356" classname="table_02" name="Table_02_generation_gtsum_works_with_custom_values"/>
    <testcase time="0.0109999999999992" classname="table_02" name="Table_02_generation_gtsum_works_with_custom_values">
      <skipped message="Reason: On CRAN ('test-table_02.R:146:3')"/>
    </testcase>
    <testcase time="0.0480000000000018" classname="table_02" name="Table_02_generation_gtsum_works_with_some_NA_values"/>
    <testcase time="1.466" classname="table_02" name="Table_02_generation_gtsum_works_with_some_NA_values"/>
    <testcase time="0.00899999999999679" classname="table_02" name="Table_02_generation_gtsum_works_with_some_NA_values">
      <skipped message="Reason: On CRAN ('test-table_02.R:160:3')"/>
    </testcase>
  </testsuite>
  <testsuite name="table_03" timestamp="2023-11-03T17:45:21Z" hostname="0a6955804dae" tests="8" skipped="2" failures="0" errors="0" time="0.964">
    <testcase time="0.0430000000000028" classname="table_03" name="Table_3_generation_works_with_default_values"/>
    <testcase time="0.00199999999999889" classname="table_03" name="Table_3_generation_works_with_default_values"/>
    <testcase time="0.390000000000001" classname="table_03" name="Table_3_generation_works_with_default_values"/>
    <testcase time="0.0620000000000012" classname="table_03" name="Table_3_generation_works_with_default_values">
      <skipped message="Reason: On CRAN ('test-table_03.R:21:3')"/>
    </testcase>
    <testcase time="0.0219999999999985" classname="table_03" name="Table_3_generation_works_with_custom_values"/>
    <testcase time="0.00199999999999889" classname="table_03" name="Table_3_generation_works_with_custom_values"/>
    <testcase time="0.355" classname="table_03" name="Table_3_generation_works_with_custom_values"/>
    <testcase time="0.088000000000001" classname="table_03" name="Table_3_generation_works_with_custom_values">
      <skipped message="Reason: On CRAN ('test-table_03.R:41:3')"/>
    </testcase>
  </testsuite>
  <testsuite name="table_04" timestamp="2023-11-03T17:45:22Z" hostname="0a6955804dae" tests="9" skipped="2" failures="0" errors="0" time="0.963">
    <testcase time="0.0489999999999995" classname="table_04" name="Table_04_generation_works_with_default_values"/>
    <testcase time="0.332000000000001" classname="table_04" name="Table_04_generation_works_with_default_values"/>
    <testcase time="0.0960000000000001" classname="table_04" name="Table_04_generation_works_with_default_values">
      <skipped message="Reason: On CRAN ('test-table_04.R:18:3')"/>
    </testcase>
    <testcase time="0.0309999999999988" classname="table_04" name="Table_04_generation_works_with_custom_values"/>
    <testcase time="0.00199999999999889" classname="table_04" name="Table_04_generation_works_with_custom_values"/>
    <testcase time="0.00200000000000244" classname="table_04" name="Table_04_generation_works_with_custom_values"/>
    <testcase time="0.00199999999999889" classname="table_04" name="Table_04_generation_works_with_custom_values"/>
    <testcase time="0.359999999999999" classname="table_04" name="Table_04_generation_works_with_custom_values"/>
    <testcase time="0.0889999999999986" classname="table_04" name="Table_04_generation_works_with_custom_values">
      <skipped message="Reason: On CRAN ('test-table_04.R:46:3')"/>
    </testcase>
  </testsuite>
  <testsuite name="table_05" timestamp="2023-11-03T17:45:23Z" hostname="0a6955804dae" tests="12" skipped="4" failures="0" errors="0" time="1.686">
    <testcase time="0.213000000000001" classname="table_05" name="Table_05_generation_works_with_default_values"/>
    <testcase time="0.257999999999999" classname="table_05" name="Table_05_generation_works_with_default_values"/>
    <testcase time="0.0809999999999995" classname="table_05" name="Table_05_generation_works_with_default_values">
      <skipped message="Reason: On CRAN ('test-table_05.R:10:3')"/>
    </testcase>
    <testcase time="0.0229999999999997" classname="table_05" name="Table_05_generation_works_with_custom_values"/>
    <testcase time="0.269000000000002" classname="table_05" name="Table_05_generation_works_with_custom_values"/>
    <testcase time="0.105" classname="table_05" name="Table_05_generation_works_with_custom_values">
      <skipped message="Reason: On CRAN ('test-table_05.R:34:3')"/>
    </testcase>
    <testcase time="0.0240000000000009" classname="table_05" name="Table_05_generation_works_with_NA_values_pruned_rows"/>
    <testcase time="0.229999999999997" classname="table_05" name="Table_05_generation_works_with_NA_values_pruned_rows"/>
    <testcase time="0.0790000000000006" classname="table_05" name="Table_05_generation_works_with_NA_values_pruned_rows">
      <skipped message="Reason: On CRAN ('test-table_05.R:44:3')"/>
    </testcase>
    <testcase time="0.022000000000002" classname="table_05" name="Table_05_generation_works_with_risk_difference_column"/>
    <testcase time="0.279" classname="table_05" name="Table_05_generation_works_with_risk_difference_column"/>
    <testcase time="0.102999999999998" classname="table_05" name="Table_05_generation_works_with_risk_difference_column">
      <skipped message="Reason: On CRAN ('test-table_05.R:57:3')"/>
    </testcase>
  </testsuite>
  <testsuite name="table_06" timestamp="2023-11-03T17:45:25Z" hostname="0a6955804dae" tests="15" skipped="3" failures="0" errors="0" time="2.56">
    <testcase time="0.0289999999999999" classname="table_06" name="Table_06_generation_works_with_default_values"/>
    <testcase time="0.00200000000000244" classname="table_06" name="Table_06_generation_works_with_default_values"/>
    <testcase time="0.0700000000000003" classname="table_06" name="Table_06_generation_works_with_default_values"/>
    <testcase time="0.512999999999998" classname="table_06" name="Table_06_generation_works_with_default_values"/>
    <testcase time="0.105" classname="table_06" name="Table_06_generation_works_with_default_values">
      <skipped message="Reason: On CRAN ('test-table_06.R:8:3')"/>
    </testcase>
    <testcase time="0.0549999999999997" classname="table_06" name="Table_06_generation_works_with_custom_values"/>
    <testcase time="0.00199999999999889" classname="table_06" name="Table_06_generation_works_with_custom_values"/>
    <testcase time="0.0680000000000014" classname="table_06" name="Table_06_generation_works_with_custom_values"/>
    <testcase time="0.672000000000001" classname="table_06" name="Table_06_generation_works_with_custom_values"/>
    <testcase time="0.16" classname="table_06" name="Table_06_generation_works_with_custom_values">
      <skipped message="Reason: On CRAN ('test-table_06.R:40:3')"/>
    </testcase>
    <testcase time="0.0229999999999997" classname="table_06" name="Table_06_generation_works_with_risk_difference_column"/>
    <testcase time="0.00300000000000011" classname="table_06" name="Table_06_generation_works_with_risk_difference_column"/>
    <testcase time="0.0659999999999989" classname="table_06" name="Table_06_generation_works_with_risk_difference_column"/>
    <testcase time="0.655999999999999" classname="table_06" name="Table_06_generation_works_with_risk_difference_column"/>
    <testcase time="0.136000000000003" classname="table_06" name="Table_06_generation_works_with_risk_difference_column">
      <skipped message="Reason: On CRAN ('test-table_06.R:48:3')"/>
    </testcase>
  </testsuite>
  <testsuite name="table_07" timestamp="2023-11-03T17:45:27Z" hostname="0a6955804dae" tests="24" skipped="4" failures="0" errors="0" time="2.743">
    <testcase time="0.0339999999999989" classname="table_07" name="Table_07_generation_works_with_default_values"/>
    <testcase time="0.00199999999999889" classname="table_07" name="Table_07_generation_works_with_default_values"/>
    <testcase time="0.00200000000000244" classname="table_07" name="Table_07_generation_works_with_default_values"/>
    <testcase time="0.046999999999997" classname="table_07" name="Table_07_generation_works_with_default_values"/>
    <testcase time="0.386000000000003" classname="table_07" name="Table_07_generation_works_with_default_values"/>
    <testcase time="0.141999999999999" classname="table_07" name="Table_07_generation_works_with_default_values">
      <skipped message="Reason: On CRAN ('test-table_07.R:13:3')"/>
    </testcase>
    <testcase time="0.0229999999999997" classname="table_07" name="Table_07_generation_works_with_custom_values"/>
    <testcase time="0.00199999999999889" classname="table_07" name="Table_07_generation_works_with_custom_values"/>
    <testcase time="0.00199999999999889" classname="table_07" name="Table_07_generation_works_with_custom_values"/>
    <testcase time="0.0480000000000018" classname="table_07" name="Table_07_generation_works_with_custom_values"/>
    <testcase time="0.558" classname="table_07" name="Table_07_generation_works_with_custom_values"/>
    <testcase time="0.167999999999999" classname="table_07" name="Table_07_generation_works_with_custom_values">
      <skipped message="Reason: On CRAN ('test-table_07.R:42:3')"/>
    </testcase>
    <testcase time="0.0240000000000009" classname="table_07" name="Table_07_generation_works_with_NA_values_pruned_rows"/>
    <testcase time="0.00199999999999889" classname="table_07" name="Table_07_generation_works_with_NA_values_pruned_rows"/>
    <testcase time="0.00199999999999889" classname="table_07" name="Table_07_generation_works_with_NA_values_pruned_rows"/>
    <testcase time="0.0579999999999998" classname="table_07" name="Table_07_generation_works_with_NA_values_pruned_rows"/>
    <testcase time="0.380000000000003" classname="table_07" name="Table_07_generation_works_with_NA_values_pruned_rows"/>
    <testcase time="0.148" classname="table_07" name="Table_07_generation_works_with_NA_values_pruned_rows">
      <skipped message="Reason: On CRAN ('test-table_07.R:52:3')"/>
    </testcase>
    <testcase time="0.0229999999999997" classname="table_07" name="Table_07_generation_works_with_risk_difference_column"/>
    <testcase time="0.00199999999999889" classname="table_07" name="Table_07_generation_works_with_risk_difference_column"/>
    <testcase time="0.00199999999999889" classname="table_07" name="Table_07_generation_works_with_risk_difference_column"/>
    <testcase time="0.0470000000000006" classname="table_07" name="Table_07_generation_works_with_risk_difference_column"/>
    <testcase time="0.478999999999999" classname="table_07" name="Table_07_generation_works_with_risk_difference_column"/>
    <testcase time="0.162000000000003" classname="table_07" name="Table_07_generation_works_with_risk_difference_column">
      <skipped message="Reason: On CRAN ('test-table_07.R:65:3')"/>
    </testcase>
  </testsuite>
  <testsuite name="table_08" timestamp="2023-11-03T17:45:30Z" hostname="0a6955804dae" tests="8" skipped="2" failures="0" errors="0" time="0.504">
    <testcase time="0.0309999999999988" classname="table_08" name="Table_08_generation_works_with_default_values"/>
    <testcase time="0.00199999999999889" classname="table_08" name="Table_08_generation_works_with_default_values"/>
    <testcase time="0.0609999999999999" classname="table_08" name="Table_08_generation_works_with_default_values"/>
    <testcase time="0.143000000000001" classname="table_08" name="Table_08_generation_works_with_default_values">
      <skipped message="Reason: On CRAN ('test-table_08.R:10:3')"/>
    </testcase>
    <testcase time="0.0240000000000009" classname="table_08" name="Table_08_generation_works_with_custom_values"/>
    <testcase time="0.00300000000000011" classname="table_08" name="Table_08_generation_works_with_custom_values"/>
    <testcase time="0.0539999999999985" classname="table_08" name="Table_08_generation_works_with_custom_values"/>
    <testcase time="0.186" classname="table_08" name="Table_08_generation_works_with_custom_values">
      <skipped message="Reason: On CRAN ('test-table_08.R:31:3')"/>
    </testcase>
  </testsuite>
  <testsuite name="table_09" timestamp="2023-11-03T17:45:31Z" hostname="0a6955804dae" tests="16" skipped="5" failures="0" errors="0" time="2.414">
    <testcase time="0.0289999999999999" classname="table_09" name="Table_09_generation_works_with_default_values"/>
    <testcase time="0.0480000000000018" classname="table_09" name="Table_09_generation_works_with_default_values"/>
    <testcase time="0.385000000000002" classname="table_09" name="Table_09_generation_works_with_default_values"/>
    <testcase time="0.0779999999999959" classname="table_09" name="Table_09_generation_works_with_default_values">
      <skipped message="Reason: On CRAN ('test-table_09.R:8:3')"/>
    </testcase>
    <testcase time="0.0230000000000032" classname="table_09" name="Table_09_generation_works_with_custom_values"/>
    <testcase time="0.0480000000000018" classname="table_09" name="Table_09_generation_works_with_custom_values"/>
    <testcase time="0.468999999999994" classname="table_09" name="Table_09_generation_works_with_custom_values"/>
    <testcase time="0.0820000000000007" classname="table_09" name="Table_09_generation_works_with_custom_values">
      <skipped message="Reason: On CRAN ('test-table_09.R:39:3')"/>
    </testcase>
    <testcase time="0.0240000000000009" classname="table_09" name="Table_09_gt_generation_works_with_risk_difference_column"/>
    <testcase time="0.0489999999999995" classname="table_09" name="Table_09_gt_generation_works_with_risk_difference_column"/>
    <testcase time="0.483000000000004" classname="table_09" name="Table_09_gt_generation_works_with_risk_difference_column"/>
    <testcase time="0.100999999999999" classname="table_09" name="Table_09_gt_generation_works_with_risk_difference_column">
      <skipped message="Reason: On CRAN ('test-table_09.R:47:3')"/>
    </testcase>
    <testcase time="0.0240000000000009" classname="table_09" name="Table_09_gt_generation_works_with_default_values"/>
    <testcase time="0.204999999999998" classname="table_09" name="Table_09_gt_generation_works_with_default_values">
      <skipped message="Reason: On CRAN ('test-table_09.R:60:3')"/>
    </testcase>
    <testcase time="0.0240000000000009" classname="table_09" name="Table_09_gt_generation_works_with_custom_values"/>
    <testcase time="0.341999999999999" classname="table_09" name="Table_09_gt_generation_works_with_custom_values">
      <skipped message="Reason: On CRAN ('test-table_09.R:88:3')"/>
    </testcase>
  </testsuite>
  <testsuite name="table_10" timestamp="2023-11-03T17:45:33Z" hostname="0a6955804dae" tests="15" skipped="3" failures="0" errors="0" time="2.09">
    <testcase time="0.0519999999999996" classname="table_10" name="Table_10_generation_works_with_default_values"/>
    <testcase time="0.00200000000000244" classname="table_10" name="Table_10_generation_works_with_default_values"/>
    <testcase time="0.0499999999999972" classname="table_10" name="Table_10_generation_works_with_default_values"/>
    <testcase time="0.454000000000001" classname="table_10" name="Table_10_generation_works_with_default_values"/>
    <testcase time="0.134999999999998" classname="table_10" name="Table_10_generation_works_with_default_values">
      <skipped message="Reason: On CRAN ('test-table_10.R:17:3')"/>
    </testcase>
    <testcase time="0.0240000000000009" classname="table_10" name="Table_10_generation_works_with_custom_values"/>
    <testcase time="0.00300000000000011" classname="table_10" name="Table_10_generation_works_with_custom_values"/>
    <testcase time="0.044000000000004" classname="table_10" name="Table_10_generation_works_with_custom_values"/>
    <testcase time="0.440999999999995" classname="table_10" name="Table_10_generation_works_with_custom_values"/>
    <testcase time="0.0680000000000049" classname="table_10" name="Table_10_generation_works_with_custom_values">
      <skipped message="Reason: On CRAN ('test-table_10.R:52:3')"/>
    </testcase>
    <testcase time="0.0239999999999938" classname="table_10" name="Table_10_generation_works_with_risk_difference_column"/>
    <testcase time="0.00200000000000244" classname="table_10" name="Table_10_generation_works_with_risk_difference_column"/>
    <testcase time="0.0660000000000025" classname="table_10" name="Table_10_generation_works_with_risk_difference_column"/>
    <testcase time="0.561999999999998" classname="table_10" name="Table_10_generation_works_with_risk_difference_column"/>
    <testcase time="0.163000000000004" classname="table_10" name="Table_10_generation_works_with_risk_difference_column">
      <skipped message="Reason: On CRAN ('test-table_10.R:60:3')"/>
    </testcase>
  </testsuite>
  <testsuite name="table_11" timestamp="2023-11-03T17:45:35Z" hostname="0a6955804dae" tests="12" skipped="3" failures="0" errors="0" time="3.175">
    <testcase time="0.0409999999999968" classname="table_11" name="Table_11_generation_works_with_default_values"/>
    <testcase time="0.0600000000000023" classname="table_11" name="Table_11_generation_works_with_default_values"/>
    <testcase time="0.737000000000002" classname="table_11" name="Table_11_generation_works_with_default_values"/>
    <testcase time="0.162999999999997" classname="table_11" name="Table_11_generation_works_with_default_values">
      <skipped message="Reason: On CRAN ('test-table_11.R:18:3')"/>
    </testcase>
    <testcase time="0.0240000000000009" classname="table_11" name="Table_11_generation_works_with_custom_values"/>
    <testcase time="0.0519999999999996" classname="table_11" name="Table_11_generation_works_with_custom_values"/>
    <testcase time="0.749000000000002" classname="table_11" name="Table_11_generation_works_with_custom_values"/>
    <testcase time="0.0769999999999982" classname="table_11" name="Table_11_generation_works_with_custom_values">
      <skipped message="Reason: On CRAN ('test-table_11.R:48:3')"/>
    </testcase>
    <testcase time="0.0249999999999986" classname="table_11" name="Table_11_generation_works_with_risk_difference_column"/>
    <testcase time="0.0609999999999999" classname="table_11" name="Table_11_generation_works_with_risk_difference_column"/>
    <testcase time="0.989000000000004" classname="table_11" name="Table_11_generation_works_with_risk_difference_column"/>
    <testcase time="0.196999999999996" classname="table_11" name="Table_11_generation_works_with_risk_difference_column">
      <skipped message="Reason: On CRAN ('test-table_11.R:56:3')"/>
    </testcase>
  </testsuite>
  <testsuite name="table_12" timestamp="2023-11-03T17:45:38Z" hostname="0a6955804dae" tests="12" skipped="3" failures="0" errors="0" time="4.239">
    <testcase time="0.0309999999999988" classname="table_12" name="Table_12_generation_works_with_default_values"/>
    <testcase time="0.0620000000000047" classname="table_12" name="Table_12_generation_works_with_default_values"/>
    <testcase time="1.01" classname="table_12" name="Table_12_generation_works_with_default_values"/>
    <testcase time="0.140999999999998" classname="table_12" name="Table_12_generation_works_with_default_values">
      <skipped message="Reason: On CRAN ('test-table_12.R:9:3')"/>
    </testcase>
    <testcase time="0.0230000000000032" classname="table_12" name="Table_12_generation_works_with_custom_values"/>
    <testcase time="0.0619999999999976" classname="table_12" name="Table_12_generation_works_with_custom_values"/>
    <testcase time="1.022" classname="table_12" name="Table_12_generation_works_with_custom_values"/>
    <testcase time="0.145000000000003" classname="table_12" name="Table_12_generation_works_with_custom_values">
      <skipped message="Reason: On CRAN ('test-table_12.R:39:3')"/>
    </testcase>
    <testcase time="0.0229999999999961" classname="table_12" name="Table_12_generation_works_with_risk_difference_column"/>
    <testcase time="0.0630000000000024" classname="table_12" name="Table_12_generation_works_with_risk_difference_column"/>
    <testcase time="1.511" classname="table_12" name="Table_12_generation_works_with_risk_difference_column"/>
    <testcase time="0.146000000000001" classname="table_12" name="Table_12_generation_works_with_risk_difference_column">
      <skipped message="Reason: On CRAN ('test-table_12.R:47:3')"/>
    </testcase>
  </testsuite>
  <testsuite name="table_13" timestamp="2023-11-03T17:45:42Z" hostname="0a6955804dae" tests="12" skipped="3" failures="0" errors="0" time="0.967">
    <testcase time="0.0289999999999964" classname="table_13" name="Table_13_generation_works_with_default_values"/>
    <testcase time="0.0590000000000046" classname="table_13" name="Table_13_generation_works_with_default_values"/>
    <testcase time="0.153999999999996" classname="table_13" name="Table_13_generation_works_with_default_values"/>
    <testcase time="0.0730000000000004" classname="table_13" name="Table_13_generation_works_with_default_values">
      <skipped message="Reason: On CRAN ('test-table_13.R:8:3')"/>
    </testcase>
    <testcase time="0.0240000000000009" classname="table_13" name="Table_13_generation_works_with_custom_values"/>
    <testcase time="0.0589999999999975" classname="table_13" name="Table_13_generation_works_with_custom_values"/>
    <testcase time="0.173000000000002" classname="table_13" name="Table_13_generation_works_with_custom_values"/>
    <testcase time="0.0549999999999997" classname="table_13" name="Table_13_generation_works_with_custom_values">
      <skipped message="Reason: On CRAN ('test-table_13.R:38:3')"/>
    </testcase>
    <testcase time="0.0240000000000009" classname="table_13" name="Table_13_generation_works_with_risk_difference_column"/>
    <testcase time="0.0589999999999975" classname="table_13" name="Table_13_generation_works_with_risk_difference_column"/>
    <testcase time="0.173000000000002" classname="table_13" name="Table_13_generation_works_with_risk_difference_column"/>
    <testcase time="0.0850000000000009" classname="table_13" name="Table_13_generation_works_with_risk_difference_column">
      <skipped message="Reason: On CRAN ('test-table_13.R:46:3')"/>
    </testcase>
  </testsuite>
  <testsuite name="table_14" timestamp="2023-11-03T17:45:43Z" hostname="0a6955804dae" tests="13" skipped="4" failures="0" errors="0" time="3.797">
    <testcase time="0.0480000000000018" classname="table_14" name="Table_14_generation_works_with_default_values"/>
    <testcase time="0.670999999999999" classname="table_14" name="Table_14_generation_works_with_default_values"/>
    <testcase time="0.163999999999994" classname="table_14" name="Table_14_generation_works_with_default_values">
      <skipped message="Reason: On CRAN ('test-table_14.R:16:3')"/>
    </testcase>
    <testcase time="0.0240000000000009" classname="table_14" name="Table_14_generation_works_with_custom_values"/>
    <testcase time="0.0600000000000023" classname="table_14" name="Table_14_generation_works_with_custom_values"/>
    <testcase time="0.728999999999999" classname="table_14" name="Table_14_generation_works_with_custom_values"/>
    <testcase time="0.166000000000004" classname="table_14" name="Table_14_generation_works_with_custom_values">
      <skipped message="Reason: On CRAN ('test-table_14.R:46:3')"/>
    </testcase>
    <testcase time="0.0239999999999938" classname="table_14" name="Table_14_generation_works_with_NA_values_pruned_rows"/>
    <testcase time="0.696000000000005" classname="table_14" name="Table_14_generation_works_with_NA_values_pruned_rows"/>
    <testcase time="0.123999999999995" classname="table_14" name="Table_14_generation_works_with_NA_values_pruned_rows">
      <skipped message="Reason: On CRAN ('test-table_14.R:53:3')"/>
    </testcase>
    <testcase time="0.0240000000000009" classname="table_14" name="Table_14_generation_works_with_risk_difference_column"/>
    <testcase time="0.872" classname="table_14" name="Table_14_generation_works_with_risk_difference_column"/>
    <testcase time="0.195" classname="table_14" name="Table_14_generation_works_with_risk_difference_column">
      <skipped message="Reason: On CRAN ('test-table_14.R:61:3')"/>
    </testcase>
  </testsuite>
  <testsuite name="table_15" timestamp="2023-11-03T17:45:47Z" hostname="0a6955804dae" tests="16" skipped="4" failures="0" errors="0" time="2.16">
    <testcase time="0.0350000000000037" classname="table_15" name="Table_15_generation_works_with_default_values"/>
    <testcase time="0.0509999999999948" classname="table_15" name="Table_15_generation_works_with_default_values"/>
    <testcase time="0.344000000000001" classname="table_15" name="Table_15_generation_works_with_default_values"/>
    <testcase time="0.108000000000004" classname="table_15" name="Table_15_generation_works_with_default_values">
      <skipped message="Reason: On CRAN ('test-table_15.R:19:3')"/>
    </testcase>
    <testcase time="0.0240000000000009" classname="table_15" name="Table_15_generation_works_with_custom_values"/>
    <testcase time="0.0519999999999996" classname="table_15" name="Table_15_generation_works_with_custom_values"/>
    <testcase time="0.335000000000001" classname="table_15" name="Table_15_generation_works_with_custom_values"/>
    <testcase time="0.105999999999995" classname="table_15" name="Table_15_generation_works_with_custom_values">
      <skipped message="Reason: On CRAN ('test-table_15.R:51:3')"/>
    </testcase>
    <testcase time="0.0240000000000009" classname="table_15" name="Table_15_generation_works_with_NA_values_pruned_rows"/>
    <testcase time="0.0519999999999996" classname="table_15" name="Table_15_generation_works_with_NA_values_pruned_rows"/>
    <testcase time="0.337000000000003" classname="table_15" name="Table_15_generation_works_with_NA_values_pruned_rows"/>
    <testcase time="0.106000000000002" classname="table_15" name="Table_15_generation_works_with_NA_values_pruned_rows">
      <skipped message="Reason: On CRAN ('test-table_15.R:58:3')"/>
    </testcase>
    <testcase time="0.0229999999999961" classname="table_15" name="Table_15_generation_works_with_risk_difference_column"/>
    <testcase time="0.0519999999999996" classname="table_15" name="Table_15_generation_works_with_risk_difference_column"/>
    <testcase time="0.387" classname="table_15" name="Table_15_generation_works_with_risk_difference_column"/>
    <testcase time="0.124000000000002" classname="table_15" name="Table_15_generation_works_with_risk_difference_column">
      <skipped message="Reason: On CRAN ('test-table_15.R:66:3')"/>
    </testcase>
  </testsuite>
  <testsuite name="table_16" timestamp="2023-11-03T17:45:49Z" hostname="0a6955804dae" tests="16" skipped="4" failures="0" errors="0" time="1.917">
    <testcase time="0.0459999999999994" classname="table_16" name="Table_16_generation_works_with_default_values"/>
    <testcase time="0.046999999999997" classname="table_16" name="Table_16_generation_works_with_default_values"/>
    <testcase time="0.321000000000005" classname="table_16" name="Table_16_generation_works_with_default_values"/>
    <testcase time="0.0569999999999951" classname="table_16" name="Table_16_generation_works_with_default_values">
      <skipped message="Reason: On CRAN ('test-table_16.R:19:3')"/>
    </testcase>
    <testcase time="0.0240000000000009" classname="table_16" name="Table_16_generation_works_with_custom_values"/>
    <testcase time="0.0579999999999998" classname="table_16" name="Table_16_generation_works_with_custom_values"/>
    <testcase time="0.320999999999998" classname="table_16" name="Table_16_generation_works_with_custom_values"/>
    <testcase time="0.0570000000000022" classname="table_16" name="Table_16_generation_works_with_custom_values">
      <skipped message="Reason: On CRAN ('test-table_16.R:51:3')"/>
    </testcase>
    <testcase time="0.0240000000000009" classname="table_16" name="Table_16_generation_works_with_NA_values_pruned_rows"/>
    <testcase time="0.046999999999997" classname="table_16" name="Table_16_generation_works_with_NA_values_pruned_rows"/>
    <testcase time="0.335000000000001" classname="table_16" name="Table_16_generation_works_with_NA_values_pruned_rows"/>
    <testcase time="0.0570000000000022" classname="table_16" name="Table_16_generation_works_with_NA_values_pruned_rows">
      <skipped message="Reason: On CRAN ('test-table_16.R:58:3')"/>
    </testcase>
    <testcase time="0.0240000000000009" classname="table_16" name="Table_16_generation_works_with_risk_difference_column"/>
    <testcase time="0.046999999999997" classname="table_16" name="Table_16_generation_works_with_risk_difference_column"/>
    <testcase time="0.387" classname="table_16" name="Table_16_generation_works_with_risk_difference_column"/>
    <testcase time="0.0650000000000048" classname="table_16" name="Table_16_generation_works_with_risk_difference_column">
      <skipped message="Reason: On CRAN ('test-table_16.R:66:3')"/>
    </testcase>
  </testsuite>
  <testsuite name="table_17" timestamp="2023-11-03T17:45:51Z" hostname="0a6955804dae" tests="16" skipped="4" failures="0" errors="0" time="3.257">
    <testcase time="0.0349999999999966" classname="table_17" name="Table_17_generation_works_with_default_values"/>
    <testcase time="0.054000000000002" classname="table_17" name="Table_17_generation_works_with_default_values"/>
    <testcase time="0.501999999999995" classname="table_17" name="Table_17_generation_works_with_default_values"/>
    <testcase time="0.194000000000003" classname="table_17" name="Table_17_generation_works_with_default_values">
      <skipped message="Reason: On CRAN ('test-table_17.R:25:3')"/>
    </testcase>
    <testcase time="0.0240000000000009" classname="table_17" name="Table_17_generation_works_with_custom_values"/>
    <testcase time="0.0549999999999997" classname="table_17" name="Table_17_generation_works_with_custom_values"/>
    <testcase time="0.524000000000001" classname="table_17" name="Table_17_generation_works_with_custom_values"/>
    <testcase time="0.183999999999997" classname="table_17" name="Table_17_generation_works_with_custom_values">
      <skipped message="Reason: On CRAN ('test-table_17.R:57:3')"/>
    </testcase>
    <testcase time="0.0360000000000014" classname="table_17" name="Table_17_generation_works_with_NA_values_pruned_rows"/>
    <testcase time="0.0549999999999997" classname="table_17" name="Table_17_generation_works_with_NA_values_pruned_rows"/>
    <testcase time="0.509" classname="table_17" name="Table_17_generation_works_with_NA_values_pruned_rows"/>
    <testcase time="0.195" classname="table_17" name="Table_17_generation_works_with_NA_values_pruned_rows">
      <skipped message="Reason: On CRAN ('test-table_17.R:64:3')"/>
    </testcase>
    <testcase time="0.0240000000000009" classname="table_17" name="Table_17_generation_works_with_risk_difference_column"/>
    <testcase time="0.0529999999999973" classname="table_17" name="Table_17_generation_works_with_risk_difference_column"/>
    <testcase time="0.588000000000001" classname="table_17" name="Table_17_generation_works_with_risk_difference_column"/>
    <testcase time="0.225000000000001" classname="table_17" name="Table_17_generation_works_with_risk_difference_column">
      <skipped message="Reason: On CRAN ('test-table_17.R:72:3')"/>
    </testcase>
  </testsuite>
  <testsuite name="table_18" timestamp="2023-11-03T17:45:55Z" hostname="0a6955804dae" tests="16" skipped="4" failures="0" errors="0" time="2.793">
    <testcase time="0.0350000000000037" classname="table_18" name="Table_18_generation_works_with_default_values"/>
    <testcase time="0.0579999999999998" classname="table_18" name="Table_18_generation_works_with_default_values"/>
    <testcase time="0.503" classname="table_18" name="Table_18_generation_works_with_default_values"/>
    <testcase time="0.0820000000000007" classname="table_18" name="Table_18_generation_works_with_default_values">
      <skipped message="Reason: On CRAN ('test-table_18.R:25:3')"/>
    </testcase>
    <testcase time="0.0229999999999961" classname="table_18" name="Table_18_generation_works_with_custom_values"/>
    <testcase time="0.0480000000000018" classname="table_18" name="Table_18_generation_works_with_custom_values"/>
    <testcase time="0.500999999999998" classname="table_18" name="Table_18_generation_works_with_custom_values"/>
    <testcase time="0.100000000000001" classname="table_18" name="Table_18_generation_works_with_custom_values">
      <skipped message="Reason: On CRAN ('test-table_18.R:57:3')"/>
    </testcase>
    <testcase time="0.0240000000000009" classname="table_18" name="Table_18_generation_works_with_NA_values_pruned_rows"/>
    <testcase time="0.0480000000000018" classname="table_18" name="Table_18_generation_works_with_NA_values_pruned_rows"/>
    <testcase time="0.509999999999998" classname="table_18" name="Table_18_generation_works_with_NA_values_pruned_rows"/>
    <testcase time="0.0829999999999984" classname="table_18" name="Table_18_generation_works_with_NA_values_pruned_rows">
      <skipped message="Reason: On CRAN ('test-table_18.R:64:3')"/>
    </testcase>
    <testcase time="0.0250000000000057" classname="table_18" name="Table_18_generation_works_with_risk_difference_column"/>
    <testcase time="0.0619999999999976" classname="table_18" name="Table_18_generation_works_with_risk_difference_column"/>
    <testcase time="0.585999999999999" classname="table_18" name="Table_18_generation_works_with_risk_difference_column"/>
    <testcase time="0.105000000000004" classname="table_18" name="Table_18_generation_works_with_risk_difference_column">
      <skipped message="Reason: On CRAN ('test-table_18.R:72:3')"/>
    </testcase>
  </testsuite>
  <testsuite name="table_20" timestamp="2023-11-03T17:45:57Z" hostname="0a6955804dae" tests="24" skipped="4" failures="0" errors="0" time="3.337">
    <testcase time="0.0349999999999966" classname="table_20" name="Table_20_generation_works_with_default_values"/>
    <testcase time="0.00200000000000244" classname="table_20" name="Table_20_generation_works_with_default_values"/>
    <testcase time="0.00199999999999534" classname="table_20" name="Table_20_generation_works_with_default_values"/>
    <testcase time="0.0530000000000044" classname="table_20" name="Table_20_generation_works_with_default_values"/>
    <testcase time="0.522999999999996" classname="table_20" name="Table_20_generation_works_with_default_values"/>
    <testcase time="0.097999999999999" classname="table_20" name="Table_20_generation_works_with_default_values">
      <skipped message="Reason: On CRAN ('test-table_20.R:17:3')"/>
    </testcase>
    <testcase time="0.0349999999999966" classname="table_20" name="Table_20_generation_works_with_custom_values"/>
    <testcase time="0.00300000000000011" classname="table_20" name="Table_20_generation_works_with_custom_values"/>
    <testcase time="0.00200000000000244" classname="table_20" name="Table_20_generation_works_with_custom_values"/>
    <testcase time="0.0600000000000023" classname="table_20" name="Table_20_generation_works_with_custom_values"/>
    <testcase time="0.766999999999996" classname="table_20" name="Table_20_generation_works_with_custom_values"/>
    <testcase time="0.128" classname="table_20" name="Table_20_generation_works_with_custom_values">
      <skipped message="Reason: On CRAN ('test-table_20.R:65:3')"/>
    </testcase>
    <testcase time="0.0249999999999986" classname="table_20" name="Table_20_generation_works_with_missing_values_pruned_rows"/>
    <testcase time="0.00200000000000244" classname="table_20" name="Table_20_generation_works_with_missing_values_pruned_rows"/>
    <testcase time="0.00200000000000244" classname="table_20" name="Table_20_generation_works_with_missing_values_pruned_rows"/>
    <testcase time="0.0679999999999978" classname="table_20" name="Table_20_generation_works_with_missing_values_pruned_rows"/>
    <testcase time="0.521999999999998" classname="table_20" name="Table_20_generation_works_with_missing_values_pruned_rows"/>
    <testcase time="0.0940000000000012" classname="table_20" name="Table_20_generation_works_with_missing_values_pruned_rows">
      <skipped message="Reason: On CRAN ('test-table_20.R:74:3')"/>
    </testcase>
    <testcase time="0.0240000000000009" classname="table_20" name="Table_20_generation_works_with_risk_difference_column"/>
    <testcase time="0.00200000000000244" classname="table_20" name="Table_20_generation_works_with_risk_difference_column"/>
    <testcase time="0.00199999999999534" classname="table_20" name="Table_20_generation_works_with_risk_difference_column"/>
    <testcase time="0.0530000000000044" classname="table_20" name="Table_20_generation_works_with_risk_difference_column"/>
    <testcase time="0.696999999999996" classname="table_20" name="Table_20_generation_works_with_risk_difference_column"/>
    <testcase time="0.137999999999998" classname="table_20" name="Table_20_generation_works_with_risk_difference_column">
      <skipped message="Reason: On CRAN ('test-table_20.R:82:3')"/>
    </testcase>
  </testsuite>
  <testsuite name="table_21" timestamp="2023-11-03T17:46:01Z" hostname="0a6955804dae" tests="19" skipped="4" failures="0" errors="0" time="3.365">
    <testcase time="0.0980000000000061" classname="table_21" name="Table_21_generation_works_with_default_values"/>
    <testcase time="0.00199999999999534" classname="table_21" name="Table_21_generation_works_with_default_values"/>
    <testcase time="0.771000000000001" classname="table_21" name="Table_21_generation_works_with_default_values"/>
    <testcase time="0.140999999999998" classname="table_21" name="Table_21_generation_works_with_default_values">
      <skipped message="Reason: On CRAN ('test-table_21.R:22:3')"/>
    </testcase>
    <testcase time="0.0230000000000032" classname="table_21" name="Table_21_generation_works_with_custom_values_N_s_denominator_and_overall_column"/>
    <testcase time="0.00200000000000244" classname="table_21" name="Table_21_generation_works_with_custom_values_N_s_denominator_and_overall_column"/>
    <testcase time="0.101999999999997" classname="table_21" name="Table_21_generation_works_with_custom_values_N_s_denominator_and_overall_column"/>
    <testcase time="0.933" classname="table_21" name="Table_21_generation_works_with_custom_values_N_s_denominator_and_overall_column"/>
    <testcase time="0.129999999999995" classname="table_21" name="Table_21_generation_works_with_custom_values_N_s_denominator_and_overall_column">
      <skipped message="Reason: On CRAN ('test-table_21.R:34:3')"/>
    </testcase>
    <testcase time="0.0250000000000057" classname="table_21" name="Table_21_generation_works_with_custom_values_N_col_denominator_and_no_overall_column"/>
    <testcase time="0.00199999999999534" classname="table_21" name="Table_21_generation_works_with_custom_values_N_col_denominator_and_no_overall_column"/>
    <testcase time="0.0789999999999935" classname="table_21" name="Table_21_generation_works_with_custom_values_N_col_denominator_and_no_overall_column"/>
    <testcase time="0.381" classname="table_21" name="Table_21_generation_works_with_custom_values_N_col_denominator_and_no_overall_column"/>
    <testcase time="0.150000000000006" classname="table_21" name="Table_21_generation_works_with_custom_values_N_col_denominator_and_no_overall_column">
      <skipped message="Reason: On CRAN ('test-table_21.R:62:3')"/>
    </testcase>
    <testcase time="0.0810000000000031" classname="table_21" name="Table_21_generation_works_with_some_NA_values"/>
    <testcase time="0.00199999999999534" classname="table_21" name="Table_21_generation_works_with_some_NA_values"/>
    <testcase time="0.0589999999999975" classname="table_21" name="Table_21_generation_works_with_some_NA_values"/>
    <testcase time="0.302999999999997" classname="table_21" name="Table_21_generation_works_with_some_NA_values"/>
    <testcase time="0.0810000000000031" classname="table_21" name="Table_21_generation_works_with_some_NA_values">
      <skipped message="Reason: On CRAN ('test-table_21.R:82:3')"/>
    </testcase>
  </testsuite>
  <testsuite name="table_32" timestamp="2023-11-03T17:46:04Z" hostname="0a6955804dae" tests="22" skipped="6" failures="0" errors="0" time="7.844">
    <testcase time="0.0490000000000066" classname="table_32" name="Table_32_generation_works_with_default_values"/>
    <testcase time="0.0679999999999978" classname="table_32" name="Table_32_generation_works_with_default_values"/>
    <testcase time="0.144999999999996" classname="table_32" name="Table_32_generation_works_with_default_values"/>
    <testcase time="0.0660000000000025" classname="table_32" name="Table_32_generation_works_with_default_values">
      <skipped message="Reason: On CRAN ('test-table_32.R:8:3')"/>
    </testcase>
    <testcase time="0.0319999999999965" classname="table_32" name="Table_32_generation_works_with_custom_values"/>
    <testcase time="0.0649999999999977" classname="table_32" name="Table_32_generation_works_with_custom_values"/>
    <testcase time="0.177999999999997" classname="table_32" name="Table_32_generation_works_with_custom_values"/>
    <testcase time="0.0879999999999939" classname="table_32" name="Table_32_generation_works_with_custom_values">
      <skipped message="Reason: On CRAN ('test-table_32.R:30:3')"/>
    </testcase>
    <testcase time="0.0240000000000009" classname="table_32" name="Table_32_generation_works_with_pruned_rows"/>
    <testcase time="0.0620000000000118" classname="table_32" name="Table_32_generation_works_with_pruned_rows"/>
    <testcase time="0.164999999999992" classname="table_32" name="Table_32_generation_works_with_pruned_rows"/>
    <testcase time="0.0460000000000065" classname="table_32" name="Table_32_generation_works_with_pruned_rows">
      <skipped message="Reason: On CRAN ('test-table_32.R:37:3')"/>
    </testcase>
    <testcase time="0.0240000000000009" classname="table_32" name="Table_32_generation_works_with_risk_difference_column"/>
    <testcase time="0.0619999999999976" classname="table_32" name="Table_32_generation_works_with_risk_difference_column"/>
    <testcase time="0.207999999999998" classname="table_32" name="Table_32_generation_works_with_risk_difference_column"/>
    <testcase time="0.0589999999999975" classname="table_32" name="Table_32_generation_works_with_risk_difference_column">
      <skipped message="Reason: On CRAN ('test-table_32.R:45:3')"/>
    </testcase>
    <testcase time="0.0250000000000057" classname="table_32" name="Table_32_gtsum_generation_works_with_default_values"/>
    <testcase time="2.55699999999999" classname="table_32" name="Table_32_gtsum_generation_works_with_default_values"/>
    <testcase time="0.0100000000000051" classname="table_32" name="Table_32_gtsum_generation_works_with_default_values">
      <skipped message="Reason: On CRAN ('test-table_32.R:51:3')"/>
    </testcase>
    <testcase time="0.0240000000000009" classname="table_32" name="Table_32_gtsum_generation_works_with_custom_values"/>
    <testcase time="3.877" classname="table_32" name="Table_32_gtsum_generation_works_with_custom_values"/>
    <testcase time="0.0100000000000051" classname="table_32" name="Table_32_gtsum_generation_works_with_custom_values">
      <skipped message="Reason: On CRAN ('test-table_32.R:61:3')"/>
    </testcase>
  </testsuite>
  <testsuite name="table_33" timestamp="2023-11-03T17:46:12Z" hostname="0a6955804dae" tests="16" skipped="4" failures="0" errors="0" time="1.913">
    <testcase time="0.0300000000000011" classname="table_33" name="Table_33_generation_works_with_default_values"/>
    <testcase time="0.271000000000001" classname="table_33" name="Table_33_generation_works_with_default_values"/>
    <testcase time="0.123999999999995" classname="table_33" name="Table_33_generation_works_with_default_values"/>
    <testcase time="0.0409999999999968" classname="table_33" name="Table_33_generation_works_with_default_values">
      <skipped message="Reason: On CRAN ('test-table_33.R:8:3')"/>
    </testcase>
    <testcase time="0.0230000000000103" classname="table_33" name="Table_33_generation_works_with_custom_values"/>
    <testcase time="0.271999999999991" classname="table_33" name="Table_33_generation_works_with_custom_values"/>
    <testcase time="0.152000000000001" classname="table_33" name="Table_33_generation_works_with_custom_values"/>
    <testcase time="0.0480000000000018" classname="table_33" name="Table_33_generation_works_with_custom_values">
      <skipped message="Reason: On CRAN ('test-table_33.R:34:3')"/>
    </testcase>
    <testcase time="0.0249999999999915" classname="table_33" name="Table_33_generation_works_with_pruned_rows"/>
    <testcase time="0.27300000000001" classname="table_33" name="Table_33_generation_works_with_pruned_rows"/>
    <testcase time="0.125999999999991" classname="table_33" name="Table_33_generation_works_with_pruned_rows"/>
    <testcase time="0.0350000000000108" classname="table_33" name="Table_33_generation_works_with_pruned_rows">
      <skipped message="Reason: On CRAN ('test-table_33.R:42:3')"/>
    </testcase>
    <testcase time="0.0240000000000009" classname="table_33" name="Table_33_generation_works_with_risk_difference_column"/>
    <testcase time="0.273999999999987" classname="table_33" name="Table_33_generation_works_with_risk_difference_column"/>
    <testcase time="0.152000000000001" classname="table_33" name="Table_33_generation_works_with_risk_difference_column"/>
    <testcase time="0.0430000000000064" classname="table_33" name="Table_33_generation_works_with_risk_difference_column">
      <skipped message="Reason: On CRAN ('test-table_33.R:50:3')"/>
    </testcase>
  </testsuite>
  <testsuite name="table_34" timestamp="2023-11-03T17:46:14Z" hostname="0a6955804dae" tests="12" skipped="3" failures="0" errors="0" time="7.143">
    <testcase time="0.0379999999999967" classname="table_34" name="Table_34_generation_works_with_default_values"/>
    <testcase time="0.0499999999999972" classname="table_34" name="Table_34_generation_works_with_default_values"/>
    <testcase time="1.955" classname="table_34" name="Table_34_generation_works_with_default_values"/>
    <testcase time="0.233000000000004" classname="table_34" name="Table_34_generation_works_with_default_values">
      <skipped message="Reason: On CRAN ('test-table_34.R:17:3')"/>
    </testcase>
    <testcase time="0.0240000000000009" classname="table_34" name="Table_34_generation_works_with_custom_values"/>
    <testcase time="0.0439999999999969" classname="table_34" name="Table_34_generation_works_with_custom_values"/>
    <testcase time="1.95" classname="table_34" name="Table_34_generation_works_with_custom_values"/>
    <testcase time="0.100999999999999" classname="table_34" name="Table_34_generation_works_with_custom_values">
      <skipped message="Reason: On CRAN ('test-table_34.R:49:3')"/>
    </testcase>
    <testcase time="0.0229999999999961" classname="table_34" name="Table_34_generation_works_with_risk_difference_column"/>
    <testcase time="0.0499999999999972" classname="table_34" name="Table_34_generation_works_with_risk_difference_column"/>
    <testcase time="2.40600000000001" classname="table_34" name="Table_34_generation_works_with_risk_difference_column"/>
    <testcase time="0.268999999999991" classname="table_34" name="Table_34_generation_works_with_risk_difference_column">
      <skipped message="Reason: On CRAN ('test-table_34.R:57:3')"/>
    </testcase>
  </testsuite>
</testsuites>
