<?xml version="1.0" encoding="UTF-8"?>
<testsuites>
  <testsuite name="table_02" timestamp="2023-07-08T03:50:06Z" hostname="4f03b116591c" tests="9" skipped="3" failures="0" errors="0" time="1.795">
    <testcase time="0.0579999999999998" classname="table_02" name="Table_02_generation_works_with_default_values"/>
    <testcase time="0.597" classname="table_02" name="Table_02_generation_works_with_default_values"/>
    <testcase time="0.22" classname="table_02" name="Table_02_generation_works_with_default_values">
      <skipped message="Reason: On CRAN ('test-table_02.R:16:3')"/>
    </testcase>
    <testcase time="0.0989999999999998" classname="table_02" name="Table_02_generation_works_with_custom_values"/>
    <testcase time="0.403" classname="table_02" name="Table_02_generation_works_with_custom_values"/>
    <testcase time="0.216" classname="table_02" name="Table_02_generation_works_with_custom_values">
      <skipped message="Reason: On CRAN ('test-table_02.R:45:3')"/>
    </testcase>
    <testcase time="0.0570000000000004" classname="table_02" name="Table_02_generation_works_with_some_NA_values"/>
    <testcase time="0.0969999999999995" classname="table_02" name="Table_02_generation_works_with_some_NA_values"/>
    <testcase time="0.048" classname="table_02" name="Table_02_generation_works_with_some_NA_values">
      <skipped message="Reason: On CRAN ('test-table_02.R:57:3')"/>
    </testcase>
  </testsuite>
  <testsuite name="table_04" timestamp="2023-07-08T03:50:08Z" hostname="4f03b116591c" tests="12" skipped="2" failures="0" errors="0" time="0.943">
    <testcase time="0.0449999999999999" classname="table_04" name="Table_04_generation_works_with_default_values"/>
    <testcase time="0.00100000000000033" classname="table_04" name="Table_04_generation_works_with_default_values"/>
    <testcase time="0.000999999999999446" classname="table_04" name="Table_04_generation_works_with_default_values"/>
    <testcase time="0.00100000000000033" classname="table_04" name="Table_04_generation_works_with_default_values"/>
    <testcase time="0.383" classname="table_04" name="Table_04_generation_works_with_default_values"/>
    <testcase time="0.0940000000000003" classname="table_04" name="Table_04_generation_works_with_default_values">
      <skipped message="Reason: On CRAN ('test-table_04.R:26:3')"/>
    </testcase>
    <testcase time="0.016" classname="table_04" name="Table_04_generation_works_with_custom_values"/>
    <testcase time="0.00199999999999978" classname="table_04" name="Table_04_generation_works_with_custom_values"/>
    <testcase time="0.000999999999999446" classname="table_04" name="Table_04_generation_works_with_custom_values"/>
    <testcase time="0.00100000000000033" classname="table_04" name="Table_04_generation_works_with_custom_values"/>
    <testcase time="0.305" classname="table_04" name="Table_04_generation_works_with_custom_values"/>
    <testcase time="0.093" classname="table_04" name="Table_04_generation_works_with_custom_values">
      <skipped message="Reason: On CRAN ('test-table_04.R:49:3')"/>
    </testcase>
  </testsuite>
  <testsuite name="table_05" timestamp="2023-07-08T03:50:09Z" hostname="4f03b116591c" tests="9" skipped="3" failures="0" errors="0" time="1.096">
    <testcase time="0.188000000000001" classname="table_05" name="Table_05_generation_works_with_default_values"/>
    <testcase time="0.216" classname="table_05" name="Table_05_generation_works_with_default_values"/>
    <testcase time="0.0699999999999994" classname="table_05" name="Table_05_generation_works_with_default_values">
      <skipped message="Reason: On CRAN ('test-table_05.R:10:3')"/>
    </testcase>
    <testcase time="0.016" classname="table_05" name="Table_05_generation_works_with_custom_values"/>
    <testcase time="0.251" classname="table_05" name="Table_05_generation_works_with_custom_values"/>
    <testcase time="0.0830000000000002" classname="table_05" name="Table_05_generation_works_with_custom_values">
      <skipped message="Reason: On CRAN ('test-table_05.R:34:3')"/>
    </testcase>
    <testcase time="0.0179999999999998" classname="table_05" name="Table_05_generation_works_with_NA_values_pruned_rows"/>
    <testcase time="0.184" classname="table_05" name="Table_05_generation_works_with_NA_values_pruned_rows"/>
    <testcase time="0.0699999999999994" classname="table_05" name="Table_05_generation_works_with_NA_values_pruned_rows">
      <skipped message="Reason: On CRAN ('test-table_05.R:44:3')"/>
    </testcase>
  </testsuite>
  <testsuite name="table_06" timestamp="2023-07-08T03:50:10Z" hostname="4f03b116591c" tests="10" skipped="2" failures="0" errors="0" time="1.462">
    <testcase time="0.0210000000000008" classname="table_06" name="Table_06_generation_works_with_default_values"/>
    <testcase time="0.00199999999999978" classname="table_06" name="Table_06_generation_works_with_default_values"/>
    <testcase time="0.0549999999999997" classname="table_06" name="Table_06_generation_works_with_default_values"/>
    <testcase time="0.386" classname="table_06" name="Table_06_generation_works_with_default_values"/>
    <testcase time="0.0960000000000001" classname="table_06" name="Table_06_generation_works_with_default_values">
      <skipped message="Reason: On CRAN ('test-table_06.R:8:3')"/>
    </testcase>
    <testcase time="0.016" classname="table_06" name="Table_06_generation_works_with_custom_values"/>
    <testcase time="0.000999999999999446" classname="table_06" name="Table_06_generation_works_with_custom_values"/>
    <testcase time="0.0550000000000006" classname="table_06" name="Table_06_generation_works_with_custom_values"/>
    <testcase time="0.698" classname="table_06" name="Table_06_generation_works_with_custom_values"/>
    <testcase time="0.132000000000001" classname="table_06" name="Table_06_generation_works_with_custom_values">
      <skipped message="Reason: On CRAN ('test-table_06.R:40:3')"/>
    </testcase>
  </testsuite>
  <testsuite name="table_07" timestamp="2023-07-08T03:50:11Z" hostname="4f03b116591c" tests="18" skipped="3" failures="0" errors="0" time="1.543">
    <testcase time="0.0259999999999998" classname="table_07" name="Table_07_generation_works_with_default_values"/>
    <testcase time="0.000999999999999446" classname="table_07" name="Table_07_generation_works_with_default_values"/>
    <testcase time="0.00200000000000067" classname="table_07" name="Table_07_generation_works_with_default_values"/>
    <testcase time="0.0399999999999991" classname="table_07" name="Table_07_generation_works_with_default_values"/>
    <testcase time="0.32" classname="table_07" name="Table_07_generation_works_with_default_values"/>
    <testcase time="0.106" classname="table_07" name="Table_07_generation_works_with_default_values">
      <skipped message="Reason: On CRAN ('test-table_07.R:13:3')"/>
    </testcase>
    <testcase time="0.016" classname="table_07" name="Table_07_generation_works_with_custom_values"/>
    <testcase time="0.00100000000000122" classname="table_07" name="Table_07_generation_works_with_custom_values"/>
    <testcase time="0.000999999999999446" classname="table_07" name="Table_07_generation_works_with_custom_values"/>
    <testcase time="0.0389999999999997" classname="table_07" name="Table_07_generation_works_with_custom_values"/>
    <testcase time="0.41" classname="table_07" name="Table_07_generation_works_with_custom_values"/>
    <testcase time="0.135" classname="table_07" name="Table_07_generation_works_with_custom_values">
      <skipped message="Reason: On CRAN ('test-table_07.R:42:3')"/>
    </testcase>
    <testcase time="0.016" classname="table_07" name="Table_07_generation_works_with_NA_values_pruned_rows"/>
    <testcase time="0.000999999999999446" classname="table_07" name="Table_07_generation_works_with_NA_values_pruned_rows"/>
    <testcase time="0.00100000000000122" classname="table_07" name="Table_07_generation_works_with_NA_values_pruned_rows"/>
    <testcase time="0.0389999999999997" classname="table_07" name="Table_07_generation_works_with_NA_values_pruned_rows"/>
    <testcase time="0.279" classname="table_07" name="Table_07_generation_works_with_NA_values_pruned_rows"/>
    <testcase time="0.109999999999999" classname="table_07" name="Table_07_generation_works_with_NA_values_pruned_rows">
      <skipped message="Reason: On CRAN ('test-table_07.R:52:3')"/>
    </testcase>
  </testsuite>
  <testsuite name="table_08" timestamp="2023-07-08T03:50:13Z" hostname="4f03b116591c" tests="8" skipped="2" failures="0" errors="0" time="0.401">
    <testcase time="0.0220000000000002" classname="table_08" name="Table_08_generation_works_with_default_values"/>
    <testcase time="0.000999999999999446" classname="table_08" name="Table_08_generation_works_with_default_values"/>
    <testcase time="0.0460000000000012" classname="table_08" name="Table_08_generation_works_with_default_values"/>
    <testcase time="0.124000000000001" classname="table_08" name="Table_08_generation_works_with_default_values">
      <skipped message="Reason: On CRAN ('test-table_08.R:10:3')"/>
    </testcase>
    <testcase time="0.016" classname="table_08" name="Table_08_generation_works_with_custom_values"/>
    <testcase time="0.00199999999999889" classname="table_08" name="Table_08_generation_works_with_custom_values"/>
    <testcase time="0.0380000000000003" classname="table_08" name="Table_08_generation_works_with_custom_values"/>
    <testcase time="0.151999999999999" classname="table_08" name="Table_08_generation_works_with_custom_values">
      <skipped message="Reason: On CRAN ('test-table_08.R:31:3')"/>
    </testcase>
  </testsuite>
  <testsuite name="table_09" timestamp="2023-07-08T03:50:13Z" hostname="4f03b116591c" tests="8" skipped="2" failures="0" errors="0" time="0.83">
    <testcase time="0.027000000000001" classname="table_09" name="Table_09_generation_works_with_default_values"/>
    <testcase time="0.0399999999999991" classname="table_09" name="Table_09_generation_works_with_default_values"/>
    <testcase time="0.261000000000001" classname="table_09" name="Table_09_generation_works_with_default_values"/>
    <testcase time="0.0579999999999998" classname="table_09" name="Table_09_generation_works_with_default_values">
      <skipped message="Reason: On CRAN ('test-table_09.R:8:3')"/>
    </testcase>
    <testcase time="0.016" classname="table_09" name="Table_09_generation_works_with_custom_values"/>
    <testcase time="0.0410000000000004" classname="table_09" name="Table_09_generation_works_with_custom_values"/>
    <testcase time="0.318999999999999" classname="table_09" name="Table_09_generation_works_with_custom_values"/>
    <testcase time="0.0679999999999996" classname="table_09" name="Table_09_generation_works_with_custom_values">
      <skipped message="Reason: On CRAN ('test-table_09.R:39:3')"/>
    </testcase>
  </testsuite>
  <testsuite name="table_13" timestamp="2023-07-08T03:50:14Z" hostname="4f03b116591c" tests="8" skipped="2" failures="0" errors="0" time="0.493">
    <testcase time="0.0199999999999996" classname="table_13" name="Table_13_generation_works_with_default_values"/>
    <testcase time="0.0559999999999992" classname="table_13" name="Table_13_generation_works_with_default_values"/>
    <testcase time="0.110000000000001" classname="table_13" name="Table_13_generation_works_with_default_values"/>
    <testcase time="0.0619999999999994" classname="table_13" name="Table_13_generation_works_with_default_values">
      <skipped message="Reason: On CRAN ('test-table_13.R:8:3')"/>
    </testcase>
    <testcase time="0.016" classname="table_13" name="Table_13_generation_works_with_custom_values"/>
    <testcase time="0.0589999999999993" classname="table_13" name="Table_13_generation_works_with_custom_values"/>
    <testcase time="0.124000000000001" classname="table_13" name="Table_13_generation_works_with_custom_values"/>
    <testcase time="0.0460000000000012" classname="table_13" name="Table_13_generation_works_with_custom_values">
      <skipped message="Reason: On CRAN ('test-table_13.R:38:3')"/>
    </testcase>
  </testsuite>
  <testsuite name="table_14" timestamp="2023-07-08T03:50:14Z" hostname="4f03b116591c" tests="10" skipped="3" failures="0" errors="0" time="1.99">
    <testcase time="0.0289999999999999" classname="table_14" name="Table_14_generation_works_with_default_values"/>
    <testcase time="0.488999999999999" classname="table_14" name="Table_14_generation_works_with_default_values"/>
    <testcase time="0.141" classname="table_14" name="Table_14_generation_works_with_default_values">
      <skipped message="Reason: On CRAN ('test-table_14.R:16:3')"/>
    </testcase>
    <testcase time="0.016" classname="table_14" name="Table_14_generation_works_with_custom_values"/>
    <testcase time="0.048" classname="table_14" name="Table_14_generation_works_with_custom_values"/>
    <testcase time="0.516" classname="table_14" name="Table_14_generation_works_with_custom_values"/>
    <testcase time="0.135" classname="table_14" name="Table_14_generation_works_with_custom_values">
      <skipped message="Reason: On CRAN ('test-table_14.R:46:3')"/>
    </testcase>
    <testcase time="0.016" classname="table_14" name="Table_14_generation_works_with_NA_values_pruned_rows"/>
    <testcase time="0.497" classname="table_14" name="Table_14_generation_works_with_NA_values_pruned_rows"/>
    <testcase time="0.103" classname="table_14" name="Table_14_generation_works_with_NA_values_pruned_rows">
      <skipped message="Reason: On CRAN ('test-table_14.R:53:3')"/>
    </testcase>
  </testsuite>
  <testsuite name="table_20" timestamp="2023-07-08T03:50:16Z" hostname="4f03b116591c" tests="18" skipped="3" failures="0" errors="0" time="1.681">
    <testcase time="0.0240000000000009" classname="table_20" name="Table_20_generation_works_with_default_values"/>
    <testcase time="0.00199999999999889" classname="table_20" name="Table_20_generation_works_with_default_values"/>
    <testcase time="0.00100000000000122" classname="table_20" name="Table_20_generation_works_with_default_values"/>
    <testcase time="0.0589999999999993" classname="table_20" name="Table_20_generation_works_with_default_values"/>
    <testcase time="0.329000000000001" classname="table_20" name="Table_20_generation_works_with_default_values"/>
    <testcase time="0.0800000000000001" classname="table_20" name="Table_20_generation_works_with_default_values">
      <skipped message="Reason: On CRAN ('test-table_20.R:17:3')"/>
    </testcase>
    <testcase time="0.0169999999999995" classname="table_20" name="Table_20_generation_works_with_custom_values"/>
    <testcase time="0.000999999999999446" classname="table_20" name="Table_20_generation_works_with_custom_values"/>
    <testcase time="0.00100000000000122" classname="table_20" name="Table_20_generation_works_with_custom_values"/>
    <testcase time="0.0429999999999993" classname="table_20" name="Table_20_generation_works_with_custom_values"/>
    <testcase time="0.526" classname="table_20" name="Table_20_generation_works_with_custom_values"/>
    <testcase time="0.114000000000001" classname="table_20" name="Table_20_generation_works_with_custom_values">
      <skipped message="Reason: On CRAN ('test-table_20.R:65:3')"/>
    </testcase>
    <testcase time="0.0250000000000004" classname="table_20" name="Table_20_generation_works_with_missing_values_pruned_rows"/>
    <testcase time="0.00199999999999889" classname="table_20" name="Table_20_generation_works_with_missing_values_pruned_rows"/>
    <testcase time="0.00100000000000122" classname="table_20" name="Table_20_generation_works_with_missing_values_pruned_rows"/>
    <testcase time="0.0439999999999987" classname="table_20" name="Table_20_generation_works_with_missing_values_pruned_rows"/>
    <testcase time="0.334000000000001" classname="table_20" name="Table_20_generation_works_with_missing_values_pruned_rows"/>
    <testcase time="0.0779999999999994" classname="table_20" name="Table_20_generation_works_with_missing_values_pruned_rows">
      <skipped message="Reason: On CRAN ('test-table_20.R:74:3')"/>
    </testcase>
  </testsuite>
  <testsuite name="table_32" timestamp="2023-07-08T03:50:18Z" hostname="4f03b116591c" tests="12" skipped="3" failures="0" errors="0" time="0.715">
    <testcase time="0.020999999999999" classname="table_32" name="Table_32_generation_works_with_default_values"/>
    <testcase time="0.0640000000000001" classname="table_32" name="Table_32_generation_works_with_default_values"/>
    <testcase time="0.105" classname="table_32" name="Table_32_generation_works_with_default_values"/>
    <testcase time="0.043000000000001" classname="table_32" name="Table_32_generation_works_with_default_values">
      <skipped message="Reason: On CRAN ('test-table_32.R:8:3')"/>
    </testcase>
    <testcase time="0.016" classname="table_32" name="Table_32_generation_works_with_custom_values"/>
    <testcase time="0.0609999999999999" classname="table_32" name="Table_32_generation_works_with_custom_values"/>
    <testcase time="0.126999999999999" classname="table_32" name="Table_32_generation_works_with_custom_values"/>
    <testcase time="0.0510000000000002" classname="table_32" name="Table_32_generation_works_with_custom_values">
      <skipped message="Reason: On CRAN ('test-table_32.R:30:3')"/>
    </testcase>
    <testcase time="0.016" classname="table_32" name="Table_32_generation_works_with_pruned_rows"/>
    <testcase time="0.0500000000000007" classname="table_32" name="Table_32_generation_works_with_pruned_rows"/>
    <testcase time="0.128" classname="table_32" name="Table_32_generation_works_with_pruned_rows"/>
    <testcase time="0.0329999999999995" classname="table_32" name="Table_32_generation_works_with_pruned_rows">
      <skipped message="Reason: On CRAN ('test-table_32.R:37:3')"/>
    </testcase>
  </testsuite>
  <testsuite name="table_33" timestamp="2023-07-08T03:50:19Z" hostname="4f03b116591c" tests="12" skipped="3" failures="0" errors="0" time="1.161">
    <testcase time="0.020999999999999" classname="table_33" name="Table_33_generation_works_with_default_values"/>
    <testcase time="0.243000000000002" classname="table_33" name="Table_33_generation_works_with_default_values"/>
    <testcase time="0.0869999999999997" classname="table_33" name="Table_33_generation_works_with_default_values"/>
    <testcase time="0.0329999999999977" classname="table_33" name="Table_33_generation_works_with_default_values">
      <skipped message="Reason: On CRAN ('test-table_33.R:8:3')"/>
    </testcase>
    <testcase time="0.0160000000000018" classname="table_33" name="Table_33_generation_works_with_custom_values"/>
    <testcase time="0.239000000000001" classname="table_33" name="Table_33_generation_works_with_custom_values"/>
    <testcase time="0.113999999999997" classname="table_33" name="Table_33_generation_works_with_custom_values"/>
    <testcase time="0.0380000000000003" classname="table_33" name="Table_33_generation_works_with_custom_values">
      <skipped message="Reason: On CRAN ('test-table_33.R:34:3')"/>
    </testcase>
    <testcase time="0.017000000000003" classname="table_33" name="Table_33_generation_works_with_pruned_rows"/>
    <testcase time="0.238999999999997" classname="table_33" name="Table_33_generation_works_with_pruned_rows"/>
    <testcase time="0.0859999999999985" classname="table_33" name="Table_33_generation_works_with_pruned_rows"/>
    <testcase time="0.0280000000000022" classname="table_33" name="Table_33_generation_works_with_pruned_rows">
      <skipped message="Reason: On CRAN ('test-table_33.R:42:3')"/>
    </testcase>
  </testsuite>
</testsuites>
