<?xml version="1.0" encoding="UTF-8"?>
<testsuites>
  <testsuite name="table_02" timestamp="2023-08-01T05:14:59Z" hostname="375b790c8c1f" tests="9" skipped="3" failures="0" errors="0" time="1.593">
    <testcase time="0.0509999999999997" classname="table_02" name="Table_02_generation_works_with_default_values"/>
    <testcase time="0.529" classname="table_02" name="Table_02_generation_works_with_default_values"/>
    <testcase time="0.201" classname="table_02" name="Table_02_generation_works_with_default_values">
      <skipped message="Reason: On CRAN ('test-table_02.R:16:3')"/>
    </testcase>
    <testcase time="0.0860000000000003" classname="table_02" name="Table_02_generation_works_with_custom_values"/>
    <testcase time="0.361" classname="table_02" name="Table_02_generation_works_with_custom_values"/>
    <testcase time="0.192" classname="table_02" name="Table_02_generation_works_with_custom_values">
      <skipped message="Reason: On CRAN ('test-table_02.R:45:3')"/>
    </testcase>
    <testcase time="0.0469999999999997" classname="table_02" name="Table_02_generation_works_with_some_NA_values"/>
    <testcase time="0.0830000000000002" classname="table_02" name="Table_02_generation_works_with_some_NA_values"/>
    <testcase time="0.0430000000000001" classname="table_02" name="Table_02_generation_works_with_some_NA_values">
      <skipped message="Reason: On CRAN ('test-table_02.R:57:3')"/>
    </testcase>
  </testsuite>
  <testsuite name="table_04" timestamp="2023-08-01T05:15:01Z" hostname="375b790c8c1f" tests="12" skipped="2" failures="0" errors="0" time="0.845">
    <testcase time="0.04" classname="table_04" name="Table_04_generation_works_with_default_values"/>
    <testcase time="0.000999999999999446" classname="table_04" name="Table_04_generation_works_with_default_values"/>
    <testcase time="0.00100000000000033" classname="table_04" name="Table_04_generation_works_with_default_values"/>
    <testcase time="0.00100000000000033" classname="table_04" name="Table_04_generation_works_with_default_values"/>
    <testcase time="0.339" classname="table_04" name="Table_04_generation_works_with_default_values"/>
    <testcase time="0.085" classname="table_04" name="Table_04_generation_works_with_default_values">
      <skipped message="Reason: On CRAN ('test-table_04.R:30:3')"/>
    </testcase>
    <testcase time="0.0140000000000002" classname="table_04" name="Table_04_generation_works_with_custom_values"/>
    <testcase time="0.00100000000000033" classname="table_04" name="Table_04_generation_works_with_custom_values"/>
    <testcase time="0.000999999999999446" classname="table_04" name="Table_04_generation_works_with_custom_values"/>
    <testcase time="0.00100000000000033" classname="table_04" name="Table_04_generation_works_with_custom_values"/>
    <testcase time="0.275" classname="table_04" name="Table_04_generation_works_with_custom_values"/>
    <testcase time="0.0859999999999994" classname="table_04" name="Table_04_generation_works_with_custom_values">
      <skipped message="Reason: On CRAN ('test-table_04.R:53:3')"/>
    </testcase>
  </testsuite>
  <testsuite name="table_05" timestamp="2023-08-01T05:15:02Z" hostname="375b790c8c1f" tests="9" skipped="3" failures="0" errors="0" time="0.988">
    <testcase time="0.171" classname="table_05" name="Table_05_generation_works_with_default_values"/>
    <testcase time="0.194" classname="table_05" name="Table_05_generation_works_with_default_values"/>
    <testcase time="0.0640000000000001" classname="table_05" name="Table_05_generation_works_with_default_values">
      <skipped message="Reason: On CRAN ('test-table_05.R:10:3')"/>
    </testcase>
    <testcase time="0.0149999999999997" classname="table_05" name="Table_05_generation_works_with_custom_values"/>
    <testcase time="0.226" classname="table_05" name="Table_05_generation_works_with_custom_values"/>
    <testcase time="0.0750000000000002" classname="table_05" name="Table_05_generation_works_with_custom_values">
      <skipped message="Reason: On CRAN ('test-table_05.R:34:3')"/>
    </testcase>
    <testcase time="0.016" classname="table_05" name="Table_05_generation_works_with_NA_values_pruned_rows"/>
    <testcase time="0.163" classname="table_05" name="Table_05_generation_works_with_NA_values_pruned_rows"/>
    <testcase time="0.0640000000000001" classname="table_05" name="Table_05_generation_works_with_NA_values_pruned_rows">
      <skipped message="Reason: On CRAN ('test-table_05.R:44:3')"/>
    </testcase>
  </testsuite>
  <testsuite name="table_06" timestamp="2023-08-01T05:15:02Z" hostname="375b790c8c1f" tests="10" skipped="2" failures="0" errors="0" time="1.317">
    <testcase time="0.0199999999999996" classname="table_06" name="Table_06_generation_works_with_default_values"/>
    <testcase time="0.00100000000000033" classname="table_06" name="Table_06_generation_works_with_default_values"/>
    <testcase time="0.0460000000000003" classname="table_06" name="Table_06_generation_works_with_default_values"/>
    <testcase time="0.356" classname="table_06" name="Table_06_generation_works_with_default_values"/>
    <testcase time="0.0880000000000001" classname="table_06" name="Table_06_generation_works_with_default_values">
      <skipped message="Reason: On CRAN ('test-table_06.R:8:3')"/>
    </testcase>
    <testcase time="0.0149999999999997" classname="table_06" name="Table_06_generation_works_with_custom_values"/>
    <testcase time="0.00199999999999978" classname="table_06" name="Table_06_generation_works_with_custom_values"/>
    <testcase time="0.0449999999999999" classname="table_06" name="Table_06_generation_works_with_custom_values"/>
    <testcase time="0.634" classname="table_06" name="Table_06_generation_works_with_custom_values"/>
    <testcase time="0.11" classname="table_06" name="Table_06_generation_works_with_custom_values">
      <skipped message="Reason: On CRAN ('test-table_06.R:40:3')"/>
    </testcase>
  </testsuite>
  <testsuite name="table_07" timestamp="2023-08-01T05:15:04Z" hostname="375b790c8c1f" tests="18" skipped="3" failures="0" errors="0" time="1.411">
    <testcase time="0.0229999999999997" classname="table_07" name="Table_07_generation_works_with_default_values"/>
    <testcase time="0.00100000000000033" classname="table_07" name="Table_07_generation_works_with_default_values"/>
    <testcase time="0.000999999999999446" classname="table_07" name="Table_07_generation_works_with_default_values"/>
    <testcase time="0.0309999999999997" classname="table_07" name="Table_07_generation_works_with_default_values"/>
    <testcase time="0.294" classname="table_07" name="Table_07_generation_works_with_default_values"/>
    <testcase time="0.0999999999999996" classname="table_07" name="Table_07_generation_works_with_default_values">
      <skipped message="Reason: On CRAN ('test-table_07.R:13:3')"/>
    </testcase>
    <testcase time="0.0150000000000006" classname="table_07" name="Table_07_generation_works_with_custom_values"/>
    <testcase time="0.000999999999999446" classname="table_07" name="Table_07_generation_works_with_custom_values"/>
    <testcase time="0.00100000000000033" classname="table_07" name="Table_07_generation_works_with_custom_values"/>
    <testcase time="0.0309999999999997" classname="table_07" name="Table_07_generation_works_with_custom_values"/>
    <testcase time="0.381" classname="table_07" name="Table_07_generation_works_with_custom_values"/>
    <testcase time="0.122999999999999" classname="table_07" name="Table_07_generation_works_with_custom_values">
      <skipped message="Reason: On CRAN ('test-table_07.R:42:3')"/>
    </testcase>
    <testcase time="0.0140000000000011" classname="table_07" name="Table_07_generation_works_with_NA_values_pruned_rows"/>
    <testcase time="0.00199999999999889" classname="table_07" name="Table_07_generation_works_with_NA_values_pruned_rows"/>
    <testcase time="0.00100000000000122" classname="table_07" name="Table_07_generation_works_with_NA_values_pruned_rows"/>
    <testcase time="0.0359999999999996" classname="table_07" name="Table_07_generation_works_with_NA_values_pruned_rows"/>
    <testcase time="0.255000000000001" classname="table_07" name="Table_07_generation_works_with_NA_values_pruned_rows"/>
    <testcase time="0.100999999999999" classname="table_07" name="Table_07_generation_works_with_NA_values_pruned_rows">
      <skipped message="Reason: On CRAN ('test-table_07.R:52:3')"/>
    </testcase>
  </testsuite>
  <testsuite name="table_08" timestamp="2023-08-01T05:15:05Z" hostname="375b790c8c1f" tests="8" skipped="2" failures="0" errors="0" time="0.373">
    <testcase time="0.0199999999999996" classname="table_08" name="Table_08_generation_works_with_default_values"/>
    <testcase time="0.00100000000000122" classname="table_08" name="Table_08_generation_works_with_default_values"/>
    <testcase time="0.0409999999999986" classname="table_08" name="Table_08_generation_works_with_default_values"/>
    <testcase time="0.118" classname="table_08" name="Table_08_generation_works_with_default_values">
      <skipped message="Reason: On CRAN ('test-table_08.R:10:3')"/>
    </testcase>
    <testcase time="0.0150000000000006" classname="table_08" name="Table_08_generation_works_with_custom_values"/>
    <testcase time="0.000999999999999446" classname="table_08" name="Table_08_generation_works_with_custom_values"/>
    <testcase time="0.0350000000000001" classname="table_08" name="Table_08_generation_works_with_custom_values"/>
    <testcase time="0.141999999999999" classname="table_08" name="Table_08_generation_works_with_custom_values">
      <skipped message="Reason: On CRAN ('test-table_08.R:31:3')"/>
    </testcase>
  </testsuite>
  <testsuite name="table_09" timestamp="2023-08-01T05:15:06Z" hostname="375b790c8c1f" tests="8" skipped="2" failures="0" errors="0" time="0.737">
    <testcase time="0.0250000000000004" classname="table_09" name="Table_09_generation_works_with_default_values"/>
    <testcase time="0.032" classname="table_09" name="Table_09_generation_works_with_default_values"/>
    <testcase time="0.237" classname="table_09" name="Table_09_generation_works_with_default_values"/>
    <testcase time="0.0520000000000014" classname="table_09" name="Table_09_generation_works_with_default_values">
      <skipped message="Reason: On CRAN ('test-table_09.R:8:3')"/>
    </testcase>
    <testcase time="0.0149999999999988" classname="table_09" name="Table_09_generation_works_with_custom_values"/>
    <testcase time="0.032" classname="table_09" name="Table_09_generation_works_with_custom_values"/>
    <testcase time="0.283000000000001" classname="table_09" name="Table_09_generation_works_with_custom_values"/>
    <testcase time="0.0609999999999999" classname="table_09" name="Table_09_generation_works_with_custom_values">
      <skipped message="Reason: On CRAN ('test-table_09.R:39:3')"/>
    </testcase>
  </testsuite>
  <testsuite name="table_13" timestamp="2023-08-01T05:15:06Z" hostname="375b790c8c1f" tests="8" skipped="2" failures="0" errors="0" time="0.431">
    <testcase time="0.0179999999999989" classname="table_13" name="Table_13_generation_works_with_default_values"/>
    <testcase time="0.0460000000000012" classname="table_13" name="Table_13_generation_works_with_default_values"/>
    <testcase time="0.0960000000000001" classname="table_13" name="Table_13_generation_works_with_default_values"/>
    <testcase time="0.0549999999999997" classname="table_13" name="Table_13_generation_works_with_default_values">
      <skipped message="Reason: On CRAN ('test-table_13.R:8:3')"/>
    </testcase>
    <testcase time="0.0149999999999988" classname="table_13" name="Table_13_generation_works_with_custom_values"/>
    <testcase time="0.048" classname="table_13" name="Table_13_generation_works_with_custom_values"/>
    <testcase time="0.110000000000001" classname="table_13" name="Table_13_generation_works_with_custom_values"/>
    <testcase time="0.0429999999999993" classname="table_13" name="Table_13_generation_works_with_custom_values">
      <skipped message="Reason: On CRAN ('test-table_13.R:38:3')"/>
    </testcase>
  </testsuite>
  <testsuite name="table_14" timestamp="2023-08-01T05:15:07Z" hostname="375b790c8c1f" tests="10" skipped="3" failures="0" errors="0" time="1.795">
    <testcase time="0.027000000000001" classname="table_14" name="Table_14_generation_works_with_default_values"/>
    <testcase time="0.443999999999999" classname="table_14" name="Table_14_generation_works_with_default_values"/>
    <testcase time="0.125" classname="table_14" name="Table_14_generation_works_with_default_values">
      <skipped message="Reason: On CRAN ('test-table_14.R:16:3')"/>
    </testcase>
    <testcase time="0.0150000000000006" classname="table_14" name="Table_14_generation_works_with_custom_values"/>
    <testcase time="0.0389999999999997" classname="table_14" name="Table_14_generation_works_with_custom_values"/>
    <testcase time="0.461" classname="table_14" name="Table_14_generation_works_with_custom_values"/>
    <testcase time="0.122999999999999" classname="table_14" name="Table_14_generation_works_with_custom_values">
      <skipped message="Reason: On CRAN ('test-table_14.R:46:3')"/>
    </testcase>
    <testcase time="0.0140000000000011" classname="table_14" name="Table_14_generation_works_with_NA_values_pruned_rows"/>
    <testcase time="0.453999999999999" classname="table_14" name="Table_14_generation_works_with_NA_values_pruned_rows"/>
    <testcase time="0.093" classname="table_14" name="Table_14_generation_works_with_NA_values_pruned_rows">
      <skipped message="Reason: On CRAN ('test-table_14.R:53:3')"/>
    </testcase>
  </testsuite>
  <testsuite name="table_20" timestamp="2023-08-01T05:15:09Z" hostname="375b790c8c1f" tests="18" skipped="3" failures="0" errors="0" time="1.47">
    <testcase time="0.0229999999999997" classname="table_20" name="Table_20_generation_works_with_default_values"/>
    <testcase time="0.00100000000000122" classname="table_20" name="Table_20_generation_works_with_default_values"/>
    <testcase time="0.000999999999999446" classname="table_20" name="Table_20_generation_works_with_default_values"/>
    <testcase time="0.0419999999999998" classname="table_20" name="Table_20_generation_works_with_default_values"/>
    <testcase time="0.298" classname="table_20" name="Table_20_generation_works_with_default_values"/>
    <testcase time="0.072000000000001" classname="table_20" name="Table_20_generation_works_with_default_values">
      <skipped message="Reason: On CRAN ('test-table_20.R:17:3')"/>
    </testcase>
    <testcase time="0.0149999999999988" classname="table_20" name="Table_20_generation_works_with_custom_values"/>
    <testcase time="0.00100000000000122" classname="table_20" name="Table_20_generation_works_with_custom_values"/>
    <testcase time="0.000999999999999446" classname="table_20" name="Table_20_generation_works_with_custom_values"/>
    <testcase time="0.0339999999999989" classname="table_20" name="Table_20_generation_works_with_custom_values"/>
    <testcase time="0.469000000000001" classname="table_20" name="Table_20_generation_works_with_custom_values"/>
    <testcase time="0.0999999999999996" classname="table_20" name="Table_20_generation_works_with_custom_values">
      <skipped message="Reason: On CRAN ('test-table_20.R:65:3')"/>
    </testcase>
    <testcase time="0.0150000000000006" classname="table_20" name="Table_20_generation_works_with_missing_values_pruned_rows"/>
    <testcase time="0.000999999999999446" classname="table_20" name="Table_20_generation_works_with_missing_values_pruned_rows"/>
    <testcase time="0.000999999999999446" classname="table_20" name="Table_20_generation_works_with_missing_values_pruned_rows"/>
    <testcase time="0.0340000000000007" classname="table_20" name="Table_20_generation_works_with_missing_values_pruned_rows"/>
    <testcase time="0.292" classname="table_20" name="Table_20_generation_works_with_missing_values_pruned_rows"/>
    <testcase time="0.0700000000000003" classname="table_20" name="Table_20_generation_works_with_missing_values_pruned_rows">
      <skipped message="Reason: On CRAN ('test-table_20.R:74:3')"/>
    </testcase>
  </testsuite>
  <testsuite name="table_32" timestamp="2023-08-01T05:15:10Z" hostname="375b790c8c1f" tests="12" skipped="3" failures="0" errors="0" time="0.627">
    <testcase time="0.0190000000000001" classname="table_32" name="Table_32_generation_works_with_default_values"/>
    <testcase time="0.052999999999999" classname="table_32" name="Table_32_generation_works_with_default_values"/>
    <testcase time="0.0920000000000005" classname="table_32" name="Table_32_generation_works_with_default_values"/>
    <testcase time="0.0389999999999997" classname="table_32" name="Table_32_generation_works_with_default_values">
      <skipped message="Reason: On CRAN ('test-table_32.R:8:3')"/>
    </testcase>
    <testcase time="0.0140000000000011" classname="table_32" name="Table_32_generation_works_with_custom_values"/>
    <testcase time="0.0509999999999984" classname="table_32" name="Table_32_generation_works_with_custom_values"/>
    <testcase time="0.111000000000001" classname="table_32" name="Table_32_generation_works_with_custom_values"/>
    <testcase time="0.0470000000000006" classname="table_32" name="Table_32_generation_works_with_custom_values">
      <skipped message="Reason: On CRAN ('test-table_32.R:30:3')"/>
    </testcase>
    <testcase time="0.0139999999999993" classname="table_32" name="Table_32_generation_works_with_pruned_rows"/>
    <testcase time="0.0630000000000006" classname="table_32" name="Table_32_generation_works_with_pruned_rows"/>
    <testcase time="0.0939999999999994" classname="table_32" name="Table_32_generation_works_with_pruned_rows"/>
    <testcase time="0.0299999999999994" classname="table_32" name="Table_32_generation_works_with_pruned_rows">
      <skipped message="Reason: On CRAN ('test-table_32.R:37:3')"/>
    </testcase>
  </testsuite>
  <testsuite name="table_33" timestamp="2023-08-01T05:15:11Z" hostname="375b790c8c1f" tests="12" skipped="3" failures="0" errors="0" time="1.04">
    <testcase time="0.0190000000000001" classname="table_33" name="Table_33_generation_works_with_default_values"/>
    <testcase time="0.218" classname="table_33" name="Table_33_generation_works_with_default_values"/>
    <testcase time="0.077" classname="table_33" name="Table_33_generation_works_with_default_values"/>
    <testcase time="0.0290000000000017" classname="table_33" name="Table_33_generation_works_with_default_values">
      <skipped message="Reason: On CRAN ('test-table_33.R:8:3')"/>
    </testcase>
    <testcase time="0.0199999999999996" classname="table_33" name="Table_33_generation_works_with_custom_values"/>
    <testcase time="0.208" classname="table_33" name="Table_33_generation_works_with_custom_values"/>
    <testcase time="0.097999999999999" classname="table_33" name="Table_33_generation_works_with_custom_values"/>
    <testcase time="0.0350000000000001" classname="table_33" name="Table_33_generation_works_with_custom_values">
      <skipped message="Reason: On CRAN ('test-table_33.R:34:3')"/>
    </testcase>
    <testcase time="0.0150000000000006" classname="table_33" name="Table_33_generation_works_with_pruned_rows"/>
    <testcase time="0.212999999999999" classname="table_33" name="Table_33_generation_works_with_pruned_rows"/>
    <testcase time="0.0830000000000002" classname="table_33" name="Table_33_generation_works_with_pruned_rows"/>
    <testcase time="0.0250000000000004" classname="table_33" name="Table_33_generation_works_with_pruned_rows">
      <skipped message="Reason: On CRAN ('test-table_33.R:42:3')"/>
    </testcase>
  </testsuite>
</testsuites>
