<?xml version="1.0" encoding="UTF-8"?>
<testsuites>
  <testsuite name="table_02" timestamp="2023-07-04T03:27:01Z" hostname="36696e88a406" tests="9" skipped="3" failures="0" errors="0" time="2.06">
    <testcase time="0.0680000000000001" classname="table_02" name="Table_02_generation_works_with_default_values"/>
    <testcase time="0.688" classname="table_02" name="Table_02_generation_works_with_default_values"/>
    <testcase time="0.256" classname="table_02" name="Table_02_generation_works_with_default_values">
      <skipped message="Reason: On CRAN ('test-table_02.R:16:3')"/>
    </testcase>
    <testcase time="0.112" classname="table_02" name="Table_02_generation_works_with_custom_values"/>
    <testcase time="0.46" classname="table_02" name="Table_02_generation_works_with_custom_values"/>
    <testcase time="0.247" classname="table_02" name="Table_02_generation_works_with_custom_values">
      <skipped message="Reason: On CRAN ('test-table_02.R:45:3')"/>
    </testcase>
    <testcase time="0.0650000000000004" classname="table_02" name="Table_02_generation_works_with_some_NA_values"/>
    <testcase time="0.109999999999999" classname="table_02" name="Table_02_generation_works_with_some_NA_values"/>
    <testcase time="0.0540000000000003" classname="table_02" name="Table_02_generation_works_with_some_NA_values">
      <skipped message="Reason: On CRAN ('test-table_02.R:57:3')"/>
    </testcase>
  </testsuite>
  <testsuite name="table_05" timestamp="2023-07-04T03:27:03Z" hostname="36696e88a406" tests="9" skipped="3" failures="0" errors="0" time="1.333">
    <testcase time="0.215" classname="table_05" name="Table_05_generation_works_with_default_values"/>
    <testcase time="0.324" classname="table_05" name="Table_05_generation_works_with_default_values"/>
    <testcase time="0.0810000000000004" classname="table_05" name="Table_05_generation_works_with_default_values">
      <skipped message="Reason: On CRAN ('test-table_05.R:10:3')"/>
    </testcase>
    <testcase time="0.0190000000000001" classname="table_05" name="Table_05_generation_works_with_custom_values"/>
    <testcase time="0.288" classname="table_05" name="Table_05_generation_works_with_custom_values"/>
    <testcase time="0.0949999999999998" classname="table_05" name="Table_05_generation_works_with_custom_values">
      <skipped message="Reason: On CRAN ('test-table_05.R:34:3')"/>
    </testcase>
    <testcase time="0.0199999999999996" classname="table_05" name="Table_05_generation_works_with_NA_values_pruned_rows"/>
    <testcase time="0.211" classname="table_05" name="Table_05_generation_works_with_NA_values_pruned_rows"/>
    <testcase time="0.0800000000000001" classname="table_05" name="Table_05_generation_works_with_NA_values_pruned_rows">
      <skipped message="Reason: On CRAN ('test-table_05.R:44:3')"/>
    </testcase>
  </testsuite>
  <testsuite name="table_06" timestamp="2023-07-04T03:27:04Z" hostname="36696e88a406" tests="10" skipped="2" failures="0" errors="0" time="1.666">
    <testcase time="0.0380000000000003" classname="table_06" name="Table_06_generation_works_with_default_values"/>
    <testcase time="0.00199999999999978" classname="table_06" name="Table_06_generation_works_with_default_values"/>
    <testcase time="0.0670000000000002" classname="table_06" name="Table_06_generation_works_with_default_values"/>
    <testcase time="0.44" classname="table_06" name="Table_06_generation_works_with_default_values"/>
    <testcase time="0.112" classname="table_06" name="Table_06_generation_works_with_default_values">
      <skipped message="Reason: On CRAN ('test-table_06.R:8:3')"/>
    </testcase>
    <testcase time="0.0190000000000001" classname="table_06" name="Table_06_generation_works_with_custom_values"/>
    <testcase time="0.00100000000000033" classname="table_06" name="Table_06_generation_works_with_custom_values"/>
    <testcase time="0.0640000000000001" classname="table_06" name="Table_06_generation_works_with_custom_values"/>
    <testcase time="0.777" classname="table_06" name="Table_06_generation_works_with_custom_values"/>
    <testcase time="0.145999999999999" classname="table_06" name="Table_06_generation_works_with_custom_values">
      <skipped message="Reason: On CRAN ('test-table_06.R:40:3')"/>
    </testcase>
  </testsuite>
  <testsuite name="table_07" timestamp="2023-07-04T03:27:06Z" hostname="36696e88a406" tests="18" skipped="3" failures="0" errors="0" time="1.754">
    <testcase time="0.027000000000001" classname="table_07" name="Table_07_generation_works_with_default_values"/>
    <testcase time="0.00199999999999889" classname="table_07" name="Table_07_generation_works_with_default_values"/>
    <testcase time="0.00100000000000122" classname="table_07" name="Table_07_generation_works_with_default_values"/>
    <testcase time="0.0439999999999987" classname="table_07" name="Table_07_generation_works_with_default_values"/>
    <testcase time="0.353" classname="table_07" name="Table_07_generation_works_with_default_values"/>
    <testcase time="0.128" classname="table_07" name="Table_07_generation_works_with_default_values">
      <skipped message="Reason: On CRAN ('test-table_07.R:13:3')"/>
    </testcase>
    <testcase time="0.0180000000000007" classname="table_07" name="Table_07_generation_works_with_custom_values"/>
    <testcase time="0.000999999999999446" classname="table_07" name="Table_07_generation_works_with_custom_values"/>
    <testcase time="0.00200000000000067" classname="table_07" name="Table_07_generation_works_with_custom_values"/>
    <testcase time="0.0440000000000005" classname="table_07" name="Table_07_generation_works_with_custom_values"/>
    <testcase time="0.463999999999999" classname="table_07" name="Table_07_generation_works_with_custom_values"/>
    <testcase time="0.163" classname="table_07" name="Table_07_generation_works_with_custom_values">
      <skipped message="Reason: On CRAN ('test-table_07.R:42:3')"/>
    </testcase>
    <testcase time="0.0180000000000007" classname="table_07" name="Table_07_generation_works_with_NA_values_pruned_rows"/>
    <testcase time="0.00200000000000067" classname="table_07" name="Table_07_generation_works_with_NA_values_pruned_rows"/>
    <testcase time="0.000999999999999446" classname="table_07" name="Table_07_generation_works_with_NA_values_pruned_rows"/>
    <testcase time="0.0449999999999999" classname="table_07" name="Table_07_generation_works_with_NA_values_pruned_rows"/>
    <testcase time="0.311" classname="table_07" name="Table_07_generation_works_with_NA_values_pruned_rows"/>
    <testcase time="0.130000000000001" classname="table_07" name="Table_07_generation_works_with_NA_values_pruned_rows">
      <skipped message="Reason: On CRAN ('test-table_07.R:52:3')"/>
    </testcase>
  </testsuite>
  <testsuite name="table_08" timestamp="2023-07-04T03:27:07Z" hostname="36696e88a406" tests="8" skipped="2" failures="0" errors="0" time="0.428">
    <testcase time="0.0249999999999986" classname="table_08" name="Table_08_generation_works_with_default_values"/>
    <testcase time="0.00100000000000122" classname="table_08" name="Table_08_generation_works_with_default_values"/>
    <testcase time="0.0510000000000002" classname="table_08" name="Table_08_generation_works_with_default_values"/>
    <testcase time="0.119999999999999" classname="table_08" name="Table_08_generation_works_with_default_values">
      <skipped message="Reason: On CRAN ('test-table_08.R:10:3')"/>
    </testcase>
    <testcase time="0.0180000000000007" classname="table_08" name="Table_08_generation_works_with_custom_values"/>
    <testcase time="0.000999999999999446" classname="table_08" name="Table_08_generation_works_with_custom_values"/>
    <testcase time="0.0440000000000005" classname="table_08" name="Table_08_generation_works_with_custom_values"/>
    <testcase time="0.167999999999999" classname="table_08" name="Table_08_generation_works_with_custom_values">
      <skipped message="Reason: On CRAN ('test-table_08.R:31:3')"/>
    </testcase>
  </testsuite>
  <testsuite name="table_09" timestamp="2023-07-04T03:27:08Z" hostname="36696e88a406" tests="8" skipped="2" failures="0" errors="0" time="0.943">
    <testcase time="0.0240000000000009" classname="table_09" name="Table_09_generation_works_with_default_values"/>
    <testcase time="0.0449999999999999" classname="table_09" name="Table_09_generation_works_with_default_values"/>
    <testcase time="0.286" classname="table_09" name="Table_09_generation_works_with_default_values"/>
    <testcase time="0.0649999999999995" classname="table_09" name="Table_09_generation_works_with_default_values">
      <skipped message="Reason: On CRAN ('test-table_09.R:8:3')"/>
    </testcase>
    <testcase time="0.0419999999999998" classname="table_09" name="Table_09_generation_works_with_custom_values"/>
    <testcase time="0.0460000000000012" classname="table_09" name="Table_09_generation_works_with_custom_values"/>
    <testcase time="0.356999999999999" classname="table_09" name="Table_09_generation_works_with_custom_values"/>
    <testcase time="0.0779999999999994" classname="table_09" name="Table_09_generation_works_with_custom_values">
      <skipped message="Reason: On CRAN ('test-table_09.R:39:3')"/>
    </testcase>
  </testsuite>
  <testsuite name="table_13" timestamp="2023-07-04T03:27:09Z" hostname="36696e88a406" tests="8" skipped="2" failures="0" errors="0" time="0.563">
    <testcase time="0.0229999999999997" classname="table_13" name="Table_13_generation_works_with_default_values"/>
    <testcase time="0.0570000000000004" classname="table_13" name="Table_13_generation_works_with_default_values"/>
    <testcase time="0.136000000000001" classname="table_13" name="Table_13_generation_works_with_default_values"/>
    <testcase time="0.0679999999999996" classname="table_13" name="Table_13_generation_works_with_default_values">
      <skipped message="Reason: On CRAN ('test-table_13.R:8:3')"/>
    </testcase>
    <testcase time="0.0190000000000001" classname="table_13" name="Table_13_generation_works_with_custom_values"/>
    <testcase time="0.0559999999999992" classname="table_13" name="Table_13_generation_works_with_custom_values"/>
    <testcase time="0.145000000000001" classname="table_13" name="Table_13_generation_works_with_custom_values"/>
    <testcase time="0.0589999999999993" classname="table_13" name="Table_13_generation_works_with_custom_values">
      <skipped message="Reason: On CRAN ('test-table_13.R:38:3')"/>
    </testcase>
  </testsuite>
  <testsuite name="table_14" timestamp="2023-07-04T03:27:09Z" hostname="36696e88a406" tests="10" skipped="3" failures="0" errors="0" time="2.238">
    <testcase time="0.0330000000000013" classname="table_14" name="Table_14_generation_works_with_default_values"/>
    <testcase time="0.555" classname="table_14" name="Table_14_generation_works_with_default_values"/>
    <testcase time="0.145999999999999" classname="table_14" name="Table_14_generation_works_with_default_values">
      <skipped message="Reason: On CRAN ('test-table_14.R:16:3')"/>
    </testcase>
    <testcase time="0.0190000000000001" classname="table_14" name="Table_14_generation_works_with_custom_values"/>
    <testcase time="0.0570000000000004" classname="table_14" name="Table_14_generation_works_with_custom_values"/>
    <testcase time="0.587999999999999" classname="table_14" name="Table_14_generation_works_with_custom_values"/>
    <testcase time="0.155000000000001" classname="table_14" name="Table_14_generation_works_with_custom_values">
      <skipped message="Reason: On CRAN ('test-table_14.R:46:3')"/>
    </testcase>
    <testcase time="0.0179999999999989" classname="table_14" name="Table_14_generation_works_with_NA_values_pruned_rows"/>
    <testcase time="0.552000000000001" classname="table_14" name="Table_14_generation_works_with_NA_values_pruned_rows"/>
    <testcase time="0.115" classname="table_14" name="Table_14_generation_works_with_NA_values_pruned_rows">
      <skipped message="Reason: On CRAN ('test-table_14.R:53:3')"/>
    </testcase>
  </testsuite>
  <testsuite name="table_20" timestamp="2023-07-04T03:27:12Z" hostname="36696e88a406" tests="18" skipped="3" failures="0" errors="0" time="1.843">
    <testcase time="0.0279999999999987" classname="table_20" name="Table_20_generation_works_with_default_values"/>
    <testcase time="0.00200000000000067" classname="table_20" name="Table_20_generation_works_with_default_values"/>
    <testcase time="0.000999999999999446" classname="table_20" name="Table_20_generation_works_with_default_values"/>
    <testcase time="0.0490000000000013" classname="table_20" name="Table_20_generation_works_with_default_values"/>
    <testcase time="0.379999999999999" classname="table_20" name="Table_20_generation_works_with_default_values"/>
    <testcase time="0.0899999999999999" classname="table_20" name="Table_20_generation_works_with_default_values">
      <skipped message="Reason: On CRAN ('test-table_20.R:17:3')"/>
    </testcase>
    <testcase time="0.0190000000000001" classname="table_20" name="Table_20_generation_works_with_custom_values"/>
    <testcase time="0.000999999999999446" classname="table_20" name="Table_20_generation_works_with_custom_values"/>
    <testcase time="0.00200000000000067" classname="table_20" name="Table_20_generation_works_with_custom_values"/>
    <testcase time="0.0489999999999995" classname="table_20" name="Table_20_generation_works_with_custom_values"/>
    <testcase time="0.588000000000001" classname="table_20" name="Table_20_generation_works_with_custom_values"/>
    <testcase time="0.125" classname="table_20" name="Table_20_generation_works_with_custom_values">
      <skipped message="Reason: On CRAN ('test-table_20.R:65:3')"/>
    </testcase>
    <testcase time="0.0179999999999989" classname="table_20" name="Table_20_generation_works_with_missing_values_pruned_rows"/>
    <testcase time="0.00200000000000067" classname="table_20" name="Table_20_generation_works_with_missing_values_pruned_rows"/>
    <testcase time="0.000999999999999446" classname="table_20" name="Table_20_generation_works_with_missing_values_pruned_rows"/>
    <testcase time="0.048" classname="table_20" name="Table_20_generation_works_with_missing_values_pruned_rows"/>
    <testcase time="0.354000000000001" classname="table_20" name="Table_20_generation_works_with_missing_values_pruned_rows"/>
    <testcase time="0.0859999999999985" classname="table_20" name="Table_20_generation_works_with_missing_values_pruned_rows">
      <skipped message="Reason: On CRAN ('test-table_20.R:74:3')"/>
    </testcase>
  </testsuite>
  <testsuite name="table_32" timestamp="2023-07-04T03:27:13Z" hostname="36696e88a406" tests="12" skipped="3" failures="0" errors="0" time="0.787">
    <testcase time="0.0229999999999997" classname="table_32" name="Table_32_generation_works_with_default_values"/>
    <testcase time="0.0680000000000014" classname="table_32" name="Table_32_generation_works_with_default_values"/>
    <testcase time="0.114999999999998" classname="table_32" name="Table_32_generation_works_with_default_values"/>
    <testcase time="0.0480000000000018" classname="table_32" name="Table_32_generation_works_with_default_values">
      <skipped message="Reason: On CRAN ('test-table_32.R:8:3')"/>
    </testcase>
    <testcase time="0.0189999999999984" classname="table_32" name="Table_32_generation_works_with_custom_values"/>
    <testcase time="0.078000000000003" classname="table_32" name="Table_32_generation_works_with_custom_values"/>
    <testcase time="0.141999999999999" classname="table_32" name="Table_32_generation_works_with_custom_values"/>
    <testcase time="0.0560000000000009" classname="table_32" name="Table_32_generation_works_with_custom_values">
      <skipped message="Reason: On CRAN ('test-table_32.R:30:3')"/>
    </testcase>
    <testcase time="0.0180000000000007" classname="table_32" name="Table_32_generation_works_with_pruned_rows"/>
    <testcase time="0.0689999999999991" classname="table_32" name="Table_32_generation_works_with_pruned_rows"/>
    <testcase time="0.116" classname="table_32" name="Table_32_generation_works_with_pruned_rows"/>
    <testcase time="0.0350000000000001" classname="table_32" name="Table_32_generation_works_with_pruned_rows">
      <skipped message="Reason: On CRAN ('test-table_32.R:37:3')"/>
    </testcase>
  </testsuite>
  <testsuite name="table_33" timestamp="2023-07-04T03:27:14Z" hostname="36696e88a406" tests="12" skipped="3" failures="0" errors="0" time="1.331">
    <testcase time="0.0229999999999997" classname="table_33" name="Table_33_generation_works_with_default_values"/>
    <testcase time="0.277000000000001" classname="table_33" name="Table_33_generation_works_with_default_values"/>
    <testcase time="0.0970000000000013" classname="table_33" name="Table_33_generation_works_with_default_values"/>
    <testcase time="0.0359999999999978" classname="table_33" name="Table_33_generation_works_with_default_values">
      <skipped message="Reason: On CRAN ('test-table_33.R:8:3')"/>
    </testcase>
    <testcase time="0.0180000000000007" classname="table_33" name="Table_33_generation_works_with_custom_values"/>
    <testcase time="0.276" classname="table_33" name="Table_33_generation_works_with_custom_values"/>
    <testcase time="0.140000000000001" classname="table_33" name="Table_33_generation_works_with_custom_values"/>
    <testcase time="0.0420000000000016" classname="table_33" name="Table_33_generation_works_with_custom_values">
      <skipped message="Reason: On CRAN ('test-table_33.R:34:3')"/>
    </testcase>
    <testcase time="0.0189999999999984" classname="table_33" name="Table_33_generation_works_with_pruned_rows"/>
    <testcase time="0.274000000000001" classname="table_33" name="Table_33_generation_works_with_pruned_rows"/>
    <testcase time="0.0960000000000001" classname="table_33" name="Table_33_generation_works_with_pruned_rows"/>
    <testcase time="0.0329999999999977" classname="table_33" name="Table_33_generation_works_with_pruned_rows">
      <skipped message="Reason: On CRAN ('test-table_33.R:42:3')"/>
    </testcase>
  </testsuite>
</testsuites>
