<?xml version="1.0" encoding="UTF-8"?>
<testsuites>
  <testsuite name="table_02" timestamp="2023-07-08T03:37:25Z" hostname="b2a184c7bd06" tests="9" skipped="3" failures="0" errors="0" time="2.047">
    <testcase time="0.0660000000000003" classname="table_02" name="Table_02_generation_works_with_default_values"/>
    <testcase time="0.686" classname="table_02" name="Table_02_generation_works_with_default_values"/>
    <testcase time="0.254" classname="table_02" name="Table_02_generation_works_with_default_values">
      <skipped message="Reason: On CRAN ('test-table_02.R:16:3')"/>
    </testcase>
    <testcase time="0.11" classname="table_02" name="Table_02_generation_works_with_custom_values"/>
    <testcase time="0.464" classname="table_02" name="Table_02_generation_works_with_custom_values"/>
    <testcase time="0.244" classname="table_02" name="Table_02_generation_works_with_custom_values">
      <skipped message="Reason: On CRAN ('test-table_02.R:45:3')"/>
    </testcase>
    <testcase time="0.0610000000000008" classname="table_02" name="Table_02_generation_works_with_some_NA_values"/>
    <testcase time="0.106999999999999" classname="table_02" name="Table_02_generation_works_with_some_NA_values"/>
    <testcase time="0.0550000000000006" classname="table_02" name="Table_02_generation_works_with_some_NA_values">
      <skipped message="Reason: On CRAN ('test-table_02.R:57:3')"/>
    </testcase>
  </testsuite>
  <testsuite name="table_05" timestamp="2023-07-08T03:37:27Z" hostname="b2a184c7bd06" tests="9" skipped="3" failures="0" errors="0" time="1.319">
    <testcase time="0.215" classname="table_05" name="Table_05_generation_works_with_default_values"/>
    <testcase time="0.321" classname="table_05" name="Table_05_generation_works_with_default_values"/>
    <testcase time="0.0800000000000001" classname="table_05" name="Table_05_generation_works_with_default_values">
      <skipped message="Reason: On CRAN ('test-table_05.R:10:3')"/>
    </testcase>
    <testcase time="0.0190000000000001" classname="table_05" name="Table_05_generation_works_with_custom_values"/>
    <testcase time="0.281" classname="table_05" name="Table_05_generation_works_with_custom_values"/>
    <testcase time="0.093" classname="table_05" name="Table_05_generation_works_with_custom_values">
      <skipped message="Reason: On CRAN ('test-table_05.R:34:3')"/>
    </testcase>
    <testcase time="0.0230000000000006" classname="table_05" name="Table_05_generation_works_with_NA_values_pruned_rows"/>
    <testcase time="0.207" classname="table_05" name="Table_05_generation_works_with_NA_values_pruned_rows"/>
    <testcase time="0.0800000000000001" classname="table_05" name="Table_05_generation_works_with_NA_values_pruned_rows">
      <skipped message="Reason: On CRAN ('test-table_05.R:44:3')"/>
    </testcase>
  </testsuite>
  <testsuite name="table_06" timestamp="2023-07-08T03:37:29Z" hostname="b2a184c7bd06" tests="10" skipped="2" failures="0" errors="0" time="1.62">
    <testcase time="0.0369999999999999" classname="table_06" name="Table_06_generation_works_with_default_values"/>
    <testcase time="0.00199999999999978" classname="table_06" name="Table_06_generation_works_with_default_values"/>
    <testcase time="0.0670000000000002" classname="table_06" name="Table_06_generation_works_with_default_values"/>
    <testcase time="0.425" classname="table_06" name="Table_06_generation_works_with_default_values"/>
    <testcase time="0.107" classname="table_06" name="Table_06_generation_works_with_default_values">
      <skipped message="Reason: On CRAN ('test-table_06.R:8:3')"/>
    </testcase>
    <testcase time="0.0190000000000001" classname="table_06" name="Table_06_generation_works_with_custom_values"/>
    <testcase time="0.000999999999999446" classname="table_06" name="Table_06_generation_works_with_custom_values"/>
    <testcase time="0.0630000000000006" classname="table_06" name="Table_06_generation_works_with_custom_values"/>
    <testcase time="0.76" classname="table_06" name="Table_06_generation_works_with_custom_values"/>
    <testcase time="0.138999999999999" classname="table_06" name="Table_06_generation_works_with_custom_values">
      <skipped message="Reason: On CRAN ('test-table_06.R:40:3')"/>
    </testcase>
  </testsuite>
  <testsuite name="table_07" timestamp="2023-07-08T03:37:30Z" hostname="b2a184c7bd06" tests="18" skipped="3" failures="0" errors="0" time="1.733">
    <testcase time="0.0280000000000005" classname="table_07" name="Table_07_generation_works_with_default_values"/>
    <testcase time="0.000999999999999446" classname="table_07" name="Table_07_generation_works_with_default_values"/>
    <testcase time="0.00100000000000122" classname="table_07" name="Table_07_generation_works_with_default_values"/>
    <testcase time="0.0429999999999993" classname="table_07" name="Table_07_generation_works_with_default_values"/>
    <testcase time="0.35" classname="table_07" name="Table_07_generation_works_with_default_values"/>
    <testcase time="0.124000000000001" classname="table_07" name="Table_07_generation_works_with_default_values">
      <skipped message="Reason: On CRAN ('test-table_07.R:13:3')"/>
    </testcase>
    <testcase time="0.0180000000000007" classname="table_07" name="Table_07_generation_works_with_custom_values"/>
    <testcase time="0.000999999999999446" classname="table_07" name="Table_07_generation_works_with_custom_values"/>
    <testcase time="0.00100000000000122" classname="table_07" name="Table_07_generation_works_with_custom_values"/>
    <testcase time="0.0419999999999998" classname="table_07" name="Table_07_generation_works_with_custom_values"/>
    <testcase time="0.453999999999999" classname="table_07" name="Table_07_generation_works_with_custom_values"/>
    <testcase time="0.162000000000001" classname="table_07" name="Table_07_generation_works_with_custom_values">
      <skipped message="Reason: On CRAN ('test-table_07.R:42:3')"/>
    </testcase>
    <testcase time="0.0179999999999989" classname="table_07" name="Table_07_generation_works_with_NA_values_pruned_rows"/>
    <testcase time="0.00200000000000067" classname="table_07" name="Table_07_generation_works_with_NA_values_pruned_rows"/>
    <testcase time="0.000999999999999446" classname="table_07" name="Table_07_generation_works_with_NA_values_pruned_rows"/>
    <testcase time="0.0449999999999999" classname="table_07" name="Table_07_generation_works_with_NA_values_pruned_rows"/>
    <testcase time="0.312000000000001" classname="table_07" name="Table_07_generation_works_with_NA_values_pruned_rows"/>
    <testcase time="0.129999999999999" classname="table_07" name="Table_07_generation_works_with_NA_values_pruned_rows">
      <skipped message="Reason: On CRAN ('test-table_07.R:52:3')"/>
    </testcase>
  </testsuite>
  <testsuite name="table_08" timestamp="2023-07-08T03:37:32Z" hostname="b2a184c7bd06" tests="8" skipped="2" failures="0" errors="0" time="0.426">
    <testcase time="0.0250000000000004" classname="table_08" name="Table_08_generation_works_with_default_values"/>
    <testcase time="0.00200000000000067" classname="table_08" name="Table_08_generation_works_with_default_values"/>
    <testcase time="0.0499999999999989" classname="table_08" name="Table_08_generation_works_with_default_values"/>
    <testcase time="0.119" classname="table_08" name="Table_08_generation_works_with_default_values">
      <skipped message="Reason: On CRAN ('test-table_08.R:10:3')"/>
    </testcase>
    <testcase time="0.0180000000000007" classname="table_08" name="Table_08_generation_works_with_custom_values"/>
    <testcase time="0.000999999999999446" classname="table_08" name="Table_08_generation_works_with_custom_values"/>
    <testcase time="0.0440000000000005" classname="table_08" name="Table_08_generation_works_with_custom_values"/>
    <testcase time="0.167" classname="table_08" name="Table_08_generation_works_with_custom_values">
      <skipped message="Reason: On CRAN ('test-table_08.R:31:3')"/>
    </testcase>
  </testsuite>
  <testsuite name="table_09" timestamp="2023-07-08T03:37:32Z" hostname="b2a184c7bd06" tests="8" skipped="2" failures="0" errors="0" time="0.926">
    <testcase time="0.0229999999999997" classname="table_09" name="Table_09_generation_works_with_default_values"/>
    <testcase time="0.0460000000000012" classname="table_09" name="Table_09_generation_works_with_default_values"/>
    <testcase time="0.282999999999999" classname="table_09" name="Table_09_generation_works_with_default_values"/>
    <testcase time="0.0660000000000007" classname="table_09" name="Table_09_generation_works_with_default_values">
      <skipped message="Reason: On CRAN ('test-table_09.R:8:3')"/>
    </testcase>
    <testcase time="0.0399999999999991" classname="table_09" name="Table_09_generation_works_with_custom_values"/>
    <testcase time="0.0460000000000012" classname="table_09" name="Table_09_generation_works_with_custom_values"/>
    <testcase time="0.347" classname="table_09" name="Table_09_generation_works_with_custom_values"/>
    <testcase time="0.0749999999999993" classname="table_09" name="Table_09_generation_works_with_custom_values">
      <skipped message="Reason: On CRAN ('test-table_09.R:39:3')"/>
    </testcase>
  </testsuite>
  <testsuite name="table_13" timestamp="2023-07-08T03:37:33Z" hostname="b2a184c7bd06" tests="8" skipped="2" failures="0" errors="0" time="0.552">
    <testcase time="0.0229999999999997" classname="table_13" name="Table_13_generation_works_with_default_values"/>
    <testcase time="0.0560000000000009" classname="table_13" name="Table_13_generation_works_with_default_values"/>
    <testcase time="0.131" classname="table_13" name="Table_13_generation_works_with_default_values"/>
    <testcase time="0.0679999999999996" classname="table_13" name="Table_13_generation_works_with_default_values">
      <skipped message="Reason: On CRAN ('test-table_13.R:8:3')"/>
    </testcase>
    <testcase time="0.0180000000000007" classname="table_13" name="Table_13_generation_works_with_custom_values"/>
    <testcase time="0.0549999999999997" classname="table_13" name="Table_13_generation_works_with_custom_values"/>
    <testcase time="0.142999999999999" classname="table_13" name="Table_13_generation_works_with_custom_values"/>
    <testcase time="0.0579999999999998" classname="table_13" name="Table_13_generation_works_with_custom_values">
      <skipped message="Reason: On CRAN ('test-table_13.R:38:3')"/>
    </testcase>
  </testsuite>
  <testsuite name="table_14" timestamp="2023-07-08T03:37:34Z" hostname="b2a184c7bd06" tests="10" skipped="3" failures="0" errors="0" time="2.219">
    <testcase time="0.032" classname="table_14" name="Table_14_generation_works_with_default_values"/>
    <testcase time="0.536000000000001" classname="table_14" name="Table_14_generation_works_with_default_values"/>
    <testcase time="0.152999999999999" classname="table_14" name="Table_14_generation_works_with_default_values">
      <skipped message="Reason: On CRAN ('test-table_14.R:16:3')"/>
    </testcase>
    <testcase time="0.0179999999999989" classname="table_14" name="Table_14_generation_works_with_custom_values"/>
    <testcase time="0.0560000000000009" classname="table_14" name="Table_14_generation_works_with_custom_values"/>
    <testcase time="0.581" classname="table_14" name="Table_14_generation_works_with_custom_values"/>
    <testcase time="0.154999999999999" classname="table_14" name="Table_14_generation_works_with_custom_values">
      <skipped message="Reason: On CRAN ('test-table_14.R:46:3')"/>
    </testcase>
    <testcase time="0.0170000000000012" classname="table_14" name="Table_14_generation_works_with_NA_values_pruned_rows"/>
    <testcase time="0.556999999999999" classname="table_14" name="Table_14_generation_works_with_NA_values_pruned_rows"/>
    <testcase time="0.114000000000001" classname="table_14" name="Table_14_generation_works_with_NA_values_pruned_rows">
      <skipped message="Reason: On CRAN ('test-table_14.R:53:3')"/>
    </testcase>
  </testsuite>
  <testsuite name="table_20" timestamp="2023-07-08T03:37:36Z" hostname="b2a184c7bd06" tests="18" skipped="3" failures="0" errors="0" time="1.817">
    <testcase time="0.0280000000000005" classname="table_20" name="Table_20_generation_works_with_default_values"/>
    <testcase time="0.00199999999999889" classname="table_20" name="Table_20_generation_works_with_default_values"/>
    <testcase time="0.00100000000000122" classname="table_20" name="Table_20_generation_works_with_default_values"/>
    <testcase time="0.0469999999999988" classname="table_20" name="Table_20_generation_works_with_default_values"/>
    <testcase time="0.366000000000001" classname="table_20" name="Table_20_generation_works_with_default_values"/>
    <testcase time="0.0889999999999986" classname="table_20" name="Table_20_generation_works_with_default_values">
      <skipped message="Reason: On CRAN ('test-table_20.R:17:3')"/>
    </testcase>
    <testcase time="0.0180000000000007" classname="table_20" name="Table_20_generation_works_with_custom_values"/>
    <testcase time="0.00100000000000122" classname="table_20" name="Table_20_generation_works_with_custom_values"/>
    <testcase time="0.000999999999999446" classname="table_20" name="Table_20_generation_works_with_custom_values"/>
    <testcase time="0.0489999999999995" classname="table_20" name="Table_20_generation_works_with_custom_values"/>
    <testcase time="0.576000000000001" classname="table_20" name="Table_20_generation_works_with_custom_values"/>
    <testcase time="0.127000000000001" classname="table_20" name="Table_20_generation_works_with_custom_values">
      <skipped message="Reason: On CRAN ('test-table_20.R:65:3')"/>
    </testcase>
    <testcase time="0.0189999999999984" classname="table_20" name="Table_20_generation_works_with_missing_values_pruned_rows"/>
    <testcase time="0.00100000000000122" classname="table_20" name="Table_20_generation_works_with_missing_values_pruned_rows"/>
    <testcase time="0.00199999999999889" classname="table_20" name="Table_20_generation_works_with_missing_values_pruned_rows"/>
    <testcase time="0.0490000000000013" classname="table_20" name="Table_20_generation_works_with_missing_values_pruned_rows"/>
    <testcase time="0.356" classname="table_20" name="Table_20_generation_works_with_missing_values_pruned_rows"/>
    <testcase time="0.0849999999999991" classname="table_20" name="Table_20_generation_works_with_missing_values_pruned_rows">
      <skipped message="Reason: On CRAN ('test-table_20.R:74:3')"/>
    </testcase>
  </testsuite>
  <testsuite name="table_32" timestamp="2023-07-08T03:37:38Z" hostname="b2a184c7bd06" tests="12" skipped="3" failures="0" errors="0" time="0.796">
    <testcase time="0.0220000000000002" classname="table_32" name="Table_32_generation_works_with_default_values"/>
    <testcase time="0.0700000000000003" classname="table_32" name="Table_32_generation_works_with_default_values"/>
    <testcase time="0.115" classname="table_32" name="Table_32_generation_works_with_default_values"/>
    <testcase time="0.0490000000000013" classname="table_32" name="Table_32_generation_works_with_default_values">
      <skipped message="Reason: On CRAN ('test-table_32.R:8:3')"/>
    </testcase>
    <testcase time="0.0179999999999971" classname="table_32" name="Table_32_generation_works_with_custom_values"/>
    <testcase time="0.0790000000000006" classname="table_32" name="Table_32_generation_works_with_custom_values"/>
    <testcase time="0.140000000000001" classname="table_32" name="Table_32_generation_works_with_custom_values"/>
    <testcase time="0.0590000000000011" classname="table_32" name="Table_32_generation_works_with_custom_values">
      <skipped message="Reason: On CRAN ('test-table_32.R:30:3')"/>
    </testcase>
    <testcase time="0.0180000000000007" classname="table_32" name="Table_32_generation_works_with_pruned_rows"/>
    <testcase time="0.0729999999999968" classname="table_32" name="Table_32_generation_works_with_pruned_rows"/>
    <testcase time="0.118000000000002" classname="table_32" name="Table_32_generation_works_with_pruned_rows"/>
    <testcase time="0.0350000000000001" classname="table_32" name="Table_32_generation_works_with_pruned_rows">
      <skipped message="Reason: On CRAN ('test-table_32.R:37:3')"/>
    </testcase>
  </testsuite>
  <testsuite name="table_33" timestamp="2023-07-08T03:37:39Z" hostname="b2a184c7bd06" tests="12" skipped="3" failures="0" errors="0" time="1.327">
    <testcase time="0.0229999999999997" classname="table_33" name="Table_33_generation_works_with_default_values"/>
    <testcase time="0.268999999999998" classname="table_33" name="Table_33_generation_works_with_default_values"/>
    <testcase time="0.0950000000000024" classname="table_33" name="Table_33_generation_works_with_default_values"/>
    <testcase time="0.036999999999999" classname="table_33" name="Table_33_generation_works_with_default_values">
      <skipped message="Reason: On CRAN ('test-table_33.R:8:3')"/>
    </testcase>
    <testcase time="0.0189999999999984" classname="table_33" name="Table_33_generation_works_with_custom_values"/>
    <testcase time="0.270000000000003" classname="table_33" name="Table_33_generation_works_with_custom_values"/>
    <testcase time="0.139999999999997" classname="table_33" name="Table_33_generation_works_with_custom_values"/>
    <testcase time="0.0440000000000005" classname="table_33" name="Table_33_generation_works_with_custom_values">
      <skipped message="Reason: On CRAN ('test-table_33.R:34:3')"/>
    </testcase>
    <testcase time="0.0190000000000019" classname="table_33" name="Table_33_generation_works_with_pruned_rows"/>
    <testcase time="0.280999999999999" classname="table_33" name="Table_33_generation_works_with_pruned_rows"/>
    <testcase time="0.097999999999999" classname="table_33" name="Table_33_generation_works_with_pruned_rows"/>
    <testcase time="0.032" classname="table_33" name="Table_33_generation_works_with_pruned_rows">
      <skipped message="Reason: On CRAN ('test-table_33.R:42:3')"/>
    </testcase>
  </testsuite>
</testsuites>
