<?xml version="1.0" encoding="UTF-8"?>
<testsuites>
  <testsuite name="falcon" timestamp="2023-04-27T21:56:59Z" hostname="7e63c1533b81" tests="1" skipped="0" failures="0" errors="0" time="0.021">
    <testcase time="0.0210000000000001" classname="falcon" name="dummy_test"/>
  </testsuite>
</testsuites>
