<?xml version="1.0" encoding="UTF-8"?>
<testsuites>
  <testsuite name="table_05" timestamp="2023-05-15T22:42:05Z" hostname="207f45d1886b" tests="6" skipped="3" failures="0" errors="0" time="1.573">
    <testcase time="0.746" classname="table_05" name="Table_05_generation_works_with_default_values"/>
    <testcase time="0.135" classname="table_05" name="Table_05_generation_works_with_default_values">
      <skipped message="Reason: On CRAN ('test-table_05.R:10:3')"/>
    </testcase>
    <testcase time="0.279" classname="table_05" name="Table_05_generation_works_with_custom_values"/>
    <testcase time="0.15" classname="table_05" name="Table_05_generation_works_with_custom_values">
      <skipped message="Reason: On CRAN ('test-table_05.R:34:3')"/>
    </testcase>
    <testcase time="0.199" classname="table_05" name="Table_05_generation_works_with_NA_values_pruned_rows"/>
    <testcase time="0.0640000000000001" classname="table_05" name="Table_05_generation_works_with_NA_values_pruned_rows">
      <skipped message="Reason: On CRAN ('test-table_05.R:44:3')"/>
    </testcase>
  </testsuite>
  <testsuite name="table_06" timestamp="2023-05-15T22:42:06Z" hostname="207f45d1886b" tests="4" skipped="2" failures="0" errors="0" time="1.17">
    <testcase time="0.454" classname="table_06" name="Table_06_generation_works_with_default_values"/>
    <testcase time="0.0830000000000002" classname="table_06" name="Table_06_generation_works_with_default_values">
      <skipped message="Reason: On CRAN ('test-table_06.R:8:3')"/>
    </testcase>
    <testcase time="0.545" classname="table_06" name="Table_06_generation_works_with_custom_values"/>
    <testcase time="0.0880000000000001" classname="table_06" name="Table_06_generation_works_with_custom_values">
      <skipped message="Reason: On CRAN ('test-table_06.R:40:3')"/>
    </testcase>
  </testsuite>
  <testsuite name="table_09" timestamp="2023-05-15T22:42:07Z" hostname="207f45d1886b" tests="4" skipped="2" failures="0" errors="0" time="0.804">
    <testcase time="0.343" classname="table_09" name="Table_09_generation_works_with_default_values"/>
    <testcase time="0.0510000000000002" classname="table_09" name="Table_09_generation_works_with_default_values">
      <skipped message="Reason: On CRAN ('test-table_09.R:8:3')"/>
    </testcase>
    <testcase time="0.351" classname="table_09" name="Table_09_generation_works_with_custom_values"/>
    <testcase time="0.0590000000000002" classname="table_09" name="Table_09_generation_works_with_custom_values">
      <skipped message="Reason: On CRAN ('test-table_09.R:39:3')"/>
    </testcase>
  </testsuite>
  <testsuite name="table_13" timestamp="2023-05-15T22:42:08Z" hostname="207f45d1886b" tests="4" skipped="2" failures="0" errors="0" time="0.449">
    <testcase time="0.171" classname="table_13" name="Table_13_generation_works_with_default_values"/>
    <testcase time="0.0599999999999996" classname="table_13" name="Table_13_generation_works_with_default_values">
      <skipped message="Reason: On CRAN ('test-table_13.R:8:3')"/>
    </testcase>
    <testcase time="0.179" classname="table_13" name="Table_13_generation_works_with_custom_values"/>
    <testcase time="0.0389999999999997" classname="table_13" name="Table_13_generation_works_with_custom_values">
      <skipped message="Reason: On CRAN ('test-table_13.R:38:3')"/>
    </testcase>
  </testsuite>
</testsuites>
