<?xml version="1.0" encoding="UTF-8"?>
<testsuites>
  <testsuite name="table_05" timestamp="2023-05-17T14:51:43Z" hostname="d59a2c2eb12d" tests="9" skipped="3" failures="0" errors="0" time="1.691">
    <testcase time="0.366" classname="table_05" name="Table_05_generation_works_with_default_values"/>
    <testcase time="0.461" classname="table_05" name="Table_05_generation_works_with_default_values"/>
    <testcase time="0.129" classname="table_05" name="Table_05_generation_works_with_default_values">
      <skipped message="Reason: On CRAN ('test-table_05.R:10:3')"/>
    </testcase>
    <testcase time="0.0289999999999999" classname="table_05" name="Table_05_generation_works_with_custom_values"/>
    <testcase time="0.265" classname="table_05" name="Table_05_generation_works_with_custom_values"/>
    <testcase time="0.159000000000001" classname="table_05" name="Table_05_generation_works_with_custom_values">
      <skipped message="Reason: On CRAN ('test-table_05.R:34:3')"/>
    </testcase>
    <testcase time="0.0339999999999998" classname="table_05" name="Table_05_generation_works_with_NA_values_pruned_rows"/>
    <testcase time="0.179" classname="table_05" name="Table_05_generation_works_with_NA_values_pruned_rows"/>
    <testcase time="0.069" classname="table_05" name="Table_05_generation_works_with_NA_values_pruned_rows">
      <skipped message="Reason: On CRAN ('test-table_05.R:44:3')"/>
    </testcase>
  </testsuite>
  <testsuite name="table_06" timestamp="2023-05-17T14:51:44Z" hostname="d59a2c2eb12d" tests="10" skipped="2" failures="0" errors="0" time="1.266">
    <testcase time="0.0279999999999996" classname="table_06" name="Table_06_generation_works_with_default_values"/>
    <testcase time="0.00100000000000033" classname="table_06" name="Table_06_generation_works_with_default_values"/>
    <testcase time="0.0590000000000002" classname="table_06" name="Table_06_generation_works_with_default_values"/>
    <testcase time="0.399" classname="table_06" name="Table_06_generation_works_with_default_values"/>
    <testcase time="0.0879999999999992" classname="table_06" name="Table_06_generation_works_with_default_values">
      <skipped message="Reason: On CRAN ('test-table_06.R:8:3')"/>
    </testcase>
    <testcase time="0.0140000000000002" classname="table_06" name="Table_06_generation_works_with_custom_values"/>
    <testcase time="0.00199999999999978" classname="table_06" name="Table_06_generation_works_with_custom_values"/>
    <testcase time="0.0540000000000003" classname="table_06" name="Table_06_generation_works_with_custom_values"/>
    <testcase time="0.527" classname="table_06" name="Table_06_generation_works_with_custom_values"/>
    <testcase time="0.0940000000000003" classname="table_06" name="Table_06_generation_works_with_custom_values">
      <skipped message="Reason: On CRAN ('test-table_06.R:40:3')"/>
    </testcase>
  </testsuite>
  <testsuite name="table_07" timestamp="2023-05-17T14:51:45Z" hostname="d59a2c2eb12d" tests="18" skipped="3" failures="0" errors="0" time="1.575">
    <testcase time="0.0349999999999993" classname="table_07" name="Table_07_generation_works_with_default_values"/>
    <testcase time="0.00100000000000033" classname="table_07" name="Table_07_generation_works_with_default_values"/>
    <testcase time="0.00100000000000033" classname="table_07" name="Table_07_generation_works_with_default_values"/>
    <testcase time="0.04" classname="table_07" name="Table_07_generation_works_with_default_values"/>
    <testcase time="0.334" classname="table_07" name="Table_07_generation_works_with_default_values"/>
    <testcase time="0.107" classname="table_07" name="Table_07_generation_works_with_default_values">
      <skipped message="Reason: On CRAN ('test-table_07.R:13:3')"/>
    </testcase>
    <testcase time="0.0140000000000002" classname="table_07" name="Table_07_generation_works_with_custom_values"/>
    <testcase time="0.00199999999999978" classname="table_07" name="Table_07_generation_works_with_custom_values"/>
    <testcase time="0.000999999999999446" classname="table_07" name="Table_07_generation_works_with_custom_values"/>
    <testcase time="0.04" classname="table_07" name="Table_07_generation_works_with_custom_values"/>
    <testcase time="0.439" classname="table_07" name="Table_07_generation_works_with_custom_values"/>
    <testcase time="0.106000000000001" classname="table_07" name="Table_07_generation_works_with_custom_values">
      <skipped message="Reason: On CRAN ('test-table_07.R:42:3')"/>
    </testcase>
    <testcase time="0.0139999999999993" classname="table_07" name="Table_07_generation_works_with_NA_values_pruned_rows"/>
    <testcase time="0.00200000000000067" classname="table_07" name="Table_07_generation_works_with_NA_values_pruned_rows"/>
    <testcase time="0.000999999999999446" classname="table_07" name="Table_07_generation_works_with_NA_values_pruned_rows"/>
    <testcase time="0.0410000000000004" classname="table_07" name="Table_07_generation_works_with_NA_values_pruned_rows"/>
    <testcase time="0.295" classname="table_07" name="Table_07_generation_works_with_NA_values_pruned_rows"/>
    <testcase time="0.101999999999999" classname="table_07" name="Table_07_generation_works_with_NA_values_pruned_rows">
      <skipped message="Reason: On CRAN ('test-table_07.R:52:3')"/>
    </testcase>
  </testsuite>
  <testsuite name="table_09" timestamp="2023-05-17T14:51:47Z" hostname="d59a2c2eb12d" tests="8" skipped="2" failures="0" errors="0" time="0.834">
    <testcase time="0.0190000000000001" classname="table_09" name="Table_09_generation_works_with_default_values"/>
    <testcase time="0.0460000000000003" classname="table_09" name="Table_09_generation_works_with_default_values"/>
    <testcase time="0.272" classname="table_09" name="Table_09_generation_works_with_default_values"/>
    <testcase time="0.0539999999999994" classname="table_09" name="Table_09_generation_works_with_default_values">
      <skipped message="Reason: On CRAN ('test-table_09.R:8:3')"/>
    </testcase>
    <testcase time="0.0140000000000002" classname="table_09" name="Table_09_generation_works_with_custom_values"/>
    <testcase time="0.0410000000000004" classname="table_09" name="Table_09_generation_works_with_custom_values"/>
    <testcase time="0.326000000000001" classname="table_09" name="Table_09_generation_works_with_custom_values"/>
    <testcase time="0.0619999999999994" classname="table_09" name="Table_09_generation_works_with_custom_values">
      <skipped message="Reason: On CRAN ('test-table_09.R:39:3')"/>
    </testcase>
  </testsuite>
  <testsuite name="table_13" timestamp="2023-05-17T14:51:48Z" hostname="d59a2c2eb12d" tests="8" skipped="2" failures="0" errors="0" time="0.49">
    <testcase time="0.0190000000000001" classname="table_13" name="Table_13_generation_works_with_default_values"/>
    <testcase time="0.048" classname="table_13" name="Table_13_generation_works_with_default_values"/>
    <testcase time="0.124000000000001" classname="table_13" name="Table_13_generation_works_with_default_values"/>
    <testcase time="0.0569999999999986" classname="table_13" name="Table_13_generation_works_with_default_values">
      <skipped message="Reason: On CRAN ('test-table_13.R:8:3')"/>
    </testcase>
    <testcase time="0.0150000000000006" classname="table_13" name="Table_13_generation_works_with_custom_values"/>
    <testcase time="0.048" classname="table_13" name="Table_13_generation_works_with_custom_values"/>
    <testcase time="0.138" classname="table_13" name="Table_13_generation_works_with_custom_values"/>
    <testcase time="0.0410000000000004" classname="table_13" name="Table_13_generation_works_with_custom_values">
      <skipped message="Reason: On CRAN ('test-table_13.R:38:3')"/>
    </testcase>
  </testsuite>
</testsuites>
