<?xml version="1.0" encoding="UTF-8"?>
<testsuites>
  <testsuite name="table_05" timestamp="2023-05-18T19:23:51Z" hostname="22e881814c43" tests="9" skipped="3" failures="0" errors="0" time="1.778">
    <testcase time="0.371" classname="table_05" name="Table_05_generation_works_with_default_values"/>
    <testcase time="0.488" classname="table_05" name="Table_05_generation_works_with_default_values"/>
    <testcase time="0.141" classname="table_05" name="Table_05_generation_works_with_default_values">
      <skipped message="Reason: On CRAN ('test-table_05.R:10:3')"/>
    </testcase>
    <testcase time="0.0310000000000006" classname="table_05" name="Table_05_generation_works_with_custom_values"/>
    <testcase time="0.279" classname="table_05" name="Table_05_generation_works_with_custom_values"/>
    <testcase time="0.172" classname="table_05" name="Table_05_generation_works_with_custom_values">
      <skipped message="Reason: On CRAN ('test-table_05.R:34:3')"/>
    </testcase>
    <testcase time="0.0350000000000001" classname="table_05" name="Table_05_generation_works_with_NA_values_pruned_rows"/>
    <testcase time="0.19" classname="table_05" name="Table_05_generation_works_with_NA_values_pruned_rows"/>
    <testcase time="0.0710000000000006" classname="table_05" name="Table_05_generation_works_with_NA_values_pruned_rows">
      <skipped message="Reason: On CRAN ('test-table_05.R:44:3')"/>
    </testcase>
  </testsuite>
  <testsuite name="table_06" timestamp="2023-05-18T19:23:52Z" hostname="22e881814c43" tests="10" skipped="2" failures="0" errors="0" time="1.332">
    <testcase time="0.0289999999999999" classname="table_06" name="Table_06_generation_works_with_default_values"/>
    <testcase time="0.000999999999999446" classname="table_06" name="Table_06_generation_works_with_default_values"/>
    <testcase time="0.0640000000000001" classname="table_06" name="Table_06_generation_works_with_default_values"/>
    <testcase time="0.417" classname="table_06" name="Table_06_generation_works_with_default_values"/>
    <testcase time="0.0940000000000003" classname="table_06" name="Table_06_generation_works_with_default_values">
      <skipped message="Reason: On CRAN ('test-table_06.R:8:3')"/>
    </testcase>
    <testcase time="0.0149999999999997" classname="table_06" name="Table_06_generation_works_with_custom_values"/>
    <testcase time="0.00100000000000033" classname="table_06" name="Table_06_generation_works_with_custom_values"/>
    <testcase time="0.0599999999999996" classname="table_06" name="Table_06_generation_works_with_custom_values"/>
    <testcase time="0.552" classname="table_06" name="Table_06_generation_works_with_custom_values"/>
    <testcase time="0.0990000000000002" classname="table_06" name="Table_06_generation_works_with_custom_values">
      <skipped message="Reason: On CRAN ('test-table_06.R:40:3')"/>
    </testcase>
  </testsuite>
  <testsuite name="table_07" timestamp="2023-05-18T19:23:54Z" hostname="22e881814c43" tests="18" skipped="3" failures="0" errors="0" time="1.671">
    <testcase time="0.0379999999999994" classname="table_07" name="Table_07_generation_works_with_default_values"/>
    <testcase time="0.00100000000000033" classname="table_07" name="Table_07_generation_works_with_default_values"/>
    <testcase time="0.00199999999999978" classname="table_07" name="Table_07_generation_works_with_default_values"/>
    <testcase time="0.0430000000000001" classname="table_07" name="Table_07_generation_works_with_default_values"/>
    <testcase time="0.352" classname="table_07" name="Table_07_generation_works_with_default_values"/>
    <testcase time="0.113" classname="table_07" name="Table_07_generation_works_with_default_values">
      <skipped message="Reason: On CRAN ('test-table_07.R:13:3')"/>
    </testcase>
    <testcase time="0.0140000000000002" classname="table_07" name="Table_07_generation_works_with_custom_values"/>
    <testcase time="0.00199999999999978" classname="table_07" name="Table_07_generation_works_with_custom_values"/>
    <testcase time="0.00100000000000033" classname="table_07" name="Table_07_generation_works_with_custom_values"/>
    <testcase time="0.0430000000000001" classname="table_07" name="Table_07_generation_works_with_custom_values"/>
    <testcase time="0.463" classname="table_07" name="Table_07_generation_works_with_custom_values"/>
    <testcase time="0.114" classname="table_07" name="Table_07_generation_works_with_custom_values">
      <skipped message="Reason: On CRAN ('test-table_07.R:42:3')"/>
    </testcase>
    <testcase time="0.0149999999999997" classname="table_07" name="Table_07_generation_works_with_NA_values_pruned_rows"/>
    <testcase time="0.00199999999999978" classname="table_07" name="Table_07_generation_works_with_NA_values_pruned_rows"/>
    <testcase time="0.00100000000000033" classname="table_07" name="Table_07_generation_works_with_NA_values_pruned_rows"/>
    <testcase time="0.0439999999999996" classname="table_07" name="Table_07_generation_works_with_NA_values_pruned_rows"/>
    <testcase time="0.312" classname="table_07" name="Table_07_generation_works_with_NA_values_pruned_rows"/>
    <testcase time="0.111" classname="table_07" name="Table_07_generation_works_with_NA_values_pruned_rows">
      <skipped message="Reason: On CRAN ('test-table_07.R:52:3')"/>
    </testcase>
  </testsuite>
  <testsuite name="table_09" timestamp="2023-05-18T19:23:55Z" hostname="22e881814c43" tests="8" skipped="2" failures="0" errors="0" time="0.87">
    <testcase time="0.0209999999999999" classname="table_09" name="Table_09_generation_works_with_default_values"/>
    <testcase time="0.0500000000000007" classname="table_09" name="Table_09_generation_works_with_default_values"/>
    <testcase time="0.277999999999999" classname="table_09" name="Table_09_generation_works_with_default_values"/>
    <testcase time="0.0570000000000004" classname="table_09" name="Table_09_generation_works_with_default_values">
      <skipped message="Reason: On CRAN ('test-table_09.R:8:3')"/>
    </testcase>
    <testcase time="0.0140000000000011" classname="table_09" name="Table_09_generation_works_with_custom_values"/>
    <testcase time="0.0449999999999999" classname="table_09" name="Table_09_generation_works_with_custom_values"/>
    <testcase time="0.337999999999999" classname="table_09" name="Table_09_generation_works_with_custom_values"/>
    <testcase time="0.0670000000000002" classname="table_09" name="Table_09_generation_works_with_custom_values">
      <skipped message="Reason: On CRAN ('test-table_09.R:39:3')"/>
    </testcase>
  </testsuite>
  <testsuite name="table_13" timestamp="2023-05-18T19:23:56Z" hostname="22e881814c43" tests="8" skipped="2" failures="0" errors="0" time="0.52">
    <testcase time="0.0199999999999996" classname="table_13" name="Table_13_generation_works_with_default_values"/>
    <testcase time="0.0549999999999997" classname="table_13" name="Table_13_generation_works_with_default_values"/>
    <testcase time="0.129000000000001" classname="table_13" name="Table_13_generation_works_with_default_values"/>
    <testcase time="0.0609999999999999" classname="table_13" name="Table_13_generation_works_with_default_values">
      <skipped message="Reason: On CRAN ('test-table_13.R:8:3')"/>
    </testcase>
    <testcase time="0.0149999999999988" classname="table_13" name="Table_13_generation_works_with_custom_values"/>
    <testcase time="0.0530000000000008" classname="table_13" name="Table_13_generation_works_with_custom_values"/>
    <testcase time="0.143000000000001" classname="table_13" name="Table_13_generation_works_with_custom_values"/>
    <testcase time="0.0439999999999987" classname="table_13" name="Table_13_generation_works_with_custom_values">
      <skipped message="Reason: On CRAN ('test-table_13.R:38:3')"/>
    </testcase>
  </testsuite>
</testsuites>
