<?xml version="1.0" encoding="UTF-8"?>
<testsuites>
  <testsuite name="table_05" timestamp="2023-05-15T22:06:24Z" hostname="1471f71ead5f" tests="6" skipped="3" failures="0" errors="0" time="1.621">
    <testcase time="0.779" classname="table_05" name="Table_05_generation_works_with_default_values"/>
    <testcase time="0.137" classname="table_05" name="Table_05_generation_works_with_default_values">
      <skipped message="Reason: On CRAN ('test-table_05.R:10:3')"/>
    </testcase>
    <testcase time="0.285" classname="table_05" name="Table_05_generation_works_with_custom_values"/>
    <testcase time="0.153" classname="table_05" name="Table_05_generation_works_with_custom_values">
      <skipped message="Reason: On CRAN ('test-table_05.R:33:3')"/>
    </testcase>
    <testcase time="0.202" classname="table_05" name="Table_05_generation_works_with_NA_values_pruned_rows"/>
    <testcase time="0.0649999999999995" classname="table_05" name="Table_05_generation_works_with_NA_values_pruned_rows">
      <skipped message="Reason: On CRAN ('test-table_05.R:43:3')"/>
    </testcase>
  </testsuite>
  <testsuite name="table_06" timestamp="2023-05-15T22:06:25Z" hostname="1471f71ead5f" tests="4" skipped="2" failures="0" errors="0" time="1.184">
    <testcase time="0.458" classname="table_06" name="Table_06_generation_works_with_default_values"/>
    <testcase time="0.0840000000000005" classname="table_06" name="Table_06_generation_works_with_default_values">
      <skipped message="Reason: On CRAN ('test-table_06.R:8:3')"/>
    </testcase>
    <testcase time="0.553" classname="table_06" name="Table_06_generation_works_with_custom_values"/>
    <testcase time="0.0889999999999995" classname="table_06" name="Table_06_generation_works_with_custom_values">
      <skipped message="Reason: On CRAN ('test-table_06.R:40:3')"/>
    </testcase>
  </testsuite>
  <testsuite name="table_09" timestamp="2023-05-15T22:06:26Z" hostname="1471f71ead5f" tests="4" skipped="2" failures="0" errors="0" time="0.821">
    <testcase time="0.350000000000001" classname="table_09" name="Table_09_generation_works_with_default_values"/>
    <testcase time="0.0529999999999999" classname="table_09" name="Table_09_generation_works_with_default_values">
      <skipped message="Reason: On CRAN ('test-table_09.R:8:3')"/>
    </testcase>
    <testcase time="0.358" classname="table_09" name="Table_09_generation_works_with_custom_values"/>
    <testcase time="0.0599999999999996" classname="table_09" name="Table_09_generation_works_with_custom_values">
      <skipped message="Reason: On CRAN ('test-table_09.R:39:3')"/>
    </testcase>
  </testsuite>
  <testsuite name="table_13" timestamp="2023-05-15T22:06:27Z" hostname="1471f71ead5f" tests="4" skipped="2" failures="0" errors="0" time="0.46">
    <testcase time="0.176" classname="table_13" name="Table_13_generation_works_with_default_values"/>
    <testcase time="0.0620000000000003" classname="table_13" name="Table_13_generation_works_with_default_values">
      <skipped message="Reason: On CRAN ('test-table_13.R:8:3')"/>
    </testcase>
    <testcase time="0.182" classname="table_13" name="Table_13_generation_works_with_custom_values"/>
    <testcase time="0.04" classname="table_13" name="Table_13_generation_works_with_custom_values">
      <skipped message="Reason: On CRAN ('test-table_13.R:38:3')"/>
    </testcase>
  </testsuite>
</testsuites>
