<?xml version="1.0" encoding="UTF-8"?>
<testsuites>
  <testsuite name="table_05" timestamp="2023-05-18T16:01:59Z" hostname="22024cb297c5" tests="9" skipped="3" failures="0" errors="0" time="1.887">
    <testcase time="0.384" classname="table_05" name="Table_05_generation_works_with_default_values"/>
    <testcase time="0.531" classname="table_05" name="Table_05_generation_works_with_default_values"/>
    <testcase time="0.146" classname="table_05" name="Table_05_generation_works_with_default_values">
      <skipped message="Reason: On CRAN ('test-table_05.R:10:3')"/>
    </testcase>
    <testcase time="0.0329999999999995" classname="table_05" name="Table_05_generation_works_with_custom_values"/>
    <testcase time="0.295000000000001" classname="table_05" name="Table_05_generation_works_with_custom_values"/>
    <testcase time="0.180999999999999" classname="table_05" name="Table_05_generation_works_with_custom_values">
      <skipped message="Reason: On CRAN ('test-table_05.R:34:3')"/>
    </testcase>
    <testcase time="0.0370000000000008" classname="table_05" name="Table_05_generation_works_with_NA_values_pruned_rows"/>
    <testcase time="0.202" classname="table_05" name="Table_05_generation_works_with_NA_values_pruned_rows"/>
    <testcase time="0.0779999999999994" classname="table_05" name="Table_05_generation_works_with_NA_values_pruned_rows">
      <skipped message="Reason: On CRAN ('test-table_05.R:44:3')"/>
    </testcase>
  </testsuite>
  <testsuite name="table_06" timestamp="2023-05-18T16:02:00Z" hostname="22024cb297c5" tests="10" skipped="2" failures="0" errors="0" time="1.414">
    <testcase time="0.0310000000000006" classname="table_06" name="Table_06_generation_works_with_default_values"/>
    <testcase time="0.000999999999999446" classname="table_06" name="Table_06_generation_works_with_default_values"/>
    <testcase time="0.0659999999999998" classname="table_06" name="Table_06_generation_works_with_default_values"/>
    <testcase time="0.446" classname="table_06" name="Table_06_generation_works_with_default_values"/>
    <testcase time="0.0980000000000008" classname="table_06" name="Table_06_generation_works_with_default_values">
      <skipped message="Reason: On CRAN ('test-table_06.R:8:3')"/>
    </testcase>
    <testcase time="0.0139999999999993" classname="table_06" name="Table_06_generation_works_with_custom_values"/>
    <testcase time="0.00200000000000067" classname="table_06" name="Table_06_generation_works_with_custom_values"/>
    <testcase time="0.0619999999999994" classname="table_06" name="Table_06_generation_works_with_custom_values"/>
    <testcase time="0.586" classname="table_06" name="Table_06_generation_works_with_custom_values"/>
    <testcase time="0.108" classname="table_06" name="Table_06_generation_works_with_custom_values">
      <skipped message="Reason: On CRAN ('test-table_06.R:40:3')"/>
    </testcase>
  </testsuite>
  <testsuite name="table_07" timestamp="2023-05-18T16:02:01Z" hostname="22024cb297c5" tests="18" skipped="3" failures="0" errors="0" time="1.768">
    <testcase time="0.04" classname="table_07" name="Table_07_generation_works_with_default_values"/>
    <testcase time="0.00100000000000033" classname="table_07" name="Table_07_generation_works_with_default_values"/>
    <testcase time="0.000999999999999446" classname="table_07" name="Table_07_generation_works_with_default_values"/>
    <testcase time="0.0450000000000008" classname="table_07" name="Table_07_generation_works_with_default_values"/>
    <testcase time="0.372999999999999" classname="table_07" name="Table_07_generation_works_with_default_values"/>
    <testcase time="0.119000000000001" classname="table_07" name="Table_07_generation_works_with_default_values">
      <skipped message="Reason: On CRAN ('test-table_07.R:13:3')"/>
    </testcase>
    <testcase time="0.016" classname="table_07" name="Table_07_generation_works_with_custom_values"/>
    <testcase time="0.000999999999999446" classname="table_07" name="Table_07_generation_works_with_custom_values"/>
    <testcase time="0.00199999999999978" classname="table_07" name="Table_07_generation_works_with_custom_values"/>
    <testcase time="0.0450000000000008" classname="table_07" name="Table_07_generation_works_with_custom_values"/>
    <testcase time="0.484999999999999" classname="table_07" name="Table_07_generation_works_with_custom_values"/>
    <testcase time="0.117" classname="table_07" name="Table_07_generation_works_with_custom_values">
      <skipped message="Reason: On CRAN ('test-table_07.R:42:3')"/>
    </testcase>
    <testcase time="0.016" classname="table_07" name="Table_07_generation_works_with_NA_values_pruned_rows"/>
    <testcase time="0.00199999999999978" classname="table_07" name="Table_07_generation_works_with_NA_values_pruned_rows"/>
    <testcase time="0.00100000000000033" classname="table_07" name="Table_07_generation_works_with_NA_values_pruned_rows"/>
    <testcase time="0.048" classname="table_07" name="Table_07_generation_works_with_NA_values_pruned_rows"/>
    <testcase time="0.334999999999999" classname="table_07" name="Table_07_generation_works_with_NA_values_pruned_rows"/>
    <testcase time="0.121" classname="table_07" name="Table_07_generation_works_with_NA_values_pruned_rows">
      <skipped message="Reason: On CRAN ('test-table_07.R:52:3')"/>
    </testcase>
  </testsuite>
  <testsuite name="table_09" timestamp="2023-05-18T16:02:03Z" hostname="22024cb297c5" tests="8" skipped="2" failures="0" errors="0" time="0.931">
    <testcase time="0.0210000000000008" classname="table_09" name="Table_09_generation_works_with_default_values"/>
    <testcase time="0.0519999999999996" classname="table_09" name="Table_09_generation_works_with_default_values"/>
    <testcase time="0.292999999999999" classname="table_09" name="Table_09_generation_works_with_default_values"/>
    <testcase time="0.0620000000000012" classname="table_09" name="Table_09_generation_works_with_default_values">
      <skipped message="Reason: On CRAN ('test-table_09.R:8:3')"/>
    </testcase>
    <testcase time="0.016" classname="table_09" name="Table_09_generation_works_with_custom_values"/>
    <testcase time="0.0469999999999988" classname="table_09" name="Table_09_generation_works_with_custom_values"/>
    <testcase time="0.365" classname="table_09" name="Table_09_generation_works_with_custom_values"/>
    <testcase time="0.0750000000000011" classname="table_09" name="Table_09_generation_works_with_custom_values">
      <skipped message="Reason: On CRAN ('test-table_09.R:39:3')"/>
    </testcase>
  </testsuite>
  <testsuite name="table_13" timestamp="2023-05-18T16:02:04Z" hostname="22024cb297c5" tests="8" skipped="2" failures="0" errors="0" time="0.567">
    <testcase time="0.020999999999999" classname="table_13" name="Table_13_generation_works_with_default_values"/>
    <testcase time="0.0570000000000004" classname="table_13" name="Table_13_generation_works_with_default_values"/>
    <testcase time="0.138" classname="table_13" name="Table_13_generation_works_with_default_values"/>
    <testcase time="0.0660000000000007" classname="table_13" name="Table_13_generation_works_with_default_values">
      <skipped message="Reason: On CRAN ('test-table_13.R:8:3')"/>
    </testcase>
    <testcase time="0.0179999999999989" classname="table_13" name="Table_13_generation_works_with_custom_values"/>
    <testcase time="0.0600000000000005" classname="table_13" name="Table_13_generation_works_with_custom_values"/>
    <testcase time="0.158999999999999" classname="table_13" name="Table_13_generation_works_with_custom_values"/>
    <testcase time="0.048" classname="table_13" name="Table_13_generation_works_with_custom_values">
      <skipped message="Reason: On CRAN ('test-table_13.R:38:3')"/>
    </testcase>
  </testsuite>
</testsuites>
