<?xml version="1.0" encoding="UTF-8"?>
<testsuites>
  <testsuite name="table_06" timestamp="2023-05-16T19:55:29Z" hostname="2abac64a861e" tests="10" skipped="2" failures="2" errors="0" time="2.564">
    <testcase time="0.02" classname="table_06" name="Table_06_generation_works_with_default_values"/>
    <testcase time="0.0340000000000003" classname="table_06" name="Table_06_generation_works_with_default_values">
      <failure type="failure" message="Check on 'unique(df$TRTEMFL)' failed: Must be a subset of {'Y','N','NA','&lt;Missing&gt;'}, but has additional elements {''} ('test-table_06.R:5:3')">Check on 'unique(df$TRTEMFL)' failed: Must be a subset of {'Y','N','NA','&lt;Missing&gt;'}, but has additional elements {''}
Backtrace:
 1. falcon::make_table_06(adae, adsl)
      at test-table_06.R:5:2
 2. falcon:::assert_flag_variables(adae, c("SAFFL", "TRTEMFL"))
 3. base::sapply(...)
 4. base::lapply(X = X, FUN = FUN, ...)
 5. falcon (local) FUN(X[[i]], ...)
 6. checkmate::expect_subset(...)
 7. checkmate::makeExpectation(x, res, info, label)</failure>
    </testcase>
    <testcase time="0.357" classname="table_06" name="Table_06_generation_works_with_default_values"/>
    <testcase time="0.801" classname="table_06" name="Table_06_generation_works_with_default_values"/>
    <testcase time="0.193" classname="table_06" name="Table_06_generation_works_with_default_values">
      <skipped message="Reason: On CRAN ('test-table_06.R:8:3')"/>
    </testcase>
    <testcase time="0.0289999999999999" classname="table_06" name="Table_06_generation_works_with_custom_values"/>
    <testcase time="0.00800000000000001" classname="table_06" name="Table_06_generation_works_with_custom_values">
      <failure type="failure" message="Check on 'unique(df$TRTEMFL)' failed: Must be a subset of {'Y','N','NA','&lt;Missing&gt;'}, but has additional elements {''} ('test-table_06.R:12:3')">Check on 'unique(df$TRTEMFL)' failed: Must be a subset of {'Y','N','NA','&lt;Missing&gt;'}, but has additional elements {''}
Backtrace:
 1. falcon::make_table_06(...)
      at test-table_06.R:12:2
 2. falcon:::assert_flag_variables(adae, c("SAFFL", "TRTEMFL"))
 3. base::sapply(...)
 4. base::lapply(X = X, FUN = FUN, ...)
 5. falcon (local) FUN(X[[i]], ...)
 6. checkmate::expect_subset(...)
 7. checkmate::makeExpectation(x, res, info, label)</failure>
    </testcase>
    <testcase time="0.0970000000000004" classname="table_06" name="Table_06_generation_works_with_custom_values"/>
    <testcase time="0.757" classname="table_06" name="Table_06_generation_works_with_custom_values"/>
    <testcase time="0.268000000000001" classname="table_06" name="Table_06_generation_works_with_custom_values">
      <skipped message="Reason: On CRAN ('test-table_06.R:40:3')"/>
    </testcase>
  </testsuite>
  <testsuite name="table_07" timestamp="2023-05-16T19:55:32Z" hostname="2abac64a861e" tests="18" skipped="3" failures="0" errors="0" time="2.204">
    <testcase time="0.069" classname="table_07" name="Table_07_generation_works_with_default_values"/>
    <testcase time="0.00199999999999978" classname="table_07" name="Table_07_generation_works_with_default_values"/>
    <testcase time="0.00100000000000033" classname="table_07" name="Table_07_generation_works_with_default_values"/>
    <testcase time="0.0629999999999997" classname="table_07" name="Table_07_generation_works_with_default_values"/>
    <testcase time="0.468" classname="table_07" name="Table_07_generation_works_with_default_values"/>
    <testcase time="0.159" classname="table_07" name="Table_07_generation_works_with_default_values">
      <skipped message="Reason: On CRAN ('test-table_07.R:13:3')"/>
    </testcase>
    <testcase time="0.0289999999999999" classname="table_07" name="Table_07_generation_works_with_custom_values"/>
    <testcase time="0.00100000000000033" classname="table_07" name="Table_07_generation_works_with_custom_values"/>
    <testcase time="0.00199999999999978" classname="table_07" name="Table_07_generation_works_with_custom_values"/>
    <testcase time="0.0629999999999997" classname="table_07" name="Table_07_generation_works_with_custom_values"/>
    <testcase time="0.62" classname="table_07" name="Table_07_generation_works_with_custom_values"/>
    <testcase time="0.138" classname="table_07" name="Table_07_generation_works_with_custom_values">
      <skipped message="Reason: On CRAN ('test-table_07.R:42:3')"/>
    </testcase>
    <testcase time="0.016" classname="table_07" name="Table_07_generation_works_with_NA_values_pruned_rows"/>
    <testcase time="0.00200000000000067" classname="table_07" name="Table_07_generation_works_with_NA_values_pruned_rows"/>
    <testcase time="0.00199999999999978" classname="table_07" name="Table_07_generation_works_with_NA_values_pruned_rows"/>
    <testcase time="0.0540000000000003" classname="table_07" name="Table_07_generation_works_with_NA_values_pruned_rows"/>
    <testcase time="0.362" classname="table_07" name="Table_07_generation_works_with_NA_values_pruned_rows"/>
    <testcase time="0.152999999999999" classname="table_07" name="Table_07_generation_works_with_NA_values_pruned_rows">
      <skipped message="Reason: On CRAN ('test-table_07.R:52:3')"/>
    </testcase>
  </testsuite>
  <testsuite name="table_09" timestamp="2023-05-16T19:55:34Z" hostname="2abac64a861e" tests="8" skipped="2" failures="0" errors="0" time="1.078">
    <testcase time="0.0410000000000004" classname="table_09" name="Table_09_generation_works_with_default_values"/>
    <testcase time="0.0519999999999996" classname="table_09" name="Table_09_generation_works_with_default_values"/>
    <testcase time="0.335000000000001" classname="table_09" name="Table_09_generation_works_with_default_values"/>
    <testcase time="0.0690000000000008" classname="table_09" name="Table_09_generation_works_with_default_values">
      <skipped message="Reason: On CRAN ('test-table_09.R:8:3')"/>
    </testcase>
    <testcase time="0.0189999999999984" classname="table_09" name="Table_09_generation_works_with_custom_values"/>
    <testcase time="0.0560000000000009" classname="table_09" name="Table_09_generation_works_with_custom_values"/>
    <testcase time="0.411" classname="table_09" name="Table_09_generation_works_with_custom_values"/>
    <testcase time="0.0950000000000006" classname="table_09" name="Table_09_generation_works_with_custom_values">
      <skipped message="Reason: On CRAN ('test-table_09.R:39:3')"/>
    </testcase>
  </testsuite>
  <testsuite name="table_13" timestamp="2023-05-16T19:55:35Z" hostname="2abac64a861e" tests="8" skipped="2" failures="0" errors="0" time="0.635">
    <testcase time="0.0229999999999997" classname="table_13" name="Table_13_generation_works_with_default_values"/>
    <testcase time="0.0700000000000003" classname="table_13" name="Table_13_generation_works_with_default_values"/>
    <testcase time="0.151999999999999" classname="table_13" name="Table_13_generation_works_with_default_values"/>
    <testcase time="0.0780000000000012" classname="table_13" name="Table_13_generation_works_with_default_values">
      <skipped message="Reason: On CRAN ('test-table_13.R:8:3')"/>
    </testcase>
    <testcase time="0.0169999999999995" classname="table_13" name="Table_13_generation_works_with_custom_values"/>
    <testcase time="0.0730000000000004" classname="table_13" name="Table_13_generation_works_with_custom_values"/>
    <testcase time="0.167999999999999" classname="table_13" name="Table_13_generation_works_with_custom_values"/>
    <testcase time="0.0540000000000003" classname="table_13" name="Table_13_generation_works_with_custom_values">
      <skipped message="Reason: On CRAN ('test-table_13.R:38:3')"/>
    </testcase>
  </testsuite>
</testsuites>
