<?xml version="1.0" encoding="UTF-8"?>
<testsuites>
  <testsuite name="table_06" timestamp="2023-05-15T21:40:46Z" hostname="c5e010c5dd35" tests="4" skipped="2" failures="0" errors="0" time="1.978">
    <testcase time="0.954" classname="table_06" name="Table_06_generation_works_with_default_values"/>
    <testcase time="0.181999999999999" classname="table_06" name="Table_06_generation_works_with_default_values">
      <skipped message="Reason: On CRAN ('test-table_06.R:8:3')"/>
    </testcase>
    <testcase time="0.661" classname="table_06" name="Table_06_generation_works_with_custom_values"/>
    <testcase time="0.181" classname="table_06" name="Table_06_generation_works_with_custom_values">
      <skipped message="Reason: On CRAN ('test-table_06.R:40:3')"/>
    </testcase>
  </testsuite>
  <testsuite name="table_07" timestamp="2023-05-15T21:40:48Z" hostname="c5e010c5dd35" tests="6" skipped="3" failures="0" errors="0" time="1.742">
    <testcase time="0.458" classname="table_07" name="Table_07_generation_works_with_default_values"/>
    <testcase time="0.109" classname="table_07" name="Table_07_generation_works_with_default_values">
      <skipped message="Reason: On CRAN ('test-table_07.R:13:3')"/>
    </testcase>
    <testcase time="0.574999999999999" classname="table_07" name="Table_07_generation_works_with_custom_values"/>
    <testcase time="0.11" classname="table_07" name="Table_07_generation_works_with_custom_values">
      <skipped message="Reason: On CRAN ('test-table_07.R:42:3')"/>
    </testcase>
    <testcase time="0.375" classname="table_07" name="Table_07_generation_works_with_NA_values_pruned_rows"/>
    <testcase time="0.115" classname="table_07" name="Table_07_generation_works_with_NA_values_pruned_rows">
      <skipped message="Reason: On CRAN ('test-table_07.R:52:3')"/>
    </testcase>
  </testsuite>
  <testsuite name="table_09" timestamp="2023-05-15T21:40:49Z" hostname="c5e010c5dd35" tests="4" skipped="2" failures="0" errors="0" time="0.892">
    <testcase time="0.363" classname="table_09" name="Table_09_generation_works_with_default_values"/>
    <testcase time="0.0590000000000002" classname="table_09" name="Table_09_generation_works_with_default_values">
      <skipped message="Reason: On CRAN ('test-table_09.R:8:3')"/>
    </testcase>
    <testcase time="0.401" classname="table_09" name="Table_09_generation_works_with_custom_values"/>
    <testcase time="0.069" classname="table_09" name="Table_09_generation_works_with_custom_values">
      <skipped message="Reason: On CRAN ('test-table_09.R:39:3')"/>
    </testcase>
  </testsuite>
  <testsuite name="table_13" timestamp="2023-05-15T21:40:50Z" hostname="c5e010c5dd35" tests="4" skipped="2" failures="0" errors="0" time="0.539">
    <testcase time="0.204000000000001" classname="table_13" name="Table_13_generation_works_with_default_values"/>
    <testcase time="0.0640000000000001" classname="table_13" name="Table_13_generation_works_with_default_values">
      <skipped message="Reason: On CRAN ('test-table_13.R:8:3')"/>
    </testcase>
    <testcase time="0.225999999999999" classname="table_13" name="Table_13_generation_works_with_custom_values"/>
    <testcase time="0.0449999999999999" classname="table_13" name="Table_13_generation_works_with_custom_values">
      <skipped message="Reason: On CRAN ('test-table_13.R:38:3')"/>
    </testcase>
  </testsuite>
</testsuites>
