<?xml version="1.0" encoding="UTF-8"?>
<testsuites>
  <testsuite name="fda-fig_01" timestamp="2024-12-02T20:34:28Z" hostname="4fd46e3b9e78" tests="8" skipped="4" failures="0" errors="0" time="1.594">
    <testcase time="0.117" classname="fda_fig_01" name="Figure_01_generation_works_with_default_values"/>
    <testcase time="0.539" classname="fda_fig_01" name="Figure_01_generation_works_with_default_values">
      <skipped message="Reason: On CI ('test-fda-fig_01.R:12:3')"/>
    </testcase>
    <testcase time="0.0329999999999999" classname="fda_fig_01" name="Figure_01_generation_works_with_no_table"/>
    <testcase time="0.0369999999999999" classname="fda_fig_01" name="Figure_01_generation_works_with_no_table">
      <skipped message="Reason: On CI ('test-fda-fig_01.R:21:3')"/>
    </testcase>
    <testcase time="0.0260000000000002" classname="fda_fig_01" name="Figure_01_generation_works_with_custom_values"/>
    <testcase time="0.478" classname="fda_fig_01" name="Figure_01_generation_works_with_custom_values">
      <skipped message="Reason: On CI ('test-fda-fig_01.R:37:3')"/>
    </testcase>
    <testcase time="0.012" classname="fda_fig_01" name="Figure_01_generation_works_with_ggtheme_argument_specified"/>
    <testcase time="0.352" classname="fda_fig_01" name="Figure_01_generation_works_with_ggtheme_argument_specified">
      <skipped message="Reason: On CI ('test-fda-fig_01.R:49:3')"/>
    </testcase>
  </testsuite>
  <testsuite name="fda-fig_02" timestamp="2024-12-02T20:34:30Z" hostname="4fd46e3b9e78" tests="8" skipped="4" failures="0" errors="0" time="1.122">
    <testcase time="0.0219999999999998" classname="fda_fig_02" name="Figure_02_generation_works_with_default_values"/>
    <testcase time="0.328" classname="fda_fig_02" name="Figure_02_generation_works_with_default_values">
      <skipped message="Reason: On CI ('test-fda-fig_02.R:11:3')"/>
    </testcase>
    <testcase time="0.0130000000000003" classname="fda_fig_02" name="Figure_02_generation_works_with_no_table"/>
    <testcase time="0.024" classname="fda_fig_02" name="Figure_02_generation_works_with_no_table">
      <skipped message="Reason: On CI ('test-fda-fig_02.R:20:3')"/>
    </testcase>
    <testcase time="0.0169999999999999" classname="fda_fig_02" name="Figure_02_generation_works_with_custom_values"/>
    <testcase time="0.368" classname="fda_fig_02" name="Figure_02_generation_works_with_custom_values">
      <skipped message="Reason: On CI ('test-fda-fig_02.R:36:3')"/>
    </testcase>
    <testcase time="0.0120000000000005" classname="fda_fig_02" name="Figure_02_generation_works_with_ggtheme_argument_specified"/>
    <testcase time="0.338" classname="fda_fig_02" name="Figure_02_generation_works_with_ggtheme_argument_specified">
      <skipped message="Reason: On CI ('test-fda-fig_02.R:48:3')"/>
    </testcase>
  </testsuite>
  <testsuite name="fda-fig_03" timestamp="2024-12-02T20:34:31Z" hostname="4fd46e3b9e78" tests="8" skipped="4" failures="0" errors="0" time="1.952">
    <testcase time="0.0250000000000004" classname="fda_fig_03" name="Figure_03_generation_works_with_default_values"/>
    <testcase time="0.569999999999999" classname="fda_fig_03" name="Figure_03_generation_works_with_default_values">
      <skipped message="Reason: On CI ('test-fda-fig_03.R:9:3')"/>
    </testcase>
    <testcase time="0.0119999999999996" classname="fda_fig_03" name="Figure_03_generation_works_with_no_table"/>
    <testcase time="0.0700000000000003" classname="fda_fig_03" name="Figure_03_generation_works_with_no_table">
      <skipped message="Reason: On CI ('test-fda-fig_03.R:18:3')"/>
    </testcase>
    <testcase time="0.0120000000000005" classname="fda_fig_03" name="Figure_03_generation_works_with_custom_values"/>
    <testcase time="0.694999999999999" classname="fda_fig_03" name="Figure_03_generation_works_with_custom_values">
      <skipped message="Reason: On CI ('test-fda-fig_03.R:35:3')"/>
    </testcase>
    <testcase time="0.0200000000000005" classname="fda_fig_03" name="Figure_03_generation_works_with_ggtheme_argument_specified"/>
    <testcase time="0.548" classname="fda_fig_03" name="Figure_03_generation_works_with_ggtheme_argument_specified">
      <skipped message="Reason: On CI ('test-fda-fig_03.R:48:3')"/>
    </testcase>
  </testsuite>
  <testsuite name="fda-fig_14" timestamp="2024-12-02T20:34:33Z" hostname="4fd46e3b9e78" tests="8" skipped="4" failures="0" errors="0" time="2.204">
    <testcase time="0.016" classname="fda_fig_14" name="Figure_14_generation_works_with_default_values"/>
    <testcase time="0.659" classname="fda_fig_14" name="Figure_14_generation_works_with_default_values">
      <skipped message="Reason: On CI ('test-fda-fig_14.R:7:3')"/>
    </testcase>
    <testcase time="0.0140000000000002" classname="fda_fig_14" name="Figure_14_generation_works_with_no_table"/>
    <testcase time="0.0439999999999996" classname="fda_fig_14" name="Figure_14_generation_works_with_no_table">
      <skipped message="Reason: On CI ('test-fda-fig_14.R:16:3')"/>
    </testcase>
    <testcase time="0.0140000000000002" classname="fda_fig_14" name="Figure_14_generation_works_with_custom_values"/>
    <testcase time="0.607" classname="fda_fig_14" name="Figure_14_generation_works_with_custom_values">
      <skipped message="Reason: On CI ('test-fda-fig_14.R:40:3')"/>
    </testcase>
    <testcase time="0.0190000000000001" classname="fda_fig_14" name="Figure_14_generation_works_with_ggtheme_argument_specified"/>
    <testcase time="0.831" classname="fda_fig_14" name="Figure_14_generation_works_with_ggtheme_argument_specified">
      <skipped message="Reason: On CI ('test-fda-fig_14.R:52:3')"/>
    </testcase>
  </testsuite>
  <testsuite name="fda-table_02" timestamp="2024-12-02T20:34:35Z" hostname="4fd46e3b9e78" tests="30" skipped="10" failures="0" errors="0" time="10.375">
    <testcase time="0.032" classname="fda_table_02" name="Table_02_generation_works_with_default_values"/>
    <testcase time="0.316000000000001" classname="fda_table_02" name="Table_02_generation_works_with_default_values"/>
    <testcase time="0.168999999999999" classname="fda_table_02" name="Table_02_generation_works_with_default_values">
      <skipped message="Reason: On CRAN ('test-fda-table_02.R:9:3')"/>
    </testcase>
    <testcase time="0.048" classname="fda_table_02" name="Table_02_generation_works_with_custom_values"/>
    <testcase time="0.269" classname="fda_table_02" name="Table_02_generation_works_with_custom_values"/>
    <testcase time="0.227" classname="fda_table_02" name="Table_02_generation_works_with_custom_values">
      <skipped message="Reason: On CRAN ('test-fda-table_02.R:38:3')"/>
    </testcase>
    <testcase time="0.0259999999999998" classname="fda_table_02" name="Table_02_generation_works_with_some_NA_values"/>
    <testcase time="0.0910000000000011" classname="fda_table_02" name="Table_02_generation_works_with_some_NA_values"/>
    <testcase time="0.052999999999999" classname="fda_table_02" name="Table_02_generation_works_with_some_NA_values">
      <skipped message="Reason: On CRAN ('test-fda-table_02.R:50:3')"/>
    </testcase>
    <testcase time="0.0129999999999999" classname="fda_table_02" name="Table_02_generation_tplyr_works_with_default_values"/>
    <testcase time="1.055" classname="fda_table_02" name="Table_02_generation_tplyr_works_with_default_values"/>
    <testcase time="0.0240000000000009" classname="fda_table_02" name="Table_02_generation_tplyr_works_with_default_values">
      <skipped message="Reason: On CRAN ('test-fda-table_02.R:62:3')"/>
    </testcase>
    <testcase time="0.0120000000000005" classname="fda_table_02" name="Table_02_generation_tplyr_works_with_tplyr_raw_TRUE"/>
    <testcase time="0.630999999999998" classname="fda_table_02" name="Table_02_generation_tplyr_works_with_tplyr_raw_TRUE"/>
    <testcase time="0.0180000000000007" classname="fda_table_02" name="Table_02_generation_tplyr_works_with_tplyr_raw_TRUE">
      <skipped message="Reason: On CRAN ('test-fda-table_02.R:74:3')"/>
    </testcase>
    <testcase time="0.0299999999999994" classname="fda_table_02" name="Table_02_generation_tplyr_works_with_custom_values"/>
    <testcase time="1.071" classname="fda_table_02" name="Table_02_generation_tplyr_works_with_custom_values"/>
    <testcase time="0.0169999999999995" classname="fda_table_02" name="Table_02_generation_tplyr_works_with_custom_values">
      <skipped message="Reason: On CRAN ('test-fda-table_02.R:104:3')"/>
    </testcase>
    <testcase time="0.0259999999999998" classname="fda_table_02" name="Table_02_generation_tplyr_works_with_some_NA_values"/>
    <testcase time="0.388999999999999" classname="fda_table_02" name="Table_02_generation_tplyr_works_with_some_NA_values"/>
    <testcase time="0.016" classname="fda_table_02" name="Table_02_generation_tplyr_works_with_some_NA_values">
      <skipped message="Reason: On CRAN ('test-fda-table_02.R:124:3')"/>
    </testcase>
    <testcase time="0.0129999999999999" classname="fda_table_02" name="Table_02_generation_gtsum_works_with_default_values"/>
    <testcase time="2.283" classname="fda_table_02" name="Table_02_generation_gtsum_works_with_default_values"/>
    <testcase time="0.0150000000000006" classname="fda_table_02" name="Table_02_generation_gtsum_works_with_default_values">
      <skipped message="Reason: On CRAN ('test-fda-table_02.R:133:3')"/>
    </testcase>
    <testcase time="0.0410000000000004" classname="fda_table_02" name="Table_02_generation_gtsum_works_with_custom_values"/>
    <testcase time="2.384" classname="fda_table_02" name="Table_02_generation_gtsum_works_with_custom_values"/>
    <testcase time="0.0150000000000006" classname="fda_table_02" name="Table_02_generation_gtsum_works_with_custom_values">
      <skipped message="Reason: On CRAN ('test-fda-table_02.R:151:3')"/>
    </testcase>
    <testcase time="0.0259999999999998" classname="fda_table_02" name="Table_02_generation_gtsum_works_with_some_NA_values"/>
    <testcase time="1.05" classname="fda_table_02" name="Table_02_generation_gtsum_works_with_some_NA_values"/>
    <testcase time="0.0150000000000006" classname="fda_table_02" name="Table_02_generation_gtsum_works_with_some_NA_values">
      <skipped message="Reason: On CRAN ('test-fda-table_02.R:165:3')"/>
    </testcase>
  </testsuite>
  <testsuite name="fda-table_03" timestamp="2024-12-02T20:34:45Z" hostname="4fd46e3b9e78" tests="8" skipped="2" failures="0" errors="0" time="0.666">
    <testcase time="0.0199999999999996" classname="fda_table_03" name="Table_3_generation_works_with_default_values"/>
    <testcase time="0.00100000000000122" classname="fda_table_03" name="Table_3_generation_works_with_default_values"/>
    <testcase time="0.238" classname="fda_table_03" name="Table_3_generation_works_with_default_values"/>
    <testcase time="0.0680000000000014" classname="fda_table_03" name="Table_3_generation_works_with_default_values">
      <skipped message="Reason: On CRAN ('test-fda-table_03.R:21:3')"/>
    </testcase>
    <testcase time="0.0129999999999981" classname="fda_table_03" name="Table_3_generation_works_with_custom_values"/>
    <testcase time="0.00100000000000122" classname="fda_table_03" name="Table_3_generation_works_with_custom_values"/>
    <testcase time="0.251000000000001" classname="fda_table_03" name="Table_3_generation_works_with_custom_values"/>
    <testcase time="0.0739999999999981" classname="fda_table_03" name="Table_3_generation_works_with_custom_values">
      <skipped message="Reason: On CRAN ('test-fda-table_03.R:41:3')"/>
    </testcase>
  </testsuite>
  <testsuite name="fda-table_04" timestamp="2024-12-02T20:34:46Z" hostname="4fd46e3b9e78" tests="9" skipped="2" failures="0" errors="0" time="0.681">
    <testcase time="0.0280000000000022" classname="fda_table_04" name="Table_04_generation_works_with_default_values"/>
    <testcase time="0.216999999999999" classname="fda_table_04" name="Table_04_generation_works_with_default_values"/>
    <testcase time="0.0949999999999989" classname="fda_table_04" name="Table_04_generation_works_with_default_values">
      <skipped message="Reason: On CRAN ('test-fda-table_04.R:17:3')"/>
    </testcase>
    <testcase time="0.0130000000000017" classname="fda_table_04" name="Table_04_generation_works_with_custom_values"/>
    <testcase time="0.000999999999997669" classname="fda_table_04" name="Table_04_generation_works_with_custom_values"/>
    <testcase time="0.00100000000000122" classname="fda_table_04" name="Table_04_generation_works_with_custom_values"/>
    <testcase time="0.00100000000000122" classname="fda_table_04" name="Table_04_generation_works_with_custom_values"/>
    <testcase time="0.238" classname="fda_table_04" name="Table_04_generation_works_with_custom_values"/>
    <testcase time="0.0869999999999997" classname="fda_table_04" name="Table_04_generation_works_with_custom_values">
      <skipped message="Reason: On CRAN ('test-fda-table_04.R:45:3')"/>
    </testcase>
  </testsuite>
  <testsuite name="fda-table_05" timestamp="2024-12-02T20:34:47Z" hostname="4fd46e3b9e78" tests="11" skipped="5" failures="0" errors="0" time="3.682">
    <testcase time="0.0169999999999995" classname="fda_table_05" name="Table_05_generation_works_with_default_values"/>
    <testcase time="1.209" classname="fda_table_05" name="Table_05_generation_works_with_default_values"/>
    <testcase time="0.109999999999999" classname="fda_table_05" name="Table_05_generation_works_with_default_values">
      <skipped message="Reason: On CRAN ('test-fda-table_05.R:11:3')"/>
    </testcase>
    <testcase time="1.447" classname="fda_table_05" name="Table_05_generation_works_with_gtsummary_with_custom_values"/>
    <testcase time="0.108000000000001" classname="fda_table_05" name="Table_05_generation_works_with_gtsummary_with_custom_values">
      <skipped message="Reason: On CRAN ('test-fda-table_05.R:33:3')"/>
    </testcase>
    <testcase time="0.198" classname="fda_table_05" name="Table_05_generation_works_with_rtables_with_custom_values"/>
    <testcase time="0.0839999999999996" classname="fda_table_05" name="Table_05_generation_works_with_rtables_with_custom_values">
      <skipped message="Reason: On CRAN ('test-fda-table_05.R:59:3')"/>
    </testcase>
    <testcase time="0.154" classname="fda_table_05" name="Table_05_generation_works_with_rtables_with_NA_values_pruned_rows"/>
    <testcase time="0.0770000000000017" classname="fda_table_05" name="Table_05_generation_works_with_rtables_with_NA_values_pruned_rows">
      <skipped message="Reason: On CRAN ('test-fda-table_05.R:69:3')"/>
    </testcase>
    <testcase time="0.189999999999998" classname="fda_table_05" name="Table_05_generation_works_with_rtables_with_risk_difference_column"/>
    <testcase time="0.088000000000001" classname="fda_table_05" name="Table_05_generation_works_with_rtables_with_risk_difference_column">
      <skipped message="Reason: On CRAN ('test-fda-table_05.R:82:3')"/>
    </testcase>
  </testsuite>
  <testsuite name="fda-table_06" timestamp="2024-12-02T20:34:50Z" hostname="4fd46e3b9e78" tests="15" skipped="3" failures="0" errors="0" time="1.608">
    <testcase time="0.0169999999999995" classname="fda_table_06" name="Table_06_generation_works_with_default_values"/>
    <testcase time="0.00100000000000122" classname="fda_table_06" name="Table_06_generation_works_with_default_values"/>
    <testcase time="0.036999999999999" classname="fda_table_06" name="Table_06_generation_works_with_default_values"/>
    <testcase time="0.318000000000001" classname="fda_table_06" name="Table_06_generation_works_with_default_values"/>
    <testcase time="0.0919999999999987" classname="fda_table_06" name="Table_06_generation_works_with_default_values">
      <skipped message="Reason: On CRAN ('test-fda-table_06.R:8:3')"/>
    </testcase>
    <testcase time="0.0130000000000017" classname="fda_table_06" name="Table_06_generation_works_with_custom_values"/>
    <testcase time="0.000999999999997669" classname="fda_table_06" name="Table_06_generation_works_with_custom_values"/>
    <testcase time="0.0360000000000014" classname="fda_table_06" name="Table_06_generation_works_with_custom_values"/>
    <testcase time="0.413" classname="fda_table_06" name="Table_06_generation_works_with_custom_values"/>
    <testcase time="0.125" classname="fda_table_06" name="Table_06_generation_works_with_custom_values">
      <skipped message="Reason: On CRAN ('test-fda-table_06.R:40:3')"/>
    </testcase>
    <testcase time="0.0120000000000005" classname="fda_table_06" name="Table_06_generation_works_with_risk_difference_column"/>
    <testcase time="0.00100000000000122" classname="fda_table_06" name="Table_06_generation_works_with_risk_difference_column"/>
    <testcase time="0.0439999999999969" classname="fda_table_06" name="Table_06_generation_works_with_risk_difference_column"/>
    <testcase time="0.391000000000002" classname="fda_table_06" name="Table_06_generation_works_with_risk_difference_column"/>
    <testcase time="0.106999999999999" classname="fda_table_06" name="Table_06_generation_works_with_risk_difference_column">
      <skipped message="Reason: On CRAN ('test-fda-table_06.R:48:3')"/>
    </testcase>
  </testsuite>
  <testsuite name="fda-table_07" timestamp="2024-12-02T20:34:52Z" hostname="4fd46e3b9e78" tests="24" skipped="4" failures="0" errors="0" time="1.727">
    <testcase time="0.0190000000000019" classname="fda_table_07" name="Table_07_generation_works_with_default_values"/>
    <testcase time="0.000999999999997669" classname="fda_table_07" name="Table_07_generation_works_with_default_values"/>
    <testcase time="0.00100000000000122" classname="fda_table_07" name="Table_07_generation_works_with_default_values"/>
    <testcase time="0.0309999999999988" classname="fda_table_07" name="Table_07_generation_works_with_default_values"/>
    <testcase time="0.224" classname="fda_table_07" name="Table_07_generation_works_with_default_values"/>
    <testcase time="0.116" classname="fda_table_07" name="Table_07_generation_works_with_default_values">
      <skipped message="Reason: On CRAN ('test-fda-table_07.R:13:3')"/>
    </testcase>
    <testcase time="0.0130000000000017" classname="fda_table_07" name="Table_07_generation_works_with_custom_values"/>
    <testcase time="0.000999999999997669" classname="fda_table_07" name="Table_07_generation_works_with_custom_values"/>
    <testcase time="0.00100000000000122" classname="fda_table_07" name="Table_07_generation_works_with_custom_values"/>
    <testcase time="0.0259999999999998" classname="fda_table_07" name="Table_07_generation_works_with_custom_values"/>
    <testcase time="0.314999999999998" classname="fda_table_07" name="Table_07_generation_works_with_custom_values"/>
    <testcase time="0.137" classname="fda_table_07" name="Table_07_generation_works_with_custom_values">
      <skipped message="Reason: On CRAN ('test-fda-table_07.R:42:3')"/>
    </testcase>
    <testcase time="0.0130000000000017" classname="fda_table_07" name="Table_07_generation_works_with_NA_values_pruned_rows"/>
    <testcase time="0.00100000000000122" classname="fda_table_07" name="Table_07_generation_works_with_NA_values_pruned_rows"/>
    <testcase time="0.000999999999997669" classname="fda_table_07" name="Table_07_generation_works_with_NA_values_pruned_rows"/>
    <testcase time="0.0250000000000021" classname="fda_table_07" name="Table_07_generation_works_with_NA_values_pruned_rows"/>
    <testcase time="0.221999999999998" classname="fda_table_07" name="Table_07_generation_works_with_NA_values_pruned_rows"/>
    <testcase time="0.119" classname="fda_table_07" name="Table_07_generation_works_with_NA_values_pruned_rows">
      <skipped message="Reason: On CRAN ('test-fda-table_07.R:52:3')"/>
    </testcase>
    <testcase time="0.0139999999999993" classname="fda_table_07" name="Table_07_generation_works_with_risk_difference_column"/>
    <testcase time="0.00199999999999889" classname="fda_table_07" name="Table_07_generation_works_with_risk_difference_column"/>
    <testcase time="0.00100000000000122" classname="fda_table_07" name="Table_07_generation_works_with_risk_difference_column"/>
    <testcase time="0.0279999999999987" classname="fda_table_07" name="Table_07_generation_works_with_risk_difference_column"/>
    <testcase time="0.284000000000002" classname="fda_table_07" name="Table_07_generation_works_with_risk_difference_column"/>
    <testcase time="0.131999999999998" classname="fda_table_07" name="Table_07_generation_works_with_risk_difference_column">
      <skipped message="Reason: On CRAN ('test-fda-table_07.R:65:3')"/>
    </testcase>
  </testsuite>
  <testsuite name="fda-table_08" timestamp="2024-12-02T20:34:54Z" hostname="4fd46e3b9e78" tests="8" skipped="2" failures="0" errors="0" time="0.416">
    <testcase time="0.017000000000003" classname="fda_table_08" name="Table_08_generation_works_with_default_values"/>
    <testcase time="0.000999999999997669" classname="fda_table_08" name="Table_08_generation_works_with_default_values"/>
    <testcase time="0.027000000000001" classname="fda_table_08" name="Table_08_generation_works_with_default_values"/>
    <testcase time="0.148" classname="fda_table_08" name="Table_08_generation_works_with_default_values">
      <skipped message="Reason: On CRAN ('test-fda-table_08.R:10:3')"/>
    </testcase>
    <testcase time="0.0129999999999981" classname="fda_table_08" name="Table_08_generation_works_with_custom_values"/>
    <testcase time="0.00100000000000122" classname="fda_table_08" name="Table_08_generation_works_with_custom_values"/>
    <testcase time="0.0300000000000011" classname="fda_table_08" name="Table_08_generation_works_with_custom_values"/>
    <testcase time="0.178999999999998" classname="fda_table_08" name="Table_08_generation_works_with_custom_values">
      <skipped message="Reason: On CRAN ('test-fda-table_08.R:31:3')"/>
    </testcase>
  </testsuite>
  <testsuite name="fda-table_09" timestamp="2024-12-02T20:34:54Z" hostname="4fd46e3b9e78" tests="47" skipped="7" failures="0" errors="0" time="8.23">
    <testcase time="0.0180000000000007" classname="fda_table_09" name="Table_09_generation_works_with_default_values"/>
    <testcase time="0.0259999999999998" classname="fda_table_09" name="Table_09_generation_works_with_default_values"/>
    <testcase time="0.227" classname="fda_table_09" name="Table_09_generation_works_with_default_values"/>
    <testcase time="0.0680000000000014" classname="fda_table_09" name="Table_09_generation_works_with_default_values">
      <skipped message="Reason: On CRAN ('test-fda-table_09.R:8:3')"/>
    </testcase>
    <testcase time="0.0129999999999981" classname="fda_table_09" name="Table_09_generation_works_with_custom_values"/>
    <testcase time="0.0350000000000001" classname="fda_table_09" name="Table_09_generation_works_with_custom_values"/>
    <testcase time="0.266000000000002" classname="fda_table_09" name="Table_09_generation_works_with_custom_values"/>
    <testcase time="0.0739999999999981" classname="fda_table_09" name="Table_09_generation_works_with_custom_values">
      <skipped message="Reason: On CRAN ('test-fda-table_09.R:39:3')"/>
    </testcase>
    <testcase time="0.0130000000000017" classname="fda_table_09" name="Table_09_gt_generation_works_with_risk_difference_column"/>
    <testcase time="0.0259999999999998" classname="fda_table_09" name="Table_09_gt_generation_works_with_risk_difference_column"/>
    <testcase time="0.305999999999997" classname="fda_table_09" name="Table_09_gt_generation_works_with_risk_difference_column"/>
    <testcase time="0.0770000000000017" classname="fda_table_09" name="Table_09_gt_generation_works_with_risk_difference_column">
      <skipped message="Reason: On CRAN ('test-fda-table_09.R:47:3')"/>
    </testcase>
    <testcase time="0.0129999999999981" classname="fda_table_09" name="Table_09_gt_generation_works_with_default_values"/>
    <testcase time="0.093" classname="fda_table_09" name="Table_09_gt_generation_works_with_default_values">
      <skipped message="Reason: On CRAN ('test-fda-table_09.R:60:3')"/>
    </testcase>
    <testcase time="0.0210000000000008" classname="fda_table_09" name="Table_09_gt_generation_works_with_custom_values"/>
    <testcase time="0.138999999999999" classname="fda_table_09" name="Table_09_gt_generation_works_with_custom_values">
      <skipped message="Reason: On CRAN ('test-fda-table_09.R:88:3')"/>
    </testcase>
    <testcase time="0.375" classname="fda_table_09" name="make_table_09_tplyr_returns_a_tibble_when_tplyr_raw_TRUE"/>
    <testcase time="0.00199999999999889" classname="fda_table_09" name="make_table_09_tplyr_returns_a_tibble_when_tplyr_raw_TRUE"/>
    <testcase time="0.0160000000000018" classname="fda_table_09" name="make_table_09_tplyr_returns_a_tibble_when_tplyr_raw_TRUE">
      <skipped message="Reason: On CRAN ('test-fda-table_09.R:101:3')"/>
    </testcase>
    <testcase time="0.388999999999999" classname="fda_table_09" name="make_table_09_tplyr_returns_a_gt_object_when_tplyr_raw_FALSE"/>
    <testcase time="0.000999999999997669" classname="fda_table_09" name="make_table_09_tplyr_returns_a_gt_object_when_tplyr_raw_FALSE"/>
    <testcase time="0.0300000000000011" classname="fda_table_09" name="make_table_09_tplyr_returns_a_gt_object_when_tplyr_raw_FALSE">
      <skipped message="Reason: On CRAN ('test-fda-table_09.R:112:3')"/>
    </testcase>
    <testcase time="0.373999999999999" classname="fda_table_09" name="make_table_09_tplyr_provides_total_column_counts_based_on_the_alt_count_df_parameter"/>
    <testcase time="0.371000000000002" classname="fda_table_09" name="make_table_09_tplyr_provides_total_column_counts_based_on_the_alt_count_df_parameter"/>
    <testcase time="0.358999999999998" classname="fda_table_09" name="make_table_09_tplyr_assigns_column_headers_correctly_to_the_arm_groups"/>
    <testcase time="0.355" classname="fda_table_09" name="make_table_09_tplyr_assigns_column_headers_correctly_to_the_arm_groups"/>
    <testcase time="0.368000000000002" classname="fda_table_09" name="make_table_09_tplyr_assigns_column_headers_correctly_to_the_arm_groups"/>
    <testcase time="0.372999999999998" classname="fda_table_09" name="make_table_09_tplyr_provides_risk_difference_columns_based_on_the_risk_diff_pairs_parameter"/>
    <testcase time="0.370000000000005" classname="fda_table_09" name="make_table_09_tplyr_provides_risk_difference_columns_based_on_the_risk_diff_pairs_parameter"/>
    <testcase time="0.398999999999994" classname="fda_table_09" name="make_table_09_tplyr_provides_a_total_column_based_on_the_lbl_overall_parameter"/>
    <testcase time="0.00300000000000011" classname="fda_table_09" name="make_table_09_tplyr_provides_a_total_column_based_on_the_lbl_overall_parameter"/>
    <testcase time="0.365000000000002" classname="fda_table_09" name="make_table_09_tplyr_provides_a_total_column_based_on_the_lbl_overall_parameter"/>
    <testcase time="0.377000000000002" classname="fda_table_09" name="make_table_09_tplyr_prunes_all_zero_rows_based_on_the_prune_0_parameter"/>
    <testcase time="0.367999999999995" classname="fda_table_09" name="make_table_09_tplyr_prunes_all_zero_rows_based_on_the_prune_0_parameter"/>
    <testcase time="0.372000000000007" classname="fda_table_09" name="make_table_09_tplyr_shows_column_counts_based_on_the_show_colcounts_parameter"/>
    <testcase time="0.367999999999995" classname="fda_table_09" name="make_table_09_tplyr_shows_column_counts_based_on_the_show_colcounts_parameter"/>
    <testcase time="0.384999999999998" classname="fda_table_09" name="make_table_09_tplyr_considers_lbl_soc_var_and_lbl_pref_var_parameters"/>
    <testcase time="0.00300000000000011" classname="fda_table_09" name="make_table_09_tplyr_considers_lbl_soc_var_and_lbl_pref_var_parameters"/>
    <testcase time="0.382000000000005" classname="fda_table_09" name="make_table_09_tplyr_considers_lbl_soc_var_and_lbl_pref_var_parameters"/>
    <testcase time="0.00300000000000011" classname="fda_table_09" name="make_table_09_tplyr_considers_lbl_soc_var_and_lbl_pref_var_parameters"/>
    <testcase time="0.390999999999998" classname="fda_table_09" name="make_table_09_tplyr_considers_annotations_if_tplyr_raw_FALSE"/>
    <testcase time="0.00300000000000011" classname="fda_table_09" name="make_table_09_tplyr_considers_annotations_if_tplyr_raw_FALSE"/>
    <testcase time="0.00200000000000244" classname="fda_table_09" name="make_table_09_tplyr_considers_annotations_if_tplyr_raw_FALSE"/>
    <testcase time="0.00300000000000011" classname="fda_table_09" name="make_table_09_tplyr_considers_annotations_if_tplyr_raw_FALSE"/>
    <testcase time="0.00300000000000011" classname="fda_table_09" name="make_table_09_tplyr_considers_annotations_if_tplyr_raw_FALSE"/>
    <testcase time="0.00199999999999534" classname="fda_table_09" name="make_table_09_tplyr_considers_annotations_if_tplyr_raw_FALSE"/>
    <testcase time="0.00300000000000011" classname="fda_table_09" name="make_table_09_tplyr_considers_annotations_if_tplyr_raw_FALSE"/>
  </testsuite>
  <testsuite name="fda-table_10" timestamp="2024-12-02T20:35:02Z" hostname="4fd46e3b9e78" tests="15" skipped="3" failures="0" errors="0" time="1.252">
    <testcase time="0.0110000000000028" classname="fda_table_10" name="Table_10_generation_works_with_default_values"/>
    <testcase time="0.000999999999997669" classname="fda_table_10" name="Table_10_generation_works_with_default_values"/>
    <testcase time="0.027000000000001" classname="fda_table_10" name="Table_10_generation_works_with_default_values"/>
    <testcase time="0.250999999999998" classname="fda_table_10" name="Table_10_generation_works_with_default_values"/>
    <testcase time="0.120000000000005" classname="fda_table_10" name="Table_10_generation_works_with_default_values">
      <skipped message="Reason: On CRAN ('test-fda-table_10.R:17:3')"/>
    </testcase>
    <testcase time="0.0129999999999981" classname="fda_table_10" name="Table_10_generation_works_with_custom_values"/>
    <testcase time="0.000999999999997669" classname="fda_table_10" name="Table_10_generation_works_with_custom_values"/>
    <testcase time="0.0230000000000032" classname="fda_table_10" name="Table_10_generation_works_with_custom_values"/>
    <testcase time="0.237000000000002" classname="fda_table_10" name="Table_10_generation_works_with_custom_values"/>
    <testcase time="0.0589999999999975" classname="fda_table_10" name="Table_10_generation_works_with_custom_values">
      <skipped message="Reason: On CRAN ('test-fda-table_10.R:52:3')"/>
    </testcase>
    <testcase time="0.0129999999999981" classname="fda_table_10" name="Table_10_generation_works_with_risk_difference_column"/>
    <testcase time="0.00100000000000477" classname="fda_table_10" name="Table_10_generation_works_with_risk_difference_column"/>
    <testcase time="0.0269999999999939" classname="fda_table_10" name="Table_10_generation_works_with_risk_difference_column"/>
    <testcase time="0.331000000000003" classname="fda_table_10" name="Table_10_generation_works_with_risk_difference_column"/>
    <testcase time="0.137" classname="fda_table_10" name="Table_10_generation_works_with_risk_difference_column">
      <skipped message="Reason: On CRAN ('test-fda-table_10.R:60:3')"/>
    </testcase>
  </testsuite>
  <testsuite name="fda-table_11" timestamp="2024-12-02T20:35:04Z" hostname="4fd46e3b9e78" tests="19" skipped="4" failures="0" errors="0" time="4.203">
    <testcase time="0.0259999999999962" classname="fda_table_11" name="Table_11_generation_works_with_default_values"/>
    <testcase time="0.0320000000000036" classname="fda_table_11" name="Table_11_generation_works_with_default_values"/>
    <testcase time="0.150999999999996" classname="fda_table_11" name="Table_11_generation_works_with_default_values"/>
    <testcase time="0.0310000000000059" classname="fda_table_11" name="Table_11_generation_works_with_default_values"/>
    <testcase time="1.242" classname="fda_table_11" name="Table_11_generation_works_with_default_values"/>
    <testcase time="0.00200000000000244" classname="fda_table_11" name="Table_11_generation_works_with_default_values"/>
    <testcase time="0.109999999999999" classname="fda_table_11" name="Table_11_generation_works_with_default_values">
      <skipped message="Reason: On CRAN ('test-fda-table_11.R:19:3')"/>
    </testcase>
    <testcase time="0.0129999999999981" classname="fda_table_11" name="Table_11_generation_works_with_gtsummary_with_custom_values"/>
    <testcase time="0.0320000000000036" classname="fda_table_11" name="Table_11_generation_works_with_gtsummary_with_custom_values"/>
    <testcase time="1.215" classname="fda_table_11" name="Table_11_generation_works_with_gtsummary_with_custom_values"/>
    <testcase time="0.112000000000002" classname="fda_table_11" name="Table_11_generation_works_with_gtsummary_with_custom_values">
      <skipped message="Reason: On CRAN ('test-fda-table_11.R:41:3')"/>
    </testcase>
    <testcase time="0.0129999999999981" classname="fda_table_11" name="Table_11_generation_works_with_rtables_with_custom_values"/>
    <testcase time="0.0350000000000037" classname="fda_table_11" name="Table_11_generation_works_with_rtables_with_custom_values"/>
    <testcase time="0.387999999999998" classname="fda_table_11" name="Table_11_generation_works_with_rtables_with_custom_values"/>
    <testcase time="0.0670000000000002" classname="fda_table_11" name="Table_11_generation_works_with_rtables_with_custom_values">
      <skipped message="Reason: On CRAN ('test-fda-table_11.R:73:3')"/>
    </testcase>
    <testcase time="0.0129999999999981" classname="fda_table_11" name="Table_11_generation_works_with_rtables_with_risk_difference_column"/>
    <testcase time="0.0320000000000036" classname="fda_table_11" name="Table_11_generation_works_with_rtables_with_risk_difference_column"/>
    <testcase time="0.530999999999999" classname="fda_table_11" name="Table_11_generation_works_with_rtables_with_risk_difference_column"/>
    <testcase time="0.158000000000001" classname="fda_table_11" name="Table_11_generation_works_with_rtables_with_risk_difference_column">
      <skipped message="Reason: On CRAN ('test-fda-table_11.R:81:3')"/>
    </testcase>
  </testsuite>
  <testsuite name="fda-table_12" timestamp="2024-12-02T20:35:08Z" hostname="4fd46e3b9e78" tests="23" skipped="5" failures="0" errors="0" time="5.243">
    <testcase time="0.0169999999999959" classname="fda_table_12" name="Table_12_generation_works_with_default_values"/>
    <testcase time="0.0330000000000013" classname="fda_table_12" name="Table_12_generation_works_with_default_values"/>
    <testcase time="0.140000000000001" classname="fda_table_12" name="Table_12_generation_works_with_default_values"/>
    <testcase time="0.0319999999999965" classname="fda_table_12" name="Table_12_generation_works_with_default_values"/>
    <testcase time="1.175" classname="fda_table_12" name="Table_12_generation_works_with_default_values"/>
    <testcase time="0.00199999999999534" classname="fda_table_12" name="Table_12_generation_works_with_default_values"/>
    <testcase time="0.111000000000004" classname="fda_table_12" name="Table_12_generation_works_with_default_values">
      <skipped message="Reason: On CRAN ('test-fda-table_12.R:10:3')"/>
    </testcase>
    <testcase time="0.0129999999999981" classname="fda_table_12" name="Table_12_generation_works_with_gtsummary_with_custom_values"/>
    <testcase time="0.0330000000000013" classname="fda_table_12" name="Table_12_generation_works_with_gtsummary_with_custom_values"/>
    <testcase time="1.401" classname="fda_table_12" name="Table_12_generation_works_with_gtsummary_with_custom_values"/>
    <testcase time="0.109999999999999" classname="fda_table_12" name="Table_12_generation_works_with_gtsummary_with_custom_values">
      <skipped message="Reason: On CRAN ('test-fda-table_12.R:32:3')"/>
    </testcase>
    <testcase time="0.0130000000000052" classname="fda_table_12" name="Table_12_generation_works_with_default_values"/>
    <testcase time="0.0330000000000013" classname="fda_table_12" name="Table_12_generation_works_with_default_values"/>
    <testcase time="0.523999999999994" classname="fda_table_12" name="Table_12_generation_works_with_default_values"/>
    <testcase time="0.101000000000006" classname="fda_table_12" name="Table_12_generation_works_with_default_values">
      <skipped message="Reason: On CRAN ('test-fda-table_12.R:41:3')"/>
    </testcase>
    <testcase time="0.0129999999999981" classname="fda_table_12" name="Table_12_generation_works_with_custom_values"/>
    <testcase time="0.036999999999999" classname="fda_table_12" name="Table_12_generation_works_with_custom_values"/>
    <testcase time="0.524999999999999" classname="fda_table_12" name="Table_12_generation_works_with_custom_values"/>
    <testcase time="0.100000000000001" classname="fda_table_12" name="Table_12_generation_works_with_custom_values">
      <skipped message="Reason: On CRAN ('test-fda-table_12.R:71:3')"/>
    </testcase>
    <testcase time="0.0120000000000005" classname="fda_table_12" name="Table_12_generation_works_with_risk_difference_column"/>
    <testcase time="0.0320000000000036" classname="fda_table_12" name="Table_12_generation_works_with_risk_difference_column"/>
    <testcase time="0.670000000000002" classname="fda_table_12" name="Table_12_generation_works_with_risk_difference_column"/>
    <testcase time="0.116" classname="fda_table_12" name="Table_12_generation_works_with_risk_difference_column">
      <skipped message="Reason: On CRAN ('test-fda-table_12.R:79:3')"/>
    </testcase>
  </testsuite>
  <testsuite name="fda-table_13" timestamp="2024-12-02T20:35:13Z" hostname="4fd46e3b9e78" tests="12" skipped="3" failures="0" errors="0" time="0.675">
    <testcase time="0.0159999999999982" classname="fda_table_13" name="Table_13_generation_works_with_default_values"/>
    <testcase time="0.0319999999999965" classname="fda_table_13" name="Table_13_generation_works_with_default_values"/>
    <testcase time="0.109000000000002" classname="fda_table_13" name="Table_13_generation_works_with_default_values"/>
    <testcase time="0.0649999999999977" classname="fda_table_13" name="Table_13_generation_works_with_default_values">
      <skipped message="Reason: On CRAN ('test-fda-table_13.R:8:3')"/>
    </testcase>
    <testcase time="0.0130000000000052" classname="fda_table_13" name="Table_13_generation_works_with_custom_values"/>
    <testcase time="0.0309999999999988" classname="fda_table_13" name="Table_13_generation_works_with_custom_values"/>
    <testcase time="0.113999999999997" classname="fda_table_13" name="Table_13_generation_works_with_custom_values"/>
    <testcase time="0.0579999999999998" classname="fda_table_13" name="Table_13_generation_works_with_custom_values">
      <skipped message="Reason: On CRAN ('test-fda-table_13.R:38:3')"/>
    </testcase>
    <testcase time="0.0129999999999981" classname="fda_table_13" name="Table_13_generation_works_with_risk_difference_column"/>
    <testcase time="0.0310000000000059" classname="fda_table_13" name="Table_13_generation_works_with_risk_difference_column"/>
    <testcase time="0.111999999999995" classname="fda_table_13" name="Table_13_generation_works_with_risk_difference_column"/>
    <testcase time="0.0810000000000031" classname="fda_table_13" name="Table_13_generation_works_with_risk_difference_column">
      <skipped message="Reason: On CRAN ('test-fda-table_13.R:46:3')"/>
    </testcase>
  </testsuite>
  <testsuite name="fda-table_14" timestamp="2024-12-02T20:35:14Z" hostname="4fd46e3b9e78" tests="13" skipped="4" failures="0" errors="0" time="2.34">
    <testcase time="0.0229999999999961" classname="fda_table_14" name="Table_14_generation_works_with_default_values"/>
    <testcase time="0.388000000000005" classname="fda_table_14" name="Table_14_generation_works_with_default_values"/>
    <testcase time="0.146000000000001" classname="fda_table_14" name="Table_14_generation_works_with_default_values">
      <skipped message="Reason: On CRAN ('test-fda-table_14.R:16:3')"/>
    </testcase>
    <testcase time="0.0120000000000005" classname="fda_table_14" name="Table_14_generation_works_with_custom_values"/>
    <testcase time="0.0309999999999988" classname="fda_table_14" name="Table_14_generation_works_with_custom_values"/>
    <testcase time="0.408000000000001" classname="fda_table_14" name="Table_14_generation_works_with_custom_values"/>
    <testcase time="0.146000000000001" classname="fda_table_14" name="Table_14_generation_works_with_custom_values">
      <skipped message="Reason: On CRAN ('test-fda-table_14.R:46:3')"/>
    </testcase>
    <testcase time="0.0120000000000005" classname="fda_table_14" name="Table_14_generation_works_with_NA_values_pruned_rows"/>
    <testcase time="0.381" classname="fda_table_14" name="Table_14_generation_works_with_NA_values_pruned_rows"/>
    <testcase time="0.116999999999997" classname="fda_table_14" name="Table_14_generation_works_with_NA_values_pruned_rows">
      <skipped message="Reason: On CRAN ('test-fda-table_14.R:53:3')"/>
    </testcase>
    <testcase time="0.0129999999999981" classname="fda_table_14" name="Table_14_generation_works_with_risk_difference_column"/>
    <testcase time="0.5" classname="fda_table_14" name="Table_14_generation_works_with_risk_difference_column"/>
    <testcase time="0.163000000000004" classname="fda_table_14" name="Table_14_generation_works_with_risk_difference_column">
      <skipped message="Reason: On CRAN ('test-fda-table_14.R:61:3')"/>
    </testcase>
  </testsuite>
  <testsuite name="fda-table_15" timestamp="2024-12-02T20:35:16Z" hostname="4fd46e3b9e78" tests="16" skipped="4" failures="0" errors="0" time="1.387">
    <testcase time="0.0459999999999994" classname="fda_table_15" name="Table_15_generation_works_with_default_values"/>
    <testcase time="0.0300000000000011" classname="fda_table_15" name="Table_15_generation_works_with_default_values"/>
    <testcase time="0.186999999999998" classname="fda_table_15" name="Table_15_generation_works_with_default_values"/>
    <testcase time="0.102000000000004" classname="fda_table_15" name="Table_15_generation_works_with_default_values">
      <skipped message="Reason: On CRAN ('test-fda-table_15.R:19:3')"/>
    </testcase>
    <testcase time="0.0129999999999981" classname="fda_table_15" name="Table_15_generation_works_with_custom_values"/>
    <testcase time="0.027000000000001" classname="fda_table_15" name="Table_15_generation_works_with_custom_values"/>
    <testcase time="0.183999999999997" classname="fda_table_15" name="Table_15_generation_works_with_custom_values"/>
    <testcase time="0.101999999999997" classname="fda_table_15" name="Table_15_generation_works_with_custom_values">
      <skipped message="Reason: On CRAN ('test-fda-table_15.R:51:3')"/>
    </testcase>
    <testcase time="0.0120000000000005" classname="fda_table_15" name="Table_15_generation_works_with_NA_values_pruned_rows"/>
    <testcase time="0.0290000000000035" classname="fda_table_15" name="Table_15_generation_works_with_NA_values_pruned_rows"/>
    <testcase time="0.192999999999998" classname="fda_table_15" name="Table_15_generation_works_with_NA_values_pruned_rows"/>
    <testcase time="0.0910000000000011" classname="fda_table_15" name="Table_15_generation_works_with_NA_values_pruned_rows">
      <skipped message="Reason: On CRAN ('test-fda-table_15.R:58:3')"/>
    </testcase>
    <testcase time="0.0129999999999981" classname="fda_table_15" name="Table_15_generation_works_with_risk_difference_column"/>
    <testcase time="0.027000000000001" classname="fda_table_15" name="Table_15_generation_works_with_risk_difference_column"/>
    <testcase time="0.227000000000004" classname="fda_table_15" name="Table_15_generation_works_with_risk_difference_column"/>
    <testcase time="0.103999999999999" classname="fda_table_15" name="Table_15_generation_works_with_risk_difference_column">
      <skipped message="Reason: On CRAN ('test-fda-table_15.R:66:3')"/>
    </testcase>
  </testsuite>
  <testsuite name="fda-table_16" timestamp="2024-12-02T20:35:18Z" hostname="4fd46e3b9e78" tests="16" skipped="4" failures="0" errors="0" time="1.225">
    <testcase time="0.0180000000000007" classname="fda_table_16" name="Table_16_generation_works_with_default_values"/>
    <testcase time="0.0309999999999988" classname="fda_table_16" name="Table_16_generation_works_with_default_values"/>
    <testcase time="0.183" classname="fda_table_16" name="Table_16_generation_works_with_default_values"/>
    <testcase time="0.0530000000000044" classname="fda_table_16" name="Table_16_generation_works_with_default_values">
      <skipped message="Reason: On CRAN ('test-fda-table_16.R:19:3')"/>
    </testcase>
    <testcase time="0.0119999999999933" classname="fda_table_16" name="Table_16_generation_works_with_custom_values"/>
    <testcase time="0.0360000000000014" classname="fda_table_16" name="Table_16_generation_works_with_custom_values"/>
    <testcase time="0.195" classname="fda_table_16" name="Table_16_generation_works_with_custom_values"/>
    <testcase time="0.054000000000002" classname="fda_table_16" name="Table_16_generation_works_with_custom_values">
      <skipped message="Reason: On CRAN ('test-fda-table_16.R:51:3')"/>
    </testcase>
    <testcase time="0.0129999999999981" classname="fda_table_16" name="Table_16_generation_works_with_NA_values_pruned_rows"/>
    <testcase time="0.0339999999999989" classname="fda_table_16" name="Table_16_generation_works_with_NA_values_pruned_rows"/>
    <testcase time="0.196000000000005" classname="fda_table_16" name="Table_16_generation_works_with_NA_values_pruned_rows"/>
    <testcase time="0.0539999999999949" classname="fda_table_16" name="Table_16_generation_works_with_NA_values_pruned_rows">
      <skipped message="Reason: On CRAN ('test-fda-table_16.R:58:3')"/>
    </testcase>
    <testcase time="0.0200000000000031" classname="fda_table_16" name="Table_16_generation_works_with_risk_difference_column"/>
    <testcase time="0.0279999999999987" classname="fda_table_16" name="Table_16_generation_works_with_risk_difference_column"/>
    <testcase time="0.228000000000002" classname="fda_table_16" name="Table_16_generation_works_with_risk_difference_column"/>
    <testcase time="0.0700000000000003" classname="fda_table_16" name="Table_16_generation_works_with_risk_difference_column">
      <skipped message="Reason: On CRAN ('test-fda-table_16.R:66:3')"/>
    </testcase>
  </testsuite>
  <testsuite name="fda-table_17" timestamp="2024-12-02T20:35:19Z" hostname="4fd46e3b9e78" tests="16" skipped="4" failures="0" errors="0" time="2.048">
    <testcase time="0.0189999999999984" classname="fda_table_17" name="Table_17_generation_works_with_default_values"/>
    <testcase time="0.0290000000000035" classname="fda_table_17" name="Table_17_generation_works_with_default_values"/>
    <testcase time="0.284999999999997" classname="fda_table_17" name="Table_17_generation_works_with_default_values"/>
    <testcase time="0.154000000000003" classname="fda_table_17" name="Table_17_generation_works_with_default_values">
      <skipped message="Reason: On CRAN ('test-fda-table_17.R:25:3')"/>
    </testcase>
    <testcase time="0.0210000000000008" classname="fda_table_17" name="Table_17_generation_works_with_custom_values"/>
    <testcase time="0.029999999999994" classname="fda_table_17" name="Table_17_generation_works_with_custom_values"/>
    <testcase time="0.283000000000001" classname="fda_table_17" name="Table_17_generation_works_with_custom_values"/>
    <testcase time="0.157000000000004" classname="fda_table_17" name="Table_17_generation_works_with_custom_values">
      <skipped message="Reason: On CRAN ('test-fda-table_17.R:57:3')"/>
    </testcase>
    <testcase time="0.0129999999999981" classname="fda_table_17" name="Table_17_generation_works_with_NA_values_pruned_rows"/>
    <testcase time="0.0300000000000011" classname="fda_table_17" name="Table_17_generation_works_with_NA_values_pruned_rows"/>
    <testcase time="0.314" classname="fda_table_17" name="Table_17_generation_works_with_NA_values_pruned_rows"/>
    <testcase time="0.153999999999996" classname="fda_table_17" name="Table_17_generation_works_with_NA_values_pruned_rows">
      <skipped message="Reason: On CRAN ('test-fda-table_17.R:64:3')"/>
    </testcase>
    <testcase time="0.0130000000000052" classname="fda_table_17" name="Table_17_generation_works_with_risk_difference_column"/>
    <testcase time="0.0289999999999964" classname="fda_table_17" name="Table_17_generation_works_with_risk_difference_column"/>
    <testcase time="0.344000000000001" classname="fda_table_17" name="Table_17_generation_works_with_risk_difference_column"/>
    <testcase time="0.173000000000002" classname="fda_table_17" name="Table_17_generation_works_with_risk_difference_column">
      <skipped message="Reason: On CRAN ('test-fda-table_17.R:72:3')"/>
    </testcase>
  </testsuite>
  <testsuite name="fda-table_18" timestamp="2024-12-02T20:35:21Z" hostname="4fd46e3b9e78" tests="16" skipped="4" failures="0" errors="0" time="1.688">
    <testcase time="0.0189999999999984" classname="fda_table_18" name="Table_18_generation_works_with_default_values"/>
    <testcase time="0.0259999999999962" classname="fda_table_18" name="Table_18_generation_works_with_default_values"/>
    <testcase time="0.280000000000001" classname="fda_table_18" name="Table_18_generation_works_with_default_values"/>
    <testcase time="0.0790000000000006" classname="fda_table_18" name="Table_18_generation_works_with_default_values">
      <skipped message="Reason: On CRAN ('test-fda-table_18.R:25:3')"/>
    </testcase>
    <testcase time="0.0129999999999981" classname="fda_table_18" name="Table_18_generation_works_with_custom_values"/>
    <testcase time="0.0260000000000034" classname="fda_table_18" name="Table_18_generation_works_with_custom_values"/>
    <testcase time="0.278999999999996" classname="fda_table_18" name="Table_18_generation_works_with_custom_values"/>
    <testcase time="0.0740000000000052" classname="fda_table_18" name="Table_18_generation_works_with_custom_values">
      <skipped message="Reason: On CRAN ('test-fda-table_18.R:57:3')"/>
    </testcase>
    <testcase time="0.0139999999999958" classname="fda_table_18" name="Table_18_generation_works_with_NA_values_pruned_rows"/>
    <testcase time="0.027000000000001" classname="fda_table_18" name="Table_18_generation_works_with_NA_values_pruned_rows"/>
    <testcase time="0.298999999999999" classname="fda_table_18" name="Table_18_generation_works_with_NA_values_pruned_rows"/>
    <testcase time="0.078000000000003" classname="fda_table_18" name="Table_18_generation_works_with_NA_values_pruned_rows">
      <skipped message="Reason: On CRAN ('test-fda-table_18.R:64:3')"/>
    </testcase>
    <testcase time="0.0120000000000005" classname="fda_table_18" name="Table_18_generation_works_with_risk_difference_column"/>
    <testcase time="0.0259999999999962" classname="fda_table_18" name="Table_18_generation_works_with_risk_difference_column"/>
    <testcase time="0.353999999999999" classname="fda_table_18" name="Table_18_generation_works_with_risk_difference_column"/>
    <testcase time="0.0820000000000007" classname="fda_table_18" name="Table_18_generation_works_with_risk_difference_column">
      <skipped message="Reason: On CRAN ('test-fda-table_18.R:72:3')"/>
    </testcase>
  </testsuite>
  <testsuite name="fda-table_20" timestamp="2024-12-02T20:35:23Z" hostname="4fd46e3b9e78" tests="24" skipped="4" failures="0" errors="0" time="2.03">
    <testcase time="0.027000000000001" classname="fda_table_20" name="Table_20_generation_works_with_default_values"/>
    <testcase time="0.00200000000000244" classname="fda_table_20" name="Table_20_generation_works_with_default_values"/>
    <testcase time="0.000999999999997669" classname="fda_table_20" name="Table_20_generation_works_with_default_values"/>
    <testcase time="0.0320000000000036" classname="fda_table_20" name="Table_20_generation_works_with_default_values"/>
    <testcase time="0.298999999999999" classname="fda_table_20" name="Table_20_generation_works_with_default_values"/>
    <testcase time="0.0869999999999962" classname="fda_table_20" name="Table_20_generation_works_with_default_values">
      <skipped message="Reason: On CRAN ('test-fda-table_20.R:17:3')"/>
    </testcase>
    <testcase time="0.0130000000000052" classname="fda_table_20" name="Table_20_generation_works_with_custom_values"/>
    <testcase time="0.000999999999997669" classname="fda_table_20" name="Table_20_generation_works_with_custom_values"/>
    <testcase time="0.000999999999997669" classname="fda_table_20" name="Table_20_generation_works_with_custom_values"/>
    <testcase time="0.0290000000000035" classname="fda_table_20" name="Table_20_generation_works_with_custom_values"/>
    <testcase time="0.442" classname="fda_table_20" name="Table_20_generation_works_with_custom_values"/>
    <testcase time="0.105999999999995" classname="fda_table_20" name="Table_20_generation_works_with_custom_values">
      <skipped message="Reason: On CRAN ('test-fda-table_20.R:65:3')"/>
    </testcase>
    <testcase time="0.0130000000000052" classname="fda_table_20" name="Table_20_generation_works_with_missing_values_pruned_rows"/>
    <testcase time="0.000999999999997669" classname="fda_table_20" name="Table_20_generation_works_with_missing_values_pruned_rows"/>
    <testcase time="0.000999999999997669" classname="fda_table_20" name="Table_20_generation_works_with_missing_values_pruned_rows"/>
    <testcase time="0.0290000000000035" classname="fda_table_20" name="Table_20_generation_works_with_missing_values_pruned_rows"/>
    <testcase time="0.295999999999999" classname="fda_table_20" name="Table_20_generation_works_with_missing_values_pruned_rows"/>
    <testcase time="0.100000000000001" classname="fda_table_20" name="Table_20_generation_works_with_missing_values_pruned_rows">
      <skipped message="Reason: On CRAN ('test-fda-table_20.R:74:3')"/>
    </testcase>
    <testcase time="0.0129999999999981" classname="fda_table_20" name="Table_20_generation_works_with_risk_difference_column"/>
    <testcase time="0.000999999999997669" classname="fda_table_20" name="Table_20_generation_works_with_risk_difference_column"/>
    <testcase time="0.00200000000000244" classname="fda_table_20" name="Table_20_generation_works_with_risk_difference_column"/>
    <testcase time="0.0279999999999987" classname="fda_table_20" name="Table_20_generation_works_with_risk_difference_column"/>
    <testcase time="0.393000000000001" classname="fda_table_20" name="Table_20_generation_works_with_risk_difference_column"/>
    <testcase time="0.113" classname="fda_table_20" name="Table_20_generation_works_with_risk_difference_column">
      <skipped message="Reason: On CRAN ('test-fda-table_20.R:82:3')"/>
    </testcase>
  </testsuite>
  <testsuite name="fda-table_21" timestamp="2024-12-02T20:35:25Z" hostname="4fd46e3b9e78" tests="19" skipped="4" failures="0" errors="0" time="1.952">
    <testcase time="0.0260000000000034" classname="fda_table_21" name="Table_21_generation_works_with_default_values"/>
    <testcase time="0.000999999999997669" classname="fda_table_21" name="Table_21_generation_works_with_default_values"/>
    <testcase time="0.374000000000002" classname="fda_table_21" name="Table_21_generation_works_with_default_values"/>
    <testcase time="0.109999999999999" classname="fda_table_21" name="Table_21_generation_works_with_default_values">
      <skipped message="Reason: On CRAN ('test-fda-table_21.R:16:3')"/>
    </testcase>
    <testcase time="0.0140000000000029" classname="fda_table_21" name="Table_21_generation_works_with_custom_values_N_s_denominator_and_overall_column"/>
    <testcase time="0.000999999999997669" classname="fda_table_21" name="Table_21_generation_works_with_custom_values_N_s_denominator_and_overall_column"/>
    <testcase time="0.0499999999999972" classname="fda_table_21" name="Table_21_generation_works_with_custom_values_N_s_denominator_and_overall_column"/>
    <testcase time="0.506" classname="fda_table_21" name="Table_21_generation_works_with_custom_values_N_s_denominator_and_overall_column"/>
    <testcase time="0.113" classname="fda_table_21" name="Table_21_generation_works_with_custom_values_N_s_denominator_and_overall_column">
      <skipped message="Reason: On CRAN ('test-fda-table_21.R:28:3')"/>
    </testcase>
    <testcase time="0.0130000000000052" classname="fda_table_21" name="Table_21_generation_works_with_custom_values_N_col_denominator_and_no_overall_column"/>
    <testcase time="0.000999999999997669" classname="fda_table_21" name="Table_21_generation_works_with_custom_values_N_col_denominator_and_no_overall_column"/>
    <testcase time="0.0339999999999989" classname="fda_table_21" name="Table_21_generation_works_with_custom_values_N_col_denominator_and_no_overall_column"/>
    <testcase time="0.267000000000003" classname="fda_table_21" name="Table_21_generation_works_with_custom_values_N_col_denominator_and_no_overall_column"/>
    <testcase time="0.100000000000001" classname="fda_table_21" name="Table_21_generation_works_with_custom_values_N_col_denominator_and_no_overall_column">
      <skipped message="Reason: On CRAN ('test-fda-table_21.R:56:3')"/>
    </testcase>
    <testcase time="0.0429999999999993" classname="fda_table_21" name="Table_21_generation_works_with_some_NA_values"/>
    <testcase time="0.00199999999999534" classname="fda_table_21" name="Table_21_generation_works_with_some_NA_values"/>
    <testcase time="0.0399999999999991" classname="fda_table_21" name="Table_21_generation_works_with_some_NA_values"/>
    <testcase time="0.185000000000002" classname="fda_table_21" name="Table_21_generation_works_with_some_NA_values"/>
    <testcase time="0.0720000000000027" classname="fda_table_21" name="Table_21_generation_works_with_some_NA_values">
      <skipped message="Reason: On CRAN ('test-fda-table_21.R:76:3')"/>
    </testcase>
  </testsuite>
  <testsuite name="fda-table_22" timestamp="2024-12-02T20:35:27Z" hostname="4fd46e3b9e78" tests="8" skipped="4" failures="0" errors="0" time="1.918">
    <testcase time="0.43" classname="fda_table_22" name="Table_22_generation_works_with_default_values"/>
    <testcase time="0.104999999999997" classname="fda_table_22" name="Table_22_generation_works_with_default_values">
      <skipped message="Reason: On CRAN ('test-fda-table_22.R:21:3')"/>
    </testcase>
    <testcase time="0.512999999999998" classname="fda_table_22" name="Table_22_generation_works_with_custom_values_N_s_denominator_and_overall_column"/>
    <testcase time="0.121000000000002" classname="fda_table_22" name="Table_22_generation_works_with_custom_values_N_s_denominator_and_overall_column">
      <skipped message="Reason: On CRAN ('test-fda-table_22.R:33:3')"/>
    </testcase>
    <testcase time="0.267000000000003" classname="fda_table_22" name="Table_22_generation_works_with_custom_values_N_col_denominator_and_no_overall_column"/>
    <testcase time="0.131999999999998" classname="fda_table_22" name="Table_22_generation_works_with_custom_values_N_col_denominator_and_no_overall_column">
      <skipped message="Reason: On CRAN ('test-fda-table_22.R:61:3')"/>
    </testcase>
    <testcase time="0.276000000000003" classname="fda_table_22" name="Table_22_generation_works_with_some_NA_values"/>
    <testcase time="0.0739999999999981" classname="fda_table_22" name="Table_22_generation_works_with_some_NA_values">
      <skipped message="Reason: On CRAN ('test-fda-table_22.R:81:3')"/>
    </testcase>
  </testsuite>
  <testsuite name="fda-table_32" timestamp="2024-12-02T20:35:28Z" hostname="4fd46e3b9e78" tests="25" skipped="7" failures="0" errors="0" time="4.753">
    <testcase time="0.0439999999999969" classname="fda_table_32" name="Table_32_generation_works_with_default_values"/>
    <testcase time="0.0360000000000014" classname="fda_table_32" name="Table_32_generation_works_with_default_values"/>
    <testcase time="0.102000000000004" classname="fda_table_32" name="Table_32_generation_works_with_default_values"/>
    <testcase time="0.0659999999999954" classname="fda_table_32" name="Table_32_generation_works_with_default_values">
      <skipped message="Reason: On CRAN ('test-fda-table_32.R:14:3')"/>
    </testcase>
    <testcase time="0.0129999999999981" classname="fda_table_32" name="Table_32_generation_works_with_custom_values"/>
    <testcase time="0.0350000000000037" classname="fda_table_32" name="Table_32_generation_works_with_custom_values"/>
    <testcase time="0.136000000000003" classname="fda_table_32" name="Table_32_generation_works_with_custom_values"/>
    <testcase time="0.0619999999999976" classname="fda_table_32" name="Table_32_generation_works_with_custom_values">
      <skipped message="Reason: On CRAN ('test-fda-table_32.R:36:3')"/>
    </testcase>
    <testcase time="0.0139999999999958" classname="fda_table_32" name="Table_32_generation_works_with_pruned_rows"/>
    <testcase time="0.0460000000000065" classname="fda_table_32" name="Table_32_generation_works_with_pruned_rows"/>
    <testcase time="0.104999999999997" classname="fda_table_32" name="Table_32_generation_works_with_pruned_rows"/>
    <testcase time="0.0450000000000017" classname="fda_table_32" name="Table_32_generation_works_with_pruned_rows">
      <skipped message="Reason: On CRAN ('test-fda-table_32.R:43:3')"/>
    </testcase>
    <testcase time="0.0120000000000005" classname="fda_table_32" name="Table_32_generation_works_with_risk_difference_column"/>
    <testcase time="0.0339999999999989" classname="fda_table_32" name="Table_32_generation_works_with_risk_difference_column"/>
    <testcase time="0.140000000000001" classname="fda_table_32" name="Table_32_generation_works_with_risk_difference_column"/>
    <testcase time="0.0559999999999974" classname="fda_table_32" name="Table_32_generation_works_with_risk_difference_column">
      <skipped message="Reason: On CRAN ('test-fda-table_32.R:51:3')"/>
    </testcase>
    <testcase time="0.0129999999999981" classname="fda_table_32" name="Table_32_gtsum_generation_works_with_default_values"/>
    <testcase time="0.967999999999996" classname="fda_table_32" name="Table_32_gtsum_generation_works_with_default_values"/>
    <testcase time="0.01400000000001" classname="fda_table_32" name="Table_32_gtsum_generation_works_with_default_values">
      <skipped message="Reason: On CRAN ('test-fda-table_32.R:57:3')"/>
    </testcase>
    <testcase time="0.012999999999991" classname="fda_table_32" name="Table_32_gtsum_generation_works_with_custom_values"/>
    <testcase time="1.379" classname="fda_table_32" name="Table_32_gtsum_generation_works_with_custom_values"/>
    <testcase time="0.0150000000000006" classname="fda_table_32" name="Table_32_gtsum_generation_works_with_custom_values">
      <skipped message="Reason: On CRAN ('test-fda-table_32.R:66:3')"/>
    </testcase>
    <testcase time="0.0130000000000052" classname="fda_table_32" name="Table_32_gtsum_generation_missing_values_and_ADSL"/>
    <testcase time="1.377" classname="fda_table_32" name="Table_32_gtsum_generation_missing_values_and_ADSL"/>
    <testcase time="0.0150000000000006" classname="fda_table_32" name="Table_32_gtsum_generation_missing_values_and_ADSL">
      <skipped message="Reason: On CRAN ('test-fda-table_32.R:80:3')"/>
    </testcase>
  </testsuite>
  <testsuite name="fda-table_33" timestamp="2024-12-02T20:35:33Z" hostname="4fd46e3b9e78" tests="25" skipped="7" failures="0" errors="0" time="4.952">
    <testcase time="0.0489999999999924" classname="fda_table_33" name="Table_33_generation_works_with_default_values"/>
    <testcase time="0.207000000000008" classname="fda_table_33" name="Table_33_generation_works_with_default_values"/>
    <testcase time="0.0819999999999936" classname="fda_table_33" name="Table_33_generation_works_with_default_values"/>
    <testcase time="0.0400000000000063" classname="fda_table_33" name="Table_33_generation_works_with_default_values">
      <skipped message="Reason: On CRAN ('test-fda-table_33.R:14:3')"/>
    </testcase>
    <testcase time="0.0120000000000005" classname="fda_table_33" name="Table_33_generation_works_with_custom_values"/>
    <testcase time="0.209000000000003" classname="fda_table_33" name="Table_33_generation_works_with_custom_values"/>
    <testcase time="0.102999999999994" classname="fda_table_33" name="Table_33_generation_works_with_custom_values"/>
    <testcase time="0.0550000000000068" classname="fda_table_33" name="Table_33_generation_works_with_custom_values">
      <skipped message="Reason: On CRAN ('test-fda-table_33.R:40:3')"/>
    </testcase>
    <testcase time="0.0169999999999959" classname="fda_table_33" name="Table_33_generation_works_with_pruned_rows"/>
    <testcase time="0.198999999999998" classname="fda_table_33" name="Table_33_generation_works_with_pruned_rows"/>
    <testcase time="0.0919999999999987" classname="fda_table_33" name="Table_33_generation_works_with_pruned_rows"/>
    <testcase time="0.0379999999999967" classname="fda_table_33" name="Table_33_generation_works_with_pruned_rows">
      <skipped message="Reason: On CRAN ('test-fda-table_33.R:48:3')"/>
    </testcase>
    <testcase time="0.0120000000000005" classname="fda_table_33" name="Table_33_generation_works_with_risk_difference_column"/>
    <testcase time="0.198000000000008" classname="fda_table_33" name="Table_33_generation_works_with_risk_difference_column"/>
    <testcase time="0.116" classname="fda_table_33" name="Table_33_generation_works_with_risk_difference_column"/>
    <testcase time="0.0450000000000017" classname="fda_table_33" name="Table_33_generation_works_with_risk_difference_column">
      <skipped message="Reason: On CRAN ('test-fda-table_33.R:56:3')"/>
    </testcase>
    <testcase time="0.012999999999991" classname="fda_table_33" name="Table_33_gtsum_generation_works_with_default_values"/>
    <testcase time="0.922000000000011" classname="fda_table_33" name="Table_33_gtsum_generation_works_with_default_values"/>
    <testcase time="0.0139999999999958" classname="fda_table_33" name="Table_33_gtsum_generation_works_with_default_values">
      <skipped message="Reason: On CRAN ('test-fda-table_33.R:62:3')"/>
    </testcase>
    <testcase time="0.012999999999991" classname="fda_table_33" name="Table_33_gtsum_generation_works_with_custom_values"/>
    <testcase time="1.20700000000001" classname="fda_table_33" name="Table_33_gtsum_generation_works_with_custom_values"/>
    <testcase time="0.0150000000000006" classname="fda_table_33" name="Table_33_gtsum_generation_works_with_custom_values">
      <skipped message="Reason: On CRAN ('test-fda-table_33.R:71:3')"/>
    </testcase>
    <testcase time="0.0120000000000005" classname="fda_table_33" name="Table_33_gtsum_generation_missing_values_and_ADSL"/>
    <testcase time="1.267" classname="fda_table_33" name="Table_33_gtsum_generation_missing_values_and_ADSL"/>
    <testcase time="0.0150000000000006" classname="fda_table_33" name="Table_33_gtsum_generation_missing_values_and_ADSL">
      <skipped message="Reason: On CRAN ('test-fda-table_33.R:85:3')"/>
    </testcase>
  </testsuite>
  <testsuite name="fda-table_34" timestamp="2024-12-02T20:35:38Z" hostname="4fd46e3b9e78" tests="12" skipped="3" failures="0" errors="0" time="4.244">
    <testcase time="0.019999999999996" classname="fda_table_34" name="Table_34_generation_works_with_default_values"/>
    <testcase time="0.0280000000000058" classname="fda_table_34" name="Table_34_generation_works_with_default_values"/>
    <testcase time="1.33799999999999" classname="fda_table_34" name="Table_34_generation_works_with_default_values"/>
    <testcase time="0.241" classname="fda_table_34" name="Table_34_generation_works_with_default_values">
      <skipped message="Reason: On CRAN ('test-fda-table_34.R:17:3')"/>
    </testcase>
    <testcase time="0.0130000000000052" classname="fda_table_34" name="Table_34_generation_works_with_custom_values"/>
    <testcase time="0.0229999999999961" classname="fda_table_34" name="Table_34_generation_works_with_custom_values"/>
    <testcase time="0.488" classname="fda_table_34" name="Table_34_generation_works_with_custom_values"/>
    <testcase time="0.106000000000009" classname="fda_table_34" name="Table_34_generation_works_with_custom_values">
      <skipped message="Reason: On CRAN ('test-fda-table_34.R:49:3')"/>
    </testcase>
    <testcase time="0.012999999999991" classname="fda_table_34" name="Table_34_generation_works_with_risk_difference_column"/>
    <testcase time="0.0260000000000105" classname="fda_table_34" name="Table_34_generation_works_with_risk_difference_column"/>
    <testcase time="1.67999999999999" classname="fda_table_34" name="Table_34_generation_works_with_risk_difference_column"/>
    <testcase time="0.268000000000001" classname="fda_table_34" name="Table_34_generation_works_with_risk_difference_column">
      <skipped message="Reason: On CRAN ('test-fda-table_34.R:57:3')"/>
    </testcase>
  </testsuite>
  <testsuite name="fda-table_35" timestamp="2024-12-02T20:35:42Z" hostname="4fd46e3b9e78" tests="24" skipped="6" failures="0" errors="0" time="1.249">
    <testcase time="0.0169999999999959" classname="fda_table_35" name="Table_35_generation_works_with_default_values"/>
    <testcase time="0.0450000000000017" classname="fda_table_35" name="Table_35_generation_works_with_default_values"/>
    <testcase time="0.0880000000000081" classname="fda_table_35" name="Table_35_generation_works_with_default_values"/>
    <testcase time="0.046999999999997" classname="fda_table_35" name="Table_35_generation_works_with_default_values">
      <skipped message="Reason: On CRAN ('test-fda-table_35.R:8:3')"/>
    </testcase>
    <testcase time="0.0130000000000052" classname="fda_table_35" name="Table_35_generation_works_with_custom_values"/>
    <testcase time="0.0349999999999966" classname="fda_table_35" name="Table_35_generation_works_with_custom_values"/>
    <testcase time="0.097999999999999" classname="fda_table_35" name="Table_35_generation_works_with_custom_values"/>
    <testcase time="0.0729999999999933" classname="fda_table_35" name="Table_35_generation_works_with_custom_values">
      <skipped message="Reason: On CRAN ('test-fda-table_35.R:39:3')"/>
    </testcase>
    <testcase time="0.0130000000000052" classname="fda_table_35" name="Table_35_generation_works_with_risk_difference_column"/>
    <testcase time="0.034000000000006" classname="fda_table_35" name="Table_35_generation_works_with_risk_difference_column"/>
    <testcase time="0.0989999999999895" classname="fda_table_35" name="Table_35_generation_works_with_risk_difference_column"/>
    <testcase time="0.0529999999999973" classname="fda_table_35" name="Table_35_generation_works_with_risk_difference_column">
      <skipped message="Reason: On CRAN ('test-fda-table_35.R:47:3')"/>
    </testcase>
    <testcase time="0.0400000000000063" classname="fda_table_35" name="Table_35_generation_works_with_some_NA_values"/>
    <testcase time="0.0450000000000017" classname="fda_table_35" name="Table_35_generation_works_with_some_NA_values"/>
    <testcase time="0.0879999999999939" classname="fda_table_35" name="Table_35_generation_works_with_some_NA_values"/>
    <testcase time="0.0490000000000066" classname="fda_table_35" name="Table_35_generation_works_with_some_NA_values">
      <skipped message="Reason: On CRAN ('test-fda-table_35.R:58:3')"/>
    </testcase>
    <testcase time="0.0120000000000005" classname="fda_table_35" name="Table_35_generation_works_with_custom_values_SOC_variable_and_label_"/>
    <testcase time="0.0349999999999966" classname="fda_table_35" name="Table_35_generation_works_with_custom_values_SOC_variable_and_label_"/>
    <testcase time="0.117999999999995" classname="fda_table_35" name="Table_35_generation_works_with_custom_values_SOC_variable_and_label_"/>
    <testcase time="0.0760000000000076" classname="fda_table_35" name="Table_35_generation_works_with_custom_values_SOC_variable_and_label_">
      <skipped message="Reason: On CRAN ('test-fda-table_35.R:71:3')"/>
    </testcase>
    <testcase time="0.0130000000000052" classname="fda_table_35" name="Table_35_generation_works_with_pruning"/>
    <testcase time="0.0349999999999966" classname="fda_table_35" name="Table_35_generation_works_with_pruning"/>
    <testcase time="0.0799999999999983" classname="fda_table_35" name="Table_35_generation_works_with_pruning"/>
    <testcase time="0.0429999999999922" classname="fda_table_35" name="Table_35_generation_works_with_pruning">
      <skipped message="Reason: On CRAN ('test-fda-table_35.R:79:3')"/>
    </testcase>
  </testsuite>
  <testsuite name="fda-table_36" timestamp="2024-12-02T20:35:44Z" hostname="4fd46e3b9e78" tests="18" skipped="6" failures="0" errors="0" time="4.24">
    <testcase time="0.0490000000000066" classname="fda_table_36" name="Table_36_generation_works_with_default_values"/>
    <testcase time="0.341999999999999" classname="fda_table_36" name="Table_36_generation_works_with_default_values"/>
    <testcase time="0.185000000000002" classname="fda_table_36" name="Table_36_generation_works_with_default_values">
      <skipped message="Reason: On CRAN ('test-fda-table_36.R:8:3')"/>
    </testcase>
    <testcase time="0.0559999999999974" classname="fda_table_36" name="Table_36_generation_works_with_custom_values"/>
    <testcase time="0.399000000000001" classname="fda_table_36" name="Table_36_generation_works_with_custom_values"/>
    <testcase time="0.230000000000004" classname="fda_table_36" name="Table_36_generation_works_with_custom_values">
      <skipped message="Reason: On CRAN ('test-fda-table_36.R:39:3')"/>
    </testcase>
    <testcase time="0.0439999999999969" classname="fda_table_36" name="Table_36_generation_works_with_risk_difference_column"/>
    <testcase time="0.426000000000002" classname="fda_table_36" name="Table_36_generation_works_with_risk_difference_column"/>
    <testcase time="0.213999999999999" classname="fda_table_36" name="Table_36_generation_works_with_risk_difference_column">
      <skipped message="Reason: On CRAN ('test-fda-table_36.R:47:3')"/>
    </testcase>
    <testcase time="0.0529999999999973" classname="fda_table_36" name="Table_36_generation_works_with_some_NA_values"/>
    <testcase time="0.337000000000003" classname="fda_table_36" name="Table_36_generation_works_with_some_NA_values"/>
    <testcase time="0.194000000000003" classname="fda_table_36" name="Table_36_generation_works_with_some_NA_values">
      <skipped message="Reason: On CRAN ('test-fda-table_36.R:57:3')"/>
    </testcase>
    <testcase time="0.0510000000000019" classname="fda_table_36" name="Table_36_generation_works_with_custom_values_SOC_variable_and_label_"/>
    <testcase time="0.642999999999986" classname="fda_table_36" name="Table_36_generation_works_with_custom_values_SOC_variable_and_label_"/>
    <testcase time="0.575000000000003" classname="fda_table_36" name="Table_36_generation_works_with_custom_values_SOC_variable_and_label_">
      <skipped message="Reason: On CRAN ('test-fda-table_36.R:70:3')"/>
    </testcase>
    <testcase time="0.0490000000000066" classname="fda_table_36" name="Table_36_generation_works_with_pruning"/>
    <testcase time="0.310000000000002" classname="fda_table_36" name="Table_36_generation_works_with_pruning"/>
    <testcase time="0.0829999999999984" classname="fda_table_36" name="Table_36_generation_works_with_pruning">
      <skipped message="Reason: On CRAN ('test-fda-table_36.R:77:3')"/>
    </testcase>
  </testsuite>
  <testsuite name="fda-table_38" timestamp="2024-12-02T20:35:48Z" hostname="4fd46e3b9e78" tests="12" skipped="3" failures="0" errors="0" time="2.159">
    <testcase time="0.019999999999996" classname="fda_table_38" name="Table_38_generation_works_with_default_values"/>
    <testcase time="0.0240000000000009" classname="fda_table_38" name="Table_38_generation_works_with_default_values"/>
    <testcase time="0.319000000000003" classname="fda_table_38" name="Table_38_generation_works_with_default_values"/>
    <testcase time="0.0949999999999989" classname="fda_table_38" name="Table_38_generation_works_with_default_values">
      <skipped message="Reason: On CRAN ('test-fda-table_38.R:18:3')"/>
    </testcase>
    <testcase time="0.0120000000000005" classname="fda_table_38" name="Table_38_generation_works_with_custom_values"/>
    <testcase time="0.0309999999999917" classname="fda_table_38" name="Table_38_generation_works_with_custom_values"/>
    <testcase time="0.873000000000005" classname="fda_table_38" name="Table_38_generation_works_with_custom_values"/>
    <testcase time="0.224000000000004" classname="fda_table_38" name="Table_38_generation_works_with_custom_values">
      <skipped message="Reason: On CRAN ('test-fda-table_38.R:48:3')"/>
    </testcase>
    <testcase time="0.012999999999991" classname="fda_table_38" name="Table_38_generation_works_with_risk_difference_column"/>
    <testcase time="0.0250000000000057" classname="fda_table_38" name="Table_38_generation_works_with_risk_difference_column"/>
    <testcase time="0.418000000000006" classname="fda_table_38" name="Table_38_generation_works_with_risk_difference_column"/>
    <testcase time="0.10499999999999" classname="fda_table_38" name="Table_38_generation_works_with_risk_difference_column">
      <skipped message="Reason: On CRAN ('test-fda-table_38.R:56:3')"/>
    </testcase>
  </testsuite>
</testsuites>
