<?xml version="1.0" encoding="UTF-8"?>
<testsuites>
  <testsuite name="fda-fig_01" timestamp="2025-04-22T06:40:37Z" hostname="1cc3f16e2da4" tests="8" skipped="4" failures="0" errors="0" time="1.563">
    <testcase time="0.036" classname="fda_fig_01" name="Figure_01_generation_works_with_default_values"/>
    <testcase time="0.538" classname="fda_fig_01" name="Figure_01_generation_works_with_default_values">
      <skipped message="Reason: On CI ('test-fda-fig_01.R:12:3')"/>
    </testcase>
    <testcase time="0.036" classname="fda_fig_01" name="Figure_01_generation_works_with_no_table"/>
    <testcase time="0.0450000000000004" classname="fda_fig_01" name="Figure_01_generation_works_with_no_table">
      <skipped message="Reason: On CI ('test-fda-fig_01.R:21:3')"/>
    </testcase>
    <testcase time="0.0289999999999999" classname="fda_fig_01" name="Figure_01_generation_works_with_custom_values"/>
    <testcase time="0.496" classname="fda_fig_01" name="Figure_01_generation_works_with_custom_values">
      <skipped message="Reason: On CI ('test-fda-fig_01.R:37:3')"/>
    </testcase>
    <testcase time="0.0129999999999999" classname="fda_fig_01" name="Figure_01_generation_works_with_ggtheme_argument_specified"/>
    <testcase time="0.37" classname="fda_fig_01" name="Figure_01_generation_works_with_ggtheme_argument_specified">
      <skipped message="Reason: On CI ('test-fda-fig_01.R:49:3')"/>
    </testcase>
  </testsuite>
  <testsuite name="fda-fig_02" timestamp="2025-04-22T06:40:39Z" hostname="1cc3f16e2da4" tests="8" skipped="4" failures="0" errors="0" time="1.206">
    <testcase time="0.024" classname="fda_fig_02" name="Figure_02_generation_works_with_default_values"/>
    <testcase time="0.356" classname="fda_fig_02" name="Figure_02_generation_works_with_default_values">
      <skipped message="Reason: On CI ('test-fda-fig_02.R:11:3')"/>
    </testcase>
    <testcase time="0.0139999999999993" classname="fda_fig_02" name="Figure_02_generation_works_with_no_table"/>
    <testcase time="0.0270000000000001" classname="fda_fig_02" name="Figure_02_generation_works_with_no_table">
      <skipped message="Reason: On CI ('test-fda-fig_02.R:20:3')"/>
    </testcase>
    <testcase time="0.0140000000000002" classname="fda_fig_02" name="Figure_02_generation_works_with_custom_values"/>
    <testcase time="0.388" classname="fda_fig_02" name="Figure_02_generation_works_with_custom_values">
      <skipped message="Reason: On CI ('test-fda-fig_02.R:36:3')"/>
    </testcase>
    <testcase time="0.0140000000000002" classname="fda_fig_02" name="Figure_02_generation_works_with_ggtheme_argument_specified"/>
    <testcase time="0.369" classname="fda_fig_02" name="Figure_02_generation_works_with_ggtheme_argument_specified">
      <skipped message="Reason: On CI ('test-fda-fig_02.R:48:3')"/>
    </testcase>
  </testsuite>
  <testsuite name="fda-fig_03" timestamp="2025-04-22T06:40:40Z" hostname="1cc3f16e2da4" tests="8" skipped="4" failures="0" errors="0" time="2.18">
    <testcase time="0.0270000000000001" classname="fda_fig_03" name="Figure_03_generation_works_with_default_values"/>
    <testcase time="0.597" classname="fda_fig_03" name="Figure_03_generation_works_with_default_values">
      <skipped message="Reason: On CI ('test-fda-fig_03.R:9:3')"/>
    </testcase>
    <testcase time="0.0140000000000002" classname="fda_fig_03" name="Figure_03_generation_works_with_no_table"/>
    <testcase time="0.0760000000000005" classname="fda_fig_03" name="Figure_03_generation_works_with_no_table">
      <skipped message="Reason: On CI ('test-fda-fig_03.R:18:3')"/>
    </testcase>
    <testcase time="0.0139999999999993" classname="fda_fig_03" name="Figure_03_generation_works_with_custom_values"/>
    <testcase time="0.885000000000001" classname="fda_fig_03" name="Figure_03_generation_works_with_custom_values">
      <skipped message="Reason: On CI ('test-fda-fig_03.R:35:3')"/>
    </testcase>
    <testcase time="0.0139999999999993" classname="fda_fig_03" name="Figure_03_generation_works_with_ggtheme_argument_specified"/>
    <testcase time="0.553" classname="fda_fig_03" name="Figure_03_generation_works_with_ggtheme_argument_specified">
      <skipped message="Reason: On CI ('test-fda-fig_03.R:48:3')"/>
    </testcase>
  </testsuite>
  <testsuite name="fda-fig_14" timestamp="2025-04-22T06:40:42Z" hostname="1cc3f16e2da4" tests="8" skipped="4" failures="0" errors="0" time="2.026">
    <testcase time="0.0220000000000002" classname="fda_fig_14" name="Figure_14_generation_works_with_default_values"/>
    <testcase time="0.657" classname="fda_fig_14" name="Figure_14_generation_works_with_default_values">
      <skipped message="Reason: On CI ('test-fda-fig_14.R:7:3')"/>
    </testcase>
    <testcase time="0.0140000000000002" classname="fda_fig_14" name="Figure_14_generation_works_with_no_table"/>
    <testcase time="0.048" classname="fda_fig_14" name="Figure_14_generation_works_with_no_table">
      <skipped message="Reason: On CI ('test-fda-fig_14.R:16:3')"/>
    </testcase>
    <testcase time="0.0139999999999993" classname="fda_fig_14" name="Figure_14_generation_works_with_custom_values"/>
    <testcase time="0.606000000000001" classname="fda_fig_14" name="Figure_14_generation_works_with_custom_values">
      <skipped message="Reason: On CI ('test-fda-fig_14.R:40:3')"/>
    </testcase>
    <testcase time="0.0129999999999999" classname="fda_fig_14" name="Figure_14_generation_works_with_ggtheme_argument_specified"/>
    <testcase time="0.651999999999999" classname="fda_fig_14" name="Figure_14_generation_works_with_ggtheme_argument_specified">
      <skipped message="Reason: On CI ('test-fda-fig_14.R:52:3')"/>
    </testcase>
  </testsuite>
  <testsuite name="fda-table_02" timestamp="2025-04-22T06:40:44Z" hostname="1cc3f16e2da4" tests="22" skipped="6" failures="0" errors="0" time="9.987">
    <testcase time="0.0389999999999997" classname="fda_table_02" name="Table_02_generation_works_with_default_values"/>
    <testcase time="0.043000000000001" classname="fda_table_02" name="Table_02_generation_works_with_default_values"/>
    <testcase time="1.305" classname="fda_table_02" name="Table_02_generation_works_with_default_values"/>
    <testcase time="2.129" classname="fda_table_02" name="Table_02_generation_works_with_default_values"/>
    <testcase time="0.0150000000000006" classname="fda_table_02" name="Table_02_generation_works_with_default_values">
      <skipped message="Reason: On CRAN ('test-fda-table_02.R:16:3')"/>
    </testcase>
    <testcase time="0.0329999999999995" classname="fda_table_02" name="Table_02_generation_works_with_custom_values"/>
    <testcase time="0.0410000000000004" classname="fda_table_02" name="Table_02_generation_works_with_custom_values"/>
    <testcase time="1.249" classname="fda_table_02" name="Table_02_generation_works_with_custom_values"/>
    <testcase time="2.178" classname="fda_table_02" name="Table_02_generation_works_with_custom_values"/>
    <testcase time="0.00799999999999912" classname="fda_table_02" name="Table_02_generation_works_with_custom_values">
      <skipped message="Reason: On CRAN ('test-fda-table_02.R:42:3')"/>
    </testcase>
    <testcase time="0.027000000000001" classname="fda_table_02" name="Table_02_generation_works_with_some_NA_values"/>
    <testcase time="1.483" classname="fda_table_02" name="Table_02_generation_works_with_some_NA_values"/>
    <testcase time="0.00799999999999912" classname="fda_table_02" name="Table_02_generation_works_with_some_NA_values">
      <skipped message="Reason: On CRAN ('test-fda-table_02.R:56:3')"/>
    </testcase>
    <testcase time="0.0139999999999993" classname="fda_table_02" name="Table_02_generation_rtables_works_with_default_values"/>
    <testcase time="0.444000000000003" classname="fda_table_02" name="Table_02_generation_rtables_works_with_default_values"/>
    <testcase time="0.183999999999997" classname="fda_table_02" name="Table_02_generation_rtables_works_with_default_values">
      <skipped message="Reason: On CRAN ('test-fda-table_02.R:63:3')"/>
    </testcase>
    <testcase time="0.0330000000000013" classname="fda_table_02" name="Table_02_generation_rtables_works_with_custom_values"/>
    <testcase time="0.327999999999999" classname="fda_table_02" name="Table_02_generation_rtables_works_with_custom_values"/>
    <testcase time="0.247" classname="fda_table_02" name="Table_02_generation_rtables_works_with_custom_values">
      <skipped message="Reason: On CRAN ('test-fda-table_02.R:92:3')"/>
    </testcase>
    <testcase time="0.027000000000001" classname="fda_table_02" name="Table_02_generation_rtables_works_with_some_NA_values"/>
    <testcase time="0.100000000000001" classname="fda_table_02" name="Table_02_generation_rtables_works_with_some_NA_values"/>
    <testcase time="0.0519999999999996" classname="fda_table_02" name="Table_02_generation_rtables_works_with_some_NA_values">
      <skipped message="Reason: On CRAN ('test-fda-table_02.R:104:3')"/>
    </testcase>
  </testsuite>
  <testsuite name="fda-table_03" timestamp="2025-04-22T06:40:54Z" hostname="1cc3f16e2da4" tests="24" skipped="3" failures="0" errors="0" time="3.015">
    <testcase time="0.0209999999999972" classname="fda_table_03" name="Table_3_generation_works_with_default_values"/>
    <testcase time="0.00100000000000122" classname="fda_table_03" name="Table_3_generation_works_with_default_values"/>
    <testcase time="0.265000000000001" classname="fda_table_03" name="Table_3_generation_works_with_default_values"/>
    <testcase time="0.00100000000000122" classname="fda_table_03" name="Table_3_generation_works_with_default_values"/>
    <testcase time="0.0539999999999985" classname="fda_table_03" name="Table_3_generation_works_with_default_values"/>
    <testcase time="0.0380000000000003" classname="fda_table_03" name="Table_3_generation_works_with_default_values"/>
    <testcase time="0.0470000000000006" classname="fda_table_03" name="Table_3_generation_works_with_default_values"/>
    <testcase time="0.0509999999999984" classname="fda_table_03" name="Table_3_generation_works_with_default_values"/>
    <testcase time="0.0380000000000003" classname="fda_table_03" name="Table_3_generation_works_with_default_values"/>
    <testcase time="0.805" classname="fda_table_03" name="Table_3_generation_works_with_default_values"/>
    <testcase time="0.137" classname="fda_table_03" name="Table_3_generation_works_with_default_values">
      <skipped message="Reason: On CRAN ('test-fda-table_03.R:21:3')"/>
    </testcase>
    <testcase time="0.0130000000000017" classname="fda_table_03" name="Table_03_generation_works_with_gtsummary_with_custom_values"/>
    <testcase time="0.00199999999999889" classname="fda_table_03" name="Table_03_generation_works_with_gtsummary_with_custom_values"/>
    <testcase time="0.0609999999999999" classname="fda_table_03" name="Table_03_generation_works_with_gtsummary_with_custom_values"/>
    <testcase time="0.036999999999999" classname="fda_table_03" name="Table_03_generation_works_with_gtsummary_with_custom_values"/>
    <testcase time="0.0390000000000015" classname="fda_table_03" name="Table_03_generation_works_with_gtsummary_with_custom_values"/>
    <testcase time="0.0599999999999987" classname="fda_table_03" name="Table_03_generation_works_with_gtsummary_with_custom_values"/>
    <testcase time="0.0380000000000003" classname="fda_table_03" name="Table_03_generation_works_with_gtsummary_with_custom_values"/>
    <testcase time="0.798999999999999" classname="fda_table_03" name="Table_03_generation_works_with_gtsummary_with_custom_values"/>
    <testcase time="0.140000000000001" classname="fda_table_03" name="Table_03_generation_works_with_gtsummary_with_custom_values">
      <skipped message="Reason: On CRAN ('test-fda-table_03.R:38:3')"/>
    </testcase>
    <testcase time="0.0130000000000017" classname="fda_table_03" name="Table_3_generation_works_with_custom_values"/>
    <testcase time="0.00199999999999889" classname="fda_table_03" name="Table_3_generation_works_with_custom_values"/>
    <testcase time="0.265000000000001" classname="fda_table_03" name="Table_3_generation_works_with_custom_values"/>
    <testcase time="0.088000000000001" classname="fda_table_03" name="Table_3_generation_works_with_custom_values">
      <skipped message="Reason: On CRAN ('test-fda-table_03.R:60:3')"/>
    </testcase>
  </testsuite>
  <testsuite name="fda-table_04" timestamp="2025-04-22T06:40:57Z" hostname="1cc3f16e2da4" tests="9" skipped="2" failures="0" errors="0" time="0.699">
    <testcase time="0.0219999999999985" classname="fda_table_04" name="Table_04_generation_works_with_default_values"/>
    <testcase time="0.227" classname="fda_table_04" name="Table_04_generation_works_with_default_values"/>
    <testcase time="0.0999999999999979" classname="fda_table_04" name="Table_04_generation_works_with_default_values">
      <skipped message="Reason: On CRAN ('test-fda-table_04.R:17:3')"/>
    </testcase>
    <testcase time="0.0140000000000029" classname="fda_table_04" name="Table_04_generation_works_with_custom_values"/>
    <testcase time="0.000999999999997669" classname="fda_table_04" name="Table_04_generation_works_with_custom_values"/>
    <testcase time="0.00200000000000244" classname="fda_table_04" name="Table_04_generation_works_with_custom_values"/>
    <testcase time="0.000999999999997669" classname="fda_table_04" name="Table_04_generation_works_with_custom_values"/>
    <testcase time="0.248000000000001" classname="fda_table_04" name="Table_04_generation_works_with_custom_values"/>
    <testcase time="0.0839999999999996" classname="fda_table_04" name="Table_04_generation_works_with_custom_values">
      <skipped message="Reason: On CRAN ('test-fda-table_04.R:45:3')"/>
    </testcase>
  </testsuite>
  <testsuite name="fda-table_05" timestamp="2025-04-22T06:40:58Z" hostname="1cc3f16e2da4" tests="11" skipped="5" failures="0" errors="0" time="4.166">
    <testcase time="0.0279999999999987" classname="fda_table_05" name="Table_05_generation_works_with_default_values"/>
    <testcase time="1.412" classname="fda_table_05" name="Table_05_generation_works_with_default_values"/>
    <testcase time="0.140000000000001" classname="fda_table_05" name="Table_05_generation_works_with_default_values">
      <skipped message="Reason: On CRAN ('test-fda-table_05.R:11:3')"/>
    </testcase>
    <testcase time="1.453" classname="fda_table_05" name="Table_05_generation_works_with_gtsummary_with_custom_values"/>
    <testcase time="0.140000000000001" classname="fda_table_05" name="Table_05_generation_works_with_gtsummary_with_custom_values">
      <skipped message="Reason: On CRAN ('test-fda-table_05.R:33:3')"/>
    </testcase>
    <testcase time="0.273999999999997" classname="fda_table_05" name="Table_05_generation_works_with_rtables_with_custom_values"/>
    <testcase time="0.106000000000002" classname="fda_table_05" name="Table_05_generation_works_with_rtables_with_custom_values">
      <skipped message="Reason: On CRAN ('test-fda-table_05.R:59:3')"/>
    </testcase>
    <testcase time="0.181000000000001" classname="fda_table_05" name="Table_05_generation_works_with_rtables_with_NA_values_pruned_rows"/>
    <testcase time="0.0899999999999999" classname="fda_table_05" name="Table_05_generation_works_with_rtables_with_NA_values_pruned_rows">
      <skipped message="Reason: On CRAN ('test-fda-table_05.R:69:3')"/>
    </testcase>
    <testcase time="0.242999999999999" classname="fda_table_05" name="Table_05_generation_works_with_rtables_with_risk_difference_column"/>
    <testcase time="0.0990000000000002" classname="fda_table_05" name="Table_05_generation_works_with_rtables_with_risk_difference_column">
      <skipped message="Reason: On CRAN ('test-fda-table_05.R:82:3')"/>
    </testcase>
  </testsuite>
  <testsuite name="fda-table_06" timestamp="2025-04-22T06:41:02Z" hostname="1cc3f16e2da4" tests="104" skipped="5" failures="0" errors="1" time="19.952">
    <testcase time="0.0259999999999998" classname="fda_table_06" name="Table_06_generation_works_with_default_values"/>
    <testcase time="0.00100000000000122" classname="fda_table_06" name="Table_06_generation_works_with_default_values"/>
    <testcase time="0.000999999999997669" classname="fda_table_06" name="Table_06_generation_works_with_default_values"/>
    <testcase time="0.00100000000000122" classname="fda_table_06" name="Table_06_generation_works_with_default_values"/>
    <testcase time="0.00199999999999889" classname="fda_table_06" name="Table_06_generation_works_with_default_values"/>
    <testcase time="0.00100000000000122" classname="fda_table_06" name="Table_06_generation_works_with_default_values"/>
    <testcase time="0.00100000000000122" classname="fda_table_06" name="Table_06_generation_works_with_default_values"/>
    <testcase time="0.000999999999997669" classname="fda_table_06" name="Table_06_generation_works_with_default_values"/>
    <testcase time="0.0450000000000017" classname="fda_table_06" name="Table_06_generation_works_with_default_values"/>
    <testcase time="0.0530000000000008" classname="fda_table_06" name="Table_06_generation_works_with_default_values"/>
    <testcase time="0.488999999999997" classname="fda_table_06" name="Table_06_generation_works_with_default_values"/>
    <testcase time="0.0470000000000006" classname="fda_table_06" name="Table_06_generation_works_with_default_values"/>
    <testcase time="0.442" classname="fda_table_06" name="Table_06_generation_works_with_default_values"/>
    <testcase time="0.0530000000000008" classname="fda_table_06" name="Table_06_generation_works_with_default_values"/>
    <testcase time="0.43" classname="fda_table_06" name="Table_06_generation_works_with_default_values"/>
    <testcase time="0.0429999999999993" classname="fda_table_06" name="Table_06_generation_works_with_default_values"/>
    <testcase time="0.641000000000002" classname="fda_table_06" name="Table_06_generation_works_with_default_values"/>
    <testcase time="0.0429999999999993" classname="fda_table_06" name="Table_06_generation_works_with_default_values"/>
    <testcase time="0.405999999999999" classname="fda_table_06" name="Table_06_generation_works_with_default_values"/>
    <testcase time="0.0410000000000004" classname="fda_table_06" name="Table_06_generation_works_with_default_values"/>
    <testcase time="0.411999999999999" classname="fda_table_06" name="Table_06_generation_works_with_default_values"/>
    <testcase time="0.0410000000000004" classname="fda_table_06" name="Table_06_generation_works_with_default_values"/>
    <testcase time="0.661999999999999" classname="fda_table_06" name="Table_06_generation_works_with_default_values"/>
    <testcase time="0.0399999999999991" classname="fda_table_06" name="Table_06_generation_works_with_default_values"/>
    <testcase time="0.419" classname="fda_table_06" name="Table_06_generation_works_with_default_values"/>
    <testcase time="0.0400000000000027" classname="fda_table_06" name="Table_06_generation_works_with_default_values"/>
    <testcase time="0.679000000000002" classname="fda_table_06" name="Table_06_generation_works_with_default_values"/>
    <testcase time="0.0399999999999991" classname="fda_table_06" name="Table_06_generation_works_with_default_values"/>
    <testcase time="0.836999999999996" classname="fda_table_06" name="Table_06_generation_works_with_default_values"/>
    <testcase time="0.466000000000001" classname="fda_table_06" name="Table_06_generation_works_with_default_values">
      <skipped message="Reason: On CRAN ('test-fda-table_06.R:11:3')"/>
    </testcase>
    <testcase time="0.0129999999999981" classname="fda_table_06" name="Table_06_returns_ARD_if_specified"/>
    <testcase time="0.00100000000000477" classname="fda_table_06" name="Table_06_returns_ARD_if_specified"/>
    <testcase time="0.00199999999999534" classname="fda_table_06" name="Table_06_returns_ARD_if_specified"/>
    <testcase time="0.00100000000000477" classname="fda_table_06" name="Table_06_returns_ARD_if_specified"/>
    <testcase time="0.000999999999997669" classname="fda_table_06" name="Table_06_returns_ARD_if_specified"/>
    <testcase time="0.000999999999997669" classname="fda_table_06" name="Table_06_returns_ARD_if_specified"/>
    <testcase time="0.00200000000000244" classname="fda_table_06" name="Table_06_returns_ARD_if_specified"/>
    <testcase time="0.000999999999997669" classname="fda_table_06" name="Table_06_returns_ARD_if_specified"/>
    <testcase time="0.044000000000004" classname="fda_table_06" name="Table_06_returns_ARD_if_specified"/>
    <testcase time="0.0399999999999991" classname="fda_table_06" name="Table_06_returns_ARD_if_specified"/>
    <testcase time="0.427" classname="fda_table_06" name="Table_06_returns_ARD_if_specified"/>
    <testcase time="0.0450000000000017" classname="fda_table_06" name="Table_06_returns_ARD_if_specified"/>
    <testcase time="0.415999999999997" classname="fda_table_06" name="Table_06_returns_ARD_if_specified"/>
    <testcase time="0.0410000000000039" classname="fda_table_06" name="Table_06_returns_ARD_if_specified"/>
    <testcase time="0.403999999999996" classname="fda_table_06" name="Table_06_returns_ARD_if_specified"/>
    <testcase time="0.0459999999999994" classname="fda_table_06" name="Table_06_returns_ARD_if_specified"/>
    <testcase time="0.402999999999999" classname="fda_table_06" name="Table_06_returns_ARD_if_specified"/>
    <testcase time="0.0410000000000039" classname="fda_table_06" name="Table_06_returns_ARD_if_specified"/>
    <testcase time="0.406999999999996" classname="fda_table_06" name="Table_06_returns_ARD_if_specified"/>
    <testcase time="0.0429999999999993" classname="fda_table_06" name="Table_06_returns_ARD_if_specified"/>
    <testcase time="0.438000000000002" classname="fda_table_06" name="Table_06_returns_ARD_if_specified"/>
    <testcase time="0.0409999999999968" classname="fda_table_06" name="Table_06_returns_ARD_if_specified"/>
    <testcase time="0.669000000000004" classname="fda_table_06" name="Table_06_returns_ARD_if_specified"/>
    <testcase time="0.0399999999999991" classname="fda_table_06" name="Table_06_returns_ARD_if_specified"/>
    <testcase time="0.417999999999999" classname="fda_table_06" name="Table_06_returns_ARD_if_specified"/>
    <testcase time="0.0410000000000039" classname="fda_table_06" name="Table_06_returns_ARD_if_specified"/>
    <testcase time="0.695999999999998" classname="fda_table_06" name="Table_06_returns_ARD_if_specified"/>
    <testcase time="0.0409999999999968" classname="fda_table_06" name="Table_06_returns_ARD_if_specified"/>
    <testcase time="0.849000000000004" classname="fda_table_06" name="Table_06_returns_ARD_if_specified"/>
    <testcase time="0.402999999999999" classname="fda_table_06" name="Table_06_returns_ARD_if_specified">
      <skipped message="Reason: On CRAN ('test-fda-table_06.R:20:3')"/>
    </testcase>
    <testcase time="0.0129999999999981" classname="fda_table_06" name="Table_06_generation_works_with_custom_labels"/>
    <testcase time="0.00100000000000477" classname="fda_table_06" name="Table_06_generation_works_with_custom_labels"/>
    <testcase time="0.00199999999999534" classname="fda_table_06" name="Table_06_generation_works_with_custom_labels"/>
    <testcase time="0.00100000000000477" classname="fda_table_06" name="Table_06_generation_works_with_custom_labels"/>
    <testcase time="0.000999999999997669" classname="fda_table_06" name="Table_06_generation_works_with_custom_labels"/>
    <testcase time="0.00200000000000244" classname="fda_table_06" name="Table_06_generation_works_with_custom_labels"/>
    <testcase time="0.000999999999997669" classname="fda_table_06" name="Table_06_generation_works_with_custom_labels"/>
    <testcase time="0.000999999999997669" classname="fda_table_06" name="Table_06_generation_works_with_custom_labels"/>
    <testcase time="0.044000000000004" classname="fda_table_06" name="Table_06_generation_works_with_custom_labels"/>
    <testcase time="0.0409999999999968" classname="fda_table_06" name="Table_06_generation_works_with_custom_labels"/>
    <testcase time="0.427999999999997" classname="fda_table_06" name="Table_06_generation_works_with_custom_labels"/>
    <testcase time="0.0470000000000041" classname="fda_table_06" name="Table_06_generation_works_with_custom_labels"/>
    <testcase time="0.417999999999999" classname="fda_table_06" name="Table_06_generation_works_with_custom_labels"/>
    <testcase time="0.0409999999999968" classname="fda_table_06" name="Table_06_generation_works_with_custom_labels"/>
    <testcase time="0.407000000000004" classname="fda_table_06" name="Table_06_generation_works_with_custom_labels"/>
    <testcase time="0.0409999999999968" classname="fda_table_06" name="Table_06_generation_works_with_custom_labels"/>
    <testcase time="0.411999999999999" classname="fda_table_06" name="Table_06_generation_works_with_custom_labels"/>
    <testcase time="0.0410000000000039" classname="fda_table_06" name="Table_06_generation_works_with_custom_labels"/>
    <testcase time="0.409999999999997" classname="fda_table_06" name="Table_06_generation_works_with_custom_labels"/>
    <testcase time="0.0430000000000064" classname="fda_table_06" name="Table_06_generation_works_with_custom_labels"/>
    <testcase time="0.413999999999994" classname="fda_table_06" name="Table_06_generation_works_with_custom_labels"/>
    <testcase time="0.0410000000000039" classname="fda_table_06" name="Table_06_generation_works_with_custom_labels"/>
    <testcase time="0.676000000000002" classname="fda_table_06" name="Table_06_generation_works_with_custom_labels"/>
    <testcase time="0.0420000000000016" classname="fda_table_06" name="Table_06_generation_works_with_custom_labels"/>
    <testcase time="0.421999999999997" classname="fda_table_06" name="Table_06_generation_works_with_custom_labels"/>
    <testcase time="0.0409999999999968" classname="fda_table_06" name="Table_06_generation_works_with_custom_labels"/>
    <testcase time="0.694000000000003" classname="fda_table_06" name="Table_06_generation_works_with_custom_labels"/>
    <testcase time="0.0410000000000039" classname="fda_table_06" name="Table_06_generation_works_with_custom_labels"/>
    <testcase time="0.844999999999999" classname="fda_table_06" name="Table_06_generation_works_with_custom_labels"/>
    <testcase time="0.390000000000001" classname="fda_table_06" name="Table_06_generation_works_with_custom_labels">
      <skipped message="Reason: On CRAN ('test-fda-table_06.R:45:3')"/>
    </testcase>
    <testcase time="0.0139999999999958" classname="fda_table_06" name="Table_06_rtables_generation_works_with_default_values"/>
    <testcase time="0.00100000000000477" classname="fda_table_06" name="Table_06_rtables_generation_works_with_default_values"/>
    <testcase time="0.0389999999999944" classname="fda_table_06" name="Table_06_rtables_generation_works_with_default_values"/>
    <testcase time="0.316000000000003" classname="fda_table_06" name="Table_06_rtables_generation_works_with_default_values"/>
    <testcase time="0.103000000000002" classname="fda_table_06" name="Table_06_rtables_generation_works_with_default_values">
      <skipped message="Reason: On CRAN ('test-fda-table_06.R:56:3')"/>
    </testcase>
    <testcase time="0.0139999999999958" classname="fda_table_06" name="Table_06_rtables_generation_works_with_custom_values"/>
    <testcase time="0.00200000000000244" classname="fda_table_06" name="Table_06_rtables_generation_works_with_custom_values"/>
    <testcase time="0.036999999999999" classname="fda_table_06" name="Table_06_rtables_generation_works_with_custom_values"/>
    <testcase time="0.399000000000001" classname="fda_table_06" name="Table_06_rtables_generation_works_with_custom_values">
      <error type="error" message="Error in `.extract_through_path(tt, path)`: Path appears invalid for this tree at step 'unique'. Please use only row names and NOT row labels. You can retrieve them with `row_paths_summary()$path`. ('test-fda-table_06.R:81:3')">Error in `.extract_through_path(tt, path)`: Path appears invalid for this tree at step 'unique'. Please use only row names and NOT row labels. You can retrieve them with `row_paths_summary()$path`.
Backtrace:
    x
 1. +-rtables::`fnotes_at_path&lt;-`(...) at test-fda-table_06.R:81:3
 2. \-rtables::`fnotes_at_path&lt;-`(...)
 3.   +-rtables::tt_at_path(obj, rowpath)
 4.   \-rtables::tt_at_path(obj, rowpath)
 5.     \-rtables:::.extract_through_path(tt, path)</error>
    </testcase>
    <testcase time="0.0210000000000008" classname="fda_table_06" name="Table_06_rtables_generation_works_with_risk_difference_column"/>
    <testcase time="0.000999999999997669" classname="fda_table_06" name="Table_06_rtables_generation_works_with_risk_difference_column"/>
    <testcase time="0.0380000000000038" classname="fda_table_06" name="Table_06_rtables_generation_works_with_risk_difference_column"/>
    <testcase time="0.427999999999997" classname="fda_table_06" name="Table_06_rtables_generation_works_with_risk_difference_column"/>
    <testcase time="0.119999999999997" classname="fda_table_06" name="Table_06_rtables_generation_works_with_risk_difference_column">
      <skipped message="Reason: On CRAN ('test-fda-table_06.R:96:3')"/>
    </testcase>
  </testsuite>
  <testsuite name="fda-table_07" timestamp="2025-04-22T06:41:22Z" hostname="1cc3f16e2da4" tests="24" skipped="4" failures="0" errors="0" time="1.789">
    <testcase time="0.0220000000000056" classname="fda_table_07" name="Table_07_generation_works_with_default_values"/>
    <testcase time="0.000999999999997669" classname="fda_table_07" name="Table_07_generation_works_with_default_values"/>
    <testcase time="0.000999999999997669" classname="fda_table_07" name="Table_07_generation_works_with_default_values"/>
    <testcase time="0.0260000000000034" classname="fda_table_07" name="Table_07_generation_works_with_default_values"/>
    <testcase time="0.234000000000002" classname="fda_table_07" name="Table_07_generation_works_with_default_values"/>
    <testcase time="0.114999999999995" classname="fda_table_07" name="Table_07_generation_works_with_default_values">
      <skipped message="Reason: On CRAN ('test-fda-table_07.R:13:3')"/>
    </testcase>
    <testcase time="0.0130000000000052" classname="fda_table_07" name="Table_07_generation_works_with_custom_values"/>
    <testcase time="0.000999999999997669" classname="fda_table_07" name="Table_07_generation_works_with_custom_values"/>
    <testcase time="0.00100000000000477" classname="fda_table_07" name="Table_07_generation_works_with_custom_values"/>
    <testcase time="0.0259999999999962" classname="fda_table_07" name="Table_07_generation_works_with_custom_values"/>
    <testcase time="0.329000000000001" classname="fda_table_07" name="Table_07_generation_works_with_custom_values"/>
    <testcase time="0.137999999999998" classname="fda_table_07" name="Table_07_generation_works_with_custom_values">
      <skipped message="Reason: On CRAN ('test-fda-table_07.R:42:3')"/>
    </testcase>
    <testcase time="0.0140000000000029" classname="fda_table_07" name="Table_07_generation_works_with_NA_values_pruned_rows"/>
    <testcase time="0.00200000000000244" classname="fda_table_07" name="Table_07_generation_works_with_NA_values_pruned_rows"/>
    <testcase time="0.000999999999997669" classname="fda_table_07" name="Table_07_generation_works_with_NA_values_pruned_rows"/>
    <testcase time="0.0330000000000013" classname="fda_table_07" name="Table_07_generation_works_with_NA_values_pruned_rows"/>
    <testcase time="0.231999999999999" classname="fda_table_07" name="Table_07_generation_works_with_NA_values_pruned_rows"/>
    <testcase time="0.120999999999995" classname="fda_table_07" name="Table_07_generation_works_with_NA_values_pruned_rows">
      <skipped message="Reason: On CRAN ('test-fda-table_07.R:52:3')"/>
    </testcase>
    <testcase time="0.0160000000000053" classname="fda_table_07" name="Table_07_generation_works_with_risk_difference_column"/>
    <testcase time="0.000999999999997669" classname="fda_table_07" name="Table_07_generation_works_with_risk_difference_column"/>
    <testcase time="0.000999999999997669" classname="fda_table_07" name="Table_07_generation_works_with_risk_difference_column"/>
    <testcase time="0.027000000000001" classname="fda_table_07" name="Table_07_generation_works_with_risk_difference_column"/>
    <testcase time="0.298999999999999" classname="fda_table_07" name="Table_07_generation_works_with_risk_difference_column"/>
    <testcase time="0.135000000000005" classname="fda_table_07" name="Table_07_generation_works_with_risk_difference_column">
      <skipped message="Reason: On CRAN ('test-fda-table_07.R:65:3')"/>
    </testcase>
  </testsuite>
  <testsuite name="fda-table_08" timestamp="2025-04-22T06:41:24Z" hostname="1cc3f16e2da4" tests="8" skipped="2" failures="0" errors="0" time="0.451">
    <testcase time="0.0189999999999984" classname="fda_table_08" name="Table_08_generation_works_with_default_values"/>
    <testcase time="0.00199999999999534" classname="fda_table_08" name="Table_08_generation_works_with_default_values"/>
    <testcase time="0.0290000000000035" classname="fda_table_08" name="Table_08_generation_works_with_default_values"/>
    <testcase time="0.161999999999999" classname="fda_table_08" name="Table_08_generation_works_with_default_values">
      <skipped message="Reason: On CRAN ('test-fda-table_08.R:10:3')"/>
    </testcase>
    <testcase time="0.0140000000000029" classname="fda_table_08" name="Table_08_generation_works_with_custom_values"/>
    <testcase time="0.000999999999997669" classname="fda_table_08" name="Table_08_generation_works_with_custom_values"/>
    <testcase time="0.0260000000000034" classname="fda_table_08" name="Table_08_generation_works_with_custom_values"/>
    <testcase time="0.198" classname="fda_table_08" name="Table_08_generation_works_with_custom_values">
      <skipped message="Reason: On CRAN ('test-fda-table_08.R:31:3')"/>
    </testcase>
  </testsuite>
  <testsuite name="fda-table_09" timestamp="2025-04-22T06:41:24Z" hostname="1cc3f16e2da4" tests="51" skipped="9" failures="0" errors="0" time="10.564">
    <testcase time="0.019999999999996" classname="fda_table_09" name="Table_09_rtables_generation_works_with_default_values"/>
    <testcase time="0.0279999999999987" classname="fda_table_09" name="Table_09_rtables_generation_works_with_default_values"/>
    <testcase time="0.216999999999999" classname="fda_table_09" name="Table_09_rtables_generation_works_with_default_values"/>
    <testcase time="0.0670000000000002" classname="fda_table_09" name="Table_09_rtables_generation_works_with_default_values">
      <skipped message="Reason: On CRAN ('test-fda-table_09.R:8:3')"/>
    </testcase>
    <testcase time="0.0130000000000052" classname="fda_table_09" name="Table_09_rtables_generation_works_with_custom_values"/>
    <testcase time="0.027000000000001" classname="fda_table_09" name="Table_09_rtables_generation_works_with_custom_values"/>
    <testcase time="0.278999999999996" classname="fda_table_09" name="Table_09_rtables_generation_works_with_custom_values"/>
    <testcase time="0.0750000000000028" classname="fda_table_09" name="Table_09_rtables_generation_works_with_custom_values">
      <skipped message="Reason: On CRAN ('test-fda-table_09.R:39:3')"/>
    </testcase>
    <testcase time="0.0140000000000029" classname="fda_table_09" name="Table_09_generation_works_with_risk_difference_column"/>
    <testcase time="0.0269999999999939" classname="fda_table_09" name="Table_09_generation_works_with_risk_difference_column"/>
    <testcase time="0.275000000000006" classname="fda_table_09" name="Table_09_generation_works_with_risk_difference_column"/>
    <testcase time="0.0839999999999961" classname="fda_table_09" name="Table_09_generation_works_with_risk_difference_column">
      <skipped message="Reason: On CRAN ('test-fda-table_09.R:47:3')"/>
    </testcase>
    <testcase time="0.0150000000000006" classname="fda_table_09" name="Table_09_gt_generation_works_with_default_values"/>
    <testcase time="0.0960000000000036" classname="fda_table_09" name="Table_09_gt_generation_works_with_default_values">
      <skipped message="Reason: On CRAN ('test-fda-table_09.R:60:3')"/>
    </testcase>
    <testcase time="0.0129999999999981" classname="fda_table_09" name="Table_09_gt_generation_works_with_custom_values"/>
    <testcase time="0.137" classname="fda_table_09" name="Table_09_gt_generation_works_with_custom_values">
      <skipped message="Reason: On CRAN ('test-fda-table_09.R:88:3')"/>
    </testcase>
    <testcase time="0.409999999999997" classname="fda_table_09" name="make_table_09_tplyr_returns_a_tibble_when_tplyr_raw_TRUE"/>
    <testcase time="0.00200000000000244" classname="fda_table_09" name="make_table_09_tplyr_returns_a_tibble_when_tplyr_raw_TRUE"/>
    <testcase time="0.0140000000000029" classname="fda_table_09" name="make_table_09_tplyr_returns_a_tibble_when_tplyr_raw_TRUE">
      <skipped message="Reason: On CRAN ('test-fda-table_09.R:101:3')"/>
    </testcase>
    <testcase time="0.392999999999994" classname="fda_table_09" name="make_table_09_tplyr_returns_a_gt_object_when_tplyr_raw_FALSE"/>
    <testcase time="0.000999999999997669" classname="fda_table_09" name="make_table_09_tplyr_returns_a_gt_object_when_tplyr_raw_FALSE"/>
    <testcase time="0.0330000000000013" classname="fda_table_09" name="make_table_09_tplyr_returns_a_gt_object_when_tplyr_raw_FALSE">
      <skipped message="Reason: On CRAN ('test-fda-table_09.R:112:3')"/>
    </testcase>
    <testcase time="0.408000000000001" classname="fda_table_09" name="make_table_09_tplyr_provides_total_column_counts_based_on_the_alt_count_df_parameter"/>
    <testcase time="0.367999999999995" classname="fda_table_09" name="make_table_09_tplyr_provides_total_column_counts_based_on_the_alt_count_df_parameter"/>
    <testcase time="0.363" classname="fda_table_09" name="make_table_09_tplyr_assigns_column_headers_correctly_to_the_arm_groups"/>
    <testcase time="0.578000000000003" classname="fda_table_09" name="make_table_09_tplyr_assigns_column_headers_correctly_to_the_arm_groups"/>
    <testcase time="0.368000000000002" classname="fda_table_09" name="make_table_09_tplyr_assigns_column_headers_correctly_to_the_arm_groups"/>
    <testcase time="0.359999999999999" classname="fda_table_09" name="make_table_09_tplyr_provides_risk_difference_columns_based_on_the_risk_diff_pairs_parameter"/>
    <testcase time="0.357999999999997" classname="fda_table_09" name="make_table_09_tplyr_provides_risk_difference_columns_based_on_the_risk_diff_pairs_parameter"/>
    <testcase time="0.401000000000003" classname="fda_table_09" name="make_table_09_tplyr_provides_a_total_column_based_on_the_lbl_overall_parameter"/>
    <testcase time="0.00300000000000011" classname="fda_table_09" name="make_table_09_tplyr_provides_a_total_column_based_on_the_lbl_overall_parameter"/>
    <testcase time="0.375" classname="fda_table_09" name="make_table_09_tplyr_provides_a_total_column_based_on_the_lbl_overall_parameter"/>
    <testcase time="0.359999999999999" classname="fda_table_09" name="make_table_09_tplyr_prunes_all_zero_rows_based_on_the_prune_0_parameter"/>
    <testcase time="0.347000000000001" classname="fda_table_09" name="make_table_09_tplyr_prunes_all_zero_rows_based_on_the_prune_0_parameter"/>
    <testcase time="0.360999999999997" classname="fda_table_09" name="make_table_09_tplyr_shows_column_counts_based_on_the_show_colcounts_parameter"/>
    <testcase time="0.353999999999999" classname="fda_table_09" name="make_table_09_tplyr_shows_column_counts_based_on_the_show_colcounts_parameter"/>
    <testcase time="0.355000000000004" classname="fda_table_09" name="make_table_09_tplyr_considers_lbl_soc_var_and_lbl_pref_var_parameters"/>
    <testcase time="0.00300000000000011" classname="fda_table_09" name="make_table_09_tplyr_considers_lbl_soc_var_and_lbl_pref_var_parameters"/>
    <testcase time="0.372" classname="fda_table_09" name="make_table_09_tplyr_considers_lbl_soc_var_and_lbl_pref_var_parameters"/>
    <testcase time="0.00300000000000011" classname="fda_table_09" name="make_table_09_tplyr_considers_lbl_soc_var_and_lbl_pref_var_parameters"/>
    <testcase time="0.381" classname="fda_table_09" name="make_table_09_tplyr_considers_annotations_if_tplyr_raw_FALSE"/>
    <testcase time="0.00300000000000011" classname="fda_table_09" name="make_table_09_tplyr_considers_annotations_if_tplyr_raw_FALSE"/>
    <testcase time="0.00300000000000011" classname="fda_table_09" name="make_table_09_tplyr_considers_annotations_if_tplyr_raw_FALSE"/>
    <testcase time="0.00300000000000011" classname="fda_table_09" name="make_table_09_tplyr_considers_annotations_if_tplyr_raw_FALSE"/>
    <testcase time="0.00300000000000011" classname="fda_table_09" name="make_table_09_tplyr_considers_annotations_if_tplyr_raw_FALSE"/>
    <testcase time="0.00300000000000011" classname="fda_table_09" name="make_table_09_tplyr_considers_annotations_if_tplyr_raw_FALSE"/>
    <testcase time="0.00300000000000011" classname="fda_table_09" name="make_table_09_tplyr_considers_annotations_if_tplyr_raw_FALSE"/>
    <testcase time="0.00399999999999778" classname="fda_table_09" name="Table_09_generation_works_with_gtsummary_with_default_values"/>
    <testcase time="1.089" classname="fda_table_09" name="Table_09_generation_works_with_gtsummary_with_default_values">
      <skipped message="Reason: On CRAN ('test-fda-table_09.R:357:3')"/>
    </testcase>
    <testcase time="0.0140000000000029" classname="fda_table_09" name="Table_09_generation_works_with_gtsummary_with_custom_values"/>
    <testcase time="1.081" classname="fda_table_09" name="Table_09_generation_works_with_gtsummary_with_custom_values">
      <skipped message="Reason: On CRAN ('test-fda-table_09.R:376:3')"/>
    </testcase>
  </testsuite>
  <testsuite name="fda-table_10" timestamp="2025-04-22T06:41:35Z" hostname="1cc3f16e2da4" tests="36" skipped="5" failures="0" errors="0" time="4.325">
    <testcase time="0.0249999999999986" classname="fda_table_10" name="Table_10_generation_gtsummary_works_with_default_values"/>
    <testcase time="0.0630000000000024" classname="fda_table_10" name="Table_10_generation_gtsummary_works_with_default_values"/>
    <testcase time="0.036999999999999" classname="fda_table_10" name="Table_10_generation_gtsummary_works_with_default_values"/>
    <testcase time="0.0350000000000037" classname="fda_table_10" name="Table_10_generation_gtsummary_works_with_default_values"/>
    <testcase time="0.0439999999999969" classname="fda_table_10" name="Table_10_generation_gtsummary_works_with_default_values"/>
    <testcase time="0.0360000000000014" classname="fda_table_10" name="Table_10_generation_gtsummary_works_with_default_values"/>
    <testcase time="0.00200000000000244" classname="fda_table_10" name="Table_10_generation_gtsummary_works_with_default_values"/>
    <testcase time="0.138999999999996" classname="fda_table_10" name="Table_10_generation_gtsummary_works_with_default_values"/>
    <testcase time="0.027000000000001" classname="fda_table_10" name="Table_10_generation_gtsummary_works_with_default_values"/>
    <testcase time="0.0619999999999976" classname="fda_table_10" name="Table_10_generation_gtsummary_works_with_default_values"/>
    <testcase time="0.807000000000002" classname="fda_table_10" name="Table_10_generation_gtsummary_works_with_default_values"/>
    <testcase time="0.246000000000002" classname="fda_table_10" name="Table_10_generation_gtsummary_works_with_default_values">
      <skipped message="Reason: On CRAN ('test-fda-table_10.R:17:3')"/>
    </testcase>
    <testcase time="0.0139999999999958" classname="fda_table_10" name="Table_10_generation_gtsummary_works_with_default_values"/>
    <testcase time="0.0630000000000024" classname="fda_table_10" name="Table_10_generation_gtsummary_works_with_default_values"/>
    <testcase time="0.0570000000000022" classname="fda_table_10" name="Table_10_generation_gtsummary_works_with_default_values"/>
    <testcase time="0.0349999999999966" classname="fda_table_10" name="Table_10_generation_gtsummary_works_with_default_values"/>
    <testcase time="0.0360000000000014" classname="fda_table_10" name="Table_10_generation_gtsummary_works_with_default_values"/>
    <testcase time="0.0360000000000014" classname="fda_table_10" name="Table_10_generation_gtsummary_works_with_default_values"/>
    <testcase time="0.00199999999999534" classname="fda_table_10" name="Table_10_generation_gtsummary_works_with_default_values"/>
    <testcase time="0.148000000000003" classname="fda_table_10" name="Table_10_generation_gtsummary_works_with_default_values"/>
    <testcase time="0.027000000000001" classname="fda_table_10" name="Table_10_generation_gtsummary_works_with_default_values"/>
    <testcase time="0.0530000000000044" classname="fda_table_10" name="Table_10_generation_gtsummary_works_with_default_values"/>
    <testcase time="0.830999999999996" classname="fda_table_10" name="Table_10_generation_gtsummary_works_with_default_values"/>
    <testcase time="0.277000000000001" classname="fda_table_10" name="Table_10_generation_gtsummary_works_with_default_values">
      <skipped message="Reason: On CRAN ('test-fda-table_10.R:24:3')"/>
    </testcase>
    <testcase time="0.0140000000000029" classname="fda_table_10" name="Table_10_generation_rtables_works_with_default_values_BROAD"/>
    <testcase time="0.0239999999999938" classname="fda_table_10" name="Table_10_generation_rtables_works_with_default_values_BROAD"/>
    <testcase time="0.25" classname="fda_table_10" name="Table_10_generation_rtables_works_with_default_values_BROAD"/>
    <testcase time="0.0620000000000047" classname="fda_table_10" name="Table_10_generation_rtables_works_with_default_values_BROAD">
      <skipped message="Reason: On CRAN ('test-fda-table_10.R:32:3')"/>
    </testcase>
    <testcase time="0.0140000000000029" classname="fda_table_10" name="Table_10_generation_rtables_works_with_default_values"/>
    <testcase time="0.0249999999999986" classname="fda_table_10" name="Table_10_generation_rtables_works_with_default_values"/>
    <testcase time="0.255000000000003" classname="fda_table_10" name="Table_10_generation_rtables_works_with_default_values"/>
    <testcase time="0.0700000000000003" classname="fda_table_10" name="Table_10_generation_rtables_works_with_default_values">
      <skipped message="Reason: On CRAN ('test-fda-table_10.R:67:3')"/>
    </testcase>
    <testcase time="0.0139999999999958" classname="fda_table_10" name="Table_10_generation_rtables_works_with_risk_difference_column"/>
    <testcase time="0.0279999999999987" classname="fda_table_10" name="Table_10_generation_rtables_works_with_risk_difference_column"/>
    <testcase time="0.327000000000005" classname="fda_table_10" name="Table_10_generation_rtables_works_with_risk_difference_column"/>
    <testcase time="0.139999999999993" classname="fda_table_10" name="Table_10_generation_rtables_works_with_risk_difference_column">
      <skipped message="Reason: On CRAN ('test-fda-table_10.R:75:3')"/>
    </testcase>
  </testsuite>
  <testsuite name="fda-table_11" timestamp="2025-04-22T06:41:39Z" hostname="1cc3f16e2da4" tests="19" skipped="4" failures="0" errors="0" time="4.576">
    <testcase time="0.0220000000000056" classname="fda_table_11" name="Table_11_generation_works_with_default_values"/>
    <testcase time="0.0330000000000013" classname="fda_table_11" name="Table_11_generation_works_with_default_values"/>
    <testcase time="0.164000000000001" classname="fda_table_11" name="Table_11_generation_works_with_default_values"/>
    <testcase time="0.0429999999999922" classname="fda_table_11" name="Table_11_generation_works_with_default_values"/>
    <testcase time="1.34999999999999" classname="fda_table_11" name="Table_11_generation_works_with_default_values"/>
    <testcase time="0.00200000000000955" classname="fda_table_11" name="Table_11_generation_works_with_default_values"/>
    <testcase time="0.143999999999991" classname="fda_table_11" name="Table_11_generation_works_with_default_values">
      <skipped message="Reason: On CRAN ('test-fda-table_11.R:19:3')"/>
    </testcase>
    <testcase time="0.0130000000000052" classname="fda_table_11" name="Table_11_generation_works_with_gtsummary_with_custom_values"/>
    <testcase time="0.0339999999999918" classname="fda_table_11" name="Table_11_generation_works_with_gtsummary_with_custom_values"/>
    <testcase time="1.38200000000001" classname="fda_table_11" name="Table_11_generation_works_with_gtsummary_with_custom_values"/>
    <testcase time="0.131" classname="fda_table_11" name="Table_11_generation_works_with_gtsummary_with_custom_values">
      <skipped message="Reason: On CRAN ('test-fda-table_11.R:41:3')"/>
    </testcase>
    <testcase time="0.0139999999999958" classname="fda_table_11" name="Table_11_generation_works_with_rtables_with_custom_values"/>
    <testcase time="0.0290000000000106" classname="fda_table_11" name="Table_11_generation_works_with_rtables_with_custom_values"/>
    <testcase time="0.393999999999991" classname="fda_table_11" name="Table_11_generation_works_with_rtables_with_custom_values"/>
    <testcase time="0.0700000000000074" classname="fda_table_11" name="Table_11_generation_works_with_rtables_with_custom_values">
      <skipped message="Reason: On CRAN ('test-fda-table_11.R:73:3')"/>
    </testcase>
    <testcase time="0.0139999999999958" classname="fda_table_11" name="Table_11_generation_works_with_rtables_with_risk_difference_column"/>
    <testcase time="0.0330000000000013" classname="fda_table_11" name="Table_11_generation_works_with_rtables_with_risk_difference_column"/>
    <testcase time="0.554000000000002" classname="fda_table_11" name="Table_11_generation_works_with_rtables_with_risk_difference_column"/>
    <testcase time="0.149999999999991" classname="fda_table_11" name="Table_11_generation_works_with_rtables_with_risk_difference_column">
      <skipped message="Reason: On CRAN ('test-fda-table_11.R:81:3')"/>
    </testcase>
  </testsuite>
  <testsuite name="fda-table_12" timestamp="2025-04-22T06:41:44Z" hostname="1cc3f16e2da4" tests="23" skipped="5" failures="0" errors="0" time="5.582">
    <testcase time="0.0280000000000058" classname="fda_table_12" name="Table_12_generation_works_with_default_values"/>
    <testcase time="0.0349999999999966" classname="fda_table_12" name="Table_12_generation_works_with_default_values"/>
    <testcase time="0.162000000000006" classname="fda_table_12" name="Table_12_generation_works_with_default_values"/>
    <testcase time="0.0330000000000013" classname="fda_table_12" name="Table_12_generation_works_with_default_values"/>
    <testcase time="1.318" classname="fda_table_12" name="Table_12_generation_works_with_default_values"/>
    <testcase time="0.00199999999999534" classname="fda_table_12" name="Table_12_generation_works_with_default_values"/>
    <testcase time="0.131" classname="fda_table_12" name="Table_12_generation_works_with_default_values">
      <skipped message="Reason: On CRAN ('test-fda-table_12.R:10:3')"/>
    </testcase>
    <testcase time="0.0139999999999958" classname="fda_table_12" name="Table_12_generation_works_with_gtsummary_with_custom_values"/>
    <testcase time="0.034000000000006" classname="fda_table_12" name="Table_12_generation_works_with_gtsummary_with_custom_values"/>
    <testcase time="1.312" classname="fda_table_12" name="Table_12_generation_works_with_gtsummary_with_custom_values"/>
    <testcase time="0.129000000000005" classname="fda_table_12" name="Table_12_generation_works_with_gtsummary_with_custom_values">
      <skipped message="Reason: On CRAN ('test-fda-table_12.R:32:3')"/>
    </testcase>
    <testcase time="0.0139999999999958" classname="fda_table_12" name="Table_12_generation_works_with_default_values"/>
    <testcase time="0.0379999999999967" classname="fda_table_12" name="Table_12_generation_works_with_default_values"/>
    <testcase time="0.558000000000007" classname="fda_table_12" name="Table_12_generation_works_with_default_values"/>
    <testcase time="0.117000000000004" classname="fda_table_12" name="Table_12_generation_works_with_default_values">
      <skipped message="Reason: On CRAN ('test-fda-table_12.R:41:3')"/>
    </testcase>
    <testcase time="0.0139999999999958" classname="fda_table_12" name="Table_12_generation_works_with_custom_values"/>
    <testcase time="0.0330000000000013" classname="fda_table_12" name="Table_12_generation_works_with_custom_values"/>
    <testcase time="0.588999999999999" classname="fda_table_12" name="Table_12_generation_works_with_custom_values"/>
    <testcase time="0.120999999999995" classname="fda_table_12" name="Table_12_generation_works_with_custom_values">
      <skipped message="Reason: On CRAN ('test-fda-table_12.R:71:3')"/>
    </testcase>
    <testcase time="0.0150000000000006" classname="fda_table_12" name="Table_12_generation_works_with_risk_difference_column"/>
    <testcase time="0.034000000000006" classname="fda_table_12" name="Table_12_generation_works_with_risk_difference_column"/>
    <testcase time="0.716999999999999" classname="fda_table_12" name="Table_12_generation_works_with_risk_difference_column"/>
    <testcase time="0.133999999999986" classname="fda_table_12" name="Table_12_generation_works_with_risk_difference_column">
      <skipped message="Reason: On CRAN ('test-fda-table_12.R:79:3')"/>
    </testcase>
  </testsuite>
  <testsuite name="fda-table_13" timestamp="2025-04-22T06:41:49Z" hostname="1cc3f16e2da4" tests="12" skipped="3" failures="0" errors="0" time="0.729">
    <testcase time="0.0180000000000007" classname="fda_table_13" name="Table_13_generation_works_with_default_values"/>
    <testcase time="0.0330000000000013" classname="fda_table_13" name="Table_13_generation_works_with_default_values"/>
    <testcase time="0.102000000000004" classname="fda_table_13" name="Table_13_generation_works_with_default_values"/>
    <testcase time="0.0829999999999984" classname="fda_table_13" name="Table_13_generation_works_with_default_values">
      <skipped message="Reason: On CRAN ('test-fda-table_13.R:8:3')"/>
    </testcase>
    <testcase time="0.0150000000000006" classname="fda_table_13" name="Table_13_generation_works_with_custom_values"/>
    <testcase time="0.0330000000000013" classname="fda_table_13" name="Table_13_generation_works_with_custom_values"/>
    <testcase time="0.122" classname="fda_table_13" name="Table_13_generation_works_with_custom_values"/>
    <testcase time="0.0640000000000072" classname="fda_table_13" name="Table_13_generation_works_with_custom_values">
      <skipped message="Reason: On CRAN ('test-fda-table_13.R:38:3')"/>
    </testcase>
    <testcase time="0.0180000000000007" classname="fda_table_13" name="Table_13_generation_works_with_risk_difference_column"/>
    <testcase time="0.0339999999999918" classname="fda_table_13" name="Table_13_generation_works_with_risk_difference_column"/>
    <testcase time="0.117999999999995" classname="fda_table_13" name="Table_13_generation_works_with_risk_difference_column"/>
    <testcase time="0.0890000000000128" classname="fda_table_13" name="Table_13_generation_works_with_risk_difference_column">
      <skipped message="Reason: On CRAN ('test-fda-table_13.R:46:3')"/>
    </testcase>
  </testsuite>
  <testsuite name="fda-table_14" timestamp="2025-04-22T06:41:50Z" hostname="1cc3f16e2da4" tests="13" skipped="4" failures="0" errors="0" time="2.576">
    <testcase time="0.0279999999999916" classname="fda_table_14" name="Table_14_generation_works_with_default_values"/>
    <testcase time="0.412000000000006" classname="fda_table_14" name="Table_14_generation_works_with_default_values"/>
    <testcase time="0.158999999999992" classname="fda_table_14" name="Table_14_generation_works_with_default_values">
      <skipped message="Reason: On CRAN ('test-fda-table_14.R:16:3')"/>
    </testcase>
    <testcase time="0.01400000000001" classname="fda_table_14" name="Table_14_generation_works_with_custom_values"/>
    <testcase time="0.0339999999999918" classname="fda_table_14" name="Table_14_generation_works_with_custom_values"/>
    <testcase time="0.448000000000008" classname="fda_table_14" name="Table_14_generation_works_with_custom_values"/>
    <testcase time="0.158999999999992" classname="fda_table_14" name="Table_14_generation_works_with_custom_values">
      <skipped message="Reason: On CRAN ('test-fda-table_14.R:46:3')"/>
    </testcase>
    <testcase time="0.0139999999999958" classname="fda_table_14" name="Table_14_generation_works_with_NA_values_pruned_rows"/>
    <testcase time="0.432000000000002" classname="fda_table_14" name="Table_14_generation_works_with_NA_values_pruned_rows"/>
    <testcase time="0.119" classname="fda_table_14" name="Table_14_generation_works_with_NA_values_pruned_rows">
      <skipped message="Reason: On CRAN ('test-fda-table_14.R:53:3')"/>
    </testcase>
    <testcase time="0.01400000000001" classname="fda_table_14" name="Table_14_generation_works_with_risk_difference_column"/>
    <testcase time="0.554999999999993" classname="fda_table_14" name="Table_14_generation_works_with_risk_difference_column"/>
    <testcase time="0.188000000000002" classname="fda_table_14" name="Table_14_generation_works_with_risk_difference_column">
      <skipped message="Reason: On CRAN ('test-fda-table_14.R:61:3')"/>
    </testcase>
  </testsuite>
  <testsuite name="fda-table_15" timestamp="2025-04-22T06:41:52Z" hostname="1cc3f16e2da4" tests="16" skipped="4" failures="0" errors="0" time="1.661">
    <testcase time="0.019999999999996" classname="fda_table_15" name="Table_15_generation_works_with_default_values"/>
    <testcase time="0.0280000000000058" classname="fda_table_15" name="Table_15_generation_works_with_default_values"/>
    <testcase time="0.451999999999998" classname="fda_table_15" name="Table_15_generation_works_with_default_values"/>
    <testcase time="0.0939999999999941" classname="fda_table_15" name="Table_15_generation_works_with_default_values">
      <skipped message="Reason: On CRAN ('test-fda-table_15.R:19:3')"/>
    </testcase>
    <testcase time="0.01400000000001" classname="fda_table_15" name="Table_15_generation_works_with_custom_values"/>
    <testcase time="0.0289999999999964" classname="fda_table_15" name="Table_15_generation_works_with_custom_values"/>
    <testcase time="0.195999999999998" classname="fda_table_15" name="Table_15_generation_works_with_custom_values"/>
    <testcase time="0.100000000000009" classname="fda_table_15" name="Table_15_generation_works_with_custom_values">
      <skipped message="Reason: On CRAN ('test-fda-table_15.R:51:3')"/>
    </testcase>
    <testcase time="0.0139999999999958" classname="fda_table_15" name="Table_15_generation_works_with_NA_values_pruned_rows"/>
    <testcase time="0.0279999999999916" classname="fda_table_15" name="Table_15_generation_works_with_NA_values_pruned_rows"/>
    <testcase time="0.197000000000003" classname="fda_table_15" name="Table_15_generation_works_with_NA_values_pruned_rows"/>
    <testcase time="0.0940000000000083" classname="fda_table_15" name="Table_15_generation_works_with_NA_values_pruned_rows">
      <skipped message="Reason: On CRAN ('test-fda-table_15.R:58:3')"/>
    </testcase>
    <testcase time="0.0139999999999958" classname="fda_table_15" name="Table_15_generation_works_with_risk_difference_column"/>
    <testcase time="0.0289999999999964" classname="fda_table_15" name="Table_15_generation_works_with_risk_difference_column"/>
    <testcase time="0.236000000000004" classname="fda_table_15" name="Table_15_generation_works_with_risk_difference_column"/>
    <testcase time="0.116" classname="fda_table_15" name="Table_15_generation_works_with_risk_difference_column">
      <skipped message="Reason: On CRAN ('test-fda-table_15.R:66:3')"/>
    </testcase>
  </testsuite>
  <testsuite name="fda-table_16" timestamp="2025-04-22T06:41:54Z" hostname="1cc3f16e2da4" tests="16" skipped="4" failures="0" errors="0" time="1.223">
    <testcase time="0.019999999999996" classname="fda_table_16" name="Table_16_generation_works_with_default_values"/>
    <testcase time="0.0259999999999962" classname="fda_table_16" name="Table_16_generation_works_with_default_values"/>
    <testcase time="0.202000000000012" classname="fda_table_16" name="Table_16_generation_works_with_default_values"/>
    <testcase time="0.0549999999999926" classname="fda_table_16" name="Table_16_generation_works_with_default_values">
      <skipped message="Reason: On CRAN ('test-fda-table_16.R:19:3')"/>
    </testcase>
    <testcase time="0.0130000000000052" classname="fda_table_16" name="Table_16_generation_works_with_custom_values"/>
    <testcase time="0.027000000000001" classname="fda_table_16" name="Table_16_generation_works_with_custom_values"/>
    <testcase time="0.196999999999989" classname="fda_table_16" name="Table_16_generation_works_with_custom_values"/>
    <testcase time="0.054000000000002" classname="fda_table_16" name="Table_16_generation_works_with_custom_values">
      <skipped message="Reason: On CRAN ('test-fda-table_16.R:51:3')"/>
    </testcase>
    <testcase time="0.01400000000001" classname="fda_table_16" name="Table_16_generation_works_with_NA_values_pruned_rows"/>
    <testcase time="0.0309999999999917" classname="fda_table_16" name="Table_16_generation_works_with_NA_values_pruned_rows"/>
    <testcase time="0.189999999999998" classname="fda_table_16" name="Table_16_generation_works_with_NA_values_pruned_rows"/>
    <testcase time="0.0580000000000069" classname="fda_table_16" name="Table_16_generation_works_with_NA_values_pruned_rows">
      <skipped message="Reason: On CRAN ('test-fda-table_16.R:58:3')"/>
    </testcase>
    <testcase time="0.012999999999991" classname="fda_table_16" name="Table_16_generation_works_with_risk_difference_column"/>
    <testcase time="0.0259999999999962" classname="fda_table_16" name="Table_16_generation_works_with_risk_difference_column"/>
    <testcase time="0.234000000000009" classname="fda_table_16" name="Table_16_generation_works_with_risk_difference_column"/>
    <testcase time="0.0630000000000024" classname="fda_table_16" name="Table_16_generation_works_with_risk_difference_column">
      <skipped message="Reason: On CRAN ('test-fda-table_16.R:66:3')"/>
    </testcase>
  </testsuite>
  <testsuite name="fda-table_17" timestamp="2025-04-22T06:41:55Z" hostname="1cc3f16e2da4" tests="16" skipped="4" failures="0" errors="0" time="2.112">
    <testcase time="0.0210000000000008" classname="fda_table_17" name="Table_17_generation_works_with_default_values"/>
    <testcase time="0.0300000000000011" classname="fda_table_17" name="Table_17_generation_works_with_default_values"/>
    <testcase time="0.296999999999997" classname="fda_table_17" name="Table_17_generation_works_with_default_values"/>
    <testcase time="0.155999999999992" classname="fda_table_17" name="Table_17_generation_works_with_default_values">
      <skipped message="Reason: On CRAN ('test-fda-table_17.R:25:3')"/>
    </testcase>
    <testcase time="0.0130000000000052" classname="fda_table_17" name="Table_17_generation_works_with_custom_values"/>
    <testcase time="0.0349999999999966" classname="fda_table_17" name="Table_17_generation_works_with_custom_values"/>
    <testcase time="0.298000000000002" classname="fda_table_17" name="Table_17_generation_works_with_custom_values"/>
    <testcase time="0.162999999999997" classname="fda_table_17" name="Table_17_generation_works_with_custom_values">
      <skipped message="Reason: On CRAN ('test-fda-table_17.R:57:3')"/>
    </testcase>
    <testcase time="0.0130000000000052" classname="fda_table_17" name="Table_17_generation_works_with_NA_values_pruned_rows"/>
    <testcase time="0.0300000000000011" classname="fda_table_17" name="Table_17_generation_works_with_NA_values_pruned_rows"/>
    <testcase time="0.298999999999992" classname="fda_table_17" name="Table_17_generation_works_with_NA_values_pruned_rows"/>
    <testcase time="0.164000000000001" classname="fda_table_17" name="Table_17_generation_works_with_NA_values_pruned_rows">
      <skipped message="Reason: On CRAN ('test-fda-table_17.R:64:3')"/>
    </testcase>
    <testcase time="0.01400000000001" classname="fda_table_17" name="Table_17_generation_works_with_risk_difference_column"/>
    <testcase time="0.0309999999999917" classname="fda_table_17" name="Table_17_generation_works_with_risk_difference_column"/>
    <testcase time="0.359000000000009" classname="fda_table_17" name="Table_17_generation_works_with_risk_difference_column"/>
    <testcase time="0.188999999999993" classname="fda_table_17" name="Table_17_generation_works_with_risk_difference_column">
      <skipped message="Reason: On CRAN ('test-fda-table_17.R:72:3')"/>
    </testcase>
  </testsuite>
  <testsuite name="fda-table_18" timestamp="2025-04-22T06:41:57Z" hostname="1cc3f16e2da4" tests="16" skipped="4" failures="0" errors="0" time="1.786">
    <testcase time="0.019999999999996" classname="fda_table_18" name="Table_18_generation_works_with_default_values"/>
    <testcase time="0.0260000000000105" classname="fda_table_18" name="Table_18_generation_works_with_default_values"/>
    <testcase time="0.320999999999998" classname="fda_table_18" name="Table_18_generation_works_with_default_values"/>
    <testcase time="0.0819999999999936" classname="fda_table_18" name="Table_18_generation_works_with_default_values">
      <skipped message="Reason: On CRAN ('test-fda-table_18.R:25:3')"/>
    </testcase>
    <testcase time="0.0169999999999959" classname="fda_table_18" name="Table_18_generation_works_with_custom_values"/>
    <testcase time="0.0280000000000058" classname="fda_table_18" name="Table_18_generation_works_with_custom_values"/>
    <testcase time="0.302999999999997" classname="fda_table_18" name="Table_18_generation_works_with_custom_values"/>
    <testcase time="0.0750000000000028" classname="fda_table_18" name="Table_18_generation_works_with_custom_values">
      <skipped message="Reason: On CRAN ('test-fda-table_18.R:57:3')"/>
    </testcase>
    <testcase time="0.0139999999999958" classname="fda_table_18" name="Table_18_generation_works_with_NA_values_pruned_rows"/>
    <testcase time="0.027000000000001" classname="fda_table_18" name="Table_18_generation_works_with_NA_values_pruned_rows"/>
    <testcase time="0.302999999999997" classname="fda_table_18" name="Table_18_generation_works_with_NA_values_pruned_rows"/>
    <testcase time="0.0750000000000028" classname="fda_table_18" name="Table_18_generation_works_with_NA_values_pruned_rows">
      <skipped message="Reason: On CRAN ('test-fda-table_18.R:64:3')"/>
    </testcase>
    <testcase time="0.0130000000000052" classname="fda_table_18" name="Table_18_generation_works_with_risk_difference_column"/>
    <testcase time="0.0279999999999916" classname="fda_table_18" name="Table_18_generation_works_with_risk_difference_column"/>
    <testcase time="0.369" classname="fda_table_18" name="Table_18_generation_works_with_risk_difference_column"/>
    <testcase time="0.085000000000008" classname="fda_table_18" name="Table_18_generation_works_with_risk_difference_column">
      <skipped message="Reason: On CRAN ('test-fda-table_18.R:72:3')"/>
    </testcase>
  </testsuite>
  <testsuite name="fda-table_20" timestamp="2025-04-22T06:41:59Z" hostname="1cc3f16e2da4" tests="24" skipped="4" failures="0" errors="0" time="2.12">
    <testcase time="0.0220000000000056" classname="fda_table_20" name="Table_20_generation_works_with_default_values"/>
    <testcase time="0.000999999999990564" classname="fda_table_20" name="Table_20_generation_works_with_default_values"/>
    <testcase time="0.00100000000000477" classname="fda_table_20" name="Table_20_generation_works_with_default_values"/>
    <testcase time="0.0300000000000011" classname="fda_table_20" name="Table_20_generation_works_with_default_values"/>
    <testcase time="0.323999999999998" classname="fda_table_20" name="Table_20_generation_works_with_default_values"/>
    <testcase time="0.0930000000000035" classname="fda_table_20" name="Table_20_generation_works_with_default_values">
      <skipped message="Reason: On CRAN ('test-fda-table_20.R:17:3')"/>
    </testcase>
    <testcase time="0.0150000000000006" classname="fda_table_20" name="Table_20_generation_works_with_custom_values"/>
    <testcase time="0.000999999999990564" classname="fda_table_20" name="Table_20_generation_works_with_custom_values"/>
    <testcase time="0.00200000000000955" classname="fda_table_20" name="Table_20_generation_works_with_custom_values"/>
    <testcase time="0.0300000000000011" classname="fda_table_20" name="Table_20_generation_works_with_custom_values"/>
    <testcase time="0.464999999999989" classname="fda_table_20" name="Table_20_generation_works_with_custom_values"/>
    <testcase time="0.118000000000009" classname="fda_table_20" name="Table_20_generation_works_with_custom_values">
      <skipped message="Reason: On CRAN ('test-fda-table_20.R:65:3')"/>
    </testcase>
    <testcase time="0.0139999999999958" classname="fda_table_20" name="Table_20_generation_works_with_missing_values_pruned_rows"/>
    <testcase time="0.00199999999999534" classname="fda_table_20" name="Table_20_generation_works_with_missing_values_pruned_rows"/>
    <testcase time="0.00100000000000477" classname="fda_table_20" name="Table_20_generation_works_with_missing_values_pruned_rows"/>
    <testcase time="0.0310000000000059" classname="fda_table_20" name="Table_20_generation_works_with_missing_values_pruned_rows"/>
    <testcase time="0.309999999999988" classname="fda_table_20" name="Table_20_generation_works_with_missing_values_pruned_rows"/>
    <testcase time="0.0970000000000084" classname="fda_table_20" name="Table_20_generation_works_with_missing_values_pruned_rows">
      <skipped message="Reason: On CRAN ('test-fda-table_20.R:74:3')"/>
    </testcase>
    <testcase time="0.0150000000000006" classname="fda_table_20" name="Table_20_generation_works_with_risk_difference_column"/>
    <testcase time="0.000999999999990564" classname="fda_table_20" name="Table_20_generation_works_with_risk_difference_column"/>
    <testcase time="0.00200000000000955" classname="fda_table_20" name="Table_20_generation_works_with_risk_difference_column"/>
    <testcase time="0.0309999999999917" classname="fda_table_20" name="Table_20_generation_works_with_risk_difference_column"/>
    <testcase time="0.413000000000011" classname="fda_table_20" name="Table_20_generation_works_with_risk_difference_column"/>
    <testcase time="0.100999999999999" classname="fda_table_20" name="Table_20_generation_works_with_risk_difference_column">
      <skipped message="Reason: On CRAN ('test-fda-table_20.R:82:3')"/>
    </testcase>
  </testsuite>
  <testsuite name="fda-table_21" timestamp="2025-04-22T06:42:01Z" hostname="1cc3f16e2da4" tests="19" skipped="4" failures="0" errors="0" time="1.922">
    <testcase time="0.0279999999999916" classname="fda_table_21" name="Table_21_generation_works_with_default_values"/>
    <testcase time="0.00100000000000477" classname="fda_table_21" name="Table_21_generation_works_with_default_values"/>
    <testcase time="0.393000000000001" classname="fda_table_21" name="Table_21_generation_works_with_default_values"/>
    <testcase time="0.109999999999999" classname="fda_table_21" name="Table_21_generation_works_with_default_values">
      <skipped message="Reason: On CRAN ('test-fda-table_21.R:16:3')"/>
    </testcase>
    <testcase time="0.0159999999999911" classname="fda_table_21" name="Table_21_generation_works_with_custom_values_N_s_denominator_and_overall_column"/>
    <testcase time="0.00100000000000477" classname="fda_table_21" name="Table_21_generation_works_with_custom_values_N_s_denominator_and_overall_column"/>
    <testcase time="0.0510000000000019" classname="fda_table_21" name="Table_21_generation_works_with_custom_values_N_s_denominator_and_overall_column"/>
    <testcase time="0.453999999999994" classname="fda_table_21" name="Table_21_generation_works_with_custom_values_N_s_denominator_and_overall_column"/>
    <testcase time="0.138000000000005" classname="fda_table_21" name="Table_21_generation_works_with_custom_values_N_s_denominator_and_overall_column">
      <skipped message="Reason: On CRAN ('test-fda-table_21.R:28:3')"/>
    </testcase>
    <testcase time="0.0130000000000052" classname="fda_table_21" name="Table_21_generation_works_with_custom_values_N_col_denominator_and_no_overall_column"/>
    <testcase time="0.000999999999990564" classname="fda_table_21" name="Table_21_generation_works_with_custom_values_N_col_denominator_and_no_overall_column"/>
    <testcase time="0.034000000000006" classname="fda_table_21" name="Table_21_generation_works_with_custom_values_N_col_denominator_and_no_overall_column"/>
    <testcase time="0.233999999999995" classname="fda_table_21" name="Table_21_generation_works_with_custom_values_N_col_denominator_and_no_overall_column"/>
    <testcase time="0.0960000000000036" classname="fda_table_21" name="Table_21_generation_works_with_custom_values_N_col_denominator_and_no_overall_column">
      <skipped message="Reason: On CRAN ('test-fda-table_21.R:56:3')"/>
    </testcase>
    <testcase time="0.0439999999999969" classname="fda_table_21" name="Table_21_generation_works_with_some_NA_values"/>
    <testcase time="0.00200000000000955" classname="fda_table_21" name="Table_21_generation_works_with_some_NA_values"/>
    <testcase time="0.0309999999999917" classname="fda_table_21" name="Table_21_generation_works_with_some_NA_values"/>
    <testcase time="0.189999999999998" classname="fda_table_21" name="Table_21_generation_works_with_some_NA_values"/>
    <testcase time="0.085000000000008" classname="fda_table_21" name="Table_21_generation_works_with_some_NA_values">
      <skipped message="Reason: On CRAN ('test-fda-table_21.R:76:3')"/>
    </testcase>
  </testsuite>
  <testsuite name="fda-table_22" timestamp="2025-04-22T06:42:03Z" hostname="1cc3f16e2da4" tests="8" skipped="4" failures="0" errors="0" time="1.888">
    <testcase time="0.406999999999996" classname="fda_table_22" name="Table_22_generation_works_with_default_values"/>
    <testcase time="0.117999999999995" classname="fda_table_22" name="Table_22_generation_works_with_default_values">
      <skipped message="Reason: On CRAN ('test-fda-table_22.R:21:3')"/>
    </testcase>
    <testcase time="0.521000000000001" classname="fda_table_22" name="Table_22_generation_works_with_custom_values_N_s_denominator_and_overall_column"/>
    <testcase time="0.13000000000001" classname="fda_table_22" name="Table_22_generation_works_with_custom_values_N_s_denominator_and_overall_column">
      <skipped message="Reason: On CRAN ('test-fda-table_22.R:33:3')"/>
    </testcase>
    <testcase time="0.275999999999996" classname="fda_table_22" name="Table_22_generation_works_with_custom_values_N_col_denominator_and_no_overall_column"/>
    <testcase time="0.0949999999999989" classname="fda_table_22" name="Table_22_generation_works_with_custom_values_N_col_denominator_and_no_overall_column">
      <skipped message="Reason: On CRAN ('test-fda-table_22.R:61:3')"/>
    </testcase>
    <testcase time="0.260000000000005" classname="fda_table_22" name="Table_22_generation_works_with_some_NA_values"/>
    <testcase time="0.0810000000000031" classname="fda_table_22" name="Table_22_generation_works_with_some_NA_values">
      <skipped message="Reason: On CRAN ('test-fda-table_22.R:81:3')"/>
    </testcase>
  </testsuite>
  <testsuite name="fda-table_32" timestamp="2025-04-22T06:42:05Z" hostname="1cc3f16e2da4" tests="27" skipped="7" failures="0" errors="0" time="4.769">
    <testcase time="0.0510000000000019" classname="fda_table_32" name="Table_32_generation_works_with_default_values"/>
    <testcase time="0.102000000000004" classname="fda_table_32" name="Table_32_generation_works_with_default_values"/>
    <testcase time="0.948999999999998" classname="fda_table_32" name="Table_32_generation_works_with_default_values"/>
    <testcase time="0.00199999999999534" classname="fda_table_32" name="Table_32_generation_works_with_default_values"/>
    <testcase time="0.0460000000000065" classname="fda_table_32" name="Table_32_generation_works_with_default_values">
      <skipped message="Reason: On CRAN ('test-fda-table_32.R:17:3')"/>
    </testcase>
    <testcase time="0.0240000000000009" classname="fda_table_32" name="Table_32_generation_works_with_custom_values"/>
    <testcase time="0.109999999999999" classname="fda_table_32" name="Table_32_generation_works_with_custom_values"/>
    <testcase time="1.44799999999999" classname="fda_table_32" name="Table_32_generation_works_with_custom_values"/>
    <testcase time="0.00200000000000955" classname="fda_table_32" name="Table_32_generation_works_with_custom_values"/>
    <testcase time="0.0489999999999924" classname="fda_table_32" name="Table_32_generation_works_with_custom_values">
      <skipped message="Reason: On CRAN ('test-fda-table_32.R:32:3')"/>
    </testcase>
    <testcase time="0.0160000000000053" classname="fda_table_32" name="Table_32_generation_missing_values_and_ADSL"/>
    <testcase time="1.09999999999999" classname="fda_table_32" name="Table_32_generation_missing_values_and_ADSL"/>
    <testcase time="0.00100000000000477" classname="fda_table_32" name="Table_32_generation_missing_values_and_ADSL"/>
    <testcase time="0.00300000000000011" classname="fda_table_32" name="Table_32_generation_missing_values_and_ADSL"/>
    <testcase time="0.0489999999999924" classname="fda_table_32" name="Table_32_generation_missing_values_and_ADSL">
      <skipped message="Reason: On CRAN ('test-fda-table_32.R:47:3')"/>
    </testcase>
    <testcase time="0.0150000000000006" classname="fda_table_32" name="Table_32_generation_works_with_default_values"/>
    <testcase time="0.106999999999999" classname="fda_table_32" name="Table_32_generation_works_with_default_values"/>
    <testcase time="0.0520000000000067" classname="fda_table_32" name="Table_32_generation_works_with_default_values">
      <skipped message="Reason: On CRAN ('test-fda-table_32.R:63:3')"/>
    </testcase>
    <testcase time="0.0279999999999916" classname="fda_table_32" name="Table_32_generation_works_with_custom_values"/>
    <testcase time="0.138000000000005" classname="fda_table_32" name="Table_32_generation_works_with_custom_values"/>
    <testcase time="0.0640000000000072" classname="fda_table_32" name="Table_32_generation_works_with_custom_values">
      <skipped message="Reason: On CRAN ('test-fda-table_32.R:85:3')"/>
    </testcase>
    <testcase time="0.0159999999999911" classname="fda_table_32" name="Table_32_generation_works_with_pruned_rows"/>
    <testcase time="0.128" classname="fda_table_32" name="Table_32_generation_works_with_pruned_rows"/>
    <testcase time="0.0490000000000066" classname="fda_table_32" name="Table_32_generation_works_with_pruned_rows">
      <skipped message="Reason: On CRAN ('test-fda-table_32.R:96:3')"/>
    </testcase>
    <testcase time="0.0169999999999959" classname="fda_table_32" name="Table_32_generation_works_with_risk_difference_column"/>
    <testcase time="0.140000000000001" classname="fda_table_32" name="Table_32_generation_works_with_risk_difference_column"/>
    <testcase time="0.0630000000000024" classname="fda_table_32" name="Table_32_generation_works_with_risk_difference_column">
      <skipped message="Reason: On CRAN ('test-fda-table_32.R:108:3')"/>
    </testcase>
  </testsuite>
  <testsuite name="fda-table_33" timestamp="2025-04-22T06:42:10Z" hostname="1cc3f16e2da4" tests="27" skipped="7" failures="0" errors="0" time="5.161">
    <testcase time="0.054000000000002" classname="fda_table_33" name="Table_33_generation_works_with_default_values"/>
    <testcase time="0.291999999999987" classname="fda_table_33" name="Table_33_generation_works_with_default_values"/>
    <testcase time="0.749000000000009" classname="fda_table_33" name="Table_33_generation_works_with_default_values"/>
    <testcase time="0.00300000000000011" classname="fda_table_33" name="Table_33_generation_works_with_default_values"/>
    <testcase time="0.0510000000000019" classname="fda_table_33" name="Table_33_generation_works_with_default_values">
      <skipped message="Reason: On CRAN ('test-fda-table_33.R:17:3')"/>
    </testcase>
    <testcase time="0.019999999999996" classname="fda_table_33" name="Table_33_generation_works_with_custom_values"/>
    <testcase time="0.296000000000006" classname="fda_table_33" name="Table_33_generation_works_with_custom_values"/>
    <testcase time="1.10499999999999" classname="fda_table_33" name="Table_33_generation_works_with_custom_values"/>
    <testcase time="0.00200000000000955" classname="fda_table_33" name="Table_33_generation_works_with_custom_values"/>
    <testcase time="0.0509999999999877" classname="fda_table_33" name="Table_33_generation_works_with_custom_values">
      <skipped message="Reason: On CRAN ('test-fda-table_33.R:32:3')"/>
    </testcase>
    <testcase time="0.0150000000000006" classname="fda_table_33" name="Table_33_generation_missing_values_and_ADSL"/>
    <testcase time="0.292000000000002" classname="fda_table_33" name="Table_33_generation_missing_values_and_ADSL"/>
    <testcase time="0.719999999999999" classname="fda_table_33" name="Table_33_generation_missing_values_and_ADSL"/>
    <testcase time="0.00200000000000955" classname="fda_table_33" name="Table_33_generation_missing_values_and_ADSL"/>
    <testcase time="0.0589999999999975" classname="fda_table_33" name="Table_33_generation_missing_values_and_ADSL">
      <skipped message="Reason: On CRAN ('test-fda-table_33.R:47:3')"/>
    </testcase>
    <testcase time="0.0159999999999911" classname="fda_table_33" name="Table_33_generation_works_with_default_values"/>
    <testcase time="0.279000000000011" classname="fda_table_33" name="Table_33_generation_works_with_default_values"/>
    <testcase time="0.039999999999992" classname="fda_table_33" name="Table_33_generation_works_with_default_values">
      <skipped message="Reason: On CRAN ('test-fda-table_33.R:64:3')"/>
    </testcase>
    <testcase time="0.0160000000000053" classname="fda_table_33" name="Table_33_generation_works_with_custom_values"/>
    <testcase time="0.319999999999993" classname="fda_table_33" name="Table_33_generation_works_with_custom_values"/>
    <testcase time="0.0550000000000068" classname="fda_table_33" name="Table_33_generation_works_with_custom_values">
      <skipped message="Reason: On CRAN ('test-fda-table_33.R:87:3')"/>
    </testcase>
    <testcase time="0.0210000000000008" classname="fda_table_33" name="Table_33_generation_works_with_pruned_rows"/>
    <testcase time="0.293999999999997" classname="fda_table_33" name="Table_33_generation_works_with_pruned_rows"/>
    <testcase time="0.0400000000000063" classname="fda_table_33" name="Table_33_generation_works_with_pruned_rows">
      <skipped message="Reason: On CRAN ('test-fda-table_33.R:99:3')"/>
    </testcase>
    <testcase time="0.0159999999999911" classname="fda_table_33" name="Table_33_generation_works_with_risk_difference_column"/>
    <testcase time="0.305000000000007" classname="fda_table_33" name="Table_33_generation_works_with_risk_difference_column"/>
    <testcase time="0.0480000000000018" classname="fda_table_33" name="Table_33_generation_works_with_risk_difference_column">
      <skipped message="Reason: On CRAN ('test-fda-table_33.R:112:3')"/>
    </testcase>
  </testsuite>
  <testsuite name="fda-table_34" timestamp="2025-04-22T06:42:15Z" hostname="1cc3f16e2da4" tests="12" skipped="3" failures="0" errors="0" time="4.449">
    <testcase time="0.0219999999999914" classname="fda_table_34" name="Table_34_generation_works_with_default_values"/>
    <testcase time="0.0290000000000106" classname="fda_table_34" name="Table_34_generation_works_with_default_values"/>
    <testcase time="1.40899999999999" classname="fda_table_34" name="Table_34_generation_works_with_default_values"/>
    <testcase time="0.242000000000004" classname="fda_table_34" name="Table_34_generation_works_with_default_values">
      <skipped message="Reason: On CRAN ('test-fda-table_34.R:17:3')"/>
    </testcase>
    <testcase time="0.0139999999999958" classname="fda_table_34" name="Table_34_generation_works_with_custom_values"/>
    <testcase time="0.0250000000000057" classname="fda_table_34" name="Table_34_generation_works_with_custom_values"/>
    <testcase time="0.504999999999995" classname="fda_table_34" name="Table_34_generation_works_with_custom_values"/>
    <testcase time="0.106999999999999" classname="fda_table_34" name="Table_34_generation_works_with_custom_values">
      <skipped message="Reason: On CRAN ('test-fda-table_34.R:49:3')"/>
    </testcase>
    <testcase time="0.0139999999999958" classname="fda_table_34" name="Table_34_generation_works_with_risk_difference_column"/>
    <testcase time="0.0280000000000058" classname="fda_table_34" name="Table_34_generation_works_with_risk_difference_column"/>
    <testcase time="1.77500000000001" classname="fda_table_34" name="Table_34_generation_works_with_risk_difference_column"/>
    <testcase time="0.278999999999996" classname="fda_table_34" name="Table_34_generation_works_with_risk_difference_column">
      <skipped message="Reason: On CRAN ('test-fda-table_34.R:57:3')"/>
    </testcase>
  </testsuite>
  <testsuite name="fda-table_35" timestamp="2025-04-22T06:42:19Z" hostname="1cc3f16e2da4" tests="40" skipped="8" failures="0" errors="0" time="4.307">
    <testcase time="0.0279999999999916" classname="fda_table_35" name="Table_35_generation_works_with_default_values"/>
    <testcase time="0.0830000000000126" classname="fda_table_35" name="Table_35_generation_works_with_default_values"/>
    <testcase time="0.039999999999992" classname="fda_table_35" name="Table_35_generation_works_with_default_values"/>
    <testcase time="0.0390000000000015" classname="fda_table_35" name="Table_35_generation_works_with_default_values"/>
    <testcase time="0.778000000000006" classname="fda_table_35" name="Table_35_generation_works_with_default_values"/>
    <testcase time="0.148999999999987" classname="fda_table_35" name="Table_35_generation_works_with_default_values">
      <skipped message="Reason: On CRAN ('test-fda-table_35.R:9:3')"/>
    </testcase>
    <testcase time="0.01400000000001" classname="fda_table_35" name="Table_35_generation_works_with_gtsummary_with_custom_values"/>
    <testcase time="0.0349999999999966" classname="fda_table_35" name="Table_35_generation_works_with_gtsummary_with_custom_values"/>
    <testcase time="0.054000000000002" classname="fda_table_35" name="Table_35_generation_works_with_gtsummary_with_custom_values"/>
    <testcase time="0.0379999999999967" classname="fda_table_35" name="Table_35_generation_works_with_gtsummary_with_custom_values"/>
    <testcase time="0.0559999999999974" classname="fda_table_35" name="Table_35_generation_works_with_gtsummary_with_custom_values"/>
    <testcase time="0.647000000000006" classname="fda_table_35" name="Table_35_generation_works_with_gtsummary_with_custom_values"/>
    <testcase time="0.131999999999991" classname="fda_table_35" name="Table_35_generation_works_with_gtsummary_with_custom_values">
      <skipped message="Reason: On CRAN ('test-fda-table_35.R:28:3')"/>
    </testcase>
    <testcase time="0.0150000000000006" classname="fda_table_35" name="Table_35_generation_works_with_gtsummary_missing_values"/>
    <testcase time="0.0349999999999966" classname="fda_table_35" name="Table_35_generation_works_with_gtsummary_missing_values"/>
    <testcase time="0.0720000000000027" classname="fda_table_35" name="Table_35_generation_works_with_gtsummary_missing_values"/>
    <testcase time="0.0379999999999967" classname="fda_table_35" name="Table_35_generation_works_with_gtsummary_missing_values"/>
    <testcase time="0.0390000000000015" classname="fda_table_35" name="Table_35_generation_works_with_gtsummary_missing_values"/>
    <testcase time="0.659999999999997" classname="fda_table_35" name="Table_35_generation_works_with_gtsummary_missing_values"/>
    <testcase time="0.147000000000006" classname="fda_table_35" name="Table_35_generation_works_with_gtsummary_missing_values">
      <skipped message="Reason: On CRAN ('test-fda-table_35.R:39:3')"/>
    </testcase>
    <testcase time="0.0139999999999958" classname="fda_table_35" name="Table_35_generation_works_with_custom_values"/>
    <testcase time="0.0360000000000014" classname="fda_table_35" name="Table_35_generation_works_with_custom_values"/>
    <testcase time="0.113" classname="fda_table_35" name="Table_35_generation_works_with_custom_values"/>
    <testcase time="0.0880000000000081" classname="fda_table_35" name="Table_35_generation_works_with_custom_values">
      <skipped message="Reason: On CRAN ('test-fda-table_35.R:72:3')"/>
    </testcase>
    <testcase time="0.0139999999999958" classname="fda_table_35" name="Table_35_generation_works_with_risk_difference_column"/>
    <testcase time="0.0360000000000014" classname="fda_table_35" name="Table_35_generation_works_with_risk_difference_column"/>
    <testcase time="0.108999999999995" classname="fda_table_35" name="Table_35_generation_works_with_risk_difference_column"/>
    <testcase time="0.0859999999999985" classname="fda_table_35" name="Table_35_generation_works_with_risk_difference_column">
      <skipped message="Reason: On CRAN ('test-fda-table_35.R:80:3')"/>
    </testcase>
    <testcase time="0.0430000000000064" classname="fda_table_35" name="Table_35_generation_works_with_some_NA_values"/>
    <testcase time="0.0339999999999918" classname="fda_table_35" name="Table_35_generation_works_with_some_NA_values"/>
    <testcase time="0.0940000000000083" classname="fda_table_35" name="Table_35_generation_works_with_some_NA_values"/>
    <testcase time="0.0829999999999984" classname="fda_table_35" name="Table_35_generation_works_with_some_NA_values">
      <skipped message="Reason: On CRAN ('test-fda-table_35.R:91:3')"/>
    </testcase>
    <testcase time="0.0139999999999958" classname="fda_table_35" name="Table_35_generation_works_with_custom_values_SOC_variable_and_label_"/>
    <testcase time="0.0349999999999966" classname="fda_table_35" name="Table_35_generation_works_with_custom_values_SOC_variable_and_label_"/>
    <testcase time="0.109999999999999" classname="fda_table_35" name="Table_35_generation_works_with_custom_values_SOC_variable_and_label_"/>
    <testcase time="0.0880000000000081" classname="fda_table_35" name="Table_35_generation_works_with_custom_values_SOC_variable_and_label_">
      <skipped message="Reason: On CRAN ('test-fda-table_35.R:104:3')"/>
    </testcase>
    <testcase time="0.0150000000000006" classname="fda_table_35" name="Table_35_generation_works_with_pruning"/>
    <testcase time="0.0349999999999966" classname="fda_table_35" name="Table_35_generation_works_with_pruning"/>
    <testcase time="0.0930000000000035" classname="fda_table_35" name="Table_35_generation_works_with_pruning"/>
    <testcase time="0.0679999999999978" classname="fda_table_35" name="Table_35_generation_works_with_pruning">
      <skipped message="Reason: On CRAN ('test-fda-table_35.R:112:3')"/>
    </testcase>
  </testsuite>
  <testsuite name="fda-table_36" timestamp="2025-04-22T06:42:24Z" hostname="1cc3f16e2da4" tests="18" skipped="6" failures="0" errors="0" time="4.252">
    <testcase time="0.063999999999993" classname="fda_table_36" name="Table_36_generation_works_with_default_values"/>
    <testcase time="0.347000000000008" classname="fda_table_36" name="Table_36_generation_works_with_default_values"/>
    <testcase time="0.212999999999994" classname="fda_table_36" name="Table_36_generation_works_with_default_values">
      <skipped message="Reason: On CRAN ('test-fda-table_36.R:8:3')"/>
    </testcase>
    <testcase time="0.0460000000000065" classname="fda_table_36" name="Table_36_generation_works_with_custom_values"/>
    <testcase time="0.638999999999996" classname="fda_table_36" name="Table_36_generation_works_with_custom_values"/>
    <testcase time="0.221000000000004" classname="fda_table_36" name="Table_36_generation_works_with_custom_values">
      <skipped message="Reason: On CRAN ('test-fda-table_36.R:39:3')"/>
    </testcase>
    <testcase time="0.0449999999999875" classname="fda_table_36" name="Table_36_generation_works_with_risk_difference_column"/>
    <testcase time="0.402000000000001" classname="fda_table_36" name="Table_36_generation_works_with_risk_difference_column"/>
    <testcase time="0.222000000000008" classname="fda_table_36" name="Table_36_generation_works_with_risk_difference_column">
      <skipped message="Reason: On CRAN ('test-fda-table_36.R:47:3')"/>
    </testcase>
    <testcase time="0.0459999999999923" classname="fda_table_36" name="Table_36_generation_works_with_some_NA_values"/>
    <testcase time="0.325000000000003" classname="fda_table_36" name="Table_36_generation_works_with_some_NA_values"/>
    <testcase time="0.194000000000003" classname="fda_table_36" name="Table_36_generation_works_with_some_NA_values">
      <skipped message="Reason: On CRAN ('test-fda-table_36.R:57:3')"/>
    </testcase>
    <testcase time="0.0459999999999923" classname="fda_table_36" name="Table_36_generation_works_with_custom_values_SOC_variable_and_label_"/>
    <testcase time="0.626000000000005" classname="fda_table_36" name="Table_36_generation_works_with_custom_values_SOC_variable_and_label_"/>
    <testcase time="0.350000000000009" classname="fda_table_36" name="Table_36_generation_works_with_custom_values_SOC_variable_and_label_">
      <skipped message="Reason: On CRAN ('test-fda-table_36.R:70:3')"/>
    </testcase>
    <testcase time="0.0529999999999973" classname="fda_table_36" name="Table_36_generation_works_with_pruning"/>
    <testcase time="0.323999999999998" classname="fda_table_36" name="Table_36_generation_works_with_pruning"/>
    <testcase time="0.0889999999999986" classname="fda_table_36" name="Table_36_generation_works_with_pruning">
      <skipped message="Reason: On CRAN ('test-fda-table_36.R:77:3')"/>
    </testcase>
  </testsuite>
  <testsuite name="fda-table_38" timestamp="2025-04-22T06:42:28Z" hostname="1cc3f16e2da4" tests="12" skipped="3" failures="0" errors="0" time="2.251">
    <testcase time="0.027000000000001" classname="fda_table_38" name="Table_38_generation_works_with_default_values"/>
    <testcase time="0.0249999999999915" classname="fda_table_38" name="Table_38_generation_works_with_default_values"/>
    <testcase time="0.326999999999998" classname="fda_table_38" name="Table_38_generation_works_with_default_values"/>
    <testcase time="0.0970000000000084" classname="fda_table_38" name="Table_38_generation_works_with_default_values">
      <skipped message="Reason: On CRAN ('test-fda-table_38.R:18:3')"/>
    </testcase>
    <testcase time="0.0139999999999958" classname="fda_table_38" name="Table_38_generation_works_with_custom_values"/>
    <testcase time="0.0319999999999965" classname="fda_table_38" name="Table_38_generation_works_with_custom_values"/>
    <testcase time="0.909999999999997" classname="fda_table_38" name="Table_38_generation_works_with_custom_values"/>
    <testcase time="0.236000000000004" classname="fda_table_38" name="Table_38_generation_works_with_custom_values">
      <skipped message="Reason: On CRAN ('test-fda-table_38.R:48:3')"/>
    </testcase>
    <testcase time="0.0139999999999958" classname="fda_table_38" name="Table_38_generation_works_with_risk_difference_column"/>
    <testcase time="0.0260000000000105" classname="fda_table_38" name="Table_38_generation_works_with_risk_difference_column"/>
    <testcase time="0.430999999999997" classname="fda_table_38" name="Table_38_generation_works_with_risk_difference_column"/>
    <testcase time="0.111999999999995" classname="fda_table_38" name="Table_38_generation_works_with_risk_difference_column">
      <skipped message="Reason: On CRAN ('test-fda-table_38.R:56:3')"/>
    </testcase>
  </testsuite>
</testsuites>
