<?xml version="1.0" encoding="UTF-8"?>
<testsuites>
  <testsuite name="fda-fig_01" timestamp="2025-06-06T23:38:02Z" hostname="4056b2e7e5e6" tests="8" skipped="4" failures="0" errors="0" time="1.559">
    <testcase time="0.0339999999999998" classname="fda_fig_01" name="Figure_01_generation_works_with_default_values"/>
    <testcase time="0.518" classname="fda_fig_01" name="Figure_01_generation_works_with_default_values">
      <skipped message="Reason: On CI ('test-fda-fig_01.R:12:3')"/>
    </testcase>
    <testcase time="0.0349999999999997" classname="fda_fig_01" name="Figure_01_generation_works_with_no_table"/>
    <testcase time="0.044" classname="fda_fig_01" name="Figure_01_generation_works_with_no_table">
      <skipped message="Reason: On CI ('test-fda-fig_01.R:21:3')"/>
    </testcase>
    <testcase time="0.028" classname="fda_fig_01" name="Figure_01_generation_works_with_custom_values"/>
    <testcase time="0.504" classname="fda_fig_01" name="Figure_01_generation_works_with_custom_values">
      <skipped message="Reason: On CI ('test-fda-fig_01.R:37:3')"/>
    </testcase>
    <testcase time="0.0129999999999999" classname="fda_fig_01" name="Figure_01_generation_works_with_ggtheme_argument_specified"/>
    <testcase time="0.383" classname="fda_fig_01" name="Figure_01_generation_works_with_ggtheme_argument_specified">
      <skipped message="Reason: On CI ('test-fda-fig_01.R:49:3')"/>
    </testcase>
  </testsuite>
  <testsuite name="fda-fig_02" timestamp="2025-06-06T23:38:04Z" hostname="4056b2e7e5e6" tests="8" skipped="4" failures="0" errors="0" time="1.221">
    <testcase time="0.0230000000000001" classname="fda_fig_02" name="Figure_02_generation_works_with_default_values"/>
    <testcase time="0.358" classname="fda_fig_02" name="Figure_02_generation_works_with_default_values">
      <skipped message="Reason: On CI ('test-fda-fig_02.R:11:3')"/>
    </testcase>
    <testcase time="0.0140000000000002" classname="fda_fig_02" name="Figure_02_generation_works_with_no_table"/>
    <testcase time="0.0270000000000001" classname="fda_fig_02" name="Figure_02_generation_works_with_no_table">
      <skipped message="Reason: On CI ('test-fda-fig_02.R:20:3')"/>
    </testcase>
    <testcase time="0.0170000000000003" classname="fda_fig_02" name="Figure_02_generation_works_with_custom_values"/>
    <testcase time="0.399" classname="fda_fig_02" name="Figure_02_generation_works_with_custom_values">
      <skipped message="Reason: On CI ('test-fda-fig_02.R:36:3')"/>
    </testcase>
    <testcase time="0.0139999999999993" classname="fda_fig_02" name="Figure_02_generation_works_with_ggtheme_argument_specified"/>
    <testcase time="0.369000000000001" classname="fda_fig_02" name="Figure_02_generation_works_with_ggtheme_argument_specified">
      <skipped message="Reason: On CI ('test-fda-fig_02.R:48:3')"/>
    </testcase>
  </testsuite>
  <testsuite name="fda-fig_03" timestamp="2025-06-06T23:38:05Z" hostname="4056b2e7e5e6" tests="8" skipped="4" failures="0" errors="0" time="2.205">
    <testcase time="0.0299999999999994" classname="fda_fig_03" name="Figure_03_generation_works_with_default_values"/>
    <testcase time="0.61" classname="fda_fig_03" name="Figure_03_generation_works_with_default_values">
      <skipped message="Reason: On CI ('test-fda-fig_03.R:9:3')"/>
    </testcase>
    <testcase time="0.0140000000000002" classname="fda_fig_03" name="Figure_03_generation_works_with_no_table"/>
    <testcase time="0.263" classname="fda_fig_03" name="Figure_03_generation_works_with_no_table">
      <skipped message="Reason: On CI ('test-fda-fig_03.R:18:3')"/>
    </testcase>
    <testcase time="0.0129999999999999" classname="fda_fig_03" name="Figure_03_generation_works_with_custom_values"/>
    <testcase time="0.692" classname="fda_fig_03" name="Figure_03_generation_works_with_custom_values">
      <skipped message="Reason: On CI ('test-fda-fig_03.R:35:3')"/>
    </testcase>
    <testcase time="0.0129999999999999" classname="fda_fig_03" name="Figure_03_generation_works_with_ggtheme_argument_specified"/>
    <testcase time="0.57" classname="fda_fig_03" name="Figure_03_generation_works_with_ggtheme_argument_specified">
      <skipped message="Reason: On CI ('test-fda-fig_03.R:48:3')"/>
    </testcase>
  </testsuite>
  <testsuite name="fda-fig_14" timestamp="2025-06-06T23:38:07Z" hostname="4056b2e7e5e6" tests="8" skipped="4" failures="0" errors="0" time="2.147">
    <testcase time="0.016" classname="fda_fig_14" name="Figure_14_generation_works_with_default_values"/>
    <testcase time="0.694" classname="fda_fig_14" name="Figure_14_generation_works_with_default_values">
      <skipped message="Reason: On CI ('test-fda-fig_14.R:7:3')"/>
    </testcase>
    <testcase time="0.0129999999999999" classname="fda_fig_14" name="Figure_14_generation_works_with_no_table"/>
    <testcase time="0.048" classname="fda_fig_14" name="Figure_14_generation_works_with_no_table">
      <skipped message="Reason: On CI ('test-fda-fig_14.R:16:3')"/>
    </testcase>
    <testcase time="0.0169999999999995" classname="fda_fig_14" name="Figure_14_generation_works_with_custom_values"/>
    <testcase time="0.636000000000001" classname="fda_fig_14" name="Figure_14_generation_works_with_custom_values">
      <skipped message="Reason: On CI ('test-fda-fig_14.R:40:3')"/>
    </testcase>
    <testcase time="0.0139999999999993" classname="fda_fig_14" name="Figure_14_generation_works_with_ggtheme_argument_specified"/>
    <testcase time="0.709" classname="fda_fig_14" name="Figure_14_generation_works_with_ggtheme_argument_specified">
      <skipped message="Reason: On CI ('test-fda-fig_14.R:52:3')"/>
    </testcase>
  </testsuite>
  <testsuite name="fda-table_03" timestamp="2025-06-06T23:38:09Z" hostname="4056b2e7e5e6" tests="8" skipped="2" failures="0" errors="0" time="0.837">
    <testcase time="0.0190000000000001" classname="fda_table_03" name="Table_3_generation_works_with_default_values"/>
    <testcase time="0.000999999999999446" classname="fda_table_03" name="Table_3_generation_works_with_default_values"/>
    <testcase time="0.316000000000001" classname="fda_table_03" name="Table_3_generation_works_with_default_values"/>
    <testcase time="0.0830000000000002" classname="fda_table_03" name="Table_3_generation_works_with_default_values">
      <skipped message="Reason: On CRAN ('test-fda-table_03.R:21:3')"/>
    </testcase>
    <testcase time="0.0129999999999999" classname="fda_table_03" name="Table_3_generation_works_with_custom_values"/>
    <testcase time="0.000999999999999446" classname="fda_table_03" name="Table_3_generation_works_with_custom_values"/>
    <testcase time="0.256" classname="fda_table_03" name="Table_3_generation_works_with_custom_values"/>
    <testcase time="0.148" classname="fda_table_03" name="Table_3_generation_works_with_custom_values">
      <skipped message="Reason: On CRAN ('test-fda-table_03.R:41:3')"/>
    </testcase>
  </testsuite>
  <testsuite name="fda-table_04" timestamp="2025-06-06T23:38:10Z" hostname="4056b2e7e5e6" tests="9" skipped="2" failures="0" errors="0" time="0.694">
    <testcase time="0.0200000000000014" classname="fda_table_04" name="Table_04_generation_works_with_default_values"/>
    <testcase time="0.228999999999999" classname="fda_table_04" name="Table_04_generation_works_with_default_values"/>
    <testcase time="0.0860000000000003" classname="fda_table_04" name="Table_04_generation_works_with_default_values">
      <skipped message="Reason: On CRAN ('test-fda-table_04.R:17:3')"/>
    </testcase>
    <testcase time="0.0139999999999993" classname="fda_table_04" name="Table_04_generation_works_with_custom_values"/>
    <testcase time="0.00100000000000122" classname="fda_table_04" name="Table_04_generation_works_with_custom_values"/>
    <testcase time="0.000999999999999446" classname="fda_table_04" name="Table_04_generation_works_with_custom_values"/>
    <testcase time="0.000999999999999446" classname="fda_table_04" name="Table_04_generation_works_with_custom_values"/>
    <testcase time="0.262" classname="fda_table_04" name="Table_04_generation_works_with_custom_values"/>
    <testcase time="0.0800000000000001" classname="fda_table_04" name="Table_04_generation_works_with_custom_values">
      <skipped message="Reason: On CRAN ('test-fda-table_04.R:45:3')"/>
    </testcase>
  </testsuite>
  <testsuite name="fda-table_07" timestamp="2025-06-06T23:38:11Z" hostname="4056b2e7e5e6" tests="24" skipped="4" failures="0" errors="0" time="1.931">
    <testcase time="0.0289999999999999" classname="fda_table_07" name="Table_07_generation_works_with_default_values"/>
    <testcase time="0.000999999999999446" classname="fda_table_07" name="Table_07_generation_works_with_default_values"/>
    <testcase time="0.00100000000000122" classname="fda_table_07" name="Table_07_generation_works_with_default_values"/>
    <testcase time="0.0289999999999999" classname="fda_table_07" name="Table_07_generation_works_with_default_values"/>
    <testcase time="0.241999999999999" classname="fda_table_07" name="Table_07_generation_works_with_default_values"/>
    <testcase time="0.125999999999999" classname="fda_table_07" name="Table_07_generation_works_with_default_values">
      <skipped message="Reason: On CRAN ('test-fda-table_07.R:13:3')"/>
    </testcase>
    <testcase time="0.0129999999999999" classname="fda_table_07" name="Table_07_generation_works_with_custom_values"/>
    <testcase time="0.00200000000000067" classname="fda_table_07" name="Table_07_generation_works_with_custom_values"/>
    <testcase time="0.000999999999999446" classname="fda_table_07" name="Table_07_generation_works_with_custom_values"/>
    <testcase time="0.0300000000000011" classname="fda_table_07" name="Table_07_generation_works_with_custom_values"/>
    <testcase time="0.350999999999999" classname="fda_table_07" name="Table_07_generation_works_with_custom_values"/>
    <testcase time="0.148" classname="fda_table_07" name="Table_07_generation_works_with_custom_values">
      <skipped message="Reason: On CRAN ('test-fda-table_07.R:42:3')"/>
    </testcase>
    <testcase time="0.0130000000000017" classname="fda_table_07" name="Table_07_generation_works_with_NA_values_pruned_rows"/>
    <testcase time="0.00199999999999889" classname="fda_table_07" name="Table_07_generation_works_with_NA_values_pruned_rows"/>
    <testcase time="0.000999999999999446" classname="fda_table_07" name="Table_07_generation_works_with_NA_values_pruned_rows"/>
    <testcase time="0.0310000000000006" classname="fda_table_07" name="Table_07_generation_works_with_NA_values_pruned_rows"/>
    <testcase time="0.243" classname="fda_table_07" name="Table_07_generation_works_with_NA_values_pruned_rows"/>
    <testcase time="0.129" classname="fda_table_07" name="Table_07_generation_works_with_NA_values_pruned_rows">
      <skipped message="Reason: On CRAN ('test-fda-table_07.R:52:3')"/>
    </testcase>
    <testcase time="0.0150000000000006" classname="fda_table_07" name="Table_07_generation_works_with_risk_difference_column"/>
    <testcase time="0.00200000000000067" classname="fda_table_07" name="Table_07_generation_works_with_risk_difference_column"/>
    <testcase time="0.00299999999999834" classname="fda_table_07" name="Table_07_generation_works_with_risk_difference_column"/>
    <testcase time="0.0300000000000011" classname="fda_table_07" name="Table_07_generation_works_with_risk_difference_column"/>
    <testcase time="0.347" classname="fda_table_07" name="Table_07_generation_works_with_risk_difference_column"/>
    <testcase time="0.141999999999999" classname="fda_table_07" name="Table_07_generation_works_with_risk_difference_column">
      <skipped message="Reason: On CRAN ('test-fda-table_07.R:65:3')"/>
    </testcase>
  </testsuite>
  <testsuite name="fda-table_08" timestamp="2025-06-06T23:38:13Z" hostname="4056b2e7e5e6" tests="8" skipped="2" failures="0" errors="0" time="0.469">
    <testcase time="0.0180000000000007" classname="fda_table_08" name="Table_08_generation_works_with_default_values"/>
    <testcase time="0.000999999999999446" classname="fda_table_08" name="Table_08_generation_works_with_default_values"/>
    <testcase time="0.0310000000000006" classname="fda_table_08" name="Table_08_generation_works_with_default_values"/>
    <testcase time="0.164999999999999" classname="fda_table_08" name="Table_08_generation_works_with_default_values">
      <skipped message="Reason: On CRAN ('test-fda-table_08.R:10:3')"/>
    </testcase>
    <testcase time="0.0140000000000011" classname="fda_table_08" name="Table_08_generation_works_with_custom_values"/>
    <testcase time="0.000999999999999446" classname="fda_table_08" name="Table_08_generation_works_with_custom_values"/>
    <testcase time="0.0359999999999996" classname="fda_table_08" name="Table_08_generation_works_with_custom_values"/>
    <testcase time="0.203000000000001" classname="fda_table_08" name="Table_08_generation_works_with_custom_values">
      <skipped message="Reason: On CRAN ('test-fda-table_08.R:31:3')"/>
    </testcase>
  </testsuite>
  <testsuite name="fda-table_10" timestamp="2025-06-06T23:38:13Z" hostname="4056b2e7e5e6" tests="36" skipped="5" failures="0" errors="0" time="4.723">
    <testcase time="0.0250000000000004" classname="fda_table_10" name="Table_10_generation_gtsummary_works_with_default_values"/>
    <testcase time="0.0779999999999994" classname="fda_table_10" name="Table_10_generation_gtsummary_works_with_default_values"/>
    <testcase time="0.0429999999999993" classname="fda_table_10" name="Table_10_generation_gtsummary_works_with_default_values"/>
    <testcase time="0.0380000000000003" classname="fda_table_10" name="Table_10_generation_gtsummary_works_with_default_values"/>
    <testcase time="0.0410000000000004" classname="fda_table_10" name="Table_10_generation_gtsummary_works_with_default_values"/>
    <testcase time="0.048" classname="fda_table_10" name="Table_10_generation_gtsummary_works_with_default_values"/>
    <testcase time="0.00200000000000067" classname="fda_table_10" name="Table_10_generation_gtsummary_works_with_default_values"/>
    <testcase time="0.149999999999999" classname="fda_table_10" name="Table_10_generation_gtsummary_works_with_default_values"/>
    <testcase time="0.0440000000000005" classname="fda_table_10" name="Table_10_generation_gtsummary_works_with_default_values"/>
    <testcase time="0.0609999999999999" classname="fda_table_10" name="Table_10_generation_gtsummary_works_with_default_values"/>
    <testcase time="0.893000000000001" classname="fda_table_10" name="Table_10_generation_gtsummary_works_with_default_values"/>
    <testcase time="0.32" classname="fda_table_10" name="Table_10_generation_gtsummary_works_with_default_values">
      <skipped message="Reason: On CRAN ('test-fda-table_10.R:17:3')"/>
    </testcase>
    <testcase time="0.0179999999999989" classname="fda_table_10" name="Table_10_generation_gtsummary_works_with_default_values"/>
    <testcase time="0.0679999999999996" classname="fda_table_10" name="Table_10_generation_gtsummary_works_with_default_values"/>
    <testcase time="0.0390000000000015" classname="fda_table_10" name="Table_10_generation_gtsummary_works_with_default_values"/>
    <testcase time="0.0489999999999995" classname="fda_table_10" name="Table_10_generation_gtsummary_works_with_default_values"/>
    <testcase time="0.0380000000000003" classname="fda_table_10" name="Table_10_generation_gtsummary_works_with_default_values"/>
    <testcase time="0.0389999999999997" classname="fda_table_10" name="Table_10_generation_gtsummary_works_with_default_values"/>
    <testcase time="0.00200000000000067" classname="fda_table_10" name="Table_10_generation_gtsummary_works_with_default_values"/>
    <testcase time="0.151" classname="fda_table_10" name="Table_10_generation_gtsummary_works_with_default_values"/>
    <testcase time="0.0419999999999998" classname="fda_table_10" name="Table_10_generation_gtsummary_works_with_default_values"/>
    <testcase time="0.0599999999999987" classname="fda_table_10" name="Table_10_generation_gtsummary_works_with_default_values"/>
    <testcase time="0.887000000000002" classname="fda_table_10" name="Table_10_generation_gtsummary_works_with_default_values"/>
    <testcase time="0.273999999999997" classname="fda_table_10" name="Table_10_generation_gtsummary_works_with_default_values">
      <skipped message="Reason: On CRAN ('test-fda-table_10.R:24:3')"/>
    </testcase>
    <testcase time="0.0130000000000017" classname="fda_table_10" name="Table_10_generation_rtables_works_with_default_values_BROAD"/>
    <testcase time="0.0289999999999999" classname="fda_table_10" name="Table_10_generation_rtables_works_with_default_values_BROAD"/>
    <testcase time="0.282" classname="fda_table_10" name="Table_10_generation_rtables_works_with_default_values_BROAD"/>
    <testcase time="0.0659999999999989" classname="fda_table_10" name="Table_10_generation_rtables_works_with_default_values_BROAD">
      <skipped message="Reason: On CRAN ('test-fda-table_10.R:32:3')"/>
    </testcase>
    <testcase time="0.0139999999999993" classname="fda_table_10" name="Table_10_generation_rtables_works_with_default_values"/>
    <testcase time="0.0289999999999999" classname="fda_table_10" name="Table_10_generation_rtables_works_with_default_values"/>
    <testcase time="0.266000000000002" classname="fda_table_10" name="Table_10_generation_rtables_works_with_default_values"/>
    <testcase time="0.0719999999999992" classname="fda_table_10" name="Table_10_generation_rtables_works_with_default_values">
      <skipped message="Reason: On CRAN ('test-fda-table_10.R:67:3')"/>
    </testcase>
    <testcase time="0.0139999999999993" classname="fda_table_10" name="Table_10_generation_rtables_works_with_risk_difference_column"/>
    <testcase time="0.032" classname="fda_table_10" name="Table_10_generation_rtables_works_with_risk_difference_column"/>
    <testcase time="0.355" classname="fda_table_10" name="Table_10_generation_rtables_works_with_risk_difference_column"/>
    <testcase time="0.140999999999998" classname="fda_table_10" name="Table_10_generation_rtables_works_with_risk_difference_column">
      <skipped message="Reason: On CRAN ('test-fda-table_10.R:75:3')"/>
    </testcase>
  </testsuite>
  <testsuite name="fda-table_13" timestamp="2025-06-06T23:38:18Z" hostname="4056b2e7e5e6" tests="12" skipped="3" failures="0" errors="0" time="0.792">
    <testcase time="0.0180000000000007" classname="fda_table_13" name="Table_13_generation_works_with_default_values"/>
    <testcase time="0.0360000000000014" classname="fda_table_13" name="Table_13_generation_works_with_default_values"/>
    <testcase time="0.114999999999998" classname="fda_table_13" name="Table_13_generation_works_with_default_values"/>
    <testcase time="0.083000000000002" classname="fda_table_13" name="Table_13_generation_works_with_default_values">
      <skipped message="Reason: On CRAN ('test-fda-table_13.R:8:3')"/>
    </testcase>
    <testcase time="0.0139999999999993" classname="fda_table_13" name="Table_13_generation_works_with_custom_values"/>
    <testcase time="0.036999999999999" classname="fda_table_13" name="Table_13_generation_works_with_custom_values"/>
    <testcase time="0.135000000000002" classname="fda_table_13" name="Table_13_generation_works_with_custom_values"/>
    <testcase time="0.0730000000000004" classname="fda_table_13" name="Table_13_generation_works_with_custom_values">
      <skipped message="Reason: On CRAN ('test-fda-table_13.R:38:3')"/>
    </testcase>
    <testcase time="0.0129999999999981" classname="fda_table_13" name="Table_13_generation_works_with_risk_difference_column"/>
    <testcase time="0.0360000000000014" classname="fda_table_13" name="Table_13_generation_works_with_risk_difference_column"/>
    <testcase time="0.138999999999999" classname="fda_table_13" name="Table_13_generation_works_with_risk_difference_column"/>
    <testcase time="0.093" classname="fda_table_13" name="Table_13_generation_works_with_risk_difference_column">
      <skipped message="Reason: On CRAN ('test-fda-table_13.R:46:3')"/>
    </testcase>
  </testsuite>
  <testsuite name="fda-table_15" timestamp="2025-06-06T23:38:19Z" hostname="4056b2e7e5e6" tests="16" skipped="4" failures="0" errors="0" time="1.591">
    <testcase time="0.0219999999999985" classname="fda_table_15" name="Table_15_generation_works_with_default_values"/>
    <testcase time="0.032" classname="fda_table_15" name="Table_15_generation_works_with_default_values"/>
    <testcase time="0.227" classname="fda_table_15" name="Table_15_generation_works_with_default_values"/>
    <testcase time="0.0970000000000013" classname="fda_table_15" name="Table_15_generation_works_with_default_values">
      <skipped message="Reason: On CRAN ('test-fda-table_15.R:19:3')"/>
    </testcase>
    <testcase time="0.0210000000000008" classname="fda_table_15" name="Table_15_generation_works_with_custom_values"/>
    <testcase time="0.0399999999999991" classname="fda_table_15" name="Table_15_generation_works_with_custom_values"/>
    <testcase time="0.215" classname="fda_table_15" name="Table_15_generation_works_with_custom_values"/>
    <testcase time="0.113" classname="fda_table_15" name="Table_15_generation_works_with_custom_values">
      <skipped message="Reason: On CRAN ('test-fda-table_15.R:51:3')"/>
    </testcase>
    <testcase time="0.0139999999999993" classname="fda_table_15" name="Table_15_generation_works_with_NA_values_pruned_rows"/>
    <testcase time="0.0399999999999991" classname="fda_table_15" name="Table_15_generation_works_with_NA_values_pruned_rows"/>
    <testcase time="0.223000000000003" classname="fda_table_15" name="Table_15_generation_works_with_NA_values_pruned_rows"/>
    <testcase time="0.111000000000001" classname="fda_table_15" name="Table_15_generation_works_with_NA_values_pruned_rows">
      <skipped message="Reason: On CRAN ('test-fda-table_15.R:58:3')"/>
    </testcase>
    <testcase time="0.0129999999999981" classname="fda_table_15" name="Table_15_generation_works_with_risk_difference_column"/>
    <testcase time="0.0330000000000013" classname="fda_table_15" name="Table_15_generation_works_with_risk_difference_column"/>
    <testcase time="0.266000000000002" classname="fda_table_15" name="Table_15_generation_works_with_risk_difference_column"/>
    <testcase time="0.123999999999999" classname="fda_table_15" name="Table_15_generation_works_with_risk_difference_column">
      <skipped message="Reason: On CRAN ('test-fda-table_15.R:66:3')"/>
    </testcase>
  </testsuite>
  <testsuite name="fda-table_16" timestamp="2025-06-06T23:38:20Z" hostname="4056b2e7e5e6" tests="16" skipped="4" failures="0" errors="0" time="1.396">
    <testcase time="0.0199999999999996" classname="fda_table_16" name="Table_16_generation_works_with_default_values"/>
    <testcase time="0.0430000000000028" classname="fda_table_16" name="Table_16_generation_works_with_default_values"/>
    <testcase time="0.212999999999997" classname="fda_table_16" name="Table_16_generation_works_with_default_values"/>
    <testcase time="0.0690000000000026" classname="fda_table_16" name="Table_16_generation_works_with_default_values">
      <skipped message="Reason: On CRAN ('test-fda-table_16.R:19:3')"/>
    </testcase>
    <testcase time="0.0129999999999981" classname="fda_table_16" name="Table_16_generation_works_with_custom_values"/>
    <testcase time="0.0300000000000011" classname="fda_table_16" name="Table_16_generation_works_with_custom_values"/>
    <testcase time="0.228999999999999" classname="fda_table_16" name="Table_16_generation_works_with_custom_values"/>
    <testcase time="0.0560000000000009" classname="fda_table_16" name="Table_16_generation_works_with_custom_values">
      <skipped message="Reason: On CRAN ('test-fda-table_16.R:51:3')"/>
    </testcase>
    <testcase time="0.0129999999999981" classname="fda_table_16" name="Table_16_generation_works_with_NA_values_pruned_rows"/>
    <testcase time="0.0440000000000005" classname="fda_table_16" name="Table_16_generation_works_with_NA_values_pruned_rows"/>
    <testcase time="0.214000000000002" classname="fda_table_16" name="Table_16_generation_works_with_NA_values_pruned_rows"/>
    <testcase time="0.0679999999999978" classname="fda_table_16" name="Table_16_generation_works_with_NA_values_pruned_rows">
      <skipped message="Reason: On CRAN ('test-fda-table_16.R:58:3')"/>
    </testcase>
    <testcase time="0.0130000000000017" classname="fda_table_16" name="Table_16_generation_works_with_risk_difference_column"/>
    <testcase time="0.0309999999999988" classname="fda_table_16" name="Table_16_generation_works_with_risk_difference_column"/>
    <testcase time="0.263000000000002" classname="fda_table_16" name="Table_16_generation_works_with_risk_difference_column"/>
    <testcase time="0.0769999999999982" classname="fda_table_16" name="Table_16_generation_works_with_risk_difference_column">
      <skipped message="Reason: On CRAN ('test-fda-table_16.R:66:3')"/>
    </testcase>
  </testsuite>
  <testsuite name="fda-table_17" timestamp="2025-06-06T23:38:22Z" hostname="4056b2e7e5e6" tests="16" skipped="4" failures="0" errors="0" time="2.382">
    <testcase time="0.0199999999999996" classname="fda_table_17" name="Table_17_generation_works_with_default_values"/>
    <testcase time="0.0380000000000003" classname="fda_table_17" name="Table_17_generation_works_with_default_values"/>
    <testcase time="0.527000000000001" classname="fda_table_17" name="Table_17_generation_works_with_default_values"/>
    <testcase time="0.193999999999999" classname="fda_table_17" name="Table_17_generation_works_with_default_values">
      <skipped message="Reason: On CRAN ('test-fda-table_17.R:25:3')"/>
    </testcase>
    <testcase time="0.0130000000000017" classname="fda_table_17" name="Table_17_generation_works_with_custom_values"/>
    <testcase time="0.0339999999999989" classname="fda_table_17" name="Table_17_generation_works_with_custom_values"/>
    <testcase time="0.303000000000001" classname="fda_table_17" name="Table_17_generation_works_with_custom_values"/>
    <testcase time="0.160999999999998" classname="fda_table_17" name="Table_17_generation_works_with_custom_values">
      <skipped message="Reason: On CRAN ('test-fda-table_17.R:57:3')"/>
    </testcase>
    <testcase time="0.0130000000000017" classname="fda_table_17" name="Table_17_generation_works_with_NA_values_pruned_rows"/>
    <testcase time="0.0339999999999989" classname="fda_table_17" name="Table_17_generation_works_with_NA_values_pruned_rows"/>
    <testcase time="0.297000000000001" classname="fda_table_17" name="Table_17_generation_works_with_NA_values_pruned_rows"/>
    <testcase time="0.161000000000001" classname="fda_table_17" name="Table_17_generation_works_with_NA_values_pruned_rows">
      <skipped message="Reason: On CRAN ('test-fda-table_17.R:64:3')"/>
    </testcase>
    <testcase time="0.0129999999999981" classname="fda_table_17" name="Table_17_generation_works_with_risk_difference_column"/>
    <testcase time="0.0339999999999989" classname="fda_table_17" name="Table_17_generation_works_with_risk_difference_column"/>
    <testcase time="0.357000000000003" classname="fda_table_17" name="Table_17_generation_works_with_risk_difference_column"/>
    <testcase time="0.183" classname="fda_table_17" name="Table_17_generation_works_with_risk_difference_column">
      <skipped message="Reason: On CRAN ('test-fda-table_17.R:72:3')"/>
    </testcase>
  </testsuite>
  <testsuite name="fda-table_18" timestamp="2025-06-06T23:38:24Z" hostname="4056b2e7e5e6" tests="16" skipped="4" failures="0" errors="0" time="1.719">
    <testcase time="0.0189999999999984" classname="fda_table_18" name="Table_18_generation_works_with_default_values"/>
    <testcase time="0.0300000000000011" classname="fda_table_18" name="Table_18_generation_works_with_default_values"/>
    <testcase time="0.291" classname="fda_table_18" name="Table_18_generation_works_with_default_values"/>
    <testcase time="0.0730000000000004" classname="fda_table_18" name="Table_18_generation_works_with_default_values">
      <skipped message="Reason: On CRAN ('test-fda-table_18.R:25:3')"/>
    </testcase>
    <testcase time="0.0179999999999971" classname="fda_table_18" name="Table_18_generation_works_with_custom_values"/>
    <testcase time="0.0289999999999999" classname="fda_table_18" name="Table_18_generation_works_with_custom_values"/>
    <testcase time="0.292000000000002" classname="fda_table_18" name="Table_18_generation_works_with_custom_values"/>
    <testcase time="0.0730000000000004" classname="fda_table_18" name="Table_18_generation_works_with_custom_values">
      <skipped message="Reason: On CRAN ('test-fda-table_18.R:57:3')"/>
    </testcase>
    <testcase time="0.0129999999999981" classname="fda_table_18" name="Table_18_generation_works_with_NA_values_pruned_rows"/>
    <testcase time="0.0300000000000011" classname="fda_table_18" name="Table_18_generation_works_with_NA_values_pruned_rows"/>
    <testcase time="0.292000000000002" classname="fda_table_18" name="Table_18_generation_works_with_NA_values_pruned_rows"/>
    <testcase time="0.0769999999999982" classname="fda_table_18" name="Table_18_generation_works_with_NA_values_pruned_rows">
      <skipped message="Reason: On CRAN ('test-fda-table_18.R:64:3')"/>
    </testcase>
    <testcase time="0.0130000000000017" classname="fda_table_18" name="Table_18_generation_works_with_risk_difference_column"/>
    <testcase time="0.0299999999999976" classname="fda_table_18" name="Table_18_generation_works_with_risk_difference_column"/>
    <testcase time="0.350000000000001" classname="fda_table_18" name="Table_18_generation_works_with_risk_difference_column"/>
    <testcase time="0.0889999999999986" classname="fda_table_18" name="Table_18_generation_works_with_risk_difference_column">
      <skipped message="Reason: On CRAN ('test-fda-table_18.R:72:3')"/>
    </testcase>
  </testsuite>
  <testsuite name="fda-table_20" timestamp="2025-06-06T23:38:26Z" hostname="4056b2e7e5e6" tests="24" skipped="4" failures="0" errors="0" time="2.016">
    <testcase time="0.0199999999999996" classname="fda_table_20" name="Table_20_generation_works_with_default_values"/>
    <testcase time="0.00100000000000122" classname="fda_table_20" name="Table_20_generation_works_with_default_values"/>
    <testcase time="0.00100000000000122" classname="fda_table_20" name="Table_20_generation_works_with_default_values"/>
    <testcase time="0.0329999999999977" classname="fda_table_20" name="Table_20_generation_works_with_default_values"/>
    <testcase time="0.312000000000001" classname="fda_table_20" name="Table_20_generation_works_with_default_values"/>
    <testcase time="0.0869999999999997" classname="fda_table_20" name="Table_20_generation_works_with_default_values">
      <skipped message="Reason: On CRAN ('test-fda-table_20.R:17:3')"/>
    </testcase>
    <testcase time="0.0130000000000017" classname="fda_table_20" name="Table_20_generation_works_with_custom_values"/>
    <testcase time="0.000999999999997669" classname="fda_table_20" name="Table_20_generation_works_with_custom_values"/>
    <testcase time="0.00200000000000244" classname="fda_table_20" name="Table_20_generation_works_with_custom_values"/>
    <testcase time="0.036999999999999" classname="fda_table_20" name="Table_20_generation_works_with_custom_values"/>
    <testcase time="0.425999999999998" classname="fda_table_20" name="Table_20_generation_works_with_custom_values"/>
    <testcase time="0.108000000000001" classname="fda_table_20" name="Table_20_generation_works_with_custom_values">
      <skipped message="Reason: On CRAN ('test-fda-table_20.R:65:3')"/>
    </testcase>
    <testcase time="0.0139999999999993" classname="fda_table_20" name="Table_20_generation_works_with_missing_values_pruned_rows"/>
    <testcase time="0.00100000000000122" classname="fda_table_20" name="Table_20_generation_works_with_missing_values_pruned_rows"/>
    <testcase time="0.00100000000000122" classname="fda_table_20" name="Table_20_generation_works_with_missing_values_pruned_rows"/>
    <testcase time="0.0329999999999977" classname="fda_table_20" name="Table_20_generation_works_with_missing_values_pruned_rows"/>
    <testcase time="0.286000000000001" classname="fda_table_20" name="Table_20_generation_works_with_missing_values_pruned_rows"/>
    <testcase time="0.0839999999999996" classname="fda_table_20" name="Table_20_generation_works_with_missing_values_pruned_rows">
      <skipped message="Reason: On CRAN ('test-fda-table_20.R:74:3')"/>
    </testcase>
    <testcase time="0.0190000000000019" classname="fda_table_20" name="Table_20_generation_works_with_risk_difference_column"/>
    <testcase time="0.000999999999997669" classname="fda_table_20" name="Table_20_generation_works_with_risk_difference_column"/>
    <testcase time="0.00100000000000122" classname="fda_table_20" name="Table_20_generation_works_with_risk_difference_column"/>
    <testcase time="0.0330000000000013" classname="fda_table_20" name="Table_20_generation_works_with_risk_difference_column"/>
    <testcase time="0.383999999999997" classname="fda_table_20" name="Table_20_generation_works_with_risk_difference_column"/>
    <testcase time="0.118000000000002" classname="fda_table_20" name="Table_20_generation_works_with_risk_difference_column">
      <skipped message="Reason: On CRAN ('test-fda-table_20.R:82:3')"/>
    </testcase>
  </testsuite>
  <testsuite name="fda-table_21" timestamp="2025-06-06T23:38:28Z" hostname="4056b2e7e5e6" tests="19" skipped="4" failures="0" errors="0" time="1.886">
    <testcase time="0.027000000000001" classname="fda_table_21" name="Table_21_generation_works_with_default_values"/>
    <testcase time="0.00100000000000122" classname="fda_table_21" name="Table_21_generation_works_with_default_values"/>
    <testcase time="0.379999999999999" classname="fda_table_21" name="Table_21_generation_works_with_default_values"/>
    <testcase time="0.109000000000002" classname="fda_table_21" name="Table_21_generation_works_with_default_values">
      <skipped message="Reason: On CRAN ('test-fda-table_21.R:16:3')"/>
    </testcase>
    <testcase time="0.0159999999999982" classname="fda_table_21" name="Table_21_generation_works_with_custom_values_N_s_denominator_and_overall_column"/>
    <testcase time="0.00100000000000122" classname="fda_table_21" name="Table_21_generation_works_with_custom_values_N_s_denominator_and_overall_column"/>
    <testcase time="0.0569999999999986" classname="fda_table_21" name="Table_21_generation_works_with_custom_values_N_s_denominator_and_overall_column"/>
    <testcase time="0.454000000000001" classname="fda_table_21" name="Table_21_generation_works_with_custom_values_N_s_denominator_and_overall_column"/>
    <testcase time="0.114999999999998" classname="fda_table_21" name="Table_21_generation_works_with_custom_values_N_s_denominator_and_overall_column">
      <skipped message="Reason: On CRAN ('test-fda-table_21.R:28:3')"/>
    </testcase>
    <testcase time="0.022000000000002" classname="fda_table_21" name="Table_21_generation_works_with_custom_values_N_col_denominator_and_no_overall_column"/>
    <testcase time="0.000999999999997669" classname="fda_table_21" name="Table_21_generation_works_with_custom_values_N_col_denominator_and_no_overall_column"/>
    <testcase time="0.0380000000000003" classname="fda_table_21" name="Table_21_generation_works_with_custom_values_N_col_denominator_and_no_overall_column"/>
    <testcase time="0.225999999999999" classname="fda_table_21" name="Table_21_generation_works_with_custom_values_N_col_denominator_and_no_overall_column"/>
    <testcase time="0.0950000000000024" classname="fda_table_21" name="Table_21_generation_works_with_custom_values_N_col_denominator_and_no_overall_column">
      <skipped message="Reason: On CRAN ('test-fda-table_21.R:56:3')"/>
    </testcase>
    <testcase time="0.0470000000000006" classname="fda_table_21" name="Table_21_generation_works_with_some_NA_values"/>
    <testcase time="0.00199999999999889" classname="fda_table_21" name="Table_21_generation_works_with_some_NA_values"/>
    <testcase time="0.0350000000000001" classname="fda_table_21" name="Table_21_generation_works_with_some_NA_values"/>
    <testcase time="0.187999999999999" classname="fda_table_21" name="Table_21_generation_works_with_some_NA_values"/>
    <testcase time="0.0719999999999992" classname="fda_table_21" name="Table_21_generation_works_with_some_NA_values">
      <skipped message="Reason: On CRAN ('test-fda-table_21.R:76:3')"/>
    </testcase>
  </testsuite>
  <testsuite name="fda-table_22" timestamp="2025-06-06T23:38:30Z" hostname="4056b2e7e5e6" tests="8" skipped="4" failures="0" errors="0" time="1.905">
    <testcase time="0.417000000000002" classname="fda_table_22" name="Table_22_generation_works_with_default_values"/>
    <testcase time="0.109999999999999" classname="fda_table_22" name="Table_22_generation_works_with_default_values">
      <skipped message="Reason: On CRAN ('test-fda-table_22.R:21:3')"/>
    </testcase>
    <testcase time="0.545999999999999" classname="fda_table_22" name="Table_22_generation_works_with_custom_values_N_s_denominator_and_overall_column"/>
    <testcase time="0.125" classname="fda_table_22" name="Table_22_generation_works_with_custom_values_N_s_denominator_and_overall_column">
      <skipped message="Reason: On CRAN ('test-fda-table_22.R:33:3')"/>
    </testcase>
    <testcase time="0.273" classname="fda_table_22" name="Table_22_generation_works_with_custom_values_N_col_denominator_and_no_overall_column"/>
    <testcase time="0.0950000000000024" classname="fda_table_22" name="Table_22_generation_works_with_custom_values_N_col_denominator_and_no_overall_column">
      <skipped message="Reason: On CRAN ('test-fda-table_22.R:61:3')"/>
    </testcase>
    <testcase time="0.266999999999999" classname="fda_table_22" name="Table_22_generation_works_with_some_NA_values"/>
    <testcase time="0.0719999999999992" classname="fda_table_22" name="Table_22_generation_works_with_some_NA_values">
      <skipped message="Reason: On CRAN ('test-fda-table_22.R:81:3')"/>
    </testcase>
  </testsuite>
</testsuites>
