<?xml version="1.0" encoding="UTF-8"?>
<testsuites>
  <testsuite name="falcon" timestamp="2023-03-24T14:05:39Z" hostname="2b1379f8c5e4" tests="1" skipped="0" failures="0" errors="0" time="0.021">
    <testcase time="0.0210000000000001" classname="falcon" name="dummy_test"/>
  </testsuite>
</testsuites>
