<?xml version="1.0" encoding="UTF-8"?>
<testsuites>
  <testsuite name="table_02" timestamp="2023-11-09T02:18:31Z" hostname="74951f4856fc" tests="30" skipped="10" failures="0" errors="0" time="10.321">
    <testcase time="0.0479999999999996" classname="table_02" name="Table_02_generation_works_with_default_values"/>
    <testcase time="0.381" classname="table_02" name="Table_02_generation_works_with_default_values"/>
    <testcase time="0.172" classname="table_02" name="Table_02_generation_works_with_default_values">
      <skipped message="Reason: On CRAN ('test-table_02.R:16:3')"/>
    </testcase>
    <testcase time="0.0569999999999999" classname="table_02" name="Table_02_generation_works_with_custom_values"/>
    <testcase time="0.273" classname="table_02" name="Table_02_generation_works_with_custom_values"/>
    <testcase time="0.171" classname="table_02" name="Table_02_generation_works_with_custom_values">
      <skipped message="Reason: On CRAN ('test-table_02.R:45:3')"/>
    </testcase>
    <testcase time="0.0419999999999998" classname="table_02" name="Table_02_generation_works_with_some_NA_values"/>
    <testcase time="0.0670000000000002" classname="table_02" name="Table_02_generation_works_with_some_NA_values"/>
    <testcase time="0.04" classname="table_02" name="Table_02_generation_works_with_some_NA_values">
      <skipped message="Reason: On CRAN ('test-table_02.R:57:3')"/>
    </testcase>
    <testcase time="0.0140000000000002" classname="table_02" name="Table_02_generation_tplyr_works_with_default_values"/>
    <testcase time="1.178" classname="table_02" name="Table_02_generation_tplyr_works_with_default_values"/>
    <testcase time="0.024" classname="table_02" name="Table_02_generation_tplyr_works_with_default_values">
      <skipped message="Reason: On CRAN ('test-table_02.R:66:3')"/>
    </testcase>
    <testcase time="0.0140000000000002" classname="table_02" name="Table_02_generation_tplyr_works_with_tplyr_raw_TRUE"/>
    <testcase time="0.782" classname="table_02" name="Table_02_generation_tplyr_works_with_tplyr_raw_TRUE"/>
    <testcase time="0.0169999999999995" classname="table_02" name="Table_02_generation_tplyr_works_with_tplyr_raw_TRUE">
      <skipped message="Reason: On CRAN ('test-table_02.R:75:3')"/>
    </testcase>
    <testcase time="0.0330000000000004" classname="table_02" name="Table_02_generation_tplyr_works_with_custom_values"/>
    <testcase time="1.155" classname="table_02" name="Table_02_generation_tplyr_works_with_custom_values"/>
    <testcase time="0.0170000000000003" classname="table_02" name="Table_02_generation_tplyr_works_with_custom_values">
      <skipped message="Reason: On CRAN ('test-table_02.R:102:3')"/>
    </testcase>
    <testcase time="0.0270000000000001" classname="table_02" name="Table_02_generation_tplyr_works_with_some_NA_values"/>
    <testcase time="0.474" classname="table_02" name="Table_02_generation_tplyr_works_with_some_NA_values"/>
    <testcase time="0.016" classname="table_02" name="Table_02_generation_tplyr_works_with_some_NA_values">
      <skipped message="Reason: On CRAN ('test-table_02.R:119:3')"/>
    </testcase>
    <testcase time="0.0139999999999993" classname="table_02" name="Table_02_generation_gtsum_works_with_default_values"/>
    <testcase time="2.122" classname="table_02" name="Table_02_generation_gtsum_works_with_default_values"/>
    <testcase time="0.00699999999999967" classname="table_02" name="Table_02_generation_gtsum_works_with_default_values">
      <skipped message="Reason: On CRAN ('test-table_02.R:128:3')"/>
    </testcase>
    <testcase time="0.0330000000000013" classname="table_02" name="Table_02_generation_gtsum_works_with_custom_values"/>
    <testcase time="2.338" classname="table_02" name="Table_02_generation_gtsum_works_with_custom_values"/>
    <testcase time="0.00600000000000023" classname="table_02" name="Table_02_generation_gtsum_works_with_custom_values">
      <skipped message="Reason: On CRAN ('test-table_02.R:146:3')"/>
    </testcase>
    <testcase time="0.0269999999999992" classname="table_02" name="Table_02_generation_gtsum_works_with_some_NA_values"/>
    <testcase time="0.767000000000001" classname="table_02" name="Table_02_generation_gtsum_works_with_some_NA_values"/>
    <testcase time="0.00499999999999901" classname="table_02" name="Table_02_generation_gtsum_works_with_some_NA_values">
      <skipped message="Reason: On CRAN ('test-table_02.R:160:3')"/>
    </testcase>
  </testsuite>
  <testsuite name="table_03" timestamp="2023-11-09T02:18:41Z" hostname="74951f4856fc" tests="8" skipped="2" failures="0" errors="0" time="0.601">
    <testcase time="0.0259999999999998" classname="table_03" name="Table_3_generation_works_with_default_values"/>
    <testcase time="0.00100000000000122" classname="table_03" name="Table_3_generation_works_with_default_values"/>
    <testcase time="0.234999999999999" classname="table_03" name="Table_3_generation_works_with_default_values"/>
    <testcase time="0.0410000000000004" classname="table_03" name="Table_3_generation_works_with_default_values">
      <skipped message="Reason: On CRAN ('test-table_03.R:21:3')"/>
    </testcase>
    <testcase time="0.0139999999999993" classname="table_03" name="Table_3_generation_works_with_custom_values"/>
    <testcase time="0.00100000000000122" classname="table_03" name="Table_3_generation_works_with_custom_values"/>
    <testcase time="0.231999999999999" classname="table_03" name="Table_3_generation_works_with_custom_values"/>
    <testcase time="0.0510000000000002" classname="table_03" name="Table_3_generation_works_with_custom_values">
      <skipped message="Reason: On CRAN ('test-table_03.R:41:3')"/>
    </testcase>
  </testsuite>
  <testsuite name="table_04" timestamp="2023-11-09T02:18:42Z" hostname="74951f4856fc" tests="9" skipped="2" failures="0" errors="0" time="0.596">
    <testcase time="0.0299999999999994" classname="table_04" name="Table_04_generation_works_with_default_values"/>
    <testcase time="0.204000000000001" classname="table_04" name="Table_04_generation_works_with_default_values"/>
    <testcase time="0.0619999999999994" classname="table_04" name="Table_04_generation_works_with_default_values">
      <skipped message="Reason: On CRAN ('test-table_04.R:18:3')"/>
    </testcase>
    <testcase time="0.0199999999999996" classname="table_04" name="Table_04_generation_works_with_custom_values"/>
    <testcase time="0.00100000000000122" classname="table_04" name="Table_04_generation_works_with_custom_values"/>
    <testcase time="0.000999999999999446" classname="table_04" name="Table_04_generation_works_with_custom_values"/>
    <testcase time="0.000999999999999446" classname="table_04" name="Table_04_generation_works_with_custom_values"/>
    <testcase time="0.220000000000001" classname="table_04" name="Table_04_generation_works_with_custom_values"/>
    <testcase time="0.0570000000000004" classname="table_04" name="Table_04_generation_works_with_custom_values">
      <skipped message="Reason: On CRAN ('test-table_04.R:46:3')"/>
    </testcase>
  </testsuite>
  <testsuite name="table_05" timestamp="2023-11-09T02:18:43Z" hostname="74951f4856fc" tests="12" skipped="4" failures="0" errors="0" time="1.038">
    <testcase time="0.134" classname="table_05" name="Table_05_generation_works_with_default_values"/>
    <testcase time="0.154" classname="table_05" name="Table_05_generation_works_with_default_values"/>
    <testcase time="0.0510000000000002" classname="table_05" name="Table_05_generation_works_with_default_values">
      <skipped message="Reason: On CRAN ('test-table_05.R:10:3')"/>
    </testcase>
    <testcase time="0.0139999999999993" classname="table_05" name="Table_05_generation_works_with_custom_values"/>
    <testcase time="0.164999999999999" classname="table_05" name="Table_05_generation_works_with_custom_values"/>
    <testcase time="0.0609999999999999" classname="table_05" name="Table_05_generation_works_with_custom_values">
      <skipped message="Reason: On CRAN ('test-table_05.R:34:3')"/>
    </testcase>
    <testcase time="0.0150000000000006" classname="table_05" name="Table_05_generation_works_with_NA_values_pruned_rows"/>
    <testcase time="0.138" classname="table_05" name="Table_05_generation_works_with_NA_values_pruned_rows"/>
    <testcase time="0.0540000000000003" classname="table_05" name="Table_05_generation_works_with_NA_values_pruned_rows">
      <skipped message="Reason: On CRAN ('test-table_05.R:44:3')"/>
    </testcase>
    <testcase time="0.016" classname="table_05" name="Table_05_generation_works_with_risk_difference_column"/>
    <testcase time="0.169" classname="table_05" name="Table_05_generation_works_with_risk_difference_column"/>
    <testcase time="0.0670000000000002" classname="table_05" name="Table_05_generation_works_with_risk_difference_column">
      <skipped message="Reason: On CRAN ('test-table_05.R:57:3')"/>
    </testcase>
  </testsuite>
  <testsuite name="table_06" timestamp="2023-11-09T02:18:44Z" hostname="74951f4856fc" tests="15" skipped="3" failures="0" errors="0" time="1.549">
    <testcase time="0.0179999999999989" classname="table_06" name="Table_06_generation_works_with_default_values"/>
    <testcase time="0.00100000000000122" classname="table_06" name="Table_06_generation_works_with_default_values"/>
    <testcase time="0.0379999999999985" classname="table_06" name="Table_06_generation_works_with_default_values"/>
    <testcase time="0.316000000000001" classname="table_06" name="Table_06_generation_works_with_default_values"/>
    <testcase time="0.0690000000000008" classname="table_06" name="Table_06_generation_works_with_default_values">
      <skipped message="Reason: On CRAN ('test-table_06.R:8:3')"/>
    </testcase>
    <testcase time="0.0139999999999993" classname="table_06" name="Table_06_generation_works_with_custom_values"/>
    <testcase time="0.000999999999999446" classname="table_06" name="Table_06_generation_works_with_custom_values"/>
    <testcase time="0.0360000000000014" classname="table_06" name="Table_06_generation_works_with_custom_values"/>
    <testcase time="0.420999999999999" classname="table_06" name="Table_06_generation_works_with_custom_values"/>
    <testcase time="0.103" classname="table_06" name="Table_06_generation_works_with_custom_values">
      <skipped message="Reason: On CRAN ('test-table_06.R:40:3')"/>
    </testcase>
    <testcase time="0.0129999999999999" classname="table_06" name="Table_06_generation_works_with_risk_difference_column"/>
    <testcase time="0.00200000000000067" classname="table_06" name="Table_06_generation_works_with_risk_difference_column"/>
    <testcase time="0.0359999999999996" classname="table_06" name="Table_06_generation_works_with_risk_difference_column"/>
    <testcase time="0.396000000000001" classname="table_06" name="Table_06_generation_works_with_risk_difference_column"/>
    <testcase time="0.0850000000000009" classname="table_06" name="Table_06_generation_works_with_risk_difference_column">
      <skipped message="Reason: On CRAN ('test-table_06.R:48:3')"/>
    </testcase>
  </testsuite>
  <testsuite name="table_07" timestamp="2023-11-09T02:18:45Z" hostname="74951f4856fc" tests="24" skipped="4" failures="0" errors="0" time="1.69">
    <testcase time="0.0199999999999996" classname="table_07" name="Table_07_generation_works_with_default_values"/>
    <testcase time="0.000999999999997669" classname="table_07" name="Table_07_generation_works_with_default_values"/>
    <testcase time="0.00100000000000122" classname="table_07" name="Table_07_generation_works_with_default_values"/>
    <testcase time="0.0259999999999998" classname="table_07" name="Table_07_generation_works_with_default_values"/>
    <testcase time="0.254999999999999" classname="table_07" name="Table_07_generation_works_with_default_values"/>
    <testcase time="0.093" classname="table_07" name="Table_07_generation_works_with_default_values">
      <skipped message="Reason: On CRAN ('test-table_07.R:13:3')"/>
    </testcase>
    <testcase time="0.0140000000000029" classname="table_07" name="Table_07_generation_works_with_custom_values"/>
    <testcase time="0.000999999999997669" classname="table_07" name="Table_07_generation_works_with_custom_values"/>
    <testcase time="0.00100000000000122" classname="table_07" name="Table_07_generation_works_with_custom_values"/>
    <testcase time="0.0259999999999998" classname="table_07" name="Table_07_generation_works_with_custom_values"/>
    <testcase time="0.332000000000001" classname="table_07" name="Table_07_generation_works_with_custom_values"/>
    <testcase time="0.114999999999998" classname="table_07" name="Table_07_generation_works_with_custom_values">
      <skipped message="Reason: On CRAN ('test-table_07.R:42:3')"/>
    </testcase>
    <testcase time="0.0139999999999993" classname="table_07" name="Table_07_generation_works_with_NA_values_pruned_rows"/>
    <testcase time="0.00100000000000122" classname="table_07" name="Table_07_generation_works_with_NA_values_pruned_rows"/>
    <testcase time="0.00100000000000122" classname="table_07" name="Table_07_generation_works_with_NA_values_pruned_rows"/>
    <testcase time="0.0259999999999998" classname="table_07" name="Table_07_generation_works_with_NA_values_pruned_rows"/>
    <testcase time="0.227999999999998" classname="table_07" name="Table_07_generation_works_with_NA_values_pruned_rows"/>
    <testcase time="0.0980000000000025" classname="table_07" name="Table_07_generation_works_with_NA_values_pruned_rows">
      <skipped message="Reason: On CRAN ('test-table_07.R:52:3')"/>
    </testcase>
    <testcase time="0.0139999999999993" classname="table_07" name="Table_07_generation_works_with_risk_difference_column"/>
    <testcase time="0.000999999999997669" classname="table_07" name="Table_07_generation_works_with_risk_difference_column"/>
    <testcase time="0.00100000000000122" classname="table_07" name="Table_07_generation_works_with_risk_difference_column"/>
    <testcase time="0.0259999999999998" classname="table_07" name="Table_07_generation_works_with_risk_difference_column"/>
    <testcase time="0.300000000000001" classname="table_07" name="Table_07_generation_works_with_risk_difference_column"/>
    <testcase time="0.0949999999999989" classname="table_07" name="Table_07_generation_works_with_risk_difference_column">
      <skipped message="Reason: On CRAN ('test-table_07.R:65:3')"/>
    </testcase>
  </testsuite>
  <testsuite name="table_08" timestamp="2023-11-09T02:18:47Z" hostname="74951f4856fc" tests="8" skipped="2" failures="0" errors="0" time="0.318">
    <testcase time="0.0190000000000019" classname="table_08" name="Table_08_generation_works_with_default_values"/>
    <testcase time="0.000999999999997669" classname="table_08" name="Table_08_generation_works_with_default_values"/>
    <testcase time="0.0420000000000016" classname="table_08" name="Table_08_generation_works_with_default_values"/>
    <testcase time="0.088000000000001" classname="table_08" name="Table_08_generation_works_with_default_values">
      <skipped message="Reason: On CRAN ('test-table_08.R:10:3')"/>
    </testcase>
    <testcase time="0.0139999999999993" classname="table_08" name="Table_08_generation_works_with_custom_values"/>
    <testcase time="0.00100000000000122" classname="table_08" name="Table_08_generation_works_with_custom_values"/>
    <testcase time="0.0289999999999999" classname="table_08" name="Table_08_generation_works_with_custom_values"/>
    <testcase time="0.123999999999999" classname="table_08" name="Table_08_generation_works_with_custom_values">
      <skipped message="Reason: On CRAN ('test-table_08.R:31:3')"/>
    </testcase>
  </testsuite>
  <testsuite name="table_09" timestamp="2023-11-09T02:18:47Z" hostname="74951f4856fc" tests="12" skipped="3" failures="0" errors="0" time="1.053">
    <testcase time="0.0169999999999995" classname="table_09" name="Table_09_generation_works_with_default_values"/>
    <testcase time="0.027000000000001" classname="table_09" name="Table_09_generation_works_with_default_values"/>
    <testcase time="0.225999999999999" classname="table_09" name="Table_09_generation_works_with_default_values"/>
    <testcase time="0.0450000000000017" classname="table_09" name="Table_09_generation_works_with_default_values">
      <skipped message="Reason: On CRAN ('test-table_09.R:8:3')"/>
    </testcase>
    <testcase time="0.0139999999999993" classname="table_09" name="Table_09_generation_works_with_custom_values"/>
    <testcase time="0.0269999999999975" classname="table_09" name="Table_09_generation_works_with_custom_values"/>
    <testcase time="0.273000000000003" classname="table_09" name="Table_09_generation_works_with_custom_values"/>
    <testcase time="0.0519999999999996" classname="table_09" name="Table_09_generation_works_with_custom_values">
      <skipped message="Reason: On CRAN ('test-table_09.R:39:3')"/>
    </testcase>
    <testcase time="0.0139999999999993" classname="table_09" name="Table_09_generation_works_with_risk_difference_column"/>
    <testcase time="0.027000000000001" classname="table_09" name="Table_09_generation_works_with_risk_difference_column"/>
    <testcase time="0.279" classname="table_09" name="Table_09_generation_works_with_risk_difference_column"/>
    <testcase time="0.0519999999999996" classname="table_09" name="Table_09_generation_works_with_risk_difference_column">
      <skipped message="Reason: On CRAN ('test-table_09.R:47:3')"/>
    </testcase>
  </testsuite>
  <testsuite name="table_10" timestamp="2023-11-09T02:18:48Z" hostname="74951f4856fc" tests="15" skipped="3" failures="0" errors="0" time="1.245">
    <testcase time="0.0289999999999999" classname="table_10" name="Table_10_generation_works_with_default_values"/>
    <testcase time="0.000999999999997669" classname="table_10" name="Table_10_generation_works_with_default_values"/>
    <testcase time="0.027000000000001" classname="table_10" name="Table_10_generation_works_with_default_values"/>
    <testcase time="0.259999999999998" classname="table_10" name="Table_10_generation_works_with_default_values"/>
    <testcase time="0.093" classname="table_10" name="Table_10_generation_works_with_default_values">
      <skipped message="Reason: On CRAN ('test-table_10.R:17:3')"/>
    </testcase>
    <testcase time="0.0139999999999993" classname="table_10" name="Table_10_generation_works_with_custom_values"/>
    <testcase time="0.00100000000000122" classname="table_10" name="Table_10_generation_works_with_custom_values"/>
    <testcase time="0.0240000000000009" classname="table_10" name="Table_10_generation_works_with_custom_values"/>
    <testcase time="0.256" classname="table_10" name="Table_10_generation_works_with_custom_values"/>
    <testcase time="0.041999999999998" classname="table_10" name="Table_10_generation_works_with_custom_values">
      <skipped message="Reason: On CRAN ('test-table_10.R:52:3')"/>
    </testcase>
    <testcase time="0.0140000000000029" classname="table_10" name="Table_10_generation_works_with_risk_difference_column"/>
    <testcase time="0.000999999999997669" classname="table_10" name="Table_10_generation_works_with_risk_difference_column"/>
    <testcase time="0.0280000000000022" classname="table_10" name="Table_10_generation_works_with_risk_difference_column"/>
    <testcase time="0.346" classname="table_10" name="Table_10_generation_works_with_risk_difference_column"/>
    <testcase time="0.108999999999998" classname="table_10" name="Table_10_generation_works_with_risk_difference_column">
      <skipped message="Reason: On CRAN ('test-table_10.R:60:3')"/>
    </testcase>
  </testsuite>
  <testsuite name="table_11" timestamp="2023-11-09T02:18:49Z" hostname="74951f4856fc" tests="12" skipped="3" failures="0" errors="0" time="1.875">
    <testcase time="0.022000000000002" classname="table_11" name="Table_11_generation_works_with_default_values"/>
    <testcase time="0.0329999999999977" classname="table_11" name="Table_11_generation_works_with_default_values"/>
    <testcase time="0.454000000000001" classname="table_11" name="Table_11_generation_works_with_default_values"/>
    <testcase time="0.097999999999999" classname="table_11" name="Table_11_generation_works_with_default_values">
      <skipped message="Reason: On CRAN ('test-table_11.R:18:3')"/>
    </testcase>
    <testcase time="0.0139999999999993" classname="table_11" name="Table_11_generation_works_with_custom_values"/>
    <testcase time="0.0289999999999999" classname="table_11" name="Table_11_generation_works_with_custom_values"/>
    <testcase time="0.426000000000002" classname="table_11" name="Table_11_generation_works_with_custom_values"/>
    <testcase time="0.0489999999999995" classname="table_11" name="Table_11_generation_works_with_custom_values">
      <skipped message="Reason: On CRAN ('test-table_11.R:48:3')"/>
    </testcase>
    <testcase time="0.0139999999999993" classname="table_11" name="Table_11_generation_works_with_risk_difference_column"/>
    <testcase time="0.0330000000000013" classname="table_11" name="Table_11_generation_works_with_risk_difference_column"/>
    <testcase time="0.582000000000001" classname="table_11" name="Table_11_generation_works_with_risk_difference_column"/>
    <testcase time="0.120999999999999" classname="table_11" name="Table_11_generation_works_with_risk_difference_column">
      <skipped message="Reason: On CRAN ('test-table_11.R:56:3')"/>
    </testcase>
  </testsuite>
  <testsuite name="table_12" timestamp="2023-11-09T02:18:51Z" hostname="74951f4856fc" tests="12" skipped="3" failures="0" errors="0" time="2.509">
    <testcase time="0.0180000000000007" classname="table_12" name="Table_12_generation_works_with_default_values"/>
    <testcase time="0.0339999999999989" classname="table_12" name="Table_12_generation_works_with_default_values"/>
    <testcase time="0.605" classname="table_12" name="Table_12_generation_works_with_default_values"/>
    <testcase time="0.0800000000000018" classname="table_12" name="Table_12_generation_works_with_default_values">
      <skipped message="Reason: On CRAN ('test-table_12.R:9:3')"/>
    </testcase>
    <testcase time="0.0139999999999993" classname="table_12" name="Table_12_generation_works_with_custom_values"/>
    <testcase time="0.0339999999999989" classname="table_12" name="Table_12_generation_works_with_custom_values"/>
    <testcase time="0.803999999999998" classname="table_12" name="Table_12_generation_works_with_custom_values"/>
    <testcase time="0.083000000000002" classname="table_12" name="Table_12_generation_works_with_custom_values">
      <skipped message="Reason: On CRAN ('test-table_12.R:39:3')"/>
    </testcase>
    <testcase time="0.0129999999999981" classname="table_12" name="Table_12_generation_works_with_risk_difference_column"/>
    <testcase time="0.0340000000000025" classname="table_12" name="Table_12_generation_works_with_risk_difference_column"/>
    <testcase time="0.698" classname="table_12" name="Table_12_generation_works_with_risk_difference_column"/>
    <testcase time="0.0919999999999987" classname="table_12" name="Table_12_generation_works_with_risk_difference_column">
      <skipped message="Reason: On CRAN ('test-table_12.R:47:3')"/>
    </testcase>
  </testsuite>
  <testsuite name="table_13" timestamp="2023-11-09T02:18:54Z" hostname="74951f4856fc" tests="12" skipped="3" failures="0" errors="0" time="0.573">
    <testcase time="0.0169999999999995" classname="table_13" name="Table_13_generation_works_with_default_values"/>
    <testcase time="0.032" classname="table_13" name="Table_13_generation_works_with_default_values"/>
    <testcase time="0.0860000000000021" classname="table_13" name="Table_13_generation_works_with_default_values"/>
    <testcase time="0.0509999999999984" classname="table_13" name="Table_13_generation_works_with_default_values">
      <skipped message="Reason: On CRAN ('test-table_13.R:8:3')"/>
    </testcase>
    <testcase time="0.0139999999999993" classname="table_13" name="Table_13_generation_works_with_custom_values"/>
    <testcase time="0.032" classname="table_13" name="Table_13_generation_works_with_custom_values"/>
    <testcase time="0.103000000000002" classname="table_13" name="Table_13_generation_works_with_custom_values"/>
    <testcase time="0.0350000000000001" classname="table_13" name="Table_13_generation_works_with_custom_values">
      <skipped message="Reason: On CRAN ('test-table_13.R:38:3')"/>
    </testcase>
    <testcase time="0.0129999999999981" classname="table_13" name="Table_13_generation_works_with_risk_difference_column"/>
    <testcase time="0.032" classname="table_13" name="Table_13_generation_works_with_risk_difference_column"/>
    <testcase time="0.105" classname="table_13" name="Table_13_generation_works_with_risk_difference_column"/>
    <testcase time="0.0530000000000008" classname="table_13" name="Table_13_generation_works_with_risk_difference_column">
      <skipped message="Reason: On CRAN ('test-table_13.R:46:3')"/>
    </testcase>
  </testsuite>
  <testsuite name="table_14" timestamp="2023-11-09T02:18:54Z" hostname="74951f4856fc" tests="13" skipped="4" failures="0" errors="0" time="2.286">
    <testcase time="0.0240000000000009" classname="table_14" name="Table_14_generation_works_with_default_values"/>
    <testcase time="0.395999999999997" classname="table_14" name="Table_14_generation_works_with_default_values"/>
    <testcase time="0.105" classname="table_14" name="Table_14_generation_works_with_default_values">
      <skipped message="Reason: On CRAN ('test-table_14.R:16:3')"/>
    </testcase>
    <testcase time="0.0139999999999993" classname="table_14" name="Table_14_generation_works_with_custom_values"/>
    <testcase time="0.0330000000000013" classname="table_14" name="Table_14_generation_works_with_custom_values"/>
    <testcase time="0.426000000000002" classname="table_14" name="Table_14_generation_works_with_custom_values"/>
    <testcase time="0.103999999999999" classname="table_14" name="Table_14_generation_works_with_custom_values">
      <skipped message="Reason: On CRAN ('test-table_14.R:46:3')"/>
    </testcase>
    <testcase time="0.0189999999999984" classname="table_14" name="Table_14_generation_works_with_NA_values_pruned_rows"/>
    <testcase time="0.404" classname="table_14" name="Table_14_generation_works_with_NA_values_pruned_rows"/>
    <testcase time="0.0850000000000009" classname="table_14" name="Table_14_generation_works_with_NA_values_pruned_rows">
      <skipped message="Reason: On CRAN ('test-table_14.R:53:3')"/>
    </testcase>
    <testcase time="0.0139999999999993" classname="table_14" name="Table_14_generation_works_with_risk_difference_column"/>
    <testcase time="0.536000000000001" classname="table_14" name="Table_14_generation_works_with_risk_difference_column"/>
    <testcase time="0.126000000000001" classname="table_14" name="Table_14_generation_works_with_risk_difference_column">
      <skipped message="Reason: On CRAN ('test-table_14.R:61:3')"/>
    </testcase>
  </testsuite>
  <testsuite name="table_15" timestamp="2023-11-09T02:18:57Z" hostname="74951f4856fc" tests="16" skipped="4" failures="0" errors="0" time="1.277">
    <testcase time="0.0199999999999996" classname="table_15" name="Table_15_generation_works_with_default_values"/>
    <testcase time="0.0279999999999987" classname="table_15" name="Table_15_generation_works_with_default_values"/>
    <testcase time="0.190999999999999" classname="table_15" name="Table_15_generation_works_with_default_values"/>
    <testcase time="0.0690000000000026" classname="table_15" name="Table_15_generation_works_with_default_values">
      <skipped message="Reason: On CRAN ('test-table_15.R:19:3')"/>
    </testcase>
    <testcase time="0.0139999999999993" classname="table_15" name="Table_15_generation_works_with_custom_values"/>
    <testcase time="0.0350000000000001" classname="table_15" name="Table_15_generation_works_with_custom_values"/>
    <testcase time="0.190999999999999" classname="table_15" name="Table_15_generation_works_with_custom_values"/>
    <testcase time="0.0689999999999991" classname="table_15" name="Table_15_generation_works_with_custom_values">
      <skipped message="Reason: On CRAN ('test-table_15.R:51:3')"/>
    </testcase>
    <testcase time="0.0139999999999993" classname="table_15" name="Table_15_generation_works_with_NA_values_pruned_rows"/>
    <testcase time="0.0280000000000022" classname="table_15" name="Table_15_generation_works_with_NA_values_pruned_rows"/>
    <testcase time="0.199999999999999" classname="table_15" name="Table_15_generation_works_with_NA_values_pruned_rows"/>
    <testcase time="0.0680000000000014" classname="table_15" name="Table_15_generation_works_with_NA_values_pruned_rows">
      <skipped message="Reason: On CRAN ('test-table_15.R:58:3')"/>
    </testcase>
    <testcase time="0.0129999999999981" classname="table_15" name="Table_15_generation_works_with_risk_difference_column"/>
    <testcase time="0.0300000000000011" classname="table_15" name="Table_15_generation_works_with_risk_difference_column"/>
    <testcase time="0.23" classname="table_15" name="Table_15_generation_works_with_risk_difference_column"/>
    <testcase time="0.0769999999999982" classname="table_15" name="Table_15_generation_works_with_risk_difference_column">
      <skipped message="Reason: On CRAN ('test-table_15.R:66:3')"/>
    </testcase>
  </testsuite>
  <testsuite name="table_16" timestamp="2023-11-09T02:18:58Z" hostname="74951f4856fc" tests="16" skipped="4" failures="0" errors="0" time="1.119">
    <testcase time="0.0210000000000008" classname="table_16" name="Table_16_generation_works_with_default_values"/>
    <testcase time="0.0249999999999986" classname="table_16" name="Table_16_generation_works_with_default_values"/>
    <testcase time="0.194000000000003" classname="table_16" name="Table_16_generation_works_with_default_values"/>
    <testcase time="0.036999999999999" classname="table_16" name="Table_16_generation_works_with_default_values">
      <skipped message="Reason: On CRAN ('test-table_16.R:19:3')"/>
    </testcase>
    <testcase time="0.0139999999999993" classname="table_16" name="Table_16_generation_works_with_custom_values"/>
    <testcase time="0.027000000000001" classname="table_16" name="Table_16_generation_works_with_custom_values"/>
    <testcase time="0.189" classname="table_16" name="Table_16_generation_works_with_custom_values"/>
    <testcase time="0.0359999999999978" classname="table_16" name="Table_16_generation_works_with_custom_values">
      <skipped message="Reason: On CRAN ('test-table_16.R:51:3')"/>
    </testcase>
    <testcase time="0.0140000000000029" classname="table_16" name="Table_16_generation_works_with_NA_values_pruned_rows"/>
    <testcase time="0.032" classname="table_16" name="Table_16_generation_works_with_NA_values_pruned_rows"/>
    <testcase time="0.189" classname="table_16" name="Table_16_generation_works_with_NA_values_pruned_rows"/>
    <testcase time="0.0359999999999978" classname="table_16" name="Table_16_generation_works_with_NA_values_pruned_rows">
      <skipped message="Reason: On CRAN ('test-table_16.R:58:3')"/>
    </testcase>
    <testcase time="0.0130000000000017" classname="table_16" name="Table_16_generation_works_with_risk_difference_column"/>
    <testcase time="0.0259999999999998" classname="table_16" name="Table_16_generation_works_with_risk_difference_column"/>
    <testcase time="0.227" classname="table_16" name="Table_16_generation_works_with_risk_difference_column"/>
    <testcase time="0.0389999999999979" classname="table_16" name="Table_16_generation_works_with_risk_difference_column">
      <skipped message="Reason: On CRAN ('test-table_16.R:66:3')"/>
    </testcase>
  </testsuite>
  <testsuite name="table_17" timestamp="2023-11-09T02:18:59Z" hostname="74951f4856fc" tests="16" skipped="4" failures="0" errors="0" time="1.97">
    <testcase time="0.0210000000000008" classname="table_17" name="Table_17_generation_works_with_default_values"/>
    <testcase time="0.0289999999999999" classname="table_17" name="Table_17_generation_works_with_default_values"/>
    <testcase time="0.298000000000002" classname="table_17" name="Table_17_generation_works_with_default_values"/>
    <testcase time="0.126999999999999" classname="table_17" name="Table_17_generation_works_with_default_values">
      <skipped message="Reason: On CRAN ('test-table_17.R:25:3')"/>
    </testcase>
    <testcase time="0.0139999999999993" classname="table_17" name="Table_17_generation_works_with_custom_values"/>
    <testcase time="0.0300000000000011" classname="table_17" name="Table_17_generation_works_with_custom_values"/>
    <testcase time="0.305" classname="table_17" name="Table_17_generation_works_with_custom_values"/>
    <testcase time="0.126000000000001" classname="table_17" name="Table_17_generation_works_with_custom_values">
      <skipped message="Reason: On CRAN ('test-table_17.R:57:3')"/>
    </testcase>
    <testcase time="0.014999999999997" classname="table_17" name="Table_17_generation_works_with_NA_values_pruned_rows"/>
    <testcase time="0.0300000000000011" classname="table_17" name="Table_17_generation_works_with_NA_values_pruned_rows"/>
    <testcase time="0.302" classname="table_17" name="Table_17_generation_works_with_NA_values_pruned_rows"/>
    <testcase time="0.117000000000001" classname="table_17" name="Table_17_generation_works_with_NA_values_pruned_rows">
      <skipped message="Reason: On CRAN ('test-table_17.R:64:3')"/>
    </testcase>
    <testcase time="0.0139999999999993" classname="table_17" name="Table_17_generation_works_with_risk_difference_column"/>
    <testcase time="0.0390000000000015" classname="table_17" name="Table_17_generation_works_with_risk_difference_column"/>
    <testcase time="0.357999999999997" classname="table_17" name="Table_17_generation_works_with_risk_difference_column"/>
    <testcase time="0.145000000000003" classname="table_17" name="Table_17_generation_works_with_risk_difference_column">
      <skipped message="Reason: On CRAN ('test-table_17.R:72:3')"/>
    </testcase>
  </testsuite>
  <testsuite name="table_18" timestamp="2023-11-09T02:19:01Z" hostname="74951f4856fc" tests="16" skipped="4" failures="0" errors="0" time="1.665">
    <testcase time="0.019999999999996" classname="table_18" name="Table_18_generation_works_with_default_values"/>
    <testcase time="0.027000000000001" classname="table_18" name="Table_18_generation_works_with_default_values"/>
    <testcase time="0.300000000000004" classname="table_18" name="Table_18_generation_works_with_default_values"/>
    <testcase time="0.0509999999999948" classname="table_18" name="Table_18_generation_works_with_default_values">
      <skipped message="Reason: On CRAN ('test-table_18.R:25:3')"/>
    </testcase>
    <testcase time="0.017000000000003" classname="table_18" name="Table_18_generation_works_with_custom_values"/>
    <testcase time="0.0259999999999962" classname="table_18" name="Table_18_generation_works_with_custom_values"/>
    <testcase time="0.309000000000005" classname="table_18" name="Table_18_generation_works_with_custom_values"/>
    <testcase time="0.0510000000000019" classname="table_18" name="Table_18_generation_works_with_custom_values">
      <skipped message="Reason: On CRAN ('test-table_18.R:57:3')"/>
    </testcase>
    <testcase time="0.0139999999999958" classname="table_18" name="Table_18_generation_works_with_NA_values_pruned_rows"/>
    <testcase time="0.0360000000000014" classname="table_18" name="Table_18_generation_works_with_NA_values_pruned_rows"/>
    <testcase time="0.292000000000002" classname="table_18" name="Table_18_generation_works_with_NA_values_pruned_rows"/>
    <testcase time="0.0619999999999976" classname="table_18" name="Table_18_generation_works_with_NA_values_pruned_rows">
      <skipped message="Reason: On CRAN ('test-table_18.R:64:3')"/>
    </testcase>
    <testcase time="0.0129999999999981" classname="table_18" name="Table_18_generation_works_with_risk_difference_column"/>
    <testcase time="0.027000000000001" classname="table_18" name="Table_18_generation_works_with_risk_difference_column"/>
    <testcase time="0.350999999999999" classname="table_18" name="Table_18_generation_works_with_risk_difference_column"/>
    <testcase time="0.0690000000000026" classname="table_18" name="Table_18_generation_works_with_risk_difference_column">
      <skipped message="Reason: On CRAN ('test-table_18.R:72:3')"/>
    </testcase>
  </testsuite>
  <testsuite name="table_20" timestamp="2023-11-09T02:19:03Z" hostname="74951f4856fc" tests="24" skipped="4" failures="0" errors="0" time="1.962">
    <testcase time="0.0200000000000031" classname="table_20" name="Table_20_generation_works_with_default_values"/>
    <testcase time="0.000999999999997669" classname="table_20" name="Table_20_generation_works_with_default_values"/>
    <testcase time="0.000999999999997669" classname="table_20" name="Table_20_generation_works_with_default_values"/>
    <testcase time="0.0290000000000035" classname="table_20" name="Table_20_generation_works_with_default_values"/>
    <testcase time="0.305" classname="table_20" name="Table_20_generation_works_with_default_values"/>
    <testcase time="0.0629999999999953" classname="table_20" name="Table_20_generation_works_with_default_values">
      <skipped message="Reason: On CRAN ('test-table_20.R:17:3')"/>
    </testcase>
    <testcase time="0.0140000000000029" classname="table_20" name="Table_20_generation_works_with_custom_values"/>
    <testcase time="0.000999999999997669" classname="table_20" name="Table_20_generation_works_with_custom_values"/>
    <testcase time="0.00100000000000477" classname="table_20" name="Table_20_generation_works_with_custom_values"/>
    <testcase time="0.029999999999994" classname="table_20" name="Table_20_generation_works_with_custom_values"/>
    <testcase time="0.470000000000006" classname="table_20" name="Table_20_generation_works_with_custom_values"/>
    <testcase time="0.0919999999999987" classname="table_20" name="Table_20_generation_works_with_custom_values">
      <skipped message="Reason: On CRAN ('test-table_20.R:65:3')"/>
    </testcase>
    <testcase time="0.0139999999999958" classname="table_20" name="Table_20_generation_works_with_missing_values_pruned_rows"/>
    <testcase time="0.00100000000000477" classname="table_20" name="Table_20_generation_works_with_missing_values_pruned_rows"/>
    <testcase time="0.000999999999997669" classname="table_20" name="Table_20_generation_works_with_missing_values_pruned_rows"/>
    <testcase time="0.0300000000000011" classname="table_20" name="Table_20_generation_works_with_missing_values_pruned_rows"/>
    <testcase time="0.302" classname="table_20" name="Table_20_generation_works_with_missing_values_pruned_rows"/>
    <testcase time="0.0589999999999975" classname="table_20" name="Table_20_generation_works_with_missing_values_pruned_rows">
      <skipped message="Reason: On CRAN ('test-table_20.R:74:3')"/>
    </testcase>
    <testcase time="0.0150000000000006" classname="table_20" name="Table_20_generation_works_with_risk_difference_column"/>
    <testcase time="0.00100000000000477" classname="table_20" name="Table_20_generation_works_with_risk_difference_column"/>
    <testcase time="0.000999999999997669" classname="table_20" name="Table_20_generation_works_with_risk_difference_column"/>
    <testcase time="0.0300000000000011" classname="table_20" name="Table_20_generation_works_with_risk_difference_column"/>
    <testcase time="0.408999999999999" classname="table_20" name="Table_20_generation_works_with_risk_difference_column"/>
    <testcase time="0.0719999999999956" classname="table_20" name="Table_20_generation_works_with_risk_difference_column">
      <skipped message="Reason: On CRAN ('test-table_20.R:82:3')"/>
    </testcase>
  </testsuite>
  <testsuite name="table_21" timestamp="2023-11-09T02:19:05Z" hostname="74951f4856fc" tests="19" skipped="4" failures="0" errors="0" time="1.891">
    <testcase time="0.054000000000002" classname="table_21" name="Table_21_generation_works_with_default_values"/>
    <testcase time="0.00100000000000477" classname="table_21" name="Table_21_generation_works_with_default_values"/>
    <testcase time="0.427999999999997" classname="table_21" name="Table_21_generation_works_with_default_values"/>
    <testcase time="0.0750000000000028" classname="table_21" name="Table_21_generation_works_with_default_values">
      <skipped message="Reason: On CRAN ('test-table_21.R:22:3')"/>
    </testcase>
    <testcase time="0.0149999999999935" classname="table_21" name="Table_21_generation_works_with_custom_values_N_s_denominator_and_overall_column"/>
    <testcase time="0.00100000000000477" classname="table_21" name="Table_21_generation_works_with_custom_values_N_s_denominator_and_overall_column"/>
    <testcase time="0.0579999999999998" classname="table_21" name="Table_21_generation_works_with_custom_values_N_s_denominator_and_overall_column"/>
    <testcase time="0.503" classname="table_21" name="Table_21_generation_works_with_custom_values_N_s_denominator_and_overall_column"/>
    <testcase time="0.0940000000000012" classname="table_21" name="Table_21_generation_works_with_custom_values_N_s_denominator_and_overall_column">
      <skipped message="Reason: On CRAN ('test-table_21.R:34:3')"/>
    </testcase>
    <testcase time="0.0139999999999958" classname="table_21" name="Table_21_generation_works_with_custom_values_N_col_denominator_and_no_overall_column"/>
    <testcase time="0.00200000000000244" classname="table_21" name="Table_21_generation_works_with_custom_values_N_col_denominator_and_no_overall_column"/>
    <testcase time="0.0330000000000013" classname="table_21" name="Table_21_generation_works_with_custom_values_N_col_denominator_and_no_overall_column"/>
    <testcase time="0.219999999999999" classname="table_21" name="Table_21_generation_works_with_custom_values_N_col_denominator_and_no_overall_column"/>
    <testcase time="0.0820000000000007" classname="table_21" name="Table_21_generation_works_with_custom_values_N_col_denominator_and_no_overall_column">
      <skipped message="Reason: On CRAN ('test-table_21.R:62:3')"/>
    </testcase>
    <testcase time="0.0439999999999969" classname="table_21" name="Table_21_generation_works_with_some_NA_values"/>
    <testcase time="0.00100000000000477" classname="table_21" name="Table_21_generation_works_with_some_NA_values"/>
    <testcase time="0.036999999999999" classname="table_21" name="Table_21_generation_works_with_some_NA_values"/>
    <testcase time="0.18" classname="table_21" name="Table_21_generation_works_with_some_NA_values"/>
    <testcase time="0.0489999999999995" classname="table_21" name="Table_21_generation_works_with_some_NA_values">
      <skipped message="Reason: On CRAN ('test-table_21.R:82:3')"/>
    </testcase>
  </testsuite>
  <testsuite name="table_32" timestamp="2023-11-09T02:19:07Z" hostname="74951f4856fc" tests="22" skipped="6" failures="0" errors="0" time="3.883">
    <testcase time="0.0180000000000007" classname="table_32" name="Table_32_generation_works_with_default_values"/>
    <testcase time="0.0330000000000013" classname="table_32" name="Table_32_generation_works_with_default_values"/>
    <testcase time="0.0970000000000013" classname="table_32" name="Table_32_generation_works_with_default_values"/>
    <testcase time="0.0319999999999965" classname="table_32" name="Table_32_generation_works_with_default_values">
      <skipped message="Reason: On CRAN ('test-table_32.R:8:3')"/>
    </testcase>
    <testcase time="0.0140000000000029" classname="table_32" name="Table_32_generation_works_with_custom_values"/>
    <testcase time="0.0339999999999989" classname="table_32" name="Table_32_generation_works_with_custom_values"/>
    <testcase time="0.113999999999997" classname="table_32" name="Table_32_generation_works_with_custom_values"/>
    <testcase time="0.0390000000000015" classname="table_32" name="Table_32_generation_works_with_custom_values">
      <skipped message="Reason: On CRAN ('test-table_32.R:30:3')"/>
    </testcase>
    <testcase time="0.0140000000000029" classname="table_32" name="Table_32_generation_works_with_pruned_rows"/>
    <testcase time="0.0339999999999989" classname="table_32" name="Table_32_generation_works_with_pruned_rows"/>
    <testcase time="0.103999999999999" classname="table_32" name="Table_32_generation_works_with_pruned_rows"/>
    <testcase time="0.0240000000000009" classname="table_32" name="Table_32_generation_works_with_pruned_rows">
      <skipped message="Reason: On CRAN ('test-table_32.R:37:3')"/>
    </testcase>
    <testcase time="0.0150000000000006" classname="table_32" name="Table_32_generation_works_with_risk_difference_column"/>
    <testcase time="0.0330000000000013" classname="table_32" name="Table_32_generation_works_with_risk_difference_column"/>
    <testcase time="0.127999999999993" classname="table_32" name="Table_32_generation_works_with_risk_difference_column"/>
    <testcase time="0.0380000000000038" classname="table_32" name="Table_32_generation_works_with_risk_difference_column">
      <skipped message="Reason: On CRAN ('test-table_32.R:45:3')"/>
    </testcase>
    <testcase time="0.0150000000000006" classname="table_32" name="Table_32_gtsum_generation_works_with_default_values"/>
    <testcase time="1.272" classname="table_32" name="Table_32_gtsum_generation_works_with_default_values"/>
    <testcase time="0.00600000000000023" classname="table_32" name="Table_32_gtsum_generation_works_with_default_values">
      <skipped message="Reason: On CRAN ('test-table_32.R:51:3')"/>
    </testcase>
    <testcase time="0.0140000000000029" classname="table_32" name="Table_32_gtsum_generation_works_with_custom_values"/>
    <testcase time="1.799" classname="table_32" name="Table_32_gtsum_generation_works_with_custom_values"/>
    <testcase time="0.00600000000000023" classname="table_32" name="Table_32_gtsum_generation_works_with_custom_values">
      <skipped message="Reason: On CRAN ('test-table_32.R:61:3')"/>
    </testcase>
  </testsuite>
  <testsuite name="table_33" timestamp="2023-11-09T02:19:11Z" hostname="74951f4856fc" tests="16" skipped="4" failures="0" errors="0" time="1.535">
    <testcase time="0.0169999999999959" classname="table_33" name="Table_33_generation_works_with_default_values"/>
    <testcase time="0.221000000000004" classname="table_33" name="Table_33_generation_works_with_default_values"/>
    <testcase time="0.0689999999999955" classname="table_33" name="Table_33_generation_works_with_default_values"/>
    <testcase time="0.0240000000000009" classname="table_33" name="Table_33_generation_works_with_default_values">
      <skipped message="Reason: On CRAN ('test-table_33.R:8:3')"/>
    </testcase>
    <testcase time="0.0140000000000029" classname="table_33" name="Table_33_generation_works_with_custom_values"/>
    <testcase time="0.207999999999998" classname="table_33" name="Table_33_generation_works_with_custom_values"/>
    <testcase time="0.0990000000000038" classname="table_33" name="Table_33_generation_works_with_custom_values"/>
    <testcase time="0.029999999999994" classname="table_33" name="Table_33_generation_works_with_custom_values">
      <skipped message="Reason: On CRAN ('test-table_33.R:34:3')"/>
    </testcase>
    <testcase time="0.0140000000000029" classname="table_33" name="Table_33_generation_works_with_pruned_rows"/>
    <testcase time="0.209000000000003" classname="table_33" name="Table_33_generation_works_with_pruned_rows"/>
    <testcase time="0.0819999999999936" classname="table_33" name="Table_33_generation_works_with_pruned_rows"/>
    <testcase time="0.0220000000000056" classname="table_33" name="Table_33_generation_works_with_pruned_rows">
      <skipped message="Reason: On CRAN ('test-table_33.R:42:3')"/>
    </testcase>
    <testcase time="0.0139999999999958" classname="table_33" name="Table_33_generation_works_with_risk_difference_column"/>
    <testcase time="0.395000000000003" classname="table_33" name="Table_33_generation_works_with_risk_difference_column"/>
    <testcase time="0.0850000000000009" classname="table_33" name="Table_33_generation_works_with_risk_difference_column"/>
    <testcase time="0.0319999999999965" classname="table_33" name="Table_33_generation_works_with_risk_difference_column">
      <skipped message="Reason: On CRAN ('test-table_33.R:50:3')"/>
    </testcase>
  </testsuite>
  <testsuite name="table_34" timestamp="2023-11-09T02:19:12Z" hostname="74951f4856fc" tests="12" skipped="3" failures="0" errors="0" time="4.198">
    <testcase time="0.0210000000000008" classname="table_34" name="Table_34_generation_works_with_default_values"/>
    <testcase time="0.0279999999999987" classname="table_34" name="Table_34_generation_works_with_default_values"/>
    <testcase time="1.15" classname="table_34" name="Table_34_generation_works_with_default_values"/>
    <testcase time="0.147000000000006" classname="table_34" name="Table_34_generation_works_with_default_values">
      <skipped message="Reason: On CRAN ('test-table_34.R:17:3')"/>
    </testcase>
    <testcase time="0.0139999999999958" classname="table_34" name="Table_34_generation_works_with_custom_values"/>
    <testcase time="0.0290000000000035" classname="table_34" name="Table_34_generation_works_with_custom_values"/>
    <testcase time="1.123" classname="table_34" name="Table_34_generation_works_with_custom_values"/>
    <testcase time="0.0560000000000045" classname="table_34" name="Table_34_generation_works_with_custom_values">
      <skipped message="Reason: On CRAN ('test-table_34.R:49:3')"/>
    </testcase>
    <testcase time="0.0139999999999958" classname="table_34" name="Table_34_generation_works_with_risk_difference_column"/>
    <testcase time="0.0320000000000036" classname="table_34" name="Table_34_generation_works_with_risk_difference_column"/>
    <testcase time="1.41699999999999" classname="table_34" name="Table_34_generation_works_with_risk_difference_column"/>
    <testcase time="0.167000000000002" classname="table_34" name="Table_34_generation_works_with_risk_difference_column">
      <skipped message="Reason: On CRAN ('test-table_34.R:57:3')"/>
    </testcase>
  </testsuite>
</testsuites>
