<?xml version="1.0" encoding="UTF-8"?>
<testsuites>
  <testsuite name="table_02" timestamp="2023-06-23T14:30:58Z" hostname="b50d8cca02b4" tests="9" skipped="3" failures="0" errors="0" time="1.572">
    <testcase time="0.0499999999999998" classname="table_02" name="Table_02_generation_works_with_default_values"/>
    <testcase time="0.525" classname="table_02" name="Table_02_generation_works_with_default_values"/>
    <testcase time="0.194" classname="table_02" name="Table_02_generation_works_with_default_values">
      <skipped message="Reason: On CRAN ('test-table_02.R:16:3')"/>
    </testcase>
    <testcase time="0.0859999999999999" classname="table_02" name="Table_02_generation_works_with_custom_values"/>
    <testcase time="0.356" classname="table_02" name="Table_02_generation_works_with_custom_values"/>
    <testcase time="0.19" classname="table_02" name="Table_02_generation_works_with_custom_values">
      <skipped message="Reason: On CRAN ('test-table_02.R:45:3')"/>
    </testcase>
    <testcase time="0.0469999999999997" classname="table_02" name="Table_02_generation_works_with_some_NA_values"/>
    <testcase time="0.0820000000000003" classname="table_02" name="Table_02_generation_works_with_some_NA_values"/>
    <testcase time="0.0419999999999998" classname="table_02" name="Table_02_generation_works_with_some_NA_values">
      <skipped message="Reason: On CRAN ('test-table_02.R:57:3')"/>
    </testcase>
  </testsuite>
  <testsuite name="table_05" timestamp="2023-06-23T14:30:59Z" hostname="b50d8cca02b4" tests="9" skipped="3" failures="0" errors="0" time="1.022">
    <testcase time="0.166" classname="table_05" name="Table_05_generation_works_with_default_values"/>
    <testcase time="0.247" classname="table_05" name="Table_05_generation_works_with_default_values"/>
    <testcase time="0.0630000000000006" classname="table_05" name="Table_05_generation_works_with_default_values">
      <skipped message="Reason: On CRAN ('test-table_05.R:10:3')"/>
    </testcase>
    <testcase time="0.0139999999999993" classname="table_05" name="Table_05_generation_works_with_custom_values"/>
    <testcase time="0.221" classname="table_05" name="Table_05_generation_works_with_custom_values"/>
    <testcase time="0.0739999999999998" classname="table_05" name="Table_05_generation_works_with_custom_values">
      <skipped message="Reason: On CRAN ('test-table_05.R:34:3')"/>
    </testcase>
    <testcase time="0.0150000000000006" classname="table_05" name="Table_05_generation_works_with_NA_values_pruned_rows"/>
    <testcase time="0.16" classname="table_05" name="Table_05_generation_works_with_NA_values_pruned_rows"/>
    <testcase time="0.0619999999999994" classname="table_05" name="Table_05_generation_works_with_NA_values_pruned_rows">
      <skipped message="Reason: On CRAN ('test-table_05.R:44:3')"/>
    </testcase>
  </testsuite>
  <testsuite name="table_06" timestamp="2023-06-23T14:31:00Z" hostname="b50d8cca02b4" tests="10" skipped="2" failures="0" errors="0" time="1.306">
    <testcase time="0.0289999999999999" classname="table_06" name="Table_06_generation_works_with_default_values"/>
    <testcase time="0.00100000000000033" classname="table_06" name="Table_06_generation_works_with_default_values"/>
    <testcase time="0.0469999999999997" classname="table_06" name="Table_06_generation_works_with_default_values"/>
    <testcase time="0.344" classname="table_06" name="Table_06_generation_works_with_default_values"/>
    <testcase time="0.0860000000000003" classname="table_06" name="Table_06_generation_works_with_default_values">
      <skipped message="Reason: On CRAN ('test-table_06.R:8:3')"/>
    </testcase>
    <testcase time="0.0149999999999997" classname="table_06" name="Table_06_generation_works_with_custom_values"/>
    <testcase time="0.00100000000000033" classname="table_06" name="Table_06_generation_works_with_custom_values"/>
    <testcase time="0.0449999999999999" classname="table_06" name="Table_06_generation_works_with_custom_values"/>
    <testcase time="0.452999999999999" classname="table_06" name="Table_06_generation_works_with_custom_values"/>
    <testcase time="0.285" classname="table_06" name="Table_06_generation_works_with_custom_values">
      <skipped message="Reason: On CRAN ('test-table_06.R:40:3')"/>
    </testcase>
  </testsuite>
  <testsuite name="table_07" timestamp="2023-06-23T14:31:01Z" hostname="b50d8cca02b4" tests="18" skipped="3" failures="0" errors="0" time="1.372">
    <testcase time="0.0220000000000002" classname="table_07" name="Table_07_generation_works_with_default_values"/>
    <testcase time="0.00100000000000033" classname="table_07" name="Table_07_generation_works_with_default_values"/>
    <testcase time="0.000999999999999446" classname="table_07" name="Table_07_generation_works_with_default_values"/>
    <testcase time="0.0310000000000006" classname="table_07" name="Table_07_generation_works_with_default_values"/>
    <testcase time="0.279" classname="table_07" name="Table_07_generation_works_with_default_values"/>
    <testcase time="0.101" classname="table_07" name="Table_07_generation_works_with_default_values">
      <skipped message="Reason: On CRAN ('test-table_07.R:13:3')"/>
    </testcase>
    <testcase time="0.0140000000000002" classname="table_07" name="Table_07_generation_works_with_custom_values"/>
    <testcase time="0.000999999999999446" classname="table_07" name="Table_07_generation_works_with_custom_values"/>
    <testcase time="0.00100000000000033" classname="table_07" name="Table_07_generation_works_with_custom_values"/>
    <testcase time="0.0309999999999997" classname="table_07" name="Table_07_generation_works_with_custom_values"/>
    <testcase time="0.365" classname="table_07" name="Table_07_generation_works_with_custom_values"/>
    <testcase time="0.125999999999999" classname="table_07" name="Table_07_generation_works_with_custom_values">
      <skipped message="Reason: On CRAN ('test-table_07.R:42:3')"/>
    </testcase>
    <testcase time="0.0140000000000002" classname="table_07" name="Table_07_generation_works_with_NA_values_pruned_rows"/>
    <testcase time="0.00100000000000033" classname="table_07" name="Table_07_generation_works_with_NA_values_pruned_rows"/>
    <testcase time="0.000999999999999446" classname="table_07" name="Table_07_generation_works_with_NA_values_pruned_rows"/>
    <testcase time="0.0310000000000006" classname="table_07" name="Table_07_generation_works_with_NA_values_pruned_rows"/>
    <testcase time="0.248" classname="table_07" name="Table_07_generation_works_with_NA_values_pruned_rows"/>
    <testcase time="0.103999999999999" classname="table_07" name="Table_07_generation_works_with_NA_values_pruned_rows">
      <skipped message="Reason: On CRAN ('test-table_07.R:52:3')"/>
    </testcase>
  </testsuite>
  <testsuite name="table_08" timestamp="2023-06-23T14:31:03Z" hostname="b50d8cca02b4" tests="8" skipped="2" failures="0" errors="0" time="0.347">
    <testcase time="0.0200000000000005" classname="table_08" name="Table_08_generation_works_with_default_values"/>
    <testcase time="0.00100000000000033" classname="table_08" name="Table_08_generation_works_with_default_values"/>
    <testcase time="0.04" classname="table_08" name="Table_08_generation_works_with_default_values"/>
    <testcase time="0.0989999999999993" classname="table_08" name="Table_08_generation_works_with_default_values">
      <skipped message="Reason: On CRAN ('test-table_08.R:10:3')"/>
    </testcase>
    <testcase time="0.0140000000000002" classname="table_08" name="Table_08_generation_works_with_custom_values"/>
    <testcase time="0.000999999999999446" classname="table_08" name="Table_08_generation_works_with_custom_values"/>
    <testcase time="0.04" classname="table_08" name="Table_08_generation_works_with_custom_values"/>
    <testcase time="0.132000000000001" classname="table_08" name="Table_08_generation_works_with_custom_values">
      <skipped message="Reason: On CRAN ('test-table_08.R:31:3')"/>
    </testcase>
  </testsuite>
  <testsuite name="table_09" timestamp="2023-06-23T14:31:03Z" hostname="b50d8cca02b4" tests="8" skipped="2" failures="0" errors="0" time="0.742">
    <testcase time="0.0179999999999989" classname="table_09" name="Table_09_generation_works_with_default_values"/>
    <testcase time="0.032" classname="table_09" name="Table_09_generation_works_with_default_values"/>
    <testcase time="0.227" classname="table_09" name="Table_09_generation_works_with_default_values"/>
    <testcase time="0.0730000000000004" classname="table_09" name="Table_09_generation_works_with_default_values">
      <skipped message="Reason: On CRAN ('test-table_09.R:8:3')"/>
    </testcase>
    <testcase time="0.0139999999999993" classname="table_09" name="Table_09_generation_works_with_custom_values"/>
    <testcase time="0.032" classname="table_09" name="Table_09_generation_works_with_custom_values"/>
    <testcase time="0.285" classname="table_09" name="Table_09_generation_works_with_custom_values"/>
    <testcase time="0.0609999999999999" classname="table_09" name="Table_09_generation_works_with_custom_values">
      <skipped message="Reason: On CRAN ('test-table_09.R:39:3')"/>
    </testcase>
  </testsuite>
  <testsuite name="table_13" timestamp="2023-06-23T14:31:04Z" hostname="b50d8cca02b4" tests="8" skipped="2" failures="0" errors="0" time="0.427">
    <testcase time="0.0180000000000007" classname="table_13" name="Table_13_generation_works_with_default_values"/>
    <testcase time="0.0389999999999997" classname="table_13" name="Table_13_generation_works_with_default_values"/>
    <testcase time="0.103" classname="table_13" name="Table_13_generation_works_with_default_values"/>
    <testcase time="0.0540000000000003" classname="table_13" name="Table_13_generation_works_with_default_values">
      <skipped message="Reason: On CRAN ('test-table_13.R:8:3')"/>
    </testcase>
    <testcase time="0.0139999999999993" classname="table_13" name="Table_13_generation_works_with_custom_values"/>
    <testcase time="0.0400000000000009" classname="table_13" name="Table_13_generation_works_with_custom_values"/>
    <testcase time="0.119" classname="table_13" name="Table_13_generation_works_with_custom_values"/>
    <testcase time="0.0400000000000009" classname="table_13" name="Table_13_generation_works_with_custom_values">
      <skipped message="Reason: On CRAN ('test-table_13.R:38:3')"/>
    </testcase>
  </testsuite>
  <testsuite name="table_14" timestamp="2023-06-23T14:31:04Z" hostname="b50d8cca02b4" tests="10" skipped="3" failures="0" errors="0" time="1.771">
    <testcase time="0.0259999999999998" classname="table_14" name="Table_14_generation_works_with_default_values"/>
    <testcase time="0.44" classname="table_14" name="Table_14_generation_works_with_default_values"/>
    <testcase time="0.118" classname="table_14" name="Table_14_generation_works_with_default_values">
      <skipped message="Reason: On CRAN ('test-table_14.R:16:3')"/>
    </testcase>
    <testcase time="0.0139999999999993" classname="table_14" name="Table_14_generation_works_with_custom_values"/>
    <testcase time="0.0400000000000009" classname="table_14" name="Table_14_generation_works_with_custom_values"/>
    <testcase time="0.459" classname="table_14" name="Table_14_generation_works_with_custom_values"/>
    <testcase time="0.122999999999999" classname="table_14" name="Table_14_generation_works_with_custom_values">
      <skipped message="Reason: On CRAN ('test-table_14.R:46:3')"/>
    </testcase>
    <testcase time="0.0140000000000011" classname="table_14" name="Table_14_generation_works_with_NA_values_pruned_rows"/>
    <testcase time="0.443" classname="table_14" name="Table_14_generation_works_with_NA_values_pruned_rows"/>
    <testcase time="0.0939999999999994" classname="table_14" name="Table_14_generation_works_with_NA_values_pruned_rows">
      <skipped message="Reason: On CRAN ('test-table_14.R:53:3')"/>
    </testcase>
  </testsuite>
  <testsuite name="table_20" timestamp="2023-06-23T14:31:06Z" hostname="b50d8cca02b4" tests="18" skipped="3" failures="0" errors="0" time="1.45">
    <testcase time="0.0220000000000002" classname="table_20" name="Table_20_generation_works_with_default_values"/>
    <testcase time="0.000999999999999446" classname="table_20" name="Table_20_generation_works_with_default_values"/>
    <testcase time="0.00100000000000122" classname="table_20" name="Table_20_generation_works_with_default_values"/>
    <testcase time="0.0339999999999989" classname="table_20" name="Table_20_generation_works_with_default_values"/>
    <testcase time="0.301" classname="table_20" name="Table_20_generation_works_with_default_values"/>
    <testcase time="0.0709999999999997" classname="table_20" name="Table_20_generation_works_with_default_values">
      <skipped message="Reason: On CRAN ('test-table_20.R:17:3')"/>
    </testcase>
    <testcase time="0.0140000000000011" classname="table_20" name="Table_20_generation_works_with_custom_values"/>
    <testcase time="0.00199999999999889" classname="table_20" name="Table_20_generation_works_with_custom_values"/>
    <testcase time="0.00100000000000122" classname="table_20" name="Table_20_generation_works_with_custom_values"/>
    <testcase time="0.0339999999999989" classname="table_20" name="Table_20_generation_works_with_custom_values"/>
    <testcase time="0.464" classname="table_20" name="Table_20_generation_works_with_custom_values"/>
    <testcase time="0.0980000000000008" classname="table_20" name="Table_20_generation_works_with_custom_values">
      <skipped message="Reason: On CRAN ('test-table_20.R:65:3')"/>
    </testcase>
    <testcase time="0.0149999999999988" classname="table_20" name="Table_20_generation_works_with_missing_values_pruned_rows"/>
    <testcase time="0.00100000000000122" classname="table_20" name="Table_20_generation_works_with_missing_values_pruned_rows"/>
    <testcase time="0.000999999999999446" classname="table_20" name="Table_20_generation_works_with_missing_values_pruned_rows"/>
    <testcase time="0.0339999999999989" classname="table_20" name="Table_20_generation_works_with_missing_values_pruned_rows"/>
    <testcase time="0.286000000000001" classname="table_20" name="Table_20_generation_works_with_missing_values_pruned_rows"/>
    <testcase time="0.0700000000000003" classname="table_20" name="Table_20_generation_works_with_missing_values_pruned_rows">
      <skipped message="Reason: On CRAN ('test-table_20.R:74:3')"/>
    </testcase>
  </testsuite>
  <testsuite name="table_32" timestamp="2023-06-23T14:31:08Z" hostname="b50d8cca02b4" tests="12" skipped="3" failures="0" errors="0" time="0.624">
    <testcase time="0.0189999999999984" classname="table_32" name="Table_32_generation_works_with_default_values"/>
    <testcase time="0.0600000000000005" classname="table_32" name="Table_32_generation_works_with_default_values"/>
    <testcase time="0.093" classname="table_32" name="Table_32_generation_works_with_default_values"/>
    <testcase time="0.0380000000000003" classname="table_32" name="Table_32_generation_works_with_default_values">
      <skipped message="Reason: On CRAN ('test-table_32.R:8:3')"/>
    </testcase>
    <testcase time="0.0150000000000006" classname="table_32" name="Table_32_generation_works_with_custom_values"/>
    <testcase time="0.0419999999999998" classname="table_32" name="Table_32_generation_works_with_custom_values"/>
    <testcase time="0.122" classname="table_32" name="Table_32_generation_works_with_custom_values"/>
    <testcase time="0.0459999999999994" classname="table_32" name="Table_32_generation_works_with_custom_values">
      <skipped message="Reason: On CRAN ('test-table_32.R:30:3')"/>
    </testcase>
    <testcase time="0.0140000000000011" classname="table_32" name="Table_32_generation_works_with_pruned_rows"/>
    <testcase time="0.0419999999999998" classname="table_32" name="Table_32_generation_works_with_pruned_rows"/>
    <testcase time="0.103999999999999" classname="table_32" name="Table_32_generation_works_with_pruned_rows"/>
    <testcase time="0.0289999999999999" classname="table_32" name="Table_32_generation_works_with_pruned_rows">
      <skipped message="Reason: On CRAN ('test-table_32.R:37:3')"/>
    </testcase>
  </testsuite>
  <testsuite name="table_33" timestamp="2023-06-23T14:31:08Z" hostname="b50d8cca02b4" tests="12" skipped="3" failures="0" errors="0" time="1.05">
    <testcase time="0.0180000000000007" classname="table_33" name="Table_33_generation_works_with_default_values"/>
    <testcase time="0.216000000000001" classname="table_33" name="Table_33_generation_works_with_default_values"/>
    <testcase time="0.0739999999999998" classname="table_33" name="Table_33_generation_works_with_default_values"/>
    <testcase time="0.0289999999999999" classname="table_33" name="Table_33_generation_works_with_default_values">
      <skipped message="Reason: On CRAN ('test-table_33.R:8:3')"/>
    </testcase>
    <testcase time="0.0139999999999993" classname="table_33" name="Table_33_generation_works_with_custom_values"/>
    <testcase time="0.217000000000001" classname="table_33" name="Table_33_generation_works_with_custom_values"/>
    <testcase time="0.0939999999999994" classname="table_33" name="Table_33_generation_works_with_custom_values"/>
    <testcase time="0.0540000000000003" classname="table_33" name="Table_33_generation_works_with_custom_values">
      <skipped message="Reason: On CRAN ('test-table_33.R:34:3')"/>
    </testcase>
    <testcase time="0.0170000000000012" classname="table_33" name="Table_33_generation_works_with_pruned_rows"/>
    <testcase time="0.210999999999999" classname="table_33" name="Table_33_generation_works_with_pruned_rows"/>
    <testcase time="0.0810000000000013" classname="table_33" name="Table_33_generation_works_with_pruned_rows"/>
    <testcase time="0.0249999999999986" classname="table_33" name="Table_33_generation_works_with_pruned_rows">
      <skipped message="Reason: On CRAN ('test-table_33.R:42:3')"/>
    </testcase>
  </testsuite>
</testsuites>
