<?xml version="1.0" encoding="UTF-8"?>
<testsuites>
  <testsuite name="table_02" timestamp="2023-09-05T19:42:39Z" hostname="28fdf9ea22c1" tests="33" skipped="10" failures="0" errors="0" time="16.708">
    <testcase time="0.0760000000000001" classname="table_02" name="Table_02_generation_works_with_default_values"/>
    <testcase time="0.105" classname="table_02" name="Table_02_generation_works_with_default_values"/>
    <testcase time="0.503" classname="table_02" name="Table_02_generation_works_with_default_values"/>
    <testcase time="0.25" classname="table_02" name="Table_02_generation_works_with_default_values">
      <skipped message="Reason: On CRAN ('test-table_02.R:16:3')"/>
    </testcase>
    <testcase time="0.0710000000000006" classname="table_02" name="Table_02_generation_works_with_custom_values"/>
    <testcase time="0.0559999999999992" classname="table_02" name="Table_02_generation_works_with_custom_values"/>
    <testcase time="0.427" classname="table_02" name="Table_02_generation_works_with_custom_values"/>
    <testcase time="0.292" classname="table_02" name="Table_02_generation_works_with_custom_values">
      <skipped message="Reason: On CRAN ('test-table_02.R:45:3')"/>
    </testcase>
    <testcase time="0.0620000000000003" classname="table_02" name="Table_02_generation_works_with_some_NA_values"/>
    <testcase time="0.056" classname="table_02" name="Table_02_generation_works_with_some_NA_values"/>
    <testcase time="0.0819999999999999" classname="table_02" name="Table_02_generation_works_with_some_NA_values"/>
    <testcase time="0.0570000000000004" classname="table_02" name="Table_02_generation_works_with_some_NA_values">
      <skipped message="Reason: On CRAN ('test-table_02.R:57:3')"/>
    </testcase>
    <testcase time="0.0209999999999999" classname="table_02" name="Table_02_generation_tplyr_works_with_default_values"/>
    <testcase time="2.062" classname="table_02" name="Table_02_generation_tplyr_works_with_default_values"/>
    <testcase time="0.0340000000000007" classname="table_02" name="Table_02_generation_tplyr_works_with_default_values">
      <skipped message="Reason: On CRAN ('test-table_02.R:66:3')"/>
    </testcase>
    <testcase time="0.0179999999999998" classname="table_02" name="Table_02_generation_tplyr_works_with_tplyr_raw_TRUE"/>
    <testcase time="1.325" classname="table_02" name="Table_02_generation_tplyr_works_with_tplyr_raw_TRUE"/>
    <testcase time="0.0259999999999998" classname="table_02" name="Table_02_generation_tplyr_works_with_tplyr_raw_TRUE">
      <skipped message="Reason: On CRAN ('test-table_02.R:75:3')"/>
    </testcase>
    <testcase time="0.048" classname="table_02" name="Table_02_generation_tplyr_works_with_custom_values"/>
    <testcase time="1.952" classname="table_02" name="Table_02_generation_tplyr_works_with_custom_values"/>
    <testcase time="0.0250000000000004" classname="table_02" name="Table_02_generation_tplyr_works_with_custom_values">
      <skipped message="Reason: On CRAN ('test-table_02.R:102:3')"/>
    </testcase>
    <testcase time="0.0400000000000009" classname="table_02" name="Table_02_generation_tplyr_works_with_some_NA_values"/>
    <testcase time="0.788" classname="table_02" name="Table_02_generation_tplyr_works_with_some_NA_values"/>
    <testcase time="0.0239999999999991" classname="table_02" name="Table_02_generation_tplyr_works_with_some_NA_values">
      <skipped message="Reason: On CRAN ('test-table_02.R:119:3')"/>
    </testcase>
    <testcase time="0.0169999999999995" classname="table_02" name="Table_02_generation_gt_works_with_default_values"/>
    <testcase time="3.377" classname="table_02" name="Table_02_generation_gt_works_with_default_values"/>
    <testcase time="0.00600000000000023" classname="table_02" name="Table_02_generation_gt_works_with_default_values">
      <skipped message="Reason: On CRAN ('test-table_02.R:128:3')"/>
    </testcase>
    <testcase time="0.048" classname="table_02" name="Table_02_generation_gt_works_with_custom_values"/>
    <testcase time="3.739" classname="table_02" name="Table_02_generation_gt_works_with_custom_values"/>
    <testcase time="0.0069999999999979" classname="table_02" name="Table_02_generation_gt_works_with_custom_values">
      <skipped message="Reason: On CRAN ('test-table_02.R:146:3')"/>
    </testcase>
    <testcase time="0.0510000000000019" classname="table_02" name="Table_02_generation_gt_works_with_some_NA_values"/>
    <testcase time="1.056" classname="table_02" name="Table_02_generation_gt_works_with_some_NA_values"/>
    <testcase time="0.0069999999999979" classname="table_02" name="Table_02_generation_gt_works_with_some_NA_values">
      <skipped message="Reason: On CRAN ('test-table_02.R:163:3')"/>
    </testcase>
  </testsuite>
  <testsuite name="table_04" timestamp="2023-09-05T19:42:56Z" hostname="28fdf9ea22c1" tests="12" skipped="2" failures="0" errors="0" time="1.239">
    <testcase time="0.054000000000002" classname="table_04" name="Table_04_generation_works_with_default_values"/>
    <testcase time="0.000999999999997669" classname="table_04" name="Table_04_generation_works_with_default_values"/>
    <testcase time="0.00100000000000122" classname="table_04" name="Table_04_generation_works_with_default_values"/>
    <testcase time="0.00100000000000122" classname="table_04" name="Table_04_generation_works_with_default_values"/>
    <testcase time="0.498999999999999" classname="table_04" name="Table_04_generation_works_with_default_values"/>
    <testcase time="0.129000000000001" classname="table_04" name="Table_04_generation_works_with_default_values">
      <skipped message="Reason: On CRAN ('test-table_04.R:30:3')"/>
    </testcase>
    <testcase time="0.0199999999999996" classname="table_04" name="Table_04_generation_works_with_custom_values"/>
    <testcase time="0.00100000000000122" classname="table_04" name="Table_04_generation_works_with_custom_values"/>
    <testcase time="0.00199999999999889" classname="table_04" name="Table_04_generation_works_with_custom_values"/>
    <testcase time="0.00100000000000122" classname="table_04" name="Table_04_generation_works_with_custom_values"/>
    <testcase time="0.393000000000001" classname="table_04" name="Table_04_generation_works_with_custom_values"/>
    <testcase time="0.137" classname="table_04" name="Table_04_generation_works_with_custom_values">
      <skipped message="Reason: On CRAN ('test-table_04.R:53:3')"/>
    </testcase>
  </testsuite>
  <testsuite name="table_05" timestamp="2023-09-05T19:42:57Z" hostname="28fdf9ea22c1" tests="9" skipped="3" failures="0" errors="0" time="1.407">
    <testcase time="0.221" classname="table_05" name="Table_05_generation_works_with_default_values"/>
    <testcase time="0.270999999999997" classname="table_05" name="Table_05_generation_works_with_default_values"/>
    <testcase time="0.103000000000002" classname="table_05" name="Table_05_generation_works_with_default_values">
      <skipped message="Reason: On CRAN ('test-table_05.R:10:3')"/>
    </testcase>
    <testcase time="0.0180000000000007" classname="table_05" name="Table_05_generation_works_with_custom_values"/>
    <testcase time="0.349999999999998" classname="table_05" name="Table_05_generation_works_with_custom_values"/>
    <testcase time="0.104000000000003" classname="table_05" name="Table_05_generation_works_with_custom_values">
      <skipped message="Reason: On CRAN ('test-table_05.R:34:3')"/>
    </testcase>
    <testcase time="0.0219999999999985" classname="table_05" name="Table_05_generation_works_with_NA_values_pruned_rows"/>
    <testcase time="0.222999999999999" classname="table_05" name="Table_05_generation_works_with_NA_values_pruned_rows"/>
    <testcase time="0.0950000000000024" classname="table_05" name="Table_05_generation_works_with_NA_values_pruned_rows">
      <skipped message="Reason: On CRAN ('test-table_05.R:44:3')"/>
    </testcase>
  </testsuite>
  <testsuite name="table_06" timestamp="2023-09-05T19:42:59Z" hostname="28fdf9ea22c1" tests="10" skipped="2" failures="0" errors="0" time="1.59">
    <testcase time="0.0229999999999997" classname="table_06" name="Table_06_generation_works_with_default_values"/>
    <testcase time="0.000999999999997669" classname="table_06" name="Table_06_generation_works_with_default_values"/>
    <testcase time="0.0630000000000024" classname="table_06" name="Table_06_generation_works_with_default_values"/>
    <testcase time="0.489999999999998" classname="table_06" name="Table_06_generation_works_with_default_values"/>
    <testcase time="0.120000000000001" classname="table_06" name="Table_06_generation_works_with_default_values">
      <skipped message="Reason: On CRAN ('test-table_06.R:8:3')"/>
    </testcase>
    <testcase time="0.0169999999999995" classname="table_06" name="Table_06_generation_works_with_custom_values"/>
    <testcase time="0.00100000000000122" classname="table_06" name="Table_06_generation_works_with_custom_values"/>
    <testcase time="0.0640000000000001" classname="table_06" name="Table_06_generation_works_with_custom_values"/>
    <testcase time="0.654" classname="table_06" name="Table_06_generation_works_with_custom_values"/>
    <testcase time="0.157" classname="table_06" name="Table_06_generation_works_with_custom_values">
      <skipped message="Reason: On CRAN ('test-table_06.R:40:3')"/>
    </testcase>
  </testsuite>
  <testsuite name="table_07" timestamp="2023-09-05T19:43:00Z" hostname="28fdf9ea22c1" tests="18" skipped="3" failures="0" errors="0" time="2.062">
    <testcase time="0.0269999999999975" classname="table_07" name="Table_07_generation_works_with_default_values"/>
    <testcase time="0.00100000000000122" classname="table_07" name="Table_07_generation_works_with_default_values"/>
    <testcase time="0.00100000000000122" classname="table_07" name="Table_07_generation_works_with_default_values"/>
    <testcase time="0.0459999999999994" classname="table_07" name="Table_07_generation_works_with_default_values"/>
    <testcase time="0.419999999999998" classname="table_07" name="Table_07_generation_works_with_default_values"/>
    <testcase time="0.144000000000002" classname="table_07" name="Table_07_generation_works_with_default_values">
      <skipped message="Reason: On CRAN ('test-table_07.R:13:3')"/>
    </testcase>
    <testcase time="0.0180000000000007" classname="table_07" name="Table_07_generation_works_with_custom_values"/>
    <testcase time="0.000999999999997669" classname="table_07" name="Table_07_generation_works_with_custom_values"/>
    <testcase time="0.00100000000000122" classname="table_07" name="Table_07_generation_works_with_custom_values"/>
    <testcase time="0.0459999999999994" classname="table_07" name="Table_07_generation_works_with_custom_values"/>
    <testcase time="0.581" classname="table_07" name="Table_07_generation_works_with_custom_values"/>
    <testcase time="0.202999999999999" classname="table_07" name="Table_07_generation_works_with_custom_values">
      <skipped message="Reason: On CRAN ('test-table_07.R:42:3')"/>
    </testcase>
    <testcase time="0.0180000000000007" classname="table_07" name="Table_07_generation_works_with_NA_values_pruned_rows"/>
    <testcase time="0.00100000000000122" classname="table_07" name="Table_07_generation_works_with_NA_values_pruned_rows"/>
    <testcase time="0.00199999999999889" classname="table_07" name="Table_07_generation_works_with_NA_values_pruned_rows"/>
    <testcase time="0.0440000000000005" classname="table_07" name="Table_07_generation_works_with_NA_values_pruned_rows"/>
    <testcase time="0.373999999999999" classname="table_07" name="Table_07_generation_works_with_NA_values_pruned_rows"/>
    <testcase time="0.134" classname="table_07" name="Table_07_generation_works_with_NA_values_pruned_rows">
      <skipped message="Reason: On CRAN ('test-table_07.R:52:3')"/>
    </testcase>
  </testsuite>
  <testsuite name="table_08" timestamp="2023-09-05T19:43:02Z" hostname="28fdf9ea22c1" tests="8" skipped="2" failures="0" errors="0" time="0.482">
    <testcase time="0.022000000000002" classname="table_08" name="Table_08_generation_works_with_default_values"/>
    <testcase time="0.000999999999997669" classname="table_08" name="Table_08_generation_works_with_default_values"/>
    <testcase time="0.0489999999999995" classname="table_08" name="Table_08_generation_works_with_default_values"/>
    <testcase time="0.135999999999999" classname="table_08" name="Table_08_generation_works_with_default_values">
      <skipped message="Reason: On CRAN ('test-table_08.R:10:3')"/>
    </testcase>
    <testcase time="0.0180000000000007" classname="table_08" name="Table_08_generation_works_with_custom_values"/>
    <testcase time="0.00100000000000122" classname="table_08" name="Table_08_generation_works_with_custom_values"/>
    <testcase time="0.0440000000000005" classname="table_08" name="Table_08_generation_works_with_custom_values"/>
    <testcase time="0.210999999999999" classname="table_08" name="Table_08_generation_works_with_custom_values">
      <skipped message="Reason: On CRAN ('test-table_08.R:31:3')"/>
    </testcase>
  </testsuite>
  <testsuite name="table_09" timestamp="2023-09-05T19:43:03Z" hostname="28fdf9ea22c1" tests="8" skipped="2" failures="0" errors="0" time="1.031">
    <testcase time="0.0240000000000009" classname="table_09" name="Table_09_generation_works_with_default_values"/>
    <testcase time="0.0459999999999994" classname="table_09" name="Table_09_generation_works_with_default_values"/>
    <testcase time="0.349" classname="table_09" name="Table_09_generation_works_with_default_values"/>
    <testcase time="0.0730000000000004" classname="table_09" name="Table_09_generation_works_with_default_values">
      <skipped message="Reason: On CRAN ('test-table_09.R:8:3')"/>
    </testcase>
    <testcase time="0.0189999999999984" classname="table_09" name="Table_09_generation_works_with_custom_values"/>
    <testcase time="0.0430000000000028" classname="table_09" name="Table_09_generation_works_with_custom_values"/>
    <testcase time="0.398" classname="table_09" name="Table_09_generation_works_with_custom_values"/>
    <testcase time="0.0790000000000006" classname="table_09" name="Table_09_generation_works_with_custom_values">
      <skipped message="Reason: On CRAN ('test-table_09.R:39:3')"/>
    </testcase>
  </testsuite>
  <testsuite name="table_10" timestamp="2023-09-05T19:43:04Z" hostname="28fdf9ea22c1" tests="10" skipped="2" failures="0" errors="0" time="1.177">
    <testcase time="0.0339999999999989" classname="table_10" name="Table_10_generation_works_with_default_values"/>
    <testcase time="0.00100000000000122" classname="table_10" name="Table_10_generation_works_with_default_values"/>
    <testcase time="0.0440000000000005" classname="table_10" name="Table_10_generation_works_with_default_values"/>
    <testcase time="0.405999999999999" classname="table_10" name="Table_10_generation_works_with_default_values"/>
    <testcase time="0.141000000000002" classname="table_10" name="Table_10_generation_works_with_default_values">
      <skipped message="Reason: On CRAN ('test-table_10.R:17:3')"/>
    </testcase>
    <testcase time="0.0169999999999995" classname="table_10" name="Table_10_generation_works_with_custom_values"/>
    <testcase time="0.00100000000000122" classname="table_10" name="Table_10_generation_works_with_custom_values"/>
    <testcase time="0.0459999999999994" classname="table_10" name="Table_10_generation_works_with_custom_values"/>
    <testcase time="0.419999999999998" classname="table_10" name="Table_10_generation_works_with_custom_values"/>
    <testcase time="0.0670000000000002" classname="table_10" name="Table_10_generation_works_with_custom_values">
      <skipped message="Reason: On CRAN ('test-table_10.R:52:3')"/>
    </testcase>
  </testsuite>
  <testsuite name="table_11" timestamp="2023-09-05T19:43:05Z" hostname="28fdf9ea22c1" tests="8" skipped="2" failures="0" errors="0" time="1.755">
    <testcase time="0.0300000000000011" classname="table_11" name="Table_11_generation_works_with_default_values"/>
    <testcase time="0.0560000000000009" classname="table_11" name="Table_11_generation_works_with_default_values"/>
    <testcase time="0.692999999999998" classname="table_11" name="Table_11_generation_works_with_default_values"/>
    <testcase time="0.166" classname="table_11" name="Table_11_generation_works_with_default_values">
      <skipped message="Reason: On CRAN ('test-table_11.R:18:3')"/>
    </testcase>
    <testcase time="0.0190000000000019" classname="table_11" name="Table_11_generation_works_with_custom_values"/>
    <testcase time="0.0539999999999985" classname="table_11" name="Table_11_generation_works_with_custom_values"/>
    <testcase time="0.661000000000001" classname="table_11" name="Table_11_generation_works_with_custom_values"/>
    <testcase time="0.0760000000000005" classname="table_11" name="Table_11_generation_works_with_custom_values">
      <skipped message="Reason: On CRAN ('test-table_11.R:48:3')"/>
    </testcase>
  </testsuite>
  <testsuite name="table_12" timestamp="2023-09-05T19:43:07Z" hostname="28fdf9ea22c1" tests="8" skipped="2" failures="0" errors="0" time="2.276">
    <testcase time="0.0289999999999999" classname="table_12" name="Table_12_generation_works_with_default_values"/>
    <testcase time="0.0560000000000009" classname="table_12" name="Table_12_generation_works_with_default_values"/>
    <testcase time="0.913" classname="table_12" name="Table_12_generation_works_with_default_values"/>
    <testcase time="0.128" classname="table_12" name="Table_12_generation_works_with_default_values">
      <skipped message="Reason: On CRAN ('test-table_12.R:9:3')"/>
    </testcase>
    <testcase time="0.0180000000000007" classname="table_12" name="Table_12_generation_works_with_custom_values"/>
    <testcase time="0.0569999999999986" classname="table_12" name="Table_12_generation_works_with_custom_values"/>
    <testcase time="0.932000000000002" classname="table_12" name="Table_12_generation_works_with_custom_values"/>
    <testcase time="0.143000000000001" classname="table_12" name="Table_12_generation_works_with_custom_values">
      <skipped message="Reason: On CRAN ('test-table_12.R:39:3')"/>
    </testcase>
  </testsuite>
  <testsuite name="table_13" timestamp="2023-09-05T19:43:09Z" hostname="28fdf9ea22c1" tests="8" skipped="2" failures="0" errors="0" time="0.613">
    <testcase time="0.0219999999999985" classname="table_13" name="Table_13_generation_works_with_default_values"/>
    <testcase time="0.0510000000000019" classname="table_13" name="Table_13_generation_works_with_default_values"/>
    <testcase time="0.153999999999996" classname="table_13" name="Table_13_generation_works_with_default_values"/>
    <testcase time="0.0730000000000004" classname="table_13" name="Table_13_generation_works_with_default_values">
      <skipped message="Reason: On CRAN ('test-table_13.R:8:3')"/>
    </testcase>
    <testcase time="0.0180000000000007" classname="table_13" name="Table_13_generation_works_with_custom_values"/>
    <testcase time="0.0609999999999999" classname="table_13" name="Table_13_generation_works_with_custom_values"/>
    <testcase time="0.175000000000004" classname="table_13" name="Table_13_generation_works_with_custom_values"/>
    <testcase time="0.0589999999999975" classname="table_13" name="Table_13_generation_works_with_custom_values">
      <skipped message="Reason: On CRAN ('test-table_13.R:38:3')"/>
    </testcase>
  </testsuite>
  <testsuite name="table_14" timestamp="2023-09-05T19:43:10Z" hostname="28fdf9ea22c1" tests="10" skipped="3" failures="0" errors="0" time="2.854">
    <testcase time="0.0300000000000011" classname="table_14" name="Table_14_generation_works_with_default_values"/>
    <testcase time="0.698" classname="table_14" name="Table_14_generation_works_with_default_values"/>
    <testcase time="0.170999999999999" classname="table_14" name="Table_14_generation_works_with_default_values">
      <skipped message="Reason: On CRAN ('test-table_14.R:16:3')"/>
    </testcase>
    <testcase time="0.017000000000003" classname="table_14" name="Table_14_generation_works_with_custom_values"/>
    <testcase time="0.0499999999999972" classname="table_14" name="Table_14_generation_works_with_custom_values"/>
    <testcase time="0.691000000000003" classname="table_14" name="Table_14_generation_works_with_custom_values"/>
    <testcase time="0.18" classname="table_14" name="Table_14_generation_works_with_custom_values">
      <skipped message="Reason: On CRAN ('test-table_14.R:46:3')"/>
    </testcase>
    <testcase time="0.0169999999999959" classname="table_14" name="Table_14_generation_works_with_NA_values_pruned_rows"/>
    <testcase time="0.881999999999998" classname="table_14" name="Table_14_generation_works_with_NA_values_pruned_rows"/>
    <testcase time="0.118000000000002" classname="table_14" name="Table_14_generation_works_with_NA_values_pruned_rows">
      <skipped message="Reason: On CRAN ('test-table_14.R:53:3')"/>
    </testcase>
  </testsuite>
  <testsuite name="table_20" timestamp="2023-09-05T19:43:12Z" hostname="28fdf9ea22c1" tests="18" skipped="3" failures="0" errors="0" time="2.135">
    <testcase time="0.0249999999999986" classname="table_20" name="Table_20_generation_works_with_default_values"/>
    <testcase time="0.00100000000000477" classname="table_20" name="Table_20_generation_works_with_default_values"/>
    <testcase time="0.000999999999997669" classname="table_20" name="Table_20_generation_works_with_default_values"/>
    <testcase time="0.0450000000000017" classname="table_20" name="Table_20_generation_works_with_default_values"/>
    <testcase time="0.451999999999998" classname="table_20" name="Table_20_generation_works_with_default_values"/>
    <testcase time="0.104999999999997" classname="table_20" name="Table_20_generation_works_with_default_values">
      <skipped message="Reason: On CRAN ('test-table_20.R:17:3')"/>
    </testcase>
    <testcase time="0.017000000000003" classname="table_20" name="Table_20_generation_works_with_custom_values"/>
    <testcase time="0.000999999999997669" classname="table_20" name="Table_20_generation_works_with_custom_values"/>
    <testcase time="0.00100000000000477" classname="table_20" name="Table_20_generation_works_with_custom_values"/>
    <testcase time="0.0459999999999994" classname="table_20" name="Table_20_generation_works_with_custom_values"/>
    <testcase time="0.686" classname="table_20" name="Table_20_generation_works_with_custom_values"/>
    <testcase time="0.131" classname="table_20" name="Table_20_generation_works_with_custom_values">
      <skipped message="Reason: On CRAN ('test-table_20.R:65:3')"/>
    </testcase>
    <testcase time="0.0189999999999984" classname="table_20" name="Table_20_generation_works_with_missing_values_pruned_rows"/>
    <testcase time="0.000999999999997669" classname="table_20" name="Table_20_generation_works_with_missing_values_pruned_rows"/>
    <testcase time="0.00100000000000477" classname="table_20" name="Table_20_generation_works_with_missing_values_pruned_rows"/>
    <testcase time="0.0559999999999974" classname="table_20" name="Table_20_generation_works_with_missing_values_pruned_rows"/>
    <testcase time="0.454000000000001" classname="table_20" name="Table_20_generation_works_with_missing_values_pruned_rows"/>
    <testcase time="0.0929999999999964" classname="table_20" name="Table_20_generation_works_with_missing_values_pruned_rows">
      <skipped message="Reason: On CRAN ('test-table_20.R:74:3')"/>
    </testcase>
  </testsuite>
  <testsuite name="table_32" timestamp="2023-09-05T19:43:15Z" hostname="28fdf9ea22c1" tests="12" skipped="3" failures="0" errors="0" time="0.837">
    <testcase time="0.0230000000000032" classname="table_32" name="Table_32_generation_works_with_default_values"/>
    <testcase time="0.0609999999999999" classname="table_32" name="Table_32_generation_works_with_default_values"/>
    <testcase time="0.136000000000003" classname="table_32" name="Table_32_generation_works_with_default_values"/>
    <testcase time="0.0509999999999948" classname="table_32" name="Table_32_generation_works_with_default_values">
      <skipped message="Reason: On CRAN ('test-table_32.R:8:3')"/>
    </testcase>
    <testcase time="0.0180000000000007" classname="table_32" name="Table_32_generation_works_with_custom_values"/>
    <testcase time="0.0579999999999998" classname="table_32" name="Table_32_generation_works_with_custom_values"/>
    <testcase time="0.178000000000004" classname="table_32" name="Table_32_generation_works_with_custom_values"/>
    <testcase time="0.0640000000000001" classname="table_32" name="Table_32_generation_works_with_custom_values">
      <skipped message="Reason: On CRAN ('test-table_32.R:30:3')"/>
    </testcase>
    <testcase time="0.0180000000000007" classname="table_32" name="Table_32_generation_works_with_pruned_rows"/>
    <testcase time="0.0529999999999973" classname="table_32" name="Table_32_generation_works_with_pruned_rows"/>
    <testcase time="0.139000000000003" classname="table_32" name="Table_32_generation_works_with_pruned_rows"/>
    <testcase time="0.0379999999999967" classname="table_32" name="Table_32_generation_works_with_pruned_rows">
      <skipped message="Reason: On CRAN ('test-table_32.R:37:3')"/>
    </testcase>
  </testsuite>
  <testsuite name="table_33" timestamp="2023-09-05T19:43:15Z" hostname="28fdf9ea22c1" tests="12" skipped="3" failures="0" errors="0" time="1.571">
    <testcase time="0.0230000000000032" classname="table_33" name="Table_33_generation_works_with_default_values"/>
    <testcase time="0.331999999999994" classname="table_33" name="Table_33_generation_works_with_default_values"/>
    <testcase time="0.108000000000004" classname="table_33" name="Table_33_generation_works_with_default_values"/>
    <testcase time="0.0349999999999966" classname="table_33" name="Table_33_generation_works_with_default_values">
      <skipped message="Reason: On CRAN ('test-table_33.R:8:3')"/>
    </testcase>
    <testcase time="0.0180000000000007" classname="table_33" name="Table_33_generation_works_with_custom_values"/>
    <testcase time="0.334000000000003" classname="table_33" name="Table_33_generation_works_with_custom_values"/>
    <testcase time="0.140999999999998" classname="table_33" name="Table_33_generation_works_with_custom_values"/>
    <testcase time="0.0459999999999994" classname="table_33" name="Table_33_generation_works_with_custom_values">
      <skipped message="Reason: On CRAN ('test-table_33.R:34:3')"/>
    </testcase>
    <testcase time="0.0180000000000007" classname="table_33" name="Table_33_generation_works_with_pruned_rows"/>
    <testcase time="0.366" classname="table_33" name="Table_33_generation_works_with_pruned_rows"/>
    <testcase time="0.110999999999997" classname="table_33" name="Table_33_generation_works_with_pruned_rows"/>
    <testcase time="0.0390000000000015" classname="table_33" name="Table_33_generation_works_with_pruned_rows">
      <skipped message="Reason: On CRAN ('test-table_33.R:42:3')"/>
    </testcase>
  </testsuite>
  <testsuite name="table_34" timestamp="2023-09-05T19:43:17Z" hostname="28fdf9ea22c1" tests="8" skipped="2" failures="0" errors="0" time="4.386">
    <testcase time="0.0260000000000034" classname="table_34" name="Table_34_generation_works_with_default_values"/>
    <testcase time="0.0450000000000017" classname="table_34" name="Table_34_generation_works_with_default_values"/>
    <testcase time="1.992" classname="table_34" name="Table_34_generation_works_with_default_values"/>
    <testcase time="0.253" classname="table_34" name="Table_34_generation_works_with_default_values">
      <skipped message="Reason: On CRAN ('test-table_34.R:17:3')"/>
    </testcase>
    <testcase time="0.0219999999999985" classname="table_34" name="Table_34_generation_works_with_custom_values"/>
    <testcase time="0.0470000000000041" classname="table_34" name="Table_34_generation_works_with_custom_values"/>
    <testcase time="1.907" classname="table_34" name="Table_34_generation_works_with_custom_values"/>
    <testcase time="0.0940000000000012" classname="table_34" name="Table_34_generation_works_with_custom_values">
      <skipped message="Reason: On CRAN ('test-table_34.R:49:3')"/>
    </testcase>
  </testsuite>
</testsuites>
