<?xml version="1.0" encoding="UTF-8"?>
<testsuites>
  <testsuite name="table_02" timestamp="2023-10-02T15:26:40Z" hostname="9972a74923d0" tests="30" skipped="10" failures="0" errors="0" time="12.851">
    <testcase time="0.069" classname="table_02" name="Table_02_generation_works_with_default_values"/>
    <testcase time="0.412" classname="table_02" name="Table_02_generation_works_with_default_values"/>
    <testcase time="0.198" classname="table_02" name="Table_02_generation_works_with_default_values">
      <skipped message="Reason: On CRAN ('test-table_02.R:16:3')"/>
    </testcase>
    <testcase time="0.0649999999999999" classname="table_02" name="Table_02_generation_works_with_custom_values"/>
    <testcase time="0.332" classname="table_02" name="Table_02_generation_works_with_custom_values"/>
    <testcase time="0.201" classname="table_02" name="Table_02_generation_works_with_custom_values">
      <skipped message="Reason: On CRAN ('test-table_02.R:45:3')"/>
    </testcase>
    <testcase time="0.0470000000000002" classname="table_02" name="Table_02_generation_works_with_some_NA_values"/>
    <testcase time="0.0879999999999996" classname="table_02" name="Table_02_generation_works_with_some_NA_values"/>
    <testcase time="0.0410000000000004" classname="table_02" name="Table_02_generation_works_with_some_NA_values">
      <skipped message="Reason: On CRAN ('test-table_02.R:57:3')"/>
    </testcase>
    <testcase time="0.0149999999999997" classname="table_02" name="Table_02_generation_tplyr_works_with_default_values"/>
    <testcase time="1.635" classname="table_02" name="Table_02_generation_tplyr_works_with_default_values"/>
    <testcase time="0.0299999999999994" classname="table_02" name="Table_02_generation_tplyr_works_with_default_values">
      <skipped message="Reason: On CRAN ('test-table_02.R:66:3')"/>
    </testcase>
    <testcase time="0.0150000000000006" classname="table_02" name="Table_02_generation_tplyr_works_with_tplyr_raw_TRUE"/>
    <testcase time="1.015" classname="table_02" name="Table_02_generation_tplyr_works_with_tplyr_raw_TRUE"/>
    <testcase time="0.0250000000000004" classname="table_02" name="Table_02_generation_tplyr_works_with_tplyr_raw_TRUE">
      <skipped message="Reason: On CRAN ('test-table_02.R:75:3')"/>
    </testcase>
    <testcase time="0.0369999999999999" classname="table_02" name="Table_02_generation_tplyr_works_with_custom_values"/>
    <testcase time="1.59" classname="table_02" name="Table_02_generation_tplyr_works_with_custom_values"/>
    <testcase time="0.0199999999999996" classname="table_02" name="Table_02_generation_tplyr_works_with_custom_values">
      <skipped message="Reason: On CRAN ('test-table_02.R:102:3')"/>
    </testcase>
    <testcase time="0.0299999999999994" classname="table_02" name="Table_02_generation_tplyr_works_with_some_NA_values"/>
    <testcase time="0.641999999999999" classname="table_02" name="Table_02_generation_tplyr_works_with_some_NA_values"/>
    <testcase time="0.0180000000000007" classname="table_02" name="Table_02_generation_tplyr_works_with_some_NA_values">
      <skipped message="Reason: On CRAN ('test-table_02.R:119:3')"/>
    </testcase>
    <testcase time="0.0139999999999993" classname="table_02" name="Table_02_generation_gtsum_works_with_default_values"/>
    <testcase time="2.562" classname="table_02" name="Table_02_generation_gtsum_works_with_default_values"/>
    <testcase time="0.00499999999999901" classname="table_02" name="Table_02_generation_gtsum_works_with_default_values">
      <skipped message="Reason: On CRAN ('test-table_02.R:128:3')"/>
    </testcase>
    <testcase time="0.0380000000000003" classname="table_02" name="Table_02_generation_gtsum_works_with_custom_values"/>
    <testcase time="2.862" classname="table_02" name="Table_02_generation_gtsum_works_with_custom_values"/>
    <testcase time="0.00600000000000023" classname="table_02" name="Table_02_generation_gtsum_works_with_custom_values">
      <skipped message="Reason: On CRAN ('test-table_02.R:146:3')"/>
    </testcase>
    <testcase time="0.0289999999999999" classname="table_02" name="Table_02_generation_gtsum_works_with_some_NA_values"/>
    <testcase time="0.804" classname="table_02" name="Table_02_generation_gtsum_works_with_some_NA_values"/>
    <testcase time="0.00600000000000023" classname="table_02" name="Table_02_generation_gtsum_works_with_some_NA_values">
      <skipped message="Reason: On CRAN ('test-table_02.R:163:3')"/>
    </testcase>
  </testsuite>
  <testsuite name="table_04" timestamp="2023-10-02T15:26:53Z" hostname="9972a74923d0" tests="12" skipped="2" failures="0" errors="0" time="0.856">
    <testcase time="0.0310000000000006" classname="table_04" name="Table_04_generation_works_with_default_values"/>
    <testcase time="0.000999999999999446" classname="table_04" name="Table_04_generation_works_with_default_values"/>
    <testcase time="0.000999999999999446" classname="table_04" name="Table_04_generation_works_with_default_values"/>
    <testcase time="0.000999999999999446" classname="table_04" name="Table_04_generation_works_with_default_values"/>
    <testcase time="0.360000000000001" classname="table_04" name="Table_04_generation_works_with_default_values"/>
    <testcase time="0.0809999999999995" classname="table_04" name="Table_04_generation_works_with_default_values">
      <skipped message="Reason: On CRAN ('test-table_04.R:18:3')"/>
    </testcase>
    <testcase time="0.0139999999999993" classname="table_04" name="Table_04_generation_works_with_custom_values"/>
    <testcase time="0.00100000000000122" classname="table_04" name="Table_04_generation_works_with_custom_values"/>
    <testcase time="0.000999999999999446" classname="table_04" name="Table_04_generation_works_with_custom_values"/>
    <testcase time="0.000999999999999446" classname="table_04" name="Table_04_generation_works_with_custom_values"/>
    <testcase time="0.299000000000001" classname="table_04" name="Table_04_generation_works_with_custom_values"/>
    <testcase time="0.0649999999999977" classname="table_04" name="Table_04_generation_works_with_custom_values">
      <skipped message="Reason: On CRAN ('test-table_04.R:44:3')"/>
    </testcase>
  </testsuite>
  <testsuite name="table_05" timestamp="2023-10-02T15:26:54Z" hostname="9972a74923d0" tests="12" skipped="4" failures="0" errors="0" time="1.3">
    <testcase time="0.168000000000003" classname="table_05" name="Table_05_generation_works_with_default_values"/>
    <testcase time="0.195999999999998" classname="table_05" name="Table_05_generation_works_with_default_values"/>
    <testcase time="0.0600000000000023" classname="table_05" name="Table_05_generation_works_with_default_values">
      <skipped message="Reason: On CRAN ('test-table_05.R:10:3')"/>
    </testcase>
    <testcase time="0.0139999999999993" classname="table_05" name="Table_05_generation_works_with_custom_values"/>
    <testcase time="0.250999999999998" classname="table_05" name="Table_05_generation_works_with_custom_values"/>
    <testcase time="0.078000000000003" classname="table_05" name="Table_05_generation_works_with_custom_values">
      <skipped message="Reason: On CRAN ('test-table_05.R:34:3')"/>
    </testcase>
    <testcase time="0.014999999999997" classname="table_05" name="Table_05_generation_works_with_NA_values_pruned_rows"/>
    <testcase time="0.169" classname="table_05" name="Table_05_generation_works_with_NA_values_pruned_rows"/>
    <testcase time="0.0600000000000023" classname="table_05" name="Table_05_generation_works_with_NA_values_pruned_rows">
      <skipped message="Reason: On CRAN ('test-table_05.R:44:3')"/>
    </testcase>
    <testcase time="0.0139999999999993" classname="table_05" name="Table_05_generation_works_with_risk_difference_column"/>
    <testcase time="0.206" classname="table_05" name="Table_05_generation_works_with_risk_difference_column"/>
    <testcase time="0.0689999999999991" classname="table_05" name="Table_05_generation_works_with_risk_difference_column">
      <skipped message="Reason: On CRAN ('test-table_05.R:57:3')"/>
    </testcase>
  </testsuite>
  <testsuite name="table_06" timestamp="2023-10-02T15:26:55Z" hostname="9972a74923d0" tests="15" skipped="3" failures="0" errors="0" time="1.891">
    <testcase time="0.0199999999999996" classname="table_06" name="Table_06_generation_works_with_default_values"/>
    <testcase time="0.00100000000000122" classname="table_06" name="Table_06_generation_works_with_default_values"/>
    <testcase time="0.0530000000000008" classname="table_06" name="Table_06_generation_works_with_default_values"/>
    <testcase time="0.390000000000001" classname="table_06" name="Table_06_generation_works_with_default_values"/>
    <testcase time="0.0799999999999983" classname="table_06" name="Table_06_generation_works_with_default_values">
      <skipped message="Reason: On CRAN ('test-table_06.R:8:3')"/>
    </testcase>
    <testcase time="0.0139999999999993" classname="table_06" name="Table_06_generation_works_with_custom_values"/>
    <testcase time="0.00100000000000122" classname="table_06" name="Table_06_generation_works_with_custom_values"/>
    <testcase time="0.0509999999999984" classname="table_06" name="Table_06_generation_works_with_custom_values"/>
    <testcase time="0.502000000000002" classname="table_06" name="Table_06_generation_works_with_custom_values"/>
    <testcase time="0.109999999999999" classname="table_06" name="Table_06_generation_works_with_custom_values">
      <skipped message="Reason: On CRAN ('test-table_06.R:40:3')"/>
    </testcase>
    <testcase time="0.0150000000000006" classname="table_06" name="Table_06_generation_works_with_risk_difference_column"/>
    <testcase time="0.000999999999997669" classname="table_06" name="Table_06_generation_works_with_risk_difference_column"/>
    <testcase time="0.0500000000000007" classname="table_06" name="Table_06_generation_works_with_risk_difference_column"/>
    <testcase time="0.503" classname="table_06" name="Table_06_generation_works_with_risk_difference_column"/>
    <testcase time="0.100000000000001" classname="table_06" name="Table_06_generation_works_with_risk_difference_column">
      <skipped message="Reason: On CRAN ('test-table_06.R:48:3')"/>
    </testcase>
  </testsuite>
  <testsuite name="table_07" timestamp="2023-10-02T15:26:57Z" hostname="9972a74923d0" tests="24" skipped="4" failures="0" errors="0" time="1.995">
    <testcase time="0.0229999999999997" classname="table_07" name="Table_07_generation_works_with_default_values"/>
    <testcase time="0.00100000000000122" classname="table_07" name="Table_07_generation_works_with_default_values"/>
    <testcase time="0.000999999999997669" classname="table_07" name="Table_07_generation_works_with_default_values"/>
    <testcase time="0.0310000000000024" classname="table_07" name="Table_07_generation_works_with_default_values"/>
    <testcase time="0.302999999999997" classname="table_07" name="Table_07_generation_works_with_default_values"/>
    <testcase time="0.104000000000003" classname="table_07" name="Table_07_generation_works_with_default_values">
      <skipped message="Reason: On CRAN ('test-table_07.R:13:3')"/>
    </testcase>
    <testcase time="0.0139999999999993" classname="table_07" name="Table_07_generation_works_with_custom_values"/>
    <testcase time="0.000999999999997669" classname="table_07" name="Table_07_generation_works_with_custom_values"/>
    <testcase time="0.00100000000000122" classname="table_07" name="Table_07_generation_works_with_custom_values"/>
    <testcase time="0.032" classname="table_07" name="Table_07_generation_works_with_custom_values"/>
    <testcase time="0.399999999999999" classname="table_07" name="Table_07_generation_works_with_custom_values"/>
    <testcase time="0.129000000000001" classname="table_07" name="Table_07_generation_works_with_custom_values">
      <skipped message="Reason: On CRAN ('test-table_07.R:42:3')"/>
    </testcase>
    <testcase time="0.0150000000000006" classname="table_07" name="Table_07_generation_works_with_NA_values_pruned_rows"/>
    <testcase time="0.00100000000000122" classname="table_07" name="Table_07_generation_works_with_NA_values_pruned_rows"/>
    <testcase time="0.000999999999997669" classname="table_07" name="Table_07_generation_works_with_NA_values_pruned_rows"/>
    <testcase time="0.032" classname="table_07" name="Table_07_generation_works_with_NA_values_pruned_rows"/>
    <testcase time="0.283000000000001" classname="table_07" name="Table_07_generation_works_with_NA_values_pruned_rows"/>
    <testcase time="0.102999999999998" classname="table_07" name="Table_07_generation_works_with_NA_values_pruned_rows">
      <skipped message="Reason: On CRAN ('test-table_07.R:52:3')"/>
    </testcase>
    <testcase time="0.0150000000000006" classname="table_07" name="Table_07_generation_works_with_risk_difference_column"/>
    <testcase time="0.00600000000000023" classname="table_07" name="Table_07_generation_works_with_risk_difference_column"/>
    <testcase time="0.00100000000000122" classname="table_07" name="Table_07_generation_works_with_risk_difference_column"/>
    <testcase time="0.0339999999999989" classname="table_07" name="Table_07_generation_works_with_risk_difference_column"/>
    <testcase time="0.353000000000002" classname="table_07" name="Table_07_generation_works_with_risk_difference_column"/>
    <testcase time="0.111000000000001" classname="table_07" name="Table_07_generation_works_with_risk_difference_column">
      <skipped message="Reason: On CRAN ('test-table_07.R:65:3')"/>
    </testcase>
  </testsuite>
  <testsuite name="table_08" timestamp="2023-10-02T15:26:59Z" hostname="9972a74923d0" tests="8" skipped="2" failures="0" errors="0" time="0.365">
    <testcase time="0.0189999999999984" classname="table_08" name="Table_08_generation_works_with_default_values"/>
    <testcase time="0.00100000000000122" classname="table_08" name="Table_08_generation_works_with_default_values"/>
    <testcase time="0.0480000000000018" classname="table_08" name="Table_08_generation_works_with_default_values"/>
    <testcase time="0.102999999999998" classname="table_08" name="Table_08_generation_works_with_default_values">
      <skipped message="Reason: On CRAN ('test-table_08.R:10:3')"/>
    </testcase>
    <testcase time="0.0140000000000029" classname="table_08" name="Table_08_generation_works_with_custom_values"/>
    <testcase time="0.00199999999999889" classname="table_08" name="Table_08_generation_works_with_custom_values"/>
    <testcase time="0.0359999999999978" classname="table_08" name="Table_08_generation_works_with_custom_values"/>
    <testcase time="0.142000000000003" classname="table_08" name="Table_08_generation_works_with_custom_values">
      <skipped message="Reason: On CRAN ('test-table_08.R:31:3')"/>
    </testcase>
  </testsuite>
  <testsuite name="table_09" timestamp="2023-10-02T15:27:00Z" hostname="9972a74923d0" tests="12" skipped="3" failures="0" errors="0" time="1.29">
    <testcase time="0.0189999999999984" classname="table_09" name="Table_09_generation_works_with_default_values"/>
    <testcase time="0.032" classname="table_09" name="Table_09_generation_works_with_default_values"/>
    <testcase time="0.271000000000001" classname="table_09" name="Table_09_generation_works_with_default_values"/>
    <testcase time="0.0539999999999985" classname="table_09" name="Table_09_generation_works_with_default_values">
      <skipped message="Reason: On CRAN ('test-table_09.R:8:3')"/>
    </testcase>
    <testcase time="0.0139999999999993" classname="table_09" name="Table_09_generation_works_with_custom_values"/>
    <testcase time="0.032" classname="table_09" name="Table_09_generation_works_with_custom_values"/>
    <testcase time="0.338000000000001" classname="table_09" name="Table_09_generation_works_with_custom_values"/>
    <testcase time="0.0689999999999991" classname="table_09" name="Table_09_generation_works_with_custom_values">
      <skipped message="Reason: On CRAN ('test-table_09.R:39:3')"/>
    </testcase>
    <testcase time="0.0140000000000029" classname="table_09" name="Table_09_generation_works_with_risk_difference_column"/>
    <testcase time="0.032" classname="table_09" name="Table_09_generation_works_with_risk_difference_column"/>
    <testcase time="0.354999999999997" classname="table_09" name="Table_09_generation_works_with_risk_difference_column"/>
    <testcase time="0.0600000000000023" classname="table_09" name="Table_09_generation_works_with_risk_difference_column">
      <skipped message="Reason: On CRAN ('test-table_09.R:47:3')"/>
    </testcase>
  </testsuite>
  <testsuite name="table_10" timestamp="2023-10-02T15:27:01Z" hostname="9972a74923d0" tests="15" skipped="3" failures="0" errors="0" time="1.599">
    <testcase time="0.0240000000000009" classname="table_10" name="Table_10_generation_works_with_default_values"/>
    <testcase time="0.000999999999997669" classname="table_10" name="Table_10_generation_works_with_default_values"/>
    <testcase time="0.0340000000000025" classname="table_10" name="Table_10_generation_works_with_default_values"/>
    <testcase time="0.515999999999998" classname="table_10" name="Table_10_generation_works_with_default_values"/>
    <testcase time="0.100999999999999" classname="table_10" name="Table_10_generation_works_with_default_values">
      <skipped message="Reason: On CRAN ('test-table_10.R:17:3')"/>
    </testcase>
    <testcase time="0.0139999999999993" classname="table_10" name="Table_10_generation_works_with_custom_values"/>
    <testcase time="0.00100000000000122" classname="table_10" name="Table_10_generation_works_with_custom_values"/>
    <testcase time="0.0280000000000022" classname="table_10" name="Table_10_generation_works_with_custom_values"/>
    <testcase time="0.289999999999999" classname="table_10" name="Table_10_generation_works_with_custom_values"/>
    <testcase time="0.0519999999999996" classname="table_10" name="Table_10_generation_works_with_custom_values">
      <skipped message="Reason: On CRAN ('test-table_10.R:52:3')"/>
    </testcase>
    <testcase time="0.0139999999999993" classname="table_10" name="Table_10_generation_works_with_risk_difference_column"/>
    <testcase time="0.00100000000000122" classname="table_10" name="Table_10_generation_works_with_risk_difference_column"/>
    <testcase time="0.032" classname="table_10" name="Table_10_generation_works_with_risk_difference_column"/>
    <testcase time="0.378" classname="table_10" name="Table_10_generation_works_with_risk_difference_column"/>
    <testcase time="0.113" classname="table_10" name="Table_10_generation_works_with_risk_difference_column">
      <skipped message="Reason: On CRAN ('test-table_10.R:60:3')"/>
    </testcase>
  </testsuite>
  <testsuite name="table_11" timestamp="2023-10-02T15:27:02Z" hostname="9972a74923d0" tests="12" skipped="3" failures="0" errors="0" time="2.119">
    <testcase time="0.0229999999999997" classname="table_11" name="Table_11_generation_works_with_default_values"/>
    <testcase time="0.0399999999999991" classname="table_11" name="Table_11_generation_works_with_default_values"/>
    <testcase time="0.512999999999998" classname="table_11" name="Table_11_generation_works_with_default_values"/>
    <testcase time="0.109000000000002" classname="table_11" name="Table_11_generation_works_with_default_values">
      <skipped message="Reason: On CRAN ('test-table_11.R:18:3')"/>
    </testcase>
    <testcase time="0.0150000000000006" classname="table_11" name="Table_11_generation_works_with_custom_values"/>
    <testcase time="0.0380000000000003" classname="table_11" name="Table_11_generation_works_with_custom_values"/>
    <testcase time="0.477" classname="table_11" name="Table_11_generation_works_with_custom_values"/>
    <testcase time="0.0589999999999975" classname="table_11" name="Table_11_generation_works_with_custom_values">
      <skipped message="Reason: On CRAN ('test-table_11.R:48:3')"/>
    </testcase>
    <testcase time="0.0139999999999993" classname="table_11" name="Table_11_generation_works_with_risk_difference_column"/>
    <testcase time="0.0400000000000027" classname="table_11" name="Table_11_generation_works_with_risk_difference_column"/>
    <testcase time="0.660999999999998" classname="table_11" name="Table_11_generation_works_with_risk_difference_column"/>
    <testcase time="0.130000000000003" classname="table_11" name="Table_11_generation_works_with_risk_difference_column">
      <skipped message="Reason: On CRAN ('test-table_11.R:56:3')"/>
    </testcase>
  </testsuite>
  <testsuite name="table_12" timestamp="2023-10-02T15:27:05Z" hostname="9972a74923d0" tests="12" skipped="3" failures="0" errors="0" time="2.725">
    <testcase time="0.0189999999999984" classname="table_12" name="Table_12_generation_works_with_default_values"/>
    <testcase time="0.0410000000000004" classname="table_12" name="Table_12_generation_works_with_default_values"/>
    <testcase time="0.698" classname="table_12" name="Table_12_generation_works_with_default_values"/>
    <testcase time="0.0899999999999999" classname="table_12" name="Table_12_generation_works_with_default_values">
      <skipped message="Reason: On CRAN ('test-table_12.R:9:3')"/>
    </testcase>
    <testcase time="0.0150000000000006" classname="table_12" name="Table_12_generation_works_with_custom_values"/>
    <testcase time="0.0410000000000004" classname="table_12" name="Table_12_generation_works_with_custom_values"/>
    <testcase time="0.694999999999997" classname="table_12" name="Table_12_generation_works_with_custom_values"/>
    <testcase time="0.0960000000000001" classname="table_12" name="Table_12_generation_works_with_custom_values">
      <skipped message="Reason: On CRAN ('test-table_12.R:39:3')"/>
    </testcase>
    <testcase time="0.0150000000000006" classname="table_12" name="Table_12_generation_works_with_risk_difference_column"/>
    <testcase time="0.0410000000000004" classname="table_12" name="Table_12_generation_works_with_risk_difference_column"/>
    <testcase time="0.865000000000002" classname="table_12" name="Table_12_generation_works_with_risk_difference_column"/>
    <testcase time="0.108999999999998" classname="table_12" name="Table_12_generation_works_with_risk_difference_column">
      <skipped message="Reason: On CRAN ('test-table_12.R:47:3')"/>
    </testcase>
  </testsuite>
  <testsuite name="table_13" timestamp="2023-10-02T15:27:07Z" hostname="9972a74923d0" tests="12" skipped="3" failures="0" errors="0" time="0.685">
    <testcase time="0.0190000000000019" classname="table_13" name="Table_13_generation_works_with_default_values"/>
    <testcase time="0.0389999999999979" classname="table_13" name="Table_13_generation_works_with_default_values"/>
    <testcase time="0.102999999999998" classname="table_13" name="Table_13_generation_works_with_default_values"/>
    <testcase time="0.0609999999999999" classname="table_13" name="Table_13_generation_works_with_default_values">
      <skipped message="Reason: On CRAN ('test-table_13.R:8:3')"/>
    </testcase>
    <testcase time="0.0140000000000029" classname="table_13" name="Table_13_generation_works_with_custom_values"/>
    <testcase time="0.0399999999999991" classname="table_13" name="Table_13_generation_works_with_custom_values"/>
    <testcase time="0.126999999999999" classname="table_13" name="Table_13_generation_works_with_custom_values"/>
    <testcase time="0.0399999999999991" classname="table_13" name="Table_13_generation_works_with_custom_values">
      <skipped message="Reason: On CRAN ('test-table_13.R:38:3')"/>
    </testcase>
    <testcase time="0.0140000000000029" classname="table_13" name="Table_13_generation_works_with_risk_difference_column"/>
    <testcase time="0.0389999999999979" classname="table_13" name="Table_13_generation_works_with_risk_difference_column"/>
    <testcase time="0.126999999999999" classname="table_13" name="Table_13_generation_works_with_risk_difference_column"/>
    <testcase time="0.0620000000000012" classname="table_13" name="Table_13_generation_works_with_risk_difference_column">
      <skipped message="Reason: On CRAN ('test-table_13.R:46:3')"/>
    </testcase>
  </testsuite>
  <testsuite name="table_14" timestamp="2023-10-02T15:27:08Z" hostname="9972a74923d0" tests="13" skipped="4" failures="0" errors="0" time="2.811">
    <testcase time="0.0259999999999998" classname="table_14" name="Table_14_generation_works_with_default_values"/>
    <testcase time="0.498000000000001" classname="table_14" name="Table_14_generation_works_with_default_values"/>
    <testcase time="0.125" classname="table_14" name="Table_14_generation_works_with_default_values">
      <skipped message="Reason: On CRAN ('test-table_14.R:16:3')"/>
    </testcase>
    <testcase time="0.0139999999999993" classname="table_14" name="Table_14_generation_works_with_custom_values"/>
    <testcase time="0.0399999999999991" classname="table_14" name="Table_14_generation_works_with_custom_values"/>
    <testcase time="0.541" classname="table_14" name="Table_14_generation_works_with_custom_values"/>
    <testcase time="0.129000000000001" classname="table_14" name="Table_14_generation_works_with_custom_values">
      <skipped message="Reason: On CRAN ('test-table_14.R:46:3')"/>
    </testcase>
    <testcase time="0.0139999999999993" classname="table_14" name="Table_14_generation_works_with_NA_values_pruned_rows"/>
    <testcase time="0.504999999999995" classname="table_14" name="Table_14_generation_works_with_NA_values_pruned_rows"/>
    <testcase time="0.103000000000002" classname="table_14" name="Table_14_generation_works_with_NA_values_pruned_rows">
      <skipped message="Reason: On CRAN ('test-table_14.R:53:3')"/>
    </testcase>
    <testcase time="0.0150000000000006" classname="table_14" name="Table_14_generation_works_with_risk_difference_column"/>
    <testcase time="0.652999999999999" classname="table_14" name="Table_14_generation_works_with_risk_difference_column"/>
    <testcase time="0.148000000000003" classname="table_14" name="Table_14_generation_works_with_risk_difference_column">
      <skipped message="Reason: On CRAN ('test-table_14.R:61:3')"/>
    </testcase>
  </testsuite>
  <testsuite name="table_20" timestamp="2023-10-02T15:27:11Z" hostname="9972a74923d0" tests="24" skipped="4" failures="0" errors="0" time="2.346">
    <testcase time="0.0229999999999961" classname="table_20" name="Table_20_generation_works_with_default_values"/>
    <testcase time="0.00100000000000477" classname="table_20" name="Table_20_generation_works_with_default_values"/>
    <testcase time="0.000999999999997669" classname="table_20" name="Table_20_generation_works_with_default_values"/>
    <testcase time="0.0450000000000017" classname="table_20" name="Table_20_generation_works_with_default_values"/>
    <testcase time="0.369999999999997" classname="table_20" name="Table_20_generation_works_with_default_values"/>
    <testcase time="0.0710000000000051" classname="table_20" name="Table_20_generation_works_with_default_values">
      <skipped message="Reason: On CRAN ('test-table_20.R:17:3')"/>
    </testcase>
    <testcase time="0.0149999999999935" classname="table_20" name="Table_20_generation_works_with_custom_values"/>
    <testcase time="0.00100000000000477" classname="table_20" name="Table_20_generation_works_with_custom_values"/>
    <testcase time="0.000999999999997669" classname="table_20" name="Table_20_generation_works_with_custom_values"/>
    <testcase time="0.0350000000000037" classname="table_20" name="Table_20_generation_works_with_custom_values"/>
    <testcase time="0.542999999999999" classname="table_20" name="Table_20_generation_works_with_custom_values"/>
    <testcase time="0.101999999999997" classname="table_20" name="Table_20_generation_works_with_custom_values">
      <skipped message="Reason: On CRAN ('test-table_20.R:65:3')"/>
    </testcase>
    <testcase time="0.0150000000000006" classname="table_20" name="Table_20_generation_works_with_missing_values_pruned_rows"/>
    <testcase time="0.000999999999997669" classname="table_20" name="Table_20_generation_works_with_missing_values_pruned_rows"/>
    <testcase time="0.00100000000000477" classname="table_20" name="Table_20_generation_works_with_missing_values_pruned_rows"/>
    <testcase time="0.0349999999999966" classname="table_20" name="Table_20_generation_works_with_missing_values_pruned_rows"/>
    <testcase time="0.364000000000004" classname="table_20" name="Table_20_generation_works_with_missing_values_pruned_rows"/>
    <testcase time="0.0790000000000006" classname="table_20" name="Table_20_generation_works_with_missing_values_pruned_rows">
      <skipped message="Reason: On CRAN ('test-table_20.R:74:3')"/>
    </testcase>
    <testcase time="0.0149999999999935" classname="table_20" name="Table_20_generation_works_with_risk_difference_column"/>
    <testcase time="0.00100000000000477" classname="table_20" name="Table_20_generation_works_with_risk_difference_column"/>
    <testcase time="0.00199999999999534" classname="table_20" name="Table_20_generation_works_with_risk_difference_column"/>
    <testcase time="0.0350000000000037" classname="table_20" name="Table_20_generation_works_with_risk_difference_column"/>
    <testcase time="0.503999999999998" classname="table_20" name="Table_20_generation_works_with_risk_difference_column"/>
    <testcase time="0.0859999999999985" classname="table_20" name="Table_20_generation_works_with_risk_difference_column">
      <skipped message="Reason: On CRAN ('test-table_20.R:82:3')"/>
    </testcase>
  </testsuite>
  <testsuite name="table_21" timestamp="2023-10-02T15:27:13Z" hostname="9972a74923d0" tests="19" skipped="4" failures="0" errors="0" time="2.311">
    <testcase time="0.0700000000000003" classname="table_21" name="Table_21_generation_works_with_default_values"/>
    <testcase time="0.00100000000000477" classname="table_21" name="Table_21_generation_works_with_default_values"/>
    <testcase time="0.533999999999999" classname="table_21" name="Table_21_generation_works_with_default_values"/>
    <testcase time="0.0850000000000009" classname="table_21" name="Table_21_generation_works_with_default_values">
      <skipped message="Reason: On CRAN ('test-table_21.R:22:3')"/>
    </testcase>
    <testcase time="0.0150000000000006" classname="table_21" name="Table_21_generation_works_with_custom_values_N_s_denominator_and_overall_column"/>
    <testcase time="0.000999999999997669" classname="table_21" name="Table_21_generation_works_with_custom_values_N_s_denominator_and_overall_column"/>
    <testcase time="0.0690000000000026" classname="table_21" name="Table_21_generation_works_with_custom_values_N_s_denominator_and_overall_column"/>
    <testcase time="0.640999999999998" classname="table_21" name="Table_21_generation_works_with_custom_values_N_s_denominator_and_overall_column"/>
    <testcase time="0.0989999999999966" classname="table_21" name="Table_21_generation_works_with_custom_values_N_s_denominator_and_overall_column">
      <skipped message="Reason: On CRAN ('test-table_21.R:34:3')"/>
    </testcase>
    <testcase time="0.0140000000000029" classname="table_21" name="Table_21_generation_works_with_custom_values_N_col_denominator_and_no_overall_column"/>
    <testcase time="0.000999999999997669" classname="table_21" name="Table_21_generation_works_with_custom_values_N_col_denominator_and_no_overall_column"/>
    <testcase time="0.0420000000000016" classname="table_21" name="Table_21_generation_works_with_custom_values_N_col_denominator_and_no_overall_column"/>
    <testcase time="0.282000000000004" classname="table_21" name="Table_21_generation_works_with_custom_values_N_col_denominator_and_no_overall_column"/>
    <testcase time="0.0799999999999983" classname="table_21" name="Table_21_generation_works_with_custom_values_N_col_denominator_and_no_overall_column">
      <skipped message="Reason: On CRAN ('test-table_21.R:62:3')"/>
    </testcase>
    <testcase time="0.0549999999999997" classname="table_21" name="Table_21_generation_works_with_some_NA_values"/>
    <testcase time="0.000999999999997669" classname="table_21" name="Table_21_generation_works_with_some_NA_values"/>
    <testcase time="0.0530000000000044" classname="table_21" name="Table_21_generation_works_with_some_NA_values"/>
    <testcase time="0.210999999999999" classname="table_21" name="Table_21_generation_works_with_some_NA_values"/>
    <testcase time="0.0570000000000022" classname="table_21" name="Table_21_generation_works_with_some_NA_values">
      <skipped message="Reason: On CRAN ('test-table_21.R:82:3')"/>
    </testcase>
  </testsuite>
  <testsuite name="table_32" timestamp="2023-10-02T15:27:15Z" hostname="9972a74923d0" tests="16" skipped="4" failures="0" errors="0" time="0.915">
    <testcase time="0.0189999999999984" classname="table_32" name="Table_32_generation_works_with_default_values"/>
    <testcase time="0.0499999999999972" classname="table_32" name="Table_32_generation_works_with_default_values"/>
    <testcase time="0.106999999999999" classname="table_32" name="Table_32_generation_works_with_default_values"/>
    <testcase time="0.0379999999999967" classname="table_32" name="Table_32_generation_works_with_default_values">
      <skipped message="Reason: On CRAN ('test-table_32.R:8:3')"/>
    </testcase>
    <testcase time="0.0140000000000029" classname="table_32" name="Table_32_generation_works_with_custom_values"/>
    <testcase time="0.0499999999999972" classname="table_32" name="Table_32_generation_works_with_custom_values"/>
    <testcase time="0.128" classname="table_32" name="Table_32_generation_works_with_custom_values"/>
    <testcase time="0.0459999999999994" classname="table_32" name="Table_32_generation_works_with_custom_values">
      <skipped message="Reason: On CRAN ('test-table_32.R:30:3')"/>
    </testcase>
    <testcase time="0.0230000000000032" classname="table_32" name="Table_32_generation_works_with_pruned_rows"/>
    <testcase time="0.0439999999999969" classname="table_32" name="Table_32_generation_works_with_pruned_rows"/>
    <testcase time="0.103000000000002" classname="table_32" name="Table_32_generation_works_with_pruned_rows"/>
    <testcase time="0.0399999999999991" classname="table_32" name="Table_32_generation_works_with_pruned_rows">
      <skipped message="Reason: On CRAN ('test-table_32.R:37:3')"/>
    </testcase>
    <testcase time="0.0200000000000031" classname="table_32" name="Table_32_generation_works_with_risk_difference_column"/>
    <testcase time="0.0429999999999993" classname="table_32" name="Table_32_generation_works_with_risk_difference_column"/>
    <testcase time="0.131999999999998" classname="table_32" name="Table_32_generation_works_with_risk_difference_column"/>
    <testcase time="0.0579999999999998" classname="table_32" name="Table_32_generation_works_with_risk_difference_column">
      <skipped message="Reason: On CRAN ('test-table_32.R:45:3')"/>
    </testcase>
  </testsuite>
  <testsuite name="table_33" timestamp="2023-10-02T15:27:16Z" hostname="9972a74923d0" tests="16" skipped="4" failures="0" errors="0" time="1.487">
    <testcase time="0.0180000000000007" classname="table_33" name="Table_33_generation_works_with_default_values"/>
    <testcase time="0.219999999999999" classname="table_33" name="Table_33_generation_works_with_default_values"/>
    <testcase time="0.0850000000000009" classname="table_33" name="Table_33_generation_works_with_default_values"/>
    <testcase time="0.0399999999999991" classname="table_33" name="Table_33_generation_works_with_default_values">
      <skipped message="Reason: On CRAN ('test-table_33.R:8:3')"/>
    </testcase>
    <testcase time="0.017000000000003" classname="table_33" name="Table_33_generation_works_with_custom_values"/>
    <testcase time="0.217999999999996" classname="table_33" name="Table_33_generation_works_with_custom_values"/>
    <testcase time="0.103000000000002" classname="table_33" name="Table_33_generation_works_with_custom_values"/>
    <testcase time="0.0480000000000018" classname="table_33" name="Table_33_generation_works_with_custom_values">
      <skipped message="Reason: On CRAN ('test-table_33.R:34:3')"/>
    </testcase>
    <testcase time="0.0159999999999982" classname="table_33" name="Table_33_generation_works_with_pruned_rows"/>
    <testcase time="0.225999999999999" classname="table_33" name="Table_33_generation_works_with_pruned_rows"/>
    <testcase time="0.0840000000000032" classname="table_33" name="Table_33_generation_works_with_pruned_rows"/>
    <testcase time="0.027000000000001" classname="table_33" name="Table_33_generation_works_with_pruned_rows">
      <skipped message="Reason: On CRAN ('test-table_33.R:42:3')"/>
    </testcase>
    <testcase time="0.0219999999999985" classname="table_33" name="Table_33_generation_works_with_risk_difference_column"/>
    <testcase time="0.225000000000001" classname="table_33" name="Table_33_generation_works_with_risk_difference_column"/>
    <testcase time="0.104999999999997" classname="table_33" name="Table_33_generation_works_with_risk_difference_column"/>
    <testcase time="0.0330000000000013" classname="table_33" name="Table_33_generation_works_with_risk_difference_column">
      <skipped message="Reason: On CRAN ('test-table_33.R:50:3')"/>
    </testcase>
  </testsuite>
  <testsuite name="table_34" timestamp="2023-10-02T15:27:18Z" hostname="9972a74923d0" tests="12" skipped="3" failures="0" errors="0" time="5.377">
    <testcase time="0.0339999999999989" classname="table_34" name="Table_34_generation_works_with_default_values"/>
    <testcase time="0.0350000000000037" classname="table_34" name="Table_34_generation_works_with_default_values"/>
    <testcase time="1.48" classname="table_34" name="Table_34_generation_works_with_default_values"/>
    <testcase time="0.183" classname="table_34" name="Table_34_generation_works_with_default_values">
      <skipped message="Reason: On CRAN ('test-table_34.R:17:3')"/>
    </testcase>
    <testcase time="0.0150000000000006" classname="table_34" name="Table_34_generation_works_with_custom_values"/>
    <testcase time="0.0289999999999964" classname="table_34" name="Table_34_generation_works_with_custom_values"/>
    <testcase time="1.648" classname="table_34" name="Table_34_generation_works_with_custom_values"/>
    <testcase time="0.0640000000000001" classname="table_34" name="Table_34_generation_works_with_custom_values">
      <skipped message="Reason: On CRAN ('test-table_34.R:49:3')"/>
    </testcase>
    <testcase time="0.0150000000000006" classname="table_34" name="Table_34_generation_works_with_risk_difference_column"/>
    <testcase time="0.0319999999999965" classname="table_34" name="Table_34_generation_works_with_risk_difference_column"/>
    <testcase time="1.65300000000001" classname="table_34" name="Table_34_generation_works_with_risk_difference_column"/>
    <testcase time="0.189" classname="table_34" name="Table_34_generation_works_with_risk_difference_column">
      <skipped message="Reason: On CRAN ('test-table_34.R:57:3')"/>
    </testcase>
  </testsuite>
</testsuites>
