<?xml version="1.0" encoding="UTF-8"?>
<testsuites>
  <testsuite name="falcon" timestamp="2023-05-02T12:54:28Z" hostname="98e53ccbff03" tests="1" skipped="0" failures="0" errors="0" time="0.022">
    <testcase time="0.0220000000000002" classname="falcon" name="dummy_test"/>
  </testsuite>
</testsuites>
