<?xml version="1.0" encoding="UTF-8"?>
<testsuites>
  <testsuite name="table_02" timestamp="2023-06-21T16:52:08Z" hostname="d97034965c7c" tests="9" skipped="3" failures="0" errors="0" time="1.746">
    <testcase time="0.0580000000000003" classname="table_02" name="Table_02_generation_works_with_default_values"/>
    <testcase time="0.573" classname="table_02" name="Table_02_generation_works_with_default_values"/>
    <testcase time="0.213" classname="table_02" name="Table_02_generation_works_with_default_values">
      <skipped message="Reason: On CRAN ('test-table_02.R:16:3')"/>
    </testcase>
    <testcase time="0.0680000000000001" classname="table_02" name="Table_02_generation_works_with_custom_values"/>
    <testcase time="0.423" classname="table_02" name="Table_02_generation_works_with_custom_values"/>
    <testcase time="0.212" classname="table_02" name="Table_02_generation_works_with_custom_values">
      <skipped message="Reason: On CRAN ('test-table_02.R:45:3')"/>
    </testcase>
    <testcase time="0.0540000000000003" classname="table_02" name="Table_02_generation_works_with_some_NA_values"/>
    <testcase time="0.0969999999999995" classname="table_02" name="Table_02_generation_works_with_some_NA_values"/>
    <testcase time="0.048" classname="table_02" name="Table_02_generation_works_with_some_NA_values">
      <skipped message="Reason: On CRAN ('test-table_02.R:57:3')"/>
    </testcase>
  </testsuite>
  <testsuite name="table_05" timestamp="2023-06-21T16:52:10Z" hostname="d97034965c7c" tests="9" skipped="3" failures="0" errors="0" time="1.141">
    <testcase time="0.186" classname="table_05" name="Table_05_generation_works_with_default_values"/>
    <testcase time="0.28" classname="table_05" name="Table_05_generation_works_with_default_values"/>
    <testcase time="0.069" classname="table_05" name="Table_05_generation_works_with_default_values">
      <skipped message="Reason: On CRAN ('test-table_05.R:10:3')"/>
    </testcase>
    <testcase time="0.0140000000000002" classname="table_05" name="Table_05_generation_works_with_custom_values"/>
    <testcase time="0.247" classname="table_05" name="Table_05_generation_works_with_custom_values"/>
    <testcase time="0.0789999999999997" classname="table_05" name="Table_05_generation_works_with_custom_values">
      <skipped message="Reason: On CRAN ('test-table_05.R:34:3')"/>
    </testcase>
    <testcase time="0.0150000000000006" classname="table_05" name="Table_05_generation_works_with_NA_values_pruned_rows"/>
    <testcase time="0.183" classname="table_05" name="Table_05_generation_works_with_NA_values_pruned_rows"/>
    <testcase time="0.0679999999999996" classname="table_05" name="Table_05_generation_works_with_NA_values_pruned_rows">
      <skipped message="Reason: On CRAN ('test-table_05.R:44:3')"/>
    </testcase>
  </testsuite>
  <testsuite name="table_06" timestamp="2023-06-21T16:52:11Z" hostname="d97034965c7c" tests="10" skipped="2" failures="0" errors="0" time="1.455">
    <testcase time="0.0310000000000006" classname="table_06" name="Table_06_generation_works_with_default_values"/>
    <testcase time="0.00199999999999978" classname="table_06" name="Table_06_generation_works_with_default_values"/>
    <testcase time="0.0569999999999995" classname="table_06" name="Table_06_generation_works_with_default_values"/>
    <testcase time="0.384" classname="table_06" name="Table_06_generation_works_with_default_values"/>
    <testcase time="0.0880000000000001" classname="table_06" name="Table_06_generation_works_with_default_values">
      <skipped message="Reason: On CRAN ('test-table_06.R:8:3')"/>
    </testcase>
    <testcase time="0.0140000000000002" classname="table_06" name="Table_06_generation_works_with_custom_values"/>
    <testcase time="0.000999999999999446" classname="table_06" name="Table_06_generation_works_with_custom_values"/>
    <testcase time="0.0620000000000003" classname="table_06" name="Table_06_generation_works_with_custom_values"/>
    <testcase time="0.692" classname="table_06" name="Table_06_generation_works_with_custom_values"/>
    <testcase time="0.124" classname="table_06" name="Table_06_generation_works_with_custom_values">
      <skipped message="Reason: On CRAN ('test-table_06.R:40:3')"/>
    </testcase>
  </testsuite>
  <testsuite name="table_07" timestamp="2023-06-21T16:52:13Z" hostname="d97034965c7c" tests="18" skipped="3" failures="0" errors="0" time="1.501">
    <testcase time="0.0230000000000006" classname="table_07" name="Table_07_generation_works_with_default_values"/>
    <testcase time="0.000999999999999446" classname="table_07" name="Table_07_generation_works_with_default_values"/>
    <testcase time="0.00100000000000033" classname="table_07" name="Table_07_generation_works_with_default_values"/>
    <testcase time="0.0389999999999997" classname="table_07" name="Table_07_generation_works_with_default_values"/>
    <testcase time="0.305" classname="table_07" name="Table_07_generation_works_with_default_values"/>
    <testcase time="0.109" classname="table_07" name="Table_07_generation_works_with_default_values">
      <skipped message="Reason: On CRAN ('test-table_07.R:13:3')"/>
    </testcase>
    <testcase time="0.0130000000000008" classname="table_07" name="Table_07_generation_works_with_custom_values"/>
    <testcase time="0.000999999999999446" classname="table_07" name="Table_07_generation_works_with_custom_values"/>
    <testcase time="0.00199999999999978" classname="table_07" name="Table_07_generation_works_with_custom_values"/>
    <testcase time="0.0380000000000003" classname="table_07" name="Table_07_generation_works_with_custom_values"/>
    <testcase time="0.396999999999999" classname="table_07" name="Table_07_generation_works_with_custom_values"/>
    <testcase time="0.138" classname="table_07" name="Table_07_generation_works_with_custom_values">
      <skipped message="Reason: On CRAN ('test-table_07.R:42:3')"/>
    </testcase>
    <testcase time="0.0130000000000017" classname="table_07" name="Table_07_generation_works_with_NA_values_pruned_rows"/>
    <testcase time="0.00199999999999889" classname="table_07" name="Table_07_generation_works_with_NA_values_pruned_rows"/>
    <testcase time="0.000999999999999446" classname="table_07" name="Table_07_generation_works_with_NA_values_pruned_rows"/>
    <testcase time="0.0390000000000015" classname="table_07" name="Table_07_generation_works_with_NA_values_pruned_rows"/>
    <testcase time="0.273999999999999" classname="table_07" name="Table_07_generation_works_with_NA_values_pruned_rows"/>
    <testcase time="0.105" classname="table_07" name="Table_07_generation_works_with_NA_values_pruned_rows">
      <skipped message="Reason: On CRAN ('test-table_07.R:52:3')"/>
    </testcase>
  </testsuite>
  <testsuite name="table_08" timestamp="2023-06-21T16:52:14Z" hostname="d97034965c7c" tests="8" skipped="2" failures="0" errors="0" time="0.385">
    <testcase time="0.0259999999999998" classname="table_08" name="Table_08_generation_works_with_default_values"/>
    <testcase time="0.000999999999999446" classname="table_08" name="Table_08_generation_works_with_default_values"/>
    <testcase time="0.0440000000000005" classname="table_08" name="Table_08_generation_works_with_default_values"/>
    <testcase time="0.102" classname="table_08" name="Table_08_generation_works_with_default_values">
      <skipped message="Reason: On CRAN ('test-table_08.R:10:3')"/>
    </testcase>
    <testcase time="0.0129999999999999" classname="table_08" name="Table_08_generation_works_with_custom_values"/>
    <testcase time="0.00200000000000067" classname="table_08" name="Table_08_generation_works_with_custom_values"/>
    <testcase time="0.0379999999999985" classname="table_08" name="Table_08_generation_works_with_custom_values"/>
    <testcase time="0.159000000000001" classname="table_08" name="Table_08_generation_works_with_custom_values">
      <skipped message="Reason: On CRAN ('test-table_08.R:31:3')"/>
    </testcase>
  </testsuite>
  <testsuite name="table_09" timestamp="2023-06-21T16:52:15Z" hostname="d97034965c7c" tests="8" skipped="2" failures="0" errors="0" time="0.808">
    <testcase time="0.0190000000000001" classname="table_09" name="Table_09_generation_works_with_default_values"/>
    <testcase time="0.0410000000000004" classname="table_09" name="Table_09_generation_works_with_default_values"/>
    <testcase time="0.257" classname="table_09" name="Table_09_generation_works_with_default_values"/>
    <testcase time="0.0579999999999998" classname="table_09" name="Table_09_generation_works_with_default_values">
      <skipped message="Reason: On CRAN ('test-table_09.R:8:3')"/>
    </testcase>
    <testcase time="0.0139999999999993" classname="table_09" name="Table_09_generation_works_with_custom_values"/>
    <testcase time="0.0410000000000004" classname="table_09" name="Table_09_generation_works_with_custom_values"/>
    <testcase time="0.314" classname="table_09" name="Table_09_generation_works_with_custom_values"/>
    <testcase time="0.0640000000000001" classname="table_09" name="Table_09_generation_works_with_custom_values">
      <skipped message="Reason: On CRAN ('test-table_09.R:39:3')"/>
    </testcase>
  </testsuite>
  <testsuite name="table_13" timestamp="2023-06-21T16:52:15Z" hostname="d97034965c7c" tests="8" skipped="2" failures="0" errors="0" time="0.477">
    <testcase time="0.0180000000000007" classname="table_13" name="Table_13_generation_works_with_default_values"/>
    <testcase time="0.0499999999999989" classname="table_13" name="Table_13_generation_works_with_default_values"/>
    <testcase time="0.111000000000001" classname="table_13" name="Table_13_generation_works_with_default_values"/>
    <testcase time="0.0679999999999996" classname="table_13" name="Table_13_generation_works_with_default_values">
      <skipped message="Reason: On CRAN ('test-table_13.R:8:3')"/>
    </testcase>
    <testcase time="0.0129999999999999" classname="table_13" name="Table_13_generation_works_with_custom_values"/>
    <testcase time="0.0490000000000013" classname="table_13" name="Table_13_generation_works_with_custom_values"/>
    <testcase time="0.123999999999999" classname="table_13" name="Table_13_generation_works_with_custom_values"/>
    <testcase time="0.0440000000000005" classname="table_13" name="Table_13_generation_works_with_custom_values">
      <skipped message="Reason: On CRAN ('test-table_13.R:38:3')"/>
    </testcase>
  </testsuite>
  <testsuite name="table_14" timestamp="2023-06-21T16:52:16Z" hostname="d97034965c7c" tests="10" skipped="3" failures="0" errors="0" time="1.963">
    <testcase time="0.0289999999999999" classname="table_14" name="Table_14_generation_works_with_default_values"/>
    <testcase time="0.488" classname="table_14" name="Table_14_generation_works_with_default_values"/>
    <testcase time="0.133000000000001" classname="table_14" name="Table_14_generation_works_with_default_values">
      <skipped message="Reason: On CRAN ('test-table_14.R:16:3')"/>
    </testcase>
    <testcase time="0.0139999999999993" classname="table_14" name="Table_14_generation_works_with_custom_values"/>
    <testcase time="0.048" classname="table_14" name="Table_14_generation_works_with_custom_values"/>
    <testcase time="0.508000000000001" classname="table_14" name="Table_14_generation_works_with_custom_values"/>
    <testcase time="0.133999999999999" classname="table_14" name="Table_14_generation_works_with_custom_values">
      <skipped message="Reason: On CRAN ('test-table_14.R:46:3')"/>
    </testcase>
    <testcase time="0.0129999999999999" classname="table_14" name="Table_14_generation_works_with_NA_values_pruned_rows"/>
    <testcase time="0.497000000000002" classname="table_14" name="Table_14_generation_works_with_NA_values_pruned_rows"/>
    <testcase time="0.0989999999999984" classname="table_14" name="Table_14_generation_works_with_NA_values_pruned_rows">
      <skipped message="Reason: On CRAN ('test-table_14.R:53:3')"/>
    </testcase>
  </testsuite>
  <testsuite name="table_20" timestamp="2023-06-21T16:52:18Z" hostname="d97034965c7c" tests="18" skipped="3" failures="0" errors="0" time="1.62">
    <testcase time="0.0230000000000015" classname="table_20" name="Table_20_generation_works_with_default_values"/>
    <testcase time="0.000999999999999446" classname="table_20" name="Table_20_generation_works_with_default_values"/>
    <testcase time="0.00200000000000067" classname="table_20" name="Table_20_generation_works_with_default_values"/>
    <testcase time="0.0429999999999993" classname="table_20" name="Table_20_generation_works_with_default_values"/>
    <testcase time="0.337" classname="table_20" name="Table_20_generation_works_with_default_values"/>
    <testcase time="0.077" classname="table_20" name="Table_20_generation_works_with_default_values">
      <skipped message="Reason: On CRAN ('test-table_20.R:17:3')"/>
    </testcase>
    <testcase time="0.0129999999999999" classname="table_20" name="Table_20_generation_works_with_custom_values"/>
    <testcase time="0.00100000000000122" classname="table_20" name="Table_20_generation_works_with_custom_values"/>
    <testcase time="0.000999999999999446" classname="table_20" name="Table_20_generation_works_with_custom_values"/>
    <testcase time="0.043000000000001" classname="table_20" name="Table_20_generation_works_with_custom_values"/>
    <testcase time="0.510999999999999" classname="table_20" name="Table_20_generation_works_with_custom_values"/>
    <testcase time="0.109" classname="table_20" name="Table_20_generation_works_with_custom_values">
      <skipped message="Reason: On CRAN ('test-table_20.R:65:3')"/>
    </testcase>
    <testcase time="0.016" classname="table_20" name="Table_20_generation_works_with_missing_values_pruned_rows"/>
    <testcase time="0.000999999999999446" classname="table_20" name="Table_20_generation_works_with_missing_values_pruned_rows"/>
    <testcase time="0.00100000000000122" classname="table_20" name="Table_20_generation_works_with_missing_values_pruned_rows"/>
    <testcase time="0.0429999999999993" classname="table_20" name="Table_20_generation_works_with_missing_values_pruned_rows"/>
    <testcase time="0.321" classname="table_20" name="Table_20_generation_works_with_missing_values_pruned_rows"/>
    <testcase time="0.077" classname="table_20" name="Table_20_generation_works_with_missing_values_pruned_rows">
      <skipped message="Reason: On CRAN ('test-table_20.R:74:3')"/>
    </testcase>
  </testsuite>
  <testsuite name="table_32" timestamp="2023-06-21T16:52:19Z" hostname="d97034965c7c" tests="12" skipped="3" failures="0" errors="0" time="0.711">
    <testcase time="0.0199999999999996" classname="table_32" name="Table_32_generation_works_with_default_values"/>
    <testcase time="0.0630000000000006" classname="table_32" name="Table_32_generation_works_with_default_values"/>
    <testcase time="0.105" classname="table_32" name="Table_32_generation_works_with_default_values"/>
    <testcase time="0.0419999999999998" classname="table_32" name="Table_32_generation_works_with_default_values">
      <skipped message="Reason: On CRAN ('test-table_32.R:8:3')"/>
    </testcase>
    <testcase time="0.0139999999999993" classname="table_32" name="Table_32_generation_works_with_custom_values"/>
    <testcase time="0.0750000000000011" classname="table_32" name="Table_32_generation_works_with_custom_values"/>
    <testcase time="0.128" classname="table_32" name="Table_32_generation_works_with_custom_values"/>
    <testcase time="0.0510000000000002" classname="table_32" name="Table_32_generation_works_with_custom_values">
      <skipped message="Reason: On CRAN ('test-table_32.R:30:3')"/>
    </testcase>
    <testcase time="0.0129999999999999" classname="table_32" name="Table_32_generation_works_with_pruned_rows"/>
    <testcase time="0.0519999999999996" classname="table_32" name="Table_32_generation_works_with_pruned_rows"/>
    <testcase time="0.117000000000001" classname="table_32" name="Table_32_generation_works_with_pruned_rows"/>
    <testcase time="0.0309999999999988" classname="table_32" name="Table_32_generation_works_with_pruned_rows">
      <skipped message="Reason: On CRAN ('test-table_32.R:37:3')"/>
    </testcase>
  </testsuite>
  <testsuite name="table_33" timestamp="2023-06-21T16:52:20Z" hostname="d97034965c7c" tests="12" skipped="3" failures="0" errors="0" time="1.156">
    <testcase time="0.0190000000000001" classname="table_33" name="Table_33_generation_works_with_default_values"/>
    <testcase time="0.248000000000001" classname="table_33" name="Table_33_generation_works_with_default_values"/>
    <testcase time="0.0889999999999986" classname="table_33" name="Table_33_generation_works_with_default_values"/>
    <testcase time="0.032" classname="table_33" name="Table_33_generation_works_with_default_values">
      <skipped message="Reason: On CRAN ('test-table_33.R:8:3')"/>
    </testcase>
    <testcase time="0.0140000000000011" classname="table_33" name="Table_33_generation_works_with_custom_values"/>
    <testcase time="0.237" classname="table_33" name="Table_33_generation_works_with_custom_values"/>
    <testcase time="0.116" classname="table_33" name="Table_33_generation_works_with_custom_values"/>
    <testcase time="0.036999999999999" classname="table_33" name="Table_33_generation_works_with_custom_values">
      <skipped message="Reason: On CRAN ('test-table_33.R:34:3')"/>
    </testcase>
    <testcase time="0.0140000000000011" classname="table_33" name="Table_33_generation_works_with_pruned_rows"/>
    <testcase time="0.237" classname="table_33" name="Table_33_generation_works_with_pruned_rows"/>
    <testcase time="0.0860000000000003" classname="table_33" name="Table_33_generation_works_with_pruned_rows"/>
    <testcase time="0.0269999999999992" classname="table_33" name="Table_33_generation_works_with_pruned_rows">
      <skipped message="Reason: On CRAN ('test-table_33.R:42:3')"/>
    </testcase>
  </testsuite>
</testsuites>
