<?xml version="1.0" encoding="UTF-8"?>
<testsuites>
  <testsuite name="table_02" timestamp="2023-09-29T15:10:15Z" hostname="4fa96f28ac96" tests="33" skipped="10" failures="0" errors="0" time="13.079">
    <testcase time="0.0699999999999998" classname="table_02" name="Table_02_generation_works_with_default_values"/>
    <testcase time="0.0869999999999997" classname="table_02" name="Table_02_generation_works_with_default_values"/>
    <testcase time="0.389" classname="table_02" name="Table_02_generation_works_with_default_values"/>
    <testcase time="0.19" classname="table_02" name="Table_02_generation_works_with_default_values">
      <skipped message="Reason: On CRAN ('test-table_02.R:16:3')"/>
    </testcase>
    <testcase time="0.0529999999999999" classname="table_02" name="Table_02_generation_works_with_custom_values"/>
    <testcase time="0.0409999999999999" classname="table_02" name="Table_02_generation_works_with_custom_values"/>
    <testcase time="0.323" classname="table_02" name="Table_02_generation_works_with_custom_values"/>
    <testcase time="0.202999999999999" classname="table_02" name="Table_02_generation_works_with_custom_values">
      <skipped message="Reason: On CRAN ('test-table_02.R:45:3')"/>
    </testcase>
    <testcase time="0.0490000000000004" classname="table_02" name="Table_02_generation_works_with_some_NA_values"/>
    <testcase time="0.0430000000000001" classname="table_02" name="Table_02_generation_works_with_some_NA_values"/>
    <testcase time="0.0659999999999998" classname="table_02" name="Table_02_generation_works_with_some_NA_values"/>
    <testcase time="0.0419999999999998" classname="table_02" name="Table_02_generation_works_with_some_NA_values">
      <skipped message="Reason: On CRAN ('test-table_02.R:57:3')"/>
    </testcase>
    <testcase time="0.0150000000000006" classname="table_02" name="Table_02_generation_tplyr_works_with_default_values"/>
    <testcase time="1.666" classname="table_02" name="Table_02_generation_tplyr_works_with_default_values"/>
    <testcase time="0.0310000000000006" classname="table_02" name="Table_02_generation_tplyr_works_with_default_values">
      <skipped message="Reason: On CRAN ('test-table_02.R:66:3')"/>
    </testcase>
    <testcase time="0.0139999999999993" classname="table_02" name="Table_02_generation_tplyr_works_with_tplyr_raw_TRUE"/>
    <testcase time="1.025" classname="table_02" name="Table_02_generation_tplyr_works_with_tplyr_raw_TRUE"/>
    <testcase time="0.0209999999999999" classname="table_02" name="Table_02_generation_tplyr_works_with_tplyr_raw_TRUE">
      <skipped message="Reason: On CRAN ('test-table_02.R:75:3')"/>
    </testcase>
    <testcase time="0.0369999999999999" classname="table_02" name="Table_02_generation_tplyr_works_with_custom_values"/>
    <testcase time="1.607" classname="table_02" name="Table_02_generation_tplyr_works_with_custom_values"/>
    <testcase time="0.0200000000000014" classname="table_02" name="Table_02_generation_tplyr_works_with_custom_values">
      <skipped message="Reason: On CRAN ('test-table_02.R:102:3')"/>
    </testcase>
    <testcase time="0.0309999999999988" classname="table_02" name="Table_02_generation_tplyr_works_with_some_NA_values"/>
    <testcase time="0.636000000000001" classname="table_02" name="Table_02_generation_tplyr_works_with_some_NA_values"/>
    <testcase time="0.0199999999999996" classname="table_02" name="Table_02_generation_tplyr_works_with_some_NA_values">
      <skipped message="Reason: On CRAN ('test-table_02.R:119:3')"/>
    </testcase>
    <testcase time="0.0139999999999993" classname="table_02" name="Table_02_generation_gtsum_works_with_default_values"/>
    <testcase time="2.594" classname="table_02" name="Table_02_generation_gtsum_works_with_default_values"/>
    <testcase time="0.00600000000000023" classname="table_02" name="Table_02_generation_gtsum_works_with_default_values">
      <skipped message="Reason: On CRAN ('test-table_02.R:128:3')"/>
    </testcase>
    <testcase time="0.036999999999999" classname="table_02" name="Table_02_generation_gtsum_works_with_custom_values"/>
    <testcase time="2.889" classname="table_02" name="Table_02_generation_gtsum_works_with_custom_values"/>
    <testcase time="0.00499999999999901" classname="table_02" name="Table_02_generation_gtsum_works_with_custom_values">
      <skipped message="Reason: On CRAN ('test-table_02.R:146:3')"/>
    </testcase>
    <testcase time="0.0360000000000014" classname="table_02" name="Table_02_generation_gtsum_works_with_some_NA_values"/>
    <testcase time="0.812999999999999" classname="table_02" name="Table_02_generation_gtsum_works_with_some_NA_values"/>
    <testcase time="0.00600000000000023" classname="table_02" name="Table_02_generation_gtsum_works_with_some_NA_values">
      <skipped message="Reason: On CRAN ('test-table_02.R:163:3')"/>
    </testcase>
  </testsuite>
  <testsuite name="table_04" timestamp="2023-09-29T15:10:28Z" hostname="4fa96f28ac96" tests="12" skipped="2" failures="0" errors="0" time="0.869">
    <testcase time="0.0380000000000003" classname="table_04" name="Table_04_generation_works_with_default_values"/>
    <testcase time="0.000999999999999446" classname="table_04" name="Table_04_generation_works_with_default_values"/>
    <testcase time="0.00100000000000122" classname="table_04" name="Table_04_generation_works_with_default_values"/>
    <testcase time="0.000999999999999446" classname="table_04" name="Table_04_generation_works_with_default_values"/>
    <testcase time="0.353999999999999" classname="table_04" name="Table_04_generation_works_with_default_values"/>
    <testcase time="0.0890000000000022" classname="table_04" name="Table_04_generation_works_with_default_values">
      <skipped message="Reason: On CRAN ('test-table_04.R:18:3')"/>
    </testcase>
    <testcase time="0.0139999999999993" classname="table_04" name="Table_04_generation_works_with_custom_values"/>
    <testcase time="0.000999999999997669" classname="table_04" name="Table_04_generation_works_with_custom_values"/>
    <testcase time="0.00100000000000122" classname="table_04" name="Table_04_generation_works_with_custom_values"/>
    <testcase time="0.00100000000000122" classname="table_04" name="Table_04_generation_works_with_custom_values"/>
    <testcase time="0.294" classname="table_04" name="Table_04_generation_works_with_custom_values"/>
    <testcase time="0.0739999999999981" classname="table_04" name="Table_04_generation_works_with_custom_values">
      <skipped message="Reason: On CRAN ('test-table_04.R:44:3')"/>
    </testcase>
  </testsuite>
  <testsuite name="table_05" timestamp="2023-09-29T15:10:29Z" hostname="4fa96f28ac96" tests="9" skipped="3" failures="0" errors="0" time="1.014">
    <testcase time="0.161999999999999" classname="table_05" name="Table_05_generation_works_with_default_values"/>
    <testcase time="0.194000000000003" classname="table_05" name="Table_05_generation_works_with_default_values"/>
    <testcase time="0.0689999999999991" classname="table_05" name="Table_05_generation_works_with_default_values">
      <skipped message="Reason: On CRAN ('test-table_05.R:10:3')"/>
    </testcase>
    <testcase time="0.0139999999999993" classname="table_05" name="Table_05_generation_works_with_custom_values"/>
    <testcase time="0.25" classname="table_05" name="Table_05_generation_works_with_custom_values"/>
    <testcase time="0.0719999999999992" classname="table_05" name="Table_05_generation_works_with_custom_values">
      <skipped message="Reason: On CRAN ('test-table_05.R:34:3')"/>
    </testcase>
    <testcase time="0.0160000000000018" classname="table_05" name="Table_05_generation_works_with_NA_values_pruned_rows"/>
    <testcase time="0.169999999999998" classname="table_05" name="Table_05_generation_works_with_NA_values_pruned_rows"/>
    <testcase time="0.0670000000000002" classname="table_05" name="Table_05_generation_works_with_NA_values_pruned_rows">
      <skipped message="Reason: On CRAN ('test-table_05.R:44:3')"/>
    </testcase>
  </testsuite>
  <testsuite name="table_06" timestamp="2023-09-29T15:10:30Z" hostname="4fa96f28ac96" tests="10" skipped="2" failures="0" errors="0" time="1.226">
    <testcase time="0.0190000000000019" classname="table_06" name="Table_06_generation_works_with_default_values"/>
    <testcase time="0.00100000000000122" classname="table_06" name="Table_06_generation_works_with_default_values"/>
    <testcase time="0.046999999999997" classname="table_06" name="Table_06_generation_works_with_default_values"/>
    <testcase time="0.394000000000002" classname="table_06" name="Table_06_generation_works_with_default_values"/>
    <testcase time="0.0809999999999995" classname="table_06" name="Table_06_generation_works_with_default_values">
      <skipped message="Reason: On CRAN ('test-table_06.R:8:3')"/>
    </testcase>
    <testcase time="0.0139999999999993" classname="table_06" name="Table_06_generation_works_with_custom_values"/>
    <testcase time="0.00100000000000122" classname="table_06" name="Table_06_generation_works_with_custom_values"/>
    <testcase time="0.0509999999999984" classname="table_06" name="Table_06_generation_works_with_custom_values"/>
    <testcase time="0.501000000000001" classname="table_06" name="Table_06_generation_works_with_custom_values"/>
    <testcase time="0.117000000000001" classname="table_06" name="Table_06_generation_works_with_custom_values">
      <skipped message="Reason: On CRAN ('test-table_06.R:40:3')"/>
    </testcase>
  </testsuite>
  <testsuite name="table_07" timestamp="2023-09-29T15:10:31Z" hostname="4fa96f28ac96" tests="18" skipped="3" failures="0" errors="0" time="1.551">
    <testcase time="0.0219999999999985" classname="table_07" name="Table_07_generation_works_with_default_values"/>
    <testcase time="0.00100000000000122" classname="table_07" name="Table_07_generation_works_with_default_values"/>
    <testcase time="0.000999999999997669" classname="table_07" name="Table_07_generation_works_with_default_values"/>
    <testcase time="0.0310000000000024" classname="table_07" name="Table_07_generation_works_with_default_values"/>
    <testcase time="0.323999999999998" classname="table_07" name="Table_07_generation_works_with_default_values"/>
    <testcase time="0.106000000000002" classname="table_07" name="Table_07_generation_works_with_default_values">
      <skipped message="Reason: On CRAN ('test-table_07.R:13:3')"/>
    </testcase>
    <testcase time="0.0139999999999993" classname="table_07" name="Table_07_generation_works_with_custom_values"/>
    <testcase time="0.00100000000000122" classname="table_07" name="Table_07_generation_works_with_custom_values"/>
    <testcase time="0.000999999999997669" classname="table_07" name="Table_07_generation_works_with_custom_values"/>
    <testcase time="0.0310000000000024" classname="table_07" name="Table_07_generation_works_with_custom_values"/>
    <testcase time="0.439999999999998" classname="table_07" name="Table_07_generation_works_with_custom_values"/>
    <testcase time="0.133000000000003" classname="table_07" name="Table_07_generation_works_with_custom_values">
      <skipped message="Reason: On CRAN ('test-table_07.R:42:3')"/>
    </testcase>
    <testcase time="0.014999999999997" classname="table_07" name="Table_07_generation_works_with_NA_values_pruned_rows"/>
    <testcase time="0.00100000000000122" classname="table_07" name="Table_07_generation_works_with_NA_values_pruned_rows"/>
    <testcase time="0.00100000000000122" classname="table_07" name="Table_07_generation_works_with_NA_values_pruned_rows"/>
    <testcase time="0.0309999999999988" classname="table_07" name="Table_07_generation_works_with_NA_values_pruned_rows"/>
    <testcase time="0.297000000000001" classname="table_07" name="Table_07_generation_works_with_NA_values_pruned_rows"/>
    <testcase time="0.100999999999999" classname="table_07" name="Table_07_generation_works_with_NA_values_pruned_rows">
      <skipped message="Reason: On CRAN ('test-table_07.R:52:3')"/>
    </testcase>
  </testsuite>
  <testsuite name="table_08" timestamp="2023-09-29T15:10:33Z" hostname="4fa96f28ac96" tests="8" skipped="2" failures="0" errors="0" time="0.372">
    <testcase time="0.0199999999999996" classname="table_08" name="Table_08_generation_works_with_default_values"/>
    <testcase time="0.00100000000000122" classname="table_08" name="Table_08_generation_works_with_default_values"/>
    <testcase time="0.0429999999999993" classname="table_08" name="Table_08_generation_works_with_default_values"/>
    <testcase time="0.111000000000001" classname="table_08" name="Table_08_generation_works_with_default_values">
      <skipped message="Reason: On CRAN ('test-table_08.R:10:3')"/>
    </testcase>
    <testcase time="0.0139999999999993" classname="table_08" name="Table_08_generation_works_with_custom_values"/>
    <testcase time="0.00199999999999889" classname="table_08" name="Table_08_generation_works_with_custom_values"/>
    <testcase time="0.0380000000000003" classname="table_08" name="Table_08_generation_works_with_custom_values"/>
    <testcase time="0.143000000000001" classname="table_08" name="Table_08_generation_works_with_custom_values">
      <skipped message="Reason: On CRAN ('test-table_08.R:31:3')"/>
    </testcase>
  </testsuite>
  <testsuite name="table_09" timestamp="2023-09-29T15:10:33Z" hostname="4fa96f28ac96" tests="8" skipped="2" failures="0" errors="0" time="0.821">
    <testcase time="0.0190000000000019" classname="table_09" name="Table_09_generation_works_with_default_values"/>
    <testcase time="0.032" classname="table_09" name="Table_09_generation_works_with_default_values"/>
    <testcase time="0.274999999999999" classname="table_09" name="Table_09_generation_works_with_default_values"/>
    <testcase time="0.0530000000000008" classname="table_09" name="Table_09_generation_works_with_default_values">
      <skipped message="Reason: On CRAN ('test-table_09.R:8:3')"/>
    </testcase>
    <testcase time="0.0150000000000006" classname="table_09" name="Table_09_generation_works_with_custom_values"/>
    <testcase time="0.032" classname="table_09" name="Table_09_generation_works_with_custom_values"/>
    <testcase time="0.332999999999998" classname="table_09" name="Table_09_generation_works_with_custom_values"/>
    <testcase time="0.0620000000000012" classname="table_09" name="Table_09_generation_works_with_custom_values">
      <skipped message="Reason: On CRAN ('test-table_09.R:39:3')"/>
    </testcase>
  </testsuite>
  <testsuite name="table_10" timestamp="2023-09-29T15:10:34Z" hostname="4fa96f28ac96" tests="10" skipped="2" failures="0" errors="0" time="0.897">
    <testcase time="0.0229999999999997" classname="table_10" name="Table_10_generation_works_with_default_values"/>
    <testcase time="0.000999999999997669" classname="table_10" name="Table_10_generation_works_with_default_values"/>
    <testcase time="0.0420000000000016" classname="table_10" name="Table_10_generation_works_with_default_values"/>
    <testcase time="0.321000000000002" classname="table_10" name="Table_10_generation_works_with_default_values"/>
    <testcase time="0.106999999999999" classname="table_10" name="Table_10_generation_works_with_default_values">
      <skipped message="Reason: On CRAN ('test-table_10.R:17:3')"/>
    </testcase>
    <testcase time="0.0150000000000006" classname="table_10" name="Table_10_generation_works_with_custom_values"/>
    <testcase time="0.000999999999997669" classname="table_10" name="Table_10_generation_works_with_custom_values"/>
    <testcase time="0.0289999999999999" classname="table_10" name="Table_10_generation_works_with_custom_values"/>
    <testcase time="0.310000000000002" classname="table_10" name="Table_10_generation_works_with_custom_values"/>
    <testcase time="0.0479999999999983" classname="table_10" name="Table_10_generation_works_with_custom_values">
      <skipped message="Reason: On CRAN ('test-table_10.R:52:3')"/>
    </testcase>
  </testsuite>
  <testsuite name="table_11" timestamp="2023-09-29T15:10:35Z" hostname="4fa96f28ac96" tests="8" skipped="2" failures="0" errors="0" time="1.352">
    <testcase time="0.0240000000000009" classname="table_11" name="Table_11_generation_works_with_default_values"/>
    <testcase time="0.0410000000000004" classname="table_11" name="Table_11_generation_works_with_default_values"/>
    <testcase time="0.541" classname="table_11" name="Table_11_generation_works_with_default_values"/>
    <testcase time="0.120000000000001" classname="table_11" name="Table_11_generation_works_with_default_values">
      <skipped message="Reason: On CRAN ('test-table_11.R:18:3')"/>
    </testcase>
    <testcase time="0.0150000000000006" classname="table_11" name="Table_11_generation_works_with_custom_values"/>
    <testcase time="0.0339999999999989" classname="table_11" name="Table_11_generation_works_with_custom_values"/>
    <testcase time="0.52" classname="table_11" name="Table_11_generation_works_with_custom_values"/>
    <testcase time="0.0570000000000022" classname="table_11" name="Table_11_generation_works_with_custom_values">
      <skipped message="Reason: On CRAN ('test-table_11.R:48:3')"/>
    </testcase>
  </testsuite>
  <testsuite name="table_12" timestamp="2023-09-29T15:10:36Z" hostname="4fa96f28ac96" tests="8" skipped="2" failures="0" errors="0" time="1.781">
    <testcase time="0.0189999999999984" classname="table_12" name="Table_12_generation_works_with_default_values"/>
    <testcase time="0.0530000000000008" classname="table_12" name="Table_12_generation_works_with_default_values"/>
    <testcase time="0.719000000000001" classname="table_12" name="Table_12_generation_works_with_default_values"/>
    <testcase time="0.0969999999999978" classname="table_12" name="Table_12_generation_works_with_default_values">
      <skipped message="Reason: On CRAN ('test-table_12.R:9:3')"/>
    </testcase>
    <testcase time="0.0150000000000006" classname="table_12" name="Table_12_generation_works_with_custom_values"/>
    <testcase time="0.0420000000000016" classname="table_12" name="Table_12_generation_works_with_custom_values"/>
    <testcase time="0.730999999999998" classname="table_12" name="Table_12_generation_works_with_custom_values"/>
    <testcase time="0.105" classname="table_12" name="Table_12_generation_works_with_custom_values">
      <skipped message="Reason: On CRAN ('test-table_12.R:39:3')"/>
    </testcase>
  </testsuite>
  <testsuite name="table_13" timestamp="2023-09-29T15:10:38Z" hostname="4fa96f28ac96" tests="8" skipped="2" failures="0" errors="0" time="0.458">
    <testcase time="0.0180000000000007" classname="table_13" name="Table_13_generation_works_with_default_values"/>
    <testcase time="0.0399999999999991" classname="table_13" name="Table_13_generation_works_with_default_values"/>
    <testcase time="0.113" classname="table_13" name="Table_13_generation_works_with_default_values"/>
    <testcase time="0.0590000000000011" classname="table_13" name="Table_13_generation_works_with_default_values">
      <skipped message="Reason: On CRAN ('test-table_13.R:8:3')"/>
    </testcase>
    <testcase time="0.0139999999999993" classname="table_13" name="Table_13_generation_works_with_custom_values"/>
    <testcase time="0.0390000000000015" classname="table_13" name="Table_13_generation_works_with_custom_values"/>
    <testcase time="0.134" classname="table_13" name="Table_13_generation_works_with_custom_values"/>
    <testcase time="0.0410000000000004" classname="table_13" name="Table_13_generation_works_with_custom_values">
      <skipped message="Reason: On CRAN ('test-table_13.R:38:3')"/>
    </testcase>
  </testsuite>
  <testsuite name="table_14" timestamp="2023-09-29T15:10:38Z" hostname="4fa96f28ac96" tests="10" skipped="3" failures="0" errors="0" time="2.227">
    <testcase time="0.0259999999999998" classname="table_14" name="Table_14_generation_works_with_default_values"/>
    <testcase time="0.538999999999998" classname="table_14" name="Table_14_generation_works_with_default_values"/>
    <testcase time="0.126000000000001" classname="table_14" name="Table_14_generation_works_with_default_values">
      <skipped message="Reason: On CRAN ('test-table_14.R:16:3')"/>
    </testcase>
    <testcase time="0.0189999999999984" classname="table_14" name="Table_14_generation_works_with_custom_values"/>
    <testcase time="0.0410000000000004" classname="table_14" name="Table_14_generation_works_with_custom_values"/>
    <testcase time="0.548000000000002" classname="table_14" name="Table_14_generation_works_with_custom_values"/>
    <testcase time="0.132999999999999" classname="table_14" name="Table_14_generation_works_with_custom_values">
      <skipped message="Reason: On CRAN ('test-table_14.R:46:3')"/>
    </testcase>
    <testcase time="0.0150000000000006" classname="table_14" name="Table_14_generation_works_with_NA_values_pruned_rows"/>
    <testcase time="0.689" classname="table_14" name="Table_14_generation_works_with_NA_values_pruned_rows"/>
    <testcase time="0.0909999999999975" classname="table_14" name="Table_14_generation_works_with_NA_values_pruned_rows">
      <skipped message="Reason: On CRAN ('test-table_14.R:53:3')"/>
    </testcase>
  </testsuite>
  <testsuite name="table_20" timestamp="2023-09-29T15:10:40Z" hostname="4fa96f28ac96" tests="18" skipped="3" failures="0" errors="0" time="1.614">
    <testcase time="0.0230000000000032" classname="table_20" name="Table_20_generation_works_with_default_values"/>
    <testcase time="0.000999999999997669" classname="table_20" name="Table_20_generation_works_with_default_values"/>
    <testcase time="0.00100000000000122" classname="table_20" name="Table_20_generation_works_with_default_values"/>
    <testcase time="0.0339999999999989" classname="table_20" name="Table_20_generation_works_with_default_values"/>
    <testcase time="0.350999999999999" classname="table_20" name="Table_20_generation_works_with_default_values"/>
    <testcase time="0.0760000000000005" classname="table_20" name="Table_20_generation_works_with_default_values">
      <skipped message="Reason: On CRAN ('test-table_20.R:17:3')"/>
    </testcase>
    <testcase time="0.0139999999999993" classname="table_20" name="Table_20_generation_works_with_custom_values"/>
    <testcase time="0.00100000000000122" classname="table_20" name="Table_20_generation_works_with_custom_values"/>
    <testcase time="0.00100000000000122" classname="table_20" name="Table_20_generation_works_with_custom_values"/>
    <testcase time="0.0350000000000001" classname="table_20" name="Table_20_generation_works_with_custom_values"/>
    <testcase time="0.515999999999998" classname="table_20" name="Table_20_generation_works_with_custom_values"/>
    <testcase time="0.0910000000000011" classname="table_20" name="Table_20_generation_works_with_custom_values">
      <skipped message="Reason: On CRAN ('test-table_20.R:65:3')"/>
    </testcase>
    <testcase time="0.0150000000000006" classname="table_20" name="Table_20_generation_works_with_missing_values_pruned_rows"/>
    <testcase time="0.000999999999997669" classname="table_20" name="Table_20_generation_works_with_missing_values_pruned_rows"/>
    <testcase time="0.00100000000000122" classname="table_20" name="Table_20_generation_works_with_missing_values_pruned_rows"/>
    <testcase time="0.0390000000000015" classname="table_20" name="Table_20_generation_works_with_missing_values_pruned_rows"/>
    <testcase time="0.346" classname="table_20" name="Table_20_generation_works_with_missing_values_pruned_rows"/>
    <testcase time="0.0679999999999978" classname="table_20" name="Table_20_generation_works_with_missing_values_pruned_rows">
      <skipped message="Reason: On CRAN ('test-table_20.R:74:3')"/>
    </testcase>
  </testsuite>
  <testsuite name="table_21" timestamp="2023-09-29T15:10:42Z" hostname="4fa96f28ac96" tests="19" skipped="4" failures="0" errors="0" time="2.228">
    <testcase time="0.0719999999999992" classname="table_21" name="Table_21_generation_works_with_default_values"/>
    <testcase time="0.00100000000000122" classname="table_21" name="Table_21_generation_works_with_default_values"/>
    <testcase time="0.507999999999999" classname="table_21" name="Table_21_generation_works_with_default_values"/>
    <testcase time="0.0890000000000022" classname="table_21" name="Table_21_generation_works_with_default_values">
      <skipped message="Reason: On CRAN ('test-table_21.R:22:3')"/>
    </testcase>
    <testcase time="0.0139999999999993" classname="table_21" name="Table_21_generation_works_with_custom_values_N_s_denominator_and_overall_column"/>
    <testcase time="0.00100000000000122" classname="table_21" name="Table_21_generation_works_with_custom_values_N_s_denominator_and_overall_column"/>
    <testcase time="0.0659999999999989" classname="table_21" name="Table_21_generation_works_with_custom_values_N_s_denominator_and_overall_column"/>
    <testcase time="0.613" classname="table_21" name="Table_21_generation_works_with_custom_values_N_s_denominator_and_overall_column"/>
    <testcase time="0.0949999999999989" classname="table_21" name="Table_21_generation_works_with_custom_values_N_s_denominator_and_overall_column">
      <skipped message="Reason: On CRAN ('test-table_21.R:34:3')"/>
    </testcase>
    <testcase time="0.0140000000000029" classname="table_21" name="Table_21_generation_works_with_custom_values_N_col_denominator_and_no_overall_column"/>
    <testcase time="0.00199999999999889" classname="table_21" name="Table_21_generation_works_with_custom_values_N_col_denominator_and_no_overall_column"/>
    <testcase time="0.0410000000000004" classname="table_21" name="Table_21_generation_works_with_custom_values_N_col_denominator_and_no_overall_column"/>
    <testcase time="0.260999999999999" classname="table_21" name="Table_21_generation_works_with_custom_values_N_col_denominator_and_no_overall_column"/>
    <testcase time="0.0790000000000006" classname="table_21" name="Table_21_generation_works_with_custom_values_N_col_denominator_and_no_overall_column">
      <skipped message="Reason: On CRAN ('test-table_21.R:62:3')"/>
    </testcase>
    <testcase time="0.0519999999999996" classname="table_21" name="Table_21_generation_works_with_some_NA_values"/>
    <testcase time="0.00100000000000122" classname="table_21" name="Table_21_generation_works_with_some_NA_values"/>
    <testcase time="0.0549999999999997" classname="table_21" name="Table_21_generation_works_with_some_NA_values"/>
    <testcase time="0.206999999999997" classname="table_21" name="Table_21_generation_works_with_some_NA_values"/>
    <testcase time="0.0570000000000022" classname="table_21" name="Table_21_generation_works_with_some_NA_values">
      <skipped message="Reason: On CRAN ('test-table_21.R:82:3')"/>
    </testcase>
  </testsuite>
  <testsuite name="table_32" timestamp="2023-09-29T15:10:44Z" hostname="4fa96f28ac96" tests="12" skipped="3" failures="0" errors="0" time="0.641">
    <testcase time="0.0189999999999984" classname="table_32" name="Table_32_generation_works_with_default_values"/>
    <testcase time="0.0420000000000016" classname="table_32" name="Table_32_generation_works_with_default_values"/>
    <testcase time="0.110999999999997" classname="table_32" name="Table_32_generation_works_with_default_values"/>
    <testcase time="0.036999999999999" classname="table_32" name="Table_32_generation_works_with_default_values">
      <skipped message="Reason: On CRAN ('test-table_32.R:8:3')"/>
    </testcase>
    <testcase time="0.0150000000000006" classname="table_32" name="Table_32_generation_works_with_custom_values"/>
    <testcase time="0.0420000000000016" classname="table_32" name="Table_32_generation_works_with_custom_values"/>
    <testcase time="0.134" classname="table_32" name="Table_32_generation_works_with_custom_values"/>
    <testcase time="0.0459999999999994" classname="table_32" name="Table_32_generation_works_with_custom_values">
      <skipped message="Reason: On CRAN ('test-table_32.R:30:3')"/>
    </testcase>
    <testcase time="0.0140000000000029" classname="table_32" name="Table_32_generation_works_with_pruned_rows"/>
    <testcase time="0.0420000000000016" classname="table_32" name="Table_32_generation_works_with_pruned_rows"/>
    <testcase time="0.110999999999997" classname="table_32" name="Table_32_generation_works_with_pruned_rows"/>
    <testcase time="0.0279999999999987" classname="table_32" name="Table_32_generation_works_with_pruned_rows">
      <skipped message="Reason: On CRAN ('test-table_32.R:37:3')"/>
    </testcase>
  </testsuite>
  <testsuite name="table_33" timestamp="2023-09-29T15:10:45Z" hostname="4fa96f28ac96" tests="12" skipped="3" failures="0" errors="0" time="1.075">
    <testcase time="0.0189999999999984" classname="table_33" name="Table_33_generation_works_with_default_values"/>
    <testcase time="0.213000000000001" classname="table_33" name="Table_33_generation_works_with_default_values"/>
    <testcase time="0.0919999999999987" classname="table_33" name="Table_33_generation_works_with_default_values"/>
    <testcase time="0.0280000000000058" classname="table_33" name="Table_33_generation_works_with_default_values">
      <skipped message="Reason: On CRAN ('test-table_33.R:8:3')"/>
    </testcase>
    <testcase time="0.0159999999999982" classname="table_33" name="Table_33_generation_works_with_custom_values"/>
    <testcase time="0.211999999999996" classname="table_33" name="Table_33_generation_works_with_custom_values"/>
    <testcase time="0.113" classname="table_33" name="Table_33_generation_works_with_custom_values"/>
    <testcase time="0.0350000000000037" classname="table_33" name="Table_33_generation_works_with_custom_values">
      <skipped message="Reason: On CRAN ('test-table_33.R:34:3')"/>
    </testcase>
    <testcase time="0.0150000000000006" classname="table_33" name="Table_33_generation_works_with_pruned_rows"/>
    <testcase time="0.213999999999999" classname="table_33" name="Table_33_generation_works_with_pruned_rows"/>
    <testcase time="0.0930000000000035" classname="table_33" name="Table_33_generation_works_with_pruned_rows"/>
    <testcase time="0.0249999999999986" classname="table_33" name="Table_33_generation_works_with_pruned_rows">
      <skipped message="Reason: On CRAN ('test-table_33.R:42:3')"/>
    </testcase>
  </testsuite>
  <testsuite name="table_34" timestamp="2023-09-29T15:10:46Z" hostname="4fa96f28ac96" tests="8" skipped="2" failures="0" errors="0" time="3.238">
    <testcase time="0.0240000000000009" classname="table_34" name="Table_34_generation_works_with_default_values"/>
    <testcase time="0.0319999999999965" classname="table_34" name="Table_34_generation_works_with_default_values"/>
    <testcase time="1.44" classname="table_34" name="Table_34_generation_works_with_default_values"/>
    <testcase time="0.177999999999997" classname="table_34" name="Table_34_generation_works_with_default_values">
      <skipped message="Reason: On CRAN ('test-table_34.R:17:3')"/>
    </testcase>
    <testcase time="0.0150000000000006" classname="table_34" name="Table_34_generation_works_with_custom_values"/>
    <testcase time="0.0350000000000037" classname="table_34" name="Table_34_generation_works_with_custom_values"/>
    <testcase time="1.436" classname="table_34" name="Table_34_generation_works_with_custom_values"/>
    <testcase time="0.0779999999999959" classname="table_34" name="Table_34_generation_works_with_custom_values">
      <skipped message="Reason: On CRAN ('test-table_34.R:49:3')"/>
    </testcase>
  </testsuite>
</testsuites>
