<?xml version="1.0" encoding="UTF-8"?>
<testsuites>
  <testsuite name="table_02" timestamp="2023-07-05T13:08:57Z" hostname="826e0d5d6117" tests="9" skipped="3" failures="0" errors="0" time="1.576">
    <testcase time="0.0509999999999997" classname="table_02" name="Table_02_generation_works_with_default_values"/>
    <testcase time="0.525" classname="table_02" name="Table_02_generation_works_with_default_values"/>
    <testcase time="0.192" classname="table_02" name="Table_02_generation_works_with_default_values">
      <skipped message="Reason: On CRAN ('test-table_02.R:16:3')"/>
    </testcase>
    <testcase time="0.0860000000000003" classname="table_02" name="Table_02_generation_works_with_custom_values"/>
    <testcase time="0.358" classname="table_02" name="Table_02_generation_works_with_custom_values"/>
    <testcase time="0.191" classname="table_02" name="Table_02_generation_works_with_custom_values">
      <skipped message="Reason: On CRAN ('test-table_02.R:45:3')"/>
    </testcase>
    <testcase time="0.0469999999999997" classname="table_02" name="Table_02_generation_works_with_some_NA_values"/>
    <testcase time="0.0830000000000002" classname="table_02" name="Table_02_generation_works_with_some_NA_values"/>
    <testcase time="0.0430000000000001" classname="table_02" name="Table_02_generation_works_with_some_NA_values">
      <skipped message="Reason: On CRAN ('test-table_02.R:57:3')"/>
    </testcase>
  </testsuite>
  <testsuite name="table_05" timestamp="2023-07-05T13:08:59Z" hostname="826e0d5d6117" tests="9" skipped="3" failures="0" errors="0" time="1.025">
    <testcase time="0.168" classname="table_05" name="Table_05_generation_works_with_default_values"/>
    <testcase time="0.246" classname="table_05" name="Table_05_generation_works_with_default_values"/>
    <testcase time="0.0629999999999997" classname="table_05" name="Table_05_generation_works_with_default_values">
      <skipped message="Reason: On CRAN ('test-table_05.R:10:3')"/>
    </testcase>
    <testcase time="0.0150000000000006" classname="table_05" name="Table_05_generation_works_with_custom_values"/>
    <testcase time="0.221" classname="table_05" name="Table_05_generation_works_with_custom_values"/>
    <testcase time="0.0729999999999995" classname="table_05" name="Table_05_generation_works_with_custom_values">
      <skipped message="Reason: On CRAN ('test-table_05.R:34:3')"/>
    </testcase>
    <testcase time="0.016" classname="table_05" name="Table_05_generation_works_with_NA_values_pruned_rows"/>
    <testcase time="0.16" classname="table_05" name="Table_05_generation_works_with_NA_values_pruned_rows"/>
    <testcase time="0.0629999999999997" classname="table_05" name="Table_05_generation_works_with_NA_values_pruned_rows">
      <skipped message="Reason: On CRAN ('test-table_05.R:44:3')"/>
    </testcase>
  </testsuite>
  <testsuite name="table_06" timestamp="2023-07-05T13:09:00Z" hostname="826e0d5d6117" tests="10" skipped="2" failures="0" errors="0" time="1.304">
    <testcase time="0.0300000000000002" classname="table_06" name="Table_06_generation_works_with_default_values"/>
    <testcase time="0.00100000000000033" classname="table_06" name="Table_06_generation_works_with_default_values"/>
    <testcase time="0.0469999999999997" classname="table_06" name="Table_06_generation_works_with_default_values"/>
    <testcase time="0.344" classname="table_06" name="Table_06_generation_works_with_default_values"/>
    <testcase time="0.0869999999999997" classname="table_06" name="Table_06_generation_works_with_default_values">
      <skipped message="Reason: On CRAN ('test-table_06.R:8:3')"/>
    </testcase>
    <testcase time="0.0140000000000002" classname="table_06" name="Table_06_generation_works_with_custom_values"/>
    <testcase time="0.000999999999999446" classname="table_06" name="Table_06_generation_works_with_custom_values"/>
    <testcase time="0.0460000000000003" classname="table_06" name="Table_06_generation_works_with_custom_values"/>
    <testcase time="0.45" classname="table_06" name="Table_06_generation_works_with_custom_values"/>
    <testcase time="0.284" classname="table_06" name="Table_06_generation_works_with_custom_values">
      <skipped message="Reason: On CRAN ('test-table_06.R:40:3')"/>
    </testcase>
  </testsuite>
  <testsuite name="table_07" timestamp="2023-07-05T13:09:01Z" hostname="826e0d5d6117" tests="18" skipped="3" failures="0" errors="0" time="1.361">
    <testcase time="0.0209999999999999" classname="table_07" name="Table_07_generation_works_with_default_values"/>
    <testcase time="0.00100000000000033" classname="table_07" name="Table_07_generation_works_with_default_values"/>
    <testcase time="0.00100000000000033" classname="table_07" name="Table_07_generation_works_with_default_values"/>
    <testcase time="0.0309999999999997" classname="table_07" name="Table_07_generation_works_with_default_values"/>
    <testcase time="0.278" classname="table_07" name="Table_07_generation_works_with_default_values"/>
    <testcase time="0.101" classname="table_07" name="Table_07_generation_works_with_default_values">
      <skipped message="Reason: On CRAN ('test-table_07.R:13:3')"/>
    </testcase>
    <testcase time="0.0140000000000002" classname="table_07" name="Table_07_generation_works_with_custom_values"/>
    <testcase time="0.00100000000000033" classname="table_07" name="Table_07_generation_works_with_custom_values"/>
    <testcase time="0.000999999999999446" classname="table_07" name="Table_07_generation_works_with_custom_values"/>
    <testcase time="0.0300000000000002" classname="table_07" name="Table_07_generation_works_with_custom_values"/>
    <testcase time="0.359999999999999" classname="table_07" name="Table_07_generation_works_with_custom_values"/>
    <testcase time="0.125" classname="table_07" name="Table_07_generation_works_with_custom_values">
      <skipped message="Reason: On CRAN ('test-table_07.R:42:3')"/>
    </testcase>
    <testcase time="0.0140000000000002" classname="table_07" name="Table_07_generation_works_with_NA_values_pruned_rows"/>
    <testcase time="0.00100000000000033" classname="table_07" name="Table_07_generation_works_with_NA_values_pruned_rows"/>
    <testcase time="0.000999999999999446" classname="table_07" name="Table_07_generation_works_with_NA_values_pruned_rows"/>
    <testcase time="0.0310000000000006" classname="table_07" name="Table_07_generation_works_with_NA_values_pruned_rows"/>
    <testcase time="0.246" classname="table_07" name="Table_07_generation_works_with_NA_values_pruned_rows"/>
    <testcase time="0.104" classname="table_07" name="Table_07_generation_works_with_NA_values_pruned_rows">
      <skipped message="Reason: On CRAN ('test-table_07.R:52:3')"/>
    </testcase>
  </testsuite>
  <testsuite name="table_08" timestamp="2023-07-05T13:09:03Z" hostname="826e0d5d6117" tests="8" skipped="2" failures="0" errors="0" time="0.345">
    <testcase time="0.0190000000000001" classname="table_08" name="Table_08_generation_works_with_default_values"/>
    <testcase time="0.00100000000000033" classname="table_08" name="Table_08_generation_works_with_default_values"/>
    <testcase time="0.0389999999999997" classname="table_08" name="Table_08_generation_works_with_default_values"/>
    <testcase time="0.0990000000000002" classname="table_08" name="Table_08_generation_works_with_default_values">
      <skipped message="Reason: On CRAN ('test-table_08.R:10:3')"/>
    </testcase>
    <testcase time="0.0149999999999997" classname="table_08" name="Table_08_generation_works_with_custom_values"/>
    <testcase time="0.00100000000000033" classname="table_08" name="Table_08_generation_works_with_custom_values"/>
    <testcase time="0.0389999999999997" classname="table_08" name="Table_08_generation_works_with_custom_values"/>
    <testcase time="0.132" classname="table_08" name="Table_08_generation_works_with_custom_values">
      <skipped message="Reason: On CRAN ('test-table_08.R:31:3')"/>
    </testcase>
  </testsuite>
  <testsuite name="table_09" timestamp="2023-07-05T13:09:03Z" hostname="826e0d5d6117" tests="8" skipped="2" failures="0" errors="0" time="0.735">
    <testcase time="0.0180000000000007" classname="table_09" name="Table_09_generation_works_with_default_values"/>
    <testcase time="0.0309999999999988" classname="table_09" name="Table_09_generation_works_with_default_values"/>
    <testcase time="0.225000000000001" classname="table_09" name="Table_09_generation_works_with_default_values"/>
    <testcase time="0.0709999999999997" classname="table_09" name="Table_09_generation_works_with_default_values">
      <skipped message="Reason: On CRAN ('test-table_09.R:8:3')"/>
    </testcase>
    <testcase time="0.0139999999999993" classname="table_09" name="Table_09_generation_works_with_custom_values"/>
    <testcase time="0.0310000000000006" classname="table_09" name="Table_09_generation_works_with_custom_values"/>
    <testcase time="0.283999999999999" classname="table_09" name="Table_09_generation_works_with_custom_values"/>
    <testcase time="0.0610000000000017" classname="table_09" name="Table_09_generation_works_with_custom_values">
      <skipped message="Reason: On CRAN ('test-table_09.R:39:3')"/>
    </testcase>
  </testsuite>
  <testsuite name="table_13" timestamp="2023-07-05T13:09:04Z" hostname="826e0d5d6117" tests="8" skipped="2" failures="0" errors="0" time="0.427">
    <testcase time="0.0189999999999984" classname="table_13" name="Table_13_generation_works_with_default_values"/>
    <testcase time="0.0390000000000015" classname="table_13" name="Table_13_generation_works_with_default_values"/>
    <testcase time="0.101999999999999" classname="table_13" name="Table_13_generation_works_with_default_values"/>
    <testcase time="0.0540000000000003" classname="table_13" name="Table_13_generation_works_with_default_values">
      <skipped message="Reason: On CRAN ('test-table_13.R:8:3')"/>
    </testcase>
    <testcase time="0.0140000000000011" classname="table_13" name="Table_13_generation_works_with_custom_values"/>
    <testcase time="0.0399999999999991" classname="table_13" name="Table_13_generation_works_with_custom_values"/>
    <testcase time="0.119" classname="table_13" name="Table_13_generation_works_with_custom_values"/>
    <testcase time="0.0400000000000009" classname="table_13" name="Table_13_generation_works_with_custom_values">
      <skipped message="Reason: On CRAN ('test-table_13.R:38:3')"/>
    </testcase>
  </testsuite>
  <testsuite name="table_14" timestamp="2023-07-05T13:09:04Z" hostname="826e0d5d6117" tests="10" skipped="3" failures="0" errors="0" time="1.773">
    <testcase time="0.0269999999999992" classname="table_14" name="Table_14_generation_works_with_default_values"/>
    <testcase time="0.441000000000001" classname="table_14" name="Table_14_generation_works_with_default_values"/>
    <testcase time="0.118" classname="table_14" name="Table_14_generation_works_with_default_values">
      <skipped message="Reason: On CRAN ('test-table_14.R:16:3')"/>
    </testcase>
    <testcase time="0.0139999999999993" classname="table_14" name="Table_14_generation_works_with_custom_values"/>
    <testcase time="0.0399999999999991" classname="table_14" name="Table_14_generation_works_with_custom_values"/>
    <testcase time="0.462000000000002" classname="table_14" name="Table_14_generation_works_with_custom_values"/>
    <testcase time="0.122" classname="table_14" name="Table_14_generation_works_with_custom_values">
      <skipped message="Reason: On CRAN ('test-table_14.R:46:3')"/>
    </testcase>
    <testcase time="0.0139999999999993" classname="table_14" name="Table_14_generation_works_with_NA_values_pruned_rows"/>
    <testcase time="0.442" classname="table_14" name="Table_14_generation_works_with_NA_values_pruned_rows"/>
    <testcase time="0.093" classname="table_14" name="Table_14_generation_works_with_NA_values_pruned_rows">
      <skipped message="Reason: On CRAN ('test-table_14.R:53:3')"/>
    </testcase>
  </testsuite>
  <testsuite name="table_20" timestamp="2023-07-05T13:09:06Z" hostname="826e0d5d6117" tests="18" skipped="3" failures="0" errors="0" time="1.458">
    <testcase time="0.0220000000000002" classname="table_20" name="Table_20_generation_works_with_default_values"/>
    <testcase time="0.000999999999999446" classname="table_20" name="Table_20_generation_works_with_default_values"/>
    <testcase time="0.000999999999999446" classname="table_20" name="Table_20_generation_works_with_default_values"/>
    <testcase time="0.0340000000000007" classname="table_20" name="Table_20_generation_works_with_default_values"/>
    <testcase time="0.302" classname="table_20" name="Table_20_generation_works_with_default_values"/>
    <testcase time="0.072000000000001" classname="table_20" name="Table_20_generation_works_with_default_values">
      <skipped message="Reason: On CRAN ('test-table_20.R:17:3')"/>
    </testcase>
    <testcase time="0.0139999999999993" classname="table_20" name="Table_20_generation_works_with_custom_values"/>
    <testcase time="0.000999999999999446" classname="table_20" name="Table_20_generation_works_with_custom_values"/>
    <testcase time="0.00100000000000122" classname="table_20" name="Table_20_generation_works_with_custom_values"/>
    <testcase time="0.0350000000000001" classname="table_20" name="Table_20_generation_works_with_custom_values"/>
    <testcase time="0.465" classname="table_20" name="Table_20_generation_works_with_custom_values"/>
    <testcase time="0.0990000000000002" classname="table_20" name="Table_20_generation_works_with_custom_values">
      <skipped message="Reason: On CRAN ('test-table_20.R:65:3')"/>
    </testcase>
    <testcase time="0.0149999999999988" classname="table_20" name="Table_20_generation_works_with_missing_values_pruned_rows"/>
    <testcase time="0.00100000000000122" classname="table_20" name="Table_20_generation_works_with_missing_values_pruned_rows"/>
    <testcase time="0.000999999999999446" classname="table_20" name="Table_20_generation_works_with_missing_values_pruned_rows"/>
    <testcase time="0.0340000000000007" classname="table_20" name="Table_20_generation_works_with_missing_values_pruned_rows"/>
    <testcase time="0.289999999999999" classname="table_20" name="Table_20_generation_works_with_missing_values_pruned_rows"/>
    <testcase time="0.0700000000000003" classname="table_20" name="Table_20_generation_works_with_missing_values_pruned_rows">
      <skipped message="Reason: On CRAN ('test-table_20.R:74:3')"/>
    </testcase>
  </testsuite>
  <testsuite name="table_32" timestamp="2023-07-05T13:09:07Z" hostname="826e0d5d6117" tests="12" skipped="3" failures="0" errors="0" time="0.624">
    <testcase time="0.0190000000000001" classname="table_32" name="Table_32_generation_works_with_default_values"/>
    <testcase time="0.0589999999999993" classname="table_32" name="Table_32_generation_works_with_default_values"/>
    <testcase time="0.093" classname="table_32" name="Table_32_generation_works_with_default_values"/>
    <testcase time="0.0389999999999997" classname="table_32" name="Table_32_generation_works_with_default_values">
      <skipped message="Reason: On CRAN ('test-table_32.R:8:3')"/>
    </testcase>
    <testcase time="0.0140000000000011" classname="table_32" name="Table_32_generation_works_with_custom_values"/>
    <testcase time="0.0419999999999998" classname="table_32" name="Table_32_generation_works_with_custom_values"/>
    <testcase time="0.122999999999999" classname="table_32" name="Table_32_generation_works_with_custom_values"/>
    <testcase time="0.0449999999999999" classname="table_32" name="Table_32_generation_works_with_custom_values">
      <skipped message="Reason: On CRAN ('test-table_32.R:30:3')"/>
    </testcase>
    <testcase time="0.0150000000000006" classname="table_32" name="Table_32_generation_works_with_pruned_rows"/>
    <testcase time="0.0419999999999998" classname="table_32" name="Table_32_generation_works_with_pruned_rows"/>
    <testcase time="0.103999999999999" classname="table_32" name="Table_32_generation_works_with_pruned_rows"/>
    <testcase time="0.0290000000000017" classname="table_32" name="Table_32_generation_works_with_pruned_rows">
      <skipped message="Reason: On CRAN ('test-table_32.R:37:3')"/>
    </testcase>
  </testsuite>
  <testsuite name="table_33" timestamp="2023-07-05T13:09:08Z" hostname="826e0d5d6117" tests="12" skipped="3" failures="0" errors="0" time="1.047">
    <testcase time="0.0179999999999989" classname="table_33" name="Table_33_generation_works_with_default_values"/>
    <testcase time="0.215" classname="table_33" name="Table_33_generation_works_with_default_values"/>
    <testcase time="0.0750000000000011" classname="table_33" name="Table_33_generation_works_with_default_values"/>
    <testcase time="0.0289999999999999" classname="table_33" name="Table_33_generation_works_with_default_values">
      <skipped message="Reason: On CRAN ('test-table_33.R:8:3')"/>
    </testcase>
    <testcase time="0.0149999999999988" classname="table_33" name="Table_33_generation_works_with_custom_values"/>
    <testcase time="0.214" classname="table_33" name="Table_33_generation_works_with_custom_values"/>
    <testcase time="0.0939999999999994" classname="table_33" name="Table_33_generation_works_with_custom_values"/>
    <testcase time="0.0540000000000003" classname="table_33" name="Table_33_generation_works_with_custom_values">
      <skipped message="Reason: On CRAN ('test-table_33.R:34:3')"/>
    </testcase>
    <testcase time="0.016" classname="table_33" name="Table_33_generation_works_with_pruned_rows"/>
    <testcase time="0.210000000000001" classname="table_33" name="Table_33_generation_works_with_pruned_rows"/>
    <testcase time="0.081999999999999" classname="table_33" name="Table_33_generation_works_with_pruned_rows"/>
    <testcase time="0.0250000000000004" classname="table_33" name="Table_33_generation_works_with_pruned_rows">
      <skipped message="Reason: On CRAN ('test-table_33.R:42:3')"/>
    </testcase>
  </testsuite>
</testsuites>
