<?xml version="1.0" encoding="UTF-8"?>
<testsuites>
  <testsuite name="table_02" timestamp="2023-11-28T13:10:21Z" hostname="f5f3b0641e66" tests="30" skipped="10" failures="0" errors="0" time="11.35">
    <testcase time="0.0470000000000002" classname="table_02" name="Table_02_generation_works_with_default_values"/>
    <testcase time="0.382" classname="table_02" name="Table_02_generation_works_with_default_values"/>
    <testcase time="0.169" classname="table_02" name="Table_02_generation_works_with_default_values">
      <skipped message="Reason: On CRAN ('test-table_02.R:16:3')"/>
    </testcase>
    <testcase time="0.0539999999999998" classname="table_02" name="Table_02_generation_works_with_custom_values"/>
    <testcase time="0.278" classname="table_02" name="Table_02_generation_works_with_custom_values"/>
    <testcase time="0.172" classname="table_02" name="Table_02_generation_works_with_custom_values">
      <skipped message="Reason: On CRAN ('test-table_02.R:45:3')"/>
    </testcase>
    <testcase time="0.0429999999999997" classname="table_02" name="Table_02_generation_works_with_some_NA_values"/>
    <testcase time="0.0680000000000001" classname="table_02" name="Table_02_generation_works_with_some_NA_values"/>
    <testcase time="0.0409999999999999" classname="table_02" name="Table_02_generation_works_with_some_NA_values">
      <skipped message="Reason: On CRAN ('test-table_02.R:57:3')"/>
    </testcase>
    <testcase time="0.0140000000000002" classname="table_02" name="Table_02_generation_tplyr_works_with_default_values"/>
    <testcase time="1.186" classname="table_02" name="Table_02_generation_tplyr_works_with_default_values"/>
    <testcase time="0.024" classname="table_02" name="Table_02_generation_tplyr_works_with_default_values">
      <skipped message="Reason: On CRAN ('test-table_02.R:66:3')"/>
    </testcase>
    <testcase time="0.0140000000000002" classname="table_02" name="Table_02_generation_tplyr_works_with_tplyr_raw_TRUE"/>
    <testcase time="0.774999999999999" classname="table_02" name="Table_02_generation_tplyr_works_with_tplyr_raw_TRUE"/>
    <testcase time="0.0180000000000007" classname="table_02" name="Table_02_generation_tplyr_works_with_tplyr_raw_TRUE">
      <skipped message="Reason: On CRAN ('test-table_02.R:75:3')"/>
    </testcase>
    <testcase time="0.0329999999999995" classname="table_02" name="Table_02_generation_tplyr_works_with_custom_values"/>
    <testcase time="1.144" classname="table_02" name="Table_02_generation_tplyr_works_with_custom_values"/>
    <testcase time="0.016" classname="table_02" name="Table_02_generation_tplyr_works_with_custom_values">
      <skipped message="Reason: On CRAN ('test-table_02.R:102:3')"/>
    </testcase>
    <testcase time="0.0270000000000001" classname="table_02" name="Table_02_generation_tplyr_works_with_some_NA_values"/>
    <testcase time="0.473" classname="table_02" name="Table_02_generation_tplyr_works_with_some_NA_values"/>
    <testcase time="0.0149999999999997" classname="table_02" name="Table_02_generation_tplyr_works_with_some_NA_values">
      <skipped message="Reason: On CRAN ('test-table_02.R:119:3')"/>
    </testcase>
    <testcase time="0.0150000000000006" classname="table_02" name="Table_02_generation_gtsum_works_with_default_values"/>
    <testcase time="2.453" classname="table_02" name="Table_02_generation_gtsum_works_with_default_values"/>
    <testcase time="0.00600000000000023" classname="table_02" name="Table_02_generation_gtsum_works_with_default_values">
      <skipped message="Reason: On CRAN ('test-table_02.R:128:3')"/>
    </testcase>
    <testcase time="0.0389999999999997" classname="table_02" name="Table_02_generation_gtsum_works_with_custom_values"/>
    <testcase time="2.665" classname="table_02" name="Table_02_generation_gtsum_works_with_custom_values"/>
    <testcase time="0.00600000000000023" classname="table_02" name="Table_02_generation_gtsum_works_with_custom_values">
      <skipped message="Reason: On CRAN ('test-table_02.R:146:3')"/>
    </testcase>
    <testcase time="0.0280000000000005" classname="table_02" name="Table_02_generation_gtsum_works_with_some_NA_values"/>
    <testcase time="1.139" classname="table_02" name="Table_02_generation_gtsum_works_with_some_NA_values"/>
    <testcase time="0.00600000000000023" classname="table_02" name="Table_02_generation_gtsum_works_with_some_NA_values">
      <skipped message="Reason: On CRAN ('test-table_02.R:160:3')"/>
    </testcase>
  </testsuite>
  <testsuite name="table_03" timestamp="2023-11-28T13:10:33Z" hostname="f5f3b0641e66" tests="8" skipped="2" failures="0" errors="0" time="0.608">
    <testcase time="0.027000000000001" classname="table_03" name="Table_3_generation_works_with_default_values"/>
    <testcase time="0.000999999999999446" classname="table_03" name="Table_3_generation_works_with_default_values"/>
    <testcase time="0.241" classname="table_03" name="Table_3_generation_works_with_default_values"/>
    <testcase time="0.0419999999999998" classname="table_03" name="Table_3_generation_works_with_default_values">
      <skipped message="Reason: On CRAN ('test-table_03.R:21:3')"/>
    </testcase>
    <testcase time="0.0140000000000011" classname="table_03" name="Table_3_generation_works_with_custom_values"/>
    <testcase time="0.000999999999999446" classname="table_03" name="Table_3_generation_works_with_custom_values"/>
    <testcase time="0.231" classname="table_03" name="Table_3_generation_works_with_custom_values"/>
    <testcase time="0.0510000000000002" classname="table_03" name="Table_3_generation_works_with_custom_values">
      <skipped message="Reason: On CRAN ('test-table_03.R:41:3')"/>
    </testcase>
  </testsuite>
  <testsuite name="table_04" timestamp="2023-11-28T13:10:33Z" hostname="f5f3b0641e66" tests="9" skipped="2" failures="0" errors="0" time="0.61">
    <testcase time="0.032" classname="table_04" name="Table_04_generation_works_with_default_values"/>
    <testcase time="0.211" classname="table_04" name="Table_04_generation_works_with_default_values"/>
    <testcase time="0.0700000000000003" classname="table_04" name="Table_04_generation_works_with_default_values">
      <skipped message="Reason: On CRAN ('test-table_04.R:18:3')"/>
    </testcase>
    <testcase time="0.0139999999999993" classname="table_04" name="Table_04_generation_works_with_custom_values"/>
    <testcase time="0.000999999999999446" classname="table_04" name="Table_04_generation_works_with_custom_values"/>
    <testcase time="0.00100000000000122" classname="table_04" name="Table_04_generation_works_with_custom_values"/>
    <testcase time="0.000999999999999446" classname="table_04" name="Table_04_generation_works_with_custom_values"/>
    <testcase time="0.222" classname="table_04" name="Table_04_generation_works_with_custom_values"/>
    <testcase time="0.0579999999999998" classname="table_04" name="Table_04_generation_works_with_custom_values">
      <skipped message="Reason: On CRAN ('test-table_04.R:46:3')"/>
    </testcase>
  </testsuite>
  <testsuite name="table_05" timestamp="2023-11-28T13:10:34Z" hostname="f5f3b0641e66" tests="12" skipped="4" failures="0" errors="0" time="1.036">
    <testcase time="0.134" classname="table_05" name="Table_05_generation_works_with_default_values"/>
    <testcase time="0.157999999999999" classname="table_05" name="Table_05_generation_works_with_default_values"/>
    <testcase time="0.0520000000000014" classname="table_05" name="Table_05_generation_works_with_default_values">
      <skipped message="Reason: On CRAN ('test-table_05.R:10:3')"/>
    </testcase>
    <testcase time="0.0129999999999999" classname="table_05" name="Table_05_generation_works_with_custom_values"/>
    <testcase time="0.164999999999999" classname="table_05" name="Table_05_generation_works_with_custom_values"/>
    <testcase time="0.0619999999999994" classname="table_05" name="Table_05_generation_works_with_custom_values">
      <skipped message="Reason: On CRAN ('test-table_05.R:34:3')"/>
    </testcase>
    <testcase time="0.0150000000000006" classname="table_05" name="Table_05_generation_works_with_NA_values_pruned_rows"/>
    <testcase time="0.140000000000001" classname="table_05" name="Table_05_generation_works_with_NA_values_pruned_rows"/>
    <testcase time="0.0579999999999998" classname="table_05" name="Table_05_generation_works_with_NA_values_pruned_rows">
      <skipped message="Reason: On CRAN ('test-table_05.R:44:3')"/>
    </testcase>
    <testcase time="0.0139999999999993" classname="table_05" name="Table_05_generation_works_with_risk_difference_column"/>
    <testcase time="0.165000000000001" classname="table_05" name="Table_05_generation_works_with_risk_difference_column"/>
    <testcase time="0.0599999999999987" classname="table_05" name="Table_05_generation_works_with_risk_difference_column">
      <skipped message="Reason: On CRAN ('test-table_05.R:57:3')"/>
    </testcase>
  </testsuite>
  <testsuite name="table_06" timestamp="2023-11-28T13:10:35Z" hostname="f5f3b0641e66" tests="15" skipped="3" failures="0" errors="0" time="1.568">
    <testcase time="0.0170000000000012" classname="table_06" name="Table_06_generation_works_with_default_values"/>
    <testcase time="0.00199999999999889" classname="table_06" name="Table_06_generation_works_with_default_values"/>
    <testcase time="0.0380000000000003" classname="table_06" name="Table_06_generation_works_with_default_values"/>
    <testcase time="0.312999999999999" classname="table_06" name="Table_06_generation_works_with_default_values"/>
    <testcase time="0.0680000000000014" classname="table_06" name="Table_06_generation_works_with_default_values">
      <skipped message="Reason: On CRAN ('test-table_06.R:8:3')"/>
    </testcase>
    <testcase time="0.0199999999999996" classname="table_06" name="Table_06_generation_works_with_custom_values"/>
    <testcase time="0.000999999999997669" classname="table_06" name="Table_06_generation_works_with_custom_values"/>
    <testcase time="0.0360000000000014" classname="table_06" name="Table_06_generation_works_with_custom_values"/>
    <testcase time="0.423000000000002" classname="table_06" name="Table_06_generation_works_with_custom_values"/>
    <testcase time="0.0960000000000001" classname="table_06" name="Table_06_generation_works_with_custom_values">
      <skipped message="Reason: On CRAN ('test-table_06.R:40:3')"/>
    </testcase>
    <testcase time="0.0139999999999993" classname="table_06" name="Table_06_generation_works_with_risk_difference_column"/>
    <testcase time="0.000999999999997669" classname="table_06" name="Table_06_generation_works_with_risk_difference_column"/>
    <testcase time="0.0370000000000026" classname="table_06" name="Table_06_generation_works_with_risk_difference_column"/>
    <testcase time="0.422999999999998" classname="table_06" name="Table_06_generation_works_with_risk_difference_column"/>
    <testcase time="0.0790000000000006" classname="table_06" name="Table_06_generation_works_with_risk_difference_column">
      <skipped message="Reason: On CRAN ('test-table_06.R:48:3')"/>
    </testcase>
  </testsuite>
  <testsuite name="table_07" timestamp="2023-11-28T13:10:37Z" hostname="f5f3b0641e66" tests="24" skipped="4" failures="0" errors="0" time="1.681">
    <testcase time="0.0210000000000008" classname="table_07" name="Table_07_generation_works_with_default_values"/>
    <testcase time="0.000999999999997669" classname="table_07" name="Table_07_generation_works_with_default_values"/>
    <testcase time="0.00600000000000023" classname="table_07" name="Table_07_generation_works_with_default_values"/>
    <testcase time="0.0289999999999999" classname="table_07" name="Table_07_generation_works_with_default_values"/>
    <testcase time="0.23" classname="table_07" name="Table_07_generation_works_with_default_values"/>
    <testcase time="0.0910000000000011" classname="table_07" name="Table_07_generation_works_with_default_values">
      <skipped message="Reason: On CRAN ('test-table_07.R:13:3')"/>
    </testcase>
    <testcase time="0.0139999999999993" classname="table_07" name="Table_07_generation_works_with_custom_values"/>
    <testcase time="0.00100000000000122" classname="table_07" name="Table_07_generation_works_with_custom_values"/>
    <testcase time="0.000999999999997669" classname="table_07" name="Table_07_generation_works_with_custom_values"/>
    <testcase time="0.0260000000000034" classname="table_07" name="Table_07_generation_works_with_custom_values"/>
    <testcase time="0.334" classname="table_07" name="Table_07_generation_works_with_custom_values"/>
    <testcase time="0.107999999999997" classname="table_07" name="Table_07_generation_works_with_custom_values">
      <skipped message="Reason: On CRAN ('test-table_07.R:42:3')"/>
    </testcase>
    <testcase time="0.0210000000000008" classname="table_07" name="Table_07_generation_works_with_NA_values_pruned_rows"/>
    <testcase time="0.00100000000000122" classname="table_07" name="Table_07_generation_works_with_NA_values_pruned_rows"/>
    <testcase time="0.00199999999999889" classname="table_07" name="Table_07_generation_works_with_NA_values_pruned_rows"/>
    <testcase time="0.027000000000001" classname="table_07" name="Table_07_generation_works_with_NA_values_pruned_rows"/>
    <testcase time="0.236000000000001" classname="table_07" name="Table_07_generation_works_with_NA_values_pruned_rows"/>
    <testcase time="0.0969999999999978" classname="table_07" name="Table_07_generation_works_with_NA_values_pruned_rows">
      <skipped message="Reason: On CRAN ('test-table_07.R:52:3')"/>
    </testcase>
    <testcase time="0.0150000000000006" classname="table_07" name="Table_07_generation_works_with_risk_difference_column"/>
    <testcase time="0.00100000000000122" classname="table_07" name="Table_07_generation_works_with_risk_difference_column"/>
    <testcase time="0.00100000000000122" classname="table_07" name="Table_07_generation_works_with_risk_difference_column"/>
    <testcase time="0.0259999999999998" classname="table_07" name="Table_07_generation_works_with_risk_difference_column"/>
    <testcase time="0.295999999999999" classname="table_07" name="Table_07_generation_works_with_risk_difference_column"/>
    <testcase time="0.0960000000000001" classname="table_07" name="Table_07_generation_works_with_risk_difference_column">
      <skipped message="Reason: On CRAN ('test-table_07.R:65:3')"/>
    </testcase>
  </testsuite>
  <testsuite name="table_08" timestamp="2023-11-28T13:10:38Z" hostname="f5f3b0641e66" tests="12" skipped="2" failures="0" errors="0" time="0.432">
    <testcase time="0.0189999999999984" classname="table_08" name="Table_08_generation_works_with_default_values"/>
    <testcase time="0.00100000000000122" classname="table_08" name="Table_08_generation_works_with_default_values"/>
    <testcase time="0.0350000000000001" classname="table_08" name="Table_08_generation_works_with_default_values"/>
    <testcase time="0.032" classname="table_08" name="Table_08_generation_works_with_default_values"/>
    <testcase time="0.0249999999999986" classname="table_08" name="Table_08_generation_works_with_default_values"/>
    <testcase time="0.088000000000001" classname="table_08" name="Table_08_generation_works_with_default_values">
      <skipped message="Reason: On CRAN ('test-table_08.R:10:3')"/>
    </testcase>
    <testcase time="0.0189999999999984" classname="table_08" name="Table_08_generation_works_with_custom_values"/>
    <testcase time="0.00200000000000244" classname="table_08" name="Table_08_generation_works_with_custom_values"/>
    <testcase time="0.0299999999999976" classname="table_08" name="Table_08_generation_works_with_custom_values"/>
    <testcase time="0.0330000000000013" classname="table_08" name="Table_08_generation_works_with_custom_values"/>
    <testcase time="0.0199999999999996" classname="table_08" name="Table_08_generation_works_with_custom_values"/>
    <testcase time="0.128" classname="table_08" name="Table_08_generation_works_with_custom_values">
      <skipped message="Reason: On CRAN ('test-table_08.R:31:3')"/>
    </testcase>
  </testsuite>
  <testsuite name="table_09" timestamp="2023-11-28T13:10:39Z" hostname="f5f3b0641e66" tests="16" skipped="5" failures="0" errors="0" time="1.415">
    <testcase time="0.0180000000000007" classname="table_09" name="Table_09_generation_works_with_default_values"/>
    <testcase time="0.027000000000001" classname="table_09" name="Table_09_generation_works_with_default_values"/>
    <testcase time="0.219999999999999" classname="table_09" name="Table_09_generation_works_with_default_values"/>
    <testcase time="0.0530000000000008" classname="table_09" name="Table_09_generation_works_with_default_values">
      <skipped message="Reason: On CRAN ('test-table_09.R:8:3')"/>
    </testcase>
    <testcase time="0.0139999999999993" classname="table_09" name="Table_09_generation_works_with_custom_values"/>
    <testcase time="0.027000000000001" classname="table_09" name="Table_09_generation_works_with_custom_values"/>
    <testcase time="0.267999999999997" classname="table_09" name="Table_09_generation_works_with_custom_values"/>
    <testcase time="0.0600000000000023" classname="table_09" name="Table_09_generation_works_with_custom_values">
      <skipped message="Reason: On CRAN ('test-table_09.R:39:3')"/>
    </testcase>
    <testcase time="0.0139999999999993" classname="table_09" name="Table_09_gt_generation_works_with_risk_difference_column"/>
    <testcase time="0.027000000000001" classname="table_09" name="Table_09_gt_generation_works_with_risk_difference_column"/>
    <testcase time="0.292999999999999" classname="table_09" name="Table_09_gt_generation_works_with_risk_difference_column"/>
    <testcase time="0.0530000000000008" classname="table_09" name="Table_09_gt_generation_works_with_risk_difference_column">
      <skipped message="Reason: On CRAN ('test-table_09.R:47:3')"/>
    </testcase>
    <testcase time="0.0139999999999993" classname="table_09" name="Table_09_gt_generation_works_with_default_values"/>
    <testcase time="0.123000000000001" classname="table_09" name="Table_09_gt_generation_works_with_default_values">
      <skipped message="Reason: On CRAN ('test-table_09.R:60:3')"/>
    </testcase>
    <testcase time="0.0139999999999993" classname="table_09" name="Table_09_gt_generation_works_with_custom_values"/>
    <testcase time="0.189999999999998" classname="table_09" name="Table_09_gt_generation_works_with_custom_values">
      <skipped message="Reason: On CRAN ('test-table_09.R:88:3')"/>
    </testcase>
  </testsuite>
  <testsuite name="table_10" timestamp="2023-11-28T13:10:40Z" hostname="f5f3b0641e66" tests="15" skipped="3" failures="0" errors="0" time="1.241">
    <testcase time="0.022000000000002" classname="table_10" name="Table_10_generation_works_with_default_values"/>
    <testcase time="0.000999999999997669" classname="table_10" name="Table_10_generation_works_with_default_values"/>
    <testcase time="0.0280000000000022" classname="table_10" name="Table_10_generation_works_with_default_values"/>
    <testcase time="0.265999999999998" classname="table_10" name="Table_10_generation_works_with_default_values"/>
    <testcase time="0.0950000000000024" classname="table_10" name="Table_10_generation_works_with_default_values">
      <skipped message="Reason: On CRAN ('test-table_10.R:17:3')"/>
    </testcase>
    <testcase time="0.0150000000000006" classname="table_10" name="Table_10_generation_works_with_custom_values"/>
    <testcase time="0.000999999999997669" classname="table_10" name="Table_10_generation_works_with_custom_values"/>
    <testcase time="0.0250000000000021" classname="table_10" name="Table_10_generation_works_with_custom_values"/>
    <testcase time="0.263999999999999" classname="table_10" name="Table_10_generation_works_with_custom_values"/>
    <testcase time="0.041999999999998" classname="table_10" name="Table_10_generation_works_with_custom_values">
      <skipped message="Reason: On CRAN ('test-table_10.R:52:3')"/>
    </testcase>
    <testcase time="0.0139999999999993" classname="table_10" name="Table_10_generation_works_with_risk_difference_column"/>
    <testcase time="0.00200000000000244" classname="table_10" name="Table_10_generation_works_with_risk_difference_column"/>
    <testcase time="0.0279999999999987" classname="table_10" name="Table_10_generation_works_with_risk_difference_column"/>
    <testcase time="0.333000000000002" classname="table_10" name="Table_10_generation_works_with_risk_difference_column"/>
    <testcase time="0.104999999999997" classname="table_10" name="Table_10_generation_works_with_risk_difference_column">
      <skipped message="Reason: On CRAN ('test-table_10.R:60:3')"/>
    </testcase>
  </testsuite>
  <testsuite name="table_11" timestamp="2023-11-28T13:10:41Z" hostname="f5f3b0641e66" tests="12" skipped="3" failures="0" errors="0" time="1.911">
    <testcase time="0.022000000000002" classname="table_11" name="Table_11_generation_works_with_default_values"/>
    <testcase time="0.0330000000000013" classname="table_11" name="Table_11_generation_works_with_default_values"/>
    <testcase time="0.456" classname="table_11" name="Table_11_generation_works_with_default_values"/>
    <testcase time="0.102999999999998" classname="table_11" name="Table_11_generation_works_with_default_values">
      <skipped message="Reason: On CRAN ('test-table_11.R:18:3')"/>
    </testcase>
    <testcase time="0.0180000000000007" classname="table_11" name="Table_11_generation_works_with_custom_values"/>
    <testcase time="0.0289999999999999" classname="table_11" name="Table_11_generation_works_with_custom_values"/>
    <testcase time="0.417000000000002" classname="table_11" name="Table_11_generation_works_with_custom_values"/>
    <testcase time="0.0599999999999987" classname="table_11" name="Table_11_generation_works_with_custom_values">
      <skipped message="Reason: On CRAN ('test-table_11.R:48:3')"/>
    </testcase>
    <testcase time="0.0139999999999993" classname="table_11" name="Table_11_generation_works_with_risk_difference_column"/>
    <testcase time="0.0350000000000001" classname="table_11" name="Table_11_generation_works_with_risk_difference_column"/>
    <testcase time="0.600999999999999" classname="table_11" name="Table_11_generation_works_with_risk_difference_column"/>
    <testcase time="0.123000000000001" classname="table_11" name="Table_11_generation_works_with_risk_difference_column">
      <skipped message="Reason: On CRAN ('test-table_11.R:56:3')"/>
    </testcase>
  </testsuite>
  <testsuite name="table_12" timestamp="2023-11-28T13:10:43Z" hostname="f5f3b0641e66" tests="12" skipped="3" failures="0" errors="0" time="2.446">
    <testcase time="0.0190000000000019" classname="table_12" name="Table_12_generation_works_with_default_values"/>
    <testcase time="0.0339999999999989" classname="table_12" name="Table_12_generation_works_with_default_values"/>
    <testcase time="0.777000000000001" classname="table_12" name="Table_12_generation_works_with_default_values"/>
    <testcase time="0.0819999999999972" classname="table_12" name="Table_12_generation_works_with_default_values">
      <skipped message="Reason: On CRAN ('test-table_12.R:9:3')"/>
    </testcase>
    <testcase time="0.0140000000000029" classname="table_12" name="Table_12_generation_works_with_custom_values"/>
    <testcase time="0.0339999999999989" classname="table_12" name="Table_12_generation_works_with_custom_values"/>
    <testcase time="0.562999999999999" classname="table_12" name="Table_12_generation_works_with_custom_values"/>
    <testcase time="0.0820000000000007" classname="table_12" name="Table_12_generation_works_with_custom_values">
      <skipped message="Reason: On CRAN ('test-table_12.R:39:3')"/>
    </testcase>
    <testcase time="0.0139999999999993" classname="table_12" name="Table_12_generation_works_with_risk_difference_column"/>
    <testcase time="0.0339999999999989" classname="table_12" name="Table_12_generation_works_with_risk_difference_column"/>
    <testcase time="0.703000000000003" classname="table_12" name="Table_12_generation_works_with_risk_difference_column"/>
    <testcase time="0.0899999999999999" classname="table_12" name="Table_12_generation_works_with_risk_difference_column">
      <skipped message="Reason: On CRAN ('test-table_12.R:47:3')"/>
    </testcase>
  </testsuite>
  <testsuite name="table_13" timestamp="2023-11-28T13:10:46Z" hostname="f5f3b0641e66" tests="12" skipped="3" failures="0" errors="0" time="0.569">
    <testcase time="0.0169999999999995" classname="table_13" name="Table_13_generation_works_with_default_values"/>
    <testcase time="0.032" classname="table_13" name="Table_13_generation_works_with_default_values"/>
    <testcase time="0.0899999999999999" classname="table_13" name="Table_13_generation_works_with_default_values"/>
    <testcase time="0.0459999999999994" classname="table_13" name="Table_13_generation_works_with_default_values">
      <skipped message="Reason: On CRAN ('test-table_13.R:8:3')"/>
    </testcase>
    <testcase time="0.0139999999999993" classname="table_13" name="Table_13_generation_works_with_custom_values"/>
    <testcase time="0.032" classname="table_13" name="Table_13_generation_works_with_custom_values"/>
    <testcase time="0.102" classname="table_13" name="Table_13_generation_works_with_custom_values"/>
    <testcase time="0.0350000000000001" classname="table_13" name="Table_13_generation_works_with_custom_values">
      <skipped message="Reason: On CRAN ('test-table_13.R:38:3')"/>
    </testcase>
    <testcase time="0.0130000000000017" classname="table_13" name="Table_13_generation_works_with_risk_difference_column"/>
    <testcase time="0.0329999999999977" classname="table_13" name="Table_13_generation_works_with_risk_difference_column"/>
    <testcase time="0.102" classname="table_13" name="Table_13_generation_works_with_risk_difference_column"/>
    <testcase time="0.0530000000000008" classname="table_13" name="Table_13_generation_works_with_risk_difference_column">
      <skipped message="Reason: On CRAN ('test-table_13.R:46:3')"/>
    </testcase>
  </testsuite>
  <testsuite name="table_14" timestamp="2023-11-28T13:10:46Z" hostname="f5f3b0641e66" tests="13" skipped="4" failures="0" errors="0" time="2.291">
    <testcase time="0.0289999999999999" classname="table_14" name="Table_14_generation_works_with_default_values"/>
    <testcase time="0.396000000000001" classname="table_14" name="Table_14_generation_works_with_default_values"/>
    <testcase time="0.103999999999999" classname="table_14" name="Table_14_generation_works_with_default_values">
      <skipped message="Reason: On CRAN ('test-table_14.R:16:3')"/>
    </testcase>
    <testcase time="0.0139999999999993" classname="table_14" name="Table_14_generation_works_with_custom_values"/>
    <testcase time="0.032" classname="table_14" name="Table_14_generation_works_with_custom_values"/>
    <testcase time="0.442" classname="table_14" name="Table_14_generation_works_with_custom_values"/>
    <testcase time="0.100000000000001" classname="table_14" name="Table_14_generation_works_with_custom_values">
      <skipped message="Reason: On CRAN ('test-table_14.R:46:3')"/>
    </testcase>
    <testcase time="0.0139999999999993" classname="table_14" name="Table_14_generation_works_with_NA_values_pruned_rows"/>
    <testcase time="0.420999999999999" classname="table_14" name="Table_14_generation_works_with_NA_values_pruned_rows"/>
    <testcase time="0.0790000000000006" classname="table_14" name="Table_14_generation_works_with_NA_values_pruned_rows">
      <skipped message="Reason: On CRAN ('test-table_14.R:53:3')"/>
    </testcase>
    <testcase time="0.0139999999999993" classname="table_14" name="Table_14_generation_works_with_risk_difference_column"/>
    <testcase time="0.527999999999999" classname="table_14" name="Table_14_generation_works_with_risk_difference_column"/>
    <testcase time="0.118000000000002" classname="table_14" name="Table_14_generation_works_with_risk_difference_column">
      <skipped message="Reason: On CRAN ('test-table_14.R:61:3')"/>
    </testcase>
  </testsuite>
  <testsuite name="table_15" timestamp="2023-11-28T13:10:49Z" hostname="f5f3b0641e66" tests="16" skipped="4" failures="0" errors="0" time="1.284">
    <testcase time="0.0279999999999987" classname="table_15" name="Table_15_generation_works_with_default_values"/>
    <testcase time="0.027000000000001" classname="table_15" name="Table_15_generation_works_with_default_values"/>
    <testcase time="0.190999999999999" classname="table_15" name="Table_15_generation_works_with_default_values"/>
    <testcase time="0.0680000000000014" classname="table_15" name="Table_15_generation_works_with_default_values">
      <skipped message="Reason: On CRAN ('test-table_15.R:19:3')"/>
    </testcase>
    <testcase time="0.0139999999999993" classname="table_15" name="Table_15_generation_works_with_custom_values"/>
    <testcase time="0.0350000000000001" classname="table_15" name="Table_15_generation_works_with_custom_values"/>
    <testcase time="0.190000000000001" classname="table_15" name="Table_15_generation_works_with_custom_values"/>
    <testcase time="0.0679999999999978" classname="table_15" name="Table_15_generation_works_with_custom_values">
      <skipped message="Reason: On CRAN ('test-table_15.R:51:3')"/>
    </testcase>
    <testcase time="0.0139999999999993" classname="table_15" name="Table_15_generation_works_with_NA_values_pruned_rows"/>
    <testcase time="0.0280000000000022" classname="table_15" name="Table_15_generation_works_with_NA_values_pruned_rows"/>
    <testcase time="0.196999999999999" classname="table_15" name="Table_15_generation_works_with_NA_values_pruned_rows"/>
    <testcase time="0.0680000000000014" classname="table_15" name="Table_15_generation_works_with_NA_values_pruned_rows">
      <skipped message="Reason: On CRAN ('test-table_15.R:58:3')"/>
    </testcase>
    <testcase time="0.0139999999999993" classname="table_15" name="Table_15_generation_works_with_risk_difference_column"/>
    <testcase time="0.0279999999999987" classname="table_15" name="Table_15_generation_works_with_risk_difference_column"/>
    <testcase time="0.236000000000001" classname="table_15" name="Table_15_generation_works_with_risk_difference_column"/>
    <testcase time="0.0779999999999994" classname="table_15" name="Table_15_generation_works_with_risk_difference_column">
      <skipped message="Reason: On CRAN ('test-table_15.R:66:3')"/>
    </testcase>
  </testsuite>
  <testsuite name="table_16" timestamp="2023-11-28T13:10:50Z" hostname="f5f3b0641e66" tests="16" skipped="4" failures="0" errors="0" time="1.137">
    <testcase time="0.0199999999999996" classname="table_16" name="Table_16_generation_works_with_default_values"/>
    <testcase time="0.0259999999999998" classname="table_16" name="Table_16_generation_works_with_default_values"/>
    <testcase time="0.197000000000003" classname="table_16" name="Table_16_generation_works_with_default_values"/>
    <testcase time="0.0350000000000001" classname="table_16" name="Table_16_generation_works_with_default_values">
      <skipped message="Reason: On CRAN ('test-table_16.R:19:3')"/>
    </testcase>
    <testcase time="0.0139999999999993" classname="table_16" name="Table_16_generation_works_with_custom_values"/>
    <testcase time="0.0249999999999986" classname="table_16" name="Table_16_generation_works_with_custom_values"/>
    <testcase time="0.190000000000001" classname="table_16" name="Table_16_generation_works_with_custom_values"/>
    <testcase time="0.0350000000000001" classname="table_16" name="Table_16_generation_works_with_custom_values">
      <skipped message="Reason: On CRAN ('test-table_16.R:51:3')"/>
    </testcase>
    <testcase time="0.0210000000000008" classname="table_16" name="Table_16_generation_works_with_NA_values_pruned_rows"/>
    <testcase time="0.0259999999999998" classname="table_16" name="Table_16_generation_works_with_NA_values_pruned_rows"/>
    <testcase time="0.198999999999998" classname="table_16" name="Table_16_generation_works_with_NA_values_pruned_rows"/>
    <testcase time="0.0360000000000014" classname="table_16" name="Table_16_generation_works_with_NA_values_pruned_rows">
      <skipped message="Reason: On CRAN ('test-table_16.R:58:3')"/>
    </testcase>
    <testcase time="0.0139999999999993" classname="table_16" name="Table_16_generation_works_with_risk_difference_column"/>
    <testcase time="0.0259999999999998" classname="table_16" name="Table_16_generation_works_with_risk_difference_column"/>
    <testcase time="0.233999999999998" classname="table_16" name="Table_16_generation_works_with_risk_difference_column"/>
    <testcase time="0.0390000000000015" classname="table_16" name="Table_16_generation_works_with_risk_difference_column">
      <skipped message="Reason: On CRAN ('test-table_16.R:66:3')"/>
    </testcase>
  </testsuite>
  <testsuite name="table_17" timestamp="2023-11-28T13:10:51Z" hostname="f5f3b0641e66" tests="16" skipped="4" failures="0" errors="0" time="1.972">
    <testcase time="0.0210000000000008" classname="table_17" name="Table_17_generation_works_with_default_values"/>
    <testcase time="0.0289999999999999" classname="table_17" name="Table_17_generation_works_with_default_values"/>
    <testcase time="0.303999999999998" classname="table_17" name="Table_17_generation_works_with_default_values"/>
    <testcase time="0.125999999999998" classname="table_17" name="Table_17_generation_works_with_default_values">
      <skipped message="Reason: On CRAN ('test-table_17.R:25:3')"/>
    </testcase>
    <testcase time="0.0140000000000029" classname="table_17" name="Table_17_generation_works_with_custom_values"/>
    <testcase time="0.0300000000000011" classname="table_17" name="Table_17_generation_works_with_custom_values"/>
    <testcase time="0.305" classname="table_17" name="Table_17_generation_works_with_custom_values"/>
    <testcase time="0.125999999999998" classname="table_17" name="Table_17_generation_works_with_custom_values">
      <skipped message="Reason: On CRAN ('test-table_17.R:57:3')"/>
    </testcase>
    <testcase time="0.0130000000000052" classname="table_17" name="Table_17_generation_works_with_NA_values_pruned_rows"/>
    <testcase time="0.029999999999994" classname="table_17" name="Table_17_generation_works_with_NA_values_pruned_rows"/>
    <testcase time="0.303000000000004" classname="table_17" name="Table_17_generation_works_with_NA_values_pruned_rows"/>
    <testcase time="0.116999999999997" classname="table_17" name="Table_17_generation_works_with_NA_values_pruned_rows">
      <skipped message="Reason: On CRAN ('test-table_17.R:64:3')"/>
    </testcase>
    <testcase time="0.0230000000000032" classname="table_17" name="Table_17_generation_works_with_risk_difference_column"/>
    <testcase time="0.0300000000000011" classname="table_17" name="Table_17_generation_works_with_risk_difference_column"/>
    <testcase time="0.357999999999997" classname="table_17" name="Table_17_generation_works_with_risk_difference_column"/>
    <testcase time="0.143000000000001" classname="table_17" name="Table_17_generation_works_with_risk_difference_column">
      <skipped message="Reason: On CRAN ('test-table_17.R:72:3')"/>
    </testcase>
  </testsuite>
  <testsuite name="table_18" timestamp="2023-11-28T13:10:53Z" hostname="f5f3b0641e66" tests="16" skipped="4" failures="0" errors="0" time="1.682">
    <testcase time="0.0210000000000008" classname="table_18" name="Table_18_generation_works_with_default_values"/>
    <testcase time="0.0259999999999962" classname="table_18" name="Table_18_generation_works_with_default_values"/>
    <testcase time="0.298999999999999" classname="table_18" name="Table_18_generation_works_with_default_values"/>
    <testcase time="0.0519999999999996" classname="table_18" name="Table_18_generation_works_with_default_values">
      <skipped message="Reason: On CRAN ('test-table_18.R:25:3')"/>
    </testcase>
    <testcase time="0.0140000000000029" classname="table_18" name="Table_18_generation_works_with_custom_values"/>
    <testcase time="0.0330000000000013" classname="table_18" name="Table_18_generation_works_with_custom_values"/>
    <testcase time="0.293999999999997" classname="table_18" name="Table_18_generation_works_with_custom_values"/>
    <testcase time="0.0620000000000047" classname="table_18" name="Table_18_generation_works_with_custom_values">
      <skipped message="Reason: On CRAN ('test-table_18.R:57:3')"/>
    </testcase>
    <testcase time="0.0129999999999981" classname="table_18" name="Table_18_generation_works_with_NA_values_pruned_rows"/>
    <testcase time="0.027000000000001" classname="table_18" name="Table_18_generation_works_with_NA_values_pruned_rows"/>
    <testcase time="0.317999999999998" classname="table_18" name="Table_18_generation_works_with_NA_values_pruned_rows"/>
    <testcase time="0.0519999999999996" classname="table_18" name="Table_18_generation_works_with_NA_values_pruned_rows">
      <skipped message="Reason: On CRAN ('test-table_18.R:64:3')"/>
    </testcase>
    <testcase time="0.0140000000000029" classname="table_18" name="Table_18_generation_works_with_risk_difference_column"/>
    <testcase time="0.0279999999999987" classname="table_18" name="Table_18_generation_works_with_risk_difference_column"/>
    <testcase time="0.369999999999997" classname="table_18" name="Table_18_generation_works_with_risk_difference_column"/>
    <testcase time="0.0590000000000046" classname="table_18" name="Table_18_generation_works_with_risk_difference_column">
      <skipped message="Reason: On CRAN ('test-table_18.R:72:3')"/>
    </testcase>
  </testsuite>
  <testsuite name="table_20" timestamp="2023-11-28T13:10:55Z" hostname="f5f3b0641e66" tests="24" skipped="4" failures="0" errors="0" time="1.976">
    <testcase time="0.0209999999999937" classname="table_20" name="Table_20_generation_works_with_default_values"/>
    <testcase time="0.00100000000000477" classname="table_20" name="Table_20_generation_works_with_default_values"/>
    <testcase time="0.000999999999997669" classname="table_20" name="Table_20_generation_works_with_default_values"/>
    <testcase time="0.0290000000000035" classname="table_20" name="Table_20_generation_works_with_default_values"/>
    <testcase time="0.314" classname="table_20" name="Table_20_generation_works_with_default_values"/>
    <testcase time="0.0619999999999976" classname="table_20" name="Table_20_generation_works_with_default_values">
      <skipped message="Reason: On CRAN ('test-table_20.R:17:3')"/>
    </testcase>
    <testcase time="0.0229999999999961" classname="table_20" name="Table_20_generation_works_with_custom_values"/>
    <testcase time="0.00100000000000477" classname="table_20" name="Table_20_generation_works_with_custom_values"/>
    <testcase time="0.00199999999999534" classname="table_20" name="Table_20_generation_works_with_custom_values"/>
    <testcase time="0.0310000000000059" classname="table_20" name="Table_20_generation_works_with_custom_values"/>
    <testcase time="0.445999999999998" classname="table_20" name="Table_20_generation_works_with_custom_values"/>
    <testcase time="0.0910000000000011" classname="table_20" name="Table_20_generation_works_with_custom_values">
      <skipped message="Reason: On CRAN ('test-table_20.R:65:3')"/>
    </testcase>
    <testcase time="0.0139999999999958" classname="table_20" name="Table_20_generation_works_with_missing_values_pruned_rows"/>
    <testcase time="0.00100000000000477" classname="table_20" name="Table_20_generation_works_with_missing_values_pruned_rows"/>
    <testcase time="0.00199999999999534" classname="table_20" name="Table_20_generation_works_with_missing_values_pruned_rows"/>
    <testcase time="0.0290000000000035" classname="table_20" name="Table_20_generation_works_with_missing_values_pruned_rows"/>
    <testcase time="0.304000000000002" classname="table_20" name="Table_20_generation_works_with_missing_values_pruned_rows"/>
    <testcase time="0.0640000000000001" classname="table_20" name="Table_20_generation_works_with_missing_values_pruned_rows">
      <skipped message="Reason: On CRAN ('test-table_20.R:74:3')"/>
    </testcase>
    <testcase time="0.0229999999999961" classname="table_20" name="Table_20_generation_works_with_risk_difference_column"/>
    <testcase time="0.00200000000000244" classname="table_20" name="Table_20_generation_works_with_risk_difference_column"/>
    <testcase time="0.000999999999997669" classname="table_20" name="Table_20_generation_works_with_risk_difference_column"/>
    <testcase time="0.0309999999999988" classname="table_20" name="Table_20_generation_works_with_risk_difference_column"/>
    <testcase time="0.399000000000001" classname="table_20" name="Table_20_generation_works_with_risk_difference_column"/>
    <testcase time="0.0840000000000032" classname="table_20" name="Table_20_generation_works_with_risk_difference_column">
      <skipped message="Reason: On CRAN ('test-table_20.R:82:3')"/>
    </testcase>
  </testsuite>
  <testsuite name="table_21" timestamp="2023-11-28T13:10:57Z" hostname="f5f3b0641e66" tests="131" skipped="4" failures="0" errors="0" time="7.716">
    <testcase time="0.0549999999999997" classname="table_21" name="Table_21_generation_works_with_default_values"/>
    <testcase time="0.000999999999997669" classname="table_21" name="Table_21_generation_works_with_default_values"/>
    <testcase time="0.146999999999998" classname="table_21" name="Table_21_generation_works_with_default_values"/>
    <testcase time="0.0500000000000043" classname="table_21" name="Table_21_generation_works_with_default_values"/>
    <testcase time="0.0539999999999949" classname="table_21" name="Table_21_generation_works_with_default_values"/>
    <testcase time="0.0570000000000022" classname="table_21" name="Table_21_generation_works_with_default_values"/>
    <testcase time="0.0600000000000023" classname="table_21" name="Table_21_generation_works_with_default_values"/>
    <testcase time="0.0539999999999949" classname="table_21" name="Table_21_generation_works_with_default_values"/>
    <testcase time="0.0720000000000027" classname="table_21" name="Table_21_generation_works_with_default_values"/>
    <testcase time="0.0549999999999997" classname="table_21" name="Table_21_generation_works_with_default_values"/>
    <testcase time="0.0549999999999997" classname="table_21" name="Table_21_generation_works_with_default_values"/>
    <testcase time="0.0500000000000043" classname="table_21" name="Table_21_generation_works_with_default_values"/>
    <testcase time="0.0659999999999954" classname="table_21" name="Table_21_generation_works_with_default_values"/>
    <testcase time="0.0489999999999995" classname="table_21" name="Table_21_generation_works_with_default_values"/>
    <testcase time="0.0620000000000047" classname="table_21" name="Table_21_generation_works_with_default_values"/>
    <testcase time="0.0619999999999976" classname="table_21" name="Table_21_generation_works_with_default_values"/>
    <testcase time="0.0510000000000019" classname="table_21" name="Table_21_generation_works_with_default_values"/>
    <testcase time="0.0509999999999948" classname="table_21" name="Table_21_generation_works_with_default_values"/>
    <testcase time="0.0710000000000051" classname="table_21" name="Table_21_generation_works_with_default_values"/>
    <testcase time="0.0509999999999948" classname="table_21" name="Table_21_generation_works_with_default_values"/>
    <testcase time="0.0510000000000019" classname="table_21" name="Table_21_generation_works_with_default_values"/>
    <testcase time="0.0500000000000043" classname="table_21" name="Table_21_generation_works_with_default_values"/>
    <testcase time="0.0689999999999955" classname="table_21" name="Table_21_generation_works_with_default_values"/>
    <testcase time="0.0500000000000043" classname="table_21" name="Table_21_generation_works_with_default_values"/>
    <testcase time="0.0499999999999972" classname="table_21" name="Table_21_generation_works_with_default_values"/>
    <testcase time="0.0640000000000001" classname="table_21" name="Table_21_generation_works_with_default_values"/>
    <testcase time="0.0510000000000019" classname="table_21" name="Table_21_generation_works_with_default_values"/>
    <testcase time="0.0499999999999972" classname="table_21" name="Table_21_generation_works_with_default_values"/>
    <testcase time="0.0549999999999997" classname="table_21" name="Table_21_generation_works_with_default_values"/>
    <testcase time="0.0590000000000046" classname="table_21" name="Table_21_generation_works_with_default_values"/>
    <testcase time="0.0549999999999997" classname="table_21" name="Table_21_generation_works_with_default_values"/>
    <testcase time="0.0499999999999972" classname="table_21" name="Table_21_generation_works_with_default_values"/>
    <testcase time="0.0640000000000001" classname="table_21" name="Table_21_generation_works_with_default_values"/>
    <testcase time="0.0499999999999972" classname="table_21" name="Table_21_generation_works_with_default_values"/>
    <testcase time="0.0500000000000043" classname="table_21" name="Table_21_generation_works_with_default_values"/>
    <testcase time="0.0609999999999999" classname="table_21" name="Table_21_generation_works_with_default_values"/>
    <testcase time="0.0549999999999997" classname="table_21" name="Table_21_generation_works_with_default_values"/>
    <testcase time="0.0510000000000019" classname="table_21" name="Table_21_generation_works_with_default_values"/>
    <testcase time="0.0749999999999957" classname="table_21" name="Table_21_generation_works_with_default_values"/>
    <testcase time="0.0549999999999997" classname="table_21" name="Table_21_generation_works_with_default_values"/>
    <testcase time="0.0500000000000043" classname="table_21" name="Table_21_generation_works_with_default_values"/>
    <testcase time="0.0489999999999995" classname="table_21" name="Table_21_generation_works_with_default_values"/>
    <testcase time="0.0689999999999955" classname="table_21" name="Table_21_generation_works_with_default_values"/>
    <testcase time="0.0489999999999995" classname="table_21" name="Table_21_generation_works_with_default_values"/>
    <testcase time="0.0519999999999996" classname="table_21" name="Table_21_generation_works_with_default_values"/>
    <testcase time="0.0640000000000001" classname="table_21" name="Table_21_generation_works_with_default_values"/>
    <testcase time="0.0560000000000045" classname="table_21" name="Table_21_generation_works_with_default_values"/>
    <testcase time="0.0499999999999972" classname="table_21" name="Table_21_generation_works_with_default_values"/>
    <testcase time="0.0609999999999999" classname="table_21" name="Table_21_generation_works_with_default_values"/>
    <testcase time="0.0519999999999996" classname="table_21" name="Table_21_generation_works_with_default_values"/>
    <testcase time="0.0450000000000017" classname="table_21" name="Table_21_generation_works_with_default_values"/>
    <testcase time="0.0910000000000011" classname="table_21" name="Table_21_generation_works_with_default_values">
      <skipped message="Reason: On CRAN ('test-table_21.R:22:3')"/>
    </testcase>
    <testcase time="0.0139999999999958" classname="table_21" name="Table_21_generation_works_with_custom_values_N_s_denominator_and_overall_column"/>
    <testcase time="0.00200000000000244" classname="table_21" name="Table_21_generation_works_with_custom_values_N_s_denominator_and_overall_column"/>
    <testcase time="0.0570000000000022" classname="table_21" name="Table_21_generation_works_with_custom_values_N_s_denominator_and_overall_column"/>
    <testcase time="0.143000000000001" classname="table_21" name="Table_21_generation_works_with_custom_values_N_s_denominator_and_overall_column"/>
    <testcase time="0.0640000000000001" classname="table_21" name="Table_21_generation_works_with_custom_values_N_s_denominator_and_overall_column"/>
    <testcase time="0.0559999999999974" classname="table_21" name="Table_21_generation_works_with_custom_values_N_s_denominator_and_overall_column"/>
    <testcase time="0.0499999999999972" classname="table_21" name="Table_21_generation_works_with_custom_values_N_s_denominator_and_overall_column"/>
    <testcase time="0.0810000000000031" classname="table_21" name="Table_21_generation_works_with_custom_values_N_s_denominator_and_overall_column"/>
    <testcase time="0.0489999999999995" classname="table_21" name="Table_21_generation_works_with_custom_values_N_s_denominator_and_overall_column"/>
    <testcase time="0.0579999999999998" classname="table_21" name="Table_21_generation_works_with_custom_values_N_s_denominator_and_overall_column"/>
    <testcase time="0.256" classname="table_21" name="Table_21_generation_works_with_custom_values_N_s_denominator_and_overall_column"/>
    <testcase time="0.0640000000000001" classname="table_21" name="Table_21_generation_works_with_custom_values_N_s_denominator_and_overall_column"/>
    <testcase time="0.0499999999999972" classname="table_21" name="Table_21_generation_works_with_custom_values_N_s_denominator_and_overall_column"/>
    <testcase time="0.0600000000000023" classname="table_21" name="Table_21_generation_works_with_custom_values_N_s_denominator_and_overall_column"/>
    <testcase time="0.0480000000000018" classname="table_21" name="Table_21_generation_works_with_custom_values_N_s_denominator_and_overall_column"/>
    <testcase time="0.0559999999999974" classname="table_21" name="Table_21_generation_works_with_custom_values_N_s_denominator_and_overall_column"/>
    <testcase time="0.0530000000000044" classname="table_21" name="Table_21_generation_works_with_custom_values_N_s_denominator_and_overall_column"/>
    <testcase time="0.0559999999999974" classname="table_21" name="Table_21_generation_works_with_custom_values_N_s_denominator_and_overall_column"/>
    <testcase time="0.0480000000000018" classname="table_21" name="Table_21_generation_works_with_custom_values_N_s_denominator_and_overall_column"/>
    <testcase time="0.0689999999999955" classname="table_21" name="Table_21_generation_works_with_custom_values_N_s_denominator_and_overall_column"/>
    <testcase time="0.0480000000000018" classname="table_21" name="Table_21_generation_works_with_custom_values_N_s_denominator_and_overall_column"/>
    <testcase time="0.0489999999999995" classname="table_21" name="Table_21_generation_works_with_custom_values_N_s_denominator_and_overall_column"/>
    <testcase time="0.054000000000002" classname="table_21" name="Table_21_generation_works_with_custom_values_N_s_denominator_and_overall_column"/>
    <testcase time="0.0480000000000018" classname="table_21" name="Table_21_generation_works_with_custom_values_N_s_denominator_and_overall_column"/>
    <testcase time="0.0489999999999995" classname="table_21" name="Table_21_generation_works_with_custom_values_N_s_denominator_and_overall_column"/>
    <testcase time="0.0489999999999995" classname="table_21" name="Table_21_generation_works_with_custom_values_N_s_denominator_and_overall_column"/>
    <testcase time="0.0529999999999973" classname="table_21" name="Table_21_generation_works_with_custom_values_N_s_denominator_and_overall_column"/>
    <testcase time="0.054000000000002" classname="table_21" name="Table_21_generation_works_with_custom_values_N_s_denominator_and_overall_column"/>
    <testcase time="0.0480000000000018" classname="table_21" name="Table_21_generation_works_with_custom_values_N_s_denominator_and_overall_column"/>
    <testcase time="0.0529999999999973" classname="table_21" name="Table_21_generation_works_with_custom_values_N_s_denominator_and_overall_column"/>
    <testcase time="0.0489999999999995" classname="table_21" name="Table_21_generation_works_with_custom_values_N_s_denominator_and_overall_column"/>
    <testcase time="0.0480000000000018" classname="table_21" name="Table_21_generation_works_with_custom_values_N_s_denominator_and_overall_column"/>
    <testcase time="0.054000000000002" classname="table_21" name="Table_21_generation_works_with_custom_values_N_s_denominator_and_overall_column"/>
    <testcase time="0.0489999999999995" classname="table_21" name="Table_21_generation_works_with_custom_values_N_s_denominator_and_overall_column"/>
    <testcase time="0.0489999999999995" classname="table_21" name="Table_21_generation_works_with_custom_values_N_s_denominator_and_overall_column"/>
    <testcase time="0.0559999999999974" classname="table_21" name="Table_21_generation_works_with_custom_values_N_s_denominator_and_overall_column"/>
    <testcase time="0.054000000000002" classname="table_21" name="Table_21_generation_works_with_custom_values_N_s_denominator_and_overall_column"/>
    <testcase time="0.0489999999999995" classname="table_21" name="Table_21_generation_works_with_custom_values_N_s_denominator_and_overall_column"/>
    <testcase time="0.0489999999999995" classname="table_21" name="Table_21_generation_works_with_custom_values_N_s_denominator_and_overall_column"/>
    <testcase time="0.260000000000005" classname="table_21" name="Table_21_generation_works_with_custom_values_N_s_denominator_and_overall_column"/>
    <testcase time="0.0489999999999995" classname="table_21" name="Table_21_generation_works_with_custom_values_N_s_denominator_and_overall_column"/>
    <testcase time="0.0489999999999995" classname="table_21" name="Table_21_generation_works_with_custom_values_N_s_denominator_and_overall_column"/>
    <testcase time="0.0539999999999949" classname="table_21" name="Table_21_generation_works_with_custom_values_N_s_denominator_and_overall_column"/>
    <testcase time="0.0549999999999997" classname="table_21" name="Table_21_generation_works_with_custom_values_N_s_denominator_and_overall_column"/>
    <testcase time="0.0500000000000043" classname="table_21" name="Table_21_generation_works_with_custom_values_N_s_denominator_and_overall_column"/>
    <testcase time="0.0529999999999973" classname="table_21" name="Table_21_generation_works_with_custom_values_N_s_denominator_and_overall_column"/>
    <testcase time="0.0489999999999995" classname="table_21" name="Table_21_generation_works_with_custom_values_N_s_denominator_and_overall_column"/>
    <testcase time="0.0510000000000019" classname="table_21" name="Table_21_generation_works_with_custom_values_N_s_denominator_and_overall_column"/>
    <testcase time="0.054000000000002" classname="table_21" name="Table_21_generation_works_with_custom_values_N_s_denominator_and_overall_column"/>
    <testcase time="0.0549999999999997" classname="table_21" name="Table_21_generation_works_with_custom_values_N_s_denominator_and_overall_column"/>
    <testcase time="0.0499999999999972" classname="table_21" name="Table_21_generation_works_with_custom_values_N_s_denominator_and_overall_column"/>
    <testcase time="0.0700000000000003" classname="table_21" name="Table_21_generation_works_with_custom_values_N_s_denominator_and_overall_column"/>
    <testcase time="0.0530000000000044" classname="table_21" name="Table_21_generation_works_with_custom_values_N_s_denominator_and_overall_column"/>
    <testcase time="0.0499999999999972" classname="table_21" name="Table_21_generation_works_with_custom_values_N_s_denominator_and_overall_column"/>
    <testcase time="0.0499999999999972" classname="table_21" name="Table_21_generation_works_with_custom_values_N_s_denominator_and_overall_column"/>
    <testcase time="0.0579999999999998" classname="table_21" name="Table_21_generation_works_with_custom_values_N_s_denominator_and_overall_column"/>
    <testcase time="0.0489999999999995" classname="table_21" name="Table_21_generation_works_with_custom_values_N_s_denominator_and_overall_column"/>
    <testcase time="0.0489999999999995" classname="table_21" name="Table_21_generation_works_with_custom_values_N_s_denominator_and_overall_column"/>
    <testcase time="0.054000000000002" classname="table_21" name="Table_21_generation_works_with_custom_values_N_s_denominator_and_overall_column"/>
    <testcase time="0.0549999999999997" classname="table_21" name="Table_21_generation_works_with_custom_values_N_s_denominator_and_overall_column"/>
    <testcase time="0.0480000000000018" classname="table_21" name="Table_21_generation_works_with_custom_values_N_s_denominator_and_overall_column"/>
    <testcase time="0.054000000000002" classname="table_21" name="Table_21_generation_works_with_custom_values_N_s_denominator_and_overall_column"/>
    <testcase time="0.0479999999999947" classname="table_21" name="Table_21_generation_works_with_custom_values_N_s_denominator_and_overall_column"/>
    <testcase time="0.0570000000000022" classname="table_21" name="Table_21_generation_works_with_custom_values_N_s_denominator_and_overall_column"/>
    <testcase time="0.054000000000002" classname="table_21" name="Table_21_generation_works_with_custom_values_N_s_denominator_and_overall_column"/>
    <testcase time="0.0489999999999995" classname="table_21" name="Table_21_generation_works_with_custom_values_N_s_denominator_and_overall_column"/>
    <testcase time="0.0489999999999995" classname="table_21" name="Table_21_generation_works_with_custom_values_N_s_denominator_and_overall_column"/>
    <testcase time="0.0510000000000019" classname="table_21" name="Table_21_generation_works_with_custom_values_N_s_denominator_and_overall_column"/>
    <testcase time="0.0829999999999984" classname="table_21" name="Table_21_generation_works_with_custom_values_N_s_denominator_and_overall_column">
      <skipped message="Reason: On CRAN ('test-table_21.R:34:3')"/>
    </testcase>
    <testcase time="0.0140000000000029" classname="table_21" name="Table_21_generation_works_with_custom_values_N_col_denominator_and_no_overall_column"/>
    <testcase time="0.00199999999999534" classname="table_21" name="Table_21_generation_works_with_custom_values_N_col_denominator_and_no_overall_column"/>
    <testcase time="0.0330000000000013" classname="table_21" name="Table_21_generation_works_with_custom_values_N_col_denominator_and_no_overall_column"/>
    <testcase time="0.213000000000001" classname="table_21" name="Table_21_generation_works_with_custom_values_N_col_denominator_and_no_overall_column"/>
    <testcase time="0.0690000000000026" classname="table_21" name="Table_21_generation_works_with_custom_values_N_col_denominator_and_no_overall_column">
      <skipped message="Reason: On CRAN ('test-table_21.R:62:3')"/>
    </testcase>
    <testcase time="0.0479999999999947" classname="table_21" name="Table_21_generation_works_with_some_NA_values"/>
    <testcase time="0.00200000000000244" classname="table_21" name="Table_21_generation_works_with_some_NA_values"/>
    <testcase time="0.0309999999999988" classname="table_21" name="Table_21_generation_works_with_some_NA_values"/>
    <testcase time="0.171999999999997" classname="table_21" name="Table_21_generation_works_with_some_NA_values"/>
    <testcase time="0.0500000000000043" classname="table_21" name="Table_21_generation_works_with_some_NA_values">
      <skipped message="Reason: On CRAN ('test-table_21.R:82:3')"/>
    </testcase>
  </testsuite>
  <testsuite name="table_32" timestamp="2023-11-28T13:11:04Z" hostname="f5f3b0641e66" tests="22" skipped="6" failures="0" errors="0" time="3.707">
    <testcase time="0.0180000000000007" classname="table_32" name="Table_32_generation_works_with_default_values"/>
    <testcase time="0.0390000000000015" classname="table_32" name="Table_32_generation_works_with_default_values"/>
    <testcase time="0.0819999999999936" classname="table_32" name="Table_32_generation_works_with_default_values"/>
    <testcase time="0.0330000000000013" classname="table_32" name="Table_32_generation_works_with_default_values">
      <skipped message="Reason: On CRAN ('test-table_32.R:8:3')"/>
    </testcase>
    <testcase time="0.0140000000000029" classname="table_32" name="Table_32_generation_works_with_custom_values"/>
    <testcase time="0.0379999999999967" classname="table_32" name="Table_32_generation_works_with_custom_values"/>
    <testcase time="0.100999999999999" classname="table_32" name="Table_32_generation_works_with_custom_values"/>
    <testcase time="0.0430000000000064" classname="table_32" name="Table_32_generation_works_with_custom_values">
      <skipped message="Reason: On CRAN ('test-table_32.R:30:3')"/>
    </testcase>
    <testcase time="0.0139999999999958" classname="table_32" name="Table_32_generation_works_with_pruned_rows"/>
    <testcase time="0.0329999999999941" classname="table_32" name="Table_32_generation_works_with_pruned_rows"/>
    <testcase time="0.0850000000000009" classname="table_32" name="Table_32_generation_works_with_pruned_rows"/>
    <testcase time="0.0279999999999987" classname="table_32" name="Table_32_generation_works_with_pruned_rows">
      <skipped message="Reason: On CRAN ('test-table_32.R:37:3')"/>
    </testcase>
    <testcase time="0.0140000000000029" classname="table_32" name="Table_32_generation_works_with_risk_difference_column"/>
    <testcase time="0.0330000000000013" classname="table_32" name="Table_32_generation_works_with_risk_difference_column"/>
    <testcase time="0.110999999999997" classname="table_32" name="Table_32_generation_works_with_risk_difference_column"/>
    <testcase time="0.0360000000000014" classname="table_32" name="Table_32_generation_works_with_risk_difference_column">
      <skipped message="Reason: On CRAN ('test-table_32.R:45:3')"/>
    </testcase>
    <testcase time="0.0140000000000029" classname="table_32" name="Table_32_gtsum_generation_works_with_default_values"/>
    <testcase time="1.215" classname="table_32" name="Table_32_gtsum_generation_works_with_default_values"/>
    <testcase time="0.00600000000000023" classname="table_32" name="Table_32_gtsum_generation_works_with_default_values">
      <skipped message="Reason: On CRAN ('test-table_32.R:51:3')"/>
    </testcase>
    <testcase time="0.0140000000000029" classname="table_32" name="Table_32_gtsum_generation_works_with_custom_values"/>
    <testcase time="1.724" classname="table_32" name="Table_32_gtsum_generation_works_with_custom_values"/>
    <testcase time="0.0120000000000005" classname="table_32" name="Table_32_gtsum_generation_works_with_custom_values">
      <skipped message="Reason: On CRAN ('test-table_32.R:61:3')"/>
    </testcase>
  </testsuite>
  <testsuite name="table_33" timestamp="2023-11-28T13:11:08Z" hostname="f5f3b0641e66" tests="16" skipped="4" failures="0" errors="0" time="1.318">
    <testcase time="0.0180000000000007" classname="table_33" name="Table_33_generation_works_with_default_values"/>
    <testcase time="0.200000000000003" classname="table_33" name="Table_33_generation_works_with_default_values"/>
    <testcase time="0.0700000000000003" classname="table_33" name="Table_33_generation_works_with_default_values"/>
    <testcase time="0.029999999999994" classname="table_33" name="Table_33_generation_works_with_default_values">
      <skipped message="Reason: On CRAN ('test-table_33.R:8:3')"/>
    </testcase>
    <testcase time="0.0160000000000053" classname="table_33" name="Table_33_generation_works_with_custom_values"/>
    <testcase time="0.199999999999996" classname="table_33" name="Table_33_generation_works_with_custom_values"/>
    <testcase time="0.0850000000000009" classname="table_33" name="Table_33_generation_works_with_custom_values"/>
    <testcase time="0.036999999999999" classname="table_33" name="Table_33_generation_works_with_custom_values">
      <skipped message="Reason: On CRAN ('test-table_33.R:34:3')"/>
    </testcase>
    <testcase time="0.0140000000000029" classname="table_33" name="Table_33_generation_works_with_pruned_rows"/>
    <testcase time="0.201999999999998" classname="table_33" name="Table_33_generation_works_with_pruned_rows"/>
    <testcase time="0.0700000000000003" classname="table_33" name="Table_33_generation_works_with_pruned_rows"/>
    <testcase time="0.0290000000000035" classname="table_33" name="Table_33_generation_works_with_pruned_rows">
      <skipped message="Reason: On CRAN ('test-table_33.R:42:3')"/>
    </testcase>
    <testcase time="0.0139999999999958" classname="table_33" name="Table_33_generation_works_with_risk_difference_column"/>
    <testcase time="0.201000000000001" classname="table_33" name="Table_33_generation_works_with_risk_difference_column"/>
    <testcase time="0.103999999999999" classname="table_33" name="Table_33_generation_works_with_risk_difference_column"/>
    <testcase time="0.0279999999999987" classname="table_33" name="Table_33_generation_works_with_risk_difference_column">
      <skipped message="Reason: On CRAN ('test-table_33.R:50:3')"/>
    </testcase>
  </testsuite>
  <testsuite name="table_34" timestamp="2023-11-28T13:11:09Z" hostname="f5f3b0641e66" tests="12" skipped="3" failures="0" errors="0" time="4.484">
    <testcase time="0.0230000000000032" classname="table_34" name="Table_34_generation_works_with_default_values"/>
    <testcase time="0.027000000000001" classname="table_34" name="Table_34_generation_works_with_default_values"/>
    <testcase time="1.236" classname="table_34" name="Table_34_generation_works_with_default_values"/>
    <testcase time="0.153999999999996" classname="table_34" name="Table_34_generation_works_with_default_values">
      <skipped message="Reason: On CRAN ('test-table_34.R:17:3')"/>
    </testcase>
    <testcase time="0.0150000000000006" classname="table_34" name="Table_34_generation_works_with_custom_values"/>
    <testcase time="0.0240000000000009" classname="table_34" name="Table_34_generation_works_with_custom_values"/>
    <testcase time="1.203" classname="table_34" name="Table_34_generation_works_with_custom_values"/>
    <testcase time="0.0570000000000022" classname="table_34" name="Table_34_generation_works_with_custom_values">
      <skipped message="Reason: On CRAN ('test-table_34.R:49:3')"/>
    </testcase>
    <testcase time="0.0150000000000006" classname="table_34" name="Table_34_generation_works_with_risk_difference_column"/>
    <testcase time="0.0279999999999987" classname="table_34" name="Table_34_generation_works_with_risk_difference_column"/>
    <testcase time="1.525" classname="table_34" name="Table_34_generation_works_with_risk_difference_column"/>
    <testcase time="0.177000000000007" classname="table_34" name="Table_34_generation_works_with_risk_difference_column">
      <skipped message="Reason: On CRAN ('test-table_34.R:57:3')"/>
    </testcase>
  </testsuite>
</testsuites>
