<?xml version="1.0" encoding="UTF-8"?>
<testsuites>
  <testsuite name="table_02" timestamp="2023-06-23T06:28:10Z" hostname="31611f2c6da2" tests="9" skipped="3" failures="0" errors="0" time="1.575">
    <testcase time="0.0499999999999998" classname="table_02" name="Table_02_generation_works_with_default_values"/>
    <testcase time="0.527" classname="table_02" name="Table_02_generation_works_with_default_values"/>
    <testcase time="0.193" classname="table_02" name="Table_02_generation_works_with_default_values">
      <skipped message="Reason: On CRAN ('test-table_02.R:16:3')"/>
    </testcase>
    <testcase time="0.0859999999999999" classname="table_02" name="Table_02_generation_works_with_custom_values"/>
    <testcase time="0.356" classname="table_02" name="Table_02_generation_works_with_custom_values"/>
    <testcase time="0.192" classname="table_02" name="Table_02_generation_works_with_custom_values">
      <skipped message="Reason: On CRAN ('test-table_02.R:45:3')"/>
    </testcase>
    <testcase time="0.048" classname="table_02" name="Table_02_generation_works_with_some_NA_values"/>
    <testcase time="0.0819999999999999" classname="table_02" name="Table_02_generation_works_with_some_NA_values"/>
    <testcase time="0.0410000000000004" classname="table_02" name="Table_02_generation_works_with_some_NA_values">
      <skipped message="Reason: On CRAN ('test-table_02.R:57:3')"/>
    </testcase>
  </testsuite>
  <testsuite name="table_05" timestamp="2023-06-23T06:28:11Z" hostname="31611f2c6da2" tests="9" skipped="3" failures="0" errors="0" time="1.021">
    <testcase time="0.167" classname="table_05" name="Table_05_generation_works_with_default_values"/>
    <testcase time="0.246" classname="table_05" name="Table_05_generation_works_with_default_values"/>
    <testcase time="0.0629999999999997" classname="table_05" name="Table_05_generation_works_with_default_values">
      <skipped message="Reason: On CRAN ('test-table_05.R:10:3')"/>
    </testcase>
    <testcase time="0.0140000000000002" classname="table_05" name="Table_05_generation_works_with_custom_values"/>
    <testcase time="0.22" classname="table_05" name="Table_05_generation_works_with_custom_values"/>
    <testcase time="0.0739999999999998" classname="table_05" name="Table_05_generation_works_with_custom_values">
      <skipped message="Reason: On CRAN ('test-table_05.R:34:3')"/>
    </testcase>
    <testcase time="0.0149999999999997" classname="table_05" name="Table_05_generation_works_with_NA_values_pruned_rows"/>
    <testcase time="0.16" classname="table_05" name="Table_05_generation_works_with_NA_values_pruned_rows"/>
    <testcase time="0.0620000000000003" classname="table_05" name="Table_05_generation_works_with_NA_values_pruned_rows">
      <skipped message="Reason: On CRAN ('test-table_05.R:44:3')"/>
    </testcase>
  </testsuite>
  <testsuite name="table_06" timestamp="2023-06-23T06:28:12Z" hostname="31611f2c6da2" tests="10" skipped="2" failures="0" errors="0" time="1.288">
    <testcase time="0.0300000000000002" classname="table_06" name="Table_06_generation_works_with_default_values"/>
    <testcase time="0.000999999999999446" classname="table_06" name="Table_06_generation_works_with_default_values"/>
    <testcase time="0.0470000000000006" classname="table_06" name="Table_06_generation_works_with_default_values"/>
    <testcase time="0.340999999999999" classname="table_06" name="Table_06_generation_works_with_default_values"/>
    <testcase time="0.0870000000000006" classname="table_06" name="Table_06_generation_works_with_default_values">
      <skipped message="Reason: On CRAN ('test-table_06.R:8:3')"/>
    </testcase>
    <testcase time="0.0139999999999993" classname="table_06" name="Table_06_generation_works_with_custom_values"/>
    <testcase time="0.00100000000000033" classname="table_06" name="Table_06_generation_works_with_custom_values"/>
    <testcase time="0.0449999999999999" classname="table_06" name="Table_06_generation_works_with_custom_values"/>
    <testcase time="0.609" classname="table_06" name="Table_06_generation_works_with_custom_values"/>
    <testcase time="0.113" classname="table_06" name="Table_06_generation_works_with_custom_values">
      <skipped message="Reason: On CRAN ('test-table_06.R:40:3')"/>
    </testcase>
  </testsuite>
  <testsuite name="table_07" timestamp="2023-06-23T06:28:13Z" hostname="31611f2c6da2" tests="18" skipped="3" failures="0" errors="0" time="1.356">
    <testcase time="0.0209999999999999" classname="table_07" name="Table_07_generation_works_with_default_values"/>
    <testcase time="0.000999999999999446" classname="table_07" name="Table_07_generation_works_with_default_values"/>
    <testcase time="0.00100000000000033" classname="table_07" name="Table_07_generation_works_with_default_values"/>
    <testcase time="0.0300000000000002" classname="table_07" name="Table_07_generation_works_with_default_values"/>
    <testcase time="0.274999999999999" classname="table_07" name="Table_07_generation_works_with_default_values"/>
    <testcase time="0.100000000000001" classname="table_07" name="Table_07_generation_works_with_default_values">
      <skipped message="Reason: On CRAN ('test-table_07.R:13:3')"/>
    </testcase>
    <testcase time="0.0140000000000002" classname="table_07" name="Table_07_generation_works_with_custom_values"/>
    <testcase time="0.000999999999999446" classname="table_07" name="Table_07_generation_works_with_custom_values"/>
    <testcase time="0.00100000000000033" classname="table_07" name="Table_07_generation_works_with_custom_values"/>
    <testcase time="0.0299999999999994" classname="table_07" name="Table_07_generation_works_with_custom_values"/>
    <testcase time="0.361000000000001" classname="table_07" name="Table_07_generation_works_with_custom_values"/>
    <testcase time="0.125" classname="table_07" name="Table_07_generation_works_with_custom_values">
      <skipped message="Reason: On CRAN ('test-table_07.R:42:3')"/>
    </testcase>
    <testcase time="0.0139999999999993" classname="table_07" name="Table_07_generation_works_with_NA_values_pruned_rows"/>
    <testcase time="0.00200000000000067" classname="table_07" name="Table_07_generation_works_with_NA_values_pruned_rows"/>
    <testcase time="0.000999999999999446" classname="table_07" name="Table_07_generation_works_with_NA_values_pruned_rows"/>
    <testcase time="0.0300000000000002" classname="table_07" name="Table_07_generation_works_with_NA_values_pruned_rows"/>
    <testcase time="0.245" classname="table_07" name="Table_07_generation_works_with_NA_values_pruned_rows"/>
    <testcase time="0.104" classname="table_07" name="Table_07_generation_works_with_NA_values_pruned_rows">
      <skipped message="Reason: On CRAN ('test-table_07.R:52:3')"/>
    </testcase>
  </testsuite>
  <testsuite name="table_08" timestamp="2023-06-23T06:28:15Z" hostname="31611f2c6da2" tests="8" skipped="2" failures="0" errors="0" time="0.343">
    <testcase time="0.0190000000000001" classname="table_08" name="Table_08_generation_works_with_default_values"/>
    <testcase time="0.000999999999999446" classname="table_08" name="Table_08_generation_works_with_default_values"/>
    <testcase time="0.0390000000000006" classname="table_08" name="Table_08_generation_works_with_default_values"/>
    <testcase time="0.0979999999999999" classname="table_08" name="Table_08_generation_works_with_default_values">
      <skipped message="Reason: On CRAN ('test-table_08.R:10:3')"/>
    </testcase>
    <testcase time="0.0140000000000002" classname="table_08" name="Table_08_generation_works_with_custom_values"/>
    <testcase time="0.000999999999999446" classname="table_08" name="Table_08_generation_works_with_custom_values"/>
    <testcase time="0.0350000000000001" classname="table_08" name="Table_08_generation_works_with_custom_values"/>
    <testcase time="0.136" classname="table_08" name="Table_08_generation_works_with_custom_values">
      <skipped message="Reason: On CRAN ('test-table_08.R:31:3')"/>
    </testcase>
  </testsuite>
  <testsuite name="table_09" timestamp="2023-06-23T06:28:15Z" hostname="31611f2c6da2" tests="8" skipped="2" failures="0" errors="0" time="0.734">
    <testcase time="0.0180000000000007" classname="table_09" name="Table_09_generation_works_with_default_values"/>
    <testcase time="0.032" classname="table_09" name="Table_09_generation_works_with_default_values"/>
    <testcase time="0.225" classname="table_09" name="Table_09_generation_works_with_default_values"/>
    <testcase time="0.0510000000000002" classname="table_09" name="Table_09_generation_works_with_default_values">
      <skipped message="Reason: On CRAN ('test-table_09.R:8:3')"/>
    </testcase>
    <testcase time="0.0329999999999995" classname="table_09" name="Table_09_generation_works_with_custom_values"/>
    <testcase time="0.032" classname="table_09" name="Table_09_generation_works_with_custom_values"/>
    <testcase time="0.282999999999999" classname="table_09" name="Table_09_generation_works_with_custom_values"/>
    <testcase time="0.0600000000000005" classname="table_09" name="Table_09_generation_works_with_custom_values">
      <skipped message="Reason: On CRAN ('test-table_09.R:39:3')"/>
    </testcase>
  </testsuite>
  <testsuite name="table_13" timestamp="2023-06-23T06:28:16Z" hostname="31611f2c6da2" tests="8" skipped="2" failures="0" errors="0" time="0.427">
    <testcase time="0.0180000000000007" classname="table_13" name="Table_13_generation_works_with_default_values"/>
    <testcase time="0.0409999999999986" classname="table_13" name="Table_13_generation_works_with_default_values"/>
    <testcase time="0.102" classname="table_13" name="Table_13_generation_works_with_default_values"/>
    <testcase time="0.0530000000000008" classname="table_13" name="Table_13_generation_works_with_default_values">
      <skipped message="Reason: On CRAN ('test-table_13.R:8:3')"/>
    </testcase>
    <testcase time="0.0139999999999993" classname="table_13" name="Table_13_generation_works_with_custom_values"/>
    <testcase time="0.0400000000000009" classname="table_13" name="Table_13_generation_works_with_custom_values"/>
    <testcase time="0.112" classname="table_13" name="Table_13_generation_works_with_custom_values"/>
    <testcase time="0.0469999999999988" classname="table_13" name="Table_13_generation_works_with_custom_values">
      <skipped message="Reason: On CRAN ('test-table_13.R:38:3')"/>
    </testcase>
  </testsuite>
  <testsuite name="table_14" timestamp="2023-06-23T06:28:16Z" hostname="31611f2c6da2" tests="10" skipped="3" failures="0" errors="0" time="1.778">
    <testcase time="0.0259999999999998" classname="table_14" name="Table_14_generation_works_with_default_values"/>
    <testcase time="0.436" classname="table_14" name="Table_14_generation_works_with_default_values"/>
    <testcase time="0.123000000000001" classname="table_14" name="Table_14_generation_works_with_default_values">
      <skipped message="Reason: On CRAN ('test-table_14.R:16:3')"/>
    </testcase>
    <testcase time="0.0139999999999993" classname="table_14" name="Table_14_generation_works_with_custom_values"/>
    <testcase time="0.0400000000000009" classname="table_14" name="Table_14_generation_works_with_custom_values"/>
    <testcase time="0.462" classname="table_14" name="Table_14_generation_works_with_custom_values"/>
    <testcase time="0.122999999999999" classname="table_14" name="Table_14_generation_works_with_custom_values">
      <skipped message="Reason: On CRAN ('test-table_14.R:46:3')"/>
    </testcase>
    <testcase time="0.0139999999999993" classname="table_14" name="Table_14_generation_works_with_NA_values_pruned_rows"/>
    <testcase time="0.448" classname="table_14" name="Table_14_generation_works_with_NA_values_pruned_rows"/>
    <testcase time="0.0920000000000005" classname="table_14" name="Table_14_generation_works_with_NA_values_pruned_rows">
      <skipped message="Reason: On CRAN ('test-table_14.R:53:3')"/>
    </testcase>
  </testsuite>
  <testsuite name="table_20" timestamp="2023-06-23T06:28:18Z" hostname="31611f2c6da2" tests="18" skipped="3" failures="0" errors="0" time="1.468">
    <testcase time="0.0220000000000002" classname="table_20" name="Table_20_generation_works_with_default_values"/>
    <testcase time="0.000999999999999446" classname="table_20" name="Table_20_generation_works_with_default_values"/>
    <testcase time="0.000999999999999446" classname="table_20" name="Table_20_generation_works_with_default_values"/>
    <testcase time="0.0340000000000007" classname="table_20" name="Table_20_generation_works_with_default_values"/>
    <testcase time="0.305" classname="table_20" name="Table_20_generation_works_with_default_values"/>
    <testcase time="0.072000000000001" classname="table_20" name="Table_20_generation_works_with_default_values">
      <skipped message="Reason: On CRAN ('test-table_20.R:17:3')"/>
    </testcase>
    <testcase time="0.0149999999999988" classname="table_20" name="Table_20_generation_works_with_custom_values"/>
    <testcase time="0.00100000000000122" classname="table_20" name="Table_20_generation_works_with_custom_values"/>
    <testcase time="0.000999999999999446" classname="table_20" name="Table_20_generation_works_with_custom_values"/>
    <testcase time="0.0350000000000001" classname="table_20" name="Table_20_generation_works_with_custom_values"/>
    <testcase time="0.470000000000001" classname="table_20" name="Table_20_generation_works_with_custom_values"/>
    <testcase time="0.0989999999999984" classname="table_20" name="Table_20_generation_works_with_custom_values">
      <skipped message="Reason: On CRAN ('test-table_20.R:65:3')"/>
    </testcase>
    <testcase time="0.0150000000000006" classname="table_20" name="Table_20_generation_works_with_missing_values_pruned_rows"/>
    <testcase time="0.000999999999999446" classname="table_20" name="Table_20_generation_works_with_missing_values_pruned_rows"/>
    <testcase time="0.00100000000000122" classname="table_20" name="Table_20_generation_works_with_missing_values_pruned_rows"/>
    <testcase time="0.0339999999999989" classname="table_20" name="Table_20_generation_works_with_missing_values_pruned_rows"/>
    <testcase time="0.291" classname="table_20" name="Table_20_generation_works_with_missing_values_pruned_rows"/>
    <testcase time="0.0700000000000003" classname="table_20" name="Table_20_generation_works_with_missing_values_pruned_rows">
      <skipped message="Reason: On CRAN ('test-table_20.R:74:3')"/>
    </testcase>
  </testsuite>
  <testsuite name="table_32" timestamp="2023-06-23T06:28:19Z" hostname="31611f2c6da2" tests="12" skipped="3" failures="0" errors="0" time="0.62">
    <testcase time="0.0190000000000001" classname="table_32" name="Table_32_generation_works_with_default_values"/>
    <testcase time="0.0510000000000002" classname="table_32" name="Table_32_generation_works_with_default_values"/>
    <testcase time="0.0920000000000005" classname="table_32" name="Table_32_generation_works_with_default_values"/>
    <testcase time="0.0389999999999997" classname="table_32" name="Table_32_generation_works_with_default_values">
      <skipped message="Reason: On CRAN ('test-table_32.R:8:3')"/>
    </testcase>
    <testcase time="0.0139999999999993" classname="table_32" name="Table_32_generation_works_with_custom_values"/>
    <testcase time="0.0589999999999993" classname="table_32" name="Table_32_generation_works_with_custom_values"/>
    <testcase time="0.112" classname="table_32" name="Table_32_generation_works_with_custom_values"/>
    <testcase time="0.0460000000000012" classname="table_32" name="Table_32_generation_works_with_custom_values">
      <skipped message="Reason: On CRAN ('test-table_32.R:30:3')"/>
    </testcase>
    <testcase time="0.0139999999999993" classname="table_32" name="Table_32_generation_works_with_pruned_rows"/>
    <testcase time="0.0510000000000002" classname="table_32" name="Table_32_generation_works_with_pruned_rows"/>
    <testcase time="0.093" classname="table_32" name="Table_32_generation_works_with_pruned_rows"/>
    <testcase time="0.0299999999999994" classname="table_32" name="Table_32_generation_works_with_pruned_rows">
      <skipped message="Reason: On CRAN ('test-table_32.R:37:3')"/>
    </testcase>
  </testsuite>
  <testsuite name="table_33" timestamp="2023-06-23T06:28:20Z" hostname="31611f2c6da2" tests="12" skipped="3" failures="0" errors="0" time="1.048">
    <testcase time="0.0190000000000001" classname="table_33" name="Table_33_generation_works_with_default_values"/>
    <testcase time="0.216000000000001" classname="table_33" name="Table_33_generation_works_with_default_values"/>
    <testcase time="0.077" classname="table_33" name="Table_33_generation_works_with_default_values"/>
    <testcase time="0.0280000000000005" classname="table_33" name="Table_33_generation_works_with_default_values">
      <skipped message="Reason: On CRAN ('test-table_33.R:8:3')"/>
    </testcase>
    <testcase time="0.0139999999999993" classname="table_33" name="Table_33_generation_works_with_custom_values"/>
    <testcase time="0.214" classname="table_33" name="Table_33_generation_works_with_custom_values"/>
    <testcase time="0.111000000000001" classname="table_33" name="Table_33_generation_works_with_custom_values"/>
    <testcase time="0.0350000000000001" classname="table_33" name="Table_33_generation_works_with_custom_values">
      <skipped message="Reason: On CRAN ('test-table_33.R:34:3')"/>
    </testcase>
    <testcase time="0.0139999999999993" classname="table_33" name="Table_33_generation_works_with_pruned_rows"/>
    <testcase time="0.218999999999999" classname="table_33" name="Table_33_generation_works_with_pruned_rows"/>
    <testcase time="0.0750000000000011" classname="table_33" name="Table_33_generation_works_with_pruned_rows"/>
    <testcase time="0.0259999999999998" classname="table_33" name="Table_33_generation_works_with_pruned_rows">
      <skipped message="Reason: On CRAN ('test-table_33.R:42:3')"/>
    </testcase>
  </testsuite>
</testsuites>
