<?xml version="1.0" encoding="UTF-8"?>
<testsuites>
  <testsuite name="table_02" timestamp="2023-07-18T12:14:25Z" hostname="a53de5a4f1ee" tests="9" skipped="3" failures="0" errors="0" time="1.6">
    <testcase time="0.0510000000000002" classname="table_02" name="Table_02_generation_works_with_default_values"/>
    <testcase time="0.536" classname="table_02" name="Table_02_generation_works_with_default_values"/>
    <testcase time="0.197" classname="table_02" name="Table_02_generation_works_with_default_values">
      <skipped message="Reason: On CRAN ('test-table_02.R:16:3')"/>
    </testcase>
    <testcase time="0.0869999999999997" classname="table_02" name="Table_02_generation_works_with_custom_values"/>
    <testcase time="0.363" classname="table_02" name="Table_02_generation_works_with_custom_values"/>
    <testcase time="0.192" classname="table_02" name="Table_02_generation_works_with_custom_values">
      <skipped message="Reason: On CRAN ('test-table_02.R:45:3')"/>
    </testcase>
    <testcase time="0.048" classname="table_02" name="Table_02_generation_works_with_some_NA_values"/>
    <testcase time="0.0830000000000002" classname="table_02" name="Table_02_generation_works_with_some_NA_values"/>
    <testcase time="0.0429999999999993" classname="table_02" name="Table_02_generation_works_with_some_NA_values">
      <skipped message="Reason: On CRAN ('test-table_02.R:57:3')"/>
    </testcase>
  </testsuite>
  <testsuite name="table_05" timestamp="2023-07-18T12:14:27Z" hostname="a53de5a4f1ee" tests="9" skipped="3" failures="0" errors="0" time="1.039">
    <testcase time="0.168" classname="table_05" name="Table_05_generation_works_with_default_values"/>
    <testcase time="0.251" classname="table_05" name="Table_05_generation_works_with_default_values"/>
    <testcase time="0.0649999999999995" classname="table_05" name="Table_05_generation_works_with_default_values">
      <skipped message="Reason: On CRAN ('test-table_05.R:10:3')"/>
    </testcase>
    <testcase time="0.0150000000000006" classname="table_05" name="Table_05_generation_works_with_custom_values"/>
    <testcase time="0.224" classname="table_05" name="Table_05_generation_works_with_custom_values"/>
    <testcase time="0.0739999999999998" classname="table_05" name="Table_05_generation_works_with_custom_values">
      <skipped message="Reason: On CRAN ('test-table_05.R:34:3')"/>
    </testcase>
    <testcase time="0.016" classname="table_05" name="Table_05_generation_works_with_NA_values_pruned_rows"/>
    <testcase time="0.163" classname="table_05" name="Table_05_generation_works_with_NA_values_pruned_rows"/>
    <testcase time="0.0629999999999997" classname="table_05" name="Table_05_generation_works_with_NA_values_pruned_rows">
      <skipped message="Reason: On CRAN ('test-table_05.R:44:3')"/>
    </testcase>
  </testsuite>
  <testsuite name="table_06" timestamp="2023-07-18T12:14:27Z" hostname="a53de5a4f1ee" tests="10" skipped="2" failures="0" errors="0" time="1.337">
    <testcase time="0.0300000000000002" classname="table_06" name="Table_06_generation_works_with_default_values"/>
    <testcase time="0.000999999999999446" classname="table_06" name="Table_06_generation_works_with_default_values"/>
    <testcase time="0.048" classname="table_06" name="Table_06_generation_works_with_default_values"/>
    <testcase time="0.352" classname="table_06" name="Table_06_generation_works_with_default_values"/>
    <testcase time="0.0880000000000001" classname="table_06" name="Table_06_generation_works_with_default_values">
      <skipped message="Reason: On CRAN ('test-table_06.R:8:3')"/>
    </testcase>
    <testcase time="0.0149999999999997" classname="table_06" name="Table_06_generation_works_with_custom_values"/>
    <testcase time="0.00100000000000033" classname="table_06" name="Table_06_generation_works_with_custom_values"/>
    <testcase time="0.0459999999999994" classname="table_06" name="Table_06_generation_works_with_custom_values"/>
    <testcase time="0.641" classname="table_06" name="Table_06_generation_works_with_custom_values"/>
    <testcase time="0.115" classname="table_06" name="Table_06_generation_works_with_custom_values">
      <skipped message="Reason: On CRAN ('test-table_06.R:40:3')"/>
    </testcase>
  </testsuite>
  <testsuite name="table_07" timestamp="2023-07-18T12:14:29Z" hostname="a53de5a4f1ee" tests="18" skipped="3" failures="0" errors="0" time="1.397">
    <testcase time="0.0220000000000002" classname="table_07" name="Table_07_generation_works_with_default_values"/>
    <testcase time="0.000999999999999446" classname="table_07" name="Table_07_generation_works_with_default_values"/>
    <testcase time="0.00100000000000033" classname="table_07" name="Table_07_generation_works_with_default_values"/>
    <testcase time="0.0300000000000002" classname="table_07" name="Table_07_generation_works_with_default_values"/>
    <testcase time="0.286" classname="table_07" name="Table_07_generation_works_with_default_values"/>
    <testcase time="0.104" classname="table_07" name="Table_07_generation_works_with_default_values">
      <skipped message="Reason: On CRAN ('test-table_07.R:13:3')"/>
    </testcase>
    <testcase time="0.0140000000000002" classname="table_07" name="Table_07_generation_works_with_custom_values"/>
    <testcase time="0.00100000000000033" classname="table_07" name="Table_07_generation_works_with_custom_values"/>
    <testcase time="0.000999999999999446" classname="table_07" name="Table_07_generation_works_with_custom_values"/>
    <testcase time="0.0310000000000006" classname="table_07" name="Table_07_generation_works_with_custom_values"/>
    <testcase time="0.372999999999999" classname="table_07" name="Table_07_generation_works_with_custom_values"/>
    <testcase time="0.128" classname="table_07" name="Table_07_generation_works_with_custom_values">
      <skipped message="Reason: On CRAN ('test-table_07.R:42:3')"/>
    </testcase>
    <testcase time="0.0140000000000002" classname="table_07" name="Table_07_generation_works_with_NA_values_pruned_rows"/>
    <testcase time="0.00100000000000033" classname="table_07" name="Table_07_generation_works_with_NA_values_pruned_rows"/>
    <testcase time="0.000999999999999446" classname="table_07" name="Table_07_generation_works_with_NA_values_pruned_rows"/>
    <testcase time="0.0310000000000006" classname="table_07" name="Table_07_generation_works_with_NA_values_pruned_rows"/>
    <testcase time="0.25" classname="table_07" name="Table_07_generation_works_with_NA_values_pruned_rows"/>
    <testcase time="0.108" classname="table_07" name="Table_07_generation_works_with_NA_values_pruned_rows">
      <skipped message="Reason: On CRAN ('test-table_07.R:52:3')"/>
    </testcase>
  </testsuite>
  <testsuite name="table_08" timestamp="2023-07-18T12:14:30Z" hostname="a53de5a4f1ee" tests="8" skipped="2" failures="0" errors="0" time="0.354">
    <testcase time="0.0199999999999996" classname="table_08" name="Table_08_generation_works_with_default_values"/>
    <testcase time="0.00100000000000033" classname="table_08" name="Table_08_generation_works_with_default_values"/>
    <testcase time="0.04" classname="table_08" name="Table_08_generation_works_with_default_values"/>
    <testcase time="0.101999999999999" classname="table_08" name="Table_08_generation_works_with_default_values">
      <skipped message="Reason: On CRAN ('test-table_08.R:10:3')"/>
    </testcase>
    <testcase time="0.0150000000000006" classname="table_08" name="Table_08_generation_works_with_custom_values"/>
    <testcase time="0.000999999999999446" classname="table_08" name="Table_08_generation_works_with_custom_values"/>
    <testcase time="0.0350000000000001" classname="table_08" name="Table_08_generation_works_with_custom_values"/>
    <testcase time="0.140000000000001" classname="table_08" name="Table_08_generation_works_with_custom_values">
      <skipped message="Reason: On CRAN ('test-table_08.R:31:3')"/>
    </testcase>
  </testsuite>
  <testsuite name="table_09" timestamp="2023-07-18T12:14:31Z" hostname="a53de5a4f1ee" tests="8" skipped="2" failures="0" errors="0" time="0.763">
    <testcase time="0.0190000000000001" classname="table_09" name="Table_09_generation_works_with_default_values"/>
    <testcase time="0.0310000000000006" classname="table_09" name="Table_09_generation_works_with_default_values"/>
    <testcase time="0.233000000000001" classname="table_09" name="Table_09_generation_works_with_default_values"/>
    <testcase time="0.0539999999999985" classname="table_09" name="Table_09_generation_works_with_default_values">
      <skipped message="Reason: On CRAN ('test-table_09.R:8:3')"/>
    </testcase>
    <testcase time="0.0150000000000006" classname="table_09" name="Table_09_generation_works_with_custom_values"/>
    <testcase time="0.0530000000000008" classname="table_09" name="Table_09_generation_works_with_custom_values"/>
    <testcase time="0.298" classname="table_09" name="Table_09_generation_works_with_custom_values"/>
    <testcase time="0.0599999999999987" classname="table_09" name="Table_09_generation_works_with_custom_values">
      <skipped message="Reason: On CRAN ('test-table_09.R:39:3')"/>
    </testcase>
  </testsuite>
  <testsuite name="table_13" timestamp="2023-07-18T12:14:31Z" hostname="a53de5a4f1ee" tests="8" skipped="2" failures="0" errors="0" time="0.435">
    <testcase time="0.0190000000000001" classname="table_13" name="Table_13_generation_works_with_default_values"/>
    <testcase time="0.0400000000000009" classname="table_13" name="Table_13_generation_works_with_default_values"/>
    <testcase time="0.106" classname="table_13" name="Table_13_generation_works_with_default_values"/>
    <testcase time="0.0540000000000003" classname="table_13" name="Table_13_generation_works_with_default_values">
      <skipped message="Reason: On CRAN ('test-table_13.R:8:3')"/>
    </testcase>
    <testcase time="0.0139999999999993" classname="table_13" name="Table_13_generation_works_with_custom_values"/>
    <testcase time="0.0399999999999991" classname="table_13" name="Table_13_generation_works_with_custom_values"/>
    <testcase time="0.114000000000001" classname="table_13" name="Table_13_generation_works_with_custom_values"/>
    <testcase time="0.048" classname="table_13" name="Table_13_generation_works_with_custom_values">
      <skipped message="Reason: On CRAN ('test-table_13.R:38:3')"/>
    </testcase>
  </testsuite>
  <testsuite name="table_14" timestamp="2023-07-18T12:14:32Z" hostname="a53de5a4f1ee" tests="10" skipped="3" failures="0" errors="0" time="1.814">
    <testcase time="0.0269999999999992" classname="table_14" name="Table_14_generation_works_with_default_values"/>
    <testcase time="0.445" classname="table_14" name="Table_14_generation_works_with_default_values"/>
    <testcase time="0.126000000000001" classname="table_14" name="Table_14_generation_works_with_default_values">
      <skipped message="Reason: On CRAN ('test-table_14.R:16:3')"/>
    </testcase>
    <testcase time="0.0139999999999993" classname="table_14" name="Table_14_generation_works_with_custom_values"/>
    <testcase time="0.0410000000000004" classname="table_14" name="Table_14_generation_works_with_custom_values"/>
    <testcase time="0.474" classname="table_14" name="Table_14_generation_works_with_custom_values"/>
    <testcase time="0.126999999999999" classname="table_14" name="Table_14_generation_works_with_custom_values">
      <skipped message="Reason: On CRAN ('test-table_14.R:46:3')"/>
    </testcase>
    <testcase time="0.0140000000000011" classname="table_14" name="Table_14_generation_works_with_NA_values_pruned_rows"/>
    <testcase time="0.452" classname="table_14" name="Table_14_generation_works_with_NA_values_pruned_rows"/>
    <testcase time="0.0939999999999994" classname="table_14" name="Table_14_generation_works_with_NA_values_pruned_rows">
      <skipped message="Reason: On CRAN ('test-table_14.R:53:3')"/>
    </testcase>
  </testsuite>
  <testsuite name="table_20" timestamp="2023-07-18T12:14:34Z" hostname="a53de5a4f1ee" tests="18" skipped="3" failures="0" errors="0" time="1.496">
    <testcase time="0.0229999999999997" classname="table_20" name="Table_20_generation_works_with_default_values"/>
    <testcase time="0.000999999999999446" classname="table_20" name="Table_20_generation_works_with_default_values"/>
    <testcase time="0.00100000000000122" classname="table_20" name="Table_20_generation_works_with_default_values"/>
    <testcase time="0.0350000000000001" classname="table_20" name="Table_20_generation_works_with_default_values"/>
    <testcase time="0.314" classname="table_20" name="Table_20_generation_works_with_default_values"/>
    <testcase time="0.0729999999999986" classname="table_20" name="Table_20_generation_works_with_default_values">
      <skipped message="Reason: On CRAN ('test-table_20.R:17:3')"/>
    </testcase>
    <testcase time="0.0140000000000011" classname="table_20" name="Table_20_generation_works_with_custom_values"/>
    <testcase time="0.000999999999999446" classname="table_20" name="Table_20_generation_works_with_custom_values"/>
    <testcase time="0.000999999999999446" classname="table_20" name="Table_20_generation_works_with_custom_values"/>
    <testcase time="0.0350000000000001" classname="table_20" name="Table_20_generation_works_with_custom_values"/>
    <testcase time="0.476000000000001" classname="table_20" name="Table_20_generation_works_with_custom_values"/>
    <testcase time="0.100999999999999" classname="table_20" name="Table_20_generation_works_with_custom_values">
      <skipped message="Reason: On CRAN ('test-table_20.R:65:3')"/>
    </testcase>
    <testcase time="0.0150000000000006" classname="table_20" name="Table_20_generation_works_with_missing_values_pruned_rows"/>
    <testcase time="0.000999999999999446" classname="table_20" name="Table_20_generation_works_with_missing_values_pruned_rows"/>
    <testcase time="0.00100000000000122" classname="table_20" name="Table_20_generation_works_with_missing_values_pruned_rows"/>
    <testcase time="0.0339999999999989" classname="table_20" name="Table_20_generation_works_with_missing_values_pruned_rows"/>
    <testcase time="0.297000000000001" classname="table_20" name="Table_20_generation_works_with_missing_values_pruned_rows"/>
    <testcase time="0.0730000000000004" classname="table_20" name="Table_20_generation_works_with_missing_values_pruned_rows">
      <skipped message="Reason: On CRAN ('test-table_20.R:74:3')"/>
    </testcase>
  </testsuite>
  <testsuite name="table_32" timestamp="2023-07-18T12:14:35Z" hostname="a53de5a4f1ee" tests="12" skipped="3" failures="0" errors="0" time="0.633">
    <testcase time="0.0190000000000001" classname="table_32" name="Table_32_generation_works_with_default_values"/>
    <testcase time="0.0510000000000002" classname="table_32" name="Table_32_generation_works_with_default_values"/>
    <testcase time="0.0949999999999989" classname="table_32" name="Table_32_generation_works_with_default_values"/>
    <testcase time="0.0389999999999997" classname="table_32" name="Table_32_generation_works_with_default_values">
      <skipped message="Reason: On CRAN ('test-table_32.R:8:3')"/>
    </testcase>
    <testcase time="0.0150000000000006" classname="table_32" name="Table_32_generation_works_with_custom_values"/>
    <testcase time="0.0600000000000005" classname="table_32" name="Table_32_generation_works_with_custom_values"/>
    <testcase time="0.114000000000001" classname="table_32" name="Table_32_generation_works_with_custom_values"/>
    <testcase time="0.0469999999999988" classname="table_32" name="Table_32_generation_works_with_custom_values">
      <skipped message="Reason: On CRAN ('test-table_32.R:30:3')"/>
    </testcase>
    <testcase time="0.0140000000000011" classname="table_32" name="Table_32_generation_works_with_pruned_rows"/>
    <testcase time="0.052999999999999" classname="table_32" name="Table_32_generation_works_with_pruned_rows"/>
    <testcase time="0.0970000000000013" classname="table_32" name="Table_32_generation_works_with_pruned_rows"/>
    <testcase time="0.0289999999999999" classname="table_32" name="Table_32_generation_works_with_pruned_rows">
      <skipped message="Reason: On CRAN ('test-table_32.R:37:3')"/>
    </testcase>
  </testsuite>
  <testsuite name="table_33" timestamp="2023-07-18T12:14:36Z" hostname="a53de5a4f1ee" tests="12" skipped="3" failures="0" errors="0" time="1.068">
    <testcase time="0.0199999999999996" classname="table_33" name="Table_33_generation_works_with_default_values"/>
    <testcase time="0.215999999999999" classname="table_33" name="Table_33_generation_works_with_default_values"/>
    <testcase time="0.0780000000000012" classname="table_33" name="Table_33_generation_works_with_default_values"/>
    <testcase time="0.0299999999999994" classname="table_33" name="Table_33_generation_works_with_default_values">
      <skipped message="Reason: On CRAN ('test-table_33.R:8:3')"/>
    </testcase>
    <testcase time="0.0150000000000006" classname="table_33" name="Table_33_generation_works_with_custom_values"/>
    <testcase time="0.216999999999999" classname="table_33" name="Table_33_generation_works_with_custom_values"/>
    <testcase time="0.116" classname="table_33" name="Table_33_generation_works_with_custom_values"/>
    <testcase time="0.0360000000000014" classname="table_33" name="Table_33_generation_works_with_custom_values">
      <skipped message="Reason: On CRAN ('test-table_33.R:34:3')"/>
    </testcase>
    <testcase time="0.016" classname="table_33" name="Table_33_generation_works_with_pruned_rows"/>
    <testcase time="0.219999999999999" classname="table_33" name="Table_33_generation_works_with_pruned_rows"/>
    <testcase time="0.0780000000000012" classname="table_33" name="Table_33_generation_works_with_pruned_rows"/>
    <testcase time="0.0259999999999998" classname="table_33" name="Table_33_generation_works_with_pruned_rows">
      <skipped message="Reason: On CRAN ('test-table_33.R:42:3')"/>
    </testcase>
  </testsuite>
</testsuites>
