<?xml version="1.0" encoding="UTF-8"?>
<testsuites>
  <testsuite name="table_02" timestamp="2023-06-07T19:06:13Z" hostname="54aea7b7d5c2" tests="9" skipped="3" failures="0" errors="0" time="2.761">
    <testcase time="0.327" classname="table_02" name="Table_02_generation_works_with_default_values"/>
    <testcase time="0.81" classname="table_02" name="Table_02_generation_works_with_default_values"/>
    <testcase time="0.336" classname="table_02" name="Table_02_generation_works_with_default_values">
      <skipped message="Reason: On CRAN ('test-table_02.R:16:3')"/>
    </testcase>
    <testcase time="0.0999999999999996" classname="table_02" name="Table_02_generation_works_with_custom_values"/>
    <testcase time="0.602" classname="table_02" name="Table_02_generation_works_with_custom_values"/>
    <testcase time="0.311999999999999" classname="table_02" name="Table_02_generation_works_with_custom_values">
      <skipped message="Reason: On CRAN ('test-table_02.R:45:3')"/>
    </testcase>
    <testcase time="0.0750000000000002" classname="table_02" name="Table_02_generation_works_with_some_NA_values"/>
    <testcase time="0.134" classname="table_02" name="Table_02_generation_works_with_some_NA_values"/>
    <testcase time="0.0649999999999995" classname="table_02" name="Table_02_generation_works_with_some_NA_values">
      <skipped message="Reason: On CRAN ('test-table_02.R:57:3')"/>
    </testcase>
  </testsuite>
  <testsuite name="table_05" timestamp="2023-06-07T19:06:15Z" hostname="54aea7b7d5c2" tests="9" skipped="3" failures="0" errors="0" time="1.61">
    <testcase time="0.239000000000001" classname="table_05" name="Table_05_generation_works_with_default_values"/>
    <testcase time="0.404" classname="table_05" name="Table_05_generation_works_with_default_values"/>
    <testcase time="0.106999999999999" classname="table_05" name="Table_05_generation_works_with_default_values">
      <skipped message="Reason: On CRAN ('test-table_05.R:10:3')"/>
    </testcase>
    <testcase time="0.0180000000000007" classname="table_05" name="Table_05_generation_works_with_custom_values"/>
    <testcase time="0.351" classname="table_05" name="Table_05_generation_works_with_custom_values"/>
    <testcase time="0.127999999999999" classname="table_05" name="Table_05_generation_works_with_custom_values">
      <skipped message="Reason: On CRAN ('test-table_05.R:34:3')"/>
    </testcase>
    <testcase time="0.0200000000000014" classname="table_05" name="Table_05_generation_works_with_NA_values_pruned_rows"/>
    <testcase time="0.241999999999999" classname="table_05" name="Table_05_generation_works_with_NA_values_pruned_rows"/>
    <testcase time="0.101000000000001" classname="table_05" name="Table_05_generation_works_with_NA_values_pruned_rows">
      <skipped message="Reason: On CRAN ('test-table_05.R:44:3')"/>
    </testcase>
  </testsuite>
  <testsuite name="table_06" timestamp="2023-06-07T19:06:17Z" hostname="54aea7b7d5c2" tests="10" skipped="2" failures="0" errors="0" time="1.745">
    <testcase time="0.0499999999999989" classname="table_06" name="Table_06_generation_works_with_default_values"/>
    <testcase time="0.00200000000000067" classname="table_06" name="Table_06_generation_works_with_default_values"/>
    <testcase time="0.0709999999999997" classname="table_06" name="Table_06_generation_works_with_default_values"/>
    <testcase time="0.518000000000001" classname="table_06" name="Table_06_generation_works_with_default_values"/>
    <testcase time="0.132999999999999" classname="table_06" name="Table_06_generation_works_with_default_values">
      <skipped message="Reason: On CRAN ('test-table_06.R:8:3')"/>
    </testcase>
    <testcase time="0.0190000000000001" classname="table_06" name="Table_06_generation_works_with_custom_values"/>
    <testcase time="0.00200000000000067" classname="table_06" name="Table_06_generation_works_with_custom_values"/>
    <testcase time="0.0809999999999995" classname="table_06" name="Table_06_generation_works_with_custom_values"/>
    <testcase time="0.674999999999999" classname="table_06" name="Table_06_generation_works_with_custom_values"/>
    <testcase time="0.194000000000001" classname="table_06" name="Table_06_generation_works_with_custom_values">
      <skipped message="Reason: On CRAN ('test-table_06.R:40:3')"/>
    </testcase>
  </testsuite>
  <testsuite name="table_07" timestamp="2023-06-07T19:06:18Z" hostname="54aea7b7d5c2" tests="18" skipped="3" failures="0" errors="0" time="2.303">
    <testcase time="0.0310000000000006" classname="table_07" name="Table_07_generation_works_with_default_values"/>
    <testcase time="0.00199999999999889" classname="table_07" name="Table_07_generation_works_with_default_values"/>
    <testcase time="0.00100000000000122" classname="table_07" name="Table_07_generation_works_with_default_values"/>
    <testcase time="0.0559999999999992" classname="table_07" name="Table_07_generation_works_with_default_values"/>
    <testcase time="0.458" classname="table_07" name="Table_07_generation_works_with_default_values"/>
    <testcase time="0.177" classname="table_07" name="Table_07_generation_works_with_default_values">
      <skipped message="Reason: On CRAN ('test-table_07.R:13:3')"/>
    </testcase>
    <testcase time="0.0180000000000007" classname="table_07" name="Table_07_generation_works_with_custom_values"/>
    <testcase time="0.00199999999999889" classname="table_07" name="Table_07_generation_works_with_custom_values"/>
    <testcase time="0.00200000000000067" classname="table_07" name="Table_07_generation_works_with_custom_values"/>
    <testcase time="0.0560000000000009" classname="table_07" name="Table_07_generation_works_with_custom_values"/>
    <testcase time="0.626999999999999" classname="table_07" name="Table_07_generation_works_with_custom_values"/>
    <testcase time="0.216000000000001" classname="table_07" name="Table_07_generation_works_with_custom_values">
      <skipped message="Reason: On CRAN ('test-table_07.R:42:3')"/>
    </testcase>
    <testcase time="0.0179999999999989" classname="table_07" name="Table_07_generation_works_with_NA_values_pruned_rows"/>
    <testcase time="0.00200000000000067" classname="table_07" name="Table_07_generation_works_with_NA_values_pruned_rows"/>
    <testcase time="0.00199999999999889" classname="table_07" name="Table_07_generation_works_with_NA_values_pruned_rows"/>
    <testcase time="0.0560000000000009" classname="table_07" name="Table_07_generation_works_with_NA_values_pruned_rows"/>
    <testcase time="0.409000000000001" classname="table_07" name="Table_07_generation_works_with_NA_values_pruned_rows"/>
    <testcase time="0.17" classname="table_07" name="Table_07_generation_works_with_NA_values_pruned_rows">
      <skipped message="Reason: On CRAN ('test-table_07.R:52:3')"/>
    </testcase>
  </testsuite>
  <testsuite name="table_08" timestamp="2023-06-07T19:06:21Z" hostname="54aea7b7d5c2" tests="8" skipped="2" failures="0" errors="0" time="0.598">
    <testcase time="0.0269999999999992" classname="table_08" name="Table_08_generation_works_with_default_values"/>
    <testcase time="0.00200000000000067" classname="table_08" name="Table_08_generation_works_with_default_values"/>
    <testcase time="0.0609999999999999" classname="table_08" name="Table_08_generation_works_with_default_values"/>
    <testcase time="0.170999999999999" classname="table_08" name="Table_08_generation_works_with_default_values">
      <skipped message="Reason: On CRAN ('test-table_08.R:10:3')"/>
    </testcase>
    <testcase time="0.0169999999999995" classname="table_08" name="Table_08_generation_works_with_custom_values"/>
    <testcase time="0.00200000000000067" classname="table_08" name="Table_08_generation_works_with_custom_values"/>
    <testcase time="0.052999999999999" classname="table_08" name="Table_08_generation_works_with_custom_values"/>
    <testcase time="0.265000000000001" classname="table_08" name="Table_08_generation_works_with_custom_values">
      <skipped message="Reason: On CRAN ('test-table_08.R:31:3')"/>
    </testcase>
  </testsuite>
  <testsuite name="table_09" timestamp="2023-06-07T19:06:21Z" hostname="54aea7b7d5c2" tests="8" skipped="2" failures="0" errors="0" time="1.153">
    <testcase time="0.0259999999999998" classname="table_09" name="Table_09_generation_works_with_default_values"/>
    <testcase time="0.0519999999999996" classname="table_09" name="Table_09_generation_works_with_default_values"/>
    <testcase time="0.382000000000001" classname="table_09" name="Table_09_generation_works_with_default_values"/>
    <testcase time="0.0879999999999992" classname="table_09" name="Table_09_generation_works_with_default_values">
      <skipped message="Reason: On CRAN ('test-table_09.R:8:3')"/>
    </testcase>
    <testcase time="0.0180000000000007" classname="table_09" name="Table_09_generation_works_with_custom_values"/>
    <testcase time="0.0570000000000004" classname="table_09" name="Table_09_generation_works_with_custom_values"/>
    <testcase time="0.43" classname="table_09" name="Table_09_generation_works_with_custom_values"/>
    <testcase time="0.0999999999999996" classname="table_09" name="Table_09_generation_works_with_custom_values">
      <skipped message="Reason: On CRAN ('test-table_09.R:39:3')"/>
    </testcase>
  </testsuite>
  <testsuite name="table_13" timestamp="2023-06-07T19:06:23Z" hostname="54aea7b7d5c2" tests="8" skipped="2" failures="0" errors="0" time="0.685">
    <testcase time="0.0310000000000006" classname="table_13" name="Table_13_generation_works_with_default_values"/>
    <testcase time="0.0689999999999991" classname="table_13" name="Table_13_generation_works_with_default_values"/>
    <testcase time="0.154" classname="table_13" name="Table_13_generation_works_with_default_values"/>
    <testcase time="0.093" classname="table_13" name="Table_13_generation_works_with_default_values">
      <skipped message="Reason: On CRAN ('test-table_13.R:8:3')"/>
    </testcase>
    <testcase time="0.0180000000000007" classname="table_13" name="Table_13_generation_works_with_custom_values"/>
    <testcase time="0.0660000000000007" classname="table_13" name="Table_13_generation_works_with_custom_values"/>
    <testcase time="0.186999999999999" classname="table_13" name="Table_13_generation_works_with_custom_values"/>
    <testcase time="0.0670000000000002" classname="table_13" name="Table_13_generation_works_with_custom_values">
      <skipped message="Reason: On CRAN ('test-table_13.R:38:3')"/>
    </testcase>
  </testsuite>
  <testsuite name="table_14" timestamp="2023-06-07T19:06:23Z" hostname="54aea7b7d5c2" tests="10" skipped="3" failures="0" errors="0" time="2.817">
    <testcase time="0.0359999999999996" classname="table_14" name="Table_14_generation_works_with_default_values"/>
    <testcase time="0.693" classname="table_14" name="Table_14_generation_works_with_default_values"/>
    <testcase time="0.207000000000001" classname="table_14" name="Table_14_generation_works_with_default_values">
      <skipped message="Reason: On CRAN ('test-table_14.R:16:3')"/>
    </testcase>
    <testcase time="0.0190000000000001" classname="table_14" name="Table_14_generation_works_with_custom_values"/>
    <testcase time="0.0630000000000006" classname="table_14" name="Table_14_generation_works_with_custom_values"/>
    <testcase time="0.724999999999998" classname="table_14" name="Table_14_generation_works_with_custom_values"/>
    <testcase time="0.208000000000002" classname="table_14" name="Table_14_generation_works_with_custom_values">
      <skipped message="Reason: On CRAN ('test-table_14.R:46:3')"/>
    </testcase>
    <testcase time="0.0180000000000007" classname="table_14" name="Table_14_generation_works_with_NA_values_pruned_rows"/>
    <testcase time="0.695" classname="table_14" name="Table_14_generation_works_with_NA_values_pruned_rows"/>
    <testcase time="0.152999999999999" classname="table_14" name="Table_14_generation_works_with_NA_values_pruned_rows">
      <skipped message="Reason: On CRAN ('test-table_14.R:53:3')"/>
    </testcase>
  </testsuite>
  <testsuite name="table_20" timestamp="2023-06-07T19:06:26Z" hostname="54aea7b7d5c2" tests="18" skipped="3" failures="0" errors="0" time="2.321">
    <testcase time="0.0300000000000011" classname="table_20" name="Table_20_generation_works_with_default_values"/>
    <testcase time="0.00199999999999889" classname="table_20" name="Table_20_generation_works_with_default_values"/>
    <testcase time="0.00100000000000122" classname="table_20" name="Table_20_generation_works_with_default_values"/>
    <testcase time="0.0579999999999998" classname="table_20" name="Table_20_generation_works_with_default_values"/>
    <testcase time="0.486999999999998" classname="table_20" name="Table_20_generation_works_with_default_values"/>
    <testcase time="0.122" classname="table_20" name="Table_20_generation_works_with_default_values">
      <skipped message="Reason: On CRAN ('test-table_20.R:17:3')"/>
    </testcase>
    <testcase time="0.0180000000000007" classname="table_20" name="Table_20_generation_works_with_custom_values"/>
    <testcase time="0.00199999999999889" classname="table_20" name="Table_20_generation_works_with_custom_values"/>
    <testcase time="0.00200000000000244" classname="table_20" name="Table_20_generation_works_with_custom_values"/>
    <testcase time="0.0579999999999998" classname="table_20" name="Table_20_generation_works_with_custom_values"/>
    <testcase time="0.722999999999999" classname="table_20" name="Table_20_generation_works_with_custom_values"/>
    <testcase time="0.173999999999999" classname="table_20" name="Table_20_generation_works_with_custom_values">
      <skipped message="Reason: On CRAN ('test-table_20.R:65:3')"/>
    </testcase>
    <testcase time="0.0169999999999995" classname="table_20" name="Table_20_generation_works_with_missing_values_pruned_rows"/>
    <testcase time="0.00100000000000122" classname="table_20" name="Table_20_generation_works_with_missing_values_pruned_rows"/>
    <testcase time="0.00199999999999889" classname="table_20" name="Table_20_generation_works_with_missing_values_pruned_rows"/>
    <testcase time="0.0579999999999998" classname="table_20" name="Table_20_generation_works_with_missing_values_pruned_rows"/>
    <testcase time="0.448" classname="table_20" name="Table_20_generation_works_with_missing_values_pruned_rows"/>
    <testcase time="0.117999999999999" classname="table_20" name="Table_20_generation_works_with_missing_values_pruned_rows">
      <skipped message="Reason: On CRAN ('test-table_20.R:74:3')"/>
    </testcase>
  </testsuite>
  <testsuite name="table_32" timestamp="2023-06-07T19:06:28Z" hostname="54aea7b7d5c2" tests="12" skipped="3" failures="0" errors="0" time="1.278">
    <testcase time="0.0250000000000021" classname="table_32" name="Table_32_generation_works_with_default_values"/>
    <testcase time="0.0849999999999973" classname="table_32" name="Table_32_generation_works_with_default_values"/>
    <testcase time="0.148" classname="table_32" name="Table_32_generation_works_with_default_values"/>
    <testcase time="0.0620000000000012" classname="table_32" name="Table_32_generation_works_with_default_values">
      <skipped message="Reason: On CRAN ('test-table_32.R:8:3')"/>
    </testcase>
    <testcase time="0.0190000000000019" classname="table_32" name="Table_32_generation_works_with_custom_values"/>
    <testcase time="0.387999999999998" classname="table_32" name="Table_32_generation_works_with_custom_values"/>
    <testcase time="0.173999999999999" classname="table_32" name="Table_32_generation_works_with_custom_values"/>
    <testcase time="0.0790000000000006" classname="table_32" name="Table_32_generation_works_with_custom_values">
      <skipped message="Reason: On CRAN ('test-table_32.R:30:3')"/>
    </testcase>
    <testcase time="0.0199999999999996" classname="table_32" name="Table_32_generation_works_with_pruned_rows"/>
    <testcase time="0.0710000000000015" classname="table_32" name="Table_32_generation_works_with_pruned_rows"/>
    <testcase time="0.158999999999999" classname="table_32" name="Table_32_generation_works_with_pruned_rows"/>
    <testcase time="0.0480000000000018" classname="table_32" name="Table_32_generation_works_with_pruned_rows">
      <skipped message="Reason: On CRAN ('test-table_32.R:37:3')"/>
    </testcase>
  </testsuite>
  <testsuite name="table_33" timestamp="2023-06-07T19:06:30Z" hostname="54aea7b7d5c2" tests="12" skipped="3" failures="0" errors="0" time="1.805">
    <testcase time="0.032" classname="table_33" name="Table_33_generation_works_with_default_values"/>
    <testcase time="0.398" classname="table_33" name="Table_33_generation_works_with_default_values"/>
    <testcase time="0.123999999999999" classname="table_33" name="Table_33_generation_works_with_default_values"/>
    <testcase time="0.0470000000000006" classname="table_33" name="Table_33_generation_works_with_default_values">
      <skipped message="Reason: On CRAN ('test-table_33.R:8:3')"/>
    </testcase>
    <testcase time="0.0189999999999984" classname="table_33" name="Table_33_generation_works_with_custom_values"/>
    <testcase time="0.395" classname="table_33" name="Table_33_generation_works_with_custom_values"/>
    <testcase time="0.158000000000001" classname="table_33" name="Table_33_generation_works_with_custom_values"/>
    <testcase time="0.0560000000000009" classname="table_33" name="Table_33_generation_works_with_custom_values">
      <skipped message="Reason: On CRAN ('test-table_33.R:34:3')"/>
    </testcase>
    <testcase time="0.0189999999999984" classname="table_33" name="Table_33_generation_works_with_pruned_rows"/>
    <testcase time="0.403000000000002" classname="table_33" name="Table_33_generation_works_with_pruned_rows"/>
    <testcase time="0.116" classname="table_33" name="Table_33_generation_works_with_pruned_rows"/>
    <testcase time="0.0380000000000003" classname="table_33" name="Table_33_generation_works_with_pruned_rows">
      <skipped message="Reason: On CRAN ('test-table_33.R:42:3')"/>
    </testcase>
  </testsuite>
</testsuites>
