<?xml version="1.0" encoding="UTF-8"?>
<testsuites>
  <testsuite name="table_02" timestamp="2023-10-05T19:24:17Z" hostname="bea0852f2a80" tests="30" skipped="10" failures="0" errors="0" time="15.69">
    <testcase time="0.089" classname="table_02" name="Table_02_generation_works_with_default_values"/>
    <testcase time="0.498" classname="table_02" name="Table_02_generation_works_with_default_values"/>
    <testcase time="0.234" classname="table_02" name="Table_02_generation_works_with_default_values">
      <skipped message="Reason: On CRAN ('test-table_02.R:16:3')"/>
    </testcase>
    <testcase time="0.0790000000000006" classname="table_02" name="Table_02_generation_works_with_custom_values"/>
    <testcase time="0.396" classname="table_02" name="Table_02_generation_works_with_custom_values"/>
    <testcase time="0.236" classname="table_02" name="Table_02_generation_works_with_custom_values">
      <skipped message="Reason: On CRAN ('test-table_02.R:45:3')"/>
    </testcase>
    <testcase time="0.0590000000000002" classname="table_02" name="Table_02_generation_works_with_some_NA_values"/>
    <testcase time="0.111" classname="table_02" name="Table_02_generation_works_with_some_NA_values"/>
    <testcase time="0.0499999999999998" classname="table_02" name="Table_02_generation_works_with_some_NA_values">
      <skipped message="Reason: On CRAN ('test-table_02.R:57:3')"/>
    </testcase>
    <testcase time="0.0180000000000007" classname="table_02" name="Table_02_generation_tplyr_works_with_default_values"/>
    <testcase time="2.007" classname="table_02" name="Table_02_generation_tplyr_works_with_default_values"/>
    <testcase time="0.0359999999999996" classname="table_02" name="Table_02_generation_tplyr_works_with_default_values">
      <skipped message="Reason: On CRAN ('test-table_02.R:66:3')"/>
    </testcase>
    <testcase time="0.0170000000000003" classname="table_02" name="Table_02_generation_tplyr_works_with_tplyr_raw_TRUE"/>
    <testcase time="1.263" classname="table_02" name="Table_02_generation_tplyr_works_with_tplyr_raw_TRUE"/>
    <testcase time="0.0329999999999995" classname="table_02" name="Table_02_generation_tplyr_works_with_tplyr_raw_TRUE">
      <skipped message="Reason: On CRAN ('test-table_02.R:75:3')"/>
    </testcase>
    <testcase time="0.0470000000000006" classname="table_02" name="Table_02_generation_tplyr_works_with_custom_values"/>
    <testcase time="1.908" classname="table_02" name="Table_02_generation_tplyr_works_with_custom_values"/>
    <testcase time="0.0239999999999991" classname="table_02" name="Table_02_generation_tplyr_works_with_custom_values">
      <skipped message="Reason: On CRAN ('test-table_02.R:102:3')"/>
    </testcase>
    <testcase time="0.0390000000000015" classname="table_02" name="Table_02_generation_tplyr_works_with_some_NA_values"/>
    <testcase time="0.763999999999999" classname="table_02" name="Table_02_generation_tplyr_works_with_some_NA_values"/>
    <testcase time="0.0229999999999997" classname="table_02" name="Table_02_generation_tplyr_works_with_some_NA_values">
      <skipped message="Reason: On CRAN ('test-table_02.R:119:3')"/>
    </testcase>
    <testcase time="0.0169999999999995" classname="table_02" name="Table_02_generation_gtsum_works_with_default_values"/>
    <testcase time="3.099" classname="table_02" name="Table_02_generation_gtsum_works_with_default_values"/>
    <testcase time="0.00600000000000023" classname="table_02" name="Table_02_generation_gtsum_works_with_default_values">
      <skipped message="Reason: On CRAN ('test-table_02.R:128:3')"/>
    </testcase>
    <testcase time="0.048" classname="table_02" name="Table_02_generation_gtsum_works_with_custom_values"/>
    <testcase time="3.543" classname="table_02" name="Table_02_generation_gtsum_works_with_custom_values"/>
    <testcase time="0.00600000000000023" classname="table_02" name="Table_02_generation_gtsum_works_with_custom_values">
      <skipped message="Reason: On CRAN ('test-table_02.R:146:3')"/>
    </testcase>
    <testcase time="0.0380000000000003" classname="table_02" name="Table_02_generation_gtsum_works_with_some_NA_values"/>
    <testcase time="0.995999999999999" classname="table_02" name="Table_02_generation_gtsum_works_with_some_NA_values"/>
    <testcase time="0.00600000000000023" classname="table_02" name="Table_02_generation_gtsum_works_with_some_NA_values">
      <skipped message="Reason: On CRAN ('test-table_02.R:163:3')"/>
    </testcase>
  </testsuite>
  <testsuite name="table_03" timestamp="2023-10-05T19:24:32Z" hostname="bea0852f2a80" tests="8" skipped="2" failures="0" errors="0" time="0.859">
    <testcase time="0.0360000000000014" classname="table_03" name="Table_3_generation_works_with_default_values"/>
    <testcase time="0.000999999999997669" classname="table_03" name="Table_3_generation_works_with_default_values"/>
    <testcase time="0.345000000000002" classname="table_03" name="Table_3_generation_works_with_default_values"/>
    <testcase time="0.0670000000000002" classname="table_03" name="Table_3_generation_works_with_default_values">
      <skipped message="Reason: On CRAN ('test-table_03.R:21:3')"/>
    </testcase>
    <testcase time="0.0169999999999995" classname="table_03" name="Table_3_generation_works_with_custom_values"/>
    <testcase time="0.000999999999997669" classname="table_03" name="Table_3_generation_works_with_custom_values"/>
    <testcase time="0.321000000000002" classname="table_03" name="Table_3_generation_works_with_custom_values"/>
    <testcase time="0.0710000000000015" classname="table_03" name="Table_3_generation_works_with_custom_values">
      <skipped message="Reason: On CRAN ('test-table_03.R:41:3')"/>
    </testcase>
  </testsuite>
  <testsuite name="table_04" timestamp="2023-10-05T19:24:33Z" hostname="bea0852f2a80" tests="12" skipped="2" failures="0" errors="0" time="0.961">
    <testcase time="0.0429999999999993" classname="table_04" name="Table_04_generation_works_with_default_values"/>
    <testcase time="0.00100000000000122" classname="table_04" name="Table_04_generation_works_with_default_values"/>
    <testcase time="0.000999999999997669" classname="table_04" name="Table_04_generation_works_with_default_values"/>
    <testcase time="0.00100000000000122" classname="table_04" name="Table_04_generation_works_with_default_values"/>
    <testcase time="0.363" classname="table_04" name="Table_04_generation_works_with_default_values"/>
    <testcase time="0.0949999999999989" classname="table_04" name="Table_04_generation_works_with_default_values">
      <skipped message="Reason: On CRAN ('test-table_04.R:18:3')"/>
    </testcase>
    <testcase time="0.0169999999999995" classname="table_04" name="Table_04_generation_works_with_custom_values"/>
    <testcase time="0.00200000000000244" classname="table_04" name="Table_04_generation_works_with_custom_values"/>
    <testcase time="0.000999999999997669" classname="table_04" name="Table_04_generation_works_with_custom_values"/>
    <testcase time="0.00100000000000122" classname="table_04" name="Table_04_generation_works_with_custom_values"/>
    <testcase time="0.359000000000002" classname="table_04" name="Table_04_generation_works_with_custom_values"/>
    <testcase time="0.0769999999999982" classname="table_04" name="Table_04_generation_works_with_custom_values">
      <skipped message="Reason: On CRAN ('test-table_04.R:44:3')"/>
    </testcase>
  </testsuite>
  <testsuite name="table_05" timestamp="2023-10-05T19:24:34Z" hostname="bea0852f2a80" tests="12" skipped="4" failures="0" errors="0" time="1.518">
    <testcase time="0.187000000000001" classname="table_05" name="Table_05_generation_works_with_default_values"/>
    <testcase time="0.234999999999999" classname="table_05" name="Table_05_generation_works_with_default_values"/>
    <testcase time="0.070999999999998" classname="table_05" name="Table_05_generation_works_with_default_values">
      <skipped message="Reason: On CRAN ('test-table_05.R:10:3')"/>
    </testcase>
    <testcase time="0.0180000000000007" classname="table_05" name="Table_05_generation_works_with_custom_values"/>
    <testcase time="0.260000000000002" classname="table_05" name="Table_05_generation_works_with_custom_values"/>
    <testcase time="0.102" classname="table_05" name="Table_05_generation_works_with_custom_values">
      <skipped message="Reason: On CRAN ('test-table_05.R:34:3')"/>
    </testcase>
    <testcase time="0.0189999999999984" classname="table_05" name="Table_05_generation_works_with_NA_values_pruned_rows"/>
    <testcase time="0.195" classname="table_05" name="Table_05_generation_works_with_NA_values_pruned_rows"/>
    <testcase time="0.083000000000002" classname="table_05" name="Table_05_generation_works_with_NA_values_pruned_rows">
      <skipped message="Reason: On CRAN ('test-table_05.R:44:3')"/>
    </testcase>
    <testcase time="0.0169999999999995" classname="table_05" name="Table_05_generation_works_with_risk_difference_column"/>
    <testcase time="0.250999999999998" classname="table_05" name="Table_05_generation_works_with_risk_difference_column"/>
    <testcase time="0.0800000000000018" classname="table_05" name="Table_05_generation_works_with_risk_difference_column">
      <skipped message="Reason: On CRAN ('test-table_05.R:57:3')"/>
    </testcase>
  </testsuite>
  <testsuite name="table_06" timestamp="2023-10-05T19:24:36Z" hostname="bea0852f2a80" tests="15" skipped="3" failures="0" errors="0" time="2.27">
    <testcase time="0.0239999999999974" classname="table_06" name="Table_06_generation_works_with_default_values"/>
    <testcase time="0.00100000000000122" classname="table_06" name="Table_06_generation_works_with_default_values"/>
    <testcase time="0.0620000000000012" classname="table_06" name="Table_06_generation_works_with_default_values"/>
    <testcase time="0.468" classname="table_06" name="Table_06_generation_works_with_default_values"/>
    <testcase time="0.0909999999999975" classname="table_06" name="Table_06_generation_works_with_default_values">
      <skipped message="Reason: On CRAN ('test-table_06.R:8:3')"/>
    </testcase>
    <testcase time="0.0169999999999995" classname="table_06" name="Table_06_generation_works_with_custom_values"/>
    <testcase time="0.00200000000000244" classname="table_06" name="Table_06_generation_works_with_custom_values"/>
    <testcase time="0.0569999999999986" classname="table_06" name="Table_06_generation_works_with_custom_values"/>
    <testcase time="0.606999999999999" classname="table_06" name="Table_06_generation_works_with_custom_values"/>
    <testcase time="0.170000000000002" classname="table_06" name="Table_06_generation_works_with_custom_values">
      <skipped message="Reason: On CRAN ('test-table_06.R:40:3')"/>
    </testcase>
    <testcase time="0.0169999999999995" classname="table_06" name="Table_06_generation_works_with_risk_difference_column"/>
    <testcase time="0.00199999999999889" classname="table_06" name="Table_06_generation_works_with_risk_difference_column"/>
    <testcase time="0.0579999999999998" classname="table_06" name="Table_06_generation_works_with_risk_difference_column"/>
    <testcase time="0.586000000000002" classname="table_06" name="Table_06_generation_works_with_risk_difference_column"/>
    <testcase time="0.108000000000001" classname="table_06" name="Table_06_generation_works_with_risk_difference_column">
      <skipped message="Reason: On CRAN ('test-table_06.R:48:3')"/>
    </testcase>
  </testsuite>
  <testsuite name="table_07" timestamp="2023-10-05T19:24:38Z" hostname="bea0852f2a80" tests="24" skipped="4" failures="0" errors="0" time="2.413">
    <testcase time="0.0269999999999975" classname="table_07" name="Table_07_generation_works_with_default_values"/>
    <testcase time="0.00100000000000122" classname="table_07" name="Table_07_generation_works_with_default_values"/>
    <testcase time="0.00100000000000122" classname="table_07" name="Table_07_generation_works_with_default_values"/>
    <testcase time="0.0539999999999985" classname="table_07" name="Table_07_generation_works_with_default_values"/>
    <testcase time="0.335000000000001" classname="table_07" name="Table_07_generation_works_with_default_values"/>
    <testcase time="0.125" classname="table_07" name="Table_07_generation_works_with_default_values">
      <skipped message="Reason: On CRAN ('test-table_07.R:13:3')"/>
    </testcase>
    <testcase time="0.0169999999999995" classname="table_07" name="Table_07_generation_works_with_custom_values"/>
    <testcase time="0.00100000000000122" classname="table_07" name="Table_07_generation_works_with_custom_values"/>
    <testcase time="0.000999999999997669" classname="table_07" name="Table_07_generation_works_with_custom_values"/>
    <testcase time="0.0410000000000004" classname="table_07" name="Table_07_generation_works_with_custom_values"/>
    <testcase time="0.481999999999999" classname="table_07" name="Table_07_generation_works_with_custom_values"/>
    <testcase time="0.159000000000002" classname="table_07" name="Table_07_generation_works_with_custom_values">
      <skipped message="Reason: On CRAN ('test-table_07.R:42:3')"/>
    </testcase>
    <testcase time="0.0169999999999995" classname="table_07" name="Table_07_generation_works_with_NA_values_pruned_rows"/>
    <testcase time="0.00199999999999889" classname="table_07" name="Table_07_generation_works_with_NA_values_pruned_rows"/>
    <testcase time="0.00100000000000122" classname="table_07" name="Table_07_generation_works_with_NA_values_pruned_rows"/>
    <testcase time="0.0410000000000004" classname="table_07" name="Table_07_generation_works_with_NA_values_pruned_rows"/>
    <testcase time="0.352999999999998" classname="table_07" name="Table_07_generation_works_with_NA_values_pruned_rows"/>
    <testcase time="0.119" classname="table_07" name="Table_07_generation_works_with_NA_values_pruned_rows">
      <skipped message="Reason: On CRAN ('test-table_07.R:52:3')"/>
    </testcase>
    <testcase time="0.0180000000000007" classname="table_07" name="Table_07_generation_works_with_risk_difference_column"/>
    <testcase time="0.00200000000000244" classname="table_07" name="Table_07_generation_works_with_risk_difference_column"/>
    <testcase time="0.000999999999997669" classname="table_07" name="Table_07_generation_works_with_risk_difference_column"/>
    <testcase time="0.0420000000000016" classname="table_07" name="Table_07_generation_works_with_risk_difference_column"/>
    <testcase time="0.43" classname="table_07" name="Table_07_generation_works_with_risk_difference_column"/>
    <testcase time="0.143000000000001" classname="table_07" name="Table_07_generation_works_with_risk_difference_column">
      <skipped message="Reason: On CRAN ('test-table_07.R:65:3')"/>
    </testcase>
  </testsuite>
  <testsuite name="table_08" timestamp="2023-10-05T19:24:40Z" hostname="bea0852f2a80" tests="8" skipped="2" failures="0" errors="0" time="0.448">
    <testcase time="0.0239999999999974" classname="table_08" name="Table_08_generation_works_with_default_values"/>
    <testcase time="0.00200000000000244" classname="table_08" name="Table_08_generation_works_with_default_values"/>
    <testcase time="0.0539999999999985" classname="table_08" name="Table_08_generation_works_with_default_values"/>
    <testcase time="0.137" classname="table_08" name="Table_08_generation_works_with_default_values">
      <skipped message="Reason: On CRAN ('test-table_08.R:10:3')"/>
    </testcase>
    <testcase time="0.0180000000000007" classname="table_08" name="Table_08_generation_works_with_custom_values"/>
    <testcase time="0.00199999999999889" classname="table_08" name="Table_08_generation_works_with_custom_values"/>
    <testcase time="0.0480000000000018" classname="table_08" name="Table_08_generation_works_with_custom_values"/>
    <testcase time="0.163" classname="table_08" name="Table_08_generation_works_with_custom_values">
      <skipped message="Reason: On CRAN ('test-table_08.R:31:3')"/>
    </testcase>
  </testsuite>
  <testsuite name="table_09" timestamp="2023-10-05T19:24:41Z" hostname="bea0852f2a80" tests="12" skipped="3" failures="0" errors="0" time="1.587">
    <testcase time="0.0229999999999997" classname="table_09" name="Table_09_generation_works_with_default_values"/>
    <testcase time="0.0429999999999993" classname="table_09" name="Table_09_generation_works_with_default_values"/>
    <testcase time="0.338000000000001" classname="table_09" name="Table_09_generation_works_with_default_values"/>
    <testcase time="0.0619999999999976" classname="table_09" name="Table_09_generation_works_with_default_values">
      <skipped message="Reason: On CRAN ('test-table_09.R:8:3')"/>
    </testcase>
    <testcase time="0.0180000000000007" classname="table_09" name="Table_09_generation_works_with_custom_values"/>
    <testcase time="0.0440000000000005" classname="table_09" name="Table_09_generation_works_with_custom_values"/>
    <testcase time="0.408999999999999" classname="table_09" name="Table_09_generation_works_with_custom_values"/>
    <testcase time="0.0740000000000016" classname="table_09" name="Table_09_generation_works_with_custom_values">
      <skipped message="Reason: On CRAN ('test-table_09.R:39:3')"/>
    </testcase>
    <testcase time="0.0169999999999995" classname="table_09" name="Table_09_generation_works_with_risk_difference_column"/>
    <testcase time="0.0579999999999998" classname="table_09" name="Table_09_generation_works_with_risk_difference_column"/>
    <testcase time="0.411000000000001" classname="table_09" name="Table_09_generation_works_with_risk_difference_column"/>
    <testcase time="0.0899999999999999" classname="table_09" name="Table_09_generation_works_with_risk_difference_column">
      <skipped message="Reason: On CRAN ('test-table_09.R:47:3')"/>
    </testcase>
  </testsuite>
  <testsuite name="table_10" timestamp="2023-10-05T19:24:42Z" hostname="bea0852f2a80" tests="15" skipped="3" failures="0" errors="0" time="1.778">
    <testcase time="0.0279999999999987" classname="table_10" name="Table_10_generation_works_with_default_values"/>
    <testcase time="0.00100000000000122" classname="table_10" name="Table_10_generation_works_with_default_values"/>
    <testcase time="0.0439999999999969" classname="table_10" name="Table_10_generation_works_with_default_values"/>
    <testcase time="0.405000000000001" classname="table_10" name="Table_10_generation_works_with_default_values"/>
    <testcase time="0.115000000000002" classname="table_10" name="Table_10_generation_works_with_default_values">
      <skipped message="Reason: On CRAN ('test-table_10.R:17:3')"/>
    </testcase>
    <testcase time="0.0179999999999971" classname="table_10" name="Table_10_generation_works_with_custom_values"/>
    <testcase time="0.00100000000000122" classname="table_10" name="Table_10_generation_works_with_custom_values"/>
    <testcase time="0.0390000000000015" classname="table_10" name="Table_10_generation_works_with_custom_values"/>
    <testcase time="0.384" classname="table_10" name="Table_10_generation_works_with_custom_values"/>
    <testcase time="0.0579999999999998" classname="table_10" name="Table_10_generation_works_with_custom_values">
      <skipped message="Reason: On CRAN ('test-table_10.R:52:3')"/>
    </testcase>
    <testcase time="0.0169999999999995" classname="table_10" name="Table_10_generation_works_with_risk_difference_column"/>
    <testcase time="0.000999999999997669" classname="table_10" name="Table_10_generation_works_with_risk_difference_column"/>
    <testcase time="0.0570000000000022" classname="table_10" name="Table_10_generation_works_with_risk_difference_column"/>
    <testcase time="0.480999999999998" classname="table_10" name="Table_10_generation_works_with_risk_difference_column"/>
    <testcase time="0.129000000000001" classname="table_10" name="Table_10_generation_works_with_risk_difference_column">
      <skipped message="Reason: On CRAN ('test-table_10.R:60:3')"/>
    </testcase>
  </testsuite>
  <testsuite name="table_11" timestamp="2023-10-05T19:24:44Z" hostname="bea0852f2a80" tests="12" skipped="3" failures="0" errors="0" time="2.953">
    <testcase time="0.0410000000000004" classname="table_11" name="Table_11_generation_works_with_default_values"/>
    <testcase time="0.0560000000000009" classname="table_11" name="Table_11_generation_works_with_default_values"/>
    <testcase time="0.654999999999998" classname="table_11" name="Table_11_generation_works_with_default_values"/>
    <testcase time="0.130000000000003" classname="table_11" name="Table_11_generation_works_with_default_values">
      <skipped message="Reason: On CRAN ('test-table_11.R:18:3')"/>
    </testcase>
    <testcase time="0.0179999999999971" classname="table_11" name="Table_11_generation_works_with_custom_values"/>
    <testcase time="0.0590000000000011" classname="table_11" name="Table_11_generation_works_with_custom_values"/>
    <testcase time="0.605" classname="table_11" name="Table_11_generation_works_with_custom_values"/>
    <testcase time="0.0810000000000031" classname="table_11" name="Table_11_generation_works_with_custom_values">
      <skipped message="Reason: On CRAN ('test-table_11.R:48:3')"/>
    </testcase>
    <testcase time="0.0169999999999959" classname="table_11" name="Table_11_generation_works_with_risk_difference_column"/>
    <testcase time="0.0519999999999996" classname="table_11" name="Table_11_generation_works_with_risk_difference_column"/>
    <testcase time="1.087" classname="table_11" name="Table_11_generation_works_with_risk_difference_column"/>
    <testcase time="0.152000000000001" classname="table_11" name="Table_11_generation_works_with_risk_difference_column">
      <skipped message="Reason: On CRAN ('test-table_11.R:56:3')"/>
    </testcase>
  </testsuite>
  <testsuite name="table_12" timestamp="2023-10-05T19:24:47Z" hostname="bea0852f2a80" tests="12" skipped="3" failures="0" errors="0" time="3.212">
    <testcase time="0.0219999999999985" classname="table_12" name="Table_12_generation_works_with_default_values"/>
    <testcase time="0.0529999999999973" classname="table_12" name="Table_12_generation_works_with_default_values"/>
    <testcase time="0.817" classname="table_12" name="Table_12_generation_works_with_default_values"/>
    <testcase time="0.102000000000004" classname="table_12" name="Table_12_generation_works_with_default_values">
      <skipped message="Reason: On CRAN ('test-table_12.R:9:3')"/>
    </testcase>
    <testcase time="0.017000000000003" classname="table_12" name="Table_12_generation_works_with_custom_values"/>
    <testcase time="0.0539999999999949" classname="table_12" name="Table_12_generation_works_with_custom_values"/>
    <testcase time="0.812000000000005" classname="table_12" name="Table_12_generation_works_with_custom_values"/>
    <testcase time="0.110999999999997" classname="table_12" name="Table_12_generation_works_with_custom_values">
      <skipped message="Reason: On CRAN ('test-table_12.R:39:3')"/>
    </testcase>
    <testcase time="0.017000000000003" classname="table_12" name="Table_12_generation_works_with_risk_difference_column"/>
    <testcase time="0.0529999999999973" classname="table_12" name="Table_12_generation_works_with_risk_difference_column"/>
    <testcase time="1.027" classname="table_12" name="Table_12_generation_works_with_risk_difference_column"/>
    <testcase time="0.126999999999995" classname="table_12" name="Table_12_generation_works_with_risk_difference_column">
      <skipped message="Reason: On CRAN ('test-table_12.R:47:3')"/>
    </testcase>
  </testsuite>
  <testsuite name="table_13" timestamp="2023-10-05T19:24:50Z" hostname="bea0852f2a80" tests="12" skipped="3" failures="0" errors="0" time="0.822">
    <testcase time="0.0220000000000056" classname="table_13" name="Table_13_generation_works_with_default_values"/>
    <testcase time="0.0499999999999972" classname="table_13" name="Table_13_generation_works_with_default_values"/>
    <testcase time="0.123000000000005" classname="table_13" name="Table_13_generation_works_with_default_values"/>
    <testcase time="0.0719999999999956" classname="table_13" name="Table_13_generation_works_with_default_values">
      <skipped message="Reason: On CRAN ('test-table_13.R:8:3')"/>
    </testcase>
    <testcase time="0.0160000000000053" classname="table_13" name="Table_13_generation_works_with_custom_values"/>
    <testcase time="0.0509999999999948" classname="table_13" name="Table_13_generation_works_with_custom_values"/>
    <testcase time="0.151000000000003" classname="table_13" name="Table_13_generation_works_with_custom_values"/>
    <testcase time="0.0459999999999994" classname="table_13" name="Table_13_generation_works_with_custom_values">
      <skipped message="Reason: On CRAN ('test-table_13.R:38:3')"/>
    </testcase>
    <testcase time="0.017000000000003" classname="table_13" name="Table_13_generation_works_with_risk_difference_column"/>
    <testcase time="0.0509999999999948" classname="table_13" name="Table_13_generation_works_with_risk_difference_column"/>
    <testcase time="0.152000000000001" classname="table_13" name="Table_13_generation_works_with_risk_difference_column"/>
    <testcase time="0.070999999999998" classname="table_13" name="Table_13_generation_works_with_risk_difference_column">
      <skipped message="Reason: On CRAN ('test-table_13.R:46:3')"/>
    </testcase>
  </testsuite>
  <testsuite name="table_14" timestamp="2023-10-05T19:24:51Z" hostname="bea0852f2a80" tests="13" skipped="4" failures="0" errors="0" time="3.313">
    <testcase time="0.0320000000000036" classname="table_14" name="Table_14_generation_works_with_default_values"/>
    <testcase time="0.582000000000001" classname="table_14" name="Table_14_generation_works_with_default_values"/>
    <testcase time="0.158999999999999" classname="table_14" name="Table_14_generation_works_with_default_values">
      <skipped message="Reason: On CRAN ('test-table_14.R:16:3')"/>
    </testcase>
    <testcase time="0.017000000000003" classname="table_14" name="Table_14_generation_works_with_custom_values"/>
    <testcase time="0.0509999999999948" classname="table_14" name="Table_14_generation_works_with_custom_values"/>
    <testcase time="0.619" classname="table_14" name="Table_14_generation_works_with_custom_values"/>
    <testcase time="0.146999999999998" classname="table_14" name="Table_14_generation_works_with_custom_values">
      <skipped message="Reason: On CRAN ('test-table_14.R:46:3')"/>
    </testcase>
    <testcase time="0.017000000000003" classname="table_14" name="Table_14_generation_works_with_NA_values_pruned_rows"/>
    <testcase time="0.613999999999997" classname="table_14" name="Table_14_generation_works_with_NA_values_pruned_rows"/>
    <testcase time="0.106000000000002" classname="table_14" name="Table_14_generation_works_with_NA_values_pruned_rows">
      <skipped message="Reason: On CRAN ('test-table_14.R:53:3')"/>
    </testcase>
    <testcase time="0.0279999999999987" classname="table_14" name="Table_14_generation_works_with_risk_difference_column"/>
    <testcase time="0.767000000000003" classname="table_14" name="Table_14_generation_works_with_risk_difference_column"/>
    <testcase time="0.173999999999999" classname="table_14" name="Table_14_generation_works_with_risk_difference_column">
      <skipped message="Reason: On CRAN ('test-table_14.R:61:3')"/>
    </testcase>
  </testsuite>
  <testsuite name="table_20" timestamp="2023-10-05T19:24:55Z" hostname="bea0852f2a80" tests="24" skipped="4" failures="0" errors="0" time="2.798">
    <testcase time="0.0279999999999987" classname="table_20" name="Table_20_generation_works_with_default_values"/>
    <testcase time="0.00100000000000477" classname="table_20" name="Table_20_generation_works_with_default_values"/>
    <testcase time="0.000999999999997669" classname="table_20" name="Table_20_generation_works_with_default_values"/>
    <testcase time="0.0459999999999994" classname="table_20" name="Table_20_generation_works_with_default_values"/>
    <testcase time="0.441000000000003" classname="table_20" name="Table_20_generation_works_with_default_values"/>
    <testcase time="0.0989999999999966" classname="table_20" name="Table_20_generation_works_with_default_values">
      <skipped message="Reason: On CRAN ('test-table_20.R:17:3')"/>
    </testcase>
    <testcase time="0.017000000000003" classname="table_20" name="Table_20_generation_works_with_custom_values"/>
    <testcase time="0.000999999999997669" classname="table_20" name="Table_20_generation_works_with_custom_values"/>
    <testcase time="0.000999999999997669" classname="table_20" name="Table_20_generation_works_with_custom_values"/>
    <testcase time="0.0459999999999994" classname="table_20" name="Table_20_generation_works_with_custom_values"/>
    <testcase time="0.652000000000001" classname="table_20" name="Table_20_generation_works_with_custom_values"/>
    <testcase time="0.108000000000004" classname="table_20" name="Table_20_generation_works_with_custom_values">
      <skipped message="Reason: On CRAN ('test-table_20.R:65:3')"/>
    </testcase>
    <testcase time="0.0169999999999959" classname="table_20" name="Table_20_generation_works_with_missing_values_pruned_rows"/>
    <testcase time="0.00200000000000244" classname="table_20" name="Table_20_generation_works_with_missing_values_pruned_rows"/>
    <testcase time="0.000999999999997669" classname="table_20" name="Table_20_generation_works_with_missing_values_pruned_rows"/>
    <testcase time="0.0590000000000046" classname="table_20" name="Table_20_generation_works_with_missing_values_pruned_rows"/>
    <testcase time="0.425999999999995" classname="table_20" name="Table_20_generation_works_with_missing_values_pruned_rows"/>
    <testcase time="0.0790000000000006" classname="table_20" name="Table_20_generation_works_with_missing_values_pruned_rows">
      <skipped message="Reason: On CRAN ('test-table_20.R:74:3')"/>
    </testcase>
    <testcase time="0.017000000000003" classname="table_20" name="Table_20_generation_works_with_risk_difference_column"/>
    <testcase time="0.000999999999997669" classname="table_20" name="Table_20_generation_works_with_risk_difference_column"/>
    <testcase time="0.00100000000000477" classname="table_20" name="Table_20_generation_works_with_risk_difference_column"/>
    <testcase time="0.0459999999999994" classname="table_20" name="Table_20_generation_works_with_risk_difference_column"/>
    <testcase time="0.606999999999999" classname="table_20" name="Table_20_generation_works_with_risk_difference_column"/>
    <testcase time="0.100999999999999" classname="table_20" name="Table_20_generation_works_with_risk_difference_column">
      <skipped message="Reason: On CRAN ('test-table_20.R:82:3')"/>
    </testcase>
  </testsuite>
  <testsuite name="table_21" timestamp="2023-10-05T19:24:57Z" hostname="bea0852f2a80" tests="19" skipped="4" failures="0" errors="0" time="2.784">
    <testcase time="0.0949999999999989" classname="table_21" name="Table_21_generation_works_with_default_values"/>
    <testcase time="0.000999999999997669" classname="table_21" name="Table_21_generation_works_with_default_values"/>
    <testcase time="0.617000000000004" classname="table_21" name="Table_21_generation_works_with_default_values"/>
    <testcase time="0.113" classname="table_21" name="Table_21_generation_works_with_default_values">
      <skipped message="Reason: On CRAN ('test-table_21.R:22:3')"/>
    </testcase>
    <testcase time="0.0189999999999984" classname="table_21" name="Table_21_generation_works_with_custom_values_N_s_denominator_and_overall_column"/>
    <testcase time="0.00200000000000244" classname="table_21" name="Table_21_generation_works_with_custom_values_N_s_denominator_and_overall_column"/>
    <testcase time="0.0799999999999983" classname="table_21" name="Table_21_generation_works_with_custom_values_N_s_denominator_and_overall_column"/>
    <testcase time="0.772999999999996" classname="table_21" name="Table_21_generation_works_with_custom_values_N_s_denominator_and_overall_column"/>
    <testcase time="0.129000000000005" classname="table_21" name="Table_21_generation_works_with_custom_values_N_s_denominator_and_overall_column">
      <skipped message="Reason: On CRAN ('test-table_21.R:34:3')"/>
    </testcase>
    <testcase time="0.0169999999999959" classname="table_21" name="Table_21_generation_works_with_custom_values_N_col_denominator_and_no_overall_column"/>
    <testcase time="0.00100000000000477" classname="table_21" name="Table_21_generation_works_with_custom_values_N_col_denominator_and_no_overall_column"/>
    <testcase time="0.0529999999999973" classname="table_21" name="Table_21_generation_works_with_custom_values_N_col_denominator_and_no_overall_column"/>
    <testcase time="0.320999999999998" classname="table_21" name="Table_21_generation_works_with_custom_values_N_col_denominator_and_no_overall_column"/>
    <testcase time="0.112000000000002" classname="table_21" name="Table_21_generation_works_with_custom_values_N_col_denominator_and_no_overall_column">
      <skipped message="Reason: On CRAN ('test-table_21.R:62:3')"/>
    </testcase>
    <testcase time="0.0649999999999977" classname="table_21" name="Table_21_generation_works_with_some_NA_values"/>
    <testcase time="0.00200000000000244" classname="table_21" name="Table_21_generation_works_with_some_NA_values"/>
    <testcase time="0.0510000000000019" classname="table_21" name="Table_21_generation_works_with_some_NA_values"/>
    <testcase time="0.25" classname="table_21" name="Table_21_generation_works_with_some_NA_values"/>
    <testcase time="0.0829999999999984" classname="table_21" name="Table_21_generation_works_with_some_NA_values">
      <skipped message="Reason: On CRAN ('test-table_21.R:82:3')"/>
    </testcase>
  </testsuite>
  <testsuite name="table_32" timestamp="2023-10-05T19:25:00Z" hostname="bea0852f2a80" tests="16" skipped="4" failures="0" errors="0" time="1.101">
    <testcase time="0.0230000000000032" classname="table_32" name="Table_32_generation_works_with_default_values"/>
    <testcase time="0.0539999999999949" classname="table_32" name="Table_32_generation_works_with_default_values"/>
    <testcase time="0.138000000000005" classname="table_32" name="Table_32_generation_works_with_default_values"/>
    <testcase time="0.0479999999999947" classname="table_32" name="Table_32_generation_works_with_default_values">
      <skipped message="Reason: On CRAN ('test-table_32.R:8:3')"/>
    </testcase>
    <testcase time="0.017000000000003" classname="table_32" name="Table_32_generation_works_with_custom_values"/>
    <testcase time="0.054000000000002" classname="table_32" name="Table_32_generation_works_with_custom_values"/>
    <testcase time="0.166999999999994" classname="table_32" name="Table_32_generation_works_with_custom_values"/>
    <testcase time="0.054000000000002" classname="table_32" name="Table_32_generation_works_with_custom_values">
      <skipped message="Reason: On CRAN ('test-table_32.R:30:3')"/>
    </testcase>
    <testcase time="0.017000000000003" classname="table_32" name="Table_32_generation_works_with_pruned_rows"/>
    <testcase time="0.0539999999999949" classname="table_32" name="Table_32_generation_works_with_pruned_rows"/>
    <testcase time="0.143000000000001" classname="table_32" name="Table_32_generation_works_with_pruned_rows"/>
    <testcase time="0.0350000000000037" classname="table_32" name="Table_32_generation_works_with_pruned_rows">
      <skipped message="Reason: On CRAN ('test-table_32.R:37:3')"/>
    </testcase>
    <testcase time="0.0169999999999959" classname="table_32" name="Table_32_generation_works_with_risk_difference_column"/>
    <testcase time="0.054000000000002" classname="table_32" name="Table_32_generation_works_with_risk_difference_column"/>
    <testcase time="0.174999999999997" classname="table_32" name="Table_32_generation_works_with_risk_difference_column"/>
    <testcase time="0.0510000000000019" classname="table_32" name="Table_32_generation_works_with_risk_difference_column">
      <skipped message="Reason: On CRAN ('test-table_32.R:45:3')"/>
    </testcase>
  </testsuite>
  <testsuite name="table_33" timestamp="2023-10-05T19:25:01Z" hostname="bea0852f2a80" tests="16" skipped="4" failures="0" errors="0" time="1.791">
    <testcase time="0.0230000000000032" classname="table_33" name="Table_33_generation_works_with_default_values"/>
    <testcase time="0.251999999999995" classname="table_33" name="Table_33_generation_works_with_default_values"/>
    <testcase time="0.131" classname="table_33" name="Table_33_generation_works_with_default_values"/>
    <testcase time="0.0350000000000037" classname="table_33" name="Table_33_generation_works_with_default_values">
      <skipped message="Reason: On CRAN ('test-table_33.R:8:3')"/>
    </testcase>
    <testcase time="0.0169999999999959" classname="table_33" name="Table_33_generation_works_with_custom_values"/>
    <testcase time="0.255000000000003" classname="table_33" name="Table_33_generation_works_with_custom_values"/>
    <testcase time="0.151000000000003" classname="table_33" name="Table_33_generation_works_with_custom_values"/>
    <testcase time="0.0419999999999945" classname="table_33" name="Table_33_generation_works_with_custom_values">
      <skipped message="Reason: On CRAN ('test-table_33.R:34:3')"/>
    </testcase>
    <testcase time="0.017000000000003" classname="table_33" name="Table_33_generation_works_with_pruned_rows"/>
    <testcase time="0.256999999999998" classname="table_33" name="Table_33_generation_works_with_pruned_rows"/>
    <testcase time="0.122" classname="table_33" name="Table_33_generation_works_with_pruned_rows"/>
    <testcase time="0.0320000000000036" classname="table_33" name="Table_33_generation_works_with_pruned_rows">
      <skipped message="Reason: On CRAN ('test-table_33.R:42:3')"/>
    </testcase>
    <testcase time="0.0180000000000007" classname="table_33" name="Table_33_generation_works_with_risk_difference_column"/>
    <testcase time="0.253" classname="table_33" name="Table_33_generation_works_with_risk_difference_column"/>
    <testcase time="0.144999999999996" classname="table_33" name="Table_33_generation_works_with_risk_difference_column"/>
    <testcase time="0.0410000000000039" classname="table_33" name="Table_33_generation_works_with_risk_difference_column">
      <skipped message="Reason: On CRAN ('test-table_33.R:50:3')"/>
    </testcase>
  </testsuite>
  <testsuite name="table_34" timestamp="2023-10-05T19:25:03Z" hostname="bea0852f2a80" tests="12" skipped="3" failures="0" errors="0" time="6.43">
    <testcase time="0.0289999999999964" classname="table_34" name="Table_34_generation_works_with_default_values"/>
    <testcase time="0.0429999999999993" classname="table_34" name="Table_34_generation_works_with_default_values"/>
    <testcase time="1.797" classname="table_34" name="Table_34_generation_works_with_default_values"/>
    <testcase time="0.213999999999999" classname="table_34" name="Table_34_generation_works_with_default_values">
      <skipped message="Reason: On CRAN ('test-table_34.R:17:3')"/>
    </testcase>
    <testcase time="0.017000000000003" classname="table_34" name="Table_34_generation_works_with_custom_values"/>
    <testcase time="0.0539999999999949" classname="table_34" name="Table_34_generation_works_with_custom_values"/>
    <testcase time="1.988" classname="table_34" name="Table_34_generation_works_with_custom_values"/>
    <testcase time="0.0739999999999981" classname="table_34" name="Table_34_generation_works_with_custom_values">
      <skipped message="Reason: On CRAN ('test-table_34.R:49:3')"/>
    </testcase>
    <testcase time="0.017000000000003" classname="table_34" name="Table_34_generation_works_with_risk_difference_column"/>
    <testcase time="0.0429999999999993" classname="table_34" name="Table_34_generation_works_with_risk_difference_column"/>
    <testcase time="1.937" classname="table_34" name="Table_34_generation_works_with_risk_difference_column"/>
    <testcase time="0.216999999999999" classname="table_34" name="Table_34_generation_works_with_risk_difference_column">
      <skipped message="Reason: On CRAN ('test-table_34.R:57:3')"/>
    </testcase>
  </testsuite>
</testsuites>
