<?xml version="1.0" encoding="UTF-8"?>
<testsuites>
  <testsuite name="table_02" timestamp="2023-11-02T15:15:26Z" hostname="0bfac8f28987" tests="30" skipped="10" failures="0" errors="0" time="14.746">
    <testcase time="0.0749999999999997" classname="table_02" name="Table_02_generation_works_with_default_values"/>
    <testcase time="0.436" classname="table_02" name="Table_02_generation_works_with_default_values"/>
    <testcase time="0.206" classname="table_02" name="Table_02_generation_works_with_default_values">
      <skipped message="Reason: On CRAN ('test-table_02.R:16:3')"/>
    </testcase>
    <testcase time="0.0709999999999997" classname="table_02" name="Table_02_generation_works_with_custom_values"/>
    <testcase time="0.349" classname="table_02" name="Table_02_generation_works_with_custom_values"/>
    <testcase time="0.207" classname="table_02" name="Table_02_generation_works_with_custom_values">
      <skipped message="Reason: On CRAN ('test-table_02.R:45:3')"/>
    </testcase>
    <testcase time="0.0519999999999996" classname="table_02" name="Table_02_generation_works_with_some_NA_values"/>
    <testcase time="0.0919999999999996" classname="table_02" name="Table_02_generation_works_with_some_NA_values"/>
    <testcase time="0.0450000000000008" classname="table_02" name="Table_02_generation_works_with_some_NA_values">
      <skipped message="Reason: On CRAN ('test-table_02.R:57:3')"/>
    </testcase>
    <testcase time="0.0189999999999992" classname="table_02" name="Table_02_generation_tplyr_works_with_default_values"/>
    <testcase time="1.759" classname="table_02" name="Table_02_generation_tplyr_works_with_default_values"/>
    <testcase time="0.0309999999999997" classname="table_02" name="Table_02_generation_tplyr_works_with_default_values">
      <skipped message="Reason: On CRAN ('test-table_02.R:66:3')"/>
    </testcase>
    <testcase time="0.0260000000000007" classname="table_02" name="Table_02_generation_tplyr_works_with_tplyr_raw_TRUE"/>
    <testcase time="1.093" classname="table_02" name="Table_02_generation_tplyr_works_with_tplyr_raw_TRUE"/>
    <testcase time="0.0219999999999994" classname="table_02" name="Table_02_generation_tplyr_works_with_tplyr_raw_TRUE">
      <skipped message="Reason: On CRAN ('test-table_02.R:75:3')"/>
    </testcase>
    <testcase time="0.0420000000000007" classname="table_02" name="Table_02_generation_tplyr_works_with_custom_values"/>
    <testcase time="1.702" classname="table_02" name="Table_02_generation_tplyr_works_with_custom_values"/>
    <testcase time="0.020999999999999" classname="table_02" name="Table_02_generation_tplyr_works_with_custom_values">
      <skipped message="Reason: On CRAN ('test-table_02.R:102:3')"/>
    </testcase>
    <testcase time="0.0400000000000009" classname="table_02" name="Table_02_generation_tplyr_works_with_some_NA_values"/>
    <testcase time="0.682" classname="table_02" name="Table_02_generation_tplyr_works_with_some_NA_values"/>
    <testcase time="0.020999999999999" classname="table_02" name="Table_02_generation_tplyr_works_with_some_NA_values">
      <skipped message="Reason: On CRAN ('test-table_02.R:119:3')"/>
    </testcase>
    <testcase time="0.0190000000000001" classname="table_02" name="Table_02_generation_gtsum_works_with_default_values"/>
    <testcase time="3.083" classname="table_02" name="Table_02_generation_gtsum_works_with_default_values"/>
    <testcase time="0.0080000000000009" classname="table_02" name="Table_02_generation_gtsum_works_with_default_values">
      <skipped message="Reason: On CRAN ('test-table_02.R:128:3')"/>
    </testcase>
    <testcase time="0.0429999999999993" classname="table_02" name="Table_02_generation_gtsum_works_with_custom_values"/>
    <testcase time="3.406" classname="table_02" name="Table_02_generation_gtsum_works_with_custom_values"/>
    <testcase time="0.00900000000000034" classname="table_02" name="Table_02_generation_gtsum_works_with_custom_values">
      <skipped message="Reason: On CRAN ('test-table_02.R:146:3')"/>
    </testcase>
    <testcase time="0.0350000000000001" classname="table_02" name="Table_02_generation_gtsum_works_with_some_NA_values"/>
    <testcase time="1.145" classname="table_02" name="Table_02_generation_gtsum_works_with_some_NA_values"/>
    <testcase time="0.00700000000000145" classname="table_02" name="Table_02_generation_gtsum_works_with_some_NA_values">
      <skipped message="Reason: On CRAN ('test-table_02.R:160:3')"/>
    </testcase>
  </testsuite>
  <testsuite name="table_03" timestamp="2023-11-02T15:15:40Z" hostname="0bfac8f28987" tests="8" skipped="2" failures="0" errors="0" time="0.758">
    <testcase time="0.0350000000000001" classname="table_03" name="Table_3_generation_works_with_default_values"/>
    <testcase time="0.00100000000000122" classname="table_03" name="Table_3_generation_works_with_default_values"/>
    <testcase time="0.302999999999997" classname="table_03" name="Table_3_generation_works_with_default_values"/>
    <testcase time="0.0500000000000007" classname="table_03" name="Table_3_generation_works_with_default_values">
      <skipped message="Reason: On CRAN ('test-table_03.R:21:3')"/>
    </testcase>
    <testcase time="0.0180000000000007" classname="table_03" name="Table_3_generation_works_with_custom_values"/>
    <testcase time="0.00199999999999889" classname="table_03" name="Table_3_generation_works_with_custom_values"/>
    <testcase time="0.279" classname="table_03" name="Table_3_generation_works_with_custom_values"/>
    <testcase time="0.0700000000000003" classname="table_03" name="Table_3_generation_works_with_custom_values">
      <skipped message="Reason: On CRAN ('test-table_03.R:41:3')"/>
    </testcase>
  </testsuite>
  <testsuite name="table_04" timestamp="2023-11-02T15:15:41Z" hostname="0bfac8f28987" tests="9" skipped="2" failures="0" errors="0" time="0.758">
    <testcase time="0.0390000000000015" classname="table_04" name="Table_04_generation_works_with_default_values"/>
    <testcase time="0.262999999999998" classname="table_04" name="Table_04_generation_works_with_default_values"/>
    <testcase time="0.0770000000000017" classname="table_04" name="Table_04_generation_works_with_default_values">
      <skipped message="Reason: On CRAN ('test-table_04.R:18:3')"/>
    </testcase>
    <testcase time="0.0240000000000009" classname="table_04" name="Table_04_generation_works_with_custom_values"/>
    <testcase time="0.00199999999999889" classname="table_04" name="Table_04_generation_works_with_custom_values"/>
    <testcase time="0.00199999999999889" classname="table_04" name="Table_04_generation_works_with_custom_values"/>
    <testcase time="0.00100000000000122" classname="table_04" name="Table_04_generation_works_with_custom_values"/>
    <testcase time="0.280000000000001" classname="table_04" name="Table_04_generation_works_with_custom_values"/>
    <testcase time="0.0699999999999967" classname="table_04" name="Table_04_generation_works_with_custom_values">
      <skipped message="Reason: On CRAN ('test-table_04.R:46:3')"/>
    </testcase>
  </testsuite>
  <testsuite name="table_05" timestamp="2023-11-02T15:15:42Z" hostname="0bfac8f28987" tests="12" skipped="4" failures="0" errors="0" time="1.311">
    <testcase time="0.165000000000003" classname="table_05" name="Table_05_generation_works_with_default_values"/>
    <testcase time="0.199999999999999" classname="table_05" name="Table_05_generation_works_with_default_values"/>
    <testcase time="0.0650000000000013" classname="table_05" name="Table_05_generation_works_with_default_values">
      <skipped message="Reason: On CRAN ('test-table_05.R:10:3')"/>
    </testcase>
    <testcase time="0.0189999999999984" classname="table_05" name="Table_05_generation_works_with_custom_values"/>
    <testcase time="0.209" classname="table_05" name="Table_05_generation_works_with_custom_values"/>
    <testcase time="0.0820000000000007" classname="table_05" name="Table_05_generation_works_with_custom_values">
      <skipped message="Reason: On CRAN ('test-table_05.R:34:3')"/>
    </testcase>
    <testcase time="0.0189999999999984" classname="table_05" name="Table_05_generation_works_with_NA_values_pruned_rows"/>
    <testcase time="0.177" classname="table_05" name="Table_05_generation_works_with_NA_values_pruned_rows"/>
    <testcase time="0.0630000000000024" classname="table_05" name="Table_05_generation_works_with_NA_values_pruned_rows">
      <skipped message="Reason: On CRAN ('test-table_05.R:44:3')"/>
    </testcase>
    <testcase time="0.017000000000003" classname="table_05" name="Table_05_generation_works_with_risk_difference_column"/>
    <testcase time="0.215" classname="table_05" name="Table_05_generation_works_with_risk_difference_column"/>
    <testcase time="0.0799999999999983" classname="table_05" name="Table_05_generation_works_with_risk_difference_column">
      <skipped message="Reason: On CRAN ('test-table_05.R:57:3')"/>
    </testcase>
  </testsuite>
  <testsuite name="table_06" timestamp="2023-11-02T15:15:43Z" hostname="0bfac8f28987" tests="15" skipped="3" failures="0" errors="0" time="2">
    <testcase time="0.0229999999999997" classname="table_06" name="Table_06_generation_works_with_default_values"/>
    <testcase time="0.00200000000000244" classname="table_06" name="Table_06_generation_works_with_default_values"/>
    <testcase time="0.0499999999999972" classname="table_06" name="Table_06_generation_works_with_default_values"/>
    <testcase time="0.405000000000001" classname="table_06" name="Table_06_generation_works_with_default_values"/>
    <testcase time="0.0839999999999996" classname="table_06" name="Table_06_generation_works_with_default_values">
      <skipped message="Reason: On CRAN ('test-table_06.R:8:3')"/>
    </testcase>
    <testcase time="0.0459999999999994" classname="table_06" name="Table_06_generation_works_with_custom_values"/>
    <testcase time="0.00200000000000244" classname="table_06" name="Table_06_generation_works_with_custom_values"/>
    <testcase time="0.046999999999997" classname="table_06" name="Table_06_generation_works_with_custom_values"/>
    <testcase time="0.540000000000003" classname="table_06" name="Table_06_generation_works_with_custom_values"/>
    <testcase time="0.113999999999997" classname="table_06" name="Table_06_generation_works_with_custom_values">
      <skipped message="Reason: On CRAN ('test-table_06.R:40:3')"/>
    </testcase>
    <testcase time="0.0190000000000019" classname="table_06" name="Table_06_generation_works_with_risk_difference_column"/>
    <testcase time="0.00199999999999889" classname="table_06" name="Table_06_generation_works_with_risk_difference_column"/>
    <testcase time="0.0459999999999994" classname="table_06" name="Table_06_generation_works_with_risk_difference_column"/>
    <testcase time="0.515000000000001" classname="table_06" name="Table_06_generation_works_with_risk_difference_column"/>
    <testcase time="0.105" classname="table_06" name="Table_06_generation_works_with_risk_difference_column">
      <skipped message="Reason: On CRAN ('test-table_06.R:48:3')"/>
    </testcase>
  </testsuite>
  <testsuite name="table_07" timestamp="2023-11-02T15:15:45Z" hostname="0bfac8f28987" tests="24" skipped="4" failures="0" errors="0" time="2.095">
    <testcase time="0.0259999999999998" classname="table_07" name="Table_07_generation_works_with_default_values"/>
    <testcase time="0.00200000000000244" classname="table_07" name="Table_07_generation_works_with_default_values"/>
    <testcase time="0.000999999999997669" classname="table_07" name="Table_07_generation_works_with_default_values"/>
    <testcase time="0.032" classname="table_07" name="Table_07_generation_works_with_default_values"/>
    <testcase time="0.303999999999998" classname="table_07" name="Table_07_generation_works_with_default_values"/>
    <testcase time="0.100000000000001" classname="table_07" name="Table_07_generation_works_with_default_values">
      <skipped message="Reason: On CRAN ('test-table_07.R:13:3')"/>
    </testcase>
    <testcase time="0.0189999999999984" classname="table_07" name="Table_07_generation_works_with_custom_values"/>
    <testcase time="0.00200000000000244" classname="table_07" name="Table_07_generation_works_with_custom_values"/>
    <testcase time="0.000999999999997669" classname="table_07" name="Table_07_generation_works_with_custom_values"/>
    <testcase time="0.0330000000000013" classname="table_07" name="Table_07_generation_works_with_custom_values"/>
    <testcase time="0.425000000000001" classname="table_07" name="Table_07_generation_works_with_custom_values"/>
    <testcase time="0.126999999999999" classname="table_07" name="Table_07_generation_works_with_custom_values">
      <skipped message="Reason: On CRAN ('test-table_07.R:42:3')"/>
    </testcase>
    <testcase time="0.0189999999999984" classname="table_07" name="Table_07_generation_works_with_NA_values_pruned_rows"/>
    <testcase time="0.00100000000000122" classname="table_07" name="Table_07_generation_works_with_NA_values_pruned_rows"/>
    <testcase time="0.00199999999999889" classname="table_07" name="Table_07_generation_works_with_NA_values_pruned_rows"/>
    <testcase time="0.0410000000000004" classname="table_07" name="Table_07_generation_works_with_NA_values_pruned_rows"/>
    <testcase time="0.289000000000001" classname="table_07" name="Table_07_generation_works_with_NA_values_pruned_rows"/>
    <testcase time="0.116" classname="table_07" name="Table_07_generation_works_with_NA_values_pruned_rows">
      <skipped message="Reason: On CRAN ('test-table_07.R:52:3')"/>
    </testcase>
    <testcase time="0.0180000000000007" classname="table_07" name="Table_07_generation_works_with_risk_difference_column"/>
    <testcase time="0.00100000000000122" classname="table_07" name="Table_07_generation_works_with_risk_difference_column"/>
    <testcase time="0.00199999999999889" classname="table_07" name="Table_07_generation_works_with_risk_difference_column"/>
    <testcase time="0.032" classname="table_07" name="Table_07_generation_works_with_risk_difference_column"/>
    <testcase time="0.373999999999999" classname="table_07" name="Table_07_generation_works_with_risk_difference_column"/>
    <testcase time="0.128" classname="table_07" name="Table_07_generation_works_with_risk_difference_column">
      <skipped message="Reason: On CRAN ('test-table_07.R:65:3')"/>
    </testcase>
  </testsuite>
  <testsuite name="table_08" timestamp="2023-11-02T15:15:47Z" hostname="0bfac8f28987" tests="8" skipped="2" failures="0" errors="0" time="0.398">
    <testcase time="0.0240000000000009" classname="table_08" name="Table_08_generation_works_with_default_values"/>
    <testcase time="0.00199999999999889" classname="table_08" name="Table_08_generation_works_with_default_values"/>
    <testcase time="0.0459999999999994" classname="table_08" name="Table_08_generation_works_with_default_values"/>
    <testcase time="0.117000000000001" classname="table_08" name="Table_08_generation_works_with_default_values">
      <skipped message="Reason: On CRAN ('test-table_08.R:10:3')"/>
    </testcase>
    <testcase time="0.0180000000000007" classname="table_08" name="Table_08_generation_works_with_custom_values"/>
    <testcase time="0.00199999999999889" classname="table_08" name="Table_08_generation_works_with_custom_values"/>
    <testcase time="0.0399999999999991" classname="table_08" name="Table_08_generation_works_with_custom_values"/>
    <testcase time="0.149000000000001" classname="table_08" name="Table_08_generation_works_with_custom_values">
      <skipped message="Reason: On CRAN ('test-table_08.R:31:3')"/>
    </testcase>
  </testsuite>
  <testsuite name="table_09" timestamp="2023-11-02T15:15:48Z" hostname="0bfac8f28987" tests="12" skipped="3" failures="0" errors="0" time="1.385">
    <testcase time="0.0229999999999997" classname="table_09" name="Table_09_generation_works_with_default_values"/>
    <testcase time="0.0340000000000025" classname="table_09" name="Table_09_generation_works_with_default_values"/>
    <testcase time="0.302999999999997" classname="table_09" name="Table_09_generation_works_with_default_values"/>
    <testcase time="0.0549999999999997" classname="table_09" name="Table_09_generation_works_with_default_values">
      <skipped message="Reason: On CRAN ('test-table_09.R:8:3')"/>
    </testcase>
    <testcase time="0.0180000000000007" classname="table_09" name="Table_09_generation_works_with_custom_values"/>
    <testcase time="0.0330000000000013" classname="table_09" name="Table_09_generation_works_with_custom_values"/>
    <testcase time="0.359999999999999" classname="table_09" name="Table_09_generation_works_with_custom_values"/>
    <testcase time="0.0640000000000001" classname="table_09" name="Table_09_generation_works_with_custom_values">
      <skipped message="Reason: On CRAN ('test-table_09.R:39:3')"/>
    </testcase>
    <testcase time="0.0180000000000007" classname="table_09" name="Table_09_generation_works_with_risk_difference_column"/>
    <testcase time="0.041999999999998" classname="table_09" name="Table_09_generation_works_with_risk_difference_column"/>
    <testcase time="0.358000000000001" classname="table_09" name="Table_09_generation_works_with_risk_difference_column"/>
    <testcase time="0.0769999999999982" classname="table_09" name="Table_09_generation_works_with_risk_difference_column">
      <skipped message="Reason: On CRAN ('test-table_09.R:47:3')"/>
    </testcase>
  </testsuite>
  <testsuite name="table_10" timestamp="2023-11-02T15:15:49Z" hostname="0bfac8f28987" tests="15" skipped="3" failures="0" errors="0" time="1.565">
    <testcase time="0.027000000000001" classname="table_10" name="Table_10_generation_works_with_default_values"/>
    <testcase time="0.00199999999999889" classname="table_10" name="Table_10_generation_works_with_default_values"/>
    <testcase time="0.0350000000000001" classname="table_10" name="Table_10_generation_works_with_default_values"/>
    <testcase time="0.350000000000001" classname="table_10" name="Table_10_generation_works_with_default_values"/>
    <testcase time="0.103000000000002" classname="table_10" name="Table_10_generation_works_with_default_values">
      <skipped message="Reason: On CRAN ('test-table_10.R:17:3')"/>
    </testcase>
    <testcase time="0.0179999999999971" classname="table_10" name="Table_10_generation_works_with_custom_values"/>
    <testcase time="0.00700000000000145" classname="table_10" name="Table_10_generation_works_with_custom_values"/>
    <testcase time="0.0360000000000014" classname="table_10" name="Table_10_generation_works_with_custom_values"/>
    <testcase time="0.32" classname="table_10" name="Table_10_generation_works_with_custom_values"/>
    <testcase time="0.0619999999999976" classname="table_10" name="Table_10_generation_works_with_custom_values">
      <skipped message="Reason: On CRAN ('test-table_10.R:52:3')"/>
    </testcase>
    <testcase time="0.0180000000000007" classname="table_10" name="Table_10_generation_works_with_risk_difference_column"/>
    <testcase time="0.00199999999999889" classname="table_10" name="Table_10_generation_works_with_risk_difference_column"/>
    <testcase time="0.0340000000000025" classname="table_10" name="Table_10_generation_works_with_risk_difference_column"/>
    <testcase time="0.422999999999998" classname="table_10" name="Table_10_generation_works_with_risk_difference_column"/>
    <testcase time="0.128" classname="table_10" name="Table_10_generation_works_with_risk_difference_column">
      <skipped message="Reason: On CRAN ('test-table_10.R:60:3')"/>
    </testcase>
  </testsuite>
  <testsuite name="table_11" timestamp="2023-11-02T15:15:51Z" hostname="0bfac8f28987" tests="12" skipped="3" failures="0" errors="0" time="2.44">
    <testcase time="0.0279999999999987" classname="table_11" name="Table_11_generation_works_with_default_values"/>
    <testcase time="0.0430000000000028" classname="table_11" name="Table_11_generation_works_with_default_values"/>
    <testcase time="0.577999999999999" classname="table_11" name="Table_11_generation_works_with_default_values"/>
    <testcase time="0.129999999999999" classname="table_11" name="Table_11_generation_works_with_default_values">
      <skipped message="Reason: On CRAN ('test-table_11.R:18:3')"/>
    </testcase>
    <testcase time="0.0180000000000007" classname="table_11" name="Table_11_generation_works_with_custom_values"/>
    <testcase time="0.036999999999999" classname="table_11" name="Table_11_generation_works_with_custom_values"/>
    <testcase time="0.559000000000001" classname="table_11" name="Table_11_generation_works_with_custom_values"/>
    <testcase time="0.0609999999999999" classname="table_11" name="Table_11_generation_works_with_custom_values">
      <skipped message="Reason: On CRAN ('test-table_11.R:48:3')"/>
    </testcase>
    <testcase time="0.0189999999999984" classname="table_11" name="Table_11_generation_works_with_risk_difference_column"/>
    <testcase time="0.0549999999999997" classname="table_11" name="Table_11_generation_works_with_risk_difference_column"/>
    <testcase time="0.769000000000002" classname="table_11" name="Table_11_generation_works_with_risk_difference_column"/>
    <testcase time="0.143000000000001" classname="table_11" name="Table_11_generation_works_with_risk_difference_column">
      <skipped message="Reason: On CRAN ('test-table_11.R:56:3')"/>
    </testcase>
  </testsuite>
  <testsuite name="table_12" timestamp="2023-11-02T15:15:53Z" hostname="0bfac8f28987" tests="12" skipped="3" failures="0" errors="0" time="3.233">
    <testcase time="0.0239999999999974" classname="table_12" name="Table_12_generation_works_with_default_values"/>
    <testcase time="0.0550000000000033" classname="table_12" name="Table_12_generation_works_with_default_values"/>
    <testcase time="0.773" classname="table_12" name="Table_12_generation_works_with_default_values"/>
    <testcase time="0.0960000000000001" classname="table_12" name="Table_12_generation_works_with_default_values">
      <skipped message="Reason: On CRAN ('test-table_12.R:9:3')"/>
    </testcase>
    <testcase time="0.0179999999999971" classname="table_12" name="Table_12_generation_works_with_custom_values"/>
    <testcase time="0.0440000000000005" classname="table_12" name="Table_12_generation_works_with_custom_values"/>
    <testcase time="0.776000000000003" classname="table_12" name="Table_12_generation_works_with_custom_values"/>
    <testcase time="0.0989999999999966" classname="table_12" name="Table_12_generation_works_with_custom_values">
      <skipped message="Reason: On CRAN ('test-table_12.R:39:3')"/>
    </testcase>
    <testcase time="0.0180000000000007" classname="table_12" name="Table_12_generation_works_with_risk_difference_column"/>
    <testcase time="0.0439999999999969" classname="table_12" name="Table_12_generation_works_with_risk_difference_column"/>
    <testcase time="1.18000000000001" classname="table_12" name="Table_12_generation_works_with_risk_difference_column"/>
    <testcase time="0.105999999999995" classname="table_12" name="Table_12_generation_works_with_risk_difference_column">
      <skipped message="Reason: On CRAN ('test-table_12.R:47:3')"/>
    </testcase>
  </testsuite>
  <testsuite name="table_13" timestamp="2023-11-02T15:15:56Z" hostname="0bfac8f28987" tests="12" skipped="3" failures="0" errors="0" time="0.721">
    <testcase time="0.0230000000000032" classname="table_13" name="Table_13_generation_works_with_default_values"/>
    <testcase time="0.0409999999999968" classname="table_13" name="Table_13_generation_works_with_default_values"/>
    <testcase time="0.113" classname="table_13" name="Table_13_generation_works_with_default_values"/>
    <testcase time="0.0560000000000045" classname="table_13" name="Table_13_generation_works_with_default_values">
      <skipped message="Reason: On CRAN ('test-table_13.R:8:3')"/>
    </testcase>
    <testcase time="0.0180000000000007" classname="table_13" name="Table_13_generation_works_with_custom_values"/>
    <testcase time="0.046999999999997" classname="table_13" name="Table_13_generation_works_with_custom_values"/>
    <testcase time="0.122" classname="table_13" name="Table_13_generation_works_with_custom_values"/>
    <testcase time="0.0429999999999993" classname="table_13" name="Table_13_generation_works_with_custom_values">
      <skipped message="Reason: On CRAN ('test-table_13.R:38:3')"/>
    </testcase>
    <testcase time="0.017000000000003" classname="table_13" name="Table_13_generation_works_with_risk_difference_column"/>
    <testcase time="0.046999999999997" classname="table_13" name="Table_13_generation_works_with_risk_difference_column"/>
    <testcase time="0.124000000000002" classname="table_13" name="Table_13_generation_works_with_risk_difference_column"/>
    <testcase time="0.0700000000000003" classname="table_13" name="Table_13_generation_works_with_risk_difference_column">
      <skipped message="Reason: On CRAN ('test-table_13.R:46:3')"/>
    </testcase>
  </testsuite>
  <testsuite name="table_14" timestamp="2023-11-02T15:15:57Z" hostname="0bfac8f28987" tests="13" skipped="4" failures="0" errors="0" time="2.828">
    <testcase time="0.0309999999999988" classname="table_14" name="Table_14_generation_works_with_default_values"/>
    <testcase time="0.506" classname="table_14" name="Table_14_generation_works_with_default_values"/>
    <testcase time="0.127000000000002" classname="table_14" name="Table_14_generation_works_with_default_values">
      <skipped message="Reason: On CRAN ('test-table_14.R:16:3')"/>
    </testcase>
    <testcase time="0.0179999999999936" classname="table_14" name="Table_14_generation_works_with_custom_values"/>
    <testcase time="0.0410000000000039" classname="table_14" name="Table_14_generation_works_with_custom_values"/>
    <testcase time="0.534999999999997" classname="table_14" name="Table_14_generation_works_with_custom_values"/>
    <testcase time="0.125" classname="table_14" name="Table_14_generation_works_with_custom_values">
      <skipped message="Reason: On CRAN ('test-table_14.R:46:3')"/>
    </testcase>
    <testcase time="0.0180000000000007" classname="table_14" name="Table_14_generation_works_with_NA_values_pruned_rows"/>
    <testcase time="0.510999999999996" classname="table_14" name="Table_14_generation_works_with_NA_values_pruned_rows"/>
    <testcase time="0.0960000000000036" classname="table_14" name="Table_14_generation_works_with_NA_values_pruned_rows">
      <skipped message="Reason: On CRAN ('test-table_14.R:53:3')"/>
    </testcase>
    <testcase time="0.0180000000000007" classname="table_14" name="Table_14_generation_works_with_risk_difference_column"/>
    <testcase time="0.656999999999996" classname="table_14" name="Table_14_generation_works_with_risk_difference_column"/>
    <testcase time="0.145000000000003" classname="table_14" name="Table_14_generation_works_with_risk_difference_column">
      <skipped message="Reason: On CRAN ('test-table_14.R:61:3')"/>
    </testcase>
  </testsuite>
  <testsuite name="table_15" timestamp="2023-11-02T15:16:00Z" hostname="0bfac8f28987" tests="16" skipped="4" failures="0" errors="0" time="1.633">
    <testcase time="0.027000000000001" classname="table_15" name="Table_15_generation_works_with_default_values"/>
    <testcase time="0.0349999999999966" classname="table_15" name="Table_15_generation_works_with_default_values"/>
    <testcase time="0.258000000000003" classname="table_15" name="Table_15_generation_works_with_default_values"/>
    <testcase time="0.080999999999996" classname="table_15" name="Table_15_generation_works_with_default_values">
      <skipped message="Reason: On CRAN ('test-table_15.R:19:3')"/>
    </testcase>
    <testcase time="0.0169999999999959" classname="table_15" name="Table_15_generation_works_with_custom_values"/>
    <testcase time="0.036999999999999" classname="table_15" name="Table_15_generation_works_with_custom_values"/>
    <testcase time="0.257000000000005" classname="table_15" name="Table_15_generation_works_with_custom_values"/>
    <testcase time="0.0819999999999936" classname="table_15" name="Table_15_generation_works_with_custom_values">
      <skipped message="Reason: On CRAN ('test-table_15.R:51:3')"/>
    </testcase>
    <testcase time="0.0180000000000007" classname="table_15" name="Table_15_generation_works_with_NA_values_pruned_rows"/>
    <testcase time="0.0360000000000014" classname="table_15" name="Table_15_generation_works_with_NA_values_pruned_rows"/>
    <testcase time="0.253" classname="table_15" name="Table_15_generation_works_with_NA_values_pruned_rows"/>
    <testcase time="0.0820000000000007" classname="table_15" name="Table_15_generation_works_with_NA_values_pruned_rows">
      <skipped message="Reason: On CRAN ('test-table_15.R:58:3')"/>
    </testcase>
    <testcase time="0.0180000000000007" classname="table_15" name="Table_15_generation_works_with_risk_difference_column"/>
    <testcase time="0.0360000000000014" classname="table_15" name="Table_15_generation_works_with_risk_difference_column"/>
    <testcase time="0.298999999999999" classname="table_15" name="Table_15_generation_works_with_risk_difference_column"/>
    <testcase time="0.0970000000000013" classname="table_15" name="Table_15_generation_works_with_risk_difference_column">
      <skipped message="Reason: On CRAN ('test-table_15.R:66:3')"/>
    </testcase>
  </testsuite>
  <testsuite name="table_16" timestamp="2023-11-02T15:16:02Z" hostname="0bfac8f28987" tests="16" skipped="4" failures="0" errors="0" time="1.442">
    <testcase time="0.027000000000001" classname="table_16" name="Table_16_generation_works_with_default_values"/>
    <testcase time="0.0419999999999945" classname="table_16" name="Table_16_generation_works_with_default_values"/>
    <testcase time="0.243000000000002" classname="table_16" name="Table_16_generation_works_with_default_values"/>
    <testcase time="0.0450000000000017" classname="table_16" name="Table_16_generation_works_with_default_values">
      <skipped message="Reason: On CRAN ('test-table_16.R:19:3')"/>
    </testcase>
    <testcase time="0.0180000000000007" classname="table_16" name="Table_16_generation_works_with_custom_values"/>
    <testcase time="0.0329999999999941" classname="table_16" name="Table_16_generation_works_with_custom_values"/>
    <testcase time="0.249000000000002" classname="table_16" name="Table_16_generation_works_with_custom_values"/>
    <testcase time="0.044000000000004" classname="table_16" name="Table_16_generation_works_with_custom_values">
      <skipped message="Reason: On CRAN ('test-table_16.R:51:3')"/>
    </testcase>
    <testcase time="0.0180000000000007" classname="table_16" name="Table_16_generation_works_with_NA_values_pruned_rows"/>
    <testcase time="0.0319999999999965" classname="table_16" name="Table_16_generation_works_with_NA_values_pruned_rows"/>
    <testcase time="0.243000000000002" classname="table_16" name="Table_16_generation_works_with_NA_values_pruned_rows"/>
    <testcase time="0.0519999999999996" classname="table_16" name="Table_16_generation_works_with_NA_values_pruned_rows">
      <skipped message="Reason: On CRAN ('test-table_16.R:58:3')"/>
    </testcase>
    <testcase time="0.0180000000000007" classname="table_16" name="Table_16_generation_works_with_risk_difference_column"/>
    <testcase time="0.0329999999999941" classname="table_16" name="Table_16_generation_works_with_risk_difference_column"/>
    <testcase time="0.295000000000002" classname="table_16" name="Table_16_generation_works_with_risk_difference_column"/>
    <testcase time="0.0499999999999972" classname="table_16" name="Table_16_generation_works_with_risk_difference_column">
      <skipped message="Reason: On CRAN ('test-table_16.R:66:3')"/>
    </testcase>
  </testsuite>
  <testsuite name="table_17" timestamp="2023-11-02T15:16:03Z" hostname="0bfac8f28987" tests="16" skipped="4" failures="0" errors="0" time="2.507">
    <testcase time="0.027000000000001" classname="table_17" name="Table_17_generation_works_with_default_values"/>
    <testcase time="0.0379999999999967" classname="table_17" name="Table_17_generation_works_with_default_values"/>
    <testcase time="0.381" classname="table_17" name="Table_17_generation_works_with_default_values"/>
    <testcase time="0.154000000000003" classname="table_17" name="Table_17_generation_works_with_default_values">
      <skipped message="Reason: On CRAN ('test-table_17.R:25:3')"/>
    </testcase>
    <testcase time="0.0189999999999984" classname="table_17" name="Table_17_generation_works_with_custom_values"/>
    <testcase time="0.0379999999999967" classname="table_17" name="Table_17_generation_works_with_custom_values"/>
    <testcase time="0.379000000000005" classname="table_17" name="Table_17_generation_works_with_custom_values"/>
    <testcase time="0.149999999999999" classname="table_17" name="Table_17_generation_works_with_custom_values">
      <skipped message="Reason: On CRAN ('test-table_17.R:57:3')"/>
    </testcase>
    <testcase time="0.0189999999999984" classname="table_17" name="Table_17_generation_works_with_NA_values_pruned_rows"/>
    <testcase time="0.0570000000000022" classname="table_17" name="Table_17_generation_works_with_NA_values_pruned_rows"/>
    <testcase time="0.390999999999998" classname="table_17" name="Table_17_generation_works_with_NA_values_pruned_rows"/>
    <testcase time="0.146000000000001" classname="table_17" name="Table_17_generation_works_with_NA_values_pruned_rows">
      <skipped message="Reason: On CRAN ('test-table_17.R:64:3')"/>
    </testcase>
    <testcase time="0.0189999999999984" classname="table_17" name="Table_17_generation_works_with_risk_difference_column"/>
    <testcase time="0.0500000000000043" classname="table_17" name="Table_17_generation_works_with_risk_difference_column"/>
    <testcase time="0.463000000000001" classname="table_17" name="Table_17_generation_works_with_risk_difference_column"/>
    <testcase time="0.175999999999995" classname="table_17" name="Table_17_generation_works_with_risk_difference_column">
      <skipped message="Reason: On CRAN ('test-table_17.R:72:3')"/>
    </testcase>
  </testsuite>
  <testsuite name="table_18" timestamp="2023-11-02T15:16:05Z" hostname="0bfac8f28987" tests="16" skipped="4" failures="0" errors="0" time="2.139">
    <testcase time="0.027000000000001" classname="table_18" name="Table_18_generation_works_with_default_values"/>
    <testcase time="0.0330000000000013" classname="table_18" name="Table_18_generation_works_with_default_values"/>
    <testcase time="0.387" classname="table_18" name="Table_18_generation_works_with_default_values"/>
    <testcase time="0.0769999999999982" classname="table_18" name="Table_18_generation_works_with_default_values">
      <skipped message="Reason: On CRAN ('test-table_18.R:25:3')"/>
    </testcase>
    <testcase time="0.0189999999999984" classname="table_18" name="Table_18_generation_works_with_custom_values"/>
    <testcase time="0.0330000000000013" classname="table_18" name="Table_18_generation_works_with_custom_values"/>
    <testcase time="0.389000000000003" classname="table_18" name="Table_18_generation_works_with_custom_values"/>
    <testcase time="0.0649999999999977" classname="table_18" name="Table_18_generation_works_with_custom_values">
      <skipped message="Reason: On CRAN ('test-table_18.R:57:3')"/>
    </testcase>
    <testcase time="0.0189999999999984" classname="table_18" name="Table_18_generation_works_with_NA_values_pruned_rows"/>
    <testcase time="0.0470000000000041" classname="table_18" name="Table_18_generation_works_with_NA_values_pruned_rows"/>
    <testcase time="0.382999999999996" classname="table_18" name="Table_18_generation_works_with_NA_values_pruned_rows"/>
    <testcase time="0.0630000000000024" classname="table_18" name="Table_18_generation_works_with_NA_values_pruned_rows">
      <skipped message="Reason: On CRAN ('test-table_18.R:64:3')"/>
    </testcase>
    <testcase time="0.0180000000000007" classname="table_18" name="Table_18_generation_works_with_risk_difference_column"/>
    <testcase time="0.0330000000000013" classname="table_18" name="Table_18_generation_works_with_risk_difference_column"/>
    <testcase time="0.473999999999997" classname="table_18" name="Table_18_generation_works_with_risk_difference_column"/>
    <testcase time="0.0720000000000027" classname="table_18" name="Table_18_generation_works_with_risk_difference_column">
      <skipped message="Reason: On CRAN ('test-table_18.R:72:3')"/>
    </testcase>
  </testsuite>
  <testsuite name="table_20" timestamp="2023-11-02T15:16:08Z" hostname="0bfac8f28987" tests="24" skipped="4" failures="0" errors="0" time="2.57">
    <testcase time="0.027000000000001" classname="table_20" name="Table_20_generation_works_with_default_values"/>
    <testcase time="0.00199999999999534" classname="table_20" name="Table_20_generation_works_with_default_values"/>
    <testcase time="0.00100000000000477" classname="table_20" name="Table_20_generation_works_with_default_values"/>
    <testcase time="0.036999999999999" classname="table_20" name="Table_20_generation_works_with_default_values"/>
    <testcase time="0.408999999999999" classname="table_20" name="Table_20_generation_works_with_default_values"/>
    <testcase time="0.0750000000000028" classname="table_20" name="Table_20_generation_works_with_default_values">
      <skipped message="Reason: On CRAN ('test-table_20.R:17:3')"/>
    </testcase>
    <testcase time="0.0180000000000007" classname="table_20" name="Table_20_generation_works_with_custom_values"/>
    <testcase time="0.00199999999999534" classname="table_20" name="Table_20_generation_works_with_custom_values"/>
    <testcase time="0.00200000000000244" classname="table_20" name="Table_20_generation_works_with_custom_values"/>
    <testcase time="0.036999999999999" classname="table_20" name="Table_20_generation_works_with_custom_values"/>
    <testcase time="0.609999999999999" classname="table_20" name="Table_20_generation_works_with_custom_values"/>
    <testcase time="0.113999999999997" classname="table_20" name="Table_20_generation_works_with_custom_values">
      <skipped message="Reason: On CRAN ('test-table_20.R:65:3')"/>
    </testcase>
    <testcase time="0.0190000000000055" classname="table_20" name="Table_20_generation_works_with_missing_values_pruned_rows"/>
    <testcase time="0.000999999999997669" classname="table_20" name="Table_20_generation_works_with_missing_values_pruned_rows"/>
    <testcase time="0.00200000000000244" classname="table_20" name="Table_20_generation_works_with_missing_values_pruned_rows"/>
    <testcase time="0.036999999999999" classname="table_20" name="Table_20_generation_works_with_missing_values_pruned_rows"/>
    <testcase time="0.405000000000001" classname="table_20" name="Table_20_generation_works_with_missing_values_pruned_rows"/>
    <testcase time="0.090999999999994" classname="table_20" name="Table_20_generation_works_with_missing_values_pruned_rows">
      <skipped message="Reason: On CRAN ('test-table_20.R:74:3')"/>
    </testcase>
    <testcase time="0.0180000000000007" classname="table_20" name="Table_20_generation_works_with_risk_difference_column"/>
    <testcase time="0.00200000000000244" classname="table_20" name="Table_20_generation_works_with_risk_difference_column"/>
    <testcase time="0.000999999999997669" classname="table_20" name="Table_20_generation_works_with_risk_difference_column"/>
    <testcase time="0.0380000000000038" classname="table_20" name="Table_20_generation_works_with_risk_difference_column"/>
    <testcase time="0.536000000000001" classname="table_20" name="Table_20_generation_works_with_risk_difference_column"/>
    <testcase time="0.0859999999999985" classname="table_20" name="Table_20_generation_works_with_risk_difference_column">
      <skipped message="Reason: On CRAN ('test-table_20.R:82:3')"/>
    </testcase>
  </testsuite>
  <testsuite name="table_21" timestamp="2023-11-02T15:16:10Z" hostname="0bfac8f28987" tests="19" skipped="4" failures="0" errors="0" time="2.526">
    <testcase time="0.0790000000000006" classname="table_21" name="Table_21_generation_works_with_default_values"/>
    <testcase time="0.000999999999997669" classname="table_21" name="Table_21_generation_works_with_default_values"/>
    <testcase time="0.575000000000003" classname="table_21" name="Table_21_generation_works_with_default_values"/>
    <testcase time="0.0970000000000013" classname="table_21" name="Table_21_generation_works_with_default_values">
      <skipped message="Reason: On CRAN ('test-table_21.R:22:3')"/>
    </testcase>
    <testcase time="0.0249999999999986" classname="table_21" name="Table_21_generation_works_with_custom_values_N_s_denominator_and_overall_column"/>
    <testcase time="0.000999999999997669" classname="table_21" name="Table_21_generation_works_with_custom_values_N_s_denominator_and_overall_column"/>
    <testcase time="0.0679999999999978" classname="table_21" name="Table_21_generation_works_with_custom_values_N_s_denominator_and_overall_column"/>
    <testcase time="0.695" classname="table_21" name="Table_21_generation_works_with_custom_values_N_s_denominator_and_overall_column"/>
    <testcase time="0.106999999999999" classname="table_21" name="Table_21_generation_works_with_custom_values_N_s_denominator_and_overall_column">
      <skipped message="Reason: On CRAN ('test-table_21.R:34:3')"/>
    </testcase>
    <testcase time="0.0180000000000007" classname="table_21" name="Table_21_generation_works_with_custom_values_N_col_denominator_and_no_overall_column"/>
    <testcase time="0.00200000000000244" classname="table_21" name="Table_21_generation_works_with_custom_values_N_col_denominator_and_no_overall_column"/>
    <testcase time="0.0439999999999969" classname="table_21" name="Table_21_generation_works_with_custom_values_N_col_denominator_and_no_overall_column"/>
    <testcase time="0.308" classname="table_21" name="Table_21_generation_works_with_custom_values_N_col_denominator_and_no_overall_column"/>
    <testcase time="0.0850000000000009" classname="table_21" name="Table_21_generation_works_with_custom_values_N_col_denominator_and_no_overall_column">
      <skipped message="Reason: On CRAN ('test-table_21.R:62:3')"/>
    </testcase>
    <testcase time="0.0700000000000003" classname="table_21" name="Table_21_generation_works_with_some_NA_values"/>
    <testcase time="0.00200000000000244" classname="table_21" name="Table_21_generation_works_with_some_NA_values"/>
    <testcase time="0.0409999999999968" classname="table_21" name="Table_21_generation_works_with_some_NA_values"/>
    <testcase time="0.236000000000004" classname="table_21" name="Table_21_generation_works_with_some_NA_values"/>
    <testcase time="0.0719999999999956" classname="table_21" name="Table_21_generation_works_with_some_NA_values">
      <skipped message="Reason: On CRAN ('test-table_21.R:82:3')"/>
    </testcase>
  </testsuite>
  <testsuite name="table_32" timestamp="2023-11-02T15:16:13Z" hostname="0bfac8f28987" tests="22" skipped="6" failures="0" errors="0" time="5.551">
    <testcase time="0.0310000000000059" classname="table_32" name="Table_32_generation_works_with_default_values"/>
    <testcase time="0.0449999999999946" classname="table_32" name="Table_32_generation_works_with_default_values"/>
    <testcase time="0.109000000000002" classname="table_32" name="Table_32_generation_works_with_default_values"/>
    <testcase time="0.054000000000002" classname="table_32" name="Table_32_generation_works_with_default_values">
      <skipped message="Reason: On CRAN ('test-table_32.R:8:3')"/>
    </testcase>
    <testcase time="0.0219999999999985" classname="table_32" name="Table_32_generation_works_with_custom_values"/>
    <testcase time="0.0450000000000017" classname="table_32" name="Table_32_generation_works_with_custom_values"/>
    <testcase time="0.140999999999998" classname="table_32" name="Table_32_generation_works_with_custom_values"/>
    <testcase time="0.0559999999999974" classname="table_32" name="Table_32_generation_works_with_custom_values">
      <skipped message="Reason: On CRAN ('test-table_32.R:30:3')"/>
    </testcase>
    <testcase time="0.0180000000000007" classname="table_32" name="Table_32_generation_works_with_pruned_rows"/>
    <testcase time="0.0450000000000017" classname="table_32" name="Table_32_generation_works_with_pruned_rows"/>
    <testcase time="0.125999999999998" classname="table_32" name="Table_32_generation_works_with_pruned_rows"/>
    <testcase time="0.0320000000000036" classname="table_32" name="Table_32_generation_works_with_pruned_rows">
      <skipped message="Reason: On CRAN ('test-table_32.R:37:3')"/>
    </testcase>
    <testcase time="0.0180000000000007" classname="table_32" name="Table_32_generation_works_with_risk_difference_column"/>
    <testcase time="0.0439999999999969" classname="table_32" name="Table_32_generation_works_with_risk_difference_column"/>
    <testcase time="0.158000000000001" classname="table_32" name="Table_32_generation_works_with_risk_difference_column"/>
    <testcase time="0.0459999999999994" classname="table_32" name="Table_32_generation_works_with_risk_difference_column">
      <skipped message="Reason: On CRAN ('test-table_32.R:45:3')"/>
    </testcase>
    <testcase time="0.0180000000000007" classname="table_32" name="Table_32_gtsum_generation_works_with_default_values"/>
    <testcase time="1.866" classname="table_32" name="Table_32_gtsum_generation_works_with_default_values"/>
    <testcase time="0.00800000000000267" classname="table_32" name="Table_32_gtsum_generation_works_with_default_values">
      <skipped message="Reason: On CRAN ('test-table_32.R:51:3')"/>
    </testcase>
    <testcase time="0.0180000000000007" classname="table_32" name="Table_32_gtsum_generation_works_with_custom_values"/>
    <testcase time="2.643" classname="table_32" name="Table_32_gtsum_generation_works_with_custom_values"/>
    <testcase time="0.00799999999999557" classname="table_32" name="Table_32_gtsum_generation_works_with_custom_values">
      <skipped message="Reason: On CRAN ('test-table_32.R:61:3')"/>
    </testcase>
  </testsuite>
  <testsuite name="table_33" timestamp="2023-11-02T15:16:18Z" hostname="0bfac8f28987" tests="16" skipped="4" failures="0" errors="0" time="1.593">
    <testcase time="0.0230000000000032" classname="table_33" name="Table_33_generation_works_with_default_values"/>
    <testcase time="0.229999999999997" classname="table_33" name="Table_33_generation_works_with_default_values"/>
    <testcase time="0.100000000000001" classname="table_33" name="Table_33_generation_works_with_default_values"/>
    <testcase time="0.0379999999999967" classname="table_33" name="Table_33_generation_works_with_default_values">
      <skipped message="Reason: On CRAN ('test-table_33.R:8:3')"/>
    </testcase>
    <testcase time="0.0180000000000007" classname="table_33" name="Table_33_generation_works_with_custom_values"/>
    <testcase time="0.225999999999999" classname="table_33" name="Table_33_generation_works_with_custom_values"/>
    <testcase time="0.122" classname="table_33" name="Table_33_generation_works_with_custom_values"/>
    <testcase time="0.0410000000000039" classname="table_33" name="Table_33_generation_works_with_custom_values">
      <skipped message="Reason: On CRAN ('test-table_33.R:34:3')"/>
    </testcase>
    <testcase time="0.0189999999999984" classname="table_33" name="Table_33_generation_works_with_pruned_rows"/>
    <testcase time="0.225000000000001" classname="table_33" name="Table_33_generation_works_with_pruned_rows"/>
    <testcase time="0.106000000000002" classname="table_33" name="Table_33_generation_works_with_pruned_rows"/>
    <testcase time="0.0300000000000011" classname="table_33" name="Table_33_generation_works_with_pruned_rows">
      <skipped message="Reason: On CRAN ('test-table_33.R:42:3')"/>
    </testcase>
    <testcase time="0.0179999999999936" classname="table_33" name="Table_33_generation_works_with_risk_difference_column"/>
    <testcase time="0.227000000000004" classname="table_33" name="Table_33_generation_works_with_risk_difference_column"/>
    <testcase time="0.133000000000003" classname="table_33" name="Table_33_generation_works_with_risk_difference_column"/>
    <testcase time="0.036999999999999" classname="table_33" name="Table_33_generation_works_with_risk_difference_column">
      <skipped message="Reason: On CRAN ('test-table_33.R:50:3')"/>
    </testcase>
  </testsuite>
  <testsuite name="table_34" timestamp="2023-11-02T15:16:20Z" hostname="0bfac8f28987" tests="12" skipped="3" failures="0" errors="0" time="5.563">
    <testcase time="0.0289999999999964" classname="table_34" name="Table_34_generation_works_with_default_values"/>
    <testcase time="0.0350000000000037" classname="table_34" name="Table_34_generation_works_with_default_values"/>
    <testcase time="1.753" classname="table_34" name="Table_34_generation_works_with_default_values"/>
    <testcase time="0.177" classname="table_34" name="Table_34_generation_works_with_default_values">
      <skipped message="Reason: On CRAN ('test-table_34.R:17:3')"/>
    </testcase>
    <testcase time="0.0180000000000007" classname="table_34" name="Table_34_generation_works_with_custom_values"/>
    <testcase time="0.029999999999994" classname="table_34" name="Table_34_generation_works_with_custom_values"/>
    <testcase time="1.441" classname="table_34" name="Table_34_generation_works_with_custom_values"/>
    <testcase time="0.0680000000000049" classname="table_34" name="Table_34_generation_works_with_custom_values">
      <skipped message="Reason: On CRAN ('test-table_34.R:49:3')"/>
    </testcase>
    <testcase time="0.0240000000000009" classname="table_34" name="Table_34_generation_works_with_risk_difference_column"/>
    <testcase time="0.0349999999999966" classname="table_34" name="Table_34_generation_works_with_risk_difference_column"/>
    <testcase time="1.756" classname="table_34" name="Table_34_generation_works_with_risk_difference_column"/>
    <testcase time="0.197000000000003" classname="table_34" name="Table_34_generation_works_with_risk_difference_column">
      <skipped message="Reason: On CRAN ('test-table_34.R:57:3')"/>
    </testcase>
  </testsuite>
</testsuites>
