<?xml version="1.0" encoding="UTF-8"?>
<testsuites>
  <testsuite name="table_02" timestamp="2023-09-29T15:27:57Z" hostname="f38bb07c2298" tests="33" skipped="10" failures="0" errors="0" time="19.544">
    <testcase time="0.102" classname="table_02" name="Table_02_generation_works_with_default_values"/>
    <testcase time="0.132" classname="table_02" name="Table_02_generation_works_with_default_values"/>
    <testcase time="0.636" classname="table_02" name="Table_02_generation_works_with_default_values"/>
    <testcase time="0.292000000000001" classname="table_02" name="Table_02_generation_works_with_default_values">
      <skipped message="Reason: On CRAN ('test-table_02.R:16:3')"/>
    </testcase>
    <testcase time="0.0749999999999993" classname="table_02" name="Table_02_generation_works_with_custom_values"/>
    <testcase time="0.0640000000000001" classname="table_02" name="Table_02_generation_works_with_custom_values"/>
    <testcase time="0.49" classname="table_02" name="Table_02_generation_works_with_custom_values"/>
    <testcase time="0.318000000000001" classname="table_02" name="Table_02_generation_works_with_custom_values">
      <skipped message="Reason: On CRAN ('test-table_02.R:45:3')"/>
    </testcase>
    <testcase time="0.069" classname="table_02" name="Table_02_generation_works_with_some_NA_values"/>
    <testcase time="0.0629999999999997" classname="table_02" name="Table_02_generation_works_with_some_NA_values"/>
    <testcase time="0.103999999999999" classname="table_02" name="Table_02_generation_works_with_some_NA_values"/>
    <testcase time="0.0659999999999998" classname="table_02" name="Table_02_generation_works_with_some_NA_values">
      <skipped message="Reason: On CRAN ('test-table_02.R:57:3')"/>
    </testcase>
    <testcase time="0.0209999999999999" classname="table_02" name="Table_02_generation_tplyr_works_with_default_values"/>
    <testcase time="2.441" classname="table_02" name="Table_02_generation_tplyr_works_with_default_values"/>
    <testcase time="0.0400000000000009" classname="table_02" name="Table_02_generation_tplyr_works_with_default_values">
      <skipped message="Reason: On CRAN ('test-table_02.R:66:3')"/>
    </testcase>
    <testcase time="0.0199999999999996" classname="table_02" name="Table_02_generation_tplyr_works_with_tplyr_raw_TRUE"/>
    <testcase time="1.53" classname="table_02" name="Table_02_generation_tplyr_works_with_tplyr_raw_TRUE"/>
    <testcase time="0.0300000000000011" classname="table_02" name="Table_02_generation_tplyr_works_with_tplyr_raw_TRUE">
      <skipped message="Reason: On CRAN ('test-table_02.R:75:3')"/>
    </testcase>
    <testcase time="0.0570000000000004" classname="table_02" name="Table_02_generation_tplyr_works_with_custom_values"/>
    <testcase time="2.41" classname="table_02" name="Table_02_generation_tplyr_works_with_custom_values"/>
    <testcase time="0.0319999999999983" classname="table_02" name="Table_02_generation_tplyr_works_with_custom_values">
      <skipped message="Reason: On CRAN ('test-table_02.R:102:3')"/>
    </testcase>
    <testcase time="0.0470000000000006" classname="table_02" name="Table_02_generation_tplyr_works_with_some_NA_values"/>
    <testcase time="0.945" classname="table_02" name="Table_02_generation_tplyr_works_with_some_NA_values"/>
    <testcase time="0.0310000000000006" classname="table_02" name="Table_02_generation_tplyr_works_with_some_NA_values">
      <skipped message="Reason: On CRAN ('test-table_02.R:119:3')"/>
    </testcase>
    <testcase time="0.0249999999999986" classname="table_02" name="Table_02_generation_gtsum_works_with_default_values"/>
    <testcase time="4.001" classname="table_02" name="Table_02_generation_gtsum_works_with_default_values"/>
    <testcase time="0.00799999999999912" classname="table_02" name="Table_02_generation_gtsum_works_with_default_values">
      <skipped message="Reason: On CRAN ('test-table_02.R:128:3')"/>
    </testcase>
    <testcase time="0.0579999999999998" classname="table_02" name="Table_02_generation_gtsum_works_with_custom_values"/>
    <testcase time="4.221" classname="table_02" name="Table_02_generation_gtsum_works_with_custom_values"/>
    <testcase time="0.00800000000000267" classname="table_02" name="Table_02_generation_gtsum_works_with_custom_values">
      <skipped message="Reason: On CRAN ('test-table_02.R:146:3')"/>
    </testcase>
    <testcase time="0.0559999999999974" classname="table_02" name="Table_02_generation_gtsum_works_with_some_NA_values"/>
    <testcase time="1.145" classname="table_02" name="Table_02_generation_gtsum_works_with_some_NA_values"/>
    <testcase time="0.00700000000000145" classname="table_02" name="Table_02_generation_gtsum_works_with_some_NA_values">
      <skipped message="Reason: On CRAN ('test-table_02.R:163:3')"/>
    </testcase>
  </testsuite>
  <testsuite name="table_04" timestamp="2023-09-29T15:28:17Z" hostname="f38bb07c2298" tests="12" skipped="2" failures="0" errors="0" time="1.29">
    <testcase time="0.0539999999999985" classname="table_04" name="Table_04_generation_works_with_default_values"/>
    <testcase time="0.00100000000000122" classname="table_04" name="Table_04_generation_works_with_default_values"/>
    <testcase time="0.000999999999997669" classname="table_04" name="Table_04_generation_works_with_default_values"/>
    <testcase time="0.00200000000000244" classname="table_04" name="Table_04_generation_works_with_default_values"/>
    <testcase time="0.524000000000001" classname="table_04" name="Table_04_generation_works_with_default_values"/>
    <testcase time="0.137999999999998" classname="table_04" name="Table_04_generation_works_with_default_values">
      <skipped message="Reason: On CRAN ('test-table_04.R:18:3')"/>
    </testcase>
    <testcase time="0.0190000000000019" classname="table_04" name="Table_04_generation_works_with_custom_values"/>
    <testcase time="0.000999999999997669" classname="table_04" name="Table_04_generation_works_with_custom_values"/>
    <testcase time="0.00199999999999889" classname="table_04" name="Table_04_generation_works_with_custom_values"/>
    <testcase time="0.00100000000000122" classname="table_04" name="Table_04_generation_works_with_custom_values"/>
    <testcase time="0.433" classname="table_04" name="Table_04_generation_works_with_custom_values"/>
    <testcase time="0.114000000000001" classname="table_04" name="Table_04_generation_works_with_custom_values">
      <skipped message="Reason: On CRAN ('test-table_04.R:44:3')"/>
    </testcase>
  </testsuite>
  <testsuite name="table_05" timestamp="2023-09-29T15:28:18Z" hostname="f38bb07c2298" tests="9" skipped="3" failures="0" errors="0" time="1.529">
    <testcase time="0.236999999999998" classname="table_05" name="Table_05_generation_works_with_default_values"/>
    <testcase time="0.297000000000001" classname="table_05" name="Table_05_generation_works_with_default_values"/>
    <testcase time="0.115000000000002" classname="table_05" name="Table_05_generation_works_with_default_values">
      <skipped message="Reason: On CRAN ('test-table_05.R:10:3')"/>
    </testcase>
    <testcase time="0.0189999999999984" classname="table_05" name="Table_05_generation_works_with_custom_values"/>
    <testcase time="0.372" classname="table_05" name="Table_05_generation_works_with_custom_values"/>
    <testcase time="0.117000000000001" classname="table_05" name="Table_05_generation_works_with_custom_values">
      <skipped message="Reason: On CRAN ('test-table_05.R:34:3')"/>
    </testcase>
    <testcase time="0.0219999999999985" classname="table_05" name="Table_05_generation_works_with_NA_values_pruned_rows"/>
    <testcase time="0.244" classname="table_05" name="Table_05_generation_works_with_NA_values_pruned_rows"/>
    <testcase time="0.106000000000002" classname="table_05" name="Table_05_generation_works_with_NA_values_pruned_rows">
      <skipped message="Reason: On CRAN ('test-table_05.R:44:3')"/>
    </testcase>
  </testsuite>
  <testsuite name="table_06" timestamp="2023-09-29T15:28:19Z" hostname="f38bb07c2298" tests="10" skipped="2" failures="0" errors="0" time="1.794">
    <testcase time="0.0279999999999987" classname="table_06" name="Table_06_generation_works_with_default_values"/>
    <testcase time="0.00100000000000122" classname="table_06" name="Table_06_generation_works_with_default_values"/>
    <testcase time="0.0689999999999991" classname="table_06" name="Table_06_generation_works_with_default_values"/>
    <testcase time="0.566000000000003" classname="table_06" name="Table_06_generation_works_with_default_values"/>
    <testcase time="0.128" classname="table_06" name="Table_06_generation_works_with_default_values">
      <skipped message="Reason: On CRAN ('test-table_06.R:8:3')"/>
    </testcase>
    <testcase time="0.0199999999999996" classname="table_06" name="Table_06_generation_works_with_custom_values"/>
    <testcase time="0.000999999999997669" classname="table_06" name="Table_06_generation_works_with_custom_values"/>
    <testcase time="0.0730000000000004" classname="table_06" name="Table_06_generation_works_with_custom_values"/>
    <testcase time="0.725999999999999" classname="table_06" name="Table_06_generation_works_with_custom_values"/>
    <testcase time="0.182000000000002" classname="table_06" name="Table_06_generation_works_with_custom_values">
      <skipped message="Reason: On CRAN ('test-table_06.R:40:3')"/>
    </testcase>
  </testsuite>
  <testsuite name="table_07" timestamp="2023-09-29T15:28:21Z" hostname="f38bb07c2298" tests="18" skipped="3" failures="0" errors="0" time="2.342">
    <testcase time="0.0309999999999988" classname="table_07" name="Table_07_generation_works_with_default_values"/>
    <testcase time="0.00100000000000122" classname="table_07" name="Table_07_generation_works_with_default_values"/>
    <testcase time="0.000999999999997669" classname="table_07" name="Table_07_generation_works_with_default_values"/>
    <testcase time="0.0510000000000019" classname="table_07" name="Table_07_generation_works_with_default_values"/>
    <testcase time="0.474999999999998" classname="table_07" name="Table_07_generation_works_with_default_values"/>
    <testcase time="0.164999999999999" classname="table_07" name="Table_07_generation_works_with_default_values">
      <skipped message="Reason: On CRAN ('test-table_07.R:13:3')"/>
    </testcase>
    <testcase time="0.0200000000000031" classname="table_07" name="Table_07_generation_works_with_custom_values"/>
    <testcase time="0.000999999999997669" classname="table_07" name="Table_07_generation_works_with_custom_values"/>
    <testcase time="0.00100000000000122" classname="table_07" name="Table_07_generation_works_with_custom_values"/>
    <testcase time="0.0500000000000007" classname="table_07" name="Table_07_generation_works_with_custom_values"/>
    <testcase time="0.637999999999998" classname="table_07" name="Table_07_generation_works_with_custom_values"/>
    <testcase time="0.217000000000002" classname="table_07" name="Table_07_generation_works_with_custom_values">
      <skipped message="Reason: On CRAN ('test-table_07.R:42:3')"/>
    </testcase>
    <testcase time="0.0229999999999997" classname="table_07" name="Table_07_generation_works_with_NA_values_pruned_rows"/>
    <testcase time="0.000999999999997669" classname="table_07" name="Table_07_generation_works_with_NA_values_pruned_rows"/>
    <testcase time="0.00200000000000244" classname="table_07" name="Table_07_generation_works_with_NA_values_pruned_rows"/>
    <testcase time="0.0579999999999998" classname="table_07" name="Table_07_generation_works_with_NA_values_pruned_rows"/>
    <testcase time="0.446999999999999" classname="table_07" name="Table_07_generation_works_with_NA_values_pruned_rows"/>
    <testcase time="0.16" classname="table_07" name="Table_07_generation_works_with_NA_values_pruned_rows">
      <skipped message="Reason: On CRAN ('test-table_07.R:52:3')"/>
    </testcase>
  </testsuite>
  <testsuite name="table_08" timestamp="2023-09-29T15:28:23Z" hostname="f38bb07c2298" tests="8" skipped="2" failures="0" errors="0" time="0.548">
    <testcase time="0.027000000000001" classname="table_08" name="Table_08_generation_works_with_default_values"/>
    <testcase time="0.00199999999999889" classname="table_08" name="Table_08_generation_works_with_default_values"/>
    <testcase time="0.0579999999999998" classname="table_08" name="Table_08_generation_works_with_default_values"/>
    <testcase time="0.166" classname="table_08" name="Table_08_generation_works_with_default_values">
      <skipped message="Reason: On CRAN ('test-table_08.R:10:3')"/>
    </testcase>
    <testcase time="0.0189999999999984" classname="table_08" name="Table_08_generation_works_with_custom_values"/>
    <testcase time="0.00199999999999889" classname="table_08" name="Table_08_generation_works_with_custom_values"/>
    <testcase time="0.0570000000000022" classname="table_08" name="Table_08_generation_works_with_custom_values"/>
    <testcase time="0.216999999999999" classname="table_08" name="Table_08_generation_works_with_custom_values">
      <skipped message="Reason: On CRAN ('test-table_08.R:31:3')"/>
    </testcase>
  </testsuite>
  <testsuite name="table_09" timestamp="2023-09-29T15:28:24Z" hostname="f38bb07c2298" tests="8" skipped="2" failures="0" errors="0" time="1.218">
    <testcase time="0.0259999999999998" classname="table_09" name="Table_09_generation_works_with_default_values"/>
    <testcase time="0.0519999999999996" classname="table_09" name="Table_09_generation_works_with_default_values"/>
    <testcase time="0.408000000000001" classname="table_09" name="Table_09_generation_works_with_default_values"/>
    <testcase time="0.0990000000000002" classname="table_09" name="Table_09_generation_works_with_default_values">
      <skipped message="Reason: On CRAN ('test-table_09.R:8:3')"/>
    </testcase>
    <testcase time="0.0240000000000009" classname="table_09" name="Table_09_generation_works_with_custom_values"/>
    <testcase time="0.0499999999999972" classname="table_09" name="Table_09_generation_works_with_custom_values"/>
    <testcase time="0.466000000000001" classname="table_09" name="Table_09_generation_works_with_custom_values"/>
    <testcase time="0.093" classname="table_09" name="Table_09_generation_works_with_custom_values">
      <skipped message="Reason: On CRAN ('test-table_09.R:39:3')"/>
    </testcase>
  </testsuite>
  <testsuite name="table_10" timestamp="2023-09-29T15:28:25Z" hostname="f38bb07c2298" tests="10" skipped="2" failures="0" errors="0" time="1.366">
    <testcase time="0.0340000000000025" classname="table_10" name="Table_10_generation_works_with_default_values"/>
    <testcase time="0.000999999999997669" classname="table_10" name="Table_10_generation_works_with_default_values"/>
    <testcase time="0.0630000000000024" classname="table_10" name="Table_10_generation_works_with_default_values"/>
    <testcase time="0.494999999999997" classname="table_10" name="Table_10_generation_works_with_default_values"/>
    <testcase time="0.164000000000001" classname="table_10" name="Table_10_generation_works_with_default_values">
      <skipped message="Reason: On CRAN ('test-table_10.R:17:3')"/>
    </testcase>
    <testcase time="0.0189999999999984" classname="table_10" name="Table_10_generation_works_with_custom_values"/>
    <testcase time="0.00200000000000244" classname="table_10" name="Table_10_generation_works_with_custom_values"/>
    <testcase time="0.0480000000000018" classname="table_10" name="Table_10_generation_works_with_custom_values"/>
    <testcase time="0.463000000000001" classname="table_10" name="Table_10_generation_works_with_custom_values"/>
    <testcase time="0.0769999999999982" classname="table_10" name="Table_10_generation_works_with_custom_values">
      <skipped message="Reason: On CRAN ('test-table_10.R:52:3')"/>
    </testcase>
  </testsuite>
  <testsuite name="table_11" timestamp="2023-09-29T15:28:27Z" hostname="f38bb07c2298" tests="8" skipped="2" failures="0" errors="0" time="1.947">
    <testcase time="0.0349999999999966" classname="table_11" name="Table_11_generation_works_with_default_values"/>
    <testcase time="0.0690000000000026" classname="table_11" name="Table_11_generation_works_with_default_values"/>
    <testcase time="0.773000000000003" classname="table_11" name="Table_11_generation_works_with_default_values"/>
    <testcase time="0.184999999999995" classname="table_11" name="Table_11_generation_works_with_default_values">
      <skipped message="Reason: On CRAN ('test-table_11.R:18:3')"/>
    </testcase>
    <testcase time="0.0200000000000031" classname="table_11" name="Table_11_generation_works_with_custom_values"/>
    <testcase time="0.0519999999999996" classname="table_11" name="Table_11_generation_works_with_custom_values"/>
    <testcase time="0.726999999999997" classname="table_11" name="Table_11_generation_works_with_custom_values"/>
    <testcase time="0.0860000000000056" classname="table_11" name="Table_11_generation_works_with_custom_values">
      <skipped message="Reason: On CRAN ('test-table_11.R:48:3')"/>
    </testcase>
  </testsuite>
  <testsuite name="table_12" timestamp="2023-09-29T15:28:29Z" hostname="f38bb07c2298" tests="8" skipped="2" failures="0" errors="0" time="2.546">
    <testcase time="0.0249999999999986" classname="table_12" name="Table_12_generation_works_with_default_values"/>
    <testcase time="0.0719999999999956" classname="table_12" name="Table_12_generation_works_with_default_values"/>
    <testcase time="1.023" classname="table_12" name="Table_12_generation_works_with_default_values"/>
    <testcase time="0.146000000000001" classname="table_12" name="Table_12_generation_works_with_default_values">
      <skipped message="Reason: On CRAN ('test-table_12.R:9:3')"/>
    </testcase>
    <testcase time="0.0189999999999984" classname="table_12" name="Table_12_generation_works_with_custom_values"/>
    <testcase time="0.0630000000000024" classname="table_12" name="Table_12_generation_works_with_custom_values"/>
    <testcase time="1.044" classname="table_12" name="Table_12_generation_works_with_custom_values"/>
    <testcase time="0.154000000000003" classname="table_12" name="Table_12_generation_works_with_custom_values">
      <skipped message="Reason: On CRAN ('test-table_12.R:39:3')"/>
    </testcase>
  </testsuite>
  <testsuite name="table_13" timestamp="2023-09-29T15:28:31Z" hostname="f38bb07c2298" tests="8" skipped="2" failures="0" errors="0" time="0.65">
    <testcase time="0.0229999999999961" classname="table_13" name="Table_13_generation_works_with_default_values"/>
    <testcase time="0.0609999999999999" classname="table_13" name="Table_13_generation_works_with_default_values"/>
    <testcase time="0.167000000000002" classname="table_13" name="Table_13_generation_works_with_default_values"/>
    <testcase time="0.0850000000000009" classname="table_13" name="Table_13_generation_works_with_default_values">
      <skipped message="Reason: On CRAN ('test-table_13.R:8:3')"/>
    </testcase>
    <testcase time="0.0189999999999984" classname="table_13" name="Table_13_generation_works_with_custom_values"/>
    <testcase time="0.0519999999999996" classname="table_13" name="Table_13_generation_works_with_custom_values"/>
    <testcase time="0.183999999999997" classname="table_13" name="Table_13_generation_works_with_custom_values"/>
    <testcase time="0.0590000000000046" classname="table_13" name="Table_13_generation_works_with_custom_values">
      <skipped message="Reason: On CRAN ('test-table_13.R:38:3')"/>
    </testcase>
  </testsuite>
  <testsuite name="table_14" timestamp="2023-09-29T15:28:32Z" hostname="f38bb07c2298" tests="10" skipped="3" failures="0" errors="0" time="3.386">
    <testcase time="0.0330000000000013" classname="table_14" name="Table_14_generation_works_with_default_values"/>
    <testcase time="0.788999999999994" classname="table_14" name="Table_14_generation_works_with_default_values"/>
    <testcase time="0.198" classname="table_14" name="Table_14_generation_works_with_default_values">
      <skipped message="Reason: On CRAN ('test-table_14.R:16:3')"/>
    </testcase>
    <testcase time="0.0280000000000058" classname="table_14" name="Table_14_generation_works_with_custom_values"/>
    <testcase time="0.0599999999999952" classname="table_14" name="Table_14_generation_works_with_custom_values"/>
    <testcase time="0.837000000000003" classname="table_14" name="Table_14_generation_works_with_custom_values"/>
    <testcase time="0.207999999999998" classname="table_14" name="Table_14_generation_works_with_custom_values">
      <skipped message="Reason: On CRAN ('test-table_14.R:46:3')"/>
    </testcase>
    <testcase time="0.0210000000000008" classname="table_14" name="Table_14_generation_works_with_NA_values_pruned_rows"/>
    <testcase time="1.057" classname="table_14" name="Table_14_generation_works_with_NA_values_pruned_rows"/>
    <testcase time="0.154999999999994" classname="table_14" name="Table_14_generation_works_with_NA_values_pruned_rows">
      <skipped message="Reason: On CRAN ('test-table_14.R:53:3')"/>
    </testcase>
  </testsuite>
  <testsuite name="table_20" timestamp="2023-09-29T15:28:35Z" hostname="f38bb07c2298" tests="18" skipped="3" failures="0" errors="0" time="2.427">
    <testcase time="0.0300000000000011" classname="table_20" name="Table_20_generation_works_with_default_values"/>
    <testcase time="0.00100000000000477" classname="table_20" name="Table_20_generation_works_with_default_values"/>
    <testcase time="0.00199999999999534" classname="table_20" name="Table_20_generation_works_with_default_values"/>
    <testcase time="0.0530000000000044" classname="table_20" name="Table_20_generation_works_with_default_values"/>
    <testcase time="0.530999999999999" classname="table_20" name="Table_20_generation_works_with_default_values"/>
    <testcase time="0.122999999999998" classname="table_20" name="Table_20_generation_works_with_default_values">
      <skipped message="Reason: On CRAN ('test-table_20.R:17:3')"/>
    </testcase>
    <testcase time="0.0200000000000031" classname="table_20" name="Table_20_generation_works_with_custom_values"/>
    <testcase time="0.000999999999997669" classname="table_20" name="Table_20_generation_works_with_custom_values"/>
    <testcase time="0.000999999999997669" classname="table_20" name="Table_20_generation_works_with_custom_values"/>
    <testcase time="0.0570000000000022" classname="table_20" name="Table_20_generation_works_with_custom_values"/>
    <testcase time="0.765999999999998" classname="table_20" name="Table_20_generation_works_with_custom_values"/>
    <testcase time="0.149000000000001" classname="table_20" name="Table_20_generation_works_with_custom_values">
      <skipped message="Reason: On CRAN ('test-table_20.R:65:3')"/>
    </testcase>
    <testcase time="0.0219999999999985" classname="table_20" name="Table_20_generation_works_with_missing_values_pruned_rows"/>
    <testcase time="0.00100000000000477" classname="table_20" name="Table_20_generation_works_with_missing_values_pruned_rows"/>
    <testcase time="0.00300000000000011" classname="table_20" name="Table_20_generation_works_with_missing_values_pruned_rows"/>
    <testcase time="0.0589999999999975" classname="table_20" name="Table_20_generation_works_with_missing_values_pruned_rows"/>
    <testcase time="0.503" classname="table_20" name="Table_20_generation_works_with_missing_values_pruned_rows"/>
    <testcase time="0.105000000000004" classname="table_20" name="Table_20_generation_works_with_missing_values_pruned_rows">
      <skipped message="Reason: On CRAN ('test-table_20.R:74:3')"/>
    </testcase>
  </testsuite>
  <testsuite name="table_21" timestamp="2023-09-29T15:28:38Z" hostname="f38bb07c2298" tests="19" skipped="4" failures="0" errors="0" time="3.212">
    <testcase time="0.0919999999999987" classname="table_21" name="Table_21_generation_works_with_default_values"/>
    <testcase time="0.000999999999997669" classname="table_21" name="Table_21_generation_works_with_default_values"/>
    <testcase time="0.706000000000003" classname="table_21" name="Table_21_generation_works_with_default_values"/>
    <testcase time="0.141999999999996" classname="table_21" name="Table_21_generation_works_with_default_values">
      <skipped message="Reason: On CRAN ('test-table_21.R:22:3')"/>
    </testcase>
    <testcase time="0.0210000000000008" classname="table_21" name="Table_21_generation_works_with_custom_values_N_s_denominator_and_overall_column"/>
    <testcase time="0.00200000000000244" classname="table_21" name="Table_21_generation_works_with_custom_values_N_s_denominator_and_overall_column"/>
    <testcase time="0.0889999999999986" classname="table_21" name="Table_21_generation_works_with_custom_values_N_s_denominator_and_overall_column"/>
    <testcase time="0.859999999999999" classname="table_21" name="Table_21_generation_works_with_custom_values_N_s_denominator_and_overall_column"/>
    <testcase time="0.146000000000001" classname="table_21" name="Table_21_generation_works_with_custom_values_N_s_denominator_and_overall_column">
      <skipped message="Reason: On CRAN ('test-table_21.R:34:3')"/>
    </testcase>
    <testcase time="0.0210000000000008" classname="table_21" name="Table_21_generation_works_with_custom_values_N_col_denominator_and_no_overall_column"/>
    <testcase time="0.00199999999999534" classname="table_21" name="Table_21_generation_works_with_custom_values_N_col_denominator_and_no_overall_column"/>
    <testcase time="0.0590000000000046" classname="table_21" name="Table_21_generation_works_with_custom_values_N_col_denominator_and_no_overall_column"/>
    <testcase time="0.381999999999998" classname="table_21" name="Table_21_generation_works_with_custom_values_N_col_denominator_and_no_overall_column"/>
    <testcase time="0.130000000000003" classname="table_21" name="Table_21_generation_works_with_custom_values_N_col_denominator_and_no_overall_column">
      <skipped message="Reason: On CRAN ('test-table_21.R:62:3')"/>
    </testcase>
    <testcase time="0.0769999999999982" classname="table_21" name="Table_21_generation_works_with_some_NA_values"/>
    <testcase time="0.000999999999997669" classname="table_21" name="Table_21_generation_works_with_some_NA_values"/>
    <testcase time="0.0879999999999939" classname="table_21" name="Table_21_generation_works_with_some_NA_values"/>
    <testcase time="0.303000000000004" classname="table_21" name="Table_21_generation_works_with_some_NA_values"/>
    <testcase time="0.0899999999999963" classname="table_21" name="Table_21_generation_works_with_some_NA_values">
      <skipped message="Reason: On CRAN ('test-table_21.R:82:3')"/>
    </testcase>
  </testsuite>
  <testsuite name="table_32" timestamp="2023-09-29T15:28:41Z" hostname="f38bb07c2298" tests="12" skipped="3" failures="0" errors="0" time="0.967">
    <testcase time="0.0280000000000058" classname="table_32" name="Table_32_generation_works_with_default_values"/>
    <testcase time="0.0659999999999954" classname="table_32" name="Table_32_generation_works_with_default_values"/>
    <testcase time="0.160000000000004" classname="table_32" name="Table_32_generation_works_with_default_values"/>
    <testcase time="0.0629999999999953" classname="table_32" name="Table_32_generation_works_with_default_values">
      <skipped message="Reason: On CRAN ('test-table_32.R:8:3')"/>
    </testcase>
    <testcase time="0.0210000000000008" classname="table_32" name="Table_32_generation_works_with_custom_values"/>
    <testcase time="0.0660000000000025" classname="table_32" name="Table_32_generation_works_with_custom_values"/>
    <testcase time="0.188000000000002" classname="table_32" name="Table_32_generation_works_with_custom_values"/>
    <testcase time="0.0799999999999983" classname="table_32" name="Table_32_generation_works_with_custom_values">
      <skipped message="Reason: On CRAN ('test-table_32.R:30:3')"/>
    </testcase>
    <testcase time="0.0219999999999985" classname="table_32" name="Table_32_generation_works_with_pruned_rows"/>
    <testcase time="0.0640000000000001" classname="table_32" name="Table_32_generation_works_with_pruned_rows"/>
    <testcase time="0.164000000000001" classname="table_32" name="Table_32_generation_works_with_pruned_rows"/>
    <testcase time="0.0450000000000017" classname="table_32" name="Table_32_generation_works_with_pruned_rows">
      <skipped message="Reason: On CRAN ('test-table_32.R:37:3')"/>
    </testcase>
  </testsuite>
  <testsuite name="table_33" timestamp="2023-09-29T15:28:42Z" hostname="f38bb07c2298" tests="12" skipped="3" failures="0" errors="0" time="1.814">
    <testcase time="0.0269999999999939" classname="table_33" name="Table_33_generation_works_with_default_values"/>
    <testcase time="0.384" classname="table_33" name="Table_33_generation_works_with_default_values"/>
    <testcase time="0.131" classname="table_33" name="Table_33_generation_works_with_default_values"/>
    <testcase time="0.0470000000000041" classname="table_33" name="Table_33_generation_works_with_default_values">
      <skipped message="Reason: On CRAN ('test-table_33.R:8:3')"/>
    </testcase>
    <testcase time="0.0219999999999985" classname="table_33" name="Table_33_generation_works_with_custom_values"/>
    <testcase time="0.411999999999999" classname="table_33" name="Table_33_generation_works_with_custom_values"/>
    <testcase time="0.161000000000001" classname="table_33" name="Table_33_generation_works_with_custom_values"/>
    <testcase time="0.0499999999999972" classname="table_33" name="Table_33_generation_works_with_custom_values">
      <skipped message="Reason: On CRAN ('test-table_33.R:34:3')"/>
    </testcase>
    <testcase time="0.0210000000000008" classname="table_33" name="Table_33_generation_works_with_pruned_rows"/>
    <testcase time="0.383000000000003" classname="table_33" name="Table_33_generation_works_with_pruned_rows"/>
    <testcase time="0.137" classname="table_33" name="Table_33_generation_works_with_pruned_rows"/>
    <testcase time="0.0390000000000015" classname="table_33" name="Table_33_generation_works_with_pruned_rows">
      <skipped message="Reason: On CRAN ('test-table_33.R:42:3')"/>
    </testcase>
  </testsuite>
  <testsuite name="table_34" timestamp="2023-09-29T15:28:44Z" hostname="f38bb07c2298" tests="8" skipped="2" failures="0" errors="0" time="5.02">
    <testcase time="0.0329999999999941" classname="table_34" name="Table_34_generation_works_with_default_values"/>
    <testcase time="0.0519999999999996" classname="table_34" name="Table_34_generation_works_with_default_values"/>
    <testcase time="2.273" classname="table_34" name="Table_34_generation_works_with_default_values"/>
    <testcase time="0.274999999999999" classname="table_34" name="Table_34_generation_works_with_default_values">
      <skipped message="Reason: On CRAN ('test-table_34.R:17:3')"/>
    </testcase>
    <testcase time="0.0189999999999984" classname="table_34" name="Table_34_generation_works_with_custom_values"/>
    <testcase time="0.0579999999999998" classname="table_34" name="Table_34_generation_works_with_custom_values"/>
    <testcase time="2.182" classname="table_34" name="Table_34_generation_works_with_custom_values"/>
    <testcase time="0.128" classname="table_34" name="Table_34_generation_works_with_custom_values">
      <skipped message="Reason: On CRAN ('test-table_34.R:49:3')"/>
    </testcase>
  </testsuite>
</testsuites>
