<?xml version="1.0" encoding="UTF-8"?>
<testsuites>
  <testsuite name="table_02" timestamp="2023-06-26T14:49:43Z" hostname="8cc6854a1a88" tests="9" skipped="3" failures="0" errors="0" time="2.034">
    <testcase time="0.0669999999999997" classname="table_02" name="Table_02_generation_works_with_default_values"/>
    <testcase time="0.684" classname="table_02" name="Table_02_generation_works_with_default_values"/>
    <testcase time="0.255" classname="table_02" name="Table_02_generation_works_with_default_values">
      <skipped message="Reason: On CRAN ('test-table_02.R:16:3')"/>
    </testcase>
    <testcase time="0.109" classname="table_02" name="Table_02_generation_works_with_custom_values"/>
    <testcase time="0.449" classname="table_02" name="Table_02_generation_works_with_custom_values"/>
    <testcase time="0.243" classname="table_02" name="Table_02_generation_works_with_custom_values">
      <skipped message="Reason: On CRAN ('test-table_02.R:45:3')"/>
    </testcase>
    <testcase time="0.0640000000000001" classname="table_02" name="Table_02_generation_works_with_some_NA_values"/>
    <testcase time="0.109" classname="table_02" name="Table_02_generation_works_with_some_NA_values"/>
    <testcase time="0.0540000000000003" classname="table_02" name="Table_02_generation_works_with_some_NA_values">
      <skipped message="Reason: On CRAN ('test-table_02.R:57:3')"/>
    </testcase>
  </testsuite>
  <testsuite name="table_05" timestamp="2023-06-26T14:49:45Z" hostname="8cc6854a1a88" tests="9" skipped="3" failures="0" errors="0" time="1.312">
    <testcase time="0.212" classname="table_05" name="Table_05_generation_works_with_default_values"/>
    <testcase time="0.32" classname="table_05" name="Table_05_generation_works_with_default_values"/>
    <testcase time="0.0789999999999997" classname="table_05" name="Table_05_generation_works_with_default_values">
      <skipped message="Reason: On CRAN ('test-table_05.R:10:3')"/>
    </testcase>
    <testcase time="0.0179999999999998" classname="table_05" name="Table_05_generation_works_with_custom_values"/>
    <testcase time="0.284" classname="table_05" name="Table_05_generation_works_with_custom_values"/>
    <testcase time="0.0940000000000003" classname="table_05" name="Table_05_generation_works_with_custom_values">
      <skipped message="Reason: On CRAN ('test-table_05.R:34:3')"/>
    </testcase>
    <testcase time="0.0199999999999996" classname="table_05" name="Table_05_generation_works_with_NA_values_pruned_rows"/>
    <testcase time="0.206" classname="table_05" name="Table_05_generation_works_with_NA_values_pruned_rows"/>
    <testcase time="0.0789999999999997" classname="table_05" name="Table_05_generation_works_with_NA_values_pruned_rows">
      <skipped message="Reason: On CRAN ('test-table_05.R:44:3')"/>
    </testcase>
  </testsuite>
  <testsuite name="table_06" timestamp="2023-06-26T14:49:47Z" hostname="8cc6854a1a88" tests="10" skipped="2" failures="0" errors="0" time="1.638">
    <testcase time="0.0380000000000003" classname="table_06" name="Table_06_generation_works_with_default_values"/>
    <testcase time="0.00199999999999978" classname="table_06" name="Table_06_generation_works_with_default_values"/>
    <testcase time="0.0649999999999995" classname="table_06" name="Table_06_generation_works_with_default_values"/>
    <testcase time="0.431" classname="table_06" name="Table_06_generation_works_with_default_values"/>
    <testcase time="0.11" classname="table_06" name="Table_06_generation_works_with_default_values">
      <skipped message="Reason: On CRAN ('test-table_06.R:8:3')"/>
    </testcase>
    <testcase time="0.0190000000000001" classname="table_06" name="Table_06_generation_works_with_custom_values"/>
    <testcase time="0.00100000000000033" classname="table_06" name="Table_06_generation_works_with_custom_values"/>
    <testcase time="0.0629999999999997" classname="table_06" name="Table_06_generation_works_with_custom_values"/>
    <testcase time="0.766" classname="table_06" name="Table_06_generation_works_with_custom_values"/>
    <testcase time="0.143000000000001" classname="table_06" name="Table_06_generation_works_with_custom_values">
      <skipped message="Reason: On CRAN ('test-table_06.R:40:3')"/>
    </testcase>
  </testsuite>
  <testsuite name="table_07" timestamp="2023-06-26T14:49:48Z" hostname="8cc6854a1a88" tests="18" skipped="3" failures="0" errors="0" time="1.74">
    <testcase time="0.0279999999999987" classname="table_07" name="Table_07_generation_works_with_default_values"/>
    <testcase time="0.00100000000000122" classname="table_07" name="Table_07_generation_works_with_default_values"/>
    <testcase time="0.00199999999999889" classname="table_07" name="Table_07_generation_works_with_default_values"/>
    <testcase time="0.043000000000001" classname="table_07" name="Table_07_generation_works_with_default_values"/>
    <testcase time="0.35" classname="table_07" name="Table_07_generation_works_with_default_values"/>
    <testcase time="0.126999999999999" classname="table_07" name="Table_07_generation_works_with_default_values">
      <skipped message="Reason: On CRAN ('test-table_07.R:13:3')"/>
    </testcase>
    <testcase time="0.0180000000000007" classname="table_07" name="Table_07_generation_works_with_custom_values"/>
    <testcase time="0.000999999999999446" classname="table_07" name="Table_07_generation_works_with_custom_values"/>
    <testcase time="0.00200000000000067" classname="table_07" name="Table_07_generation_works_with_custom_values"/>
    <testcase time="0.0429999999999993" classname="table_07" name="Table_07_generation_works_with_custom_values"/>
    <testcase time="0.456000000000001" classname="table_07" name="Table_07_generation_works_with_custom_values"/>
    <testcase time="0.161" classname="table_07" name="Table_07_generation_works_with_custom_values">
      <skipped message="Reason: On CRAN ('test-table_07.R:42:3')"/>
    </testcase>
    <testcase time="0.0190000000000001" classname="table_07" name="Table_07_generation_works_with_NA_values_pruned_rows"/>
    <testcase time="0.000999999999999446" classname="table_07" name="Table_07_generation_works_with_NA_values_pruned_rows"/>
    <testcase time="0.00200000000000067" classname="table_07" name="Table_07_generation_works_with_NA_values_pruned_rows"/>
    <testcase time="0.0440000000000005" classname="table_07" name="Table_07_generation_works_with_NA_values_pruned_rows"/>
    <testcase time="0.311" classname="table_07" name="Table_07_generation_works_with_NA_values_pruned_rows"/>
    <testcase time="0.130999999999998" classname="table_07" name="Table_07_generation_works_with_NA_values_pruned_rows">
      <skipped message="Reason: On CRAN ('test-table_07.R:52:3')"/>
    </testcase>
  </testsuite>
  <testsuite name="table_08" timestamp="2023-06-26T14:49:50Z" hostname="8cc6854a1a88" tests="8" skipped="2" failures="0" errors="0" time="0.424">
    <testcase time="0.0240000000000009" classname="table_08" name="Table_08_generation_works_with_default_values"/>
    <testcase time="0.000999999999999446" classname="table_08" name="Table_08_generation_works_with_default_values"/>
    <testcase time="0.0500000000000007" classname="table_08" name="Table_08_generation_works_with_default_values"/>
    <testcase time="0.118" classname="table_08" name="Table_08_generation_works_with_default_values">
      <skipped message="Reason: On CRAN ('test-table_08.R:10:3')"/>
    </testcase>
    <testcase time="0.0179999999999989" classname="table_08" name="Table_08_generation_works_with_custom_values"/>
    <testcase time="0.00200000000000067" classname="table_08" name="Table_08_generation_works_with_custom_values"/>
    <testcase time="0.0440000000000005" classname="table_08" name="Table_08_generation_works_with_custom_values"/>
    <testcase time="0.167" classname="table_08" name="Table_08_generation_works_with_custom_values">
      <skipped message="Reason: On CRAN ('test-table_08.R:31:3')"/>
    </testcase>
  </testsuite>
  <testsuite name="table_09" timestamp="2023-06-26T14:49:50Z" hostname="8cc6854a1a88" tests="8" skipped="2" failures="0" errors="0" time="0.939">
    <testcase time="0.0239999999999991" classname="table_09" name="Table_09_generation_works_with_default_values"/>
    <testcase time="0.0440000000000005" classname="table_09" name="Table_09_generation_works_with_default_values"/>
    <testcase time="0.288" classname="table_09" name="Table_09_generation_works_with_default_values"/>
    <testcase time="0.0659999999999989" classname="table_09" name="Table_09_generation_works_with_default_values">
      <skipped message="Reason: On CRAN ('test-table_09.R:8:3')"/>
    </testcase>
    <testcase time="0.0419999999999998" classname="table_09" name="Table_09_generation_works_with_custom_values"/>
    <testcase time="0.0450000000000017" classname="table_09" name="Table_09_generation_works_with_custom_values"/>
    <testcase time="0.353" classname="table_09" name="Table_09_generation_works_with_custom_values"/>
    <testcase time="0.077" classname="table_09" name="Table_09_generation_works_with_custom_values">
      <skipped message="Reason: On CRAN ('test-table_09.R:39:3')"/>
    </testcase>
  </testsuite>
  <testsuite name="table_13" timestamp="2023-06-26T14:49:51Z" hostname="8cc6854a1a88" tests="8" skipped="2" failures="0" errors="0" time="0.562">
    <testcase time="0.0229999999999997" classname="table_13" name="Table_13_generation_works_with_default_values"/>
    <testcase time="0.0559999999999992" classname="table_13" name="Table_13_generation_works_with_default_values"/>
    <testcase time="0.134" classname="table_13" name="Table_13_generation_works_with_default_values"/>
    <testcase time="0.0690000000000008" classname="table_13" name="Table_13_generation_works_with_default_values">
      <skipped message="Reason: On CRAN ('test-table_13.R:8:3')"/>
    </testcase>
    <testcase time="0.0179999999999989" classname="table_13" name="Table_13_generation_works_with_custom_values"/>
    <testcase time="0.0560000000000009" classname="table_13" name="Table_13_generation_works_with_custom_values"/>
    <testcase time="0.147" classname="table_13" name="Table_13_generation_works_with_custom_values"/>
    <testcase time="0.0589999999999993" classname="table_13" name="Table_13_generation_works_with_custom_values">
      <skipped message="Reason: On CRAN ('test-table_13.R:38:3')"/>
    </testcase>
  </testsuite>
  <testsuite name="table_14" timestamp="2023-06-26T14:49:52Z" hostname="8cc6854a1a88" tests="10" skipped="3" failures="0" errors="0" time="2.244">
    <testcase time="0.0340000000000007" classname="table_14" name="Table_14_generation_works_with_default_values"/>
    <testcase time="0.552" classname="table_14" name="Table_14_generation_works_with_default_values"/>
    <testcase time="0.148" classname="table_14" name="Table_14_generation_works_with_default_values">
      <skipped message="Reason: On CRAN ('test-table_14.R:16:3')"/>
    </testcase>
    <testcase time="0.0190000000000001" classname="table_14" name="Table_14_generation_works_with_custom_values"/>
    <testcase time="0.0549999999999997" classname="table_14" name="Table_14_generation_works_with_custom_values"/>
    <testcase time="0.586" classname="table_14" name="Table_14_generation_works_with_custom_values"/>
    <testcase time="0.154999999999999" classname="table_14" name="Table_14_generation_works_with_custom_values">
      <skipped message="Reason: On CRAN ('test-table_14.R:46:3')"/>
    </testcase>
    <testcase time="0.0180000000000007" classname="table_14" name="Table_14_generation_works_with_NA_values_pruned_rows"/>
    <testcase time="0.56" classname="table_14" name="Table_14_generation_works_with_NA_values_pruned_rows"/>
    <testcase time="0.116999999999999" classname="table_14" name="Table_14_generation_works_with_NA_values_pruned_rows">
      <skipped message="Reason: On CRAN ('test-table_14.R:53:3')"/>
    </testcase>
  </testsuite>
  <testsuite name="table_20" timestamp="2023-06-26T14:49:54Z" hostname="8cc6854a1a88" tests="18" skipped="3" failures="0" errors="0" time="1.853">
    <testcase time="0.0280000000000005" classname="table_20" name="Table_20_generation_works_with_default_values"/>
    <testcase time="0.00200000000000067" classname="table_20" name="Table_20_generation_works_with_default_values"/>
    <testcase time="0.000999999999999446" classname="table_20" name="Table_20_generation_works_with_default_values"/>
    <testcase time="0.0489999999999995" classname="table_20" name="Table_20_generation_works_with_default_values"/>
    <testcase time="0.377000000000001" classname="table_20" name="Table_20_generation_works_with_default_values"/>
    <testcase time="0.0909999999999993" classname="table_20" name="Table_20_generation_works_with_default_values">
      <skipped message="Reason: On CRAN ('test-table_20.R:17:3')"/>
    </testcase>
    <testcase time="0.0180000000000007" classname="table_20" name="Table_20_generation_works_with_custom_values"/>
    <testcase time="0.000999999999999446" classname="table_20" name="Table_20_generation_works_with_custom_values"/>
    <testcase time="0.00200000000000067" classname="table_20" name="Table_20_generation_works_with_custom_values"/>
    <testcase time="0.0489999999999995" classname="table_20" name="Table_20_generation_works_with_custom_values"/>
    <testcase time="0.587" classname="table_20" name="Table_20_generation_works_with_custom_values"/>
    <testcase time="0.127000000000001" classname="table_20" name="Table_20_generation_works_with_custom_values">
      <skipped message="Reason: On CRAN ('test-table_20.R:65:3')"/>
    </testcase>
    <testcase time="0.0179999999999989" classname="table_20" name="Table_20_generation_works_with_missing_values_pruned_rows"/>
    <testcase time="0.00200000000000067" classname="table_20" name="Table_20_generation_works_with_missing_values_pruned_rows"/>
    <testcase time="0.000999999999999446" classname="table_20" name="Table_20_generation_works_with_missing_values_pruned_rows"/>
    <testcase time="0.0490000000000013" classname="table_20" name="Table_20_generation_works_with_missing_values_pruned_rows"/>
    <testcase time="0.362" classname="table_20" name="Table_20_generation_works_with_missing_values_pruned_rows"/>
    <testcase time="0.0889999999999986" classname="table_20" name="Table_20_generation_works_with_missing_values_pruned_rows">
      <skipped message="Reason: On CRAN ('test-table_20.R:74:3')"/>
    </testcase>
  </testsuite>
  <testsuite name="table_32" timestamp="2023-06-26T14:49:56Z" hostname="8cc6854a1a88" tests="12" skipped="3" failures="0" errors="0" time="0.812">
    <testcase time="0.0240000000000009" classname="table_32" name="Table_32_generation_works_with_default_values"/>
    <testcase time="0.0700000000000003" classname="table_32" name="Table_32_generation_works_with_default_values"/>
    <testcase time="0.120000000000001" classname="table_32" name="Table_32_generation_works_with_default_values"/>
    <testcase time="0.0489999999999995" classname="table_32" name="Table_32_generation_works_with_default_values">
      <skipped message="Reason: On CRAN ('test-table_32.R:8:3')"/>
    </testcase>
    <testcase time="0.0189999999999984" classname="table_32" name="Table_32_generation_works_with_custom_values"/>
    <testcase time="0.0790000000000006" classname="table_32" name="Table_32_generation_works_with_custom_values"/>
    <testcase time="0.145" classname="table_32" name="Table_32_generation_works_with_custom_values"/>
    <testcase time="0.0590000000000011" classname="table_32" name="Table_32_generation_works_with_custom_values">
      <skipped message="Reason: On CRAN ('test-table_32.R:30:3')"/>
    </testcase>
    <testcase time="0.0189999999999984" classname="table_32" name="Table_32_generation_works_with_pruned_rows"/>
    <testcase time="0.0710000000000015" classname="table_32" name="Table_32_generation_works_with_pruned_rows"/>
    <testcase time="0.120000000000001" classname="table_32" name="Table_32_generation_works_with_pruned_rows"/>
    <testcase time="0.036999999999999" classname="table_32" name="Table_32_generation_works_with_pruned_rows">
      <skipped message="Reason: On CRAN ('test-table_32.R:37:3')"/>
    </testcase>
  </testsuite>
  <testsuite name="table_33" timestamp="2023-06-26T14:49:57Z" hostname="8cc6854a1a88" tests="12" skipped="3" failures="0" errors="0" time="1.35">
    <testcase time="0.0240000000000009" classname="table_33" name="Table_33_generation_works_with_default_values"/>
    <testcase time="0.274999999999999" classname="table_33" name="Table_33_generation_works_with_default_values"/>
    <testcase time="0.0990000000000002" classname="table_33" name="Table_33_generation_works_with_default_values"/>
    <testcase time="0.036999999999999" classname="table_33" name="Table_33_generation_works_with_default_values">
      <skipped message="Reason: On CRAN ('test-table_33.R:8:3')"/>
    </testcase>
    <testcase time="0.0190000000000019" classname="table_33" name="Table_33_generation_works_with_custom_values"/>
    <testcase time="0.279" classname="table_33" name="Table_33_generation_works_with_custom_values"/>
    <testcase time="0.141999999999999" classname="table_33" name="Table_33_generation_works_with_custom_values"/>
    <testcase time="0.0440000000000005" classname="table_33" name="Table_33_generation_works_with_custom_values">
      <skipped message="Reason: On CRAN ('test-table_33.R:34:3')"/>
    </testcase>
    <testcase time="0.0189999999999984" classname="table_33" name="Table_33_generation_works_with_pruned_rows"/>
    <testcase time="0.282" classname="table_33" name="Table_33_generation_works_with_pruned_rows"/>
    <testcase time="0.097999999999999" classname="table_33" name="Table_33_generation_works_with_pruned_rows"/>
    <testcase time="0.032" classname="table_33" name="Table_33_generation_works_with_pruned_rows">
      <skipped message="Reason: On CRAN ('test-table_33.R:42:3')"/>
    </testcase>
  </testsuite>
</testsuites>
