<?xml version="1.0" encoding="UTF-8"?>
<testsuites>
  <testsuite name="fda-fig_01" timestamp="2024-04-24T23:40:01Z" hostname="e5aa52b44914" tests="8" skipped="4" failures="0" errors="0" time="2.162">
    <testcase time="0.274" classname="fda_fig_01" name="Figure_01_generation_works_with_default_values"/>
    <testcase time="0.709" classname="fda_fig_01" name="Figure_01_generation_works_with_default_values">
      <skipped message="Reason: On CI ('test-fda-fig_01.R:12:3')"/>
    </testcase>
    <testcase time="0.0289999999999999" classname="fda_fig_01" name="Figure_01_generation_works_with_no_table"/>
    <testcase time="0.0369999999999999" classname="fda_fig_01" name="Figure_01_generation_works_with_no_table">
      <skipped message="Reason: On CI ('test-fda-fig_01.R:21:3')"/>
    </testcase>
    <testcase time="0.0259999999999998" classname="fda_fig_01" name="Figure_01_generation_works_with_custom_values"/>
    <testcase time="0.597" classname="fda_fig_01" name="Figure_01_generation_works_with_custom_values">
      <skipped message="Reason: On CI ('test-fda-fig_01.R:37:3')"/>
    </testcase>
    <testcase time="0.0129999999999999" classname="fda_fig_01" name="Figure_01_generation_works_with_ggtheme_argument_specified"/>
    <testcase time="0.477" classname="fda_fig_01" name="Figure_01_generation_works_with_ggtheme_argument_specified">
      <skipped message="Reason: On CI ('test-fda-fig_01.R:49:3')"/>
    </testcase>
  </testsuite>
  <testsuite name="fda-fig_02" timestamp="2024-04-24T23:40:03Z" hostname="e5aa52b44914" tests="8" skipped="4" failures="0" errors="0" time="1.497">
    <testcase time="0.0229999999999997" classname="fda_fig_02" name="Figure_02_generation_works_with_default_values"/>
    <testcase time="0.453" classname="fda_fig_02" name="Figure_02_generation_works_with_default_values">
      <skipped message="Reason: On CI ('test-fda-fig_02.R:11:3')"/>
    </testcase>
    <testcase time="0.0139999999999993" classname="fda_fig_02" name="Figure_02_generation_works_with_no_table"/>
    <testcase time="0.024" classname="fda_fig_02" name="Figure_02_generation_works_with_no_table">
      <skipped message="Reason: On CI ('test-fda-fig_02.R:20:3')"/>
    </testcase>
    <testcase time="0.0129999999999999" classname="fda_fig_02" name="Figure_02_generation_works_with_custom_values"/>
    <testcase time="0.494000000000001" classname="fda_fig_02" name="Figure_02_generation_works_with_custom_values">
      <skipped message="Reason: On CI ('test-fda-fig_02.R:36:3')"/>
    </testcase>
    <testcase time="0.0129999999999999" classname="fda_fig_02" name="Figure_02_generation_works_with_ggtheme_argument_specified"/>
    <testcase time="0.463" classname="fda_fig_02" name="Figure_02_generation_works_with_ggtheme_argument_specified">
      <skipped message="Reason: On CI ('test-fda-fig_02.R:48:3')"/>
    </testcase>
  </testsuite>
  <testsuite name="fda-fig_14" timestamp="2024-04-24T23:40:04Z" hostname="e5aa52b44914" tests="8" skipped="4" failures="0" errors="0" time="2.708">
    <testcase time="0.0259999999999998" classname="fda_fig_14" name="Figure_14_generation_works_with_default_values"/>
    <testcase time="0.817" classname="fda_fig_14" name="Figure_14_generation_works_with_default_values">
      <skipped message="Reason: On CI ('test-fda-fig_14.R:7:3')"/>
    </testcase>
    <testcase time="0.0129999999999999" classname="fda_fig_14" name="Figure_14_generation_works_with_no_table"/>
    <testcase time="0.0449999999999999" classname="fda_fig_14" name="Figure_14_generation_works_with_no_table">
      <skipped message="Reason: On CI ('test-fda-fig_14.R:16:3')"/>
    </testcase>
    <testcase time="0.0149999999999997" classname="fda_fig_14" name="Figure_14_generation_works_with_custom_values"/>
    <testcase time="0.965000000000001" classname="fda_fig_14" name="Figure_14_generation_works_with_custom_values">
      <skipped message="Reason: On CI ('test-fda-fig_14.R:40:3')"/>
    </testcase>
    <testcase time="0.0119999999999996" classname="fda_fig_14" name="Figure_14_generation_works_with_ggtheme_argument_specified"/>
    <testcase time="0.815" classname="fda_fig_14" name="Figure_14_generation_works_with_ggtheme_argument_specified">
      <skipped message="Reason: On CI ('test-fda-fig_14.R:52:3')"/>
    </testcase>
  </testsuite>
  <testsuite name="fda-table_02" timestamp="2024-04-24T23:40:07Z" hostname="e5aa52b44914" tests="30" skipped="10" failures="0" errors="0" time="9.522">
    <testcase time="0.0329999999999995" classname="fda_table_02" name="Table_02_generation_works_with_default_values"/>
    <testcase time="0.31" classname="fda_table_02" name="Table_02_generation_works_with_default_values"/>
    <testcase time="0.155999999999999" classname="fda_table_02" name="Table_02_generation_works_with_default_values">
      <skipped message="Reason: On CRAN ('test-fda-table_02.R:9:3')"/>
    </testcase>
    <testcase time="0.0329999999999995" classname="fda_table_02" name="Table_02_generation_works_with_custom_values"/>
    <testcase time="0.275" classname="fda_table_02" name="Table_02_generation_works_with_custom_values"/>
    <testcase time="0.202999999999999" classname="fda_table_02" name="Table_02_generation_works_with_custom_values">
      <skipped message="Reason: On CRAN ('test-fda-table_02.R:38:3')"/>
    </testcase>
    <testcase time="0.0259999999999998" classname="fda_table_02" name="Table_02_generation_works_with_some_NA_values"/>
    <testcase time="0.0680000000000014" classname="fda_table_02" name="Table_02_generation_works_with_some_NA_values"/>
    <testcase time="0.0389999999999997" classname="fda_table_02" name="Table_02_generation_works_with_some_NA_values">
      <skipped message="Reason: On CRAN ('test-fda-table_02.R:50:3')"/>
    </testcase>
    <testcase time="0.0129999999999999" classname="fda_table_02" name="Table_02_generation_tplyr_works_with_default_values"/>
    <testcase time="1.068" classname="fda_table_02" name="Table_02_generation_tplyr_works_with_default_values"/>
    <testcase time="0.0229999999999997" classname="fda_table_02" name="Table_02_generation_tplyr_works_with_default_values">
      <skipped message="Reason: On CRAN ('test-fda-table_02.R:62:3')"/>
    </testcase>
    <testcase time="0.0120000000000005" classname="fda_table_02" name="Table_02_generation_tplyr_works_with_tplyr_raw_TRUE"/>
    <testcase time="0.618" classname="fda_table_02" name="Table_02_generation_tplyr_works_with_tplyr_raw_TRUE"/>
    <testcase time="0.016" classname="fda_table_02" name="Table_02_generation_tplyr_works_with_tplyr_raw_TRUE">
      <skipped message="Reason: On CRAN ('test-fda-table_02.R:74:3')"/>
    </testcase>
    <testcase time="0.0299999999999994" classname="fda_table_02" name="Table_02_generation_tplyr_works_with_custom_values"/>
    <testcase time="1.094" classname="fda_table_02" name="Table_02_generation_tplyr_works_with_custom_values"/>
    <testcase time="0.016" classname="fda_table_02" name="Table_02_generation_tplyr_works_with_custom_values">
      <skipped message="Reason: On CRAN ('test-fda-table_02.R:104:3')"/>
    </testcase>
    <testcase time="0.0260000000000016" classname="fda_table_02" name="Table_02_generation_tplyr_works_with_some_NA_values"/>
    <testcase time="0.414" classname="fda_table_02" name="Table_02_generation_tplyr_works_with_some_NA_values"/>
    <testcase time="0.016" classname="fda_table_02" name="Table_02_generation_tplyr_works_with_some_NA_values">
      <skipped message="Reason: On CRAN ('test-fda-table_02.R:124:3')"/>
    </testcase>
    <testcase time="0.0129999999999999" classname="fda_table_02" name="Table_02_generation_gtsum_works_with_default_values"/>
    <testcase time="1.929" classname="fda_table_02" name="Table_02_generation_gtsum_works_with_default_values"/>
    <testcase time="0.0220000000000002" classname="fda_table_02" name="Table_02_generation_gtsum_works_with_default_values">
      <skipped message="Reason: On CRAN ('test-fda-table_02.R:133:3')"/>
    </testcase>
    <testcase time="0.0309999999999988" classname="fda_table_02" name="Table_02_generation_gtsum_works_with_custom_values"/>
    <testcase time="2.1" classname="fda_table_02" name="Table_02_generation_gtsum_works_with_custom_values"/>
    <testcase time="0.0210000000000008" classname="fda_table_02" name="Table_02_generation_gtsum_works_with_custom_values">
      <skipped message="Reason: On CRAN ('test-fda-table_02.R:151:3')"/>
    </testcase>
    <testcase time="0.0259999999999998" classname="fda_table_02" name="Table_02_generation_gtsum_works_with_some_NA_values"/>
    <testcase time="0.870000000000001" classname="fda_table_02" name="Table_02_generation_gtsum_works_with_some_NA_values"/>
    <testcase time="0.0210000000000008" classname="fda_table_02" name="Table_02_generation_gtsum_works_with_some_NA_values">
      <skipped message="Reason: On CRAN ('test-fda-table_02.R:165:3')"/>
    </testcase>
  </testsuite>
  <testsuite name="fda-table_03" timestamp="2024-04-24T23:40:16Z" hostname="e5aa52b44914" tests="8" skipped="2" failures="0" errors="0" time="0.593">
    <testcase time="0.0259999999999998" classname="fda_table_03" name="Table_3_generation_works_with_default_values"/>
    <testcase time="0.000999999999997669" classname="fda_table_03" name="Table_3_generation_works_with_default_values"/>
    <testcase time="0.216000000000001" classname="fda_table_03" name="Table_3_generation_works_with_default_values"/>
    <testcase time="0.0470000000000006" classname="fda_table_03" name="Table_3_generation_works_with_default_values">
      <skipped message="Reason: On CRAN ('test-fda-table_03.R:21:3')"/>
    </testcase>
    <testcase time="0.0129999999999981" classname="fda_table_03" name="Table_3_generation_works_with_custom_values"/>
    <testcase time="0.00100000000000122" classname="fda_table_03" name="Table_3_generation_works_with_custom_values"/>
    <testcase time="0.221" classname="fda_table_03" name="Table_3_generation_works_with_custom_values"/>
    <testcase time="0.0680000000000014" classname="fda_table_03" name="Table_3_generation_works_with_custom_values">
      <skipped message="Reason: On CRAN ('test-fda-table_03.R:41:3')"/>
    </testcase>
  </testsuite>
  <testsuite name="fda-table_04" timestamp="2024-04-24T23:40:17Z" hostname="e5aa52b44914" tests="9" skipped="2" failures="0" errors="0" time="0.615">
    <testcase time="0.0209999999999972" classname="fda_table_04" name="Table_04_generation_works_with_default_values"/>
    <testcase time="0.206" classname="fda_table_04" name="Table_04_generation_works_with_default_values"/>
    <testcase time="0.0810000000000031" classname="fda_table_04" name="Table_04_generation_works_with_default_values">
      <skipped message="Reason: On CRAN ('test-fda-table_04.R:18:3')"/>
    </testcase>
    <testcase time="0.0139999999999993" classname="fda_table_04" name="Table_04_generation_works_with_custom_values"/>
    <testcase time="0.00199999999999889" classname="fda_table_04" name="Table_04_generation_works_with_custom_values"/>
    <testcase time="0.00100000000000122" classname="fda_table_04" name="Table_04_generation_works_with_custom_values"/>
    <testcase time="0.000999999999997669" classname="fda_table_04" name="Table_04_generation_works_with_custom_values"/>
    <testcase time="0.221" classname="fda_table_04" name="Table_04_generation_works_with_custom_values"/>
    <testcase time="0.0680000000000014" classname="fda_table_04" name="Table_04_generation_works_with_custom_values">
      <skipped message="Reason: On CRAN ('test-fda-table_04.R:46:3')"/>
    </testcase>
  </testsuite>
  <testsuite name="fda-table_05" timestamp="2024-04-24T23:40:18Z" hostname="e5aa52b44914" tests="12" skipped="4" failures="0" errors="0" time="0.961">
    <testcase time="0.0180000000000007" classname="fda_table_05" name="Table_05_generation_works_with_default_values"/>
    <testcase time="0.145" classname="fda_table_05" name="Table_05_generation_works_with_default_values"/>
    <testcase time="0.0680000000000014" classname="fda_table_05" name="Table_05_generation_works_with_default_values">
      <skipped message="Reason: On CRAN ('test-fda-table_05.R:10:3')"/>
    </testcase>
    <testcase time="0.0129999999999981" classname="fda_table_05" name="Table_05_generation_works_with_custom_values"/>
    <testcase time="0.164999999999999" classname="fda_table_05" name="Table_05_generation_works_with_custom_values"/>
    <testcase time="0.0730000000000004" classname="fda_table_05" name="Table_05_generation_works_with_custom_values">
      <skipped message="Reason: On CRAN ('test-fda-table_05.R:34:3')"/>
    </testcase>
    <testcase time="0.0139999999999993" classname="fda_table_05" name="Table_05_generation_works_with_NA_values_pruned_rows"/>
    <testcase time="0.141000000000002" classname="fda_table_05" name="Table_05_generation_works_with_NA_values_pruned_rows"/>
    <testcase time="0.0599999999999987" classname="fda_table_05" name="Table_05_generation_works_with_NA_values_pruned_rows">
      <skipped message="Reason: On CRAN ('test-fda-table_05.R:44:3')"/>
    </testcase>
    <testcase time="0.0139999999999993" classname="fda_table_05" name="Table_05_generation_works_with_risk_difference_column"/>
    <testcase time="0.174000000000003" classname="fda_table_05" name="Table_05_generation_works_with_risk_difference_column"/>
    <testcase time="0.075999999999997" classname="fda_table_05" name="Table_05_generation_works_with_risk_difference_column">
      <skipped message="Reason: On CRAN ('test-fda-table_05.R:57:3')"/>
    </testcase>
  </testsuite>
  <testsuite name="fda-table_06" timestamp="2024-04-24T23:40:19Z" hostname="e5aa52b44914" tests="15" skipped="3" failures="0" errors="0" time="1.631">
    <testcase time="0.017000000000003" classname="fda_table_06" name="Table_06_generation_works_with_default_values"/>
    <testcase time="0.000999999999997669" classname="fda_table_06" name="Table_06_generation_works_with_default_values"/>
    <testcase time="0.0360000000000014" classname="fda_table_06" name="Table_06_generation_works_with_default_values"/>
    <testcase time="0.326999999999998" classname="fda_table_06" name="Table_06_generation_works_with_default_values"/>
    <testcase time="0.0820000000000007" classname="fda_table_06" name="Table_06_generation_works_with_default_values">
      <skipped message="Reason: On CRAN ('test-fda-table_06.R:8:3')"/>
    </testcase>
    <testcase time="0.0130000000000017" classname="fda_table_06" name="Table_06_generation_works_with_custom_values"/>
    <testcase time="0.00199999999999889" classname="fda_table_06" name="Table_06_generation_works_with_custom_values"/>
    <testcase time="0.0360000000000014" classname="fda_table_06" name="Table_06_generation_works_with_custom_values"/>
    <testcase time="0.433999999999997" classname="fda_table_06" name="Table_06_generation_works_with_custom_values"/>
    <testcase time="0.124000000000002" classname="fda_table_06" name="Table_06_generation_works_with_custom_values">
      <skipped message="Reason: On CRAN ('test-fda-table_06.R:40:3')"/>
    </testcase>
    <testcase time="0.0129999999999981" classname="fda_table_06" name="Table_06_generation_works_with_risk_difference_column"/>
    <testcase time="0.00100000000000122" classname="fda_table_06" name="Table_06_generation_works_with_risk_difference_column"/>
    <testcase time="0.036999999999999" classname="fda_table_06" name="Table_06_generation_works_with_risk_difference_column"/>
    <testcase time="0.404" classname="fda_table_06" name="Table_06_generation_works_with_risk_difference_column"/>
    <testcase time="0.103999999999999" classname="fda_table_06" name="Table_06_generation_works_with_risk_difference_column">
      <skipped message="Reason: On CRAN ('test-fda-table_06.R:48:3')"/>
    </testcase>
  </testsuite>
  <testsuite name="fda-table_07" timestamp="2024-04-24T23:40:20Z" hostname="e5aa52b44914" tests="24" skipped="4" failures="0" errors="0" time="1.762">
    <testcase time="0.0199999999999996" classname="fda_table_07" name="Table_07_generation_works_with_default_values"/>
    <testcase time="0.00100000000000122" classname="fda_table_07" name="Table_07_generation_works_with_default_values"/>
    <testcase time="0.00100000000000122" classname="fda_table_07" name="Table_07_generation_works_with_default_values"/>
    <testcase time="0.0259999999999998" classname="fda_table_07" name="Table_07_generation_works_with_default_values"/>
    <testcase time="0.242999999999999" classname="fda_table_07" name="Table_07_generation_works_with_default_values"/>
    <testcase time="0.103999999999999" classname="fda_table_07" name="Table_07_generation_works_with_default_values">
      <skipped message="Reason: On CRAN ('test-fda-table_07.R:13:3')"/>
    </testcase>
    <testcase time="0.0130000000000017" classname="fda_table_07" name="Table_07_generation_works_with_custom_values"/>
    <testcase time="0.00100000000000122" classname="fda_table_07" name="Table_07_generation_works_with_custom_values"/>
    <testcase time="0.000999999999997669" classname="fda_table_07" name="Table_07_generation_works_with_custom_values"/>
    <testcase time="0.0259999999999998" classname="fda_table_07" name="Table_07_generation_works_with_custom_values"/>
    <testcase time="0.339000000000002" classname="fda_table_07" name="Table_07_generation_works_with_custom_values"/>
    <testcase time="0.134" classname="fda_table_07" name="Table_07_generation_works_with_custom_values">
      <skipped message="Reason: On CRAN ('test-fda-table_07.R:42:3')"/>
    </testcase>
    <testcase time="0.0139999999999993" classname="fda_table_07" name="Table_07_generation_works_with_NA_values_pruned_rows"/>
    <testcase time="0.00100000000000122" classname="fda_table_07" name="Table_07_generation_works_with_NA_values_pruned_rows"/>
    <testcase time="0.000999999999997669" classname="fda_table_07" name="Table_07_generation_works_with_NA_values_pruned_rows"/>
    <testcase time="0.0280000000000022" classname="fda_table_07" name="Table_07_generation_works_with_NA_values_pruned_rows"/>
    <testcase time="0.238999999999997" classname="fda_table_07" name="Table_07_generation_works_with_NA_values_pruned_rows"/>
    <testcase time="0.111000000000001" classname="fda_table_07" name="Table_07_generation_works_with_NA_values_pruned_rows">
      <skipped message="Reason: On CRAN ('test-fda-table_07.R:52:3')"/>
    </testcase>
    <testcase time="0.0130000000000017" classname="fda_table_07" name="Table_07_generation_works_with_risk_difference_column"/>
    <testcase time="0.000999999999997669" classname="fda_table_07" name="Table_07_generation_works_with_risk_difference_column"/>
    <testcase time="0.00200000000000244" classname="fda_table_07" name="Table_07_generation_works_with_risk_difference_column"/>
    <testcase time="0.0350000000000001" classname="fda_table_07" name="Table_07_generation_works_with_risk_difference_column"/>
    <testcase time="0.282" classname="fda_table_07" name="Table_07_generation_works_with_risk_difference_column"/>
    <testcase time="0.125999999999998" classname="fda_table_07" name="Table_07_generation_works_with_risk_difference_column">
      <skipped message="Reason: On CRAN ('test-fda-table_07.R:65:3')"/>
    </testcase>
  </testsuite>
  <testsuite name="fda-table_08" timestamp="2024-04-24T23:40:22Z" hostname="e5aa52b44914" tests="8" skipped="2" failures="0" errors="0" time="0.394">
    <testcase time="0.0169999999999995" classname="fda_table_08" name="Table_08_generation_works_with_default_values"/>
    <testcase time="0.00100000000000122" classname="fda_table_08" name="Table_08_generation_works_with_default_values"/>
    <testcase time="0.0279999999999987" classname="fda_table_08" name="Table_08_generation_works_with_default_values"/>
    <testcase time="0.140000000000001" classname="fda_table_08" name="Table_08_generation_works_with_default_values">
      <skipped message="Reason: On CRAN ('test-fda-table_08.R:10:3')"/>
    </testcase>
    <testcase time="0.0139999999999993" classname="fda_table_08" name="Table_08_generation_works_with_custom_values"/>
    <testcase time="0.00100000000000122" classname="fda_table_08" name="Table_08_generation_works_with_custom_values"/>
    <testcase time="0.0240000000000009" classname="fda_table_08" name="Table_08_generation_works_with_custom_values"/>
    <testcase time="0.169" classname="fda_table_08" name="Table_08_generation_works_with_custom_values">
      <skipped message="Reason: On CRAN ('test-fda-table_08.R:31:3')"/>
    </testcase>
  </testsuite>
  <testsuite name="fda-table_09" timestamp="2024-04-24T23:40:22Z" hostname="e5aa52b44914" tests="47" skipped="7" failures="0" errors="0" time="8.141">
    <testcase time="0.0289999999999999" classname="fda_table_09" name="Table_09_generation_works_with_default_values"/>
    <testcase time="0.0279999999999987" classname="fda_table_09" name="Table_09_generation_works_with_default_values"/>
    <testcase time="0.218" classname="fda_table_09" name="Table_09_generation_works_with_default_values"/>
    <testcase time="0.0530000000000008" classname="fda_table_09" name="Table_09_generation_works_with_default_values">
      <skipped message="Reason: On CRAN ('test-fda-table_09.R:8:3')"/>
    </testcase>
    <testcase time="0.0129999999999981" classname="fda_table_09" name="Table_09_generation_works_with_custom_values"/>
    <testcase time="0.027000000000001" classname="fda_table_09" name="Table_09_generation_works_with_custom_values"/>
    <testcase time="0.272000000000002" classname="fda_table_09" name="Table_09_generation_works_with_custom_values"/>
    <testcase time="0.0609999999999999" classname="fda_table_09" name="Table_09_generation_works_with_custom_values">
      <skipped message="Reason: On CRAN ('test-fda-table_09.R:39:3')"/>
    </testcase>
    <testcase time="0.0129999999999981" classname="fda_table_09" name="Table_09_gt_generation_works_with_risk_difference_column"/>
    <testcase time="0.0380000000000003" classname="fda_table_09" name="Table_09_gt_generation_works_with_risk_difference_column"/>
    <testcase time="0.273" classname="fda_table_09" name="Table_09_gt_generation_works_with_risk_difference_column"/>
    <testcase time="0.0719999999999992" classname="fda_table_09" name="Table_09_gt_generation_works_with_risk_difference_column">
      <skipped message="Reason: On CRAN ('test-fda-table_09.R:47:3')"/>
    </testcase>
    <testcase time="0.0140000000000029" classname="fda_table_09" name="Table_09_gt_generation_works_with_default_values"/>
    <testcase time="0.0919999999999987" classname="fda_table_09" name="Table_09_gt_generation_works_with_default_values">
      <skipped message="Reason: On CRAN ('test-fda-table_09.R:60:3')"/>
    </testcase>
    <testcase time="0.0129999999999981" classname="fda_table_09" name="Table_09_gt_generation_works_with_custom_values"/>
    <testcase time="0.151" classname="fda_table_09" name="Table_09_gt_generation_works_with_custom_values">
      <skipped message="Reason: On CRAN ('test-fda-table_09.R:88:3')"/>
    </testcase>
    <testcase time="0.372000000000003" classname="fda_table_09" name="make_table_09_tplyr_returns_a_tibble_when_tplyr_raw_TRUE"/>
    <testcase time="0.000999999999997669" classname="fda_table_09" name="make_table_09_tplyr_returns_a_tibble_when_tplyr_raw_TRUE"/>
    <testcase time="0.0139999999999993" classname="fda_table_09" name="make_table_09_tplyr_returns_a_tibble_when_tplyr_raw_TRUE">
      <skipped message="Reason: On CRAN ('test-fda-table_09.R:101:3')"/>
    </testcase>
    <testcase time="0.404" classname="fda_table_09" name="make_table_09_tplyr_returns_a_gt_object_when_tplyr_raw_FALSE"/>
    <testcase time="0.00200000000000244" classname="fda_table_09" name="make_table_09_tplyr_returns_a_gt_object_when_tplyr_raw_FALSE"/>
    <testcase time="0.0479999999999983" classname="fda_table_09" name="make_table_09_tplyr_returns_a_gt_object_when_tplyr_raw_FALSE">
      <skipped message="Reason: On CRAN ('test-fda-table_09.R:112:3')"/>
    </testcase>
    <testcase time="0.373000000000001" classname="fda_table_09" name="make_table_09_tplyr_provides_total_column_counts_based_on_the_alt_count_df_parameter"/>
    <testcase time="0.390000000000001" classname="fda_table_09" name="make_table_09_tplyr_provides_total_column_counts_based_on_the_alt_count_df_parameter"/>
    <testcase time="0.355" classname="fda_table_09" name="make_table_09_tplyr_assigns_column_headers_correctly_to_the_arm_groups"/>
    <testcase time="0.363999999999997" classname="fda_table_09" name="make_table_09_tplyr_assigns_column_headers_correctly_to_the_arm_groups"/>
    <testcase time="0.365000000000002" classname="fda_table_09" name="make_table_09_tplyr_assigns_column_headers_correctly_to_the_arm_groups"/>
    <testcase time="0.573" classname="fda_table_09" name="make_table_09_tplyr_provides_risk_difference_columns_based_on_the_risk_diff_pairs_parameter"/>
    <testcase time="0.331" classname="fda_table_09" name="make_table_09_tplyr_provides_risk_difference_columns_based_on_the_risk_diff_pairs_parameter"/>
    <testcase time="0.388000000000002" classname="fda_table_09" name="make_table_09_tplyr_provides_a_total_column_based_on_the_lbl_overall_parameter"/>
    <testcase time="0.00300000000000011" classname="fda_table_09" name="make_table_09_tplyr_provides_a_total_column_based_on_the_lbl_overall_parameter"/>
    <testcase time="0.337" classname="fda_table_09" name="make_table_09_tplyr_provides_a_total_column_based_on_the_lbl_overall_parameter"/>
    <testcase time="0.346" classname="fda_table_09" name="make_table_09_tplyr_prunes_all_zero_rows_based_on_the_prune_0_parameter"/>
    <testcase time="0.330000000000002" classname="fda_table_09" name="make_table_09_tplyr_prunes_all_zero_rows_based_on_the_prune_0_parameter"/>
    <testcase time="0.34" classname="fda_table_09" name="make_table_09_tplyr_shows_column_counts_based_on_the_show_colcounts_parameter"/>
    <testcase time="0.331999999999997" classname="fda_table_09" name="make_table_09_tplyr_shows_column_counts_based_on_the_show_colcounts_parameter"/>
    <testcase time="0.338000000000001" classname="fda_table_09" name="make_table_09_tplyr_considers_lbl_soc_var_and_lbl_pref_var_parameters"/>
    <testcase time="0.00300000000000011" classname="fda_table_09" name="make_table_09_tplyr_considers_lbl_soc_var_and_lbl_pref_var_parameters"/>
    <testcase time="0.370999999999999" classname="fda_table_09" name="make_table_09_tplyr_considers_lbl_soc_var_and_lbl_pref_var_parameters"/>
    <testcase time="0.00300000000000011" classname="fda_table_09" name="make_table_09_tplyr_considers_lbl_soc_var_and_lbl_pref_var_parameters"/>
    <testcase time="0.375" classname="fda_table_09" name="make_table_09_tplyr_considers_annotations_if_tplyr_raw_FALSE"/>
    <testcase time="0.00300000000000011" classname="fda_table_09" name="make_table_09_tplyr_considers_annotations_if_tplyr_raw_FALSE"/>
    <testcase time="0.00300000000000011" classname="fda_table_09" name="make_table_09_tplyr_considers_annotations_if_tplyr_raw_FALSE"/>
    <testcase time="0.00200000000000244" classname="fda_table_09" name="make_table_09_tplyr_considers_annotations_if_tplyr_raw_FALSE"/>
    <testcase time="0.00300000000000011" classname="fda_table_09" name="make_table_09_tplyr_considers_annotations_if_tplyr_raw_FALSE"/>
    <testcase time="0.00300000000000011" classname="fda_table_09" name="make_table_09_tplyr_considers_annotations_if_tplyr_raw_FALSE"/>
    <testcase time="0.00199999999999889" classname="fda_table_09" name="make_table_09_tplyr_considers_annotations_if_tplyr_raw_FALSE"/>
  </testsuite>
  <testsuite name="fda-table_10" timestamp="2024-04-24T23:40:30Z" hostname="e5aa52b44914" tests="15" skipped="3" failures="0" errors="0" time="1.2">
    <testcase time="0.0109999999999992" classname="fda_table_10" name="Table_10_generation_works_with_default_values"/>
    <testcase time="0.00199999999999889" classname="fda_table_10" name="Table_10_generation_works_with_default_values"/>
    <testcase time="0.027000000000001" classname="fda_table_10" name="Table_10_generation_works_with_default_values"/>
    <testcase time="0.254000000000001" classname="fda_table_10" name="Table_10_generation_works_with_default_values"/>
    <testcase time="0.107999999999997" classname="fda_table_10" name="Table_10_generation_works_with_default_values">
      <skipped message="Reason: On CRAN ('test-fda-table_10.R:17:3')"/>
    </testcase>
    <testcase time="0.0140000000000029" classname="fda_table_10" name="Table_10_generation_works_with_custom_values"/>
    <testcase time="0.000999999999997669" classname="fda_table_10" name="Table_10_generation_works_with_custom_values"/>
    <testcase time="0.0230000000000032" classname="fda_table_10" name="Table_10_generation_works_with_custom_values"/>
    <testcase time="0.231999999999999" classname="fda_table_10" name="Table_10_generation_works_with_custom_values"/>
    <testcase time="0.0480000000000018" classname="fda_table_10" name="Table_10_generation_works_with_custom_values">
      <skipped message="Reason: On CRAN ('test-fda-table_10.R:52:3')"/>
    </testcase>
    <testcase time="0.0200000000000031" classname="fda_table_10" name="Table_10_generation_works_with_risk_difference_column"/>
    <testcase time="0.000999999999997669" classname="fda_table_10" name="Table_10_generation_works_with_risk_difference_column"/>
    <testcase time="0.027000000000001" classname="fda_table_10" name="Table_10_generation_works_with_risk_difference_column"/>
    <testcase time="0.318999999999996" classname="fda_table_10" name="Table_10_generation_works_with_risk_difference_column"/>
    <testcase time="0.113" classname="fda_table_10" name="Table_10_generation_works_with_risk_difference_column">
      <skipped message="Reason: On CRAN ('test-fda-table_10.R:60:3')"/>
    </testcase>
  </testsuite>
  <testsuite name="fda-table_11" timestamp="2024-04-24T23:40:32Z" hostname="e5aa52b44914" tests="12" skipped="3" failures="0" errors="0" time="1.833">
    <testcase time="0.0210000000000008" classname="fda_table_11" name="Table_11_generation_works_with_default_values"/>
    <testcase time="0.0399999999999991" classname="fda_table_11" name="Table_11_generation_works_with_default_values"/>
    <testcase time="0.419000000000004" classname="fda_table_11" name="Table_11_generation_works_with_default_values"/>
    <testcase time="0.125" classname="fda_table_11" name="Table_11_generation_works_with_default_values">
      <skipped message="Reason: On CRAN ('test-fda-table_11.R:18:3')"/>
    </testcase>
    <testcase time="0.0129999999999981" classname="fda_table_11" name="Table_11_generation_works_with_custom_values"/>
    <testcase time="0.0279999999999987" classname="fda_table_11" name="Table_11_generation_works_with_custom_values"/>
    <testcase time="0.399000000000001" classname="fda_table_11" name="Table_11_generation_works_with_custom_values"/>
    <testcase time="0.0579999999999998" classname="fda_table_11" name="Table_11_generation_works_with_custom_values">
      <skipped message="Reason: On CRAN ('test-fda-table_11.R:48:3')"/>
    </testcase>
    <testcase time="0.0129999999999981" classname="fda_table_11" name="Table_11_generation_works_with_risk_difference_column"/>
    <testcase time="0.0320000000000036" classname="fda_table_11" name="Table_11_generation_works_with_risk_difference_column"/>
    <testcase time="0.552" classname="fda_table_11" name="Table_11_generation_works_with_risk_difference_column"/>
    <testcase time="0.133000000000003" classname="fda_table_11" name="Table_11_generation_works_with_risk_difference_column">
      <skipped message="Reason: On CRAN ('test-fda-table_11.R:56:3')"/>
    </testcase>
  </testsuite>
  <testsuite name="fda-table_12" timestamp="2024-04-24T23:40:33Z" hostname="e5aa52b44914" tests="12" skipped="3" failures="0" errors="0" time="2.338">
    <testcase time="0.0180000000000007" classname="fda_table_12" name="Table_12_generation_works_with_default_values"/>
    <testcase time="0.0409999999999968" classname="fda_table_12" name="Table_12_generation_works_with_default_values"/>
    <testcase time="0.566000000000003" classname="fda_table_12" name="Table_12_generation_works_with_default_values"/>
    <testcase time="0.0999999999999943" classname="fda_table_12" name="Table_12_generation_works_with_default_values">
      <skipped message="Reason: On CRAN ('test-fda-table_12.R:9:3')"/>
    </testcase>
    <testcase time="0.0130000000000052" classname="fda_table_12" name="Table_12_generation_works_with_custom_values"/>
    <testcase time="0.0339999999999989" classname="fda_table_12" name="Table_12_generation_works_with_custom_values"/>
    <testcase time="0.574999999999996" classname="fda_table_12" name="Table_12_generation_works_with_custom_values"/>
    <testcase time="0.0930000000000035" classname="fda_table_12" name="Table_12_generation_works_with_custom_values">
      <skipped message="Reason: On CRAN ('test-fda-table_12.R:39:3')"/>
    </testcase>
    <testcase time="0.0129999999999981" classname="fda_table_12" name="Table_12_generation_works_with_risk_difference_column"/>
    <testcase time="0.0339999999999989" classname="fda_table_12" name="Table_12_generation_works_with_risk_difference_column"/>
    <testcase time="0.737000000000002" classname="fda_table_12" name="Table_12_generation_works_with_risk_difference_column"/>
    <testcase time="0.113999999999997" classname="fda_table_12" name="Table_12_generation_works_with_risk_difference_column">
      <skipped message="Reason: On CRAN ('test-fda-table_12.R:47:3')"/>
    </testcase>
  </testsuite>
  <testsuite name="fda-table_13" timestamp="2024-04-24T23:40:36Z" hostname="e5aa52b44914" tests="12" skipped="3" failures="0" errors="0" time="0.607">
    <testcase time="0.0180000000000007" classname="fda_table_13" name="Table_13_generation_works_with_default_values"/>
    <testcase time="0.0320000000000036" classname="fda_table_13" name="Table_13_generation_works_with_default_values"/>
    <testcase time="0.0850000000000009" classname="fda_table_13" name="Table_13_generation_works_with_default_values"/>
    <testcase time="0.0649999999999977" classname="fda_table_13" name="Table_13_generation_works_with_default_values">
      <skipped message="Reason: On CRAN ('test-fda-table_13.R:8:3')"/>
    </testcase>
    <testcase time="0.0129999999999981" classname="fda_table_13" name="Table_13_generation_works_with_custom_values"/>
    <testcase time="0.0310000000000059" classname="fda_table_13" name="Table_13_generation_works_with_custom_values"/>
    <testcase time="0.0959999999999965" classname="fda_table_13" name="Table_13_generation_works_with_custom_values"/>
    <testcase time="0.0499999999999972" classname="fda_table_13" name="Table_13_generation_works_with_custom_values">
      <skipped message="Reason: On CRAN ('test-fda-table_13.R:38:3')"/>
    </testcase>
    <testcase time="0.0130000000000052" classname="fda_table_13" name="Table_13_generation_works_with_risk_difference_column"/>
    <testcase time="0.0309999999999988" classname="fda_table_13" name="Table_13_generation_works_with_risk_difference_column"/>
    <testcase time="0.100000000000001" classname="fda_table_13" name="Table_13_generation_works_with_risk_difference_column"/>
    <testcase time="0.0730000000000004" classname="fda_table_13" name="Table_13_generation_works_with_risk_difference_column">
      <skipped message="Reason: On CRAN ('test-fda-table_13.R:46:3')"/>
    </testcase>
  </testsuite>
  <testsuite name="fda-table_14" timestamp="2024-04-24T23:40:36Z" hostname="e5aa52b44914" tests="13" skipped="4" failures="0" errors="0" time="2.325">
    <testcase time="0.0229999999999961" classname="fda_table_14" name="Table_14_generation_works_with_default_values"/>
    <testcase time="0.383000000000003" classname="fda_table_14" name="Table_14_generation_works_with_default_values"/>
    <testcase time="0.137" classname="fda_table_14" name="Table_14_generation_works_with_default_values">
      <skipped message="Reason: On CRAN ('test-fda-table_14.R:16:3')"/>
    </testcase>
    <testcase time="0.0139999999999958" classname="fda_table_14" name="Table_14_generation_works_with_custom_values"/>
    <testcase time="0.0320000000000036" classname="fda_table_14" name="Table_14_generation_works_with_custom_values"/>
    <testcase time="0.405999999999999" classname="fda_table_14" name="Table_14_generation_works_with_custom_values"/>
    <testcase time="0.130000000000003" classname="fda_table_14" name="Table_14_generation_works_with_custom_values">
      <skipped message="Reason: On CRAN ('test-fda-table_14.R:46:3')"/>
    </testcase>
    <testcase time="0.0129999999999981" classname="fda_table_14" name="Table_14_generation_works_with_NA_values_pruned_rows"/>
    <testcase time="0.402999999999999" classname="fda_table_14" name="Table_14_generation_works_with_NA_values_pruned_rows"/>
    <testcase time="0.0949999999999989" classname="fda_table_14" name="Table_14_generation_works_with_NA_values_pruned_rows">
      <skipped message="Reason: On CRAN ('test-fda-table_14.R:53:3')"/>
    </testcase>
    <testcase time="0.0129999999999981" classname="fda_table_14" name="Table_14_generation_works_with_risk_difference_column"/>
    <testcase time="0.529000000000003" classname="fda_table_14" name="Table_14_generation_works_with_risk_difference_column"/>
    <testcase time="0.146999999999998" classname="fda_table_14" name="Table_14_generation_works_with_risk_difference_column">
      <skipped message="Reason: On CRAN ('test-fda-table_14.R:61:3')"/>
    </testcase>
  </testsuite>
  <testsuite name="fda-table_15" timestamp="2024-04-24T23:40:39Z" hostname="e5aa52b44914" tests="16" skipped="4" failures="0" errors="0" time="1.363">
    <testcase time="0.0260000000000034" classname="fda_table_15" name="Table_15_generation_works_with_default_values"/>
    <testcase time="0.0319999999999965" classname="fda_table_15" name="Table_15_generation_works_with_default_values"/>
    <testcase time="0.195" classname="fda_table_15" name="Table_15_generation_works_with_default_values"/>
    <testcase time="0.0829999999999984" classname="fda_table_15" name="Table_15_generation_works_with_default_values">
      <skipped message="Reason: On CRAN ('test-fda-table_15.R:19:3')"/>
    </testcase>
    <testcase time="0.0130000000000052" classname="fda_table_15" name="Table_15_generation_works_with_custom_values"/>
    <testcase time="0.0279999999999987" classname="fda_table_15" name="Table_15_generation_works_with_custom_values"/>
    <testcase time="0.204999999999998" classname="fda_table_15" name="Table_15_generation_works_with_custom_values"/>
    <testcase time="0.0829999999999984" classname="fda_table_15" name="Table_15_generation_works_with_custom_values">
      <skipped message="Reason: On CRAN ('test-fda-table_15.R:51:3')"/>
    </testcase>
    <testcase time="0.0130000000000052" classname="fda_table_15" name="Table_15_generation_works_with_NA_values_pruned_rows"/>
    <testcase time="0.0279999999999987" classname="fda_table_15" name="Table_15_generation_works_with_NA_values_pruned_rows"/>
    <testcase time="0.198999999999998" classname="fda_table_15" name="Table_15_generation_works_with_NA_values_pruned_rows"/>
    <testcase time="0.0870000000000033" classname="fda_table_15" name="Table_15_generation_works_with_NA_values_pruned_rows">
      <skipped message="Reason: On CRAN ('test-fda-table_15.R:58:3')"/>
    </testcase>
    <testcase time="0.0129999999999981" classname="fda_table_15" name="Table_15_generation_works_with_risk_difference_column"/>
    <testcase time="0.0289999999999964" classname="fda_table_15" name="Table_15_generation_works_with_risk_difference_column"/>
    <testcase time="0.234999999999999" classname="fda_table_15" name="Table_15_generation_works_with_risk_difference_column"/>
    <testcase time="0.0940000000000012" classname="fda_table_15" name="Table_15_generation_works_with_risk_difference_column">
      <skipped message="Reason: On CRAN ('test-fda-table_15.R:66:3')"/>
    </testcase>
  </testsuite>
  <testsuite name="fda-table_16" timestamp="2024-04-24T23:40:40Z" hostname="e5aa52b44914" tests="16" skipped="4" failures="0" errors="0" time="1.153">
    <testcase time="0.0189999999999984" classname="fda_table_16" name="Table_16_generation_works_with_default_values"/>
    <testcase time="0.0250000000000057" classname="fda_table_16" name="Table_16_generation_works_with_default_values"/>
    <testcase time="0.198" classname="fda_table_16" name="Table_16_generation_works_with_default_values"/>
    <testcase time="0.0439999999999969" classname="fda_table_16" name="Table_16_generation_works_with_default_values">
      <skipped message="Reason: On CRAN ('test-fda-table_16.R:19:3')"/>
    </testcase>
    <testcase time="0.0129999999999981" classname="fda_table_16" name="Table_16_generation_works_with_custom_values"/>
    <testcase time="0.0250000000000057" classname="fda_table_16" name="Table_16_generation_works_with_custom_values"/>
    <testcase time="0.189999999999998" classname="fda_table_16" name="Table_16_generation_works_with_custom_values"/>
    <testcase time="0.0409999999999968" classname="fda_table_16" name="Table_16_generation_works_with_custom_values">
      <skipped message="Reason: On CRAN ('test-fda-table_16.R:51:3')"/>
    </testcase>
    <testcase time="0.0130000000000052" classname="fda_table_16" name="Table_16_generation_works_with_NA_values_pruned_rows"/>
    <testcase time="0.036999999999999" classname="fda_table_16" name="Table_16_generation_works_with_NA_values_pruned_rows"/>
    <testcase time="0.190999999999995" classname="fda_table_16" name="Table_16_generation_works_with_NA_values_pruned_rows"/>
    <testcase time="0.0399999999999991" classname="fda_table_16" name="Table_16_generation_works_with_NA_values_pruned_rows">
      <skipped message="Reason: On CRAN ('test-fda-table_16.R:58:3')"/>
    </testcase>
    <testcase time="0.0130000000000052" classname="fda_table_16" name="Table_16_generation_works_with_risk_difference_column"/>
    <testcase time="0.0259999999999962" classname="fda_table_16" name="Table_16_generation_works_with_risk_difference_column"/>
    <testcase time="0.233000000000004" classname="fda_table_16" name="Table_16_generation_works_with_risk_difference_column"/>
    <testcase time="0.0449999999999946" classname="fda_table_16" name="Table_16_generation_works_with_risk_difference_column">
      <skipped message="Reason: On CRAN ('test-fda-table_16.R:66:3')"/>
    </testcase>
  </testsuite>
  <testsuite name="fda-table_17" timestamp="2024-04-24T23:40:41Z" hostname="e5aa52b44914" tests="16" skipped="4" failures="0" errors="0" time="2.234">
    <testcase time="0.0190000000000055" classname="fda_table_17" name="Table_17_generation_works_with_default_values"/>
    <testcase time="0.0300000000000011" classname="fda_table_17" name="Table_17_generation_works_with_default_values"/>
    <testcase time="0.299999999999997" classname="fda_table_17" name="Table_17_generation_works_with_default_values"/>
    <testcase time="0.153999999999996" classname="fda_table_17" name="Table_17_generation_works_with_default_values">
      <skipped message="Reason: On CRAN ('test-fda-table_17.R:25:3')"/>
    </testcase>
    <testcase time="0.0130000000000052" classname="fda_table_17" name="Table_17_generation_works_with_custom_values"/>
    <testcase time="0.0289999999999964" classname="fda_table_17" name="Table_17_generation_works_with_custom_values"/>
    <testcase time="0.302" classname="fda_table_17" name="Table_17_generation_works_with_custom_values"/>
    <testcase time="0.362000000000002" classname="fda_table_17" name="Table_17_generation_works_with_custom_values">
      <skipped message="Reason: On CRAN ('test-fda-table_17.R:57:3')"/>
    </testcase>
    <testcase time="0.0129999999999981" classname="fda_table_17" name="Table_17_generation_works_with_NA_values_pruned_rows"/>
    <testcase time="0.0290000000000035" classname="fda_table_17" name="Table_17_generation_works_with_NA_values_pruned_rows"/>
    <testcase time="0.281999999999996" classname="fda_table_17" name="Table_17_generation_works_with_NA_values_pruned_rows"/>
    <testcase time="0.158000000000001" classname="fda_table_17" name="Table_17_generation_works_with_NA_values_pruned_rows">
      <skipped message="Reason: On CRAN ('test-fda-table_17.R:64:3')"/>
    </testcase>
    <testcase time="0.0120000000000005" classname="fda_table_17" name="Table_17_generation_works_with_risk_difference_column"/>
    <testcase time="0.0290000000000035" classname="fda_table_17" name="Table_17_generation_works_with_risk_difference_column"/>
    <testcase time="0.333999999999996" classname="fda_table_17" name="Table_17_generation_works_with_risk_difference_column"/>
    <testcase time="0.167999999999999" classname="fda_table_17" name="Table_17_generation_works_with_risk_difference_column">
      <skipped message="Reason: On CRAN ('test-fda-table_17.R:72:3')"/>
    </testcase>
  </testsuite>
  <testsuite name="fda-table_18" timestamp="2024-04-24T23:40:44Z" hostname="e5aa52b44914" tests="16" skipped="4" failures="0" errors="0" time="1.58">
    <testcase time="0.0189999999999984" classname="fda_table_18" name="Table_18_generation_works_with_default_values"/>
    <testcase time="0.0260000000000034" classname="fda_table_18" name="Table_18_generation_works_with_default_values"/>
    <testcase time="0.277999999999999" classname="fda_table_18" name="Table_18_generation_works_with_default_values"/>
    <testcase time="0.0600000000000023" classname="fda_table_18" name="Table_18_generation_works_with_default_values">
      <skipped message="Reason: On CRAN ('test-fda-table_18.R:25:3')"/>
    </testcase>
    <testcase time="0.0169999999999959" classname="fda_table_18" name="Table_18_generation_works_with_custom_values"/>
    <testcase time="0.0260000000000034" classname="fda_table_18" name="Table_18_generation_works_with_custom_values"/>
    <testcase time="0.272999999999996" classname="fda_table_18" name="Table_18_generation_works_with_custom_values"/>
    <testcase time="0.0640000000000001" classname="fda_table_18" name="Table_18_generation_works_with_custom_values">
      <skipped message="Reason: On CRAN ('test-fda-table_18.R:57:3')"/>
    </testcase>
    <testcase time="0.0120000000000005" classname="fda_table_18" name="Table_18_generation_works_with_NA_values_pruned_rows"/>
    <testcase time="0.0260000000000034" classname="fda_table_18" name="Table_18_generation_works_with_NA_values_pruned_rows"/>
    <testcase time="0.281999999999996" classname="fda_table_18" name="Table_18_generation_works_with_NA_values_pruned_rows"/>
    <testcase time="0.0590000000000046" classname="fda_table_18" name="Table_18_generation_works_with_NA_values_pruned_rows">
      <skipped message="Reason: On CRAN ('test-fda-table_18.R:64:3')"/>
    </testcase>
    <testcase time="0.0129999999999981" classname="fda_table_18" name="Table_18_generation_works_with_risk_difference_column"/>
    <testcase time="0.0260000000000034" classname="fda_table_18" name="Table_18_generation_works_with_risk_difference_column"/>
    <testcase time="0.332999999999998" classname="fda_table_18" name="Table_18_generation_works_with_risk_difference_column"/>
    <testcase time="0.0659999999999954" classname="fda_table_18" name="Table_18_generation_works_with_risk_difference_column">
      <skipped message="Reason: On CRAN ('test-fda-table_18.R:72:3')"/>
    </testcase>
  </testsuite>
  <testsuite name="fda-table_20" timestamp="2024-04-24T23:40:45Z" hostname="e5aa52b44914" tests="24" skipped="4" failures="0" errors="0" time="1.931">
    <testcase time="0.0190000000000055" classname="fda_table_20" name="Table_20_generation_works_with_default_values"/>
    <testcase time="0.000999999999997669" classname="fda_table_20" name="Table_20_generation_works_with_default_values"/>
    <testcase time="0.000999999999997669" classname="fda_table_20" name="Table_20_generation_works_with_default_values"/>
    <testcase time="0.0290000000000035" classname="fda_table_20" name="Table_20_generation_works_with_default_values"/>
    <testcase time="0.286999999999999" classname="fda_table_20" name="Table_20_generation_works_with_default_values"/>
    <testcase time="0.078000000000003" classname="fda_table_20" name="Table_20_generation_works_with_default_values">
      <skipped message="Reason: On CRAN ('test-fda-table_20.R:17:3')"/>
    </testcase>
    <testcase time="0.0129999999999981" classname="fda_table_20" name="Table_20_generation_works_with_custom_values"/>
    <testcase time="0.000999999999997669" classname="fda_table_20" name="Table_20_generation_works_with_custom_values"/>
    <testcase time="0.000999999999997669" classname="fda_table_20" name="Table_20_generation_works_with_custom_values"/>
    <testcase time="0.0290000000000035" classname="fda_table_20" name="Table_20_generation_works_with_custom_values"/>
    <testcase time="0.453000000000003" classname="fda_table_20" name="Table_20_generation_works_with_custom_values"/>
    <testcase time="0.090999999999994" classname="fda_table_20" name="Table_20_generation_works_with_custom_values">
      <skipped message="Reason: On CRAN ('test-fda-table_20.R:65:3')"/>
    </testcase>
    <testcase time="0.0130000000000052" classname="fda_table_20" name="Table_20_generation_works_with_missing_values_pruned_rows"/>
    <testcase time="0.000999999999997669" classname="fda_table_20" name="Table_20_generation_works_with_missing_values_pruned_rows"/>
    <testcase time="0.000999999999997669" classname="fda_table_20" name="Table_20_generation_works_with_missing_values_pruned_rows"/>
    <testcase time="0.0280000000000058" classname="fda_table_20" name="Table_20_generation_works_with_missing_values_pruned_rows"/>
    <testcase time="0.286999999999999" classname="fda_table_20" name="Table_20_generation_works_with_missing_values_pruned_rows"/>
    <testcase time="0.078000000000003" classname="fda_table_20" name="Table_20_generation_works_with_missing_values_pruned_rows">
      <skipped message="Reason: On CRAN ('test-fda-table_20.R:74:3')"/>
    </testcase>
    <testcase time="0.0129999999999981" classname="fda_table_20" name="Table_20_generation_works_with_risk_difference_column"/>
    <testcase time="0.000999999999997669" classname="fda_table_20" name="Table_20_generation_works_with_risk_difference_column"/>
    <testcase time="0.00100000000000477" classname="fda_table_20" name="Table_20_generation_works_with_risk_difference_column"/>
    <testcase time="0.0319999999999965" classname="fda_table_20" name="Table_20_generation_works_with_risk_difference_column"/>
    <testcase time="0.381" classname="fda_table_20" name="Table_20_generation_works_with_risk_difference_column"/>
    <testcase time="0.0919999999999987" classname="fda_table_20" name="Table_20_generation_works_with_risk_difference_column">
      <skipped message="Reason: On CRAN ('test-fda-table_20.R:82:3')"/>
    </testcase>
  </testsuite>
  <testsuite name="fda-table_21" timestamp="2024-04-24T23:40:47Z" hostname="e5aa52b44914" tests="19" skipped="4" failures="0" errors="0" time="1.745">
    <testcase time="0.0260000000000034" classname="fda_table_21" name="Table_21_generation_works_with_default_values"/>
    <testcase time="0.000999999999997669" classname="fda_table_21" name="Table_21_generation_works_with_default_values"/>
    <testcase time="0.363" classname="fda_table_21" name="Table_21_generation_works_with_default_values"/>
    <testcase time="0.0949999999999989" classname="fda_table_21" name="Table_21_generation_works_with_default_values">
      <skipped message="Reason: On CRAN ('test-fda-table_21.R:16:3')"/>
    </testcase>
    <testcase time="0.0129999999999981" classname="fda_table_21" name="Table_21_generation_works_with_custom_values_N_s_denominator_and_overall_column"/>
    <testcase time="0.00100000000000477" classname="fda_table_21" name="Table_21_generation_works_with_custom_values_N_s_denominator_and_overall_column"/>
    <testcase time="0.0499999999999972" classname="fda_table_21" name="Table_21_generation_works_with_custom_values_N_s_denominator_and_overall_column"/>
    <testcase time="0.434000000000005" classname="fda_table_21" name="Table_21_generation_works_with_custom_values_N_s_denominator_and_overall_column"/>
    <testcase time="0.100999999999999" classname="fda_table_21" name="Table_21_generation_works_with_custom_values_N_s_denominator_and_overall_column">
      <skipped message="Reason: On CRAN ('test-fda-table_21.R:28:3')"/>
    </testcase>
    <testcase time="0.0129999999999981" classname="fda_table_21" name="Table_21_generation_works_with_custom_values_N_col_denominator_and_no_overall_column"/>
    <testcase time="0.00200000000000244" classname="fda_table_21" name="Table_21_generation_works_with_custom_values_N_col_denominator_and_no_overall_column"/>
    <testcase time="0.0329999999999941" classname="fda_table_21" name="Table_21_generation_works_with_custom_values_N_col_denominator_and_no_overall_column"/>
    <testcase time="0.220000000000006" classname="fda_table_21" name="Table_21_generation_works_with_custom_values_N_col_denominator_and_no_overall_column"/>
    <testcase time="0.080999999999996" classname="fda_table_21" name="Table_21_generation_works_with_custom_values_N_col_denominator_and_no_overall_column">
      <skipped message="Reason: On CRAN ('test-fda-table_21.R:56:3')"/>
    </testcase>
    <testcase time="0.0429999999999993" classname="fda_table_21" name="Table_21_generation_works_with_some_NA_values"/>
    <testcase time="0.00100000000000477" classname="fda_table_21" name="Table_21_generation_works_with_some_NA_values"/>
    <testcase time="0.0309999999999988" classname="fda_table_21" name="Table_21_generation_works_with_some_NA_values"/>
    <testcase time="0.177" classname="fda_table_21" name="Table_21_generation_works_with_some_NA_values"/>
    <testcase time="0.0600000000000023" classname="fda_table_21" name="Table_21_generation_works_with_some_NA_values">
      <skipped message="Reason: On CRAN ('test-fda-table_21.R:76:3')"/>
    </testcase>
  </testsuite>
  <testsuite name="fda-table_22" timestamp="2024-04-24T23:40:49Z" hostname="e5aa52b44914" tests="8" skipped="4" failures="0" errors="0" time="1.778">
    <testcase time="0.394999999999996" classname="fda_table_22" name="Table_22_generation_works_with_default_values"/>
    <testcase time="0.097999999999999" classname="fda_table_22" name="Table_22_generation_works_with_default_values">
      <skipped message="Reason: On CRAN ('test-fda-table_22.R:21:3')"/>
    </testcase>
    <testcase time="0.517000000000003" classname="fda_table_22" name="Table_22_generation_works_with_custom_values_N_s_denominator_and_overall_column"/>
    <testcase time="0.104999999999997" classname="fda_table_22" name="Table_22_generation_works_with_custom_values_N_s_denominator_and_overall_column">
      <skipped message="Reason: On CRAN ('test-fda-table_22.R:33:3')"/>
    </testcase>
    <testcase time="0.271000000000001" classname="fda_table_22" name="Table_22_generation_works_with_custom_values_N_col_denominator_and_no_overall_column"/>
    <testcase time="0.0820000000000007" classname="fda_table_22" name="Table_22_generation_works_with_custom_values_N_col_denominator_and_no_overall_column">
      <skipped message="Reason: On CRAN ('test-fda-table_22.R:61:3')"/>
    </testcase>
    <testcase time="0.241" classname="fda_table_22" name="Table_22_generation_works_with_some_NA_values"/>
    <testcase time="0.0690000000000026" classname="fda_table_22" name="Table_22_generation_works_with_some_NA_values">
      <skipped message="Reason: On CRAN ('test-fda-table_22.R:81:3')"/>
    </testcase>
  </testsuite>
  <testsuite name="fda-table_32" timestamp="2024-04-24T23:40:51Z" hostname="e5aa52b44914" tests="25" skipped="7" failures="0" errors="0" time="4.64">
    <testcase time="0.0429999999999993" classname="fda_table_32" name="Table_32_generation_works_with_default_values"/>
    <testcase time="0.0339999999999989" classname="fda_table_32" name="Table_32_generation_works_with_default_values"/>
    <testcase time="0.0970000000000013" classname="fda_table_32" name="Table_32_generation_works_with_default_values"/>
    <testcase time="0.0379999999999967" classname="fda_table_32" name="Table_32_generation_works_with_default_values">
      <skipped message="Reason: On CRAN ('test-fda-table_32.R:14:3')"/>
    </testcase>
    <testcase time="0.0130000000000052" classname="fda_table_32" name="Table_32_generation_works_with_custom_values"/>
    <testcase time="0.0349999999999966" classname="fda_table_32" name="Table_32_generation_works_with_custom_values"/>
    <testcase time="0.118000000000002" classname="fda_table_32" name="Table_32_generation_works_with_custom_values"/>
    <testcase time="0.0449999999999946" classname="fda_table_32" name="Table_32_generation_works_with_custom_values">
      <skipped message="Reason: On CRAN ('test-fda-table_32.R:36:3')"/>
    </testcase>
    <testcase time="0.0120000000000005" classname="fda_table_32" name="Table_32_generation_works_with_pruned_rows"/>
    <testcase time="0.034000000000006" classname="fda_table_32" name="Table_32_generation_works_with_pruned_rows"/>
    <testcase time="0.0999999999999943" classname="fda_table_32" name="Table_32_generation_works_with_pruned_rows"/>
    <testcase time="0.0339999999999989" classname="fda_table_32" name="Table_32_generation_works_with_pruned_rows">
      <skipped message="Reason: On CRAN ('test-fda-table_32.R:43:3')"/>
    </testcase>
    <testcase time="0.0130000000000052" classname="fda_table_32" name="Table_32_generation_works_with_risk_difference_column"/>
    <testcase time="0.0339999999999989" classname="fda_table_32" name="Table_32_generation_works_with_risk_difference_column"/>
    <testcase time="0.121000000000002" classname="fda_table_32" name="Table_32_generation_works_with_risk_difference_column"/>
    <testcase time="0.0429999999999993" classname="fda_table_32" name="Table_32_generation_works_with_risk_difference_column">
      <skipped message="Reason: On CRAN ('test-fda-table_32.R:51:3')"/>
    </testcase>
    <testcase time="0.0129999999999981" classname="fda_table_32" name="Table_32_gtsum_generation_works_with_default_values"/>
    <testcase time="0.981000000000002" classname="fda_table_32" name="Table_32_gtsum_generation_works_with_default_values"/>
    <testcase time="0.0180000000000007" classname="fda_table_32" name="Table_32_gtsum_generation_works_with_default_values">
      <skipped message="Reason: On CRAN ('test-fda-table_32.R:57:3')"/>
    </testcase>
    <testcase time="0.0129999999999981" classname="fda_table_32" name="Table_32_gtsum_generation_works_with_custom_values"/>
    <testcase time="1.38" classname="fda_table_32" name="Table_32_gtsum_generation_works_with_custom_values"/>
    <testcase time="0.0249999999999986" classname="fda_table_32" name="Table_32_gtsum_generation_works_with_custom_values">
      <skipped message="Reason: On CRAN ('test-fda-table_32.R:66:3')"/>
    </testcase>
    <testcase time="0.0120000000000005" classname="fda_table_32" name="Table_32_gtsum_generation_missing_values_and_ADSL"/>
    <testcase time="1.364" classname="fda_table_32" name="Table_32_gtsum_generation_missing_values_and_ADSL"/>
    <testcase time="0.0200000000000031" classname="fda_table_32" name="Table_32_gtsum_generation_missing_values_and_ADSL">
      <skipped message="Reason: On CRAN ('test-fda-table_32.R:80:3')"/>
    </testcase>
  </testsuite>
  <testsuite name="fda-table_33" timestamp="2024-04-24T23:40:55Z" hostname="e5aa52b44914" tests="25" skipped="7" failures="0" errors="0" time="4.248">
    <testcase time="0.0499999999999972" classname="fda_table_33" name="Table_33_generation_works_with_default_values"/>
    <testcase time="0.214000000000006" classname="fda_table_33" name="Table_33_generation_works_with_default_values"/>
    <testcase time="0.0689999999999955" classname="fda_table_33" name="Table_33_generation_works_with_default_values"/>
    <testcase time="0.027000000000001" classname="fda_table_33" name="Table_33_generation_works_with_default_values">
      <skipped message="Reason: On CRAN ('test-fda-table_33.R:14:3')"/>
    </testcase>
    <testcase time="0.0129999999999981" classname="fda_table_33" name="Table_33_generation_works_with_custom_values"/>
    <testcase time="0.204000000000001" classname="fda_table_33" name="Table_33_generation_works_with_custom_values"/>
    <testcase time="0.0940000000000012" classname="fda_table_33" name="Table_33_generation_works_with_custom_values"/>
    <testcase time="0.0330000000000013" classname="fda_table_33" name="Table_33_generation_works_with_custom_values">
      <skipped message="Reason: On CRAN ('test-fda-table_33.R:40:3')"/>
    </testcase>
    <testcase time="0.0129999999999981" classname="fda_table_33" name="Table_33_generation_works_with_pruned_rows"/>
    <testcase time="0.204000000000001" classname="fda_table_33" name="Table_33_generation_works_with_pruned_rows"/>
    <testcase time="0.0790000000000006" classname="fda_table_33" name="Table_33_generation_works_with_pruned_rows"/>
    <testcase time="0.0240000000000009" classname="fda_table_33" name="Table_33_generation_works_with_pruned_rows">
      <skipped message="Reason: On CRAN ('test-fda-table_33.R:48:3')"/>
    </testcase>
    <testcase time="0.0120000000000005" classname="fda_table_33" name="Table_33_generation_works_with_risk_difference_column"/>
    <testcase time="0.202999999999996" classname="fda_table_33" name="Table_33_generation_works_with_risk_difference_column"/>
    <testcase time="0.095000000000006" classname="fda_table_33" name="Table_33_generation_works_with_risk_difference_column"/>
    <testcase time="0.0319999999999965" classname="fda_table_33" name="Table_33_generation_works_with_risk_difference_column">
      <skipped message="Reason: On CRAN ('test-fda-table_33.R:56:3')"/>
    </testcase>
    <testcase time="0.0129999999999981" classname="fda_table_33" name="Table_33_gtsum_generation_works_with_default_values"/>
    <testcase time="0.777999999999999" classname="fda_table_33" name="Table_33_gtsum_generation_works_with_default_values"/>
    <testcase time="0.0190000000000055" classname="fda_table_33" name="Table_33_gtsum_generation_works_with_default_values">
      <skipped message="Reason: On CRAN ('test-fda-table_33.R:62:3')"/>
    </testcase>
    <testcase time="0.0129999999999981" classname="fda_table_33" name="Table_33_gtsum_generation_works_with_custom_values"/>
    <testcase time="1.003" classname="fda_table_33" name="Table_33_gtsum_generation_works_with_custom_values"/>
    <testcase time="0.0200000000000031" classname="fda_table_33" name="Table_33_gtsum_generation_works_with_custom_values">
      <skipped message="Reason: On CRAN ('test-fda-table_33.R:71:3')"/>
    </testcase>
    <testcase time="0.0129999999999981" classname="fda_table_33" name="Table_33_gtsum_generation_missing_values_and_ADSL"/>
    <testcase time="1.002" classname="fda_table_33" name="Table_33_gtsum_generation_missing_values_and_ADSL"/>
    <testcase time="0.0210000000000008" classname="fda_table_33" name="Table_33_gtsum_generation_missing_values_and_ADSL">
      <skipped message="Reason: On CRAN ('test-fda-table_33.R:85:3')"/>
    </testcase>
  </testsuite>
  <testsuite name="fda-table_34" timestamp="2024-04-24T23:40:59Z" hostname="e5aa52b44914" tests="12" skipped="3" failures="0" errors="0" time="4.489">
    <testcase time="0.0200000000000031" classname="fda_table_34" name="Table_34_generation_works_with_default_values"/>
    <testcase time="0.0259999999999962" classname="fda_table_34" name="Table_34_generation_works_with_default_values"/>
    <testcase time="1.22000000000001" classname="fda_table_34" name="Table_34_generation_works_with_default_values"/>
    <testcase time="0.186999999999998" classname="fda_table_34" name="Table_34_generation_works_with_default_values">
      <skipped message="Reason: On CRAN ('test-fda-table_34.R:17:3')"/>
    </testcase>
    <testcase time="0.0140000000000029" classname="fda_table_34" name="Table_34_generation_works_with_custom_values"/>
    <testcase time="0.0239999999999938" classname="fda_table_34" name="Table_34_generation_works_with_custom_values"/>
    <testcase time="1.209" classname="fda_table_34" name="Table_34_generation_works_with_custom_values"/>
    <testcase time="0.0650000000000048" classname="fda_table_34" name="Table_34_generation_works_with_custom_values">
      <skipped message="Reason: On CRAN ('test-fda-table_34.R:49:3')"/>
    </testcase>
    <testcase time="0.0129999999999981" classname="fda_table_34" name="Table_34_generation_works_with_risk_difference_column"/>
    <testcase time="0.027000000000001" classname="fda_table_34" name="Table_34_generation_works_with_risk_difference_column"/>
    <testcase time="1.47599999999999" classname="fda_table_34" name="Table_34_generation_works_with_risk_difference_column"/>
    <testcase time="0.208000000000013" classname="fda_table_34" name="Table_34_generation_works_with_risk_difference_column">
      <skipped message="Reason: On CRAN ('test-fda-table_34.R:57:3')"/>
    </testcase>
  </testsuite>
  <testsuite name="fda-table_35" timestamp="2024-04-24T23:41:04Z" hostname="e5aa52b44914" tests="20" skipped="5" failures="0" errors="0" time="0.922">
    <testcase time="0.0179999999999865" classname="fda_table_35" name="Table_35_generation_works_with_default_values"/>
    <testcase time="0.034000000000006" classname="fda_table_35" name="Table_35_generation_works_with_default_values"/>
    <testcase time="0.0769999999999982" classname="fda_table_35" name="Table_35_generation_works_with_default_values"/>
    <testcase time="0.0379999999999967" classname="fda_table_35" name="Table_35_generation_works_with_default_values">
      <skipped message="Reason: On CRAN ('test-fda-table_35.R:8:3')"/>
    </testcase>
    <testcase time="0.0130000000000052" classname="fda_table_35" name="Table_35_generation_works_with_custom_values"/>
    <testcase time="0.034000000000006" classname="fda_table_35" name="Table_35_generation_works_with_custom_values"/>
    <testcase time="0.0789999999999935" classname="fda_table_35" name="Table_35_generation_works_with_custom_values"/>
    <testcase time="0.0550000000000068" classname="fda_table_35" name="Table_35_generation_works_with_custom_values">
      <skipped message="Reason: On CRAN ('test-fda-table_35.R:39:3')"/>
    </testcase>
    <testcase time="0.012999999999991" classname="fda_table_35" name="Table_35_generation_works_with_risk_difference_column"/>
    <testcase time="0.034000000000006" classname="fda_table_35" name="Table_35_generation_works_with_risk_difference_column"/>
    <testcase time="0.0799999999999983" classname="fda_table_35" name="Table_35_generation_works_with_risk_difference_column"/>
    <testcase time="0.0529999999999973" classname="fda_table_35" name="Table_35_generation_works_with_risk_difference_column">
      <skipped message="Reason: On CRAN ('test-fda-table_35.R:47:3')"/>
    </testcase>
    <testcase time="0.0409999999999968" classname="fda_table_35" name="Table_35_generation_works_with_some_NA_values"/>
    <testcase time="0.0330000000000013" classname="fda_table_35" name="Table_35_generation_works_with_some_NA_values"/>
    <testcase time="0.0660000000000025" classname="fda_table_35" name="Table_35_generation_works_with_some_NA_values"/>
    <testcase time="0.0480000000000018" classname="fda_table_35" name="Table_35_generation_works_with_some_NA_values">
      <skipped message="Reason: On CRAN ('test-fda-table_35.R:58:3')"/>
    </testcase>
    <testcase time="0.0130000000000052" classname="fda_table_35" name="Table_35_generation_works_with_custom_values_SOC_variable_and_label_"/>
    <testcase time="0.0339999999999918" classname="fda_table_35" name="Table_35_generation_works_with_custom_values_SOC_variable_and_label_"/>
    <testcase time="0.0910000000000082" classname="fda_table_35" name="Table_35_generation_works_with_custom_values_SOC_variable_and_label_"/>
    <testcase time="0.0679999999999978" classname="fda_table_35" name="Table_35_generation_works_with_custom_values_SOC_variable_and_label_">
      <skipped message="Reason: On CRAN ('test-fda-table_35.R:71:3')"/>
    </testcase>
  </testsuite>
  <testsuite name="fda-table_36" timestamp="2024-04-24T23:41:05Z" hostname="e5aa52b44914" tests="15" skipped="5" failures="0" errors="0" time="3.598">
    <testcase time="0.0480000000000018" classname="fda_table_36" name="Table_36_generation_works_with_default_values"/>
    <testcase time="0.530999999999992" classname="fda_table_36" name="Table_36_generation_works_with_default_values"/>
    <testcase time="0.179000000000002" classname="fda_table_36" name="Table_36_generation_works_with_default_values">
      <skipped message="Reason: On CRAN ('test-fda-table_36.R:8:3')"/>
    </testcase>
    <testcase time="0.0430000000000064" classname="fda_table_36" name="Table_36_generation_works_with_custom_values"/>
    <testcase time="0.378999999999991" classname="fda_table_36" name="Table_36_generation_works_with_custom_values"/>
    <testcase time="0.203000000000003" classname="fda_table_36" name="Table_36_generation_works_with_custom_values">
      <skipped message="Reason: On CRAN ('test-fda-table_36.R:39:3')"/>
    </testcase>
    <testcase time="0.0430000000000064" classname="fda_table_36" name="Table_36_generation_works_with_risk_difference_column"/>
    <testcase time="0.399000000000001" classname="fda_table_36" name="Table_36_generation_works_with_risk_difference_column"/>
    <testcase time="0.209999999999994" classname="fda_table_36" name="Table_36_generation_works_with_risk_difference_column">
      <skipped message="Reason: On CRAN ('test-fda-table_36.R:47:3')"/>
    </testcase>
    <testcase time="0.0439999999999969" classname="fda_table_36" name="Table_36_generation_works_with_some_NA_values"/>
    <testcase time="0.316000000000003" classname="fda_table_36" name="Table_36_generation_works_with_some_NA_values"/>
    <testcase time="0.182000000000002" classname="fda_table_36" name="Table_36_generation_works_with_some_NA_values">
      <skipped message="Reason: On CRAN ('test-fda-table_36.R:57:3')"/>
    </testcase>
    <testcase time="0.0489999999999924" classname="fda_table_36" name="Table_36_generation_works_with_custom_values_SOC_variable_and_label_"/>
    <testcase time="0.629000000000005" classname="fda_table_36" name="Table_36_generation_works_with_custom_values_SOC_variable_and_label_"/>
    <testcase time="0.343000000000004" classname="fda_table_36" name="Table_36_generation_works_with_custom_values_SOC_variable_and_label_">
      <skipped message="Reason: On CRAN ('test-fda-table_36.R:70:3')"/>
    </testcase>
  </testsuite>
  <testsuite name="fda-table_38" timestamp="2024-04-24T23:41:08Z" hostname="e5aa52b44914" tests="12" skipped="3" failures="0" errors="0" time="2.241">
    <testcase time="0.019999999999996" classname="fda_table_38" name="Table_38_generation_works_with_default_values"/>
    <testcase time="0.0250000000000057" classname="fda_table_38" name="Table_38_generation_works_with_default_values"/>
    <testcase time="0.347999999999999" classname="fda_table_38" name="Table_38_generation_works_with_default_values"/>
    <testcase time="0.085000000000008" classname="fda_table_38" name="Table_38_generation_works_with_default_values">
      <skipped message="Reason: On CRAN ('test-fda-table_38.R:18:3')"/>
    </testcase>
    <testcase time="0.0130000000000052" classname="fda_table_38" name="Table_38_generation_works_with_custom_values"/>
    <testcase time="0.0309999999999917" classname="fda_table_38" name="Table_38_generation_works_with_custom_values"/>
    <testcase time="0.936999999999998" classname="fda_table_38" name="Table_38_generation_works_with_custom_values"/>
    <testcase time="0.219000000000008" classname="fda_table_38" name="Table_38_generation_works_with_custom_values">
      <skipped message="Reason: On CRAN ('test-fda-table_38.R:48:3')"/>
    </testcase>
    <testcase time="0.019999999999996" classname="fda_table_38" name="Table_38_generation_works_with_risk_difference_column"/>
    <testcase time="0.0259999999999962" classname="fda_table_38" name="Table_38_generation_works_with_risk_difference_column"/>
    <testcase time="0.430000000000007" classname="fda_table_38" name="Table_38_generation_works_with_risk_difference_column"/>
    <testcase time="0.0870000000000033" classname="fda_table_38" name="Table_38_generation_works_with_risk_difference_column">
      <skipped message="Reason: On CRAN ('test-fda-table_38.R:56:3')"/>
    </testcase>
  </testsuite>
</testsuites>
