<?xml version="1.0" encoding="UTF-8"?>
<testsuites>
  <testsuite name="fda-fig_01" timestamp="2025-06-12T06:11:52Z" hostname="f110a838062d" tests="8" skipped="4" failures="0" errors="0" time="1.66">
    <testcase time="0.0409999999999999" classname="fda_fig_01" name="Figure_01_generation_works_with_default_values"/>
    <testcase time="0.551" classname="fda_fig_01" name="Figure_01_generation_works_with_default_values">
      <skipped message="Reason: On CI ('test-fda-fig_01.R:12:3')"/>
    </testcase>
    <testcase time="0.0369999999999999" classname="fda_fig_01" name="Figure_01_generation_works_with_no_table"/>
    <testcase time="0.0489999999999999" classname="fda_fig_01" name="Figure_01_generation_works_with_no_table">
      <skipped message="Reason: On CI ('test-fda-fig_01.R:21:3')"/>
    </testcase>
    <testcase time="0.0289999999999999" classname="fda_fig_01" name="Figure_01_generation_works_with_custom_values"/>
    <testcase time="0.533" classname="fda_fig_01" name="Figure_01_generation_works_with_custom_values">
      <skipped message="Reason: On CI ('test-fda-fig_01.R:37:3')"/>
    </testcase>
    <testcase time="0.0150000000000001" classname="fda_fig_01" name="Figure_01_generation_works_with_ggtheme_argument_specified"/>
    <testcase time="0.405" classname="fda_fig_01" name="Figure_01_generation_works_with_ggtheme_argument_specified">
      <skipped message="Reason: On CI ('test-fda-fig_01.R:49:3')"/>
    </testcase>
  </testsuite>
  <testsuite name="fda-fig_02" timestamp="2025-06-12T06:11:54Z" hostname="f110a838062d" tests="8" skipped="4" failures="0" errors="0" time="1.303">
    <testcase time="0.024" classname="fda_fig_02" name="Figure_02_generation_works_with_default_values"/>
    <testcase time="0.383" classname="fda_fig_02" name="Figure_02_generation_works_with_default_values">
      <skipped message="Reason: On CI ('test-fda-fig_02.R:11:3')"/>
    </testcase>
    <testcase time="0.0139999999999993" classname="fda_fig_02" name="Figure_02_generation_works_with_no_table"/>
    <testcase time="0.0300000000000002" classname="fda_fig_02" name="Figure_02_generation_works_with_no_table">
      <skipped message="Reason: On CI ('test-fda-fig_02.R:20:3')"/>
    </testcase>
    <testcase time="0.0200000000000005" classname="fda_fig_02" name="Figure_02_generation_works_with_custom_values"/>
    <testcase time="0.423999999999999" classname="fda_fig_02" name="Figure_02_generation_works_with_custom_values">
      <skipped message="Reason: On CI ('test-fda-fig_02.R:36:3')"/>
    </testcase>
    <testcase time="0.0140000000000002" classname="fda_fig_02" name="Figure_02_generation_works_with_ggtheme_argument_specified"/>
    <testcase time="0.394" classname="fda_fig_02" name="Figure_02_generation_works_with_ggtheme_argument_specified">
      <skipped message="Reason: On CI ('test-fda-fig_02.R:48:3')"/>
    </testcase>
  </testsuite>
  <testsuite name="fda-fig_03" timestamp="2025-06-12T06:11:55Z" hostname="f110a838062d" tests="8" skipped="4" failures="0" errors="0" time="2.369">
    <testcase time="0.0279999999999996" classname="fda_fig_03" name="Figure_03_generation_works_with_default_values"/>
    <testcase time="0.653" classname="fda_fig_03" name="Figure_03_generation_works_with_default_values">
      <skipped message="Reason: On CI ('test-fda-fig_03.R:9:3')"/>
    </testcase>
    <testcase time="0.0149999999999997" classname="fda_fig_03" name="Figure_03_generation_works_with_no_table"/>
    <testcase time="0.295" classname="fda_fig_03" name="Figure_03_generation_works_with_no_table">
      <skipped message="Reason: On CI ('test-fda-fig_03.R:18:3')"/>
    </testcase>
    <testcase time="0.0150000000000006" classname="fda_fig_03" name="Figure_03_generation_works_with_custom_values"/>
    <testcase time="0.731999999999999" classname="fda_fig_03" name="Figure_03_generation_works_with_custom_values">
      <skipped message="Reason: On CI ('test-fda-fig_03.R:35:3')"/>
    </testcase>
    <testcase time="0.0220000000000002" classname="fda_fig_03" name="Figure_03_generation_works_with_ggtheme_argument_specified"/>
    <testcase time="0.609" classname="fda_fig_03" name="Figure_03_generation_works_with_ggtheme_argument_specified">
      <skipped message="Reason: On CI ('test-fda-fig_03.R:48:3')"/>
    </testcase>
  </testsuite>
  <testsuite name="fda-fig_14" timestamp="2025-06-12T06:11:57Z" hostname="f110a838062d" tests="8" skipped="4" failures="0" errors="0" time="2.278">
    <testcase time="0.0170000000000003" classname="fda_fig_14" name="Figure_14_generation_works_with_default_values"/>
    <testcase time="0.736" classname="fda_fig_14" name="Figure_14_generation_works_with_default_values">
      <skipped message="Reason: On CI ('test-fda-fig_14.R:7:3')"/>
    </testcase>
    <testcase time="0.0150000000000006" classname="fda_fig_14" name="Figure_14_generation_works_with_no_table"/>
    <testcase time="0.0510000000000002" classname="fda_fig_14" name="Figure_14_generation_works_with_no_table">
      <skipped message="Reason: On CI ('test-fda-fig_14.R:16:3')"/>
    </testcase>
    <testcase time="0.0190000000000001" classname="fda_fig_14" name="Figure_14_generation_works_with_custom_values"/>
    <testcase time="0.670999999999999" classname="fda_fig_14" name="Figure_14_generation_works_with_custom_values">
      <skipped message="Reason: On CI ('test-fda-fig_14.R:40:3')"/>
    </testcase>
    <testcase time="0.0139999999999993" classname="fda_fig_14" name="Figure_14_generation_works_with_ggtheme_argument_specified"/>
    <testcase time="0.755000000000001" classname="fda_fig_14" name="Figure_14_generation_works_with_ggtheme_argument_specified">
      <skipped message="Reason: On CI ('test-fda-fig_14.R:52:3')"/>
    </testcase>
  </testsuite>
  <testsuite name="fda-table_03" timestamp="2025-06-12T06:11:59Z" hostname="f110a838062d" tests="8" skipped="2" failures="0" errors="0" time="0.904">
    <testcase time="0.0199999999999996" classname="fda_table_03" name="Table_3_generation_works_with_default_values"/>
    <testcase time="0.000999999999999446" classname="fda_table_03" name="Table_3_generation_works_with_default_values"/>
    <testcase time="0.341000000000001" classname="fda_table_03" name="Table_3_generation_works_with_default_values"/>
    <testcase time="0.0839999999999996" classname="fda_table_03" name="Table_3_generation_works_with_default_values">
      <skipped message="Reason: On CRAN ('test-fda-table_03.R:21:3')"/>
    </testcase>
    <testcase time="0.0150000000000006" classname="fda_table_03" name="Table_3_generation_works_with_custom_values"/>
    <testcase time="0.000999999999999446" classname="fda_table_03" name="Table_3_generation_works_with_custom_values"/>
    <testcase time="0.282" classname="fda_table_03" name="Table_3_generation_works_with_custom_values"/>
    <testcase time="0.16" classname="fda_table_03" name="Table_3_generation_works_with_custom_values">
      <skipped message="Reason: On CRAN ('test-fda-table_03.R:41:3')"/>
    </testcase>
  </testsuite>
  <testsuite name="fda-table_04" timestamp="2025-06-12T06:12:00Z" hostname="f110a838062d" tests="9" skipped="2" failures="0" errors="0" time="0.734">
    <testcase time="0.0220000000000002" classname="fda_table_04" name="Table_04_generation_works_with_default_values"/>
    <testcase time="0.244" classname="fda_table_04" name="Table_04_generation_works_with_default_values"/>
    <testcase time="0.0969999999999995" classname="fda_table_04" name="Table_04_generation_works_with_default_values">
      <skipped message="Reason: On CRAN ('test-fda-table_04.R:17:3')"/>
    </testcase>
    <testcase time="0.0150000000000006" classname="fda_table_04" name="Table_04_generation_works_with_custom_values"/>
    <testcase time="0.000999999999999446" classname="fda_table_04" name="Table_04_generation_works_with_custom_values"/>
    <testcase time="0.00200000000000067" classname="fda_table_04" name="Table_04_generation_works_with_custom_values"/>
    <testcase time="0.000999999999999446" classname="fda_table_04" name="Table_04_generation_works_with_custom_values"/>
    <testcase time="0.266999999999999" classname="fda_table_04" name="Table_04_generation_works_with_custom_values"/>
    <testcase time="0.0850000000000009" classname="fda_table_04" name="Table_04_generation_works_with_custom_values">
      <skipped message="Reason: On CRAN ('test-fda-table_04.R:45:3')"/>
    </testcase>
  </testsuite>
  <testsuite name="fda-table_07" timestamp="2025-06-12T06:12:01Z" hostname="f110a838062d" tests="24" skipped="4" failures="0" errors="0" time="2.01">
    <testcase time="0.020999999999999" classname="fda_table_07" name="Table_07_generation_works_with_default_values"/>
    <testcase time="0.00700000000000145" classname="fda_table_07" name="Table_07_generation_works_with_default_values"/>
    <testcase time="0.000999999999999446" classname="fda_table_07" name="Table_07_generation_works_with_default_values"/>
    <testcase time="0.0340000000000007" classname="fda_table_07" name="Table_07_generation_works_with_default_values"/>
    <testcase time="0.25" classname="fda_table_07" name="Table_07_generation_works_with_default_values"/>
    <testcase time="0.129999999999999" classname="fda_table_07" name="Table_07_generation_works_with_default_values">
      <skipped message="Reason: On CRAN ('test-fda-table_07.R:13:3')"/>
    </testcase>
    <testcase time="0.0139999999999993" classname="fda_table_07" name="Table_07_generation_works_with_custom_values"/>
    <testcase time="0.00200000000000067" classname="fda_table_07" name="Table_07_generation_works_with_custom_values"/>
    <testcase time="0.000999999999999446" classname="fda_table_07" name="Table_07_generation_works_with_custom_values"/>
    <testcase time="0.0340000000000007" classname="fda_table_07" name="Table_07_generation_works_with_custom_values"/>
    <testcase time="0.364000000000001" classname="fda_table_07" name="Table_07_generation_works_with_custom_values"/>
    <testcase time="0.151999999999999" classname="fda_table_07" name="Table_07_generation_works_with_custom_values">
      <skipped message="Reason: On CRAN ('test-fda-table_07.R:42:3')"/>
    </testcase>
    <testcase time="0.0139999999999993" classname="fda_table_07" name="Table_07_generation_works_with_NA_values_pruned_rows"/>
    <testcase time="0.00100000000000122" classname="fda_table_07" name="Table_07_generation_works_with_NA_values_pruned_rows"/>
    <testcase time="0.00199999999999889" classname="fda_table_07" name="Table_07_generation_works_with_NA_values_pruned_rows"/>
    <testcase time="0.0310000000000006" classname="fda_table_07" name="Table_07_generation_works_with_NA_values_pruned_rows"/>
    <testcase time="0.255000000000001" classname="fda_table_07" name="Table_07_generation_works_with_NA_values_pruned_rows"/>
    <testcase time="0.126999999999999" classname="fda_table_07" name="Table_07_generation_works_with_NA_values_pruned_rows">
      <skipped message="Reason: On CRAN ('test-fda-table_07.R:52:3')"/>
    </testcase>
    <testcase time="0.0140000000000011" classname="fda_table_07" name="Table_07_generation_works_with_risk_difference_column"/>
    <testcase time="0.000999999999999446" classname="fda_table_07" name="Table_07_generation_works_with_risk_difference_column"/>
    <testcase time="0.00100000000000122" classname="fda_table_07" name="Table_07_generation_works_with_risk_difference_column"/>
    <testcase time="0.0409999999999986" classname="fda_table_07" name="Table_07_generation_works_with_risk_difference_column"/>
    <testcase time="0.364000000000001" classname="fda_table_07" name="Table_07_generation_works_with_risk_difference_column"/>
    <testcase time="0.148999999999999" classname="fda_table_07" name="Table_07_generation_works_with_risk_difference_column">
      <skipped message="Reason: On CRAN ('test-fda-table_07.R:65:3')"/>
    </testcase>
  </testsuite>
  <testsuite name="fda-table_08" timestamp="2025-06-12T06:12:03Z" hostname="f110a838062d" tests="8" skipped="2" failures="0" errors="0" time="0.487">
    <testcase time="0.0190000000000001" classname="fda_table_08" name="Table_08_generation_works_with_default_values"/>
    <testcase time="0.00100000000000122" classname="fda_table_08" name="Table_08_generation_works_with_default_values"/>
    <testcase time="0.032" classname="fda_table_08" name="Table_08_generation_works_with_default_values"/>
    <testcase time="0.171999999999999" classname="fda_table_08" name="Table_08_generation_works_with_default_values">
      <skipped message="Reason: On CRAN ('test-fda-table_08.R:10:3')"/>
    </testcase>
    <testcase time="0.0140000000000011" classname="fda_table_08" name="Table_08_generation_works_with_custom_values"/>
    <testcase time="0.000999999999999446" classname="fda_table_08" name="Table_08_generation_works_with_custom_values"/>
    <testcase time="0.0269999999999992" classname="fda_table_08" name="Table_08_generation_works_with_custom_values"/>
    <testcase time="0.221" classname="fda_table_08" name="Table_08_generation_works_with_custom_values">
      <skipped message="Reason: On CRAN ('test-fda-table_08.R:31:3')"/>
    </testcase>
  </testsuite>
  <testsuite name="fda-table_13" timestamp="2025-06-12T06:12:04Z" hostname="f110a838062d" tests="12" skipped="3" failures="0" errors="0" time="0.786">
    <testcase time="0.0180000000000007" classname="fda_table_13" name="Table_13_generation_works_with_default_values"/>
    <testcase time="0.0380000000000003" classname="fda_table_13" name="Table_13_generation_works_with_default_values"/>
    <testcase time="0.119999999999999" classname="fda_table_13" name="Table_13_generation_works_with_default_values"/>
    <testcase time="0.0760000000000005" classname="fda_table_13" name="Table_13_generation_works_with_default_values">
      <skipped message="Reason: On CRAN ('test-fda-table_13.R:8:3')"/>
    </testcase>
    <testcase time="0.0139999999999993" classname="fda_table_13" name="Table_13_generation_works_with_custom_values"/>
    <testcase time="0.0380000000000003" classname="fda_table_13" name="Table_13_generation_works_with_custom_values"/>
    <testcase time="0.138" classname="fda_table_13" name="Table_13_generation_works_with_custom_values"/>
    <testcase time="0.0700000000000003" classname="fda_table_13" name="Table_13_generation_works_with_custom_values">
      <skipped message="Reason: On CRAN ('test-fda-table_13.R:38:3')"/>
    </testcase>
    <testcase time="0.0139999999999993" classname="fda_table_13" name="Table_13_generation_works_with_risk_difference_column"/>
    <testcase time="0.0380000000000003" classname="fda_table_13" name="Table_13_generation_works_with_risk_difference_column"/>
    <testcase time="0.140000000000001" classname="fda_table_13" name="Table_13_generation_works_with_risk_difference_column"/>
    <testcase time="0.0820000000000007" classname="fda_table_13" name="Table_13_generation_works_with_risk_difference_column">
      <skipped message="Reason: On CRAN ('test-fda-table_13.R:46:3')"/>
    </testcase>
  </testsuite>
  <testsuite name="fda-table_15" timestamp="2025-06-12T06:12:04Z" hostname="f110a838062d" tests="16" skipped="4" failures="0" errors="0" time="1.615">
    <testcase time="0.0199999999999996" classname="fda_table_15" name="Table_15_generation_works_with_default_values"/>
    <testcase time="0.0459999999999994" classname="fda_table_15" name="Table_15_generation_works_with_default_values"/>
    <testcase time="0.231" classname="fda_table_15" name="Table_15_generation_works_with_default_values"/>
    <testcase time="0.113" classname="fda_table_15" name="Table_15_generation_works_with_default_values">
      <skipped message="Reason: On CRAN ('test-fda-table_15.R:19:3')"/>
    </testcase>
    <testcase time="0.0140000000000011" classname="fda_table_15" name="Table_15_generation_works_with_custom_values"/>
    <testcase time="0.0329999999999995" classname="fda_table_15" name="Table_15_generation_works_with_custom_values"/>
    <testcase time="0.218999999999999" classname="fda_table_15" name="Table_15_generation_works_with_custom_values"/>
    <testcase time="0.112" classname="fda_table_15" name="Table_15_generation_works_with_custom_values">
      <skipped message="Reason: On CRAN ('test-fda-table_15.R:51:3')"/>
    </testcase>
    <testcase time="0.0140000000000011" classname="fda_table_15" name="Table_15_generation_works_with_NA_values_pruned_rows"/>
    <testcase time="0.0339999999999989" classname="fda_table_15" name="Table_15_generation_works_with_NA_values_pruned_rows"/>
    <testcase time="0.229000000000001" classname="fda_table_15" name="Table_15_generation_works_with_NA_values_pruned_rows"/>
    <testcase time="0.101000000000001" classname="fda_table_15" name="Table_15_generation_works_with_NA_values_pruned_rows">
      <skipped message="Reason: On CRAN ('test-fda-table_15.R:58:3')"/>
    </testcase>
    <testcase time="0.0209999999999972" classname="fda_table_15" name="Table_15_generation_works_with_risk_difference_column"/>
    <testcase time="0.0400000000000027" classname="fda_table_15" name="Table_15_generation_works_with_risk_difference_column"/>
    <testcase time="0.259" classname="fda_table_15" name="Table_15_generation_works_with_risk_difference_column"/>
    <testcase time="0.128999999999998" classname="fda_table_15" name="Table_15_generation_works_with_risk_difference_column">
      <skipped message="Reason: On CRAN ('test-fda-table_15.R:66:3')"/>
    </testcase>
  </testsuite>
  <testsuite name="fda-table_16" timestamp="2025-06-12T06:12:06Z" hostname="f110a838062d" tests="16" skipped="4" failures="0" errors="0" time="1.438">
    <testcase time="0.0199999999999996" classname="fda_table_16" name="Table_16_generation_works_with_default_values"/>
    <testcase time="0.0370000000000026" classname="fda_table_16" name="Table_16_generation_works_with_default_values"/>
    <testcase time="0.221999999999998" classname="fda_table_16" name="Table_16_generation_works_with_default_values"/>
    <testcase time="0.0570000000000022" classname="fda_table_16" name="Table_16_generation_works_with_default_values">
      <skipped message="Reason: On CRAN ('test-fda-table_16.R:19:3')"/>
    </testcase>
    <testcase time="0.0139999999999993" classname="fda_table_16" name="Table_16_generation_works_with_custom_values"/>
    <testcase time="0.0569999999999986" classname="fda_table_16" name="Table_16_generation_works_with_custom_values"/>
    <testcase time="0.224" classname="fda_table_16" name="Table_16_generation_works_with_custom_values"/>
    <testcase time="0.0629999999999988" classname="fda_table_16" name="Table_16_generation_works_with_custom_values">
      <skipped message="Reason: On CRAN ('test-fda-table_16.R:51:3')"/>
    </testcase>
    <testcase time="0.0150000000000006" classname="fda_table_16" name="Table_16_generation_works_with_NA_values_pruned_rows"/>
    <testcase time="0.0450000000000017" classname="fda_table_16" name="Table_16_generation_works_with_NA_values_pruned_rows"/>
    <testcase time="0.231999999999999" classname="fda_table_16" name="Table_16_generation_works_with_NA_values_pruned_rows"/>
    <testcase time="0.0569999999999986" classname="fda_table_16" name="Table_16_generation_works_with_NA_values_pruned_rows">
      <skipped message="Reason: On CRAN ('test-fda-table_16.R:58:3')"/>
    </testcase>
    <testcase time="0.0140000000000029" classname="fda_table_16" name="Table_16_generation_works_with_risk_difference_column"/>
    <testcase time="0.0439999999999969" classname="fda_table_16" name="Table_16_generation_works_with_risk_difference_column"/>
    <testcase time="0.257000000000001" classname="fda_table_16" name="Table_16_generation_works_with_risk_difference_column"/>
    <testcase time="0.0800000000000018" classname="fda_table_16" name="Table_16_generation_works_with_risk_difference_column">
      <skipped message="Reason: On CRAN ('test-fda-table_16.R:66:3')"/>
    </testcase>
  </testsuite>
  <testsuite name="fda-table_17" timestamp="2025-06-12T06:12:07Z" hostname="f110a838062d" tests="16" skipped="4" failures="0" errors="0" time="2.398">
    <testcase time="0.0209999999999972" classname="fda_table_17" name="Table_17_generation_works_with_default_values"/>
    <testcase time="0.0350000000000001" classname="fda_table_17" name="Table_17_generation_works_with_default_values"/>
    <testcase time="0.337" classname="fda_table_17" name="Table_17_generation_works_with_default_values"/>
    <testcase time="0.179000000000002" classname="fda_table_17" name="Table_17_generation_works_with_default_values">
      <skipped message="Reason: On CRAN ('test-fda-table_17.R:25:3')"/>
    </testcase>
    <testcase time="0.0139999999999993" classname="fda_table_17" name="Table_17_generation_works_with_custom_values"/>
    <testcase time="0.0420000000000016" classname="fda_table_17" name="Table_17_generation_works_with_custom_values"/>
    <testcase time="0.340999999999998" classname="fda_table_17" name="Table_17_generation_works_with_custom_values"/>
    <testcase time="0.179000000000002" classname="fda_table_17" name="Table_17_generation_works_with_custom_values">
      <skipped message="Reason: On CRAN ('test-fda-table_17.R:57:3')"/>
    </testcase>
    <testcase time="0.0139999999999993" classname="fda_table_17" name="Table_17_generation_works_with_NA_values_pruned_rows"/>
    <testcase time="0.0359999999999978" classname="fda_table_17" name="Table_17_generation_works_with_NA_values_pruned_rows"/>
    <testcase time="0.336000000000002" classname="fda_table_17" name="Table_17_generation_works_with_NA_values_pruned_rows"/>
    <testcase time="0.178999999999998" classname="fda_table_17" name="Table_17_generation_works_with_NA_values_pruned_rows">
      <skipped message="Reason: On CRAN ('test-fda-table_17.R:64:3')"/>
    </testcase>
    <testcase time="0.0139999999999993" classname="fda_table_17" name="Table_17_generation_works_with_risk_difference_column"/>
    <testcase time="0.049000000000003" classname="fda_table_17" name="Table_17_generation_works_with_risk_difference_column"/>
    <testcase time="0.393999999999998" classname="fda_table_17" name="Table_17_generation_works_with_risk_difference_column"/>
    <testcase time="0.228000000000002" classname="fda_table_17" name="Table_17_generation_works_with_risk_difference_column">
      <skipped message="Reason: On CRAN ('test-fda-table_17.R:72:3')"/>
    </testcase>
  </testsuite>
  <testsuite name="fda-table_18" timestamp="2025-06-12T06:12:10Z" hostname="f110a838062d" tests="16" skipped="4" failures="0" errors="0" time="2.005">
    <testcase time="0.0199999999999996" classname="fda_table_18" name="Table_18_generation_works_with_default_values"/>
    <testcase time="0.032" classname="fda_table_18" name="Table_18_generation_works_with_default_values"/>
    <testcase time="0.341999999999999" classname="fda_table_18" name="Table_18_generation_works_with_default_values"/>
    <testcase time="0.0850000000000009" classname="fda_table_18" name="Table_18_generation_works_with_default_values">
      <skipped message="Reason: On CRAN ('test-fda-table_18.R:25:3')"/>
    </testcase>
    <testcase time="0.0199999999999996" classname="fda_table_18" name="Table_18_generation_works_with_custom_values"/>
    <testcase time="0.0360000000000014" classname="fda_table_18" name="Table_18_generation_works_with_custom_values"/>
    <testcase time="0.338999999999999" classname="fda_table_18" name="Table_18_generation_works_with_custom_values"/>
    <testcase time="0.0790000000000006" classname="fda_table_18" name="Table_18_generation_works_with_custom_values">
      <skipped message="Reason: On CRAN ('test-fda-table_18.R:57:3')"/>
    </testcase>
    <testcase time="0.0139999999999993" classname="fda_table_18" name="Table_18_generation_works_with_NA_values_pruned_rows"/>
    <testcase time="0.0480000000000018" classname="fda_table_18" name="Table_18_generation_works_with_NA_values_pruned_rows"/>
    <testcase time="0.344999999999999" classname="fda_table_18" name="Table_18_generation_works_with_NA_values_pruned_rows"/>
    <testcase time="0.0779999999999994" classname="fda_table_18" name="Table_18_generation_works_with_NA_values_pruned_rows">
      <skipped message="Reason: On CRAN ('test-fda-table_18.R:64:3')"/>
    </testcase>
    <testcase time="0.0139999999999993" classname="fda_table_18" name="Table_18_generation_works_with_risk_difference_column"/>
    <testcase time="0.0450000000000017" classname="fda_table_18" name="Table_18_generation_works_with_risk_difference_column"/>
    <testcase time="0.402999999999999" classname="fda_table_18" name="Table_18_generation_works_with_risk_difference_column"/>
    <testcase time="0.105" classname="fda_table_18" name="Table_18_generation_works_with_risk_difference_column">
      <skipped message="Reason: On CRAN ('test-fda-table_18.R:72:3')"/>
    </testcase>
  </testsuite>
  <testsuite name="fda-table_20" timestamp="2025-06-12T06:12:12Z" hostname="f110a838062d" tests="24" skipped="4" failures="0" errors="0" time="2.351">
    <testcase time="0.0210000000000008" classname="fda_table_20" name="Table_20_generation_works_with_default_values"/>
    <testcase time="0.000999999999997669" classname="fda_table_20" name="Table_20_generation_works_with_default_values"/>
    <testcase time="0.00100000000000122" classname="fda_table_20" name="Table_20_generation_works_with_default_values"/>
    <testcase time="0.0350000000000001" classname="fda_table_20" name="Table_20_generation_works_with_default_values"/>
    <testcase time="0.359000000000002" classname="fda_table_20" name="Table_20_generation_works_with_default_values"/>
    <testcase time="0.108999999999998" classname="fda_table_20" name="Table_20_generation_works_with_default_values">
      <skipped message="Reason: On CRAN ('test-fda-table_20.R:17:3')"/>
    </testcase>
    <testcase time="0.0139999999999993" classname="fda_table_20" name="Table_20_generation_works_with_custom_values"/>
    <testcase time="0.00200000000000244" classname="fda_table_20" name="Table_20_generation_works_with_custom_values"/>
    <testcase time="0.000999999999997669" classname="fda_table_20" name="Table_20_generation_works_with_custom_values"/>
    <testcase time="0.0350000000000001" classname="fda_table_20" name="Table_20_generation_works_with_custom_values"/>
    <testcase time="0.515000000000001" classname="fda_table_20" name="Table_20_generation_works_with_custom_values"/>
    <testcase time="0.110999999999997" classname="fda_table_20" name="Table_20_generation_works_with_custom_values">
      <skipped message="Reason: On CRAN ('test-fda-table_20.R:65:3')"/>
    </testcase>
    <testcase time="0.0200000000000031" classname="fda_table_20" name="Table_20_generation_works_with_missing_values_pruned_rows"/>
    <testcase time="0.00199999999999889" classname="fda_table_20" name="Table_20_generation_works_with_missing_values_pruned_rows"/>
    <testcase time="0.00199999999999889" classname="fda_table_20" name="Table_20_generation_works_with_missing_values_pruned_rows"/>
    <testcase time="0.0429999999999993" classname="fda_table_20" name="Table_20_generation_works_with_missing_values_pruned_rows"/>
    <testcase time="0.350000000000001" classname="fda_table_20" name="Table_20_generation_works_with_missing_values_pruned_rows"/>
    <testcase time="0.0899999999999999" classname="fda_table_20" name="Table_20_generation_works_with_missing_values_pruned_rows">
      <skipped message="Reason: On CRAN ('test-fda-table_20.R:74:3')"/>
    </testcase>
    <testcase time="0.0210000000000008" classname="fda_table_20" name="Table_20_generation_works_with_risk_difference_column"/>
    <testcase time="0.00199999999999889" classname="fda_table_20" name="Table_20_generation_works_with_risk_difference_column"/>
    <testcase time="0.00100000000000122" classname="fda_table_20" name="Table_20_generation_works_with_risk_difference_column"/>
    <testcase time="0.0449999999999982" classname="fda_table_20" name="Table_20_generation_works_with_risk_difference_column"/>
    <testcase time="0.458000000000002" classname="fda_table_20" name="Table_20_generation_works_with_risk_difference_column"/>
    <testcase time="0.113" classname="fda_table_20" name="Table_20_generation_works_with_risk_difference_column">
      <skipped message="Reason: On CRAN ('test-fda-table_20.R:82:3')"/>
    </testcase>
  </testsuite>
  <testsuite name="fda-table_21" timestamp="2025-06-12T06:12:14Z" hostname="f110a838062d" tests="19" skipped="4" failures="0" errors="0" time="2.319">
    <testcase time="0.0279999999999987" classname="fda_table_21" name="Table_21_generation_works_with_default_values"/>
    <testcase time="0.00200000000000244" classname="fda_table_21" name="Table_21_generation_works_with_default_values"/>
    <testcase time="0.449999999999999" classname="fda_table_21" name="Table_21_generation_works_with_default_values"/>
    <testcase time="0.128999999999998" classname="fda_table_21" name="Table_21_generation_works_with_default_values">
      <skipped message="Reason: On CRAN ('test-fda-table_21.R:16:3')"/>
    </testcase>
    <testcase time="0.0140000000000029" classname="fda_table_21" name="Table_21_generation_works_with_custom_values_N_s_denominator_and_overall_column"/>
    <testcase time="0.000999999999997669" classname="fda_table_21" name="Table_21_generation_works_with_custom_values_N_s_denominator_and_overall_column"/>
    <testcase time="0.0689999999999991" classname="fda_table_21" name="Table_21_generation_works_with_custom_values_N_s_denominator_and_overall_column"/>
    <testcase time="0.533000000000001" classname="fda_table_21" name="Table_21_generation_works_with_custom_values_N_s_denominator_and_overall_column"/>
    <testcase time="0.343" classname="fda_table_21" name="Table_21_generation_works_with_custom_values_N_s_denominator_and_overall_column">
      <skipped message="Reason: On CRAN ('test-fda-table_21.R:28:3')"/>
    </testcase>
    <testcase time="0.0139999999999993" classname="fda_table_21" name="Table_21_generation_works_with_custom_values_N_col_denominator_and_no_overall_column"/>
    <testcase time="0.00200000000000244" classname="fda_table_21" name="Table_21_generation_works_with_custom_values_N_col_denominator_and_no_overall_column"/>
    <testcase time="0.0389999999999979" classname="fda_table_21" name="Table_21_generation_works_with_custom_values_N_col_denominator_and_no_overall_column"/>
    <testcase time="0.23" classname="fda_table_21" name="Table_21_generation_works_with_custom_values_N_col_denominator_and_no_overall_column"/>
    <testcase time="0.097999999999999" classname="fda_table_21" name="Table_21_generation_works_with_custom_values_N_col_denominator_and_no_overall_column">
      <skipped message="Reason: On CRAN ('test-fda-table_21.R:56:3')"/>
    </testcase>
    <testcase time="0.054000000000002" classname="fda_table_21" name="Table_21_generation_works_with_some_NA_values"/>
    <testcase time="0.00199999999999889" classname="fda_table_21" name="Table_21_generation_works_with_some_NA_values"/>
    <testcase time="0.036999999999999" classname="fda_table_21" name="Table_21_generation_works_with_some_NA_values"/>
    <testcase time="0.193000000000001" classname="fda_table_21" name="Table_21_generation_works_with_some_NA_values"/>
    <testcase time="0.0809999999999995" classname="fda_table_21" name="Table_21_generation_works_with_some_NA_values">
      <skipped message="Reason: On CRAN ('test-fda-table_21.R:76:3')"/>
    </testcase>
  </testsuite>
  <testsuite name="fda-table_22" timestamp="2025-06-12T06:12:17Z" hostname="f110a838062d" tests="8" skipped="4" failures="0" errors="0" time="1.953">
    <testcase time="0.417999999999999" classname="fda_table_22" name="Table_22_generation_works_with_default_values"/>
    <testcase time="0.117000000000001" classname="fda_table_22" name="Table_22_generation_works_with_default_values">
      <skipped message="Reason: On CRAN ('test-fda-table_22.R:21:3')"/>
    </testcase>
    <testcase time="0.538" classname="fda_table_22" name="Table_22_generation_works_with_custom_values_N_s_denominator_and_overall_column"/>
    <testcase time="0.123000000000001" classname="fda_table_22" name="Table_22_generation_works_with_custom_values_N_s_denominator_and_overall_column">
      <skipped message="Reason: On CRAN ('test-fda-table_22.R:33:3')"/>
    </testcase>
    <testcase time="0.288999999999998" classname="fda_table_22" name="Table_22_generation_works_with_custom_values_N_col_denominator_and_no_overall_column"/>
    <testcase time="0.100000000000001" classname="fda_table_22" name="Table_22_generation_works_with_custom_values_N_col_denominator_and_no_overall_column">
      <skipped message="Reason: On CRAN ('test-fda-table_22.R:61:3')"/>
    </testcase>
    <testcase time="0.285" classname="fda_table_22" name="Table_22_generation_works_with_some_NA_values"/>
    <testcase time="0.0829999999999984" classname="fda_table_22" name="Table_22_generation_works_with_some_NA_values">
      <skipped message="Reason: On CRAN ('test-fda-table_22.R:81:3')"/>
    </testcase>
  </testsuite>
</testsuites>
