<?xml version="1.0" encoding="UTF-8"?>
<testsuites>
  <testsuite name="table_02" timestamp="2023-10-11T18:05:51Z" hostname="47446f2f0dda" tests="30" skipped="10" failures="0" errors="0" time="20.079">
    <testcase time="0.106" classname="table_02" name="Table_02_generation_works_with_default_values"/>
    <testcase time="0.724" classname="table_02" name="Table_02_generation_works_with_default_values"/>
    <testcase time="0.362" classname="table_02" name="Table_02_generation_works_with_default_values">
      <skipped message="Reason: On CRAN ('test-table_02.R:16:3')"/>
    </testcase>
    <testcase time="0.106" classname="table_02" name="Table_02_generation_works_with_custom_values"/>
    <testcase time="0.571000000000001" classname="table_02" name="Table_02_generation_works_with_custom_values"/>
    <testcase time="0.354" classname="table_02" name="Table_02_generation_works_with_custom_values">
      <skipped message="Reason: On CRAN ('test-table_02.R:45:3')"/>
    </testcase>
    <testcase time="0.0829999999999993" classname="table_02" name="Table_02_generation_works_with_some_NA_values"/>
    <testcase time="0.141" classname="table_02" name="Table_02_generation_works_with_some_NA_values"/>
    <testcase time="0.0700000000000003" classname="table_02" name="Table_02_generation_works_with_some_NA_values">
      <skipped message="Reason: On CRAN ('test-table_02.R:57:3')"/>
    </testcase>
    <testcase time="0.0279999999999996" classname="table_02" name="Table_02_generation_tplyr_works_with_default_values"/>
    <testcase time="2.532" classname="table_02" name="Table_02_generation_tplyr_works_with_default_values"/>
    <testcase time="0.0469999999999988" classname="table_02" name="Table_02_generation_tplyr_works_with_default_values">
      <skipped message="Reason: On CRAN ('test-table_02.R:66:3')"/>
    </testcase>
    <testcase time="0.0400000000000009" classname="table_02" name="Table_02_generation_tplyr_works_with_tplyr_raw_TRUE"/>
    <testcase time="1.552" classname="table_02" name="Table_02_generation_tplyr_works_with_tplyr_raw_TRUE"/>
    <testcase time="0.0289999999999999" classname="table_02" name="Table_02_generation_tplyr_works_with_tplyr_raw_TRUE">
      <skipped message="Reason: On CRAN ('test-table_02.R:75:3')"/>
    </testcase>
    <testcase time="0.0649999999999995" classname="table_02" name="Table_02_generation_tplyr_works_with_custom_values"/>
    <testcase time="2.35" classname="table_02" name="Table_02_generation_tplyr_works_with_custom_values"/>
    <testcase time="0.0310000000000006" classname="table_02" name="Table_02_generation_tplyr_works_with_custom_values">
      <skipped message="Reason: On CRAN ('test-table_02.R:102:3')"/>
    </testcase>
    <testcase time="0.0640000000000001" classname="table_02" name="Table_02_generation_tplyr_works_with_some_NA_values"/>
    <testcase time="0.965" classname="table_02" name="Table_02_generation_tplyr_works_with_some_NA_values"/>
    <testcase time="0.0310000000000006" classname="table_02" name="Table_02_generation_tplyr_works_with_some_NA_values">
      <skipped message="Reason: On CRAN ('test-table_02.R:119:3')"/>
    </testcase>
    <testcase time="0.0250000000000004" classname="table_02" name="Table_02_generation_gtsum_works_with_default_values"/>
    <testcase time="4.039" classname="table_02" name="Table_02_generation_gtsum_works_with_default_values"/>
    <testcase time="0.00799999999999912" classname="table_02" name="Table_02_generation_gtsum_works_with_default_values">
      <skipped message="Reason: On CRAN ('test-table_02.R:128:3')"/>
    </testcase>
    <testcase time="0.0719999999999992" classname="table_02" name="Table_02_generation_gtsum_works_with_custom_values"/>
    <testcase time="4.4" classname="table_02" name="Table_02_generation_gtsum_works_with_custom_values"/>
    <testcase time="0.00799999999999912" classname="table_02" name="Table_02_generation_gtsum_works_with_custom_values">
      <skipped message="Reason: On CRAN ('test-table_02.R:146:3')"/>
    </testcase>
    <testcase time="0.0510000000000019" classname="table_02" name="Table_02_generation_gtsum_works_with_some_NA_values"/>
    <testcase time="1.216" classname="table_02" name="Table_02_generation_gtsum_works_with_some_NA_values"/>
    <testcase time="0.00900000000000034" classname="table_02" name="Table_02_generation_gtsum_works_with_some_NA_values">
      <skipped message="Reason: On CRAN ('test-table_02.R:163:3')"/>
    </testcase>
  </testsuite>
  <testsuite name="table_03" timestamp="2023-10-11T18:06:11Z" hostname="47446f2f0dda" tests="8" skipped="2" failures="0" errors="0" time="1.089">
    <testcase time="0.0450000000000017" classname="table_03" name="Table_3_generation_works_with_default_values"/>
    <testcase time="0.00199999999999889" classname="table_03" name="Table_3_generation_works_with_default_values"/>
    <testcase time="0.437999999999999" classname="table_03" name="Table_3_generation_works_with_default_values"/>
    <testcase time="0.0809999999999995" classname="table_03" name="Table_3_generation_works_with_default_values">
      <skipped message="Reason: On CRAN ('test-table_03.R:21:3')"/>
    </testcase>
    <testcase time="0.027000000000001" classname="table_03" name="Table_3_generation_works_with_custom_values"/>
    <testcase time="0.00199999999999889" classname="table_03" name="Table_3_generation_works_with_custom_values"/>
    <testcase time="0.401000000000003" classname="table_03" name="Table_3_generation_works_with_custom_values"/>
    <testcase time="0.093" classname="table_03" name="Table_3_generation_works_with_custom_values">
      <skipped message="Reason: On CRAN ('test-table_03.R:41:3')"/>
    </testcase>
  </testsuite>
  <testsuite name="table_04" timestamp="2023-10-11T18:06:12Z" hostname="47446f2f0dda" tests="12" skipped="2" failures="0" errors="0" time="1.275">
    <testcase time="0.0589999999999975" classname="table_04" name="Table_04_generation_works_with_default_values"/>
    <testcase time="0.00200000000000244" classname="table_04" name="Table_04_generation_works_with_default_values"/>
    <testcase time="0.000999999999997669" classname="table_04" name="Table_04_generation_works_with_default_values"/>
    <testcase time="0.00200000000000244" classname="table_04" name="Table_04_generation_works_with_default_values"/>
    <testcase time="0.424999999999997" classname="table_04" name="Table_04_generation_works_with_default_values"/>
    <testcase time="0.163" classname="table_04" name="Table_04_generation_works_with_default_values">
      <skipped message="Reason: On CRAN ('test-table_04.R:18:3')"/>
    </testcase>
    <testcase time="0.032" classname="table_04" name="Table_04_generation_works_with_custom_values"/>
    <testcase time="0.00200000000000244" classname="table_04" name="Table_04_generation_works_with_custom_values"/>
    <testcase time="0.00199999999999889" classname="table_04" name="Table_04_generation_works_with_custom_values"/>
    <testcase time="0.00300000000000011" classname="table_04" name="Table_04_generation_works_with_custom_values"/>
    <testcase time="0.475999999999999" classname="table_04" name="Table_04_generation_works_with_custom_values"/>
    <testcase time="0.108000000000001" classname="table_04" name="Table_04_generation_works_with_custom_values">
      <skipped message="Reason: On CRAN ('test-table_04.R:44:3')"/>
    </testcase>
  </testsuite>
  <testsuite name="table_05" timestamp="2023-10-11T18:06:13Z" hostname="47446f2f0dda" tests="12" skipped="4" failures="0" errors="0" time="2.06">
    <testcase time="0.222999999999999" classname="table_05" name="Table_05_generation_works_with_default_values"/>
    <testcase time="0.32" classname="table_05" name="Table_05_generation_works_with_default_values"/>
    <testcase time="0.102" classname="table_05" name="Table_05_generation_works_with_default_values">
      <skipped message="Reason: On CRAN ('test-table_05.R:10:3')"/>
    </testcase>
    <testcase time="0.0259999999999998" classname="table_05" name="Table_05_generation_works_with_custom_values"/>
    <testcase time="0.329000000000001" classname="table_05" name="Table_05_generation_works_with_custom_values"/>
    <testcase time="0.145" classname="table_05" name="Table_05_generation_works_with_custom_values">
      <skipped message="Reason: On CRAN ('test-table_05.R:34:3')"/>
    </testcase>
    <testcase time="0.0300000000000011" classname="table_05" name="Table_05_generation_works_with_NA_values_pruned_rows"/>
    <testcase time="0.300000000000001" classname="table_05" name="Table_05_generation_works_with_NA_values_pruned_rows"/>
    <testcase time="0.103999999999999" classname="table_05" name="Table_05_generation_works_with_NA_values_pruned_rows">
      <skipped message="Reason: On CRAN ('test-table_05.R:44:3')"/>
    </testcase>
    <testcase time="0.0249999999999986" classname="table_05" name="Table_05_generation_works_with_risk_difference_column"/>
    <testcase time="0.329000000000001" classname="table_05" name="Table_05_generation_works_with_risk_difference_column"/>
    <testcase time="0.126999999999999" classname="table_05" name="Table_05_generation_works_with_risk_difference_column">
      <skipped message="Reason: On CRAN ('test-table_05.R:57:3')"/>
    </testcase>
  </testsuite>
  <testsuite name="table_06" timestamp="2023-10-11T18:06:15Z" hostname="47446f2f0dda" tests="15" skipped="3" failures="0" errors="0" time="3.109">
    <testcase time="0.0420000000000016" classname="table_06" name="Table_06_generation_works_with_default_values"/>
    <testcase time="0.00199999999999889" classname="table_06" name="Table_06_generation_works_with_default_values"/>
    <testcase time="0.0749999999999993" classname="table_06" name="Table_06_generation_works_with_default_values"/>
    <testcase time="0.626000000000001" classname="table_06" name="Table_06_generation_works_with_default_values"/>
    <testcase time="0.137" classname="table_06" name="Table_06_generation_works_with_default_values">
      <skipped message="Reason: On CRAN ('test-table_06.R:8:3')"/>
    </testcase>
    <testcase time="0.0259999999999998" classname="table_06" name="Table_06_generation_works_with_custom_values"/>
    <testcase time="0.00199999999999889" classname="table_06" name="Table_06_generation_works_with_custom_values"/>
    <testcase time="0.0820000000000007" classname="table_06" name="Table_06_generation_works_with_custom_values"/>
    <testcase time="0.811" classname="table_06" name="Table_06_generation_works_with_custom_values"/>
    <testcase time="0.241" classname="table_06" name="Table_06_generation_works_with_custom_values">
      <skipped message="Reason: On CRAN ('test-table_06.R:40:3')"/>
    </testcase>
    <testcase time="0.0259999999999998" classname="table_06" name="Table_06_generation_works_with_risk_difference_column"/>
    <testcase time="0.00200000000000244" classname="table_06" name="Table_06_generation_works_with_risk_difference_column"/>
    <testcase time="0.0749999999999993" classname="table_06" name="Table_06_generation_works_with_risk_difference_column"/>
    <testcase time="0.805" classname="table_06" name="Table_06_generation_works_with_risk_difference_column"/>
    <testcase time="0.157" classname="table_06" name="Table_06_generation_works_with_risk_difference_column">
      <skipped message="Reason: On CRAN ('test-table_06.R:48:3')"/>
    </testcase>
  </testsuite>
  <testsuite name="table_07" timestamp="2023-10-11T18:06:18Z" hostname="47446f2f0dda" tests="24" skipped="4" failures="0" errors="0" time="3.199">
    <testcase time="0.0449999999999982" classname="table_07" name="Table_07_generation_works_with_default_values"/>
    <testcase time="0.00199999999999889" classname="table_07" name="Table_07_generation_works_with_default_values"/>
    <testcase time="0.00200000000000244" classname="table_07" name="Table_07_generation_works_with_default_values"/>
    <testcase time="0.0559999999999974" classname="table_07" name="Table_07_generation_works_with_default_values"/>
    <testcase time="0.449999999999999" classname="table_07" name="Table_07_generation_works_with_default_values"/>
    <testcase time="0.175000000000004" classname="table_07" name="Table_07_generation_works_with_default_values">
      <skipped message="Reason: On CRAN ('test-table_07.R:13:3')"/>
    </testcase>
    <testcase time="0.0240000000000009" classname="table_07" name="Table_07_generation_works_with_custom_values"/>
    <testcase time="0.00199999999999534" classname="table_07" name="Table_07_generation_works_with_custom_values"/>
    <testcase time="0.00200000000000244" classname="table_07" name="Table_07_generation_works_with_custom_values"/>
    <testcase time="0.0559999999999974" classname="table_07" name="Table_07_generation_works_with_custom_values"/>
    <testcase time="0.614000000000004" classname="table_07" name="Table_07_generation_works_with_custom_values"/>
    <testcase time="0.224999999999994" classname="table_07" name="Table_07_generation_works_with_custom_values">
      <skipped message="Reason: On CRAN ('test-table_07.R:42:3')"/>
    </testcase>
    <testcase time="0.0260000000000034" classname="table_07" name="Table_07_generation_works_with_NA_values_pruned_rows"/>
    <testcase time="0.00200000000000244" classname="table_07" name="Table_07_generation_works_with_NA_values_pruned_rows"/>
    <testcase time="0.00199999999999534" classname="table_07" name="Table_07_generation_works_with_NA_values_pruned_rows"/>
    <testcase time="0.0600000000000023" classname="table_07" name="Table_07_generation_works_with_NA_values_pruned_rows"/>
    <testcase time="0.459000000000003" classname="table_07" name="Table_07_generation_works_with_NA_values_pruned_rows"/>
    <testcase time="0.181999999999995" classname="table_07" name="Table_07_generation_works_with_NA_values_pruned_rows">
      <skipped message="Reason: On CRAN ('test-table_07.R:52:3')"/>
    </testcase>
    <testcase time="0.0279999999999987" classname="table_07" name="Table_07_generation_works_with_risk_difference_column"/>
    <testcase time="0.00200000000000244" classname="table_07" name="Table_07_generation_works_with_risk_difference_column"/>
    <testcase time="0.00200000000000244" classname="table_07" name="Table_07_generation_works_with_risk_difference_column"/>
    <testcase time="0.0569999999999951" classname="table_07" name="Table_07_generation_works_with_risk_difference_column"/>
    <testcase time="0.547000000000004" classname="table_07" name="Table_07_generation_works_with_risk_difference_column"/>
    <testcase time="0.179000000000002" classname="table_07" name="Table_07_generation_works_with_risk_difference_column">
      <skipped message="Reason: On CRAN ('test-table_07.R:65:3')"/>
    </testcase>
  </testsuite>
  <testsuite name="table_08" timestamp="2023-10-11T18:06:21Z" hostname="47446f2f0dda" tests="8" skipped="2" failures="0" errors="0" time="0.598">
    <testcase time="0.0349999999999966" classname="table_08" name="Table_08_generation_works_with_default_values"/>
    <testcase time="0.00200000000000244" classname="table_08" name="Table_08_generation_works_with_default_values"/>
    <testcase time="0.0629999999999953" classname="table_08" name="Table_08_generation_works_with_default_values"/>
    <testcase time="0.177" classname="table_08" name="Table_08_generation_works_with_default_values">
      <skipped message="Reason: On CRAN ('test-table_08.R:10:3')"/>
    </testcase>
    <testcase time="0.0300000000000011" classname="table_08" name="Table_08_generation_works_with_custom_values"/>
    <testcase time="0.00300000000000011" classname="table_08" name="Table_08_generation_works_with_custom_values"/>
    <testcase time="0.0650000000000048" classname="table_08" name="Table_08_generation_works_with_custom_values"/>
    <testcase time="0.222999999999999" classname="table_08" name="Table_08_generation_works_with_custom_values">
      <skipped message="Reason: On CRAN ('test-table_08.R:31:3')"/>
    </testcase>
  </testsuite>
  <testsuite name="table_09" timestamp="2023-10-11T18:06:22Z" hostname="47446f2f0dda" tests="12" skipped="3" failures="0" errors="0" time="2.058">
    <testcase time="0.0309999999999988" classname="table_09" name="Table_09_generation_works_with_default_values"/>
    <testcase time="0.0489999999999995" classname="table_09" name="Table_09_generation_works_with_default_values"/>
    <testcase time="0.414000000000001" classname="table_09" name="Table_09_generation_works_with_default_values"/>
    <testcase time="0.0949999999999989" classname="table_09" name="Table_09_generation_works_with_default_values">
      <skipped message="Reason: On CRAN ('test-table_09.R:8:3')"/>
    </testcase>
    <testcase time="0.0260000000000034" classname="table_09" name="Table_09_generation_works_with_custom_values"/>
    <testcase time="0.0579999999999998" classname="table_09" name="Table_09_generation_works_with_custom_values"/>
    <testcase time="0.531999999999996" classname="table_09" name="Table_09_generation_works_with_custom_values"/>
    <testcase time="0.129000000000005" classname="table_09" name="Table_09_generation_works_with_custom_values">
      <skipped message="Reason: On CRAN ('test-table_09.R:39:3')"/>
    </testcase>
    <testcase time="0.0289999999999964" classname="table_09" name="Table_09_generation_works_with_risk_difference_column"/>
    <testcase time="0.054000000000002" classname="table_09" name="Table_09_generation_works_with_risk_difference_column"/>
    <testcase time="0.539999999999999" classname="table_09" name="Table_09_generation_works_with_risk_difference_column"/>
    <testcase time="0.100999999999999" classname="table_09" name="Table_09_generation_works_with_risk_difference_column">
      <skipped message="Reason: On CRAN ('test-table_09.R:47:3')"/>
    </testcase>
  </testsuite>
  <testsuite name="table_10" timestamp="2023-10-11T18:06:24Z" hostname="47446f2f0dda" tests="15" skipped="3" failures="0" errors="0" time="2.345">
    <testcase time="0.0390000000000015" classname="table_10" name="Table_10_generation_works_with_default_values"/>
    <testcase time="0.00200000000000244" classname="table_10" name="Table_10_generation_works_with_default_values"/>
    <testcase time="0.0600000000000023" classname="table_10" name="Table_10_generation_works_with_default_values"/>
    <testcase time="0.510999999999996" classname="table_10" name="Table_10_generation_works_with_default_values"/>
    <testcase time="0.158999999999999" classname="table_10" name="Table_10_generation_works_with_default_values">
      <skipped message="Reason: On CRAN ('test-table_10.R:17:3')"/>
    </testcase>
    <testcase time="0.0360000000000014" classname="table_10" name="Table_10_generation_works_with_custom_values"/>
    <testcase time="0.00300000000000011" classname="table_10" name="Table_10_generation_works_with_custom_values"/>
    <testcase time="0.0559999999999974" classname="table_10" name="Table_10_generation_works_with_custom_values"/>
    <testcase time="0.491" classname="table_10" name="Table_10_generation_works_with_custom_values"/>
    <testcase time="0.0960000000000036" classname="table_10" name="Table_10_generation_works_with_custom_values">
      <skipped message="Reason: On CRAN ('test-table_10.R:52:3')"/>
    </testcase>
    <testcase time="0.0259999999999962" classname="table_10" name="Table_10_generation_works_with_risk_difference_column"/>
    <testcase time="0.00200000000000244" classname="table_10" name="Table_10_generation_works_with_risk_difference_column"/>
    <testcase time="0.0570000000000022" classname="table_10" name="Table_10_generation_works_with_risk_difference_column"/>
    <testcase time="0.606000000000002" classname="table_10" name="Table_10_generation_works_with_risk_difference_column"/>
    <testcase time="0.201000000000001" classname="table_10" name="Table_10_generation_works_with_risk_difference_column">
      <skipped message="Reason: On CRAN ('test-table_10.R:60:3')"/>
    </testcase>
  </testsuite>
  <testsuite name="table_11" timestamp="2023-10-11T18:06:26Z" hostname="47446f2f0dda" tests="12" skipped="3" failures="0" errors="0" time="3.586">
    <testcase time="0.0409999999999968" classname="table_11" name="Table_11_generation_works_with_default_values"/>
    <testcase time="0.0640000000000001" classname="table_11" name="Table_11_generation_works_with_default_values"/>
    <testcase time="0.853000000000002" classname="table_11" name="Table_11_generation_works_with_default_values"/>
    <testcase time="0.201999999999998" classname="table_11" name="Table_11_generation_works_with_default_values">
      <skipped message="Reason: On CRAN ('test-table_11.R:18:3')"/>
    </testcase>
    <testcase time="0.0260000000000034" classname="table_11" name="Table_11_generation_works_with_custom_values"/>
    <testcase time="0.0599999999999952" classname="table_11" name="Table_11_generation_works_with_custom_values"/>
    <testcase time="0.814" classname="table_11" name="Table_11_generation_works_with_custom_values"/>
    <testcase time="0.0910000000000011" classname="table_11" name="Table_11_generation_works_with_custom_values">
      <skipped message="Reason: On CRAN ('test-table_11.R:48:3')"/>
    </testcase>
    <testcase time="0.027000000000001" classname="table_11" name="Table_11_generation_works_with_risk_difference_column"/>
    <testcase time="0.0679999999999978" classname="table_11" name="Table_11_generation_works_with_risk_difference_column"/>
    <testcase time="1.088" classname="table_11" name="Table_11_generation_works_with_risk_difference_column"/>
    <testcase time="0.252000000000002" classname="table_11" name="Table_11_generation_works_with_risk_difference_column">
      <skipped message="Reason: On CRAN ('test-table_11.R:56:3')"/>
    </testcase>
  </testsuite>
  <testsuite name="table_12" timestamp="2023-10-11T18:06:30Z" hostname="47446f2f0dda" tests="12" skipped="3" failures="0" errors="0" time="4.849">
    <testcase time="0.0319999999999965" classname="table_12" name="Table_12_generation_works_with_default_values"/>
    <testcase time="0.0730000000000004" classname="table_12" name="Table_12_generation_works_with_default_values"/>
    <testcase time="1.207" classname="table_12" name="Table_12_generation_works_with_default_values"/>
    <testcase time="0.173000000000002" classname="table_12" name="Table_12_generation_works_with_default_values">
      <skipped message="Reason: On CRAN ('test-table_12.R:9:3')"/>
    </testcase>
    <testcase time="0.0279999999999987" classname="table_12" name="Table_12_generation_works_with_custom_values"/>
    <testcase time="0.0679999999999978" classname="table_12" name="Table_12_generation_works_with_custom_values"/>
    <testcase time="1.226" classname="table_12" name="Table_12_generation_works_with_custom_values"/>
    <testcase time="0.161000000000001" classname="table_12" name="Table_12_generation_works_with_custom_values">
      <skipped message="Reason: On CRAN ('test-table_12.R:39:3')"/>
    </testcase>
    <testcase time="0.036999999999999" classname="table_12" name="Table_12_generation_works_with_risk_difference_column"/>
    <testcase time="0.0760000000000005" classname="table_12" name="Table_12_generation_works_with_risk_difference_column"/>
    <testcase time="1.57700000000001" classname="table_12" name="Table_12_generation_works_with_risk_difference_column"/>
    <testcase time="0.190999999999995" classname="table_12" name="Table_12_generation_works_with_risk_difference_column">
      <skipped message="Reason: On CRAN ('test-table_12.R:47:3')"/>
    </testcase>
  </testsuite>
  <testsuite name="table_13" timestamp="2023-10-11T18:06:35Z" hostname="47446f2f0dda" tests="12" skipped="3" failures="0" errors="0" time="1.586">
    <testcase time="0.036999999999999" classname="table_13" name="Table_13_generation_works_with_default_values"/>
    <testcase time="0.088000000000001" classname="table_13" name="Table_13_generation_works_with_default_values"/>
    <testcase time="0.186" classname="table_13" name="Table_13_generation_works_with_default_values"/>
    <testcase time="0.0960000000000036" classname="table_13" name="Table_13_generation_works_with_default_values">
      <skipped message="Reason: On CRAN ('test-table_13.R:8:3')"/>
    </testcase>
    <testcase time="0.0429999999999993" classname="table_13" name="Table_13_generation_works_with_custom_values"/>
    <testcase time="0.0689999999999955" classname="table_13" name="Table_13_generation_works_with_custom_values"/>
    <testcase time="0.218000000000004" classname="table_13" name="Table_13_generation_works_with_custom_values"/>
    <testcase time="0.070999999999998" classname="table_13" name="Table_13_generation_works_with_custom_values">
      <skipped message="Reason: On CRAN ('test-table_13.R:38:3')"/>
    </testcase>
    <testcase time="0.027000000000001" classname="table_13" name="Table_13_generation_works_with_risk_difference_column"/>
    <testcase time="0.0690000000000026" classname="table_13" name="Table_13_generation_works_with_risk_difference_column"/>
    <testcase time="0.564999999999998" classname="table_13" name="Table_13_generation_works_with_risk_difference_column"/>
    <testcase time="0.116999999999997" classname="table_13" name="Table_13_generation_works_with_risk_difference_column">
      <skipped message="Reason: On CRAN ('test-table_13.R:46:3')"/>
    </testcase>
  </testsuite>
  <testsuite name="table_14" timestamp="2023-10-11T18:06:36Z" hostname="47446f2f0dda" tests="13" skipped="4" failures="0" errors="0" time="4.664">
    <testcase time="0.0620000000000047" classname="table_14" name="Table_14_generation_works_with_default_values"/>
    <testcase time="0.809999999999995" classname="table_14" name="Table_14_generation_works_with_default_values"/>
    <testcase time="0.217000000000006" classname="table_14" name="Table_14_generation_works_with_default_values">
      <skipped message="Reason: On CRAN ('test-table_14.R:16:3')"/>
    </testcase>
    <testcase time="0.0279999999999987" classname="table_14" name="Table_14_generation_works_with_custom_values"/>
    <testcase time="0.0659999999999954" classname="table_14" name="Table_14_generation_works_with_custom_values"/>
    <testcase time="0.861000000000004" classname="table_14" name="Table_14_generation_works_with_custom_values"/>
    <testcase time="0.222999999999999" classname="table_14" name="Table_14_generation_works_with_custom_values">
      <skipped message="Reason: On CRAN ('test-table_14.R:46:3')"/>
    </testcase>
    <testcase time="0.027000000000001" classname="table_14" name="Table_14_generation_works_with_NA_values_pruned_rows"/>
    <testcase time="0.808" classname="table_14" name="Table_14_generation_works_with_NA_values_pruned_rows"/>
    <testcase time="0.176000000000002" classname="table_14" name="Table_14_generation_works_with_NA_values_pruned_rows">
      <skipped message="Reason: On CRAN ('test-table_14.R:53:3')"/>
    </testcase>
    <testcase time="0.027000000000001" classname="table_14" name="Table_14_generation_works_with_risk_difference_column"/>
    <testcase time="1.099" classname="table_14" name="Table_14_generation_works_with_risk_difference_column"/>
    <testcase time="0.259999999999998" classname="table_14" name="Table_14_generation_works_with_risk_difference_column">
      <skipped message="Reason: On CRAN ('test-table_14.R:61:3')"/>
    </testcase>
  </testsuite>
  <testsuite name="table_20" timestamp="2023-10-11T18:06:41Z" hostname="47446f2f0dda" tests="24" skipped="4" failures="0" errors="0" time="3.944">
    <testcase time="0.0500000000000043" classname="table_20" name="Table_20_generation_works_with_default_values"/>
    <testcase time="0.00199999999999534" classname="table_20" name="Table_20_generation_works_with_default_values"/>
    <testcase time="0.00300000000000011" classname="table_20" name="Table_20_generation_works_with_default_values"/>
    <testcase time="0.0650000000000048" classname="table_20" name="Table_20_generation_works_with_default_values"/>
    <testcase time="0.606999999999999" classname="table_20" name="Table_20_generation_works_with_default_values"/>
    <testcase time="0.137999999999998" classname="table_20" name="Table_20_generation_works_with_default_values">
      <skipped message="Reason: On CRAN ('test-table_20.R:17:3')"/>
    </testcase>
    <testcase time="0.0279999999999987" classname="table_20" name="Table_20_generation_works_with_custom_values"/>
    <testcase time="0.00200000000000244" classname="table_20" name="Table_20_generation_works_with_custom_values"/>
    <testcase time="0.00300000000000011" classname="table_20" name="Table_20_generation_works_with_custom_values"/>
    <testcase time="0.0609999999999999" classname="table_20" name="Table_20_generation_works_with_custom_values"/>
    <testcase time="0.909999999999997" classname="table_20" name="Table_20_generation_works_with_custom_values"/>
    <testcase time="0.187000000000005" classname="table_20" name="Table_20_generation_works_with_custom_values">
      <skipped message="Reason: On CRAN ('test-table_20.R:65:3')"/>
    </testcase>
    <testcase time="0.0279999999999987" classname="table_20" name="Table_20_generation_works_with_missing_values_pruned_rows"/>
    <testcase time="0.00199999999999534" classname="table_20" name="Table_20_generation_works_with_missing_values_pruned_rows"/>
    <testcase time="0.00200000000000244" classname="table_20" name="Table_20_generation_works_with_missing_values_pruned_rows"/>
    <testcase time="0.0640000000000001" classname="table_20" name="Table_20_generation_works_with_missing_values_pruned_rows"/>
    <testcase time="0.624000000000002" classname="table_20" name="Table_20_generation_works_with_missing_values_pruned_rows"/>
    <testcase time="0.123999999999995" classname="table_20" name="Table_20_generation_works_with_missing_values_pruned_rows">
      <skipped message="Reason: On CRAN ('test-table_20.R:74:3')"/>
    </testcase>
    <testcase time="0.0290000000000035" classname="table_20" name="Table_20_generation_works_with_risk_difference_column"/>
    <testcase time="0.00200000000000244" classname="table_20" name="Table_20_generation_works_with_risk_difference_column"/>
    <testcase time="0.00300000000000011" classname="table_20" name="Table_20_generation_works_with_risk_difference_column"/>
    <testcase time="0.0619999999999976" classname="table_20" name="Table_20_generation_works_with_risk_difference_column"/>
    <testcase time="0.792000000000002" classname="table_20" name="Table_20_generation_works_with_risk_difference_column"/>
    <testcase time="0.155999999999999" classname="table_20" name="Table_20_generation_works_with_risk_difference_column">
      <skipped message="Reason: On CRAN ('test-table_20.R:82:3')"/>
    </testcase>
  </testsuite>
  <testsuite name="table_21" timestamp="2023-10-11T18:06:45Z" hostname="47446f2f0dda" tests="19" skipped="4" failures="0" errors="0" time="3.66">
    <testcase time="0.0990000000000038" classname="table_21" name="Table_21_generation_works_with_default_values"/>
    <testcase time="0.00199999999999534" classname="table_21" name="Table_21_generation_works_with_default_values"/>
    <testcase time="0.821000000000005" classname="table_21" name="Table_21_generation_works_with_default_values"/>
    <testcase time="0.161999999999999" classname="table_21" name="Table_21_generation_works_with_default_values">
      <skipped message="Reason: On CRAN ('test-table_21.R:22:3')"/>
    </testcase>
    <testcase time="0.0259999999999962" classname="table_21" name="Table_21_generation_works_with_custom_values_N_s_denominator_and_overall_column"/>
    <testcase time="0.00300000000000011" classname="table_21" name="Table_21_generation_works_with_custom_values_N_s_denominator_and_overall_column"/>
    <testcase time="0.097999999999999" classname="table_21" name="Table_21_generation_works_with_custom_values_N_s_denominator_and_overall_column"/>
    <testcase time="1.001" classname="table_21" name="Table_21_generation_works_with_custom_values_N_s_denominator_and_overall_column"/>
    <testcase time="0.176000000000002" classname="table_21" name="Table_21_generation_works_with_custom_values_N_s_denominator_and_overall_column">
      <skipped message="Reason: On CRAN ('test-table_21.R:34:3')"/>
    </testcase>
    <testcase time="0.0259999999999962" classname="table_21" name="Table_21_generation_works_with_custom_values_N_col_denominator_and_no_overall_column"/>
    <testcase time="0.00200000000000244" classname="table_21" name="Table_21_generation_works_with_custom_values_N_col_denominator_and_no_overall_column"/>
    <testcase time="0.0659999999999954" classname="table_21" name="Table_21_generation_works_with_custom_values_N_col_denominator_and_no_overall_column"/>
    <testcase time="0.414999999999999" classname="table_21" name="Table_21_generation_works_with_custom_values_N_col_denominator_and_no_overall_column"/>
    <testcase time="0.157000000000004" classname="table_21" name="Table_21_generation_works_with_custom_values_N_col_denominator_and_no_overall_column">
      <skipped message="Reason: On CRAN ('test-table_21.R:62:3')"/>
    </testcase>
    <testcase time="0.0899999999999963" classname="table_21" name="Table_21_generation_works_with_some_NA_values"/>
    <testcase time="0.00300000000000011" classname="table_21" name="Table_21_generation_works_with_some_NA_values"/>
    <testcase time="0.0760000000000005" classname="table_21" name="Table_21_generation_works_with_some_NA_values"/>
    <testcase time="0.328000000000003" classname="table_21" name="Table_21_generation_works_with_some_NA_values"/>
    <testcase time="0.109000000000002" classname="table_21" name="Table_21_generation_works_with_some_NA_values">
      <skipped message="Reason: On CRAN ('test-table_21.R:82:3')"/>
    </testcase>
  </testsuite>
  <testsuite name="table_32" timestamp="2023-10-11T18:06:49Z" hostname="47446f2f0dda" tests="16" skipped="4" failures="0" errors="0" time="1.489">
    <testcase time="0.0349999999999966" classname="table_32" name="Table_32_generation_works_with_default_values"/>
    <testcase time="0.0690000000000026" classname="table_32" name="Table_32_generation_works_with_default_values"/>
    <testcase time="0.180999999999997" classname="table_32" name="Table_32_generation_works_with_default_values"/>
    <testcase time="0.0650000000000048" classname="table_32" name="Table_32_generation_works_with_default_values">
      <skipped message="Reason: On CRAN ('test-table_32.R:8:3')"/>
    </testcase>
    <testcase time="0.0279999999999987" classname="table_32" name="Table_32_generation_works_with_custom_values"/>
    <testcase time="0.070999999999998" classname="table_32" name="Table_32_generation_works_with_custom_values"/>
    <testcase time="0.213999999999999" classname="table_32" name="Table_32_generation_works_with_custom_values"/>
    <testcase time="0.0760000000000005" classname="table_32" name="Table_32_generation_works_with_custom_values">
      <skipped message="Reason: On CRAN ('test-table_32.R:30:3')"/>
    </testcase>
    <testcase time="0.027000000000001" classname="table_32" name="Table_32_generation_works_with_pruned_rows"/>
    <testcase time="0.0690000000000026" classname="table_32" name="Table_32_generation_works_with_pruned_rows"/>
    <testcase time="0.186" classname="table_32" name="Table_32_generation_works_with_pruned_rows"/>
    <testcase time="0.0499999999999972" classname="table_32" name="Table_32_generation_works_with_pruned_rows">
      <skipped message="Reason: On CRAN ('test-table_32.R:37:3')"/>
    </testcase>
    <testcase time="0.0260000000000034" classname="table_32" name="Table_32_generation_works_with_risk_difference_column"/>
    <testcase time="0.0729999999999933" classname="table_32" name="Table_32_generation_works_with_risk_difference_column"/>
    <testcase time="0.231000000000002" classname="table_32" name="Table_32_generation_works_with_risk_difference_column"/>
    <testcase time="0.088000000000001" classname="table_32" name="Table_32_generation_works_with_risk_difference_column">
      <skipped message="Reason: On CRAN ('test-table_32.R:45:3')"/>
    </testcase>
  </testsuite>
  <testsuite name="table_33" timestamp="2023-10-11T18:06:50Z" hostname="47446f2f0dda" tests="16" skipped="4" failures="0" errors="0" time="2.705">
    <testcase time="0.0330000000000013" classname="table_33" name="Table_33_generation_works_with_default_values"/>
    <testcase time="0.430999999999997" classname="table_33" name="Table_33_generation_works_with_default_values"/>
    <testcase time="0.149000000000001" classname="table_33" name="Table_33_generation_works_with_default_values"/>
    <testcase time="0.0480000000000018" classname="table_33" name="Table_33_generation_works_with_default_values">
      <skipped message="Reason: On CRAN ('test-table_33.R:8:3')"/>
    </testcase>
    <testcase time="0.027000000000001" classname="table_33" name="Table_33_generation_works_with_custom_values"/>
    <testcase time="0.415999999999997" classname="table_33" name="Table_33_generation_works_with_custom_values"/>
    <testcase time="0.183000000000007" classname="table_33" name="Table_33_generation_works_with_custom_values"/>
    <testcase time="0.0559999999999974" classname="table_33" name="Table_33_generation_works_with_custom_values">
      <skipped message="Reason: On CRAN ('test-table_33.R:34:3')"/>
    </testcase>
    <testcase time="0.027000000000001" classname="table_33" name="Table_33_generation_works_with_pruned_rows"/>
    <testcase time="0.435000000000002" classname="table_33" name="Table_33_generation_works_with_pruned_rows"/>
    <testcase time="0.156999999999996" classname="table_33" name="Table_33_generation_works_with_pruned_rows"/>
    <testcase time="0.0450000000000017" classname="table_33" name="Table_33_generation_works_with_pruned_rows">
      <skipped message="Reason: On CRAN ('test-table_33.R:42:3')"/>
    </testcase>
    <testcase time="0.0279999999999916" classname="table_33" name="Table_33_generation_works_with_risk_difference_column"/>
    <testcase time="0.425000000000011" classname="table_33" name="Table_33_generation_works_with_risk_difference_column"/>
    <testcase time="0.184999999999988" classname="table_33" name="Table_33_generation_works_with_risk_difference_column"/>
    <testcase time="0.0600000000000023" classname="table_33" name="Table_33_generation_works_with_risk_difference_column">
      <skipped message="Reason: On CRAN ('test-table_33.R:50:3')"/>
    </testcase>
  </testsuite>
  <testsuite name="table_34" timestamp="2023-10-11T18:06:53Z" hostname="47446f2f0dda" tests="12" skipped="3" failures="0" errors="0" time="8.888">
    <testcase time="0.0409999999999968" classname="table_34" name="Table_34_generation_works_with_default_values"/>
    <testcase time="0.0550000000000068" classname="table_34" name="Table_34_generation_works_with_default_values"/>
    <testcase time="2.47799999999999" classname="table_34" name="Table_34_generation_works_with_default_values"/>
    <testcase time="0.319000000000003" classname="table_34" name="Table_34_generation_works_with_default_values">
      <skipped message="Reason: On CRAN ('test-table_34.R:17:3')"/>
    </testcase>
    <testcase time="0.0280000000000058" classname="table_34" name="Table_34_generation_works_with_custom_values"/>
    <testcase time="0.0529999999999973" classname="table_34" name="Table_34_generation_works_with_custom_values"/>
    <testcase time="2.479" classname="table_34" name="Table_34_generation_works_with_custom_values"/>
    <testcase time="0.109999999999999" classname="table_34" name="Table_34_generation_works_with_custom_values">
      <skipped message="Reason: On CRAN ('test-table_34.R:49:3')"/>
    </testcase>
    <testcase time="0.027000000000001" classname="table_34" name="Table_34_generation_works_with_risk_difference_column"/>
    <testcase time="0.0579999999999927" classname="table_34" name="Table_34_generation_works_with_risk_difference_column"/>
    <testcase time="2.89400000000001" classname="table_34" name="Table_34_generation_works_with_risk_difference_column"/>
    <testcase time="0.346000000000004" classname="table_34" name="Table_34_generation_works_with_risk_difference_column">
      <skipped message="Reason: On CRAN ('test-table_34.R:57:3')"/>
    </testcase>
  </testsuite>
</testsuites>
