<?xml version="1.0" encoding="UTF-8"?>
<testsuites>
  <testsuite name="table_02" timestamp="2023-09-29T16:11:59Z" hostname="f241a94e6ba6" tests="30" skipped="10" failures="0" errors="0" time="15.508">
    <testcase time="0.0840000000000001" classname="table_02" name="Table_02_generation_works_with_default_values"/>
    <testcase time="0.489" classname="table_02" name="Table_02_generation_works_with_default_values"/>
    <testcase time="0.241" classname="table_02" name="Table_02_generation_works_with_default_values">
      <skipped message="Reason: On CRAN ('test-table_02.R:16:3')"/>
    </testcase>
    <testcase time="0.0810000000000004" classname="table_02" name="Table_02_generation_works_with_custom_values"/>
    <testcase time="0.403" classname="table_02" name="Table_02_generation_works_with_custom_values"/>
    <testcase time="0.249" classname="table_02" name="Table_02_generation_works_with_custom_values">
      <skipped message="Reason: On CRAN ('test-table_02.R:45:3')"/>
    </testcase>
    <testcase time="0.0629999999999997" classname="table_02" name="Table_02_generation_works_with_some_NA_values"/>
    <testcase time="0.111000000000001" classname="table_02" name="Table_02_generation_works_with_some_NA_values"/>
    <testcase time="0.0499999999999998" classname="table_02" name="Table_02_generation_works_with_some_NA_values">
      <skipped message="Reason: On CRAN ('test-table_02.R:57:3')"/>
    </testcase>
    <testcase time="0.0190000000000001" classname="table_02" name="Table_02_generation_tplyr_works_with_default_values"/>
    <testcase time="1.946" classname="table_02" name="Table_02_generation_tplyr_works_with_default_values"/>
    <testcase time="0.0360000000000005" classname="table_02" name="Table_02_generation_tplyr_works_with_default_values">
      <skipped message="Reason: On CRAN ('test-table_02.R:66:3')"/>
    </testcase>
    <testcase time="0.0169999999999995" classname="table_02" name="Table_02_generation_tplyr_works_with_tplyr_raw_TRUE"/>
    <testcase time="1.205" classname="table_02" name="Table_02_generation_tplyr_works_with_tplyr_raw_TRUE"/>
    <testcase time="0.032" classname="table_02" name="Table_02_generation_tplyr_works_with_tplyr_raw_TRUE">
      <skipped message="Reason: On CRAN ('test-table_02.R:75:3')"/>
    </testcase>
    <testcase time="0.0500000000000007" classname="table_02" name="Table_02_generation_tplyr_works_with_custom_values"/>
    <testcase time="1.893" classname="table_02" name="Table_02_generation_tplyr_works_with_custom_values"/>
    <testcase time="0.027000000000001" classname="table_02" name="Table_02_generation_tplyr_works_with_custom_values">
      <skipped message="Reason: On CRAN ('test-table_02.R:102:3')"/>
    </testcase>
    <testcase time="0.0399999999999991" classname="table_02" name="Table_02_generation_tplyr_works_with_some_NA_values"/>
    <testcase time="0.757" classname="table_02" name="Table_02_generation_tplyr_works_with_some_NA_values"/>
    <testcase time="0.0240000000000009" classname="table_02" name="Table_02_generation_tplyr_works_with_some_NA_values">
      <skipped message="Reason: On CRAN ('test-table_02.R:119:3')"/>
    </testcase>
    <testcase time="0.0169999999999995" classname="table_02" name="Table_02_generation_gtsum_works_with_default_values"/>
    <testcase time="3.071" classname="table_02" name="Table_02_generation_gtsum_works_with_default_values"/>
    <testcase time="0.00700000000000145" classname="table_02" name="Table_02_generation_gtsum_works_with_default_values">
      <skipped message="Reason: On CRAN ('test-table_02.R:128:3')"/>
    </testcase>
    <testcase time="0.0499999999999989" classname="table_02" name="Table_02_generation_gtsum_works_with_custom_values"/>
    <testcase time="3.516" classname="table_02" name="Table_02_generation_gtsum_works_with_custom_values"/>
    <testcase time="0.0069999999999979" classname="table_02" name="Table_02_generation_gtsum_works_with_custom_values">
      <skipped message="Reason: On CRAN ('test-table_02.R:146:3')"/>
    </testcase>
    <testcase time="0.0390000000000015" classname="table_02" name="Table_02_generation_gtsum_works_with_some_NA_values"/>
    <testcase time="0.977999999999998" classname="table_02" name="Table_02_generation_gtsum_works_with_some_NA_values"/>
    <testcase time="0.00600000000000023" classname="table_02" name="Table_02_generation_gtsum_works_with_some_NA_values">
      <skipped message="Reason: On CRAN ('test-table_02.R:163:3')"/>
    </testcase>
  </testsuite>
  <testsuite name="table_04" timestamp="2023-09-29T16:12:15Z" hostname="f241a94e6ba6" tests="12" skipped="2" failures="0" errors="0" time="1.062">
    <testcase time="0.0380000000000003" classname="table_04" name="Table_04_generation_works_with_default_values"/>
    <testcase time="0.00200000000000244" classname="table_04" name="Table_04_generation_works_with_default_values"/>
    <testcase time="0.000999999999997669" classname="table_04" name="Table_04_generation_works_with_default_values"/>
    <testcase time="0.00100000000000122" classname="table_04" name="Table_04_generation_works_with_default_values"/>
    <testcase time="0.446999999999999" classname="table_04" name="Table_04_generation_works_with_default_values"/>
    <testcase time="0.100000000000001" classname="table_04" name="Table_04_generation_works_with_default_values">
      <skipped message="Reason: On CRAN ('test-table_04.R:18:3')"/>
    </testcase>
    <testcase time="0.0179999999999971" classname="table_04" name="Table_04_generation_works_with_custom_values"/>
    <testcase time="0.00100000000000122" classname="table_04" name="Table_04_generation_works_with_custom_values"/>
    <testcase time="0.00199999999999889" classname="table_04" name="Table_04_generation_works_with_custom_values"/>
    <testcase time="0.00100000000000122" classname="table_04" name="Table_04_generation_works_with_custom_values"/>
    <testcase time="0.370000000000001" classname="table_04" name="Table_04_generation_works_with_custom_values"/>
    <testcase time="0.0809999999999995" classname="table_04" name="Table_04_generation_works_with_custom_values">
      <skipped message="Reason: On CRAN ('test-table_04.R:44:3')"/>
    </testcase>
  </testsuite>
  <testsuite name="table_05" timestamp="2023-09-29T16:12:16Z" hostname="f241a94e6ba6" tests="12" skipped="4" failures="0" errors="0" time="1.599">
    <testcase time="0.209" classname="table_05" name="Table_05_generation_works_with_default_values"/>
    <testcase time="0.245999999999999" classname="table_05" name="Table_05_generation_works_with_default_values"/>
    <testcase time="0.0710000000000015" classname="table_05" name="Table_05_generation_works_with_default_values">
      <skipped message="Reason: On CRAN ('test-table_05.R:10:3')"/>
    </testcase>
    <testcase time="0.0150000000000006" classname="table_05" name="Table_05_generation_works_with_custom_values"/>
    <testcase time="0.312999999999999" classname="table_05" name="Table_05_generation_works_with_custom_values"/>
    <testcase time="0.0970000000000013" classname="table_05" name="Table_05_generation_works_with_custom_values">
      <skipped message="Reason: On CRAN ('test-table_05.R:34:3')"/>
    </testcase>
    <testcase time="0.0180000000000007" classname="table_05" name="Table_05_generation_works_with_NA_values_pruned_rows"/>
    <testcase time="0.209" classname="table_05" name="Table_05_generation_works_with_NA_values_pruned_rows"/>
    <testcase time="0.0749999999999993" classname="table_05" name="Table_05_generation_works_with_NA_values_pruned_rows">
      <skipped message="Reason: On CRAN ('test-table_05.R:44:3')"/>
    </testcase>
    <testcase time="0.0180000000000007" classname="table_05" name="Table_05_generation_works_with_risk_difference_column"/>
    <testcase time="0.247999999999998" classname="table_05" name="Table_05_generation_works_with_risk_difference_column"/>
    <testcase time="0.0800000000000018" classname="table_05" name="Table_05_generation_works_with_risk_difference_column">
      <skipped message="Reason: On CRAN ('test-table_05.R:57:3')"/>
    </testcase>
  </testsuite>
  <testsuite name="table_06" timestamp="2023-09-29T16:12:17Z" hostname="f241a94e6ba6" tests="15" skipped="3" failures="0" errors="0" time="2.33">
    <testcase time="0.0219999999999985" classname="table_06" name="Table_06_generation_works_with_default_values"/>
    <testcase time="0.00100000000000122" classname="table_06" name="Table_06_generation_works_with_default_values"/>
    <testcase time="0.0719999999999992" classname="table_06" name="Table_06_generation_works_with_default_values"/>
    <testcase time="0.48" classname="table_06" name="Table_06_generation_works_with_default_values"/>
    <testcase time="0.0969999999999978" classname="table_06" name="Table_06_generation_works_with_default_values">
      <skipped message="Reason: On CRAN ('test-table_06.R:8:3')"/>
    </testcase>
    <testcase time="0.017000000000003" classname="table_06" name="Table_06_generation_works_with_custom_values"/>
    <testcase time="0.000999999999997669" classname="table_06" name="Table_06_generation_works_with_custom_values"/>
    <testcase time="0.0700000000000003" classname="table_06" name="Table_06_generation_works_with_custom_values"/>
    <testcase time="0.603000000000002" classname="table_06" name="Table_06_generation_works_with_custom_values"/>
    <testcase time="0.172999999999998" classname="table_06" name="Table_06_generation_works_with_custom_values">
      <skipped message="Reason: On CRAN ('test-table_06.R:40:3')"/>
    </testcase>
    <testcase time="0.0169999999999995" classname="table_06" name="Table_06_generation_works_with_risk_difference_column"/>
    <testcase time="0.00200000000000244" classname="table_06" name="Table_06_generation_works_with_risk_difference_column"/>
    <testcase time="0.0609999999999999" classname="table_06" name="Table_06_generation_works_with_risk_difference_column"/>
    <testcase time="0.602" classname="table_06" name="Table_06_generation_works_with_risk_difference_column"/>
    <testcase time="0.111999999999998" classname="table_06" name="Table_06_generation_works_with_risk_difference_column">
      <skipped message="Reason: On CRAN ('test-table_06.R:48:3')"/>
    </testcase>
  </testsuite>
  <testsuite name="table_07" timestamp="2023-09-29T16:12:20Z" hostname="f241a94e6ba6" tests="24" skipped="4" failures="0" errors="0" time="2.464">
    <testcase time="0.027000000000001" classname="table_07" name="Table_07_generation_works_with_default_values"/>
    <testcase time="0.000999999999997669" classname="table_07" name="Table_07_generation_works_with_default_values"/>
    <testcase time="0.00100000000000122" classname="table_07" name="Table_07_generation_works_with_default_values"/>
    <testcase time="0.0429999999999993" classname="table_07" name="Table_07_generation_works_with_default_values"/>
    <testcase time="0.381" classname="table_07" name="Table_07_generation_works_with_default_values"/>
    <testcase time="0.128" classname="table_07" name="Table_07_generation_works_with_default_values">
      <skipped message="Reason: On CRAN ('test-table_07.R:13:3')"/>
    </testcase>
    <testcase time="0.0169999999999995" classname="table_07" name="Table_07_generation_works_with_custom_values"/>
    <testcase time="0.00200000000000244" classname="table_07" name="Table_07_generation_works_with_custom_values"/>
    <testcase time="0.000999999999997669" classname="table_07" name="Table_07_generation_works_with_custom_values"/>
    <testcase time="0.0420000000000016" classname="table_07" name="Table_07_generation_works_with_custom_values"/>
    <testcase time="0.488" classname="table_07" name="Table_07_generation_works_with_custom_values"/>
    <testcase time="0.161000000000001" classname="table_07" name="Table_07_generation_works_with_custom_values">
      <skipped message="Reason: On CRAN ('test-table_07.R:42:3')"/>
    </testcase>
    <testcase time="0.0159999999999982" classname="table_07" name="Table_07_generation_works_with_NA_values_pruned_rows"/>
    <testcase time="0.00100000000000122" classname="table_07" name="Table_07_generation_works_with_NA_values_pruned_rows"/>
    <testcase time="0.000999999999997669" classname="table_07" name="Table_07_generation_works_with_NA_values_pruned_rows"/>
    <testcase time="0.0390000000000015" classname="table_07" name="Table_07_generation_works_with_NA_values_pruned_rows"/>
    <testcase time="0.332999999999998" classname="table_07" name="Table_07_generation_works_with_NA_values_pruned_rows"/>
    <testcase time="0.132000000000001" classname="table_07" name="Table_07_generation_works_with_NA_values_pruned_rows">
      <skipped message="Reason: On CRAN ('test-table_07.R:52:3')"/>
    </testcase>
    <testcase time="0.0180000000000007" classname="table_07" name="Table_07_generation_works_with_risk_difference_column"/>
    <testcase time="0.00199999999999889" classname="table_07" name="Table_07_generation_works_with_risk_difference_column"/>
    <testcase time="0.000999999999997669" classname="table_07" name="Table_07_generation_works_with_risk_difference_column"/>
    <testcase time="0.0430000000000028" classname="table_07" name="Table_07_generation_works_with_risk_difference_column"/>
    <testcase time="0.434999999999999" classname="table_07" name="Table_07_generation_works_with_risk_difference_column"/>
    <testcase time="0.151" classname="table_07" name="Table_07_generation_works_with_risk_difference_column">
      <skipped message="Reason: On CRAN ('test-table_07.R:65:3')"/>
    </testcase>
  </testsuite>
  <testsuite name="table_08" timestamp="2023-09-29T16:12:22Z" hostname="f241a94e6ba6" tests="8" skipped="2" failures="0" errors="0" time="0.459">
    <testcase time="0.0250000000000021" classname="table_08" name="Table_08_generation_works_with_default_values"/>
    <testcase time="0.000999999999997669" classname="table_08" name="Table_08_generation_works_with_default_values"/>
    <testcase time="0.0549999999999997" classname="table_08" name="Table_08_generation_works_with_default_values"/>
    <testcase time="0.135999999999999" classname="table_08" name="Table_08_generation_works_with_default_values">
      <skipped message="Reason: On CRAN ('test-table_08.R:10:3')"/>
    </testcase>
    <testcase time="0.0180000000000007" classname="table_08" name="Table_08_generation_works_with_custom_values"/>
    <testcase time="0.00100000000000122" classname="table_08" name="Table_08_generation_works_with_custom_values"/>
    <testcase time="0.046999999999997" classname="table_08" name="Table_08_generation_works_with_custom_values"/>
    <testcase time="0.176000000000002" classname="table_08" name="Table_08_generation_works_with_custom_values">
      <skipped message="Reason: On CRAN ('test-table_08.R:31:3')"/>
    </testcase>
  </testsuite>
  <testsuite name="table_09" timestamp="2023-09-29T16:12:23Z" hostname="f241a94e6ba6" tests="12" skipped="3" failures="0" errors="0" time="1.558">
    <testcase time="0.0219999999999985" classname="table_09" name="Table_09_generation_works_with_default_values"/>
    <testcase time="0.0449999999999982" classname="table_09" name="Table_09_generation_works_with_default_values"/>
    <testcase time="0.339000000000002" classname="table_09" name="Table_09_generation_works_with_default_values"/>
    <testcase time="0.0659999999999989" classname="table_09" name="Table_09_generation_works_with_default_values">
      <skipped message="Reason: On CRAN ('test-table_09.R:8:3')"/>
    </testcase>
    <testcase time="0.0169999999999995" classname="table_09" name="Table_09_generation_works_with_custom_values"/>
    <testcase time="0.0450000000000017" classname="table_09" name="Table_09_generation_works_with_custom_values"/>
    <testcase time="0.405999999999999" classname="table_09" name="Table_09_generation_works_with_custom_values"/>
    <testcase time="0.0740000000000016" classname="table_09" name="Table_09_generation_works_with_custom_values">
      <skipped message="Reason: On CRAN ('test-table_09.R:39:3')"/>
    </testcase>
    <testcase time="0.0189999999999984" classname="table_09" name="Table_09_generation_works_with_risk_difference_column"/>
    <testcase time="0.0440000000000005" classname="table_09" name="Table_09_generation_works_with_risk_difference_column"/>
    <testcase time="0.398" classname="table_09" name="Table_09_generation_works_with_risk_difference_column"/>
    <testcase time="0.083000000000002" classname="table_09" name="Table_09_generation_works_with_risk_difference_column">
      <skipped message="Reason: On CRAN ('test-table_09.R:47:3')"/>
    </testcase>
  </testsuite>
  <testsuite name="table_10" timestamp="2023-09-29T16:12:24Z" hostname="f241a94e6ba6" tests="15" skipped="3" failures="0" errors="0" time="1.994">
    <testcase time="0.0269999999999975" classname="table_10" name="Table_10_generation_works_with_default_values"/>
    <testcase time="0.00200000000000244" classname="table_10" name="Table_10_generation_works_with_default_values"/>
    <testcase time="0.0439999999999969" classname="table_10" name="Table_10_generation_works_with_default_values"/>
    <testcase time="0.642000000000003" classname="table_10" name="Table_10_generation_works_with_default_values"/>
    <testcase time="0.111999999999998" classname="table_10" name="Table_10_generation_works_with_default_values">
      <skipped message="Reason: On CRAN ('test-table_10.R:17:3')"/>
    </testcase>
    <testcase time="0.0180000000000007" classname="table_10" name="Table_10_generation_works_with_custom_values"/>
    <testcase time="0.00100000000000122" classname="table_10" name="Table_10_generation_works_with_custom_values"/>
    <testcase time="0.0399999999999991" classname="table_10" name="Table_10_generation_works_with_custom_values"/>
    <testcase time="0.369" classname="table_10" name="Table_10_generation_works_with_custom_values"/>
    <testcase time="0.0590000000000011" classname="table_10" name="Table_10_generation_works_with_custom_values">
      <skipped message="Reason: On CRAN ('test-table_10.R:52:3')"/>
    </testcase>
    <testcase time="0.0169999999999995" classname="table_10" name="Table_10_generation_works_with_risk_difference_column"/>
    <testcase time="0.00199999999999889" classname="table_10" name="Table_10_generation_works_with_risk_difference_column"/>
    <testcase time="0.0519999999999996" classname="table_10" name="Table_10_generation_works_with_risk_difference_column"/>
    <testcase time="0.478000000000002" classname="table_10" name="Table_10_generation_works_with_risk_difference_column"/>
    <testcase time="0.131" classname="table_10" name="Table_10_generation_works_with_risk_difference_column">
      <skipped message="Reason: On CRAN ('test-table_10.R:60:3')"/>
    </testcase>
  </testsuite>
  <testsuite name="table_11" timestamp="2023-09-29T16:12:26Z" hostname="f241a94e6ba6" tests="12" skipped="3" failures="0" errors="0" time="2.607">
    <testcase time="0.0289999999999999" classname="table_11" name="Table_11_generation_works_with_default_values"/>
    <testcase time="0.0549999999999997" classname="table_11" name="Table_11_generation_works_with_default_values"/>
    <testcase time="0.617000000000001" classname="table_11" name="Table_11_generation_works_with_default_values"/>
    <testcase time="0.140999999999998" classname="table_11" name="Table_11_generation_works_with_default_values">
      <skipped message="Reason: On CRAN ('test-table_11.R:18:3')"/>
    </testcase>
    <testcase time="0.0180000000000007" classname="table_11" name="Table_11_generation_works_with_custom_values"/>
    <testcase time="0.0480000000000018" classname="table_11" name="Table_11_generation_works_with_custom_values"/>
    <testcase time="0.603999999999999" classname="table_11" name="Table_11_generation_works_with_custom_values"/>
    <testcase time="0.0679999999999978" classname="table_11" name="Table_11_generation_works_with_custom_values">
      <skipped message="Reason: On CRAN ('test-table_11.R:48:3')"/>
    </testcase>
    <testcase time="0.0180000000000007" classname="table_11" name="Table_11_generation_works_with_risk_difference_column"/>
    <testcase time="0.0609999999999999" classname="table_11" name="Table_11_generation_works_with_risk_difference_column"/>
    <testcase time="0.786999999999999" classname="table_11" name="Table_11_generation_works_with_risk_difference_column"/>
    <testcase time="0.161000000000001" classname="table_11" name="Table_11_generation_works_with_risk_difference_column">
      <skipped message="Reason: On CRAN ('test-table_11.R:56:3')"/>
    </testcase>
  </testsuite>
  <testsuite name="table_12" timestamp="2023-09-29T16:12:29Z" hostname="f241a94e6ba6" tests="12" skipped="3" failures="0" errors="0" time="3.401">
    <testcase time="0.0240000000000009" classname="table_12" name="Table_12_generation_works_with_default_values"/>
    <testcase time="0.0560000000000045" classname="table_12" name="Table_12_generation_works_with_default_values"/>
    <testcase time="0.873999999999995" classname="table_12" name="Table_12_generation_works_with_default_values"/>
    <testcase time="0.121000000000002" classname="table_12" name="Table_12_generation_works_with_default_values">
      <skipped message="Reason: On CRAN ('test-table_12.R:9:3')"/>
    </testcase>
    <testcase time="0.0180000000000007" classname="table_12" name="Table_12_generation_works_with_custom_values"/>
    <testcase time="0.0559999999999974" classname="table_12" name="Table_12_generation_works_with_custom_values"/>
    <testcase time="0.859999999999999" classname="table_12" name="Table_12_generation_works_with_custom_values"/>
    <testcase time="0.119" classname="table_12" name="Table_12_generation_works_with_custom_values">
      <skipped message="Reason: On CRAN ('test-table_12.R:39:3')"/>
    </testcase>
    <testcase time="0.0200000000000031" classname="table_12" name="Table_12_generation_works_with_risk_difference_column"/>
    <testcase time="0.0579999999999998" classname="table_12" name="Table_12_generation_works_with_risk_difference_column"/>
    <testcase time="1.071" classname="table_12" name="Table_12_generation_works_with_risk_difference_column"/>
    <testcase time="0.124000000000002" classname="table_12" name="Table_12_generation_works_with_risk_difference_column">
      <skipped message="Reason: On CRAN ('test-table_12.R:47:3')"/>
    </testcase>
  </testsuite>
  <testsuite name="table_13" timestamp="2023-09-29T16:12:32Z" hostname="f241a94e6ba6" tests="12" skipped="3" failures="0" errors="0" time="0.876">
    <testcase time="0.0240000000000009" classname="table_13" name="Table_13_generation_works_with_default_values"/>
    <testcase time="0.0549999999999997" classname="table_13" name="Table_13_generation_works_with_default_values"/>
    <testcase time="0.135999999999996" classname="table_13" name="Table_13_generation_works_with_default_values"/>
    <testcase time="0.0660000000000025" classname="table_13" name="Table_13_generation_works_with_default_values">
      <skipped message="Reason: On CRAN ('test-table_13.R:8:3')"/>
    </testcase>
    <testcase time="0.0189999999999984" classname="table_13" name="Table_13_generation_works_with_custom_values"/>
    <testcase time="0.0620000000000047" classname="table_13" name="Table_13_generation_works_with_custom_values"/>
    <testcase time="0.149000000000001" classname="table_13" name="Table_13_generation_works_with_custom_values"/>
    <testcase time="0.0499999999999972" classname="table_13" name="Table_13_generation_works_with_custom_values">
      <skipped message="Reason: On CRAN ('test-table_13.R:38:3')"/>
    </testcase>
    <testcase time="0.0180000000000007" classname="table_13" name="Table_13_generation_works_with_risk_difference_column"/>
    <testcase time="0.0640000000000001" classname="table_13" name="Table_13_generation_works_with_risk_difference_column"/>
    <testcase time="0.148000000000003" classname="table_13" name="Table_13_generation_works_with_risk_difference_column"/>
    <testcase time="0.0850000000000009" classname="table_13" name="Table_13_generation_works_with_risk_difference_column">
      <skipped message="Reason: On CRAN ('test-table_13.R:46:3')"/>
    </testcase>
  </testsuite>
  <testsuite name="table_14" timestamp="2023-09-29T16:12:33Z" hostname="f241a94e6ba6" tests="13" skipped="4" failures="0" errors="0" time="3.546">
    <testcase time="0.0319999999999965" classname="table_14" name="Table_14_generation_works_with_default_values"/>
    <testcase time="0.619" classname="table_14" name="Table_14_generation_works_with_default_values"/>
    <testcase time="0.151000000000003" classname="table_14" name="Table_14_generation_works_with_default_values">
      <skipped message="Reason: On CRAN ('test-table_14.R:16:3')"/>
    </testcase>
    <testcase time="0.0189999999999984" classname="table_14" name="Table_14_generation_works_with_custom_values"/>
    <testcase time="0.054000000000002" classname="table_14" name="Table_14_generation_works_with_custom_values"/>
    <testcase time="0.665999999999997" classname="table_14" name="Table_14_generation_works_with_custom_values"/>
    <testcase time="0.160000000000004" classname="table_14" name="Table_14_generation_works_with_custom_values">
      <skipped message="Reason: On CRAN ('test-table_14.R:46:3')"/>
    </testcase>
    <testcase time="0.0179999999999936" classname="table_14" name="Table_14_generation_works_with_NA_values_pruned_rows"/>
    <testcase time="0.654000000000003" classname="table_14" name="Table_14_generation_works_with_NA_values_pruned_rows"/>
    <testcase time="0.116" classname="table_14" name="Table_14_generation_works_with_NA_values_pruned_rows">
      <skipped message="Reason: On CRAN ('test-table_14.R:53:3')"/>
    </testcase>
    <testcase time="0.0180000000000007" classname="table_14" name="Table_14_generation_works_with_risk_difference_column"/>
    <testcase time="0.853000000000002" classname="table_14" name="Table_14_generation_works_with_risk_difference_column"/>
    <testcase time="0.186" classname="table_14" name="Table_14_generation_works_with_risk_difference_column">
      <skipped message="Reason: On CRAN ('test-table_14.R:61:3')"/>
    </testcase>
  </testsuite>
  <testsuite name="table_20" timestamp="2023-09-29T16:12:37Z" hostname="f241a94e6ba6" tests="24" skipped="4" failures="0" errors="0" time="2.914">
    <testcase time="0.0319999999999965" classname="table_20" name="Table_20_generation_works_with_default_values"/>
    <testcase time="0.00200000000000244" classname="table_20" name="Table_20_generation_works_with_default_values"/>
    <testcase time="0.000999999999997669" classname="table_20" name="Table_20_generation_works_with_default_values"/>
    <testcase time="0.0510000000000019" classname="table_20" name="Table_20_generation_works_with_default_values"/>
    <testcase time="0.451000000000001" classname="table_20" name="Table_20_generation_works_with_default_values"/>
    <testcase time="0.0899999999999963" classname="table_20" name="Table_20_generation_works_with_default_values">
      <skipped message="Reason: On CRAN ('test-table_20.R:17:3')"/>
    </testcase>
    <testcase time="0.0180000000000007" classname="table_20" name="Table_20_generation_works_with_custom_values"/>
    <testcase time="0.00100000000000477" classname="table_20" name="Table_20_generation_works_with_custom_values"/>
    <testcase time="0.00199999999999534" classname="table_20" name="Table_20_generation_works_with_custom_values"/>
    <testcase time="0.0489999999999995" classname="table_20" name="Table_20_generation_works_with_custom_values"/>
    <testcase time="0.693000000000005" classname="table_20" name="Table_20_generation_works_with_custom_values"/>
    <testcase time="0.120999999999995" classname="table_20" name="Table_20_generation_works_with_custom_values">
      <skipped message="Reason: On CRAN ('test-table_20.R:65:3')"/>
    </testcase>
    <testcase time="0.0190000000000055" classname="table_20" name="Table_20_generation_works_with_missing_values_pruned_rows"/>
    <testcase time="0.000999999999997669" classname="table_20" name="Table_20_generation_works_with_missing_values_pruned_rows"/>
    <testcase time="0.000999999999997669" classname="table_20" name="Table_20_generation_works_with_missing_values_pruned_rows"/>
    <testcase time="0.0510000000000019" classname="table_20" name="Table_20_generation_works_with_missing_values_pruned_rows"/>
    <testcase time="0.439" classname="table_20" name="Table_20_generation_works_with_missing_values_pruned_rows"/>
    <testcase time="0.100000000000001" classname="table_20" name="Table_20_generation_works_with_missing_values_pruned_rows">
      <skipped message="Reason: On CRAN ('test-table_20.R:74:3')"/>
    </testcase>
    <testcase time="0.0180000000000007" classname="table_20" name="Table_20_generation_works_with_risk_difference_column"/>
    <testcase time="0.000999999999997669" classname="table_20" name="Table_20_generation_works_with_risk_difference_column"/>
    <testcase time="0.00200000000000244" classname="table_20" name="Table_20_generation_works_with_risk_difference_column"/>
    <testcase time="0.0479999999999947" classname="table_20" name="Table_20_generation_works_with_risk_difference_column"/>
    <testcase time="0.623000000000005" classname="table_20" name="Table_20_generation_works_with_risk_difference_column"/>
    <testcase time="0.100000000000001" classname="table_20" name="Table_20_generation_works_with_risk_difference_column">
      <skipped message="Reason: On CRAN ('test-table_20.R:82:3')"/>
    </testcase>
  </testsuite>
  <testsuite name="table_21" timestamp="2023-09-29T16:12:40Z" hostname="f241a94e6ba6" tests="19" skipped="4" failures="0" errors="0" time="2.91">
    <testcase time="0.0839999999999961" classname="table_21" name="Table_21_generation_works_with_default_values"/>
    <testcase time="0.00200000000000244" classname="table_21" name="Table_21_generation_works_with_default_values"/>
    <testcase time="0.68" classname="table_21" name="Table_21_generation_works_with_default_values"/>
    <testcase time="0.109000000000002" classname="table_21" name="Table_21_generation_works_with_default_values">
      <skipped message="Reason: On CRAN ('test-table_21.R:22:3')"/>
    </testcase>
    <testcase time="0.0179999999999936" classname="table_21" name="Table_21_generation_works_with_custom_values_N_s_denominator_and_overall_column"/>
    <testcase time="0.00200000000000244" classname="table_21" name="Table_21_generation_works_with_custom_values_N_s_denominator_and_overall_column"/>
    <testcase time="0.0990000000000038" classname="table_21" name="Table_21_generation_works_with_custom_values_N_s_denominator_and_overall_column"/>
    <testcase time="0.789999999999999" classname="table_21" name="Table_21_generation_works_with_custom_values_N_s_denominator_and_overall_column"/>
    <testcase time="0.134" classname="table_21" name="Table_21_generation_works_with_custom_values_N_s_denominator_and_overall_column">
      <skipped message="Reason: On CRAN ('test-table_21.R:34:3')"/>
    </testcase>
    <testcase time="0.0189999999999984" classname="table_21" name="Table_21_generation_works_with_custom_values_N_col_denominator_and_no_overall_column"/>
    <testcase time="0.000999999999997669" classname="table_21" name="Table_21_generation_works_with_custom_values_N_col_denominator_and_no_overall_column"/>
    <testcase time="0.0570000000000022" classname="table_21" name="Table_21_generation_works_with_custom_values_N_col_denominator_and_no_overall_column"/>
    <testcase time="0.351999999999997" classname="table_21" name="Table_21_generation_works_with_custom_values_N_col_denominator_and_no_overall_column"/>
    <testcase time="0.0990000000000038" classname="table_21" name="Table_21_generation_works_with_custom_values_N_col_denominator_and_no_overall_column">
      <skipped message="Reason: On CRAN ('test-table_21.R:62:3')"/>
    </testcase>
    <testcase time="0.070999999999998" classname="table_21" name="Table_21_generation_works_with_some_NA_values"/>
    <testcase time="0.00200000000000244" classname="table_21" name="Table_21_generation_works_with_some_NA_values"/>
    <testcase time="0.0629999999999953" classname="table_21" name="Table_21_generation_works_with_some_NA_values"/>
    <testcase time="0.258000000000003" classname="table_21" name="Table_21_generation_works_with_some_NA_values"/>
    <testcase time="0.0700000000000003" classname="table_21" name="Table_21_generation_works_with_some_NA_values">
      <skipped message="Reason: On CRAN ('test-table_21.R:82:3')"/>
    </testcase>
  </testsuite>
  <testsuite name="table_32" timestamp="2023-09-29T16:12:42Z" hostname="f241a94e6ba6" tests="16" skipped="4" failures="0" errors="0" time="1.128">
    <testcase time="0.0230000000000032" classname="table_32" name="Table_32_generation_works_with_default_values"/>
    <testcase time="0.0559999999999974" classname="table_32" name="Table_32_generation_works_with_default_values"/>
    <testcase time="0.140000000000001" classname="table_32" name="Table_32_generation_works_with_default_values"/>
    <testcase time="0.0450000000000017" classname="table_32" name="Table_32_generation_works_with_default_values">
      <skipped message="Reason: On CRAN ('test-table_32.R:8:3')"/>
    </testcase>
    <testcase time="0.0180000000000007" classname="table_32" name="Table_32_generation_works_with_custom_values"/>
    <testcase time="0.0569999999999951" classname="table_32" name="Table_32_generation_works_with_custom_values"/>
    <testcase time="0.178000000000004" classname="table_32" name="Table_32_generation_works_with_custom_values"/>
    <testcase time="0.0549999999999997" classname="table_32" name="Table_32_generation_works_with_custom_values">
      <skipped message="Reason: On CRAN ('test-table_32.R:30:3')"/>
    </testcase>
    <testcase time="0.0180000000000007" classname="table_32" name="Table_32_generation_works_with_pruned_rows"/>
    <testcase time="0.0640000000000001" classname="table_32" name="Table_32_generation_works_with_pruned_rows"/>
    <testcase time="0.134999999999998" classname="table_32" name="Table_32_generation_works_with_pruned_rows"/>
    <testcase time="0.0339999999999989" classname="table_32" name="Table_32_generation_works_with_pruned_rows">
      <skipped message="Reason: On CRAN ('test-table_32.R:37:3')"/>
    </testcase>
    <testcase time="0.0180000000000007" classname="table_32" name="Table_32_generation_works_with_risk_difference_column"/>
    <testcase time="0.0549999999999997" classname="table_32" name="Table_32_generation_works_with_risk_difference_column"/>
    <testcase time="0.176000000000002" classname="table_32" name="Table_32_generation_works_with_risk_difference_column"/>
    <testcase time="0.0559999999999974" classname="table_32" name="Table_32_generation_works_with_risk_difference_column">
      <skipped message="Reason: On CRAN ('test-table_32.R:45:3')"/>
    </testcase>
  </testsuite>
  <testsuite name="table_33" timestamp="2023-09-29T16:12:43Z" hostname="f241a94e6ba6" tests="16" skipped="4" failures="0" errors="0" time="1.885">
    <testcase time="0.0230000000000032" classname="table_33" name="Table_33_generation_works_with_default_values"/>
    <testcase time="0.293999999999997" classname="table_33" name="Table_33_generation_works_with_default_values"/>
    <testcase time="0.106000000000002" classname="table_33" name="Table_33_generation_works_with_default_values"/>
    <testcase time="0.036999999999999" classname="table_33" name="Table_33_generation_works_with_default_values">
      <skipped message="Reason: On CRAN ('test-table_33.R:8:3')"/>
    </testcase>
    <testcase time="0.0180000000000007" classname="table_33" name="Table_33_generation_works_with_custom_values"/>
    <testcase time="0.294000000000004" classname="table_33" name="Table_33_generation_works_with_custom_values"/>
    <testcase time="0.129999999999995" classname="table_33" name="Table_33_generation_works_with_custom_values"/>
    <testcase time="0.0429999999999993" classname="table_33" name="Table_33_generation_works_with_custom_values">
      <skipped message="Reason: On CRAN ('test-table_33.R:34:3')"/>
    </testcase>
    <testcase time="0.0190000000000055" classname="table_33" name="Table_33_generation_works_with_pruned_rows"/>
    <testcase time="0.300999999999995" classname="table_33" name="Table_33_generation_works_with_pruned_rows"/>
    <testcase time="0.106999999999999" classname="table_33" name="Table_33_generation_works_with_pruned_rows"/>
    <testcase time="0.0320000000000036" classname="table_33" name="Table_33_generation_works_with_pruned_rows">
      <skipped message="Reason: On CRAN ('test-table_33.R:42:3')"/>
    </testcase>
    <testcase time="0.0180000000000007" classname="table_33" name="Table_33_generation_works_with_risk_difference_column"/>
    <testcase time="0.274999999999999" classname="table_33" name="Table_33_generation_works_with_risk_difference_column"/>
    <testcase time="0.146000000000001" classname="table_33" name="Table_33_generation_works_with_risk_difference_column"/>
    <testcase time="0.0420000000000016" classname="table_33" name="Table_33_generation_works_with_risk_difference_column">
      <skipped message="Reason: On CRAN ('test-table_33.R:50:3')"/>
    </testcase>
  </testsuite>
  <testsuite name="table_34" timestamp="2023-09-29T16:12:45Z" hostname="f241a94e6ba6" tests="12" skipped="3" failures="0" errors="0" time="6.83">
    <testcase time="0.029999999999994" classname="table_34" name="Table_34_generation_works_with_default_values"/>
    <testcase time="0.0450000000000017" classname="table_34" name="Table_34_generation_works_with_default_values"/>
    <testcase time="1.889" classname="table_34" name="Table_34_generation_works_with_default_values"/>
    <testcase time="0.223999999999997" classname="table_34" name="Table_34_generation_works_with_default_values">
      <skipped message="Reason: On CRAN ('test-table_34.R:17:3')"/>
    </testcase>
    <testcase time="0.0190000000000055" classname="table_34" name="Table_34_generation_works_with_custom_values"/>
    <testcase time="0.0399999999999991" classname="table_34" name="Table_34_generation_works_with_custom_values"/>
    <testcase time="1.837" classname="table_34" name="Table_34_generation_works_with_custom_values"/>
    <testcase time="0.339999999999996" classname="table_34" name="Table_34_generation_works_with_custom_values">
      <skipped message="Reason: On CRAN ('test-table_34.R:49:3')"/>
    </testcase>
    <testcase time="0.0180000000000007" classname="table_34" name="Table_34_generation_works_with_risk_difference_column"/>
    <testcase time="0.046999999999997" classname="table_34" name="Table_34_generation_works_with_risk_difference_column"/>
    <testcase time="2.109" classname="table_34" name="Table_34_generation_works_with_risk_difference_column"/>
    <testcase time="0.231999999999999" classname="table_34" name="Table_34_generation_works_with_risk_difference_column">
      <skipped message="Reason: On CRAN ('test-table_34.R:57:3')"/>
    </testcase>
  </testsuite>
</testsuites>
