<?xml version="1.0" encoding="UTF-8"?>
<testsuites>
  <testsuite name="table_02" timestamp="2023-06-21T16:38:27Z" hostname="a7dc15dcccd9" tests="9" skipped="3" failures="0" errors="0" time="2.491">
    <testcase time="0.077" classname="table_02" name="Table_02_generation_works_with_default_values"/>
    <testcase time="0.781000000000001" classname="table_02" name="Table_02_generation_works_with_default_values"/>
    <testcase time="0.295" classname="table_02" name="Table_02_generation_works_with_default_values">
      <skipped message="Reason: On CRAN ('test-table_02.R:16:3')"/>
    </testcase>
    <testcase time="0.0889999999999995" classname="table_02" name="Table_02_generation_works_with_custom_values"/>
    <testcase time="0.644" classname="table_02" name="Table_02_generation_works_with_custom_values"/>
    <testcase time="0.321" classname="table_02" name="Table_02_generation_works_with_custom_values">
      <skipped message="Reason: On CRAN ('test-table_02.R:45:3')"/>
    </testcase>
    <testcase time="0.077" classname="table_02" name="Table_02_generation_works_with_some_NA_values"/>
    <testcase time="0.136" classname="table_02" name="Table_02_generation_works_with_some_NA_values"/>
    <testcase time="0.0709999999999997" classname="table_02" name="Table_02_generation_works_with_some_NA_values">
      <skipped message="Reason: On CRAN ('test-table_02.R:57:3')"/>
    </testcase>
  </testsuite>
  <testsuite name="table_05" timestamp="2023-06-21T16:38:30Z" hostname="a7dc15dcccd9" tests="9" skipped="3" failures="0" errors="0" time="1.709">
    <testcase time="0.267" classname="table_05" name="Table_05_generation_works_with_default_values"/>
    <testcase time="0.427" classname="table_05" name="Table_05_generation_works_with_default_values"/>
    <testcase time="0.108000000000001" classname="table_05" name="Table_05_generation_works_with_default_values">
      <skipped message="Reason: On CRAN ('test-table_05.R:10:3')"/>
    </testcase>
    <testcase time="0.0199999999999996" classname="table_05" name="Table_05_generation_works_with_custom_values"/>
    <testcase time="0.378" classname="table_05" name="Table_05_generation_works_with_custom_values"/>
    <testcase time="0.125" classname="table_05" name="Table_05_generation_works_with_custom_values">
      <skipped message="Reason: On CRAN ('test-table_05.R:34:3')"/>
    </testcase>
    <testcase time="0.0199999999999996" classname="table_05" name="Table_05_generation_works_with_NA_values_pruned_rows"/>
    <testcase time="0.255000000000001" classname="table_05" name="Table_05_generation_works_with_NA_values_pruned_rows"/>
    <testcase time="0.109" classname="table_05" name="Table_05_generation_works_with_NA_values_pruned_rows">
      <skipped message="Reason: On CRAN ('test-table_05.R:44:3')"/>
    </testcase>
  </testsuite>
  <testsuite name="table_06" timestamp="2023-06-21T16:38:31Z" hostname="a7dc15dcccd9" tests="10" skipped="2" failures="0" errors="0" time="2.096">
    <testcase time="0.0449999999999999" classname="table_06" name="Table_06_generation_works_with_default_values"/>
    <testcase time="0.00199999999999889" classname="table_06" name="Table_06_generation_works_with_default_values"/>
    <testcase time="0.0740000000000016" classname="table_06" name="Table_06_generation_works_with_default_values"/>
    <testcase time="0.548999999999999" classname="table_06" name="Table_06_generation_works_with_default_values"/>
    <testcase time="0.141" classname="table_06" name="Table_06_generation_works_with_default_values">
      <skipped message="Reason: On CRAN ('test-table_06.R:8:3')"/>
    </testcase>
    <testcase time="0.0190000000000001" classname="table_06" name="Table_06_generation_works_with_custom_values"/>
    <testcase time="0.00199999999999889" classname="table_06" name="Table_06_generation_works_with_custom_values"/>
    <testcase time="0.0760000000000005" classname="table_06" name="Table_06_generation_works_with_custom_values"/>
    <testcase time="0.994" classname="table_06" name="Table_06_generation_works_with_custom_values"/>
    <testcase time="0.194000000000001" classname="table_06" name="Table_06_generation_works_with_custom_values">
      <skipped message="Reason: On CRAN ('test-table_06.R:40:3')"/>
    </testcase>
  </testsuite>
  <testsuite name="table_07" timestamp="2023-06-21T16:38:33Z" hostname="a7dc15dcccd9" tests="18" skipped="3" failures="0" errors="0" time="2.211">
    <testcase time="0.0289999999999999" classname="table_07" name="Table_07_generation_works_with_default_values"/>
    <testcase time="0.000999999999999446" classname="table_07" name="Table_07_generation_works_with_default_values"/>
    <testcase time="0.000999999999999446" classname="table_07" name="Table_07_generation_works_with_default_values"/>
    <testcase time="0.0610000000000017" classname="table_07" name="Table_07_generation_works_with_default_values"/>
    <testcase time="0.438999999999998" classname="table_07" name="Table_07_generation_works_with_default_values"/>
    <testcase time="0.169" classname="table_07" name="Table_07_generation_works_with_default_values">
      <skipped message="Reason: On CRAN ('test-table_07.R:13:3')"/>
    </testcase>
    <testcase time="0.0180000000000007" classname="table_07" name="Table_07_generation_works_with_custom_values"/>
    <testcase time="0.00300000000000011" classname="table_07" name="Table_07_generation_works_with_custom_values"/>
    <testcase time="0.00199999999999889" classname="table_07" name="Table_07_generation_works_with_custom_values"/>
    <testcase time="0.0530000000000008" classname="table_07" name="Table_07_generation_works_with_custom_values"/>
    <testcase time="0.592000000000001" classname="table_07" name="Table_07_generation_works_with_custom_values"/>
    <testcase time="0.218999999999999" classname="table_07" name="Table_07_generation_works_with_custom_values">
      <skipped message="Reason: On CRAN ('test-table_07.R:42:3')"/>
    </testcase>
    <testcase time="0.0190000000000001" classname="table_07" name="Table_07_generation_works_with_NA_values_pruned_rows"/>
    <testcase time="0.00200000000000067" classname="table_07" name="Table_07_generation_works_with_NA_values_pruned_rows"/>
    <testcase time="0.000999999999999446" classname="table_07" name="Table_07_generation_works_with_NA_values_pruned_rows"/>
    <testcase time="0.0579999999999998" classname="table_07" name="Table_07_generation_works_with_NA_values_pruned_rows"/>
    <testcase time="0.375999999999999" classname="table_07" name="Table_07_generation_works_with_NA_values_pruned_rows"/>
    <testcase time="0.168000000000001" classname="table_07" name="Table_07_generation_works_with_NA_values_pruned_rows">
      <skipped message="Reason: On CRAN ('test-table_07.R:52:3')"/>
    </testcase>
  </testsuite>
  <testsuite name="table_08" timestamp="2023-06-21T16:38:36Z" hostname="a7dc15dcccd9" tests="8" skipped="2" failures="0" errors="0" time="0.59">
    <testcase time="0.0350000000000001" classname="table_08" name="Table_08_generation_works_with_default_values"/>
    <testcase time="0.00199999999999889" classname="table_08" name="Table_08_generation_works_with_default_values"/>
    <testcase time="0.0660000000000007" classname="table_08" name="Table_08_generation_works_with_default_values"/>
    <testcase time="0.167999999999999" classname="table_08" name="Table_08_generation_works_with_default_values">
      <skipped message="Reason: On CRAN ('test-table_08.R:10:3')"/>
    </testcase>
    <testcase time="0.0180000000000007" classname="table_08" name="Table_08_generation_works_with_custom_values"/>
    <testcase time="0.00199999999999889" classname="table_08" name="Table_08_generation_works_with_custom_values"/>
    <testcase time="0.0560000000000009" classname="table_08" name="Table_08_generation_works_with_custom_values"/>
    <testcase time="0.243" classname="table_08" name="Table_08_generation_works_with_custom_values">
      <skipped message="Reason: On CRAN ('test-table_08.R:31:3')"/>
    </testcase>
  </testsuite>
  <testsuite name="table_09" timestamp="2023-06-21T16:38:36Z" hostname="a7dc15dcccd9" tests="8" skipped="2" failures="0" errors="0" time="1.171">
    <testcase time="0.0259999999999998" classname="table_09" name="Table_09_generation_works_with_default_values"/>
    <testcase time="0.0649999999999995" classname="table_09" name="Table_09_generation_works_with_default_values"/>
    <testcase time="0.375999999999999" classname="table_09" name="Table_09_generation_works_with_default_values"/>
    <testcase time="0.088000000000001" classname="table_09" name="Table_09_generation_works_with_default_values">
      <skipped message="Reason: On CRAN ('test-table_09.R:8:3')"/>
    </testcase>
    <testcase time="0.0199999999999996" classname="table_09" name="Table_09_generation_works_with_custom_values"/>
    <testcase time="0.0560000000000009" classname="table_09" name="Table_09_generation_works_with_custom_values"/>
    <testcase time="0.446999999999999" classname="table_09" name="Table_09_generation_works_with_custom_values"/>
    <testcase time="0.093" classname="table_09" name="Table_09_generation_works_with_custom_values">
      <skipped message="Reason: On CRAN ('test-table_09.R:39:3')"/>
    </testcase>
  </testsuite>
  <testsuite name="table_13" timestamp="2023-06-21T16:38:37Z" hostname="a7dc15dcccd9" tests="8" skipped="2" failures="0" errors="0" time="0.691">
    <testcase time="0.0250000000000004" classname="table_13" name="Table_13_generation_works_with_default_values"/>
    <testcase time="0.0670000000000002" classname="table_13" name="Table_13_generation_works_with_default_values"/>
    <testcase time="0.164" classname="table_13" name="Table_13_generation_works_with_default_values"/>
    <testcase time="0.0990000000000002" classname="table_13" name="Table_13_generation_works_with_default_values">
      <skipped message="Reason: On CRAN ('test-table_13.R:8:3')"/>
    </testcase>
    <testcase time="0.0239999999999991" classname="table_13" name="Table_13_generation_works_with_custom_values"/>
    <testcase time="0.0640000000000001" classname="table_13" name="Table_13_generation_works_with_custom_values"/>
    <testcase time="0.183" classname="table_13" name="Table_13_generation_works_with_custom_values"/>
    <testcase time="0.0649999999999995" classname="table_13" name="Table_13_generation_works_with_custom_values">
      <skipped message="Reason: On CRAN ('test-table_13.R:38:3')"/>
    </testcase>
  </testsuite>
  <testsuite name="table_14" timestamp="2023-06-21T16:38:38Z" hostname="a7dc15dcccd9" tests="10" skipped="3" failures="0" errors="0" time="2.8">
    <testcase time="0.0370000000000008" classname="table_14" name="Table_14_generation_works_with_default_values"/>
    <testcase time="0.697999999999999" classname="table_14" name="Table_14_generation_works_with_default_values"/>
    <testcase time="0.203000000000001" classname="table_14" name="Table_14_generation_works_with_default_values">
      <skipped message="Reason: On CRAN ('test-table_14.R:16:3')"/>
    </testcase>
    <testcase time="0.0169999999999995" classname="table_14" name="Table_14_generation_works_with_custom_values"/>
    <testcase time="0.0619999999999994" classname="table_14" name="Table_14_generation_works_with_custom_values"/>
    <testcase time="0.712999999999999" classname="table_14" name="Table_14_generation_works_with_custom_values"/>
    <testcase time="0.207000000000001" classname="table_14" name="Table_14_generation_works_with_custom_values">
      <skipped message="Reason: On CRAN ('test-table_14.R:46:3')"/>
    </testcase>
    <testcase time="0.0180000000000007" classname="table_14" name="Table_14_generation_works_with_NA_values_pruned_rows"/>
    <testcase time="0.684000000000001" classname="table_14" name="Table_14_generation_works_with_NA_values_pruned_rows"/>
    <testcase time="0.160999999999998" classname="table_14" name="Table_14_generation_works_with_NA_values_pruned_rows">
      <skipped message="Reason: On CRAN ('test-table_14.R:53:3')"/>
    </testcase>
  </testsuite>
  <testsuite name="table_20" timestamp="2023-06-21T16:38:41Z" hostname="a7dc15dcccd9" tests="18" skipped="3" failures="0" errors="0" time="2.336">
    <testcase time="0.0300000000000011" classname="table_20" name="Table_20_generation_works_with_default_values"/>
    <testcase time="0.00199999999999889" classname="table_20" name="Table_20_generation_works_with_default_values"/>
    <testcase time="0.00200000000000244" classname="table_20" name="Table_20_generation_works_with_default_values"/>
    <testcase time="0.0579999999999998" classname="table_20" name="Table_20_generation_works_with_default_values"/>
    <testcase time="0.478999999999999" classname="table_20" name="Table_20_generation_works_with_default_values"/>
    <testcase time="0.120000000000001" classname="table_20" name="Table_20_generation_works_with_default_values">
      <skipped message="Reason: On CRAN ('test-table_20.R:17:3')"/>
    </testcase>
    <testcase time="0.0179999999999971" classname="table_20" name="Table_20_generation_works_with_custom_values"/>
    <testcase time="0.00200000000000244" classname="table_20" name="Table_20_generation_works_with_custom_values"/>
    <testcase time="0.00300000000000011" classname="table_20" name="Table_20_generation_works_with_custom_values"/>
    <testcase time="0.0589999999999975" classname="table_20" name="Table_20_generation_works_with_custom_values"/>
    <testcase time="0.73" classname="table_20" name="Table_20_generation_works_with_custom_values"/>
    <testcase time="0.170999999999999" classname="table_20" name="Table_20_generation_works_with_custom_values">
      <skipped message="Reason: On CRAN ('test-table_20.R:65:3')"/>
    </testcase>
    <testcase time="0.0200000000000031" classname="table_20" name="Table_20_generation_works_with_missing_values_pruned_rows"/>
    <testcase time="0.00199999999999889" classname="table_20" name="Table_20_generation_works_with_missing_values_pruned_rows"/>
    <testcase time="0.00199999999999889" classname="table_20" name="Table_20_generation_works_with_missing_values_pruned_rows"/>
    <testcase time="0.0579999999999998" classname="table_20" name="Table_20_generation_works_with_missing_values_pruned_rows"/>
    <testcase time="0.466000000000001" classname="table_20" name="Table_20_generation_works_with_missing_values_pruned_rows"/>
    <testcase time="0.114000000000001" classname="table_20" name="Table_20_generation_works_with_missing_values_pruned_rows">
      <skipped message="Reason: On CRAN ('test-table_20.R:74:3')"/>
    </testcase>
  </testsuite>
  <testsuite name="table_32" timestamp="2023-06-21T16:38:43Z" hostname="a7dc15dcccd9" tests="12" skipped="3" failures="0" errors="0" time="1.001">
    <testcase time="0.0259999999999998" classname="table_32" name="Table_32_generation_works_with_default_values"/>
    <testcase time="0.0779999999999994" classname="table_32" name="Table_32_generation_works_with_default_values"/>
    <testcase time="0.149999999999999" classname="table_32" name="Table_32_generation_works_with_default_values"/>
    <testcase time="0.0700000000000003" classname="table_32" name="Table_32_generation_works_with_default_values">
      <skipped message="Reason: On CRAN ('test-table_32.R:8:3')"/>
    </testcase>
    <testcase time="0.0210000000000008" classname="table_32" name="Table_32_generation_works_with_custom_values"/>
    <testcase time="0.0949999999999989" classname="table_32" name="Table_32_generation_works_with_custom_values"/>
    <testcase time="0.185000000000002" classname="table_32" name="Table_32_generation_works_with_custom_values"/>
    <testcase time="0.0749999999999993" classname="table_32" name="Table_32_generation_works_with_custom_values">
      <skipped message="Reason: On CRAN ('test-table_32.R:30:3')"/>
    </testcase>
    <testcase time="0.0180000000000007" classname="table_32" name="Table_32_generation_works_with_pruned_rows"/>
    <testcase time="0.0689999999999991" classname="table_32" name="Table_32_generation_works_with_pruned_rows"/>
    <testcase time="0.167000000000002" classname="table_32" name="Table_32_generation_works_with_pruned_rows"/>
    <testcase time="0.046999999999997" classname="table_32" name="Table_32_generation_works_with_pruned_rows">
      <skipped message="Reason: On CRAN ('test-table_32.R:37:3')"/>
    </testcase>
  </testsuite>
  <testsuite name="table_33" timestamp="2023-06-21T16:38:44Z" hostname="a7dc15dcccd9" tests="12" skipped="3" failures="0" errors="0" time="1.895">
    <testcase time="0.0259999999999998" classname="table_33" name="Table_33_generation_works_with_default_values"/>
    <testcase time="0.433000000000003" classname="table_33" name="Table_33_generation_works_with_default_values"/>
    <testcase time="0.131999999999998" classname="table_33" name="Table_33_generation_works_with_default_values"/>
    <testcase time="0.0530000000000008" classname="table_33" name="Table_33_generation_works_with_default_values">
      <skipped message="Reason: On CRAN ('test-table_33.R:8:3')"/>
    </testcase>
    <testcase time="0.0210000000000008" classname="table_33" name="Table_33_generation_works_with_custom_values"/>
    <testcase time="0.420999999999999" classname="table_33" name="Table_33_generation_works_with_custom_values"/>
    <testcase time="0.152999999999999" classname="table_33" name="Table_33_generation_works_with_custom_values"/>
    <testcase time="0.0570000000000022" classname="table_33" name="Table_33_generation_works_with_custom_values">
      <skipped message="Reason: On CRAN ('test-table_33.R:34:3')"/>
    </testcase>
    <testcase time="0.0179999999999971" classname="table_33" name="Table_33_generation_works_with_pruned_rows"/>
    <testcase time="0.412000000000003" classname="table_33" name="Table_33_generation_works_with_pruned_rows"/>
    <testcase time="0.125" classname="table_33" name="Table_33_generation_works_with_pruned_rows"/>
    <testcase time="0.0440000000000005" classname="table_33" name="Table_33_generation_works_with_pruned_rows">
      <skipped message="Reason: On CRAN ('test-table_33.R:42:3')"/>
    </testcase>
  </testsuite>
</testsuites>
