<?xml version="1.0" encoding="UTF-8"?>
<testsuites>
  <testsuite name="falcon" timestamp="2023-04-05T14:52:27Z" hostname="b7e0bdfd391e" tests="1" skipped="0" failures="0" errors="0" time="0.032">
    <testcase time="0.032" classname="falcon" name="dummy_test"/>
  </testsuite>
</testsuites>
