<?xml version="1.0" encoding="UTF-8"?>
<testsuites>
  <testsuite name="falcon" timestamp="2023-03-24T14:35:01Z" hostname="041e607c5a4a" tests="1" skipped="0" failures="0" errors="0" time="0.029">
    <testcase time="0.0290000000000004" classname="falcon" name="dummy_test"/>
  </testsuite>
</testsuites>
