<?xml version="1.0" encoding="UTF-8"?>
<testsuites>
  <testsuite name="table_06" timestamp="2023-05-17T14:43:52Z" hostname="acba695901b5" tests="10" skipped="2" failures="0" errors="0" time="1.759">
    <testcase time="0.016" classname="table_06" name="Table_06_generation_works_with_default_values"/>
    <testcase time="0.0180000000000002" classname="table_06" name="Table_06_generation_works_with_default_values"/>
    <testcase time="0.241" classname="table_06" name="Table_06_generation_works_with_default_values"/>
    <testcase time="0.593" classname="table_06" name="Table_06_generation_works_with_default_values"/>
    <testcase time="0.142" classname="table_06" name="Table_06_generation_works_with_default_values">
      <skipped message="Reason: On CRAN ('test-table_06.R:8:3')"/>
    </testcase>
    <testcase time="0.0289999999999999" classname="table_06" name="Table_06_generation_works_with_custom_values"/>
    <testcase time="0.00099999999999989" classname="table_06" name="Table_06_generation_works_with_custom_values"/>
    <testcase time="0.0529999999999999" classname="table_06" name="Table_06_generation_works_with_custom_values"/>
    <testcase time="0.503" classname="table_06" name="Table_06_generation_works_with_custom_values"/>
    <testcase time="0.163" classname="table_06" name="Table_06_generation_works_with_custom_values">
      <skipped message="Reason: On CRAN ('test-table_06.R:40:3')"/>
    </testcase>
  </testsuite>
  <testsuite name="table_07" timestamp="2023-05-17T14:43:53Z" hostname="acba695901b5" tests="18" skipped="3" failures="0" errors="0" time="1.534">
    <testcase time="0.0459999999999994" classname="table_07" name="Table_07_generation_works_with_default_values"/>
    <testcase time="0.00200000000000067" classname="table_07" name="Table_07_generation_works_with_default_values"/>
    <testcase time="0.000999999999999446" classname="table_07" name="Table_07_generation_works_with_default_values"/>
    <testcase time="0.0380000000000003" classname="table_07" name="Table_07_generation_works_with_default_values"/>
    <testcase time="0.318000000000001" classname="table_07" name="Table_07_generation_works_with_default_values"/>
    <testcase time="0.0949999999999998" classname="table_07" name="Table_07_generation_works_with_default_values">
      <skipped message="Reason: On CRAN ('test-table_07.R:13:3')"/>
    </testcase>
    <testcase time="0.0140000000000002" classname="table_07" name="Table_07_generation_works_with_custom_values"/>
    <testcase time="0.000999999999999446" classname="table_07" name="Table_07_generation_works_with_custom_values"/>
    <testcase time="0.00100000000000033" classname="table_07" name="Table_07_generation_works_with_custom_values"/>
    <testcase time="0.0389999999999997" classname="table_07" name="Table_07_generation_works_with_custom_values"/>
    <testcase time="0.45" classname="table_07" name="Table_07_generation_works_with_custom_values"/>
    <testcase time="0.0960000000000001" classname="table_07" name="Table_07_generation_works_with_custom_values">
      <skipped message="Reason: On CRAN ('test-table_07.R:42:3')"/>
    </testcase>
    <testcase time="0.0140000000000002" classname="table_07" name="Table_07_generation_works_with_NA_values_pruned_rows"/>
    <testcase time="0.000999999999999446" classname="table_07" name="Table_07_generation_works_with_NA_values_pruned_rows"/>
    <testcase time="0.00199999999999978" classname="table_07" name="Table_07_generation_works_with_NA_values_pruned_rows"/>
    <testcase time="0.0390000000000006" classname="table_07" name="Table_07_generation_works_with_NA_values_pruned_rows"/>
    <testcase time="0.274999999999999" classname="table_07" name="Table_07_generation_works_with_NA_values_pruned_rows"/>
    <testcase time="0.102" classname="table_07" name="Table_07_generation_works_with_NA_values_pruned_rows">
      <skipped message="Reason: On CRAN ('test-table_07.R:52:3')"/>
    </testcase>
  </testsuite>
  <testsuite name="table_09" timestamp="2023-05-17T14:43:55Z" hostname="acba695901b5" tests="8" skipped="2" failures="0" errors="0" time="0.788">
    <testcase time="0.0300000000000002" classname="table_09" name="Table_09_generation_works_with_default_values"/>
    <testcase time="0.0389999999999997" classname="table_09" name="Table_09_generation_works_with_default_values"/>
    <testcase time="0.253" classname="table_09" name="Table_09_generation_works_with_default_values"/>
    <testcase time="0.0519999999999996" classname="table_09" name="Table_09_generation_works_with_default_values">
      <skipped message="Reason: On CRAN ('test-table_09.R:8:3')"/>
    </testcase>
    <testcase time="0.0130000000000008" classname="table_09" name="Table_09_generation_works_with_custom_values"/>
    <testcase time="0.0409999999999995" classname="table_09" name="Table_09_generation_works_with_custom_values"/>
    <testcase time="0.301" classname="table_09" name="Table_09_generation_works_with_custom_values"/>
    <testcase time="0.0590000000000002" classname="table_09" name="Table_09_generation_works_with_custom_values">
      <skipped message="Reason: On CRAN ('test-table_09.R:39:3')"/>
    </testcase>
  </testsuite>
  <testsuite name="table_13" timestamp="2023-05-17T14:43:56Z" hostname="acba695901b5" tests="8" skipped="2" failures="0" errors="0" time="0.485">
    <testcase time="0.0179999999999998" classname="table_13" name="Table_13_generation_works_with_default_values"/>
    <testcase time="0.048" classname="table_13" name="Table_13_generation_works_with_default_values"/>
    <testcase time="0.12" classname="table_13" name="Table_13_generation_works_with_default_values"/>
    <testcase time="0.0600000000000005" classname="table_13" name="Table_13_generation_works_with_default_values">
      <skipped message="Reason: On CRAN ('test-table_13.R:8:3')"/>
    </testcase>
    <testcase time="0.0140000000000002" classname="table_13" name="Table_13_generation_works_with_custom_values"/>
    <testcase time="0.048" classname="table_13" name="Table_13_generation_works_with_custom_values"/>
    <testcase time="0.138999999999999" classname="table_13" name="Table_13_generation_works_with_custom_values"/>
    <testcase time="0.0380000000000003" classname="table_13" name="Table_13_generation_works_with_custom_values">
      <skipped message="Reason: On CRAN ('test-table_13.R:38:3')"/>
    </testcase>
  </testsuite>
</testsuites>
