<?xml version="1.0" encoding="UTF-8"?>
<testsuites>
  <testsuite name="table_02" timestamp="2023-09-29T14:57:28Z" hostname="afc16f6040c3" tests="33" skipped="10" failures="0" errors="0" time="18.153">
    <testcase time="0.0829999999999997" classname="table_02" name="Table_02_generation_works_with_default_values"/>
    <testcase time="0.125" classname="table_02" name="Table_02_generation_works_with_default_values"/>
    <testcase time="0.56" classname="table_02" name="Table_02_generation_works_with_default_values"/>
    <testcase time="0.269" classname="table_02" name="Table_02_generation_works_with_default_values">
      <skipped message="Reason: On CRAN ('test-table_02.R:16:3')"/>
    </testcase>
    <testcase time="0.0750000000000002" classname="table_02" name="Table_02_generation_works_with_custom_values"/>
    <testcase time="0.0670000000000002" classname="table_02" name="Table_02_generation_works_with_custom_values"/>
    <testcase time="0.516" classname="table_02" name="Table_02_generation_works_with_custom_values"/>
    <testcase time="0.347" classname="table_02" name="Table_02_generation_works_with_custom_values">
      <skipped message="Reason: On CRAN ('test-table_02.R:45:3')"/>
    </testcase>
    <testcase time="0.0670000000000002" classname="table_02" name="Table_02_generation_works_with_some_NA_values"/>
    <testcase time="0.0659999999999998" classname="table_02" name="Table_02_generation_works_with_some_NA_values"/>
    <testcase time="0.0960000000000001" classname="table_02" name="Table_02_generation_works_with_some_NA_values"/>
    <testcase time="0.0760000000000005" classname="table_02" name="Table_02_generation_works_with_some_NA_values">
      <skipped message="Reason: On CRAN ('test-table_02.R:57:3')"/>
    </testcase>
    <testcase time="0.0219999999999994" classname="table_02" name="Table_02_generation_tplyr_works_with_default_values"/>
    <testcase time="2.302" classname="table_02" name="Table_02_generation_tplyr_works_with_default_values"/>
    <testcase time="0.043000000000001" classname="table_02" name="Table_02_generation_tplyr_works_with_default_values">
      <skipped message="Reason: On CRAN ('test-table_02.R:66:3')"/>
    </testcase>
    <testcase time="0.0190000000000001" classname="table_02" name="Table_02_generation_tplyr_works_with_tplyr_raw_TRUE"/>
    <testcase time="1.418" classname="table_02" name="Table_02_generation_tplyr_works_with_tplyr_raw_TRUE"/>
    <testcase time="0.0280000000000005" classname="table_02" name="Table_02_generation_tplyr_works_with_tplyr_raw_TRUE">
      <skipped message="Reason: On CRAN ('test-table_02.R:75:3')"/>
    </testcase>
    <testcase time="0.0519999999999996" classname="table_02" name="Table_02_generation_tplyr_works_with_custom_values"/>
    <testcase time="2.22" classname="table_02" name="Table_02_generation_tplyr_works_with_custom_values"/>
    <testcase time="0.0339999999999989" classname="table_02" name="Table_02_generation_tplyr_works_with_custom_values">
      <skipped message="Reason: On CRAN ('test-table_02.R:102:3')"/>
    </testcase>
    <testcase time="0.0460000000000012" classname="table_02" name="Table_02_generation_tplyr_works_with_some_NA_values"/>
    <testcase time="0.850999999999999" classname="table_02" name="Table_02_generation_tplyr_works_with_some_NA_values"/>
    <testcase time="0.027000000000001" classname="table_02" name="Table_02_generation_tplyr_works_with_some_NA_values">
      <skipped message="Reason: On CRAN ('test-table_02.R:119:3')"/>
    </testcase>
    <testcase time="0.0189999999999984" classname="table_02" name="Table_02_generation_gt_works_with_default_values"/>
    <testcase time="3.551" classname="table_02" name="Table_02_generation_gt_works_with_default_values"/>
    <testcase time="0.00900000000000034" classname="table_02" name="Table_02_generation_gt_works_with_default_values">
      <skipped message="Reason: On CRAN ('test-table_02.R:128:3')"/>
    </testcase>
    <testcase time="0.054000000000002" classname="table_02" name="Table_02_generation_gt_works_with_custom_values"/>
    <testcase time="3.974" classname="table_02" name="Table_02_generation_gt_works_with_custom_values"/>
    <testcase time="0.00700000000000145" classname="table_02" name="Table_02_generation_gt_works_with_custom_values">
      <skipped message="Reason: On CRAN ('test-table_02.R:146:3')"/>
    </testcase>
    <testcase time="0.0489999999999995" classname="table_02" name="Table_02_generation_gt_works_with_some_NA_values"/>
    <testcase time="1.073" classname="table_02" name="Table_02_generation_gt_works_with_some_NA_values"/>
    <testcase time="0.00799999999999912" classname="table_02" name="Table_02_generation_gt_works_with_some_NA_values">
      <skipped message="Reason: On CRAN ('test-table_02.R:163:3')"/>
    </testcase>
  </testsuite>
  <testsuite name="table_04" timestamp="2023-09-29T14:57:46Z" hostname="afc16f6040c3" tests="12" skipped="2" failures="0" errors="0" time="1.237">
    <testcase time="0.049000000000003" classname="table_04" name="Table_04_generation_works_with_default_values"/>
    <testcase time="0.000999999999997669" classname="table_04" name="Table_04_generation_works_with_default_values"/>
    <testcase time="0.00100000000000122" classname="table_04" name="Table_04_generation_works_with_default_values"/>
    <testcase time="0.000999999999997669" classname="table_04" name="Table_04_generation_works_with_default_values"/>
    <testcase time="0.510000000000002" classname="table_04" name="Table_04_generation_works_with_default_values"/>
    <testcase time="0.132999999999999" classname="table_04" name="Table_04_generation_works_with_default_values">
      <skipped message="Reason: On CRAN ('test-table_04.R:18:3')"/>
    </testcase>
    <testcase time="0.0180000000000007" classname="table_04" name="Table_04_generation_works_with_custom_values"/>
    <testcase time="0.00100000000000122" classname="table_04" name="Table_04_generation_works_with_custom_values"/>
    <testcase time="0.000999999999997669" classname="table_04" name="Table_04_generation_works_with_custom_values"/>
    <testcase time="0.00200000000000244" classname="table_04" name="Table_04_generation_works_with_custom_values"/>
    <testcase time="0.41" classname="table_04" name="Table_04_generation_works_with_custom_values"/>
    <testcase time="0.109999999999999" classname="table_04" name="Table_04_generation_works_with_custom_values">
      <skipped message="Reason: On CRAN ('test-table_04.R:44:3')"/>
    </testcase>
  </testsuite>
  <testsuite name="table_05" timestamp="2023-09-29T14:57:48Z" hostname="afc16f6040c3" tests="9" skipped="3" failures="0" errors="0" time="1.46">
    <testcase time="0.204999999999998" classname="table_05" name="Table_05_generation_works_with_default_values"/>
    <testcase time="0.258000000000003" classname="table_05" name="Table_05_generation_works_with_default_values"/>
    <testcase time="0.111999999999998" classname="table_05" name="Table_05_generation_works_with_default_values">
      <skipped message="Reason: On CRAN ('test-table_05.R:10:3')"/>
    </testcase>
    <testcase time="0.0210000000000008" classname="table_05" name="Table_05_generation_works_with_custom_values"/>
    <testcase time="0.384" classname="table_05" name="Table_05_generation_works_with_custom_values"/>
    <testcase time="0.119" classname="table_05" name="Table_05_generation_works_with_custom_values">
      <skipped message="Reason: On CRAN ('test-table_05.R:34:3')"/>
    </testcase>
    <testcase time="0.0229999999999997" classname="table_05" name="Table_05_generation_works_with_NA_values_pruned_rows"/>
    <testcase time="0.242000000000001" classname="table_05" name="Table_05_generation_works_with_NA_values_pruned_rows"/>
    <testcase time="0.0960000000000001" classname="table_05" name="Table_05_generation_works_with_NA_values_pruned_rows">
      <skipped message="Reason: On CRAN ('test-table_05.R:44:3')"/>
    </testcase>
  </testsuite>
  <testsuite name="table_06" timestamp="2023-09-29T14:57:49Z" hostname="afc16f6040c3" tests="10" skipped="2" failures="0" errors="0" time="1.809">
    <testcase time="0.0239999999999974" classname="table_06" name="Table_06_generation_works_with_default_values"/>
    <testcase time="0.00100000000000122" classname="table_06" name="Table_06_generation_works_with_default_values"/>
    <testcase time="0.0629999999999988" classname="table_06" name="Table_06_generation_works_with_default_values"/>
    <testcase time="0.554000000000002" classname="table_06" name="Table_06_generation_works_with_default_values"/>
    <testcase time="0.122999999999998" classname="table_06" name="Table_06_generation_works_with_default_values">
      <skipped message="Reason: On CRAN ('test-table_06.R:8:3')"/>
    </testcase>
    <testcase time="0.0210000000000008" classname="table_06" name="Table_06_generation_works_with_custom_values"/>
    <testcase time="0.00100000000000122" classname="table_06" name="Table_06_generation_works_with_custom_values"/>
    <testcase time="0.070999999999998" classname="table_06" name="Table_06_generation_works_with_custom_values"/>
    <testcase time="0.746000000000002" classname="table_06" name="Table_06_generation_works_with_custom_values"/>
    <testcase time="0.204999999999998" classname="table_06" name="Table_06_generation_works_with_custom_values">
      <skipped message="Reason: On CRAN ('test-table_06.R:40:3')"/>
    </testcase>
  </testsuite>
  <testsuite name="table_07" timestamp="2023-09-29T14:57:51Z" hostname="afc16f6040c3" tests="18" skipped="3" failures="0" errors="0" time="2.471">
    <testcase time="0.032" classname="table_07" name="Table_07_generation_works_with_default_values"/>
    <testcase time="0.00199999999999889" classname="table_07" name="Table_07_generation_works_with_default_values"/>
    <testcase time="0.00100000000000122" classname="table_07" name="Table_07_generation_works_with_default_values"/>
    <testcase time="0.0549999999999997" classname="table_07" name="Table_07_generation_works_with_default_values"/>
    <testcase time="0.506" classname="table_07" name="Table_07_generation_works_with_default_values"/>
    <testcase time="0.166" classname="table_07" name="Table_07_generation_works_with_default_values">
      <skipped message="Reason: On CRAN ('test-table_07.R:13:3')"/>
    </testcase>
    <testcase time="0.0199999999999996" classname="table_07" name="Table_07_generation_works_with_custom_values"/>
    <testcase time="0.00100000000000122" classname="table_07" name="Table_07_generation_works_with_custom_values"/>
    <testcase time="0.000999999999997669" classname="table_07" name="Table_07_generation_works_with_custom_values"/>
    <testcase time="0.0510000000000019" classname="table_07" name="Table_07_generation_works_with_custom_values"/>
    <testcase time="0.707999999999998" classname="table_07" name="Table_07_generation_works_with_custom_values"/>
    <testcase time="0.224" classname="table_07" name="Table_07_generation_works_with_custom_values">
      <skipped message="Reason: On CRAN ('test-table_07.R:42:3')"/>
    </testcase>
    <testcase time="0.0199999999999996" classname="table_07" name="Table_07_generation_works_with_NA_values_pruned_rows"/>
    <testcase time="0.00200000000000244" classname="table_07" name="Table_07_generation_works_with_NA_values_pruned_rows"/>
    <testcase time="0.000999999999997669" classname="table_07" name="Table_07_generation_works_with_NA_values_pruned_rows"/>
    <testcase time="0.054000000000002" classname="table_07" name="Table_07_generation_works_with_NA_values_pruned_rows"/>
    <testcase time="0.466999999999999" classname="table_07" name="Table_07_generation_works_with_NA_values_pruned_rows"/>
    <testcase time="0.16" classname="table_07" name="Table_07_generation_works_with_NA_values_pruned_rows">
      <skipped message="Reason: On CRAN ('test-table_07.R:52:3')"/>
    </testcase>
  </testsuite>
  <testsuite name="table_08" timestamp="2023-09-29T14:57:53Z" hostname="afc16f6040c3" tests="8" skipped="2" failures="0" errors="0" time="0.538">
    <testcase time="0.0259999999999998" classname="table_08" name="Table_08_generation_works_with_default_values"/>
    <testcase time="0.00199999999999889" classname="table_08" name="Table_08_generation_works_with_default_values"/>
    <testcase time="0.0600000000000023" classname="table_08" name="Table_08_generation_works_with_default_values"/>
    <testcase time="0.169" classname="table_08" name="Table_08_generation_works_with_default_values">
      <skipped message="Reason: On CRAN ('test-table_08.R:10:3')"/>
    </testcase>
    <testcase time="0.0199999999999996" classname="table_08" name="Table_08_generation_works_with_custom_values"/>
    <testcase time="0.000999999999997669" classname="table_08" name="Table_08_generation_works_with_custom_values"/>
    <testcase time="0.0560000000000009" classname="table_08" name="Table_08_generation_works_with_custom_values"/>
    <testcase time="0.204000000000001" classname="table_08" name="Table_08_generation_works_with_custom_values">
      <skipped message="Reason: On CRAN ('test-table_08.R:31:3')"/>
    </testcase>
  </testsuite>
  <testsuite name="table_09" timestamp="2023-09-29T14:57:54Z" hostname="afc16f6040c3" tests="8" skipped="2" failures="0" errors="0" time="1.185">
    <testcase time="0.0240000000000009" classname="table_09" name="Table_09_generation_works_with_default_values"/>
    <testcase time="0.0479999999999983" classname="table_09" name="Table_09_generation_works_with_default_values"/>
    <testcase time="0.379999999999999" classname="table_09" name="Table_09_generation_works_with_default_values"/>
    <testcase time="0.0750000000000028" classname="table_09" name="Table_09_generation_works_with_default_values">
      <skipped message="Reason: On CRAN ('test-table_09.R:8:3')"/>
    </testcase>
    <testcase time="0.0219999999999985" classname="table_09" name="Table_09_generation_works_with_custom_values"/>
    <testcase time="0.0530000000000008" classname="table_09" name="Table_09_generation_works_with_custom_values"/>
    <testcase time="0.495000000000001" classname="table_09" name="Table_09_generation_works_with_custom_values"/>
    <testcase time="0.0879999999999974" classname="table_09" name="Table_09_generation_works_with_custom_values">
      <skipped message="Reason: On CRAN ('test-table_09.R:39:3')"/>
    </testcase>
  </testsuite>
  <testsuite name="table_10" timestamp="2023-09-29T14:57:55Z" hostname="afc16f6040c3" tests="10" skipped="2" failures="0" errors="0" time="1.332">
    <testcase time="0.0310000000000024" classname="table_10" name="Table_10_generation_works_with_default_values"/>
    <testcase time="0.000999999999997669" classname="table_10" name="Table_10_generation_works_with_default_values"/>
    <testcase time="0.0620000000000012" classname="table_10" name="Table_10_generation_works_with_default_values"/>
    <testcase time="0.489999999999998" classname="table_10" name="Table_10_generation_works_with_default_values"/>
    <testcase time="0.164000000000001" classname="table_10" name="Table_10_generation_works_with_default_values">
      <skipped message="Reason: On CRAN ('test-table_10.R:17:3')"/>
    </testcase>
    <testcase time="0.0189999999999984" classname="table_10" name="Table_10_generation_works_with_custom_values"/>
    <testcase time="0.00200000000000244" classname="table_10" name="Table_10_generation_works_with_custom_values"/>
    <testcase time="0.0479999999999983" classname="table_10" name="Table_10_generation_works_with_custom_values"/>
    <testcase time="0.445" classname="table_10" name="Table_10_generation_works_with_custom_values"/>
    <testcase time="0.0700000000000003" classname="table_10" name="Table_10_generation_works_with_custom_values">
      <skipped message="Reason: On CRAN ('test-table_10.R:52:3')"/>
    </testcase>
  </testsuite>
  <testsuite name="table_11" timestamp="2023-09-29T14:57:56Z" hostname="afc16f6040c3" tests="8" skipped="2" failures="0" errors="0" time="1.939">
    <testcase time="0.032" classname="table_11" name="Table_11_generation_works_with_default_values"/>
    <testcase time="0.0590000000000011" classname="table_11" name="Table_11_generation_works_with_default_values"/>
    <testcase time="0.779" classname="table_11" name="Table_11_generation_works_with_default_values"/>
    <testcase time="0.173999999999999" classname="table_11" name="Table_11_generation_works_with_default_values">
      <skipped message="Reason: On CRAN ('test-table_11.R:18:3')"/>
    </testcase>
    <testcase time="0.0219999999999985" classname="table_11" name="Table_11_generation_works_with_custom_values"/>
    <testcase time="0.0510000000000019" classname="table_11" name="Table_11_generation_works_with_custom_values"/>
    <testcase time="0.734000000000002" classname="table_11" name="Table_11_generation_works_with_custom_values"/>
    <testcase time="0.088000000000001" classname="table_11" name="Table_11_generation_works_with_custom_values">
      <skipped message="Reason: On CRAN ('test-table_11.R:48:3')"/>
    </testcase>
  </testsuite>
  <testsuite name="table_12" timestamp="2023-09-29T14:57:58Z" hostname="afc16f6040c3" tests="8" skipped="2" failures="0" errors="0" time="2.644">
    <testcase time="0.0329999999999941" classname="table_12" name="Table_12_generation_works_with_default_values"/>
    <testcase time="0.0710000000000051" classname="table_12" name="Table_12_generation_works_with_default_values"/>
    <testcase time="1.061" classname="table_12" name="Table_12_generation_works_with_default_values"/>
    <testcase time="0.150999999999996" classname="table_12" name="Table_12_generation_works_with_default_values">
      <skipped message="Reason: On CRAN ('test-table_12.R:9:3')"/>
    </testcase>
    <testcase time="0.0219999999999985" classname="table_12" name="Table_12_generation_works_with_custom_values"/>
    <testcase time="0.0670000000000002" classname="table_12" name="Table_12_generation_works_with_custom_values"/>
    <testcase time="1.087" classname="table_12" name="Table_12_generation_works_with_custom_values"/>
    <testcase time="0.152000000000001" classname="table_12" name="Table_12_generation_works_with_custom_values">
      <skipped message="Reason: On CRAN ('test-table_12.R:39:3')"/>
    </testcase>
  </testsuite>
  <testsuite name="table_13" timestamp="2023-09-29T14:58:01Z" hostname="afc16f6040c3" tests="8" skipped="2" failures="0" errors="0" time="0.677">
    <testcase time="0.0240000000000009" classname="table_13" name="Table_13_generation_works_with_default_values"/>
    <testcase time="0.0559999999999974" classname="table_13" name="Table_13_generation_works_with_default_values"/>
    <testcase time="0.173000000000002" classname="table_13" name="Table_13_generation_works_with_default_values"/>
    <testcase time="0.0929999999999964" classname="table_13" name="Table_13_generation_works_with_default_values">
      <skipped message="Reason: On CRAN ('test-table_13.R:8:3')"/>
    </testcase>
    <testcase time="0.0210000000000008" classname="table_13" name="Table_13_generation_works_with_custom_values"/>
    <testcase time="0.0579999999999998" classname="table_13" name="Table_13_generation_works_with_custom_values"/>
    <testcase time="0.192" classname="table_13" name="Table_13_generation_works_with_custom_values"/>
    <testcase time="0.0600000000000023" classname="table_13" name="Table_13_generation_works_with_custom_values">
      <skipped message="Reason: On CRAN ('test-table_13.R:38:3')"/>
    </testcase>
  </testsuite>
  <testsuite name="table_14" timestamp="2023-09-29T14:58:02Z" hostname="afc16f6040c3" tests="10" skipped="3" failures="0" errors="0" time="3.198">
    <testcase time="0.0330000000000013" classname="table_14" name="Table_14_generation_works_with_default_values"/>
    <testcase time="0.75" classname="table_14" name="Table_14_generation_works_with_default_values"/>
    <testcase time="0.194000000000003" classname="table_14" name="Table_14_generation_works_with_default_values">
      <skipped message="Reason: On CRAN ('test-table_14.R:16:3')"/>
    </testcase>
    <testcase time="0.0259999999999962" classname="table_14" name="Table_14_generation_works_with_custom_values"/>
    <testcase time="0.0560000000000045" classname="table_14" name="Table_14_generation_works_with_custom_values"/>
    <testcase time="0.786999999999999" classname="table_14" name="Table_14_generation_works_with_custom_values"/>
    <testcase time="0.201000000000001" classname="table_14" name="Table_14_generation_works_with_custom_values">
      <skipped message="Reason: On CRAN ('test-table_14.R:46:3')"/>
    </testcase>
    <testcase time="0.0189999999999984" classname="table_14" name="Table_14_generation_works_with_NA_values_pruned_rows"/>
    <testcase time="0.991999999999997" classname="table_14" name="Table_14_generation_works_with_NA_values_pruned_rows"/>
    <testcase time="0.140000000000001" classname="table_14" name="Table_14_generation_works_with_NA_values_pruned_rows">
      <skipped message="Reason: On CRAN ('test-table_14.R:53:3')"/>
    </testcase>
  </testsuite>
  <testsuite name="table_20" timestamp="2023-09-29T14:58:05Z" hostname="afc16f6040c3" tests="18" skipped="3" failures="0" errors="0" time="2.344">
    <testcase time="0.0290000000000035" classname="table_20" name="Table_20_generation_works_with_default_values"/>
    <testcase time="0.000999999999997669" classname="table_20" name="Table_20_generation_works_with_default_values"/>
    <testcase time="0.000999999999997669" classname="table_20" name="Table_20_generation_works_with_default_values"/>
    <testcase time="0.0480000000000018" classname="table_20" name="Table_20_generation_works_with_default_values"/>
    <testcase time="0.463999999999999" classname="table_20" name="Table_20_generation_works_with_default_values"/>
    <testcase time="0.112000000000002" classname="table_20" name="Table_20_generation_works_with_default_values">
      <skipped message="Reason: On CRAN ('test-table_20.R:17:3')"/>
    </testcase>
    <testcase time="0.0180000000000007" classname="table_20" name="Table_20_generation_works_with_custom_values"/>
    <testcase time="0.00399999999999778" classname="table_20" name="Table_20_generation_works_with_custom_values"/>
    <testcase time="0.00100000000000477" classname="table_20" name="Table_20_generation_works_with_custom_values"/>
    <testcase time="0.0549999999999997" classname="table_20" name="Table_20_generation_works_with_custom_values"/>
    <testcase time="0.787999999999997" classname="table_20" name="Table_20_generation_works_with_custom_values"/>
    <testcase time="0.149000000000001" classname="table_20" name="Table_20_generation_works_with_custom_values">
      <skipped message="Reason: On CRAN ('test-table_20.R:65:3')"/>
    </testcase>
    <testcase time="0.0219999999999985" classname="table_20" name="Table_20_generation_works_with_missing_values_pruned_rows"/>
    <testcase time="0.00200000000000244" classname="table_20" name="Table_20_generation_works_with_missing_values_pruned_rows"/>
    <testcase time="0.00199999999999534" classname="table_20" name="Table_20_generation_works_with_missing_values_pruned_rows"/>
    <testcase time="0.0579999999999998" classname="table_20" name="Table_20_generation_works_with_missing_values_pruned_rows"/>
    <testcase time="0.495000000000005" classname="table_20" name="Table_20_generation_works_with_missing_values_pruned_rows"/>
    <testcase time="0.0949999999999989" classname="table_20" name="Table_20_generation_works_with_missing_values_pruned_rows">
      <skipped message="Reason: On CRAN ('test-table_20.R:74:3')"/>
    </testcase>
  </testsuite>
  <testsuite name="table_21" timestamp="2023-09-29T14:58:07Z" hostname="afc16f6040c3" tests="19" skipped="4" failures="0" errors="0" time="3.124">
    <testcase time="0.0730000000000004" classname="table_21" name="Table_21_generation_works_with_default_values"/>
    <testcase time="0.000999999999997669" classname="table_21" name="Table_21_generation_works_with_default_values"/>
    <testcase time="0.648000000000003" classname="table_21" name="Table_21_generation_works_with_default_values"/>
    <testcase time="0.122" classname="table_21" name="Table_21_generation_works_with_default_values">
      <skipped message="Reason: On CRAN ('test-table_21.R:22:3')"/>
    </testcase>
    <testcase time="0.0169999999999959" classname="table_21" name="Table_21_generation_works_with_custom_values_N_s_denominator_and_overall_column"/>
    <testcase time="0.00200000000000244" classname="table_21" name="Table_21_generation_works_with_custom_values_N_s_denominator_and_overall_column"/>
    <testcase time="0.109000000000002" classname="table_21" name="Table_21_generation_works_with_custom_values_N_s_denominator_and_overall_column"/>
    <testcase time="0.902000000000001" classname="table_21" name="Table_21_generation_works_with_custom_values_N_s_denominator_and_overall_column"/>
    <testcase time="0.143000000000001" classname="table_21" name="Table_21_generation_works_with_custom_values_N_s_denominator_and_overall_column">
      <skipped message="Reason: On CRAN ('test-table_21.R:34:3')"/>
    </testcase>
    <testcase time="0.0179999999999936" classname="table_21" name="Table_21_generation_works_with_custom_values_N_col_denominator_and_no_overall_column"/>
    <testcase time="0.00200000000000244" classname="table_21" name="Table_21_generation_works_with_custom_values_N_col_denominator_and_no_overall_column"/>
    <testcase time="0.0589999999999975" classname="table_21" name="Table_21_generation_works_with_custom_values_N_col_denominator_and_no_overall_column"/>
    <testcase time="0.351000000000006" classname="table_21" name="Table_21_generation_works_with_custom_values_N_col_denominator_and_no_overall_column"/>
    <testcase time="0.123999999999995" classname="table_21" name="Table_21_generation_works_with_custom_values_N_col_denominator_and_no_overall_column">
      <skipped message="Reason: On CRAN ('test-table_21.R:62:3')"/>
    </testcase>
    <testcase time="0.0770000000000053" classname="table_21" name="Table_21_generation_works_with_some_NA_values"/>
    <testcase time="0.00199999999999534" classname="table_21" name="Table_21_generation_works_with_some_NA_values"/>
    <testcase time="0.0720000000000027" classname="table_21" name="Table_21_generation_works_with_some_NA_values"/>
    <testcase time="0.299999999999997" classname="table_21" name="Table_21_generation_works_with_some_NA_values"/>
    <testcase time="0.101999999999997" classname="table_21" name="Table_21_generation_works_with_some_NA_values">
      <skipped message="Reason: On CRAN ('test-table_21.R:82:3')"/>
    </testcase>
  </testsuite>
  <testsuite name="table_32" timestamp="2023-09-29T14:58:10Z" hostname="afc16f6040c3" tests="12" skipped="3" failures="0" errors="0" time="0.921">
    <testcase time="0.0330000000000013" classname="table_32" name="Table_32_generation_works_with_default_values"/>
    <testcase time="0.0619999999999976" classname="table_32" name="Table_32_generation_works_with_default_values"/>
    <testcase time="0.162000000000006" classname="table_32" name="Table_32_generation_works_with_default_values"/>
    <testcase time="0.0549999999999997" classname="table_32" name="Table_32_generation_works_with_default_values">
      <skipped message="Reason: On CRAN ('test-table_32.R:8:3')"/>
    </testcase>
    <testcase time="0.019999999999996" classname="table_32" name="Table_32_generation_works_with_custom_values"/>
    <testcase time="0.0609999999999999" classname="table_32" name="Table_32_generation_works_with_custom_values"/>
    <testcase time="0.183" classname="table_32" name="Table_32_generation_works_with_custom_values"/>
    <testcase time="0.0650000000000048" classname="table_32" name="Table_32_generation_works_with_custom_values">
      <skipped message="Reason: On CRAN ('test-table_32.R:30:3')"/>
    </testcase>
    <testcase time="0.0180000000000007" classname="table_32" name="Table_32_generation_works_with_pruned_rows"/>
    <testcase time="0.0619999999999976" classname="table_32" name="Table_32_generation_works_with_pruned_rows"/>
    <testcase time="0.158000000000001" classname="table_32" name="Table_32_generation_works_with_pruned_rows"/>
    <testcase time="0.0420000000000016" classname="table_32" name="Table_32_generation_works_with_pruned_rows">
      <skipped message="Reason: On CRAN ('test-table_32.R:37:3')"/>
    </testcase>
  </testsuite>
  <testsuite name="table_33" timestamp="2023-09-29T14:58:11Z" hostname="afc16f6040c3" tests="12" skipped="3" failures="0" errors="0" time="1.717">
    <testcase time="0.0240000000000009" classname="table_33" name="Table_33_generation_works_with_default_values"/>
    <testcase time="0.384" classname="table_33" name="Table_33_generation_works_with_default_values"/>
    <testcase time="0.133999999999993" classname="table_33" name="Table_33_generation_works_with_default_values"/>
    <testcase time="0.0410000000000039" classname="table_33" name="Table_33_generation_works_with_default_values">
      <skipped message="Reason: On CRAN ('test-table_33.R:8:3')"/>
    </testcase>
    <testcase time="0.019999999999996" classname="table_33" name="Table_33_generation_works_with_custom_values"/>
    <testcase time="0.375" classname="table_33" name="Table_33_generation_works_with_custom_values"/>
    <testcase time="0.157000000000004" classname="table_33" name="Table_33_generation_works_with_custom_values"/>
    <testcase time="0.0510000000000019" classname="table_33" name="Table_33_generation_works_with_custom_values">
      <skipped message="Reason: On CRAN ('test-table_33.R:34:3')"/>
    </testcase>
    <testcase time="0.0180000000000007" classname="table_33" name="Table_33_generation_works_with_pruned_rows"/>
    <testcase time="0.360999999999997" classname="table_33" name="Table_33_generation_works_with_pruned_rows"/>
    <testcase time="0.119" classname="table_33" name="Table_33_generation_works_with_pruned_rows"/>
    <testcase time="0.0330000000000013" classname="table_33" name="Table_33_generation_works_with_pruned_rows">
      <skipped message="Reason: On CRAN ('test-table_33.R:42:3')"/>
    </testcase>
  </testsuite>
  <testsuite name="table_34" timestamp="2023-09-29T14:58:13Z" hostname="afc16f6040c3" tests="8" skipped="2" failures="0" errors="0" time="4.628">
    <testcase time="0.0279999999999987" classname="table_34" name="Table_34_generation_works_with_default_values"/>
    <testcase time="0.044000000000004" classname="table_34" name="Table_34_generation_works_with_default_values"/>
    <testcase time="2.029" classname="table_34" name="Table_34_generation_works_with_default_values"/>
    <testcase time="0.277999999999999" classname="table_34" name="Table_34_generation_works_with_default_values">
      <skipped message="Reason: On CRAN ('test-table_34.R:17:3')"/>
    </testcase>
    <testcase time="0.0210000000000008" classname="table_34" name="Table_34_generation_works_with_custom_values"/>
    <testcase time="0.0529999999999973" classname="table_34" name="Table_34_generation_works_with_custom_values"/>
    <testcase time="2.05" classname="table_34" name="Table_34_generation_works_with_custom_values"/>
    <testcase time="0.125" classname="table_34" name="Table_34_generation_works_with_custom_values">
      <skipped message="Reason: On CRAN ('test-table_34.R:49:3')"/>
    </testcase>
  </testsuite>
</testsuites>
