<?xml version="1.0" encoding="UTF-8"?>
<testsuites>
  <testsuite name="table_02" timestamp="2023-06-13T16:29:54Z" hostname="c09fbe80a807" tests="9" skipped="3" failures="0" errors="0" time="2.223">
    <testcase time="0.278" classname="table_02" name="Table_02_generation_works_with_default_values"/>
    <testcase time="0.662" classname="table_02" name="Table_02_generation_works_with_default_values"/>
    <testcase time="0.265" classname="table_02" name="Table_02_generation_works_with_default_values">
      <skipped message="Reason: On CRAN ('test-table_02.R:16:3')"/>
    </testcase>
    <testcase time="0.0750000000000002" classname="table_02" name="Table_02_generation_works_with_custom_values"/>
    <testcase time="0.465" classname="table_02" name="Table_02_generation_works_with_custom_values"/>
    <testcase time="0.256" classname="table_02" name="Table_02_generation_works_with_custom_values">
      <skipped message="Reason: On CRAN ('test-table_02.R:45:3')"/>
    </testcase>
    <testcase time="0.0569999999999995" classname="table_02" name="Table_02_generation_works_with_some_NA_values"/>
    <testcase time="0.11" classname="table_02" name="Table_02_generation_works_with_some_NA_values"/>
    <testcase time="0.0549999999999997" classname="table_02" name="Table_02_generation_works_with_some_NA_values">
      <skipped message="Reason: On CRAN ('test-table_02.R:57:3')"/>
    </testcase>
  </testsuite>
  <testsuite name="table_05" timestamp="2023-06-13T16:29:56Z" hostname="c09fbe80a807" tests="9" skipped="3" failures="0" errors="0" time="1.312">
    <testcase time="0.201000000000001" classname="table_05" name="Table_05_generation_works_with_default_values"/>
    <testcase time="0.323" classname="table_05" name="Table_05_generation_works_with_default_values"/>
    <testcase time="0.0980000000000008" classname="table_05" name="Table_05_generation_works_with_default_values">
      <skipped message="Reason: On CRAN ('test-table_05.R:10:3')"/>
    </testcase>
    <testcase time="0.0169999999999995" classname="table_05" name="Table_05_generation_works_with_custom_values"/>
    <testcase time="0.277" classname="table_05" name="Table_05_generation_works_with_custom_values"/>
    <testcase time="0.106" classname="table_05" name="Table_05_generation_works_with_custom_values">
      <skipped message="Reason: On CRAN ('test-table_05.R:34:3')"/>
    </testcase>
    <testcase time="0.0150000000000006" classname="table_05" name="Table_05_generation_works_with_NA_values_pruned_rows"/>
    <testcase time="0.196" classname="table_05" name="Table_05_generation_works_with_NA_values_pruned_rows"/>
    <testcase time="0.0789999999999997" classname="table_05" name="Table_05_generation_works_with_NA_values_pruned_rows">
      <skipped message="Reason: On CRAN ('test-table_05.R:44:3')"/>
    </testcase>
  </testsuite>
  <testsuite name="table_06" timestamp="2023-06-13T16:29:57Z" hostname="c09fbe80a807" tests="10" skipped="2" failures="0" errors="0" time="1.545">
    <testcase time="0.04" classname="table_06" name="Table_06_generation_works_with_default_values"/>
    <testcase time="0.00100000000000033" classname="table_06" name="Table_06_generation_works_with_default_values"/>
    <testcase time="0.0579999999999998" classname="table_06" name="Table_06_generation_works_with_default_values"/>
    <testcase time="0.448" classname="table_06" name="Table_06_generation_works_with_default_values"/>
    <testcase time="0.129" classname="table_06" name="Table_06_generation_works_with_default_values">
      <skipped message="Reason: On CRAN ('test-table_06.R:8:3')"/>
    </testcase>
    <testcase time="0.0179999999999998" classname="table_06" name="Table_06_generation_works_with_custom_values"/>
    <testcase time="0.00199999999999978" classname="table_06" name="Table_06_generation_works_with_custom_values"/>
    <testcase time="0.0770000000000008" classname="table_06" name="Table_06_generation_works_with_custom_values"/>
    <testcase time="0.610999999999999" classname="table_06" name="Table_06_generation_works_with_custom_values"/>
    <testcase time="0.161000000000001" classname="table_06" name="Table_06_generation_works_with_custom_values">
      <skipped message="Reason: On CRAN ('test-table_06.R:40:3')"/>
    </testcase>
  </testsuite>
  <testsuite name="table_07" timestamp="2023-06-13T16:29:59Z" hostname="c09fbe80a807" tests="18" skipped="3" failures="0" errors="0" time="1.878">
    <testcase time="0.0249999999999986" classname="table_07" name="Table_07_generation_works_with_default_values"/>
    <testcase time="0.00200000000000067" classname="table_07" name="Table_07_generation_works_with_default_values"/>
    <testcase time="0.000999999999999446" classname="table_07" name="Table_07_generation_works_with_default_values"/>
    <testcase time="0.0460000000000012" classname="table_07" name="Table_07_generation_works_with_default_values"/>
    <testcase time="0.365" classname="table_07" name="Table_07_generation_works_with_default_values"/>
    <testcase time="0.145999999999999" classname="table_07" name="Table_07_generation_works_with_default_values">
      <skipped message="Reason: On CRAN ('test-table_07.R:13:3')"/>
    </testcase>
    <testcase time="0.016" classname="table_07" name="Table_07_generation_works_with_custom_values"/>
    <testcase time="0.000999999999999446" classname="table_07" name="Table_07_generation_works_with_custom_values"/>
    <testcase time="0.00200000000000067" classname="table_07" name="Table_07_generation_works_with_custom_values"/>
    <testcase time="0.048" classname="table_07" name="Table_07_generation_works_with_custom_values"/>
    <testcase time="0.497" classname="table_07" name="Table_07_generation_works_with_custom_values"/>
    <testcase time="0.186" classname="table_07" name="Table_07_generation_works_with_custom_values">
      <skipped message="Reason: On CRAN ('test-table_07.R:42:3')"/>
    </testcase>
    <testcase time="0.016" classname="table_07" name="Table_07_generation_works_with_NA_values_pruned_rows"/>
    <testcase time="0.00200000000000067" classname="table_07" name="Table_07_generation_works_with_NA_values_pruned_rows"/>
    <testcase time="0.000999999999999446" classname="table_07" name="Table_07_generation_works_with_NA_values_pruned_rows"/>
    <testcase time="0.0489999999999995" classname="table_07" name="Table_07_generation_works_with_NA_values_pruned_rows"/>
    <testcase time="0.337000000000002" classname="table_07" name="Table_07_generation_works_with_NA_values_pruned_rows"/>
    <testcase time="0.138" classname="table_07" name="Table_07_generation_works_with_NA_values_pruned_rows">
      <skipped message="Reason: On CRAN ('test-table_07.R:52:3')"/>
    </testcase>
  </testsuite>
  <testsuite name="table_08" timestamp="2023-06-13T16:30:00Z" hostname="c09fbe80a807" tests="8" skipped="2" failures="0" errors="0" time="0.507">
    <testcase time="0.0219999999999985" classname="table_08" name="Table_08_generation_works_with_default_values"/>
    <testcase time="0.00200000000000067" classname="table_08" name="Table_08_generation_works_with_default_values"/>
    <testcase time="0.0530000000000008" classname="table_08" name="Table_08_generation_works_with_default_values"/>
    <testcase time="0.148999999999999" classname="table_08" name="Table_08_generation_works_with_default_values">
      <skipped message="Reason: On CRAN ('test-table_08.R:10:3')"/>
    </testcase>
    <testcase time="0.0139999999999993" classname="table_08" name="Table_08_generation_works_with_custom_values"/>
    <testcase time="0.00200000000000067" classname="table_08" name="Table_08_generation_works_with_custom_values"/>
    <testcase time="0.048" classname="table_08" name="Table_08_generation_works_with_custom_values"/>
    <testcase time="0.217000000000001" classname="table_08" name="Table_08_generation_works_with_custom_values">
      <skipped message="Reason: On CRAN ('test-table_08.R:31:3')"/>
    </testcase>
  </testsuite>
  <testsuite name="table_09" timestamp="2023-06-13T16:30:01Z" hostname="c09fbe80a807" tests="8" skipped="2" failures="0" errors="0" time="0.969">
    <testcase time="0.020999999999999" classname="table_09" name="Table_09_generation_works_with_default_values"/>
    <testcase time="0.0440000000000005" classname="table_09" name="Table_09_generation_works_with_default_values"/>
    <testcase time="0.292999999999999" classname="table_09" name="Table_09_generation_works_with_default_values"/>
    <testcase time="0.072000000000001" classname="table_09" name="Table_09_generation_works_with_default_values">
      <skipped message="Reason: On CRAN ('test-table_09.R:8:3')"/>
    </testcase>
    <testcase time="0.016" classname="table_09" name="Table_09_generation_works_with_custom_values"/>
    <testcase time="0.0510000000000002" classname="table_09" name="Table_09_generation_works_with_custom_values"/>
    <testcase time="0.387" classname="table_09" name="Table_09_generation_works_with_custom_values"/>
    <testcase time="0.0849999999999991" classname="table_09" name="Table_09_generation_works_with_custom_values">
      <skipped message="Reason: On CRAN ('test-table_09.R:39:3')"/>
    </testcase>
  </testsuite>
  <testsuite name="table_13" timestamp="2023-06-13T16:30:02Z" hostname="c09fbe80a807" tests="8" skipped="2" failures="0" errors="0" time="0.566">
    <testcase time="0.0250000000000004" classname="table_13" name="Table_13_generation_works_with_default_values"/>
    <testcase time="0.0540000000000003" classname="table_13" name="Table_13_generation_works_with_default_values"/>
    <testcase time="0.122999999999999" classname="table_13" name="Table_13_generation_works_with_default_values"/>
    <testcase time="0.0750000000000011" classname="table_13" name="Table_13_generation_works_with_default_values">
      <skipped message="Reason: On CRAN ('test-table_13.R:8:3')"/>
    </testcase>
    <testcase time="0.016" classname="table_13" name="Table_13_generation_works_with_custom_values"/>
    <testcase time="0.0589999999999993" classname="table_13" name="Table_13_generation_works_with_custom_values"/>
    <testcase time="0.158000000000001" classname="table_13" name="Table_13_generation_works_with_custom_values"/>
    <testcase time="0.0559999999999992" classname="table_13" name="Table_13_generation_works_with_custom_values">
      <skipped message="Reason: On CRAN ('test-table_13.R:38:3')"/>
    </testcase>
  </testsuite>
  <testsuite name="table_14" timestamp="2023-06-13T16:30:02Z" hostname="c09fbe80a807" tests="10" skipped="3" failures="0" errors="0" time="2.339">
    <testcase time="0.0289999999999999" classname="table_14" name="Table_14_generation_works_with_default_values"/>
    <testcase time="0.597000000000001" classname="table_14" name="Table_14_generation_works_with_default_values"/>
    <testcase time="0.170999999999999" classname="table_14" name="Table_14_generation_works_with_default_values">
      <skipped message="Reason: On CRAN ('test-table_14.R:16:3')"/>
    </testcase>
    <testcase time="0.0150000000000006" classname="table_14" name="Table_14_generation_works_with_custom_values"/>
    <testcase time="0.0489999999999995" classname="table_14" name="Table_14_generation_works_with_custom_values"/>
    <testcase time="0.599" classname="table_14" name="Table_14_generation_works_with_custom_values"/>
    <testcase time="0.170999999999999" classname="table_14" name="Table_14_generation_works_with_custom_values">
      <skipped message="Reason: On CRAN ('test-table_14.R:46:3')"/>
    </testcase>
    <testcase time="0.0140000000000011" classname="table_14" name="Table_14_generation_works_with_NA_values_pruned_rows"/>
    <testcase time="0.561" classname="table_14" name="Table_14_generation_works_with_NA_values_pruned_rows"/>
    <testcase time="0.132999999999999" classname="table_14" name="Table_14_generation_works_with_NA_values_pruned_rows">
      <skipped message="Reason: On CRAN ('test-table_14.R:53:3')"/>
    </testcase>
  </testsuite>
  <testsuite name="table_20" timestamp="2023-06-13T16:30:05Z" hostname="c09fbe80a807" tests="18" skipped="3" failures="0" errors="0" time="2.081">
    <testcase time="0.0240000000000009" classname="table_20" name="Table_20_generation_works_with_default_values"/>
    <testcase time="0.000999999999999446" classname="table_20" name="Table_20_generation_works_with_default_values"/>
    <testcase time="0.00200000000000067" classname="table_20" name="Table_20_generation_works_with_default_values"/>
    <testcase time="0.0489999999999995" classname="table_20" name="Table_20_generation_works_with_default_values"/>
    <testcase time="0.422000000000001" classname="table_20" name="Table_20_generation_works_with_default_values"/>
    <testcase time="0.106999999999999" classname="table_20" name="Table_20_generation_works_with_default_values">
      <skipped message="Reason: On CRAN ('test-table_20.R:17:3')"/>
    </testcase>
    <testcase time="0.0150000000000006" classname="table_20" name="Table_20_generation_works_with_custom_values"/>
    <testcase time="0.00199999999999889" classname="table_20" name="Table_20_generation_works_with_custom_values"/>
    <testcase time="0.00100000000000122" classname="table_20" name="Table_20_generation_works_with_custom_values"/>
    <testcase time="0.0519999999999996" classname="table_20" name="Table_20_generation_works_with_custom_values"/>
    <testcase time="0.668999999999999" classname="table_20" name="Table_20_generation_works_with_custom_values"/>
    <testcase time="0.153" classname="table_20" name="Table_20_generation_works_with_custom_values">
      <skipped message="Reason: On CRAN ('test-table_20.R:65:3')"/>
    </testcase>
    <testcase time="0.0140000000000011" classname="table_20" name="Table_20_generation_works_with_missing_values_pruned_rows"/>
    <testcase time="0.00199999999999889" classname="table_20" name="Table_20_generation_works_with_missing_values_pruned_rows"/>
    <testcase time="0.00100000000000122" classname="table_20" name="Table_20_generation_works_with_missing_values_pruned_rows"/>
    <testcase time="0.0519999999999996" classname="table_20" name="Table_20_generation_works_with_missing_values_pruned_rows"/>
    <testcase time="0.419999999999998" classname="table_20" name="Table_20_generation_works_with_missing_values_pruned_rows"/>
    <testcase time="0.0950000000000024" classname="table_20" name="Table_20_generation_works_with_missing_values_pruned_rows">
      <skipped message="Reason: On CRAN ('test-table_20.R:74:3')"/>
    </testcase>
  </testsuite>
  <testsuite name="table_32" timestamp="2023-06-13T16:30:07Z" hostname="c09fbe80a807" tests="12" skipped="3" failures="0" errors="0" time="1.099">
    <testcase time="0.0209999999999972" classname="table_32" name="Table_32_generation_works_with_default_values"/>
    <testcase time="0.0690000000000026" classname="table_32" name="Table_32_generation_works_with_default_values"/>
    <testcase time="0.123999999999999" classname="table_32" name="Table_32_generation_works_with_default_values"/>
    <testcase time="0.0530000000000008" classname="table_32" name="Table_32_generation_works_with_default_values">
      <skipped message="Reason: On CRAN ('test-table_32.R:8:3')"/>
    </testcase>
    <testcase time="0.0150000000000006" classname="table_32" name="Table_32_generation_works_with_custom_values"/>
    <testcase time="0.329999999999998" classname="table_32" name="Table_32_generation_works_with_custom_values"/>
    <testcase time="0.156000000000002" classname="table_32" name="Table_32_generation_works_with_custom_values"/>
    <testcase time="0.0669999999999966" classname="table_32" name="Table_32_generation_works_with_custom_values">
      <skipped message="Reason: On CRAN ('test-table_32.R:30:3')"/>
    </testcase>
    <testcase time="0.0160000000000018" classname="table_32" name="Table_32_generation_works_with_pruned_rows"/>
    <testcase time="0.0640000000000001" classname="table_32" name="Table_32_generation_works_with_pruned_rows"/>
    <testcase time="0.145" classname="table_32" name="Table_32_generation_works_with_pruned_rows"/>
    <testcase time="0.0390000000000015" classname="table_32" name="Table_32_generation_works_with_pruned_rows">
      <skipped message="Reason: On CRAN ('test-table_32.R:37:3')"/>
    </testcase>
  </testsuite>
  <testsuite name="table_33" timestamp="2023-06-13T16:30:08Z" hostname="c09fbe80a807" tests="12" skipped="3" failures="0" errors="0" time="1.492">
    <testcase time="0.0209999999999972" classname="table_33" name="Table_33_generation_works_with_default_values"/>
    <testcase time="0.347000000000001" classname="table_33" name="Table_33_generation_works_with_default_values"/>
    <testcase time="0.0970000000000013" classname="table_33" name="Table_33_generation_works_with_default_values"/>
    <testcase time="0.036999999999999" classname="table_33" name="Table_33_generation_works_with_default_values">
      <skipped message="Reason: On CRAN ('test-table_33.R:8:3')"/>
    </testcase>
    <testcase time="0.0150000000000006" classname="table_33" name="Table_33_generation_works_with_custom_values"/>
    <testcase time="0.346999999999998" classname="table_33" name="Table_33_generation_works_with_custom_values"/>
    <testcase time="0.126000000000001" classname="table_33" name="Table_33_generation_works_with_custom_values"/>
    <testcase time="0.0459999999999994" classname="table_33" name="Table_33_generation_works_with_custom_values">
      <skipped message="Reason: On CRAN ('test-table_33.R:34:3')"/>
    </testcase>
    <testcase time="0.0139999999999993" classname="table_33" name="Table_33_generation_works_with_pruned_rows"/>
    <testcase time="0.324000000000002" classname="table_33" name="Table_33_generation_works_with_pruned_rows"/>
    <testcase time="0.0869999999999997" classname="table_33" name="Table_33_generation_works_with_pruned_rows"/>
    <testcase time="0.0309999999999988" classname="table_33" name="Table_33_generation_works_with_pruned_rows">
      <skipped message="Reason: On CRAN ('test-table_33.R:42:3')"/>
    </testcase>
  </testsuite>
</testsuites>
