<?xml version="1.0" encoding="UTF-8"?>
<testsuites>
  <testsuite name="table_02" timestamp="2023-06-27T14:35:35Z" hostname="1deb8153b513" tests="9" skipped="3" failures="0" errors="0" time="2.696">
    <testcase time="0.0790000000000002" classname="table_02" name="Table_02_generation_works_with_default_values"/>
    <testcase time="0.883" classname="table_02" name="Table_02_generation_works_with_default_values"/>
    <testcase time="0.328" classname="table_02" name="Table_02_generation_works_with_default_values">
      <skipped message="Reason: On CRAN ('test-table_02.R:16:3')"/>
    </testcase>
    <testcase time="0.146" classname="table_02" name="Table_02_generation_works_with_custom_values"/>
    <testcase time="0.633" classname="table_02" name="Table_02_generation_works_with_custom_values"/>
    <testcase time="0.334" classname="table_02" name="Table_02_generation_works_with_custom_values">
      <skipped message="Reason: On CRAN ('test-table_02.R:45:3')"/>
    </testcase>
    <testcase time="0.0819999999999999" classname="table_02" name="Table_02_generation_works_with_some_NA_values"/>
    <testcase time="0.139" classname="table_02" name="Table_02_generation_works_with_some_NA_values"/>
    <testcase time="0.0720000000000001" classname="table_02" name="Table_02_generation_works_with_some_NA_values">
      <skipped message="Reason: On CRAN ('test-table_02.R:57:3')"/>
    </testcase>
  </testsuite>
  <testsuite name="table_05" timestamp="2023-06-27T14:35:38Z" hostname="1deb8153b513" tests="9" skipped="3" failures="0" errors="0" time="1.718">
    <testcase time="0.263" classname="table_05" name="Table_05_generation_works_with_default_values"/>
    <testcase time="0.41" classname="table_05" name="Table_05_generation_works_with_default_values"/>
    <testcase time="0.108" classname="table_05" name="Table_05_generation_works_with_default_values">
      <skipped message="Reason: On CRAN ('test-table_05.R:10:3')"/>
    </testcase>
    <testcase time="0.024" classname="table_05" name="Table_05_generation_works_with_custom_values"/>
    <testcase time="0.386" classname="table_05" name="Table_05_generation_works_with_custom_values"/>
    <testcase time="0.129" classname="table_05" name="Table_05_generation_works_with_custom_values">
      <skipped message="Reason: On CRAN ('test-table_05.R:34:3')"/>
    </testcase>
    <testcase time="0.0249999999999995" classname="table_05" name="Table_05_generation_works_with_NA_values_pruned_rows"/>
    <testcase time="0.264" classname="table_05" name="Table_05_generation_works_with_NA_values_pruned_rows"/>
    <testcase time="0.109" classname="table_05" name="Table_05_generation_works_with_NA_values_pruned_rows">
      <skipped message="Reason: On CRAN ('test-table_05.R:44:3')"/>
    </testcase>
  </testsuite>
  <testsuite name="table_06" timestamp="2023-06-27T14:35:39Z" hostname="1deb8153b513" tests="10" skipped="2" failures="0" errors="0" time="2.144">
    <testcase time="0.048" classname="table_06" name="Table_06_generation_works_with_default_values"/>
    <testcase time="0.00100000000000122" classname="table_06" name="Table_06_generation_works_with_default_values"/>
    <testcase time="0.077" classname="table_06" name="Table_06_generation_works_with_default_values"/>
    <testcase time="0.554" classname="table_06" name="Table_06_generation_works_with_default_values"/>
    <testcase time="0.151999999999999" classname="table_06" name="Table_06_generation_works_with_default_values">
      <skipped message="Reason: On CRAN ('test-table_06.R:8:3')"/>
    </testcase>
    <testcase time="0.0239999999999991" classname="table_06" name="Table_06_generation_works_with_custom_values"/>
    <testcase time="0.00300000000000011" classname="table_06" name="Table_06_generation_works_with_custom_values"/>
    <testcase time="0.0739999999999998" classname="table_06" name="Table_06_generation_works_with_custom_values"/>
    <testcase time="1.01" classname="table_06" name="Table_06_generation_works_with_custom_values"/>
    <testcase time="0.200999999999999" classname="table_06" name="Table_06_generation_works_with_custom_values">
      <skipped message="Reason: On CRAN ('test-table_06.R:40:3')"/>
    </testcase>
  </testsuite>
  <testsuite name="table_07" timestamp="2023-06-27T14:35:41Z" hostname="1deb8153b513" tests="18" skipped="3" failures="0" errors="0" time="2.313">
    <testcase time="0.0350000000000001" classname="table_07" name="Table_07_generation_works_with_default_values"/>
    <testcase time="0.00200000000000067" classname="table_07" name="Table_07_generation_works_with_default_values"/>
    <testcase time="0.000999999999999446" classname="table_07" name="Table_07_generation_works_with_default_values"/>
    <testcase time="0.0560000000000009" classname="table_07" name="Table_07_generation_works_with_default_values"/>
    <testcase time="0.449" classname="table_07" name="Table_07_generation_works_with_default_values"/>
    <testcase time="0.177" classname="table_07" name="Table_07_generation_works_with_default_values">
      <skipped message="Reason: On CRAN ('test-table_07.R:13:3')"/>
    </testcase>
    <testcase time="0.0229999999999997" classname="table_07" name="Table_07_generation_works_with_custom_values"/>
    <testcase time="0.00200000000000067" classname="table_07" name="Table_07_generation_works_with_custom_values"/>
    <testcase time="0.00199999999999889" classname="table_07" name="Table_07_generation_works_with_custom_values"/>
    <testcase time="0.0530000000000008" classname="table_07" name="Table_07_generation_works_with_custom_values"/>
    <testcase time="0.637" classname="table_07" name="Table_07_generation_works_with_custom_values"/>
    <testcase time="0.218" classname="table_07" name="Table_07_generation_works_with_custom_values">
      <skipped message="Reason: On CRAN ('test-table_07.R:42:3')"/>
    </testcase>
    <testcase time="0.0239999999999991" classname="table_07" name="Table_07_generation_works_with_NA_values_pruned_rows"/>
    <testcase time="0.00200000000000067" classname="table_07" name="Table_07_generation_works_with_NA_values_pruned_rows"/>
    <testcase time="0.000999999999999446" classname="table_07" name="Table_07_generation_works_with_NA_values_pruned_rows"/>
    <testcase time="0.0540000000000003" classname="table_07" name="Table_07_generation_works_with_NA_values_pruned_rows"/>
    <testcase time="0.401" classname="table_07" name="Table_07_generation_works_with_NA_values_pruned_rows"/>
    <testcase time="0.176" classname="table_07" name="Table_07_generation_works_with_NA_values_pruned_rows">
      <skipped message="Reason: On CRAN ('test-table_07.R:52:3')"/>
    </testcase>
  </testsuite>
  <testsuite name="table_08" timestamp="2023-06-27T14:35:43Z" hostname="1deb8153b513" tests="8" skipped="2" failures="0" errors="0" time="0.562">
    <testcase time="0.0289999999999999" classname="table_08" name="Table_08_generation_works_with_default_values"/>
    <testcase time="0.00200000000000067" classname="table_08" name="Table_08_generation_works_with_default_values"/>
    <testcase time="0.0629999999999988" classname="table_08" name="Table_08_generation_works_with_default_values"/>
    <testcase time="0.162000000000001" classname="table_08" name="Table_08_generation_works_with_default_values">
      <skipped message="Reason: On CRAN ('test-table_08.R:10:3')"/>
    </testcase>
    <testcase time="0.020999999999999" classname="table_08" name="Table_08_generation_works_with_custom_values"/>
    <testcase time="0.00200000000000067" classname="table_08" name="Table_08_generation_works_with_custom_values"/>
    <testcase time="0.0559999999999992" classname="table_08" name="Table_08_generation_works_with_custom_values"/>
    <testcase time="0.227" classname="table_08" name="Table_08_generation_works_with_custom_values">
      <skipped message="Reason: On CRAN ('test-table_08.R:31:3')"/>
    </testcase>
  </testsuite>
  <testsuite name="table_09" timestamp="2023-06-27T14:35:44Z" hostname="1deb8153b513" tests="8" skipped="2" failures="0" errors="0" time="1.254">
    <testcase time="0.0300000000000011" classname="table_09" name="Table_09_generation_works_with_default_values"/>
    <testcase time="0.052999999999999" classname="table_09" name="Table_09_generation_works_with_default_values"/>
    <testcase time="0.379" classname="table_09" name="Table_09_generation_works_with_default_values"/>
    <testcase time="0.104000000000001" classname="table_09" name="Table_09_generation_works_with_default_values">
      <skipped message="Reason: On CRAN ('test-table_09.R:8:3')"/>
    </testcase>
    <testcase time="0.0549999999999997" classname="table_09" name="Table_09_generation_works_with_custom_values"/>
    <testcase time="0.0540000000000003" classname="table_09" name="Table_09_generation_works_with_custom_values"/>
    <testcase time="0.472" classname="table_09" name="Table_09_generation_works_with_custom_values"/>
    <testcase time="0.107000000000001" classname="table_09" name="Table_09_generation_works_with_custom_values">
      <skipped message="Reason: On CRAN ('test-table_09.R:39:3')"/>
    </testcase>
  </testsuite>
  <testsuite name="table_13" timestamp="2023-06-27T14:35:45Z" hostname="1deb8153b513" tests="8" skipped="2" failures="0" errors="0" time="0.739">
    <testcase time="0.0339999999999989" classname="table_13" name="Table_13_generation_works_with_default_values"/>
    <testcase time="0.0649999999999995" classname="table_13" name="Table_13_generation_works_with_default_values"/>
    <testcase time="0.177000000000001" classname="table_13" name="Table_13_generation_works_with_default_values"/>
    <testcase time="0.106" classname="table_13" name="Table_13_generation_works_with_default_values">
      <skipped message="Reason: On CRAN ('test-table_13.R:8:3')"/>
    </testcase>
    <testcase time="0.0229999999999997" classname="table_13" name="Table_13_generation_works_with_custom_values"/>
    <testcase time="0.0649999999999995" classname="table_13" name="Table_13_generation_works_with_custom_values"/>
    <testcase time="0.187999999999999" classname="table_13" name="Table_13_generation_works_with_custom_values"/>
    <testcase time="0.0809999999999995" classname="table_13" name="Table_13_generation_works_with_custom_values">
      <skipped message="Reason: On CRAN ('test-table_13.R:38:3')"/>
    </testcase>
  </testsuite>
  <testsuite name="table_14" timestamp="2023-06-27T14:35:46Z" hostname="1deb8153b513" tests="10" skipped="3" failures="0" errors="0" time="2.961">
    <testcase time="0.0420000000000016" classname="table_14" name="Table_14_generation_works_with_default_values"/>
    <testcase time="0.729999999999999" classname="table_14" name="Table_14_generation_works_with_default_values"/>
    <testcase time="0.207000000000001" classname="table_14" name="Table_14_generation_works_with_default_values">
      <skipped message="Reason: On CRAN ('test-table_14.R:16:3')"/>
    </testcase>
    <testcase time="0.0229999999999997" classname="table_14" name="Table_14_generation_works_with_custom_values"/>
    <testcase time="0.0659999999999989" classname="table_14" name="Table_14_generation_works_with_custom_values"/>
    <testcase time="0.768000000000001" classname="table_14" name="Table_14_generation_works_with_custom_values"/>
    <testcase time="0.211000000000002" classname="table_14" name="Table_14_generation_works_with_custom_values">
      <skipped message="Reason: On CRAN ('test-table_14.R:46:3')"/>
    </testcase>
    <testcase time="0.0229999999999997" classname="table_14" name="Table_14_generation_works_with_NA_values_pruned_rows"/>
    <testcase time="0.731999999999999" classname="table_14" name="Table_14_generation_works_with_NA_values_pruned_rows"/>
    <testcase time="0.158999999999999" classname="table_14" name="Table_14_generation_works_with_NA_values_pruned_rows">
      <skipped message="Reason: On CRAN ('test-table_14.R:53:3')"/>
    </testcase>
  </testsuite>
  <testsuite name="table_20" timestamp="2023-06-27T14:35:49Z" hostname="1deb8153b513" tests="18" skipped="3" failures="0" errors="0" time="2.454">
    <testcase time="0.0339999999999989" classname="table_20" name="Table_20_generation_works_with_default_values"/>
    <testcase time="0.00200000000000244" classname="table_20" name="Table_20_generation_works_with_default_values"/>
    <testcase time="0.000999999999997669" classname="table_20" name="Table_20_generation_works_with_default_values"/>
    <testcase time="0.0600000000000023" classname="table_20" name="Table_20_generation_works_with_default_values"/>
    <testcase time="0.501999999999999" classname="table_20" name="Table_20_generation_works_with_default_values"/>
    <testcase time="0.123999999999999" classname="table_20" name="Table_20_generation_works_with_default_values">
      <skipped message="Reason: On CRAN ('test-table_20.R:17:3')"/>
    </testcase>
    <testcase time="0.0230000000000032" classname="table_20" name="Table_20_generation_works_with_custom_values"/>
    <testcase time="0.00199999999999889" classname="table_20" name="Table_20_generation_works_with_custom_values"/>
    <testcase time="0.00100000000000122" classname="table_20" name="Table_20_generation_works_with_custom_values"/>
    <testcase time="0.0609999999999999" classname="table_20" name="Table_20_generation_works_with_custom_values"/>
    <testcase time="0.791999999999998" classname="table_20" name="Table_20_generation_works_with_custom_values"/>
    <testcase time="0.176000000000002" classname="table_20" name="Table_20_generation_works_with_custom_values">
      <skipped message="Reason: On CRAN ('test-table_20.R:65:3')"/>
    </testcase>
    <testcase time="0.0240000000000009" classname="table_20" name="Table_20_generation_works_with_missing_values_pruned_rows"/>
    <testcase time="0.00199999999999889" classname="table_20" name="Table_20_generation_works_with_missing_values_pruned_rows"/>
    <testcase time="0.00200000000000244" classname="table_20" name="Table_20_generation_works_with_missing_values_pruned_rows"/>
    <testcase time="0.0589999999999975" classname="table_20" name="Table_20_generation_works_with_missing_values_pruned_rows"/>
    <testcase time="0.468" classname="table_20" name="Table_20_generation_works_with_missing_values_pruned_rows"/>
    <testcase time="0.121000000000002" classname="table_20" name="Table_20_generation_works_with_missing_values_pruned_rows">
      <skipped message="Reason: On CRAN ('test-table_20.R:74:3')"/>
    </testcase>
  </testsuite>
  <testsuite name="table_32" timestamp="2023-06-27T14:35:51Z" hostname="1deb8153b513" tests="12" skipped="3" failures="0" errors="0" time="1.057">
    <testcase time="0.0329999999999977" classname="table_32" name="Table_32_generation_works_with_default_values"/>
    <testcase time="0.0899999999999999" classname="table_32" name="Table_32_generation_works_with_default_values"/>
    <testcase time="0.155000000000001" classname="table_32" name="Table_32_generation_works_with_default_values"/>
    <testcase time="0.0659999999999989" classname="table_32" name="Table_32_generation_works_with_default_values">
      <skipped message="Reason: On CRAN ('test-table_32.R:8:3')"/>
    </testcase>
    <testcase time="0.0229999999999997" classname="table_32" name="Table_32_generation_works_with_custom_values"/>
    <testcase time="0.093" classname="table_32" name="Table_32_generation_works_with_custom_values"/>
    <testcase time="0.196000000000002" classname="table_32" name="Table_32_generation_works_with_custom_values"/>
    <testcase time="0.0829999999999984" classname="table_32" name="Table_32_generation_works_with_custom_values">
      <skipped message="Reason: On CRAN ('test-table_32.R:30:3')"/>
    </testcase>
    <testcase time="0.0250000000000021" classname="table_32" name="Table_32_generation_works_with_pruned_rows"/>
    <testcase time="0.0859999999999985" classname="table_32" name="Table_32_generation_works_with_pruned_rows"/>
    <testcase time="0.156000000000002" classname="table_32" name="Table_32_generation_works_with_pruned_rows"/>
    <testcase time="0.0509999999999984" classname="table_32" name="Table_32_generation_works_with_pruned_rows">
      <skipped message="Reason: On CRAN ('test-table_32.R:37:3')"/>
    </testcase>
  </testsuite>
  <testsuite name="table_33" timestamp="2023-06-27T14:35:53Z" hostname="1deb8153b513" tests="12" skipped="3" failures="0" errors="0" time="1.922">
    <testcase time="0.0289999999999999" classname="table_33" name="Table_33_generation_works_with_default_values"/>
    <testcase time="0.414999999999999" classname="table_33" name="Table_33_generation_works_with_default_values"/>
    <testcase time="0.129000000000001" classname="table_33" name="Table_33_generation_works_with_default_values"/>
    <testcase time="0.0519999999999996" classname="table_33" name="Table_33_generation_works_with_default_values">
      <skipped message="Reason: On CRAN ('test-table_33.R:8:3')"/>
    </testcase>
    <testcase time="0.0240000000000009" classname="table_33" name="Table_33_generation_works_with_custom_values"/>
    <testcase time="0.405999999999999" classname="table_33" name="Table_33_generation_works_with_custom_values"/>
    <testcase time="0.178000000000001" classname="table_33" name="Table_33_generation_works_with_custom_values"/>
    <testcase time="0.0590000000000011" classname="table_33" name="Table_33_generation_works_with_custom_values">
      <skipped message="Reason: On CRAN ('test-table_33.R:34:3')"/>
    </testcase>
    <testcase time="0.0239999999999974" classname="table_33" name="Table_33_generation_works_with_pruned_rows"/>
    <testcase time="0.434000000000001" classname="table_33" name="Table_33_generation_works_with_pruned_rows"/>
    <testcase time="0.126000000000001" classname="table_33" name="Table_33_generation_works_with_pruned_rows"/>
    <testcase time="0.0459999999999994" classname="table_33" name="Table_33_generation_works_with_pruned_rows">
      <skipped message="Reason: On CRAN ('test-table_33.R:42:3')"/>
    </testcase>
  </testsuite>
</testsuites>
