<?xml version="1.0" encoding="UTF-8"?>
<testsuites>
  <testsuite name="table_02" timestamp="2023-06-20T12:45:45Z" hostname="d83b7f36d2e1" tests="9" skipped="3" failures="0" errors="0" time="1.844">
    <testcase time="0.22" classname="table_02" name="Table_02_generation_works_with_default_values"/>
    <testcase time="0.56" classname="table_02" name="Table_02_generation_works_with_default_values"/>
    <testcase time="0.216" classname="table_02" name="Table_02_generation_works_with_default_values">
      <skipped message="Reason: On CRAN ('test-table_02.R:16:3')"/>
    </testcase>
    <testcase time="0.0640000000000001" classname="table_02" name="Table_02_generation_works_with_custom_values"/>
    <testcase time="0.383" classname="table_02" name="Table_02_generation_works_with_custom_values"/>
    <testcase time="0.206" classname="table_02" name="Table_02_generation_works_with_custom_values">
      <skipped message="Reason: On CRAN ('test-table_02.R:45:3')"/>
    </testcase>
    <testcase time="0.0529999999999999" classname="table_02" name="Table_02_generation_works_with_some_NA_values"/>
    <testcase time="0.0980000000000008" classname="table_02" name="Table_02_generation_works_with_some_NA_values"/>
    <testcase time="0.0439999999999996" classname="table_02" name="Table_02_generation_works_with_some_NA_values">
      <skipped message="Reason: On CRAN ('test-table_02.R:57:3')"/>
    </testcase>
  </testsuite>
  <testsuite name="table_05" timestamp="2023-06-20T12:45:47Z" hostname="d83b7f36d2e1" tests="9" skipped="3" failures="0" errors="0" time="1.1">
    <testcase time="0.173" classname="table_05" name="Table_05_generation_works_with_default_values"/>
    <testcase time="0.274" classname="table_05" name="Table_05_generation_works_with_default_values"/>
    <testcase time="0.0659999999999998" classname="table_05" name="Table_05_generation_works_with_default_values">
      <skipped message="Reason: On CRAN ('test-table_05.R:10:3')"/>
    </testcase>
    <testcase time="0.0129999999999999" classname="table_05" name="Table_05_generation_works_with_custom_values"/>
    <testcase time="0.239" classname="table_05" name="Table_05_generation_works_with_custom_values"/>
    <testcase time="0.0830000000000002" classname="table_05" name="Table_05_generation_works_with_custom_values">
      <skipped message="Reason: On CRAN ('test-table_05.R:34:3')"/>
    </testcase>
    <testcase time="0.0150000000000006" classname="table_05" name="Table_05_generation_works_with_NA_values_pruned_rows"/>
    <testcase time="0.171" classname="table_05" name="Table_05_generation_works_with_NA_values_pruned_rows"/>
    <testcase time="0.0659999999999998" classname="table_05" name="Table_05_generation_works_with_NA_values_pruned_rows">
      <skipped message="Reason: On CRAN ('test-table_05.R:44:3')"/>
    </testcase>
  </testsuite>
  <testsuite name="table_06" timestamp="2023-06-20T12:45:48Z" hostname="d83b7f36d2e1" tests="10" skipped="2" failures="0" errors="0" time="1.226">
    <testcase time="0.0369999999999999" classname="table_06" name="Table_06_generation_works_with_default_values"/>
    <testcase time="0.000999999999999446" classname="table_06" name="Table_06_generation_works_with_default_values"/>
    <testcase time="0.0570000000000004" classname="table_06" name="Table_06_generation_works_with_default_values"/>
    <testcase time="0.373" classname="table_06" name="Table_06_generation_works_with_default_values"/>
    <testcase time="0.0859999999999994" classname="table_06" name="Table_06_generation_works_with_default_values">
      <skipped message="Reason: On CRAN ('test-table_06.R:8:3')"/>
    </testcase>
    <testcase time="0.0130000000000008" classname="table_06" name="Table_06_generation_works_with_custom_values"/>
    <testcase time="0.00199999999999978" classname="table_06" name="Table_06_generation_works_with_custom_values"/>
    <testcase time="0.0599999999999996" classname="table_06" name="Table_06_generation_works_with_custom_values"/>
    <testcase time="0.475000000000001" classname="table_06" name="Table_06_generation_works_with_custom_values"/>
    <testcase time="0.122" classname="table_06" name="Table_06_generation_works_with_custom_values">
      <skipped message="Reason: On CRAN ('test-table_06.R:40:3')"/>
    </testcase>
  </testsuite>
  <testsuite name="table_07" timestamp="2023-06-20T12:45:49Z" hostname="d83b7f36d2e1" tests="18" skipped="3" failures="0" errors="0" time="1.551">
    <testcase time="0.0229999999999997" classname="table_07" name="Table_07_generation_works_with_default_values"/>
    <testcase time="0.00100000000000033" classname="table_07" name="Table_07_generation_works_with_default_values"/>
    <testcase time="0.000999999999999446" classname="table_07" name="Table_07_generation_works_with_default_values"/>
    <testcase time="0.04" classname="table_07" name="Table_07_generation_works_with_default_values"/>
    <testcase time="0.321000000000001" classname="table_07" name="Table_07_generation_works_with_default_values"/>
    <testcase time="0.108" classname="table_07" name="Table_07_generation_works_with_default_values">
      <skipped message="Reason: On CRAN ('test-table_07.R:13:3')"/>
    </testcase>
    <testcase time="0.0129999999999999" classname="table_07" name="Table_07_generation_works_with_custom_values"/>
    <testcase time="0.00199999999999978" classname="table_07" name="Table_07_generation_works_with_custom_values"/>
    <testcase time="0.00100000000000033" classname="table_07" name="Table_07_generation_works_with_custom_values"/>
    <testcase time="0.04" classname="table_07" name="Table_07_generation_works_with_custom_values"/>
    <testcase time="0.417" classname="table_07" name="Table_07_generation_works_with_custom_values"/>
    <testcase time="0.136000000000001" classname="table_07" name="Table_07_generation_works_with_custom_values">
      <skipped message="Reason: On CRAN ('test-table_07.R:42:3')"/>
    </testcase>
    <testcase time="0.0139999999999993" classname="table_07" name="Table_07_generation_works_with_NA_values_pruned_rows"/>
    <testcase time="0.000999999999999446" classname="table_07" name="Table_07_generation_works_with_NA_values_pruned_rows"/>
    <testcase time="0.00100000000000122" classname="table_07" name="Table_07_generation_works_with_NA_values_pruned_rows"/>
    <testcase time="0.0399999999999991" classname="table_07" name="Table_07_generation_works_with_NA_values_pruned_rows"/>
    <testcase time="0.282999999999999" classname="table_07" name="Table_07_generation_works_with_NA_values_pruned_rows"/>
    <testcase time="0.109" classname="table_07" name="Table_07_generation_works_with_NA_values_pruned_rows">
      <skipped message="Reason: On CRAN ('test-table_07.R:52:3')"/>
    </testcase>
  </testsuite>
  <testsuite name="table_08" timestamp="2023-06-20T12:45:51Z" hostname="d83b7f36d2e1" tests="8" skipped="2" failures="0" errors="0" time="0.41">
    <testcase time="0.0210000000000008" classname="table_08" name="Table_08_generation_works_with_default_values"/>
    <testcase time="0.000999999999999446" classname="table_08" name="Table_08_generation_works_with_default_values"/>
    <testcase time="0.0460000000000012" classname="table_08" name="Table_08_generation_works_with_default_values"/>
    <testcase time="0.110999999999999" classname="table_08" name="Table_08_generation_works_with_default_values">
      <skipped message="Reason: On CRAN ('test-table_08.R:10:3')"/>
    </testcase>
    <testcase time="0.0129999999999999" classname="table_08" name="Table_08_generation_works_with_custom_values"/>
    <testcase time="0.00200000000000067" classname="table_08" name="Table_08_generation_works_with_custom_values"/>
    <testcase time="0.0389999999999997" classname="table_08" name="Table_08_generation_works_with_custom_values"/>
    <testcase time="0.177" classname="table_08" name="Table_08_generation_works_with_custom_values">
      <skipped message="Reason: On CRAN ('test-table_08.R:31:3')"/>
    </testcase>
  </testsuite>
  <testsuite name="table_09" timestamp="2023-06-20T12:45:51Z" hostname="d83b7f36d2e1" tests="8" skipped="2" failures="0" errors="0" time="0.805">
    <testcase time="0.0180000000000007" classname="table_09" name="Table_09_generation_works_with_default_values"/>
    <testcase time="0.0399999999999991" classname="table_09" name="Table_09_generation_works_with_default_values"/>
    <testcase time="0.258000000000001" classname="table_09" name="Table_09_generation_works_with_default_values"/>
    <testcase time="0.0579999999999998" classname="table_09" name="Table_09_generation_works_with_default_values">
      <skipped message="Reason: On CRAN ('test-table_09.R:8:3')"/>
    </testcase>
    <testcase time="0.0139999999999993" classname="table_09" name="Table_09_generation_works_with_custom_values"/>
    <testcase time="0.0410000000000004" classname="table_09" name="Table_09_generation_works_with_custom_values"/>
    <testcase time="0.31" classname="table_09" name="Table_09_generation_works_with_custom_values"/>
    <testcase time="0.0660000000000007" classname="table_09" name="Table_09_generation_works_with_custom_values">
      <skipped message="Reason: On CRAN ('test-table_09.R:39:3')"/>
    </testcase>
  </testsuite>
  <testsuite name="table_13" timestamp="2023-06-20T12:45:52Z" hostname="d83b7f36d2e1" tests="8" skipped="2" failures="0" errors="0" time="0.486">
    <testcase time="0.0279999999999987" classname="table_13" name="Table_13_generation_works_with_default_values"/>
    <testcase time="0.0490000000000013" classname="table_13" name="Table_13_generation_works_with_default_values"/>
    <testcase time="0.109999999999999" classname="table_13" name="Table_13_generation_works_with_default_values"/>
    <testcase time="0.0589999999999993" classname="table_13" name="Table_13_generation_works_with_default_values">
      <skipped message="Reason: On CRAN ('test-table_13.R:8:3')"/>
    </testcase>
    <testcase time="0.0130000000000017" classname="table_13" name="Table_13_generation_works_with_custom_values"/>
    <testcase time="0.0499999999999989" classname="table_13" name="Table_13_generation_works_with_custom_values"/>
    <testcase time="0.133000000000001" classname="table_13" name="Table_13_generation_works_with_custom_values"/>
    <testcase time="0.0439999999999987" classname="table_13" name="Table_13_generation_works_with_custom_values">
      <skipped message="Reason: On CRAN ('test-table_13.R:38:3')"/>
    </testcase>
  </testsuite>
  <testsuite name="table_14" timestamp="2023-06-20T12:45:52Z" hostname="d83b7f36d2e1" tests="10" skipped="3" failures="0" errors="0" time="1.977">
    <testcase time="0.0280000000000005" classname="table_14" name="Table_14_generation_works_with_default_values"/>
    <testcase time="0.489000000000001" classname="table_14" name="Table_14_generation_works_with_default_values"/>
    <testcase time="0.136999999999999" classname="table_14" name="Table_14_generation_works_with_default_values">
      <skipped message="Reason: On CRAN ('test-table_14.R:16:3')"/>
    </testcase>
    <testcase time="0.0129999999999999" classname="table_14" name="Table_14_generation_works_with_custom_values"/>
    <testcase time="0.0500000000000007" classname="table_14" name="Table_14_generation_works_with_custom_values"/>
    <testcase time="0.516999999999999" classname="table_14" name="Table_14_generation_works_with_custom_values"/>
    <testcase time="0.136000000000001" classname="table_14" name="Table_14_generation_works_with_custom_values">
      <skipped message="Reason: On CRAN ('test-table_14.R:46:3')"/>
    </testcase>
    <testcase time="0.0139999999999993" classname="table_14" name="Table_14_generation_works_with_NA_values_pruned_rows"/>
    <testcase time="0.493" classname="table_14" name="Table_14_generation_works_with_NA_values_pruned_rows"/>
    <testcase time="0.0999999999999996" classname="table_14" name="Table_14_generation_works_with_NA_values_pruned_rows">
      <skipped message="Reason: On CRAN ('test-table_14.R:53:3')"/>
    </testcase>
  </testsuite>
  <testsuite name="table_20" timestamp="2023-06-20T12:45:54Z" hostname="d83b7f36d2e1" tests="18" skipped="3" failures="0" errors="0" time="1.626">
    <testcase time="0.0220000000000002" classname="table_20" name="Table_20_generation_works_with_default_values"/>
    <testcase time="0.00200000000000067" classname="table_20" name="Table_20_generation_works_with_default_values"/>
    <testcase time="0.000999999999999446" classname="table_20" name="Table_20_generation_works_with_default_values"/>
    <testcase time="0.0429999999999993" classname="table_20" name="Table_20_generation_works_with_default_values"/>
    <testcase time="0.337000000000002" classname="table_20" name="Table_20_generation_works_with_default_values"/>
    <testcase time="0.0789999999999988" classname="table_20" name="Table_20_generation_works_with_default_values">
      <skipped message="Reason: On CRAN ('test-table_20.R:17:3')"/>
    </testcase>
    <testcase time="0.0129999999999999" classname="table_20" name="Table_20_generation_works_with_custom_values"/>
    <testcase time="0.00200000000000067" classname="table_20" name="Table_20_generation_works_with_custom_values"/>
    <testcase time="0.000999999999999446" classname="table_20" name="Table_20_generation_works_with_custom_values"/>
    <testcase time="0.0440000000000005" classname="table_20" name="Table_20_generation_works_with_custom_values"/>
    <testcase time="0.515000000000001" classname="table_20" name="Table_20_generation_works_with_custom_values"/>
    <testcase time="0.113" classname="table_20" name="Table_20_generation_works_with_custom_values">
      <skipped message="Reason: On CRAN ('test-table_20.R:65:3')"/>
    </testcase>
    <testcase time="0.0129999999999999" classname="table_20" name="Table_20_generation_works_with_missing_values_pruned_rows"/>
    <testcase time="0.00200000000000067" classname="table_20" name="Table_20_generation_works_with_missing_values_pruned_rows"/>
    <testcase time="0.000999999999999446" classname="table_20" name="Table_20_generation_works_with_missing_values_pruned_rows"/>
    <testcase time="0.0429999999999993" classname="table_20" name="Table_20_generation_works_with_missing_values_pruned_rows"/>
    <testcase time="0.32" classname="table_20" name="Table_20_generation_works_with_missing_values_pruned_rows"/>
    <testcase time="0.0750000000000011" classname="table_20" name="Table_20_generation_works_with_missing_values_pruned_rows">
      <skipped message="Reason: On CRAN ('test-table_20.R:74:3')"/>
    </testcase>
  </testsuite>
  <testsuite name="table_32" timestamp="2023-06-20T12:45:56Z" hostname="d83b7f36d2e1" tests="12" skipped="3" failures="0" errors="0" time="0.885">
    <testcase time="0.0189999999999984" classname="table_32" name="Table_32_generation_works_with_default_values"/>
    <testcase time="0.0660000000000007" classname="table_32" name="Table_32_generation_works_with_default_values"/>
    <testcase time="0.105" classname="table_32" name="Table_32_generation_works_with_default_values"/>
    <testcase time="0.0410000000000004" classname="table_32" name="Table_32_generation_works_with_default_values">
      <skipped message="Reason: On CRAN ('test-table_32.R:8:3')"/>
    </testcase>
    <testcase time="0.0139999999999993" classname="table_32" name="Table_32_generation_works_with_custom_values"/>
    <testcase time="0.26" classname="table_32" name="Table_32_generation_works_with_custom_values"/>
    <testcase time="0.124000000000001" classname="table_32" name="Table_32_generation_works_with_custom_values"/>
    <testcase time="0.0489999999999995" classname="table_32" name="Table_32_generation_works_with_custom_values">
      <skipped message="Reason: On CRAN ('test-table_32.R:30:3')"/>
    </testcase>
    <testcase time="0.0139999999999993" classname="table_32" name="Table_32_generation_works_with_pruned_rows"/>
    <testcase time="0.0520000000000014" classname="table_32" name="Table_32_generation_works_with_pruned_rows"/>
    <testcase time="0.110999999999999" classname="table_32" name="Table_32_generation_works_with_pruned_rows"/>
    <testcase time="0.0300000000000011" classname="table_32" name="Table_32_generation_works_with_pruned_rows">
      <skipped message="Reason: On CRAN ('test-table_32.R:37:3')"/>
    </testcase>
  </testsuite>
  <testsuite name="table_33" timestamp="2023-06-20T12:45:57Z" hostname="d83b7f36d2e1" tests="12" skipped="3" failures="0" errors="0" time="1.111">
    <testcase time="0.0179999999999989" classname="table_33" name="Table_33_generation_works_with_default_values"/>
    <testcase time="0.231" classname="table_33" name="Table_33_generation_works_with_default_values"/>
    <testcase time="0.0850000000000009" classname="table_33" name="Table_33_generation_works_with_default_values"/>
    <testcase time="0.0310000000000006" classname="table_33" name="Table_33_generation_works_with_default_values">
      <skipped message="Reason: On CRAN ('test-table_33.R:8:3')"/>
    </testcase>
    <testcase time="0.0139999999999993" classname="table_33" name="Table_33_generation_works_with_custom_values"/>
    <testcase time="0.228999999999999" classname="table_33" name="Table_33_generation_works_with_custom_values"/>
    <testcase time="0.110000000000001" classname="table_33" name="Table_33_generation_works_with_custom_values"/>
    <testcase time="0.0359999999999996" classname="table_33" name="Table_33_generation_works_with_custom_values">
      <skipped message="Reason: On CRAN ('test-table_33.R:34:3')"/>
    </testcase>
    <testcase time="0.0140000000000011" classname="table_33" name="Table_33_generation_works_with_pruned_rows"/>
    <testcase time="0.231" classname="table_33" name="Table_33_generation_works_with_pruned_rows"/>
    <testcase time="0.0849999999999991" classname="table_33" name="Table_33_generation_works_with_pruned_rows"/>
    <testcase time="0.027000000000001" classname="table_33" name="Table_33_generation_works_with_pruned_rows">
      <skipped message="Reason: On CRAN ('test-table_33.R:42:3')"/>
    </testcase>
  </testsuite>
</testsuites>
