<?xml version="1.0" encoding="UTF-8"?>
<testsuites>
  <testsuite name="table_02" timestamp="2023-10-20T19:38:59Z" hostname="2b01f691506d" tests="30" skipped="10" failures="0" errors="0" time="16.681">
    <testcase time="0.085" classname="table_02" name="Table_02_generation_works_with_default_values"/>
    <testcase time="0.494" classname="table_02" name="Table_02_generation_works_with_default_values"/>
    <testcase time="0.231" classname="table_02" name="Table_02_generation_works_with_default_values">
      <skipped message="Reason: On CRAN ('test-table_02.R:16:3')"/>
    </testcase>
    <testcase time="0.0830000000000002" classname="table_02" name="Table_02_generation_works_with_custom_values"/>
    <testcase time="0.403" classname="table_02" name="Table_02_generation_works_with_custom_values"/>
    <testcase time="0.232" classname="table_02" name="Table_02_generation_works_with_custom_values">
      <skipped message="Reason: On CRAN ('test-table_02.R:45:3')"/>
    </testcase>
    <testcase time="0.0619999999999994" classname="table_02" name="Table_02_generation_works_with_some_NA_values"/>
    <testcase time="0.109" classname="table_02" name="Table_02_generation_works_with_some_NA_values"/>
    <testcase time="0.0510000000000002" classname="table_02" name="Table_02_generation_works_with_some_NA_values">
      <skipped message="Reason: On CRAN ('test-table_02.R:57:3')"/>
    </testcase>
    <testcase time="0.0209999999999999" classname="table_02" name="Table_02_generation_tplyr_works_with_default_values"/>
    <testcase time="1.987" classname="table_02" name="Table_02_generation_tplyr_works_with_default_values"/>
    <testcase time="0.0360000000000005" classname="table_02" name="Table_02_generation_tplyr_works_with_default_values">
      <skipped message="Reason: On CRAN ('test-table_02.R:66:3')"/>
    </testcase>
    <testcase time="0.0300000000000002" classname="table_02" name="Table_02_generation_tplyr_works_with_tplyr_raw_TRUE"/>
    <testcase time="1.233" classname="table_02" name="Table_02_generation_tplyr_works_with_tplyr_raw_TRUE"/>
    <testcase time="0.0240000000000009" classname="table_02" name="Table_02_generation_tplyr_works_with_tplyr_raw_TRUE">
      <skipped message="Reason: On CRAN ('test-table_02.R:75:3')"/>
    </testcase>
    <testcase time="0.0489999999999995" classname="table_02" name="Table_02_generation_tplyr_works_with_custom_values"/>
    <testcase time="1.906" classname="table_02" name="Table_02_generation_tplyr_works_with_custom_values"/>
    <testcase time="0.0250000000000004" classname="table_02" name="Table_02_generation_tplyr_works_with_custom_values">
      <skipped message="Reason: On CRAN ('test-table_02.R:102:3')"/>
    </testcase>
    <testcase time="0.0489999999999995" classname="table_02" name="Table_02_generation_tplyr_works_with_some_NA_values"/>
    <testcase time="0.772" classname="table_02" name="Table_02_generation_tplyr_works_with_some_NA_values"/>
    <testcase time="0.0240000000000009" classname="table_02" name="Table_02_generation_tplyr_works_with_some_NA_values">
      <skipped message="Reason: On CRAN ('test-table_02.R:119:3')"/>
    </testcase>
    <testcase time="0.0199999999999996" classname="table_02" name="Table_02_generation_gtsum_works_with_default_values"/>
    <testcase time="3.48" classname="table_02" name="Table_02_generation_gtsum_works_with_default_values"/>
    <testcase time="0.00999999999999979" classname="table_02" name="Table_02_generation_gtsum_works_with_default_values">
      <skipped message="Reason: On CRAN ('test-table_02.R:128:3')"/>
    </testcase>
    <testcase time="0.0499999999999989" classname="table_02" name="Table_02_generation_gtsum_works_with_custom_values"/>
    <testcase time="3.845" classname="table_02" name="Table_02_generation_gtsum_works_with_custom_values"/>
    <testcase time="0.00900000000000034" classname="table_02" name="Table_02_generation_gtsum_works_with_custom_values">
      <skipped message="Reason: On CRAN ('test-table_02.R:146:3')"/>
    </testcase>
    <testcase time="0.0420000000000016" classname="table_02" name="Table_02_generation_gtsum_works_with_some_NA_values"/>
    <testcase time="1.311" classname="table_02" name="Table_02_generation_gtsum_works_with_some_NA_values"/>
    <testcase time="0.00799999999999912" classname="table_02" name="Table_02_generation_gtsum_works_with_some_NA_values">
      <skipped message="Reason: On CRAN ('test-table_02.R:161:3')"/>
    </testcase>
  </testsuite>
  <testsuite name="table_03" timestamp="2023-10-20T19:39:15Z" hostname="2b01f691506d" tests="8" skipped="2" failures="0" errors="0" time="0.859">
    <testcase time="0.0389999999999979" classname="table_03" name="Table_3_generation_works_with_default_values"/>
    <testcase time="0.00200000000000244" classname="table_03" name="Table_3_generation_works_with_default_values"/>
    <testcase time="0.346999999999998" classname="table_03" name="Table_3_generation_works_with_default_values"/>
    <testcase time="0.0549999999999997" classname="table_03" name="Table_3_generation_works_with_default_values">
      <skipped message="Reason: On CRAN ('test-table_03.R:21:3')"/>
    </testcase>
    <testcase time="0.0200000000000031" classname="table_03" name="Table_3_generation_works_with_custom_values"/>
    <testcase time="0.00199999999999889" classname="table_03" name="Table_3_generation_works_with_custom_values"/>
    <testcase time="0.314999999999998" classname="table_03" name="Table_3_generation_works_with_custom_values"/>
    <testcase time="0.0790000000000006" classname="table_03" name="Table_3_generation_works_with_custom_values">
      <skipped message="Reason: On CRAN ('test-table_03.R:41:3')"/>
    </testcase>
  </testsuite>
  <testsuite name="table_04" timestamp="2023-10-20T19:39:16Z" hostname="2b01f691506d" tests="12" skipped="2" failures="0" errors="0" time="0.949">
    <testcase time="0.0430000000000028" classname="table_04" name="Table_04_generation_works_with_default_values"/>
    <testcase time="0.00199999999999889" classname="table_04" name="Table_04_generation_works_with_default_values"/>
    <testcase time="0.00199999999999889" classname="table_04" name="Table_04_generation_works_with_default_values"/>
    <testcase time="0.00100000000000122" classname="table_04" name="Table_04_generation_works_with_default_values"/>
    <testcase time="0.343999999999998" classname="table_04" name="Table_04_generation_works_with_default_values"/>
    <testcase time="0.104000000000003" classname="table_04" name="Table_04_generation_works_with_default_values">
      <skipped message="Reason: On CRAN ('test-table_04.R:18:3')"/>
    </testcase>
    <testcase time="0.0199999999999996" classname="table_04" name="Table_04_generation_works_with_custom_values"/>
    <testcase time="0.000999999999997669" classname="table_04" name="Table_04_generation_works_with_custom_values"/>
    <testcase time="0.00200000000000244" classname="table_04" name="Table_04_generation_works_with_custom_values"/>
    <testcase time="0.00199999999999889" classname="table_04" name="Table_04_generation_works_with_custom_values"/>
    <testcase time="0.341999999999999" classname="table_04" name="Table_04_generation_works_with_custom_values"/>
    <testcase time="0.0860000000000021" classname="table_04" name="Table_04_generation_works_with_custom_values">
      <skipped message="Reason: On CRAN ('test-table_04.R:44:3')"/>
    </testcase>
  </testsuite>
  <testsuite name="table_05" timestamp="2023-10-20T19:39:17Z" hostname="2b01f691506d" tests="12" skipped="4" failures="0" errors="0" time="1.466">
    <testcase time="0.173999999999999" classname="table_05" name="Table_05_generation_works_with_default_values"/>
    <testcase time="0.225000000000001" classname="table_05" name="Table_05_generation_works_with_default_values"/>
    <testcase time="0.0819999999999972" classname="table_05" name="Table_05_generation_works_with_default_values">
      <skipped message="Reason: On CRAN ('test-table_05.R:10:3')"/>
    </testcase>
    <testcase time="0.0200000000000031" classname="table_05" name="Table_05_generation_works_with_custom_values"/>
    <testcase time="0.238" classname="table_05" name="Table_05_generation_works_with_custom_values"/>
    <testcase time="0.0809999999999995" classname="table_05" name="Table_05_generation_works_with_custom_values">
      <skipped message="Reason: On CRAN ('test-table_05.R:34:3')"/>
    </testcase>
    <testcase time="0.0229999999999997" classname="table_05" name="Table_05_generation_works_with_NA_values_pruned_rows"/>
    <testcase time="0.201000000000001" classname="table_05" name="Table_05_generation_works_with_NA_values_pruned_rows"/>
    <testcase time="0.0719999999999992" classname="table_05" name="Table_05_generation_works_with_NA_values_pruned_rows">
      <skipped message="Reason: On CRAN ('test-table_05.R:44:3')"/>
    </testcase>
    <testcase time="0.0289999999999999" classname="table_05" name="Table_05_generation_works_with_risk_difference_column"/>
    <testcase time="0.242999999999999" classname="table_05" name="Table_05_generation_works_with_risk_difference_column"/>
    <testcase time="0.078000000000003" classname="table_05" name="Table_05_generation_works_with_risk_difference_column">
      <skipped message="Reason: On CRAN ('test-table_05.R:57:3')"/>
    </testcase>
  </testsuite>
  <testsuite name="table_06" timestamp="2023-10-20T19:39:19Z" hostname="2b01f691506d" tests="15" skipped="3" failures="0" errors="0" time="2.23">
    <testcase time="0.0250000000000021" classname="table_06" name="Table_06_generation_works_with_default_values"/>
    <testcase time="0.00199999999999889" classname="table_06" name="Table_06_generation_works_with_default_values"/>
    <testcase time="0.0599999999999987" classname="table_06" name="Table_06_generation_works_with_default_values"/>
    <testcase time="0.443000000000001" classname="table_06" name="Table_06_generation_works_with_default_values"/>
    <testcase time="0.123999999999999" classname="table_06" name="Table_06_generation_works_with_default_values">
      <skipped message="Reason: On CRAN ('test-table_06.R:8:3')"/>
    </testcase>
    <testcase time="0.0190000000000019" classname="table_06" name="Table_06_generation_works_with_custom_values"/>
    <testcase time="0.00199999999999889" classname="table_06" name="Table_06_generation_works_with_custom_values"/>
    <testcase time="0.0560000000000009" classname="table_06" name="Table_06_generation_works_with_custom_values"/>
    <testcase time="0.597999999999999" classname="table_06" name="Table_06_generation_works_with_custom_values"/>
    <testcase time="0.141000000000002" classname="table_06" name="Table_06_generation_works_with_custom_values">
      <skipped message="Reason: On CRAN ('test-table_06.R:40:3')"/>
    </testcase>
    <testcase time="0.0189999999999984" classname="table_06" name="Table_06_generation_works_with_risk_difference_column"/>
    <testcase time="0.000999999999997669" classname="table_06" name="Table_06_generation_works_with_risk_difference_column"/>
    <testcase time="0.0570000000000022" classname="table_06" name="Table_06_generation_works_with_risk_difference_column"/>
    <testcase time="0.579000000000001" classname="table_06" name="Table_06_generation_works_with_risk_difference_column"/>
    <testcase time="0.103999999999999" classname="table_06" name="Table_06_generation_works_with_risk_difference_column">
      <skipped message="Reason: On CRAN ('test-table_06.R:48:3')"/>
    </testcase>
  </testsuite>
  <testsuite name="table_07" timestamp="2023-10-20T19:39:21Z" hostname="2b01f691506d" tests="24" skipped="4" failures="0" errors="0" time="2.353">
    <testcase time="0.0299999999999976" classname="table_07" name="Table_07_generation_works_with_default_values"/>
    <testcase time="0.00200000000000244" classname="table_07" name="Table_07_generation_works_with_default_values"/>
    <testcase time="0.00199999999999889" classname="table_07" name="Table_07_generation_works_with_default_values"/>
    <testcase time="0.0410000000000004" classname="table_07" name="Table_07_generation_works_with_default_values"/>
    <testcase time="0.335999999999999" classname="table_07" name="Table_07_generation_works_with_default_values"/>
    <testcase time="0.122" classname="table_07" name="Table_07_generation_works_with_default_values">
      <skipped message="Reason: On CRAN ('test-table_07.R:13:3')"/>
    </testcase>
    <testcase time="0.0200000000000031" classname="table_07" name="Table_07_generation_works_with_custom_values"/>
    <testcase time="0.00199999999999889" classname="table_07" name="Table_07_generation_works_with_custom_values"/>
    <testcase time="0.00100000000000122" classname="table_07" name="Table_07_generation_works_with_custom_values"/>
    <testcase time="0.0399999999999991" classname="table_07" name="Table_07_generation_works_with_custom_values"/>
    <testcase time="0.465" classname="table_07" name="Table_07_generation_works_with_custom_values"/>
    <testcase time="0.156000000000002" classname="table_07" name="Table_07_generation_works_with_custom_values">
      <skipped message="Reason: On CRAN ('test-table_07.R:42:3')"/>
    </testcase>
    <testcase time="0.0210000000000008" classname="table_07" name="Table_07_generation_works_with_NA_values_pruned_rows"/>
    <testcase time="0.000999999999997669" classname="table_07" name="Table_07_generation_works_with_NA_values_pruned_rows"/>
    <testcase time="0.00200000000000244" classname="table_07" name="Table_07_generation_works_with_NA_values_pruned_rows"/>
    <testcase time="0.0409999999999968" classname="table_07" name="Table_07_generation_works_with_NA_values_pruned_rows"/>
    <testcase time="0.335000000000001" classname="table_07" name="Table_07_generation_works_with_NA_values_pruned_rows"/>
    <testcase time="0.117000000000001" classname="table_07" name="Table_07_generation_works_with_NA_values_pruned_rows">
      <skipped message="Reason: On CRAN ('test-table_07.R:52:3')"/>
    </testcase>
    <testcase time="0.0199999999999996" classname="table_07" name="Table_07_generation_works_with_risk_difference_column"/>
    <testcase time="0.00199999999999889" classname="table_07" name="Table_07_generation_works_with_risk_difference_column"/>
    <testcase time="0.00200000000000244" classname="table_07" name="Table_07_generation_works_with_risk_difference_column"/>
    <testcase time="0.0499999999999972" classname="table_07" name="Table_07_generation_works_with_risk_difference_column"/>
    <testcase time="0.416" classname="table_07" name="Table_07_generation_works_with_risk_difference_column"/>
    <testcase time="0.129000000000001" classname="table_07" name="Table_07_generation_works_with_risk_difference_column">
      <skipped message="Reason: On CRAN ('test-table_07.R:65:3')"/>
    </testcase>
  </testsuite>
  <testsuite name="table_08" timestamp="2023-10-20T19:39:23Z" hostname="2b01f691506d" tests="8" skipped="2" failures="0" errors="0" time="0.429">
    <testcase time="0.027000000000001" classname="table_08" name="Table_08_generation_works_with_default_values"/>
    <testcase time="0.000999999999997669" classname="table_08" name="Table_08_generation_works_with_default_values"/>
    <testcase time="0.0620000000000012" classname="table_08" name="Table_08_generation_works_with_default_values"/>
    <testcase time="0.113" classname="table_08" name="Table_08_generation_works_with_default_values">
      <skipped message="Reason: On CRAN ('test-table_08.R:10:3')"/>
    </testcase>
    <testcase time="0.0199999999999996" classname="table_08" name="Table_08_generation_works_with_custom_values"/>
    <testcase time="0.00200000000000244" classname="table_08" name="Table_08_generation_works_with_custom_values"/>
    <testcase time="0.0449999999999982" classname="table_08" name="Table_08_generation_works_with_custom_values"/>
    <testcase time="0.158999999999999" classname="table_08" name="Table_08_generation_works_with_custom_values">
      <skipped message="Reason: On CRAN ('test-table_08.R:31:3')"/>
    </testcase>
  </testsuite>
  <testsuite name="table_09" timestamp="2023-10-20T19:39:24Z" hostname="2b01f691506d" tests="12" skipped="3" failures="0" errors="0" time="1.556">
    <testcase time="0.0259999999999998" classname="table_09" name="Table_09_generation_works_with_default_values"/>
    <testcase time="0.0640000000000001" classname="table_09" name="Table_09_generation_works_with_default_values"/>
    <testcase time="0.318000000000001" classname="table_09" name="Table_09_generation_works_with_default_values"/>
    <testcase time="0.0629999999999988" classname="table_09" name="Table_09_generation_works_with_default_values">
      <skipped message="Reason: On CRAN ('test-table_09.R:8:3')"/>
    </testcase>
    <testcase time="0.0200000000000031" classname="table_09" name="Table_09_generation_works_with_custom_values"/>
    <testcase time="0.0559999999999974" classname="table_09" name="Table_09_generation_works_with_custom_values"/>
    <testcase time="0.383000000000003" classname="table_09" name="Table_09_generation_works_with_custom_values"/>
    <testcase time="0.0869999999999997" classname="table_09" name="Table_09_generation_works_with_custom_values">
      <skipped message="Reason: On CRAN ('test-table_09.R:39:3')"/>
    </testcase>
    <testcase time="0.0199999999999996" classname="table_09" name="Table_09_generation_works_with_risk_difference_column"/>
    <testcase time="0.0410000000000004" classname="table_09" name="Table_09_generation_works_with_risk_difference_column"/>
    <testcase time="0.407999999999998" classname="table_09" name="Table_09_generation_works_with_risk_difference_column"/>
    <testcase time="0.0700000000000003" classname="table_09" name="Table_09_generation_works_with_risk_difference_column">
      <skipped message="Reason: On CRAN ('test-table_09.R:47:3')"/>
    </testcase>
  </testsuite>
  <testsuite name="table_10" timestamp="2023-10-20T19:39:25Z" hostname="2b01f691506d" tests="15" skipped="3" failures="0" errors="0" time="1.767">
    <testcase time="0.032" classname="table_10" name="Table_10_generation_works_with_default_values"/>
    <testcase time="0.00199999999999889" classname="table_10" name="Table_10_generation_works_with_default_values"/>
    <testcase time="0.0430000000000028" classname="table_10" name="Table_10_generation_works_with_default_values"/>
    <testcase time="0.390999999999998" classname="table_10" name="Table_10_generation_works_with_default_values"/>
    <testcase time="0.127000000000002" classname="table_10" name="Table_10_generation_works_with_default_values">
      <skipped message="Reason: On CRAN ('test-table_10.R:17:3')"/>
    </testcase>
    <testcase time="0.0199999999999996" classname="table_10" name="Table_10_generation_works_with_custom_values"/>
    <testcase time="0.00199999999999889" classname="table_10" name="Table_10_generation_works_with_custom_values"/>
    <testcase time="0.036999999999999" classname="table_10" name="Table_10_generation_works_with_custom_values"/>
    <testcase time="0.378" classname="table_10" name="Table_10_generation_works_with_custom_values"/>
    <testcase time="0.0560000000000009" classname="table_10" name="Table_10_generation_works_with_custom_values">
      <skipped message="Reason: On CRAN ('test-table_10.R:52:3')"/>
    </testcase>
    <testcase time="0.0189999999999984" classname="table_10" name="Table_10_generation_works_with_risk_difference_column"/>
    <testcase time="0.00200000000000244" classname="table_10" name="Table_10_generation_works_with_risk_difference_column"/>
    <testcase time="0.0440000000000005" classname="table_10" name="Table_10_generation_works_with_risk_difference_column"/>
    <testcase time="0.481999999999999" classname="table_10" name="Table_10_generation_works_with_risk_difference_column"/>
    <testcase time="0.131999999999998" classname="table_10" name="Table_10_generation_works_with_risk_difference_column">
      <skipped message="Reason: On CRAN ('test-table_10.R:60:3')"/>
    </testcase>
  </testsuite>
  <testsuite name="table_11" timestamp="2023-10-20T19:39:27Z" hostname="2b01f691506d" tests="12" skipped="3" failures="0" errors="0" time="2.705">
    <testcase time="0.032" classname="table_11" name="Table_11_generation_works_with_default_values"/>
    <testcase time="0.0519999999999996" classname="table_11" name="Table_11_generation_works_with_default_values"/>
    <testcase time="0.653000000000002" classname="table_11" name="Table_11_generation_works_with_default_values"/>
    <testcase time="0.130000000000003" classname="table_11" name="Table_11_generation_works_with_default_values">
      <skipped message="Reason: On CRAN ('test-table_11.R:18:3')"/>
    </testcase>
    <testcase time="0.019999999999996" classname="table_11" name="Table_11_generation_works_with_custom_values"/>
    <testcase time="0.0579999999999998" classname="table_11" name="Table_11_generation_works_with_custom_values"/>
    <testcase time="0.606999999999999" classname="table_11" name="Table_11_generation_works_with_custom_values"/>
    <testcase time="0.0820000000000007" classname="table_11" name="Table_11_generation_works_with_custom_values">
      <skipped message="Reason: On CRAN ('test-table_11.R:48:3')"/>
    </testcase>
    <testcase time="0.0200000000000031" classname="table_11" name="Table_11_generation_works_with_risk_difference_column"/>
    <testcase time="0.0519999999999996" classname="table_11" name="Table_11_generation_works_with_risk_difference_column"/>
    <testcase time="0.832999999999998" classname="table_11" name="Table_11_generation_works_with_risk_difference_column"/>
    <testcase time="0.166000000000004" classname="table_11" name="Table_11_generation_works_with_risk_difference_column">
      <skipped message="Reason: On CRAN ('test-table_11.R:56:3')"/>
    </testcase>
  </testsuite>
  <testsuite name="table_12" timestamp="2023-10-20T19:39:30Z" hostname="2b01f691506d" tests="12" skipped="3" failures="0" errors="0" time="3.592">
    <testcase time="0.0259999999999962" classname="table_12" name="Table_12_generation_works_with_default_values"/>
    <testcase time="0.0519999999999996" classname="table_12" name="Table_12_generation_works_with_default_values"/>
    <testcase time="0.855000000000004" classname="table_12" name="Table_12_generation_works_with_default_values"/>
    <testcase time="0.122999999999998" classname="table_12" name="Table_12_generation_works_with_default_values">
      <skipped message="Reason: On CRAN ('test-table_12.R:9:3')"/>
    </testcase>
    <testcase time="0.0210000000000008" classname="table_12" name="Table_12_generation_works_with_custom_values"/>
    <testcase time="0.0529999999999973" classname="table_12" name="Table_12_generation_works_with_custom_values"/>
    <testcase time="0.854000000000006" classname="table_12" name="Table_12_generation_works_with_custom_values"/>
    <testcase time="0.119" classname="table_12" name="Table_12_generation_works_with_custom_values">
      <skipped message="Reason: On CRAN ('test-table_12.R:39:3')"/>
    </testcase>
    <testcase time="0.0239999999999938" classname="table_12" name="Table_12_generation_works_with_risk_difference_column"/>
    <testcase time="0.0530000000000044" classname="table_12" name="Table_12_generation_works_with_risk_difference_column"/>
    <testcase time="1.291" classname="table_12" name="Table_12_generation_works_with_risk_difference_column"/>
    <testcase time="0.121000000000002" classname="table_12" name="Table_12_generation_works_with_risk_difference_column">
      <skipped message="Reason: On CRAN ('test-table_12.R:47:3')"/>
    </testcase>
  </testsuite>
  <testsuite name="table_13" timestamp="2023-10-20T19:39:33Z" hostname="2b01f691506d" tests="12" skipped="3" failures="0" errors="0" time="0.822">
    <testcase time="0.0249999999999986" classname="table_13" name="Table_13_generation_works_with_default_values"/>
    <testcase time="0.0489999999999995" classname="table_13" name="Table_13_generation_works_with_default_values"/>
    <testcase time="0.121000000000002" classname="table_13" name="Table_13_generation_works_with_default_values"/>
    <testcase time="0.0690000000000026" classname="table_13" name="Table_13_generation_works_with_default_values">
      <skipped message="Reason: On CRAN ('test-table_13.R:8:3')"/>
    </testcase>
    <testcase time="0.019999999999996" classname="table_13" name="Table_13_generation_works_with_custom_values"/>
    <testcase time="0.0499999999999972" classname="table_13" name="Table_13_generation_works_with_custom_values"/>
    <testcase time="0.156999999999996" classname="table_13" name="Table_13_generation_works_with_custom_values"/>
    <testcase time="0.0459999999999994" classname="table_13" name="Table_13_generation_works_with_custom_values">
      <skipped message="Reason: On CRAN ('test-table_13.R:38:3')"/>
    </testcase>
    <testcase time="0.0190000000000055" classname="table_13" name="Table_13_generation_works_with_risk_difference_column"/>
    <testcase time="0.0499999999999972" classname="table_13" name="Table_13_generation_works_with_risk_difference_column"/>
    <testcase time="0.145000000000003" classname="table_13" name="Table_13_generation_works_with_risk_difference_column"/>
    <testcase time="0.070999999999998" classname="table_13" name="Table_13_generation_works_with_risk_difference_column">
      <skipped message="Reason: On CRAN ('test-table_13.R:46:3')"/>
    </testcase>
  </testsuite>
  <testsuite name="table_14" timestamp="2023-10-20T19:39:34Z" hostname="2b01f691506d" tests="13" skipped="4" failures="0" errors="0" time="3.111">
    <testcase time="0.0339999999999989" classname="table_14" name="Table_14_generation_works_with_default_values"/>
    <testcase time="0.552" classname="table_14" name="Table_14_generation_works_with_default_values"/>
    <testcase time="0.134999999999998" classname="table_14" name="Table_14_generation_works_with_default_values">
      <skipped message="Reason: On CRAN ('test-table_14.R:16:3')"/>
    </testcase>
    <testcase time="0.0200000000000031" classname="table_14" name="Table_14_generation_works_with_custom_values"/>
    <testcase time="0.0489999999999995" classname="table_14" name="Table_14_generation_works_with_custom_values"/>
    <testcase time="0.601999999999997" classname="table_14" name="Table_14_generation_works_with_custom_values"/>
    <testcase time="0.129000000000005" classname="table_14" name="Table_14_generation_works_with_custom_values">
      <skipped message="Reason: On CRAN ('test-table_14.R:46:3')"/>
    </testcase>
    <testcase time="0.019999999999996" classname="table_14" name="Table_14_generation_works_with_NA_values_pruned_rows"/>
    <testcase time="0.565000000000005" classname="table_14" name="Table_14_generation_works_with_NA_values_pruned_rows"/>
    <testcase time="0.109000000000002" classname="table_14" name="Table_14_generation_works_with_NA_values_pruned_rows">
      <skipped message="Reason: On CRAN ('test-table_14.R:53:3')"/>
    </testcase>
    <testcase time="0.019999999999996" classname="table_14" name="Table_14_generation_works_with_risk_difference_column"/>
    <testcase time="0.721000000000004" classname="table_14" name="Table_14_generation_works_with_risk_difference_column"/>
    <testcase time="0.155000000000001" classname="table_14" name="Table_14_generation_works_with_risk_difference_column">
      <skipped message="Reason: On CRAN ('test-table_14.R:61:3')"/>
    </testcase>
  </testsuite>
  <testsuite name="table_20" timestamp="2023-10-20T19:39:37Z" hostname="2b01f691506d" tests="24" skipped="4" failures="0" errors="0" time="2.68">
    <testcase time="0.0349999999999966" classname="table_20" name="Table_20_generation_works_with_default_values"/>
    <testcase time="0.00200000000000244" classname="table_20" name="Table_20_generation_works_with_default_values"/>
    <testcase time="0.000999999999997669" classname="table_20" name="Table_20_generation_works_with_default_values"/>
    <testcase time="0.0450000000000017" classname="table_20" name="Table_20_generation_works_with_default_values"/>
    <testcase time="0.433999999999997" classname="table_20" name="Table_20_generation_works_with_default_values"/>
    <testcase time="0.0820000000000007" classname="table_20" name="Table_20_generation_works_with_default_values">
      <skipped message="Reason: On CRAN ('test-table_20.R:17:3')"/>
    </testcase>
    <testcase time="0.0210000000000008" classname="table_20" name="Table_20_generation_works_with_custom_values"/>
    <testcase time="0.000999999999997669" classname="table_20" name="Table_20_generation_works_with_custom_values"/>
    <testcase time="0.00200000000000244" classname="table_20" name="Table_20_generation_works_with_custom_values"/>
    <testcase time="0.0529999999999973" classname="table_20" name="Table_20_generation_works_with_custom_values"/>
    <testcase time="0.614000000000004" classname="table_20" name="Table_20_generation_works_with_custom_values"/>
    <testcase time="0.109999999999999" classname="table_20" name="Table_20_generation_works_with_custom_values">
      <skipped message="Reason: On CRAN ('test-table_20.R:65:3')"/>
    </testcase>
    <testcase time="0.019999999999996" classname="table_20" name="Table_20_generation_works_with_missing_values_pruned_rows"/>
    <testcase time="0.00200000000000244" classname="table_20" name="Table_20_generation_works_with_missing_values_pruned_rows"/>
    <testcase time="0.00200000000000244" classname="table_20" name="Table_20_generation_works_with_missing_values_pruned_rows"/>
    <testcase time="0.0459999999999994" classname="table_20" name="Table_20_generation_works_with_missing_values_pruned_rows"/>
    <testcase time="0.408000000000001" classname="table_20" name="Table_20_generation_works_with_missing_values_pruned_rows"/>
    <testcase time="0.0899999999999963" classname="table_20" name="Table_20_generation_works_with_missing_values_pruned_rows">
      <skipped message="Reason: On CRAN ('test-table_20.R:74:3')"/>
    </testcase>
    <testcase time="0.0189999999999984" classname="table_20" name="Table_20_generation_works_with_risk_difference_column"/>
    <testcase time="0.00200000000000244" classname="table_20" name="Table_20_generation_works_with_risk_difference_column"/>
    <testcase time="0.00200000000000244" classname="table_20" name="Table_20_generation_works_with_risk_difference_column"/>
    <testcase time="0.0449999999999946" classname="table_20" name="Table_20_generation_works_with_risk_difference_column"/>
    <testcase time="0.550000000000004" classname="table_20" name="Table_20_generation_works_with_risk_difference_column"/>
    <testcase time="0.0940000000000012" classname="table_20" name="Table_20_generation_works_with_risk_difference_column">
      <skipped message="Reason: On CRAN ('test-table_20.R:82:3')"/>
    </testcase>
  </testsuite>
  <testsuite name="table_21" timestamp="2023-10-20T19:39:40Z" hostname="2b01f691506d" tests="19" skipped="4" failures="0" errors="0" time="2.672">
    <testcase time="0.0790000000000006" classname="table_21" name="Table_21_generation_works_with_default_values"/>
    <testcase time="0.00199999999999534" classname="table_21" name="Table_21_generation_works_with_default_values"/>
    <testcase time="0.606000000000002" classname="table_21" name="Table_21_generation_works_with_default_values"/>
    <testcase time="0.109000000000002" classname="table_21" name="Table_21_generation_works_with_default_values">
      <skipped message="Reason: On CRAN ('test-table_21.R:22:3')"/>
    </testcase>
    <testcase time="0.019999999999996" classname="table_21" name="Table_21_generation_works_with_custom_values_N_s_denominator_and_overall_column"/>
    <testcase time="0.00200000000000244" classname="table_21" name="Table_21_generation_works_with_custom_values_N_s_denominator_and_overall_column"/>
    <testcase time="0.078000000000003" classname="table_21" name="Table_21_generation_works_with_custom_values_N_s_denominator_and_overall_column"/>
    <testcase time="0.729999999999997" classname="table_21" name="Table_21_generation_works_with_custom_values_N_s_denominator_and_overall_column"/>
    <testcase time="0.106999999999999" classname="table_21" name="Table_21_generation_works_with_custom_values_N_s_denominator_and_overall_column">
      <skipped message="Reason: On CRAN ('test-table_21.R:34:3')"/>
    </testcase>
    <testcase time="0.0210000000000008" classname="table_21" name="Table_21_generation_works_with_custom_values_N_col_denominator_and_no_overall_column"/>
    <testcase time="0.00200000000000244" classname="table_21" name="Table_21_generation_works_with_custom_values_N_col_denominator_and_no_overall_column"/>
    <testcase time="0.0519999999999996" classname="table_21" name="Table_21_generation_works_with_custom_values_N_col_denominator_and_no_overall_column"/>
    <testcase time="0.324999999999996" classname="table_21" name="Table_21_generation_works_with_custom_values_N_col_denominator_and_no_overall_column"/>
    <testcase time="0.0949999999999989" classname="table_21" name="Table_21_generation_works_with_custom_values_N_col_denominator_and_no_overall_column">
      <skipped message="Reason: On CRAN ('test-table_21.R:62:3')"/>
    </testcase>
    <testcase time="0.0810000000000031" classname="table_21" name="Table_21_generation_works_with_some_NA_values"/>
    <testcase time="0.00200000000000244" classname="table_21" name="Table_21_generation_works_with_some_NA_values"/>
    <testcase time="0.0499999999999972" classname="table_21" name="Table_21_generation_works_with_some_NA_values"/>
    <testcase time="0.246000000000002" classname="table_21" name="Table_21_generation_works_with_some_NA_values"/>
    <testcase time="0.0649999999999977" classname="table_21" name="Table_21_generation_works_with_some_NA_values">
      <skipped message="Reason: On CRAN ('test-table_21.R:82:3')"/>
    </testcase>
  </testsuite>
  <testsuite name="table_32" timestamp="2023-10-20T19:39:43Z" hostname="2b01f691506d" tests="16" skipped="4" failures="0" errors="0" time="1.092">
    <testcase time="0.0260000000000034" classname="table_32" name="Table_32_generation_works_with_default_values"/>
    <testcase time="0.0529999999999973" classname="table_32" name="Table_32_generation_works_with_default_values"/>
    <testcase time="0.134" classname="table_32" name="Table_32_generation_works_with_default_values"/>
    <testcase time="0.0450000000000017" classname="table_32" name="Table_32_generation_works_with_default_values">
      <skipped message="Reason: On CRAN ('test-table_32.R:8:3')"/>
    </testcase>
    <testcase time="0.019999999999996" classname="table_32" name="Table_32_generation_works_with_custom_values"/>
    <testcase time="0.0539999999999949" classname="table_32" name="Table_32_generation_works_with_custom_values"/>
    <testcase time="0.158000000000001" classname="table_32" name="Table_32_generation_works_with_custom_values"/>
    <testcase time="0.054000000000002" classname="table_32" name="Table_32_generation_works_with_custom_values">
      <skipped message="Reason: On CRAN ('test-table_32.R:30:3')"/>
    </testcase>
    <testcase time="0.0289999999999964" classname="table_32" name="Table_32_generation_works_with_pruned_rows"/>
    <testcase time="0.0579999999999998" classname="table_32" name="Table_32_generation_works_with_pruned_rows"/>
    <testcase time="0.118000000000002" classname="table_32" name="Table_32_generation_works_with_pruned_rows"/>
    <testcase time="0.0350000000000037" classname="table_32" name="Table_32_generation_works_with_pruned_rows">
      <skipped message="Reason: On CRAN ('test-table_32.R:37:3')"/>
    </testcase>
    <testcase time="0.019999999999996" classname="table_32" name="Table_32_generation_works_with_risk_difference_column"/>
    <testcase time="0.0660000000000025" classname="table_32" name="Table_32_generation_works_with_risk_difference_column"/>
    <testcase time="0.150999999999996" classname="table_32" name="Table_32_generation_works_with_risk_difference_column"/>
    <testcase time="0.0710000000000051" classname="table_32" name="Table_32_generation_works_with_risk_difference_column">
      <skipped message="Reason: On CRAN ('test-table_32.R:45:3')"/>
    </testcase>
  </testsuite>
  <testsuite name="table_33" timestamp="2023-10-20T19:39:44Z" hostname="2b01f691506d" tests="16" skipped="4" failures="0" errors="0" time="1.717">
    <testcase time="0.0249999999999986" classname="table_33" name="Table_33_generation_works_with_default_values"/>
    <testcase time="0.244999999999997" classname="table_33" name="Table_33_generation_works_with_default_values"/>
    <testcase time="0.100000000000001" classname="table_33" name="Table_33_generation_works_with_default_values"/>
    <testcase time="0.0489999999999995" classname="table_33" name="Table_33_generation_works_with_default_values">
      <skipped message="Reason: On CRAN ('test-table_33.R:8:3')"/>
    </testcase>
    <testcase time="0.0200000000000031" classname="table_33" name="Table_33_generation_works_with_custom_values"/>
    <testcase time="0.244999999999997" classname="table_33" name="Table_33_generation_works_with_custom_values"/>
    <testcase time="0.122" classname="table_33" name="Table_33_generation_works_with_custom_values"/>
    <testcase time="0.0559999999999974" classname="table_33" name="Table_33_generation_works_with_custom_values">
      <skipped message="Reason: On CRAN ('test-table_33.R:34:3')"/>
    </testcase>
    <testcase time="0.0210000000000008" classname="table_33" name="Table_33_generation_works_with_pruned_rows"/>
    <testcase time="0.243000000000002" classname="table_33" name="Table_33_generation_works_with_pruned_rows"/>
    <testcase time="0.106000000000002" classname="table_33" name="Table_33_generation_works_with_pruned_rows"/>
    <testcase time="0.0360000000000014" classname="table_33" name="Table_33_generation_works_with_pruned_rows">
      <skipped message="Reason: On CRAN ('test-table_33.R:42:3')"/>
    </testcase>
    <testcase time="0.019999999999996" classname="table_33" name="Table_33_generation_works_with_risk_difference_column"/>
    <testcase time="0.250999999999998" classname="table_33" name="Table_33_generation_works_with_risk_difference_column"/>
    <testcase time="0.139000000000003" classname="table_33" name="Table_33_generation_works_with_risk_difference_column"/>
    <testcase time="0.0390000000000015" classname="table_33" name="Table_33_generation_works_with_risk_difference_column">
      <skipped message="Reason: On CRAN ('test-table_33.R:50:3')"/>
    </testcase>
  </testsuite>
  <testsuite name="table_34" timestamp="2023-10-20T19:39:45Z" hostname="2b01f691506d" tests="12" skipped="3" failures="0" errors="0" time="6.275">
    <testcase time="0.0319999999999965" classname="table_34" name="Table_34_generation_works_with_default_values"/>
    <testcase time="0.0420000000000016" classname="table_34" name="Table_34_generation_works_with_default_values"/>
    <testcase time="1.745" classname="table_34" name="Table_34_generation_works_with_default_values"/>
    <testcase time="0.214000000000006" classname="table_34" name="Table_34_generation_works_with_default_values">
      <skipped message="Reason: On CRAN ('test-table_34.R:17:3')"/>
    </testcase>
    <testcase time="0.0249999999999986" classname="table_34" name="Table_34_generation_works_with_custom_values"/>
    <testcase time="0.0379999999999967" classname="table_34" name="Table_34_generation_works_with_custom_values"/>
    <testcase time="1.686" classname="table_34" name="Table_34_generation_works_with_custom_values"/>
    <testcase time="0.078000000000003" classname="table_34" name="Table_34_generation_works_with_custom_values">
      <skipped message="Reason: On CRAN ('test-table_34.R:49:3')"/>
    </testcase>
    <testcase time="0.0279999999999987" classname="table_34" name="Table_34_generation_works_with_risk_difference_column"/>
    <testcase time="0.0480000000000018" classname="table_34" name="Table_34_generation_works_with_risk_difference_column"/>
    <testcase time="2.104" classname="table_34" name="Table_34_generation_works_with_risk_difference_column"/>
    <testcase time="0.234999999999999" classname="table_34" name="Table_34_generation_works_with_risk_difference_column">
      <skipped message="Reason: On CRAN ('test-table_34.R:57:3')"/>
    </testcase>
  </testsuite>
</testsuites>
