<?xml version="1.0" encoding="UTF-8"?>
<testsuites>
  <testsuite name="fda-fig_01" timestamp="2025-07-14T07:43:38Z" hostname="97045340b155" tests="8" skipped="4" failures="0" errors="0" time="1.636">
    <testcase time="0.036" classname="fda_fig_01" name="Figure_01_generation_works_with_default_values"/>
    <testcase time="0.551" classname="fda_fig_01" name="Figure_01_generation_works_with_default_values">
      <skipped message="Reason: On CI ('test-fda-fig_01.R:12:3')"/>
    </testcase>
    <testcase time="0.0370000000000004" classname="fda_fig_01" name="Figure_01_generation_works_with_no_table"/>
    <testcase time="0.0419999999999998" classname="fda_fig_01" name="Figure_01_generation_works_with_no_table">
      <skipped message="Reason: On CI ('test-fda-fig_01.R:21:3')"/>
    </testcase>
    <testcase time="0.0289999999999999" classname="fda_fig_01" name="Figure_01_generation_works_with_custom_values"/>
    <testcase time="0.529" classname="fda_fig_01" name="Figure_01_generation_works_with_custom_values">
      <skipped message="Reason: On CI ('test-fda-fig_01.R:37:3')"/>
    </testcase>
    <testcase time="0.0150000000000001" classname="fda_fig_01" name="Figure_01_generation_works_with_ggtheme_argument_specified"/>
    <testcase time="0.397" classname="fda_fig_01" name="Figure_01_generation_works_with_ggtheme_argument_specified">
      <skipped message="Reason: On CI ('test-fda-fig_01.R:49:3')"/>
    </testcase>
  </testsuite>
  <testsuite name="fda-fig_02" timestamp="2025-07-14T07:43:39Z" hostname="97045340b155" tests="8" skipped="4" failures="0" errors="0" time="1.267">
    <testcase time="0.024" classname="fda_fig_02" name="Figure_02_generation_works_with_default_values"/>
    <testcase time="0.371" classname="fda_fig_02" name="Figure_02_generation_works_with_default_values">
      <skipped message="Reason: On CI ('test-fda-fig_02.R:11:3')"/>
    </testcase>
    <testcase time="0.0190000000000001" classname="fda_fig_02" name="Figure_02_generation_works_with_no_table"/>
    <testcase time="0.0289999999999999" classname="fda_fig_02" name="Figure_02_generation_works_with_no_table">
      <skipped message="Reason: On CI ('test-fda-fig_02.R:20:3')"/>
    </testcase>
    <testcase time="0.0140000000000002" classname="fda_fig_02" name="Figure_02_generation_works_with_custom_values"/>
    <testcase time="0.417" classname="fda_fig_02" name="Figure_02_generation_works_with_custom_values">
      <skipped message="Reason: On CI ('test-fda-fig_02.R:36:3')"/>
    </testcase>
    <testcase time="0.0140000000000002" classname="fda_fig_02" name="Figure_02_generation_works_with_ggtheme_argument_specified"/>
    <testcase time="0.379" classname="fda_fig_02" name="Figure_02_generation_works_with_ggtheme_argument_specified">
      <skipped message="Reason: On CI ('test-fda-fig_02.R:48:3')"/>
    </testcase>
  </testsuite>
  <testsuite name="fda-fig_03" timestamp="2025-07-14T07:43:41Z" hostname="97045340b155" tests="8" skipped="4" failures="0" errors="0" time="2.204">
    <testcase time="0.0270000000000001" classname="fda_fig_03" name="Figure_03_generation_works_with_default_values"/>
    <testcase time="0.678" classname="fda_fig_03" name="Figure_03_generation_works_with_default_values">
      <skipped message="Reason: On CI ('test-fda-fig_03.R:9:3')"/>
    </testcase>
    <testcase time="0.0140000000000002" classname="fda_fig_03" name="Figure_03_generation_works_with_no_table"/>
    <testcase time="0.0819999999999999" classname="fda_fig_03" name="Figure_03_generation_works_with_no_table">
      <skipped message="Reason: On CI ('test-fda-fig_03.R:18:3')"/>
    </testcase>
    <testcase time="0.0140000000000002" classname="fda_fig_03" name="Figure_03_generation_works_with_custom_values"/>
    <testcase time="0.762" classname="fda_fig_03" name="Figure_03_generation_works_with_custom_values">
      <skipped message="Reason: On CI ('test-fda-fig_03.R:35:3')"/>
    </testcase>
    <testcase time="0.0140000000000002" classname="fda_fig_03" name="Figure_03_generation_works_with_ggtheme_argument_specified"/>
    <testcase time="0.613" classname="fda_fig_03" name="Figure_03_generation_works_with_ggtheme_argument_specified">
      <skipped message="Reason: On CI ('test-fda-fig_03.R:48:3')"/>
    </testcase>
  </testsuite>
  <testsuite name="fda-fig_14" timestamp="2025-07-14T07:43:43Z" hostname="97045340b155" tests="8" skipped="4" failures="0" errors="0" time="2.396">
    <testcase time="0.016" classname="fda_fig_14" name="Figure_14_generation_works_with_default_values"/>
    <testcase time="0.745" classname="fda_fig_14" name="Figure_14_generation_works_with_default_values">
      <skipped message="Reason: On CI ('test-fda-fig_14.R:7:3')"/>
    </testcase>
    <testcase time="0.016" classname="fda_fig_14" name="Figure_14_generation_works_with_no_table"/>
    <testcase time="0.0500000000000007" classname="fda_fig_14" name="Figure_14_generation_works_with_no_table">
      <skipped message="Reason: On CI ('test-fda-fig_14.R:16:3')"/>
    </testcase>
    <testcase time="0.0220000000000002" classname="fda_fig_14" name="Figure_14_generation_works_with_custom_values"/>
    <testcase time="0.84" classname="fda_fig_14" name="Figure_14_generation_works_with_custom_values">
      <skipped message="Reason: On CI ('test-fda-fig_14.R:40:3')"/>
    </testcase>
    <testcase time="0.0179999999999989" classname="fda_fig_14" name="Figure_14_generation_works_with_ggtheme_argument_specified"/>
    <testcase time="0.689" classname="fda_fig_14" name="Figure_14_generation_works_with_ggtheme_argument_specified">
      <skipped message="Reason: On CI ('test-fda-fig_14.R:52:3')"/>
    </testcase>
  </testsuite>
  <testsuite name="fda-table_13" timestamp="2025-07-14T07:43:45Z" hostname="97045340b155" tests="12" skipped="3" failures="0" errors="0" time="0.944">
    <testcase time="0.0170000000000012" classname="fda_table_13" name="Table_13_generation_works_with_default_values"/>
    <testcase time="0.0359999999999996" classname="fda_table_13" name="Table_13_generation_works_with_default_values"/>
    <testcase time="0.19" classname="fda_table_13" name="Table_13_generation_works_with_default_values"/>
    <testcase time="0.113" classname="fda_table_13" name="Table_13_generation_works_with_default_values">
      <skipped message="Reason: On CRAN ('test-fda-table_13.R:8:3')"/>
    </testcase>
    <testcase time="0.0129999999999999" classname="fda_table_13" name="Table_13_generation_works_with_custom_values"/>
    <testcase time="0.0410000000000004" classname="fda_table_13" name="Table_13_generation_works_with_custom_values"/>
    <testcase time="0.131" classname="fda_table_13" name="Table_13_generation_works_with_custom_values"/>
    <testcase time="0.118" classname="fda_table_13" name="Table_13_generation_works_with_custom_values">
      <skipped message="Reason: On CRAN ('test-fda-table_13.R:38:3')"/>
    </testcase>
    <testcase time="0.0129999999999999" classname="fda_table_13" name="Table_13_generation_works_with_risk_difference_column"/>
    <testcase time="0.0410000000000004" classname="fda_table_13" name="Table_13_generation_works_with_risk_difference_column"/>
    <testcase time="0.153" classname="fda_table_13" name="Table_13_generation_works_with_risk_difference_column"/>
    <testcase time="0.0779999999999994" classname="fda_table_13" name="Table_13_generation_works_with_risk_difference_column">
      <skipped message="Reason: On CRAN ('test-fda-table_13.R:46:3')"/>
    </testcase>
  </testsuite>
  <testsuite name="fda-table_22" timestamp="2025-07-14T07:43:46Z" hostname="97045340b155" tests="8" skipped="4" failures="0" errors="0" time="1.933">
    <testcase time="0.435" classname="fda_table_22" name="Table_22_generation_works_with_default_values"/>
    <testcase time="0.109999999999999" classname="fda_table_22" name="Table_22_generation_works_with_default_values">
      <skipped message="Reason: On CRAN ('test-fda-table_22.R:21:3')"/>
    </testcase>
    <testcase time="0.526999999999999" classname="fda_table_22" name="Table_22_generation_works_with_custom_values_N_s_denominator_and_overall_column"/>
    <testcase time="0.140000000000001" classname="fda_table_22" name="Table_22_generation_works_with_custom_values_N_s_denominator_and_overall_column">
      <skipped message="Reason: On CRAN ('test-fda-table_22.R:33:3')"/>
    </testcase>
    <testcase time="0.278" classname="fda_table_22" name="Table_22_generation_works_with_custom_values_N_col_denominator_and_no_overall_column"/>
    <testcase time="0.100999999999999" classname="fda_table_22" name="Table_22_generation_works_with_custom_values_N_col_denominator_and_no_overall_column">
      <skipped message="Reason: On CRAN ('test-fda-table_22.R:61:3')"/>
    </testcase>
    <testcase time="0.269" classname="fda_table_22" name="Table_22_generation_works_with_some_NA_values"/>
    <testcase time="0.0730000000000004" classname="fda_table_22" name="Table_22_generation_works_with_some_NA_values">
      <skipped message="Reason: On CRAN ('test-fda-table_22.R:81:3')"/>
    </testcase>
  </testsuite>
</testsuites>
