<?xml version="1.0" encoding="UTF-8"?>
<testsuites>
  <testsuite name="fda-fig_01" timestamp="2025-03-18T15:01:13Z" hostname="90aa7c78559a" tests="8" skipped="4" failures="0" errors="0" time="1.607">
    <testcase time="0.115" classname="fda_fig_01" name="Figure_01_generation_works_with_default_values"/>
    <testcase time="0.534" classname="fda_fig_01" name="Figure_01_generation_works_with_default_values">
      <skipped message="Reason: On CI ('test-fda-fig_01.R:12:3')"/>
    </testcase>
    <testcase time="0.0349999999999997" classname="fda_fig_01" name="Figure_01_generation_works_with_no_table"/>
    <testcase time="0.0380000000000003" classname="fda_fig_01" name="Figure_01_generation_works_with_no_table">
      <skipped message="Reason: On CI ('test-fda-fig_01.R:21:3')"/>
    </testcase>
    <testcase time="0.0259999999999998" classname="fda_fig_01" name="Figure_01_generation_works_with_custom_values"/>
    <testcase time="0.485" classname="fda_fig_01" name="Figure_01_generation_works_with_custom_values">
      <skipped message="Reason: On CI ('test-fda-fig_01.R:37:3')"/>
    </testcase>
    <testcase time="0.0129999999999999" classname="fda_fig_01" name="Figure_01_generation_works_with_ggtheme_argument_specified"/>
    <testcase time="0.361" classname="fda_fig_01" name="Figure_01_generation_works_with_ggtheme_argument_specified">
      <skipped message="Reason: On CI ('test-fda-fig_01.R:49:3')"/>
    </testcase>
  </testsuite>
  <testsuite name="fda-fig_02" timestamp="2025-03-18T15:01:14Z" hostname="90aa7c78559a" tests="8" skipped="4" failures="0" errors="0" time="1.157">
    <testcase time="0.0220000000000002" classname="fda_fig_02" name="Figure_02_generation_works_with_default_values"/>
    <testcase time="0.341" classname="fda_fig_02" name="Figure_02_generation_works_with_default_values">
      <skipped message="Reason: On CI ('test-fda-fig_02.R:11:3')"/>
    </testcase>
    <testcase time="0.0130000000000003" classname="fda_fig_02" name="Figure_02_generation_works_with_no_table"/>
    <testcase time="0.0249999999999995" classname="fda_fig_02" name="Figure_02_generation_works_with_no_table">
      <skipped message="Reason: On CI ('test-fda-fig_02.R:20:3')"/>
    </testcase>
    <testcase time="0.0170000000000003" classname="fda_fig_02" name="Figure_02_generation_works_with_custom_values"/>
    <testcase time="0.374" classname="fda_fig_02" name="Figure_02_generation_works_with_custom_values">
      <skipped message="Reason: On CI ('test-fda-fig_02.R:36:3')"/>
    </testcase>
    <testcase time="0.0140000000000002" classname="fda_fig_02" name="Figure_02_generation_works_with_ggtheme_argument_specified"/>
    <testcase time="0.351" classname="fda_fig_02" name="Figure_02_generation_works_with_ggtheme_argument_specified">
      <skipped message="Reason: On CI ('test-fda-fig_02.R:48:3')"/>
    </testcase>
  </testsuite>
  <testsuite name="fda-fig_03" timestamp="2025-03-18T15:01:15Z" hostname="90aa7c78559a" tests="8" skipped="4" failures="0" errors="0" time="2.011">
    <testcase time="0.0259999999999998" classname="fda_fig_03" name="Figure_03_generation_works_with_default_values"/>
    <testcase time="0.596" classname="fda_fig_03" name="Figure_03_generation_works_with_default_values">
      <skipped message="Reason: On CI ('test-fda-fig_03.R:9:3')"/>
    </testcase>
    <testcase time="0.0129999999999999" classname="fda_fig_03" name="Figure_03_generation_works_with_no_table"/>
    <testcase time="0.0690000000000008" classname="fda_fig_03" name="Figure_03_generation_works_with_no_table">
      <skipped message="Reason: On CI ('test-fda-fig_03.R:18:3')"/>
    </testcase>
    <testcase time="0.0129999999999999" classname="fda_fig_03" name="Figure_03_generation_works_with_custom_values"/>
    <testcase time="0.722" classname="fda_fig_03" name="Figure_03_generation_works_with_custom_values">
      <skipped message="Reason: On CI ('test-fda-fig_03.R:35:3')"/>
    </testcase>
    <testcase time="0.0140000000000002" classname="fda_fig_03" name="Figure_03_generation_works_with_ggtheme_argument_specified"/>
    <testcase time="0.558" classname="fda_fig_03" name="Figure_03_generation_works_with_ggtheme_argument_specified">
      <skipped message="Reason: On CI ('test-fda-fig_03.R:48:3')"/>
    </testcase>
  </testsuite>
  <testsuite name="fda-fig_14" timestamp="2025-03-18T15:01:17Z" hostname="90aa7c78559a" tests="8" skipped="4" failures="0" errors="0" time="2.255">
    <testcase time="0.0170000000000003" classname="fda_fig_14" name="Figure_14_generation_works_with_default_values"/>
    <testcase time="0.706" classname="fda_fig_14" name="Figure_14_generation_works_with_default_values">
      <skipped message="Reason: On CI ('test-fda-fig_14.R:7:3')"/>
    </testcase>
    <testcase time="0.0150000000000006" classname="fda_fig_14" name="Figure_14_generation_works_with_no_table"/>
    <testcase time="0.0459999999999994" classname="fda_fig_14" name="Figure_14_generation_works_with_no_table">
      <skipped message="Reason: On CI ('test-fda-fig_14.R:16:3')"/>
    </testcase>
    <testcase time="0.0140000000000002" classname="fda_fig_14" name="Figure_14_generation_works_with_custom_values"/>
    <testcase time="0.802" classname="fda_fig_14" name="Figure_14_generation_works_with_custom_values">
      <skipped message="Reason: On CI ('test-fda-fig_14.R:40:3')"/>
    </testcase>
    <testcase time="0.0140000000000011" classname="fda_fig_14" name="Figure_14_generation_works_with_ggtheme_argument_specified"/>
    <testcase time="0.641" classname="fda_fig_14" name="Figure_14_generation_works_with_ggtheme_argument_specified">
      <skipped message="Reason: On CI ('test-fda-fig_14.R:52:3')"/>
    </testcase>
  </testsuite>
  <testsuite name="fda-table_02" timestamp="2025-03-18T15:01:20Z" hostname="90aa7c78559a" tests="22" skipped="6" failures="0" errors="0" time="9.789">
    <testcase time="0.0339999999999989" classname="fda_table_02" name="Table_02_generation_works_with_default_values"/>
    <testcase time="0.0490000000000013" classname="fda_table_02" name="Table_02_generation_works_with_default_values"/>
    <testcase time="1.457" classname="fda_table_02" name="Table_02_generation_works_with_default_values"/>
    <testcase time="2.114" classname="fda_table_02" name="Table_02_generation_works_with_default_values"/>
    <testcase time="0.0149999999999988" classname="fda_table_02" name="Table_02_generation_works_with_default_values">
      <skipped message="Reason: On CRAN ('test-fda-table_02.R:16:3')"/>
    </testcase>
    <testcase time="0.032" classname="fda_table_02" name="Table_02_generation_works_with_custom_values"/>
    <testcase time="0.0449999999999999" classname="fda_table_02" name="Table_02_generation_works_with_custom_values"/>
    <testcase time="1.177" classname="fda_table_02" name="Table_02_generation_works_with_custom_values"/>
    <testcase time="2.09" classname="fda_table_02" name="Table_02_generation_works_with_custom_values"/>
    <testcase time="0.00799999999999912" classname="fda_table_02" name="Table_02_generation_works_with_custom_values">
      <skipped message="Reason: On CRAN ('test-fda-table_02.R:42:3')"/>
    </testcase>
    <testcase time="0.027000000000001" classname="fda_table_02" name="Table_02_generation_works_with_some_NA_values"/>
    <testcase time="1.426" classname="fda_table_02" name="Table_02_generation_works_with_some_NA_values"/>
    <testcase time="0.00800000000000267" classname="fda_table_02" name="Table_02_generation_works_with_some_NA_values">
      <skipped message="Reason: On CRAN ('test-fda-table_02.R:56:3')"/>
    </testcase>
    <testcase time="0.0129999999999981" classname="fda_table_02" name="Table_02_generation_rtables_works_with_default_values"/>
    <testcase time="0.362000000000002" classname="fda_table_02" name="Table_02_generation_rtables_works_with_default_values"/>
    <testcase time="0.178999999999998" classname="fda_table_02" name="Table_02_generation_rtables_works_with_default_values">
      <skipped message="Reason: On CRAN ('test-fda-table_02.R:63:3')"/>
    </testcase>
    <testcase time="0.0380000000000003" classname="fda_table_02" name="Table_02_generation_rtables_works_with_custom_values"/>
    <testcase time="0.306000000000001" classname="fda_table_02" name="Table_02_generation_rtables_works_with_custom_values"/>
    <testcase time="0.23" classname="fda_table_02" name="Table_02_generation_rtables_works_with_custom_values">
      <skipped message="Reason: On CRAN ('test-fda-table_02.R:92:3')"/>
    </testcase>
    <testcase time="0.0329999999999977" classname="fda_table_02" name="Table_02_generation_rtables_works_with_some_NA_values"/>
    <testcase time="0.088000000000001" classname="fda_table_02" name="Table_02_generation_rtables_works_with_some_NA_values"/>
    <testcase time="0.0579999999999998" classname="fda_table_02" name="Table_02_generation_rtables_works_with_some_NA_values">
      <skipped message="Reason: On CRAN ('test-fda-table_02.R:104:3')"/>
    </testcase>
  </testsuite>
  <testsuite name="fda-table_03" timestamp="2025-03-18T15:01:29Z" hostname="90aa7c78559a" tests="8" skipped="2" failures="0" errors="0" time="0.637">
    <testcase time="0.0199999999999996" classname="fda_table_03" name="Table_3_generation_works_with_default_values"/>
    <testcase time="0.00100000000000122" classname="fda_table_03" name="Table_3_generation_works_with_default_values"/>
    <testcase time="0.216999999999999" classname="fda_table_03" name="Table_3_generation_works_with_default_values"/>
    <testcase time="0.0689999999999991" classname="fda_table_03" name="Table_3_generation_works_with_default_values">
      <skipped message="Reason: On CRAN ('test-fda-table_03.R:21:3')"/>
    </testcase>
    <testcase time="0.0130000000000017" classname="fda_table_03" name="Table_3_generation_works_with_custom_values"/>
    <testcase time="0.000999999999997669" classname="fda_table_03" name="Table_3_generation_works_with_custom_values"/>
    <testcase time="0.234999999999999" classname="fda_table_03" name="Table_3_generation_works_with_custom_values"/>
    <testcase time="0.0809999999999995" classname="fda_table_03" name="Table_3_generation_works_with_custom_values">
      <skipped message="Reason: On CRAN ('test-fda-table_03.R:41:3')"/>
    </testcase>
  </testsuite>
  <testsuite name="fda-table_04" timestamp="2025-03-18T15:01:30Z" hostname="90aa7c78559a" tests="9" skipped="2" failures="0" errors="0" time="0.653">
    <testcase time="0.0210000000000008" classname="fda_table_04" name="Table_04_generation_works_with_default_values"/>
    <testcase time="0.212" classname="fda_table_04" name="Table_04_generation_works_with_default_values"/>
    <testcase time="0.0869999999999997" classname="fda_table_04" name="Table_04_generation_works_with_default_values">
      <skipped message="Reason: On CRAN ('test-fda-table_04.R:17:3')"/>
    </testcase>
    <testcase time="0.0130000000000017" classname="fda_table_04" name="Table_04_generation_works_with_custom_values"/>
    <testcase time="0.00199999999999889" classname="fda_table_04" name="Table_04_generation_works_with_custom_values"/>
    <testcase time="0.00100000000000122" classname="fda_table_04" name="Table_04_generation_works_with_custom_values"/>
    <testcase time="0.00100000000000122" classname="fda_table_04" name="Table_04_generation_works_with_custom_values"/>
    <testcase time="0.230999999999998" classname="fda_table_04" name="Table_04_generation_works_with_custom_values"/>
    <testcase time="0.0850000000000009" classname="fda_table_04" name="Table_04_generation_works_with_custom_values">
      <skipped message="Reason: On CRAN ('test-fda-table_04.R:45:3')"/>
    </testcase>
  </testsuite>
  <testsuite name="fda-table_05" timestamp="2025-03-18T15:01:31Z" hostname="90aa7c78559a" tests="11" skipped="5" failures="0" errors="0" time="3.821">
    <testcase time="0.0189999999999984" classname="fda_table_05" name="Table_05_generation_works_with_default_values"/>
    <testcase time="1.354" classname="fda_table_05" name="Table_05_generation_works_with_default_values"/>
    <testcase time="0.126999999999999" classname="fda_table_05" name="Table_05_generation_works_with_default_values">
      <skipped message="Reason: On CRAN ('test-fda-table_05.R:11:3')"/>
    </testcase>
    <testcase time="1.357" classname="fda_table_05" name="Table_05_generation_works_with_gtsummary_with_custom_values"/>
    <testcase time="0.125" classname="fda_table_05" name="Table_05_generation_works_with_gtsummary_with_custom_values">
      <skipped message="Reason: On CRAN ('test-fda-table_05.R:33:3')"/>
    </testcase>
    <testcase time="0.198" classname="fda_table_05" name="Table_05_generation_works_with_rtables_with_custom_values"/>
    <testcase time="0.0940000000000012" classname="fda_table_05" name="Table_05_generation_works_with_rtables_with_custom_values">
      <skipped message="Reason: On CRAN ('test-fda-table_05.R:59:3')"/>
    </testcase>
    <testcase time="0.163999999999998" classname="fda_table_05" name="Table_05_generation_works_with_rtables_with_NA_values_pruned_rows"/>
    <testcase time="0.0800000000000018" classname="fda_table_05" name="Table_05_generation_works_with_rtables_with_NA_values_pruned_rows">
      <skipped message="Reason: On CRAN ('test-fda-table_05.R:69:3')"/>
    </testcase>
    <testcase time="0.205000000000002" classname="fda_table_05" name="Table_05_generation_works_with_rtables_with_risk_difference_column"/>
    <testcase time="0.097999999999999" classname="fda_table_05" name="Table_05_generation_works_with_rtables_with_risk_difference_column">
      <skipped message="Reason: On CRAN ('test-fda-table_05.R:82:3')"/>
    </testcase>
  </testsuite>
  <testsuite name="fda-table_06" timestamp="2025-03-18T15:01:34Z" hostname="90aa7c78559a" tests="105" skipped="6" failures="0" errors="0" time="20.186">
    <testcase time="0.0259999999999998" classname="fda_table_06" name="Table_06_generation_works_with_default_values"/>
    <testcase time="0.00100000000000122" classname="fda_table_06" name="Table_06_generation_works_with_default_values"/>
    <testcase time="0.00199999999999889" classname="fda_table_06" name="Table_06_generation_works_with_default_values"/>
    <testcase time="0.00100000000000122" classname="fda_table_06" name="Table_06_generation_works_with_default_values"/>
    <testcase time="0.000999999999997669" classname="fda_table_06" name="Table_06_generation_works_with_default_values"/>
    <testcase time="0.00100000000000122" classname="fda_table_06" name="Table_06_generation_works_with_default_values"/>
    <testcase time="0.00100000000000122" classname="fda_table_06" name="Table_06_generation_works_with_default_values"/>
    <testcase time="0.000999999999997669" classname="fda_table_06" name="Table_06_generation_works_with_default_values"/>
    <testcase time="0.0460000000000029" classname="fda_table_06" name="Table_06_generation_works_with_default_values"/>
    <testcase time="0.0429999999999993" classname="fda_table_06" name="Table_06_generation_works_with_default_values"/>
    <testcase time="0.456" classname="fda_table_06" name="Table_06_generation_works_with_default_values"/>
    <testcase time="0.0429999999999993" classname="fda_table_06" name="Table_06_generation_works_with_default_values"/>
    <testcase time="0.469999999999999" classname="fda_table_06" name="Table_06_generation_works_with_default_values"/>
    <testcase time="0.0450000000000017" classname="fda_table_06" name="Table_06_generation_works_with_default_values"/>
    <testcase time="0.436" classname="fda_table_06" name="Table_06_generation_works_with_default_values"/>
    <testcase time="0.0569999999999986" classname="fda_table_06" name="Table_06_generation_works_with_default_values"/>
    <testcase time="0.438000000000002" classname="fda_table_06" name="Table_06_generation_works_with_default_values"/>
    <testcase time="0.0429999999999993" classname="fda_table_06" name="Table_06_generation_works_with_default_values"/>
    <testcase time="0.443999999999999" classname="fda_table_06" name="Table_06_generation_works_with_default_values"/>
    <testcase time="0.0470000000000006" classname="fda_table_06" name="Table_06_generation_works_with_default_values"/>
    <testcase time="0.43" classname="fda_table_06" name="Table_06_generation_works_with_default_values"/>
    <testcase time="0.0480000000000018" classname="fda_table_06" name="Table_06_generation_works_with_default_values"/>
    <testcase time="0.692" classname="fda_table_06" name="Table_06_generation_works_with_default_values"/>
    <testcase time="0.046999999999997" classname="fda_table_06" name="Table_06_generation_works_with_default_values"/>
    <testcase time="0.441000000000003" classname="fda_table_06" name="Table_06_generation_works_with_default_values"/>
    <testcase time="0.0429999999999993" classname="fda_table_06" name="Table_06_generation_works_with_default_values"/>
    <testcase time="0.706" classname="fda_table_06" name="Table_06_generation_works_with_default_values"/>
    <testcase time="0.0429999999999993" classname="fda_table_06" name="Table_06_generation_works_with_default_values"/>
    <testcase time="0.865000000000002" classname="fda_table_06" name="Table_06_generation_works_with_default_values"/>
    <testcase time="0.454000000000001" classname="fda_table_06" name="Table_06_generation_works_with_default_values">
      <skipped message="Reason: On CRAN ('test-fda-table_06.R:11:3')"/>
    </testcase>
    <testcase time="0.0129999999999981" classname="fda_table_06" name="Table_06_returns_ARD_if_specified"/>
    <testcase time="0.00199999999999889" classname="fda_table_06" name="Table_06_returns_ARD_if_specified"/>
    <testcase time="0.00100000000000122" classname="fda_table_06" name="Table_06_returns_ARD_if_specified"/>
    <testcase time="0.00199999999999889" classname="fda_table_06" name="Table_06_returns_ARD_if_specified"/>
    <testcase time="0.00200000000000244" classname="fda_table_06" name="Table_06_returns_ARD_if_specified"/>
    <testcase time="0.00300000000000011" classname="fda_table_06" name="Table_06_returns_ARD_if_specified"/>
    <testcase time="0.00199999999999889" classname="fda_table_06" name="Table_06_returns_ARD_if_specified"/>
    <testcase time="0.00199999999999889" classname="fda_table_06" name="Table_06_returns_ARD_if_specified"/>
    <testcase time="0.054000000000002" classname="fda_table_06" name="Table_06_returns_ARD_if_specified"/>
    <testcase time="0.0539999999999985" classname="fda_table_06" name="Table_06_returns_ARD_if_specified"/>
    <testcase time="0.440000000000001" classname="fda_table_06" name="Table_06_returns_ARD_if_specified"/>
    <testcase time="0.0509999999999984" classname="fda_table_06" name="Table_06_returns_ARD_if_specified"/>
    <testcase time="0.432000000000002" classname="fda_table_06" name="Table_06_returns_ARD_if_specified"/>
    <testcase time="0.0519999999999996" classname="fda_table_06" name="Table_06_returns_ARD_if_specified"/>
    <testcase time="0.422000000000001" classname="fda_table_06" name="Table_06_returns_ARD_if_specified"/>
    <testcase time="0.0519999999999996" classname="fda_table_06" name="Table_06_returns_ARD_if_specified"/>
    <testcase time="0.626999999999999" classname="fda_table_06" name="Table_06_returns_ARD_if_specified"/>
    <testcase time="0.0450000000000017" classname="fda_table_06" name="Table_06_returns_ARD_if_specified"/>
    <testcase time="0.437999999999995" classname="fda_table_06" name="Table_06_returns_ARD_if_specified"/>
    <testcase time="0.0410000000000039" classname="fda_table_06" name="Table_06_returns_ARD_if_specified"/>
    <testcase time="0.397999999999996" classname="fda_table_06" name="Table_06_returns_ARD_if_specified"/>
    <testcase time="0.0409999999999968" classname="fda_table_06" name="Table_06_returns_ARD_if_specified"/>
    <testcase time="0.642000000000003" classname="fda_table_06" name="Table_06_returns_ARD_if_specified"/>
    <testcase time="0.0420000000000016" classname="fda_table_06" name="Table_06_returns_ARD_if_specified"/>
    <testcase time="0.414999999999999" classname="fda_table_06" name="Table_06_returns_ARD_if_specified"/>
    <testcase time="0.0429999999999993" classname="fda_table_06" name="Table_06_returns_ARD_if_specified"/>
    <testcase time="0.701000000000001" classname="fda_table_06" name="Table_06_returns_ARD_if_specified"/>
    <testcase time="0.0419999999999945" classname="fda_table_06" name="Table_06_returns_ARD_if_specified"/>
    <testcase time="0.829000000000001" classname="fda_table_06" name="Table_06_returns_ARD_if_specified"/>
    <testcase time="0.389000000000003" classname="fda_table_06" name="Table_06_returns_ARD_if_specified">
      <skipped message="Reason: On CRAN ('test-fda-table_06.R:20:3')"/>
    </testcase>
    <testcase time="0.0140000000000029" classname="fda_table_06" name="Table_06_generation_works_with_custom_labels"/>
    <testcase time="0.000999999999997669" classname="fda_table_06" name="Table_06_generation_works_with_custom_labels"/>
    <testcase time="0.00200000000000244" classname="fda_table_06" name="Table_06_generation_works_with_custom_labels"/>
    <testcase time="0.000999999999997669" classname="fda_table_06" name="Table_06_generation_works_with_custom_labels"/>
    <testcase time="0.000999999999997669" classname="fda_table_06" name="Table_06_generation_works_with_custom_labels"/>
    <testcase time="0.00200000000000244" classname="fda_table_06" name="Table_06_generation_works_with_custom_labels"/>
    <testcase time="0.000999999999997669" classname="fda_table_06" name="Table_06_generation_works_with_custom_labels"/>
    <testcase time="0.00100000000000477" classname="fda_table_06" name="Table_06_generation_works_with_custom_labels"/>
    <testcase time="0.0459999999999994" classname="fda_table_06" name="Table_06_generation_works_with_custom_labels"/>
    <testcase time="0.0419999999999945" classname="fda_table_06" name="Table_06_generation_works_with_custom_labels"/>
    <testcase time="0.423000000000002" classname="fda_table_06" name="Table_06_generation_works_with_custom_labels"/>
    <testcase time="0.0429999999999993" classname="fda_table_06" name="Table_06_generation_works_with_custom_labels"/>
    <testcase time="0.417999999999999" classname="fda_table_06" name="Table_06_generation_works_with_custom_labels"/>
    <testcase time="0.044000000000004" classname="fda_table_06" name="Table_06_generation_works_with_custom_labels"/>
    <testcase time="0.397999999999996" classname="fda_table_06" name="Table_06_generation_works_with_custom_labels"/>
    <testcase time="0.0480000000000018" classname="fda_table_06" name="Table_06_generation_works_with_custom_labels"/>
    <testcase time="0.405000000000001" classname="fda_table_06" name="Table_06_generation_works_with_custom_labels"/>
    <testcase time="0.0429999999999993" classname="fda_table_06" name="Table_06_generation_works_with_custom_labels"/>
    <testcase time="0.405999999999999" classname="fda_table_06" name="Table_06_generation_works_with_custom_labels"/>
    <testcase time="0.0429999999999993" classname="fda_table_06" name="Table_06_generation_works_with_custom_labels"/>
    <testcase time="0.410000000000004" classname="fda_table_06" name="Table_06_generation_works_with_custom_labels"/>
    <testcase time="0.0439999999999969" classname="fda_table_06" name="Table_06_generation_works_with_custom_labels"/>
    <testcase time="0.652999999999999" classname="fda_table_06" name="Table_06_generation_works_with_custom_labels"/>
    <testcase time="0.0410000000000039" classname="fda_table_06" name="Table_06_generation_works_with_custom_labels"/>
    <testcase time="0.423999999999999" classname="fda_table_06" name="Table_06_generation_works_with_custom_labels"/>
    <testcase time="0.0409999999999968" classname="fda_table_06" name="Table_06_generation_works_with_custom_labels"/>
    <testcase time="0.696000000000005" classname="fda_table_06" name="Table_06_generation_works_with_custom_labels"/>
    <testcase time="0.0429999999999993" classname="fda_table_06" name="Table_06_generation_works_with_custom_labels"/>
    <testcase time="0.814" classname="fda_table_06" name="Table_06_generation_works_with_custom_labels"/>
    <testcase time="0.379999999999995" classname="fda_table_06" name="Table_06_generation_works_with_custom_labels">
      <skipped message="Reason: On CRAN ('test-fda-table_06.R:45:3')"/>
    </testcase>
    <testcase time="0.0130000000000052" classname="fda_table_06" name="Table_06_rtables_generation_works_with_default_values"/>
    <testcase time="0.00199999999999534" classname="fda_table_06" name="Table_06_rtables_generation_works_with_default_values"/>
    <testcase time="0.0459999999999994" classname="fda_table_06" name="Table_06_rtables_generation_works_with_default_values"/>
    <testcase time="0.295000000000002" classname="fda_table_06" name="Table_06_rtables_generation_works_with_default_values"/>
    <testcase time="0.0940000000000012" classname="fda_table_06" name="Table_06_rtables_generation_works_with_default_values">
      <skipped message="Reason: On CRAN ('test-fda-table_06.R:56:3')"/>
    </testcase>
    <testcase time="0.0140000000000029" classname="fda_table_06" name="Table_06_rtables_generation_works_with_custom_values"/>
    <testcase time="0.000999999999997669" classname="fda_table_06" name="Table_06_rtables_generation_works_with_custom_values"/>
    <testcase time="0.0379999999999967" classname="fda_table_06" name="Table_06_rtables_generation_works_with_custom_values"/>
    <testcase time="0.407000000000004" classname="fda_table_06" name="Table_06_rtables_generation_works_with_custom_values"/>
    <testcase time="0.128" classname="fda_table_06" name="Table_06_rtables_generation_works_with_custom_values">
      <skipped message="Reason: On CRAN ('test-fda-table_06.R:88:3')"/>
    </testcase>
    <testcase time="0.0139999999999958" classname="fda_table_06" name="Table_06_rtables_generation_works_with_risk_difference_column"/>
    <testcase time="0.00100000000000477" classname="fda_table_06" name="Table_06_rtables_generation_works_with_risk_difference_column"/>
    <testcase time="0.0379999999999967" classname="fda_table_06" name="Table_06_rtables_generation_works_with_risk_difference_column"/>
    <testcase time="0.411999999999999" classname="fda_table_06" name="Table_06_rtables_generation_works_with_risk_difference_column"/>
    <testcase time="0.106999999999999" classname="fda_table_06" name="Table_06_rtables_generation_works_with_risk_difference_column">
      <skipped message="Reason: On CRAN ('test-fda-table_06.R:96:3')"/>
    </testcase>
  </testsuite>
  <testsuite name="fda-table_07" timestamp="2025-03-18T15:01:55Z" hostname="90aa7c78559a" tests="24" skipped="4" failures="0" errors="0" time="1.749">
    <testcase time="0.0220000000000056" classname="fda_table_07" name="Table_07_generation_works_with_default_values"/>
    <testcase time="0.000999999999997669" classname="fda_table_07" name="Table_07_generation_works_with_default_values"/>
    <testcase time="0.000999999999997669" classname="fda_table_07" name="Table_07_generation_works_with_default_values"/>
    <testcase time="0.0260000000000034" classname="fda_table_07" name="Table_07_generation_works_with_default_values"/>
    <testcase time="0.234999999999999" classname="fda_table_07" name="Table_07_generation_works_with_default_values"/>
    <testcase time="0.113" classname="fda_table_07" name="Table_07_generation_works_with_default_values">
      <skipped message="Reason: On CRAN ('test-fda-table_07.R:13:3')"/>
    </testcase>
    <testcase time="0.0200000000000031" classname="fda_table_07" name="Table_07_generation_works_with_custom_values"/>
    <testcase time="0.00199999999999534" classname="fda_table_07" name="Table_07_generation_works_with_custom_values"/>
    <testcase time="0.00100000000000477" classname="fda_table_07" name="Table_07_generation_works_with_custom_values"/>
    <testcase time="0.0259999999999962" classname="fda_table_07" name="Table_07_generation_works_with_custom_values"/>
    <testcase time="0.323" classname="fda_table_07" name="Table_07_generation_works_with_custom_values"/>
    <testcase time="0.134" classname="fda_table_07" name="Table_07_generation_works_with_custom_values">
      <skipped message="Reason: On CRAN ('test-fda-table_07.R:42:3')"/>
    </testcase>
    <testcase time="0.0129999999999981" classname="fda_table_07" name="Table_07_generation_works_with_NA_values_pruned_rows"/>
    <testcase time="0.00100000000000477" classname="fda_table_07" name="Table_07_generation_works_with_NA_values_pruned_rows"/>
    <testcase time="0.000999999999997669" classname="fda_table_07" name="Table_07_generation_works_with_NA_values_pruned_rows"/>
    <testcase time="0.0259999999999962" classname="fda_table_07" name="Table_07_generation_works_with_NA_values_pruned_rows"/>
    <testcase time="0.226000000000006" classname="fda_table_07" name="Table_07_generation_works_with_NA_values_pruned_rows"/>
    <testcase time="0.122999999999998" classname="fda_table_07" name="Table_07_generation_works_with_NA_values_pruned_rows">
      <skipped message="Reason: On CRAN ('test-fda-table_07.R:52:3')"/>
    </testcase>
    <testcase time="0.0129999999999981" classname="fda_table_07" name="Table_07_generation_works_with_risk_difference_column"/>
    <testcase time="0.000999999999997669" classname="fda_table_07" name="Table_07_generation_works_with_risk_difference_column"/>
    <testcase time="0.00200000000000244" classname="fda_table_07" name="Table_07_generation_works_with_risk_difference_column"/>
    <testcase time="0.0260000000000034" classname="fda_table_07" name="Table_07_generation_works_with_risk_difference_column"/>
    <testcase time="0.286999999999999" classname="fda_table_07" name="Table_07_generation_works_with_risk_difference_column"/>
    <testcase time="0.125999999999998" classname="fda_table_07" name="Table_07_generation_works_with_risk_difference_column">
      <skipped message="Reason: On CRAN ('test-fda-table_07.R:65:3')"/>
    </testcase>
  </testsuite>
  <testsuite name="fda-table_08" timestamp="2025-03-18T15:01:56Z" hostname="90aa7c78559a" tests="8" skipped="2" failures="0" errors="0" time="0.431">
    <testcase time="0.0180000000000007" classname="fda_table_08" name="Table_08_generation_works_with_default_values"/>
    <testcase time="0.000999999999997669" classname="fda_table_08" name="Table_08_generation_works_with_default_values"/>
    <testcase time="0.0360000000000014" classname="fda_table_08" name="Table_08_generation_works_with_default_values"/>
    <testcase time="0.148000000000003" classname="fda_table_08" name="Table_08_generation_works_with_default_values">
      <skipped message="Reason: On CRAN ('test-fda-table_08.R:10:3')"/>
    </testcase>
    <testcase time="0.0139999999999958" classname="fda_table_08" name="Table_08_generation_works_with_custom_values"/>
    <testcase time="0.00100000000000477" classname="fda_table_08" name="Table_08_generation_works_with_custom_values"/>
    <testcase time="0.0259999999999962" classname="fda_table_08" name="Table_08_generation_works_with_custom_values"/>
    <testcase time="0.187000000000005" classname="fda_table_08" name="Table_08_generation_works_with_custom_values">
      <skipped message="Reason: On CRAN ('test-fda-table_08.R:31:3')"/>
    </testcase>
  </testsuite>
  <testsuite name="fda-table_09" timestamp="2025-03-18T15:01:57Z" hostname="90aa7c78559a" tests="51" skipped="9" failures="0" errors="0" time="10.547">
    <testcase time="0.019999999999996" classname="fda_table_09" name="Table_09_rtables_generation_works_with_default_values"/>
    <testcase time="0.0260000000000034" classname="fda_table_09" name="Table_09_rtables_generation_works_with_default_values"/>
    <testcase time="0.218999999999994" classname="fda_table_09" name="Table_09_rtables_generation_works_with_default_values"/>
    <testcase time="0.0660000000000025" classname="fda_table_09" name="Table_09_rtables_generation_works_with_default_values">
      <skipped message="Reason: On CRAN ('test-fda-table_09.R:8:3')"/>
    </testcase>
    <testcase time="0.0140000000000029" classname="fda_table_09" name="Table_09_rtables_generation_works_with_custom_values"/>
    <testcase time="0.027000000000001" classname="fda_table_09" name="Table_09_rtables_generation_works_with_custom_values"/>
    <testcase time="0.297999999999995" classname="fda_table_09" name="Table_09_rtables_generation_works_with_custom_values"/>
    <testcase time="0.0829999999999984" classname="fda_table_09" name="Table_09_rtables_generation_works_with_custom_values">
      <skipped message="Reason: On CRAN ('test-fda-table_09.R:39:3')"/>
    </testcase>
    <testcase time="0.0140000000000029" classname="fda_table_09" name="Table_09_generation_works_with_risk_difference_column"/>
    <testcase time="0.0260000000000034" classname="fda_table_09" name="Table_09_generation_works_with_risk_difference_column"/>
    <testcase time="0.278999999999996" classname="fda_table_09" name="Table_09_generation_works_with_risk_difference_column"/>
    <testcase time="0.0739999999999981" classname="fda_table_09" name="Table_09_generation_works_with_risk_difference_column">
      <skipped message="Reason: On CRAN ('test-fda-table_09.R:47:3')"/>
    </testcase>
    <testcase time="0.0140000000000029" classname="fda_table_09" name="Table_09_gt_generation_works_with_default_values"/>
    <testcase time="0.0949999999999989" classname="fda_table_09" name="Table_09_gt_generation_works_with_default_values">
      <skipped message="Reason: On CRAN ('test-fda-table_09.R:60:3')"/>
    </testcase>
    <testcase time="0.0140000000000029" classname="fda_table_09" name="Table_09_gt_generation_works_with_custom_values"/>
    <testcase time="0.146000000000001" classname="fda_table_09" name="Table_09_gt_generation_works_with_custom_values">
      <skipped message="Reason: On CRAN ('test-fda-table_09.R:88:3')"/>
    </testcase>
    <testcase time="0.400999999999996" classname="fda_table_09" name="make_table_09_tplyr_returns_a_tibble_when_tplyr_raw_TRUE"/>
    <testcase time="0.00200000000000244" classname="fda_table_09" name="make_table_09_tplyr_returns_a_tibble_when_tplyr_raw_TRUE"/>
    <testcase time="0.0139999999999958" classname="fda_table_09" name="make_table_09_tplyr_returns_a_tibble_when_tplyr_raw_TRUE">
      <skipped message="Reason: On CRAN ('test-fda-table_09.R:101:3')"/>
    </testcase>
    <testcase time="0.420999999999999" classname="fda_table_09" name="make_table_09_tplyr_returns_a_gt_object_when_tplyr_raw_FALSE"/>
    <testcase time="0.00200000000000244" classname="fda_table_09" name="make_table_09_tplyr_returns_a_gt_object_when_tplyr_raw_FALSE"/>
    <testcase time="0.0300000000000011" classname="fda_table_09" name="make_table_09_tplyr_returns_a_gt_object_when_tplyr_raw_FALSE">
      <skipped message="Reason: On CRAN ('test-fda-table_09.R:112:3')"/>
    </testcase>
    <testcase time="0.381999999999998" classname="fda_table_09" name="make_table_09_tplyr_provides_total_column_counts_based_on_the_alt_count_df_parameter"/>
    <testcase time="0.373000000000005" classname="fda_table_09" name="make_table_09_tplyr_provides_total_column_counts_based_on_the_alt_count_df_parameter"/>
    <testcase time="0.363" classname="fda_table_09" name="make_table_09_tplyr_assigns_column_headers_correctly_to_the_arm_groups"/>
    <testcase time="0.354999999999997" classname="fda_table_09" name="make_table_09_tplyr_assigns_column_headers_correctly_to_the_arm_groups"/>
    <testcase time="0.369999999999997" classname="fda_table_09" name="make_table_09_tplyr_assigns_column_headers_correctly_to_the_arm_groups"/>
    <testcase time="0.390000000000001" classname="fda_table_09" name="make_table_09_tplyr_provides_risk_difference_columns_based_on_the_risk_diff_pairs_parameter"/>
    <testcase time="0.385000000000005" classname="fda_table_09" name="make_table_09_tplyr_provides_risk_difference_columns_based_on_the_risk_diff_pairs_parameter"/>
    <testcase time="0.408000000000001" classname="fda_table_09" name="make_table_09_tplyr_provides_a_total_column_based_on_the_lbl_overall_parameter"/>
    <testcase time="0.00300000000000011" classname="fda_table_09" name="make_table_09_tplyr_provides_a_total_column_based_on_the_lbl_overall_parameter"/>
    <testcase time="0.372" classname="fda_table_09" name="make_table_09_tplyr_provides_a_total_column_based_on_the_lbl_overall_parameter"/>
    <testcase time="0.380999999999993" classname="fda_table_09" name="make_table_09_tplyr_prunes_all_zero_rows_based_on_the_prune_0_parameter"/>
    <testcase time="0.363000000000007" classname="fda_table_09" name="make_table_09_tplyr_prunes_all_zero_rows_based_on_the_prune_0_parameter"/>
    <testcase time="0.367999999999995" classname="fda_table_09" name="make_table_09_tplyr_shows_column_counts_based_on_the_show_colcounts_parameter"/>
    <testcase time="0.365000000000002" classname="fda_table_09" name="make_table_09_tplyr_shows_column_counts_based_on_the_show_colcounts_parameter"/>
    <testcase time="0.393999999999998" classname="fda_table_09" name="make_table_09_tplyr_considers_lbl_soc_var_and_lbl_pref_var_parameters"/>
    <testcase time="0.00300000000000011" classname="fda_table_09" name="make_table_09_tplyr_considers_lbl_soc_var_and_lbl_pref_var_parameters"/>
    <testcase time="0.395000000000003" classname="fda_table_09" name="make_table_09_tplyr_considers_lbl_soc_var_and_lbl_pref_var_parameters"/>
    <testcase time="0.00300000000000011" classname="fda_table_09" name="make_table_09_tplyr_considers_lbl_soc_var_and_lbl_pref_var_parameters"/>
    <testcase time="0.405999999999999" classname="fda_table_09" name="make_table_09_tplyr_considers_annotations_if_tplyr_raw_FALSE"/>
    <testcase time="0.00399999999999778" classname="fda_table_09" name="make_table_09_tplyr_considers_annotations_if_tplyr_raw_FALSE"/>
    <testcase time="0.00300000000000011" classname="fda_table_09" name="make_table_09_tplyr_considers_annotations_if_tplyr_raw_FALSE"/>
    <testcase time="0.00200000000000244" classname="fda_table_09" name="make_table_09_tplyr_considers_annotations_if_tplyr_raw_FALSE"/>
    <testcase time="0.0109999999999957" classname="fda_table_09" name="make_table_09_tplyr_considers_annotations_if_tplyr_raw_FALSE"/>
    <testcase time="0.00400000000000489" classname="fda_table_09" name="make_table_09_tplyr_considers_annotations_if_tplyr_raw_FALSE"/>
    <testcase time="0.00399999999999778" classname="fda_table_09" name="make_table_09_tplyr_considers_annotations_if_tplyr_raw_FALSE"/>
    <testcase time="0.00600000000000023" classname="fda_table_09" name="Table_09_generation_works_with_gtsummary_with_default_values"/>
    <testcase time="1.075" classname="fda_table_09" name="Table_09_generation_works_with_gtsummary_with_default_values">
      <skipped message="Reason: On CRAN ('test-fda-table_09.R:357:3')"/>
    </testcase>
    <testcase time="0.0139999999999958" classname="fda_table_09" name="Table_09_generation_works_with_gtsummary_with_custom_values"/>
    <testcase time="1.06" classname="fda_table_09" name="Table_09_generation_works_with_gtsummary_with_custom_values">
      <skipped message="Reason: On CRAN ('test-fda-table_09.R:376:3')"/>
    </testcase>
  </testsuite>
  <testsuite name="fda-table_10" timestamp="2025-03-18T15:02:07Z" hostname="90aa7c78559a" tests="36" skipped="5" failures="0" errors="0" time="4.212">
    <testcase time="0.0249999999999986" classname="fda_table_10" name="Table_10_generation_gtsummary_works_with_default_values"/>
    <testcase time="0.0739999999999981" classname="fda_table_10" name="Table_10_generation_gtsummary_works_with_default_values"/>
    <testcase time="0.0370000000000061" classname="fda_table_10" name="Table_10_generation_gtsummary_works_with_default_values"/>
    <testcase time="0.036999999999999" classname="fda_table_10" name="Table_10_generation_gtsummary_works_with_default_values"/>
    <testcase time="0.036999999999999" classname="fda_table_10" name="Table_10_generation_gtsummary_works_with_default_values"/>
    <testcase time="0.0390000000000015" classname="fda_table_10" name="Table_10_generation_gtsummary_works_with_default_values"/>
    <testcase time="0.00199999999999534" classname="fda_table_10" name="Table_10_generation_gtsummary_works_with_default_values"/>
    <testcase time="0.140000000000001" classname="fda_table_10" name="Table_10_generation_gtsummary_works_with_default_values"/>
    <testcase time="0.036999999999999" classname="fda_table_10" name="Table_10_generation_gtsummary_works_with_default_values"/>
    <testcase time="0.0560000000000045" classname="fda_table_10" name="Table_10_generation_gtsummary_works_with_default_values"/>
    <testcase time="0.817999999999998" classname="fda_table_10" name="Table_10_generation_gtsummary_works_with_default_values"/>
    <testcase time="0.226999999999997" classname="fda_table_10" name="Table_10_generation_gtsummary_works_with_default_values">
      <skipped message="Reason: On CRAN ('test-fda-table_10.R:17:3')"/>
    </testcase>
    <testcase time="0.0130000000000052" classname="fda_table_10" name="Table_10_generation_gtsummary_works_with_default_values"/>
    <testcase time="0.0640000000000001" classname="fda_table_10" name="Table_10_generation_gtsummary_works_with_default_values"/>
    <testcase time="0.036999999999999" classname="fda_table_10" name="Table_10_generation_gtsummary_works_with_default_values"/>
    <testcase time="0.036999999999999" classname="fda_table_10" name="Table_10_generation_gtsummary_works_with_default_values"/>
    <testcase time="0.036999999999999" classname="fda_table_10" name="Table_10_generation_gtsummary_works_with_default_values"/>
    <testcase time="0.0470000000000041" classname="fda_table_10" name="Table_10_generation_gtsummary_works_with_default_values"/>
    <testcase time="0.00199999999999534" classname="fda_table_10" name="Table_10_generation_gtsummary_works_with_default_values"/>
    <testcase time="0.140000000000001" classname="fda_table_10" name="Table_10_generation_gtsummary_works_with_default_values"/>
    <testcase time="0.027000000000001" classname="fda_table_10" name="Table_10_generation_gtsummary_works_with_default_values"/>
    <testcase time="0.054000000000002" classname="fda_table_10" name="Table_10_generation_gtsummary_works_with_default_values"/>
    <testcase time="0.814" classname="fda_table_10" name="Table_10_generation_gtsummary_works_with_default_values"/>
    <testcase time="0.221000000000004" classname="fda_table_10" name="Table_10_generation_gtsummary_works_with_default_values">
      <skipped message="Reason: On CRAN ('test-fda-table_10.R:24:3')"/>
    </testcase>
    <testcase time="0.0129999999999981" classname="fda_table_10" name="Table_10_generation_rtables_works_with_default_values_BROAD"/>
    <testcase time="0.0249999999999986" classname="fda_table_10" name="Table_10_generation_rtables_works_with_default_values_BROAD"/>
    <testcase time="0.243000000000002" classname="fda_table_10" name="Table_10_generation_rtables_works_with_default_values_BROAD"/>
    <testcase time="0.0599999999999952" classname="fda_table_10" name="Table_10_generation_rtables_works_with_default_values_BROAD">
      <skipped message="Reason: On CRAN ('test-fda-table_10.R:32:3')"/>
    </testcase>
    <testcase time="0.0220000000000056" classname="fda_table_10" name="Table_10_generation_rtables_works_with_default_values"/>
    <testcase time="0.0259999999999962" classname="fda_table_10" name="Table_10_generation_rtables_works_with_default_values"/>
    <testcase time="0.241999999999997" classname="fda_table_10" name="Table_10_generation_rtables_works_with_default_values"/>
    <testcase time="0.0620000000000047" classname="fda_table_10" name="Table_10_generation_rtables_works_with_default_values">
      <skipped message="Reason: On CRAN ('test-fda-table_10.R:67:3')"/>
    </testcase>
    <testcase time="0.0129999999999981" classname="fda_table_10" name="Table_10_generation_rtables_works_with_risk_difference_column"/>
    <testcase time="0.0279999999999987" classname="fda_table_10" name="Table_10_generation_rtables_works_with_risk_difference_column"/>
    <testcase time="0.317" classname="fda_table_10" name="Table_10_generation_rtables_works_with_risk_difference_column"/>
    <testcase time="0.139000000000003" classname="fda_table_10" name="Table_10_generation_rtables_works_with_risk_difference_column">
      <skipped message="Reason: On CRAN ('test-fda-table_10.R:75:3')"/>
    </testcase>
  </testsuite>
  <testsuite name="fda-table_11" timestamp="2025-03-18T15:02:12Z" hostname="90aa7c78559a" tests="19" skipped="4" failures="0" errors="0" time="4.547">
    <testcase time="0.0229999999999961" classname="fda_table_11" name="Table_11_generation_works_with_default_values"/>
    <testcase time="0.0330000000000013" classname="fda_table_11" name="Table_11_generation_works_with_default_values"/>
    <testcase time="0.155999999999999" classname="fda_table_11" name="Table_11_generation_works_with_default_values"/>
    <testcase time="0.0320000000000036" classname="fda_table_11" name="Table_11_generation_works_with_default_values"/>
    <testcase time="1.525" classname="fda_table_11" name="Table_11_generation_works_with_default_values"/>
    <testcase time="0.00200000000000244" classname="fda_table_11" name="Table_11_generation_works_with_default_values"/>
    <testcase time="0.114999999999995" classname="fda_table_11" name="Table_11_generation_works_with_default_values">
      <skipped message="Reason: On CRAN ('test-fda-table_11.R:19:3')"/>
    </testcase>
    <testcase time="0.0140000000000029" classname="fda_table_11" name="Table_11_generation_works_with_gtsummary_with_custom_values"/>
    <testcase time="0.036999999999999" classname="fda_table_11" name="Table_11_generation_works_with_gtsummary_with_custom_values"/>
    <testcase time="1.289" classname="fda_table_11" name="Table_11_generation_works_with_gtsummary_with_custom_values"/>
    <testcase time="0.120000000000005" classname="fda_table_11" name="Table_11_generation_works_with_gtsummary_with_custom_values">
      <skipped message="Reason: On CRAN ('test-fda-table_11.R:41:3')"/>
    </testcase>
    <testcase time="0.0139999999999958" classname="fda_table_11" name="Table_11_generation_works_with_rtables_with_custom_values"/>
    <testcase time="0.0280000000000058" classname="fda_table_11" name="Table_11_generation_works_with_rtables_with_custom_values"/>
    <testcase time="0.373999999999995" classname="fda_table_11" name="Table_11_generation_works_with_rtables_with_custom_values"/>
    <testcase time="0.0729999999999933" classname="fda_table_11" name="Table_11_generation_works_with_rtables_with_custom_values">
      <skipped message="Reason: On CRAN ('test-fda-table_11.R:73:3')"/>
    </testcase>
    <testcase time="0.0130000000000052" classname="fda_table_11" name="Table_11_generation_works_with_rtables_with_risk_difference_column"/>
    <testcase time="0.0310000000000059" classname="fda_table_11" name="Table_11_generation_works_with_rtables_with_risk_difference_column"/>
    <testcase time="0.524999999999991" classname="fda_table_11" name="Table_11_generation_works_with_rtables_with_risk_difference_column"/>
    <testcase time="0.143000000000001" classname="fda_table_11" name="Table_11_generation_works_with_rtables_with_risk_difference_column">
      <skipped message="Reason: On CRAN ('test-fda-table_11.R:81:3')"/>
    </testcase>
  </testsuite>
  <testsuite name="fda-table_12" timestamp="2025-03-18T15:02:16Z" hostname="90aa7c78559a" tests="23" skipped="5" failures="0" errors="0" time="5.335">
    <testcase time="0.0190000000000055" classname="fda_table_12" name="Table_12_generation_works_with_default_values"/>
    <testcase time="0.0330000000000013" classname="fda_table_12" name="Table_12_generation_works_with_default_values"/>
    <testcase time="0.159999999999997" classname="fda_table_12" name="Table_12_generation_works_with_default_values"/>
    <testcase time="0.0330000000000013" classname="fda_table_12" name="Table_12_generation_works_with_default_values"/>
    <testcase time="1.236" classname="fda_table_12" name="Table_12_generation_works_with_default_values"/>
    <testcase time="0.00199999999999534" classname="fda_table_12" name="Table_12_generation_works_with_default_values"/>
    <testcase time="0.120999999999995" classname="fda_table_12" name="Table_12_generation_works_with_default_values">
      <skipped message="Reason: On CRAN ('test-fda-table_12.R:10:3')"/>
    </testcase>
    <testcase time="0.0139999999999958" classname="fda_table_12" name="Table_12_generation_works_with_gtsummary_with_custom_values"/>
    <testcase time="0.0330000000000013" classname="fda_table_12" name="Table_12_generation_works_with_gtsummary_with_custom_values"/>
    <testcase time="1.262" classname="fda_table_12" name="Table_12_generation_works_with_gtsummary_with_custom_values"/>
    <testcase time="0.119" classname="fda_table_12" name="Table_12_generation_works_with_gtsummary_with_custom_values">
      <skipped message="Reason: On CRAN ('test-fda-table_12.R:32:3')"/>
    </testcase>
    <testcase time="0.0130000000000052" classname="fda_table_12" name="Table_12_generation_works_with_default_values"/>
    <testcase time="0.0330000000000013" classname="fda_table_12" name="Table_12_generation_works_with_default_values"/>
    <testcase time="0.569000000000003" classname="fda_table_12" name="Table_12_generation_works_with_default_values"/>
    <testcase time="0.111999999999995" classname="fda_table_12" name="Table_12_generation_works_with_default_values">
      <skipped message="Reason: On CRAN ('test-fda-table_12.R:41:3')"/>
    </testcase>
    <testcase time="0.0139999999999958" classname="fda_table_12" name="Table_12_generation_works_with_custom_values"/>
    <testcase time="0.0330000000000013" classname="fda_table_12" name="Table_12_generation_works_with_custom_values"/>
    <testcase time="0.555000000000007" classname="fda_table_12" name="Table_12_generation_works_with_custom_values"/>
    <testcase time="0.111000000000004" classname="fda_table_12" name="Table_12_generation_works_with_custom_values">
      <skipped message="Reason: On CRAN ('test-fda-table_12.R:71:3')"/>
    </testcase>
    <testcase time="0.0139999999999958" classname="fda_table_12" name="Table_12_generation_works_with_risk_difference_column"/>
    <testcase time="0.0330000000000013" classname="fda_table_12" name="Table_12_generation_works_with_risk_difference_column"/>
    <testcase time="0.691000000000003" classname="fda_table_12" name="Table_12_generation_works_with_risk_difference_column"/>
    <testcase time="0.125" classname="fda_table_12" name="Table_12_generation_works_with_risk_difference_column">
      <skipped message="Reason: On CRAN ('test-fda-table_12.R:79:3')"/>
    </testcase>
  </testsuite>
  <testsuite name="fda-table_13" timestamp="2025-03-18T15:02:21Z" hostname="90aa7c78559a" tests="12" skipped="3" failures="0" errors="0" time="0.695">
    <testcase time="0.0180000000000007" classname="fda_table_13" name="Table_13_generation_works_with_default_values"/>
    <testcase time="0.0319999999999965" classname="fda_table_13" name="Table_13_generation_works_with_default_values"/>
    <testcase time="0.097999999999999" classname="fda_table_13" name="Table_13_generation_works_with_default_values"/>
    <testcase time="0.078000000000003" classname="fda_table_13" name="Table_13_generation_works_with_default_values">
      <skipped message="Reason: On CRAN ('test-fda-table_13.R:8:3')"/>
    </testcase>
    <testcase time="0.012999999999991" classname="fda_table_13" name="Table_13_generation_works_with_custom_values"/>
    <testcase time="0.034000000000006" classname="fda_table_13" name="Table_13_generation_works_with_custom_values"/>
    <testcase time="0.114999999999995" classname="fda_table_13" name="Table_13_generation_works_with_custom_values"/>
    <testcase time="0.0559999999999974" classname="fda_table_13" name="Table_13_generation_works_with_custom_values">
      <skipped message="Reason: On CRAN ('test-fda-table_13.R:38:3')"/>
    </testcase>
    <testcase time="0.01400000000001" classname="fda_table_13" name="Table_13_generation_works_with_risk_difference_column"/>
    <testcase time="0.039999999999992" classname="fda_table_13" name="Table_13_generation_works_with_risk_difference_column"/>
    <testcase time="0.117000000000004" classname="fda_table_13" name="Table_13_generation_works_with_risk_difference_column"/>
    <testcase time="0.0799999999999983" classname="fda_table_13" name="Table_13_generation_works_with_risk_difference_column">
      <skipped message="Reason: On CRAN ('test-fda-table_13.R:46:3')"/>
    </testcase>
  </testsuite>
  <testsuite name="fda-table_14" timestamp="2025-03-18T15:02:22Z" hostname="90aa7c78559a" tests="13" skipped="4" failures="0" errors="0" time="2.497">
    <testcase time="0.0229999999999961" classname="fda_table_14" name="Table_14_generation_works_with_default_values"/>
    <testcase time="0.415000000000006" classname="fda_table_14" name="Table_14_generation_works_with_default_values"/>
    <testcase time="0.141999999999996" classname="fda_table_14" name="Table_14_generation_works_with_default_values">
      <skipped message="Reason: On CRAN ('test-fda-table_14.R:16:3')"/>
    </testcase>
    <testcase time="0.0139999999999958" classname="fda_table_14" name="Table_14_generation_works_with_custom_values"/>
    <testcase time="0.0420000000000016" classname="fda_table_14" name="Table_14_generation_works_with_custom_values"/>
    <testcase time="0.439000000000007" classname="fda_table_14" name="Table_14_generation_works_with_custom_values"/>
    <testcase time="0.141999999999996" classname="fda_table_14" name="Table_14_generation_works_with_custom_values">
      <skipped message="Reason: On CRAN ('test-fda-table_14.R:46:3')"/>
    </testcase>
    <testcase time="0.0150000000000006" classname="fda_table_14" name="Table_14_generation_works_with_NA_values_pruned_rows"/>
    <testcase time="0.412999999999997" classname="fda_table_14" name="Table_14_generation_works_with_NA_values_pruned_rows"/>
    <testcase time="0.118000000000009" classname="fda_table_14" name="Table_14_generation_works_with_NA_values_pruned_rows">
      <skipped message="Reason: On CRAN ('test-fda-table_14.R:53:3')"/>
    </testcase>
    <testcase time="0.0139999999999958" classname="fda_table_14" name="Table_14_generation_works_with_risk_difference_column"/>
    <testcase time="0.540000000000006" classname="fda_table_14" name="Table_14_generation_works_with_risk_difference_column"/>
    <testcase time="0.179999999999993" classname="fda_table_14" name="Table_14_generation_works_with_risk_difference_column">
      <skipped message="Reason: On CRAN ('test-fda-table_14.R:61:3')"/>
    </testcase>
  </testsuite>
  <testsuite name="fda-table_15" timestamp="2025-03-18T15:02:25Z" hostname="90aa7c78559a" tests="16" skipped="4" failures="0" errors="0" time="1.472">
    <testcase time="0.019999999999996" classname="fda_table_15" name="Table_15_generation_works_with_default_values"/>
    <testcase time="0.0280000000000058" classname="fda_table_15" name="Table_15_generation_works_with_default_values"/>
    <testcase time="0.230000000000004" classname="fda_table_15" name="Table_15_generation_works_with_default_values"/>
    <testcase time="0.0969999999999942" classname="fda_table_15" name="Table_15_generation_works_with_default_values">
      <skipped message="Reason: On CRAN ('test-fda-table_15.R:19:3')"/>
    </testcase>
    <testcase time="0.0139999999999958" classname="fda_table_15" name="Table_15_generation_works_with_custom_values"/>
    <testcase time="0.0300000000000011" classname="fda_table_15" name="Table_15_generation_works_with_custom_values"/>
    <testcase time="0.206000000000003" classname="fda_table_15" name="Table_15_generation_works_with_custom_values"/>
    <testcase time="0.0949999999999989" classname="fda_table_15" name="Table_15_generation_works_with_custom_values">
      <skipped message="Reason: On CRAN ('test-fda-table_15.R:51:3')"/>
    </testcase>
    <testcase time="0.0229999999999961" classname="fda_table_15" name="Table_15_generation_works_with_NA_values_pruned_rows"/>
    <testcase time="0.0320000000000107" classname="fda_table_15" name="Table_15_generation_works_with_NA_values_pruned_rows"/>
    <testcase time="0.195000000000007" classname="fda_table_15" name="Table_15_generation_works_with_NA_values_pruned_rows"/>
    <testcase time="0.108999999999995" classname="fda_table_15" name="Table_15_generation_works_with_NA_values_pruned_rows">
      <skipped message="Reason: On CRAN ('test-fda-table_15.R:58:3')"/>
    </testcase>
    <testcase time="0.0139999999999958" classname="fda_table_15" name="Table_15_generation_works_with_risk_difference_column"/>
    <testcase time="0.0300000000000011" classname="fda_table_15" name="Table_15_generation_works_with_risk_difference_column"/>
    <testcase time="0.242000000000004" classname="fda_table_15" name="Table_15_generation_works_with_risk_difference_column"/>
    <testcase time="0.106999999999999" classname="fda_table_15" name="Table_15_generation_works_with_risk_difference_column">
      <skipped message="Reason: On CRAN ('test-fda-table_15.R:66:3')"/>
    </testcase>
  </testsuite>
  <testsuite name="fda-table_16" timestamp="2025-03-18T15:02:26Z" hostname="90aa7c78559a" tests="16" skipped="4" failures="0" errors="0" time="1.256">
    <testcase time="0.019999999999996" classname="fda_table_16" name="Table_16_generation_works_with_default_values"/>
    <testcase time="0.0260000000000105" classname="fda_table_16" name="Table_16_generation_works_with_default_values"/>
    <testcase time="0.202999999999989" classname="fda_table_16" name="Table_16_generation_works_with_default_values"/>
    <testcase time="0.0550000000000068" classname="fda_table_16" name="Table_16_generation_works_with_default_values">
      <skipped message="Reason: On CRAN ('test-fda-table_16.R:19:3')"/>
    </testcase>
    <testcase time="0.0139999999999958" classname="fda_table_16" name="Table_16_generation_works_with_custom_values"/>
    <testcase time="0.027000000000001" classname="fda_table_16" name="Table_16_generation_works_with_custom_values"/>
    <testcase time="0.204999999999998" classname="fda_table_16" name="Table_16_generation_works_with_custom_values"/>
    <testcase time="0.0560000000000116" classname="fda_table_16" name="Table_16_generation_works_with_custom_values">
      <skipped message="Reason: On CRAN ('test-fda-table_16.R:51:3')"/>
    </testcase>
    <testcase time="0.0139999999999958" classname="fda_table_16" name="Table_16_generation_works_with_NA_values_pruned_rows"/>
    <testcase time="0.0259999999999962" classname="fda_table_16" name="Table_16_generation_works_with_NA_values_pruned_rows"/>
    <testcase time="0.201000000000008" classname="fda_table_16" name="Table_16_generation_works_with_NA_values_pruned_rows"/>
    <testcase time="0.0529999999999973" classname="fda_table_16" name="Table_16_generation_works_with_NA_values_pruned_rows">
      <skipped message="Reason: On CRAN ('test-fda-table_16.R:58:3')"/>
    </testcase>
    <testcase time="0.0139999999999958" classname="fda_table_16" name="Table_16_generation_works_with_risk_difference_column"/>
    <testcase time="0.0310000000000059" classname="fda_table_16" name="Table_16_generation_works_with_risk_difference_column"/>
    <testcase time="0.236999999999995" classname="fda_table_16" name="Table_16_generation_works_with_risk_difference_column"/>
    <testcase time="0.0739999999999981" classname="fda_table_16" name="Table_16_generation_works_with_risk_difference_column">
      <skipped message="Reason: On CRAN ('test-fda-table_16.R:66:3')"/>
    </testcase>
  </testsuite>
  <testsuite name="fda-table_17" timestamp="2025-03-18T15:02:27Z" hostname="90aa7c78559a" tests="16" skipped="4" failures="0" errors="0" time="2.14">
    <testcase time="0.0190000000000055" classname="fda_table_17" name="Table_17_generation_works_with_default_values"/>
    <testcase time="0.0300000000000011" classname="fda_table_17" name="Table_17_generation_works_with_default_values"/>
    <testcase time="0.317999999999998" classname="fda_table_17" name="Table_17_generation_works_with_default_values"/>
    <testcase time="0.162999999999997" classname="fda_table_17" name="Table_17_generation_works_with_default_values">
      <skipped message="Reason: On CRAN ('test-fda-table_17.R:25:3')"/>
    </testcase>
    <testcase time="0.0169999999999959" classname="fda_table_17" name="Table_17_generation_works_with_custom_values"/>
    <testcase time="0.0310000000000059" classname="fda_table_17" name="Table_17_generation_works_with_custom_values"/>
    <testcase time="0.295999999999992" classname="fda_table_17" name="Table_17_generation_works_with_custom_values"/>
    <testcase time="0.157000000000011" classname="fda_table_17" name="Table_17_generation_works_with_custom_values">
      <skipped message="Reason: On CRAN ('test-fda-table_17.R:57:3')"/>
    </testcase>
    <testcase time="0.0139999999999958" classname="fda_table_17" name="Table_17_generation_works_with_NA_values_pruned_rows"/>
    <testcase time="0.0409999999999968" classname="fda_table_17" name="Table_17_generation_works_with_NA_values_pruned_rows"/>
    <testcase time="0.301000000000002" classname="fda_table_17" name="Table_17_generation_works_with_NA_values_pruned_rows"/>
    <testcase time="0.156000000000006" classname="fda_table_17" name="Table_17_generation_works_with_NA_values_pruned_rows">
      <skipped message="Reason: On CRAN ('test-fda-table_17.R:64:3')"/>
    </testcase>
    <testcase time="0.0139999999999958" classname="fda_table_17" name="Table_17_generation_works_with_risk_difference_column"/>
    <testcase time="0.0300000000000011" classname="fda_table_17" name="Table_17_generation_works_with_risk_difference_column"/>
    <testcase time="0.364000000000004" classname="fda_table_17" name="Table_17_generation_works_with_risk_difference_column"/>
    <testcase time="0.188999999999993" classname="fda_table_17" name="Table_17_generation_works_with_risk_difference_column">
      <skipped message="Reason: On CRAN ('test-fda-table_17.R:72:3')"/>
    </testcase>
  </testsuite>
  <testsuite name="fda-table_18" timestamp="2025-03-18T15:02:30Z" hostname="90aa7c78559a" tests="16" skipped="4" failures="0" errors="0" time="1.73">
    <testcase time="0.019999999999996" classname="fda_table_18" name="Table_18_generation_works_with_default_values"/>
    <testcase time="0.0260000000000105" classname="fda_table_18" name="Table_18_generation_works_with_default_values"/>
    <testcase time="0.287999999999997" classname="fda_table_18" name="Table_18_generation_works_with_default_values"/>
    <testcase time="0.0729999999999933" classname="fda_table_18" name="Table_18_generation_works_with_default_values">
      <skipped message="Reason: On CRAN ('test-fda-table_18.R:25:3')"/>
    </testcase>
    <testcase time="0.0130000000000052" classname="fda_table_18" name="Table_18_generation_works_with_custom_values"/>
    <testcase time="0.0259999999999962" classname="fda_table_18" name="Table_18_generation_works_with_custom_values"/>
    <testcase time="0.289000000000001" classname="fda_table_18" name="Table_18_generation_works_with_custom_values"/>
    <testcase time="0.0829999999999984" classname="fda_table_18" name="Table_18_generation_works_with_custom_values">
      <skipped message="Reason: On CRAN ('test-fda-table_18.R:57:3')"/>
    </testcase>
    <testcase time="0.0130000000000052" classname="fda_table_18" name="Table_18_generation_works_with_NA_values_pruned_rows"/>
    <testcase time="0.0259999999999962" classname="fda_table_18" name="Table_18_generation_works_with_NA_values_pruned_rows"/>
    <testcase time="0.308999999999997" classname="fda_table_18" name="Table_18_generation_works_with_NA_values_pruned_rows"/>
    <testcase time="0.0730000000000075" classname="fda_table_18" name="Table_18_generation_works_with_NA_values_pruned_rows">
      <skipped message="Reason: On CRAN ('test-fda-table_18.R:64:3')"/>
    </testcase>
    <testcase time="0.0139999999999958" classname="fda_table_18" name="Table_18_generation_works_with_risk_difference_column"/>
    <testcase time="0.0259999999999962" classname="fda_table_18" name="Table_18_generation_works_with_risk_difference_column"/>
    <testcase time="0.368000000000009" classname="fda_table_18" name="Table_18_generation_works_with_risk_difference_column"/>
    <testcase time="0.0829999999999984" classname="fda_table_18" name="Table_18_generation_works_with_risk_difference_column">
      <skipped message="Reason: On CRAN ('test-fda-table_18.R:72:3')"/>
    </testcase>
  </testsuite>
  <testsuite name="fda-table_20" timestamp="2025-03-18T15:02:31Z" hostname="90aa7c78559a" tests="24" skipped="4" failures="0" errors="0" time="2.013">
    <testcase time="0.019999999999996" classname="fda_table_20" name="Table_20_generation_works_with_default_values"/>
    <testcase time="0.00100000000000477" classname="fda_table_20" name="Table_20_generation_works_with_default_values"/>
    <testcase time="0.00199999999999534" classname="fda_table_20" name="Table_20_generation_works_with_default_values"/>
    <testcase time="0.0289999999999964" classname="fda_table_20" name="Table_20_generation_works_with_default_values"/>
    <testcase time="0.292000000000002" classname="fda_table_20" name="Table_20_generation_works_with_default_values"/>
    <testcase time="0.103999999999999" classname="fda_table_20" name="Table_20_generation_works_with_default_values">
      <skipped message="Reason: On CRAN ('test-fda-table_20.R:17:3')"/>
    </testcase>
    <testcase time="0.0130000000000052" classname="fda_table_20" name="Table_20_generation_works_with_custom_values"/>
    <testcase time="0.00199999999999534" classname="fda_table_20" name="Table_20_generation_works_with_custom_values"/>
    <testcase time="0.00100000000000477" classname="fda_table_20" name="Table_20_generation_works_with_custom_values"/>
    <testcase time="0.0289999999999964" classname="fda_table_20" name="Table_20_generation_works_with_custom_values"/>
    <testcase time="0.423000000000002" classname="fda_table_20" name="Table_20_generation_works_with_custom_values"/>
    <testcase time="0.120999999999995" classname="fda_table_20" name="Table_20_generation_works_with_custom_values">
      <skipped message="Reason: On CRAN ('test-fda-table_20.R:65:3')"/>
    </testcase>
    <testcase time="0.01400000000001" classname="fda_table_20" name="Table_20_generation_works_with_missing_values_pruned_rows"/>
    <testcase time="0.000999999999990564" classname="fda_table_20" name="Table_20_generation_works_with_missing_values_pruned_rows"/>
    <testcase time="0.00100000000000477" classname="fda_table_20" name="Table_20_generation_works_with_missing_values_pruned_rows"/>
    <testcase time="0.0289999999999964" classname="fda_table_20" name="Table_20_generation_works_with_missing_values_pruned_rows"/>
    <testcase time="0.290000000000006" classname="fda_table_20" name="Table_20_generation_works_with_missing_values_pruned_rows"/>
    <testcase time="0.0829999999999984" classname="fda_table_20" name="Table_20_generation_works_with_missing_values_pruned_rows">
      <skipped message="Reason: On CRAN ('test-fda-table_20.R:74:3')"/>
    </testcase>
    <testcase time="0.0139999999999958" classname="fda_table_20" name="Table_20_generation_works_with_risk_difference_column"/>
    <testcase time="0.00100000000000477" classname="fda_table_20" name="Table_20_generation_works_with_risk_difference_column"/>
    <testcase time="0.00199999999999534" classname="fda_table_20" name="Table_20_generation_works_with_risk_difference_column"/>
    <testcase time="0.0289999999999964" classname="fda_table_20" name="Table_20_generation_works_with_risk_difference_column"/>
    <testcase time="0.411000000000001" classname="fda_table_20" name="Table_20_generation_works_with_risk_difference_column"/>
    <testcase time="0.100999999999999" classname="fda_table_20" name="Table_20_generation_works_with_risk_difference_column">
      <skipped message="Reason: On CRAN ('test-fda-table_20.R:82:3')"/>
    </testcase>
  </testsuite>
  <testsuite name="fda-table_21" timestamp="2025-03-18T15:02:33Z" hostname="90aa7c78559a" tests="19" skipped="4" failures="0" errors="0" time="1.923">
    <testcase time="0.0280000000000058" classname="fda_table_21" name="Table_21_generation_works_with_default_values"/>
    <testcase time="0.00100000000000477" classname="fda_table_21" name="Table_21_generation_works_with_default_values"/>
    <testcase time="0.411000000000001" classname="fda_table_21" name="Table_21_generation_works_with_default_values"/>
    <testcase time="0.100999999999999" classname="fda_table_21" name="Table_21_generation_works_with_default_values">
      <skipped message="Reason: On CRAN ('test-fda-table_21.R:16:3')"/>
    </testcase>
    <testcase time="0.0139999999999958" classname="fda_table_21" name="Table_21_generation_works_with_custom_values_N_s_denominator_and_overall_column"/>
    <testcase time="0.00100000000000477" classname="fda_table_21" name="Table_21_generation_works_with_custom_values_N_s_denominator_and_overall_column"/>
    <testcase time="0.0559999999999974" classname="fda_table_21" name="Table_21_generation_works_with_custom_values_N_s_denominator_and_overall_column"/>
    <testcase time="0.465999999999994" classname="fda_table_21" name="Table_21_generation_works_with_custom_values_N_s_denominator_and_overall_column"/>
    <testcase time="0.129000000000005" classname="fda_table_21" name="Table_21_generation_works_with_custom_values_N_s_denominator_and_overall_column">
      <skipped message="Reason: On CRAN ('test-fda-table_21.R:28:3')"/>
    </testcase>
    <testcase time="0.0139999999999958" classname="fda_table_21" name="Table_21_generation_works_with_custom_values_N_col_denominator_and_no_overall_column"/>
    <testcase time="0.00100000000000477" classname="fda_table_21" name="Table_21_generation_works_with_custom_values_N_col_denominator_and_no_overall_column"/>
    <testcase time="0.0339999999999918" classname="fda_table_21" name="Table_21_generation_works_with_custom_values_N_col_denominator_and_no_overall_column"/>
    <testcase time="0.231000000000009" classname="fda_table_21" name="Table_21_generation_works_with_custom_values_N_col_denominator_and_no_overall_column"/>
    <testcase time="0.0930000000000035" classname="fda_table_21" name="Table_21_generation_works_with_custom_values_N_col_denominator_and_no_overall_column">
      <skipped message="Reason: On CRAN ('test-fda-table_21.R:56:3')"/>
    </testcase>
    <testcase time="0.0449999999999875" classname="fda_table_21" name="Table_21_generation_works_with_some_NA_values"/>
    <testcase time="0.00100000000000477" classname="fda_table_21" name="Table_21_generation_works_with_some_NA_values"/>
    <testcase time="0.0310000000000059" classname="fda_table_21" name="Table_21_generation_works_with_some_NA_values"/>
    <testcase time="0.194000000000003" classname="fda_table_21" name="Table_21_generation_works_with_some_NA_values"/>
    <testcase time="0.0720000000000027" classname="fda_table_21" name="Table_21_generation_works_with_some_NA_values">
      <skipped message="Reason: On CRAN ('test-fda-table_21.R:76:3')"/>
    </testcase>
  </testsuite>
  <testsuite name="fda-table_22" timestamp="2025-03-18T15:02:35Z" hostname="90aa7c78559a" tests="8" skipped="4" failures="0" errors="0" time="2.087">
    <testcase time="0.423000000000002" classname="fda_table_22" name="Table_22_generation_works_with_default_values"/>
    <testcase time="0.0999999999999943" classname="fda_table_22" name="Table_22_generation_works_with_default_values">
      <skipped message="Reason: On CRAN ('test-fda-table_22.R:21:3')"/>
    </testcase>
    <testcase time="0.756" classname="fda_table_22" name="Table_22_generation_works_with_custom_values_N_s_denominator_and_overall_column"/>
    <testcase time="0.118000000000009" classname="fda_table_22" name="Table_22_generation_works_with_custom_values_N_s_denominator_and_overall_column">
      <skipped message="Reason: On CRAN ('test-fda-table_22.R:33:3')"/>
    </testcase>
    <testcase time="0.262999999999991" classname="fda_table_22" name="Table_22_generation_works_with_custom_values_N_col_denominator_and_no_overall_column"/>
    <testcase time="0.102000000000004" classname="fda_table_22" name="Table_22_generation_works_with_custom_values_N_col_denominator_and_no_overall_column">
      <skipped message="Reason: On CRAN ('test-fda-table_22.R:61:3')"/>
    </testcase>
    <testcase time="0.254000000000005" classname="fda_table_22" name="Table_22_generation_works_with_some_NA_values"/>
    <testcase time="0.070999999999998" classname="fda_table_22" name="Table_22_generation_works_with_some_NA_values">
      <skipped message="Reason: On CRAN ('test-fda-table_22.R:81:3')"/>
    </testcase>
  </testsuite>
  <testsuite name="fda-table_32" timestamp="2025-03-18T15:02:37Z" hostname="90aa7c78559a" tests="25" skipped="7" failures="0" errors="0" time="5.138">
    <testcase time="0.0439999999999969" classname="fda_table_32" name="Table_32_generation_works_with_default_values"/>
    <testcase time="0.0360000000000014" classname="fda_table_32" name="Table_32_generation_works_with_default_values"/>
    <testcase time="0.097999999999999" classname="fda_table_32" name="Table_32_generation_works_with_default_values"/>
    <testcase time="0.0559999999999974" classname="fda_table_32" name="Table_32_generation_works_with_default_values">
      <skipped message="Reason: On CRAN ('test-fda-table_32.R:14:3')"/>
    </testcase>
    <testcase time="0.0130000000000052" classname="fda_table_32" name="Table_32_generation_works_with_custom_values"/>
    <testcase time="0.0349999999999966" classname="fda_table_32" name="Table_32_generation_works_with_custom_values"/>
    <testcase time="0.123000000000005" classname="fda_table_32" name="Table_32_generation_works_with_custom_values"/>
    <testcase time="0.0609999999999928" classname="fda_table_32" name="Table_32_generation_works_with_custom_values">
      <skipped message="Reason: On CRAN ('test-fda-table_32.R:36:3')"/>
    </testcase>
    <testcase time="0.0210000000000008" classname="fda_table_32" name="Table_32_generation_works_with_pruned_rows"/>
    <testcase time="0.0349999999999966" classname="fda_table_32" name="Table_32_generation_works_with_pruned_rows"/>
    <testcase time="0.0970000000000084" classname="fda_table_32" name="Table_32_generation_works_with_pruned_rows"/>
    <testcase time="0.0510000000000019" classname="fda_table_32" name="Table_32_generation_works_with_pruned_rows">
      <skipped message="Reason: On CRAN ('test-fda-table_32.R:43:3')"/>
    </testcase>
    <testcase time="0.0150000000000006" classname="fda_table_32" name="Table_32_generation_works_with_risk_difference_column"/>
    <testcase time="0.0389999999999873" classname="fda_table_32" name="Table_32_generation_works_with_risk_difference_column"/>
    <testcase time="0.13300000000001" classname="fda_table_32" name="Table_32_generation_works_with_risk_difference_column"/>
    <testcase time="0.0589999999999975" classname="fda_table_32" name="Table_32_generation_works_with_risk_difference_column">
      <skipped message="Reason: On CRAN ('test-fda-table_32.R:51:3')"/>
    </testcase>
    <testcase time="0.0139999999999958" classname="fda_table_32" name="Table_32_gtsum_generation_works_with_default_values"/>
    <testcase time="1.08800000000001" classname="fda_table_32" name="Table_32_gtsum_generation_works_with_default_values"/>
    <testcase time="0.0139999999999958" classname="fda_table_32" name="Table_32_gtsum_generation_works_with_default_values">
      <skipped message="Reason: On CRAN ('test-fda-table_32.R:57:3')"/>
    </testcase>
    <testcase time="0.0139999999999958" classname="fda_table_32" name="Table_32_gtsum_generation_works_with_custom_values"/>
    <testcase time="1.53100000000001" classname="fda_table_32" name="Table_32_gtsum_generation_works_with_custom_values"/>
    <testcase time="0.0139999999999958" classname="fda_table_32" name="Table_32_gtsum_generation_works_with_custom_values">
      <skipped message="Reason: On CRAN ('test-fda-table_32.R:66:3')"/>
    </testcase>
    <testcase time="0.012999999999991" classname="fda_table_32" name="Table_32_gtsum_generation_missing_values_and_ADSL"/>
    <testcase time="1.52000000000001" classname="fda_table_32" name="Table_32_gtsum_generation_missing_values_and_ADSL"/>
    <testcase time="0.0139999999999958" classname="fda_table_32" name="Table_32_gtsum_generation_missing_values_and_ADSL">
      <skipped message="Reason: On CRAN ('test-fda-table_32.R:80:3')"/>
    </testcase>
  </testsuite>
  <testsuite name="fda-table_33" timestamp="2025-03-18T15:02:42Z" hostname="90aa7c78559a" tests="25" skipped="7" failures="0" errors="0" time="5.386">
    <testcase time="0.0559999999999974" classname="fda_table_33" name="Table_33_generation_works_with_default_values"/>
    <testcase time="0.207000000000008" classname="fda_table_33" name="Table_33_generation_works_with_default_values"/>
    <testcase time="0.0829999999999984" classname="fda_table_33" name="Table_33_generation_works_with_default_values"/>
    <testcase time="0.0409999999999968" classname="fda_table_33" name="Table_33_generation_works_with_default_values">
      <skipped message="Reason: On CRAN ('test-fda-table_33.R:14:3')"/>
    </testcase>
    <testcase time="0.019999999999996" classname="fda_table_33" name="Table_33_generation_works_with_custom_values"/>
    <testcase time="0.201999999999998" classname="fda_table_33" name="Table_33_generation_works_with_custom_values"/>
    <testcase time="0.108000000000004" classname="fda_table_33" name="Table_33_generation_works_with_custom_values"/>
    <testcase time="0.0490000000000066" classname="fda_table_33" name="Table_33_generation_works_with_custom_values">
      <skipped message="Reason: On CRAN ('test-fda-table_33.R:40:3')"/>
    </testcase>
    <testcase time="0.0139999999999958" classname="fda_table_33" name="Table_33_generation_works_with_pruned_rows"/>
    <testcase time="0.204999999999998" classname="fda_table_33" name="Table_33_generation_works_with_pruned_rows"/>
    <testcase time="0.0820000000000078" classname="fda_table_33" name="Table_33_generation_works_with_pruned_rows"/>
    <testcase time="0.0389999999999873" classname="fda_table_33" name="Table_33_generation_works_with_pruned_rows">
      <skipped message="Reason: On CRAN ('test-fda-table_33.R:48:3')"/>
    </testcase>
    <testcase time="0.01400000000001" classname="fda_table_33" name="Table_33_generation_works_with_risk_difference_column"/>
    <testcase time="0.227999999999994" classname="fda_table_33" name="Table_33_generation_works_with_risk_difference_column"/>
    <testcase time="0.105000000000004" classname="fda_table_33" name="Table_33_generation_works_with_risk_difference_column"/>
    <testcase time="0.0480000000000018" classname="fda_table_33" name="Table_33_generation_works_with_risk_difference_column">
      <skipped message="Reason: On CRAN ('test-fda-table_33.R:56:3')"/>
    </testcase>
    <testcase time="0.0139999999999958" classname="fda_table_33" name="Table_33_gtsum_generation_works_with_default_values"/>
    <testcase time="1.01900000000001" classname="fda_table_33" name="Table_33_gtsum_generation_works_with_default_values"/>
    <testcase time="0.0139999999999958" classname="fda_table_33" name="Table_33_gtsum_generation_works_with_default_values">
      <skipped message="Reason: On CRAN ('test-fda-table_33.R:62:3')"/>
    </testcase>
    <testcase time="0.0130000000000052" classname="fda_table_33" name="Table_33_gtsum_generation_works_with_custom_values"/>
    <testcase time="1.395" classname="fda_table_33" name="Table_33_gtsum_generation_works_with_custom_values"/>
    <testcase time="0.0150000000000006" classname="fda_table_33" name="Table_33_gtsum_generation_works_with_custom_values">
      <skipped message="Reason: On CRAN ('test-fda-table_33.R:71:3')"/>
    </testcase>
    <testcase time="0.012999999999991" classname="fda_table_33" name="Table_33_gtsum_generation_missing_values_and_ADSL"/>
    <testcase time="1.387" classname="fda_table_33" name="Table_33_gtsum_generation_missing_values_and_ADSL"/>
    <testcase time="0.0150000000000006" classname="fda_table_33" name="Table_33_gtsum_generation_missing_values_and_ADSL">
      <skipped message="Reason: On CRAN ('test-fda-table_33.R:85:3')"/>
    </testcase>
  </testsuite>
  <testsuite name="fda-table_34" timestamp="2025-03-18T15:02:48Z" hostname="90aa7c78559a" tests="12" skipped="3" failures="0" errors="0" time="4.351">
    <testcase time="0.0230000000000103" classname="fda_table_34" name="Table_34_generation_works_with_default_values"/>
    <testcase time="0.0339999999999918" classname="fda_table_34" name="Table_34_generation_works_with_default_values"/>
    <testcase time="1.322" classname="fda_table_34" name="Table_34_generation_works_with_default_values"/>
    <testcase time="0.230000000000004" classname="fda_table_34" name="Table_34_generation_works_with_default_values">
      <skipped message="Reason: On CRAN ('test-fda-table_34.R:17:3')"/>
    </testcase>
    <testcase time="0.0139999999999958" classname="fda_table_34" name="Table_34_generation_works_with_custom_values"/>
    <testcase time="0.0250000000000057" classname="fda_table_34" name="Table_34_generation_works_with_custom_values"/>
    <testcase time="0.481999999999999" classname="fda_table_34" name="Table_34_generation_works_with_custom_values"/>
    <testcase time="0.0899999999999892" classname="fda_table_34" name="Table_34_generation_works_with_custom_values">
      <skipped message="Reason: On CRAN ('test-fda-table_34.R:49:3')"/>
    </testcase>
    <testcase time="0.0130000000000052" classname="fda_table_34" name="Table_34_generation_works_with_risk_difference_column"/>
    <testcase time="0.275999999999996" classname="fda_table_34" name="Table_34_generation_works_with_risk_difference_column"/>
    <testcase time="1.59400000000001" classname="fda_table_34" name="Table_34_generation_works_with_risk_difference_column"/>
    <testcase time="0.24799999999999" classname="fda_table_34" name="Table_34_generation_works_with_risk_difference_column">
      <skipped message="Reason: On CRAN ('test-fda-table_34.R:57:3')"/>
    </testcase>
  </testsuite>
  <testsuite name="fda-table_35" timestamp="2025-03-18T15:02:52Z" hostname="90aa7c78559a" tests="40" skipped="8" failures="0" errors="0" time="3.945">
    <testcase time="0.0180000000000007" classname="fda_table_35" name="Table_35_generation_works_with_default_values"/>
    <testcase time="0.078000000000003" classname="fda_table_35" name="Table_35_generation_works_with_default_values"/>
    <testcase time="0.0370000000000061" classname="fda_table_35" name="Table_35_generation_works_with_default_values"/>
    <testcase time="0.0420000000000016" classname="fda_table_35" name="Table_35_generation_works_with_default_values"/>
    <testcase time="0.728999999999999" classname="fda_table_35" name="Table_35_generation_works_with_default_values"/>
    <testcase time="0.11999999999999" classname="fda_table_35" name="Table_35_generation_works_with_default_values">
      <skipped message="Reason: On CRAN ('test-fda-table_35.R:9:3')"/>
    </testcase>
    <testcase time="0.01400000000001" classname="fda_table_35" name="Table_35_generation_works_with_gtsummary_with_custom_values"/>
    <testcase time="0.0349999999999966" classname="fda_table_35" name="Table_35_generation_works_with_gtsummary_with_custom_values"/>
    <testcase time="0.0549999999999926" classname="fda_table_35" name="Table_35_generation_works_with_gtsummary_with_custom_values"/>
    <testcase time="0.0490000000000066" classname="fda_table_35" name="Table_35_generation_works_with_gtsummary_with_custom_values"/>
    <testcase time="0.0370000000000061" classname="fda_table_35" name="Table_35_generation_works_with_gtsummary_with_custom_values"/>
    <testcase time="0.60199999999999" classname="fda_table_35" name="Table_35_generation_works_with_gtsummary_with_custom_values"/>
    <testcase time="0.112000000000009" classname="fda_table_35" name="Table_35_generation_works_with_gtsummary_with_custom_values">
      <skipped message="Reason: On CRAN ('test-fda-table_35.R:28:3')"/>
    </testcase>
    <testcase time="0.0139999999999958" classname="fda_table_35" name="Table_35_generation_works_with_gtsummary_missing_values"/>
    <testcase time="0.034000000000006" classname="fda_table_35" name="Table_35_generation_works_with_gtsummary_missing_values"/>
    <testcase time="0.0529999999999973" classname="fda_table_35" name="Table_35_generation_works_with_gtsummary_missing_values"/>
    <testcase time="0.0390000000000015" classname="fda_table_35" name="Table_35_generation_works_with_gtsummary_missing_values"/>
    <testcase time="0.0389999999999873" classname="fda_table_35" name="Table_35_generation_works_with_gtsummary_missing_values"/>
    <testcase time="0.610000000000014" classname="fda_table_35" name="Table_35_generation_works_with_gtsummary_missing_values"/>
    <testcase time="0.123999999999995" classname="fda_table_35" name="Table_35_generation_works_with_gtsummary_missing_values">
      <skipped message="Reason: On CRAN ('test-fda-table_35.R:39:3')"/>
    </testcase>
    <testcase time="0.0139999999999958" classname="fda_table_35" name="Table_35_generation_works_with_custom_values"/>
    <testcase time="0.0349999999999966" classname="fda_table_35" name="Table_35_generation_works_with_custom_values"/>
    <testcase time="0.106999999999999" classname="fda_table_35" name="Table_35_generation_works_with_custom_values"/>
    <testcase time="0.0730000000000075" classname="fda_table_35" name="Table_35_generation_works_with_custom_values">
      <skipped message="Reason: On CRAN ('test-fda-table_35.R:72:3')"/>
    </testcase>
    <testcase time="0.0130000000000052" classname="fda_table_35" name="Table_35_generation_works_with_risk_difference_column"/>
    <testcase time="0.0349999999999966" classname="fda_table_35" name="Table_35_generation_works_with_risk_difference_column"/>
    <testcase time="0.106999999999999" classname="fda_table_35" name="Table_35_generation_works_with_risk_difference_column"/>
    <testcase time="0.063999999999993" classname="fda_table_35" name="Table_35_generation_works_with_risk_difference_column">
      <skipped message="Reason: On CRAN ('test-fda-table_35.R:80:3')"/>
    </testcase>
    <testcase time="0.0420000000000016" classname="fda_table_35" name="Table_35_generation_works_with_some_NA_values"/>
    <testcase time="0.0400000000000063" classname="fda_table_35" name="Table_35_generation_works_with_some_NA_values"/>
    <testcase time="0.0889999999999986" classname="fda_table_35" name="Table_35_generation_works_with_some_NA_values"/>
    <testcase time="0.0600000000000023" classname="fda_table_35" name="Table_35_generation_works_with_some_NA_values">
      <skipped message="Reason: On CRAN ('test-fda-table_35.R:91:3')"/>
    </testcase>
    <testcase time="0.0139999999999958" classname="fda_table_35" name="Table_35_generation_works_with_custom_values_SOC_variable_and_label_"/>
    <testcase time="0.0349999999999966" classname="fda_table_35" name="Table_35_generation_works_with_custom_values_SOC_variable_and_label_"/>
    <testcase time="0.109999999999999" classname="fda_table_35" name="Table_35_generation_works_with_custom_values_SOC_variable_and_label_"/>
    <testcase time="0.0670000000000073" classname="fda_table_35" name="Table_35_generation_works_with_custom_values_SOC_variable_and_label_">
      <skipped message="Reason: On CRAN ('test-fda-table_35.R:104:3')"/>
    </testcase>
    <testcase time="0.0139999999999958" classname="fda_table_35" name="Table_35_generation_works_with_pruning"/>
    <testcase time="0.0360000000000014" classname="fda_table_35" name="Table_35_generation_works_with_pruning"/>
    <testcase time="0.0870000000000033" classname="fda_table_35" name="Table_35_generation_works_with_pruning"/>
    <testcase time="0.0619999999999976" classname="fda_table_35" name="Table_35_generation_works_with_pruning">
      <skipped message="Reason: On CRAN ('test-fda-table_35.R:112:3')"/>
    </testcase>
  </testsuite>
  <testsuite name="fda-table_36" timestamp="2025-03-18T15:02:56Z" hostname="90aa7c78559a" tests="18" skipped="6" failures="0" errors="0" time="3.949">
    <testcase time="0.0489999999999924" classname="fda_table_36" name="Table_36_generation_works_with_default_values"/>
    <testcase time="0.341000000000008" classname="fda_table_36" name="Table_36_generation_works_with_default_values"/>
    <testcase time="0.194999999999993" classname="fda_table_36" name="Table_36_generation_works_with_default_values">
      <skipped message="Reason: On CRAN ('test-fda-table_36.R:8:3')"/>
    </testcase>
    <testcase time="0.0450000000000017" classname="fda_table_36" name="Table_36_generation_works_with_custom_values"/>
    <testcase time="0.38900000000001" classname="fda_table_36" name="Table_36_generation_works_with_custom_values"/>
    <testcase time="0.216999999999999" classname="fda_table_36" name="Table_36_generation_works_with_custom_values">
      <skipped message="Reason: On CRAN ('test-fda-table_36.R:39:3')"/>
    </testcase>
    <testcase time="0.0459999999999923" classname="fda_table_36" name="Table_36_generation_works_with_risk_difference_column"/>
    <testcase time="0.402000000000001" classname="fda_table_36" name="Table_36_generation_works_with_risk_difference_column"/>
    <testcase time="0.225000000000009" classname="fda_table_36" name="Table_36_generation_works_with_risk_difference_column">
      <skipped message="Reason: On CRAN ('test-fda-table_36.R:47:3')"/>
    </testcase>
    <testcase time="0.0459999999999923" classname="fda_table_36" name="Table_36_generation_works_with_some_NA_values"/>
    <testcase time="0.317999999999998" classname="fda_table_36" name="Table_36_generation_works_with_some_NA_values"/>
    <testcase time="0.192999999999998" classname="fda_table_36" name="Table_36_generation_works_with_some_NA_values">
      <skipped message="Reason: On CRAN ('test-fda-table_36.R:57:3')"/>
    </testcase>
    <testcase time="0.0450000000000017" classname="fda_table_36" name="Table_36_generation_works_with_custom_values_SOC_variable_and_label_"/>
    <testcase time="0.619" classname="fda_table_36" name="Table_36_generation_works_with_custom_values_SOC_variable_and_label_"/>
    <testcase time="0.350999999999999" classname="fda_table_36" name="Table_36_generation_works_with_custom_values_SOC_variable_and_label_">
      <skipped message="Reason: On CRAN ('test-fda-table_36.R:70:3')"/>
    </testcase>
    <testcase time="0.0450000000000017" classname="fda_table_36" name="Table_36_generation_works_with_pruning"/>
    <testcase time="0.329999999999998" classname="fda_table_36" name="Table_36_generation_works_with_pruning"/>
    <testcase time="0.0930000000000035" classname="fda_table_36" name="Table_36_generation_works_with_pruning">
      <skipped message="Reason: On CRAN ('test-fda-table_36.R:77:3')"/>
    </testcase>
  </testsuite>
  <testsuite name="fda-table_38" timestamp="2025-03-18T15:03:00Z" hostname="90aa7c78559a" tests="12" skipped="3" failures="0" errors="0" time="2.289">
    <testcase time="0.0210000000000008" classname="fda_table_38" name="Table_38_generation_works_with_default_values"/>
    <testcase time="0.0250000000000057" classname="fda_table_38" name="Table_38_generation_works_with_default_values"/>
    <testcase time="0.334999999999994" classname="fda_table_38" name="Table_38_generation_works_with_default_values"/>
    <testcase time="0.0960000000000036" classname="fda_table_38" name="Table_38_generation_works_with_default_values">
      <skipped message="Reason: On CRAN ('test-fda-table_38.R:18:3')"/>
    </testcase>
    <testcase time="0.0139999999999958" classname="fda_table_38" name="Table_38_generation_works_with_custom_values"/>
    <testcase time="0.0310000000000059" classname="fda_table_38" name="Table_38_generation_works_with_custom_values"/>
    <testcase time="0.935000000000002" classname="fda_table_38" name="Table_38_generation_works_with_custom_values"/>
    <testcase time="0.23899999999999" classname="fda_table_38" name="Table_38_generation_works_with_custom_values">
      <skipped message="Reason: On CRAN ('test-fda-table_38.R:48:3')"/>
    </testcase>
    <testcase time="0.0180000000000007" classname="fda_table_38" name="Table_38_generation_works_with_risk_difference_column"/>
    <testcase time="0.0279999999999916" classname="fda_table_38" name="Table_38_generation_works_with_risk_difference_column"/>
    <testcase time="0.431000000000012" classname="fda_table_38" name="Table_38_generation_works_with_risk_difference_column"/>
    <testcase time="0.116" classname="fda_table_38" name="Table_38_generation_works_with_risk_difference_column">
      <skipped message="Reason: On CRAN ('test-fda-table_38.R:56:3')"/>
    </testcase>
  </testsuite>
</testsuites>
