<?xml version="1.0" encoding="UTF-8"?>
<testsuites>
  <testsuite name="falcon" timestamp="2023-04-18T09:48:51Z" hostname="21699119e498" tests="1" skipped="0" failures="0" errors="0" time="0.03">
    <testcase time="0.0299999999999998" classname="falcon" name="dummy_test"/>
  </testsuite>
</testsuites>
