<?xml version="1.0" encoding="UTF-8"?>
<testsuites>
  <testsuite name="falcon" timestamp="2023-04-18T11:19:54Z" hostname="fd40b59082cd" tests="1" skipped="0" failures="0" errors="0" time="0.027">
    <testcase time="0.0270000000000001" classname="falcon" name="dummy_test"/>
  </testsuite>
</testsuites>
