<?xml version="1.0" encoding="UTF-8"?>
<testsuites>
  <testsuite name="falcon" timestamp="2023-04-18T07:02:30Z" hostname="d79913ae8676" tests="1" skipped="0" failures="0" errors="0" time="0.02">
    <testcase time="0.0199999999999998" classname="falcon" name="dummy_test"/>
  </testsuite>
</testsuites>
