<?xml version="1.0" encoding="UTF-8"?>
<testsuites>
  <testsuite name="falcon" timestamp="2023-04-18T13:26:19Z" hostname="da6935ffb6a7" tests="1" skipped="0" failures="0" errors="0" time="0.023">
    <testcase time="0.0229999999999997" classname="falcon" name="dummy_test"/>
  </testsuite>
</testsuites>
