<?xml version="1.0" encoding="UTF-8"?>
<testsuites>
  <testsuite name="falcon" timestamp="2023-04-25T09:58:53Z" hostname="a73c3e505232" tests="1" skipped="0" failures="0" errors="0" time="0.02">
    <testcase time="0.02" classname="falcon" name="dummy_test"/>
  </testsuite>
</testsuites>
