<?xml version="1.0" encoding="UTF-8"?>
<testsuites>
  <testsuite name="falcon" timestamp="2023-04-06T12:10:46Z" hostname="849a6d35d064" tests="1" skipped="0" failures="0" errors="0" time="0.023">
    <testcase time="0.0230000000000001" classname="falcon" name="dummy_test"/>
  </testsuite>
</testsuites>
