<?xml version="1.0" encoding="UTF-8"?>
<testsuites>
  <testsuite name="falcon" timestamp="2023-04-25T09:21:06Z" hostname="b32a8ccaa157" tests="1" skipped="0" failures="0" errors="0" time="0.022">
    <testcase time="0.0219999999999998" classname="falcon" name="dummy_test"/>
  </testsuite>
</testsuites>
