<?xml version="1.0" encoding="UTF-8"?>
<testsuites>
  <testsuite name="fda-fig_01" timestamp="2024-01-20T01:29:02Z" hostname="397f4c7c77cd" tests="6" skipped="3" failures="0" errors="0" time="1.653">
    <testcase time="0.281" classname="fda_fig_01" name="Figure_01_generation_works_with_default_values"/>
    <testcase time="0.678" classname="fda_fig_01" name="Figure_01_generation_works_with_default_values">
      <skipped message="Reason: On CRAN ('test-fda-fig_01.R:9:3')"/>
    </testcase>
    <testcase time="0.036" classname="fda_fig_01" name="Figure_01_generation_works_with_no_table"/>
    <testcase time="0.146" classname="fda_fig_01" name="Figure_01_generation_works_with_no_table">
      <skipped message="Reason: On CRAN ('test-fda-fig_01.R:15:3')"/>
    </testcase>
    <testcase time="0.0279999999999996" classname="fda_fig_01" name="Figure_01_generation_works_with_custom_values"/>
    <testcase time="0.484" classname="fda_fig_01" name="Figure_01_generation_works_with_custom_values">
      <skipped message="Reason: On CRAN ('test-fda-fig_01.R:28:3')"/>
    </testcase>
  </testsuite>
  <testsuite name="fda-table_02" timestamp="2024-01-20T01:29:03Z" hostname="397f4c7c77cd" tests="30" skipped="10" failures="0" errors="0" time="11.657">
    <testcase time="0.0419999999999998" classname="fda_table_02" name="Table_02_generation_works_with_default_values"/>
    <testcase time="0.325" classname="fda_table_02" name="Table_02_generation_works_with_default_values"/>
    <testcase time="0.157" classname="fda_table_02" name="Table_02_generation_works_with_default_values">
      <skipped message="Reason: On CRAN ('test-fda-table_02.R:9:3')"/>
    </testcase>
    <testcase time="0.0359999999999996" classname="fda_table_02" name="Table_02_generation_works_with_custom_values"/>
    <testcase time="0.284" classname="fda_table_02" name="Table_02_generation_works_with_custom_values"/>
    <testcase time="0.212000000000001" classname="fda_table_02" name="Table_02_generation_works_with_custom_values">
      <skipped message="Reason: On CRAN ('test-fda-table_02.R:38:3')"/>
    </testcase>
    <testcase time="0.0289999999999999" classname="fda_table_02" name="Table_02_generation_works_with_some_NA_values"/>
    <testcase time="0.0739999999999998" classname="fda_table_02" name="Table_02_generation_works_with_some_NA_values"/>
    <testcase time="0.0460000000000003" classname="fda_table_02" name="Table_02_generation_works_with_some_NA_values">
      <skipped message="Reason: On CRAN ('test-fda-table_02.R:50:3')"/>
    </testcase>
    <testcase time="0.0149999999999997" classname="fda_table_02" name="Table_02_generation_tplyr_works_with_default_values"/>
    <testcase time="1.22" classname="fda_table_02" name="Table_02_generation_tplyr_works_with_default_values"/>
    <testcase time="0.032" classname="fda_table_02" name="Table_02_generation_tplyr_works_with_default_values">
      <skipped message="Reason: On CRAN ('test-fda-table_02.R:59:3')"/>
    </testcase>
    <testcase time="0.0140000000000002" classname="fda_table_02" name="Table_02_generation_tplyr_works_with_tplyr_raw_TRUE"/>
    <testcase time="0.61" classname="fda_table_02" name="Table_02_generation_tplyr_works_with_tplyr_raw_TRUE"/>
    <testcase time="0.0169999999999995" classname="fda_table_02" name="Table_02_generation_tplyr_works_with_tplyr_raw_TRUE">
      <skipped message="Reason: On CRAN ('test-fda-table_02.R:68:3')"/>
    </testcase>
    <testcase time="0.0390000000000006" classname="fda_table_02" name="Table_02_generation_tplyr_works_with_custom_values"/>
    <testcase time="1.377" classname="fda_table_02" name="Table_02_generation_tplyr_works_with_custom_values"/>
    <testcase time="0.0170000000000012" classname="fda_table_02" name="Table_02_generation_tplyr_works_with_custom_values">
      <skipped message="Reason: On CRAN ('test-fda-table_02.R:95:3')"/>
    </testcase>
    <testcase time="0.0280000000000005" classname="fda_table_02" name="Table_02_generation_tplyr_works_with_some_NA_values"/>
    <testcase time="0.475999999999999" classname="fda_table_02" name="Table_02_generation_tplyr_works_with_some_NA_values"/>
    <testcase time="0.016" classname="fda_table_02" name="Table_02_generation_tplyr_works_with_some_NA_values">
      <skipped message="Reason: On CRAN ('test-fda-table_02.R:112:3')"/>
    </testcase>
    <testcase time="0.0150000000000006" classname="fda_table_02" name="Table_02_generation_gtsum_works_with_default_values"/>
    <testcase time="2.511" classname="fda_table_02" name="Table_02_generation_gtsum_works_with_default_values"/>
    <testcase time="0.0229999999999997" classname="fda_table_02" name="Table_02_generation_gtsum_works_with_default_values">
      <skipped message="Reason: On CRAN ('test-fda-table_02.R:121:3')"/>
    </testcase>
    <testcase time="0.0340000000000007" classname="fda_table_02" name="Table_02_generation_gtsum_works_with_custom_values"/>
    <testcase time="2.78" classname="fda_table_02" name="Table_02_generation_gtsum_works_with_custom_values"/>
    <testcase time="0.0230000000000015" classname="fda_table_02" name="Table_02_generation_gtsum_works_with_custom_values">
      <skipped message="Reason: On CRAN ('test-fda-table_02.R:139:3')"/>
    </testcase>
    <testcase time="0.0279999999999987" classname="fda_table_02" name="Table_02_generation_gtsum_works_with_some_NA_values"/>
    <testcase time="1.155" classname="fda_table_02" name="Table_02_generation_gtsum_works_with_some_NA_values"/>
    <testcase time="0.0219999999999985" classname="fda_table_02" name="Table_02_generation_gtsum_works_with_some_NA_values">
      <skipped message="Reason: On CRAN ('test-fda-table_02.R:153:3')"/>
    </testcase>
  </testsuite>
  <testsuite name="fda-table_03" timestamp="2024-01-20T01:29:15Z" hostname="397f4c7c77cd" tests="8" skipped="2" failures="0" errors="0" time="0.606">
    <testcase time="0.0310000000000006" classname="fda_table_03" name="Table_3_generation_works_with_default_values"/>
    <testcase time="0.00200000000000067" classname="fda_table_03" name="Table_3_generation_works_with_default_values"/>
    <testcase time="0.218" classname="fda_table_03" name="Table_3_generation_works_with_default_values"/>
    <testcase time="0.0540000000000003" classname="fda_table_03" name="Table_3_generation_works_with_default_values">
      <skipped message="Reason: On CRAN ('test-fda-table_03.R:21:3')"/>
    </testcase>
    <testcase time="0.0139999999999993" classname="fda_table_03" name="Table_3_generation_works_with_custom_values"/>
    <testcase time="0.000999999999999446" classname="fda_table_03" name="Table_3_generation_works_with_custom_values"/>
    <testcase time="0.224" classname="fda_table_03" name="Table_3_generation_works_with_custom_values"/>
    <testcase time="0.0620000000000012" classname="fda_table_03" name="Table_3_generation_works_with_custom_values">
      <skipped message="Reason: On CRAN ('test-fda-table_03.R:41:3')"/>
    </testcase>
  </testsuite>
  <testsuite name="fda-table_04" timestamp="2024-01-20T01:29:15Z" hostname="397f4c7c77cd" tests="9" skipped="2" failures="0" errors="0" time="0.635">
    <testcase time="0.0229999999999997" classname="fda_table_04" name="Table_04_generation_works_with_default_values"/>
    <testcase time="0.218" classname="fda_table_04" name="Table_04_generation_works_with_default_values"/>
    <testcase time="0.0749999999999993" classname="fda_table_04" name="Table_04_generation_works_with_default_values">
      <skipped message="Reason: On CRAN ('test-fda-table_04.R:18:3')"/>
    </testcase>
    <testcase time="0.0150000000000006" classname="fda_table_04" name="Table_04_generation_works_with_custom_values"/>
    <testcase time="0.00100000000000122" classname="fda_table_04" name="Table_04_generation_works_with_custom_values"/>
    <testcase time="0.000999999999997669" classname="fda_table_04" name="Table_04_generation_works_with_custom_values"/>
    <testcase time="0.00200000000000244" classname="fda_table_04" name="Table_04_generation_works_with_custom_values"/>
    <testcase time="0.225999999999999" classname="fda_table_04" name="Table_04_generation_works_with_custom_values"/>
    <testcase time="0.0739999999999981" classname="fda_table_04" name="Table_04_generation_works_with_custom_values">
      <skipped message="Reason: On CRAN ('test-fda-table_04.R:46:3')"/>
    </testcase>
  </testsuite>
  <testsuite name="fda-table_05" timestamp="2024-01-20T01:29:16Z" hostname="397f4c7c77cd" tests="12" skipped="4" failures="0" errors="0" time="0.982">
    <testcase time="0.0199999999999996" classname="fda_table_05" name="Table_05_generation_works_with_default_values"/>
    <testcase time="0.150000000000002" classname="fda_table_05" name="Table_05_generation_works_with_default_values"/>
    <testcase time="0.0620000000000012" classname="fda_table_05" name="Table_05_generation_works_with_default_values">
      <skipped message="Reason: On CRAN ('test-fda-table_05.R:10:3')"/>
    </testcase>
    <testcase time="0.0139999999999993" classname="fda_table_05" name="Table_05_generation_works_with_custom_values"/>
    <testcase time="0.169999999999998" classname="fda_table_05" name="Table_05_generation_works_with_custom_values"/>
    <testcase time="0.0730000000000004" classname="fda_table_05" name="Table_05_generation_works_with_custom_values">
      <skipped message="Reason: On CRAN ('test-fda-table_05.R:34:3')"/>
    </testcase>
    <testcase time="0.0160000000000018" classname="fda_table_05" name="Table_05_generation_works_with_NA_values_pruned_rows"/>
    <testcase time="0.140999999999998" classname="fda_table_05" name="Table_05_generation_works_with_NA_values_pruned_rows"/>
    <testcase time="0.0620000000000012" classname="fda_table_05" name="Table_05_generation_works_with_NA_values_pruned_rows">
      <skipped message="Reason: On CRAN ('test-fda-table_05.R:44:3')"/>
    </testcase>
    <testcase time="0.0189999999999984" classname="fda_table_05" name="Table_05_generation_works_with_risk_difference_column"/>
    <testcase time="0.165000000000003" classname="fda_table_05" name="Table_05_generation_works_with_risk_difference_column"/>
    <testcase time="0.0899999999999999" classname="fda_table_05" name="Table_05_generation_works_with_risk_difference_column">
      <skipped message="Reason: On CRAN ('test-fda-table_05.R:57:3')"/>
    </testcase>
  </testsuite>
  <testsuite name="fda-table_06" timestamp="2024-01-20T01:29:17Z" hostname="397f4c7c77cd" tests="15" skipped="3" failures="0" errors="0" time="1.679">
    <testcase time="0.0189999999999984" classname="fda_table_06" name="Table_06_generation_works_with_default_values"/>
    <testcase time="0.00100000000000122" classname="fda_table_06" name="Table_06_generation_works_with_default_values"/>
    <testcase time="0.0380000000000003" classname="fda_table_06" name="Table_06_generation_works_with_default_values"/>
    <testcase time="0.328999999999997" classname="fda_table_06" name="Table_06_generation_works_with_default_values"/>
    <testcase time="0.0850000000000009" classname="fda_table_06" name="Table_06_generation_works_with_default_values">
      <skipped message="Reason: On CRAN ('test-fda-table_06.R:8:3')"/>
    </testcase>
    <testcase time="0.0150000000000006" classname="fda_table_06" name="Table_06_generation_works_with_custom_values"/>
    <testcase time="0.00199999999999889" classname="fda_table_06" name="Table_06_generation_works_with_custom_values"/>
    <testcase time="0.0450000000000017" classname="fda_table_06" name="Table_06_generation_works_with_custom_values"/>
    <testcase time="0.441999999999997" classname="fda_table_06" name="Table_06_generation_works_with_custom_values"/>
    <testcase time="0.123000000000001" classname="fda_table_06" name="Table_06_generation_works_with_custom_values">
      <skipped message="Reason: On CRAN ('test-fda-table_06.R:40:3')"/>
    </testcase>
    <testcase time="0.0180000000000007" classname="fda_table_06" name="Table_06_generation_works_with_risk_difference_column"/>
    <testcase time="0.00199999999999889" classname="fda_table_06" name="Table_06_generation_works_with_risk_difference_column"/>
    <testcase time="0.0380000000000003" classname="fda_table_06" name="Table_06_generation_works_with_risk_difference_column"/>
    <testcase time="0.417999999999999" classname="fda_table_06" name="Table_06_generation_works_with_risk_difference_column"/>
    <testcase time="0.104000000000003" classname="fda_table_06" name="Table_06_generation_works_with_risk_difference_column">
      <skipped message="Reason: On CRAN ('test-fda-table_06.R:48:3')"/>
    </testcase>
  </testsuite>
  <testsuite name="fda-table_07" timestamp="2024-01-20T01:29:19Z" hostname="397f4c7c77cd" tests="24" skipped="4" failures="0" errors="0" time="1.798">
    <testcase time="0.0229999999999997" classname="fda_table_07" name="Table_07_generation_works_with_default_values"/>
    <testcase time="0.000999999999997669" classname="fda_table_07" name="Table_07_generation_works_with_default_values"/>
    <testcase time="0.00200000000000244" classname="fda_table_07" name="Table_07_generation_works_with_default_values"/>
    <testcase time="0.0269999999999975" classname="fda_table_07" name="Table_07_generation_works_with_default_values"/>
    <testcase time="0.238000000000003" classname="fda_table_07" name="Table_07_generation_works_with_default_values"/>
    <testcase time="0.113" classname="fda_table_07" name="Table_07_generation_works_with_default_values">
      <skipped message="Reason: On CRAN ('test-fda-table_07.R:13:3')"/>
    </testcase>
    <testcase time="0.0150000000000006" classname="fda_table_07" name="Table_07_generation_works_with_custom_values"/>
    <testcase time="0.00199999999999889" classname="fda_table_07" name="Table_07_generation_works_with_custom_values"/>
    <testcase time="0.000999999999997669" classname="fda_table_07" name="Table_07_generation_works_with_custom_values"/>
    <testcase time="0.0289999999999999" classname="fda_table_07" name="Table_07_generation_works_with_custom_values"/>
    <testcase time="0.345000000000002" classname="fda_table_07" name="Table_07_generation_works_with_custom_values"/>
    <testcase time="0.134999999999998" classname="fda_table_07" name="Table_07_generation_works_with_custom_values">
      <skipped message="Reason: On CRAN ('test-fda-table_07.R:42:3')"/>
    </testcase>
    <testcase time="0.0150000000000006" classname="fda_table_07" name="Table_07_generation_works_with_NA_values_pruned_rows"/>
    <testcase time="0.00100000000000122" classname="fda_table_07" name="Table_07_generation_works_with_NA_values_pruned_rows"/>
    <testcase time="0.00199999999999889" classname="fda_table_07" name="Table_07_generation_works_with_NA_values_pruned_rows"/>
    <testcase time="0.027000000000001" classname="fda_table_07" name="Table_07_generation_works_with_NA_values_pruned_rows"/>
    <testcase time="0.241" classname="fda_table_07" name="Table_07_generation_works_with_NA_values_pruned_rows"/>
    <testcase time="0.109999999999999" classname="fda_table_07" name="Table_07_generation_works_with_NA_values_pruned_rows">
      <skipped message="Reason: On CRAN ('test-fda-table_07.R:52:3')"/>
    </testcase>
    <testcase time="0.0150000000000006" classname="fda_table_07" name="Table_07_generation_works_with_risk_difference_column"/>
    <testcase time="0.00199999999999889" classname="fda_table_07" name="Table_07_generation_works_with_risk_difference_column"/>
    <testcase time="0.00100000000000122" classname="fda_table_07" name="Table_07_generation_works_with_risk_difference_column"/>
    <testcase time="0.027000000000001" classname="fda_table_07" name="Table_07_generation_works_with_risk_difference_column"/>
    <testcase time="0.299999999999997" classname="fda_table_07" name="Table_07_generation_works_with_risk_difference_column"/>
    <testcase time="0.126000000000001" classname="fda_table_07" name="Table_07_generation_works_with_risk_difference_column">
      <skipped message="Reason: On CRAN ('test-fda-table_07.R:65:3')"/>
    </testcase>
  </testsuite>
  <testsuite name="fda-table_08" timestamp="2024-01-20T01:29:20Z" hostname="397f4c7c77cd" tests="8" skipped="2" failures="0" errors="0" time="0.429">
    <testcase time="0.0199999999999996" classname="fda_table_08" name="Table_08_generation_works_with_default_values"/>
    <testcase time="0.00100000000000122" classname="fda_table_08" name="Table_08_generation_works_with_default_values"/>
    <testcase time="0.0359999999999978" classname="fda_table_08" name="Table_08_generation_works_with_default_values"/>
    <testcase time="0.145" classname="fda_table_08" name="Table_08_generation_works_with_default_values">
      <skipped message="Reason: On CRAN ('test-fda-table_08.R:10:3')"/>
    </testcase>
    <testcase time="0.0150000000000006" classname="fda_table_08" name="Table_08_generation_works_with_custom_values"/>
    <testcase time="0.00199999999999889" classname="fda_table_08" name="Table_08_generation_works_with_custom_values"/>
    <testcase time="0.0310000000000024" classname="fda_table_08" name="Table_08_generation_works_with_custom_values"/>
    <testcase time="0.178999999999998" classname="fda_table_08" name="Table_08_generation_works_with_custom_values">
      <skipped message="Reason: On CRAN ('test-fda-table_08.R:31:3')"/>
    </testcase>
  </testsuite>
  <testsuite name="fda-table_09" timestamp="2024-01-20T01:29:21Z" hostname="397f4c7c77cd" tests="16" skipped="5" failures="0" errors="0" time="1.427">
    <testcase time="0.0199999999999996" classname="fda_table_09" name="Table_09_generation_works_with_default_values"/>
    <testcase time="0.027000000000001" classname="fda_table_09" name="Table_09_generation_works_with_default_values"/>
    <testcase time="0.228999999999999" classname="fda_table_09" name="Table_09_generation_works_with_default_values"/>
    <testcase time="0.054000000000002" classname="fda_table_09" name="Table_09_generation_works_with_default_values">
      <skipped message="Reason: On CRAN ('test-fda-table_09.R:8:3')"/>
    </testcase>
    <testcase time="0.0139999999999993" classname="fda_table_09" name="Table_09_generation_works_with_custom_values"/>
    <testcase time="0.027000000000001" classname="fda_table_09" name="Table_09_generation_works_with_custom_values"/>
    <testcase time="0.276999999999997" classname="fda_table_09" name="Table_09_generation_works_with_custom_values"/>
    <testcase time="0.0600000000000023" classname="fda_table_09" name="Table_09_generation_works_with_custom_values">
      <skipped message="Reason: On CRAN ('test-fda-table_09.R:39:3')"/>
    </testcase>
    <testcase time="0.0150000000000006" classname="fda_table_09" name="Table_09_gt_generation_works_with_risk_difference_column"/>
    <testcase time="0.0269999999999975" classname="fda_table_09" name="Table_09_gt_generation_works_with_risk_difference_column"/>
    <testcase time="0.284000000000002" classname="fda_table_09" name="Table_09_gt_generation_works_with_risk_difference_column"/>
    <testcase time="0.0609999999999999" classname="fda_table_09" name="Table_09_gt_generation_works_with_risk_difference_column">
      <skipped message="Reason: On CRAN ('test-fda-table_09.R:47:3')"/>
    </testcase>
    <testcase time="0.014999999999997" classname="fda_table_09" name="Table_09_gt_generation_works_with_default_values"/>
    <testcase time="0.124000000000002" classname="fda_table_09" name="Table_09_gt_generation_works_with_default_values">
      <skipped message="Reason: On CRAN ('test-fda-table_09.R:60:3')"/>
    </testcase>
    <testcase time="0.0139999999999993" classname="fda_table_09" name="Table_09_gt_generation_works_with_custom_values"/>
    <testcase time="0.178999999999998" classname="fda_table_09" name="Table_09_gt_generation_works_with_custom_values">
      <skipped message="Reason: On CRAN ('test-fda-table_09.R:88:3')"/>
    </testcase>
  </testsuite>
  <testsuite name="fda-table_10" timestamp="2024-01-20T01:29:22Z" hostname="397f4c7c77cd" tests="15" skipped="3" failures="0" errors="0" time="1.255">
    <testcase time="0.022000000000002" classname="fda_table_10" name="Table_10_generation_works_with_default_values"/>
    <testcase time="0.000999999999997669" classname="fda_table_10" name="Table_10_generation_works_with_default_values"/>
    <testcase time="0.027000000000001" classname="fda_table_10" name="Table_10_generation_works_with_default_values"/>
    <testcase time="0.256" classname="fda_table_10" name="Table_10_generation_works_with_default_values"/>
    <testcase time="0.112000000000002" classname="fda_table_10" name="Table_10_generation_works_with_default_values">
      <skipped message="Reason: On CRAN ('test-fda-table_10.R:17:3')"/>
    </testcase>
    <testcase time="0.014999999999997" classname="fda_table_10" name="Table_10_generation_works_with_custom_values"/>
    <testcase time="0.00100000000000122" classname="fda_table_10" name="Table_10_generation_works_with_custom_values"/>
    <testcase time="0.0249999999999986" classname="fda_table_10" name="Table_10_generation_works_with_custom_values"/>
    <testcase time="0.253" classname="fda_table_10" name="Table_10_generation_works_with_custom_values"/>
    <testcase time="0.0480000000000018" classname="fda_table_10" name="Table_10_generation_works_with_custom_values">
      <skipped message="Reason: On CRAN ('test-fda-table_10.R:52:3')"/>
    </testcase>
    <testcase time="0.0139999999999993" classname="fda_table_10" name="Table_10_generation_works_with_risk_difference_column"/>
    <testcase time="0.00100000000000122" classname="fda_table_10" name="Table_10_generation_works_with_risk_difference_column"/>
    <testcase time="0.0279999999999987" classname="fda_table_10" name="Table_10_generation_works_with_risk_difference_column"/>
    <testcase time="0.326000000000001" classname="fda_table_10" name="Table_10_generation_works_with_risk_difference_column"/>
    <testcase time="0.126000000000001" classname="fda_table_10" name="Table_10_generation_works_with_risk_difference_column">
      <skipped message="Reason: On CRAN ('test-fda-table_10.R:60:3')"/>
    </testcase>
  </testsuite>
  <testsuite name="fda-table_11" timestamp="2024-01-20T01:29:23Z" hostname="397f4c7c77cd" tests="12" skipped="3" failures="0" errors="0" time="1.942">
    <testcase time="0.0229999999999997" classname="fda_table_11" name="Table_11_generation_works_with_default_values"/>
    <testcase time="0.0329999999999977" classname="fda_table_11" name="Table_11_generation_works_with_default_values"/>
    <testcase time="0.449000000000002" classname="fda_table_11" name="Table_11_generation_works_with_default_values"/>
    <testcase time="0.120000000000001" classname="fda_table_11" name="Table_11_generation_works_with_default_values">
      <skipped message="Reason: On CRAN ('test-fda-table_11.R:18:3')"/>
    </testcase>
    <testcase time="0.014999999999997" classname="fda_table_11" name="Table_11_generation_works_with_custom_values"/>
    <testcase time="0.0400000000000027" classname="fda_table_11" name="Table_11_generation_works_with_custom_values"/>
    <testcase time="0.427" classname="fda_table_11" name="Table_11_generation_works_with_custom_values"/>
    <testcase time="0.0579999999999998" classname="fda_table_11" name="Table_11_generation_works_with_custom_values">
      <skipped message="Reason: On CRAN ('test-fda-table_11.R:48:3')"/>
    </testcase>
    <testcase time="0.0150000000000006" classname="fda_table_11" name="Table_11_generation_works_with_risk_difference_column"/>
    <testcase time="0.0440000000000005" classname="fda_table_11" name="Table_11_generation_works_with_risk_difference_column"/>
    <testcase time="0.573999999999998" classname="fda_table_11" name="Table_11_generation_works_with_risk_difference_column"/>
    <testcase time="0.144000000000002" classname="fda_table_11" name="Table_11_generation_works_with_risk_difference_column">
      <skipped message="Reason: On CRAN ('test-fda-table_11.R:56:3')"/>
    </testcase>
  </testsuite>
  <testsuite name="fda-table_12" timestamp="2024-01-20T01:29:25Z" hostname="397f4c7c77cd" tests="12" skipped="3" failures="0" errors="0" time="2.427">
    <testcase time="0.0189999999999984" classname="fda_table_12" name="Table_12_generation_works_with_default_values"/>
    <testcase time="0.0339999999999989" classname="fda_table_12" name="Table_12_generation_works_with_default_values"/>
    <testcase time="0.596" classname="fda_table_12" name="Table_12_generation_works_with_default_values"/>
    <testcase time="0.104000000000003" classname="fda_table_12" name="Table_12_generation_works_with_default_values">
      <skipped message="Reason: On CRAN ('test-fda-table_12.R:9:3')"/>
    </testcase>
    <testcase time="0.014999999999997" classname="fda_table_12" name="Table_12_generation_works_with_custom_values"/>
    <testcase time="0.0340000000000025" classname="fda_table_12" name="Table_12_generation_works_with_custom_values"/>
    <testcase time="0.603999999999999" classname="fda_table_12" name="Table_12_generation_works_with_custom_values"/>
    <testcase time="0.0949999999999989" classname="fda_table_12" name="Table_12_generation_works_with_custom_values">
      <skipped message="Reason: On CRAN ('test-fda-table_12.R:39:3')"/>
    </testcase>
    <testcase time="0.0150000000000006" classname="fda_table_12" name="Table_12_generation_works_with_risk_difference_column"/>
    <testcase time="0.0450000000000017" classname="fda_table_12" name="Table_12_generation_works_with_risk_difference_column"/>
    <testcase time="0.748999999999999" classname="fda_table_12" name="Table_12_generation_works_with_risk_difference_column"/>
    <testcase time="0.117000000000001" classname="fda_table_12" name="Table_12_generation_works_with_risk_difference_column">
      <skipped message="Reason: On CRAN ('test-fda-table_12.R:47:3')"/>
    </testcase>
  </testsuite>
  <testsuite name="fda-table_13" timestamp="2024-01-20T01:29:28Z" hostname="397f4c7c77cd" tests="12" skipped="3" failures="0" errors="0" time="0.841">
    <testcase time="0.0180000000000007" classname="fda_table_13" name="Table_13_generation_works_with_default_values"/>
    <testcase time="0.0349999999999966" classname="fda_table_13" name="Table_13_generation_works_with_default_values"/>
    <testcase time="0.0940000000000012" classname="fda_table_13" name="Table_13_generation_works_with_default_values"/>
    <testcase time="0.0629999999999988" classname="fda_table_13" name="Table_13_generation_works_with_default_values">
      <skipped message="Reason: On CRAN ('test-fda-table_13.R:8:3')"/>
    </testcase>
    <testcase time="0.017000000000003" classname="fda_table_13" name="Table_13_generation_works_with_custom_values"/>
    <testcase time="0.0329999999999977" classname="fda_table_13" name="Table_13_generation_works_with_custom_values"/>
    <testcase time="0.326000000000001" classname="fda_table_13" name="Table_13_generation_works_with_custom_values"/>
    <testcase time="0.0399999999999991" classname="fda_table_13" name="Table_13_generation_works_with_custom_values">
      <skipped message="Reason: On CRAN ('test-fda-table_13.R:38:3')"/>
    </testcase>
    <testcase time="0.0140000000000029" classname="fda_table_13" name="Table_13_generation_works_with_risk_difference_column"/>
    <testcase time="0.0329999999999977" classname="fda_table_13" name="Table_13_generation_works_with_risk_difference_column"/>
    <testcase time="0.105" classname="fda_table_13" name="Table_13_generation_works_with_risk_difference_column"/>
    <testcase time="0.0629999999999988" classname="fda_table_13" name="Table_13_generation_works_with_risk_difference_column">
      <skipped message="Reason: On CRAN ('test-fda-table_13.R:46:3')"/>
    </testcase>
  </testsuite>
  <testsuite name="fda-table_14" timestamp="2024-01-20T01:29:29Z" hostname="397f4c7c77cd" tests="13" skipped="4" failures="0" errors="0" time="2.248">
    <testcase time="0.0250000000000021" classname="fda_table_14" name="Table_14_generation_works_with_default_values"/>
    <testcase time="0.375" classname="fda_table_14" name="Table_14_generation_works_with_default_values"/>
    <testcase time="0.128" classname="fda_table_14" name="Table_14_generation_works_with_default_values">
      <skipped message="Reason: On CRAN ('test-fda-table_14.R:16:3')"/>
    </testcase>
    <testcase time="0.0150000000000006" classname="fda_table_14" name="Table_14_generation_works_with_custom_values"/>
    <testcase time="0.0329999999999977" classname="fda_table_14" name="Table_14_generation_works_with_custom_values"/>
    <testcase time="0.394000000000002" classname="fda_table_14" name="Table_14_generation_works_with_custom_values"/>
    <testcase time="0.126999999999999" classname="fda_table_14" name="Table_14_generation_works_with_custom_values">
      <skipped message="Reason: On CRAN ('test-fda-table_14.R:46:3')"/>
    </testcase>
    <testcase time="0.0150000000000006" classname="fda_table_14" name="Table_14_generation_works_with_NA_values_pruned_rows"/>
    <testcase time="0.382999999999999" classname="fda_table_14" name="Table_14_generation_works_with_NA_values_pruned_rows"/>
    <testcase time="0.100000000000001" classname="fda_table_14" name="Table_14_generation_works_with_NA_values_pruned_rows">
      <skipped message="Reason: On CRAN ('test-fda-table_14.R:53:3')"/>
    </testcase>
    <testcase time="0.0139999999999993" classname="fda_table_14" name="Table_14_generation_works_with_risk_difference_column"/>
    <testcase time="0.491" classname="fda_table_14" name="Table_14_generation_works_with_risk_difference_column"/>
    <testcase time="0.148" classname="fda_table_14" name="Table_14_generation_works_with_risk_difference_column">
      <skipped message="Reason: On CRAN ('test-fda-table_14.R:61:3')"/>
    </testcase>
  </testsuite>
  <testsuite name="fda-table_15" timestamp="2024-01-20T01:29:31Z" hostname="397f4c7c77cd" tests="16" skipped="4" failures="0" errors="0" time="1.352">
    <testcase time="0.022000000000002" classname="fda_table_15" name="Table_15_generation_works_with_default_values"/>
    <testcase time="0.0279999999999987" classname="fda_table_15" name="Table_15_generation_works_with_default_values"/>
    <testcase time="0.187000000000001" classname="fda_table_15" name="Table_15_generation_works_with_default_values"/>
    <testcase time="0.0899999999999999" classname="fda_table_15" name="Table_15_generation_works_with_default_values">
      <skipped message="Reason: On CRAN ('test-fda-table_15.R:19:3')"/>
    </testcase>
    <testcase time="0.014999999999997" classname="fda_table_15" name="Table_15_generation_works_with_custom_values"/>
    <testcase time="0.0289999999999999" classname="fda_table_15" name="Table_15_generation_works_with_custom_values"/>
    <testcase time="0.189000000000004" classname="fda_table_15" name="Table_15_generation_works_with_custom_values"/>
    <testcase time="0.088000000000001" classname="fda_table_15" name="Table_15_generation_works_with_custom_values">
      <skipped message="Reason: On CRAN ('test-fda-table_15.R:51:3')"/>
    </testcase>
    <testcase time="0.0150000000000006" classname="fda_table_15" name="Table_15_generation_works_with_NA_values_pruned_rows"/>
    <testcase time="0.0289999999999964" classname="fda_table_15" name="Table_15_generation_works_with_NA_values_pruned_rows"/>
    <testcase time="0.188000000000002" classname="fda_table_15" name="Table_15_generation_works_with_NA_values_pruned_rows"/>
    <testcase time="0.0829999999999984" classname="fda_table_15" name="Table_15_generation_works_with_NA_values_pruned_rows">
      <skipped message="Reason: On CRAN ('test-fda-table_15.R:58:3')"/>
    </testcase>
    <testcase time="0.019999999999996" classname="fda_table_15" name="Table_15_generation_works_with_risk_difference_column"/>
    <testcase time="0.0280000000000058" classname="fda_table_15" name="Table_15_generation_works_with_risk_difference_column"/>
    <testcase time="0.236999999999995" classname="fda_table_15" name="Table_15_generation_works_with_risk_difference_column"/>
    <testcase time="0.104000000000006" classname="fda_table_15" name="Table_15_generation_works_with_risk_difference_column">
      <skipped message="Reason: On CRAN ('test-fda-table_15.R:66:3')"/>
    </testcase>
  </testsuite>
  <testsuite name="fda-table_16" timestamp="2024-01-20T01:29:32Z" hostname="397f4c7c77cd" tests="16" skipped="4" failures="0" errors="0" time="1.143">
    <testcase time="0.0219999999999985" classname="fda_table_16" name="Table_16_generation_works_with_default_values"/>
    <testcase time="0.0259999999999962" classname="fda_table_16" name="Table_16_generation_works_with_default_values"/>
    <testcase time="0.188000000000002" classname="fda_table_16" name="Table_16_generation_works_with_default_values"/>
    <testcase time="0.0399999999999991" classname="fda_table_16" name="Table_16_generation_works_with_default_values">
      <skipped message="Reason: On CRAN ('test-fda-table_16.R:19:3')"/>
    </testcase>
    <testcase time="0.0140000000000029" classname="fda_table_16" name="Table_16_generation_works_with_custom_values"/>
    <testcase time="0.0269999999999939" classname="fda_table_16" name="Table_16_generation_works_with_custom_values"/>
    <testcase time="0.189" classname="fda_table_16" name="Table_16_generation_works_with_custom_values"/>
    <testcase time="0.0490000000000066" classname="fda_table_16" name="Table_16_generation_works_with_custom_values">
      <skipped message="Reason: On CRAN ('test-fda-table_16.R:51:3')"/>
    </testcase>
    <testcase time="0.0129999999999981" classname="fda_table_16" name="Table_16_generation_works_with_NA_values_pruned_rows"/>
    <testcase time="0.0259999999999962" classname="fda_table_16" name="Table_16_generation_works_with_NA_values_pruned_rows"/>
    <testcase time="0.188000000000002" classname="fda_table_16" name="Table_16_generation_works_with_NA_values_pruned_rows"/>
    <testcase time="0.0439999999999969" classname="fda_table_16" name="Table_16_generation_works_with_NA_values_pruned_rows">
      <skipped message="Reason: On CRAN ('test-fda-table_16.R:58:3')"/>
    </testcase>
    <testcase time="0.0140000000000029" classname="fda_table_16" name="Table_16_generation_works_with_risk_difference_column"/>
    <testcase time="0.0260000000000034" classname="fda_table_16" name="Table_16_generation_works_with_risk_difference_column"/>
    <testcase time="0.231999999999999" classname="fda_table_16" name="Table_16_generation_works_with_risk_difference_column"/>
    <testcase time="0.0449999999999946" classname="fda_table_16" name="Table_16_generation_works_with_risk_difference_column">
      <skipped message="Reason: On CRAN ('test-fda-table_16.R:66:3')"/>
    </testcase>
  </testsuite>
  <testsuite name="fda-table_17" timestamp="2024-01-20T01:29:33Z" hostname="397f4c7c77cd" tests="16" skipped="4" failures="0" errors="0" time="2.071">
    <testcase time="0.0220000000000056" classname="fda_table_17" name="Table_17_generation_works_with_default_values"/>
    <testcase time="0.0309999999999988" classname="fda_table_17" name="Table_17_generation_works_with_default_values"/>
    <testcase time="0.296999999999997" classname="fda_table_17" name="Table_17_generation_works_with_default_values"/>
    <testcase time="0.152999999999999" classname="fda_table_17" name="Table_17_generation_works_with_default_values">
      <skipped message="Reason: On CRAN ('test-fda-table_17.R:25:3')"/>
    </testcase>
    <testcase time="0.0140000000000029" classname="fda_table_17" name="Table_17_generation_works_with_custom_values"/>
    <testcase time="0.0309999999999988" classname="fda_table_17" name="Table_17_generation_works_with_custom_values"/>
    <testcase time="0.303000000000004" classname="fda_table_17" name="Table_17_generation_works_with_custom_values"/>
    <testcase time="0.153999999999996" classname="fda_table_17" name="Table_17_generation_works_with_custom_values">
      <skipped message="Reason: On CRAN ('test-fda-table_17.R:57:3')"/>
    </testcase>
    <testcase time="0.0140000000000029" classname="fda_table_17" name="Table_17_generation_works_with_NA_values_pruned_rows"/>
    <testcase time="0.0300000000000011" classname="fda_table_17" name="Table_17_generation_works_with_NA_values_pruned_rows"/>
    <testcase time="0.298999999999999" classname="fda_table_17" name="Table_17_generation_works_with_NA_values_pruned_rows"/>
    <testcase time="0.144999999999996" classname="fda_table_17" name="Table_17_generation_works_with_NA_values_pruned_rows">
      <skipped message="Reason: On CRAN ('test-fda-table_17.R:64:3')"/>
    </testcase>
    <testcase time="0.0219999999999985" classname="fda_table_17" name="Table_17_generation_works_with_risk_difference_column"/>
    <testcase time="0.0300000000000011" classname="fda_table_17" name="Table_17_generation_works_with_risk_difference_column"/>
    <testcase time="0.355000000000004" classname="fda_table_17" name="Table_17_generation_works_with_risk_difference_column"/>
    <testcase time="0.170999999999999" classname="fda_table_17" name="Table_17_generation_works_with_risk_difference_column">
      <skipped message="Reason: On CRAN ('test-fda-table_17.R:72:3')"/>
    </testcase>
  </testsuite>
  <testsuite name="fda-table_18" timestamp="2024-01-20T01:29:35Z" hostname="397f4c7c77cd" tests="16" skipped="4" failures="0" errors="0" time="1.721">
    <testcase time="0.0219999999999985" classname="fda_table_18" name="Table_18_generation_works_with_default_values"/>
    <testcase time="0.0259999999999962" classname="fda_table_18" name="Table_18_generation_works_with_default_values"/>
    <testcase time="0.309000000000005" classname="fda_table_18" name="Table_18_generation_works_with_default_values"/>
    <testcase time="0.0619999999999976" classname="fda_table_18" name="Table_18_generation_works_with_default_values">
      <skipped message="Reason: On CRAN ('test-fda-table_18.R:25:3')"/>
    </testcase>
    <testcase time="0.0150000000000006" classname="fda_table_18" name="Table_18_generation_works_with_custom_values"/>
    <testcase time="0.027000000000001" classname="fda_table_18" name="Table_18_generation_works_with_custom_values"/>
    <testcase time="0.308" classname="fda_table_18" name="Table_18_generation_works_with_custom_values"/>
    <testcase time="0.0619999999999976" classname="fda_table_18" name="Table_18_generation_works_with_custom_values">
      <skipped message="Reason: On CRAN ('test-fda-table_18.R:57:3')"/>
    </testcase>
    <testcase time="0.0230000000000032" classname="fda_table_18" name="Table_18_generation_works_with_NA_values_pruned_rows"/>
    <testcase time="0.0300000000000011" classname="fda_table_18" name="Table_18_generation_works_with_NA_values_pruned_rows"/>
    <testcase time="0.292999999999999" classname="fda_table_18" name="Table_18_generation_works_with_NA_values_pruned_rows"/>
    <testcase time="0.0730000000000004" classname="fda_table_18" name="Table_18_generation_works_with_NA_values_pruned_rows">
      <skipped message="Reason: On CRAN ('test-fda-table_18.R:64:3')"/>
    </testcase>
    <testcase time="0.0139999999999958" classname="fda_table_18" name="Table_18_generation_works_with_risk_difference_column"/>
    <testcase time="0.027000000000001" classname="fda_table_18" name="Table_18_generation_works_with_risk_difference_column"/>
    <testcase time="0.359999999999999" classname="fda_table_18" name="Table_18_generation_works_with_risk_difference_column"/>
    <testcase time="0.0700000000000003" classname="fda_table_18" name="Table_18_generation_works_with_risk_difference_column">
      <skipped message="Reason: On CRAN ('test-fda-table_18.R:72:3')"/>
    </testcase>
  </testsuite>
  <testsuite name="fda-table_20" timestamp="2024-01-20T01:29:37Z" hostname="397f4c7c77cd" tests="24" skipped="4" failures="0" errors="0" time="2.068">
    <testcase time="0.0289999999999964" classname="fda_table_20" name="Table_20_generation_works_with_default_values"/>
    <testcase time="0.00200000000000244" classname="fda_table_20" name="Table_20_generation_works_with_default_values"/>
    <testcase time="0.00199999999999534" classname="fda_table_20" name="Table_20_generation_works_with_default_values"/>
    <testcase time="0.0330000000000013" classname="fda_table_20" name="Table_20_generation_works_with_default_values"/>
    <testcase time="0.308" classname="fda_table_20" name="Table_20_generation_works_with_default_values"/>
    <testcase time="0.0810000000000031" classname="fda_table_20" name="Table_20_generation_works_with_default_values">
      <skipped message="Reason: On CRAN ('test-fda-table_20.R:17:3')"/>
    </testcase>
    <testcase time="0.0150000000000006" classname="fda_table_20" name="Table_20_generation_works_with_custom_values"/>
    <testcase time="0.000999999999997669" classname="fda_table_20" name="Table_20_generation_works_with_custom_values"/>
    <testcase time="0.00200000000000244" classname="fda_table_20" name="Table_20_generation_works_with_custom_values"/>
    <testcase time="0.0300000000000011" classname="fda_table_20" name="Table_20_generation_works_with_custom_values"/>
    <testcase time="0.478999999999999" classname="fda_table_20" name="Table_20_generation_works_with_custom_values"/>
    <testcase time="0.0939999999999941" classname="fda_table_20" name="Table_20_generation_works_with_custom_values">
      <skipped message="Reason: On CRAN ('test-fda-table_20.R:65:3')"/>
    </testcase>
    <testcase time="0.0210000000000008" classname="fda_table_20" name="Table_20_generation_works_with_missing_values_pruned_rows"/>
    <testcase time="0.00200000000000244" classname="fda_table_20" name="Table_20_generation_works_with_missing_values_pruned_rows"/>
    <testcase time="0.00200000000000244" classname="fda_table_20" name="Table_20_generation_works_with_missing_values_pruned_rows"/>
    <testcase time="0.0339999999999989" classname="fda_table_20" name="Table_20_generation_works_with_missing_values_pruned_rows"/>
    <testcase time="0.295999999999999" classname="fda_table_20" name="Table_20_generation_works_with_missing_values_pruned_rows"/>
    <testcase time="0.0850000000000009" classname="fda_table_20" name="Table_20_generation_works_with_missing_values_pruned_rows">
      <skipped message="Reason: On CRAN ('test-fda-table_20.R:74:3')"/>
    </testcase>
    <testcase time="0.0139999999999958" classname="fda_table_20" name="Table_20_generation_works_with_risk_difference_column"/>
    <testcase time="0.00200000000000244" classname="fda_table_20" name="Table_20_generation_works_with_risk_difference_column"/>
    <testcase time="0.000999999999997669" classname="fda_table_20" name="Table_20_generation_works_with_risk_difference_column"/>
    <testcase time="0.0300000000000011" classname="fda_table_20" name="Table_20_generation_works_with_risk_difference_column"/>
    <testcase time="0.420000000000002" classname="fda_table_20" name="Table_20_generation_works_with_risk_difference_column"/>
    <testcase time="0.0850000000000009" classname="fda_table_20" name="Table_20_generation_works_with_risk_difference_column">
      <skipped message="Reason: On CRAN ('test-fda-table_20.R:82:3')"/>
    </testcase>
  </testsuite>
  <testsuite name="fda-table_21" timestamp="2024-01-20T01:29:39Z" hostname="397f4c7c77cd" tests="19" skipped="4" failures="0" errors="0" time="1.973">
    <testcase time="0.0289999999999964" classname="fda_table_21" name="Table_21_generation_works_with_default_values"/>
    <testcase time="0.00200000000000244" classname="fda_table_21" name="Table_21_generation_works_with_default_values"/>
    <testcase time="0.445" classname="fda_table_21" name="Table_21_generation_works_with_default_values"/>
    <testcase time="0.0970000000000013" classname="fda_table_21" name="Table_21_generation_works_with_default_values">
      <skipped message="Reason: On CRAN ('test-fda-table_21.R:16:3')"/>
    </testcase>
    <testcase time="0.0139999999999958" classname="fda_table_21" name="Table_21_generation_works_with_custom_values_N_s_denominator_and_overall_column"/>
    <testcase time="0.00100000000000477" classname="fda_table_21" name="Table_21_generation_works_with_custom_values_N_s_denominator_and_overall_column"/>
    <testcase time="0.0529999999999973" classname="fda_table_21" name="Table_21_generation_works_with_custom_values_N_s_denominator_and_overall_column"/>
    <testcase time="0.518999999999998" classname="fda_table_21" name="Table_21_generation_works_with_custom_values_N_s_denominator_and_overall_column"/>
    <testcase time="0.115000000000002" classname="fda_table_21" name="Table_21_generation_works_with_custom_values_N_s_denominator_and_overall_column">
      <skipped message="Reason: On CRAN ('test-fda-table_21.R:28:3')"/>
    </testcase>
    <testcase time="0.0159999999999982" classname="fda_table_21" name="Table_21_generation_works_with_custom_values_N_col_denominator_and_no_overall_column"/>
    <testcase time="0.00200000000000244" classname="fda_table_21" name="Table_21_generation_works_with_custom_values_N_col_denominator_and_no_overall_column"/>
    <testcase time="0.0339999999999989" classname="fda_table_21" name="Table_21_generation_works_with_custom_values_N_col_denominator_and_no_overall_column"/>
    <testcase time="0.224000000000004" classname="fda_table_21" name="Table_21_generation_works_with_custom_values_N_col_denominator_and_no_overall_column"/>
    <testcase time="0.0949999999999989" classname="fda_table_21" name="Table_21_generation_works_with_custom_values_N_col_denominator_and_no_overall_column">
      <skipped message="Reason: On CRAN ('test-fda-table_21.R:56:3')"/>
    </testcase>
    <testcase time="0.0489999999999995" classname="fda_table_21" name="Table_21_generation_works_with_some_NA_values"/>
    <testcase time="0.00199999999999534" classname="fda_table_21" name="Table_21_generation_works_with_some_NA_values"/>
    <testcase time="0.0320000000000036" classname="fda_table_21" name="Table_21_generation_works_with_some_NA_values"/>
    <testcase time="0.185000000000002" classname="fda_table_21" name="Table_21_generation_works_with_some_NA_values"/>
    <testcase time="0.0589999999999975" classname="fda_table_21" name="Table_21_generation_works_with_some_NA_values">
      <skipped message="Reason: On CRAN ('test-fda-table_21.R:76:3')"/>
    </testcase>
  </testsuite>
  <testsuite name="fda-table_32" timestamp="2024-01-20T01:29:41Z" hostname="397f4c7c77cd" tests="22" skipped="6" failures="0" errors="0" time="4.157">
    <testcase time="0.0189999999999984" classname="fda_table_32" name="Table_32_generation_works_with_default_values"/>
    <testcase time="0.0339999999999989" classname="fda_table_32" name="Table_32_generation_works_with_default_values"/>
    <testcase time="0.101000000000006" classname="fda_table_32" name="Table_32_generation_works_with_default_values"/>
    <testcase time="0.0389999999999944" classname="fda_table_32" name="Table_32_generation_works_with_default_values">
      <skipped message="Reason: On CRAN ('test-fda-table_32.R:8:3')"/>
    </testcase>
    <testcase time="0.0140000000000029" classname="fda_table_32" name="Table_32_generation_works_with_custom_values"/>
    <testcase time="0.0360000000000014" classname="fda_table_32" name="Table_32_generation_works_with_custom_values"/>
    <testcase time="0.120999999999995" classname="fda_table_32" name="Table_32_generation_works_with_custom_values"/>
    <testcase time="0.0459999999999994" classname="fda_table_32" name="Table_32_generation_works_with_custom_values">
      <skipped message="Reason: On CRAN ('test-fda-table_32.R:30:3')"/>
    </testcase>
    <testcase time="0.0150000000000006" classname="fda_table_32" name="Table_32_generation_works_with_pruned_rows"/>
    <testcase time="0.034000000000006" classname="fda_table_32" name="Table_32_generation_works_with_pruned_rows"/>
    <testcase time="0.100999999999999" classname="fda_table_32" name="Table_32_generation_works_with_pruned_rows"/>
    <testcase time="0.0349999999999966" classname="fda_table_32" name="Table_32_generation_works_with_pruned_rows">
      <skipped message="Reason: On CRAN ('test-fda-table_32.R:37:3')"/>
    </testcase>
    <testcase time="0.0150000000000006" classname="fda_table_32" name="Table_32_generation_works_with_risk_difference_column"/>
    <testcase time="0.0350000000000037" classname="fda_table_32" name="Table_32_generation_works_with_risk_difference_column"/>
    <testcase time="0.125999999999998" classname="fda_table_32" name="Table_32_generation_works_with_risk_difference_column"/>
    <testcase time="0.0450000000000017" classname="fda_table_32" name="Table_32_generation_works_with_risk_difference_column">
      <skipped message="Reason: On CRAN ('test-fda-table_32.R:45:3')"/>
    </testcase>
    <testcase time="0.0139999999999958" classname="fda_table_32" name="Table_32_gtsum_generation_works_with_default_values"/>
    <testcase time="1.344" classname="fda_table_32" name="Table_32_gtsum_generation_works_with_default_values"/>
    <testcase time="0.0200000000000031" classname="fda_table_32" name="Table_32_gtsum_generation_works_with_default_values">
      <skipped message="Reason: On CRAN ('test-fda-table_32.R:51:3')"/>
    </testcase>
    <testcase time="0.0150000000000006" classname="fda_table_32" name="Table_32_gtsum_generation_works_with_custom_values"/>
    <testcase time="1.924" classname="fda_table_32" name="Table_32_gtsum_generation_works_with_custom_values"/>
    <testcase time="0.0240000000000009" classname="fda_table_32" name="Table_32_gtsum_generation_works_with_custom_values">
      <skipped message="Reason: On CRAN ('test-fda-table_32.R:60:3')"/>
    </testcase>
  </testsuite>
  <testsuite name="fda-table_33" timestamp="2024-01-20T01:29:45Z" hostname="397f4c7c77cd" tests="16" skipped="4" failures="0" errors="0" time="1.436">
    <testcase time="0.0209999999999937" classname="fda_table_33" name="Table_33_generation_works_with_default_values"/>
    <testcase time="0.223000000000006" classname="fda_table_33" name="Table_33_generation_works_with_default_values"/>
    <testcase time="0.080999999999996" classname="fda_table_33" name="Table_33_generation_works_with_default_values"/>
    <testcase time="0.0290000000000035" classname="fda_table_33" name="Table_33_generation_works_with_default_values">
      <skipped message="Reason: On CRAN ('test-fda-table_33.R:9:3')"/>
    </testcase>
    <testcase time="0.0150000000000006" classname="fda_table_33" name="Table_33_generation_works_with_custom_values"/>
    <testcase time="0.217999999999996" classname="fda_table_33" name="Table_33_generation_works_with_custom_values"/>
    <testcase time="0.106000000000002" classname="fda_table_33" name="Table_33_generation_works_with_custom_values"/>
    <testcase time="0.0360000000000014" classname="fda_table_33" name="Table_33_generation_works_with_custom_values">
      <skipped message="Reason: On CRAN ('test-fda-table_33.R:35:3')"/>
    </testcase>
    <testcase time="0.0150000000000006" classname="fda_table_33" name="Table_33_generation_works_with_pruned_rows"/>
    <testcase time="0.219999999999999" classname="fda_table_33" name="Table_33_generation_works_with_pruned_rows"/>
    <testcase time="0.0730000000000004" classname="fda_table_33" name="Table_33_generation_works_with_pruned_rows"/>
    <testcase time="0.0389999999999944" classname="fda_table_33" name="Table_33_generation_works_with_pruned_rows">
      <skipped message="Reason: On CRAN ('test-fda-table_33.R:43:3')"/>
    </testcase>
    <testcase time="0.017000000000003" classname="fda_table_33" name="Table_33_generation_works_with_risk_difference_column"/>
    <testcase time="0.218000000000004" classname="fda_table_33" name="Table_33_generation_works_with_risk_difference_column"/>
    <testcase time="0.0929999999999964" classname="fda_table_33" name="Table_33_generation_works_with_risk_difference_column"/>
    <testcase time="0.0320000000000036" classname="fda_table_33" name="Table_33_generation_works_with_risk_difference_column">
      <skipped message="Reason: On CRAN ('test-fda-table_33.R:51:3')"/>
    </testcase>
  </testsuite>
  <testsuite name="fda-table_34" timestamp="2024-01-20T01:29:47Z" hostname="397f4c7c77cd" tests="12" skipped="3" failures="0" errors="0" time="4.786">
    <testcase time="0.0359999999999943" classname="fda_table_34" name="Table_34_generation_works_with_default_values"/>
    <testcase time="0.0320000000000036" classname="fda_table_34" name="Table_34_generation_works_with_default_values"/>
    <testcase time="1.303" classname="fda_table_34" name="Table_34_generation_works_with_default_values"/>
    <testcase time="0.218000000000004" classname="fda_table_34" name="Table_34_generation_works_with_default_values">
      <skipped message="Reason: On CRAN ('test-fda-table_34.R:17:3')"/>
    </testcase>
    <testcase time="0.0159999999999982" classname="fda_table_34" name="Table_34_generation_works_with_custom_values"/>
    <testcase time="0.0259999999999962" classname="fda_table_34" name="Table_34_generation_works_with_custom_values"/>
    <testcase time="1.277" classname="fda_table_34" name="Table_34_generation_works_with_custom_values"/>
    <testcase time="0.078000000000003" classname="fda_table_34" name="Table_34_generation_works_with_custom_values">
      <skipped message="Reason: On CRAN ('test-fda-table_34.R:49:3')"/>
    </testcase>
    <testcase time="0.0150000000000006" classname="fda_table_34" name="Table_34_generation_works_with_risk_difference_column"/>
    <testcase time="0.0279999999999987" classname="fda_table_34" name="Table_34_generation_works_with_risk_difference_column"/>
    <testcase time="1.545" classname="fda_table_34" name="Table_34_generation_works_with_risk_difference_column"/>
    <testcase time="0.211999999999996" classname="fda_table_34" name="Table_34_generation_works_with_risk_difference_column">
      <skipped message="Reason: On CRAN ('test-fda-table_34.R:57:3')"/>
    </testcase>
  </testsuite>
  <testsuite name="fda-table_35" timestamp="2024-01-20T01:29:52Z" hostname="397f4c7c77cd" tests="20" skipped="5" failures="0" errors="0" time="1.18">
    <testcase time="0.0200000000000031" classname="fda_table_35" name="Table_35_generation_works_with_default_values"/>
    <testcase time="0.0480000000000018" classname="fda_table_35" name="Table_35_generation_works_with_default_values"/>
    <testcase time="0.0760000000000005" classname="fda_table_35" name="Table_35_generation_works_with_default_values"/>
    <testcase time="0.0359999999999943" classname="fda_table_35" name="Table_35_generation_works_with_default_values">
      <skipped message="Reason: On CRAN ('test-fda-table_35.R:8:3')"/>
    </testcase>
    <testcase time="0.0150000000000006" classname="fda_table_35" name="Table_35_generation_works_with_custom_values"/>
    <testcase time="0.0360000000000014" classname="fda_table_35" name="Table_35_generation_works_with_custom_values"/>
    <testcase time="0.097999999999999" classname="fda_table_35" name="Table_35_generation_works_with_custom_values"/>
    <testcase time="0.044000000000004" classname="fda_table_35" name="Table_35_generation_works_with_custom_values">
      <skipped message="Reason: On CRAN ('test-fda-table_35.R:39:3')"/>
    </testcase>
    <testcase time="0.0159999999999982" classname="fda_table_35" name="Table_35_generation_works_with_risk_difference_column"/>
    <testcase time="0.0360000000000014" classname="fda_table_35" name="Table_35_generation_works_with_risk_difference_column"/>
    <testcase time="0.317" classname="fda_table_35" name="Table_35_generation_works_with_risk_difference_column"/>
    <testcase time="0.0409999999999968" classname="fda_table_35" name="Table_35_generation_works_with_risk_difference_column">
      <skipped message="Reason: On CRAN ('test-fda-table_35.R:47:3')"/>
    </testcase>
    <testcase time="0.0459999999999994" classname="fda_table_35" name="Table_35_generation_works_with_some_NA_values"/>
    <testcase time="0.0350000000000037" classname="fda_table_35" name="Table_35_generation_works_with_some_NA_values"/>
    <testcase time="0.0749999999999957" classname="fda_table_35" name="Table_35_generation_works_with_some_NA_values"/>
    <testcase time="0.036999999999999" classname="fda_table_35" name="Table_35_generation_works_with_some_NA_values">
      <skipped message="Reason: On CRAN ('test-fda-table_35.R:58:3')"/>
    </testcase>
    <testcase time="0.0140000000000029" classname="fda_table_35" name="Table_35_generation_works_with_custom_values_SOC_variable_and_label_"/>
    <testcase time="0.036999999999999" classname="fda_table_35" name="Table_35_generation_works_with_custom_values_SOC_variable_and_label_"/>
    <testcase time="0.097999999999999" classname="fda_table_35" name="Table_35_generation_works_with_custom_values_SOC_variable_and_label_"/>
    <testcase time="0.0549999999999997" classname="fda_table_35" name="Table_35_generation_works_with_custom_values_SOC_variable_and_label_">
      <skipped message="Reason: On CRAN ('test-fda-table_35.R:71:3')"/>
    </testcase>
  </testsuite>
</testsuites>
