<?xml version="1.0" encoding="UTF-8"?>
<testsuites>
  <testsuite name="fda-fig_01" timestamp="2024-01-24T23:48:20Z" hostname="aca4c7ac5da1" tests="8" skipped="4" failures="0" errors="0" time="2.072">
    <testcase time="0.271" classname="fda_fig_01" name="Figure_01_generation_works_with_default_values"/>
    <testcase time="0.661" classname="fda_fig_01" name="Figure_01_generation_works_with_default_values">
      <skipped message="Reason: On CRAN ('test-fda-fig_01.R:9:3')"/>
    </testcase>
    <testcase time="0.0350000000000001" classname="fda_fig_01" name="Figure_01_generation_works_with_no_table"/>
    <testcase time="0.142" classname="fda_fig_01" name="Figure_01_generation_works_with_no_table">
      <skipped message="Reason: On CRAN ('test-fda-fig_01.R:15:3')"/>
    </testcase>
    <testcase time="0.0270000000000001" classname="fda_fig_01" name="Figure_01_generation_works_with_custom_values"/>
    <testcase time="0.469" classname="fda_fig_01" name="Figure_01_generation_works_with_custom_values">
      <skipped message="Reason: On CRAN ('test-fda-fig_01.R:28:3')"/>
    </testcase>
    <testcase time="0.0129999999999999" classname="fda_fig_01" name="Figure_01_generation_works_with_ggtheme_argument_specified"/>
    <testcase time="0.454" classname="fda_fig_01" name="Figure_01_generation_works_with_ggtheme_argument_specified">
      <skipped message="Reason: On CRAN ('test-fda-fig_01.R:37:3')"/>
    </testcase>
  </testsuite>
  <testsuite name="fda-table_02" timestamp="2024-01-24T23:48:22Z" hostname="aca4c7ac5da1" tests="30" skipped="10" failures="0" errors="0" time="10.059">
    <testcase time="0.0399999999999996" classname="fda_table_02" name="Table_02_generation_works_with_default_values"/>
    <testcase time="0.317" classname="fda_table_02" name="Table_02_generation_works_with_default_values"/>
    <testcase time="0.154" classname="fda_table_02" name="Table_02_generation_works_with_default_values">
      <skipped message="Reason: On CRAN ('test-fda-table_02.R:9:3')"/>
    </testcase>
    <testcase time="0.04" classname="fda_table_02" name="Table_02_generation_works_with_custom_values"/>
    <testcase time="0.276" classname="fda_table_02" name="Table_02_generation_works_with_custom_values"/>
    <testcase time="0.206" classname="fda_table_02" name="Table_02_generation_works_with_custom_values">
      <skipped message="Reason: On CRAN ('test-fda-table_02.R:38:3')"/>
    </testcase>
    <testcase time="0.0270000000000001" classname="fda_table_02" name="Table_02_generation_works_with_some_NA_values"/>
    <testcase time="0.0759999999999996" classname="fda_table_02" name="Table_02_generation_works_with_some_NA_values"/>
    <testcase time="0.0390000000000006" classname="fda_table_02" name="Table_02_generation_works_with_some_NA_values">
      <skipped message="Reason: On CRAN ('test-fda-table_02.R:50:3')"/>
    </testcase>
    <testcase time="0.0139999999999993" classname="fda_table_02" name="Table_02_generation_tplyr_works_with_default_values"/>
    <testcase time="1.051" classname="fda_table_02" name="Table_02_generation_tplyr_works_with_default_values"/>
    <testcase time="0.0250000000000004" classname="fda_table_02" name="Table_02_generation_tplyr_works_with_default_values">
      <skipped message="Reason: On CRAN ('test-fda-table_02.R:59:3')"/>
    </testcase>
    <testcase time="0.0129999999999999" classname="fda_table_02" name="Table_02_generation_tplyr_works_with_tplyr_raw_TRUE"/>
    <testcase time="0.564" classname="fda_table_02" name="Table_02_generation_tplyr_works_with_tplyr_raw_TRUE"/>
    <testcase time="0.0169999999999995" classname="fda_table_02" name="Table_02_generation_tplyr_works_with_tplyr_raw_TRUE">
      <skipped message="Reason: On CRAN ('test-fda-table_02.R:68:3')"/>
    </testcase>
    <testcase time="0.0310000000000006" classname="fda_table_02" name="Table_02_generation_tplyr_works_with_custom_values"/>
    <testcase time="1.245" classname="fda_table_02" name="Table_02_generation_tplyr_works_with_custom_values"/>
    <testcase time="0.016" classname="fda_table_02" name="Table_02_generation_tplyr_works_with_custom_values">
      <skipped message="Reason: On CRAN ('test-fda-table_02.R:95:3')"/>
    </testcase>
    <testcase time="0.0269999999999992" classname="fda_table_02" name="Table_02_generation_tplyr_works_with_some_NA_values"/>
    <testcase time="0.416" classname="fda_table_02" name="Table_02_generation_tplyr_works_with_some_NA_values"/>
    <testcase time="0.0150000000000006" classname="fda_table_02" name="Table_02_generation_tplyr_works_with_some_NA_values">
      <skipped message="Reason: On CRAN ('test-fda-table_02.R:112:3')"/>
    </testcase>
    <testcase time="0.0139999999999993" classname="fda_table_02" name="Table_02_generation_gtsum_works_with_default_values"/>
    <testcase time="2.08" classname="fda_table_02" name="Table_02_generation_gtsum_works_with_default_values"/>
    <testcase time="0.0220000000000002" classname="fda_table_02" name="Table_02_generation_gtsum_works_with_default_values">
      <skipped message="Reason: On CRAN ('test-fda-table_02.R:121:3')"/>
    </testcase>
    <testcase time="0.032" classname="fda_table_02" name="Table_02_generation_gtsum_works_with_custom_values"/>
    <testcase time="2.303" classname="fda_table_02" name="Table_02_generation_gtsum_works_with_custom_values"/>
    <testcase time="0.0219999999999985" classname="fda_table_02" name="Table_02_generation_gtsum_works_with_custom_values">
      <skipped message="Reason: On CRAN ('test-fda-table_02.R:139:3')"/>
    </testcase>
    <testcase time="0.027000000000001" classname="fda_table_02" name="Table_02_generation_gtsum_works_with_some_NA_values"/>
    <testcase time="0.929" classname="fda_table_02" name="Table_02_generation_gtsum_works_with_some_NA_values"/>
    <testcase time="0.020999999999999" classname="fda_table_02" name="Table_02_generation_gtsum_works_with_some_NA_values">
      <skipped message="Reason: On CRAN ('test-fda-table_02.R:153:3')"/>
    </testcase>
  </testsuite>
  <testsuite name="fda-table_03" timestamp="2024-01-24T23:48:32Z" hostname="aca4c7ac5da1" tests="8" skipped="2" failures="0" errors="0" time="0.59">
    <testcase time="0.0289999999999999" classname="fda_table_03" name="Table_3_generation_works_with_default_values"/>
    <testcase time="0.00100000000000122" classname="fda_table_03" name="Table_3_generation_works_with_default_values"/>
    <testcase time="0.215999999999999" classname="fda_table_03" name="Table_3_generation_works_with_default_values"/>
    <testcase time="0.0519999999999996" classname="fda_table_03" name="Table_3_generation_works_with_default_values">
      <skipped message="Reason: On CRAN ('test-fda-table_03.R:21:3')"/>
    </testcase>
    <testcase time="0.0129999999999999" classname="fda_table_03" name="Table_3_generation_works_with_custom_values"/>
    <testcase time="0.00100000000000122" classname="fda_table_03" name="Table_3_generation_works_with_custom_values"/>
    <testcase time="0.218999999999999" classname="fda_table_03" name="Table_3_generation_works_with_custom_values"/>
    <testcase time="0.0589999999999993" classname="fda_table_03" name="Table_3_generation_works_with_custom_values">
      <skipped message="Reason: On CRAN ('test-fda-table_03.R:41:3')"/>
    </testcase>
  </testsuite>
  <testsuite name="fda-table_04" timestamp="2024-01-24T23:48:32Z" hostname="aca4c7ac5da1" tests="9" skipped="2" failures="0" errors="0" time="0.621">
    <testcase time="0.0280000000000005" classname="fda_table_04" name="Table_04_generation_works_with_default_values"/>
    <testcase time="0.210000000000001" classname="fda_table_04" name="Table_04_generation_works_with_default_values"/>
    <testcase time="0.0729999999999986" classname="fda_table_04" name="Table_04_generation_works_with_default_values">
      <skipped message="Reason: On CRAN ('test-fda-table_04.R:18:3')"/>
    </testcase>
    <testcase time="0.0129999999999999" classname="fda_table_04" name="Table_04_generation_works_with_custom_values"/>
    <testcase time="0.00100000000000122" classname="fda_table_04" name="Table_04_generation_works_with_custom_values"/>
    <testcase time="0.000999999999999446" classname="fda_table_04" name="Table_04_generation_works_with_custom_values"/>
    <testcase time="0.000999999999999446" classname="fda_table_04" name="Table_04_generation_works_with_custom_values"/>
    <testcase time="0.221" classname="fda_table_04" name="Table_04_generation_works_with_custom_values"/>
    <testcase time="0.0730000000000004" classname="fda_table_04" name="Table_04_generation_works_with_custom_values">
      <skipped message="Reason: On CRAN ('test-fda-table_04.R:46:3')"/>
    </testcase>
  </testsuite>
  <testsuite name="fda-table_05" timestamp="2024-01-24T23:48:33Z" hostname="aca4c7ac5da1" tests="12" skipped="4" failures="0" errors="0" time="0.947">
    <testcase time="0.0180000000000007" classname="fda_table_05" name="Table_05_generation_works_with_default_values"/>
    <testcase time="0.145999999999999" classname="fda_table_05" name="Table_05_generation_works_with_default_values"/>
    <testcase time="0.0590000000000011" classname="fda_table_05" name="Table_05_generation_works_with_default_values">
      <skipped message="Reason: On CRAN ('test-fda-table_05.R:10:3')"/>
    </testcase>
    <testcase time="0.0129999999999999" classname="fda_table_05" name="Table_05_generation_works_with_custom_values"/>
    <testcase time="0.17" classname="fda_table_05" name="Table_05_generation_works_with_custom_values"/>
    <testcase time="0.0709999999999997" classname="fda_table_05" name="Table_05_generation_works_with_custom_values">
      <skipped message="Reason: On CRAN ('test-fda-table_05.R:34:3')"/>
    </testcase>
    <testcase time="0.0139999999999993" classname="fda_table_05" name="Table_05_generation_works_with_NA_values_pruned_rows"/>
    <testcase time="0.140000000000001" classname="fda_table_05" name="Table_05_generation_works_with_NA_values_pruned_rows"/>
    <testcase time="0.0660000000000007" classname="fda_table_05" name="Table_05_generation_works_with_NA_values_pruned_rows">
      <skipped message="Reason: On CRAN ('test-fda-table_05.R:44:3')"/>
    </testcase>
    <testcase time="0.0129999999999999" classname="fda_table_05" name="Table_05_generation_works_with_risk_difference_column"/>
    <testcase time="0.163999999999998" classname="fda_table_05" name="Table_05_generation_works_with_risk_difference_column"/>
    <testcase time="0.0730000000000004" classname="fda_table_05" name="Table_05_generation_works_with_risk_difference_column">
      <skipped message="Reason: On CRAN ('test-fda-table_05.R:57:3')"/>
    </testcase>
  </testsuite>
  <testsuite name="fda-table_06" timestamp="2024-01-24T23:48:34Z" hostname="aca4c7ac5da1" tests="15" skipped="3" failures="0" errors="0" time="1.629">
    <testcase time="0.0169999999999995" classname="fda_table_06" name="Table_06_generation_works_with_default_values"/>
    <testcase time="0.00200000000000244" classname="fda_table_06" name="Table_06_generation_works_with_default_values"/>
    <testcase time="0.036999999999999" classname="fda_table_06" name="Table_06_generation_works_with_default_values"/>
    <testcase time="0.312999999999999" classname="fda_table_06" name="Table_06_generation_works_with_default_values"/>
    <testcase time="0.0809999999999995" classname="fda_table_06" name="Table_06_generation_works_with_default_values">
      <skipped message="Reason: On CRAN ('test-fda-table_06.R:8:3')"/>
    </testcase>
    <testcase time="0.0340000000000025" classname="fda_table_06" name="Table_06_generation_works_with_custom_values"/>
    <testcase time="0.00199999999999889" classname="fda_table_06" name="Table_06_generation_works_with_custom_values"/>
    <testcase time="0.0360000000000014" classname="fda_table_06" name="Table_06_generation_works_with_custom_values"/>
    <testcase time="0.422000000000001" classname="fda_table_06" name="Table_06_generation_works_with_custom_values"/>
    <testcase time="0.119999999999997" classname="fda_table_06" name="Table_06_generation_works_with_custom_values">
      <skipped message="Reason: On CRAN ('test-fda-table_06.R:40:3')"/>
    </testcase>
    <testcase time="0.0130000000000017" classname="fda_table_06" name="Table_06_generation_works_with_risk_difference_column"/>
    <testcase time="0.000999999999997669" classname="fda_table_06" name="Table_06_generation_works_with_risk_difference_column"/>
    <testcase time="0.0360000000000014" classname="fda_table_06" name="Table_06_generation_works_with_risk_difference_column"/>
    <testcase time="0.411000000000001" classname="fda_table_06" name="Table_06_generation_works_with_risk_difference_column"/>
    <testcase time="0.103999999999999" classname="fda_table_06" name="Table_06_generation_works_with_risk_difference_column">
      <skipped message="Reason: On CRAN ('test-fda-table_06.R:48:3')"/>
    </testcase>
  </testsuite>
  <testsuite name="fda-table_07" timestamp="2024-01-24T23:48:36Z" hostname="aca4c7ac5da1" tests="24" skipped="4" failures="0" errors="0" time="1.774">
    <testcase time="0.0210000000000008" classname="fda_table_07" name="Table_07_generation_works_with_default_values"/>
    <testcase time="0.000999999999997669" classname="fda_table_07" name="Table_07_generation_works_with_default_values"/>
    <testcase time="0.00100000000000122" classname="fda_table_07" name="Table_07_generation_works_with_default_values"/>
    <testcase time="0.027000000000001" classname="fda_table_07" name="Table_07_generation_works_with_default_values"/>
    <testcase time="0.233999999999998" classname="fda_table_07" name="Table_07_generation_works_with_default_values"/>
    <testcase time="0.112000000000002" classname="fda_table_07" name="Table_07_generation_works_with_default_values">
      <skipped message="Reason: On CRAN ('test-fda-table_07.R:13:3')"/>
    </testcase>
    <testcase time="0.0139999999999993" classname="fda_table_07" name="Table_07_generation_works_with_custom_values"/>
    <testcase time="0.00100000000000122" classname="fda_table_07" name="Table_07_generation_works_with_custom_values"/>
    <testcase time="0.00199999999999889" classname="fda_table_07" name="Table_07_generation_works_with_custom_values"/>
    <testcase time="0.027000000000001" classname="fda_table_07" name="Table_07_generation_works_with_custom_values"/>
    <testcase time="0.344999999999999" classname="fda_table_07" name="Table_07_generation_works_with_custom_values"/>
    <testcase time="0.131999999999998" classname="fda_table_07" name="Table_07_generation_works_with_custom_values">
      <skipped message="Reason: On CRAN ('test-fda-table_07.R:42:3')"/>
    </testcase>
    <testcase time="0.0139999999999993" classname="fda_table_07" name="Table_07_generation_works_with_NA_values_pruned_rows"/>
    <testcase time="0.00100000000000122" classname="fda_table_07" name="Table_07_generation_works_with_NA_values_pruned_rows"/>
    <testcase time="0.00100000000000122" classname="fda_table_07" name="Table_07_generation_works_with_NA_values_pruned_rows"/>
    <testcase time="0.0269999999999975" classname="fda_table_07" name="Table_07_generation_works_with_NA_values_pruned_rows"/>
    <testcase time="0.238" classname="fda_table_07" name="Table_07_generation_works_with_NA_values_pruned_rows"/>
    <testcase time="0.111000000000001" classname="fda_table_07" name="Table_07_generation_works_with_NA_values_pruned_rows">
      <skipped message="Reason: On CRAN ('test-fda-table_07.R:52:3')"/>
    </testcase>
    <testcase time="0.0139999999999993" classname="fda_table_07" name="Table_07_generation_works_with_risk_difference_column"/>
    <testcase time="0.00100000000000122" classname="fda_table_07" name="Table_07_generation_works_with_risk_difference_column"/>
    <testcase time="0.00100000000000122" classname="fda_table_07" name="Table_07_generation_works_with_risk_difference_column"/>
    <testcase time="0.0269999999999975" classname="fda_table_07" name="Table_07_generation_works_with_risk_difference_column"/>
    <testcase time="0.297000000000001" classname="fda_table_07" name="Table_07_generation_works_with_risk_difference_column"/>
    <testcase time="0.125" classname="fda_table_07" name="Table_07_generation_works_with_risk_difference_column">
      <skipped message="Reason: On CRAN ('test-fda-table_07.R:65:3')"/>
    </testcase>
  </testsuite>
  <testsuite name="fda-table_08" timestamp="2024-01-24T23:48:37Z" hostname="aca4c7ac5da1" tests="8" skipped="2" failures="0" errors="0" time="0.407">
    <testcase time="0.0180000000000007" classname="fda_table_08" name="Table_08_generation_works_with_default_values"/>
    <testcase time="0.00100000000000122" classname="fda_table_08" name="Table_08_generation_works_with_default_values"/>
    <testcase time="0.0329999999999977" classname="fda_table_08" name="Table_08_generation_works_with_default_values"/>
    <testcase time="0.143000000000001" classname="fda_table_08" name="Table_08_generation_works_with_default_values">
      <skipped message="Reason: On CRAN ('test-fda-table_08.R:10:3')"/>
    </testcase>
    <testcase time="0.0130000000000017" classname="fda_table_08" name="Table_08_generation_works_with_custom_values"/>
    <testcase time="0.000999999999997669" classname="fda_table_08" name="Table_08_generation_works_with_custom_values"/>
    <testcase time="0.0280000000000022" classname="fda_table_08" name="Table_08_generation_works_with_custom_values"/>
    <testcase time="0.169999999999998" classname="fda_table_08" name="Table_08_generation_works_with_custom_values">
      <skipped message="Reason: On CRAN ('test-fda-table_08.R:31:3')"/>
    </testcase>
  </testsuite>
  <testsuite name="fda-table_09" timestamp="2024-01-24T23:48:38Z" hostname="aca4c7ac5da1" tests="16" skipped="5" failures="0" errors="0" time="1.371">
    <testcase time="0.0180000000000007" classname="fda_table_09" name="Table_09_generation_works_with_default_values"/>
    <testcase time="0.027000000000001" classname="fda_table_09" name="Table_09_generation_works_with_default_values"/>
    <testcase time="0.225999999999999" classname="fda_table_09" name="Table_09_generation_works_with_default_values"/>
    <testcase time="0.0530000000000008" classname="fda_table_09" name="Table_09_generation_works_with_default_values">
      <skipped message="Reason: On CRAN ('test-fda-table_09.R:8:3')"/>
    </testcase>
    <testcase time="0.0129999999999981" classname="fda_table_09" name="Table_09_generation_works_with_custom_values"/>
    <testcase time="0.0280000000000022" classname="fda_table_09" name="Table_09_generation_works_with_custom_values"/>
    <testcase time="0.283999999999999" classname="fda_table_09" name="Table_09_generation_works_with_custom_values"/>
    <testcase time="0.0590000000000011" classname="fda_table_09" name="Table_09_generation_works_with_custom_values">
      <skipped message="Reason: On CRAN ('test-fda-table_09.R:39:3')"/>
    </testcase>
    <testcase time="0.0129999999999981" classname="fda_table_09" name="Table_09_gt_generation_works_with_risk_difference_column"/>
    <testcase time="0.027000000000001" classname="fda_table_09" name="Table_09_gt_generation_works_with_risk_difference_column"/>
    <testcase time="0.280000000000001" classname="fda_table_09" name="Table_09_gt_generation_works_with_risk_difference_column"/>
    <testcase time="0.0589999999999975" classname="fda_table_09" name="Table_09_gt_generation_works_with_risk_difference_column">
      <skipped message="Reason: On CRAN ('test-fda-table_09.R:47:3')"/>
    </testcase>
    <testcase time="0.0140000000000029" classname="fda_table_09" name="Table_09_gt_generation_works_with_default_values"/>
    <testcase time="0.107999999999997" classname="fda_table_09" name="Table_09_gt_generation_works_with_default_values">
      <skipped message="Reason: On CRAN ('test-fda-table_09.R:60:3')"/>
    </testcase>
    <testcase time="0.0130000000000017" classname="fda_table_09" name="Table_09_gt_generation_works_with_custom_values"/>
    <testcase time="0.149000000000001" classname="fda_table_09" name="Table_09_gt_generation_works_with_custom_values">
      <skipped message="Reason: On CRAN ('test-fda-table_09.R:88:3')"/>
    </testcase>
  </testsuite>
  <testsuite name="fda-table_10" timestamp="2024-01-24T23:48:39Z" hostname="aca4c7ac5da1" tests="15" skipped="3" failures="0" errors="0" time="1.231">
    <testcase time="0.0199999999999996" classname="fda_table_10" name="Table_10_generation_works_with_default_values"/>
    <testcase time="0.000999999999997669" classname="fda_table_10" name="Table_10_generation_works_with_default_values"/>
    <testcase time="0.0380000000000003" classname="fda_table_10" name="Table_10_generation_works_with_default_values"/>
    <testcase time="0.253" classname="fda_table_10" name="Table_10_generation_works_with_default_values"/>
    <testcase time="0.111000000000001" classname="fda_table_10" name="Table_10_generation_works_with_default_values">
      <skipped message="Reason: On CRAN ('test-fda-table_10.R:17:3')"/>
    </testcase>
    <testcase time="0.0139999999999993" classname="fda_table_10" name="Table_10_generation_works_with_custom_values"/>
    <testcase time="0.00100000000000122" classname="fda_table_10" name="Table_10_generation_works_with_custom_values"/>
    <testcase time="0.0240000000000009" classname="fda_table_10" name="Table_10_generation_works_with_custom_values"/>
    <testcase time="0.239000000000001" classname="fda_table_10" name="Table_10_generation_works_with_custom_values"/>
    <testcase time="0.0569999999999986" classname="fda_table_10" name="Table_10_generation_works_with_custom_values">
      <skipped message="Reason: On CRAN ('test-fda-table_10.R:52:3')"/>
    </testcase>
    <testcase time="0.0129999999999981" classname="fda_table_10" name="Table_10_generation_works_with_risk_difference_column"/>
    <testcase time="0.00100000000000122" classname="fda_table_10" name="Table_10_generation_works_with_risk_difference_column"/>
    <testcase time="0.0279999999999987" classname="fda_table_10" name="Table_10_generation_works_with_risk_difference_column"/>
    <testcase time="0.317" classname="fda_table_10" name="Table_10_generation_works_with_risk_difference_column"/>
    <testcase time="0.114000000000001" classname="fda_table_10" name="Table_10_generation_works_with_risk_difference_column">
      <skipped message="Reason: On CRAN ('test-fda-table_10.R:60:3')"/>
    </testcase>
  </testsuite>
  <testsuite name="fda-table_11" timestamp="2024-01-24T23:48:40Z" hostname="aca4c7ac5da1" tests="12" skipped="3" failures="0" errors="0" time="1.888">
    <testcase time="0.0199999999999996" classname="fda_table_11" name="Table_11_generation_works_with_default_values"/>
    <testcase time="0.0429999999999993" classname="fda_table_11" name="Table_11_generation_works_with_default_values"/>
    <testcase time="0.427" classname="fda_table_11" name="Table_11_generation_works_with_default_values"/>
    <testcase time="0.125" classname="fda_table_11" name="Table_11_generation_works_with_default_values">
      <skipped message="Reason: On CRAN ('test-fda-table_11.R:18:3')"/>
    </testcase>
    <testcase time="0.0130000000000017" classname="fda_table_11" name="Table_11_generation_works_with_custom_values"/>
    <testcase time="0.0289999999999999" classname="fda_table_11" name="Table_11_generation_works_with_custom_values"/>
    <testcase time="0.413" classname="fda_table_11" name="Table_11_generation_works_with_custom_values"/>
    <testcase time="0.0539999999999985" classname="fda_table_11" name="Table_11_generation_works_with_custom_values">
      <skipped message="Reason: On CRAN ('test-fda-table_11.R:48:3')"/>
    </testcase>
    <testcase time="0.0130000000000017" classname="fda_table_11" name="Table_11_generation_works_with_risk_difference_column"/>
    <testcase time="0.0329999999999977" classname="fda_table_11" name="Table_11_generation_works_with_risk_difference_column"/>
    <testcase time="0.587" classname="fda_table_11" name="Table_11_generation_works_with_risk_difference_column"/>
    <testcase time="0.131" classname="fda_table_11" name="Table_11_generation_works_with_risk_difference_column">
      <skipped message="Reason: On CRAN ('test-fda-table_11.R:56:3')"/>
    </testcase>
  </testsuite>
  <testsuite name="fda-table_12" timestamp="2024-01-24T23:48:42Z" hostname="aca4c7ac5da1" tests="12" skipped="3" failures="0" errors="0" time="2.401">
    <testcase time="0.0180000000000007" classname="fda_table_12" name="Table_12_generation_works_with_default_values"/>
    <testcase time="0.0450000000000017" classname="fda_table_12" name="Table_12_generation_works_with_default_values"/>
    <testcase time="0.587999999999997" classname="fda_table_12" name="Table_12_generation_works_with_default_values"/>
    <testcase time="0.104000000000003" classname="fda_table_12" name="Table_12_generation_works_with_default_values">
      <skipped message="Reason: On CRAN ('test-fda-table_12.R:9:3')"/>
    </testcase>
    <testcase time="0.0139999999999993" classname="fda_table_12" name="Table_12_generation_works_with_custom_values"/>
    <testcase time="0.0339999999999989" classname="fda_table_12" name="Table_12_generation_works_with_custom_values"/>
    <testcase time="0.591000000000001" classname="fda_table_12" name="Table_12_generation_works_with_custom_values"/>
    <testcase time="0.103999999999999" classname="fda_table_12" name="Table_12_generation_works_with_custom_values">
      <skipped message="Reason: On CRAN ('test-fda-table_12.R:39:3')"/>
    </testcase>
    <testcase time="0.0130000000000017" classname="fda_table_12" name="Table_12_generation_works_with_risk_difference_column"/>
    <testcase time="0.0339999999999989" classname="fda_table_12" name="Table_12_generation_works_with_risk_difference_column"/>
    <testcase time="0.751000000000001" classname="fda_table_12" name="Table_12_generation_works_with_risk_difference_column"/>
    <testcase time="0.104999999999997" classname="fda_table_12" name="Table_12_generation_works_with_risk_difference_column">
      <skipped message="Reason: On CRAN ('test-fda-table_12.R:47:3')"/>
    </testcase>
  </testsuite>
  <testsuite name="fda-table_13" timestamp="2024-01-24T23:48:45Z" hostname="aca4c7ac5da1" tests="12" skipped="3" failures="0" errors="0" time="0.625">
    <testcase time="0.017000000000003" classname="fda_table_13" name="Table_13_generation_works_with_default_values"/>
    <testcase time="0.0380000000000003" classname="fda_table_13" name="Table_13_generation_works_with_default_values"/>
    <testcase time="0.0919999999999987" classname="fda_table_13" name="Table_13_generation_works_with_default_values"/>
    <testcase time="0.0549999999999997" classname="fda_table_13" name="Table_13_generation_works_with_default_values">
      <skipped message="Reason: On CRAN ('test-fda-table_13.R:8:3')"/>
    </testcase>
    <testcase time="0.0139999999999993" classname="fda_table_13" name="Table_13_generation_works_with_custom_values"/>
    <testcase time="0.0399999999999991" classname="fda_table_13" name="Table_13_generation_works_with_custom_values"/>
    <testcase time="0.102" classname="fda_table_13" name="Table_13_generation_works_with_custom_values"/>
    <testcase time="0.0400000000000027" classname="fda_table_13" name="Table_13_generation_works_with_custom_values">
      <skipped message="Reason: On CRAN ('test-fda-table_13.R:38:3')"/>
    </testcase>
    <testcase time="0.0129999999999981" classname="fda_table_13" name="Table_13_generation_works_with_risk_difference_column"/>
    <testcase time="0.0420000000000016" classname="fda_table_13" name="Table_13_generation_works_with_risk_difference_column"/>
    <testcase time="0.102" classname="fda_table_13" name="Table_13_generation_works_with_risk_difference_column"/>
    <testcase time="0.0699999999999967" classname="fda_table_13" name="Table_13_generation_works_with_risk_difference_column">
      <skipped message="Reason: On CRAN ('test-fda-table_13.R:46:3')"/>
    </testcase>
  </testsuite>
  <testsuite name="fda-table_14" timestamp="2024-01-24T23:48:45Z" hostname="aca4c7ac5da1" tests="13" skipped="4" failures="0" errors="0" time="2.438">
    <testcase time="0.027000000000001" classname="fda_table_14" name="Table_14_generation_works_with_default_values"/>
    <testcase time="0.593" classname="fda_table_14" name="Table_14_generation_works_with_default_values"/>
    <testcase time="0.127000000000002" classname="fda_table_14" name="Table_14_generation_works_with_default_values">
      <skipped message="Reason: On CRAN ('test-fda-table_14.R:16:3')"/>
    </testcase>
    <testcase time="0.0129999999999981" classname="fda_table_14" name="Table_14_generation_works_with_custom_values"/>
    <testcase time="0.032" classname="fda_table_14" name="Table_14_generation_works_with_custom_values"/>
    <testcase time="0.391000000000002" classname="fda_table_14" name="Table_14_generation_works_with_custom_values"/>
    <testcase time="0.125999999999998" classname="fda_table_14" name="Table_14_generation_works_with_custom_values">
      <skipped message="Reason: On CRAN ('test-fda-table_14.R:46:3')"/>
    </testcase>
    <testcase time="0.0130000000000017" classname="fda_table_14" name="Table_14_generation_works_with_NA_values_pruned_rows"/>
    <testcase time="0.372" classname="fda_table_14" name="Table_14_generation_works_with_NA_values_pruned_rows"/>
    <testcase time="0.097999999999999" classname="fda_table_14" name="Table_14_generation_works_with_NA_values_pruned_rows">
      <skipped message="Reason: On CRAN ('test-fda-table_14.R:53:3')"/>
    </testcase>
    <testcase time="0.0130000000000017" classname="fda_table_14" name="Table_14_generation_works_with_risk_difference_column"/>
    <testcase time="0.485999999999997" classname="fda_table_14" name="Table_14_generation_works_with_risk_difference_column"/>
    <testcase time="0.147000000000002" classname="fda_table_14" name="Table_14_generation_works_with_risk_difference_column">
      <skipped message="Reason: On CRAN ('test-fda-table_14.R:61:3')"/>
    </testcase>
  </testsuite>
  <testsuite name="fda-table_15" timestamp="2024-01-24T23:48:48Z" hostname="aca4c7ac5da1" tests="16" skipped="4" failures="0" errors="0" time="1.292">
    <testcase time="0.0189999999999984" classname="fda_table_15" name="Table_15_generation_works_with_default_values"/>
    <testcase time="0.0280000000000022" classname="fda_table_15" name="Table_15_generation_works_with_default_values"/>
    <testcase time="0.186" classname="fda_table_15" name="Table_15_generation_works_with_default_values"/>
    <testcase time="0.0809999999999995" classname="fda_table_15" name="Table_15_generation_works_with_default_values">
      <skipped message="Reason: On CRAN ('test-fda-table_15.R:19:3')"/>
    </testcase>
    <testcase time="0.0120000000000005" classname="fda_table_15" name="Table_15_generation_works_with_custom_values"/>
    <testcase time="0.0329999999999977" classname="fda_table_15" name="Table_15_generation_works_with_custom_values"/>
    <testcase time="0.187000000000001" classname="fda_table_15" name="Table_15_generation_works_with_custom_values"/>
    <testcase time="0.0809999999999995" classname="fda_table_15" name="Table_15_generation_works_with_custom_values">
      <skipped message="Reason: On CRAN ('test-fda-table_15.R:51:3')"/>
    </testcase>
    <testcase time="0.0130000000000017" classname="fda_table_15" name="Table_15_generation_works_with_NA_values_pruned_rows"/>
    <testcase time="0.0289999999999999" classname="fda_table_15" name="Table_15_generation_works_with_NA_values_pruned_rows"/>
    <testcase time="0.189" classname="fda_table_15" name="Table_15_generation_works_with_NA_values_pruned_rows"/>
    <testcase time="0.0799999999999983" classname="fda_table_15" name="Table_15_generation_works_with_NA_values_pruned_rows">
      <skipped message="Reason: On CRAN ('test-fda-table_15.R:58:3')"/>
    </testcase>
    <testcase time="0.0130000000000017" classname="fda_table_15" name="Table_15_generation_works_with_risk_difference_column"/>
    <testcase time="0.0279999999999987" classname="fda_table_15" name="Table_15_generation_works_with_risk_difference_column"/>
    <testcase time="0.222000000000001" classname="fda_table_15" name="Table_15_generation_works_with_risk_difference_column"/>
    <testcase time="0.0909999999999975" classname="fda_table_15" name="Table_15_generation_works_with_risk_difference_column">
      <skipped message="Reason: On CRAN ('test-fda-table_15.R:66:3')"/>
    </testcase>
  </testsuite>
  <testsuite name="fda-table_16" timestamp="2024-01-24T23:48:49Z" hostname="aca4c7ac5da1" tests="16" skipped="4" failures="0" errors="0" time="1.167">
    <testcase time="0.0190000000000019" classname="fda_table_16" name="Table_16_generation_works_with_default_values"/>
    <testcase time="0.0249999999999986" classname="fda_table_16" name="Table_16_generation_works_with_default_values"/>
    <testcase time="0.183" classname="fda_table_16" name="Table_16_generation_works_with_default_values"/>
    <testcase time="0.0450000000000017" classname="fda_table_16" name="Table_16_generation_works_with_default_values">
      <skipped message="Reason: On CRAN ('test-fda-table_16.R:19:3')"/>
    </testcase>
    <testcase time="0.0129999999999981" classname="fda_table_16" name="Table_16_generation_works_with_custom_values"/>
    <testcase time="0.0259999999999998" classname="fda_table_16" name="Table_16_generation_works_with_custom_values"/>
    <testcase time="0.208000000000002" classname="fda_table_16" name="Table_16_generation_works_with_custom_values"/>
    <testcase time="0.0429999999999993" classname="fda_table_16" name="Table_16_generation_works_with_custom_values">
      <skipped message="Reason: On CRAN ('test-fda-table_16.R:51:3')"/>
    </testcase>
    <testcase time="0.0139999999999993" classname="fda_table_16" name="Table_16_generation_works_with_NA_values_pruned_rows"/>
    <testcase time="0.0280000000000022" classname="fda_table_16" name="Table_16_generation_works_with_NA_values_pruned_rows"/>
    <testcase time="0.202999999999996" classname="fda_table_16" name="Table_16_generation_works_with_NA_values_pruned_rows"/>
    <testcase time="0.0410000000000039" classname="fda_table_16" name="Table_16_generation_works_with_NA_values_pruned_rows">
      <skipped message="Reason: On CRAN ('test-fda-table_16.R:58:3')"/>
    </testcase>
    <testcase time="0.0129999999999981" classname="fda_table_16" name="Table_16_generation_works_with_risk_difference_column"/>
    <testcase time="0.027000000000001" classname="fda_table_16" name="Table_16_generation_works_with_risk_difference_column"/>
    <testcase time="0.225000000000001" classname="fda_table_16" name="Table_16_generation_works_with_risk_difference_column"/>
    <testcase time="0.0539999999999949" classname="fda_table_16" name="Table_16_generation_works_with_risk_difference_column">
      <skipped message="Reason: On CRAN ('test-fda-table_16.R:66:3')"/>
    </testcase>
  </testsuite>
  <testsuite name="fda-table_17" timestamp="2024-01-24T23:48:50Z" hostname="aca4c7ac5da1" tests="16" skipped="4" failures="0" errors="0" time="2.068">
    <testcase time="0.0200000000000031" classname="fda_table_17" name="Table_17_generation_works_with_default_values"/>
    <testcase time="0.0300000000000011" classname="fda_table_17" name="Table_17_generation_works_with_default_values"/>
    <testcase time="0.293999999999997" classname="fda_table_17" name="Table_17_generation_works_with_default_values"/>
    <testcase time="0.152000000000001" classname="fda_table_17" name="Table_17_generation_works_with_default_values">
      <skipped message="Reason: On CRAN ('test-fda-table_17.R:25:3')"/>
    </testcase>
    <testcase time="0.0140000000000029" classname="fda_table_17" name="Table_17_generation_works_with_custom_values"/>
    <testcase time="0.0390000000000015" classname="fda_table_17" name="Table_17_generation_works_with_custom_values"/>
    <testcase time="0.294999999999995" classname="fda_table_17" name="Table_17_generation_works_with_custom_values"/>
    <testcase time="0.152000000000001" classname="fda_table_17" name="Table_17_generation_works_with_custom_values">
      <skipped message="Reason: On CRAN ('test-fda-table_17.R:57:3')"/>
    </testcase>
    <testcase time="0.0130000000000052" classname="fda_table_17" name="Table_17_generation_works_with_NA_values_pruned_rows"/>
    <testcase time="0.0309999999999988" classname="fda_table_17" name="Table_17_generation_works_with_NA_values_pruned_rows"/>
    <testcase time="0.302" classname="fda_table_17" name="Table_17_generation_works_with_NA_values_pruned_rows"/>
    <testcase time="0.153999999999996" classname="fda_table_17" name="Table_17_generation_works_with_NA_values_pruned_rows">
      <skipped message="Reason: On CRAN ('test-fda-table_17.R:64:3')"/>
    </testcase>
    <testcase time="0.0130000000000052" classname="fda_table_17" name="Table_17_generation_works_with_risk_difference_column"/>
    <testcase time="0.0319999999999965" classname="fda_table_17" name="Table_17_generation_works_with_risk_difference_column"/>
    <testcase time="0.355000000000004" classname="fda_table_17" name="Table_17_generation_works_with_risk_difference_column"/>
    <testcase time="0.171999999999997" classname="fda_table_17" name="Table_17_generation_works_with_risk_difference_column">
      <skipped message="Reason: On CRAN ('test-fda-table_17.R:72:3')"/>
    </testcase>
  </testsuite>
  <testsuite name="fda-table_18" timestamp="2024-01-24T23:48:52Z" hostname="aca4c7ac5da1" tests="16" skipped="4" failures="0" errors="0" time="1.702">
    <testcase time="0.0200000000000031" classname="fda_table_18" name="Table_18_generation_works_with_default_values"/>
    <testcase time="0.0349999999999966" classname="fda_table_18" name="Table_18_generation_works_with_default_values"/>
    <testcase time="0.292000000000002" classname="fda_table_18" name="Table_18_generation_works_with_default_values"/>
    <testcase time="0.0679999999999978" classname="fda_table_18" name="Table_18_generation_works_with_default_values">
      <skipped message="Reason: On CRAN ('test-fda-table_18.R:25:3')"/>
    </testcase>
    <testcase time="0.0130000000000052" classname="fda_table_18" name="Table_18_generation_works_with_custom_values"/>
    <testcase time="0.0269999999999939" classname="fda_table_18" name="Table_18_generation_works_with_custom_values"/>
    <testcase time="0.295000000000002" classname="fda_table_18" name="Table_18_generation_works_with_custom_values"/>
    <testcase time="0.0600000000000023" classname="fda_table_18" name="Table_18_generation_works_with_custom_values">
      <skipped message="Reason: On CRAN ('test-fda-table_18.R:57:3')"/>
    </testcase>
    <testcase time="0.0139999999999958" classname="fda_table_18" name="Table_18_generation_works_with_NA_values_pruned_rows"/>
    <testcase time="0.027000000000001" classname="fda_table_18" name="Table_18_generation_works_with_NA_values_pruned_rows"/>
    <testcase time="0.310000000000002" classname="fda_table_18" name="Table_18_generation_works_with_NA_values_pruned_rows"/>
    <testcase time="0.0609999999999999" classname="fda_table_18" name="Table_18_generation_works_with_NA_values_pruned_rows">
      <skipped message="Reason: On CRAN ('test-fda-table_18.R:64:3')"/>
    </testcase>
    <testcase time="0.0140000000000029" classname="fda_table_18" name="Table_18_generation_works_with_risk_difference_column"/>
    <testcase time="0.0359999999999943" classname="fda_table_18" name="Table_18_generation_works_with_risk_difference_column"/>
    <testcase time="0.363" classname="fda_table_18" name="Table_18_generation_works_with_risk_difference_column"/>
    <testcase time="0.0670000000000002" classname="fda_table_18" name="Table_18_generation_works_with_risk_difference_column">
      <skipped message="Reason: On CRAN ('test-fda-table_18.R:72:3')"/>
    </testcase>
  </testsuite>
  <testsuite name="fda-table_20" timestamp="2024-01-24T23:48:54Z" hostname="aca4c7ac5da1" tests="24" skipped="4" failures="0" errors="0" time="2.016">
    <testcase time="0.0190000000000055" classname="fda_table_20" name="Table_20_generation_works_with_default_values"/>
    <testcase time="0.00199999999999534" classname="fda_table_20" name="Table_20_generation_works_with_default_values"/>
    <testcase time="0.00100000000000477" classname="fda_table_20" name="Table_20_generation_works_with_default_values"/>
    <testcase time="0.0289999999999964" classname="fda_table_20" name="Table_20_generation_works_with_default_values"/>
    <testcase time="0.313000000000002" classname="fda_table_20" name="Table_20_generation_works_with_default_values"/>
    <testcase time="0.0749999999999957" classname="fda_table_20" name="Table_20_generation_works_with_default_values">
      <skipped message="Reason: On CRAN ('test-fda-table_20.R:17:3')"/>
    </testcase>
    <testcase time="0.0220000000000056" classname="fda_table_20" name="Table_20_generation_works_with_custom_values"/>
    <testcase time="0.00199999999999534" classname="fda_table_20" name="Table_20_generation_works_with_custom_values"/>
    <testcase time="0.00100000000000477" classname="fda_table_20" name="Table_20_generation_works_with_custom_values"/>
    <testcase time="0.0319999999999965" classname="fda_table_20" name="Table_20_generation_works_with_custom_values"/>
    <testcase time="0.456000000000003" classname="fda_table_20" name="Table_20_generation_works_with_custom_values"/>
    <testcase time="0.101999999999997" classname="fda_table_20" name="Table_20_generation_works_with_custom_values">
      <skipped message="Reason: On CRAN ('test-fda-table_20.R:65:3')"/>
    </testcase>
    <testcase time="0.0129999999999981" classname="fda_table_20" name="Table_20_generation_works_with_missing_values_pruned_rows"/>
    <testcase time="0.00200000000000244" classname="fda_table_20" name="Table_20_generation_works_with_missing_values_pruned_rows"/>
    <testcase time="0.000999999999997669" classname="fda_table_20" name="Table_20_generation_works_with_missing_values_pruned_rows"/>
    <testcase time="0.0290000000000035" classname="fda_table_20" name="Table_20_generation_works_with_missing_values_pruned_rows"/>
    <testcase time="0.299999999999997" classname="fda_table_20" name="Table_20_generation_works_with_missing_values_pruned_rows"/>
    <testcase time="0.0700000000000003" classname="fda_table_20" name="Table_20_generation_works_with_missing_values_pruned_rows">
      <skipped message="Reason: On CRAN ('test-fda-table_20.R:74:3')"/>
    </testcase>
    <testcase time="0.0129999999999981" classname="fda_table_20" name="Table_20_generation_works_with_risk_difference_column"/>
    <testcase time="0.00100000000000477" classname="fda_table_20" name="Table_20_generation_works_with_risk_difference_column"/>
    <testcase time="0.000999999999997669" classname="fda_table_20" name="Table_20_generation_works_with_risk_difference_column"/>
    <testcase time="0.0390000000000015" classname="fda_table_20" name="Table_20_generation_works_with_risk_difference_column"/>
    <testcase time="0.400999999999996" classname="fda_table_20" name="Table_20_generation_works_with_risk_difference_column"/>
    <testcase time="0.0920000000000059" classname="fda_table_20" name="Table_20_generation_works_with_risk_difference_column">
      <skipped message="Reason: On CRAN ('test-fda-table_20.R:82:3')"/>
    </testcase>
  </testsuite>
  <testsuite name="fda-table_21" timestamp="2024-01-24T23:48:56Z" hostname="aca4c7ac5da1" tests="19" skipped="4" failures="0" errors="0" time="1.859">
    <testcase time="0.0309999999999988" classname="fda_table_21" name="Table_21_generation_works_with_default_values"/>
    <testcase time="0.000999999999997669" classname="fda_table_21" name="Table_21_generation_works_with_default_values"/>
    <testcase time="0.387999999999998" classname="fda_table_21" name="Table_21_generation_works_with_default_values"/>
    <testcase time="0.0890000000000057" classname="fda_table_21" name="Table_21_generation_works_with_default_values">
      <skipped message="Reason: On CRAN ('test-fda-table_21.R:16:3')"/>
    </testcase>
    <testcase time="0.0129999999999981" classname="fda_table_21" name="Table_21_generation_works_with_custom_values_N_s_denominator_and_overall_column"/>
    <testcase time="0.00200000000000244" classname="fda_table_21" name="Table_21_generation_works_with_custom_values_N_s_denominator_and_overall_column"/>
    <testcase time="0.063999999999993" classname="fda_table_21" name="Table_21_generation_works_with_custom_values_N_s_denominator_and_overall_column"/>
    <testcase time="0.482000000000006" classname="fda_table_21" name="Table_21_generation_works_with_custom_values_N_s_denominator_and_overall_column"/>
    <testcase time="0.114999999999995" classname="fda_table_21" name="Table_21_generation_works_with_custom_values_N_s_denominator_and_overall_column">
      <skipped message="Reason: On CRAN ('test-fda-table_21.R:28:3')"/>
    </testcase>
    <testcase time="0.0130000000000052" classname="fda_table_21" name="Table_21_generation_works_with_custom_values_N_col_denominator_and_no_overall_column"/>
    <testcase time="0.000999999999997669" classname="fda_table_21" name="Table_21_generation_works_with_custom_values_N_col_denominator_and_no_overall_column"/>
    <testcase time="0.0330000000000013" classname="fda_table_21" name="Table_21_generation_works_with_custom_values_N_col_denominator_and_no_overall_column"/>
    <testcase time="0.222999999999999" classname="fda_table_21" name="Table_21_generation_works_with_custom_values_N_col_denominator_and_no_overall_column"/>
    <testcase time="0.0949999999999989" classname="fda_table_21" name="Table_21_generation_works_with_custom_values_N_col_denominator_and_no_overall_column">
      <skipped message="Reason: On CRAN ('test-fda-table_21.R:56:3')"/>
    </testcase>
    <testcase time="0.0429999999999993" classname="fda_table_21" name="Table_21_generation_works_with_some_NA_values"/>
    <testcase time="0.000999999999997669" classname="fda_table_21" name="Table_21_generation_works_with_some_NA_values"/>
    <testcase time="0.0310000000000059" classname="fda_table_21" name="Table_21_generation_works_with_some_NA_values"/>
    <testcase time="0.175999999999995" classname="fda_table_21" name="Table_21_generation_works_with_some_NA_values"/>
    <testcase time="0.0579999999999998" classname="fda_table_21" name="Table_21_generation_works_with_some_NA_values">
      <skipped message="Reason: On CRAN ('test-fda-table_21.R:76:3')"/>
    </testcase>
  </testsuite>
  <testsuite name="fda-table_32" timestamp="2024-01-24T23:48:58Z" hostname="aca4c7ac5da1" tests="22" skipped="6" failures="0" errors="0" time="3.412">
    <testcase time="0.017000000000003" classname="fda_table_32" name="Table_32_generation_works_with_default_values"/>
    <testcase time="0.0459999999999994" classname="fda_table_32" name="Table_32_generation_works_with_default_values"/>
    <testcase time="0.088000000000001" classname="fda_table_32" name="Table_32_generation_works_with_default_values"/>
    <testcase time="0.036999999999999" classname="fda_table_32" name="Table_32_generation_works_with_default_values">
      <skipped message="Reason: On CRAN ('test-fda-table_32.R:8:3')"/>
    </testcase>
    <testcase time="0.0129999999999981" classname="fda_table_32" name="Table_32_generation_works_with_custom_values"/>
    <testcase time="0.0339999999999989" classname="fda_table_32" name="Table_32_generation_works_with_custom_values"/>
    <testcase time="0.119000000000007" classname="fda_table_32" name="Table_32_generation_works_with_custom_values"/>
    <testcase time="0.0459999999999994" classname="fda_table_32" name="Table_32_generation_works_with_custom_values">
      <skipped message="Reason: On CRAN ('test-fda-table_32.R:30:3')"/>
    </testcase>
    <testcase time="0.0129999999999981" classname="fda_table_32" name="Table_32_generation_works_with_pruned_rows"/>
    <testcase time="0.0450000000000017" classname="fda_table_32" name="Table_32_generation_works_with_pruned_rows"/>
    <testcase time="0.0879999999999939" classname="fda_table_32" name="Table_32_generation_works_with_pruned_rows"/>
    <testcase time="0.034000000000006" classname="fda_table_32" name="Table_32_generation_works_with_pruned_rows">
      <skipped message="Reason: On CRAN ('test-fda-table_32.R:37:3')"/>
    </testcase>
    <testcase time="0.0129999999999981" classname="fda_table_32" name="Table_32_generation_works_with_risk_difference_column"/>
    <testcase time="0.0339999999999989" classname="fda_table_32" name="Table_32_generation_works_with_risk_difference_column"/>
    <testcase time="0.124000000000002" classname="fda_table_32" name="Table_32_generation_works_with_risk_difference_column"/>
    <testcase time="0.0420000000000016" classname="fda_table_32" name="Table_32_generation_works_with_risk_difference_column">
      <skipped message="Reason: On CRAN ('test-fda-table_32.R:45:3')"/>
    </testcase>
    <testcase time="0.0129999999999981" classname="fda_table_32" name="Table_32_gtsum_generation_works_with_default_values"/>
    <testcase time="1.063" classname="fda_table_32" name="Table_32_gtsum_generation_works_with_default_values"/>
    <testcase time="0.0189999999999984" classname="fda_table_32" name="Table_32_gtsum_generation_works_with_default_values">
      <skipped message="Reason: On CRAN ('test-fda-table_32.R:51:3')"/>
    </testcase>
    <testcase time="0.0129999999999981" classname="fda_table_32" name="Table_32_gtsum_generation_works_with_custom_values"/>
    <testcase time="1.491" classname="fda_table_32" name="Table_32_gtsum_generation_works_with_custom_values"/>
    <testcase time="0.0200000000000031" classname="fda_table_32" name="Table_32_gtsum_generation_works_with_custom_values">
      <skipped message="Reason: On CRAN ('test-fda-table_32.R:60:3')"/>
    </testcase>
  </testsuite>
  <testsuite name="fda-table_33" timestamp="2024-01-24T23:49:01Z" hostname="aca4c7ac5da1" tests="16" skipped="4" failures="0" errors="0" time="1.384">
    <testcase time="0.0319999999999965" classname="fda_table_33" name="Table_33_generation_works_with_default_values"/>
    <testcase time="0.214000000000006" classname="fda_table_33" name="Table_33_generation_works_with_default_values"/>
    <testcase time="0.0700000000000003" classname="fda_table_33" name="Table_33_generation_works_with_default_values"/>
    <testcase time="0.0259999999999962" classname="fda_table_33" name="Table_33_generation_works_with_default_values">
      <skipped message="Reason: On CRAN ('test-fda-table_33.R:9:3')"/>
    </testcase>
    <testcase time="0.0130000000000052" classname="fda_table_33" name="Table_33_generation_works_with_custom_values"/>
    <testcase time="0.207999999999998" classname="fda_table_33" name="Table_33_generation_works_with_custom_values"/>
    <testcase time="0.100999999999999" classname="fda_table_33" name="Table_33_generation_works_with_custom_values"/>
    <testcase time="0.0319999999999965" classname="fda_table_33" name="Table_33_generation_works_with_custom_values">
      <skipped message="Reason: On CRAN ('test-fda-table_33.R:35:3')"/>
    </testcase>
    <testcase time="0.0200000000000031" classname="fda_table_33" name="Table_33_generation_works_with_pruned_rows"/>
    <testcase time="0.207999999999998" classname="fda_table_33" name="Table_33_generation_works_with_pruned_rows"/>
    <testcase time="0.0829999999999984" classname="fda_table_33" name="Table_33_generation_works_with_pruned_rows"/>
    <testcase time="0.0240000000000009" classname="fda_table_33" name="Table_33_generation_works_with_pruned_rows">
      <skipped message="Reason: On CRAN ('test-fda-table_33.R:43:3')"/>
    </testcase>
    <testcase time="0.0130000000000052" classname="fda_table_33" name="Table_33_generation_works_with_risk_difference_column"/>
    <testcase time="0.208999999999996" classname="fda_table_33" name="Table_33_generation_works_with_risk_difference_column"/>
    <testcase time="0.088000000000001" classname="fda_table_33" name="Table_33_generation_works_with_risk_difference_column"/>
    <testcase time="0.0429999999999993" classname="fda_table_33" name="Table_33_generation_works_with_risk_difference_column">
      <skipped message="Reason: On CRAN ('test-fda-table_33.R:51:3')"/>
    </testcase>
  </testsuite>
  <testsuite name="fda-table_34" timestamp="2024-01-24T23:49:03Z" hostname="aca4c7ac5da1" tests="12" skipped="3" failures="0" errors="0" time="4.549">
    <testcase time="0.0219999999999985" classname="fda_table_34" name="Table_34_generation_works_with_default_values"/>
    <testcase time="0.0260000000000034" classname="fda_table_34" name="Table_34_generation_works_with_default_values"/>
    <testcase time="1.22" classname="fda_table_34" name="Table_34_generation_works_with_default_values"/>
    <testcase time="0.186" classname="fda_table_34" name="Table_34_generation_works_with_default_values">
      <skipped message="Reason: On CRAN ('test-fda-table_34.R:17:3')"/>
    </testcase>
    <testcase time="0.0210000000000008" classname="fda_table_34" name="Table_34_generation_works_with_custom_values"/>
    <testcase time="0.0300000000000011" classname="fda_table_34" name="Table_34_generation_works_with_custom_values"/>
    <testcase time="1.212" classname="fda_table_34" name="Table_34_generation_works_with_custom_values"/>
    <testcase time="0.0650000000000048" classname="fda_table_34" name="Table_34_generation_works_with_custom_values">
      <skipped message="Reason: On CRAN ('test-fda-table_34.R:49:3')"/>
    </testcase>
    <testcase time="0.0129999999999981" classname="fda_table_34" name="Table_34_generation_works_with_risk_difference_column"/>
    <testcase time="0.0339999999999989" classname="fda_table_34" name="Table_34_generation_works_with_risk_difference_column"/>
    <testcase time="1.501" classname="fda_table_34" name="Table_34_generation_works_with_risk_difference_column"/>
    <testcase time="0.219000000000001" classname="fda_table_34" name="Table_34_generation_works_with_risk_difference_column">
      <skipped message="Reason: On CRAN ('test-fda-table_34.R:57:3')"/>
    </testcase>
  </testsuite>
  <testsuite name="fda-table_35" timestamp="2024-01-24T23:49:07Z" hostname="aca4c7ac5da1" tests="20" skipped="5" failures="0" errors="0" time="0.933">
    <testcase time="0.0230000000000032" classname="fda_table_35" name="Table_35_generation_works_with_default_values"/>
    <testcase time="0.0360000000000014" classname="fda_table_35" name="Table_35_generation_works_with_default_values"/>
    <testcase time="0.0679999999999978" classname="fda_table_35" name="Table_35_generation_works_with_default_values"/>
    <testcase time="0.0339999999999989" classname="fda_table_35" name="Table_35_generation_works_with_default_values">
      <skipped message="Reason: On CRAN ('test-fda-table_35.R:8:3')"/>
    </testcase>
    <testcase time="0.0129999999999981" classname="fda_table_35" name="Table_35_generation_works_with_custom_values"/>
    <testcase time="0.0459999999999994" classname="fda_table_35" name="Table_35_generation_works_with_custom_values"/>
    <testcase time="0.0850000000000009" classname="fda_table_35" name="Table_35_generation_works_with_custom_values"/>
    <testcase time="0.0420000000000016" classname="fda_table_35" name="Table_35_generation_works_with_custom_values">
      <skipped message="Reason: On CRAN ('test-fda-table_35.R:39:3')"/>
    </testcase>
    <testcase time="0.0129999999999981" classname="fda_table_35" name="Table_35_generation_works_with_risk_difference_column"/>
    <testcase time="0.0410000000000039" classname="fda_table_35" name="Table_35_generation_works_with_risk_difference_column"/>
    <testcase time="0.0919999999999987" classname="fda_table_35" name="Table_35_generation_works_with_risk_difference_column"/>
    <testcase time="0.0399999999999991" classname="fda_table_35" name="Table_35_generation_works_with_risk_difference_column">
      <skipped message="Reason: On CRAN ('test-fda-table_35.R:47:3')"/>
    </testcase>
    <testcase time="0.0420000000000016" classname="fda_table_35" name="Table_35_generation_works_with_some_NA_values"/>
    <testcase time="0.0399999999999991" classname="fda_table_35" name="Table_35_generation_works_with_some_NA_values"/>
    <testcase time="0.078000000000003" classname="fda_table_35" name="Table_35_generation_works_with_some_NA_values"/>
    <testcase time="0.0339999999999989" classname="fda_table_35" name="Table_35_generation_works_with_some_NA_values">
      <skipped message="Reason: On CRAN ('test-fda-table_35.R:58:3')"/>
    </testcase>
    <testcase time="0.0129999999999981" classname="fda_table_35" name="Table_35_generation_works_with_custom_values_SOC_variable_and_label_"/>
    <testcase time="0.0349999999999966" classname="fda_table_35" name="Table_35_generation_works_with_custom_values_SOC_variable_and_label_"/>
    <testcase time="0.105000000000004" classname="fda_table_35" name="Table_35_generation_works_with_custom_values_SOC_variable_and_label_"/>
    <testcase time="0.0529999999999973" classname="fda_table_35" name="Table_35_generation_works_with_custom_values_SOC_variable_and_label_">
      <skipped message="Reason: On CRAN ('test-fda-table_35.R:71:3')"/>
    </testcase>
  </testsuite>
</testsuites>
