<?xml version="1.0" encoding="UTF-8"?>
<testsuites>
  <testsuite name="table_06" timestamp="2023-05-17T14:49:14Z" hostname="fd4c5e3a8e8d" tests="10" skipped="2" failures="0" errors="0" time="1.854">
    <testcase time="0.0179999999999998" classname="table_06" name="Table_06_generation_works_with_default_values"/>
    <testcase time="0.0190000000000001" classname="table_06" name="Table_06_generation_works_with_default_values"/>
    <testcase time="0.265" classname="table_06" name="Table_06_generation_works_with_default_values"/>
    <testcase time="0.623" classname="table_06" name="Table_06_generation_works_with_default_values"/>
    <testcase time="0.147" classname="table_06" name="Table_06_generation_works_with_default_values">
      <skipped message="Reason: On CRAN ('test-table_06.R:8:3')"/>
    </testcase>
    <testcase time="0.0299999999999994" classname="table_06" name="Table_06_generation_works_with_custom_values"/>
    <testcase time="0.00100000000000033" classname="table_06" name="Table_06_generation_works_with_custom_values"/>
    <testcase time="0.056" classname="table_06" name="Table_06_generation_works_with_custom_values"/>
    <testcase time="0.529" classname="table_06" name="Table_06_generation_works_with_custom_values"/>
    <testcase time="0.166" classname="table_06" name="Table_06_generation_works_with_custom_values">
      <skipped message="Reason: On CRAN ('test-table_06.R:40:3')"/>
    </testcase>
  </testsuite>
  <testsuite name="table_07" timestamp="2023-05-17T14:49:16Z" hostname="fd4c5e3a8e8d" tests="18" skipped="3" failures="0" errors="0" time="1.572">
    <testcase time="0.048" classname="table_07" name="Table_07_generation_works_with_default_values"/>
    <testcase time="0.00199999999999978" classname="table_07" name="Table_07_generation_works_with_default_values"/>
    <testcase time="0.00100000000000033" classname="table_07" name="Table_07_generation_works_with_default_values"/>
    <testcase time="0.0389999999999997" classname="table_07" name="Table_07_generation_works_with_default_values"/>
    <testcase time="0.318" classname="table_07" name="Table_07_generation_works_with_default_values"/>
    <testcase time="0.0950000000000006" classname="table_07" name="Table_07_generation_works_with_default_values">
      <skipped message="Reason: On CRAN ('test-table_07.R:13:3')"/>
    </testcase>
    <testcase time="0.0129999999999999" classname="table_07" name="Table_07_generation_works_with_custom_values"/>
    <testcase time="0.000999999999999446" classname="table_07" name="Table_07_generation_works_with_custom_values"/>
    <testcase time="0.00100000000000033" classname="table_07" name="Table_07_generation_works_with_custom_values"/>
    <testcase time="0.0389999999999997" classname="table_07" name="Table_07_generation_works_with_custom_values"/>
    <testcase time="0.454000000000001" classname="table_07" name="Table_07_generation_works_with_custom_values"/>
    <testcase time="0.101999999999999" classname="table_07" name="Table_07_generation_works_with_custom_values">
      <skipped message="Reason: On CRAN ('test-table_07.R:42:3')"/>
    </testcase>
    <testcase time="0.0140000000000002" classname="table_07" name="Table_07_generation_works_with_NA_values_pruned_rows"/>
    <testcase time="0.00199999999999978" classname="table_07" name="Table_07_generation_works_with_NA_values_pruned_rows"/>
    <testcase time="0.00100000000000033" classname="table_07" name="Table_07_generation_works_with_NA_values_pruned_rows"/>
    <testcase time="0.04" classname="table_07" name="Table_07_generation_works_with_NA_values_pruned_rows"/>
    <testcase time="0.293" classname="table_07" name="Table_07_generation_works_with_NA_values_pruned_rows"/>
    <testcase time="0.109" classname="table_07" name="Table_07_generation_works_with_NA_values_pruned_rows">
      <skipped message="Reason: On CRAN ('test-table_07.R:52:3')"/>
    </testcase>
  </testsuite>
  <testsuite name="table_08" timestamp="2023-05-17T14:49:18Z" hostname="fd4c5e3a8e8d" tests="8" skipped="2" failures="0" errors="0" time="0.374">
    <testcase time="0.032" classname="table_08" name="Table_08_generation_works_with_default_values"/>
    <testcase time="0.000999999999999446" classname="table_08" name="Table_08_generation_works_with_default_values"/>
    <testcase time="0.0609999999999999" classname="table_08" name="Table_08_generation_works_with_default_values"/>
    <testcase time="0.0870000000000006" classname="table_08" name="Table_08_generation_works_with_default_values">
      <skipped message="Reason: On CRAN ('test-table_08.R:10:3')"/>
    </testcase>
    <testcase time="0.0139999999999993" classname="table_08" name="Table_08_generation_works_with_custom_values"/>
    <testcase time="0.00200000000000067" classname="table_08" name="Table_08_generation_works_with_custom_values"/>
    <testcase time="0.0419999999999998" classname="table_08" name="Table_08_generation_works_with_custom_values"/>
    <testcase time="0.135" classname="table_08" name="Table_08_generation_works_with_custom_values">
      <skipped message="Reason: On CRAN ('test-table_08.R:31:3')"/>
    </testcase>
  </testsuite>
  <testsuite name="table_09" timestamp="2023-05-17T14:49:18Z" hostname="fd4c5e3a8e8d" tests="8" skipped="2" failures="0" errors="0" time="0.813">
    <testcase time="0.0200000000000005" classname="table_09" name="Table_09_generation_works_with_default_values"/>
    <testcase time="0.0409999999999995" classname="table_09" name="Table_09_generation_works_with_default_values"/>
    <testcase time="0.276" classname="table_09" name="Table_09_generation_works_with_default_values"/>
    <testcase time="0.0550000000000006" classname="table_09" name="Table_09_generation_works_with_default_values">
      <skipped message="Reason: On CRAN ('test-table_09.R:8:3')"/>
    </testcase>
    <testcase time="0.0139999999999993" classname="table_09" name="Table_09_generation_works_with_custom_values"/>
    <testcase time="0.0410000000000004" classname="table_09" name="Table_09_generation_works_with_custom_values"/>
    <testcase time="0.3" classname="table_09" name="Table_09_generation_works_with_custom_values"/>
    <testcase time="0.0659999999999998" classname="table_09" name="Table_09_generation_works_with_custom_values">
      <skipped message="Reason: On CRAN ('test-table_09.R:39:3')"/>
    </testcase>
  </testsuite>
  <testsuite name="table_13" timestamp="2023-05-17T14:49:19Z" hostname="fd4c5e3a8e8d" tests="8" skipped="2" failures="0" errors="0" time="0.491">
    <testcase time="0.0180000000000007" classname="table_13" name="Table_13_generation_works_with_default_values"/>
    <testcase time="0.048" classname="table_13" name="Table_13_generation_works_with_default_values"/>
    <testcase time="0.117" classname="table_13" name="Table_13_generation_works_with_default_values"/>
    <testcase time="0.0579999999999998" classname="table_13" name="Table_13_generation_works_with_default_values">
      <skipped message="Reason: On CRAN ('test-table_13.R:8:3')"/>
    </testcase>
    <testcase time="0.0149999999999997" classname="table_13" name="Table_13_generation_works_with_custom_values"/>
    <testcase time="0.0620000000000003" classname="table_13" name="Table_13_generation_works_with_custom_values"/>
    <testcase time="0.13" classname="table_13" name="Table_13_generation_works_with_custom_values"/>
    <testcase time="0.0429999999999993" classname="table_13" name="Table_13_generation_works_with_custom_values">
      <skipped message="Reason: On CRAN ('test-table_13.R:38:3')"/>
    </testcase>
  </testsuite>
  <testsuite name="table_32" timestamp="2023-05-17T14:49:20Z" hostname="fd4c5e3a8e8d" tests="12" skipped="3" failures="0" errors="0" time="0.699">
    <testcase time="0.0190000000000001" classname="table_32" name="Table_32_generation_works_with_default_values"/>
    <testcase time="0.0560000000000009" classname="table_32" name="Table_32_generation_works_with_default_values"/>
    <testcase time="0.116999999999999" classname="table_32" name="Table_32_generation_works_with_default_values"/>
    <testcase time="0.0389999999999997" classname="table_32" name="Table_32_generation_works_with_default_values">
      <skipped message="Reason: On CRAN ('test-table_32.R:8:3')"/>
    </testcase>
    <testcase time="0.0140000000000011" classname="table_32" name="Table_32_generation_works_with_custom_values"/>
    <testcase time="0.0540000000000003" classname="table_32" name="Table_32_generation_works_with_custom_values"/>
    <testcase time="0.138999999999999" classname="table_32" name="Table_32_generation_works_with_custom_values"/>
    <testcase time="0.048" classname="table_32" name="Table_32_generation_works_with_custom_values">
      <skipped message="Reason: On CRAN ('test-table_32.R:30:3')"/>
    </testcase>
    <testcase time="0.0139999999999993" classname="table_32" name="Table_32_generation_works_with_pruned_rows"/>
    <testcase time="0.0520000000000014" classname="table_32" name="Table_32_generation_works_with_pruned_rows"/>
    <testcase time="0.117999999999999" classname="table_32" name="Table_32_generation_works_with_pruned_rows"/>
    <testcase time="0.0290000000000017" classname="table_32" name="Table_32_generation_works_with_pruned_rows">
      <skipped message="Reason: On CRAN ('test-table_32.R:37:3')"/>
    </testcase>
  </testsuite>
  <testsuite name="table_33" timestamp="2023-05-17T14:49:20Z" hostname="fd4c5e3a8e8d" tests="12" skipped="3" failures="0" errors="0" time="1.362">
    <testcase time="0.0199999999999996" classname="table_33" name="Table_33_generation_works_with_default_values"/>
    <testcase time="0.234" classname="table_33" name="Table_33_generation_works_with_default_values"/>
    <testcase time="0.0949999999999989" classname="table_33" name="Table_33_generation_works_with_default_values"/>
    <testcase time="0.0289999999999999" classname="table_33" name="Table_33_generation_works_with_default_values">
      <skipped message="Reason: On CRAN ('test-table_33.R:8:3')"/>
    </testcase>
    <testcase time="0.0150000000000006" classname="table_33" name="Table_33_generation_works_with_custom_values"/>
    <testcase time="0.236000000000001" classname="table_33" name="Table_33_generation_works_with_custom_values"/>
    <testcase time="0.137" classname="table_33" name="Table_33_generation_works_with_custom_values"/>
    <testcase time="0.0329999999999995" classname="table_33" name="Table_33_generation_works_with_custom_values">
      <skipped message="Reason: On CRAN ('test-table_33.R:34:3')"/>
    </testcase>
    <testcase time="0.0139999999999993" classname="table_33" name="Table_33_generation_works_with_pruned_rows"/>
    <testcase time="0.434000000000001" classname="table_33" name="Table_33_generation_works_with_pruned_rows"/>
    <testcase time="0.0879999999999992" classname="table_33" name="Table_33_generation_works_with_pruned_rows"/>
    <testcase time="0.0269999999999992" classname="table_33" name="Table_33_generation_works_with_pruned_rows">
      <skipped message="Reason: On CRAN ('test-table_33.R:42:3')"/>
    </testcase>
  </testsuite>
</testsuites>
