<?xml version="1.0" encoding="UTF-8"?>
<testsuites>
  <testsuite name="table_06" timestamp="2023-05-15T21:26:49Z" hostname="699faa30fcff" tests="4" skipped="2" failures="0" errors="0" time="1.694">
    <testcase time="0.809" classname="table_06" name="Table_06_generation_works_with_default_values"/>
    <testcase time="0.154" classname="table_06" name="Table_06_generation_works_with_default_values">
      <skipped message="Reason: On CRAN ('test-table_06.R:8:3')"/>
    </testcase>
    <testcase time="0.57" classname="table_06" name="Table_06_generation_works_with_custom_values"/>
    <testcase time="0.161" classname="table_06" name="Table_06_generation_works_with_custom_values">
      <skipped message="Reason: On CRAN ('test-table_06.R:40:3')"/>
    </testcase>
  </testsuite>
  <testsuite name="table_08" timestamp="2023-05-15T21:26:50Z" hostname="699faa30fcff" tests="4" skipped="2" failures="0" errors="0" time="0.358">
    <testcase time="0.0999999999999996" classname="table_08" name="Table_08_generation_works_with_default_values"/>
    <testcase time="0.0830000000000002" classname="table_08" name="Table_08_generation_works_with_default_values">
      <skipped message="Reason: On CRAN ('test-table_08.R:10:3')"/>
    </testcase>
    <testcase time="0.0489999999999995" classname="table_08" name="Table_08_generation_works_with_custom_values"/>
    <testcase time="0.126" classname="table_08" name="Table_08_generation_works_with_custom_values">
      <skipped message="Reason: On CRAN ('test-table_08.R:31:3')"/>
    </testcase>
  </testsuite>
  <testsuite name="table_09" timestamp="2023-05-15T21:26:51Z" hostname="699faa30fcff" tests="4" skipped="2" failures="0" errors="0" time="0.834">
    <testcase time="0.339" classname="table_09" name="Table_09_generation_works_with_default_values"/>
    <testcase time="0.0500000000000007" classname="table_09" name="Table_09_generation_works_with_default_values">
      <skipped message="Reason: On CRAN ('test-table_09.R:8:3')"/>
    </testcase>
    <testcase time="0.379" classname="table_09" name="Table_09_generation_works_with_custom_values"/>
    <testcase time="0.0659999999999998" classname="table_09" name="Table_09_generation_works_with_custom_values">
      <skipped message="Reason: On CRAN ('test-table_09.R:39:3')"/>
    </testcase>
  </testsuite>
  <testsuite name="table_13" timestamp="2023-05-15T21:26:51Z" hostname="699faa30fcff" tests="4" skipped="2" failures="0" errors="0" time="0.452">
    <testcase time="0.172000000000001" classname="table_13" name="Table_13_generation_works_with_default_values"/>
    <testcase time="0.0529999999999999" classname="table_13" name="Table_13_generation_works_with_default_values">
      <skipped message="Reason: On CRAN ('test-table_13.R:8:3')"/>
    </testcase>
    <testcase time="0.189" classname="table_13" name="Table_13_generation_works_with_custom_values"/>
    <testcase time="0.0379999999999994" classname="table_13" name="Table_13_generation_works_with_custom_values">
      <skipped message="Reason: On CRAN ('test-table_13.R:38:3')"/>
    </testcase>
  </testsuite>
  <testsuite name="table_32" timestamp="2023-05-15T21:26:52Z" hostname="699faa30fcff" tests="6" skipped="3" failures="0" errors="0" time="0.633">
    <testcase time="0.175000000000001" classname="table_32" name="Table_32_generation_works_with_default_values"/>
    <testcase time="0.0349999999999993" classname="table_32" name="Table_32_generation_works_with_default_values">
      <skipped message="Reason: On CRAN ('test-table_32.R:8:3')"/>
    </testcase>
    <testcase time="0.188000000000001" classname="table_32" name="Table_32_generation_works_with_custom_values"/>
    <testcase time="0.0419999999999998" classname="table_32" name="Table_32_generation_works_with_custom_values">
      <skipped message="Reason: On CRAN ('test-table_32.R:30:3')"/>
    </testcase>
    <testcase time="0.168" classname="table_32" name="Table_32_generation_works_with_pruned_rows"/>
    <testcase time="0.0249999999999995" classname="table_32" name="Table_32_generation_works_with_pruned_rows">
      <skipped message="Reason: On CRAN ('test-table_32.R:37:3')"/>
    </testcase>
  </testsuite>
  <testsuite name="table_33" timestamp="2023-05-15T21:26:53Z" hostname="699faa30fcff" tests="6" skipped="3" failures="0" errors="0" time="1.104">
    <testcase time="0.328" classname="table_33" name="Table_33_generation_works_with_default_values"/>
    <testcase time="0.0270000000000001" classname="table_33" name="Table_33_generation_works_with_default_values">
      <skipped message="Reason: On CRAN ('test-table_33.R:8:3')"/>
    </testcase>
    <testcase time="0.368" classname="table_33" name="Table_33_generation_works_with_custom_values"/>
    <testcase time="0.032" classname="table_33" name="Table_33_generation_works_with_custom_values">
      <skipped message="Reason: On CRAN ('test-table_33.R:34:3')"/>
    </testcase>
    <testcase time="0.324999999999999" classname="table_33" name="Table_33_generation_works_with_pruned_rows"/>
    <testcase time="0.024" classname="table_33" name="Table_33_generation_works_with_pruned_rows">
      <skipped message="Reason: On CRAN ('test-table_33.R:42:3')"/>
    </testcase>
  </testsuite>
</testsuites>
