<?xml version="1.0" encoding="UTF-8"?>
<testsuites>
  <testsuite name="table_06" timestamp="2023-05-15T21:54:10Z" hostname="006f9b4bf3a9" tests="4" skipped="2" failures="0" errors="0" time="1.863">
    <testcase time="0.906" classname="table_06" name="Table_06_generation_works_with_default_values"/>
    <testcase time="0.173999999999999" classname="table_06" name="Table_06_generation_works_with_default_values">
      <skipped message="Reason: On CRAN ('test-table_06.R:8:3')"/>
    </testcase>
    <testcase time="0.601" classname="table_06" name="Table_06_generation_works_with_custom_values"/>
    <testcase time="0.182" classname="table_06" name="Table_06_generation_works_with_custom_values">
      <skipped message="Reason: On CRAN ('test-table_06.R:40:3')"/>
    </testcase>
  </testsuite>
  <testsuite name="table_08" timestamp="2023-05-15T21:54:12Z" hostname="006f9b4bf3a9" tests="4" skipped="2" failures="0" errors="0" time="0.417">
    <testcase time="0.104" classname="table_08" name="Table_08_generation_works_with_default_values"/>
    <testcase time="0.093" classname="table_08" name="Table_08_generation_works_with_default_values">
      <skipped message="Reason: On CRAN ('test-table_08.R:10:3')"/>
    </testcase>
    <testcase time="0.0579999999999998" classname="table_08" name="Table_08_generation_works_with_custom_values"/>
    <testcase time="0.162" classname="table_08" name="Table_08_generation_works_with_custom_values">
      <skipped message="Reason: On CRAN ('test-table_08.R:31:3')"/>
    </testcase>
  </testsuite>
  <testsuite name="table_09" timestamp="2023-05-15T21:54:12Z" hostname="006f9b4bf3a9" tests="4" skipped="2" failures="0" errors="0" time="1.023">
    <testcase time="0.404" classname="table_09" name="Table_09_generation_works_with_default_values"/>
    <testcase time="0.0640000000000001" classname="table_09" name="Table_09_generation_works_with_default_values">
      <skipped message="Reason: On CRAN ('test-table_09.R:8:3')"/>
    </testcase>
    <testcase time="0.476" classname="table_09" name="Table_09_generation_works_with_custom_values"/>
    <testcase time="0.0790000000000006" classname="table_09" name="Table_09_generation_works_with_custom_values">
      <skipped message="Reason: On CRAN ('test-table_09.R:39:3')"/>
    </testcase>
  </testsuite>
  <testsuite name="table_13" timestamp="2023-05-15T21:54:13Z" hostname="006f9b4bf3a9" tests="4" skipped="2" failures="0" errors="0" time="0.555">
    <testcase time="0.201" classname="table_13" name="Table_13_generation_works_with_default_values"/>
    <testcase time="0.069" classname="table_13" name="Table_13_generation_works_with_default_values">
      <skipped message="Reason: On CRAN ('test-table_13.R:8:3')"/>
    </testcase>
    <testcase time="0.235" classname="table_13" name="Table_13_generation_works_with_custom_values"/>
    <testcase time="0.0499999999999998" classname="table_13" name="Table_13_generation_works_with_custom_values">
      <skipped message="Reason: On CRAN ('test-table_13.R:38:3')"/>
    </testcase>
  </testsuite>
  <testsuite name="table_32" timestamp="2023-05-15T21:54:14Z" hostname="006f9b4bf3a9" tests="6" skipped="3" failures="0" errors="0" time="0.72">
    <testcase time="0.212" classname="table_32" name="Table_32_generation_works_with_default_values"/>
    <testcase time="0.0410000000000004" classname="table_32" name="Table_32_generation_works_with_default_values">
      <skipped message="Reason: On CRAN ('test-table_32.R:8:3')"/>
    </testcase>
    <testcase time="0.206" classname="table_32" name="Table_32_generation_works_with_custom_values"/>
    <testcase time="0.0470000000000006" classname="table_32" name="Table_32_generation_works_with_custom_values">
      <skipped message="Reason: On CRAN ('test-table_32.R:30:3')"/>
    </testcase>
    <testcase time="0.183999999999999" classname="table_32" name="Table_32_generation_works_with_pruned_rows"/>
    <testcase time="0.0300000000000002" classname="table_32" name="Table_32_generation_works_with_pruned_rows">
      <skipped message="Reason: On CRAN ('test-table_32.R:37:3')"/>
    </testcase>
  </testsuite>
  <testsuite name="table_33" timestamp="2023-05-15T21:54:14Z" hostname="006f9b4bf3a9" tests="6" skipped="3" failures="0" errors="0" time="1.365">
    <testcase time="0.407000000000001" classname="table_33" name="Table_33_generation_works_with_default_values"/>
    <testcase time="0.0329999999999995" classname="table_33" name="Table_33_generation_works_with_default_values">
      <skipped message="Reason: On CRAN ('test-table_33.R:8:3')"/>
    </testcase>
    <testcase time="0.456999999999999" classname="table_33" name="Table_33_generation_works_with_custom_values"/>
    <testcase time="0.0380000000000003" classname="table_33" name="Table_33_generation_works_with_custom_values">
      <skipped message="Reason: On CRAN ('test-table_33.R:34:3')"/>
    </testcase>
    <testcase time="0.402000000000001" classname="table_33" name="Table_33_generation_works_with_pruned_rows"/>
    <testcase time="0.0279999999999987" classname="table_33" name="Table_33_generation_works_with_pruned_rows">
      <skipped message="Reason: On CRAN ('test-table_33.R:42:3')"/>
    </testcase>
  </testsuite>
</testsuites>
