<?xml version="1.0" encoding="UTF-8"?>
<testsuites>
  <testsuite name="fda-fig_01" timestamp="2025-03-04T19:19:39Z" hostname="2fcba903279a" tests="8" skipped="4" failures="0" errors="0" time="1.616">
    <testcase time="0.121" classname="fda_fig_01" name="Figure_01_generation_works_with_default_values"/>
    <testcase time="0.538" classname="fda_fig_01" name="Figure_01_generation_works_with_default_values">
      <skipped message="Reason: On CI ('test-fda-fig_01.R:12:3')"/>
    </testcase>
    <testcase time="0.0340000000000003" classname="fda_fig_01" name="Figure_01_generation_works_with_no_table"/>
    <testcase time="0.0369999999999999" classname="fda_fig_01" name="Figure_01_generation_works_with_no_table">
      <skipped message="Reason: On CI ('test-fda-fig_01.R:21:3')"/>
    </testcase>
    <testcase time="0.0269999999999997" classname="fda_fig_01" name="Figure_01_generation_works_with_custom_values"/>
    <testcase time="0.487" classname="fda_fig_01" name="Figure_01_generation_works_with_custom_values">
      <skipped message="Reason: On CI ('test-fda-fig_01.R:37:3')"/>
    </testcase>
    <testcase time="0.0130000000000003" classname="fda_fig_01" name="Figure_01_generation_works_with_ggtheme_argument_specified"/>
    <testcase time="0.359" classname="fda_fig_01" name="Figure_01_generation_works_with_ggtheme_argument_specified">
      <skipped message="Reason: On CI ('test-fda-fig_01.R:49:3')"/>
    </testcase>
  </testsuite>
  <testsuite name="fda-fig_02" timestamp="2025-03-04T19:19:41Z" hostname="2fcba903279a" tests="8" skipped="4" failures="0" errors="0" time="1.155">
    <testcase time="0.0229999999999997" classname="fda_fig_02" name="Figure_02_generation_works_with_default_values"/>
    <testcase time="0.338" classname="fda_fig_02" name="Figure_02_generation_works_with_default_values">
      <skipped message="Reason: On CI ('test-fda-fig_02.R:11:3')"/>
    </testcase>
    <testcase time="0.0129999999999999" classname="fda_fig_02" name="Figure_02_generation_works_with_no_table"/>
    <testcase time="0.0250000000000004" classname="fda_fig_02" name="Figure_02_generation_works_with_no_table">
      <skipped message="Reason: On CI ('test-fda-fig_02.R:20:3')"/>
    </testcase>
    <testcase time="0.0179999999999998" classname="fda_fig_02" name="Figure_02_generation_works_with_custom_values"/>
    <testcase time="0.376" classname="fda_fig_02" name="Figure_02_generation_works_with_custom_values">
      <skipped message="Reason: On CI ('test-fda-fig_02.R:36:3')"/>
    </testcase>
    <testcase time="0.0129999999999999" classname="fda_fig_02" name="Figure_02_generation_works_with_ggtheme_argument_specified"/>
    <testcase time="0.349" classname="fda_fig_02" name="Figure_02_generation_works_with_ggtheme_argument_specified">
      <skipped message="Reason: On CI ('test-fda-fig_02.R:48:3')"/>
    </testcase>
  </testsuite>
  <testsuite name="fda-fig_03" timestamp="2025-03-04T19:19:42Z" hostname="2fcba903279a" tests="8" skipped="4" failures="0" errors="0" time="2.005">
    <testcase time="0.0259999999999998" classname="fda_fig_03" name="Figure_03_generation_works_with_default_values"/>
    <testcase time="0.581" classname="fda_fig_03" name="Figure_03_generation_works_with_default_values">
      <skipped message="Reason: On CI ('test-fda-fig_03.R:9:3')"/>
    </testcase>
    <testcase time="0.0129999999999999" classname="fda_fig_03" name="Figure_03_generation_works_with_no_table"/>
    <testcase time="0.069" classname="fda_fig_03" name="Figure_03_generation_works_with_no_table">
      <skipped message="Reason: On CI ('test-fda-fig_03.R:18:3')"/>
    </testcase>
    <testcase time="0.0129999999999999" classname="fda_fig_03" name="Figure_03_generation_works_with_custom_values"/>
    <testcase time="0.725000000000001" classname="fda_fig_03" name="Figure_03_generation_works_with_custom_values">
      <skipped message="Reason: On CI ('test-fda-fig_03.R:35:3')"/>
    </testcase>
    <testcase time="0.0139999999999993" classname="fda_fig_03" name="Figure_03_generation_works_with_ggtheme_argument_specified"/>
    <testcase time="0.564" classname="fda_fig_03" name="Figure_03_generation_works_with_ggtheme_argument_specified">
      <skipped message="Reason: On CI ('test-fda-fig_03.R:48:3')"/>
    </testcase>
  </testsuite>
  <testsuite name="fda-fig_14" timestamp="2025-03-04T19:19:44Z" hostname="2fcba903279a" tests="8" skipped="4" failures="0" errors="0" time="2.249">
    <testcase time="0.0170000000000003" classname="fda_fig_14" name="Figure_14_generation_works_with_default_values"/>
    <testcase time="0.684" classname="fda_fig_14" name="Figure_14_generation_works_with_default_values">
      <skipped message="Reason: On CI ('test-fda-fig_14.R:7:3')"/>
    </testcase>
    <testcase time="0.0139999999999993" classname="fda_fig_14" name="Figure_14_generation_works_with_no_table"/>
    <testcase time="0.0449999999999999" classname="fda_fig_14" name="Figure_14_generation_works_with_no_table">
      <skipped message="Reason: On CI ('test-fda-fig_14.R:16:3')"/>
    </testcase>
    <testcase time="0.0140000000000002" classname="fda_fig_14" name="Figure_14_generation_works_with_custom_values"/>
    <testcase time="0.83" classname="fda_fig_14" name="Figure_14_generation_works_with_custom_values">
      <skipped message="Reason: On CI ('test-fda-fig_14.R:40:3')"/>
    </testcase>
    <testcase time="0.0139999999999993" classname="fda_fig_14" name="Figure_14_generation_works_with_ggtheme_argument_specified"/>
    <testcase time="0.631" classname="fda_fig_14" name="Figure_14_generation_works_with_ggtheme_argument_specified">
      <skipped message="Reason: On CI ('test-fda-fig_14.R:52:3')"/>
    </testcase>
  </testsuite>
  <testsuite name="fda-table_02" timestamp="2025-03-04T19:19:46Z" hostname="2fcba903279a" tests="22" skipped="6" failures="0" errors="0" time="9.496">
    <testcase time="0.0400000000000009" classname="fda_table_02" name="Table_02_generation_works_with_default_values"/>
    <testcase time="0.0419999999999998" classname="fda_table_02" name="Table_02_generation_works_with_default_values"/>
    <testcase time="1.254" classname="fda_table_02" name="Table_02_generation_works_with_default_values"/>
    <testcase time="2.065" classname="fda_table_02" name="Table_02_generation_works_with_default_values"/>
    <testcase time="0.0150000000000006" classname="fda_table_02" name="Table_02_generation_works_with_default_values">
      <skipped message="Reason: On CRAN ('test-fda-table_02.R:16:3')"/>
    </testcase>
    <testcase time="0.0370000000000008" classname="fda_table_02" name="Table_02_generation_works_with_custom_values"/>
    <testcase time="0.0409999999999986" classname="fda_table_02" name="Table_02_generation_works_with_custom_values"/>
    <testcase time="1.183" classname="fda_table_02" name="Table_02_generation_works_with_custom_values"/>
    <testcase time="2.091" classname="fda_table_02" name="Table_02_generation_works_with_custom_values"/>
    <testcase time="0.0080000000000009" classname="fda_table_02" name="Table_02_generation_works_with_custom_values">
      <skipped message="Reason: On CRAN ('test-fda-table_02.R:42:3')"/>
    </testcase>
    <testcase time="0.0269999999999992" classname="fda_table_02" name="Table_02_generation_works_with_some_NA_values"/>
    <testcase time="1.382" classname="fda_table_02" name="Table_02_generation_works_with_some_NA_values"/>
    <testcase time="0.00799999999999912" classname="fda_table_02" name="Table_02_generation_works_with_some_NA_values">
      <skipped message="Reason: On CRAN ('test-fda-table_02.R:56:3')"/>
    </testcase>
    <testcase time="0.0189999999999984" classname="fda_table_02" name="Table_02_generation_rtables_works_with_default_values"/>
    <testcase time="0.366" classname="fda_table_02" name="Table_02_generation_rtables_works_with_default_values"/>
    <testcase time="0.168000000000003" classname="fda_table_02" name="Table_02_generation_rtables_works_with_default_values">
      <skipped message="Reason: On CRAN ('test-fda-table_02.R:63:3')"/>
    </testcase>
    <testcase time="0.0329999999999977" classname="fda_table_02" name="Table_02_generation_rtables_works_with_custom_values"/>
    <testcase time="0.310000000000002" classname="fda_table_02" name="Table_02_generation_rtables_works_with_custom_values"/>
    <testcase time="0.232999999999997" classname="fda_table_02" name="Table_02_generation_rtables_works_with_custom_values">
      <skipped message="Reason: On CRAN ('test-fda-table_02.R:92:3')"/>
    </testcase>
    <testcase time="0.0280000000000022" classname="fda_table_02" name="Table_02_generation_rtables_works_with_some_NA_values"/>
    <testcase time="0.0939999999999976" classname="fda_table_02" name="Table_02_generation_rtables_works_with_some_NA_values"/>
    <testcase time="0.0520000000000032" classname="fda_table_02" name="Table_02_generation_rtables_works_with_some_NA_values">
      <skipped message="Reason: On CRAN ('test-fda-table_02.R:104:3')"/>
    </testcase>
  </testsuite>
  <testsuite name="fda-table_03" timestamp="2025-03-04T19:19:56Z" hostname="2fcba903279a" tests="8" skipped="2" failures="0" errors="0" time="0.633">
    <testcase time="0.0199999999999996" classname="fda_table_03" name="Table_3_generation_works_with_default_values"/>
    <testcase time="0.000999999999997669" classname="fda_table_03" name="Table_3_generation_works_with_default_values"/>
    <testcase time="0.217000000000002" classname="fda_table_03" name="Table_3_generation_works_with_default_values"/>
    <testcase time="0.0609999999999999" classname="fda_table_03" name="Table_3_generation_works_with_default_values">
      <skipped message="Reason: On CRAN ('test-fda-table_03.R:21:3')"/>
    </testcase>
    <testcase time="0.0129999999999981" classname="fda_table_03" name="Table_3_generation_works_with_custom_values"/>
    <testcase time="0.00100000000000122" classname="fda_table_03" name="Table_3_generation_works_with_custom_values"/>
    <testcase time="0.239000000000001" classname="fda_table_03" name="Table_3_generation_works_with_custom_values"/>
    <testcase time="0.0809999999999995" classname="fda_table_03" name="Table_3_generation_works_with_custom_values">
      <skipped message="Reason: On CRAN ('test-fda-table_03.R:41:3')"/>
    </testcase>
  </testsuite>
  <testsuite name="fda-table_04" timestamp="2025-03-04T19:19:56Z" hostname="2fcba903279a" tests="9" skipped="2" failures="0" errors="0" time="0.642">
    <testcase time="0.0199999999999996" classname="fda_table_04" name="Table_04_generation_works_with_default_values"/>
    <testcase time="0.204000000000001" classname="fda_table_04" name="Table_04_generation_works_with_default_values"/>
    <testcase time="0.0919999999999987" classname="fda_table_04" name="Table_04_generation_works_with_default_values">
      <skipped message="Reason: On CRAN ('test-fda-table_04.R:17:3')"/>
    </testcase>
    <testcase time="0.0130000000000017" classname="fda_table_04" name="Table_04_generation_works_with_custom_values"/>
    <testcase time="0.000999999999997669" classname="fda_table_04" name="Table_04_generation_works_with_custom_values"/>
    <testcase time="0.00100000000000122" classname="fda_table_04" name="Table_04_generation_works_with_custom_values"/>
    <testcase time="0.00100000000000122" classname="fda_table_04" name="Table_04_generation_works_with_custom_values"/>
    <testcase time="0.227" classname="fda_table_04" name="Table_04_generation_works_with_custom_values"/>
    <testcase time="0.0829999999999984" classname="fda_table_04" name="Table_04_generation_works_with_custom_values">
      <skipped message="Reason: On CRAN ('test-fda-table_04.R:45:3')"/>
    </testcase>
  </testsuite>
  <testsuite name="fda-table_05" timestamp="2025-03-04T19:19:57Z" hostname="2fcba903279a" tests="11" skipped="5" failures="0" errors="0" time="3.765">
    <testcase time="0.0259999999999998" classname="fda_table_05" name="Table_05_generation_works_with_default_values"/>
    <testcase time="1.321" classname="fda_table_05" name="Table_05_generation_works_with_default_values"/>
    <testcase time="0.126999999999999" classname="fda_table_05" name="Table_05_generation_works_with_default_values">
      <skipped message="Reason: On CRAN ('test-fda-table_05.R:11:3')"/>
    </testcase>
    <testcase time="1.335" classname="fda_table_05" name="Table_05_generation_works_with_gtsummary_with_custom_values"/>
    <testcase time="0.122" classname="fda_table_05" name="Table_05_generation_works_with_gtsummary_with_custom_values">
      <skipped message="Reason: On CRAN ('test-fda-table_05.R:33:3')"/>
    </testcase>
    <testcase time="0.196999999999999" classname="fda_table_05" name="Table_05_generation_works_with_rtables_with_custom_values"/>
    <testcase time="0.0960000000000001" classname="fda_table_05" name="Table_05_generation_works_with_rtables_with_custom_values">
      <skipped message="Reason: On CRAN ('test-fda-table_05.R:59:3')"/>
    </testcase>
    <testcase time="0.166" classname="fda_table_05" name="Table_05_generation_works_with_rtables_with_NA_values_pruned_rows"/>
    <testcase time="0.0820000000000007" classname="fda_table_05" name="Table_05_generation_works_with_rtables_with_NA_values_pruned_rows">
      <skipped message="Reason: On CRAN ('test-fda-table_05.R:69:3')"/>
    </testcase>
    <testcase time="0.199999999999999" classname="fda_table_05" name="Table_05_generation_works_with_rtables_with_risk_difference_column"/>
    <testcase time="0.093" classname="fda_table_05" name="Table_05_generation_works_with_rtables_with_risk_difference_column">
      <skipped message="Reason: On CRAN ('test-fda-table_05.R:82:3')"/>
    </testcase>
  </testsuite>
  <testsuite name="fda-table_06" timestamp="2025-03-04T19:20:01Z" hostname="2fcba903279a" tests="15" skipped="3" failures="0" errors="0" time="1.701">
    <testcase time="0.0189999999999984" classname="fda_table_06" name="Table_06_generation_works_with_default_values"/>
    <testcase time="0.00100000000000122" classname="fda_table_06" name="Table_06_generation_works_with_default_values"/>
    <testcase time="0.036999999999999" classname="fda_table_06" name="Table_06_generation_works_with_default_values"/>
    <testcase time="0.297000000000001" classname="fda_table_06" name="Table_06_generation_works_with_default_values"/>
    <testcase time="0.103000000000002" classname="fda_table_06" name="Table_06_generation_works_with_default_values">
      <skipped message="Reason: On CRAN ('test-fda-table_06.R:8:3')"/>
    </testcase>
    <testcase time="0.0139999999999993" classname="fda_table_06" name="Table_06_generation_works_with_custom_values"/>
    <testcase time="0.000999999999997669" classname="fda_table_06" name="Table_06_generation_works_with_custom_values"/>
    <testcase time="0.0370000000000026" classname="fda_table_06" name="Table_06_generation_works_with_custom_values"/>
    <testcase time="0.456" classname="fda_table_06" name="Table_06_generation_works_with_custom_values"/>
    <testcase time="0.143000000000001" classname="fda_table_06" name="Table_06_generation_works_with_custom_values">
      <skipped message="Reason: On CRAN ('test-fda-table_06.R:40:3')"/>
    </testcase>
    <testcase time="0.0139999999999993" classname="fda_table_06" name="Table_06_generation_works_with_risk_difference_column"/>
    <testcase time="0.00100000000000122" classname="fda_table_06" name="Table_06_generation_works_with_risk_difference_column"/>
    <testcase time="0.0379999999999967" classname="fda_table_06" name="Table_06_generation_works_with_risk_difference_column"/>
    <testcase time="0.419" classname="fda_table_06" name="Table_06_generation_works_with_risk_difference_column"/>
    <testcase time="0.121000000000002" classname="fda_table_06" name="Table_06_generation_works_with_risk_difference_column">
      <skipped message="Reason: On CRAN ('test-fda-table_06.R:48:3')"/>
    </testcase>
  </testsuite>
  <testsuite name="fda-table_07" timestamp="2025-03-04T19:20:02Z" hostname="2fcba903279a" tests="24" skipped="4" failures="0" errors="0" time="2.046">
    <testcase time="0.0199999999999996" classname="fda_table_07" name="Table_07_generation_works_with_default_values"/>
    <testcase time="0.00199999999999889" classname="fda_table_07" name="Table_07_generation_works_with_default_values"/>
    <testcase time="0.00100000000000122" classname="fda_table_07" name="Table_07_generation_works_with_default_values"/>
    <testcase time="0.0259999999999998" classname="fda_table_07" name="Table_07_generation_works_with_default_values"/>
    <testcase time="0.245999999999999" classname="fda_table_07" name="Table_07_generation_works_with_default_values"/>
    <testcase time="0.124000000000002" classname="fda_table_07" name="Table_07_generation_works_with_default_values">
      <skipped message="Reason: On CRAN ('test-fda-table_07.R:13:3')"/>
    </testcase>
    <testcase time="0.0129999999999981" classname="fda_table_07" name="Table_07_generation_works_with_custom_values"/>
    <testcase time="0.00100000000000122" classname="fda_table_07" name="Table_07_generation_works_with_custom_values"/>
    <testcase time="0.00199999999999889" classname="fda_table_07" name="Table_07_generation_works_with_custom_values"/>
    <testcase time="0.0259999999999998" classname="fda_table_07" name="Table_07_generation_works_with_custom_values"/>
    <testcase time="0.344999999999999" classname="fda_table_07" name="Table_07_generation_works_with_custom_values"/>
    <testcase time="0.145000000000003" classname="fda_table_07" name="Table_07_generation_works_with_custom_values">
      <skipped message="Reason: On CRAN ('test-fda-table_07.R:42:3')"/>
    </testcase>
    <testcase time="0.0139999999999993" classname="fda_table_07" name="Table_07_generation_works_with_NA_values_pruned_rows"/>
    <testcase time="0.00199999999999889" classname="fda_table_07" name="Table_07_generation_works_with_NA_values_pruned_rows"/>
    <testcase time="0.00100000000000122" classname="fda_table_07" name="Table_07_generation_works_with_NA_values_pruned_rows"/>
    <testcase time="0.0269999999999975" classname="fda_table_07" name="Table_07_generation_works_with_NA_values_pruned_rows"/>
    <testcase time="0.452000000000002" classname="fda_table_07" name="Table_07_generation_works_with_NA_values_pruned_rows"/>
    <testcase time="0.129999999999999" classname="fda_table_07" name="Table_07_generation_works_with_NA_values_pruned_rows">
      <skipped message="Reason: On CRAN ('test-fda-table_07.R:52:3')"/>
    </testcase>
    <testcase time="0.0169999999999995" classname="fda_table_07" name="Table_07_generation_works_with_risk_difference_column"/>
    <testcase time="0.00200000000000244" classname="fda_table_07" name="Table_07_generation_works_with_risk_difference_column"/>
    <testcase time="0.000999999999997669" classname="fda_table_07" name="Table_07_generation_works_with_risk_difference_column"/>
    <testcase time="0.0330000000000013" classname="fda_table_07" name="Table_07_generation_works_with_risk_difference_column"/>
    <testcase time="0.288" classname="fda_table_07" name="Table_07_generation_works_with_risk_difference_column"/>
    <testcase time="0.128" classname="fda_table_07" name="Table_07_generation_works_with_risk_difference_column">
      <skipped message="Reason: On CRAN ('test-fda-table_07.R:65:3')"/>
    </testcase>
  </testsuite>
  <testsuite name="fda-table_08" timestamp="2025-03-04T19:20:04Z" hostname="2fcba903279a" tests="8" skipped="2" failures="0" errors="0" time="0.429">
    <testcase time="0.0180000000000007" classname="fda_table_08" name="Table_08_generation_works_with_default_values"/>
    <testcase time="0.000999999999997669" classname="fda_table_08" name="Table_08_generation_works_with_default_values"/>
    <testcase time="0.0289999999999999" classname="fda_table_08" name="Table_08_generation_works_with_default_values"/>
    <testcase time="0.152000000000001" classname="fda_table_08" name="Table_08_generation_works_with_default_values">
      <skipped message="Reason: On CRAN ('test-fda-table_08.R:10:3')"/>
    </testcase>
    <testcase time="0.0139999999999993" classname="fda_table_08" name="Table_08_generation_works_with_custom_values"/>
    <testcase time="0.00100000000000122" classname="fda_table_08" name="Table_08_generation_works_with_custom_values"/>
    <testcase time="0.0259999999999998" classname="fda_table_08" name="Table_08_generation_works_with_custom_values"/>
    <testcase time="0.187999999999999" classname="fda_table_08" name="Table_08_generation_works_with_custom_values">
      <skipped message="Reason: On CRAN ('test-fda-table_08.R:31:3')"/>
    </testcase>
  </testsuite>
  <testsuite name="fda-table_09" timestamp="2025-03-04T19:20:05Z" hostname="2fcba903279a" tests="47" skipped="7" failures="0" errors="0" time="8.109">
    <testcase time="0.0190000000000019" classname="fda_table_09" name="Table_09_generation_works_with_default_values"/>
    <testcase time="0.0259999999999998" classname="fda_table_09" name="Table_09_generation_works_with_default_values"/>
    <testcase time="0.231999999999999" classname="fda_table_09" name="Table_09_generation_works_with_default_values"/>
    <testcase time="0.0650000000000013" classname="fda_table_09" name="Table_09_generation_works_with_default_values">
      <skipped message="Reason: On CRAN ('test-fda-table_09.R:8:3')"/>
    </testcase>
    <testcase time="0.0139999999999993" classname="fda_table_09" name="Table_09_generation_works_with_custom_values"/>
    <testcase time="0.027000000000001" classname="fda_table_09" name="Table_09_generation_works_with_custom_values"/>
    <testcase time="0.266999999999999" classname="fda_table_09" name="Table_09_generation_works_with_custom_values"/>
    <testcase time="0.0809999999999995" classname="fda_table_09" name="Table_09_generation_works_with_custom_values">
      <skipped message="Reason: On CRAN ('test-fda-table_09.R:39:3')"/>
    </testcase>
    <testcase time="0.0129999999999981" classname="fda_table_09" name="Table_09_gt_generation_works_with_risk_difference_column"/>
    <testcase time="0.0259999999999998" classname="fda_table_09" name="Table_09_gt_generation_works_with_risk_difference_column"/>
    <testcase time="0.273000000000003" classname="fda_table_09" name="Table_09_gt_generation_works_with_risk_difference_column"/>
    <testcase time="0.0739999999999981" classname="fda_table_09" name="Table_09_gt_generation_works_with_risk_difference_column">
      <skipped message="Reason: On CRAN ('test-fda-table_09.R:47:3')"/>
    </testcase>
    <testcase time="0.0139999999999993" classname="fda_table_09" name="Table_09_gt_generation_works_with_default_values"/>
    <testcase time="0.0970000000000013" classname="fda_table_09" name="Table_09_gt_generation_works_with_default_values">
      <skipped message="Reason: On CRAN ('test-fda-table_09.R:60:3')"/>
    </testcase>
    <testcase time="0.0139999999999993" classname="fda_table_09" name="Table_09_gt_generation_works_with_custom_values"/>
    <testcase time="0.138999999999999" classname="fda_table_09" name="Table_09_gt_generation_works_with_custom_values">
      <skipped message="Reason: On CRAN ('test-fda-table_09.R:88:3')"/>
    </testcase>
    <testcase time="0.393000000000001" classname="fda_table_09" name="make_table_09_tplyr_returns_a_tibble_when_tplyr_raw_TRUE"/>
    <testcase time="0.00199999999999889" classname="fda_table_09" name="make_table_09_tplyr_returns_a_tibble_when_tplyr_raw_TRUE"/>
    <testcase time="0.0140000000000029" classname="fda_table_09" name="make_table_09_tplyr_returns_a_tibble_when_tplyr_raw_TRUE">
      <skipped message="Reason: On CRAN ('test-fda-table_09.R:101:3')"/>
    </testcase>
    <testcase time="0.401999999999997" classname="fda_table_09" name="make_table_09_tplyr_returns_a_gt_object_when_tplyr_raw_FALSE"/>
    <testcase time="0.00200000000000244" classname="fda_table_09" name="make_table_09_tplyr_returns_a_gt_object_when_tplyr_raw_FALSE"/>
    <testcase time="0.0439999999999969" classname="fda_table_09" name="make_table_09_tplyr_returns_a_gt_object_when_tplyr_raw_FALSE">
      <skipped message="Reason: On CRAN ('test-fda-table_09.R:112:3')"/>
    </testcase>
    <testcase time="0.377000000000002" classname="fda_table_09" name="make_table_09_tplyr_provides_total_column_counts_based_on_the_alt_count_df_parameter"/>
    <testcase time="0.358999999999998" classname="fda_table_09" name="make_table_09_tplyr_provides_total_column_counts_based_on_the_alt_count_df_parameter"/>
    <testcase time="0.366" classname="fda_table_09" name="make_table_09_tplyr_assigns_column_headers_correctly_to_the_arm_groups"/>
    <testcase time="0.374000000000002" classname="fda_table_09" name="make_table_09_tplyr_assigns_column_headers_correctly_to_the_arm_groups"/>
    <testcase time="0.355" classname="fda_table_09" name="make_table_09_tplyr_assigns_column_headers_correctly_to_the_arm_groups"/>
    <testcase time="0.350000000000001" classname="fda_table_09" name="make_table_09_tplyr_provides_risk_difference_columns_based_on_the_risk_diff_pairs_parameter"/>
    <testcase time="0.346999999999994" classname="fda_table_09" name="make_table_09_tplyr_provides_risk_difference_columns_based_on_the_risk_diff_pairs_parameter"/>
    <testcase time="0.389000000000003" classname="fda_table_09" name="make_table_09_tplyr_provides_a_total_column_based_on_the_lbl_overall_parameter"/>
    <testcase time="0.00300000000000011" classname="fda_table_09" name="make_table_09_tplyr_provides_a_total_column_based_on_the_lbl_overall_parameter"/>
    <testcase time="0.372999999999998" classname="fda_table_09" name="make_table_09_tplyr_provides_a_total_column_based_on_the_lbl_overall_parameter"/>
    <testcase time="0.362000000000002" classname="fda_table_09" name="make_table_09_tplyr_prunes_all_zero_rows_based_on_the_prune_0_parameter"/>
    <testcase time="0.349000000000004" classname="fda_table_09" name="make_table_09_tplyr_prunes_all_zero_rows_based_on_the_prune_0_parameter"/>
    <testcase time="0.357999999999997" classname="fda_table_09" name="make_table_09_tplyr_shows_column_counts_based_on_the_show_colcounts_parameter"/>
    <testcase time="0.353000000000002" classname="fda_table_09" name="make_table_09_tplyr_shows_column_counts_based_on_the_show_colcounts_parameter"/>
    <testcase time="0.360999999999997" classname="fda_table_09" name="make_table_09_tplyr_considers_lbl_soc_var_and_lbl_pref_var_parameters"/>
    <testcase time="0.00300000000000011" classname="fda_table_09" name="make_table_09_tplyr_considers_lbl_soc_var_and_lbl_pref_var_parameters"/>
    <testcase time="0.390999999999998" classname="fda_table_09" name="make_table_09_tplyr_considers_lbl_soc_var_and_lbl_pref_var_parameters"/>
    <testcase time="0.00300000000000011" classname="fda_table_09" name="make_table_09_tplyr_considers_lbl_soc_var_and_lbl_pref_var_parameters"/>
    <testcase time="0.381" classname="fda_table_09" name="make_table_09_tplyr_considers_annotations_if_tplyr_raw_FALSE"/>
    <testcase time="0.00300000000000011" classname="fda_table_09" name="make_table_09_tplyr_considers_annotations_if_tplyr_raw_FALSE"/>
    <testcase time="0.00300000000000011" classname="fda_table_09" name="make_table_09_tplyr_considers_annotations_if_tplyr_raw_FALSE"/>
    <testcase time="0.00300000000000011" classname="fda_table_09" name="make_table_09_tplyr_considers_annotations_if_tplyr_raw_FALSE"/>
    <testcase time="0.00300000000000011" classname="fda_table_09" name="make_table_09_tplyr_considers_annotations_if_tplyr_raw_FALSE"/>
    <testcase time="0.00200000000000244" classname="fda_table_09" name="make_table_09_tplyr_considers_annotations_if_tplyr_raw_FALSE"/>
    <testcase time="0.00300000000000011" classname="fda_table_09" name="make_table_09_tplyr_considers_annotations_if_tplyr_raw_FALSE"/>
  </testsuite>
  <testsuite name="fda-table_10" timestamp="2025-03-04T19:20:13Z" hostname="2fcba903279a" tests="15" skipped="3" failures="0" errors="0" time="1.246">
    <testcase time="0.0120000000000005" classname="fda_table_10" name="Table_10_generation_works_with_default_values"/>
    <testcase time="0.000999999999997669" classname="fda_table_10" name="Table_10_generation_works_with_default_values"/>
    <testcase time="0.027000000000001" classname="fda_table_10" name="Table_10_generation_works_with_default_values"/>
    <testcase time="0.250999999999998" classname="fda_table_10" name="Table_10_generation_works_with_default_values"/>
    <testcase time="0.120000000000005" classname="fda_table_10" name="Table_10_generation_works_with_default_values">
      <skipped message="Reason: On CRAN ('test-fda-table_10.R:17:3')"/>
    </testcase>
    <testcase time="0.0169999999999959" classname="fda_table_10" name="Table_10_generation_works_with_custom_values"/>
    <testcase time="0.00200000000000244" classname="fda_table_10" name="Table_10_generation_works_with_custom_values"/>
    <testcase time="0.027000000000001" classname="fda_table_10" name="Table_10_generation_works_with_custom_values"/>
    <testcase time="0.238" classname="fda_table_10" name="Table_10_generation_works_with_custom_values"/>
    <testcase time="0.0609999999999999" classname="fda_table_10" name="Table_10_generation_works_with_custom_values">
      <skipped message="Reason: On CRAN ('test-fda-table_10.R:52:3')"/>
    </testcase>
    <testcase time="0.0140000000000029" classname="fda_table_10" name="Table_10_generation_works_with_risk_difference_column"/>
    <testcase time="0.00199999999999534" classname="fda_table_10" name="Table_10_generation_works_with_risk_difference_column"/>
    <testcase time="0.027000000000001" classname="fda_table_10" name="Table_10_generation_works_with_risk_difference_column"/>
    <testcase time="0.319000000000003" classname="fda_table_10" name="Table_10_generation_works_with_risk_difference_column"/>
    <testcase time="0.128" classname="fda_table_10" name="Table_10_generation_works_with_risk_difference_column">
      <skipped message="Reason: On CRAN ('test-fda-table_10.R:60:3')"/>
    </testcase>
  </testsuite>
  <testsuite name="fda-table_11" timestamp="2025-03-04T19:20:14Z" hostname="2fcba903279a" tests="19" skipped="4" failures="0" errors="0" time="4.664">
    <testcase time="0.0210000000000008" classname="fda_table_11" name="Table_11_generation_works_with_default_values"/>
    <testcase time="0.0319999999999965" classname="fda_table_11" name="Table_11_generation_works_with_default_values"/>
    <testcase time="0.168999999999997" classname="fda_table_11" name="Table_11_generation_works_with_default_values"/>
    <testcase time="0.0320000000000036" classname="fda_table_11" name="Table_11_generation_works_with_default_values"/>
    <testcase time="1.347" classname="fda_table_11" name="Table_11_generation_works_with_default_values"/>
    <testcase time="0.00199999999999534" classname="fda_table_11" name="Table_11_generation_works_with_default_values"/>
    <testcase time="0.128" classname="fda_table_11" name="Table_11_generation_works_with_default_values">
      <skipped message="Reason: On CRAN ('test-fda-table_11.R:19:3')"/>
    </testcase>
    <testcase time="0.0140000000000029" classname="fda_table_11" name="Table_11_generation_works_with_gtsummary_with_custom_values"/>
    <testcase time="0.0319999999999965" classname="fda_table_11" name="Table_11_generation_works_with_gtsummary_with_custom_values"/>
    <testcase time="1.307" classname="fda_table_11" name="Table_11_generation_works_with_gtsummary_with_custom_values"/>
    <testcase time="0.115000000000002" classname="fda_table_11" name="Table_11_generation_works_with_gtsummary_with_custom_values">
      <skipped message="Reason: On CRAN ('test-fda-table_11.R:41:3')"/>
    </testcase>
    <testcase time="0.0229999999999961" classname="fda_table_11" name="Table_11_generation_works_with_rtables_with_custom_values"/>
    <testcase time="0.0290000000000035" classname="fda_table_11" name="Table_11_generation_works_with_rtables_with_custom_values"/>
    <testcase time="0.384999999999998" classname="fda_table_11" name="Table_11_generation_works_with_rtables_with_custom_values"/>
    <testcase time="0.078000000000003" classname="fda_table_11" name="Table_11_generation_works_with_rtables_with_custom_values">
      <skipped message="Reason: On CRAN ('test-fda-table_11.R:73:3')"/>
    </testcase>
    <testcase time="0.0129999999999981" classname="fda_table_11" name="Table_11_generation_works_with_rtables_with_risk_difference_column"/>
    <testcase time="0.0330000000000013" classname="fda_table_11" name="Table_11_generation_works_with_rtables_with_risk_difference_column"/>
    <testcase time="0.756999999999998" classname="fda_table_11" name="Table_11_generation_works_with_rtables_with_risk_difference_column"/>
    <testcase time="0.146999999999998" classname="fda_table_11" name="Table_11_generation_works_with_rtables_with_risk_difference_column">
      <skipped message="Reason: On CRAN ('test-fda-table_11.R:81:3')"/>
    </testcase>
  </testsuite>
  <testsuite name="fda-table_12" timestamp="2025-03-04T19:20:19Z" hostname="2fcba903279a" tests="23" skipped="5" failures="0" errors="0" time="5.171">
    <testcase time="0.0190000000000055" classname="fda_table_12" name="Table_12_generation_works_with_default_values"/>
    <testcase time="0.0329999999999941" classname="fda_table_12" name="Table_12_generation_works_with_default_values"/>
    <testcase time="0.151000000000003" classname="fda_table_12" name="Table_12_generation_works_with_default_values"/>
    <testcase time="0.0379999999999967" classname="fda_table_12" name="Table_12_generation_works_with_default_values"/>
    <testcase time="1.204" classname="fda_table_12" name="Table_12_generation_works_with_default_values"/>
    <testcase time="0.00200000000000244" classname="fda_table_12" name="Table_12_generation_works_with_default_values"/>
    <testcase time="0.113999999999997" classname="fda_table_12" name="Table_12_generation_works_with_default_values">
      <skipped message="Reason: On CRAN ('test-fda-table_12.R:10:3')"/>
    </testcase>
    <testcase time="0.0130000000000052" classname="fda_table_12" name="Table_12_generation_works_with_gtsummary_with_custom_values"/>
    <testcase time="0.0330000000000013" classname="fda_table_12" name="Table_12_generation_works_with_gtsummary_with_custom_values"/>
    <testcase time="1.20399999999999" classname="fda_table_12" name="Table_12_generation_works_with_gtsummary_with_custom_values"/>
    <testcase time="0.118000000000002" classname="fda_table_12" name="Table_12_generation_works_with_gtsummary_with_custom_values">
      <skipped message="Reason: On CRAN ('test-fda-table_12.R:32:3')"/>
    </testcase>
    <testcase time="0.0129999999999981" classname="fda_table_12" name="Table_12_generation_works_with_default_values"/>
    <testcase time="0.0330000000000013" classname="fda_table_12" name="Table_12_generation_works_with_default_values"/>
    <testcase time="0.535000000000004" classname="fda_table_12" name="Table_12_generation_works_with_default_values"/>
    <testcase time="0.109999999999999" classname="fda_table_12" name="Table_12_generation_works_with_default_values">
      <skipped message="Reason: On CRAN ('test-fda-table_12.R:41:3')"/>
    </testcase>
    <testcase time="0.0129999999999981" classname="fda_table_12" name="Table_12_generation_works_with_custom_values"/>
    <testcase time="0.0330000000000013" classname="fda_table_12" name="Table_12_generation_works_with_custom_values"/>
    <testcase time="0.533000000000001" classname="fda_table_12" name="Table_12_generation_works_with_custom_values"/>
    <testcase time="0.106999999999999" classname="fda_table_12" name="Table_12_generation_works_with_custom_values">
      <skipped message="Reason: On CRAN ('test-fda-table_12.R:71:3')"/>
    </testcase>
    <testcase time="0.0129999999999981" classname="fda_table_12" name="Table_12_generation_works_with_risk_difference_column"/>
    <testcase time="0.0330000000000013" classname="fda_table_12" name="Table_12_generation_works_with_risk_difference_column"/>
    <testcase time="0.698" classname="fda_table_12" name="Table_12_generation_works_with_risk_difference_column"/>
    <testcase time="0.121000000000002" classname="fda_table_12" name="Table_12_generation_works_with_risk_difference_column">
      <skipped message="Reason: On CRAN ('test-fda-table_12.R:79:3')"/>
    </testcase>
  </testsuite>
  <testsuite name="fda-table_13" timestamp="2025-03-04T19:20:24Z" hostname="2fcba903279a" tests="12" skipped="3" failures="0" errors="0" time="0.694">
    <testcase time="0.0219999999999985" classname="fda_table_13" name="Table_13_generation_works_with_default_values"/>
    <testcase time="0.0339999999999989" classname="fda_table_13" name="Table_13_generation_works_with_default_values"/>
    <testcase time="0.0959999999999965" classname="fda_table_13" name="Table_13_generation_works_with_default_values"/>
    <testcase time="0.0670000000000002" classname="fda_table_13" name="Table_13_generation_works_with_default_values">
      <skipped message="Reason: On CRAN ('test-fda-table_13.R:8:3')"/>
    </testcase>
    <testcase time="0.0140000000000029" classname="fda_table_13" name="Table_13_generation_works_with_custom_values"/>
    <testcase time="0.0330000000000013" classname="fda_table_13" name="Table_13_generation_works_with_custom_values"/>
    <testcase time="0.122999999999998" classname="fda_table_13" name="Table_13_generation_works_with_custom_values"/>
    <testcase time="0.0570000000000022" classname="fda_table_13" name="Table_13_generation_works_with_custom_values">
      <skipped message="Reason: On CRAN ('test-fda-table_13.R:38:3')"/>
    </testcase>
    <testcase time="0.0150000000000006" classname="fda_table_13" name="Table_13_generation_works_with_risk_difference_column"/>
    <testcase time="0.0330000000000013" classname="fda_table_13" name="Table_13_generation_works_with_risk_difference_column"/>
    <testcase time="0.123999999999995" classname="fda_table_13" name="Table_13_generation_works_with_risk_difference_column"/>
    <testcase time="0.0760000000000005" classname="fda_table_13" name="Table_13_generation_works_with_risk_difference_column">
      <skipped message="Reason: On CRAN ('test-fda-table_13.R:46:3')"/>
    </testcase>
  </testsuite>
  <testsuite name="fda-table_14" timestamp="2025-03-04T19:20:25Z" hostname="2fcba903279a" tests="13" skipped="4" failures="0" errors="0" time="2.445">
    <testcase time="0.0229999999999961" classname="fda_table_14" name="Table_14_generation_works_with_default_values"/>
    <testcase time="0.401000000000003" classname="fda_table_14" name="Table_14_generation_works_with_default_values"/>
    <testcase time="0.141999999999996" classname="fda_table_14" name="Table_14_generation_works_with_default_values">
      <skipped message="Reason: On CRAN ('test-fda-table_14.R:16:3')"/>
    </testcase>
    <testcase time="0.0140000000000029" classname="fda_table_14" name="Table_14_generation_works_with_custom_values"/>
    <testcase time="0.0409999999999968" classname="fda_table_14" name="Table_14_generation_works_with_custom_values"/>
    <testcase time="0.420000000000002" classname="fda_table_14" name="Table_14_generation_works_with_custom_values"/>
    <testcase time="0.153999999999996" classname="fda_table_14" name="Table_14_generation_works_with_custom_values">
      <skipped message="Reason: On CRAN ('test-fda-table_14.R:46:3')"/>
    </testcase>
    <testcase time="0.0140000000000029" classname="fda_table_14" name="Table_14_generation_works_with_NA_values_pruned_rows"/>
    <testcase time="0.408999999999999" classname="fda_table_14" name="Table_14_generation_works_with_NA_values_pruned_rows"/>
    <testcase time="0.116" classname="fda_table_14" name="Table_14_generation_works_with_NA_values_pruned_rows">
      <skipped message="Reason: On CRAN ('test-fda-table_14.R:53:3')"/>
    </testcase>
    <testcase time="0.0130000000000052" classname="fda_table_14" name="Table_14_generation_works_with_risk_difference_column"/>
    <testcase time="0.528999999999996" classname="fda_table_14" name="Table_14_generation_works_with_risk_difference_column"/>
    <testcase time="0.168999999999997" classname="fda_table_14" name="Table_14_generation_works_with_risk_difference_column">
      <skipped message="Reason: On CRAN ('test-fda-table_14.R:61:3')"/>
    </testcase>
  </testsuite>
  <testsuite name="fda-table_15" timestamp="2025-03-04T19:20:27Z" hostname="2fcba903279a" tests="16" skipped="4" failures="0" errors="0" time="1.396">
    <testcase time="0.0200000000000031" classname="fda_table_15" name="Table_15_generation_works_with_default_values"/>
    <testcase time="0.0279999999999987" classname="fda_table_15" name="Table_15_generation_works_with_default_values"/>
    <testcase time="0.195" classname="fda_table_15" name="Table_15_generation_works_with_default_values"/>
    <testcase time="0.100999999999999" classname="fda_table_15" name="Table_15_generation_works_with_default_values">
      <skipped message="Reason: On CRAN ('test-fda-table_15.R:19:3')"/>
    </testcase>
    <testcase time="0.0130000000000052" classname="fda_table_15" name="Table_15_generation_works_with_custom_values"/>
    <testcase time="0.0279999999999987" classname="fda_table_15" name="Table_15_generation_works_with_custom_values"/>
    <testcase time="0.196999999999996" classname="fda_table_15" name="Table_15_generation_works_with_custom_values"/>
    <testcase time="0.0940000000000012" classname="fda_table_15" name="Table_15_generation_works_with_custom_values">
      <skipped message="Reason: On CRAN ('test-fda-table_15.R:51:3')"/>
    </testcase>
    <testcase time="0.0129999999999981" classname="fda_table_15" name="Table_15_generation_works_with_NA_values_pruned_rows"/>
    <testcase time="0.0289999999999964" classname="fda_table_15" name="Table_15_generation_works_with_NA_values_pruned_rows"/>
    <testcase time="0.195" classname="fda_table_15" name="Table_15_generation_works_with_NA_values_pruned_rows"/>
    <testcase time="0.102000000000004" classname="fda_table_15" name="Table_15_generation_works_with_NA_values_pruned_rows">
      <skipped message="Reason: On CRAN ('test-fda-table_15.R:58:3')"/>
    </testcase>
    <testcase time="0.0129999999999981" classname="fda_table_15" name="Table_15_generation_works_with_risk_difference_column"/>
    <testcase time="0.0279999999999987" classname="fda_table_15" name="Table_15_generation_works_with_risk_difference_column"/>
    <testcase time="0.231999999999999" classname="fda_table_15" name="Table_15_generation_works_with_risk_difference_column"/>
    <testcase time="0.108000000000004" classname="fda_table_15" name="Table_15_generation_works_with_risk_difference_column">
      <skipped message="Reason: On CRAN ('test-fda-table_15.R:66:3')"/>
    </testcase>
  </testsuite>
  <testsuite name="fda-table_16" timestamp="2025-03-04T19:20:28Z" hostname="2fcba903279a" tests="16" skipped="4" failures="0" errors="0" time="1.241">
    <testcase time="0.0189999999999984" classname="fda_table_16" name="Table_16_generation_works_with_default_values"/>
    <testcase time="0.0259999999999962" classname="fda_table_16" name="Table_16_generation_works_with_default_values"/>
    <testcase time="0.197000000000003" classname="fda_table_16" name="Table_16_generation_works_with_default_values"/>
    <testcase time="0.0549999999999997" classname="fda_table_16" name="Table_16_generation_works_with_default_values">
      <skipped message="Reason: On CRAN ('test-fda-table_16.R:19:3')"/>
    </testcase>
    <testcase time="0.0140000000000029" classname="fda_table_16" name="Table_16_generation_works_with_custom_values"/>
    <testcase time="0.0479999999999947" classname="fda_table_16" name="Table_16_generation_works_with_custom_values"/>
    <testcase time="0.186" classname="fda_table_16" name="Table_16_generation_works_with_custom_values"/>
    <testcase time="0.0679999999999978" classname="fda_table_16" name="Table_16_generation_works_with_custom_values">
      <skipped message="Reason: On CRAN ('test-fda-table_16.R:51:3')"/>
    </testcase>
    <testcase time="0.0129999999999981" classname="fda_table_16" name="Table_16_generation_works_with_NA_values_pruned_rows"/>
    <testcase time="0.027000000000001" classname="fda_table_16" name="Table_16_generation_works_with_NA_values_pruned_rows"/>
    <testcase time="0.198999999999998" classname="fda_table_16" name="Table_16_generation_works_with_NA_values_pruned_rows"/>
    <testcase time="0.0530000000000044" classname="fda_table_16" name="Table_16_generation_works_with_NA_values_pruned_rows">
      <skipped message="Reason: On CRAN ('test-fda-table_16.R:58:3')"/>
    </testcase>
    <testcase time="0.0129999999999981" classname="fda_table_16" name="Table_16_generation_works_with_risk_difference_column"/>
    <testcase time="0.0260000000000034" classname="fda_table_16" name="Table_16_generation_works_with_risk_difference_column"/>
    <testcase time="0.234999999999999" classname="fda_table_16" name="Table_16_generation_works_with_risk_difference_column"/>
    <testcase time="0.0619999999999976" classname="fda_table_16" name="Table_16_generation_works_with_risk_difference_column">
      <skipped message="Reason: On CRAN ('test-fda-table_16.R:66:3')"/>
    </testcase>
  </testsuite>
  <testsuite name="fda-table_17" timestamp="2025-03-04T19:20:30Z" hostname="2fcba903279a" tests="16" skipped="4" failures="0" errors="0" time="2.116">
    <testcase time="0.0200000000000031" classname="fda_table_17" name="Table_17_generation_works_with_default_values"/>
    <testcase time="0.029999999999994" classname="fda_table_17" name="Table_17_generation_works_with_default_values"/>
    <testcase time="0.308" classname="fda_table_17" name="Table_17_generation_works_with_default_values"/>
    <testcase time="0.153000000000006" classname="fda_table_17" name="Table_17_generation_works_with_default_values">
      <skipped message="Reason: On CRAN ('test-fda-table_17.R:25:3')"/>
    </testcase>
    <testcase time="0.0129999999999981" classname="fda_table_17" name="Table_17_generation_works_with_custom_values"/>
    <testcase time="0.0300000000000011" classname="fda_table_17" name="Table_17_generation_works_with_custom_values"/>
    <testcase time="0.305999999999997" classname="fda_table_17" name="Table_17_generation_works_with_custom_values"/>
    <testcase time="0.155000000000001" classname="fda_table_17" name="Table_17_generation_works_with_custom_values">
      <skipped message="Reason: On CRAN ('test-fda-table_17.R:57:3')"/>
    </testcase>
    <testcase time="0.0129999999999981" classname="fda_table_17" name="Table_17_generation_works_with_NA_values_pruned_rows"/>
    <testcase time="0.0399999999999991" classname="fda_table_17" name="Table_17_generation_works_with_NA_values_pruned_rows"/>
    <testcase time="0.295000000000002" classname="fda_table_17" name="Table_17_generation_works_with_NA_values_pruned_rows"/>
    <testcase time="0.161000000000001" classname="fda_table_17" name="Table_17_generation_works_with_NA_values_pruned_rows">
      <skipped message="Reason: On CRAN ('test-fda-table_17.R:64:3')"/>
    </testcase>
    <testcase time="0.0189999999999984" classname="fda_table_17" name="Table_17_generation_works_with_risk_difference_column"/>
    <testcase time="0.0309999999999988" classname="fda_table_17" name="Table_17_generation_works_with_risk_difference_column"/>
    <testcase time="0.352000000000004" classname="fda_table_17" name="Table_17_generation_works_with_risk_difference_column"/>
    <testcase time="0.189999999999998" classname="fda_table_17" name="Table_17_generation_works_with_risk_difference_column">
      <skipped message="Reason: On CRAN ('test-fda-table_17.R:72:3')"/>
    </testcase>
  </testsuite>
  <testsuite name="fda-table_18" timestamp="2025-03-04T19:20:32Z" hostname="2fcba903279a" tests="16" skipped="4" failures="0" errors="0" time="1.734">
    <testcase time="0.0200000000000031" classname="fda_table_18" name="Table_18_generation_works_with_default_values"/>
    <testcase time="0.0259999999999962" classname="fda_table_18" name="Table_18_generation_works_with_default_values"/>
    <testcase time="0.292999999999999" classname="fda_table_18" name="Table_18_generation_works_with_default_values"/>
    <testcase time="0.0870000000000033" classname="fda_table_18" name="Table_18_generation_works_with_default_values">
      <skipped message="Reason: On CRAN ('test-fda-table_18.R:25:3')"/>
    </testcase>
    <testcase time="0.0129999999999981" classname="fda_table_18" name="Table_18_generation_works_with_custom_values"/>
    <testcase time="0.027000000000001" classname="fda_table_18" name="Table_18_generation_works_with_custom_values"/>
    <testcase time="0.292999999999999" classname="fda_table_18" name="Table_18_generation_works_with_custom_values"/>
    <testcase time="0.0739999999999981" classname="fda_table_18" name="Table_18_generation_works_with_custom_values">
      <skipped message="Reason: On CRAN ('test-fda-table_18.R:57:3')"/>
    </testcase>
    <testcase time="0.0240000000000009" classname="fda_table_18" name="Table_18_generation_works_with_NA_values_pruned_rows"/>
    <testcase time="0.0290000000000035" classname="fda_table_18" name="Table_18_generation_works_with_NA_values_pruned_rows"/>
    <testcase time="0.290999999999997" classname="fda_table_18" name="Table_18_generation_works_with_NA_values_pruned_rows"/>
    <testcase time="0.0730000000000004" classname="fda_table_18" name="Table_18_generation_works_with_NA_values_pruned_rows">
      <skipped message="Reason: On CRAN ('test-fda-table_18.R:64:3')"/>
    </testcase>
    <testcase time="0.0140000000000029" classname="fda_table_18" name="Table_18_generation_works_with_risk_difference_column"/>
    <testcase time="0.027000000000001" classname="fda_table_18" name="Table_18_generation_works_with_risk_difference_column"/>
    <testcase time="0.357999999999997" classname="fda_table_18" name="Table_18_generation_works_with_risk_difference_column"/>
    <testcase time="0.0850000000000009" classname="fda_table_18" name="Table_18_generation_works_with_risk_difference_column">
      <skipped message="Reason: On CRAN ('test-fda-table_18.R:72:3')"/>
    </testcase>
  </testsuite>
  <testsuite name="fda-table_20" timestamp="2025-03-04T19:20:34Z" hostname="2fcba903279a" tests="23" skipped="3" failures="0" errors="1" time="1.787">
    <testcase time="0.0210000000000008" classname="fda_table_20" name="Table_20_generation_works_with_default_values"/>
    <testcase time="0.000999999999997669" classname="fda_table_20" name="Table_20_generation_works_with_default_values"/>
    <testcase time="0.000999999999997669" classname="fda_table_20" name="Table_20_generation_works_with_default_values"/>
    <testcase time="0.0380000000000038" classname="fda_table_20" name="Table_20_generation_works_with_default_values"/>
    <testcase time="0.308999999999997" classname="fda_table_20" name="Table_20_generation_works_with_default_values"/>
    <testcase time="0.0870000000000033" classname="fda_table_20" name="Table_20_generation_works_with_default_values">
      <skipped message="Reason: On CRAN ('test-fda-table_20.R:17:3')"/>
    </testcase>
    <testcase time="0.0139999999999958" classname="fda_table_20" name="Table_20_generation_works_with_custom_values"/>
    <testcase time="0.00100000000000477" classname="fda_table_20" name="Table_20_generation_works_with_custom_values"/>
    <testcase time="0.000999999999997669" classname="fda_table_20" name="Table_20_generation_works_with_custom_values"/>
    <testcase time="0.0300000000000011" classname="fda_table_20" name="Table_20_generation_works_with_custom_values"/>
    <testcase time="0.304000000000002" classname="fda_table_20" name="Table_20_generation_works_with_custom_values">
      <error type="error" message="Error in `tt_at_path(obj, rowpath)`: Path appears invalid for this tree at step AE grouping related to AESI ('test-fda-table_20.R:43:3')">Error in `tt_at_path(obj, rowpath)`: Path appears invalid for this tree at step AE grouping related to AESI
Backtrace:
    x
 1. +-rtables::`fnotes_at_path&lt;-`(...) at test-fda-table_20.R:43:3
 2. \-rtables::`fnotes_at_path&lt;-`(...)
 3.   +-rtables::tt_at_path(obj, rowpath)
 4.   \-rtables::tt_at_path(obj, rowpath)</error>
    </testcase>
    <testcase time="0.0229999999999961" classname="fda_table_20" name="Table_20_generation_works_with_missing_values_pruned_rows"/>
    <testcase time="0.00200000000000244" classname="fda_table_20" name="Table_20_generation_works_with_missing_values_pruned_rows"/>
    <testcase time="0.000999999999997669" classname="fda_table_20" name="Table_20_generation_works_with_missing_values_pruned_rows"/>
    <testcase time="0.0300000000000011" classname="fda_table_20" name="Table_20_generation_works_with_missing_values_pruned_rows"/>
    <testcase time="0.286999999999999" classname="fda_table_20" name="Table_20_generation_works_with_missing_values_pruned_rows"/>
    <testcase time="0.0829999999999984" classname="fda_table_20" name="Table_20_generation_works_with_missing_values_pruned_rows">
      <skipped message="Reason: On CRAN ('test-fda-table_20.R:74:3')"/>
    </testcase>
    <testcase time="0.0140000000000029" classname="fda_table_20" name="Table_20_generation_works_with_risk_difference_column"/>
    <testcase time="0.000999999999997669" classname="fda_table_20" name="Table_20_generation_works_with_risk_difference_column"/>
    <testcase time="0.00200000000000244" classname="fda_table_20" name="Table_20_generation_works_with_risk_difference_column"/>
    <testcase time="0.0289999999999964" classname="fda_table_20" name="Table_20_generation_works_with_risk_difference_column"/>
    <testcase time="0.394000000000005" classname="fda_table_20" name="Table_20_generation_works_with_risk_difference_column"/>
    <testcase time="0.113999999999997" classname="fda_table_20" name="Table_20_generation_works_with_risk_difference_column">
      <skipped message="Reason: On CRAN ('test-fda-table_20.R:82:3')"/>
    </testcase>
  </testsuite>
  <testsuite name="fda-table_21" timestamp="2025-03-04T19:20:35Z" hostname="2fcba903279a" tests="19" skipped="4" failures="0" errors="0" time="1.899">
    <testcase time="0.0279999999999987" classname="fda_table_21" name="Table_21_generation_works_with_default_values"/>
    <testcase time="0.00200000000000244" classname="fda_table_21" name="Table_21_generation_works_with_default_values"/>
    <testcase time="0.375999999999998" classname="fda_table_21" name="Table_21_generation_works_with_default_values"/>
    <testcase time="0.115000000000002" classname="fda_table_21" name="Table_21_generation_works_with_default_values">
      <skipped message="Reason: On CRAN ('test-fda-table_21.R:16:3')"/>
    </testcase>
    <testcase time="0.0129999999999981" classname="fda_table_21" name="Table_21_generation_works_with_custom_values_N_s_denominator_and_overall_column"/>
    <testcase time="0.00200000000000244" classname="fda_table_21" name="Table_21_generation_works_with_custom_values_N_s_denominator_and_overall_column"/>
    <testcase time="0.0519999999999996" classname="fda_table_21" name="Table_21_generation_works_with_custom_values_N_s_denominator_and_overall_column"/>
    <testcase time="0.467999999999996" classname="fda_table_21" name="Table_21_generation_works_with_custom_values_N_s_denominator_and_overall_column"/>
    <testcase time="0.113" classname="fda_table_21" name="Table_21_generation_works_with_custom_values_N_s_denominator_and_overall_column">
      <skipped message="Reason: On CRAN ('test-fda-table_21.R:28:3')"/>
    </testcase>
    <testcase time="0.0140000000000029" classname="fda_table_21" name="Table_21_generation_works_with_custom_values_N_col_denominator_and_no_overall_column"/>
    <testcase time="0.000999999999997669" classname="fda_table_21" name="Table_21_generation_works_with_custom_values_N_col_denominator_and_no_overall_column"/>
    <testcase time="0.034000000000006" classname="fda_table_21" name="Table_21_generation_works_with_custom_values_N_col_denominator_and_no_overall_column"/>
    <testcase time="0.231999999999999" classname="fda_table_21" name="Table_21_generation_works_with_custom_values_N_col_denominator_and_no_overall_column"/>
    <testcase time="0.110999999999997" classname="fda_table_21" name="Table_21_generation_works_with_custom_values_N_col_denominator_and_no_overall_column">
      <skipped message="Reason: On CRAN ('test-fda-table_21.R:56:3')"/>
    </testcase>
    <testcase time="0.0439999999999969" classname="fda_table_21" name="Table_21_generation_works_with_some_NA_values"/>
    <testcase time="0.00100000000000477" classname="fda_table_21" name="Table_21_generation_works_with_some_NA_values"/>
    <testcase time="0.0319999999999965" classname="fda_table_21" name="Table_21_generation_works_with_some_NA_values"/>
    <testcase time="0.190000000000005" classname="fda_table_21" name="Table_21_generation_works_with_some_NA_values"/>
    <testcase time="0.070999999999998" classname="fda_table_21" name="Table_21_generation_works_with_some_NA_values">
      <skipped message="Reason: On CRAN ('test-fda-table_21.R:76:3')"/>
    </testcase>
  </testsuite>
  <testsuite name="fda-table_22" timestamp="2025-03-04T19:20:37Z" hostname="2fcba903279a" tests="8" skipped="4" failures="0" errors="0" time="1.899">
    <testcase time="0.417000000000002" classname="fda_table_22" name="Table_22_generation_works_with_default_values"/>
    <testcase time="0.102999999999994" classname="fda_table_22" name="Table_22_generation_works_with_default_values">
      <skipped message="Reason: On CRAN ('test-fda-table_22.R:21:3')"/>
    </testcase>
    <testcase time="0.519000000000005" classname="fda_table_22" name="Table_22_generation_works_with_custom_values_N_s_denominator_and_overall_column"/>
    <testcase time="0.128" classname="fda_table_22" name="Table_22_generation_works_with_custom_values_N_s_denominator_and_overall_column">
      <skipped message="Reason: On CRAN ('test-fda-table_22.R:33:3')"/>
    </testcase>
    <testcase time="0.274999999999999" classname="fda_table_22" name="Table_22_generation_works_with_custom_values_N_col_denominator_and_no_overall_column"/>
    <testcase time="0.0949999999999989" classname="fda_table_22" name="Table_22_generation_works_with_custom_values_N_col_denominator_and_no_overall_column">
      <skipped message="Reason: On CRAN ('test-fda-table_22.R:61:3')"/>
    </testcase>
    <testcase time="0.286999999999999" classname="fda_table_22" name="Table_22_generation_works_with_some_NA_values"/>
    <testcase time="0.0750000000000028" classname="fda_table_22" name="Table_22_generation_works_with_some_NA_values">
      <skipped message="Reason: On CRAN ('test-fda-table_22.R:81:3')"/>
    </testcase>
  </testsuite>
  <testsuite name="fda-table_32" timestamp="2025-03-04T19:20:39Z" hostname="2fcba903279a" tests="25" skipped="7" failures="0" errors="0" time="5.36">
    <testcase time="0.0439999999999969" classname="fda_table_32" name="Table_32_generation_works_with_default_values"/>
    <testcase time="0.0339999999999989" classname="fda_table_32" name="Table_32_generation_works_with_default_values"/>
    <testcase time="0.106999999999999" classname="fda_table_32" name="Table_32_generation_works_with_default_values"/>
    <testcase time="0.0590000000000046" classname="fda_table_32" name="Table_32_generation_works_with_default_values">
      <skipped message="Reason: On CRAN ('test-fda-table_32.R:14:3')"/>
    </testcase>
    <testcase time="0.0139999999999958" classname="fda_table_32" name="Table_32_generation_works_with_custom_values"/>
    <testcase time="0.0350000000000037" classname="fda_table_32" name="Table_32_generation_works_with_custom_values"/>
    <testcase time="0.122999999999998" classname="fda_table_32" name="Table_32_generation_works_with_custom_values"/>
    <testcase time="0.0790000000000006" classname="fda_table_32" name="Table_32_generation_works_with_custom_values">
      <skipped message="Reason: On CRAN ('test-fda-table_32.R:36:3')"/>
    </testcase>
    <testcase time="0.0129999999999981" classname="fda_table_32" name="Table_32_generation_works_with_pruned_rows"/>
    <testcase time="0.0350000000000037" classname="fda_table_32" name="Table_32_generation_works_with_pruned_rows"/>
    <testcase time="0.097999999999999" classname="fda_table_32" name="Table_32_generation_works_with_pruned_rows"/>
    <testcase time="0.046999999999997" classname="fda_table_32" name="Table_32_generation_works_with_pruned_rows">
      <skipped message="Reason: On CRAN ('test-fda-table_32.R:43:3')"/>
    </testcase>
    <testcase time="0.0140000000000029" classname="fda_table_32" name="Table_32_generation_works_with_risk_difference_column"/>
    <testcase time="0.0459999999999994" classname="fda_table_32" name="Table_32_generation_works_with_risk_difference_column"/>
    <testcase time="0.134" classname="fda_table_32" name="Table_32_generation_works_with_risk_difference_column"/>
    <testcase time="0.0579999999999998" classname="fda_table_32" name="Table_32_generation_works_with_risk_difference_column">
      <skipped message="Reason: On CRAN ('test-fda-table_32.R:51:3')"/>
    </testcase>
    <testcase time="0.0140000000000029" classname="fda_table_32" name="Table_32_gtsum_generation_works_with_default_values"/>
    <testcase time="1.13999999999999" classname="fda_table_32" name="Table_32_gtsum_generation_works_with_default_values"/>
    <testcase time="0.01400000000001" classname="fda_table_32" name="Table_32_gtsum_generation_works_with_default_values">
      <skipped message="Reason: On CRAN ('test-fda-table_32.R:57:3')"/>
    </testcase>
    <testcase time="0.012999999999991" classname="fda_table_32" name="Table_32_gtsum_generation_works_with_custom_values"/>
    <testcase time="1.607" classname="fda_table_32" name="Table_32_gtsum_generation_works_with_custom_values"/>
    <testcase time="0.0150000000000006" classname="fda_table_32" name="Table_32_gtsum_generation_works_with_custom_values">
      <skipped message="Reason: On CRAN ('test-fda-table_32.R:66:3')"/>
    </testcase>
    <testcase time="0.0130000000000052" classname="fda_table_32" name="Table_32_gtsum_generation_missing_values_and_ADSL"/>
    <testcase time="1.59" classname="fda_table_32" name="Table_32_gtsum_generation_missing_values_and_ADSL"/>
    <testcase time="0.0139999999999958" classname="fda_table_32" name="Table_32_gtsum_generation_missing_values_and_ADSL">
      <skipped message="Reason: On CRAN ('test-fda-table_32.R:80:3')"/>
    </testcase>
  </testsuite>
  <testsuite name="fda-table_33" timestamp="2025-03-04T19:20:45Z" hostname="2fcba903279a" tests="25" skipped="7" failures="0" errors="0" time="5.541">
    <testcase time="0.0690000000000026" classname="fda_table_33" name="Table_33_generation_works_with_default_values"/>
    <testcase time="0.203999999999994" classname="fda_table_33" name="Table_33_generation_works_with_default_values"/>
    <testcase time="0.100000000000009" classname="fda_table_33" name="Table_33_generation_works_with_default_values"/>
    <testcase time="0.039999999999992" classname="fda_table_33" name="Table_33_generation_works_with_default_values">
      <skipped message="Reason: On CRAN ('test-fda-table_33.R:14:3')"/>
    </testcase>
    <testcase time="0.0130000000000052" classname="fda_table_33" name="Table_33_generation_works_with_custom_values"/>
    <testcase time="0.221999999999994" classname="fda_table_33" name="Table_33_generation_works_with_custom_values"/>
    <testcase time="0.105000000000004" classname="fda_table_33" name="Table_33_generation_works_with_custom_values"/>
    <testcase time="0.0489999999999924" classname="fda_table_33" name="Table_33_generation_works_with_custom_values">
      <skipped message="Reason: On CRAN ('test-fda-table_33.R:40:3')"/>
    </testcase>
    <testcase time="0.01400000000001" classname="fda_table_33" name="Table_33_generation_works_with_pruned_rows"/>
    <testcase time="0.238" classname="fda_table_33" name="Table_33_generation_works_with_pruned_rows"/>
    <testcase time="0.100999999999999" classname="fda_table_33" name="Table_33_generation_works_with_pruned_rows"/>
    <testcase time="0.0390000000000015" classname="fda_table_33" name="Table_33_generation_works_with_pruned_rows">
      <skipped message="Reason: On CRAN ('test-fda-table_33.R:48:3')"/>
    </testcase>
    <testcase time="0.0139999999999958" classname="fda_table_33" name="Table_33_generation_works_with_risk_difference_column"/>
    <testcase time="0.219999999999999" classname="fda_table_33" name="Table_33_generation_works_with_risk_difference_column"/>
    <testcase time="0.103999999999999" classname="fda_table_33" name="Table_33_generation_works_with_risk_difference_column"/>
    <testcase time="0.046999999999997" classname="fda_table_33" name="Table_33_generation_works_with_risk_difference_column">
      <skipped message="Reason: On CRAN ('test-fda-table_33.R:56:3')"/>
    </testcase>
    <testcase time="0.01400000000001" classname="fda_table_33" name="Table_33_gtsum_generation_works_with_default_values"/>
    <testcase time="1.06099999999999" classname="fda_table_33" name="Table_33_gtsum_generation_works_with_default_values"/>
    <testcase time="0.012999999999991" classname="fda_table_33" name="Table_33_gtsum_generation_works_with_default_values">
      <skipped message="Reason: On CRAN ('test-fda-table_33.R:62:3')"/>
    </testcase>
    <testcase time="0.01400000000001" classname="fda_table_33" name="Table_33_gtsum_generation_works_with_custom_values"/>
    <testcase time="1.41799999999999" classname="fda_table_33" name="Table_33_gtsum_generation_works_with_custom_values"/>
    <testcase time="0.0150000000000006" classname="fda_table_33" name="Table_33_gtsum_generation_works_with_custom_values">
      <skipped message="Reason: On CRAN ('test-fda-table_33.R:71:3')"/>
    </testcase>
    <testcase time="0.0210000000000008" classname="fda_table_33" name="Table_33_gtsum_generation_missing_values_and_ADSL"/>
    <testcase time="1.39200000000001" classname="fda_table_33" name="Table_33_gtsum_generation_missing_values_and_ADSL"/>
    <testcase time="0.0139999999999958" classname="fda_table_33" name="Table_33_gtsum_generation_missing_values_and_ADSL">
      <skipped message="Reason: On CRAN ('test-fda-table_33.R:85:3')"/>
    </testcase>
  </testsuite>
  <testsuite name="fda-table_34" timestamp="2025-03-04T19:20:50Z" hostname="2fcba903279a" tests="12" skipped="3" failures="0" errors="0" time="4.4">
    <testcase time="0.0210000000000008" classname="fda_table_34" name="Table_34_generation_works_with_default_values"/>
    <testcase time="0.0279999999999916" classname="fda_table_34" name="Table_34_generation_works_with_default_values"/>
    <testcase time="1.64700000000001" classname="fda_table_34" name="Table_34_generation_works_with_default_values"/>
    <testcase time="0.222999999999999" classname="fda_table_34" name="Table_34_generation_works_with_default_values">
      <skipped message="Reason: On CRAN ('test-fda-table_34.R:17:3')"/>
    </testcase>
    <testcase time="0.012999999999991" classname="fda_table_34" name="Table_34_generation_works_with_custom_values"/>
    <testcase time="0.0240000000000009" classname="fda_table_34" name="Table_34_generation_works_with_custom_values"/>
    <testcase time="0.462000000000003" classname="fda_table_34" name="Table_34_generation_works_with_custom_values"/>
    <testcase time="0.0889999999999986" classname="fda_table_34" name="Table_34_generation_works_with_custom_values">
      <skipped message="Reason: On CRAN ('test-fda-table_34.R:49:3')"/>
    </testcase>
    <testcase time="0.0139999999999958" classname="fda_table_34" name="Table_34_generation_works_with_risk_difference_column"/>
    <testcase time="0.0320000000000107" classname="fda_table_34" name="Table_34_generation_works_with_risk_difference_column"/>
    <testcase time="1.59399999999999" classname="fda_table_34" name="Table_34_generation_works_with_risk_difference_column"/>
    <testcase time="0.253" classname="fda_table_34" name="Table_34_generation_works_with_risk_difference_column">
      <skipped message="Reason: On CRAN ('test-fda-table_34.R:57:3')"/>
    </testcase>
  </testsuite>
  <testsuite name="fda-table_35" timestamp="2025-03-04T19:20:54Z" hostname="2fcba903279a" tests="24" skipped="6" failures="0" errors="0" time="1.187">
    <testcase time="0.0169999999999959" classname="fda_table_35" name="Table_35_generation_works_with_default_values"/>
    <testcase time="0.034000000000006" classname="fda_table_35" name="Table_35_generation_works_with_default_values"/>
    <testcase time="0.078000000000003" classname="fda_table_35" name="Table_35_generation_works_with_default_values"/>
    <testcase time="0.0480000000000018" classname="fda_table_35" name="Table_35_generation_works_with_default_values">
      <skipped message="Reason: On CRAN ('test-fda-table_35.R:8:3')"/>
    </testcase>
    <testcase time="0.0139999999999958" classname="fda_table_35" name="Table_35_generation_works_with_custom_values"/>
    <testcase time="0.034000000000006" classname="fda_table_35" name="Table_35_generation_works_with_custom_values"/>
    <testcase time="0.10499999999999" classname="fda_table_35" name="Table_35_generation_works_with_custom_values"/>
    <testcase time="0.0550000000000068" classname="fda_table_35" name="Table_35_generation_works_with_custom_values">
      <skipped message="Reason: On CRAN ('test-fda-table_35.R:39:3')"/>
    </testcase>
    <testcase time="0.012999999999991" classname="fda_table_35" name="Table_35_generation_works_with_risk_difference_column"/>
    <testcase time="0.0350000000000108" classname="fda_table_35" name="Table_35_generation_works_with_risk_difference_column"/>
    <testcase time="0.100999999999999" classname="fda_table_35" name="Table_35_generation_works_with_risk_difference_column"/>
    <testcase time="0.0529999999999973" classname="fda_table_35" name="Table_35_generation_works_with_risk_difference_column">
      <skipped message="Reason: On CRAN ('test-fda-table_35.R:47:3')"/>
    </testcase>
    <testcase time="0.0409999999999968" classname="fda_table_35" name="Table_35_generation_works_with_some_NA_values"/>
    <testcase time="0.0319999999999965" classname="fda_table_35" name="Table_35_generation_works_with_some_NA_values"/>
    <testcase time="0.078000000000003" classname="fda_table_35" name="Table_35_generation_works_with_some_NA_values"/>
    <testcase time="0.0520000000000067" classname="fda_table_35" name="Table_35_generation_works_with_some_NA_values">
      <skipped message="Reason: On CRAN ('test-fda-table_35.R:58:3')"/>
    </testcase>
    <testcase time="0.012999999999991" classname="fda_table_35" name="Table_35_generation_works_with_custom_values_SOC_variable_and_label_"/>
    <testcase time="0.0350000000000108" classname="fda_table_35" name="Table_35_generation_works_with_custom_values_SOC_variable_and_label_"/>
    <testcase time="0.105999999999995" classname="fda_table_35" name="Table_35_generation_works_with_custom_values_SOC_variable_and_label_"/>
    <testcase time="0.0739999999999981" classname="fda_table_35" name="Table_35_generation_works_with_custom_values_SOC_variable_and_label_">
      <skipped message="Reason: On CRAN ('test-fda-table_35.R:71:3')"/>
    </testcase>
    <testcase time="0.0130000000000052" classname="fda_table_35" name="Table_35_generation_works_with_pruning"/>
    <testcase time="0.0349999999999966" classname="fda_table_35" name="Table_35_generation_works_with_pruning"/>
    <testcase time="0.078000000000003" classname="fda_table_35" name="Table_35_generation_works_with_pruning"/>
    <testcase time="0.0429999999999922" classname="fda_table_35" name="Table_35_generation_works_with_pruning">
      <skipped message="Reason: On CRAN ('test-fda-table_35.R:79:3')"/>
    </testcase>
  </testsuite>
  <testsuite name="fda-table_36" timestamp="2025-03-04T19:20:56Z" hostname="2fcba903279a" tests="18" skipped="6" failures="0" errors="0" time="3.96">
    <testcase time="0.0490000000000066" classname="fda_table_36" name="Table_36_generation_works_with_default_values"/>
    <testcase time="0.316999999999993" classname="fda_table_36" name="Table_36_generation_works_with_default_values"/>
    <testcase time="0.210999999999999" classname="fda_table_36" name="Table_36_generation_works_with_default_values">
      <skipped message="Reason: On CRAN ('test-fda-table_36.R:8:3')"/>
    </testcase>
    <testcase time="0.0450000000000017" classname="fda_table_36" name="Table_36_generation_works_with_custom_values"/>
    <testcase time="0.390000000000001" classname="fda_table_36" name="Table_36_generation_works_with_custom_values"/>
    <testcase time="0.216999999999999" classname="fda_table_36" name="Table_36_generation_works_with_custom_values">
      <skipped message="Reason: On CRAN ('test-fda-table_36.R:39:3')"/>
    </testcase>
    <testcase time="0.0450000000000017" classname="fda_table_36" name="Table_36_generation_works_with_risk_difference_column"/>
    <testcase time="0.399000000000001" classname="fda_table_36" name="Table_36_generation_works_with_risk_difference_column"/>
    <testcase time="0.216999999999999" classname="fda_table_36" name="Table_36_generation_works_with_risk_difference_column">
      <skipped message="Reason: On CRAN ('test-fda-table_36.R:47:3')"/>
    </testcase>
    <testcase time="0.0439999999999969" classname="fda_table_36" name="Table_36_generation_works_with_some_NA_values"/>
    <testcase time="0.320000000000007" classname="fda_table_36" name="Table_36_generation_works_with_some_NA_values"/>
    <testcase time="0.191999999999993" classname="fda_table_36" name="Table_36_generation_works_with_some_NA_values">
      <skipped message="Reason: On CRAN ('test-fda-table_36.R:57:3')"/>
    </testcase>
    <testcase time="0.0450000000000017" classname="fda_table_36" name="Table_36_generation_works_with_custom_values_SOC_variable_and_label_"/>
    <testcase time="0.641999999999996" classname="fda_table_36" name="Table_36_generation_works_with_custom_values_SOC_variable_and_label_"/>
    <testcase time="0.359000000000009" classname="fda_table_36" name="Table_36_generation_works_with_custom_values_SOC_variable_and_label_">
      <skipped message="Reason: On CRAN ('test-fda-table_36.R:70:3')"/>
    </testcase>
    <testcase time="0.0450000000000017" classname="fda_table_36" name="Table_36_generation_works_with_pruning"/>
    <testcase time="0.326999999999998" classname="fda_table_36" name="Table_36_generation_works_with_pruning"/>
    <testcase time="0.0959999999999894" classname="fda_table_36" name="Table_36_generation_works_with_pruning">
      <skipped message="Reason: On CRAN ('test-fda-table_36.R:77:3')"/>
    </testcase>
  </testsuite>
  <testsuite name="fda-table_38" timestamp="2025-03-04T19:21:00Z" hostname="2fcba903279a" tests="12" skipped="3" failures="0" errors="0" time="2.276">
    <testcase time="0.0220000000000056" classname="fda_table_38" name="Table_38_generation_works_with_default_values"/>
    <testcase time="0.0250000000000057" classname="fda_table_38" name="Table_38_generation_works_with_default_values"/>
    <testcase time="0.332999999999998" classname="fda_table_38" name="Table_38_generation_works_with_default_values"/>
    <testcase time="0.0989999999999895" classname="fda_table_38" name="Table_38_generation_works_with_default_values">
      <skipped message="Reason: On CRAN ('test-fda-table_38.R:18:3')"/>
    </testcase>
    <testcase time="0.0130000000000052" classname="fda_table_38" name="Table_38_generation_works_with_custom_values"/>
    <testcase time="0.0319999999999965" classname="fda_table_38" name="Table_38_generation_works_with_custom_values"/>
    <testcase time="0.917000000000002" classname="fda_table_38" name="Table_38_generation_works_with_custom_values"/>
    <testcase time="0.233000000000004" classname="fda_table_38" name="Table_38_generation_works_with_custom_values">
      <skipped message="Reason: On CRAN ('test-fda-table_38.R:48:3')"/>
    </testcase>
    <testcase time="0.0139999999999958" classname="fda_table_38" name="Table_38_generation_works_with_risk_difference_column"/>
    <testcase time="0.0250000000000057" classname="fda_table_38" name="Table_38_generation_works_with_risk_difference_column"/>
    <testcase time="0.447999999999993" classname="fda_table_38" name="Table_38_generation_works_with_risk_difference_column"/>
    <testcase time="0.115000000000009" classname="fda_table_38" name="Table_38_generation_works_with_risk_difference_column">
      <skipped message="Reason: On CRAN ('test-fda-table_38.R:56:3')"/>
    </testcase>
  </testsuite>
</testsuites>
