<?xml version="1.0" encoding="UTF-8"?>
<testsuites>
  <testsuite name="fda-fig_01" timestamp="2025-02-07T16:56:57Z" hostname="e6fa475969dc" tests="8" skipped="4" failures="0" errors="0" time="1.624">
    <testcase time="0.121" classname="fda_fig_01" name="Figure_01_generation_works_with_default_values"/>
    <testcase time="0.546" classname="fda_fig_01" name="Figure_01_generation_works_with_default_values">
      <skipped message="Reason: On CI ('test-fda-fig_01.R:12:3')"/>
    </testcase>
    <testcase time="0.0339999999999998" classname="fda_fig_01" name="Figure_01_generation_works_with_no_table"/>
    <testcase time="0.0370000000000004" classname="fda_fig_01" name="Figure_01_generation_works_with_no_table">
      <skipped message="Reason: On CI ('test-fda-fig_01.R:21:3')"/>
    </testcase>
    <testcase time="0.0259999999999998" classname="fda_fig_01" name="Figure_01_generation_works_with_custom_values"/>
    <testcase time="0.487" classname="fda_fig_01" name="Figure_01_generation_works_with_custom_values">
      <skipped message="Reason: On CI ('test-fda-fig_01.R:37:3')"/>
    </testcase>
    <testcase time="0.0129999999999999" classname="fda_fig_01" name="Figure_01_generation_works_with_ggtheme_argument_specified"/>
    <testcase time="0.36" classname="fda_fig_01" name="Figure_01_generation_works_with_ggtheme_argument_specified">
      <skipped message="Reason: On CI ('test-fda-fig_01.R:49:3')"/>
    </testcase>
  </testsuite>
  <testsuite name="fda-fig_02" timestamp="2025-02-07T16:56:59Z" hostname="e6fa475969dc" tests="8" skipped="4" failures="0" errors="0" time="1.172">
    <testcase time="0.0230000000000001" classname="fda_fig_02" name="Figure_02_generation_works_with_default_values"/>
    <testcase time="0.344" classname="fda_fig_02" name="Figure_02_generation_works_with_default_values">
      <skipped message="Reason: On CI ('test-fda-fig_02.R:11:3')"/>
    </testcase>
    <testcase time="0.0129999999999999" classname="fda_fig_02" name="Figure_02_generation_works_with_no_table"/>
    <testcase time="0.0270000000000001" classname="fda_fig_02" name="Figure_02_generation_works_with_no_table">
      <skipped message="Reason: On CI ('test-fda-fig_02.R:20:3')"/>
    </testcase>
    <testcase time="0.0129999999999999" classname="fda_fig_02" name="Figure_02_generation_works_with_custom_values"/>
    <testcase time="0.384" classname="fda_fig_02" name="Figure_02_generation_works_with_custom_values">
      <skipped message="Reason: On CI ('test-fda-fig_02.R:36:3')"/>
    </testcase>
    <testcase time="0.0129999999999999" classname="fda_fig_02" name="Figure_02_generation_works_with_ggtheme_argument_specified"/>
    <testcase time="0.355" classname="fda_fig_02" name="Figure_02_generation_works_with_ggtheme_argument_specified">
      <skipped message="Reason: On CI ('test-fda-fig_02.R:48:3')"/>
    </testcase>
  </testsuite>
  <testsuite name="fda-fig_03" timestamp="2025-02-07T16:57:00Z" hostname="e6fa475969dc" tests="8" skipped="4" failures="0" errors="0" time="2.038">
    <testcase time="0.0259999999999998" classname="fda_fig_03" name="Figure_03_generation_works_with_default_values"/>
    <testcase time="0.599" classname="fda_fig_03" name="Figure_03_generation_works_with_default_values">
      <skipped message="Reason: On CI ('test-fda-fig_03.R:9:3')"/>
    </testcase>
    <testcase time="0.0139999999999993" classname="fda_fig_03" name="Figure_03_generation_works_with_no_table"/>
    <testcase time="0.069" classname="fda_fig_03" name="Figure_03_generation_works_with_no_table">
      <skipped message="Reason: On CI ('test-fda-fig_03.R:18:3')"/>
    </testcase>
    <testcase time="0.0129999999999999" classname="fda_fig_03" name="Figure_03_generation_works_with_custom_values"/>
    <testcase time="0.722" classname="fda_fig_03" name="Figure_03_generation_works_with_custom_values">
      <skipped message="Reason: On CI ('test-fda-fig_03.R:35:3')"/>
    </testcase>
    <testcase time="0.0209999999999999" classname="fda_fig_03" name="Figure_03_generation_works_with_ggtheme_argument_specified"/>
    <testcase time="0.574" classname="fda_fig_03" name="Figure_03_generation_works_with_ggtheme_argument_specified">
      <skipped message="Reason: On CI ('test-fda-fig_03.R:48:3')"/>
    </testcase>
  </testsuite>
  <testsuite name="fda-fig_14" timestamp="2025-02-07T16:57:02Z" hostname="e6fa475969dc" tests="8" skipped="4" failures="0" errors="0" time="2.299">
    <testcase time="0.0170000000000003" classname="fda_fig_14" name="Figure_14_generation_works_with_default_values"/>
    <testcase time="0.691" classname="fda_fig_14" name="Figure_14_generation_works_with_default_values">
      <skipped message="Reason: On CI ('test-fda-fig_14.R:7:3')"/>
    </testcase>
    <testcase time="0.0129999999999999" classname="fda_fig_14" name="Figure_14_generation_works_with_no_table"/>
    <testcase time="0.0460000000000003" classname="fda_fig_14" name="Figure_14_generation_works_with_no_table">
      <skipped message="Reason: On CI ('test-fda-fig_14.R:16:3')"/>
    </testcase>
    <testcase time="0.0129999999999999" classname="fda_fig_14" name="Figure_14_generation_works_with_custom_values"/>
    <testcase time="0.635999999999999" classname="fda_fig_14" name="Figure_14_generation_works_with_custom_values">
      <skipped message="Reason: On CI ('test-fda-fig_14.R:40:3')"/>
    </testcase>
    <testcase time="0.0200000000000014" classname="fda_fig_14" name="Figure_14_generation_works_with_ggtheme_argument_specified"/>
    <testcase time="0.863" classname="fda_fig_14" name="Figure_14_generation_works_with_ggtheme_argument_specified">
      <skipped message="Reason: On CI ('test-fda-fig_14.R:52:3')"/>
    </testcase>
  </testsuite>
  <testsuite name="fda-table_02" timestamp="2025-02-07T16:57:04Z" hostname="e6fa475969dc" tests="19" skipped="6" failures="0" errors="0" time="6.449">
    <testcase time="0.032" classname="fda_table_02" name="Table_02_generation_works_with_default_values"/>
    <testcase time="0.0519999999999996" classname="fda_table_02" name="Table_02_generation_works_with_default_values"/>
    <testcase time="1.981" classname="fda_table_02" name="Table_02_generation_works_with_default_values">
      <skipped message="Reason: On CRAN ('test-fda-table_02.R:9:3')"/>
    </testcase>
    <testcase time="0.0310000000000006" classname="fda_table_02" name="Table_02_generation_works_with_custom_values"/>
    <testcase time="0.0440000000000005" classname="fda_table_02" name="Table_02_generation_works_with_custom_values"/>
    <testcase time="1.979" classname="fda_table_02" name="Table_02_generation_works_with_custom_values"/>
    <testcase time="0.116" classname="fda_table_02" name="Table_02_generation_works_with_custom_values">
      <skipped message="Reason: On CRAN ('test-fda-table_02.R:27:3')"/>
    </testcase>
    <testcase time="0.0310000000000006" classname="fda_table_02" name="Table_02_generation_works_with_some_NA_values"/>
    <testcase time="0.837" classname="fda_table_02" name="Table_02_generation_works_with_some_NA_values"/>
    <testcase time="0.118" classname="fda_table_02" name="Table_02_generation_works_with_some_NA_values">
      <skipped message="Reason: On CRAN ('test-fda-table_02.R:41:3')"/>
    </testcase>
    <testcase time="0.0129999999999999" classname="fda_table_02" name="Table_02_generation_rtables_works_with_default_values"/>
    <testcase time="0.321999999999999" classname="fda_table_02" name="Table_02_generation_rtables_works_with_default_values"/>
    <testcase time="0.167000000000002" classname="fda_table_02" name="Table_02_generation_rtables_works_with_default_values">
      <skipped message="Reason: On CRAN ('test-fda-table_02.R:48:3')"/>
    </testcase>
    <testcase time="0.0309999999999988" classname="fda_table_02" name="Table_02_generation_rtables_works_with_custom_values"/>
    <testcase time="0.284000000000001" classname="fda_table_02" name="Table_02_generation_rtables_works_with_custom_values"/>
    <testcase time="0.234999999999999" classname="fda_table_02" name="Table_02_generation_rtables_works_with_custom_values">
      <skipped message="Reason: On CRAN ('test-fda-table_02.R:77:3')"/>
    </testcase>
    <testcase time="0.0259999999999998" classname="fda_table_02" name="Table_02_generation_rtables_works_with_some_NA_values"/>
    <testcase time="0.0960000000000001" classname="fda_table_02" name="Table_02_generation_rtables_works_with_some_NA_values"/>
    <testcase time="0.0540000000000003" classname="fda_table_02" name="Table_02_generation_rtables_works_with_some_NA_values">
      <skipped message="Reason: On CRAN ('test-fda-table_02.R:89:3')"/>
    </testcase>
  </testsuite>
  <testsuite name="fda-table_03" timestamp="2025-02-07T16:57:11Z" hostname="e6fa475969dc" tests="8" skipped="2" failures="0" errors="0" time="0.651">
    <testcase time="0.0190000000000001" classname="fda_table_03" name="Table_3_generation_works_with_default_values"/>
    <testcase time="0.000999999999999446" classname="fda_table_03" name="Table_3_generation_works_with_default_values"/>
    <testcase time="0.233000000000001" classname="fda_table_03" name="Table_3_generation_works_with_default_values"/>
    <testcase time="0.0609999999999999" classname="fda_table_03" name="Table_3_generation_works_with_default_values">
      <skipped message="Reason: On CRAN ('test-fda-table_03.R:21:3')"/>
    </testcase>
    <testcase time="0.0120000000000005" classname="fda_table_03" name="Table_3_generation_works_with_custom_values"/>
    <testcase time="0.00199999999999889" classname="fda_table_03" name="Table_3_generation_works_with_custom_values"/>
    <testcase time="0.243" classname="fda_table_03" name="Table_3_generation_works_with_custom_values"/>
    <testcase time="0.0800000000000018" classname="fda_table_03" name="Table_3_generation_works_with_custom_values">
      <skipped message="Reason: On CRAN ('test-fda-table_03.R:41:3')"/>
    </testcase>
  </testsuite>
  <testsuite name="fda-table_04" timestamp="2025-02-07T16:57:11Z" hostname="e6fa475969dc" tests="9" skipped="2" failures="0" errors="0" time="0.656">
    <testcase time="0.0189999999999984" classname="fda_table_04" name="Table_04_generation_works_with_default_values"/>
    <testcase time="0.213999999999999" classname="fda_table_04" name="Table_04_generation_works_with_default_values"/>
    <testcase time="0.093" classname="fda_table_04" name="Table_04_generation_works_with_default_values">
      <skipped message="Reason: On CRAN ('test-fda-table_04.R:17:3')"/>
    </testcase>
    <testcase time="0.0120000000000005" classname="fda_table_04" name="Table_04_generation_works_with_custom_values"/>
    <testcase time="0.00100000000000122" classname="fda_table_04" name="Table_04_generation_works_with_custom_values"/>
    <testcase time="0.00100000000000122" classname="fda_table_04" name="Table_04_generation_works_with_custom_values"/>
    <testcase time="0.00100000000000122" classname="fda_table_04" name="Table_04_generation_works_with_custom_values"/>
    <testcase time="0.234999999999999" classname="fda_table_04" name="Table_04_generation_works_with_custom_values"/>
    <testcase time="0.0800000000000018" classname="fda_table_04" name="Table_04_generation_works_with_custom_values">
      <skipped message="Reason: On CRAN ('test-fda-table_04.R:45:3')"/>
    </testcase>
  </testsuite>
  <testsuite name="fda-table_05" timestamp="2025-02-07T16:57:12Z" hostname="e6fa475969dc" tests="11" skipped="5" failures="0" errors="0" time="3.438">
    <testcase time="0.0179999999999971" classname="fda_table_05" name="Table_05_generation_works_with_default_values"/>
    <testcase time="1.188" classname="fda_table_05" name="Table_05_generation_works_with_default_values"/>
    <testcase time="0.108999999999998" classname="fda_table_05" name="Table_05_generation_works_with_default_values">
      <skipped message="Reason: On CRAN ('test-fda-table_05.R:11:3')"/>
    </testcase>
    <testcase time="1.182" classname="fda_table_05" name="Table_05_generation_works_with_gtsummary_with_custom_values"/>
    <testcase time="0.119" classname="fda_table_05" name="Table_05_generation_works_with_gtsummary_with_custom_values">
      <skipped message="Reason: On CRAN ('test-fda-table_05.R:33:3')"/>
    </testcase>
    <testcase time="0.198" classname="fda_table_05" name="Table_05_generation_works_with_rtables_with_custom_values"/>
    <testcase time="0.0949999999999989" classname="fda_table_05" name="Table_05_generation_works_with_rtables_with_custom_values">
      <skipped message="Reason: On CRAN ('test-fda-table_05.R:59:3')"/>
    </testcase>
    <testcase time="0.166999999999998" classname="fda_table_05" name="Table_05_generation_works_with_rtables_with_NA_values_pruned_rows"/>
    <testcase time="0.0720000000000027" classname="fda_table_05" name="Table_05_generation_works_with_rtables_with_NA_values_pruned_rows">
      <skipped message="Reason: On CRAN ('test-fda-table_05.R:69:3')"/>
    </testcase>
    <testcase time="0.207999999999998" classname="fda_table_05" name="Table_05_generation_works_with_rtables_with_risk_difference_column"/>
    <testcase time="0.0820000000000007" classname="fda_table_05" name="Table_05_generation_works_with_rtables_with_risk_difference_column">
      <skipped message="Reason: On CRAN ('test-fda-table_05.R:82:3')"/>
    </testcase>
  </testsuite>
  <testsuite name="fda-table_06" timestamp="2025-02-07T16:57:15Z" hostname="e6fa475969dc" tests="15" skipped="3" failures="0" errors="0" time="1.73">
    <testcase time="0.0169999999999995" classname="fda_table_06" name="Table_06_generation_works_with_default_values"/>
    <testcase time="0.00199999999999889" classname="fda_table_06" name="Table_06_generation_works_with_default_values"/>
    <testcase time="0.0430000000000028" classname="fda_table_06" name="Table_06_generation_works_with_default_values"/>
    <testcase time="0.335999999999999" classname="fda_table_06" name="Table_06_generation_works_with_default_values"/>
    <testcase time="0.103999999999999" classname="fda_table_06" name="Table_06_generation_works_with_default_values">
      <skipped message="Reason: On CRAN ('test-fda-table_06.R:8:3')"/>
    </testcase>
    <testcase time="0.0130000000000017" classname="fda_table_06" name="Table_06_generation_works_with_custom_values"/>
    <testcase time="0.000999999999997669" classname="fda_table_06" name="Table_06_generation_works_with_custom_values"/>
    <testcase time="0.0370000000000026" classname="fda_table_06" name="Table_06_generation_works_with_custom_values"/>
    <testcase time="0.439999999999998" classname="fda_table_06" name="Table_06_generation_works_with_custom_values"/>
    <testcase time="0.136000000000003" classname="fda_table_06" name="Table_06_generation_works_with_custom_values">
      <skipped message="Reason: On CRAN ('test-fda-table_06.R:40:3')"/>
    </testcase>
    <testcase time="0.0129999999999981" classname="fda_table_06" name="Table_06_generation_works_with_risk_difference_column"/>
    <testcase time="0.00100000000000122" classname="fda_table_06" name="Table_06_generation_works_with_risk_difference_column"/>
    <testcase time="0.0449999999999982" classname="fda_table_06" name="Table_06_generation_works_with_risk_difference_column"/>
    <testcase time="0.425000000000001" classname="fda_table_06" name="Table_06_generation_works_with_risk_difference_column"/>
    <testcase time="0.117000000000001" classname="fda_table_06" name="Table_06_generation_works_with_risk_difference_column">
      <skipped message="Reason: On CRAN ('test-fda-table_06.R:48:3')"/>
    </testcase>
  </testsuite>
  <testsuite name="fda-table_07" timestamp="2025-02-07T16:57:17Z" hostname="e6fa475969dc" tests="24" skipped="4" failures="0" errors="0" time="1.841">
    <testcase time="0.0199999999999996" classname="fda_table_07" name="Table_07_generation_works_with_default_values"/>
    <testcase time="0.00100000000000122" classname="fda_table_07" name="Table_07_generation_works_with_default_values"/>
    <testcase time="0.000999999999997669" classname="fda_table_07" name="Table_07_generation_works_with_default_values"/>
    <testcase time="0.0259999999999998" classname="fda_table_07" name="Table_07_generation_works_with_default_values"/>
    <testcase time="0.244" classname="fda_table_07" name="Table_07_generation_works_with_default_values"/>
    <testcase time="0.121000000000002" classname="fda_table_07" name="Table_07_generation_works_with_default_values">
      <skipped message="Reason: On CRAN ('test-fda-table_07.R:13:3')"/>
    </testcase>
    <testcase time="0.0129999999999981" classname="fda_table_07" name="Table_07_generation_works_with_custom_values"/>
    <testcase time="0.00100000000000122" classname="fda_table_07" name="Table_07_generation_works_with_custom_values"/>
    <testcase time="0.00100000000000122" classname="fda_table_07" name="Table_07_generation_works_with_custom_values"/>
    <testcase time="0.0269999999999975" classname="fda_table_07" name="Table_07_generation_works_with_custom_values"/>
    <testcase time="0.330000000000002" classname="fda_table_07" name="Table_07_generation_works_with_custom_values"/>
    <testcase time="0.145" classname="fda_table_07" name="Table_07_generation_works_with_custom_values">
      <skipped message="Reason: On CRAN ('test-fda-table_07.R:42:3')"/>
    </testcase>
    <testcase time="0.0219999999999985" classname="fda_table_07" name="Table_07_generation_works_with_NA_values_pruned_rows"/>
    <testcase time="0.00200000000000244" classname="fda_table_07" name="Table_07_generation_works_with_NA_values_pruned_rows"/>
    <testcase time="0.000999999999997669" classname="fda_table_07" name="Table_07_generation_works_with_NA_values_pruned_rows"/>
    <testcase time="0.0259999999999998" classname="fda_table_07" name="Table_07_generation_works_with_NA_values_pruned_rows"/>
    <testcase time="0.239000000000001" classname="fda_table_07" name="Table_07_generation_works_with_NA_values_pruned_rows"/>
    <testcase time="0.134" classname="fda_table_07" name="Table_07_generation_works_with_NA_values_pruned_rows">
      <skipped message="Reason: On CRAN ('test-fda-table_07.R:52:3')"/>
    </testcase>
    <testcase time="0.0160000000000018" classname="fda_table_07" name="Table_07_generation_works_with_risk_difference_column"/>
    <testcase time="0.00199999999999889" classname="fda_table_07" name="Table_07_generation_works_with_risk_difference_column"/>
    <testcase time="0.00100000000000122" classname="fda_table_07" name="Table_07_generation_works_with_risk_difference_column"/>
    <testcase time="0.0269999999999975" classname="fda_table_07" name="Table_07_generation_works_with_risk_difference_column"/>
    <testcase time="0.302" classname="fda_table_07" name="Table_07_generation_works_with_risk_difference_column"/>
    <testcase time="0.139000000000003" classname="fda_table_07" name="Table_07_generation_works_with_risk_difference_column">
      <skipped message="Reason: On CRAN ('test-fda-table_07.R:65:3')"/>
    </testcase>
  </testsuite>
  <testsuite name="fda-table_08" timestamp="2025-02-07T16:57:19Z" hostname="e6fa475969dc" tests="8" skipped="2" failures="0" errors="0" time="0.451">
    <testcase time="0.0169999999999995" classname="fda_table_08" name="Table_08_generation_works_with_default_values"/>
    <testcase time="0.000999999999997669" classname="fda_table_08" name="Table_08_generation_works_with_default_values"/>
    <testcase time="0.0289999999999999" classname="fda_table_08" name="Table_08_generation_works_with_default_values"/>
    <testcase time="0.162000000000003" classname="fda_table_08" name="Table_08_generation_works_with_default_values">
      <skipped message="Reason: On CRAN ('test-fda-table_08.R:10:3')"/>
    </testcase>
    <testcase time="0.0229999999999997" classname="fda_table_08" name="Table_08_generation_works_with_custom_values"/>
    <testcase time="0.00199999999999889" classname="fda_table_08" name="Table_08_generation_works_with_custom_values"/>
    <testcase time="0.0249999999999986" classname="fda_table_08" name="Table_08_generation_works_with_custom_values"/>
    <testcase time="0.192" classname="fda_table_08" name="Table_08_generation_works_with_custom_values">
      <skipped message="Reason: On CRAN ('test-fda-table_08.R:31:3')"/>
    </testcase>
  </testsuite>
  <testsuite name="fda-table_09" timestamp="2025-02-07T16:57:19Z" hostname="e6fa475969dc" tests="47" skipped="7" failures="0" errors="0" time="8.392">
    <testcase time="0.0180000000000007" classname="fda_table_09" name="Table_09_generation_works_with_default_values"/>
    <testcase time="0.027000000000001" classname="fda_table_09" name="Table_09_generation_works_with_default_values"/>
    <testcase time="0.234999999999999" classname="fda_table_09" name="Table_09_generation_works_with_default_values"/>
    <testcase time="0.0770000000000017" classname="fda_table_09" name="Table_09_generation_works_with_default_values">
      <skipped message="Reason: On CRAN ('test-fda-table_09.R:8:3')"/>
    </testcase>
    <testcase time="0.0129999999999981" classname="fda_table_09" name="Table_09_generation_works_with_custom_values"/>
    <testcase time="0.027000000000001" classname="fda_table_09" name="Table_09_generation_works_with_custom_values"/>
    <testcase time="0.285" classname="fda_table_09" name="Table_09_generation_works_with_custom_values"/>
    <testcase time="0.0850000000000009" classname="fda_table_09" name="Table_09_generation_works_with_custom_values">
      <skipped message="Reason: On CRAN ('test-fda-table_09.R:39:3')"/>
    </testcase>
    <testcase time="0.0159999999999982" classname="fda_table_09" name="Table_09_gt_generation_works_with_risk_difference_column"/>
    <testcase time="0.0259999999999998" classname="fda_table_09" name="Table_09_gt_generation_works_with_risk_difference_column"/>
    <testcase time="0.294" classname="fda_table_09" name="Table_09_gt_generation_works_with_risk_difference_column"/>
    <testcase time="0.0839999999999996" classname="fda_table_09" name="Table_09_gt_generation_works_with_risk_difference_column">
      <skipped message="Reason: On CRAN ('test-fda-table_09.R:47:3')"/>
    </testcase>
    <testcase time="0.0139999999999993" classname="fda_table_09" name="Table_09_gt_generation_works_with_default_values"/>
    <testcase time="0.0950000000000024" classname="fda_table_09" name="Table_09_gt_generation_works_with_default_values">
      <skipped message="Reason: On CRAN ('test-fda-table_09.R:60:3')"/>
    </testcase>
    <testcase time="0.0129999999999981" classname="fda_table_09" name="Table_09_gt_generation_works_with_custom_values"/>
    <testcase time="0.146000000000001" classname="fda_table_09" name="Table_09_gt_generation_works_with_custom_values">
      <skipped message="Reason: On CRAN ('test-fda-table_09.R:88:3')"/>
    </testcase>
    <testcase time="0.634" classname="fda_table_09" name="make_table_09_tplyr_returns_a_tibble_when_tplyr_raw_TRUE"/>
    <testcase time="0.00199999999999889" classname="fda_table_09" name="make_table_09_tplyr_returns_a_tibble_when_tplyr_raw_TRUE"/>
    <testcase time="0.0139999999999993" classname="fda_table_09" name="make_table_09_tplyr_returns_a_tibble_when_tplyr_raw_TRUE">
      <skipped message="Reason: On CRAN ('test-fda-table_09.R:101:3')"/>
    </testcase>
    <testcase time="0.423999999999999" classname="fda_table_09" name="make_table_09_tplyr_returns_a_gt_object_when_tplyr_raw_FALSE"/>
    <testcase time="0.00200000000000244" classname="fda_table_09" name="make_table_09_tplyr_returns_a_gt_object_when_tplyr_raw_FALSE"/>
    <testcase time="0.0459999999999994" classname="fda_table_09" name="make_table_09_tplyr_returns_a_gt_object_when_tplyr_raw_FALSE">
      <skipped message="Reason: On CRAN ('test-fda-table_09.R:112:3')"/>
    </testcase>
    <testcase time="0.364000000000001" classname="fda_table_09" name="make_table_09_tplyr_provides_total_column_counts_based_on_the_alt_count_df_parameter"/>
    <testcase time="0.379999999999999" classname="fda_table_09" name="make_table_09_tplyr_provides_total_column_counts_based_on_the_alt_count_df_parameter"/>
    <testcase time="0.356000000000002" classname="fda_table_09" name="make_table_09_tplyr_assigns_column_headers_correctly_to_the_arm_groups"/>
    <testcase time="0.348999999999997" classname="fda_table_09" name="make_table_09_tplyr_assigns_column_headers_correctly_to_the_arm_groups"/>
    <testcase time="0.352" classname="fda_table_09" name="make_table_09_tplyr_assigns_column_headers_correctly_to_the_arm_groups"/>
    <testcase time="0.356000000000002" classname="fda_table_09" name="make_table_09_tplyr_provides_risk_difference_columns_based_on_the_risk_diff_pairs_parameter"/>
    <testcase time="0.347999999999999" classname="fda_table_09" name="make_table_09_tplyr_provides_risk_difference_columns_based_on_the_risk_diff_pairs_parameter"/>
    <testcase time="0.384" classname="fda_table_09" name="make_table_09_tplyr_provides_a_total_column_based_on_the_lbl_overall_parameter"/>
    <testcase time="0.00300000000000011" classname="fda_table_09" name="make_table_09_tplyr_provides_a_total_column_based_on_the_lbl_overall_parameter"/>
    <testcase time="0.347000000000001" classname="fda_table_09" name="make_table_09_tplyr_provides_a_total_column_based_on_the_lbl_overall_parameter"/>
    <testcase time="0.366" classname="fda_table_09" name="make_table_09_tplyr_prunes_all_zero_rows_based_on_the_prune_0_parameter"/>
    <testcase time="0.352" classname="fda_table_09" name="make_table_09_tplyr_prunes_all_zero_rows_based_on_the_prune_0_parameter"/>
    <testcase time="0.372999999999998" classname="fda_table_09" name="make_table_09_tplyr_shows_column_counts_based_on_the_show_colcounts_parameter"/>
    <testcase time="0.347000000000001" classname="fda_table_09" name="make_table_09_tplyr_shows_column_counts_based_on_the_show_colcounts_parameter"/>
    <testcase time="0.358000000000001" classname="fda_table_09" name="make_table_09_tplyr_considers_lbl_soc_var_and_lbl_pref_var_parameters"/>
    <testcase time="0.00200000000000244" classname="fda_table_09" name="make_table_09_tplyr_considers_lbl_soc_var_and_lbl_pref_var_parameters"/>
    <testcase time="0.379999999999995" classname="fda_table_09" name="make_table_09_tplyr_considers_lbl_soc_var_and_lbl_pref_var_parameters"/>
    <testcase time="0.00300000000000011" classname="fda_table_09" name="make_table_09_tplyr_considers_lbl_soc_var_and_lbl_pref_var_parameters"/>
    <testcase time="0.379000000000005" classname="fda_table_09" name="make_table_09_tplyr_considers_annotations_if_tplyr_raw_FALSE"/>
    <testcase time="0.00300000000000011" classname="fda_table_09" name="make_table_09_tplyr_considers_annotations_if_tplyr_raw_FALSE"/>
    <testcase time="0.00300000000000011" classname="fda_table_09" name="make_table_09_tplyr_considers_annotations_if_tplyr_raw_FALSE"/>
    <testcase time="0.00199999999999534" classname="fda_table_09" name="make_table_09_tplyr_considers_annotations_if_tplyr_raw_FALSE"/>
    <testcase time="0.00300000000000011" classname="fda_table_09" name="make_table_09_tplyr_considers_annotations_if_tplyr_raw_FALSE"/>
    <testcase time="0.00200000000000244" classname="fda_table_09" name="make_table_09_tplyr_considers_annotations_if_tplyr_raw_FALSE"/>
    <testcase time="0.00300000000000011" classname="fda_table_09" name="make_table_09_tplyr_considers_annotations_if_tplyr_raw_FALSE"/>
  </testsuite>
  <testsuite name="fda-table_10" timestamp="2025-02-07T16:57:28Z" hostname="e6fa475969dc" tests="15" skipped="3" failures="0" errors="0" time="1.232">
    <testcase time="0.0120000000000005" classname="fda_table_10" name="Table_10_generation_works_with_default_values"/>
    <testcase time="0.000999999999997669" classname="fda_table_10" name="Table_10_generation_works_with_default_values"/>
    <testcase time="0.0260000000000034" classname="fda_table_10" name="Table_10_generation_works_with_default_values"/>
    <testcase time="0.256" classname="fda_table_10" name="Table_10_generation_works_with_default_values"/>
    <testcase time="0.113" classname="fda_table_10" name="Table_10_generation_works_with_default_values">
      <skipped message="Reason: On CRAN ('test-fda-table_10.R:17:3')"/>
    </testcase>
    <testcase time="0.0129999999999981" classname="fda_table_10" name="Table_10_generation_works_with_custom_values"/>
    <testcase time="0.000999999999997669" classname="fda_table_10" name="Table_10_generation_works_with_custom_values"/>
    <testcase time="0.0240000000000009" classname="fda_table_10" name="Table_10_generation_works_with_custom_values"/>
    <testcase time="0.237000000000002" classname="fda_table_10" name="Table_10_generation_works_with_custom_values"/>
    <testcase time="0.0670000000000002" classname="fda_table_10" name="Table_10_generation_works_with_custom_values">
      <skipped message="Reason: On CRAN ('test-fda-table_10.R:52:3')"/>
    </testcase>
    <testcase time="0.0129999999999981" classname="fda_table_10" name="Table_10_generation_works_with_risk_difference_column"/>
    <testcase time="0.000999999999997669" classname="fda_table_10" name="Table_10_generation_works_with_risk_difference_column"/>
    <testcase time="0.027000000000001" classname="fda_table_10" name="Table_10_generation_works_with_risk_difference_column"/>
    <testcase time="0.311" classname="fda_table_10" name="Table_10_generation_works_with_risk_difference_column"/>
    <testcase time="0.130000000000003" classname="fda_table_10" name="Table_10_generation_works_with_risk_difference_column">
      <skipped message="Reason: On CRAN ('test-fda-table_10.R:60:3')"/>
    </testcase>
  </testsuite>
  <testsuite name="fda-table_11" timestamp="2025-02-07T16:57:29Z" hostname="e6fa475969dc" tests="19" skipped="4" failures="0" errors="0" time="4.236">
    <testcase time="0.0210000000000008" classname="fda_table_11" name="Table_11_generation_works_with_default_values"/>
    <testcase time="0.0390000000000015" classname="fda_table_11" name="Table_11_generation_works_with_default_values"/>
    <testcase time="0.151999999999994" classname="fda_table_11" name="Table_11_generation_works_with_default_values"/>
    <testcase time="0.0320000000000036" classname="fda_table_11" name="Table_11_generation_works_with_default_values"/>
    <testcase time="1.261" classname="fda_table_11" name="Table_11_generation_works_with_default_values"/>
    <testcase time="0.000999999999997669" classname="fda_table_11" name="Table_11_generation_works_with_default_values"/>
    <testcase time="0.112000000000002" classname="fda_table_11" name="Table_11_generation_works_with_default_values">
      <skipped message="Reason: On CRAN ('test-fda-table_11.R:19:3')"/>
    </testcase>
    <testcase time="0.0120000000000005" classname="fda_table_11" name="Table_11_generation_works_with_gtsummary_with_custom_values"/>
    <testcase time="0.0319999999999965" classname="fda_table_11" name="Table_11_generation_works_with_gtsummary_with_custom_values"/>
    <testcase time="1.224" classname="fda_table_11" name="Table_11_generation_works_with_gtsummary_with_custom_values"/>
    <testcase time="0.109999999999999" classname="fda_table_11" name="Table_11_generation_works_with_gtsummary_with_custom_values">
      <skipped message="Reason: On CRAN ('test-fda-table_11.R:41:3')"/>
    </testcase>
    <testcase time="0.0139999999999958" classname="fda_table_11" name="Table_11_generation_works_with_rtables_with_custom_values"/>
    <testcase time="0.0279999999999987" classname="fda_table_11" name="Table_11_generation_works_with_rtables_with_custom_values"/>
    <testcase time="0.393000000000001" classname="fda_table_11" name="Table_11_generation_works_with_rtables_with_custom_values"/>
    <testcase time="0.0680000000000049" classname="fda_table_11" name="Table_11_generation_works_with_rtables_with_custom_values">
      <skipped message="Reason: On CRAN ('test-fda-table_11.R:73:3')"/>
    </testcase>
    <testcase time="0.0129999999999981" classname="fda_table_11" name="Table_11_generation_works_with_rtables_with_risk_difference_column"/>
    <testcase time="0.0330000000000013" classname="fda_table_11" name="Table_11_generation_works_with_rtables_with_risk_difference_column"/>
    <testcase time="0.537999999999997" classname="fda_table_11" name="Table_11_generation_works_with_rtables_with_risk_difference_column"/>
    <testcase time="0.152999999999999" classname="fda_table_11" name="Table_11_generation_works_with_rtables_with_risk_difference_column">
      <skipped message="Reason: On CRAN ('test-fda-table_11.R:81:3')"/>
    </testcase>
  </testsuite>
  <testsuite name="fda-table_12" timestamp="2025-02-07T16:57:33Z" hostname="e6fa475969dc" tests="23" skipped="5" failures="0" errors="0" time="5.343">
    <testcase time="0.0180000000000007" classname="fda_table_12" name="Table_12_generation_works_with_default_values"/>
    <testcase time="0.0330000000000013" classname="fda_table_12" name="Table_12_generation_works_with_default_values"/>
    <testcase time="0.158999999999999" classname="fda_table_12" name="Table_12_generation_works_with_default_values"/>
    <testcase time="0.0330000000000013" classname="fda_table_12" name="Table_12_generation_works_with_default_values"/>
    <testcase time="1.179" classname="fda_table_12" name="Table_12_generation_works_with_default_values"/>
    <testcase time="0.00199999999999534" classname="fda_table_12" name="Table_12_generation_works_with_default_values"/>
    <testcase time="0.126000000000005" classname="fda_table_12" name="Table_12_generation_works_with_default_values">
      <skipped message="Reason: On CRAN ('test-fda-table_12.R:10:3')"/>
    </testcase>
    <testcase time="0.0120000000000005" classname="fda_table_12" name="Table_12_generation_works_with_gtsummary_with_custom_values"/>
    <testcase time="0.0329999999999941" classname="fda_table_12" name="Table_12_generation_works_with_gtsummary_with_custom_values"/>
    <testcase time="1.17100000000001" classname="fda_table_12" name="Table_12_generation_works_with_gtsummary_with_custom_values"/>
    <testcase time="0.119" classname="fda_table_12" name="Table_12_generation_works_with_gtsummary_with_custom_values">
      <skipped message="Reason: On CRAN ('test-fda-table_12.R:32:3')"/>
    </testcase>
    <testcase time="0.0129999999999981" classname="fda_table_12" name="Table_12_generation_works_with_default_values"/>
    <testcase time="0.0330000000000013" classname="fda_table_12" name="Table_12_generation_works_with_default_values"/>
    <testcase time="0.774999999999999" classname="fda_table_12" name="Table_12_generation_works_with_default_values"/>
    <testcase time="0.103999999999999" classname="fda_table_12" name="Table_12_generation_works_with_default_values">
      <skipped message="Reason: On CRAN ('test-fda-table_12.R:41:3')"/>
    </testcase>
    <testcase time="0.0140000000000029" classname="fda_table_12" name="Table_12_generation_works_with_custom_values"/>
    <testcase time="0.0379999999999967" classname="fda_table_12" name="Table_12_generation_works_with_custom_values"/>
    <testcase time="0.533999999999999" classname="fda_table_12" name="Table_12_generation_works_with_custom_values"/>
    <testcase time="0.101999999999997" classname="fda_table_12" name="Table_12_generation_works_with_custom_values">
      <skipped message="Reason: On CRAN ('test-fda-table_12.R:71:3')"/>
    </testcase>
    <testcase time="0.0129999999999981" classname="fda_table_12" name="Table_12_generation_works_with_risk_difference_column"/>
    <testcase time="0.0330000000000013" classname="fda_table_12" name="Table_12_generation_works_with_risk_difference_column"/>
    <testcase time="0.676000000000002" classname="fda_table_12" name="Table_12_generation_works_with_risk_difference_column"/>
    <testcase time="0.122999999999998" classname="fda_table_12" name="Table_12_generation_works_with_risk_difference_column">
      <skipped message="Reason: On CRAN ('test-fda-table_12.R:79:3')"/>
    </testcase>
  </testsuite>
  <testsuite name="fda-table_13" timestamp="2025-02-07T16:57:39Z" hostname="e6fa475969dc" tests="12" skipped="3" failures="0" errors="0" time="0.679">
    <testcase time="0.017000000000003" classname="fda_table_13" name="Table_13_generation_works_with_default_values"/>
    <testcase time="0.0309999999999988" classname="fda_table_13" name="Table_13_generation_works_with_default_values"/>
    <testcase time="0.0949999999999989" classname="fda_table_13" name="Table_13_generation_works_with_default_values"/>
    <testcase time="0.070999999999998" classname="fda_table_13" name="Table_13_generation_works_with_default_values">
      <skipped message="Reason: On CRAN ('test-fda-table_13.R:8:3')"/>
    </testcase>
    <testcase time="0.0140000000000029" classname="fda_table_13" name="Table_13_generation_works_with_custom_values"/>
    <testcase time="0.0330000000000013" classname="fda_table_13" name="Table_13_generation_works_with_custom_values"/>
    <testcase time="0.120999999999995" classname="fda_table_13" name="Table_13_generation_works_with_custom_values"/>
    <testcase time="0.0550000000000068" classname="fda_table_13" name="Table_13_generation_works_with_custom_values">
      <skipped message="Reason: On CRAN ('test-fda-table_13.R:38:3')"/>
    </testcase>
    <testcase time="0.0129999999999981" classname="fda_table_13" name="Table_13_generation_works_with_risk_difference_column"/>
    <testcase time="0.0319999999999965" classname="fda_table_13" name="Table_13_generation_works_with_risk_difference_column"/>
    <testcase time="0.122" classname="fda_table_13" name="Table_13_generation_works_with_risk_difference_column"/>
    <testcase time="0.0750000000000028" classname="fda_table_13" name="Table_13_generation_works_with_risk_difference_column">
      <skipped message="Reason: On CRAN ('test-fda-table_13.R:46:3')"/>
    </testcase>
  </testsuite>
  <testsuite name="fda-table_14" timestamp="2025-02-07T16:57:39Z" hostname="e6fa475969dc" tests="13" skipped="4" failures="0" errors="0" time="2.393">
    <testcase time="0.0229999999999961" classname="fda_table_14" name="Table_14_generation_works_with_default_values"/>
    <testcase time="0.393000000000001" classname="fda_table_14" name="Table_14_generation_works_with_default_values"/>
    <testcase time="0.141000000000005" classname="fda_table_14" name="Table_14_generation_works_with_default_values">
      <skipped message="Reason: On CRAN ('test-fda-table_14.R:16:3')"/>
    </testcase>
    <testcase time="0.0129999999999981" classname="fda_table_14" name="Table_14_generation_works_with_custom_values"/>
    <testcase time="0.0330000000000013" classname="fda_table_14" name="Table_14_generation_works_with_custom_values"/>
    <testcase time="0.421999999999997" classname="fda_table_14" name="Table_14_generation_works_with_custom_values"/>
    <testcase time="0.143000000000001" classname="fda_table_14" name="Table_14_generation_works_with_custom_values">
      <skipped message="Reason: On CRAN ('test-fda-table_14.R:46:3')"/>
    </testcase>
    <testcase time="0.0129999999999981" classname="fda_table_14" name="Table_14_generation_works_with_NA_values_pruned_rows"/>
    <testcase time="0.401000000000003" classname="fda_table_14" name="Table_14_generation_works_with_NA_values_pruned_rows"/>
    <testcase time="0.120999999999995" classname="fda_table_14" name="Table_14_generation_works_with_NA_values_pruned_rows">
      <skipped message="Reason: On CRAN ('test-fda-table_14.R:53:3')"/>
    </testcase>
    <testcase time="0.0130000000000052" classname="fda_table_14" name="Table_14_generation_works_with_risk_difference_column"/>
    <testcase time="0.510999999999996" classname="fda_table_14" name="Table_14_generation_works_with_risk_difference_column"/>
    <testcase time="0.165999999999997" classname="fda_table_14" name="Table_14_generation_works_with_risk_difference_column">
      <skipped message="Reason: On CRAN ('test-fda-table_14.R:61:3')"/>
    </testcase>
  </testsuite>
  <testsuite name="fda-table_15" timestamp="2025-02-07T16:57:42Z" hostname="e6fa475969dc" tests="16" skipped="4" failures="0" errors="0" time="1.427">
    <testcase time="0.0189999999999984" classname="fda_table_15" name="Table_15_generation_works_with_default_values"/>
    <testcase time="0.034000000000006" classname="fda_table_15" name="Table_15_generation_works_with_default_values"/>
    <testcase time="0.190999999999995" classname="fda_table_15" name="Table_15_generation_works_with_default_values"/>
    <testcase time="0.0990000000000038" classname="fda_table_15" name="Table_15_generation_works_with_default_values">
      <skipped message="Reason: On CRAN ('test-fda-table_15.R:19:3')"/>
    </testcase>
    <testcase time="0.0129999999999981" classname="fda_table_15" name="Table_15_generation_works_with_custom_values"/>
    <testcase time="0.0279999999999987" classname="fda_table_15" name="Table_15_generation_works_with_custom_values"/>
    <testcase time="0.219999999999999" classname="fda_table_15" name="Table_15_generation_works_with_custom_values"/>
    <testcase time="0.0949999999999989" classname="fda_table_15" name="Table_15_generation_works_with_custom_values">
      <skipped message="Reason: On CRAN ('test-fda-table_15.R:51:3')"/>
    </testcase>
    <testcase time="0.0130000000000052" classname="fda_table_15" name="Table_15_generation_works_with_NA_values_pruned_rows"/>
    <testcase time="0.0289999999999964" classname="fda_table_15" name="Table_15_generation_works_with_NA_values_pruned_rows"/>
    <testcase time="0.200000000000003" classname="fda_table_15" name="Table_15_generation_works_with_NA_values_pruned_rows"/>
    <testcase time="0.0949999999999989" classname="fda_table_15" name="Table_15_generation_works_with_NA_values_pruned_rows">
      <skipped message="Reason: On CRAN ('test-fda-table_15.R:58:3')"/>
    </testcase>
    <testcase time="0.0129999999999981" classname="fda_table_15" name="Table_15_generation_works_with_risk_difference_column"/>
    <testcase time="0.0279999999999987" classname="fda_table_15" name="Table_15_generation_works_with_risk_difference_column"/>
    <testcase time="0.234000000000002" classname="fda_table_15" name="Table_15_generation_works_with_risk_difference_column"/>
    <testcase time="0.116" classname="fda_table_15" name="Table_15_generation_works_with_risk_difference_column">
      <skipped message="Reason: On CRAN ('test-fda-table_15.R:66:3')"/>
    </testcase>
  </testsuite>
  <testsuite name="fda-table_16" timestamp="2025-02-07T16:57:43Z" hostname="e6fa475969dc" tests="16" skipped="4" failures="0" errors="0" time="1.191">
    <testcase time="0.0189999999999984" classname="fda_table_16" name="Table_16_generation_works_with_default_values"/>
    <testcase time="0.0250000000000057" classname="fda_table_16" name="Table_16_generation_works_with_default_values"/>
    <testcase time="0.195" classname="fda_table_16" name="Table_16_generation_works_with_default_values"/>
    <testcase time="0.0529999999999973" classname="fda_table_16" name="Table_16_generation_works_with_default_values">
      <skipped message="Reason: On CRAN ('test-fda-table_16.R:19:3')"/>
    </testcase>
    <testcase time="0.0120000000000005" classname="fda_table_16" name="Table_16_generation_works_with_custom_values"/>
    <testcase time="0.0259999999999962" classname="fda_table_16" name="Table_16_generation_works_with_custom_values"/>
    <testcase time="0.193000000000005" classname="fda_table_16" name="Table_16_generation_works_with_custom_values"/>
    <testcase time="0.0539999999999949" classname="fda_table_16" name="Table_16_generation_works_with_custom_values">
      <skipped message="Reason: On CRAN ('test-fda-table_16.R:51:3')"/>
    </testcase>
    <testcase time="0.0120000000000005" classname="fda_table_16" name="Table_16_generation_works_with_NA_values_pruned_rows"/>
    <testcase time="0.0260000000000034" classname="fda_table_16" name="Table_16_generation_works_with_NA_values_pruned_rows"/>
    <testcase time="0.194000000000003" classname="fda_table_16" name="Table_16_generation_works_with_NA_values_pruned_rows"/>
    <testcase time="0.0539999999999949" classname="fda_table_16" name="Table_16_generation_works_with_NA_values_pruned_rows">
      <skipped message="Reason: On CRAN ('test-fda-table_16.R:58:3')"/>
    </testcase>
    <testcase time="0.0130000000000052" classname="fda_table_16" name="Table_16_generation_works_with_risk_difference_column"/>
    <testcase time="0.0269999999999939" classname="fda_table_16" name="Table_16_generation_works_with_risk_difference_column"/>
    <testcase time="0.228000000000002" classname="fda_table_16" name="Table_16_generation_works_with_risk_difference_column"/>
    <testcase time="0.0600000000000023" classname="fda_table_16" name="Table_16_generation_works_with_risk_difference_column">
      <skipped message="Reason: On CRAN ('test-fda-table_16.R:66:3')"/>
    </testcase>
  </testsuite>
  <testsuite name="fda-table_17" timestamp="2025-02-07T16:57:44Z" hostname="e6fa475969dc" tests="16" skipped="4" failures="0" errors="0" time="2.064">
    <testcase time="0.019999999999996" classname="fda_table_17" name="Table_17_generation_works_with_default_values"/>
    <testcase time="0.0290000000000035" classname="fda_table_17" name="Table_17_generation_works_with_default_values"/>
    <testcase time="0.295000000000002" classname="fda_table_17" name="Table_17_generation_works_with_default_values"/>
    <testcase time="0.155000000000001" classname="fda_table_17" name="Table_17_generation_works_with_default_values">
      <skipped message="Reason: On CRAN ('test-fda-table_17.R:25:3')"/>
    </testcase>
    <testcase time="0.0129999999999981" classname="fda_table_17" name="Table_17_generation_works_with_custom_values"/>
    <testcase time="0.0300000000000011" classname="fda_table_17" name="Table_17_generation_works_with_custom_values"/>
    <testcase time="0.290999999999997" classname="fda_table_17" name="Table_17_generation_works_with_custom_values"/>
    <testcase time="0.164000000000001" classname="fda_table_17" name="Table_17_generation_works_with_custom_values">
      <skipped message="Reason: On CRAN ('test-fda-table_17.R:57:3')"/>
    </testcase>
    <testcase time="0.0129999999999981" classname="fda_table_17" name="Table_17_generation_works_with_NA_values_pruned_rows"/>
    <testcase time="0.0300000000000011" classname="fda_table_17" name="Table_17_generation_works_with_NA_values_pruned_rows"/>
    <testcase time="0.287999999999997" classname="fda_table_17" name="Table_17_generation_works_with_NA_values_pruned_rows"/>
    <testcase time="0.164000000000001" classname="fda_table_17" name="Table_17_generation_works_with_NA_values_pruned_rows">
      <skipped message="Reason: On CRAN ('test-fda-table_17.R:64:3')"/>
    </testcase>
    <testcase time="0.0140000000000029" classname="fda_table_17" name="Table_17_generation_works_with_risk_difference_column"/>
    <testcase time="0.0300000000000011" classname="fda_table_17" name="Table_17_generation_works_with_risk_difference_column"/>
    <testcase time="0.351999999999997" classname="fda_table_17" name="Table_17_generation_works_with_risk_difference_column"/>
    <testcase time="0.176000000000002" classname="fda_table_17" name="Table_17_generation_works_with_risk_difference_column">
      <skipped message="Reason: On CRAN ('test-fda-table_17.R:72:3')"/>
    </testcase>
  </testsuite>
  <testsuite name="fda-table_18" timestamp="2025-02-07T16:57:46Z" hostname="e6fa475969dc" tests="16" skipped="4" failures="0" errors="0" time="1.722">
    <testcase time="0.0189999999999984" classname="fda_table_18" name="Table_18_generation_works_with_default_values"/>
    <testcase time="0.027000000000001" classname="fda_table_18" name="Table_18_generation_works_with_default_values"/>
    <testcase time="0.292000000000002" classname="fda_table_18" name="Table_18_generation_works_with_default_values"/>
    <testcase time="0.0730000000000004" classname="fda_table_18" name="Table_18_generation_works_with_default_values">
      <skipped message="Reason: On CRAN ('test-fda-table_18.R:25:3')"/>
    </testcase>
    <testcase time="0.0129999999999981" classname="fda_table_18" name="Table_18_generation_works_with_custom_values"/>
    <testcase time="0.027000000000001" classname="fda_table_18" name="Table_18_generation_works_with_custom_values"/>
    <testcase time="0.289999999999999" classname="fda_table_18" name="Table_18_generation_works_with_custom_values"/>
    <testcase time="0.0820000000000007" classname="fda_table_18" name="Table_18_generation_works_with_custom_values">
      <skipped message="Reason: On CRAN ('test-fda-table_18.R:57:3')"/>
    </testcase>
    <testcase time="0.0129999999999981" classname="fda_table_18" name="Table_18_generation_works_with_NA_values_pruned_rows"/>
    <testcase time="0.0260000000000034" classname="fda_table_18" name="Table_18_generation_works_with_NA_values_pruned_rows"/>
    <testcase time="0.283999999999999" classname="fda_table_18" name="Table_18_generation_works_with_NA_values_pruned_rows"/>
    <testcase time="0.0730000000000004" classname="fda_table_18" name="Table_18_generation_works_with_NA_values_pruned_rows">
      <skipped message="Reason: On CRAN ('test-fda-table_18.R:64:3')"/>
    </testcase>
    <testcase time="0.0129999999999981" classname="fda_table_18" name="Table_18_generation_works_with_risk_difference_column"/>
    <testcase time="0.027000000000001" classname="fda_table_18" name="Table_18_generation_works_with_risk_difference_column"/>
    <testcase time="0.375999999999998" classname="fda_table_18" name="Table_18_generation_works_with_risk_difference_column"/>
    <testcase time="0.0870000000000033" classname="fda_table_18" name="Table_18_generation_works_with_risk_difference_column">
      <skipped message="Reason: On CRAN ('test-fda-table_18.R:72:3')"/>
    </testcase>
  </testsuite>
  <testsuite name="fda-table_20" timestamp="2025-02-07T16:57:48Z" hostname="e6fa475969dc" tests="24" skipped="4" failures="0" errors="0" time="2.079">
    <testcase time="0.019999999999996" classname="fda_table_20" name="Table_20_generation_works_with_default_values"/>
    <testcase time="0.00100000000000477" classname="fda_table_20" name="Table_20_generation_works_with_default_values"/>
    <testcase time="0.000999999999997669" classname="fda_table_20" name="Table_20_generation_works_with_default_values"/>
    <testcase time="0.0289999999999964" classname="fda_table_20" name="Table_20_generation_works_with_default_values"/>
    <testcase time="0.313000000000002" classname="fda_table_20" name="Table_20_generation_works_with_default_values"/>
    <testcase time="0.102000000000004" classname="fda_table_20" name="Table_20_generation_works_with_default_values">
      <skipped message="Reason: On CRAN ('test-fda-table_20.R:17:3')"/>
    </testcase>
    <testcase time="0.0129999999999981" classname="fda_table_20" name="Table_20_generation_works_with_custom_values"/>
    <testcase time="0.000999999999997669" classname="fda_table_20" name="Table_20_generation_works_with_custom_values"/>
    <testcase time="0.000999999999997669" classname="fda_table_20" name="Table_20_generation_works_with_custom_values"/>
    <testcase time="0.0290000000000035" classname="fda_table_20" name="Table_20_generation_works_with_custom_values"/>
    <testcase time="0.453000000000003" classname="fda_table_20" name="Table_20_generation_works_with_custom_values"/>
    <testcase time="0.106999999999999" classname="fda_table_20" name="Table_20_generation_works_with_custom_values">
      <skipped message="Reason: On CRAN ('test-fda-table_20.R:65:3')"/>
    </testcase>
    <testcase time="0.0139999999999958" classname="fda_table_20" name="Table_20_generation_works_with_missing_values_pruned_rows"/>
    <testcase time="0.00100000000000477" classname="fda_table_20" name="Table_20_generation_works_with_missing_values_pruned_rows"/>
    <testcase time="0.000999999999997669" classname="fda_table_20" name="Table_20_generation_works_with_missing_values_pruned_rows"/>
    <testcase time="0.0300000000000011" classname="fda_table_20" name="Table_20_generation_works_with_missing_values_pruned_rows"/>
    <testcase time="0.302999999999997" classname="fda_table_20" name="Table_20_generation_works_with_missing_values_pruned_rows"/>
    <testcase time="0.097999999999999" classname="fda_table_20" name="Table_20_generation_works_with_missing_values_pruned_rows">
      <skipped message="Reason: On CRAN ('test-fda-table_20.R:74:3')"/>
    </testcase>
    <testcase time="0.0130000000000052" classname="fda_table_20" name="Table_20_generation_works_with_risk_difference_column"/>
    <testcase time="0.000999999999997669" classname="fda_table_20" name="Table_20_generation_works_with_risk_difference_column"/>
    <testcase time="0.000999999999997669" classname="fda_table_20" name="Table_20_generation_works_with_risk_difference_column"/>
    <testcase time="0.0290000000000035" classname="fda_table_20" name="Table_20_generation_works_with_risk_difference_column"/>
    <testcase time="0.403999999999996" classname="fda_table_20" name="Table_20_generation_works_with_risk_difference_column"/>
    <testcase time="0.114000000000004" classname="fda_table_20" name="Table_20_generation_works_with_risk_difference_column">
      <skipped message="Reason: On CRAN ('test-fda-table_20.R:82:3')"/>
    </testcase>
  </testsuite>
  <testsuite name="fda-table_21" timestamp="2025-02-07T16:57:50Z" hostname="e6fa475969dc" tests="19" skipped="4" failures="0" errors="0" time="1.925">
    <testcase time="0.0269999999999939" classname="fda_table_21" name="Table_21_generation_works_with_default_values"/>
    <testcase time="0.00200000000000244" classname="fda_table_21" name="Table_21_generation_works_with_default_values"/>
    <testcase time="0.384999999999998" classname="fda_table_21" name="Table_21_generation_works_with_default_values"/>
    <testcase time="0.116" classname="fda_table_21" name="Table_21_generation_works_with_default_values">
      <skipped message="Reason: On CRAN ('test-fda-table_21.R:16:3')"/>
    </testcase>
    <testcase time="0.0130000000000052" classname="fda_table_21" name="Table_21_generation_works_with_custom_values_N_s_denominator_and_overall_column"/>
    <testcase time="0.00199999999999534" classname="fda_table_21" name="Table_21_generation_works_with_custom_values_N_s_denominator_and_overall_column"/>
    <testcase time="0.0500000000000043" classname="fda_table_21" name="Table_21_generation_works_with_custom_values_N_s_denominator_and_overall_column"/>
    <testcase time="0.475999999999999" classname="fda_table_21" name="Table_21_generation_works_with_custom_values_N_s_denominator_and_overall_column"/>
    <testcase time="0.113999999999997" classname="fda_table_21" name="Table_21_generation_works_with_custom_values_N_s_denominator_and_overall_column">
      <skipped message="Reason: On CRAN ('test-fda-table_21.R:28:3')"/>
    </testcase>
    <testcase time="0.0130000000000052" classname="fda_table_21" name="Table_21_generation_works_with_custom_values_N_col_denominator_and_no_overall_column"/>
    <testcase time="0.000999999999997669" classname="fda_table_21" name="Table_21_generation_works_with_custom_values_N_col_denominator_and_no_overall_column"/>
    <testcase time="0.0330000000000013" classname="fda_table_21" name="Table_21_generation_works_with_custom_values_N_col_denominator_and_no_overall_column"/>
    <testcase time="0.234999999999999" classname="fda_table_21" name="Table_21_generation_works_with_custom_values_N_col_denominator_and_no_overall_column"/>
    <testcase time="0.0940000000000012" classname="fda_table_21" name="Table_21_generation_works_with_custom_values_N_col_denominator_and_no_overall_column">
      <skipped message="Reason: On CRAN ('test-fda-table_21.R:56:3')"/>
    </testcase>
    <testcase time="0.0549999999999997" classname="fda_table_21" name="Table_21_generation_works_with_some_NA_values"/>
    <testcase time="0.00199999999999534" classname="fda_table_21" name="Table_21_generation_works_with_some_NA_values"/>
    <testcase time="0.0339999999999989" classname="fda_table_21" name="Table_21_generation_works_with_some_NA_values"/>
    <testcase time="0.183" classname="fda_table_21" name="Table_21_generation_works_with_some_NA_values"/>
    <testcase time="0.0900000000000034" classname="fda_table_21" name="Table_21_generation_works_with_some_NA_values">
      <skipped message="Reason: On CRAN ('test-fda-table_21.R:76:3')"/>
    </testcase>
  </testsuite>
  <testsuite name="fda-table_22" timestamp="2025-02-07T16:57:52Z" hostname="e6fa475969dc" tests="8" skipped="4" failures="0" errors="0" time="1.929">
    <testcase time="0.411000000000001" classname="fda_table_22" name="Table_22_generation_works_with_default_values"/>
    <testcase time="0.109999999999999" classname="fda_table_22" name="Table_22_generation_works_with_default_values">
      <skipped message="Reason: On CRAN ('test-fda-table_22.R:21:3')"/>
    </testcase>
    <testcase time="0.536999999999999" classname="fda_table_22" name="Table_22_generation_works_with_custom_values_N_s_denominator_and_overall_column"/>
    <testcase time="0.115000000000002" classname="fda_table_22" name="Table_22_generation_works_with_custom_values_N_s_denominator_and_overall_column">
      <skipped message="Reason: On CRAN ('test-fda-table_22.R:33:3')"/>
    </testcase>
    <testcase time="0.299999999999997" classname="fda_table_22" name="Table_22_generation_works_with_custom_values_N_col_denominator_and_no_overall_column"/>
    <testcase time="0.112000000000002" classname="fda_table_22" name="Table_22_generation_works_with_custom_values_N_col_denominator_and_no_overall_column">
      <skipped message="Reason: On CRAN ('test-fda-table_22.R:61:3')"/>
    </testcase>
    <testcase time="0.266999999999996" classname="fda_table_22" name="Table_22_generation_works_with_some_NA_values"/>
    <testcase time="0.0770000000000053" classname="fda_table_22" name="Table_22_generation_works_with_some_NA_values">
      <skipped message="Reason: On CRAN ('test-fda-table_22.R:81:3')"/>
    </testcase>
  </testsuite>
  <testsuite name="fda-table_32" timestamp="2025-02-07T16:57:54Z" hostname="e6fa475969dc" tests="25" skipped="7" failures="0" errors="0" time="4.968">
    <testcase time="0.0439999999999969" classname="fda_table_32" name="Table_32_generation_works_with_default_values"/>
    <testcase time="0.0360000000000014" classname="fda_table_32" name="Table_32_generation_works_with_default_values"/>
    <testcase time="0.100999999999999" classname="fda_table_32" name="Table_32_generation_works_with_default_values"/>
    <testcase time="0.0650000000000048" classname="fda_table_32" name="Table_32_generation_works_with_default_values">
      <skipped message="Reason: On CRAN ('test-fda-table_32.R:14:3')"/>
    </testcase>
    <testcase time="0.0139999999999958" classname="fda_table_32" name="Table_32_generation_works_with_custom_values"/>
    <testcase time="0.0350000000000037" classname="fda_table_32" name="Table_32_generation_works_with_custom_values"/>
    <testcase time="0.128" classname="fda_table_32" name="Table_32_generation_works_with_custom_values"/>
    <testcase time="0.0609999999999999" classname="fda_table_32" name="Table_32_generation_works_with_custom_values">
      <skipped message="Reason: On CRAN ('test-fda-table_32.R:36:3')"/>
    </testcase>
    <testcase time="0.0129999999999981" classname="fda_table_32" name="Table_32_generation_works_with_pruned_rows"/>
    <testcase time="0.0480000000000018" classname="fda_table_32" name="Table_32_generation_works_with_pruned_rows"/>
    <testcase time="0.103999999999999" classname="fda_table_32" name="Table_32_generation_works_with_pruned_rows"/>
    <testcase time="0.0480000000000018" classname="fda_table_32" name="Table_32_generation_works_with_pruned_rows">
      <skipped message="Reason: On CRAN ('test-fda-table_32.R:43:3')"/>
    </testcase>
    <testcase time="0.0129999999999981" classname="fda_table_32" name="Table_32_generation_works_with_risk_difference_column"/>
    <testcase time="0.0349999999999966" classname="fda_table_32" name="Table_32_generation_works_with_risk_difference_column"/>
    <testcase time="0.147000000000006" classname="fda_table_32" name="Table_32_generation_works_with_risk_difference_column"/>
    <testcase time="0.0599999999999952" classname="fda_table_32" name="Table_32_generation_works_with_risk_difference_column">
      <skipped message="Reason: On CRAN ('test-fda-table_32.R:51:3')"/>
    </testcase>
    <testcase time="0.0140000000000029" classname="fda_table_32" name="Table_32_gtsum_generation_works_with_default_values"/>
    <testcase time="1.041" classname="fda_table_32" name="Table_32_gtsum_generation_works_with_default_values"/>
    <testcase time="0.0140000000000029" classname="fda_table_32" name="Table_32_gtsum_generation_works_with_default_values">
      <skipped message="Reason: On CRAN ('test-fda-table_32.R:57:3')"/>
    </testcase>
    <testcase time="0.0140000000000029" classname="fda_table_32" name="Table_32_gtsum_generation_works_with_custom_values"/>
    <testcase time="1.441" classname="fda_table_32" name="Table_32_gtsum_generation_works_with_custom_values"/>
    <testcase time="0.0159999999999982" classname="fda_table_32" name="Table_32_gtsum_generation_works_with_custom_values">
      <skipped message="Reason: On CRAN ('test-fda-table_32.R:66:3')"/>
    </testcase>
    <testcase time="0.0220000000000056" classname="fda_table_32" name="Table_32_gtsum_generation_missing_values_and_ADSL"/>
    <testcase time="1.438" classname="fda_table_32" name="Table_32_gtsum_generation_missing_values_and_ADSL"/>
    <testcase time="0.0160000000000053" classname="fda_table_32" name="Table_32_gtsum_generation_missing_values_and_ADSL">
      <skipped message="Reason: On CRAN ('test-fda-table_32.R:80:3')"/>
    </testcase>
  </testsuite>
  <testsuite name="fda-table_33" timestamp="2025-02-07T16:57:59Z" hostname="e6fa475969dc" tests="25" skipped="7" failures="0" errors="0" time="5.186">
    <testcase time="0.0519999999999925" classname="fda_table_33" name="Table_33_generation_works_with_default_values"/>
    <testcase time="0.213999999999999" classname="fda_table_33" name="Table_33_generation_works_with_default_values"/>
    <testcase time="0.085000000000008" classname="fda_table_33" name="Table_33_generation_works_with_default_values"/>
    <testcase time="0.039999999999992" classname="fda_table_33" name="Table_33_generation_works_with_default_values">
      <skipped message="Reason: On CRAN ('test-fda-table_33.R:14:3')"/>
    </testcase>
    <testcase time="0.012999999999991" classname="fda_table_33" name="Table_33_generation_works_with_custom_values"/>
    <testcase time="0.216000000000008" classname="fda_table_33" name="Table_33_generation_works_with_custom_values"/>
    <testcase time="0.10799999999999" classname="fda_table_33" name="Table_33_generation_works_with_custom_values"/>
    <testcase time="0.0640000000000072" classname="fda_table_33" name="Table_33_generation_works_with_custom_values">
      <skipped message="Reason: On CRAN ('test-fda-table_33.R:40:3')"/>
    </testcase>
    <testcase time="0.0130000000000052" classname="fda_table_33" name="Table_33_generation_works_with_pruned_rows"/>
    <testcase time="0.197000000000003" classname="fda_table_33" name="Table_33_generation_works_with_pruned_rows"/>
    <testcase time="0.111999999999995" classname="fda_table_33" name="Table_33_generation_works_with_pruned_rows"/>
    <testcase time="0.0370000000000061" classname="fda_table_33" name="Table_33_generation_works_with_pruned_rows">
      <skipped message="Reason: On CRAN ('test-fda-table_33.R:48:3')"/>
    </testcase>
    <testcase time="0.0130000000000052" classname="fda_table_33" name="Table_33_generation_works_with_risk_difference_column"/>
    <testcase time="0.217999999999989" classname="fda_table_33" name="Table_33_generation_works_with_risk_difference_column"/>
    <testcase time="0.111000000000004" classname="fda_table_33" name="Table_33_generation_works_with_risk_difference_column"/>
    <testcase time="0.046999999999997" classname="fda_table_33" name="Table_33_generation_works_with_risk_difference_column">
      <skipped message="Reason: On CRAN ('test-fda-table_33.R:56:3')"/>
    </testcase>
    <testcase time="0.01400000000001" classname="fda_table_33" name="Table_33_gtsum_generation_works_with_default_values"/>
    <testcase time="0.977999999999994" classname="fda_table_33" name="Table_33_gtsum_generation_works_with_default_values"/>
    <testcase time="0.0139999999999958" classname="fda_table_33" name="Table_33_gtsum_generation_works_with_default_values">
      <skipped message="Reason: On CRAN ('test-fda-table_33.R:62:3')"/>
    </testcase>
    <testcase time="0.01400000000001" classname="fda_table_33" name="Table_33_gtsum_generation_works_with_custom_values"/>
    <testcase time="1.28099999999999" classname="fda_table_33" name="Table_33_gtsum_generation_works_with_custom_values"/>
    <testcase time="0.0160000000000053" classname="fda_table_33" name="Table_33_gtsum_generation_works_with_custom_values">
      <skipped message="Reason: On CRAN ('test-fda-table_33.R:71:3')"/>
    </testcase>
    <testcase time="0.0139999999999958" classname="fda_table_33" name="Table_33_gtsum_generation_missing_values_and_ADSL"/>
    <testcase time="1.3" classname="fda_table_33" name="Table_33_gtsum_generation_missing_values_and_ADSL"/>
    <testcase time="0.0150000000000006" classname="fda_table_33" name="Table_33_gtsum_generation_missing_values_and_ADSL">
      <skipped message="Reason: On CRAN ('test-fda-table_33.R:85:3')"/>
    </testcase>
  </testsuite>
  <testsuite name="fda-table_34" timestamp="2025-02-07T16:58:04Z" hostname="e6fa475969dc" tests="12" skipped="3" failures="0" errors="0" time="4.506">
    <testcase time="0.0220000000000056" classname="fda_table_34" name="Table_34_generation_works_with_default_values"/>
    <testcase time="0.0279999999999916" classname="fda_table_34" name="Table_34_generation_works_with_default_values"/>
    <testcase time="1.432" classname="fda_table_34" name="Table_34_generation_works_with_default_values"/>
    <testcase time="0.245000000000005" classname="fda_table_34" name="Table_34_generation_works_with_default_values">
      <skipped message="Reason: On CRAN ('test-fda-table_34.R:17:3')"/>
    </testcase>
    <testcase time="0.0139999999999958" classname="fda_table_34" name="Table_34_generation_works_with_custom_values"/>
    <testcase time="0.0250000000000057" classname="fda_table_34" name="Table_34_generation_works_with_custom_values"/>
    <testcase time="0.536999999999992" classname="fda_table_34" name="Table_34_generation_works_with_custom_values"/>
    <testcase time="0.0970000000000084" classname="fda_table_34" name="Table_34_generation_works_with_custom_values">
      <skipped message="Reason: On CRAN ('test-fda-table_34.R:49:3')"/>
    </testcase>
    <testcase time="0.0210000000000008" classname="fda_table_34" name="Table_34_generation_works_with_risk_difference_column"/>
    <testcase time="0.0349999999999966" classname="fda_table_34" name="Table_34_generation_works_with_risk_difference_column"/>
    <testcase time="1.773" classname="fda_table_34" name="Table_34_generation_works_with_risk_difference_column"/>
    <testcase time="0.277000000000001" classname="fda_table_34" name="Table_34_generation_works_with_risk_difference_column">
      <skipped message="Reason: On CRAN ('test-fda-table_34.R:57:3')"/>
    </testcase>
  </testsuite>
  <testsuite name="fda-table_35" timestamp="2025-02-07T16:58:09Z" hostname="e6fa475969dc" tests="24" skipped="6" failures="0" errors="0" time="1.291">
    <testcase time="0.0180000000000007" classname="fda_table_35" name="Table_35_generation_works_with_default_values"/>
    <testcase time="0.0360000000000014" classname="fda_table_35" name="Table_35_generation_works_with_default_values"/>
    <testcase time="0.0840000000000032" classname="fda_table_35" name="Table_35_generation_works_with_default_values"/>
    <testcase time="0.0489999999999924" classname="fda_table_35" name="Table_35_generation_works_with_default_values">
      <skipped message="Reason: On CRAN ('test-fda-table_35.R:8:3')"/>
    </testcase>
    <testcase time="0.0130000000000052" classname="fda_table_35" name="Table_35_generation_works_with_custom_values"/>
    <testcase time="0.0360000000000014" classname="fda_table_35" name="Table_35_generation_works_with_custom_values"/>
    <testcase time="0.120000000000005" classname="fda_table_35" name="Table_35_generation_works_with_custom_values"/>
    <testcase time="0.0609999999999928" classname="fda_table_35" name="Table_35_generation_works_with_custom_values">
      <skipped message="Reason: On CRAN ('test-fda-table_35.R:39:3')"/>
    </testcase>
    <testcase time="0.0130000000000052" classname="fda_table_35" name="Table_35_generation_works_with_risk_difference_column"/>
    <testcase time="0.0360000000000014" classname="fda_table_35" name="Table_35_generation_works_with_risk_difference_column"/>
    <testcase time="0.11399999999999" classname="fda_table_35" name="Table_35_generation_works_with_risk_difference_column"/>
    <testcase time="0.0600000000000023" classname="fda_table_35" name="Table_35_generation_works_with_risk_difference_column">
      <skipped message="Reason: On CRAN ('test-fda-table_35.R:47:3')"/>
    </testcase>
    <testcase time="0.0420000000000016" classname="fda_table_35" name="Table_35_generation_works_with_some_NA_values"/>
    <testcase time="0.034000000000006" classname="fda_table_35" name="Table_35_generation_works_with_some_NA_values"/>
    <testcase time="0.0819999999999936" classname="fda_table_35" name="Table_35_generation_works_with_some_NA_values"/>
    <testcase time="0.0480000000000018" classname="fda_table_35" name="Table_35_generation_works_with_some_NA_values">
      <skipped message="Reason: On CRAN ('test-fda-table_35.R:58:3')"/>
    </testcase>
    <testcase time="0.0240000000000009" classname="fda_table_35" name="Table_35_generation_works_with_custom_values_SOC_variable_and_label_"/>
    <testcase time="0.0409999999999968" classname="fda_table_35" name="Table_35_generation_works_with_custom_values_SOC_variable_and_label_"/>
    <testcase time="0.111000000000004" classname="fda_table_35" name="Table_35_generation_works_with_custom_values_SOC_variable_and_label_"/>
    <testcase time="0.0720000000000027" classname="fda_table_35" name="Table_35_generation_works_with_custom_values_SOC_variable_and_label_">
      <skipped message="Reason: On CRAN ('test-fda-table_35.R:71:3')"/>
    </testcase>
    <testcase time="0.0139999999999958" classname="fda_table_35" name="Table_35_generation_works_with_pruning"/>
    <testcase time="0.0349999999999966" classname="fda_table_35" name="Table_35_generation_works_with_pruning"/>
    <testcase time="0.102000000000004" classname="fda_table_35" name="Table_35_generation_works_with_pruning"/>
    <testcase time="0.0459999999999923" classname="fda_table_35" name="Table_35_generation_works_with_pruning">
      <skipped message="Reason: On CRAN ('test-fda-table_35.R:79:3')"/>
    </testcase>
  </testsuite>
  <testsuite name="fda-table_36" timestamp="2025-02-07T16:58:10Z" hostname="e6fa475969dc" tests="18" skipped="6" failures="0" errors="0" time="4.321">
    <testcase time="0.0520000000000067" classname="fda_table_36" name="Table_36_generation_works_with_default_values"/>
    <testcase time="0.346000000000004" classname="fda_table_36" name="Table_36_generation_works_with_default_values"/>
    <testcase time="0.207999999999998" classname="fda_table_36" name="Table_36_generation_works_with_default_values">
      <skipped message="Reason: On CRAN ('test-fda-table_36.R:8:3')"/>
    </testcase>
    <testcase time="0.0459999999999923" classname="fda_table_36" name="Table_36_generation_works_with_custom_values"/>
    <testcase time="0.421000000000006" classname="fda_table_36" name="Table_36_generation_works_with_custom_values"/>
    <testcase time="0.233000000000004" classname="fda_table_36" name="Table_36_generation_works_with_custom_values">
      <skipped message="Reason: On CRAN ('test-fda-table_36.R:39:3')"/>
    </testcase>
    <testcase time="0.0450000000000017" classname="fda_table_36" name="Table_36_generation_works_with_risk_difference_column"/>
    <testcase time="0.443999999999988" classname="fda_table_36" name="Table_36_generation_works_with_risk_difference_column"/>
    <testcase time="0.478000000000009" classname="fda_table_36" name="Table_36_generation_works_with_risk_difference_column">
      <skipped message="Reason: On CRAN ('test-fda-table_36.R:47:3')"/>
    </testcase>
    <testcase time="0.0459999999999923" classname="fda_table_36" name="Table_36_generation_works_with_some_NA_values"/>
    <testcase time="0.323000000000008" classname="fda_table_36" name="Table_36_generation_works_with_some_NA_values"/>
    <testcase time="0.192999999999998" classname="fda_table_36" name="Table_36_generation_works_with_some_NA_values">
      <skipped message="Reason: On CRAN ('test-fda-table_36.R:57:3')"/>
    </testcase>
    <testcase time="0.0439999999999969" classname="fda_table_36" name="Table_36_generation_works_with_custom_values_SOC_variable_and_label_"/>
    <testcase time="0.628" classname="fda_table_36" name="Table_36_generation_works_with_custom_values_SOC_variable_and_label_"/>
    <testcase time="0.349000000000004" classname="fda_table_36" name="Table_36_generation_works_with_custom_values_SOC_variable_and_label_">
      <skipped message="Reason: On CRAN ('test-fda-table_36.R:70:3')"/>
    </testcase>
    <testcase time="0.0439999999999969" classname="fda_table_36" name="Table_36_generation_works_with_pruning"/>
    <testcase time="0.328000000000003" classname="fda_table_36" name="Table_36_generation_works_with_pruning"/>
    <testcase time="0.0930000000000035" classname="fda_table_36" name="Table_36_generation_works_with_pruning">
      <skipped message="Reason: On CRAN ('test-fda-table_36.R:77:3')"/>
    </testcase>
  </testsuite>
  <testsuite name="fda-table_38" timestamp="2025-02-07T16:58:14Z" hostname="e6fa475969dc" tests="12" skipped="3" failures="0" errors="0" time="2.254">
    <testcase time="0.0210000000000008" classname="fda_table_38" name="Table_38_generation_works_with_default_values"/>
    <testcase time="0.0249999999999915" classname="fda_table_38" name="Table_38_generation_works_with_default_values"/>
    <testcase time="0.338999999999999" classname="fda_table_38" name="Table_38_generation_works_with_default_values"/>
    <testcase time="0.0970000000000084" classname="fda_table_38" name="Table_38_generation_works_with_default_values">
      <skipped message="Reason: On CRAN ('test-fda-table_38.R:18:3')"/>
    </testcase>
    <testcase time="0.012999999999991" classname="fda_table_38" name="Table_38_generation_works_with_custom_values"/>
    <testcase time="0.0310000000000059" classname="fda_table_38" name="Table_38_generation_works_with_custom_values"/>
    <testcase time="0.921999999999997" classname="fda_table_38" name="Table_38_generation_works_with_custom_values"/>
    <testcase time="0.228000000000009" classname="fda_table_38" name="Table_38_generation_works_with_custom_values">
      <skipped message="Reason: On CRAN ('test-fda-table_38.R:48:3')"/>
    </testcase>
    <testcase time="0.012999999999991" classname="fda_table_38" name="Table_38_generation_works_with_risk_difference_column"/>
    <testcase time="0.0319999999999965" classname="fda_table_38" name="Table_38_generation_works_with_risk_difference_column"/>
    <testcase time="0.424000000000007" classname="fda_table_38" name="Table_38_generation_works_with_risk_difference_column"/>
    <testcase time="0.108999999999995" classname="fda_table_38" name="Table_38_generation_works_with_risk_difference_column">
      <skipped message="Reason: On CRAN ('test-fda-table_38.R:56:3')"/>
    </testcase>
  </testsuite>
</testsuites>
