<?xml version="1.0" encoding="UTF-8"?>
<testsuites>
  <testsuite name="table_02" timestamp="2023-06-26T14:53:44Z" hostname="bc955e83e880" tests="9" skipped="3" failures="0" errors="0" time="2.261">
    <testcase time="0.0720000000000001" classname="table_02" name="Table_02_generation_works_with_default_values"/>
    <testcase time="0.729" classname="table_02" name="Table_02_generation_works_with_default_values"/>
    <testcase time="0.285" classname="table_02" name="Table_02_generation_works_with_default_values">
      <skipped message="Reason: On CRAN ('test-table_02.R:16:3')"/>
    </testcase>
    <testcase time="0.125999999999999" classname="table_02" name="Table_02_generation_works_with_custom_values"/>
    <testcase time="0.518000000000001" classname="table_02" name="Table_02_generation_works_with_custom_values"/>
    <testcase time="0.279" classname="table_02" name="Table_02_generation_works_with_custom_values">
      <skipped message="Reason: On CRAN ('test-table_02.R:45:3')"/>
    </testcase>
    <testcase time="0.077" classname="table_02" name="Table_02_generation_works_with_some_NA_values"/>
    <testcase time="0.113" classname="table_02" name="Table_02_generation_works_with_some_NA_values"/>
    <testcase time="0.0620000000000003" classname="table_02" name="Table_02_generation_works_with_some_NA_values">
      <skipped message="Reason: On CRAN ('test-table_02.R:57:3')"/>
    </testcase>
  </testsuite>
  <testsuite name="table_05" timestamp="2023-06-26T14:53:47Z" hostname="bc955e83e880" tests="9" skipped="3" failures="0" errors="0" time="1.445">
    <testcase time="0.218" classname="table_05" name="Table_05_generation_works_with_default_values"/>
    <testcase time="0.325" classname="table_05" name="Table_05_generation_works_with_default_values"/>
    <testcase time="0.0990000000000002" classname="table_05" name="Table_05_generation_works_with_default_values">
      <skipped message="Reason: On CRAN ('test-table_05.R:10:3')"/>
    </testcase>
    <testcase time="0.0199999999999996" classname="table_05" name="Table_05_generation_works_with_custom_values"/>
    <testcase time="0.313000000000001" classname="table_05" name="Table_05_generation_works_with_custom_values"/>
    <testcase time="0.117" classname="table_05" name="Table_05_generation_works_with_custom_values">
      <skipped message="Reason: On CRAN ('test-table_05.R:34:3')"/>
    </testcase>
    <testcase time="0.0209999999999999" classname="table_05" name="Table_05_generation_works_with_NA_values_pruned_rows"/>
    <testcase time="0.234999999999999" classname="table_05" name="Table_05_generation_works_with_NA_values_pruned_rows"/>
    <testcase time="0.0970000000000004" classname="table_05" name="Table_05_generation_works_with_NA_values_pruned_rows">
      <skipped message="Reason: On CRAN ('test-table_05.R:44:3')"/>
    </testcase>
  </testsuite>
  <testsuite name="table_06" timestamp="2023-06-26T14:53:48Z" hostname="bc955e83e880" tests="10" skipped="2" failures="0" errors="0" time="1.834">
    <testcase time="0.0409999999999995" classname="table_06" name="Table_06_generation_works_with_default_values"/>
    <testcase time="0.00200000000000067" classname="table_06" name="Table_06_generation_works_with_default_values"/>
    <testcase time="0.0720000000000001" classname="table_06" name="Table_06_generation_works_with_default_values"/>
    <testcase time="0.494" classname="table_06" name="Table_06_generation_works_with_default_values"/>
    <testcase time="0.138" classname="table_06" name="Table_06_generation_works_with_default_values">
      <skipped message="Reason: On CRAN ('test-table_06.R:8:3')"/>
    </testcase>
    <testcase time="0.0190000000000001" classname="table_06" name="Table_06_generation_works_with_custom_values"/>
    <testcase time="0.00199999999999978" classname="table_06" name="Table_06_generation_works_with_custom_values"/>
    <testcase time="0.0609999999999999" classname="table_06" name="Table_06_generation_works_with_custom_values"/>
    <testcase time="0.833" classname="table_06" name="Table_06_generation_works_with_custom_values"/>
    <testcase time="0.172000000000001" classname="table_06" name="Table_06_generation_works_with_custom_values">
      <skipped message="Reason: On CRAN ('test-table_06.R:40:3')"/>
    </testcase>
  </testsuite>
  <testsuite name="table_07" timestamp="2023-06-26T14:53:50Z" hostname="bc955e83e880" tests="18" skipped="3" failures="0" errors="0" time="1.916">
    <testcase time="0.0279999999999987" classname="table_07" name="Table_07_generation_works_with_default_values"/>
    <testcase time="0.00100000000000122" classname="table_07" name="Table_07_generation_works_with_default_values"/>
    <testcase time="0.000999999999999446" classname="table_07" name="Table_07_generation_works_with_default_values"/>
    <testcase time="0.0449999999999999" classname="table_07" name="Table_07_generation_works_with_default_values"/>
    <testcase time="0.380000000000001" classname="table_07" name="Table_07_generation_works_with_default_values"/>
    <testcase time="0.148" classname="table_07" name="Table_07_generation_works_with_default_values">
      <skipped message="Reason: On CRAN ('test-table_07.R:13:3')"/>
    </testcase>
    <testcase time="0.0179999999999989" classname="table_07" name="Table_07_generation_works_with_custom_values"/>
    <testcase time="0.00100000000000122" classname="table_07" name="Table_07_generation_works_with_custom_values"/>
    <testcase time="0.000999999999999446" classname="table_07" name="Table_07_generation_works_with_custom_values"/>
    <testcase time="0.0500000000000007" classname="table_07" name="Table_07_generation_works_with_custom_values"/>
    <testcase time="0.516" classname="table_07" name="Table_07_generation_works_with_custom_values"/>
    <testcase time="0.173999999999999" classname="table_07" name="Table_07_generation_works_with_custom_values">
      <skipped message="Reason: On CRAN ('test-table_07.R:42:3')"/>
    </testcase>
    <testcase time="0.0190000000000001" classname="table_07" name="Table_07_generation_works_with_NA_values_pruned_rows"/>
    <testcase time="0.000999999999999446" classname="table_07" name="Table_07_generation_works_with_NA_values_pruned_rows"/>
    <testcase time="0.00200000000000067" classname="table_07" name="Table_07_generation_works_with_NA_values_pruned_rows"/>
    <testcase time="0.0470000000000006" classname="table_07" name="Table_07_generation_works_with_NA_values_pruned_rows"/>
    <testcase time="0.340999999999999" classname="table_07" name="Table_07_generation_works_with_NA_values_pruned_rows"/>
    <testcase time="0.143000000000001" classname="table_07" name="Table_07_generation_works_with_NA_values_pruned_rows">
      <skipped message="Reason: On CRAN ('test-table_07.R:52:3')"/>
    </testcase>
  </testsuite>
  <testsuite name="table_08" timestamp="2023-06-26T14:53:52Z" hostname="bc955e83e880" tests="8" skipped="2" failures="0" errors="0" time="0.518">
    <testcase time="0.0250000000000004" classname="table_08" name="Table_08_generation_works_with_default_values"/>
    <testcase time="0.000999999999999446" classname="table_08" name="Table_08_generation_works_with_default_values"/>
    <testcase time="0.0499999999999989" classname="table_08" name="Table_08_generation_works_with_default_values"/>
    <testcase time="0.171000000000001" classname="table_08" name="Table_08_generation_works_with_default_values">
      <skipped message="Reason: On CRAN ('test-table_08.R:10:3')"/>
    </testcase>
    <testcase time="0.020999999999999" classname="table_08" name="Table_08_generation_works_with_custom_values"/>
    <testcase time="0.00100000000000122" classname="table_08" name="Table_08_generation_works_with_custom_values"/>
    <testcase time="0.0489999999999995" classname="table_08" name="Table_08_generation_works_with_custom_values"/>
    <testcase time="0.199999999999999" classname="table_08" name="Table_08_generation_works_with_custom_values">
      <skipped message="Reason: On CRAN ('test-table_08.R:31:3')"/>
    </testcase>
  </testsuite>
  <testsuite name="table_09" timestamp="2023-06-26T14:53:52Z" hostname="bc955e83e880" tests="8" skipped="2" failures="0" errors="0" time="1.1">
    <testcase time="0.0300000000000011" classname="table_09" name="Table_09_generation_works_with_default_values"/>
    <testcase time="0.0500000000000007" classname="table_09" name="Table_09_generation_works_with_default_values"/>
    <testcase time="0.335999999999999" classname="table_09" name="Table_09_generation_works_with_default_values"/>
    <testcase time="0.0810000000000013" classname="table_09" name="Table_09_generation_works_with_default_values">
      <skipped message="Reason: On CRAN ('test-table_09.R:8:3')"/>
    </testcase>
    <testcase time="0.0199999999999996" classname="table_09" name="Table_09_generation_works_with_custom_values"/>
    <testcase time="0.0519999999999996" classname="table_09" name="Table_09_generation_works_with_custom_values"/>
    <testcase time="0.426" classname="table_09" name="Table_09_generation_works_with_custom_values"/>
    <testcase time="0.105" classname="table_09" name="Table_09_generation_works_with_custom_values">
      <skipped message="Reason: On CRAN ('test-table_09.R:39:3')"/>
    </testcase>
  </testsuite>
  <testsuite name="table_13" timestamp="2023-06-26T14:53:53Z" hostname="bc955e83e880" tests="8" skipped="2" failures="0" errors="0" time="0.61">
    <testcase time="0.0269999999999992" classname="table_13" name="Table_13_generation_works_with_default_values"/>
    <testcase time="0.0650000000000013" classname="table_13" name="Table_13_generation_works_with_default_values"/>
    <testcase time="0.138999999999999" classname="table_13" name="Table_13_generation_works_with_default_values"/>
    <testcase time="0.0800000000000001" classname="table_13" name="Table_13_generation_works_with_default_values">
      <skipped message="Reason: On CRAN ('test-table_13.R:8:3')"/>
    </testcase>
    <testcase time="0.0190000000000001" classname="table_13" name="Table_13_generation_works_with_custom_values"/>
    <testcase time="0.052999999999999" classname="table_13" name="Table_13_generation_works_with_custom_values"/>
    <testcase time="0.166" classname="table_13" name="Table_13_generation_works_with_custom_values"/>
    <testcase time="0.0609999999999999" classname="table_13" name="Table_13_generation_works_with_custom_values">
      <skipped message="Reason: On CRAN ('test-table_13.R:38:3')"/>
    </testcase>
  </testsuite>
  <testsuite name="table_14" timestamp="2023-06-26T14:53:54Z" hostname="bc955e83e880" tests="10" skipped="3" failures="0" errors="0" time="2.518">
    <testcase time="0.0340000000000007" classname="table_14" name="Table_14_generation_works_with_default_values"/>
    <testcase time="0.593999999999999" classname="table_14" name="Table_14_generation_works_with_default_values"/>
    <testcase time="0.198" classname="table_14" name="Table_14_generation_works_with_default_values">
      <skipped message="Reason: On CRAN ('test-table_14.R:16:3')"/>
    </testcase>
    <testcase time="0.0180000000000007" classname="table_14" name="Table_14_generation_works_with_custom_values"/>
    <testcase time="0.0539999999999985" classname="table_14" name="Table_14_generation_works_with_custom_values"/>
    <testcase time="0.628" classname="table_14" name="Table_14_generation_works_with_custom_values"/>
    <testcase time="0.207000000000001" classname="table_14" name="Table_14_generation_works_with_custom_values">
      <skipped message="Reason: On CRAN ('test-table_14.R:46:3')"/>
    </testcase>
    <testcase time="0.0229999999999997" classname="table_14" name="Table_14_generation_works_with_NA_values_pruned_rows"/>
    <testcase time="0.622" classname="table_14" name="Table_14_generation_works_with_NA_values_pruned_rows"/>
    <testcase time="0.140000000000001" classname="table_14" name="Table_14_generation_works_with_NA_values_pruned_rows">
      <skipped message="Reason: On CRAN ('test-table_14.R:53:3')"/>
    </testcase>
  </testsuite>
  <testsuite name="table_20" timestamp="2023-06-26T14:53:57Z" hostname="bc955e83e880" tests="18" skipped="3" failures="0" errors="0" time="2.032">
    <testcase time="0.032" classname="table_20" name="Table_20_generation_works_with_default_values"/>
    <testcase time="0.000999999999999446" classname="table_20" name="Table_20_generation_works_with_default_values"/>
    <testcase time="0.000999999999999446" classname="table_20" name="Table_20_generation_works_with_default_values"/>
    <testcase time="0.0510000000000002" classname="table_20" name="Table_20_generation_works_with_default_values"/>
    <testcase time="0.414" classname="table_20" name="Table_20_generation_works_with_default_values"/>
    <testcase time="0.106" classname="table_20" name="Table_20_generation_works_with_default_values">
      <skipped message="Reason: On CRAN ('test-table_20.R:17:3')"/>
    </testcase>
    <testcase time="0.0190000000000001" classname="table_20" name="Table_20_generation_works_with_custom_values"/>
    <testcase time="0.00200000000000067" classname="table_20" name="Table_20_generation_works_with_custom_values"/>
    <testcase time="0.000999999999999446" classname="table_20" name="Table_20_generation_works_with_custom_values"/>
    <testcase time="0.0500000000000007" classname="table_20" name="Table_20_generation_works_with_custom_values"/>
    <testcase time="0.631" classname="table_20" name="Table_20_generation_works_with_custom_values"/>
    <testcase time="0.16" classname="table_20" name="Table_20_generation_works_with_custom_values">
      <skipped message="Reason: On CRAN ('test-table_20.R:65:3')"/>
    </testcase>
    <testcase time="0.0179999999999971" classname="table_20" name="Table_20_generation_works_with_missing_values_pruned_rows"/>
    <testcase time="0.00100000000000122" classname="table_20" name="Table_20_generation_works_with_missing_values_pruned_rows"/>
    <testcase time="0.00199999999999889" classname="table_20" name="Table_20_generation_works_with_missing_values_pruned_rows"/>
    <testcase time="0.0510000000000019" classname="table_20" name="Table_20_generation_works_with_missing_values_pruned_rows"/>
    <testcase time="0.384999999999998" classname="table_20" name="Table_20_generation_works_with_missing_values_pruned_rows"/>
    <testcase time="0.107000000000003" classname="table_20" name="Table_20_generation_works_with_missing_values_pruned_rows">
      <skipped message="Reason: On CRAN ('test-table_20.R:74:3')"/>
    </testcase>
  </testsuite>
  <testsuite name="table_32" timestamp="2023-06-26T14:53:59Z" hostname="bc955e83e880" tests="12" skipped="3" failures="0" errors="0" time="0.891">
    <testcase time="0.036999999999999" classname="table_32" name="Table_32_generation_works_with_default_values"/>
    <testcase time="0.0659999999999989" classname="table_32" name="Table_32_generation_works_with_default_values"/>
    <testcase time="0.134" classname="table_32" name="Table_32_generation_works_with_default_values"/>
    <testcase time="0.0579999999999998" classname="table_32" name="Table_32_generation_works_with_default_values">
      <skipped message="Reason: On CRAN ('test-table_32.R:8:3')"/>
    </testcase>
    <testcase time="0.0210000000000008" classname="table_32" name="Table_32_generation_works_with_custom_values"/>
    <testcase time="0.0670000000000002" classname="table_32" name="Table_32_generation_works_with_custom_values"/>
    <testcase time="0.165999999999997" classname="table_32" name="Table_32_generation_works_with_custom_values"/>
    <testcase time="0.0690000000000026" classname="table_32" name="Table_32_generation_works_with_custom_values">
      <skipped message="Reason: On CRAN ('test-table_32.R:30:3')"/>
    </testcase>
    <testcase time="0.0189999999999984" classname="table_32" name="Table_32_generation_works_with_pruned_rows"/>
    <testcase time="0.0590000000000011" classname="table_32" name="Table_32_generation_works_with_pruned_rows"/>
    <testcase time="0.152000000000001" classname="table_32" name="Table_32_generation_works_with_pruned_rows"/>
    <testcase time="0.0429999999999993" classname="table_32" name="Table_32_generation_works_with_pruned_rows">
      <skipped message="Reason: On CRAN ('test-table_32.R:37:3')"/>
    </testcase>
  </testsuite>
  <testsuite name="table_33" timestamp="2023-06-26T14:53:59Z" hostname="bc955e83e880" tests="12" skipped="3" failures="0" errors="0" time="1.742">
    <testcase time="0.0239999999999974" classname="table_33" name="Table_33_generation_works_with_default_values"/>
    <testcase time="0.378" classname="table_33" name="Table_33_generation_works_with_default_values"/>
    <testcase time="0.102" classname="table_33" name="Table_33_generation_works_with_default_values"/>
    <testcase time="0.0420000000000016" classname="table_33" name="Table_33_generation_works_with_default_values">
      <skipped message="Reason: On CRAN ('test-table_33.R:8:3')"/>
    </testcase>
    <testcase time="0.0189999999999984" classname="table_33" name="Table_33_generation_works_with_custom_values"/>
    <testcase time="0.373000000000001" classname="table_33" name="Table_33_generation_works_with_custom_values"/>
    <testcase time="0.155999999999999" classname="table_33" name="Table_33_generation_works_with_custom_values"/>
    <testcase time="0.0600000000000023" classname="table_33" name="Table_33_generation_works_with_custom_values">
      <skipped message="Reason: On CRAN ('test-table_33.R:34:3')"/>
    </testcase>
    <testcase time="0.0219999999999985" classname="table_33" name="Table_33_generation_works_with_pruned_rows"/>
    <testcase time="0.420999999999999" classname="table_33" name="Table_33_generation_works_with_pruned_rows"/>
    <testcase time="0.106000000000002" classname="table_33" name="Table_33_generation_works_with_pruned_rows"/>
    <testcase time="0.0390000000000015" classname="table_33" name="Table_33_generation_works_with_pruned_rows">
      <skipped message="Reason: On CRAN ('test-table_33.R:42:3')"/>
    </testcase>
  </testsuite>
</testsuites>
