<?xml version="1.0" encoding="UTF-8"?>
<testsuites>
  <testsuite name="table_02" timestamp="2023-06-13T15:30:51Z" hostname="e58f94c005cd" tests="9" skipped="3" failures="0" errors="0" time="2.596">
    <testcase time="0.32" classname="table_02" name="Table_02_generation_works_with_default_values"/>
    <testcase time="0.751" classname="table_02" name="Table_02_generation_works_with_default_values"/>
    <testcase time="0.3" classname="table_02" name="Table_02_generation_works_with_default_values">
      <skipped message="Reason: On CRAN ('test-table_02.R:16:3')"/>
    </testcase>
    <testcase time="0.0910000000000002" classname="table_02" name="Table_02_generation_works_with_custom_values"/>
    <testcase time="0.547" classname="table_02" name="Table_02_generation_works_with_custom_values"/>
    <testcase time="0.318000000000001" classname="table_02" name="Table_02_generation_works_with_custom_values">
      <skipped message="Reason: On CRAN ('test-table_02.R:45:3')"/>
    </testcase>
    <testcase time="0.0679999999999996" classname="table_02" name="Table_02_generation_works_with_some_NA_values"/>
    <testcase time="0.140000000000001" classname="table_02" name="Table_02_generation_works_with_some_NA_values"/>
    <testcase time="0.0609999999999999" classname="table_02" name="Table_02_generation_works_with_some_NA_values">
      <skipped message="Reason: On CRAN ('test-table_02.R:57:3')"/>
    </testcase>
  </testsuite>
  <testsuite name="table_05" timestamp="2023-06-13T15:30:54Z" hostname="e58f94c005cd" tests="9" skipped="3" failures="0" errors="0" time="1.538">
    <testcase time="0.248" classname="table_05" name="Table_05_generation_works_with_default_values"/>
    <testcase time="0.388" classname="table_05" name="Table_05_generation_works_with_default_values"/>
    <testcase time="0.0969999999999995" classname="table_05" name="Table_05_generation_works_with_default_values">
      <skipped message="Reason: On CRAN ('test-table_05.R:10:3')"/>
    </testcase>
    <testcase time="0.0170000000000003" classname="table_05" name="Table_05_generation_works_with_custom_values"/>
    <testcase time="0.335999999999999" classname="table_05" name="Table_05_generation_works_with_custom_values"/>
    <testcase time="0.12" classname="table_05" name="Table_05_generation_works_with_custom_values">
      <skipped message="Reason: On CRAN ('test-table_05.R:34:3')"/>
    </testcase>
    <testcase time="0.0180000000000007" classname="table_05" name="Table_05_generation_works_with_NA_values_pruned_rows"/>
    <testcase time="0.223999999999999" classname="table_05" name="Table_05_generation_works_with_NA_values_pruned_rows"/>
    <testcase time="0.0900000000000007" classname="table_05" name="Table_05_generation_works_with_NA_values_pruned_rows">
      <skipped message="Reason: On CRAN ('test-table_05.R:44:3')"/>
    </testcase>
  </testsuite>
  <testsuite name="table_06" timestamp="2023-06-13T15:30:55Z" hostname="e58f94c005cd" tests="10" skipped="2" failures="0" errors="0" time="1.583">
    <testcase time="0.0429999999999993" classname="table_06" name="Table_06_generation_works_with_default_values"/>
    <testcase time="0.00100000000000033" classname="table_06" name="Table_06_generation_works_with_default_values"/>
    <testcase time="0.0629999999999997" classname="table_06" name="Table_06_generation_works_with_default_values"/>
    <testcase time="0.484" classname="table_06" name="Table_06_generation_works_with_default_values"/>
    <testcase time="0.125" classname="table_06" name="Table_06_generation_works_with_default_values">
      <skipped message="Reason: On CRAN ('test-table_06.R:8:3')"/>
    </testcase>
    <testcase time="0.016" classname="table_06" name="Table_06_generation_works_with_custom_values"/>
    <testcase time="0.000999999999999446" classname="table_06" name="Table_06_generation_works_with_custom_values"/>
    <testcase time="0.072000000000001" classname="table_06" name="Table_06_generation_works_with_custom_values"/>
    <testcase time="0.616" classname="table_06" name="Table_06_generation_works_with_custom_values"/>
    <testcase time="0.162000000000001" classname="table_06" name="Table_06_generation_works_with_custom_values">
      <skipped message="Reason: On CRAN ('test-table_06.R:40:3')"/>
    </testcase>
  </testsuite>
  <testsuite name="table_07" timestamp="2023-06-13T15:30:57Z" hostname="e58f94c005cd" tests="18" skipped="3" failures="0" errors="0" time="2.06">
    <testcase time="0.0279999999999987" classname="table_07" name="Table_07_generation_works_with_default_values"/>
    <testcase time="0.00100000000000122" classname="table_07" name="Table_07_generation_works_with_default_values"/>
    <testcase time="0.00199999999999889" classname="table_07" name="Table_07_generation_works_with_default_values"/>
    <testcase time="0.048" classname="table_07" name="Table_07_generation_works_with_default_values"/>
    <testcase time="0.407" classname="table_07" name="Table_07_generation_works_with_default_values"/>
    <testcase time="0.158000000000001" classname="table_07" name="Table_07_generation_works_with_default_values">
      <skipped message="Reason: On CRAN ('test-table_07.R:13:3')"/>
    </testcase>
    <testcase time="0.016" classname="table_07" name="Table_07_generation_works_with_custom_values"/>
    <testcase time="0.00199999999999889" classname="table_07" name="Table_07_generation_works_with_custom_values"/>
    <testcase time="0.00200000000000067" classname="table_07" name="Table_07_generation_works_with_custom_values"/>
    <testcase time="0.052999999999999" classname="table_07" name="Table_07_generation_works_with_custom_values"/>
    <testcase time="0.583" classname="table_07" name="Table_07_generation_works_with_custom_values"/>
    <testcase time="0.183" classname="table_07" name="Table_07_generation_works_with_custom_values">
      <skipped message="Reason: On CRAN ('test-table_07.R:42:3')"/>
    </testcase>
    <testcase time="0.0200000000000014" classname="table_07" name="Table_07_generation_works_with_NA_values_pruned_rows"/>
    <testcase time="0.000999999999999446" classname="table_07" name="Table_07_generation_works_with_NA_values_pruned_rows"/>
    <testcase time="0.00100000000000122" classname="table_07" name="Table_07_generation_works_with_NA_values_pruned_rows"/>
    <testcase time="0.0509999999999984" classname="table_07" name="Table_07_generation_works_with_NA_values_pruned_rows"/>
    <testcase time="0.359" classname="table_07" name="Table_07_generation_works_with_NA_values_pruned_rows"/>
    <testcase time="0.145000000000001" classname="table_07" name="Table_07_generation_works_with_NA_values_pruned_rows">
      <skipped message="Reason: On CRAN ('test-table_07.R:52:3')"/>
    </testcase>
  </testsuite>
  <testsuite name="table_08" timestamp="2023-06-13T15:30:59Z" hostname="e58f94c005cd" tests="8" skipped="2" failures="0" errors="0" time="0.542">
    <testcase time="0.0229999999999997" classname="table_08" name="Table_08_generation_works_with_default_values"/>
    <testcase time="0.000999999999999446" classname="table_08" name="Table_08_generation_works_with_default_values"/>
    <testcase time="0.0560000000000009" classname="table_08" name="Table_08_generation_works_with_default_values"/>
    <testcase time="0.152999999999999" classname="table_08" name="Table_08_generation_works_with_default_values">
      <skipped message="Reason: On CRAN ('test-table_08.R:10:3')"/>
    </testcase>
    <testcase time="0.016" classname="table_08" name="Table_08_generation_works_with_custom_values"/>
    <testcase time="0.00100000000000122" classname="table_08" name="Table_08_generation_works_with_custom_values"/>
    <testcase time="0.0439999999999987" classname="table_08" name="Table_08_generation_works_with_custom_values"/>
    <testcase time="0.248000000000001" classname="table_08" name="Table_08_generation_works_with_custom_values">
      <skipped message="Reason: On CRAN ('test-table_08.R:31:3')"/>
    </testcase>
  </testsuite>
  <testsuite name="table_09" timestamp="2023-06-13T15:31:00Z" hostname="e58f94c005cd" tests="8" skipped="2" failures="0" errors="0" time="1.053">
    <testcase time="0.0389999999999997" classname="table_09" name="Table_09_generation_works_with_default_values"/>
    <testcase time="0.048" classname="table_09" name="Table_09_generation_works_with_default_values"/>
    <testcase time="0.32" classname="table_09" name="Table_09_generation_works_with_default_values"/>
    <testcase time="0.0779999999999994" classname="table_09" name="Table_09_generation_works_with_default_values">
      <skipped message="Reason: On CRAN ('test-table_09.R:8:3')"/>
    </testcase>
    <testcase time="0.0150000000000006" classname="table_09" name="Table_09_generation_works_with_custom_values"/>
    <testcase time="0.048" classname="table_09" name="Table_09_generation_works_with_custom_values"/>
    <testcase time="0.417999999999999" classname="table_09" name="Table_09_generation_works_with_custom_values"/>
    <testcase time="0.0869999999999997" classname="table_09" name="Table_09_generation_works_with_custom_values">
      <skipped message="Reason: On CRAN ('test-table_09.R:39:3')"/>
    </testcase>
  </testsuite>
  <testsuite name="table_13" timestamp="2023-06-13T15:31:01Z" hostname="e58f94c005cd" tests="8" skipped="2" failures="0" errors="0" time="0.616">
    <testcase time="0.0340000000000007" classname="table_13" name="Table_13_generation_works_with_default_values"/>
    <testcase time="0.0570000000000004" classname="table_13" name="Table_13_generation_works_with_default_values"/>
    <testcase time="0.138" classname="table_13" name="Table_13_generation_works_with_default_values"/>
    <testcase time="0.0879999999999992" classname="table_13" name="Table_13_generation_works_with_default_values">
      <skipped message="Reason: On CRAN ('test-table_13.R:8:3')"/>
    </testcase>
    <testcase time="0.0170000000000012" classname="table_13" name="Table_13_generation_works_with_custom_values"/>
    <testcase time="0.0569999999999986" classname="table_13" name="Table_13_generation_works_with_custom_values"/>
    <testcase time="0.165000000000001" classname="table_13" name="Table_13_generation_works_with_custom_values"/>
    <testcase time="0.0600000000000005" classname="table_13" name="Table_13_generation_works_with_custom_values">
      <skipped message="Reason: On CRAN ('test-table_13.R:38:3')"/>
    </testcase>
  </testsuite>
  <testsuite name="table_14" timestamp="2023-06-13T15:31:01Z" hostname="e58f94c005cd" tests="10" skipped="3" failures="0" errors="0" time="2.578">
    <testcase time="0.032" classname="table_14" name="Table_14_generation_works_with_default_values"/>
    <testcase time="0.633999999999999" classname="table_14" name="Table_14_generation_works_with_default_values"/>
    <testcase time="0.186" classname="table_14" name="Table_14_generation_works_with_default_values">
      <skipped message="Reason: On CRAN ('test-table_14.R:16:3')"/>
    </testcase>
    <testcase time="0.0180000000000007" classname="table_14" name="Table_14_generation_works_with_custom_values"/>
    <testcase time="0.0560000000000009" classname="table_14" name="Table_14_generation_works_with_custom_values"/>
    <testcase time="0.656999999999998" classname="table_14" name="Table_14_generation_works_with_custom_values"/>
    <testcase time="0.193" classname="table_14" name="Table_14_generation_works_with_custom_values">
      <skipped message="Reason: On CRAN ('test-table_14.R:46:3')"/>
    </testcase>
    <testcase time="0.0169999999999995" classname="table_14" name="Table_14_generation_works_with_NA_values_pruned_rows"/>
    <testcase time="0.641" classname="table_14" name="Table_14_generation_works_with_NA_values_pruned_rows"/>
    <testcase time="0.144000000000002" classname="table_14" name="Table_14_generation_works_with_NA_values_pruned_rows">
      <skipped message="Reason: On CRAN ('test-table_14.R:53:3')"/>
    </testcase>
  </testsuite>
  <testsuite name="table_20" timestamp="2023-06-13T15:31:04Z" hostname="e58f94c005cd" tests="18" skipped="3" failures="0" errors="0" time="2.257">
    <testcase time="0.0289999999999999" classname="table_20" name="Table_20_generation_works_with_default_values"/>
    <testcase time="0.000999999999997669" classname="table_20" name="Table_20_generation_works_with_default_values"/>
    <testcase time="0.00200000000000244" classname="table_20" name="Table_20_generation_works_with_default_values"/>
    <testcase time="0.0499999999999972" classname="table_20" name="Table_20_generation_works_with_default_values"/>
    <testcase time="0.435000000000002" classname="table_20" name="Table_20_generation_works_with_default_values"/>
    <testcase time="0.123999999999999" classname="table_20" name="Table_20_generation_works_with_default_values">
      <skipped message="Reason: On CRAN ('test-table_20.R:17:3')"/>
    </testcase>
    <testcase time="0.0169999999999995" classname="table_20" name="Table_20_generation_works_with_custom_values"/>
    <testcase time="0.00200000000000244" classname="table_20" name="Table_20_generation_works_with_custom_values"/>
    <testcase time="0.000999999999997669" classname="table_20" name="Table_20_generation_works_with_custom_values"/>
    <testcase time="0.0549999999999997" classname="table_20" name="Table_20_generation_works_with_custom_values"/>
    <testcase time="0.725000000000001" classname="table_20" name="Table_20_generation_works_with_custom_values"/>
    <testcase time="0.155999999999999" classname="table_20" name="Table_20_generation_works_with_custom_values">
      <skipped message="Reason: On CRAN ('test-table_20.R:65:3')"/>
    </testcase>
    <testcase time="0.0169999999999995" classname="table_20" name="Table_20_generation_works_with_missing_values_pruned_rows"/>
    <testcase time="0.00100000000000122" classname="table_20" name="Table_20_generation_works_with_missing_values_pruned_rows"/>
    <testcase time="0.00199999999999889" classname="table_20" name="Table_20_generation_works_with_missing_values_pruned_rows"/>
    <testcase time="0.0560000000000009" classname="table_20" name="Table_20_generation_works_with_missing_values_pruned_rows"/>
    <testcase time="0.471" classname="table_20" name="Table_20_generation_works_with_missing_values_pruned_rows"/>
    <testcase time="0.113" classname="table_20" name="Table_20_generation_works_with_missing_values_pruned_rows">
      <skipped message="Reason: On CRAN ('test-table_20.R:74:3')"/>
    </testcase>
  </testsuite>
  <testsuite name="table_32" timestamp="2023-06-13T15:31:06Z" hostname="e58f94c005cd" tests="12" skipped="3" failures="0" errors="0" time="1.248">
    <testcase time="0.0240000000000009" classname="table_32" name="Table_32_generation_works_with_default_values"/>
    <testcase time="0.0839999999999996" classname="table_32" name="Table_32_generation_works_with_default_values"/>
    <testcase time="0.154" classname="table_32" name="Table_32_generation_works_with_default_values"/>
    <testcase time="0.0579999999999998" classname="table_32" name="Table_32_generation_works_with_default_values">
      <skipped message="Reason: On CRAN ('test-table_32.R:8:3')"/>
    </testcase>
    <testcase time="0.0180000000000007" classname="table_32" name="Table_32_generation_works_with_custom_values"/>
    <testcase time="0.382000000000001" classname="table_32" name="Table_32_generation_works_with_custom_values"/>
    <testcase time="0.166999999999998" classname="table_32" name="Table_32_generation_works_with_custom_values"/>
    <testcase time="0.0760000000000005" classname="table_32" name="Table_32_generation_works_with_custom_values">
      <skipped message="Reason: On CRAN ('test-table_32.R:30:3')"/>
    </testcase>
    <testcase time="0.0199999999999996" classname="table_32" name="Table_32_generation_works_with_pruned_rows"/>
    <testcase time="0.0710000000000015" classname="table_32" name="Table_32_generation_works_with_pruned_rows"/>
    <testcase time="0.151" classname="table_32" name="Table_32_generation_works_with_pruned_rows"/>
    <testcase time="0.0429999999999993" classname="table_32" name="Table_32_generation_works_with_pruned_rows">
      <skipped message="Reason: On CRAN ('test-table_32.R:37:3')"/>
    </testcase>
  </testsuite>
  <testsuite name="table_33" timestamp="2023-06-13T15:31:07Z" hostname="e58f94c005cd" tests="12" skipped="3" failures="0" errors="0" time="1.804">
    <testcase time="0.0229999999999997" classname="table_33" name="Table_33_generation_works_with_default_values"/>
    <testcase time="0.399000000000001" classname="table_33" name="Table_33_generation_works_with_default_values"/>
    <testcase time="0.152999999999999" classname="table_33" name="Table_33_generation_works_with_default_values"/>
    <testcase time="0.0670000000000002" classname="table_33" name="Table_33_generation_works_with_default_values">
      <skipped message="Reason: On CRAN ('test-table_33.R:8:3')"/>
    </testcase>
    <testcase time="0.0309999999999988" classname="table_33" name="Table_33_generation_works_with_custom_values"/>
    <testcase time="0.394000000000002" classname="table_33" name="Table_33_generation_works_with_custom_values"/>
    <testcase time="0.143000000000001" classname="table_33" name="Table_33_generation_works_with_custom_values"/>
    <testcase time="0.0519999999999996" classname="table_33" name="Table_33_generation_works_with_custom_values">
      <skipped message="Reason: On CRAN ('test-table_33.R:34:3')"/>
    </testcase>
    <testcase time="0.0159999999999982" classname="table_33" name="Table_33_generation_works_with_pruned_rows"/>
    <testcase time="0.384" classname="table_33" name="Table_33_generation_works_with_pruned_rows"/>
    <testcase time="0.103000000000002" classname="table_33" name="Table_33_generation_works_with_pruned_rows"/>
    <testcase time="0.0389999999999979" classname="table_33" name="Table_33_generation_works_with_pruned_rows">
      <skipped message="Reason: On CRAN ('test-table_33.R:42:3')"/>
    </testcase>
  </testsuite>
</testsuites>
