<?xml version="1.0" encoding="UTF-8"?>
<testsuites>
  <testsuite name="table_02" timestamp="2023-06-21T21:55:30Z" hostname="7568ac4ba3fd" tests="9" skipped="3" failures="0" errors="0" time="1.896">
    <testcase time="0.0629999999999997" classname="table_02" name="Table_02_generation_works_with_default_values"/>
    <testcase time="0.631" classname="table_02" name="Table_02_generation_works_with_default_values"/>
    <testcase time="0.224" classname="table_02" name="Table_02_generation_works_with_default_values">
      <skipped message="Reason: On CRAN ('test-table_02.R:16:3')"/>
    </testcase>
    <testcase time="0.0729999999999995" classname="table_02" name="Table_02_generation_works_with_custom_values"/>
    <testcase time="0.470000000000001" classname="table_02" name="Table_02_generation_works_with_custom_values"/>
    <testcase time="0.223" classname="table_02" name="Table_02_generation_works_with_custom_values">
      <skipped message="Reason: On CRAN ('test-table_02.R:45:3')"/>
    </testcase>
    <testcase time="0.0579999999999998" classname="table_02" name="Table_02_generation_works_with_some_NA_values"/>
    <testcase time="0.103" classname="table_02" name="Table_02_generation_works_with_some_NA_values"/>
    <testcase time="0.0510000000000002" classname="table_02" name="Table_02_generation_works_with_some_NA_values">
      <skipped message="Reason: On CRAN ('test-table_02.R:57:3')"/>
    </testcase>
  </testsuite>
  <testsuite name="table_05" timestamp="2023-06-21T21:55:33Z" hostname="7568ac4ba3fd" tests="9" skipped="3" failures="0" errors="0" time="1.225">
    <testcase time="0.198" classname="table_05" name="Table_05_generation_works_with_default_values"/>
    <testcase time="0.303" classname="table_05" name="Table_05_generation_works_with_default_values"/>
    <testcase time="0.0720000000000001" classname="table_05" name="Table_05_generation_works_with_default_values">
      <skipped message="Reason: On CRAN ('test-table_05.R:10:3')"/>
    </testcase>
    <testcase time="0.0150000000000006" classname="table_05" name="Table_05_generation_works_with_custom_values"/>
    <testcase time="0.266999999999999" classname="table_05" name="Table_05_generation_works_with_custom_values"/>
    <testcase time="0.0860000000000003" classname="table_05" name="Table_05_generation_works_with_custom_values">
      <skipped message="Reason: On CRAN ('test-table_05.R:34:3')"/>
    </testcase>
    <testcase time="0.016" classname="table_05" name="Table_05_generation_works_with_NA_values_pruned_rows"/>
    <testcase time="0.194999999999999" classname="table_05" name="Table_05_generation_works_with_NA_values_pruned_rows"/>
    <testcase time="0.0730000000000004" classname="table_05" name="Table_05_generation_works_with_NA_values_pruned_rows">
      <skipped message="Reason: On CRAN ('test-table_05.R:44:3')"/>
    </testcase>
  </testsuite>
  <testsuite name="table_06" timestamp="2023-06-21T21:55:34Z" hostname="7568ac4ba3fd" tests="10" skipped="2" failures="0" errors="0" time="1.616">
    <testcase time="0.0339999999999998" classname="table_06" name="Table_06_generation_works_with_default_values"/>
    <testcase time="0.00100000000000033" classname="table_06" name="Table_06_generation_works_with_default_values"/>
    <testcase time="0.0599999999999996" classname="table_06" name="Table_06_generation_works_with_default_values"/>
    <testcase time="0.424" classname="table_06" name="Table_06_generation_works_with_default_values"/>
    <testcase time="0.0939999999999994" classname="table_06" name="Table_06_generation_works_with_default_values">
      <skipped message="Reason: On CRAN ('test-table_06.R:8:3')"/>
    </testcase>
    <testcase time="0.0150000000000006" classname="table_06" name="Table_06_generation_works_with_custom_values"/>
    <testcase time="0.000999999999999446" classname="table_06" name="Table_06_generation_works_with_custom_values"/>
    <testcase time="0.0670000000000002" classname="table_06" name="Table_06_generation_works_with_custom_values"/>
    <testcase time="0.79" classname="table_06" name="Table_06_generation_works_with_custom_values"/>
    <testcase time="0.13" classname="table_06" name="Table_06_generation_works_with_custom_values">
      <skipped message="Reason: On CRAN ('test-table_06.R:40:3')"/>
    </testcase>
  </testsuite>
  <testsuite name="table_07" timestamp="2023-06-21T21:55:35Z" hostname="7568ac4ba3fd" tests="18" skipped="3" failures="0" errors="0" time="1.641">
    <testcase time="0.024" classname="table_07" name="Table_07_generation_works_with_default_values"/>
    <testcase time="0.00100000000000033" classname="table_07" name="Table_07_generation_works_with_default_values"/>
    <testcase time="0.00199999999999978" classname="table_07" name="Table_07_generation_works_with_default_values"/>
    <testcase time="0.04" classname="table_07" name="Table_07_generation_works_with_default_values"/>
    <testcase time="0.334999999999999" classname="table_07" name="Table_07_generation_works_with_default_values"/>
    <testcase time="0.118" classname="table_07" name="Table_07_generation_works_with_default_values">
      <skipped message="Reason: On CRAN ('test-table_07.R:13:3')"/>
    </testcase>
    <testcase time="0.0140000000000011" classname="table_07" name="Table_07_generation_works_with_custom_values"/>
    <testcase time="0.00199999999999889" classname="table_07" name="Table_07_generation_works_with_custom_values"/>
    <testcase time="0.000999999999999446" classname="table_07" name="Table_07_generation_works_with_custom_values"/>
    <testcase time="0.0410000000000004" classname="table_07" name="Table_07_generation_works_with_custom_values"/>
    <testcase time="0.446" classname="table_07" name="Table_07_generation_works_with_custom_values"/>
    <testcase time="0.147" classname="table_07" name="Table_07_generation_works_with_custom_values">
      <skipped message="Reason: On CRAN ('test-table_07.R:42:3')"/>
    </testcase>
    <testcase time="0.0140000000000011" classname="table_07" name="Table_07_generation_works_with_NA_values_pruned_rows"/>
    <testcase time="0.000999999999999446" classname="table_07" name="Table_07_generation_works_with_NA_values_pruned_rows"/>
    <testcase time="0.00100000000000122" classname="table_07" name="Table_07_generation_works_with_NA_values_pruned_rows"/>
    <testcase time="0.0409999999999986" classname="table_07" name="Table_07_generation_works_with_NA_values_pruned_rows"/>
    <testcase time="0.299000000000001" classname="table_07" name="Table_07_generation_works_with_NA_values_pruned_rows"/>
    <testcase time="0.113999999999999" classname="table_07" name="Table_07_generation_works_with_NA_values_pruned_rows">
      <skipped message="Reason: On CRAN ('test-table_07.R:52:3')"/>
    </testcase>
  </testsuite>
  <testsuite name="table_08" timestamp="2023-06-21T21:55:37Z" hostname="7568ac4ba3fd" tests="8" skipped="2" failures="0" errors="0" time="0.416">
    <testcase time="0.0289999999999999" classname="table_08" name="Table_08_generation_works_with_default_values"/>
    <testcase time="0.00100000000000122" classname="table_08" name="Table_08_generation_works_with_default_values"/>
    <testcase time="0.0499999999999989" classname="table_08" name="Table_08_generation_works_with_default_values"/>
    <testcase time="0.106" classname="table_08" name="Table_08_generation_works_with_default_values">
      <skipped message="Reason: On CRAN ('test-table_08.R:10:3')"/>
    </testcase>
    <testcase time="0.0140000000000011" classname="table_08" name="Table_08_generation_works_with_custom_values"/>
    <testcase time="0.00199999999999889" classname="table_08" name="Table_08_generation_works_with_custom_values"/>
    <testcase time="0.043000000000001" classname="table_08" name="Table_08_generation_works_with_custom_values"/>
    <testcase time="0.170999999999999" classname="table_08" name="Table_08_generation_works_with_custom_values">
      <skipped message="Reason: On CRAN ('test-table_08.R:31:3')"/>
    </testcase>
  </testsuite>
  <testsuite name="table_09" timestamp="2023-06-21T21:55:37Z" hostname="7568ac4ba3fd" tests="8" skipped="2" failures="0" errors="0" time="0.893">
    <testcase time="0.0210000000000008" classname="table_09" name="Table_09_generation_works_with_default_values"/>
    <testcase time="0.0429999999999993" classname="table_09" name="Table_09_generation_works_with_default_values"/>
    <testcase time="0.289" classname="table_09" name="Table_09_generation_works_with_default_values"/>
    <testcase time="0.0620000000000012" classname="table_09" name="Table_09_generation_works_with_default_values">
      <skipped message="Reason: On CRAN ('test-table_09.R:8:3')"/>
    </testcase>
    <testcase time="0.0149999999999988" classname="table_09" name="Table_09_generation_works_with_custom_values"/>
    <testcase time="0.043000000000001" classname="table_09" name="Table_09_generation_works_with_custom_values"/>
    <testcase time="0.350999999999999" classname="table_09" name="Table_09_generation_works_with_custom_values"/>
    <testcase time="0.0690000000000008" classname="table_09" name="Table_09_generation_works_with_custom_values">
      <skipped message="Reason: On CRAN ('test-table_09.R:39:3')"/>
    </testcase>
  </testsuite>
  <testsuite name="table_13" timestamp="2023-06-21T21:55:38Z" hostname="7568ac4ba3fd" tests="8" skipped="2" failures="0" errors="0" time="0.513">
    <testcase time="0.0190000000000001" classname="table_13" name="Table_13_generation_works_with_default_values"/>
    <testcase time="0.0509999999999984" classname="table_13" name="Table_13_generation_works_with_default_values"/>
    <testcase time="0.118" classname="table_13" name="Table_13_generation_works_with_default_values"/>
    <testcase time="0.0750000000000011" classname="table_13" name="Table_13_generation_works_with_default_values">
      <skipped message="Reason: On CRAN ('test-table_13.R:8:3')"/>
    </testcase>
    <testcase time="0.0149999999999988" classname="table_13" name="Table_13_generation_works_with_custom_values"/>
    <testcase time="0.0510000000000002" classname="table_13" name="Table_13_generation_works_with_custom_values"/>
    <testcase time="0.135" classname="table_13" name="Table_13_generation_works_with_custom_values"/>
    <testcase time="0.0490000000000013" classname="table_13" name="Table_13_generation_works_with_custom_values">
      <skipped message="Reason: On CRAN ('test-table_13.R:38:3')"/>
    </testcase>
  </testsuite>
  <testsuite name="table_14" timestamp="2023-06-21T21:55:39Z" hostname="7568ac4ba3fd" tests="10" skipped="3" failures="0" errors="0" time="2.17">
    <testcase time="0.032" classname="table_14" name="Table_14_generation_works_with_default_values"/>
    <testcase time="0.545" classname="table_14" name="Table_14_generation_works_with_default_values"/>
    <testcase time="0.147" classname="table_14" name="Table_14_generation_works_with_default_values">
      <skipped message="Reason: On CRAN ('test-table_14.R:16:3')"/>
    </testcase>
    <testcase time="0.0149999999999988" classname="table_14" name="Table_14_generation_works_with_custom_values"/>
    <testcase time="0.0520000000000014" classname="table_14" name="Table_14_generation_works_with_custom_values"/>
    <testcase time="0.566999999999998" classname="table_14" name="Table_14_generation_works_with_custom_values"/>
    <testcase time="0.144" classname="table_14" name="Table_14_generation_works_with_custom_values">
      <skipped message="Reason: On CRAN ('test-table_14.R:46:3')"/>
    </testcase>
    <testcase time="0.0140000000000011" classname="table_14" name="Table_14_generation_works_with_NA_values_pruned_rows"/>
    <testcase time="0.548" classname="table_14" name="Table_14_generation_works_with_NA_values_pruned_rows"/>
    <testcase time="0.106" classname="table_14" name="Table_14_generation_works_with_NA_values_pruned_rows">
      <skipped message="Reason: On CRAN ('test-table_14.R:53:3')"/>
    </testcase>
  </testsuite>
  <testsuite name="table_20" timestamp="2023-06-21T21:55:41Z" hostname="7568ac4ba3fd" tests="18" skipped="3" failures="0" errors="0" time="1.762">
    <testcase time="0.0259999999999998" classname="table_20" name="Table_20_generation_works_with_default_values"/>
    <testcase time="0.000999999999999446" classname="table_20" name="Table_20_generation_works_with_default_values"/>
    <testcase time="0.00100000000000122" classname="table_20" name="Table_20_generation_works_with_default_values"/>
    <testcase time="0.0459999999999994" classname="table_20" name="Table_20_generation_works_with_default_values"/>
    <testcase time="0.369999999999999" classname="table_20" name="Table_20_generation_works_with_default_values"/>
    <testcase time="0.0810000000000013" classname="table_20" name="Table_20_generation_works_with_default_values">
      <skipped message="Reason: On CRAN ('test-table_20.R:17:3')"/>
    </testcase>
    <testcase time="0.0149999999999988" classname="table_20" name="Table_20_generation_works_with_custom_values"/>
    <testcase time="0.00100000000000122" classname="table_20" name="Table_20_generation_works_with_custom_values"/>
    <testcase time="0.00199999999999889" classname="table_20" name="Table_20_generation_works_with_custom_values"/>
    <testcase time="0.0449999999999999" classname="table_20" name="Table_20_generation_works_with_custom_values"/>
    <testcase time="0.56" classname="table_20" name="Table_20_generation_works_with_custom_values"/>
    <testcase time="0.119" classname="table_20" name="Table_20_generation_works_with_custom_values">
      <skipped message="Reason: On CRAN ('test-table_20.R:65:3')"/>
    </testcase>
    <testcase time="0.0150000000000006" classname="table_20" name="Table_20_generation_works_with_missing_values_pruned_rows"/>
    <testcase time="0.00199999999999889" classname="table_20" name="Table_20_generation_works_with_missing_values_pruned_rows"/>
    <testcase time="0.00100000000000122" classname="table_20" name="Table_20_generation_works_with_missing_values_pruned_rows"/>
    <testcase time="0.0459999999999994" classname="table_20" name="Table_20_generation_works_with_missing_values_pruned_rows"/>
    <testcase time="0.35" classname="table_20" name="Table_20_generation_works_with_missing_values_pruned_rows"/>
    <testcase time="0.0810000000000013" classname="table_20" name="Table_20_generation_works_with_missing_values_pruned_rows">
      <skipped message="Reason: On CRAN ('test-table_20.R:74:3')"/>
    </testcase>
  </testsuite>
  <testsuite name="table_32" timestamp="2023-06-21T21:55:43Z" hostname="7568ac4ba3fd" tests="12" skipped="3" failures="0" errors="0" time="0.773">
    <testcase time="0.0199999999999996" classname="table_32" name="Table_32_generation_works_with_default_values"/>
    <testcase time="0.0690000000000008" classname="table_32" name="Table_32_generation_works_with_default_values"/>
    <testcase time="0.113" classname="table_32" name="Table_32_generation_works_with_default_values"/>
    <testcase time="0.0449999999999999" classname="table_32" name="Table_32_generation_works_with_default_values">
      <skipped message="Reason: On CRAN ('test-table_32.R:8:3')"/>
    </testcase>
    <testcase time="0.0150000000000006" classname="table_32" name="Table_32_generation_works_with_custom_values"/>
    <testcase time="0.0859999999999985" classname="table_32" name="Table_32_generation_works_with_custom_values"/>
    <testcase time="0.137" classname="table_32" name="Table_32_generation_works_with_custom_values"/>
    <testcase time="0.0540000000000003" classname="table_32" name="Table_32_generation_works_with_custom_values">
      <skipped message="Reason: On CRAN ('test-table_32.R:30:3')"/>
    </testcase>
    <testcase time="0.0150000000000006" classname="table_32" name="Table_32_generation_works_with_pruned_rows"/>
    <testcase time="0.0549999999999997" classname="table_32" name="Table_32_generation_works_with_pruned_rows"/>
    <testcase time="0.129999999999999" classname="table_32" name="Table_32_generation_works_with_pruned_rows"/>
    <testcase time="0.0340000000000025" classname="table_32" name="Table_32_generation_works_with_pruned_rows">
      <skipped message="Reason: On CRAN ('test-table_32.R:37:3')"/>
    </testcase>
  </testsuite>
  <testsuite name="table_33" timestamp="2023-06-21T21:55:43Z" hostname="7568ac4ba3fd" tests="12" skipped="3" failures="0" errors="0" time="1.221">
    <testcase time="0.0199999999999996" classname="table_33" name="Table_33_generation_works_with_default_values"/>
    <testcase time="0.259" classname="table_33" name="Table_33_generation_works_with_default_values"/>
    <testcase time="0.0960000000000001" classname="table_33" name="Table_33_generation_works_with_default_values"/>
    <testcase time="0.0349999999999966" classname="table_33" name="Table_33_generation_works_with_default_values">
      <skipped message="Reason: On CRAN ('test-table_33.R:8:3')"/>
    </testcase>
    <testcase time="0.0160000000000018" classname="table_33" name="Table_33_generation_works_with_custom_values"/>
    <testcase time="0.245999999999999" classname="table_33" name="Table_33_generation_works_with_custom_values"/>
    <testcase time="0.128" classname="table_33" name="Table_33_generation_works_with_custom_values"/>
    <testcase time="0.0400000000000027" classname="table_33" name="Table_33_generation_works_with_custom_values">
      <skipped message="Reason: On CRAN ('test-table_33.R:34:3')"/>
    </testcase>
    <testcase time="0.014999999999997" classname="table_33" name="Table_33_generation_works_with_pruned_rows"/>
    <testcase time="0.244" classname="table_33" name="Table_33_generation_works_with_pruned_rows"/>
    <testcase time="0.0920000000000023" classname="table_33" name="Table_33_generation_works_with_pruned_rows"/>
    <testcase time="0.0300000000000011" classname="table_33" name="Table_33_generation_works_with_pruned_rows">
      <skipped message="Reason: On CRAN ('test-table_33.R:42:3')"/>
    </testcase>
  </testsuite>
</testsuites>
