<?xml version="1.0" encoding="UTF-8"?>
<testsuites>
  <testsuite name="table_02" timestamp="2023-06-22T14:33:17Z" hostname="c41c6224a4b8" tests="9" skipped="3" failures="0" errors="0" time="2.444">
    <testcase time="0.073" classname="table_02" name="Table_02_generation_works_with_default_values"/>
    <testcase time="0.813000000000001" classname="table_02" name="Table_02_generation_works_with_default_values"/>
    <testcase time="0.297" classname="table_02" name="Table_02_generation_works_with_default_values">
      <skipped message="Reason: On CRAN ('test-table_02.R:16:3')"/>
    </testcase>
    <testcase time="0.125" classname="table_02" name="Table_02_generation_works_with_custom_values"/>
    <testcase time="0.553999999999999" classname="table_02" name="Table_02_generation_works_with_custom_values"/>
    <testcase time="0.303" classname="table_02" name="Table_02_generation_works_with_custom_values">
      <skipped message="Reason: On CRAN ('test-table_02.R:45:3')"/>
    </testcase>
    <testcase time="0.0800000000000001" classname="table_02" name="Table_02_generation_works_with_some_NA_values"/>
    <testcase time="0.132000000000001" classname="table_02" name="Table_02_generation_works_with_some_NA_values"/>
    <testcase time="0.0669999999999993" classname="table_02" name="Table_02_generation_works_with_some_NA_values">
      <skipped message="Reason: On CRAN ('test-table_02.R:57:3')"/>
    </testcase>
  </testsuite>
  <testsuite name="table_05" timestamp="2023-06-22T14:33:19Z" hostname="c41c6224a4b8" tests="9" skipped="3" failures="0" errors="0" time="1.538">
    <testcase time="0.239000000000001" classname="table_05" name="Table_05_generation_works_with_default_values"/>
    <testcase time="0.369" classname="table_05" name="Table_05_generation_works_with_default_values"/>
    <testcase time="0.0979999999999999" classname="table_05" name="Table_05_generation_works_with_default_values">
      <skipped message="Reason: On CRAN ('test-table_05.R:10:3')"/>
    </testcase>
    <testcase time="0.0199999999999996" classname="table_05" name="Table_05_generation_works_with_custom_values"/>
    <testcase time="0.324000000000001" classname="table_05" name="Table_05_generation_works_with_custom_values"/>
    <testcase time="0.12" classname="table_05" name="Table_05_generation_works_with_custom_values">
      <skipped message="Reason: On CRAN ('test-table_05.R:34:3')"/>
    </testcase>
    <testcase time="0.0239999999999991" classname="table_05" name="Table_05_generation_works_with_NA_values_pruned_rows"/>
    <testcase time="0.24" classname="table_05" name="Table_05_generation_works_with_NA_values_pruned_rows"/>
    <testcase time="0.104" classname="table_05" name="Table_05_generation_works_with_NA_values_pruned_rows">
      <skipped message="Reason: On CRAN ('test-table_05.R:44:3')"/>
    </testcase>
  </testsuite>
  <testsuite name="table_06" timestamp="2023-06-22T14:33:21Z" hostname="c41c6224a4b8" tests="10" skipped="2" failures="0" errors="0" time="1.987">
    <testcase time="0.0430000000000001" classname="table_06" name="Table_06_generation_works_with_default_values"/>
    <testcase time="0.00100000000000033" classname="table_06" name="Table_06_generation_works_with_default_values"/>
    <testcase time="0.0729999999999995" classname="table_06" name="Table_06_generation_works_with_default_values"/>
    <testcase time="0.505999999999999" classname="table_06" name="Table_06_generation_works_with_default_values"/>
    <testcase time="0.141" classname="table_06" name="Table_06_generation_works_with_default_values">
      <skipped message="Reason: On CRAN ('test-table_06.R:8:3')"/>
    </testcase>
    <testcase time="0.0200000000000014" classname="table_06" name="Table_06_generation_works_with_custom_values"/>
    <testcase time="0.00199999999999889" classname="table_06" name="Table_06_generation_works_with_custom_values"/>
    <testcase time="0.072000000000001" classname="table_06" name="Table_06_generation_works_with_custom_values"/>
    <testcase time="0.91" classname="table_06" name="Table_06_generation_works_with_custom_values"/>
    <testcase time="0.218999999999999" classname="table_06" name="Table_06_generation_works_with_custom_values">
      <skipped message="Reason: On CRAN ('test-table_06.R:40:3')"/>
    </testcase>
  </testsuite>
  <testsuite name="table_07" timestamp="2023-06-22T14:33:23Z" hostname="c41c6224a4b8" tests="18" skipped="3" failures="0" errors="0" time="2.166">
    <testcase time="0.032" classname="table_07" name="Table_07_generation_works_with_default_values"/>
    <testcase time="0.000999999999999446" classname="table_07" name="Table_07_generation_works_with_default_values"/>
    <testcase time="0.00200000000000067" classname="table_07" name="Table_07_generation_works_with_default_values"/>
    <testcase time="0.0619999999999994" classname="table_07" name="Table_07_generation_works_with_default_values"/>
    <testcase time="0.425000000000001" classname="table_07" name="Table_07_generation_works_with_default_values"/>
    <testcase time="0.169" classname="table_07" name="Table_07_generation_works_with_default_values">
      <skipped message="Reason: On CRAN ('test-table_07.R:13:3')"/>
    </testcase>
    <testcase time="0.0199999999999996" classname="table_07" name="Table_07_generation_works_with_custom_values"/>
    <testcase time="0.00200000000000067" classname="table_07" name="Table_07_generation_works_with_custom_values"/>
    <testcase time="0.00199999999999889" classname="table_07" name="Table_07_generation_works_with_custom_values"/>
    <testcase time="0.0500000000000007" classname="table_07" name="Table_07_generation_works_with_custom_values"/>
    <testcase time="0.565999999999999" classname="table_07" name="Table_07_generation_works_with_custom_values"/>
    <testcase time="0.212" classname="table_07" name="Table_07_generation_works_with_custom_values">
      <skipped message="Reason: On CRAN ('test-table_07.R:42:3')"/>
    </testcase>
    <testcase time="0.0280000000000005" classname="table_07" name="Table_07_generation_works_with_NA_values_pruned_rows"/>
    <testcase time="0.00200000000000067" classname="table_07" name="Table_07_generation_works_with_NA_values_pruned_rows"/>
    <testcase time="0.000999999999999446" classname="table_07" name="Table_07_generation_works_with_NA_values_pruned_rows"/>
    <testcase time="0.0510000000000002" classname="table_07" name="Table_07_generation_works_with_NA_values_pruned_rows"/>
    <testcase time="0.372" classname="table_07" name="Table_07_generation_works_with_NA_values_pruned_rows"/>
    <testcase time="0.169" classname="table_07" name="Table_07_generation_works_with_NA_values_pruned_rows">
      <skipped message="Reason: On CRAN ('test-table_07.R:52:3')"/>
    </testcase>
  </testsuite>
  <testsuite name="table_08" timestamp="2023-06-22T14:33:25Z" hostname="c41c6224a4b8" tests="8" skipped="2" failures="0" errors="0" time="0.53">
    <testcase time="0.0269999999999992" classname="table_08" name="Table_08_generation_works_with_default_values"/>
    <testcase time="0.00200000000000067" classname="table_08" name="Table_08_generation_works_with_default_values"/>
    <testcase time="0.0540000000000003" classname="table_08" name="Table_08_generation_works_with_default_values"/>
    <testcase time="0.157999999999999" classname="table_08" name="Table_08_generation_works_with_default_values">
      <skipped message="Reason: On CRAN ('test-table_08.R:10:3')"/>
    </testcase>
    <testcase time="0.0199999999999996" classname="table_08" name="Table_08_generation_works_with_custom_values"/>
    <testcase time="0.00200000000000067" classname="table_08" name="Table_08_generation_works_with_custom_values"/>
    <testcase time="0.0519999999999996" classname="table_08" name="Table_08_generation_works_with_custom_values"/>
    <testcase time="0.215" classname="table_08" name="Table_08_generation_works_with_custom_values">
      <skipped message="Reason: On CRAN ('test-table_08.R:31:3')"/>
    </testcase>
  </testsuite>
  <testsuite name="table_09" timestamp="2023-06-22T14:33:25Z" hostname="c41c6224a4b8" tests="8" skipped="2" failures="0" errors="0" time="1.105">
    <testcase time="0.0259999999999998" classname="table_09" name="Table_09_generation_works_with_default_values"/>
    <testcase time="0.0500000000000007" classname="table_09" name="Table_09_generation_works_with_default_values"/>
    <testcase time="0.334" classname="table_09" name="Table_09_generation_works_with_default_values"/>
    <testcase time="0.088000000000001" classname="table_09" name="Table_09_generation_works_with_default_values">
      <skipped message="Reason: On CRAN ('test-table_09.R:8:3')"/>
    </testcase>
    <testcase time="0.0469999999999988" classname="table_09" name="Table_09_generation_works_with_custom_values"/>
    <testcase time="0.0490000000000013" classname="table_09" name="Table_09_generation_works_with_custom_values"/>
    <testcase time="0.415999999999999" classname="table_09" name="Table_09_generation_works_with_custom_values"/>
    <testcase time="0.0950000000000006" classname="table_09" name="Table_09_generation_works_with_custom_values">
      <skipped message="Reason: On CRAN ('test-table_09.R:39:3')"/>
    </testcase>
  </testsuite>
  <testsuite name="table_13" timestamp="2023-06-22T14:33:26Z" hostname="c41c6224a4b8" tests="8" skipped="2" failures="0" errors="0" time="0.672">
    <testcase time="0.0259999999999998" classname="table_13" name="Table_13_generation_works_with_default_values"/>
    <testcase time="0.0590000000000011" classname="table_13" name="Table_13_generation_works_with_default_values"/>
    <testcase time="0.154" classname="table_13" name="Table_13_generation_works_with_default_values"/>
    <testcase time="0.0869999999999997" classname="table_13" name="Table_13_generation_works_with_default_values">
      <skipped message="Reason: On CRAN ('test-table_13.R:8:3')"/>
    </testcase>
    <testcase time="0.020999999999999" classname="table_13" name="Table_13_generation_works_with_custom_values"/>
    <testcase time="0.0640000000000001" classname="table_13" name="Table_13_generation_works_with_custom_values"/>
    <testcase time="0.184000000000001" classname="table_13" name="Table_13_generation_works_with_custom_values"/>
    <testcase time="0.077" classname="table_13" name="Table_13_generation_works_with_custom_values">
      <skipped message="Reason: On CRAN ('test-table_13.R:38:3')"/>
    </testcase>
  </testsuite>
  <testsuite name="table_14" timestamp="2023-06-22T14:33:27Z" hostname="c41c6224a4b8" tests="10" skipped="3" failures="0" errors="0" time="2.686">
    <testcase time="0.0389999999999997" classname="table_14" name="Table_14_generation_works_with_default_values"/>
    <testcase time="0.654999999999999" classname="table_14" name="Table_14_generation_works_with_default_values"/>
    <testcase time="0.209" classname="table_14" name="Table_14_generation_works_with_default_values">
      <skipped message="Reason: On CRAN ('test-table_14.R:16:3')"/>
    </testcase>
    <testcase time="0.0210000000000008" classname="table_14" name="Table_14_generation_works_with_custom_values"/>
    <testcase time="0.0600000000000005" classname="table_14" name="Table_14_generation_works_with_custom_values"/>
    <testcase time="0.681999999999999" classname="table_14" name="Table_14_generation_works_with_custom_values"/>
    <testcase time="0.197000000000001" classname="table_14" name="Table_14_generation_works_with_custom_values">
      <skipped message="Reason: On CRAN ('test-table_14.R:46:3')"/>
    </testcase>
    <testcase time="0.0210000000000008" classname="table_14" name="Table_14_generation_works_with_NA_values_pruned_rows"/>
    <testcase time="0.656999999999998" classname="table_14" name="Table_14_generation_works_with_NA_values_pruned_rows"/>
    <testcase time="0.145" classname="table_14" name="Table_14_generation_works_with_NA_values_pruned_rows">
      <skipped message="Reason: On CRAN ('test-table_14.R:53:3')"/>
    </testcase>
  </testsuite>
  <testsuite name="table_20" timestamp="2023-06-22T14:33:30Z" hostname="c41c6224a4b8" tests="18" skipped="3" failures="0" errors="0" time="2.265">
    <testcase time="0.0330000000000013" classname="table_20" name="Table_20_generation_works_with_default_values"/>
    <testcase time="0.00100000000000122" classname="table_20" name="Table_20_generation_works_with_default_values"/>
    <testcase time="0.00199999999999889" classname="table_20" name="Table_20_generation_works_with_default_values"/>
    <testcase time="0.0549999999999997" classname="table_20" name="Table_20_generation_works_with_default_values"/>
    <testcase time="0.455000000000002" classname="table_20" name="Table_20_generation_works_with_default_values"/>
    <testcase time="0.116" classname="table_20" name="Table_20_generation_works_with_default_values">
      <skipped message="Reason: On CRAN ('test-table_20.R:17:3')"/>
    </testcase>
    <testcase time="0.0209999999999972" classname="table_20" name="Table_20_generation_works_with_custom_values"/>
    <testcase time="0.00100000000000122" classname="table_20" name="Table_20_generation_works_with_custom_values"/>
    <testcase time="0.00199999999999889" classname="table_20" name="Table_20_generation_works_with_custom_values"/>
    <testcase time="0.0590000000000011" classname="table_20" name="Table_20_generation_works_with_custom_values"/>
    <testcase time="0.728999999999999" classname="table_20" name="Table_20_generation_works_with_custom_values"/>
    <testcase time="0.178000000000001" classname="table_20" name="Table_20_generation_works_with_custom_values">
      <skipped message="Reason: On CRAN ('test-table_20.R:65:3')"/>
    </testcase>
    <testcase time="0.0210000000000008" classname="table_20" name="Table_20_generation_works_with_missing_values_pruned_rows"/>
    <testcase time="0.00199999999999889" classname="table_20" name="Table_20_generation_works_with_missing_values_pruned_rows"/>
    <testcase time="0.00199999999999889" classname="table_20" name="Table_20_generation_works_with_missing_values_pruned_rows"/>
    <testcase time="0.054000000000002" classname="table_20" name="Table_20_generation_works_with_missing_values_pruned_rows"/>
    <testcase time="0.416" classname="table_20" name="Table_20_generation_works_with_missing_values_pruned_rows"/>
    <testcase time="0.117999999999999" classname="table_20" name="Table_20_generation_works_with_missing_values_pruned_rows">
      <skipped message="Reason: On CRAN ('test-table_20.R:74:3')"/>
    </testcase>
  </testsuite>
  <testsuite name="table_32" timestamp="2023-06-22T14:33:32Z" hostname="c41c6224a4b8" tests="12" skipped="3" failures="0" errors="0" time="0.952">
    <testcase time="0.0310000000000024" classname="table_32" name="Table_32_generation_works_with_default_values"/>
    <testcase time="0.0839999999999996" classname="table_32" name="Table_32_generation_works_with_default_values"/>
    <testcase time="0.143999999999998" classname="table_32" name="Table_32_generation_works_with_default_values"/>
    <testcase time="0.0609999999999999" classname="table_32" name="Table_32_generation_works_with_default_values">
      <skipped message="Reason: On CRAN ('test-table_32.R:8:3')"/>
    </testcase>
    <testcase time="0.0210000000000008" classname="table_32" name="Table_32_generation_works_with_custom_values"/>
    <testcase time="0.0809999999999995" classname="table_32" name="Table_32_generation_works_with_custom_values"/>
    <testcase time="0.169" classname="table_32" name="Table_32_generation_works_with_custom_values"/>
    <testcase time="0.0769999999999982" classname="table_32" name="Table_32_generation_works_with_custom_values">
      <skipped message="Reason: On CRAN ('test-table_32.R:30:3')"/>
    </testcase>
    <testcase time="0.0210000000000008" classname="table_32" name="Table_32_generation_works_with_pruned_rows"/>
    <testcase time="0.0779999999999994" classname="table_32" name="Table_32_generation_works_with_pruned_rows"/>
    <testcase time="0.138999999999999" classname="table_32" name="Table_32_generation_works_with_pruned_rows"/>
    <testcase time="0.0459999999999994" classname="table_32" name="Table_32_generation_works_with_pruned_rows">
      <skipped message="Reason: On CRAN ('test-table_32.R:37:3')"/>
    </testcase>
  </testsuite>
  <testsuite name="table_33" timestamp="2023-06-22T14:33:33Z" hostname="c41c6224a4b8" tests="12" skipped="3" failures="0" errors="0" time="1.85">
    <testcase time="0.0280000000000022" classname="table_33" name="Table_33_generation_works_with_default_values"/>
    <testcase time="0.411999999999999" classname="table_33" name="Table_33_generation_works_with_default_values"/>
    <testcase time="0.123000000000001" classname="table_33" name="Table_33_generation_works_with_default_values"/>
    <testcase time="0.0459999999999994" classname="table_33" name="Table_33_generation_works_with_default_values">
      <skipped message="Reason: On CRAN ('test-table_33.R:8:3')"/>
    </testcase>
    <testcase time="0.0240000000000009" classname="table_33" name="Table_33_generation_works_with_custom_values"/>
    <testcase time="0.405999999999999" classname="table_33" name="Table_33_generation_works_with_custom_values"/>
    <testcase time="0.167999999999999" classname="table_33" name="Table_33_generation_works_with_custom_values"/>
    <testcase time="0.0549999999999997" classname="table_33" name="Table_33_generation_works_with_custom_values">
      <skipped message="Reason: On CRAN ('test-table_33.R:34:3')"/>
    </testcase>
    <testcase time="0.022000000000002" classname="table_33" name="Table_33_generation_works_with_pruned_rows"/>
    <testcase time="0.413" classname="table_33" name="Table_33_generation_works_with_pruned_rows"/>
    <testcase time="0.114999999999998" classname="table_33" name="Table_33_generation_works_with_pruned_rows"/>
    <testcase time="0.0380000000000003" classname="table_33" name="Table_33_generation_works_with_pruned_rows">
      <skipped message="Reason: On CRAN ('test-table_33.R:42:3')"/>
    </testcase>
  </testsuite>
</testsuites>
