<?xml version="1.0" encoding="UTF-8"?>
<testsuites>
  <testsuite name="table_02" timestamp="2023-06-16T09:50:53Z" hostname="1c9bc5268eda" tests="9" skipped="3" failures="0" errors="0" time="2.641">
    <testcase time="0.318000000000001" classname="table_02" name="Table_02_generation_works_with_default_values"/>
    <testcase time="0.781999999999999" classname="table_02" name="Table_02_generation_works_with_default_values"/>
    <testcase time="0.307" classname="table_02" name="Table_02_generation_works_with_default_values">
      <skipped message="Reason: On CRAN ('test-table_02.R:16:3')"/>
    </testcase>
    <testcase time="0.085" classname="table_02" name="Table_02_generation_works_with_custom_values"/>
    <testcase time="0.551" classname="table_02" name="Table_02_generation_works_with_custom_values"/>
    <testcase time="0.313" classname="table_02" name="Table_02_generation_works_with_custom_values">
      <skipped message="Reason: On CRAN ('test-table_02.R:45:3')"/>
    </testcase>
    <testcase time="0.0739999999999998" classname="table_02" name="Table_02_generation_works_with_some_NA_values"/>
    <testcase time="0.137" classname="table_02" name="Table_02_generation_works_with_some_NA_values"/>
    <testcase time="0.0739999999999998" classname="table_02" name="Table_02_generation_works_with_some_NA_values">
      <skipped message="Reason: On CRAN ('test-table_02.R:57:3')"/>
    </testcase>
  </testsuite>
  <testsuite name="table_05" timestamp="2023-06-16T09:50:56Z" hostname="1c9bc5268eda" tests="9" skipped="3" failures="0" errors="0" time="1.625">
    <testcase time="0.241000000000001" classname="table_05" name="Table_05_generation_works_with_default_values"/>
    <testcase time="0.393999999999999" classname="table_05" name="Table_05_generation_works_with_default_values"/>
    <testcase time="0.103000000000001" classname="table_05" name="Table_05_generation_works_with_default_values">
      <skipped message="Reason: On CRAN ('test-table_05.R:10:3')"/>
    </testcase>
    <testcase time="0.0199999999999996" classname="table_05" name="Table_05_generation_works_with_custom_values"/>
    <testcase time="0.350000000000001" classname="table_05" name="Table_05_generation_works_with_custom_values"/>
    <testcase time="0.135" classname="table_05" name="Table_05_generation_works_with_custom_values">
      <skipped message="Reason: On CRAN ('test-table_05.R:34:3')"/>
    </testcase>
    <testcase time="0.0209999999999999" classname="table_05" name="Table_05_generation_works_with_NA_values_pruned_rows"/>
    <testcase time="0.255000000000001" classname="table_05" name="Table_05_generation_works_with_NA_values_pruned_rows"/>
    <testcase time="0.106" classname="table_05" name="Table_05_generation_works_with_NA_values_pruned_rows">
      <skipped message="Reason: On CRAN ('test-table_05.R:44:3')"/>
    </testcase>
  </testsuite>
  <testsuite name="table_06" timestamp="2023-06-16T09:50:57Z" hostname="1c9bc5268eda" tests="10" skipped="2" failures="0" errors="0" time="1.8">
    <testcase time="0.0509999999999984" classname="table_06" name="Table_06_generation_works_with_default_values"/>
    <testcase time="0.00200000000000067" classname="table_06" name="Table_06_generation_works_with_default_values"/>
    <testcase time="0.077" classname="table_06" name="Table_06_generation_works_with_default_values"/>
    <testcase time="0.545" classname="table_06" name="Table_06_generation_works_with_default_values"/>
    <testcase time="0.137" classname="table_06" name="Table_06_generation_works_with_default_values">
      <skipped message="Reason: On CRAN ('test-table_06.R:8:3')"/>
    </testcase>
    <testcase time="0.0190000000000001" classname="table_06" name="Table_06_generation_works_with_custom_values"/>
    <testcase time="0.00199999999999889" classname="table_06" name="Table_06_generation_works_with_custom_values"/>
    <testcase time="0.0790000000000006" classname="table_06" name="Table_06_generation_works_with_custom_values"/>
    <testcase time="0.695" classname="table_06" name="Table_06_generation_works_with_custom_values"/>
    <testcase time="0.193" classname="table_06" name="Table_06_generation_works_with_custom_values">
      <skipped message="Reason: On CRAN ('test-table_06.R:40:3')"/>
    </testcase>
  </testsuite>
  <testsuite name="table_07" timestamp="2023-06-16T09:50:59Z" hostname="1c9bc5268eda" tests="18" skipped="3" failures="0" errors="0" time="2.233">
    <testcase time="0.0300000000000011" classname="table_07" name="Table_07_generation_works_with_default_values"/>
    <testcase time="0.00199999999999889" classname="table_07" name="Table_07_generation_works_with_default_values"/>
    <testcase time="0.00200000000000067" classname="table_07" name="Table_07_generation_works_with_default_values"/>
    <testcase time="0.0549999999999997" classname="table_07" name="Table_07_generation_works_with_default_values"/>
    <testcase time="0.462" classname="table_07" name="Table_07_generation_works_with_default_values"/>
    <testcase time="0.167" classname="table_07" name="Table_07_generation_works_with_default_values">
      <skipped message="Reason: On CRAN ('test-table_07.R:13:3')"/>
    </testcase>
    <testcase time="0.0199999999999996" classname="table_07" name="Table_07_generation_works_with_custom_values"/>
    <testcase time="0.00200000000000067" classname="table_07" name="Table_07_generation_works_with_custom_values"/>
    <testcase time="0.00200000000000067" classname="table_07" name="Table_07_generation_works_with_custom_values"/>
    <testcase time="0.0549999999999997" classname="table_07" name="Table_07_generation_works_with_custom_values"/>
    <testcase time="0.590999999999999" classname="table_07" name="Table_07_generation_works_with_custom_values"/>
    <testcase time="0.209" classname="table_07" name="Table_07_generation_works_with_custom_values">
      <skipped message="Reason: On CRAN ('test-table_07.R:42:3')"/>
    </testcase>
    <testcase time="0.0190000000000001" classname="table_07" name="Table_07_generation_works_with_NA_values_pruned_rows"/>
    <testcase time="0.00200000000000067" classname="table_07" name="Table_07_generation_works_with_NA_values_pruned_rows"/>
    <testcase time="0.000999999999999446" classname="table_07" name="Table_07_generation_works_with_NA_values_pruned_rows"/>
    <testcase time="0.0540000000000003" classname="table_07" name="Table_07_generation_works_with_NA_values_pruned_rows"/>
    <testcase time="0.397" classname="table_07" name="Table_07_generation_works_with_NA_values_pruned_rows"/>
    <testcase time="0.163" classname="table_07" name="Table_07_generation_works_with_NA_values_pruned_rows">
      <skipped message="Reason: On CRAN ('test-table_07.R:52:3')"/>
    </testcase>
  </testsuite>
  <testsuite name="table_08" timestamp="2023-06-16T09:51:01Z" hostname="1c9bc5268eda" tests="8" skipped="2" failures="0" errors="0" time="0.59">
    <testcase time="0.0259999999999998" classname="table_08" name="Table_08_generation_works_with_default_values"/>
    <testcase time="0.00200000000000067" classname="table_08" name="Table_08_generation_works_with_default_values"/>
    <testcase time="0.0579999999999998" classname="table_08" name="Table_08_generation_works_with_default_values"/>
    <testcase time="0.168999999999999" classname="table_08" name="Table_08_generation_works_with_default_values">
      <skipped message="Reason: On CRAN ('test-table_08.R:10:3')"/>
    </testcase>
    <testcase time="0.0180000000000007" classname="table_08" name="Table_08_generation_works_with_custom_values"/>
    <testcase time="0.00200000000000067" classname="table_08" name="Table_08_generation_works_with_custom_values"/>
    <testcase time="0.052999999999999" classname="table_08" name="Table_08_generation_works_with_custom_values"/>
    <testcase time="0.262" classname="table_08" name="Table_08_generation_works_with_custom_values">
      <skipped message="Reason: On CRAN ('test-table_08.R:31:3')"/>
    </testcase>
  </testsuite>
  <testsuite name="table_09" timestamp="2023-06-16T09:51:02Z" hostname="1c9bc5268eda" tests="8" skipped="2" failures="0" errors="0" time="1.154">
    <testcase time="0.0229999999999997" classname="table_09" name="Table_09_generation_works_with_default_values"/>
    <testcase time="0.0510000000000002" classname="table_09" name="Table_09_generation_works_with_default_values"/>
    <testcase time="0.356" classname="table_09" name="Table_09_generation_works_with_default_values"/>
    <testcase time="0.0839999999999996" classname="table_09" name="Table_09_generation_works_with_default_values">
      <skipped message="Reason: On CRAN ('test-table_09.R:8:3')"/>
    </testcase>
    <testcase time="0.0170000000000012" classname="table_09" name="Table_09_generation_works_with_custom_values"/>
    <testcase time="0.0519999999999996" classname="table_09" name="Table_09_generation_works_with_custom_values"/>
    <testcase time="0.464" classname="table_09" name="Table_09_generation_works_with_custom_values"/>
    <testcase time="0.106999999999999" classname="table_09" name="Table_09_generation_works_with_custom_values">
      <skipped message="Reason: On CRAN ('test-table_09.R:39:3')"/>
    </testcase>
  </testsuite>
  <testsuite name="table_13" timestamp="2023-06-16T09:51:03Z" hostname="1c9bc5268eda" tests="8" skipped="2" failures="0" errors="0" time="0.687">
    <testcase time="0.0370000000000008" classname="table_13" name="Table_13_generation_works_with_default_values"/>
    <testcase time="0.0640000000000001" classname="table_13" name="Table_13_generation_works_with_default_values"/>
    <testcase time="0.16" classname="table_13" name="Table_13_generation_works_with_default_values"/>
    <testcase time="0.0899999999999999" classname="table_13" name="Table_13_generation_works_with_default_values">
      <skipped message="Reason: On CRAN ('test-table_13.R:8:3')"/>
    </testcase>
    <testcase time="0.0179999999999989" classname="table_13" name="Table_13_generation_works_with_custom_values"/>
    <testcase time="0.0630000000000006" classname="table_13" name="Table_13_generation_works_with_custom_values"/>
    <testcase time="0.188000000000001" classname="table_13" name="Table_13_generation_works_with_custom_values"/>
    <testcase time="0.0669999999999984" classname="table_13" name="Table_13_generation_works_with_custom_values">
      <skipped message="Reason: On CRAN ('test-table_13.R:38:3')"/>
    </testcase>
  </testsuite>
  <testsuite name="table_14" timestamp="2023-06-16T09:51:04Z" hostname="1c9bc5268eda" tests="10" skipped="3" failures="0" errors="0" time="2.8">
    <testcase time="0.0360000000000014" classname="table_14" name="Table_14_generation_works_with_default_values"/>
    <testcase time="0.679" classname="table_14" name="Table_14_generation_works_with_default_values"/>
    <testcase time="0.202" classname="table_14" name="Table_14_generation_works_with_default_values">
      <skipped message="Reason: On CRAN ('test-table_14.R:16:3')"/>
    </testcase>
    <testcase time="0.0169999999999995" classname="table_14" name="Table_14_generation_works_with_custom_values"/>
    <testcase time="0.0659999999999989" classname="table_14" name="Table_14_generation_works_with_custom_values"/>
    <testcase time="0.726000000000001" classname="table_14" name="Table_14_generation_works_with_custom_values"/>
    <testcase time="0.204999999999998" classname="table_14" name="Table_14_generation_works_with_custom_values">
      <skipped message="Reason: On CRAN ('test-table_14.R:46:3')"/>
    </testcase>
    <testcase time="0.017000000000003" classname="table_14" name="Table_14_generation_works_with_NA_values_pruned_rows"/>
    <testcase time="0.702999999999999" classname="table_14" name="Table_14_generation_works_with_NA_values_pruned_rows"/>
    <testcase time="0.149000000000001" classname="table_14" name="Table_14_generation_works_with_NA_values_pruned_rows">
      <skipped message="Reason: On CRAN ('test-table_14.R:53:3')"/>
    </testcase>
  </testsuite>
  <testsuite name="table_20" timestamp="2023-06-16T09:51:06Z" hostname="1c9bc5268eda" tests="18" skipped="3" failures="0" errors="0" time="2.341">
    <testcase time="0.0289999999999999" classname="table_20" name="Table_20_generation_works_with_default_values"/>
    <testcase time="0.00200000000000244" classname="table_20" name="Table_20_generation_works_with_default_values"/>
    <testcase time="0.000999999999997669" classname="table_20" name="Table_20_generation_works_with_default_values"/>
    <testcase time="0.0570000000000022" classname="table_20" name="Table_20_generation_works_with_default_values"/>
    <testcase time="0.465" classname="table_20" name="Table_20_generation_works_with_default_values"/>
    <testcase time="0.122999999999998" classname="table_20" name="Table_20_generation_works_with_default_values">
      <skipped message="Reason: On CRAN ('test-table_20.R:17:3')"/>
    </testcase>
    <testcase time="0.0169999999999995" classname="table_20" name="Table_20_generation_works_with_custom_values"/>
    <testcase time="0.00200000000000244" classname="table_20" name="Table_20_generation_works_with_custom_values"/>
    <testcase time="0.00199999999999889" classname="table_20" name="Table_20_generation_works_with_custom_values"/>
    <testcase time="0.0579999999999998" classname="table_20" name="Table_20_generation_works_with_custom_values"/>
    <testcase time="0.73" classname="table_20" name="Table_20_generation_works_with_custom_values"/>
    <testcase time="0.181999999999999" classname="table_20" name="Table_20_generation_works_with_custom_values">
      <skipped message="Reason: On CRAN ('test-table_20.R:65:3')"/>
    </testcase>
    <testcase time="0.0180000000000007" classname="table_20" name="Table_20_generation_works_with_missing_values_pruned_rows"/>
    <testcase time="0.00200000000000244" classname="table_20" name="Table_20_generation_works_with_missing_values_pruned_rows"/>
    <testcase time="0.000999999999997669" classname="table_20" name="Table_20_generation_works_with_missing_values_pruned_rows"/>
    <testcase time="0.0570000000000022" classname="table_20" name="Table_20_generation_works_with_missing_values_pruned_rows"/>
    <testcase time="0.474999999999998" classname="table_20" name="Table_20_generation_works_with_missing_values_pruned_rows"/>
    <testcase time="0.120000000000001" classname="table_20" name="Table_20_generation_works_with_missing_values_pruned_rows">
      <skipped message="Reason: On CRAN ('test-table_20.R:74:3')"/>
    </testcase>
  </testsuite>
  <testsuite name="table_32" timestamp="2023-06-16T09:51:09Z" hostname="1c9bc5268eda" tests="12" skipped="3" failures="0" errors="0" time="1.291">
    <testcase time="0.0249999999999986" classname="table_32" name="Table_32_generation_works_with_default_values"/>
    <testcase time="0.0890000000000022" classname="table_32" name="Table_32_generation_works_with_default_values"/>
    <testcase time="0.148" classname="table_32" name="Table_32_generation_works_with_default_values"/>
    <testcase time="0.0629999999999988" classname="table_32" name="Table_32_generation_works_with_default_values">
      <skipped message="Reason: On CRAN ('test-table_32.R:8:3')"/>
    </testcase>
    <testcase time="0.0180000000000007" classname="table_32" name="Table_32_generation_works_with_custom_values"/>
    <testcase time="0.41" classname="table_32" name="Table_32_generation_works_with_custom_values"/>
    <testcase time="0.169999999999998" classname="table_32" name="Table_32_generation_works_with_custom_values"/>
    <testcase time="0.078000000000003" classname="table_32" name="Table_32_generation_works_with_custom_values">
      <skipped message="Reason: On CRAN ('test-table_32.R:30:3')"/>
    </testcase>
    <testcase time="0.0189999999999984" classname="table_32" name="Table_32_generation_works_with_pruned_rows"/>
    <testcase time="0.0700000000000003" classname="table_32" name="Table_32_generation_works_with_pruned_rows"/>
    <testcase time="0.154" classname="table_32" name="Table_32_generation_works_with_pruned_rows"/>
    <testcase time="0.0470000000000006" classname="table_32" name="Table_32_generation_works_with_pruned_rows">
      <skipped message="Reason: On CRAN ('test-table_32.R:37:3')"/>
    </testcase>
  </testsuite>
  <testsuite name="table_33" timestamp="2023-06-16T09:51:10Z" hostname="1c9bc5268eda" tests="12" skipped="3" failures="0" errors="0" time="1.761">
    <testcase time="0.0240000000000009" classname="table_33" name="Table_33_generation_works_with_default_values"/>
    <testcase time="0.388999999999999" classname="table_33" name="Table_33_generation_works_with_default_values"/>
    <testcase time="0.116" classname="table_33" name="Table_33_generation_works_with_default_values"/>
    <testcase time="0.0440000000000005" classname="table_33" name="Table_33_generation_works_with_default_values">
      <skipped message="Reason: On CRAN ('test-table_33.R:8:3')"/>
    </testcase>
    <testcase time="0.0169999999999995" classname="table_33" name="Table_33_generation_works_with_custom_values"/>
    <testcase time="0.395" classname="table_33" name="Table_33_generation_works_with_custom_values"/>
    <testcase time="0.148" classname="table_33" name="Table_33_generation_works_with_custom_values"/>
    <testcase time="0.0519999999999996" classname="table_33" name="Table_33_generation_works_with_custom_values">
      <skipped message="Reason: On CRAN ('test-table_33.R:34:3')"/>
    </testcase>
    <testcase time="0.0180000000000007" classname="table_33" name="Table_33_generation_works_with_pruned_rows"/>
    <testcase time="0.404" classname="table_33" name="Table_33_generation_works_with_pruned_rows"/>
    <testcase time="0.114999999999998" classname="table_33" name="Table_33_generation_works_with_pruned_rows"/>
    <testcase time="0.0390000000000015" classname="table_33" name="Table_33_generation_works_with_pruned_rows">
      <skipped message="Reason: On CRAN ('test-table_33.R:42:3')"/>
    </testcase>
  </testsuite>
</testsuites>
