<?xml version="1.0" encoding="UTF-8"?>
<testsuites>
  <testsuite name="table_02" timestamp="2023-06-22T11:25:31Z" hostname="f9a0ae23c409" tests="9" skipped="3" failures="0" errors="0" time="2.258">
    <testcase time="0.0680000000000001" classname="table_02" name="Table_02_generation_works_with_default_values"/>
    <testcase time="0.735" classname="table_02" name="Table_02_generation_works_with_default_values"/>
    <testcase time="0.286" classname="table_02" name="Table_02_generation_works_with_default_values">
      <skipped message="Reason: On CRAN ('test-table_02.R:16:3')"/>
    </testcase>
    <testcase time="0.0839999999999996" classname="table_02" name="Table_02_generation_works_with_custom_values"/>
    <testcase time="0.555" classname="table_02" name="Table_02_generation_works_with_custom_values"/>
    <testcase time="0.281" classname="table_02" name="Table_02_generation_works_with_custom_values">
      <skipped message="Reason: On CRAN ('test-table_02.R:45:3')"/>
    </testcase>
    <testcase time="0.0680000000000005" classname="table_02" name="Table_02_generation_works_with_some_NA_values"/>
    <testcase time="0.119" classname="table_02" name="Table_02_generation_works_with_some_NA_values"/>
    <testcase time="0.0620000000000003" classname="table_02" name="Table_02_generation_works_with_some_NA_values">
      <skipped message="Reason: On CRAN ('test-table_02.R:57:3')"/>
    </testcase>
  </testsuite>
  <testsuite name="table_05" timestamp="2023-06-22T11:25:33Z" hostname="f9a0ae23c409" tests="9" skipped="3" failures="0" errors="0" time="1.479">
    <testcase time="0.24" classname="table_05" name="Table_05_generation_works_with_default_values"/>
    <testcase time="0.348999999999999" classname="table_05" name="Table_05_generation_works_with_default_values"/>
    <testcase time="0.0880000000000001" classname="table_05" name="Table_05_generation_works_with_default_values">
      <skipped message="Reason: On CRAN ('test-table_05.R:10:3')"/>
    </testcase>
    <testcase time="0.0150000000000006" classname="table_05" name="Table_05_generation_works_with_custom_values"/>
    <testcase time="0.323" classname="table_05" name="Table_05_generation_works_with_custom_values"/>
    <testcase time="0.119" classname="table_05" name="Table_05_generation_works_with_custom_values">
      <skipped message="Reason: On CRAN ('test-table_05.R:34:3')"/>
    </testcase>
    <testcase time="0.0190000000000001" classname="table_05" name="Table_05_generation_works_with_NA_values_pruned_rows"/>
    <testcase time="0.228" classname="table_05" name="Table_05_generation_works_with_NA_values_pruned_rows"/>
    <testcase time="0.0979999999999999" classname="table_05" name="Table_05_generation_works_with_NA_values_pruned_rows">
      <skipped message="Reason: On CRAN ('test-table_05.R:44:3')"/>
    </testcase>
  </testsuite>
  <testsuite name="table_06" timestamp="2023-06-22T11:25:34Z" hostname="f9a0ae23c409" tests="10" skipped="2" failures="0" errors="0" time="1.887">
    <testcase time="0.0410000000000004" classname="table_06" name="Table_06_generation_works_with_default_values"/>
    <testcase time="0.00199999999999978" classname="table_06" name="Table_06_generation_works_with_default_values"/>
    <testcase time="0.0710000000000006" classname="table_06" name="Table_06_generation_works_with_default_values"/>
    <testcase time="0.486" classname="table_06" name="Table_06_generation_works_with_default_values"/>
    <testcase time="0.127" classname="table_06" name="Table_06_generation_works_with_default_values">
      <skipped message="Reason: On CRAN ('test-table_06.R:8:3')"/>
    </testcase>
    <testcase time="0.0160000000000009" classname="table_06" name="Table_06_generation_works_with_custom_values"/>
    <testcase time="0.000999999999999446" classname="table_06" name="Table_06_generation_works_with_custom_values"/>
    <testcase time="0.0719999999999992" classname="table_06" name="Table_06_generation_works_with_custom_values"/>
    <testcase time="0.898" classname="table_06" name="Table_06_generation_works_with_custom_values"/>
    <testcase time="0.173" classname="table_06" name="Table_06_generation_works_with_custom_values">
      <skipped message="Reason: On CRAN ('test-table_06.R:40:3')"/>
    </testcase>
  </testsuite>
  <testsuite name="table_07" timestamp="2023-06-22T11:25:36Z" hostname="f9a0ae23c409" tests="18" skipped="3" failures="0" errors="0" time="1.973">
    <testcase time="0.0250000000000004" classname="table_07" name="Table_07_generation_works_with_default_values"/>
    <testcase time="0.00100000000000122" classname="table_07" name="Table_07_generation_works_with_default_values"/>
    <testcase time="0.000999999999999446" classname="table_07" name="Table_07_generation_works_with_default_values"/>
    <testcase time="0.0440000000000005" classname="table_07" name="Table_07_generation_works_with_default_values"/>
    <testcase time="0.378" classname="table_07" name="Table_07_generation_works_with_default_values"/>
    <testcase time="0.161" classname="table_07" name="Table_07_generation_works_with_default_values">
      <skipped message="Reason: On CRAN ('test-table_07.R:13:3')"/>
    </testcase>
    <testcase time="0.016" classname="table_07" name="Table_07_generation_works_with_custom_values"/>
    <testcase time="0.00199999999999889" classname="table_07" name="Table_07_generation_works_with_custom_values"/>
    <testcase time="0.00100000000000122" classname="table_07" name="Table_07_generation_works_with_custom_values"/>
    <testcase time="0.0489999999999995" classname="table_07" name="Table_07_generation_works_with_custom_values"/>
    <testcase time="0.518000000000001" classname="table_07" name="Table_07_generation_works_with_custom_values"/>
    <testcase time="0.196" classname="table_07" name="Table_07_generation_works_with_custom_values">
      <skipped message="Reason: On CRAN ('test-table_07.R:42:3')"/>
    </testcase>
    <testcase time="0.0150000000000006" classname="table_07" name="Table_07_generation_works_with_NA_values_pruned_rows"/>
    <testcase time="0.00199999999999889" classname="table_07" name="Table_07_generation_works_with_NA_values_pruned_rows"/>
    <testcase time="0.00200000000000067" classname="table_07" name="Table_07_generation_works_with_NA_values_pruned_rows"/>
    <testcase time="0.048" classname="table_07" name="Table_07_generation_works_with_NA_values_pruned_rows"/>
    <testcase time="0.365" classname="table_07" name="Table_07_generation_works_with_NA_values_pruned_rows"/>
    <testcase time="0.148999999999999" classname="table_07" name="Table_07_generation_works_with_NA_values_pruned_rows">
      <skipped message="Reason: On CRAN ('test-table_07.R:52:3')"/>
    </testcase>
  </testsuite>
  <testsuite name="table_08" timestamp="2023-06-22T11:25:38Z" hostname="f9a0ae23c409" tests="8" skipped="2" failures="0" errors="0" time="0.501">
    <testcase time="0.027000000000001" classname="table_08" name="Table_08_generation_works_with_default_values"/>
    <testcase time="0.000999999999999446" classname="table_08" name="Table_08_generation_works_with_default_values"/>
    <testcase time="0.0530000000000008" classname="table_08" name="Table_08_generation_works_with_default_values"/>
    <testcase time="0.141" classname="table_08" name="Table_08_generation_works_with_default_values">
      <skipped message="Reason: On CRAN ('test-table_08.R:10:3')"/>
    </testcase>
    <testcase time="0.0149999999999988" classname="table_08" name="Table_08_generation_works_with_custom_values"/>
    <testcase time="0.00100000000000122" classname="table_08" name="Table_08_generation_works_with_custom_values"/>
    <testcase time="0.0449999999999999" classname="table_08" name="Table_08_generation_works_with_custom_values"/>
    <testcase time="0.218" classname="table_08" name="Table_08_generation_works_with_custom_values">
      <skipped message="Reason: On CRAN ('test-table_08.R:31:3')"/>
    </testcase>
  </testsuite>
  <testsuite name="table_09" timestamp="2023-06-22T11:25:39Z" hostname="f9a0ae23c409" tests="8" skipped="2" failures="0" errors="0" time="1.049">
    <testcase time="0.0220000000000002" classname="table_09" name="Table_09_generation_works_with_default_values"/>
    <testcase time="0.0509999999999984" classname="table_09" name="Table_09_generation_works_with_default_values"/>
    <testcase time="0.333" classname="table_09" name="Table_09_generation_works_with_default_values"/>
    <testcase time="0.0810000000000013" classname="table_09" name="Table_09_generation_works_with_default_values">
      <skipped message="Reason: On CRAN ('test-table_09.R:8:3')"/>
    </testcase>
    <testcase time="0.0169999999999995" classname="table_09" name="Table_09_generation_works_with_custom_values"/>
    <testcase time="0.0510000000000002" classname="table_09" name="Table_09_generation_works_with_custom_values"/>
    <testcase time="0.392999999999999" classname="table_09" name="Table_09_generation_works_with_custom_values"/>
    <testcase time="0.101000000000001" classname="table_09" name="Table_09_generation_works_with_custom_values">
      <skipped message="Reason: On CRAN ('test-table_09.R:39:3')"/>
    </testcase>
  </testsuite>
  <testsuite name="table_13" timestamp="2023-06-22T11:25:40Z" hostname="f9a0ae23c409" tests="8" skipped="2" failures="0" errors="0" time="0.615">
    <testcase time="0.0239999999999991" classname="table_13" name="Table_13_generation_works_with_default_values"/>
    <testcase time="0.0630000000000006" classname="table_13" name="Table_13_generation_works_with_default_values"/>
    <testcase time="0.152000000000001" classname="table_13" name="Table_13_generation_works_with_default_values"/>
    <testcase time="0.0889999999999986" classname="table_13" name="Table_13_generation_works_with_default_values">
      <skipped message="Reason: On CRAN ('test-table_13.R:8:3')"/>
    </testcase>
    <testcase time="0.0170000000000012" classname="table_13" name="Table_13_generation_works_with_custom_values"/>
    <testcase time="0.0549999999999997" classname="table_13" name="Table_13_generation_works_with_custom_values"/>
    <testcase time="0.153" classname="table_13" name="Table_13_generation_works_with_custom_values"/>
    <testcase time="0.0619999999999994" classname="table_13" name="Table_13_generation_works_with_custom_values">
      <skipped message="Reason: On CRAN ('test-table_13.R:38:3')"/>
    </testcase>
  </testsuite>
  <testsuite name="table_14" timestamp="2023-06-22T11:25:40Z" hostname="f9a0ae23c409" tests="10" skipped="3" failures="0" errors="0" time="2.465">
    <testcase time="0.032" classname="table_14" name="Table_14_generation_works_with_default_values"/>
    <testcase time="0.603" classname="table_14" name="Table_14_generation_works_with_default_values"/>
    <testcase time="0.186" classname="table_14" name="Table_14_generation_works_with_default_values">
      <skipped message="Reason: On CRAN ('test-table_14.R:16:3')"/>
    </testcase>
    <testcase time="0.0150000000000006" classname="table_14" name="Table_14_generation_works_with_custom_values"/>
    <testcase time="0.0559999999999992" classname="table_14" name="Table_14_generation_works_with_custom_values"/>
    <testcase time="0.613" classname="table_14" name="Table_14_generation_works_with_custom_values"/>
    <testcase time="0.178000000000001" classname="table_14" name="Table_14_generation_works_with_custom_values">
      <skipped message="Reason: On CRAN ('test-table_14.R:46:3')"/>
    </testcase>
    <testcase time="0.0150000000000006" classname="table_14" name="Table_14_generation_works_with_NA_values_pruned_rows"/>
    <testcase time="0.622" classname="table_14" name="Table_14_generation_works_with_NA_values_pruned_rows"/>
    <testcase time="0.145" classname="table_14" name="Table_14_generation_works_with_NA_values_pruned_rows">
      <skipped message="Reason: On CRAN ('test-table_14.R:53:3')"/>
    </testcase>
  </testsuite>
  <testsuite name="table_20" timestamp="2023-06-22T11:25:43Z" hostname="f9a0ae23c409" tests="18" skipped="3" failures="0" errors="0" time="2.045">
    <testcase time="0.0269999999999992" classname="table_20" name="Table_20_generation_works_with_default_values"/>
    <testcase time="0.00100000000000122" classname="table_20" name="Table_20_generation_works_with_default_values"/>
    <testcase time="0.000999999999999446" classname="table_20" name="Table_20_generation_works_with_default_values"/>
    <testcase time="0.0519999999999996" classname="table_20" name="Table_20_generation_works_with_default_values"/>
    <testcase time="0.417000000000002" classname="table_20" name="Table_20_generation_works_with_default_values"/>
    <testcase time="0.097999999999999" classname="table_20" name="Table_20_generation_works_with_default_values">
      <skipped message="Reason: On CRAN ('test-table_20.R:17:3')"/>
    </testcase>
    <testcase time="0.0150000000000006" classname="table_20" name="Table_20_generation_works_with_custom_values"/>
    <testcase time="0.00199999999999889" classname="table_20" name="Table_20_generation_works_with_custom_values"/>
    <testcase time="0.00100000000000122" classname="table_20" name="Table_20_generation_works_with_custom_values"/>
    <testcase time="0.0530000000000008" classname="table_20" name="Table_20_generation_works_with_custom_values"/>
    <testcase time="0.654" classname="table_20" name="Table_20_generation_works_with_custom_values"/>
    <testcase time="0.152999999999999" classname="table_20" name="Table_20_generation_works_with_custom_values">
      <skipped message="Reason: On CRAN ('test-table_20.R:65:3')"/>
    </testcase>
    <testcase time="0.0169999999999995" classname="table_20" name="Table_20_generation_works_with_missing_values_pruned_rows"/>
    <testcase time="0.00199999999999889" classname="table_20" name="Table_20_generation_works_with_missing_values_pruned_rows"/>
    <testcase time="0.00100000000000122" classname="table_20" name="Table_20_generation_works_with_missing_values_pruned_rows"/>
    <testcase time="0.0530000000000008" classname="table_20" name="Table_20_generation_works_with_missing_values_pruned_rows"/>
    <testcase time="0.396999999999998" classname="table_20" name="Table_20_generation_works_with_missing_values_pruned_rows"/>
    <testcase time="0.101000000000003" classname="table_20" name="Table_20_generation_works_with_missing_values_pruned_rows">
      <skipped message="Reason: On CRAN ('test-table_20.R:74:3')"/>
    </testcase>
  </testsuite>
  <testsuite name="table_32" timestamp="2023-06-22T11:25:45Z" hostname="f9a0ae23c409" tests="12" skipped="3" failures="0" errors="0" time="0.869">
    <testcase time="0.0209999999999972" classname="table_32" name="Table_32_generation_works_with_default_values"/>
    <testcase time="0.0710000000000015" classname="table_32" name="Table_32_generation_works_with_default_values"/>
    <testcase time="0.129000000000001" classname="table_32" name="Table_32_generation_works_with_default_values"/>
    <testcase time="0.0569999999999986" classname="table_32" name="Table_32_generation_works_with_default_values">
      <skipped message="Reason: On CRAN ('test-table_32.R:8:3')"/>
    </testcase>
    <testcase time="0.0159999999999982" classname="table_32" name="Table_32_generation_works_with_custom_values"/>
    <testcase time="0.0810000000000031" classname="table_32" name="Table_32_generation_works_with_custom_values"/>
    <testcase time="0.154" classname="table_32" name="Table_32_generation_works_with_custom_values"/>
    <testcase time="0.0679999999999978" classname="table_32" name="Table_32_generation_works_with_custom_values">
      <skipped message="Reason: On CRAN ('test-table_32.R:30:3')"/>
    </testcase>
    <testcase time="0.0160000000000018" classname="table_32" name="Table_32_generation_works_with_pruned_rows"/>
    <testcase time="0.0629999999999988" classname="table_32" name="Table_32_generation_works_with_pruned_rows"/>
    <testcase time="0.152000000000001" classname="table_32" name="Table_32_generation_works_with_pruned_rows"/>
    <testcase time="0.0410000000000004" classname="table_32" name="Table_32_generation_works_with_pruned_rows">
      <skipped message="Reason: On CRAN ('test-table_32.R:37:3')"/>
    </testcase>
  </testsuite>
  <testsuite name="table_33" timestamp="2023-06-22T11:25:46Z" hostname="f9a0ae23c409" tests="12" skipped="3" failures="0" errors="0" time="1.627">
    <testcase time="0.0219999999999985" classname="table_33" name="Table_33_generation_works_with_default_values"/>
    <testcase time="0.378" classname="table_33" name="Table_33_generation_works_with_default_values"/>
    <testcase time="0.103999999999999" classname="table_33" name="Table_33_generation_works_with_default_values"/>
    <testcase time="0.0410000000000004" classname="table_33" name="Table_33_generation_works_with_default_values">
      <skipped message="Reason: On CRAN ('test-table_33.R:8:3')"/>
    </testcase>
    <testcase time="0.0180000000000007" classname="table_33" name="Table_33_generation_works_with_custom_values"/>
    <testcase time="0.373999999999999" classname="table_33" name="Table_33_generation_works_with_custom_values"/>
    <testcase time="0.134" classname="table_33" name="Table_33_generation_works_with_custom_values"/>
    <testcase time="0.0489999999999995" classname="table_33" name="Table_33_generation_works_with_custom_values">
      <skipped message="Reason: On CRAN ('test-table_33.R:34:3')"/>
    </testcase>
    <testcase time="0.0150000000000006" classname="table_33" name="Table_33_generation_works_with_pruned_rows"/>
    <testcase time="0.353999999999999" classname="table_33" name="Table_33_generation_works_with_pruned_rows"/>
    <testcase time="0.102" classname="table_33" name="Table_33_generation_works_with_pruned_rows"/>
    <testcase time="0.0360000000000014" classname="table_33" name="Table_33_generation_works_with_pruned_rows">
      <skipped message="Reason: On CRAN ('test-table_33.R:42:3')"/>
    </testcase>
  </testsuite>
</testsuites>
