<?xml version="1.0" encoding="UTF-8"?>
<testsuites>
  <testsuite name="table_02" timestamp="2023-06-21T21:56:19Z" hostname="fe00aa887910" tests="9" skipped="3" failures="0" errors="0" time="1.509">
    <testcase time="0.0510000000000002" classname="table_02" name="Table_02_generation_works_with_default_values"/>
    <testcase time="0.501" classname="table_02" name="Table_02_generation_works_with_default_values"/>
    <testcase time="0.185" classname="table_02" name="Table_02_generation_works_with_default_values">
      <skipped message="Reason: On CRAN ('test-table_02.R:16:3')"/>
    </testcase>
    <testcase time="0.0579999999999998" classname="table_02" name="Table_02_generation_works_with_custom_values"/>
    <testcase time="0.367" classname="table_02" name="Table_02_generation_works_with_custom_values"/>
    <testcase time="0.184" classname="table_02" name="Table_02_generation_works_with_custom_values">
      <skipped message="Reason: On CRAN ('test-table_02.R:45:3')"/>
    </testcase>
    <testcase time="0.044" classname="table_02" name="Table_02_generation_works_with_some_NA_values"/>
    <testcase time="0.0779999999999998" classname="table_02" name="Table_02_generation_works_with_some_NA_values"/>
    <testcase time="0.0410000000000004" classname="table_02" name="Table_02_generation_works_with_some_NA_values">
      <skipped message="Reason: On CRAN ('test-table_02.R:57:3')"/>
    </testcase>
  </testsuite>
  <testsuite name="table_05" timestamp="2023-06-21T21:56:20Z" hostname="fe00aa887910" tests="9" skipped="3" failures="0" errors="0" time="0.975">
    <testcase time="0.161" classname="table_05" name="Table_05_generation_works_with_default_values"/>
    <testcase time="0.238" classname="table_05" name="Table_05_generation_works_with_default_values"/>
    <testcase time="0.0590000000000002" classname="table_05" name="Table_05_generation_works_with_default_values">
      <skipped message="Reason: On CRAN ('test-table_05.R:10:3')"/>
    </testcase>
    <testcase time="0.0119999999999996" classname="table_05" name="Table_05_generation_works_with_custom_values"/>
    <testcase time="0.21" classname="table_05" name="Table_05_generation_works_with_custom_values"/>
    <testcase time="0.0700000000000003" classname="table_05" name="Table_05_generation_works_with_custom_values">
      <skipped message="Reason: On CRAN ('test-table_05.R:34:3')"/>
    </testcase>
    <testcase time="0.0129999999999999" classname="table_05" name="Table_05_generation_works_with_NA_values_pruned_rows"/>
    <testcase time="0.153" classname="table_05" name="Table_05_generation_works_with_NA_values_pruned_rows"/>
    <testcase time="0.0590000000000002" classname="table_05" name="Table_05_generation_works_with_NA_values_pruned_rows">
      <skipped message="Reason: On CRAN ('test-table_05.R:44:3')"/>
    </testcase>
  </testsuite>
  <testsuite name="table_06" timestamp="2023-06-21T21:56:21Z" hostname="fe00aa887910" tests="10" skipped="2" failures="0" errors="0" time="1.242">
    <testcase time="0.0270000000000001" classname="table_06" name="Table_06_generation_works_with_default_values"/>
    <testcase time="0.00100000000000033" classname="table_06" name="Table_06_generation_works_with_default_values"/>
    <testcase time="0.0459999999999994" classname="table_06" name="Table_06_generation_works_with_default_values"/>
    <testcase time="0.331" classname="table_06" name="Table_06_generation_works_with_default_values"/>
    <testcase time="0.077" classname="table_06" name="Table_06_generation_works_with_default_values">
      <skipped message="Reason: On CRAN ('test-table_06.R:8:3')"/>
    </testcase>
    <testcase time="0.0110000000000001" classname="table_06" name="Table_06_generation_works_with_custom_values"/>
    <testcase time="0.00100000000000033" classname="table_06" name="Table_06_generation_works_with_custom_values"/>
    <testcase time="0.048" classname="table_06" name="Table_06_generation_works_with_custom_values"/>
    <testcase time="0.593" classname="table_06" name="Table_06_generation_works_with_custom_values"/>
    <testcase time="0.107" classname="table_06" name="Table_06_generation_works_with_custom_values">
      <skipped message="Reason: On CRAN ('test-table_06.R:40:3')"/>
    </testcase>
  </testsuite>
  <testsuite name="table_07" timestamp="2023-06-21T21:56:22Z" hostname="fe00aa887910" tests="18" skipped="3" failures="0" errors="0" time="1.297">
    <testcase time="0.0190000000000001" classname="table_07" name="Table_07_generation_works_with_default_values"/>
    <testcase time="0.00100000000000033" classname="table_07" name="Table_07_generation_works_with_default_values"/>
    <testcase time="0.00100000000000033" classname="table_07" name="Table_07_generation_works_with_default_values"/>
    <testcase time="0.0299999999999994" classname="table_07" name="Table_07_generation_works_with_default_values"/>
    <testcase time="0.266" classname="table_07" name="Table_07_generation_works_with_default_values"/>
    <testcase time="0.0960000000000001" classname="table_07" name="Table_07_generation_works_with_default_values">
      <skipped message="Reason: On CRAN ('test-table_07.R:13:3')"/>
    </testcase>
    <testcase time="0.0110000000000001" classname="table_07" name="Table_07_generation_works_with_custom_values"/>
    <testcase time="0.00100000000000033" classname="table_07" name="Table_07_generation_works_with_custom_values"/>
    <testcase time="0.000999999999999446" classname="table_07" name="Table_07_generation_works_with_custom_values"/>
    <testcase time="0.0300000000000002" classname="table_07" name="Table_07_generation_works_with_custom_values"/>
    <testcase time="0.348" classname="table_07" name="Table_07_generation_works_with_custom_values"/>
    <testcase time="0.119" classname="table_07" name="Table_07_generation_works_with_custom_values">
      <skipped message="Reason: On CRAN ('test-table_07.R:42:3')"/>
    </testcase>
    <testcase time="0.0120000000000005" classname="table_07" name="Table_07_generation_works_with_NA_values_pruned_rows"/>
    <testcase time="0.00100000000000033" classname="table_07" name="Table_07_generation_works_with_NA_values_pruned_rows"/>
    <testcase time="0.000999999999999446" classname="table_07" name="Table_07_generation_works_with_NA_values_pruned_rows"/>
    <testcase time="0.0300000000000002" classname="table_07" name="Table_07_generation_works_with_NA_values_pruned_rows"/>
    <testcase time="0.236" classname="table_07" name="Table_07_generation_works_with_NA_values_pruned_rows"/>
    <testcase time="0.0940000000000003" classname="table_07" name="Table_07_generation_works_with_NA_values_pruned_rows">
      <skipped message="Reason: On CRAN ('test-table_07.R:52:3')"/>
    </testcase>
  </testsuite>
  <testsuite name="table_08" timestamp="2023-06-21T21:56:24Z" hostname="fe00aa887910" tests="8" skipped="2" failures="0" errors="0" time="0.346">
    <testcase time="0.0209999999999999" classname="table_08" name="Table_08_generation_works_with_default_values"/>
    <testcase time="0.00100000000000033" classname="table_08" name="Table_08_generation_works_with_default_values"/>
    <testcase time="0.0379999999999994" classname="table_08" name="Table_08_generation_works_with_default_values"/>
    <testcase time="0.0960000000000001" classname="table_08" name="Table_08_generation_works_with_default_values">
      <skipped message="Reason: On CRAN ('test-table_08.R:10:3')"/>
    </testcase>
    <testcase time="0.0110000000000001" classname="table_08" name="Table_08_generation_works_with_custom_values"/>
    <testcase time="0.00100000000000033" classname="table_08" name="Table_08_generation_works_with_custom_values"/>
    <testcase time="0.0329999999999995" classname="table_08" name="Table_08_generation_works_with_custom_values"/>
    <testcase time="0.145" classname="table_08" name="Table_08_generation_works_with_custom_values">
      <skipped message="Reason: On CRAN ('test-table_08.R:31:3')"/>
    </testcase>
  </testsuite>
  <testsuite name="table_09" timestamp="2023-06-21T21:56:24Z" hostname="fe00aa887910" tests="8" skipped="2" failures="0" errors="0" time="0.7">
    <testcase time="0.016" classname="table_09" name="Table_09_generation_works_with_default_values"/>
    <testcase time="0.032" classname="table_09" name="Table_09_generation_works_with_default_values"/>
    <testcase time="0.227999999999999" classname="table_09" name="Table_09_generation_works_with_default_values"/>
    <testcase time="0.0510000000000002" classname="table_09" name="Table_09_generation_works_with_default_values">
      <skipped message="Reason: On CRAN ('test-table_09.R:8:3')"/>
    </testcase>
    <testcase time="0.011000000000001" classname="table_09" name="Table_09_generation_works_with_custom_values"/>
    <testcase time="0.032" classname="table_09" name="Table_09_generation_works_with_custom_values"/>
    <testcase time="0.273999999999999" classname="table_09" name="Table_09_generation_works_with_custom_values"/>
    <testcase time="0.0560000000000009" classname="table_09" name="Table_09_generation_works_with_custom_values">
      <skipped message="Reason: On CRAN ('test-table_09.R:39:3')"/>
    </testcase>
  </testsuite>
  <testsuite name="table_13" timestamp="2023-06-21T21:56:25Z" hostname="fe00aa887910" tests="8" skipped="2" failures="0" errors="0" time="0.404">
    <testcase time="0.016" classname="table_13" name="Table_13_generation_works_with_default_values"/>
    <testcase time="0.0389999999999997" classname="table_13" name="Table_13_generation_works_with_default_values"/>
    <testcase time="0.0950000000000006" classname="table_13" name="Table_13_generation_works_with_default_values"/>
    <testcase time="0.0569999999999986" classname="table_13" name="Table_13_generation_works_with_default_values">
      <skipped message="Reason: On CRAN ('test-table_13.R:8:3')"/>
    </testcase>
    <testcase time="0.0120000000000005" classname="table_13" name="Table_13_generation_works_with_custom_values"/>
    <testcase time="0.0380000000000003" classname="table_13" name="Table_13_generation_works_with_custom_values"/>
    <testcase time="0.108000000000001" classname="table_13" name="Table_13_generation_works_with_custom_values"/>
    <testcase time="0.0389999999999997" classname="table_13" name="Table_13_generation_works_with_custom_values">
      <skipped message="Reason: On CRAN ('test-table_13.R:38:3')"/>
    </testcase>
  </testsuite>
  <testsuite name="table_14" timestamp="2023-06-21T21:56:25Z" hostname="fe00aa887910" tests="10" skipped="3" failures="0" errors="0" time="1.706">
    <testcase time="0.0250000000000004" classname="table_14" name="Table_14_generation_works_with_default_values"/>
    <testcase time="0.426" classname="table_14" name="Table_14_generation_works_with_default_values"/>
    <testcase time="0.116999999999999" classname="table_14" name="Table_14_generation_works_with_default_values">
      <skipped message="Reason: On CRAN ('test-table_14.R:16:3')"/>
    </testcase>
    <testcase time="0.0120000000000005" classname="table_14" name="Table_14_generation_works_with_custom_values"/>
    <testcase time="0.0389999999999997" classname="table_14" name="Table_14_generation_works_with_custom_values"/>
    <testcase time="0.443" classname="table_14" name="Table_14_generation_works_with_custom_values"/>
    <testcase time="0.116" classname="table_14" name="Table_14_generation_works_with_custom_values">
      <skipped message="Reason: On CRAN ('test-table_14.R:46:3')"/>
    </testcase>
    <testcase time="0.0120000000000005" classname="table_14" name="Table_14_generation_works_with_NA_values_pruned_rows"/>
    <testcase time="0.428000000000001" classname="table_14" name="Table_14_generation_works_with_NA_values_pruned_rows"/>
    <testcase time="0.0879999999999992" classname="table_14" name="Table_14_generation_works_with_NA_values_pruned_rows">
      <skipped message="Reason: On CRAN ('test-table_14.R:53:3')"/>
    </testcase>
  </testsuite>
  <testsuite name="table_20" timestamp="2023-06-21T21:56:27Z" hostname="fe00aa887910" tests="18" skipped="3" failures="0" errors="0" time="1.396">
    <testcase time="0.0199999999999996" classname="table_20" name="Table_20_generation_works_with_default_values"/>
    <testcase time="0.00100000000000122" classname="table_20" name="Table_20_generation_works_with_default_values"/>
    <testcase time="0" classname="table_20" name="Table_20_generation_works_with_default_values"/>
    <testcase time="0.0329999999999995" classname="table_20" name="Table_20_generation_works_with_default_values"/>
    <testcase time="0.294" classname="table_20" name="Table_20_generation_works_with_default_values"/>
    <testcase time="0.0679999999999996" classname="table_20" name="Table_20_generation_works_with_default_values">
      <skipped message="Reason: On CRAN ('test-table_20.R:17:3')"/>
    </testcase>
    <testcase time="0.0120000000000005" classname="table_20" name="Table_20_generation_works_with_custom_values"/>
    <testcase time="0.000999999999999446" classname="table_20" name="Table_20_generation_works_with_custom_values"/>
    <testcase time="0.00100000000000122" classname="table_20" name="Table_20_generation_works_with_custom_values"/>
    <testcase time="0.0339999999999989" classname="table_20" name="Table_20_generation_works_with_custom_values"/>
    <testcase time="0.446" classname="table_20" name="Table_20_generation_works_with_custom_values"/>
    <testcase time="0.0940000000000012" classname="table_20" name="Table_20_generation_works_with_custom_values">
      <skipped message="Reason: On CRAN ('test-table_20.R:65:3')"/>
    </testcase>
    <testcase time="0.0119999999999987" classname="table_20" name="Table_20_generation_works_with_missing_values_pruned_rows"/>
    <testcase time="0.00100000000000122" classname="table_20" name="Table_20_generation_works_with_missing_values_pruned_rows"/>
    <testcase time="0.000999999999999446" classname="table_20" name="Table_20_generation_works_with_missing_values_pruned_rows"/>
    <testcase time="0.0340000000000007" classname="table_20" name="Table_20_generation_works_with_missing_values_pruned_rows"/>
    <testcase time="0.277999999999999" classname="table_20" name="Table_20_generation_works_with_missing_values_pruned_rows"/>
    <testcase time="0.0660000000000007" classname="table_20" name="Table_20_generation_works_with_missing_values_pruned_rows">
      <skipped message="Reason: On CRAN ('test-table_20.R:74:3')"/>
    </testcase>
  </testsuite>
  <testsuite name="table_32" timestamp="2023-06-21T21:56:28Z" hostname="fe00aa887910" tests="12" skipped="3" failures="0" errors="0" time="0.594">
    <testcase time="0.016" classname="table_32" name="Table_32_generation_works_with_default_values"/>
    <testcase time="0.0510000000000002" classname="table_32" name="Table_32_generation_works_with_default_values"/>
    <testcase time="0.0890000000000004" classname="table_32" name="Table_32_generation_works_with_default_values"/>
    <testcase time="0.0359999999999996" classname="table_32" name="Table_32_generation_works_with_default_values">
      <skipped message="Reason: On CRAN ('test-table_32.R:8:3')"/>
    </testcase>
    <testcase time="0.0120000000000005" classname="table_32" name="Table_32_generation_works_with_custom_values"/>
    <testcase time="0.0579999999999998" classname="table_32" name="Table_32_generation_works_with_custom_values"/>
    <testcase time="0.109" classname="table_32" name="Table_32_generation_works_with_custom_values"/>
    <testcase time="0.0439999999999987" classname="table_32" name="Table_32_generation_works_with_custom_values">
      <skipped message="Reason: On CRAN ('test-table_32.R:30:3')"/>
    </testcase>
    <testcase time="0.011000000000001" classname="table_32" name="Table_32_generation_works_with_pruned_rows"/>
    <testcase time="0.0419999999999998" classname="table_32" name="Table_32_generation_works_with_pruned_rows"/>
    <testcase time="0.0990000000000002" classname="table_32" name="Table_32_generation_works_with_pruned_rows"/>
    <testcase time="0.0269999999999992" classname="table_32" name="Table_32_generation_works_with_pruned_rows">
      <skipped message="Reason: On CRAN ('test-table_32.R:37:3')"/>
    </testcase>
  </testsuite>
  <testsuite name="table_33" timestamp="2023-06-21T21:56:29Z" hostname="fe00aa887910" tests="12" skipped="3" failures="0" errors="0" time="1.005">
    <testcase time="0.016" classname="table_33" name="Table_33_generation_works_with_default_values"/>
    <testcase time="0.217000000000001" classname="table_33" name="Table_33_generation_works_with_default_values"/>
    <testcase time="0.077" classname="table_33" name="Table_33_generation_works_with_default_values"/>
    <testcase time="0.0289999999999999" classname="table_33" name="Table_33_generation_works_with_default_values">
      <skipped message="Reason: On CRAN ('test-table_33.R:8:3')"/>
    </testcase>
    <testcase time="0.0120000000000005" classname="table_33" name="Table_33_generation_works_with_custom_values"/>
    <testcase time="0.206999999999999" classname="table_33" name="Table_33_generation_works_with_custom_values"/>
    <testcase time="0.0970000000000013" classname="table_33" name="Table_33_generation_works_with_custom_values"/>
    <testcase time="0.032" classname="table_33" name="Table_33_generation_works_with_custom_values">
      <skipped message="Reason: On CRAN ('test-table_33.R:34:3')"/>
    </testcase>
    <testcase time="0.0119999999999987" classname="table_33" name="Table_33_generation_works_with_pruned_rows"/>
    <testcase time="0.208" classname="table_33" name="Table_33_generation_works_with_pruned_rows"/>
    <testcase time="0.0730000000000004" classname="table_33" name="Table_33_generation_works_with_pruned_rows"/>
    <testcase time="0.0250000000000004" classname="table_33" name="Table_33_generation_works_with_pruned_rows">
      <skipped message="Reason: On CRAN ('test-table_33.R:42:3')"/>
    </testcase>
  </testsuite>
</testsuites>
