<?xml version="1.0" encoding="UTF-8"?>
<testsuites>
  <testsuite name="table_02" timestamp="2023-06-22T00:30:33Z" hostname="261ab1ab815e" tests="9" skipped="3" failures="0" errors="0" time="1.89">
    <testcase time="0.0630000000000002" classname="table_02" name="Table_02_generation_works_with_default_values"/>
    <testcase time="0.623" classname="table_02" name="Table_02_generation_works_with_default_values"/>
    <testcase time="0.232" classname="table_02" name="Table_02_generation_works_with_default_values">
      <skipped message="Reason: On CRAN ('test-table_02.R:16:3')"/>
    </testcase>
    <testcase time="0.0740000000000003" classname="table_02" name="Table_02_generation_works_with_custom_values"/>
    <testcase time="0.462" classname="table_02" name="Table_02_generation_works_with_custom_values"/>
    <testcase time="0.224" classname="table_02" name="Table_02_generation_works_with_custom_values">
      <skipped message="Reason: On CRAN ('test-table_02.R:45:3')"/>
    </testcase>
    <testcase time="0.0579999999999998" classname="table_02" name="Table_02_generation_works_with_some_NA_values"/>
    <testcase time="0.104" classname="table_02" name="Table_02_generation_works_with_some_NA_values"/>
    <testcase time="0.0499999999999998" classname="table_02" name="Table_02_generation_works_with_some_NA_values">
      <skipped message="Reason: On CRAN ('test-table_02.R:57:3')"/>
    </testcase>
  </testsuite>
  <testsuite name="table_05" timestamp="2023-06-22T00:30:35Z" hostname="261ab1ab815e" tests="9" skipped="3" failures="0" errors="0" time="1.238">
    <testcase time="0.201" classname="table_05" name="Table_05_generation_works_with_default_values"/>
    <testcase time="0.303" classname="table_05" name="Table_05_generation_works_with_default_values"/>
    <testcase time="0.0730000000000004" classname="table_05" name="Table_05_generation_works_with_default_values">
      <skipped message="Reason: On CRAN ('test-table_05.R:10:3')"/>
    </testcase>
    <testcase time="0.016" classname="table_05" name="Table_05_generation_works_with_custom_values"/>
    <testcase time="0.27" classname="table_05" name="Table_05_generation_works_with_custom_values"/>
    <testcase time="0.0890000000000004" classname="table_05" name="Table_05_generation_works_with_custom_values">
      <skipped message="Reason: On CRAN ('test-table_05.R:34:3')"/>
    </testcase>
    <testcase time="0.0170000000000003" classname="table_05" name="Table_05_generation_works_with_NA_values_pruned_rows"/>
    <testcase time="0.196" classname="table_05" name="Table_05_generation_works_with_NA_values_pruned_rows"/>
    <testcase time="0.0729999999999995" classname="table_05" name="Table_05_generation_works_with_NA_values_pruned_rows">
      <skipped message="Reason: On CRAN ('test-table_05.R:44:3')"/>
    </testcase>
  </testsuite>
  <testsuite name="table_06" timestamp="2023-06-22T00:30:36Z" hostname="261ab1ab815e" tests="10" skipped="2" failures="0" errors="0" time="1.588">
    <testcase time="0.0350000000000001" classname="table_06" name="Table_06_generation_works_with_default_values"/>
    <testcase time="0.00100000000000033" classname="table_06" name="Table_06_generation_works_with_default_values"/>
    <testcase time="0.0609999999999999" classname="table_06" name="Table_06_generation_works_with_default_values"/>
    <testcase time="0.413" classname="table_06" name="Table_06_generation_works_with_default_values"/>
    <testcase time="0.0939999999999994" classname="table_06" name="Table_06_generation_works_with_default_values">
      <skipped message="Reason: On CRAN ('test-table_06.R:8:3')"/>
    </testcase>
    <testcase time="0.0140000000000002" classname="table_06" name="Table_06_generation_works_with_custom_values"/>
    <testcase time="0.00199999999999978" classname="table_06" name="Table_06_generation_works_with_custom_values"/>
    <testcase time="0.0650000000000004" classname="table_06" name="Table_06_generation_works_with_custom_values"/>
    <testcase time="0.774" classname="table_06" name="Table_06_generation_works_with_custom_values"/>
    <testcase time="0.129" classname="table_06" name="Table_06_generation_works_with_custom_values">
      <skipped message="Reason: On CRAN ('test-table_06.R:40:3')"/>
    </testcase>
  </testsuite>
  <testsuite name="table_07" timestamp="2023-06-22T00:30:37Z" hostname="261ab1ab815e" tests="18" skipped="3" failures="0" errors="0" time="1.594">
    <testcase time="0.024" classname="table_07" name="Table_07_generation_works_with_default_values"/>
    <testcase time="0.00100000000000033" classname="table_07" name="Table_07_generation_works_with_default_values"/>
    <testcase time="0.00199999999999978" classname="table_07" name="Table_07_generation_works_with_default_values"/>
    <testcase time="0.04" classname="table_07" name="Table_07_generation_works_with_default_values"/>
    <testcase time="0.330000000000001" classname="table_07" name="Table_07_generation_works_with_default_values"/>
    <testcase time="0.116" classname="table_07" name="Table_07_generation_works_with_default_values">
      <skipped message="Reason: On CRAN ('test-table_07.R:13:3')"/>
    </testcase>
    <testcase time="0.0139999999999993" classname="table_07" name="Table_07_generation_works_with_custom_values"/>
    <testcase time="0.000999999999999446" classname="table_07" name="Table_07_generation_works_with_custom_values"/>
    <testcase time="0.00100000000000122" classname="table_07" name="Table_07_generation_works_with_custom_values"/>
    <testcase time="0.0410000000000004" classname="table_07" name="Table_07_generation_works_with_custom_values"/>
    <testcase time="0.420999999999999" classname="table_07" name="Table_07_generation_works_with_custom_values"/>
    <testcase time="0.144" classname="table_07" name="Table_07_generation_works_with_custom_values">
      <skipped message="Reason: On CRAN ('test-table_07.R:42:3')"/>
    </testcase>
    <testcase time="0.0139999999999993" classname="table_07" name="Table_07_generation_works_with_NA_values_pruned_rows"/>
    <testcase time="0.00100000000000122" classname="table_07" name="Table_07_generation_works_with_NA_values_pruned_rows"/>
    <testcase time="0.00199999999999889" classname="table_07" name="Table_07_generation_works_with_NA_values_pruned_rows"/>
    <testcase time="0.0410000000000004" classname="table_07" name="Table_07_generation_works_with_NA_values_pruned_rows"/>
    <testcase time="0.289999999999999" classname="table_07" name="Table_07_generation_works_with_NA_values_pruned_rows"/>
    <testcase time="0.111000000000001" classname="table_07" name="Table_07_generation_works_with_NA_values_pruned_rows">
      <skipped message="Reason: On CRAN ('test-table_07.R:52:3')"/>
    </testcase>
  </testsuite>
  <testsuite name="table_08" timestamp="2023-06-22T00:30:39Z" hostname="261ab1ab815e" tests="8" skipped="2" failures="0" errors="0" time="0.409">
    <testcase time="0.0280000000000005" classname="table_08" name="Table_08_generation_works_with_default_values"/>
    <testcase time="0.00199999999999889" classname="table_08" name="Table_08_generation_works_with_default_values"/>
    <testcase time="0.0470000000000006" classname="table_08" name="Table_08_generation_works_with_default_values"/>
    <testcase time="0.104000000000001" classname="table_08" name="Table_08_generation_works_with_default_values">
      <skipped message="Reason: On CRAN ('test-table_08.R:10:3')"/>
    </testcase>
    <testcase time="0.0149999999999988" classname="table_08" name="Table_08_generation_works_with_custom_values"/>
    <testcase time="0.00100000000000122" classname="table_08" name="Table_08_generation_works_with_custom_values"/>
    <testcase time="0.0429999999999993" classname="table_08" name="Table_08_generation_works_with_custom_values"/>
    <testcase time="0.169" classname="table_08" name="Table_08_generation_works_with_custom_values">
      <skipped message="Reason: On CRAN ('test-table_08.R:31:3')"/>
    </testcase>
  </testsuite>
  <testsuite name="table_09" timestamp="2023-06-22T00:30:39Z" hostname="261ab1ab815e" tests="8" skipped="2" failures="0" errors="0" time="0.849">
    <testcase time="0.0190000000000001" classname="table_09" name="Table_09_generation_works_with_default_values"/>
    <testcase time="0.0419999999999998" classname="table_09" name="Table_09_generation_works_with_default_values"/>
    <testcase time="0.272" classname="table_09" name="Table_09_generation_works_with_default_values"/>
    <testcase time="0.0609999999999999" classname="table_09" name="Table_09_generation_works_with_default_values">
      <skipped message="Reason: On CRAN ('test-table_09.R:8:3')"/>
    </testcase>
    <testcase time="0.0139999999999993" classname="table_09" name="Table_09_generation_works_with_custom_values"/>
    <testcase time="0.0419999999999998" classname="table_09" name="Table_09_generation_works_with_custom_values"/>
    <testcase time="0.333" classname="table_09" name="Table_09_generation_works_with_custom_values"/>
    <testcase time="0.0660000000000007" classname="table_09" name="Table_09_generation_works_with_custom_values">
      <skipped message="Reason: On CRAN ('test-table_09.R:39:3')"/>
    </testcase>
  </testsuite>
  <testsuite name="table_13" timestamp="2023-06-22T00:30:40Z" hostname="261ab1ab815e" tests="8" skipped="2" failures="0" errors="0" time="0.498">
    <testcase time="0.0199999999999996" classname="table_13" name="Table_13_generation_works_with_default_values"/>
    <testcase time="0.0499999999999989" classname="table_13" name="Table_13_generation_works_with_default_values"/>
    <testcase time="0.116000000000001" classname="table_13" name="Table_13_generation_works_with_default_values"/>
    <testcase time="0.0709999999999997" classname="table_13" name="Table_13_generation_works_with_default_values">
      <skipped message="Reason: On CRAN ('test-table_13.R:8:3')"/>
    </testcase>
    <testcase time="0.0149999999999988" classname="table_13" name="Table_13_generation_works_with_custom_values"/>
    <testcase time="0.0490000000000013" classname="table_13" name="Table_13_generation_works_with_custom_values"/>
    <testcase time="0.129999999999999" classname="table_13" name="Table_13_generation_works_with_custom_values"/>
    <testcase time="0.0470000000000006" classname="table_13" name="Table_13_generation_works_with_custom_values">
      <skipped message="Reason: On CRAN ('test-table_13.R:38:3')"/>
    </testcase>
  </testsuite>
  <testsuite name="table_14" timestamp="2023-06-22T00:30:41Z" hostname="261ab1ab815e" tests="10" skipped="3" failures="0" errors="0" time="2.06">
    <testcase time="0.0299999999999994" classname="table_14" name="Table_14_generation_works_with_default_values"/>
    <testcase time="0.508000000000001" classname="table_14" name="Table_14_generation_works_with_default_values"/>
    <testcase time="0.139999999999999" classname="table_14" name="Table_14_generation_works_with_default_values">
      <skipped message="Reason: On CRAN ('test-table_14.R:16:3')"/>
    </testcase>
    <testcase time="0.0140000000000011" classname="table_14" name="Table_14_generation_works_with_custom_values"/>
    <testcase time="0.0519999999999996" classname="table_14" name="Table_14_generation_works_with_custom_values"/>
    <testcase time="0.538" classname="table_14" name="Table_14_generation_works_with_custom_values"/>
    <testcase time="0.137" classname="table_14" name="Table_14_generation_works_with_custom_values">
      <skipped message="Reason: On CRAN ('test-table_14.R:46:3')"/>
    </testcase>
    <testcase time="0.0139999999999993" classname="table_14" name="Table_14_generation_works_with_NA_values_pruned_rows"/>
    <testcase time="0.519" classname="table_14" name="Table_14_generation_works_with_NA_values_pruned_rows"/>
    <testcase time="0.108000000000001" classname="table_14" name="Table_14_generation_works_with_NA_values_pruned_rows">
      <skipped message="Reason: On CRAN ('test-table_14.R:53:3')"/>
    </testcase>
  </testsuite>
  <testsuite name="table_20" timestamp="2023-06-22T00:30:43Z" hostname="261ab1ab815e" tests="18" skipped="3" failures="0" errors="0" time="1.684">
    <testcase time="0.0250000000000004" classname="table_20" name="Table_20_generation_works_with_default_values"/>
    <testcase time="0.00199999999999889" classname="table_20" name="Table_20_generation_works_with_default_values"/>
    <testcase time="0.00100000000000122" classname="table_20" name="Table_20_generation_works_with_default_values"/>
    <testcase time="0.0449999999999999" classname="table_20" name="Table_20_generation_works_with_default_values"/>
    <testcase time="0.353" classname="table_20" name="Table_20_generation_works_with_default_values"/>
    <testcase time="0.0790000000000006" classname="table_20" name="Table_20_generation_works_with_default_values">
      <skipped message="Reason: On CRAN ('test-table_20.R:17:3')"/>
    </testcase>
    <testcase time="0.0149999999999988" classname="table_20" name="Table_20_generation_works_with_custom_values"/>
    <testcase time="0.00100000000000122" classname="table_20" name="Table_20_generation_works_with_custom_values"/>
    <testcase time="0.00199999999999889" classname="table_20" name="Table_20_generation_works_with_custom_values"/>
    <testcase time="0.0449999999999999" classname="table_20" name="Table_20_generation_works_with_custom_values"/>
    <testcase time="0.535" classname="table_20" name="Table_20_generation_works_with_custom_values"/>
    <testcase time="0.115" classname="table_20" name="Table_20_generation_works_with_custom_values">
      <skipped message="Reason: On CRAN ('test-table_20.R:65:3')"/>
    </testcase>
    <testcase time="0.0139999999999993" classname="table_20" name="Table_20_generation_works_with_missing_values_pruned_rows"/>
    <testcase time="0.00200000000000067" classname="table_20" name="Table_20_generation_works_with_missing_values_pruned_rows"/>
    <testcase time="0.000999999999999446" classname="table_20" name="Table_20_generation_works_with_missing_values_pruned_rows"/>
    <testcase time="0.0440000000000005" classname="table_20" name="Table_20_generation_works_with_missing_values_pruned_rows"/>
    <testcase time="0.326000000000001" classname="table_20" name="Table_20_generation_works_with_missing_values_pruned_rows"/>
    <testcase time="0.0789999999999988" classname="table_20" name="Table_20_generation_works_with_missing_values_pruned_rows">
      <skipped message="Reason: On CRAN ('test-table_20.R:74:3')"/>
    </testcase>
  </testsuite>
  <testsuite name="table_32" timestamp="2023-06-22T00:30:45Z" hostname="261ab1ab815e" tests="12" skipped="3" failures="0" errors="0" time="0.749">
    <testcase time="0.0200000000000014" classname="table_32" name="Table_32_generation_works_with_default_values"/>
    <testcase time="0.0689999999999991" classname="table_32" name="Table_32_generation_works_with_default_values"/>
    <testcase time="0.108000000000001" classname="table_32" name="Table_32_generation_works_with_default_values"/>
    <testcase time="0.0440000000000005" classname="table_32" name="Table_32_generation_works_with_default_values">
      <skipped message="Reason: On CRAN ('test-table_32.R:8:3')"/>
    </testcase>
    <testcase time="0.0149999999999988" classname="table_32" name="Table_32_generation_works_with_custom_values"/>
    <testcase time="0.0790000000000006" classname="table_32" name="Table_32_generation_works_with_custom_values"/>
    <testcase time="0.135999999999999" classname="table_32" name="Table_32_generation_works_with_custom_values"/>
    <testcase time="0.0510000000000002" classname="table_32" name="Table_32_generation_works_with_custom_values">
      <skipped message="Reason: On CRAN ('test-table_32.R:30:3')"/>
    </testcase>
    <testcase time="0.0140000000000011" classname="table_32" name="Table_32_generation_works_with_pruned_rows"/>
    <testcase time="0.0540000000000003" classname="table_32" name="Table_32_generation_works_with_pruned_rows"/>
    <testcase time="0.125" classname="table_32" name="Table_32_generation_works_with_pruned_rows"/>
    <testcase time="0.0339999999999989" classname="table_32" name="Table_32_generation_works_with_pruned_rows">
      <skipped message="Reason: On CRAN ('test-table_32.R:37:3')"/>
    </testcase>
  </testsuite>
  <testsuite name="table_33" timestamp="2023-06-22T00:30:45Z" hostname="261ab1ab815e" tests="12" skipped="3" failures="0" errors="0" time="1.202">
    <testcase time="0.0199999999999996" classname="table_33" name="Table_33_generation_works_with_default_values"/>
    <testcase time="0.259" classname="table_33" name="Table_33_generation_works_with_default_values"/>
    <testcase time="0.0920000000000005" classname="table_33" name="Table_33_generation_works_with_default_values"/>
    <testcase time="0.0329999999999995" classname="table_33" name="Table_33_generation_works_with_default_values">
      <skipped message="Reason: On CRAN ('test-table_33.R:8:3')"/>
    </testcase>
    <testcase time="0.0150000000000006" classname="table_33" name="Table_33_generation_works_with_custom_values"/>
    <testcase time="0.242999999999999" classname="table_33" name="Table_33_generation_works_with_custom_values"/>
    <testcase time="0.124000000000002" classname="table_33" name="Table_33_generation_works_with_custom_values"/>
    <testcase time="0.0389999999999979" classname="table_33" name="Table_33_generation_works_with_custom_values">
      <skipped message="Reason: On CRAN ('test-table_33.R:34:3')"/>
    </testcase>
    <testcase time="0.0139999999999993" classname="table_33" name="Table_33_generation_works_with_pruned_rows"/>
    <testcase time="0.245999999999999" classname="table_33" name="Table_33_generation_works_with_pruned_rows"/>
    <testcase time="0.0890000000000022" classname="table_33" name="Table_33_generation_works_with_pruned_rows"/>
    <testcase time="0.0279999999999987" classname="table_33" name="Table_33_generation_works_with_pruned_rows">
      <skipped message="Reason: On CRAN ('test-table_33.R:42:3')"/>
    </testcase>
  </testsuite>
</testsuites>
