<?xml version="1.0" encoding="UTF-8"?>
<testsuites>
  <testsuite name="table_02" timestamp="2023-11-17T14:32:00Z" hostname="9606b04655c2" tests="30" skipped="10" failures="0" errors="0" time="11.798">
    <testcase time="0.0489999999999999" classname="table_02" name="Table_02_generation_works_with_default_values"/>
    <testcase time="0.388" classname="table_02" name="Table_02_generation_works_with_default_values"/>
    <testcase time="0.169" classname="table_02" name="Table_02_generation_works_with_default_values">
      <skipped message="Reason: On CRAN ('test-table_02.R:16:3')"/>
    </testcase>
    <testcase time="0.0550000000000002" classname="table_02" name="Table_02_generation_works_with_custom_values"/>
    <testcase time="0.281" classname="table_02" name="Table_02_generation_works_with_custom_values"/>
    <testcase time="0.175" classname="table_02" name="Table_02_generation_works_with_custom_values">
      <skipped message="Reason: On CRAN ('test-table_02.R:45:3')"/>
    </testcase>
    <testcase time="0.0419999999999998" classname="table_02" name="Table_02_generation_works_with_some_NA_values"/>
    <testcase time="0.0710000000000002" classname="table_02" name="Table_02_generation_works_with_some_NA_values"/>
    <testcase time="0.0430000000000001" classname="table_02" name="Table_02_generation_works_with_some_NA_values">
      <skipped message="Reason: On CRAN ('test-table_02.R:57:3')"/>
    </testcase>
    <testcase time="0.0149999999999997" classname="table_02" name="Table_02_generation_tplyr_works_with_default_values"/>
    <testcase time="1.24" classname="table_02" name="Table_02_generation_tplyr_works_with_default_values"/>
    <testcase time="0.0250000000000004" classname="table_02" name="Table_02_generation_tplyr_works_with_default_values">
      <skipped message="Reason: On CRAN ('test-table_02.R:66:3')"/>
    </testcase>
    <testcase time="0.0139999999999993" classname="table_02" name="Table_02_generation_tplyr_works_with_tplyr_raw_TRUE"/>
    <testcase time="0.842000000000001" classname="table_02" name="Table_02_generation_tplyr_works_with_tplyr_raw_TRUE"/>
    <testcase time="0.0179999999999998" classname="table_02" name="Table_02_generation_tplyr_works_with_tplyr_raw_TRUE">
      <skipped message="Reason: On CRAN ('test-table_02.R:75:3')"/>
    </testcase>
    <testcase time="0.0350000000000001" classname="table_02" name="Table_02_generation_tplyr_works_with_custom_values"/>
    <testcase time="1.197" classname="table_02" name="Table_02_generation_tplyr_works_with_custom_values"/>
    <testcase time="0.0179999999999998" classname="table_02" name="Table_02_generation_tplyr_works_with_custom_values">
      <skipped message="Reason: On CRAN ('test-table_02.R:102:3')"/>
    </testcase>
    <testcase time="0.0280000000000005" classname="table_02" name="Table_02_generation_tplyr_works_with_some_NA_values"/>
    <testcase time="0.484999999999999" classname="table_02" name="Table_02_generation_tplyr_works_with_some_NA_values"/>
    <testcase time="0.016" classname="table_02" name="Table_02_generation_tplyr_works_with_some_NA_values">
      <skipped message="Reason: On CRAN ('test-table_02.R:119:3')"/>
    </testcase>
    <testcase time="0.0150000000000006" classname="table_02" name="Table_02_generation_gtsum_works_with_default_values"/>
    <testcase time="2.531" classname="table_02" name="Table_02_generation_gtsum_works_with_default_values"/>
    <testcase time="0.00699999999999967" classname="table_02" name="Table_02_generation_gtsum_works_with_default_values">
      <skipped message="Reason: On CRAN ('test-table_02.R:128:3')"/>
    </testcase>
    <testcase time="0.0410000000000004" classname="table_02" name="Table_02_generation_gtsum_works_with_custom_values"/>
    <testcase time="2.807" classname="table_02" name="Table_02_generation_gtsum_works_with_custom_values"/>
    <testcase time="0.00699999999999967" classname="table_02" name="Table_02_generation_gtsum_works_with_custom_values">
      <skipped message="Reason: On CRAN ('test-table_02.R:146:3')"/>
    </testcase>
    <testcase time="0.0280000000000005" classname="table_02" name="Table_02_generation_gtsum_works_with_some_NA_values"/>
    <testcase time="1.15" classname="table_02" name="Table_02_generation_gtsum_works_with_some_NA_values"/>
    <testcase time="0.00600000000000023" classname="table_02" name="Table_02_generation_gtsum_works_with_some_NA_values">
      <skipped message="Reason: On CRAN ('test-table_02.R:160:3')"/>
    </testcase>
  </testsuite>
  <testsuite name="table_03" timestamp="2023-11-17T14:32:11Z" hostname="9606b04655c2" tests="8" skipped="2" failures="0" errors="0" time="0.614">
    <testcase time="0.027000000000001" classname="table_03" name="Table_3_generation_works_with_default_values"/>
    <testcase time="0.000999999999999446" classname="table_03" name="Table_3_generation_works_with_default_values"/>
    <testcase time="0.244" classname="table_03" name="Table_3_generation_works_with_default_values"/>
    <testcase time="0.0419999999999998" classname="table_03" name="Table_3_generation_works_with_default_values">
      <skipped message="Reason: On CRAN ('test-table_03.R:21:3')"/>
    </testcase>
    <testcase time="0.0190000000000001" classname="table_03" name="Table_3_generation_works_with_custom_values"/>
    <testcase time="0.00200000000000067" classname="table_03" name="Table_3_generation_works_with_custom_values"/>
    <testcase time="0.227" classname="table_03" name="Table_3_generation_works_with_custom_values"/>
    <testcase time="0.0519999999999996" classname="table_03" name="Table_3_generation_works_with_custom_values">
      <skipped message="Reason: On CRAN ('test-table_03.R:41:3')"/>
    </testcase>
  </testsuite>
  <testsuite name="table_04" timestamp="2023-11-17T14:32:12Z" hostname="9606b04655c2" tests="9" skipped="2" failures="0" errors="0" time="0.614">
    <testcase time="0.032" classname="table_04" name="Table_04_generation_works_with_default_values"/>
    <testcase time="0.209999999999999" classname="table_04" name="Table_04_generation_works_with_default_values"/>
    <testcase time="0.0700000000000003" classname="table_04" name="Table_04_generation_works_with_default_values">
      <skipped message="Reason: On CRAN ('test-table_04.R:18:3')"/>
    </testcase>
    <testcase time="0.0140000000000011" classname="table_04" name="Table_04_generation_works_with_custom_values"/>
    <testcase time="0.000999999999999446" classname="table_04" name="Table_04_generation_works_with_custom_values"/>
    <testcase time="0.000999999999999446" classname="table_04" name="Table_04_generation_works_with_custom_values"/>
    <testcase time="0.00100000000000122" classname="table_04" name="Table_04_generation_works_with_custom_values"/>
    <testcase time="0.226999999999999" classname="table_04" name="Table_04_generation_works_with_custom_values"/>
    <testcase time="0.0580000000000016" classname="table_04" name="Table_04_generation_works_with_custom_values">
      <skipped message="Reason: On CRAN ('test-table_04.R:46:3')"/>
    </testcase>
  </testsuite>
  <testsuite name="table_05" timestamp="2023-11-17T14:32:13Z" hostname="9606b04655c2" tests="12" skipped="4" failures="0" errors="0" time="1.064">
    <testcase time="0.133999999999999" classname="table_05" name="Table_05_generation_works_with_default_values"/>
    <testcase time="0.162000000000001" classname="table_05" name="Table_05_generation_works_with_default_values"/>
    <testcase time="0.0540000000000003" classname="table_05" name="Table_05_generation_works_with_default_values">
      <skipped message="Reason: On CRAN ('test-table_05.R:10:3')"/>
    </testcase>
    <testcase time="0.0149999999999988" classname="table_05" name="Table_05_generation_works_with_custom_values"/>
    <testcase time="0.171000000000001" classname="table_05" name="Table_05_generation_works_with_custom_values"/>
    <testcase time="0.0640000000000001" classname="table_05" name="Table_05_generation_works_with_custom_values">
      <skipped message="Reason: On CRAN ('test-table_05.R:34:3')"/>
    </testcase>
    <testcase time="0.0149999999999988" classname="table_05" name="Table_05_generation_works_with_NA_values_pruned_rows"/>
    <testcase time="0.141999999999999" classname="table_05" name="Table_05_generation_works_with_NA_values_pruned_rows"/>
    <testcase time="0.0609999999999999" classname="table_05" name="Table_05_generation_works_with_NA_values_pruned_rows">
      <skipped message="Reason: On CRAN ('test-table_05.R:44:3')"/>
    </testcase>
    <testcase time="0.0140000000000029" classname="table_05" name="Table_05_generation_works_with_risk_difference_column"/>
    <testcase time="0.172999999999998" classname="table_05" name="Table_05_generation_works_with_risk_difference_column"/>
    <testcase time="0.0590000000000011" classname="table_05" name="Table_05_generation_works_with_risk_difference_column">
      <skipped message="Reason: On CRAN ('test-table_05.R:57:3')"/>
    </testcase>
  </testsuite>
  <testsuite name="table_06" timestamp="2023-11-17T14:32:14Z" hostname="9606b04655c2" tests="15" skipped="3" failures="0" errors="0" time="1.615">
    <testcase time="0.0189999999999984" classname="table_06" name="Table_06_generation_works_with_default_values"/>
    <testcase time="0.00100000000000122" classname="table_06" name="Table_06_generation_works_with_default_values"/>
    <testcase time="0.0389999999999979" classname="table_06" name="Table_06_generation_works_with_default_values"/>
    <testcase time="0.325000000000003" classname="table_06" name="Table_06_generation_works_with_default_values"/>
    <testcase time="0.0749999999999993" classname="table_06" name="Table_06_generation_works_with_default_values">
      <skipped message="Reason: On CRAN ('test-table_06.R:8:3')"/>
    </testcase>
    <testcase time="0.0150000000000006" classname="table_06" name="Table_06_generation_works_with_custom_values"/>
    <testcase time="0.000999999999997669" classname="table_06" name="Table_06_generation_works_with_custom_values"/>
    <testcase time="0.0370000000000026" classname="table_06" name="Table_06_generation_works_with_custom_values"/>
    <testcase time="0.43" classname="table_06" name="Table_06_generation_works_with_custom_values"/>
    <testcase time="0.0969999999999978" classname="table_06" name="Table_06_generation_works_with_custom_values">
      <skipped message="Reason: On CRAN ('test-table_06.R:40:3')"/>
    </testcase>
    <testcase time="0.0150000000000006" classname="table_06" name="Table_06_generation_works_with_risk_difference_column"/>
    <testcase time="0.00100000000000122" classname="table_06" name="Table_06_generation_works_with_risk_difference_column"/>
    <testcase time="0.0700000000000003" classname="table_06" name="Table_06_generation_works_with_risk_difference_column"/>
    <testcase time="0.408999999999999" classname="table_06" name="Table_06_generation_works_with_risk_difference_column"/>
    <testcase time="0.0809999999999995" classname="table_06" name="Table_06_generation_works_with_risk_difference_column">
      <skipped message="Reason: On CRAN ('test-table_06.R:48:3')"/>
    </testcase>
  </testsuite>
  <testsuite name="table_07" timestamp="2023-11-17T14:32:15Z" hostname="9606b04655c2" tests="24" skipped="4" failures="0" errors="0" time="1.716">
    <testcase time="0.0280000000000022" classname="table_07" name="Table_07_generation_works_with_default_values"/>
    <testcase time="0.000999999999997669" classname="table_07" name="Table_07_generation_works_with_default_values"/>
    <testcase time="0.00100000000000122" classname="table_07" name="Table_07_generation_works_with_default_values"/>
    <testcase time="0.027000000000001" classname="table_07" name="Table_07_generation_works_with_default_values"/>
    <testcase time="0.238999999999997" classname="table_07" name="Table_07_generation_works_with_default_values"/>
    <testcase time="0.0950000000000024" classname="table_07" name="Table_07_generation_works_with_default_values">
      <skipped message="Reason: On CRAN ('test-table_07.R:13:3')"/>
    </testcase>
    <testcase time="0.0139999999999993" classname="table_07" name="Table_07_generation_works_with_custom_values"/>
    <testcase time="0.00100000000000122" classname="table_07" name="Table_07_generation_works_with_custom_values"/>
    <testcase time="0.000999999999997669" classname="table_07" name="Table_07_generation_works_with_custom_values"/>
    <testcase time="0.0259999999999998" classname="table_07" name="Table_07_generation_works_with_custom_values"/>
    <testcase time="0.342000000000002" classname="table_07" name="Table_07_generation_works_with_custom_values"/>
    <testcase time="0.108999999999998" classname="table_07" name="Table_07_generation_works_with_custom_values">
      <skipped message="Reason: On CRAN ('test-table_07.R:42:3')"/>
    </testcase>
    <testcase time="0.0229999999999997" classname="table_07" name="Table_07_generation_works_with_NA_values_pruned_rows"/>
    <testcase time="0.00100000000000122" classname="table_07" name="Table_07_generation_works_with_NA_values_pruned_rows"/>
    <testcase time="0.00100000000000122" classname="table_07" name="Table_07_generation_works_with_NA_values_pruned_rows"/>
    <testcase time="0.0269999999999975" classname="table_07" name="Table_07_generation_works_with_NA_values_pruned_rows"/>
    <testcase time="0.236000000000001" classname="table_07" name="Table_07_generation_works_with_NA_values_pruned_rows"/>
    <testcase time="0.0970000000000013" classname="table_07" name="Table_07_generation_works_with_NA_values_pruned_rows">
      <skipped message="Reason: On CRAN ('test-table_07.R:52:3')"/>
    </testcase>
    <testcase time="0.0150000000000006" classname="table_07" name="Table_07_generation_works_with_risk_difference_column"/>
    <testcase time="0.000999999999997669" classname="table_07" name="Table_07_generation_works_with_risk_difference_column"/>
    <testcase time="0.00100000000000122" classname="table_07" name="Table_07_generation_works_with_risk_difference_column"/>
    <testcase time="0.027000000000001" classname="table_07" name="Table_07_generation_works_with_risk_difference_column"/>
    <testcase time="0.305" classname="table_07" name="Table_07_generation_works_with_risk_difference_column"/>
    <testcase time="0.097999999999999" classname="table_07" name="Table_07_generation_works_with_risk_difference_column">
      <skipped message="Reason: On CRAN ('test-table_07.R:65:3')"/>
    </testcase>
  </testsuite>
  <testsuite name="table_08" timestamp="2023-11-17T14:32:17Z" hostname="9606b04655c2" tests="12" skipped="2" failures="0" errors="0" time="0.433">
    <testcase time="0.0189999999999984" classname="table_08" name="Table_08_generation_works_with_default_values"/>
    <testcase time="0.00200000000000244" classname="table_08" name="Table_08_generation_works_with_default_values"/>
    <testcase time="0.036999999999999" classname="table_08" name="Table_08_generation_works_with_default_values"/>
    <testcase time="0.032" classname="table_08" name="Table_08_generation_works_with_default_values"/>
    <testcase time="0.0249999999999986" classname="table_08" name="Table_08_generation_works_with_default_values"/>
    <testcase time="0.0890000000000022" classname="table_08" name="Table_08_generation_works_with_default_values">
      <skipped message="Reason: On CRAN ('test-table_08.R:10:3')"/>
    </testcase>
    <testcase time="0.0210000000000008" classname="table_08" name="Table_08_generation_works_with_custom_values"/>
    <testcase time="0.00199999999999889" classname="table_08" name="Table_08_generation_works_with_custom_values"/>
    <testcase time="0.0279999999999987" classname="table_08" name="Table_08_generation_works_with_custom_values"/>
    <testcase time="0.0310000000000024" classname="table_08" name="Table_08_generation_works_with_custom_values"/>
    <testcase time="0.0209999999999972" classname="table_08" name="Table_08_generation_works_with_custom_values"/>
    <testcase time="0.126000000000001" classname="table_08" name="Table_08_generation_works_with_custom_values">
      <skipped message="Reason: On CRAN ('test-table_08.R:31:3')"/>
    </testcase>
  </testsuite>
  <testsuite name="table_09" timestamp="2023-11-17T14:32:17Z" hostname="9606b04655c2" tests="16" skipped="5" failures="0" errors="0" time="1.446">
    <testcase time="0.0189999999999984" classname="table_09" name="Table_09_generation_works_with_default_values"/>
    <testcase time="0.027000000000001" classname="table_09" name="Table_09_generation_works_with_default_values"/>
    <testcase time="0.222000000000001" classname="table_09" name="Table_09_generation_works_with_default_values"/>
    <testcase time="0.0539999999999985" classname="table_09" name="Table_09_generation_works_with_default_values">
      <skipped message="Reason: On CRAN ('test-table_09.R:8:3')"/>
    </testcase>
    <testcase time="0.0150000000000006" classname="table_09" name="Table_09_generation_works_with_custom_values"/>
    <testcase time="0.0279999999999987" classname="table_09" name="Table_09_generation_works_with_custom_values"/>
    <testcase time="0.274000000000001" classname="table_09" name="Table_09_generation_works_with_custom_values"/>
    <testcase time="0.0620000000000012" classname="table_09" name="Table_09_generation_works_with_custom_values">
      <skipped message="Reason: On CRAN ('test-table_09.R:39:3')"/>
    </testcase>
    <testcase time="0.0139999999999993" classname="table_09" name="Table_09_gt_generation_works_with_risk_difference_column"/>
    <testcase time="0.027000000000001" classname="table_09" name="Table_09_gt_generation_works_with_risk_difference_column"/>
    <testcase time="0.298999999999999" classname="table_09" name="Table_09_gt_generation_works_with_risk_difference_column"/>
    <testcase time="0.0519999999999996" classname="table_09" name="Table_09_gt_generation_works_with_risk_difference_column">
      <skipped message="Reason: On CRAN ('test-table_09.R:47:3')"/>
    </testcase>
    <testcase time="0.0150000000000006" classname="table_09" name="Table_09_gt_generation_works_with_default_values"/>
    <testcase time="0.126000000000001" classname="table_09" name="Table_09_gt_generation_works_with_default_values">
      <skipped message="Reason: On CRAN ('test-table_09.R:60:3')"/>
    </testcase>
    <testcase time="0.0139999999999993" classname="table_09" name="Table_09_gt_generation_works_with_custom_values"/>
    <testcase time="0.198" classname="table_09" name="Table_09_gt_generation_works_with_custom_values">
      <skipped message="Reason: On CRAN ('test-table_09.R:88:3')"/>
    </testcase>
  </testsuite>
  <testsuite name="table_10" timestamp="2023-11-17T14:32:19Z" hostname="9606b04655c2" tests="15" skipped="3" failures="0" errors="0" time="1.268">
    <testcase time="0.0229999999999997" classname="table_10" name="Table_10_generation_works_with_default_values"/>
    <testcase time="0.00100000000000122" classname="table_10" name="Table_10_generation_works_with_default_values"/>
    <testcase time="0.027000000000001" classname="table_10" name="Table_10_generation_works_with_default_values"/>
    <testcase time="0.273999999999997" classname="table_10" name="Table_10_generation_works_with_default_values"/>
    <testcase time="0.0970000000000013" classname="table_10" name="Table_10_generation_works_with_default_values">
      <skipped message="Reason: On CRAN ('test-table_10.R:17:3')"/>
    </testcase>
    <testcase time="0.0150000000000006" classname="table_10" name="Table_10_generation_works_with_custom_values"/>
    <testcase time="0.00100000000000122" classname="table_10" name="Table_10_generation_works_with_custom_values"/>
    <testcase time="0.0249999999999986" classname="table_10" name="Table_10_generation_works_with_custom_values"/>
    <testcase time="0.268999999999998" classname="table_10" name="Table_10_generation_works_with_custom_values"/>
    <testcase time="0.0420000000000016" classname="table_10" name="Table_10_generation_works_with_custom_values">
      <skipped message="Reason: On CRAN ('test-table_10.R:52:3')"/>
    </testcase>
    <testcase time="0.0150000000000006" classname="table_10" name="Table_10_generation_works_with_risk_difference_column"/>
    <testcase time="0.000999999999997669" classname="table_10" name="Table_10_generation_works_with_risk_difference_column"/>
    <testcase time="0.0280000000000022" classname="table_10" name="Table_10_generation_works_with_risk_difference_column"/>
    <testcase time="0.341000000000001" classname="table_10" name="Table_10_generation_works_with_risk_difference_column"/>
    <testcase time="0.108999999999998" classname="table_10" name="Table_10_generation_works_with_risk_difference_column">
      <skipped message="Reason: On CRAN ('test-table_10.R:60:3')"/>
    </testcase>
  </testsuite>
  <testsuite name="table_11" timestamp="2023-11-17T14:32:20Z" hostname="9606b04655c2" tests="12" skipped="3" failures="0" errors="0" time="1.956">
    <testcase time="0.0219999999999985" classname="table_11" name="Table_11_generation_works_with_default_values"/>
    <testcase time="0.0340000000000025" classname="table_11" name="Table_11_generation_works_with_default_values"/>
    <testcase time="0.462" classname="table_11" name="Table_11_generation_works_with_default_values"/>
    <testcase time="0.105999999999998" classname="table_11" name="Table_11_generation_works_with_default_values">
      <skipped message="Reason: On CRAN ('test-table_11.R:18:3')"/>
    </testcase>
    <testcase time="0.0210000000000008" classname="table_11" name="Table_11_generation_works_with_custom_values"/>
    <testcase time="0.0289999999999999" classname="table_11" name="Table_11_generation_works_with_custom_values"/>
    <testcase time="0.426000000000002" classname="table_11" name="Table_11_generation_works_with_custom_values"/>
    <testcase time="0.0609999999999999" classname="table_11" name="Table_11_generation_works_with_custom_values">
      <skipped message="Reason: On CRAN ('test-table_11.R:48:3')"/>
    </testcase>
    <testcase time="0.014999999999997" classname="table_11" name="Table_11_generation_works_with_risk_difference_column"/>
    <testcase time="0.0340000000000025" classname="table_11" name="Table_11_generation_works_with_risk_difference_column"/>
    <testcase time="0.620999999999999" classname="table_11" name="Table_11_generation_works_with_risk_difference_column"/>
    <testcase time="0.125" classname="table_11" name="Table_11_generation_works_with_risk_difference_column">
      <skipped message="Reason: On CRAN ('test-table_11.R:56:3')"/>
    </testcase>
  </testsuite>
  <testsuite name="table_12" timestamp="2023-11-17T14:32:22Z" hostname="9606b04655c2" tests="12" skipped="3" failures="0" errors="0" time="2.499">
    <testcase time="0.0190000000000019" classname="table_12" name="Table_12_generation_works_with_default_values"/>
    <testcase time="0.0339999999999989" classname="table_12" name="Table_12_generation_works_with_default_values"/>
    <testcase time="0.803000000000001" classname="table_12" name="Table_12_generation_works_with_default_values"/>
    <testcase time="0.0779999999999994" classname="table_12" name="Table_12_generation_works_with_default_values">
      <skipped message="Reason: On CRAN ('test-table_12.R:9:3')"/>
    </testcase>
    <testcase time="0.0199999999999996" classname="table_12" name="Table_12_generation_works_with_custom_values"/>
    <testcase time="0.0339999999999989" classname="table_12" name="Table_12_generation_works_with_custom_values"/>
    <testcase time="0.572000000000003" classname="table_12" name="Table_12_generation_works_with_custom_values"/>
    <testcase time="0.0829999999999984" classname="table_12" name="Table_12_generation_works_with_custom_values">
      <skipped message="Reason: On CRAN ('test-table_12.R:39:3')"/>
    </testcase>
    <testcase time="0.0139999999999993" classname="table_12" name="Table_12_generation_works_with_risk_difference_column"/>
    <testcase time="0.0339999999999989" classname="table_12" name="Table_12_generation_works_with_risk_difference_column"/>
    <testcase time="0.719000000000001" classname="table_12" name="Table_12_generation_works_with_risk_difference_column"/>
    <testcase time="0.0890000000000022" classname="table_12" name="Table_12_generation_works_with_risk_difference_column">
      <skipped message="Reason: On CRAN ('test-table_12.R:47:3')"/>
    </testcase>
  </testsuite>
  <testsuite name="table_13" timestamp="2023-11-17T14:32:25Z" hostname="9606b04655c2" tests="12" skipped="3" failures="0" errors="0" time="0.593">
    <testcase time="0.0169999999999995" classname="table_13" name="Table_13_generation_works_with_default_values"/>
    <testcase time="0.0329999999999977" classname="table_13" name="Table_13_generation_works_with_default_values"/>
    <testcase time="0.0920000000000023" classname="table_13" name="Table_13_generation_works_with_default_values"/>
    <testcase time="0.046999999999997" classname="table_13" name="Table_13_generation_works_with_default_values">
      <skipped message="Reason: On CRAN ('test-table_13.R:8:3')"/>
    </testcase>
    <testcase time="0.0140000000000029" classname="table_13" name="Table_13_generation_works_with_custom_values"/>
    <testcase time="0.0359999999999978" classname="table_13" name="Table_13_generation_works_with_custom_values"/>
    <testcase time="0.108000000000001" classname="table_13" name="Table_13_generation_works_with_custom_values"/>
    <testcase time="0.0360000000000014" classname="table_13" name="Table_13_generation_works_with_custom_values">
      <skipped message="Reason: On CRAN ('test-table_13.R:38:3')"/>
    </testcase>
    <testcase time="0.0139999999999993" classname="table_13" name="Table_13_generation_works_with_risk_difference_column"/>
    <testcase time="0.0330000000000013" classname="table_13" name="Table_13_generation_works_with_risk_difference_column"/>
    <testcase time="0.107999999999997" classname="table_13" name="Table_13_generation_works_with_risk_difference_column"/>
    <testcase time="0.0550000000000033" classname="table_13" name="Table_13_generation_works_with_risk_difference_column">
      <skipped message="Reason: On CRAN ('test-table_13.R:46:3')"/>
    </testcase>
  </testsuite>
  <testsuite name="table_14" timestamp="2023-11-17T14:32:25Z" hostname="9606b04655c2" tests="13" skipped="4" failures="0" errors="0" time="2.35">
    <testcase time="0.0299999999999976" classname="table_14" name="Table_14_generation_works_with_default_values"/>
    <testcase time="0.407" classname="table_14" name="Table_14_generation_works_with_default_values"/>
    <testcase time="0.106999999999999" classname="table_14" name="Table_14_generation_works_with_default_values">
      <skipped message="Reason: On CRAN ('test-table_14.R:16:3')"/>
    </testcase>
    <testcase time="0.0140000000000029" classname="table_14" name="Table_14_generation_works_with_custom_values"/>
    <testcase time="0.032" classname="table_14" name="Table_14_generation_works_with_custom_values"/>
    <testcase time="0.462" classname="table_14" name="Table_14_generation_works_with_custom_values"/>
    <testcase time="0.103999999999999" classname="table_14" name="Table_14_generation_works_with_custom_values">
      <skipped message="Reason: On CRAN ('test-table_14.R:46:3')"/>
    </testcase>
    <testcase time="0.0139999999999993" classname="table_14" name="Table_14_generation_works_with_NA_values_pruned_rows"/>
    <testcase time="0.426000000000002" classname="table_14" name="Table_14_generation_works_with_NA_values_pruned_rows"/>
    <testcase time="0.0839999999999996" classname="table_14" name="Table_14_generation_works_with_NA_values_pruned_rows">
      <skipped message="Reason: On CRAN ('test-table_14.R:53:3')"/>
    </testcase>
    <testcase time="0.0139999999999993" classname="table_14" name="Table_14_generation_works_with_risk_difference_column"/>
    <testcase time="0.535" classname="table_14" name="Table_14_generation_works_with_risk_difference_column"/>
    <testcase time="0.120999999999999" classname="table_14" name="Table_14_generation_works_with_risk_difference_column">
      <skipped message="Reason: On CRAN ('test-table_14.R:61:3')"/>
    </testcase>
  </testsuite>
  <testsuite name="table_15" timestamp="2023-11-17T14:32:28Z" hostname="9606b04655c2" tests="16" skipped="4" failures="0" errors="0" time="1.326">
    <testcase time="0.0300000000000011" classname="table_15" name="Table_15_generation_works_with_default_values"/>
    <testcase time="0.0279999999999987" classname="table_15" name="Table_15_generation_works_with_default_values"/>
    <testcase time="0.196999999999999" classname="table_15" name="Table_15_generation_works_with_default_values"/>
    <testcase time="0.0710000000000015" classname="table_15" name="Table_15_generation_works_with_default_values">
      <skipped message="Reason: On CRAN ('test-table_15.R:19:3')"/>
    </testcase>
    <testcase time="0.0139999999999993" classname="table_15" name="Table_15_generation_works_with_custom_values"/>
    <testcase time="0.0380000000000003" classname="table_15" name="Table_15_generation_works_with_custom_values"/>
    <testcase time="0.198" classname="table_15" name="Table_15_generation_works_with_custom_values"/>
    <testcase time="0.0700000000000003" classname="table_15" name="Table_15_generation_works_with_custom_values">
      <skipped message="Reason: On CRAN ('test-table_15.R:51:3')"/>
    </testcase>
    <testcase time="0.0139999999999993" classname="table_15" name="Table_15_generation_works_with_NA_values_pruned_rows"/>
    <testcase time="0.0289999999999999" classname="table_15" name="Table_15_generation_works_with_NA_values_pruned_rows"/>
    <testcase time="0.207000000000001" classname="table_15" name="Table_15_generation_works_with_NA_values_pruned_rows"/>
    <testcase time="0.0689999999999991" classname="table_15" name="Table_15_generation_works_with_NA_values_pruned_rows">
      <skipped message="Reason: On CRAN ('test-table_15.R:58:3')"/>
    </testcase>
    <testcase time="0.0139999999999993" classname="table_15" name="Table_15_generation_works_with_risk_difference_column"/>
    <testcase time="0.0300000000000011" classname="table_15" name="Table_15_generation_works_with_risk_difference_column"/>
    <testcase time="0.236000000000001" classname="table_15" name="Table_15_generation_works_with_risk_difference_column"/>
    <testcase time="0.0809999999999995" classname="table_15" name="Table_15_generation_works_with_risk_difference_column">
      <skipped message="Reason: On CRAN ('test-table_15.R:66:3')"/>
    </testcase>
  </testsuite>
  <testsuite name="table_16" timestamp="2023-11-17T14:32:29Z" hostname="9606b04655c2" tests="16" skipped="4" failures="0" errors="0" time="1.176">
    <testcase time="0.0199999999999996" classname="table_16" name="Table_16_generation_works_with_default_values"/>
    <testcase time="0.0259999999999998" classname="table_16" name="Table_16_generation_works_with_default_values"/>
    <testcase time="0.203000000000003" classname="table_16" name="Table_16_generation_works_with_default_values"/>
    <testcase time="0.0350000000000001" classname="table_16" name="Table_16_generation_works_with_default_values">
      <skipped message="Reason: On CRAN ('test-table_16.R:19:3')"/>
    </testcase>
    <testcase time="0.014999999999997" classname="table_16" name="Table_16_generation_works_with_custom_values"/>
    <testcase time="0.0260000000000034" classname="table_16" name="Table_16_generation_works_with_custom_values"/>
    <testcase time="0.195999999999998" classname="table_16" name="Table_16_generation_works_with_custom_values"/>
    <testcase time="0.0360000000000014" classname="table_16" name="Table_16_generation_works_with_custom_values">
      <skipped message="Reason: On CRAN ('test-table_16.R:51:3')"/>
    </testcase>
    <testcase time="0.0219999999999985" classname="table_16" name="Table_16_generation_works_with_NA_values_pruned_rows"/>
    <testcase time="0.0260000000000034" classname="table_16" name="Table_16_generation_works_with_NA_values_pruned_rows"/>
    <testcase time="0.210999999999999" classname="table_16" name="Table_16_generation_works_with_NA_values_pruned_rows"/>
    <testcase time="0.0360000000000014" classname="table_16" name="Table_16_generation_works_with_NA_values_pruned_rows">
      <skipped message="Reason: On CRAN ('test-table_16.R:58:3')"/>
    </testcase>
    <testcase time="0.0150000000000006" classname="table_16" name="Table_16_generation_works_with_risk_difference_column"/>
    <testcase time="0.0269999999999939" classname="table_16" name="Table_16_generation_works_with_risk_difference_column"/>
    <testcase time="0.241" classname="table_16" name="Table_16_generation_works_with_risk_difference_column"/>
    <testcase time="0.0410000000000039" classname="table_16" name="Table_16_generation_works_with_risk_difference_column">
      <skipped message="Reason: On CRAN ('test-table_16.R:66:3')"/>
    </testcase>
  </testsuite>
  <testsuite name="table_17" timestamp="2023-11-17T14:32:30Z" hostname="9606b04655c2" tests="16" skipped="4" failures="0" errors="0" time="2.035">
    <testcase time="0.0210000000000008" classname="table_17" name="Table_17_generation_works_with_default_values"/>
    <testcase time="0.0300000000000011" classname="table_17" name="Table_17_generation_works_with_default_values"/>
    <testcase time="0.314" classname="table_17" name="Table_17_generation_works_with_default_values"/>
    <testcase time="0.128999999999998" classname="table_17" name="Table_17_generation_works_with_default_values">
      <skipped message="Reason: On CRAN ('test-table_17.R:25:3')"/>
    </testcase>
    <testcase time="0.0140000000000029" classname="table_17" name="Table_17_generation_works_with_custom_values"/>
    <testcase time="0.029999999999994" classname="table_17" name="Table_17_generation_works_with_custom_values"/>
    <testcase time="0.317" classname="table_17" name="Table_17_generation_works_with_custom_values"/>
    <testcase time="0.130000000000003" classname="table_17" name="Table_17_generation_works_with_custom_values">
      <skipped message="Reason: On CRAN ('test-table_17.R:57:3')"/>
    </testcase>
    <testcase time="0.0140000000000029" classname="table_17" name="Table_17_generation_works_with_NA_values_pruned_rows"/>
    <testcase time="0.0309999999999988" classname="table_17" name="Table_17_generation_works_with_NA_values_pruned_rows"/>
    <testcase time="0.308999999999997" classname="table_17" name="Table_17_generation_works_with_NA_values_pruned_rows"/>
    <testcase time="0.119999999999997" classname="table_17" name="Table_17_generation_works_with_NA_values_pruned_rows">
      <skipped message="Reason: On CRAN ('test-table_17.R:64:3')"/>
    </testcase>
    <testcase time="0.0240000000000009" classname="table_17" name="Table_17_generation_works_with_risk_difference_column"/>
    <testcase time="0.0339999999999989" classname="table_17" name="Table_17_generation_works_with_risk_difference_column"/>
    <testcase time="0.371000000000002" classname="table_17" name="Table_17_generation_works_with_risk_difference_column"/>
    <testcase time="0.146999999999998" classname="table_17" name="Table_17_generation_works_with_risk_difference_column">
      <skipped message="Reason: On CRAN ('test-table_17.R:72:3')"/>
    </testcase>
  </testsuite>
  <testsuite name="table_18" timestamp="2023-11-17T14:32:32Z" hostname="9606b04655c2" tests="16" skipped="4" failures="0" errors="0" time="1.762">
    <testcase time="0.0210000000000008" classname="table_18" name="Table_18_generation_works_with_default_values"/>
    <testcase time="0.0259999999999962" classname="table_18" name="Table_18_generation_works_with_default_values"/>
    <testcase time="0.314" classname="table_18" name="Table_18_generation_works_with_default_values"/>
    <testcase time="0.0529999999999973" classname="table_18" name="Table_18_generation_works_with_default_values">
      <skipped message="Reason: On CRAN ('test-table_18.R:25:3')"/>
    </testcase>
    <testcase time="0.0150000000000006" classname="table_18" name="Table_18_generation_works_with_custom_values"/>
    <testcase time="0.0350000000000037" classname="table_18" name="Table_18_generation_works_with_custom_values"/>
    <testcase time="0.305999999999997" classname="table_18" name="Table_18_generation_works_with_custom_values"/>
    <testcase time="0.0680000000000049" classname="table_18" name="Table_18_generation_works_with_custom_values">
      <skipped message="Reason: On CRAN ('test-table_18.R:57:3')"/>
    </testcase>
    <testcase time="0.0139999999999958" classname="table_18" name="Table_18_generation_works_with_NA_values_pruned_rows"/>
    <testcase time="0.0279999999999987" classname="table_18" name="Table_18_generation_works_with_NA_values_pruned_rows"/>
    <testcase time="0.342000000000006" classname="table_18" name="Table_18_generation_works_with_NA_values_pruned_rows"/>
    <testcase time="0.0539999999999949" classname="table_18" name="Table_18_generation_works_with_NA_values_pruned_rows">
      <skipped message="Reason: On CRAN ('test-table_18.R:64:3')"/>
    </testcase>
    <testcase time="0.0150000000000006" classname="table_18" name="Table_18_generation_works_with_risk_difference_column"/>
    <testcase time="0.0279999999999987" classname="table_18" name="Table_18_generation_works_with_risk_difference_column"/>
    <testcase time="0.381" classname="table_18" name="Table_18_generation_works_with_risk_difference_column"/>
    <testcase time="0.0620000000000047" classname="table_18" name="Table_18_generation_works_with_risk_difference_column">
      <skipped message="Reason: On CRAN ('test-table_18.R:72:3')"/>
    </testcase>
  </testsuite>
  <testsuite name="table_20" timestamp="2023-11-17T14:32:34Z" hostname="9606b04655c2" tests="24" skipped="4" failures="0" errors="0" time="2.034">
    <testcase time="0.0210000000000008" classname="table_20" name="Table_20_generation_works_with_default_values"/>
    <testcase time="0.000999999999997669" classname="table_20" name="Table_20_generation_works_with_default_values"/>
    <testcase time="0.000999999999997669" classname="table_20" name="Table_20_generation_works_with_default_values"/>
    <testcase time="0.0330000000000013" classname="table_20" name="Table_20_generation_works_with_default_values"/>
    <testcase time="0.317" classname="table_20" name="Table_20_generation_works_with_default_values"/>
    <testcase time="0.0640000000000001" classname="table_20" name="Table_20_generation_works_with_default_values">
      <skipped message="Reason: On CRAN ('test-table_20.R:17:3')"/>
    </testcase>
    <testcase time="0.0230000000000032" classname="table_20" name="Table_20_generation_works_with_custom_values"/>
    <testcase time="0.00199999999999534" classname="table_20" name="Table_20_generation_works_with_custom_values"/>
    <testcase time="0.00100000000000477" classname="table_20" name="Table_20_generation_works_with_custom_values"/>
    <testcase time="0.0329999999999941" classname="table_20" name="Table_20_generation_works_with_custom_values"/>
    <testcase time="0.462000000000003" classname="table_20" name="Table_20_generation_works_with_custom_values"/>
    <testcase time="0.0949999999999989" classname="table_20" name="Table_20_generation_works_with_custom_values">
      <skipped message="Reason: On CRAN ('test-table_20.R:65:3')"/>
    </testcase>
    <testcase time="0.0140000000000029" classname="table_20" name="Table_20_generation_works_with_missing_values_pruned_rows"/>
    <testcase time="0.000999999999997669" classname="table_20" name="Table_20_generation_works_with_missing_values_pruned_rows"/>
    <testcase time="0.000999999999997669" classname="table_20" name="Table_20_generation_works_with_missing_values_pruned_rows"/>
    <testcase time="0.0300000000000011" classname="table_20" name="Table_20_generation_works_with_missing_values_pruned_rows"/>
    <testcase time="0.314" classname="table_20" name="Table_20_generation_works_with_missing_values_pruned_rows"/>
    <testcase time="0.0609999999999999" classname="table_20" name="Table_20_generation_works_with_missing_values_pruned_rows">
      <skipped message="Reason: On CRAN ('test-table_20.R:74:3')"/>
    </testcase>
    <testcase time="0.0240000000000009" classname="table_20" name="Table_20_generation_works_with_risk_difference_column"/>
    <testcase time="0.000999999999997669" classname="table_20" name="Table_20_generation_works_with_risk_difference_column"/>
    <testcase time="0.00200000000000244" classname="table_20" name="Table_20_generation_works_with_risk_difference_column"/>
    <testcase time="0.0309999999999988" classname="table_20" name="Table_20_generation_works_with_risk_difference_column"/>
    <testcase time="0.416000000000004" classname="table_20" name="Table_20_generation_works_with_risk_difference_column"/>
    <testcase time="0.0859999999999985" classname="table_20" name="Table_20_generation_works_with_risk_difference_column">
      <skipped message="Reason: On CRAN ('test-table_20.R:82:3')"/>
    </testcase>
  </testsuite>
  <testsuite name="table_21" timestamp="2023-11-17T14:32:36Z" hostname="9606b04655c2" tests="131" skipped="4" failures="0" errors="0" time="8.007">
    <testcase time="0.0589999999999975" classname="table_21" name="Table_21_generation_works_with_default_values"/>
    <testcase time="0.00200000000000244" classname="table_21" name="Table_21_generation_works_with_default_values"/>
    <testcase time="0.158000000000001" classname="table_21" name="Table_21_generation_works_with_default_values"/>
    <testcase time="0.0519999999999996" classname="table_21" name="Table_21_generation_works_with_default_values"/>
    <testcase time="0.0559999999999974" classname="table_21" name="Table_21_generation_works_with_default_values"/>
    <testcase time="0.0589999999999975" classname="table_21" name="Table_21_generation_works_with_default_values"/>
    <testcase time="0.0590000000000046" classname="table_21" name="Table_21_generation_works_with_default_values"/>
    <testcase time="0.0509999999999948" classname="table_21" name="Table_21_generation_works_with_default_values"/>
    <testcase time="0.0720000000000027" classname="table_21" name="Table_21_generation_works_with_default_values"/>
    <testcase time="0.0570000000000022" classname="table_21" name="Table_21_generation_works_with_default_values"/>
    <testcase time="0.0559999999999974" classname="table_21" name="Table_21_generation_works_with_default_values"/>
    <testcase time="0.0510000000000019" classname="table_21" name="Table_21_generation_works_with_default_values"/>
    <testcase time="0.0700000000000003" classname="table_21" name="Table_21_generation_works_with_default_values"/>
    <testcase time="0.0499999999999972" classname="table_21" name="Table_21_generation_works_with_default_values"/>
    <testcase time="0.0650000000000048" classname="table_21" name="Table_21_generation_works_with_default_values"/>
    <testcase time="0.0640000000000001" classname="table_21" name="Table_21_generation_works_with_default_values"/>
    <testcase time="0.0519999999999996" classname="table_21" name="Table_21_generation_works_with_default_values"/>
    <testcase time="0.0509999999999948" classname="table_21" name="Table_21_generation_works_with_default_values"/>
    <testcase time="0.0750000000000028" classname="table_21" name="Table_21_generation_works_with_default_values"/>
    <testcase time="0.0519999999999996" classname="table_21" name="Table_21_generation_works_with_default_values"/>
    <testcase time="0.0519999999999996" classname="table_21" name="Table_21_generation_works_with_default_values"/>
    <testcase time="0.0510000000000019" classname="table_21" name="Table_21_generation_works_with_default_values"/>
    <testcase time="0.0739999999999981" classname="table_21" name="Table_21_generation_works_with_default_values"/>
    <testcase time="0.0519999999999996" classname="table_21" name="Table_21_generation_works_with_default_values"/>
    <testcase time="0.0519999999999996" classname="table_21" name="Table_21_generation_works_with_default_values"/>
    <testcase time="0.0670000000000002" classname="table_21" name="Table_21_generation_works_with_default_values"/>
    <testcase time="0.0510000000000019" classname="table_21" name="Table_21_generation_works_with_default_values"/>
    <testcase time="0.0519999999999996" classname="table_21" name="Table_21_generation_works_with_default_values"/>
    <testcase time="0.0579999999999998" classname="table_21" name="Table_21_generation_works_with_default_values"/>
    <testcase time="0.0630000000000024" classname="table_21" name="Table_21_generation_works_with_default_values"/>
    <testcase time="0.0619999999999976" classname="table_21" name="Table_21_generation_works_with_default_values"/>
    <testcase time="0.054000000000002" classname="table_21" name="Table_21_generation_works_with_default_values"/>
    <testcase time="0.0679999999999978" classname="table_21" name="Table_21_generation_works_with_default_values"/>
    <testcase time="0.0519999999999996" classname="table_21" name="Table_21_generation_works_with_default_values"/>
    <testcase time="0.0549999999999997" classname="table_21" name="Table_21_generation_works_with_default_values"/>
    <testcase time="0.0630000000000024" classname="table_21" name="Table_21_generation_works_with_default_values"/>
    <testcase time="0.0549999999999997" classname="table_21" name="Table_21_generation_works_with_default_values"/>
    <testcase time="0.0510000000000019" classname="table_21" name="Table_21_generation_works_with_default_values"/>
    <testcase time="0.0799999999999983" classname="table_21" name="Table_21_generation_works_with_default_values"/>
    <testcase time="0.0569999999999951" classname="table_21" name="Table_21_generation_works_with_default_values"/>
    <testcase time="0.0530000000000044" classname="table_21" name="Table_21_generation_works_with_default_values"/>
    <testcase time="0.0510000000000019" classname="table_21" name="Table_21_generation_works_with_default_values"/>
    <testcase time="0.0719999999999956" classname="table_21" name="Table_21_generation_works_with_default_values"/>
    <testcase time="0.0519999999999996" classname="table_21" name="Table_21_generation_works_with_default_values"/>
    <testcase time="0.0519999999999996" classname="table_21" name="Table_21_generation_works_with_default_values"/>
    <testcase time="0.0670000000000002" classname="table_21" name="Table_21_generation_works_with_default_values"/>
    <testcase time="0.0579999999999998" classname="table_21" name="Table_21_generation_works_with_default_values"/>
    <testcase time="0.0510000000000019" classname="table_21" name="Table_21_generation_works_with_default_values"/>
    <testcase time="0.0649999999999977" classname="table_21" name="Table_21_generation_works_with_default_values"/>
    <testcase time="0.0539999999999949" classname="table_21" name="Table_21_generation_works_with_default_values"/>
    <testcase time="0.0459999999999994" classname="table_21" name="Table_21_generation_works_with_default_values"/>
    <testcase time="0.0940000000000012" classname="table_21" name="Table_21_generation_works_with_default_values">
      <skipped message="Reason: On CRAN ('test-table_21.R:22:3')"/>
    </testcase>
    <testcase time="0.0150000000000006" classname="table_21" name="Table_21_generation_works_with_custom_values_N_s_denominator_and_overall_column"/>
    <testcase time="0.00100000000000477" classname="table_21" name="Table_21_generation_works_with_custom_values_N_s_denominator_and_overall_column"/>
    <testcase time="0.0599999999999952" classname="table_21" name="Table_21_generation_works_with_custom_values_N_s_denominator_and_overall_column"/>
    <testcase time="0.148000000000003" classname="table_21" name="Table_21_generation_works_with_custom_values_N_s_denominator_and_overall_column"/>
    <testcase time="0.0659999999999954" classname="table_21" name="Table_21_generation_works_with_custom_values_N_s_denominator_and_overall_column"/>
    <testcase time="0.0579999999999998" classname="table_21" name="Table_21_generation_works_with_custom_values_N_s_denominator_and_overall_column"/>
    <testcase time="0.0519999999999996" classname="table_21" name="Table_21_generation_works_with_custom_values_N_s_denominator_and_overall_column"/>
    <testcase time="0.0840000000000032" classname="table_21" name="Table_21_generation_works_with_custom_values_N_s_denominator_and_overall_column"/>
    <testcase time="0.0510000000000019" classname="table_21" name="Table_21_generation_works_with_custom_values_N_s_denominator_and_overall_column"/>
    <testcase time="0.0600000000000023" classname="table_21" name="Table_21_generation_works_with_custom_values_N_s_denominator_and_overall_column"/>
    <testcase time="0.269999999999996" classname="table_21" name="Table_21_generation_works_with_custom_values_N_s_denominator_and_overall_column"/>
    <testcase time="0.0660000000000025" classname="table_21" name="Table_21_generation_works_with_custom_values_N_s_denominator_and_overall_column"/>
    <testcase time="0.0499999999999972" classname="table_21" name="Table_21_generation_works_with_custom_values_N_s_denominator_and_overall_column"/>
    <testcase time="0.0620000000000047" classname="table_21" name="Table_21_generation_works_with_custom_values_N_s_denominator_and_overall_column"/>
    <testcase time="0.0499999999999972" classname="table_21" name="Table_21_generation_works_with_custom_values_N_s_denominator_and_overall_column"/>
    <testcase time="0.0560000000000045" classname="table_21" name="Table_21_generation_works_with_custom_values_N_s_denominator_and_overall_column"/>
    <testcase time="0.0549999999999997" classname="table_21" name="Table_21_generation_works_with_custom_values_N_s_denominator_and_overall_column"/>
    <testcase time="0.0559999999999974" classname="table_21" name="Table_21_generation_works_with_custom_values_N_s_denominator_and_overall_column"/>
    <testcase time="0.0510000000000019" classname="table_21" name="Table_21_generation_works_with_custom_values_N_s_denominator_and_overall_column"/>
    <testcase time="0.070999999999998" classname="table_21" name="Table_21_generation_works_with_custom_values_N_s_denominator_and_overall_column"/>
    <testcase time="0.0489999999999995" classname="table_21" name="Table_21_generation_works_with_custom_values_N_s_denominator_and_overall_column"/>
    <testcase time="0.0510000000000019" classname="table_21" name="Table_21_generation_works_with_custom_values_N_s_denominator_and_overall_column"/>
    <testcase time="0.0559999999999974" classname="table_21" name="Table_21_generation_works_with_custom_values_N_s_denominator_and_overall_column"/>
    <testcase time="0.0510000000000019" classname="table_21" name="Table_21_generation_works_with_custom_values_N_s_denominator_and_overall_column"/>
    <testcase time="0.0510000000000019" classname="table_21" name="Table_21_generation_works_with_custom_values_N_s_denominator_and_overall_column"/>
    <testcase time="0.0509999999999948" classname="table_21" name="Table_21_generation_works_with_custom_values_N_s_denominator_and_overall_column"/>
    <testcase time="0.0560000000000045" classname="table_21" name="Table_21_generation_works_with_custom_values_N_s_denominator_and_overall_column"/>
    <testcase time="0.0569999999999951" classname="table_21" name="Table_21_generation_works_with_custom_values_N_s_denominator_and_overall_column"/>
    <testcase time="0.0500000000000043" classname="table_21" name="Table_21_generation_works_with_custom_values_N_s_denominator_and_overall_column"/>
    <testcase time="0.0559999999999974" classname="table_21" name="Table_21_generation_works_with_custom_values_N_s_denominator_and_overall_column"/>
    <testcase time="0.0510000000000019" classname="table_21" name="Table_21_generation_works_with_custom_values_N_s_denominator_and_overall_column"/>
    <testcase time="0.0510000000000019" classname="table_21" name="Table_21_generation_works_with_custom_values_N_s_denominator_and_overall_column"/>
    <testcase time="0.0549999999999997" classname="table_21" name="Table_21_generation_works_with_custom_values_N_s_denominator_and_overall_column"/>
    <testcase time="0.0489999999999995" classname="table_21" name="Table_21_generation_works_with_custom_values_N_s_denominator_and_overall_column"/>
    <testcase time="0.0489999999999995" classname="table_21" name="Table_21_generation_works_with_custom_values_N_s_denominator_and_overall_column"/>
    <testcase time="0.0579999999999998" classname="table_21" name="Table_21_generation_works_with_custom_values_N_s_denominator_and_overall_column"/>
    <testcase time="0.0549999999999997" classname="table_21" name="Table_21_generation_works_with_custom_values_N_s_denominator_and_overall_column"/>
    <testcase time="0.0510000000000019" classname="table_21" name="Table_21_generation_works_with_custom_values_N_s_denominator_and_overall_column"/>
    <testcase time="0.0499999999999972" classname="table_21" name="Table_21_generation_works_with_custom_values_N_s_denominator_and_overall_column"/>
    <testcase time="0.278999999999996" classname="table_21" name="Table_21_generation_works_with_custom_values_N_s_denominator_and_overall_column"/>
    <testcase time="0.0510000000000019" classname="table_21" name="Table_21_generation_works_with_custom_values_N_s_denominator_and_overall_column"/>
    <testcase time="0.0500000000000043" classname="table_21" name="Table_21_generation_works_with_custom_values_N_s_denominator_and_overall_column"/>
    <testcase time="0.0569999999999951" classname="table_21" name="Table_21_generation_works_with_custom_values_N_s_denominator_and_overall_column"/>
    <testcase time="0.0579999999999998" classname="table_21" name="Table_21_generation_works_with_custom_values_N_s_denominator_and_overall_column"/>
    <testcase time="0.0510000000000019" classname="table_21" name="Table_21_generation_works_with_custom_values_N_s_denominator_and_overall_column"/>
    <testcase time="0.0559999999999974" classname="table_21" name="Table_21_generation_works_with_custom_values_N_s_denominator_and_overall_column"/>
    <testcase time="0.0500000000000043" classname="table_21" name="Table_21_generation_works_with_custom_values_N_s_denominator_and_overall_column"/>
    <testcase time="0.0499999999999972" classname="table_21" name="Table_21_generation_works_with_custom_values_N_s_denominator_and_overall_column"/>
    <testcase time="0.0500000000000043" classname="table_21" name="Table_21_generation_works_with_custom_values_N_s_denominator_and_overall_column"/>
    <testcase time="0.0559999999999974" classname="table_21" name="Table_21_generation_works_with_custom_values_N_s_denominator_and_overall_column"/>
    <testcase time="0.0510000000000019" classname="table_21" name="Table_21_generation_works_with_custom_values_N_s_denominator_and_overall_column"/>
    <testcase time="0.0689999999999955" classname="table_21" name="Table_21_generation_works_with_custom_values_N_s_denominator_and_overall_column"/>
    <testcase time="0.0549999999999997" classname="table_21" name="Table_21_generation_works_with_custom_values_N_s_denominator_and_overall_column"/>
    <testcase time="0.0500000000000043" classname="table_21" name="Table_21_generation_works_with_custom_values_N_s_denominator_and_overall_column"/>
    <testcase time="0.0519999999999996" classname="table_21" name="Table_21_generation_works_with_custom_values_N_s_denominator_and_overall_column"/>
    <testcase time="0.0619999999999976" classname="table_21" name="Table_21_generation_works_with_custom_values_N_s_denominator_and_overall_column"/>
    <testcase time="0.0519999999999996" classname="table_21" name="Table_21_generation_works_with_custom_values_N_s_denominator_and_overall_column"/>
    <testcase time="0.0510000000000019" classname="table_21" name="Table_21_generation_works_with_custom_values_N_s_denominator_and_overall_column"/>
    <testcase time="0.0549999999999997" classname="table_21" name="Table_21_generation_works_with_custom_values_N_s_denominator_and_overall_column"/>
    <testcase time="0.0570000000000022" classname="table_21" name="Table_21_generation_works_with_custom_values_N_s_denominator_and_overall_column"/>
    <testcase time="0.0519999999999996" classname="table_21" name="Table_21_generation_works_with_custom_values_N_s_denominator_and_overall_column"/>
    <testcase time="0.0559999999999974" classname="table_21" name="Table_21_generation_works_with_custom_values_N_s_denominator_and_overall_column"/>
    <testcase time="0.0500000000000043" classname="table_21" name="Table_21_generation_works_with_custom_values_N_s_denominator_and_overall_column"/>
    <testcase time="0.0579999999999998" classname="table_21" name="Table_21_generation_works_with_custom_values_N_s_denominator_and_overall_column"/>
    <testcase time="0.0559999999999974" classname="table_21" name="Table_21_generation_works_with_custom_values_N_s_denominator_and_overall_column"/>
    <testcase time="0.0510000000000019" classname="table_21" name="Table_21_generation_works_with_custom_values_N_s_denominator_and_overall_column"/>
    <testcase time="0.0509999999999948" classname="table_21" name="Table_21_generation_works_with_custom_values_N_s_denominator_and_overall_column"/>
    <testcase time="0.054000000000002" classname="table_21" name="Table_21_generation_works_with_custom_values_N_s_denominator_and_overall_column"/>
    <testcase time="0.0840000000000032" classname="table_21" name="Table_21_generation_works_with_custom_values_N_s_denominator_and_overall_column">
      <skipped message="Reason: On CRAN ('test-table_21.R:34:3')"/>
    </testcase>
    <testcase time="0.0140000000000029" classname="table_21" name="Table_21_generation_works_with_custom_values_N_col_denominator_and_no_overall_column"/>
    <testcase time="0.00199999999999534" classname="table_21" name="Table_21_generation_works_with_custom_values_N_col_denominator_and_no_overall_column"/>
    <testcase time="0.0339999999999989" classname="table_21" name="Table_21_generation_works_with_custom_values_N_col_denominator_and_no_overall_column"/>
    <testcase time="0.222999999999999" classname="table_21" name="Table_21_generation_works_with_custom_values_N_col_denominator_and_no_overall_column"/>
    <testcase time="0.0720000000000027" classname="table_21" name="Table_21_generation_works_with_custom_values_N_col_denominator_and_no_overall_column">
      <skipped message="Reason: On CRAN ('test-table_21.R:62:3')"/>
    </testcase>
    <testcase time="0.0500000000000043" classname="table_21" name="Table_21_generation_works_with_some_NA_values"/>
    <testcase time="0.00199999999999534" classname="table_21" name="Table_21_generation_works_with_some_NA_values"/>
    <testcase time="0.0330000000000013" classname="table_21" name="Table_21_generation_works_with_some_NA_values"/>
    <testcase time="0.177999999999997" classname="table_21" name="Table_21_generation_works_with_some_NA_values"/>
    <testcase time="0.0510000000000019" classname="table_21" name="Table_21_generation_works_with_some_NA_values">
      <skipped message="Reason: On CRAN ('test-table_21.R:82:3')"/>
    </testcase>
  </testsuite>
  <testsuite name="table_32" timestamp="2023-11-17T14:32:44Z" hostname="9606b04655c2" tests="22" skipped="6" failures="0" errors="0" time="3.875">
    <testcase time="0.0189999999999984" classname="table_32" name="Table_32_generation_works_with_default_values"/>
    <testcase time="0.0429999999999993" classname="table_32" name="Table_32_generation_works_with_default_values"/>
    <testcase time="0.0850000000000009" classname="table_32" name="Table_32_generation_works_with_default_values"/>
    <testcase time="0.0339999999999989" classname="table_32" name="Table_32_generation_works_with_default_values">
      <skipped message="Reason: On CRAN ('test-table_32.R:8:3')"/>
    </testcase>
    <testcase time="0.0140000000000029" classname="table_32" name="Table_32_generation_works_with_custom_values"/>
    <testcase time="0.0399999999999991" classname="table_32" name="Table_32_generation_works_with_custom_values"/>
    <testcase time="0.103999999999999" classname="table_32" name="Table_32_generation_works_with_custom_values"/>
    <testcase time="0.0450000000000017" classname="table_32" name="Table_32_generation_works_with_custom_values">
      <skipped message="Reason: On CRAN ('test-table_32.R:30:3')"/>
    </testcase>
    <testcase time="0.0140000000000029" classname="table_32" name="Table_32_generation_works_with_pruned_rows"/>
    <testcase time="0.0349999999999966" classname="table_32" name="Table_32_generation_works_with_pruned_rows"/>
    <testcase time="0.0859999999999985" classname="table_32" name="Table_32_generation_works_with_pruned_rows"/>
    <testcase time="0.0310000000000059" classname="table_32" name="Table_32_generation_works_with_pruned_rows">
      <skipped message="Reason: On CRAN ('test-table_32.R:37:3')"/>
    </testcase>
    <testcase time="0.0149999999999935" classname="table_32" name="Table_32_generation_works_with_risk_difference_column"/>
    <testcase time="0.034000000000006" classname="table_32" name="Table_32_generation_works_with_risk_difference_column"/>
    <testcase time="0.116" classname="table_32" name="Table_32_generation_works_with_risk_difference_column"/>
    <testcase time="0.0379999999999967" classname="table_32" name="Table_32_generation_works_with_risk_difference_column">
      <skipped message="Reason: On CRAN ('test-table_32.R:45:3')"/>
    </testcase>
    <testcase time="0.0150000000000006" classname="table_32" name="Table_32_gtsum_generation_works_with_default_values"/>
    <testcase time="1.267" classname="table_32" name="Table_32_gtsum_generation_works_with_default_values"/>
    <testcase time="0.00600000000000023" classname="table_32" name="Table_32_gtsum_generation_works_with_default_values">
      <skipped message="Reason: On CRAN ('test-table_32.R:51:3')"/>
    </testcase>
    <testcase time="0.0139999999999958" classname="table_32" name="Table_32_gtsum_generation_works_with_custom_values"/>
    <testcase time="1.813" classname="table_32" name="Table_32_gtsum_generation_works_with_custom_values"/>
    <testcase time="0.0069999999999979" classname="table_32" name="Table_32_gtsum_generation_works_with_custom_values">
      <skipped message="Reason: On CRAN ('test-table_32.R:61:3')"/>
    </testcase>
  </testsuite>
  <testsuite name="table_33" timestamp="2023-11-17T14:32:48Z" hostname="9606b04655c2" tests="16" skipped="4" failures="0" errors="0" time="1.348">
    <testcase time="0.0180000000000007" classname="table_33" name="Table_33_generation_works_with_default_values"/>
    <testcase time="0.206000000000003" classname="table_33" name="Table_33_generation_works_with_default_values"/>
    <testcase time="0.0700000000000003" classname="table_33" name="Table_33_generation_works_with_default_values"/>
    <testcase time="0.0309999999999988" classname="table_33" name="Table_33_generation_works_with_default_values">
      <skipped message="Reason: On CRAN ('test-table_33.R:8:3')"/>
    </testcase>
    <testcase time="0.0159999999999982" classname="table_33" name="Table_33_generation_works_with_custom_values"/>
    <testcase time="0.206000000000003" classname="table_33" name="Table_33_generation_works_with_custom_values"/>
    <testcase time="0.0869999999999962" classname="table_33" name="Table_33_generation_works_with_custom_values"/>
    <testcase time="0.0380000000000038" classname="table_33" name="Table_33_generation_works_with_custom_values">
      <skipped message="Reason: On CRAN ('test-table_33.R:34:3')"/>
    </testcase>
    <testcase time="0.0150000000000006" classname="table_33" name="Table_33_generation_works_with_pruned_rows"/>
    <testcase time="0.207000000000001" classname="table_33" name="Table_33_generation_works_with_pruned_rows"/>
    <testcase time="0.0700000000000003" classname="table_33" name="Table_33_generation_works_with_pruned_rows"/>
    <testcase time="0.0289999999999964" classname="table_33" name="Table_33_generation_works_with_pruned_rows">
      <skipped message="Reason: On CRAN ('test-table_33.R:42:3')"/>
    </testcase>
    <testcase time="0.0140000000000029" classname="table_33" name="Table_33_generation_works_with_risk_difference_column"/>
    <testcase time="0.204999999999998" classname="table_33" name="Table_33_generation_works_with_risk_difference_column"/>
    <testcase time="0.106000000000002" classname="table_33" name="Table_33_generation_works_with_risk_difference_column"/>
    <testcase time="0.0300000000000011" classname="table_33" name="Table_33_generation_works_with_risk_difference_column">
      <skipped message="Reason: On CRAN ('test-table_33.R:50:3')"/>
    </testcase>
  </testsuite>
  <testsuite name="table_34" timestamp="2023-11-17T14:32:49Z" hostname="9606b04655c2" tests="12" skipped="3" failures="0" errors="0" time="4.572">
    <testcase time="0.0219999999999985" classname="table_34" name="Table_34_generation_works_with_default_values"/>
    <testcase time="0.027000000000001" classname="table_34" name="Table_34_generation_works_with_default_values"/>
    <testcase time="1.26" classname="table_34" name="Table_34_generation_works_with_default_values"/>
    <testcase time="0.156999999999996" classname="table_34" name="Table_34_generation_works_with_default_values">
      <skipped message="Reason: On CRAN ('test-table_34.R:17:3')"/>
    </testcase>
    <testcase time="0.0150000000000006" classname="table_34" name="Table_34_generation_works_with_custom_values"/>
    <testcase time="0.0250000000000057" classname="table_34" name="Table_34_generation_works_with_custom_values"/>
    <testcase time="1.22" classname="table_34" name="Table_34_generation_works_with_custom_values"/>
    <testcase time="0.0579999999999998" classname="table_34" name="Table_34_generation_works_with_custom_values">
      <skipped message="Reason: On CRAN ('test-table_34.R:49:3')"/>
    </testcase>
    <testcase time="0.0139999999999958" classname="table_34" name="Table_34_generation_works_with_risk_difference_column"/>
    <testcase time="0.0290000000000035" classname="table_34" name="Table_34_generation_works_with_risk_difference_column"/>
    <testcase time="1.565" classname="table_34" name="Table_34_generation_works_with_risk_difference_column"/>
    <testcase time="0.18" classname="table_34" name="Table_34_generation_works_with_risk_difference_column">
      <skipped message="Reason: On CRAN ('test-table_34.R:57:3')"/>
    </testcase>
  </testsuite>
</testsuites>
