<?xml version="1.0" encoding="UTF-8"?>
<testsuites>
  <testsuite name="table_02" timestamp="2023-10-20T23:31:47Z" hostname="76d359c53fe5" tests="30" skipped="10" failures="0" errors="0" time="17.248">
    <testcase time="0.0939999999999999" classname="table_02" name="Table_02_generation_works_with_default_values"/>
    <testcase time="0.534" classname="table_02" name="Table_02_generation_works_with_default_values"/>
    <testcase time="0.250999999999999" classname="table_02" name="Table_02_generation_works_with_default_values">
      <skipped message="Reason: On CRAN ('test-table_02.R:16:3')"/>
    </testcase>
    <testcase time="0.0890000000000004" classname="table_02" name="Table_02_generation_works_with_custom_values"/>
    <testcase time="0.416" classname="table_02" name="Table_02_generation_works_with_custom_values"/>
    <testcase time="0.250999999999999" classname="table_02" name="Table_02_generation_works_with_custom_values">
      <skipped message="Reason: On CRAN ('test-table_02.R:45:3')"/>
    </testcase>
    <testcase time="0.0680000000000005" classname="table_02" name="Table_02_generation_works_with_some_NA_values"/>
    <testcase time="0.106999999999999" classname="table_02" name="Table_02_generation_works_with_some_NA_values"/>
    <testcase time="0.0529999999999999" classname="table_02" name="Table_02_generation_works_with_some_NA_values">
      <skipped message="Reason: On CRAN ('test-table_02.R:57:3')"/>
    </testcase>
    <testcase time="0.0220000000000002" classname="table_02" name="Table_02_generation_tplyr_works_with_default_values"/>
    <testcase time="2.018" classname="table_02" name="Table_02_generation_tplyr_works_with_default_values"/>
    <testcase time="0.0360000000000005" classname="table_02" name="Table_02_generation_tplyr_works_with_default_values">
      <skipped message="Reason: On CRAN ('test-table_02.R:66:3')"/>
    </testcase>
    <testcase time="0.0309999999999997" classname="table_02" name="Table_02_generation_tplyr_works_with_tplyr_raw_TRUE"/>
    <testcase time="1.265" classname="table_02" name="Table_02_generation_tplyr_works_with_tplyr_raw_TRUE"/>
    <testcase time="0.0279999999999987" classname="table_02" name="Table_02_generation_tplyr_works_with_tplyr_raw_TRUE">
      <skipped message="Reason: On CRAN ('test-table_02.R:75:3')"/>
    </testcase>
    <testcase time="0.0550000000000015" classname="table_02" name="Table_02_generation_tplyr_works_with_custom_values"/>
    <testcase time="1.946" classname="table_02" name="Table_02_generation_tplyr_works_with_custom_values"/>
    <testcase time="0.0259999999999998" classname="table_02" name="Table_02_generation_tplyr_works_with_custom_values">
      <skipped message="Reason: On CRAN ('test-table_02.R:102:3')"/>
    </testcase>
    <testcase time="0.0499999999999989" classname="table_02" name="Table_02_generation_tplyr_works_with_some_NA_values"/>
    <testcase time="0.818000000000001" classname="table_02" name="Table_02_generation_tplyr_works_with_some_NA_values"/>
    <testcase time="0.0259999999999998" classname="table_02" name="Table_02_generation_tplyr_works_with_some_NA_values">
      <skipped message="Reason: On CRAN ('test-table_02.R:119:3')"/>
    </testcase>
    <testcase time="0.0220000000000002" classname="table_02" name="Table_02_generation_gtsum_works_with_default_values"/>
    <testcase time="3.549" classname="table_02" name="Table_02_generation_gtsum_works_with_default_values"/>
    <testcase time="0.00999999999999979" classname="table_02" name="Table_02_generation_gtsum_works_with_default_values">
      <skipped message="Reason: On CRAN ('test-table_02.R:128:3')"/>
    </testcase>
    <testcase time="0.0560000000000009" classname="table_02" name="Table_02_generation_gtsum_works_with_custom_values"/>
    <testcase time="4.033" classname="table_02" name="Table_02_generation_gtsum_works_with_custom_values"/>
    <testcase time="0.00999999999999801" classname="table_02" name="Table_02_generation_gtsum_works_with_custom_values">
      <skipped message="Reason: On CRAN ('test-table_02.R:146:3')"/>
    </testcase>
    <testcase time="0.0470000000000006" classname="table_02" name="Table_02_generation_gtsum_works_with_some_NA_values"/>
    <testcase time="1.328" classname="table_02" name="Table_02_generation_gtsum_works_with_some_NA_values"/>
    <testcase time="0.00900000000000034" classname="table_02" name="Table_02_generation_gtsum_works_with_some_NA_values">
      <skipped message="Reason: On CRAN ('test-table_02.R:161:3')"/>
    </testcase>
  </testsuite>
  <testsuite name="table_03" timestamp="2023-10-20T23:32:05Z" hostname="76d359c53fe5" tests="8" skipped="2" failures="0" errors="0" time="0.887">
    <testcase time="0.0410000000000004" classname="table_03" name="Table_3_generation_works_with_default_values"/>
    <testcase time="0.00199999999999889" classname="table_03" name="Table_3_generation_works_with_default_values"/>
    <testcase time="0.350000000000001" classname="table_03" name="Table_3_generation_works_with_default_values"/>
    <testcase time="0.0599999999999987" classname="table_03" name="Table_3_generation_works_with_default_values">
      <skipped message="Reason: On CRAN ('test-table_03.R:21:3')"/>
    </testcase>
    <testcase time="0.0219999999999985" classname="table_03" name="Table_3_generation_works_with_custom_values"/>
    <testcase time="0.00200000000000244" classname="table_03" name="Table_3_generation_works_with_custom_values"/>
    <testcase time="0.327999999999999" classname="table_03" name="Table_3_generation_works_with_custom_values"/>
    <testcase time="0.0820000000000007" classname="table_03" name="Table_3_generation_works_with_custom_values">
      <skipped message="Reason: On CRAN ('test-table_03.R:41:3')"/>
    </testcase>
  </testsuite>
  <testsuite name="table_04" timestamp="2023-10-20T23:32:06Z" hostname="76d359c53fe5" tests="12" skipped="2" failures="0" errors="0" time="0.989">
    <testcase time="0.0459999999999994" classname="table_04" name="Table_04_generation_works_with_default_values"/>
    <testcase time="0.00199999999999889" classname="table_04" name="Table_04_generation_works_with_default_values"/>
    <testcase time="0.00100000000000122" classname="table_04" name="Table_04_generation_works_with_default_values"/>
    <testcase time="0.00199999999999889" classname="table_04" name="Table_04_generation_works_with_default_values"/>
    <testcase time="0.355" classname="table_04" name="Table_04_generation_works_with_default_values"/>
    <testcase time="0.114999999999998" classname="table_04" name="Table_04_generation_works_with_default_values">
      <skipped message="Reason: On CRAN ('test-table_04.R:18:3')"/>
    </testcase>
    <testcase time="0.0200000000000031" classname="table_04" name="Table_04_generation_works_with_custom_values"/>
    <testcase time="0.00199999999999889" classname="table_04" name="Table_04_generation_works_with_custom_values"/>
    <testcase time="0.000999999999997669" classname="table_04" name="Table_04_generation_works_with_custom_values"/>
    <testcase time="0.00200000000000244" classname="table_04" name="Table_04_generation_works_with_custom_values"/>
    <testcase time="0.352" classname="table_04" name="Table_04_generation_works_with_custom_values"/>
    <testcase time="0.0910000000000011" classname="table_04" name="Table_04_generation_works_with_custom_values">
      <skipped message="Reason: On CRAN ('test-table_04.R:44:3')"/>
    </testcase>
  </testsuite>
  <testsuite name="table_05" timestamp="2023-10-20T23:32:07Z" hostname="76d359c53fe5" tests="12" skipped="4" failures="0" errors="0" time="1.567">
    <testcase time="0.187999999999999" classname="table_05" name="Table_05_generation_works_with_default_values"/>
    <testcase time="0.226000000000003" classname="table_05" name="Table_05_generation_works_with_default_values"/>
    <testcase time="0.0849999999999973" classname="table_05" name="Table_05_generation_works_with_default_values">
      <skipped message="Reason: On CRAN ('test-table_05.R:10:3')"/>
    </testcase>
    <testcase time="0.0200000000000031" classname="table_05" name="Table_05_generation_works_with_custom_values"/>
    <testcase time="0.256999999999998" classname="table_05" name="Table_05_generation_works_with_custom_values"/>
    <testcase time="0.0910000000000011" classname="table_05" name="Table_05_generation_works_with_custom_values">
      <skipped message="Reason: On CRAN ('test-table_05.R:34:3')"/>
    </testcase>
    <testcase time="0.0229999999999997" classname="table_05" name="Table_05_generation_works_with_NA_values_pruned_rows"/>
    <testcase time="0.213999999999999" classname="table_05" name="Table_05_generation_works_with_NA_values_pruned_rows"/>
    <testcase time="0.0809999999999995" classname="table_05" name="Table_05_generation_works_with_NA_values_pruned_rows">
      <skipped message="Reason: On CRAN ('test-table_05.R:44:3')"/>
    </testcase>
    <testcase time="0.0310000000000024" classname="table_05" name="Table_05_generation_works_with_risk_difference_column"/>
    <testcase time="0.262999999999998" classname="table_05" name="Table_05_generation_works_with_risk_difference_column"/>
    <testcase time="0.088000000000001" classname="table_05" name="Table_05_generation_works_with_risk_difference_column">
      <skipped message="Reason: On CRAN ('test-table_05.R:57:3')"/>
    </testcase>
  </testsuite>
  <testsuite name="table_06" timestamp="2023-10-20T23:32:08Z" hostname="76d359c53fe5" tests="15" skipped="3" failures="0" errors="0" time="2.352">
    <testcase time="0.0279999999999987" classname="table_06" name="Table_06_generation_works_with_default_values"/>
    <testcase time="0.00100000000000122" classname="table_06" name="Table_06_generation_works_with_default_values"/>
    <testcase time="0.0680000000000014" classname="table_06" name="Table_06_generation_works_with_default_values"/>
    <testcase time="0.463999999999999" classname="table_06" name="Table_06_generation_works_with_default_values"/>
    <testcase time="0.129000000000001" classname="table_06" name="Table_06_generation_works_with_default_values">
      <skipped message="Reason: On CRAN ('test-table_06.R:8:3')"/>
    </testcase>
    <testcase time="0.0209999999999972" classname="table_06" name="Table_06_generation_works_with_custom_values"/>
    <testcase time="0.00200000000000244" classname="table_06" name="Table_06_generation_works_with_custom_values"/>
    <testcase time="0.0599999999999987" classname="table_06" name="Table_06_generation_works_with_custom_values"/>
    <testcase time="0.622" classname="table_06" name="Table_06_generation_works_with_custom_values"/>
    <testcase time="0.148" classname="table_06" name="Table_06_generation_works_with_custom_values">
      <skipped message="Reason: On CRAN ('test-table_06.R:40:3')"/>
    </testcase>
    <testcase time="0.0210000000000008" classname="table_06" name="Table_06_generation_works_with_risk_difference_column"/>
    <testcase time="0.00199999999999889" classname="table_06" name="Table_06_generation_works_with_risk_difference_column"/>
    <testcase time="0.0640000000000001" classname="table_06" name="Table_06_generation_works_with_risk_difference_column"/>
    <testcase time="0.605" classname="table_06" name="Table_06_generation_works_with_risk_difference_column"/>
    <testcase time="0.117000000000001" classname="table_06" name="Table_06_generation_works_with_risk_difference_column">
      <skipped message="Reason: On CRAN ('test-table_06.R:48:3')"/>
    </testcase>
  </testsuite>
  <testsuite name="table_07" timestamp="2023-10-20T23:32:10Z" hostname="76d359c53fe5" tests="24" skipped="4" failures="0" errors="0" time="2.502">
    <testcase time="0.032" classname="table_07" name="Table_07_generation_works_with_default_values"/>
    <testcase time="0.00199999999999889" classname="table_07" name="Table_07_generation_works_with_default_values"/>
    <testcase time="0.00100000000000122" classname="table_07" name="Table_07_generation_works_with_default_values"/>
    <testcase time="0.0459999999999994" classname="table_07" name="Table_07_generation_works_with_default_values"/>
    <testcase time="0.365000000000002" classname="table_07" name="Table_07_generation_works_with_default_values"/>
    <testcase time="0.132999999999999" classname="table_07" name="Table_07_generation_works_with_default_values">
      <skipped message="Reason: On CRAN ('test-table_07.R:13:3')"/>
    </testcase>
    <testcase time="0.0219999999999985" classname="table_07" name="Table_07_generation_works_with_custom_values"/>
    <testcase time="0.00100000000000122" classname="table_07" name="Table_07_generation_works_with_custom_values"/>
    <testcase time="0.00199999999999889" classname="table_07" name="Table_07_generation_works_with_custom_values"/>
    <testcase time="0.0459999999999994" classname="table_07" name="Table_07_generation_works_with_custom_values"/>
    <testcase time="0.489000000000001" classname="table_07" name="Table_07_generation_works_with_custom_values"/>
    <testcase time="0.163" classname="table_07" name="Table_07_generation_works_with_custom_values">
      <skipped message="Reason: On CRAN ('test-table_07.R:42:3')"/>
    </testcase>
    <testcase time="0.0210000000000008" classname="table_07" name="Table_07_generation_works_with_NA_values_pruned_rows"/>
    <testcase time="0.00199999999999889" classname="table_07" name="Table_07_generation_works_with_NA_values_pruned_rows"/>
    <testcase time="0.00100000000000122" classname="table_07" name="Table_07_generation_works_with_NA_values_pruned_rows"/>
    <testcase time="0.0440000000000005" classname="table_07" name="Table_07_generation_works_with_NA_values_pruned_rows"/>
    <testcase time="0.349" classname="table_07" name="Table_07_generation_works_with_NA_values_pruned_rows"/>
    <testcase time="0.125" classname="table_07" name="Table_07_generation_works_with_NA_values_pruned_rows">
      <skipped message="Reason: On CRAN ('test-table_07.R:52:3')"/>
    </testcase>
    <testcase time="0.0210000000000008" classname="table_07" name="Table_07_generation_works_with_risk_difference_column"/>
    <testcase time="0.00100000000000122" classname="table_07" name="Table_07_generation_works_with_risk_difference_column"/>
    <testcase time="0.00199999999999889" classname="table_07" name="Table_07_generation_works_with_risk_difference_column"/>
    <testcase time="0.0519999999999996" classname="table_07" name="Table_07_generation_works_with_risk_difference_column"/>
    <testcase time="0.437999999999999" classname="table_07" name="Table_07_generation_works_with_risk_difference_column"/>
    <testcase time="0.144000000000002" classname="table_07" name="Table_07_generation_works_with_risk_difference_column">
      <skipped message="Reason: On CRAN ('test-table_07.R:65:3')"/>
    </testcase>
  </testsuite>
  <testsuite name="table_08" timestamp="2023-10-20T23:32:13Z" hostname="76d359c53fe5" tests="8" skipped="2" failures="0" errors="0" time="0.459">
    <testcase time="0.027000000000001" classname="table_08" name="Table_08_generation_works_with_default_values"/>
    <testcase time="0.00199999999999889" classname="table_08" name="Table_08_generation_works_with_default_values"/>
    <testcase time="0.0629999999999988" classname="table_08" name="Table_08_generation_works_with_default_values"/>
    <testcase time="0.119" classname="table_08" name="Table_08_generation_works_with_default_values">
      <skipped message="Reason: On CRAN ('test-table_08.R:10:3')"/>
    </testcase>
    <testcase time="0.022000000000002" classname="table_08" name="Table_08_generation_works_with_custom_values"/>
    <testcase time="0.00199999999999889" classname="table_08" name="Table_08_generation_works_with_custom_values"/>
    <testcase time="0.0480000000000018" classname="table_08" name="Table_08_generation_works_with_custom_values"/>
    <testcase time="0.175999999999998" classname="table_08" name="Table_08_generation_works_with_custom_values">
      <skipped message="Reason: On CRAN ('test-table_08.R:31:3')"/>
    </testcase>
  </testsuite>
  <testsuite name="table_09" timestamp="2023-10-20T23:32:13Z" hostname="76d359c53fe5" tests="12" skipped="3" failures="0" errors="0" time="1.631">
    <testcase time="0.0259999999999998" classname="table_09" name="Table_09_generation_works_with_default_values"/>
    <testcase time="0.0670000000000002" classname="table_09" name="Table_09_generation_works_with_default_values"/>
    <testcase time="0.32" classname="table_09" name="Table_09_generation_works_with_default_values"/>
    <testcase time="0.0670000000000002" classname="table_09" name="Table_09_generation_works_with_default_values">
      <skipped message="Reason: On CRAN ('test-table_09.R:8:3')"/>
    </testcase>
    <testcase time="0.0210000000000008" classname="table_09" name="Table_09_generation_works_with_custom_values"/>
    <testcase time="0.0579999999999998" classname="table_09" name="Table_09_generation_works_with_custom_values"/>
    <testcase time="0.402999999999999" classname="table_09" name="Table_09_generation_works_with_custom_values"/>
    <testcase time="0.0879999999999974" classname="table_09" name="Table_09_generation_works_with_custom_values">
      <skipped message="Reason: On CRAN ('test-table_09.R:39:3')"/>
    </testcase>
    <testcase time="0.022000000000002" classname="table_09" name="Table_09_generation_works_with_risk_difference_column"/>
    <testcase time="0.0459999999999994" classname="table_09" name="Table_09_generation_works_with_risk_difference_column"/>
    <testcase time="0.434999999999999" classname="table_09" name="Table_09_generation_works_with_risk_difference_column"/>
    <testcase time="0.078000000000003" classname="table_09" name="Table_09_generation_works_with_risk_difference_column">
      <skipped message="Reason: On CRAN ('test-table_09.R:47:3')"/>
    </testcase>
  </testsuite>
  <testsuite name="table_10" timestamp="2023-10-20T23:32:15Z" hostname="76d359c53fe5" tests="15" skipped="3" failures="0" errors="0" time="1.834">
    <testcase time="0.0339999999999989" classname="table_10" name="Table_10_generation_works_with_default_values"/>
    <testcase time="0.00199999999999889" classname="table_10" name="Table_10_generation_works_with_default_values"/>
    <testcase time="0.0450000000000017" classname="table_10" name="Table_10_generation_works_with_default_values"/>
    <testcase time="0.399999999999999" classname="table_10" name="Table_10_generation_works_with_default_values"/>
    <testcase time="0.135999999999999" classname="table_10" name="Table_10_generation_works_with_default_values">
      <skipped message="Reason: On CRAN ('test-table_10.R:17:3')"/>
    </testcase>
    <testcase time="0.0210000000000008" classname="table_10" name="Table_10_generation_works_with_custom_values"/>
    <testcase time="0.00199999999999889" classname="table_10" name="Table_10_generation_works_with_custom_values"/>
    <testcase time="0.0420000000000016" classname="table_10" name="Table_10_generation_works_with_custom_values"/>
    <testcase time="0.384999999999998" classname="table_10" name="Table_10_generation_works_with_custom_values"/>
    <testcase time="0.0579999999999998" classname="table_10" name="Table_10_generation_works_with_custom_values">
      <skipped message="Reason: On CRAN ('test-table_10.R:52:3')"/>
    </testcase>
    <testcase time="0.0220000000000056" classname="table_10" name="Table_10_generation_works_with_risk_difference_column"/>
    <testcase time="0.00199999999999534" classname="table_10" name="Table_10_generation_works_with_risk_difference_column"/>
    <testcase time="0.0450000000000017" classname="table_10" name="Table_10_generation_works_with_risk_difference_column"/>
    <testcase time="0.503999999999998" classname="table_10" name="Table_10_generation_works_with_risk_difference_column"/>
    <testcase time="0.136000000000003" classname="table_10" name="Table_10_generation_works_with_risk_difference_column">
      <skipped message="Reason: On CRAN ('test-table_10.R:60:3')"/>
    </testcase>
  </testsuite>
  <testsuite name="table_11" timestamp="2023-10-20T23:32:17Z" hostname="76d359c53fe5" tests="12" skipped="3" failures="0" errors="0" time="2.83">
    <testcase time="0.0330000000000013" classname="table_11" name="Table_11_generation_works_with_default_values"/>
    <testcase time="0.0549999999999997" classname="table_11" name="Table_11_generation_works_with_default_values"/>
    <testcase time="0.683999999999997" classname="table_11" name="Table_11_generation_works_with_default_values"/>
    <testcase time="0.140000000000001" classname="table_11" name="Table_11_generation_works_with_default_values">
      <skipped message="Reason: On CRAN ('test-table_11.R:18:3')"/>
    </testcase>
    <testcase time="0.0210000000000008" classname="table_11" name="Table_11_generation_works_with_custom_values"/>
    <testcase time="0.0600000000000023" classname="table_11" name="Table_11_generation_works_with_custom_values"/>
    <testcase time="0.637" classname="table_11" name="Table_11_generation_works_with_custom_values"/>
    <testcase time="0.0869999999999962" classname="table_11" name="Table_11_generation_works_with_custom_values">
      <skipped message="Reason: On CRAN ('test-table_11.R:48:3')"/>
    </testcase>
    <testcase time="0.0210000000000008" classname="table_11" name="Table_11_generation_works_with_risk_difference_column"/>
    <testcase time="0.0549999999999997" classname="table_11" name="Table_11_generation_works_with_risk_difference_column"/>
    <testcase time="0.859000000000002" classname="table_11" name="Table_11_generation_works_with_risk_difference_column"/>
    <testcase time="0.177999999999997" classname="table_11" name="Table_11_generation_works_with_risk_difference_column">
      <skipped message="Reason: On CRAN ('test-table_11.R:56:3')"/>
    </testcase>
  </testsuite>
  <testsuite name="table_12" timestamp="2023-10-20T23:32:20Z" hostname="76d359c53fe5" tests="12" skipped="3" failures="0" errors="0" time="3.813">
    <testcase time="0.0279999999999987" classname="table_12" name="Table_12_generation_works_with_default_values"/>
    <testcase time="0.0549999999999997" classname="table_12" name="Table_12_generation_works_with_default_values"/>
    <testcase time="0.910000000000004" classname="table_12" name="Table_12_generation_works_with_default_values"/>
    <testcase time="0.125999999999998" classname="table_12" name="Table_12_generation_works_with_default_values">
      <skipped message="Reason: On CRAN ('test-table_12.R:9:3')"/>
    </testcase>
    <testcase time="0.0219999999999985" classname="table_12" name="Table_12_generation_works_with_custom_values"/>
    <testcase time="0.0570000000000022" classname="table_12" name="Table_12_generation_works_with_custom_values"/>
    <testcase time="0.907000000000004" classname="table_12" name="Table_12_generation_works_with_custom_values"/>
    <testcase time="0.122" classname="table_12" name="Table_12_generation_works_with_custom_values">
      <skipped message="Reason: On CRAN ('test-table_12.R:39:3')"/>
    </testcase>
    <testcase time="0.0229999999999961" classname="table_12" name="Table_12_generation_works_with_risk_difference_column"/>
    <testcase time="0.0549999999999997" classname="table_12" name="Table_12_generation_works_with_risk_difference_column"/>
    <testcase time="1.373" classname="table_12" name="Table_12_generation_works_with_risk_difference_column"/>
    <testcase time="0.134999999999998" classname="table_12" name="Table_12_generation_works_with_risk_difference_column">
      <skipped message="Reason: On CRAN ('test-table_12.R:47:3')"/>
    </testcase>
  </testsuite>
  <testsuite name="table_13" timestamp="2023-10-20T23:32:24Z" hostname="76d359c53fe5" tests="12" skipped="3" failures="0" errors="0" time="0.894">
    <testcase time="0.0279999999999987" classname="table_13" name="Table_13_generation_works_with_default_values"/>
    <testcase time="0.0570000000000022" classname="table_13" name="Table_13_generation_works_with_default_values"/>
    <testcase time="0.134" classname="table_13" name="Table_13_generation_works_with_default_values"/>
    <testcase time="0.0750000000000028" classname="table_13" name="Table_13_generation_works_with_default_values">
      <skipped message="Reason: On CRAN ('test-table_13.R:8:3')"/>
    </testcase>
    <testcase time="0.0210000000000008" classname="table_13" name="Table_13_generation_works_with_custom_values"/>
    <testcase time="0.0559999999999974" classname="table_13" name="Table_13_generation_works_with_custom_values"/>
    <testcase time="0.158999999999999" classname="table_13" name="Table_13_generation_works_with_custom_values"/>
    <testcase time="0.0510000000000019" classname="table_13" name="Table_13_generation_works_with_custom_values">
      <skipped message="Reason: On CRAN ('test-table_13.R:38:3')"/>
    </testcase>
    <testcase time="0.0210000000000008" classname="table_13" name="Table_13_generation_works_with_risk_difference_column"/>
    <testcase time="0.0559999999999974" classname="table_13" name="Table_13_generation_works_with_risk_difference_column"/>
    <testcase time="0.158999999999999" classname="table_13" name="Table_13_generation_works_with_risk_difference_column"/>
    <testcase time="0.0770000000000053" classname="table_13" name="Table_13_generation_works_with_risk_difference_column">
      <skipped message="Reason: On CRAN ('test-table_13.R:46:3')"/>
    </testcase>
  </testsuite>
  <testsuite name="table_14" timestamp="2023-10-20T23:32:24Z" hostname="76d359c53fe5" tests="13" skipped="4" failures="0" errors="0" time="3.369">
    <testcase time="0.0379999999999967" classname="table_14" name="Table_14_generation_works_with_default_values"/>
    <testcase time="0.591000000000001" classname="table_14" name="Table_14_generation_works_with_default_values"/>
    <testcase time="0.154000000000003" classname="table_14" name="Table_14_generation_works_with_default_values">
      <skipped message="Reason: On CRAN ('test-table_14.R:16:3')"/>
    </testcase>
    <testcase time="0.0229999999999961" classname="table_14" name="Table_14_generation_works_with_custom_values"/>
    <testcase time="0.0570000000000022" classname="table_14" name="Table_14_generation_works_with_custom_values"/>
    <testcase time="0.641999999999996" classname="table_14" name="Table_14_generation_works_with_custom_values"/>
    <testcase time="0.139000000000003" classname="table_14" name="Table_14_generation_works_with_custom_values">
      <skipped message="Reason: On CRAN ('test-table_14.R:46:3')"/>
    </testcase>
    <testcase time="0.0219999999999985" classname="table_14" name="Table_14_generation_works_with_NA_values_pruned_rows"/>
    <testcase time="0.616" classname="table_14" name="Table_14_generation_works_with_NA_values_pruned_rows"/>
    <testcase time="0.118000000000002" classname="table_14" name="Table_14_generation_works_with_NA_values_pruned_rows">
      <skipped message="Reason: On CRAN ('test-table_14.R:53:3')"/>
    </testcase>
    <testcase time="0.0210000000000008" classname="table_14" name="Table_14_generation_works_with_risk_difference_column"/>
    <testcase time="0.780999999999999" classname="table_14" name="Table_14_generation_works_with_risk_difference_column"/>
    <testcase time="0.167000000000002" classname="table_14" name="Table_14_generation_works_with_risk_difference_column">
      <skipped message="Reason: On CRAN ('test-table_14.R:61:3')"/>
    </testcase>
  </testsuite>
  <testsuite name="table_20" timestamp="2023-10-20T23:32:28Z" hostname="76d359c53fe5" tests="24" skipped="4" failures="0" errors="0" time="2.846">
    <testcase time="0.036999999999999" classname="table_20" name="Table_20_generation_works_with_default_values"/>
    <testcase time="0.00100000000000477" classname="table_20" name="Table_20_generation_works_with_default_values"/>
    <testcase time="0.00199999999999534" classname="table_20" name="Table_20_generation_works_with_default_values"/>
    <testcase time="0.0470000000000041" classname="table_20" name="Table_20_generation_works_with_default_values"/>
    <testcase time="0.451999999999998" classname="table_20" name="Table_20_generation_works_with_default_values"/>
    <testcase time="0.0889999999999986" classname="table_20" name="Table_20_generation_works_with_default_values">
      <skipped message="Reason: On CRAN ('test-table_20.R:17:3')"/>
    </testcase>
    <testcase time="0.0219999999999985" classname="table_20" name="Table_20_generation_works_with_custom_values"/>
    <testcase time="0.00200000000000244" classname="table_20" name="Table_20_generation_works_with_custom_values"/>
    <testcase time="0.00200000000000244" classname="table_20" name="Table_20_generation_works_with_custom_values"/>
    <testcase time="0.0499999999999972" classname="table_20" name="Table_20_generation_works_with_custom_values"/>
    <testcase time="0.667999999999999" classname="table_20" name="Table_20_generation_works_with_custom_values"/>
    <testcase time="0.128" classname="table_20" name="Table_20_generation_works_with_custom_values">
      <skipped message="Reason: On CRAN ('test-table_20.R:65:3')"/>
    </testcase>
    <testcase time="0.0210000000000008" classname="table_20" name="Table_20_generation_works_with_missing_values_pruned_rows"/>
    <testcase time="0.00200000000000244" classname="table_20" name="Table_20_generation_works_with_missing_values_pruned_rows"/>
    <testcase time="0.00199999999999534" classname="table_20" name="Table_20_generation_works_with_missing_values_pruned_rows"/>
    <testcase time="0.0480000000000018" classname="table_20" name="Table_20_generation_works_with_missing_values_pruned_rows"/>
    <testcase time="0.427" classname="table_20" name="Table_20_generation_works_with_missing_values_pruned_rows"/>
    <testcase time="0.0980000000000061" classname="table_20" name="Table_20_generation_works_with_missing_values_pruned_rows">
      <skipped message="Reason: On CRAN ('test-table_20.R:74:3')"/>
    </testcase>
    <testcase time="0.0209999999999937" classname="table_20" name="Table_20_generation_works_with_risk_difference_column"/>
    <testcase time="0.00200000000000244" classname="table_20" name="Table_20_generation_works_with_risk_difference_column"/>
    <testcase time="0.00200000000000244" classname="table_20" name="Table_20_generation_works_with_risk_difference_column"/>
    <testcase time="0.0499999999999972" classname="table_20" name="Table_20_generation_works_with_risk_difference_column"/>
    <testcase time="0.573" classname="table_20" name="Table_20_generation_works_with_risk_difference_column"/>
    <testcase time="0.100000000000001" classname="table_20" name="Table_20_generation_works_with_risk_difference_column">
      <skipped message="Reason: On CRAN ('test-table_20.R:82:3')"/>
    </testcase>
  </testsuite>
  <testsuite name="table_21" timestamp="2023-10-20T23:32:31Z" hostname="76d359c53fe5" tests="19" skipped="4" failures="0" errors="0" time="2.88">
    <testcase time="0.0850000000000009" classname="table_21" name="Table_21_generation_works_with_default_values"/>
    <testcase time="0.000999999999997669" classname="table_21" name="Table_21_generation_works_with_default_values"/>
    <testcase time="0.634" classname="table_21" name="Table_21_generation_works_with_default_values"/>
    <testcase time="0.119" classname="table_21" name="Table_21_generation_works_with_default_values">
      <skipped message="Reason: On CRAN ('test-table_21.R:22:3')"/>
    </testcase>
    <testcase time="0.0210000000000008" classname="table_21" name="Table_21_generation_works_with_custom_values_N_s_denominator_and_overall_column"/>
    <testcase time="0.00200000000000244" classname="table_21" name="Table_21_generation_works_with_custom_values_N_s_denominator_and_overall_column"/>
    <testcase time="0.0869999999999962" classname="table_21" name="Table_21_generation_works_with_custom_values_N_s_denominator_and_overall_column"/>
    <testcase time="0.784000000000006" classname="table_21" name="Table_21_generation_works_with_custom_values_N_s_denominator_and_overall_column"/>
    <testcase time="0.119999999999997" classname="table_21" name="Table_21_generation_works_with_custom_values_N_s_denominator_and_overall_column">
      <skipped message="Reason: On CRAN ('test-table_21.R:34:3')"/>
    </testcase>
    <testcase time="0.0210000000000008" classname="table_21" name="Table_21_generation_works_with_custom_values_N_col_denominator_and_no_overall_column"/>
    <testcase time="0.00200000000000244" classname="table_21" name="Table_21_generation_works_with_custom_values_N_col_denominator_and_no_overall_column"/>
    <testcase time="0.0569999999999951" classname="table_21" name="Table_21_generation_works_with_custom_values_N_col_denominator_and_no_overall_column"/>
    <testcase time="0.353000000000002" classname="table_21" name="Table_21_generation_works_with_custom_values_N_col_denominator_and_no_overall_column"/>
    <testcase time="0.103000000000002" classname="table_21" name="Table_21_generation_works_with_custom_values_N_col_denominator_and_no_overall_column">
      <skipped message="Reason: On CRAN ('test-table_21.R:62:3')"/>
    </testcase>
    <testcase time="0.088000000000001" classname="table_21" name="Table_21_generation_works_with_some_NA_values"/>
    <testcase time="0.00199999999999534" classname="table_21" name="Table_21_generation_works_with_some_NA_values"/>
    <testcase time="0.0579999999999998" classname="table_21" name="Table_21_generation_works_with_some_NA_values"/>
    <testcase time="0.269000000000005" classname="table_21" name="Table_21_generation_works_with_some_NA_values"/>
    <testcase time="0.0739999999999981" classname="table_21" name="Table_21_generation_works_with_some_NA_values">
      <skipped message="Reason: On CRAN ('test-table_21.R:82:3')"/>
    </testcase>
  </testsuite>
  <testsuite name="table_32" timestamp="2023-10-20T23:32:34Z" hostname="76d359c53fe5" tests="16" skipped="4" failures="0" errors="0" time="1.191">
    <testcase time="0.0279999999999987" classname="table_32" name="Table_32_generation_works_with_default_values"/>
    <testcase time="0.0609999999999999" classname="table_32" name="Table_32_generation_works_with_default_values"/>
    <testcase time="0.145000000000003" classname="table_32" name="Table_32_generation_works_with_default_values"/>
    <testcase time="0.0479999999999947" classname="table_32" name="Table_32_generation_works_with_default_values">
      <skipped message="Reason: On CRAN ('test-table_32.R:8:3')"/>
    </testcase>
    <testcase time="0.0220000000000056" classname="table_32" name="Table_32_generation_works_with_custom_values"/>
    <testcase time="0.0599999999999952" classname="table_32" name="Table_32_generation_works_with_custom_values"/>
    <testcase time="0.173999999999999" classname="table_32" name="Table_32_generation_works_with_custom_values"/>
    <testcase time="0.0600000000000023" classname="table_32" name="Table_32_generation_works_with_custom_values">
      <skipped message="Reason: On CRAN ('test-table_32.R:30:3')"/>
    </testcase>
    <testcase time="0.0219999999999985" classname="table_32" name="Table_32_generation_works_with_pruned_rows"/>
    <testcase time="0.0700000000000003" classname="table_32" name="Table_32_generation_works_with_pruned_rows"/>
    <testcase time="0.134999999999998" classname="table_32" name="Table_32_generation_works_with_pruned_rows"/>
    <testcase time="0.0380000000000038" classname="table_32" name="Table_32_generation_works_with_pruned_rows">
      <skipped message="Reason: On CRAN ('test-table_32.R:37:3')"/>
    </testcase>
    <testcase time="0.0229999999999961" classname="table_32" name="Table_32_generation_works_with_risk_difference_column"/>
    <testcase time="0.0730000000000004" classname="table_32" name="Table_32_generation_works_with_risk_difference_column"/>
    <testcase time="0.162000000000006" classname="table_32" name="Table_32_generation_works_with_risk_difference_column"/>
    <testcase time="0.0700000000000003" classname="table_32" name="Table_32_generation_works_with_risk_difference_column">
      <skipped message="Reason: On CRAN ('test-table_32.R:45:3')"/>
    </testcase>
  </testsuite>
  <testsuite name="table_33" timestamp="2023-10-20T23:32:35Z" hostname="76d359c53fe5" tests="16" skipped="4" failures="0" errors="0" time="1.861">
    <testcase time="0.0249999999999986" classname="table_33" name="Table_33_generation_works_with_default_values"/>
    <testcase time="0.253999999999998" classname="table_33" name="Table_33_generation_works_with_default_values"/>
    <testcase time="0.107999999999997" classname="table_33" name="Table_33_generation_works_with_default_values"/>
    <testcase time="0.0500000000000043" classname="table_33" name="Table_33_generation_works_with_default_values">
      <skipped message="Reason: On CRAN ('test-table_33.R:8:3')"/>
    </testcase>
    <testcase time="0.0249999999999986" classname="table_33" name="Table_33_generation_works_with_custom_values"/>
    <testcase time="0.265000000000001" classname="table_33" name="Table_33_generation_works_with_custom_values"/>
    <testcase time="0.130000000000003" classname="table_33" name="Table_33_generation_works_with_custom_values"/>
    <testcase time="0.0579999999999998" classname="table_33" name="Table_33_generation_works_with_custom_values">
      <skipped message="Reason: On CRAN ('test-table_33.R:34:3')"/>
    </testcase>
    <testcase time="0.0219999999999985" classname="table_33" name="Table_33_generation_works_with_pruned_rows"/>
    <testcase time="0.268999999999998" classname="table_33" name="Table_33_generation_works_with_pruned_rows"/>
    <testcase time="0.110999999999997" classname="table_33" name="Table_33_generation_works_with_pruned_rows"/>
    <testcase time="0.0470000000000041" classname="table_33" name="Table_33_generation_works_with_pruned_rows">
      <skipped message="Reason: On CRAN ('test-table_33.R:42:3')"/>
    </testcase>
    <testcase time="0.0229999999999961" classname="table_33" name="Table_33_generation_works_with_risk_difference_column"/>
    <testcase time="0.277000000000001" classname="table_33" name="Table_33_generation_works_with_risk_difference_column"/>
    <testcase time="0.154000000000003" classname="table_33" name="Table_33_generation_works_with_risk_difference_column"/>
    <testcase time="0.0429999999999993" classname="table_33" name="Table_33_generation_works_with_risk_difference_column">
      <skipped message="Reason: On CRAN ('test-table_33.R:50:3')"/>
    </testcase>
  </testsuite>
  <testsuite name="table_34" timestamp="2023-10-20T23:32:37Z" hostname="76d359c53fe5" tests="12" skipped="3" failures="0" errors="0" time="6.937">
    <testcase time="0.0339999999999989" classname="table_34" name="Table_34_generation_works_with_default_values"/>
    <testcase time="0.0470000000000041" classname="table_34" name="Table_34_generation_works_with_default_values"/>
    <testcase time="1.947" classname="table_34" name="Table_34_generation_works_with_default_values"/>
    <testcase time="0.233000000000004" classname="table_34" name="Table_34_generation_works_with_default_values">
      <skipped message="Reason: On CRAN ('test-table_34.R:17:3')"/>
    </testcase>
    <testcase time="0.0339999999999989" classname="table_34" name="Table_34_generation_works_with_custom_values"/>
    <testcase time="0.0450000000000017" classname="table_34" name="Table_34_generation_works_with_custom_values"/>
    <testcase time="1.858" classname="table_34" name="Table_34_generation_works_with_custom_values"/>
    <testcase time="0.0859999999999985" classname="table_34" name="Table_34_generation_works_with_custom_values">
      <skipped message="Reason: On CRAN ('test-table_34.R:49:3')"/>
    </testcase>
    <testcase time="0.0220000000000056" classname="table_34" name="Table_34_generation_works_with_risk_difference_column"/>
    <testcase time="0.0619999999999976" classname="table_34" name="Table_34_generation_works_with_risk_difference_column"/>
    <testcase time="2.307" classname="table_34" name="Table_34_generation_works_with_risk_difference_column"/>
    <testcase time="0.262" classname="table_34" name="Table_34_generation_works_with_risk_difference_column">
      <skipped message="Reason: On CRAN ('test-table_34.R:57:3')"/>
    </testcase>
  </testsuite>
</testsuites>
