<?xml version="1.0" encoding="UTF-8"?>
<testsuites>
  <testsuite name="table_02" timestamp="2023-11-02T14:37:58Z" hostname="3f01321cc85b" tests="30" skipped="10" failures="0" errors="0" time="14.104">
    <testcase time="0.0710000000000002" classname="table_02" name="Table_02_generation_works_with_default_values"/>
    <testcase time="0.416" classname="table_02" name="Table_02_generation_works_with_default_values"/>
    <testcase time="0.2" classname="table_02" name="Table_02_generation_works_with_default_values">
      <skipped message="Reason: On CRAN ('test-table_02.R:16:3')"/>
    </testcase>
    <testcase time="0.0690000000000004" classname="table_02" name="Table_02_generation_works_with_custom_values"/>
    <testcase time="0.339" classname="table_02" name="Table_02_generation_works_with_custom_values"/>
    <testcase time="0.201" classname="table_02" name="Table_02_generation_works_with_custom_values">
      <skipped message="Reason: On CRAN ('test-table_02.R:45:3')"/>
    </testcase>
    <testcase time="0.0510000000000002" classname="table_02" name="Table_02_generation_works_with_some_NA_values"/>
    <testcase time="0.0880000000000001" classname="table_02" name="Table_02_generation_works_with_some_NA_values"/>
    <testcase time="0.0430000000000001" classname="table_02" name="Table_02_generation_works_with_some_NA_values">
      <skipped message="Reason: On CRAN ('test-table_02.R:57:3')"/>
    </testcase>
    <testcase time="0.0179999999999998" classname="table_02" name="Table_02_generation_tplyr_works_with_default_values"/>
    <testcase time="1.657" classname="table_02" name="Table_02_generation_tplyr_works_with_default_values"/>
    <testcase time="0.0309999999999997" classname="table_02" name="Table_02_generation_tplyr_works_with_default_values">
      <skipped message="Reason: On CRAN ('test-table_02.R:66:3')"/>
    </testcase>
    <testcase time="0.024" classname="table_02" name="Table_02_generation_tplyr_works_with_tplyr_raw_TRUE"/>
    <testcase time="1.024" classname="table_02" name="Table_02_generation_tplyr_works_with_tplyr_raw_TRUE"/>
    <testcase time="0.0209999999999999" classname="table_02" name="Table_02_generation_tplyr_works_with_tplyr_raw_TRUE">
      <skipped message="Reason: On CRAN ('test-table_02.R:75:3')"/>
    </testcase>
    <testcase time="0.04" classname="table_02" name="Table_02_generation_tplyr_works_with_custom_values"/>
    <testcase time="1.614" classname="table_02" name="Table_02_generation_tplyr_works_with_custom_values"/>
    <testcase time="0.0210000000000008" classname="table_02" name="Table_02_generation_tplyr_works_with_custom_values">
      <skipped message="Reason: On CRAN ('test-table_02.R:102:3')"/>
    </testcase>
    <testcase time="0.0389999999999997" classname="table_02" name="Table_02_generation_tplyr_works_with_some_NA_values"/>
    <testcase time="0.651" classname="table_02" name="Table_02_generation_tplyr_works_with_some_NA_values"/>
    <testcase time="0.0199999999999996" classname="table_02" name="Table_02_generation_tplyr_works_with_some_NA_values">
      <skipped message="Reason: On CRAN ('test-table_02.R:119:3')"/>
    </testcase>
    <testcase time="0.0170000000000012" classname="table_02" name="Table_02_generation_gtsum_works_with_default_values"/>
    <testcase time="2.94" classname="table_02" name="Table_02_generation_gtsum_works_with_default_values"/>
    <testcase time="0.00799999999999912" classname="table_02" name="Table_02_generation_gtsum_works_with_default_values">
      <skipped message="Reason: On CRAN ('test-table_02.R:128:3')"/>
    </testcase>
    <testcase time="0.0420000000000016" classname="table_02" name="Table_02_generation_gtsum_works_with_custom_values"/>
    <testcase time="3.31" classname="table_02" name="Table_02_generation_gtsum_works_with_custom_values"/>
    <testcase time="0.0080000000000009" classname="table_02" name="Table_02_generation_gtsum_works_with_custom_values">
      <skipped message="Reason: On CRAN ('test-table_02.R:146:3')"/>
    </testcase>
    <testcase time="0.0339999999999989" classname="table_02" name="Table_02_generation_gtsum_works_with_some_NA_values"/>
    <testcase time="1.1" classname="table_02" name="Table_02_generation_gtsum_works_with_some_NA_values"/>
    <testcase time="0.00700000000000145" classname="table_02" name="Table_02_generation_gtsum_works_with_some_NA_values">
      <skipped message="Reason: On CRAN ('test-table_02.R:161:3')"/>
    </testcase>
  </testsuite>
  <testsuite name="table_03" timestamp="2023-11-02T14:38:12Z" hostname="3f01321cc85b" tests="8" skipped="2" failures="0" errors="0" time="0.734">
    <testcase time="0.0330000000000013" classname="table_03" name="Table_3_generation_works_with_default_values"/>
    <testcase time="0.000999999999997669" classname="table_03" name="Table_3_generation_works_with_default_values"/>
    <testcase time="0.292000000000002" classname="table_03" name="Table_3_generation_works_with_default_values"/>
    <testcase time="0.0479999999999983" classname="table_03" name="Table_3_generation_works_with_default_values">
      <skipped message="Reason: On CRAN ('test-table_03.R:21:3')"/>
    </testcase>
    <testcase time="0.0169999999999995" classname="table_03" name="Table_3_generation_works_with_custom_values"/>
    <testcase time="0.00200000000000244" classname="table_03" name="Table_3_generation_works_with_custom_values"/>
    <testcase time="0.271999999999998" classname="table_03" name="Table_3_generation_works_with_custom_values"/>
    <testcase time="0.0689999999999991" classname="table_03" name="Table_3_generation_works_with_custom_values">
      <skipped message="Reason: On CRAN ('test-table_03.R:41:3')"/>
    </testcase>
  </testsuite>
  <testsuite name="table_04" timestamp="2023-11-02T14:38:13Z" hostname="3f01321cc85b" tests="12" skipped="2" failures="0" errors="0" time="0.815">
    <testcase time="0.0380000000000003" classname="table_04" name="Table_04_generation_works_with_default_values"/>
    <testcase time="0.00200000000000244" classname="table_04" name="Table_04_generation_works_with_default_values"/>
    <testcase time="0.000999999999997669" classname="table_04" name="Table_04_generation_works_with_default_values"/>
    <testcase time="0.00100000000000122" classname="table_04" name="Table_04_generation_works_with_default_values"/>
    <testcase time="0.294" classname="table_04" name="Table_04_generation_works_with_default_values"/>
    <testcase time="0.0899999999999999" classname="table_04" name="Table_04_generation_works_with_default_values">
      <skipped message="Reason: On CRAN ('test-table_04.R:18:3')"/>
    </testcase>
    <testcase time="0.0169999999999995" classname="table_04" name="Table_04_generation_works_with_custom_values"/>
    <testcase time="0.00100000000000122" classname="table_04" name="Table_04_generation_works_with_custom_values"/>
    <testcase time="0.00199999999999889" classname="table_04" name="Table_04_generation_works_with_custom_values"/>
    <testcase time="0.00100000000000122" classname="table_04" name="Table_04_generation_works_with_custom_values"/>
    <testcase time="0.294" classname="table_04" name="Table_04_generation_works_with_custom_values"/>
    <testcase time="0.0739999999999981" classname="table_04" name="Table_04_generation_works_with_custom_values">
      <skipped message="Reason: On CRAN ('test-table_04.R:44:3')"/>
    </testcase>
  </testsuite>
  <testsuite name="table_05" timestamp="2023-11-02T14:38:14Z" hostname="3f01321cc85b" tests="12" skipped="4" failures="0" errors="0" time="1.273">
    <testcase time="0.154" classname="table_05" name="Table_05_generation_works_with_default_values"/>
    <testcase time="0.193000000000001" classname="table_05" name="Table_05_generation_works_with_default_values"/>
    <testcase time="0.070999999999998" classname="table_05" name="Table_05_generation_works_with_default_values">
      <skipped message="Reason: On CRAN ('test-table_05.R:10:3')"/>
    </testcase>
    <testcase time="0.0169999999999995" classname="table_05" name="Table_05_generation_works_with_custom_values"/>
    <testcase time="0.205000000000002" classname="table_05" name="Table_05_generation_works_with_custom_values"/>
    <testcase time="0.0730000000000004" classname="table_05" name="Table_05_generation_works_with_custom_values">
      <skipped message="Reason: On CRAN ('test-table_05.R:34:3')"/>
    </testcase>
    <testcase time="0.0189999999999984" classname="table_05" name="Table_05_generation_works_with_NA_values_pruned_rows"/>
    <testcase time="0.172000000000001" classname="table_05" name="Table_05_generation_works_with_NA_values_pruned_rows"/>
    <testcase time="0.0629999999999988" classname="table_05" name="Table_05_generation_works_with_NA_values_pruned_rows">
      <skipped message="Reason: On CRAN ('test-table_05.R:44:3')"/>
    </testcase>
    <testcase time="0.0240000000000009" classname="table_05" name="Table_05_generation_works_with_risk_difference_column"/>
    <testcase time="0.212" classname="table_05" name="Table_05_generation_works_with_risk_difference_column"/>
    <testcase time="0.0700000000000003" classname="table_05" name="Table_05_generation_works_with_risk_difference_column">
      <skipped message="Reason: On CRAN ('test-table_05.R:57:3')"/>
    </testcase>
  </testsuite>
  <testsuite name="table_06" timestamp="2023-11-02T14:38:15Z" hostname="3f01321cc85b" tests="15" skipped="3" failures="0" errors="0" time="1.95">
    <testcase time="0.0229999999999997" classname="table_06" name="Table_06_generation_works_with_default_values"/>
    <testcase time="0.00100000000000122" classname="table_06" name="Table_06_generation_works_with_default_values"/>
    <testcase time="0.0489999999999995" classname="table_06" name="Table_06_generation_works_with_default_values"/>
    <testcase time="0.391000000000002" classname="table_06" name="Table_06_generation_works_with_default_values"/>
    <testcase time="0.108999999999998" classname="table_06" name="Table_06_generation_works_with_default_values">
      <skipped message="Reason: On CRAN ('test-table_06.R:8:3')"/>
    </testcase>
    <testcase time="0.0169999999999995" classname="table_06" name="Table_06_generation_works_with_custom_values"/>
    <testcase time="0.00200000000000244" classname="table_06" name="Table_06_generation_works_with_custom_values"/>
    <testcase time="0.0459999999999994" classname="table_06" name="Table_06_generation_works_with_custom_values"/>
    <testcase time="0.526999999999997" classname="table_06" name="Table_06_generation_works_with_custom_values"/>
    <testcase time="0.121000000000002" classname="table_06" name="Table_06_generation_works_with_custom_values">
      <skipped message="Reason: On CRAN ('test-table_06.R:40:3')"/>
    </testcase>
    <testcase time="0.0169999999999995" classname="table_06" name="Table_06_generation_works_with_risk_difference_column"/>
    <testcase time="0.00199999999999889" classname="table_06" name="Table_06_generation_works_with_risk_difference_column"/>
    <testcase time="0.0450000000000017" classname="table_06" name="Table_06_generation_works_with_risk_difference_column"/>
    <testcase time="0.506999999999998" classname="table_06" name="Table_06_generation_works_with_risk_difference_column"/>
    <testcase time="0.093" classname="table_06" name="Table_06_generation_works_with_risk_difference_column">
      <skipped message="Reason: On CRAN ('test-table_06.R:48:3')"/>
    </testcase>
  </testsuite>
  <testsuite name="table_07" timestamp="2023-11-02T14:38:17Z" hostname="3f01321cc85b" tests="24" skipped="4" failures="0" errors="0" time="2.07">
    <testcase time="0.0259999999999998" classname="table_07" name="Table_07_generation_works_with_default_values"/>
    <testcase time="0.00200000000000244" classname="table_07" name="Table_07_generation_works_with_default_values"/>
    <testcase time="0.000999999999997669" classname="table_07" name="Table_07_generation_works_with_default_values"/>
    <testcase time="0.032" classname="table_07" name="Table_07_generation_works_with_default_values"/>
    <testcase time="0.300000000000001" classname="table_07" name="Table_07_generation_works_with_default_values"/>
    <testcase time="0.109999999999999" classname="table_07" name="Table_07_generation_works_with_default_values">
      <skipped message="Reason: On CRAN ('test-table_07.R:13:3')"/>
    </testcase>
    <testcase time="0.017000000000003" classname="table_07" name="Table_07_generation_works_with_custom_values"/>
    <testcase time="0.00199999999999889" classname="table_07" name="Table_07_generation_works_with_custom_values"/>
    <testcase time="0.00199999999999889" classname="table_07" name="Table_07_generation_works_with_custom_values"/>
    <testcase time="0.032" classname="table_07" name="Table_07_generation_works_with_custom_values"/>
    <testcase time="0.411999999999999" classname="table_07" name="Table_07_generation_works_with_custom_values"/>
    <testcase time="0.132999999999999" classname="table_07" name="Table_07_generation_works_with_custom_values">
      <skipped message="Reason: On CRAN ('test-table_07.R:42:3')"/>
    </testcase>
    <testcase time="0.0180000000000007" classname="table_07" name="Table_07_generation_works_with_NA_values_pruned_rows"/>
    <testcase time="0.00100000000000122" classname="table_07" name="Table_07_generation_works_with_NA_values_pruned_rows"/>
    <testcase time="0.00199999999999889" classname="table_07" name="Table_07_generation_works_with_NA_values_pruned_rows"/>
    <testcase time="0.0309999999999988" classname="table_07" name="Table_07_generation_works_with_NA_values_pruned_rows"/>
    <testcase time="0.296000000000003" classname="table_07" name="Table_07_generation_works_with_NA_values_pruned_rows"/>
    <testcase time="0.109999999999999" classname="table_07" name="Table_07_generation_works_with_NA_values_pruned_rows">
      <skipped message="Reason: On CRAN ('test-table_07.R:52:3')"/>
    </testcase>
    <testcase time="0.0180000000000007" classname="table_07" name="Table_07_generation_works_with_risk_difference_column"/>
    <testcase time="0.000999999999997669" classname="table_07" name="Table_07_generation_works_with_risk_difference_column"/>
    <testcase time="0.00200000000000244" classname="table_07" name="Table_07_generation_works_with_risk_difference_column"/>
    <testcase time="0.0399999999999991" classname="table_07" name="Table_07_generation_works_with_risk_difference_column"/>
    <testcase time="0.367999999999999" classname="table_07" name="Table_07_generation_works_with_risk_difference_column"/>
    <testcase time="0.114000000000001" classname="table_07" name="Table_07_generation_works_with_risk_difference_column">
      <skipped message="Reason: On CRAN ('test-table_07.R:65:3')"/>
    </testcase>
  </testsuite>
  <testsuite name="table_08" timestamp="2023-11-02T14:38:19Z" hostname="3f01321cc85b" tests="8" skipped="2" failures="0" errors="0" time="0.389">
    <testcase time="0.0229999999999997" classname="table_08" name="Table_08_generation_works_with_default_values"/>
    <testcase time="0.00100000000000122" classname="table_08" name="Table_08_generation_works_with_default_values"/>
    <testcase time="0.0529999999999973" classname="table_08" name="Table_08_generation_works_with_default_values"/>
    <testcase time="0.106000000000002" classname="table_08" name="Table_08_generation_works_with_default_values">
      <skipped message="Reason: On CRAN ('test-table_08.R:10:3')"/>
    </testcase>
    <testcase time="0.0180000000000007" classname="table_08" name="Table_08_generation_works_with_custom_values"/>
    <testcase time="0.00199999999999889" classname="table_08" name="Table_08_generation_works_with_custom_values"/>
    <testcase time="0.0450000000000017" classname="table_08" name="Table_08_generation_works_with_custom_values"/>
    <testcase time="0.140999999999998" classname="table_08" name="Table_08_generation_works_with_custom_values">
      <skipped message="Reason: On CRAN ('test-table_08.R:31:3')"/>
    </testcase>
  </testsuite>
  <testsuite name="table_09" timestamp="2023-11-02T14:38:19Z" hostname="3f01321cc85b" tests="12" skipped="3" failures="0" errors="0" time="1.364">
    <testcase time="0.0350000000000001" classname="table_09" name="Table_09_generation_works_with_default_values"/>
    <testcase time="0.0410000000000004" classname="table_09" name="Table_09_generation_works_with_default_values"/>
    <testcase time="0.282" classname="table_09" name="Table_09_generation_works_with_default_values"/>
    <testcase time="0.0569999999999986" classname="table_09" name="Table_09_generation_works_with_default_values">
      <skipped message="Reason: On CRAN ('test-table_09.R:8:3')"/>
    </testcase>
    <testcase time="0.017000000000003" classname="table_09" name="Table_09_generation_works_with_custom_values"/>
    <testcase time="0.0449999999999982" classname="table_09" name="Table_09_generation_works_with_custom_values"/>
    <testcase time="0.341000000000001" classname="table_09" name="Table_09_generation_works_with_custom_values"/>
    <testcase time="0.0739999999999981" classname="table_09" name="Table_09_generation_works_with_custom_values">
      <skipped message="Reason: On CRAN ('test-table_09.R:39:3')"/>
    </testcase>
    <testcase time="0.0169999999999995" classname="table_09" name="Table_09_generation_works_with_risk_difference_column"/>
    <testcase time="0.0330000000000013" classname="table_09" name="Table_09_generation_works_with_risk_difference_column"/>
    <testcase time="0.359000000000002" classname="table_09" name="Table_09_generation_works_with_risk_difference_column"/>
    <testcase time="0.0629999999999988" classname="table_09" name="Table_09_generation_works_with_risk_difference_column">
      <skipped message="Reason: On CRAN ('test-table_09.R:47:3')"/>
    </testcase>
  </testsuite>
  <testsuite name="table_10" timestamp="2023-11-02T14:38:21Z" hostname="3f01321cc85b" tests="15" skipped="3" failures="0" errors="0" time="1.528">
    <testcase time="0.0279999999999987" classname="table_10" name="Table_10_generation_works_with_default_values"/>
    <testcase time="0.00100000000000122" classname="table_10" name="Table_10_generation_works_with_default_values"/>
    <testcase time="0.0339999999999989" classname="table_10" name="Table_10_generation_works_with_default_values"/>
    <testcase time="0.343" classname="table_10" name="Table_10_generation_works_with_default_values"/>
    <testcase time="0.112000000000002" classname="table_10" name="Table_10_generation_works_with_default_values">
      <skipped message="Reason: On CRAN ('test-table_10.R:17:3')"/>
    </testcase>
    <testcase time="0.0180000000000007" classname="table_10" name="Table_10_generation_works_with_custom_values"/>
    <testcase time="0.000999999999997669" classname="table_10" name="Table_10_generation_works_with_custom_values"/>
    <testcase time="0.0289999999999999" classname="table_10" name="Table_10_generation_works_with_custom_values"/>
    <testcase time="0.324999999999999" classname="table_10" name="Table_10_generation_works_with_custom_values"/>
    <testcase time="0.049000000000003" classname="table_10" name="Table_10_generation_works_with_custom_values">
      <skipped message="Reason: On CRAN ('test-table_10.R:52:3')"/>
    </testcase>
    <testcase time="0.0179999999999971" classname="table_10" name="Table_10_generation_works_with_risk_difference_column"/>
    <testcase time="0.00100000000000122" classname="table_10" name="Table_10_generation_works_with_risk_difference_column"/>
    <testcase time="0.0339999999999989" classname="table_10" name="Table_10_generation_works_with_risk_difference_column"/>
    <testcase time="0.420000000000002" classname="table_10" name="Table_10_generation_works_with_risk_difference_column"/>
    <testcase time="0.114999999999998" classname="table_10" name="Table_10_generation_works_with_risk_difference_column">
      <skipped message="Reason: On CRAN ('test-table_10.R:60:3')"/>
    </testcase>
  </testsuite>
  <testsuite name="table_11" timestamp="2023-11-02T14:38:22Z" hostname="3f01321cc85b" tests="12" skipped="3" failures="0" errors="0" time="2.35">
    <testcase time="0.027000000000001" classname="table_11" name="Table_11_generation_works_with_default_values"/>
    <testcase time="0.0480000000000018" classname="table_11" name="Table_11_generation_works_with_default_values"/>
    <testcase time="0.562999999999999" classname="table_11" name="Table_11_generation_works_with_default_values"/>
    <testcase time="0.113" classname="table_11" name="Table_11_generation_works_with_default_values">
      <skipped message="Reason: On CRAN ('test-table_11.R:18:3')"/>
    </testcase>
    <testcase time="0.0180000000000007" classname="table_11" name="Table_11_generation_works_with_custom_values"/>
    <testcase time="0.0449999999999982" classname="table_11" name="Table_11_generation_works_with_custom_values"/>
    <testcase time="0.535" classname="table_11" name="Table_11_generation_works_with_custom_values"/>
    <testcase time="0.0690000000000026" classname="table_11" name="Table_11_generation_works_with_custom_values">
      <skipped message="Reason: On CRAN ('test-table_11.R:48:3')"/>
    </testcase>
    <testcase time="0.0169999999999995" classname="table_11" name="Table_11_generation_works_with_risk_difference_column"/>
    <testcase time="0.0410000000000004" classname="table_11" name="Table_11_generation_works_with_risk_difference_column"/>
    <testcase time="0.728999999999999" classname="table_11" name="Table_11_generation_works_with_risk_difference_column"/>
    <testcase time="0.145" classname="table_11" name="Table_11_generation_works_with_risk_difference_column">
      <skipped message="Reason: On CRAN ('test-table_11.R:56:3')"/>
    </testcase>
  </testsuite>
  <testsuite name="table_12" timestamp="2023-11-02T14:38:24Z" hostname="3f01321cc85b" tests="12" skipped="3" failures="0" errors="0" time="3.109">
    <testcase time="0.0229999999999997" classname="table_12" name="Table_12_generation_works_with_default_values"/>
    <testcase time="0.0420000000000016" classname="table_12" name="Table_12_generation_works_with_default_values"/>
    <testcase time="0.741999999999997" classname="table_12" name="Table_12_generation_works_with_default_values"/>
    <testcase time="0.106000000000002" classname="table_12" name="Table_12_generation_works_with_default_values">
      <skipped message="Reason: On CRAN ('test-table_12.R:9:3')"/>
    </testcase>
    <testcase time="0.0169999999999995" classname="table_12" name="Table_12_generation_works_with_custom_values"/>
    <testcase time="0.0429999999999993" classname="table_12" name="Table_12_generation_works_with_custom_values"/>
    <testcase time="0.737000000000002" classname="table_12" name="Table_12_generation_works_with_custom_values"/>
    <testcase time="0.105" classname="table_12" name="Table_12_generation_works_with_custom_values">
      <skipped message="Reason: On CRAN ('test-table_12.R:39:3')"/>
    </testcase>
    <testcase time="0.0189999999999984" classname="table_12" name="Table_12_generation_works_with_risk_difference_column"/>
    <testcase time="0.0429999999999993" classname="table_12" name="Table_12_generation_works_with_risk_difference_column"/>
    <testcase time="1.124" classname="table_12" name="Table_12_generation_works_with_risk_difference_column"/>
    <testcase time="0.108000000000004" classname="table_12" name="Table_12_generation_works_with_risk_difference_column">
      <skipped message="Reason: On CRAN ('test-table_12.R:47:3')"/>
    </testcase>
  </testsuite>
  <testsuite name="table_13" timestamp="2023-11-02T14:38:27Z" hostname="3f01321cc85b" tests="12" skipped="3" failures="0" errors="0" time="0.704">
    <testcase time="0.0219999999999985" classname="table_13" name="Table_13_generation_works_with_default_values"/>
    <testcase time="0.0399999999999991" classname="table_13" name="Table_13_generation_works_with_default_values"/>
    <testcase time="0.105000000000004" classname="table_13" name="Table_13_generation_works_with_default_values"/>
    <testcase time="0.0619999999999976" classname="table_13" name="Table_13_generation_works_with_default_values">
      <skipped message="Reason: On CRAN ('test-table_13.R:8:3')"/>
    </testcase>
    <testcase time="0.0169999999999959" classname="table_13" name="Table_13_generation_works_with_custom_values"/>
    <testcase time="0.0400000000000063" classname="table_13" name="Table_13_generation_works_with_custom_values"/>
    <testcase time="0.126999999999995" classname="table_13" name="Table_13_generation_works_with_custom_values"/>
    <testcase time="0.0410000000000039" classname="table_13" name="Table_13_generation_works_with_custom_values">
      <skipped message="Reason: On CRAN ('test-table_13.R:38:3')"/>
    </testcase>
    <testcase time="0.017000000000003" classname="table_13" name="Table_13_generation_works_with_risk_difference_column"/>
    <testcase time="0.0409999999999968" classname="table_13" name="Table_13_generation_works_with_risk_difference_column"/>
    <testcase time="0.128999999999998" classname="table_13" name="Table_13_generation_works_with_risk_difference_column"/>
    <testcase time="0.0630000000000024" classname="table_13" name="Table_13_generation_works_with_risk_difference_column">
      <skipped message="Reason: On CRAN ('test-table_13.R:46:3')"/>
    </testcase>
  </testsuite>
  <testsuite name="table_14" timestamp="2023-11-02T14:38:28Z" hostname="3f01321cc85b" tests="13" skipped="4" failures="0" errors="0" time="2.843">
    <testcase time="0.0309999999999988" classname="table_14" name="Table_14_generation_works_with_default_values"/>
    <testcase time="0.512" classname="table_14" name="Table_14_generation_works_with_default_values"/>
    <testcase time="0.125999999999998" classname="table_14" name="Table_14_generation_works_with_default_values">
      <skipped message="Reason: On CRAN ('test-table_14.R:16:3')"/>
    </testcase>
    <testcase time="0.0180000000000007" classname="table_14" name="Table_14_generation_works_with_custom_values"/>
    <testcase time="0.0399999999999991" classname="table_14" name="Table_14_generation_works_with_custom_values"/>
    <testcase time="0.542000000000002" classname="table_14" name="Table_14_generation_works_with_custom_values"/>
    <testcase time="0.120000000000005" classname="table_14" name="Table_14_generation_works_with_custom_values">
      <skipped message="Reason: On CRAN ('test-table_14.R:46:3')"/>
    </testcase>
    <testcase time="0.0169999999999959" classname="table_14" name="Table_14_generation_works_with_NA_values_pruned_rows"/>
    <testcase time="0.514000000000003" classname="table_14" name="Table_14_generation_works_with_NA_values_pruned_rows"/>
    <testcase time="0.100999999999999" classname="table_14" name="Table_14_generation_works_with_NA_values_pruned_rows">
      <skipped message="Reason: On CRAN ('test-table_14.R:53:3')"/>
    </testcase>
    <testcase time="0.0180000000000007" classname="table_14" name="Table_14_generation_works_with_risk_difference_column"/>
    <testcase time="0.662999999999997" classname="table_14" name="Table_14_generation_works_with_risk_difference_column"/>
    <testcase time="0.140999999999998" classname="table_14" name="Table_14_generation_works_with_risk_difference_column">
      <skipped message="Reason: On CRAN ('test-table_14.R:61:3')"/>
    </testcase>
  </testsuite>
  <testsuite name="table_20" timestamp="2023-11-02T14:38:31Z" hostname="3f01321cc85b" tests="24" skipped="4" failures="0" errors="0" time="2.403">
    <testcase time="0.0310000000000059" classname="table_20" name="Table_20_generation_works_with_default_values"/>
    <testcase time="0.000999999999997669" classname="table_20" name="Table_20_generation_works_with_default_values"/>
    <testcase time="0.00200000000000244" classname="table_20" name="Table_20_generation_works_with_default_values"/>
    <testcase time="0.0349999999999966" classname="table_20" name="Table_20_generation_works_with_default_values"/>
    <testcase time="0.395000000000003" classname="table_20" name="Table_20_generation_works_with_default_values"/>
    <testcase time="0.0749999999999957" classname="table_20" name="Table_20_generation_works_with_default_values">
      <skipped message="Reason: On CRAN ('test-table_20.R:17:3')"/>
    </testcase>
    <testcase time="0.0180000000000007" classname="table_20" name="Table_20_generation_works_with_custom_values"/>
    <testcase time="0.00100000000000477" classname="table_20" name="Table_20_generation_works_with_custom_values"/>
    <testcase time="0.00199999999999534" classname="table_20" name="Table_20_generation_works_with_custom_values"/>
    <testcase time="0.0360000000000014" classname="table_20" name="Table_20_generation_works_with_custom_values"/>
    <testcase time="0.557000000000002" classname="table_20" name="Table_20_generation_works_with_custom_values"/>
    <testcase time="0.101999999999997" classname="table_20" name="Table_20_generation_works_with_custom_values">
      <skipped message="Reason: On CRAN ('test-table_20.R:65:3')"/>
    </testcase>
    <testcase time="0.0180000000000007" classname="table_20" name="Table_20_generation_works_with_missing_values_pruned_rows"/>
    <testcase time="0.000999999999997669" classname="table_20" name="Table_20_generation_works_with_missing_values_pruned_rows"/>
    <testcase time="0.00200000000000244" classname="table_20" name="Table_20_generation_works_with_missing_values_pruned_rows"/>
    <testcase time="0.0360000000000014" classname="table_20" name="Table_20_generation_works_with_missing_values_pruned_rows"/>
    <testcase time="0.372999999999998" classname="table_20" name="Table_20_generation_works_with_missing_values_pruned_rows"/>
    <testcase time="0.0790000000000006" classname="table_20" name="Table_20_generation_works_with_missing_values_pruned_rows">
      <skipped message="Reason: On CRAN ('test-table_20.R:74:3')"/>
    </testcase>
    <testcase time="0.017000000000003" classname="table_20" name="Table_20_generation_works_with_risk_difference_column"/>
    <testcase time="0.00199999999999534" classname="table_20" name="Table_20_generation_works_with_risk_difference_column"/>
    <testcase time="0.00200000000000244" classname="table_20" name="Table_20_generation_works_with_risk_difference_column"/>
    <testcase time="0.0360000000000014" classname="table_20" name="Table_20_generation_works_with_risk_difference_column"/>
    <testcase time="0.497" classname="table_20" name="Table_20_generation_works_with_risk_difference_column"/>
    <testcase time="0.0850000000000009" classname="table_20" name="Table_20_generation_works_with_risk_difference_column">
      <skipped message="Reason: On CRAN ('test-table_20.R:82:3')"/>
    </testcase>
  </testsuite>
  <testsuite name="table_21" timestamp="2023-11-02T14:38:33Z" hostname="3f01321cc85b" tests="19" skipped="4" failures="0" errors="0" time="2.371">
    <testcase time="0.0769999999999982" classname="table_21" name="Table_21_generation_works_with_default_values"/>
    <testcase time="0.00200000000000244" classname="table_21" name="Table_21_generation_works_with_default_values"/>
    <testcase time="0.538999999999994" classname="table_21" name="Table_21_generation_works_with_default_values"/>
    <testcase time="0.0960000000000036" classname="table_21" name="Table_21_generation_works_with_default_values">
      <skipped message="Reason: On CRAN ('test-table_21.R:22:3')"/>
    </testcase>
    <testcase time="0.0180000000000007" classname="table_21" name="Table_21_generation_works_with_custom_values_N_s_denominator_and_overall_column"/>
    <testcase time="0.000999999999997669" classname="table_21" name="Table_21_generation_works_with_custom_values_N_s_denominator_and_overall_column"/>
    <testcase time="0.0690000000000026" classname="table_21" name="Table_21_generation_works_with_custom_values_N_s_denominator_and_overall_column"/>
    <testcase time="0.658999999999999" classname="table_21" name="Table_21_generation_works_with_custom_values_N_s_denominator_and_overall_column"/>
    <testcase time="0.097999999999999" classname="table_21" name="Table_21_generation_works_with_custom_values_N_s_denominator_and_overall_column">
      <skipped message="Reason: On CRAN ('test-table_21.R:34:3')"/>
    </testcase>
    <testcase time="0.0180000000000007" classname="table_21" name="Table_21_generation_works_with_custom_values_N_col_denominator_and_no_overall_column"/>
    <testcase time="0.000999999999997669" classname="table_21" name="Table_21_generation_works_with_custom_values_N_col_denominator_and_no_overall_column"/>
    <testcase time="0.0420000000000016" classname="table_21" name="Table_21_generation_works_with_custom_values_N_col_denominator_and_no_overall_column"/>
    <testcase time="0.284000000000006" classname="table_21" name="Table_21_generation_works_with_custom_values_N_col_denominator_and_no_overall_column"/>
    <testcase time="0.0819999999999936" classname="table_21" name="Table_21_generation_works_with_custom_values_N_col_denominator_and_no_overall_column">
      <skipped message="Reason: On CRAN ('test-table_21.R:62:3')"/>
    </testcase>
    <testcase time="0.0640000000000001" classname="table_21" name="Table_21_generation_works_with_some_NA_values"/>
    <testcase time="0.00200000000000244" classname="table_21" name="Table_21_generation_works_with_some_NA_values"/>
    <testcase time="0.0420000000000016" classname="table_21" name="Table_21_generation_works_with_some_NA_values"/>
    <testcase time="0.217999999999996" classname="table_21" name="Table_21_generation_works_with_some_NA_values"/>
    <testcase time="0.0590000000000046" classname="table_21" name="Table_21_generation_works_with_some_NA_values">
      <skipped message="Reason: On CRAN ('test-table_21.R:82:3')"/>
    </testcase>
  </testsuite>
  <testsuite name="table_32" timestamp="2023-11-02T14:38:36Z" hostname="3f01321cc85b" tests="16" skipped="4" failures="0" errors="0" time="0.945">
    <testcase time="0.0229999999999961" classname="table_32" name="Table_32_generation_works_with_default_values"/>
    <testcase time="0.044000000000004" classname="table_32" name="Table_32_generation_works_with_default_values"/>
    <testcase time="0.117999999999995" classname="table_32" name="Table_32_generation_works_with_default_values"/>
    <testcase time="0.0410000000000039" classname="table_32" name="Table_32_generation_works_with_default_values">
      <skipped message="Reason: On CRAN ('test-table_32.R:8:3')"/>
    </testcase>
    <testcase time="0.0169999999999959" classname="table_32" name="Table_32_generation_works_with_custom_values"/>
    <testcase time="0.044000000000004" classname="table_32" name="Table_32_generation_works_with_custom_values"/>
    <testcase time="0.140000000000001" classname="table_32" name="Table_32_generation_works_with_custom_values"/>
    <testcase time="0.0480000000000018" classname="table_32" name="Table_32_generation_works_with_custom_values">
      <skipped message="Reason: On CRAN ('test-table_32.R:30:3')"/>
    </testcase>
    <testcase time="0.0179999999999936" classname="table_32" name="Table_32_generation_works_with_pruned_rows"/>
    <testcase time="0.054000000000002" classname="table_32" name="Table_32_generation_works_with_pruned_rows"/>
    <testcase time="0.106000000000002" classname="table_32" name="Table_32_generation_works_with_pruned_rows"/>
    <testcase time="0.0300000000000011" classname="table_32" name="Table_32_generation_works_with_pruned_rows">
      <skipped message="Reason: On CRAN ('test-table_32.R:37:3')"/>
    </testcase>
    <testcase time="0.0180000000000007" classname="table_32" name="Table_32_generation_works_with_risk_difference_column"/>
    <testcase time="0.0539999999999949" classname="table_32" name="Table_32_generation_works_with_risk_difference_column"/>
    <testcase time="0.135000000000005" classname="table_32" name="Table_32_generation_works_with_risk_difference_column"/>
    <testcase time="0.0549999999999997" classname="table_32" name="Table_32_generation_works_with_risk_difference_column">
      <skipped message="Reason: On CRAN ('test-table_32.R:45:3')"/>
    </testcase>
  </testsuite>
  <testsuite name="table_33" timestamp="2023-11-02T14:38:37Z" hostname="3f01321cc85b" tests="16" skipped="4" failures="0" errors="0" time="1.513">
    <testcase time="0.0229999999999961" classname="table_33" name="Table_33_generation_works_with_default_values"/>
    <testcase time="0.219000000000001" classname="table_33" name="Table_33_generation_works_with_default_values"/>
    <testcase time="0.088000000000001" classname="table_33" name="Table_33_generation_works_with_default_values"/>
    <testcase time="0.0379999999999967" classname="table_33" name="Table_33_generation_works_with_default_values">
      <skipped message="Reason: On CRAN ('test-table_33.R:8:3')"/>
    </testcase>
    <testcase time="0.0210000000000008" classname="table_33" name="Table_33_generation_works_with_custom_values"/>
    <testcase time="0.219999999999999" classname="table_33" name="Table_33_generation_works_with_custom_values"/>
    <testcase time="0.107000000000006" classname="table_33" name="Table_33_generation_works_with_custom_values"/>
    <testcase time="0.046999999999997" classname="table_33" name="Table_33_generation_works_with_custom_values">
      <skipped message="Reason: On CRAN ('test-table_33.R:34:3')"/>
    </testcase>
    <testcase time="0.0180000000000007" classname="table_33" name="Table_33_generation_works_with_pruned_rows"/>
    <testcase time="0.216000000000001" classname="table_33" name="Table_33_generation_works_with_pruned_rows"/>
    <testcase time="0.0869999999999962" classname="table_33" name="Table_33_generation_works_with_pruned_rows"/>
    <testcase time="0.0380000000000038" classname="table_33" name="Table_33_generation_works_with_pruned_rows">
      <skipped message="Reason: On CRAN ('test-table_33.R:42:3')"/>
    </testcase>
    <testcase time="0.0180000000000007" classname="table_33" name="Table_33_generation_works_with_risk_difference_column"/>
    <testcase time="0.215999999999994" classname="table_33" name="Table_33_generation_works_with_risk_difference_column"/>
    <testcase time="0.122" classname="table_33" name="Table_33_generation_works_with_risk_difference_column"/>
    <testcase time="0.0350000000000037" classname="table_33" name="Table_33_generation_works_with_risk_difference_column">
      <skipped message="Reason: On CRAN ('test-table_33.R:50:3')"/>
    </testcase>
  </testsuite>
  <testsuite name="table_34" timestamp="2023-11-02T14:38:38Z" hostname="3f01321cc85b" tests="12" skipped="3" failures="0" errors="0" time="5.589">
    <testcase time="0.027000000000001" classname="table_34" name="Table_34_generation_works_with_default_values"/>
    <testcase time="0.0339999999999989" classname="table_34" name="Table_34_generation_works_with_default_values"/>
    <testcase time="1.543" classname="table_34" name="Table_34_generation_works_with_default_values"/>
    <testcase time="0.188000000000002" classname="table_34" name="Table_34_generation_works_with_default_values">
      <skipped message="Reason: On CRAN ('test-table_34.R:17:3')"/>
    </testcase>
    <testcase time="0.027000000000001" classname="table_34" name="Table_34_generation_works_with_custom_values"/>
    <testcase time="0.0329999999999941" classname="table_34" name="Table_34_generation_works_with_custom_values"/>
    <testcase time="1.506" classname="table_34" name="Table_34_generation_works_with_custom_values"/>
    <testcase time="0.0690000000000026" classname="table_34" name="Table_34_generation_works_with_custom_values">
      <skipped message="Reason: On CRAN ('test-table_34.R:49:3')"/>
    </testcase>
    <testcase time="0.0189999999999984" classname="table_34" name="Table_34_generation_works_with_risk_difference_column"/>
    <testcase time="0.044000000000004" classname="table_34" name="Table_34_generation_works_with_risk_difference_column"/>
    <testcase time="1.887" classname="table_34" name="Table_34_generation_works_with_risk_difference_column"/>
    <testcase time="0.211999999999996" classname="table_34" name="Table_34_generation_works_with_risk_difference_column">
      <skipped message="Reason: On CRAN ('test-table_34.R:57:3')"/>
    </testcase>
  </testsuite>
</testsuites>
