<?xml version="1.0" encoding="UTF-8"?>
<testsuites>
  <testsuite name="fda-fig_01" timestamp="2025-08-28T21:38:30Z" hostname="b6c9f5509236" tests="8" skipped="4" failures="0" errors="0" time="1.567">
    <testcase time="0.0350000000000001" classname="fda_fig_01" name="Figure_01_generation_works_with_default_values"/>
    <testcase time="0.526" classname="fda_fig_01" name="Figure_01_generation_works_with_default_values">
      <skipped message="Reason: On CI ('test-fda-fig_01.R:12:3')"/>
    </testcase>
    <testcase time="0.0339999999999998" classname="fda_fig_01" name="Figure_01_generation_works_with_no_table"/>
    <testcase time="0.04" classname="fda_fig_01" name="Figure_01_generation_works_with_no_table">
      <skipped message="Reason: On CI ('test-fda-fig_01.R:21:3')"/>
    </testcase>
    <testcase time="0.0270000000000001" classname="fda_fig_01" name="Figure_01_generation_works_with_custom_values"/>
    <testcase time="0.506" classname="fda_fig_01" name="Figure_01_generation_works_with_custom_values">
      <skipped message="Reason: On CI ('test-fda-fig_01.R:37:3')"/>
    </testcase>
    <testcase time="0.0140000000000002" classname="fda_fig_01" name="Figure_01_generation_works_with_ggtheme_argument_specified"/>
    <testcase time="0.385" classname="fda_fig_01" name="Figure_01_generation_works_with_ggtheme_argument_specified">
      <skipped message="Reason: On CI ('test-fda-fig_01.R:49:3')"/>
    </testcase>
  </testsuite>
  <testsuite name="fda-fig_02" timestamp="2025-08-28T21:38:31Z" hostname="b6c9f5509236" tests="8" skipped="4" failures="0" errors="0" time="1.236">
    <testcase time="0.0230000000000001" classname="fda_fig_02" name="Figure_02_generation_works_with_default_values"/>
    <testcase time="0.361" classname="fda_fig_02" name="Figure_02_generation_works_with_default_values">
      <skipped message="Reason: On CI ('test-fda-fig_02.R:11:3')"/>
    </testcase>
    <testcase time="0.0179999999999998" classname="fda_fig_02" name="Figure_02_generation_works_with_no_table"/>
    <testcase time="0.0279999999999996" classname="fda_fig_02" name="Figure_02_generation_works_with_no_table">
      <skipped message="Reason: On CI ('test-fda-fig_02.R:20:3')"/>
    </testcase>
    <testcase time="0.0130000000000008" classname="fda_fig_02" name="Figure_02_generation_works_with_custom_values"/>
    <testcase time="0.406" classname="fda_fig_02" name="Figure_02_generation_works_with_custom_values">
      <skipped message="Reason: On CI ('test-fda-fig_02.R:36:3')"/>
    </testcase>
    <testcase time="0.0140000000000002" classname="fda_fig_02" name="Figure_02_generation_works_with_ggtheme_argument_specified"/>
    <testcase time="0.372999999999999" classname="fda_fig_02" name="Figure_02_generation_works_with_ggtheme_argument_specified">
      <skipped message="Reason: On CI ('test-fda-fig_02.R:48:3')"/>
    </testcase>
  </testsuite>
  <testsuite name="fda-fig_03" timestamp="2025-08-28T21:38:32Z" hostname="b6c9f5509236" tests="8" skipped="4" failures="0" errors="0" time="2.146">
    <testcase time="0.0270000000000001" classname="fda_fig_03" name="Figure_03_generation_works_with_default_values"/>
    <testcase time="0.655" classname="fda_fig_03" name="Figure_03_generation_works_with_default_values">
      <skipped message="Reason: On CI ('test-fda-fig_03.R:9:3')"/>
    </testcase>
    <testcase time="0.0140000000000002" classname="fda_fig_03" name="Figure_03_generation_works_with_no_table"/>
    <testcase time="0.0789999999999997" classname="fda_fig_03" name="Figure_03_generation_works_with_no_table">
      <skipped message="Reason: On CI ('test-fda-fig_03.R:18:3')"/>
    </testcase>
    <testcase time="0.0140000000000002" classname="fda_fig_03" name="Figure_03_generation_works_with_custom_values"/>
    <testcase time="0.738" classname="fda_fig_03" name="Figure_03_generation_works_with_custom_values">
      <skipped message="Reason: On CI ('test-fda-fig_03.R:35:3')"/>
    </testcase>
    <testcase time="0.0140000000000002" classname="fda_fig_03" name="Figure_03_generation_works_with_ggtheme_argument_specified"/>
    <testcase time="0.605" classname="fda_fig_03" name="Figure_03_generation_works_with_ggtheme_argument_specified">
      <skipped message="Reason: On CI ('test-fda-fig_03.R:48:3')"/>
    </testcase>
  </testsuite>
  <testsuite name="fda-fig_14" timestamp="2025-08-28T21:38:35Z" hostname="b6c9f5509236" tests="8" skipped="4" failures="0" errors="0" time="2.388">
    <testcase time="0.0169999999999995" classname="fda_fig_14" name="Figure_14_generation_works_with_default_values"/>
    <testcase time="0.738" classname="fda_fig_14" name="Figure_14_generation_works_with_default_values">
      <skipped message="Reason: On CI ('test-fda-fig_14.R:7:3')"/>
    </testcase>
    <testcase time="0.0139999999999993" classname="fda_fig_14" name="Figure_14_generation_works_with_no_table"/>
    <testcase time="0.0500000000000007" classname="fda_fig_14" name="Figure_14_generation_works_with_no_table">
      <skipped message="Reason: On CI ('test-fda-fig_14.R:16:3')"/>
    </testcase>
    <testcase time="0.0199999999999996" classname="fda_fig_14" name="Figure_14_generation_works_with_custom_values"/>
    <testcase time="0.84" classname="fda_fig_14" name="Figure_14_generation_works_with_custom_values">
      <skipped message="Reason: On CI ('test-fda-fig_14.R:40:3')"/>
    </testcase>
    <testcase time="0.0180000000000007" classname="fda_fig_14" name="Figure_14_generation_works_with_ggtheme_argument_specified"/>
    <testcase time="0.690999999999999" classname="fda_fig_14" name="Figure_14_generation_works_with_ggtheme_argument_specified">
      <skipped message="Reason: On CI ('test-fda-fig_14.R:52:3')"/>
    </testcase>
  </testsuite>
  <testsuite name="fda-table_22" timestamp="2025-08-28T21:38:37Z" hostname="b6c9f5509236" tests="8" skipped="4" failures="0" errors="0" time="2.138">
    <testcase time="0.529" classname="fda_table_22" name="Table_22_generation_works_with_default_values"/>
    <testcase time="0.118" classname="fda_table_22" name="Table_22_generation_works_with_default_values">
      <skipped message="Reason: On CRAN ('test-fda-table_22.R:21:3')"/>
    </testcase>
    <testcase time="0.547000000000001" classname="fda_table_22" name="Table_22_generation_works_with_custom_values_N_s_denominator_and_overall_column"/>
    <testcase time="0.202" classname="fda_table_22" name="Table_22_generation_works_with_custom_values_N_s_denominator_and_overall_column">
      <skipped message="Reason: On CRAN ('test-fda-table_22.R:33:3')"/>
    </testcase>
    <testcase time="0.279" classname="fda_table_22" name="Table_22_generation_works_with_custom_values_N_col_denominator_and_no_overall_column"/>
    <testcase time="0.0999999999999996" classname="fda_table_22" name="Table_22_generation_works_with_custom_values_N_col_denominator_and_no_overall_column">
      <skipped message="Reason: On CRAN ('test-fda-table_22.R:61:3')"/>
    </testcase>
    <testcase time="0.282999999999999" classname="fda_table_22" name="Table_22_generation_works_with_some_NA_values"/>
    <testcase time="0.0800000000000001" classname="fda_table_22" name="Table_22_generation_works_with_some_NA_values">
      <skipped message="Reason: On CRAN ('test-fda-table_22.R:81:3')"/>
    </testcase>
  </testsuite>
</testsuites>
