<?xml version="1.0" encoding="UTF-8"?>
<testsuites>
  <testsuite name="table_02" timestamp="2023-11-07T09:00:50Z" hostname="813aa4a3e552" tests="30" skipped="10" failures="0" errors="0" time="11.128">
    <testcase time="0.0619999999999998" classname="table_02" name="Table_02_generation_works_with_default_values"/>
    <testcase time="0.347" classname="table_02" name="Table_02_generation_works_with_default_values"/>
    <testcase time="0.168" classname="table_02" name="Table_02_generation_works_with_default_values">
      <skipped message="Reason: On CRAN ('test-table_02.R:16:3')"/>
    </testcase>
    <testcase time="0.0549999999999997" classname="table_02" name="Table_02_generation_works_with_custom_values"/>
    <testcase time="0.277" classname="table_02" name="Table_02_generation_works_with_custom_values"/>
    <testcase time="0.174" classname="table_02" name="Table_02_generation_works_with_custom_values">
      <skipped message="Reason: On CRAN ('test-table_02.R:45:3')"/>
    </testcase>
    <testcase time="0.0409999999999999" classname="table_02" name="Table_02_generation_works_with_some_NA_values"/>
    <testcase time="0.0750000000000002" classname="table_02" name="Table_02_generation_works_with_some_NA_values"/>
    <testcase time="0.036" classname="table_02" name="Table_02_generation_works_with_some_NA_values">
      <skipped message="Reason: On CRAN ('test-table_02.R:57:3')"/>
    </testcase>
    <testcase time="0.0150000000000001" classname="table_02" name="Table_02_generation_tplyr_works_with_default_values"/>
    <testcase time="1.325" classname="table_02" name="Table_02_generation_tplyr_works_with_default_values"/>
    <testcase time="0.024" classname="table_02" name="Table_02_generation_tplyr_works_with_default_values">
      <skipped message="Reason: On CRAN ('test-table_02.R:66:3')"/>
    </testcase>
    <testcase time="0.0199999999999996" classname="table_02" name="Table_02_generation_tplyr_works_with_tplyr_raw_TRUE"/>
    <testcase time="0.829" classname="table_02" name="Table_02_generation_tplyr_works_with_tplyr_raw_TRUE"/>
    <testcase time="0.0170000000000003" classname="table_02" name="Table_02_generation_tplyr_works_with_tplyr_raw_TRUE">
      <skipped message="Reason: On CRAN ('test-table_02.R:75:3')"/>
    </testcase>
    <testcase time="0.0350000000000001" classname="table_02" name="Table_02_generation_tplyr_works_with_custom_values"/>
    <testcase time="1.237" classname="table_02" name="Table_02_generation_tplyr_works_with_custom_values"/>
    <testcase time="0.0169999999999995" classname="table_02" name="Table_02_generation_tplyr_works_with_custom_values">
      <skipped message="Reason: On CRAN ('test-table_02.R:102:3')"/>
    </testcase>
    <testcase time="0.0310000000000006" classname="table_02" name="Table_02_generation_tplyr_works_with_some_NA_values"/>
    <testcase time="0.494" classname="table_02" name="Table_02_generation_tplyr_works_with_some_NA_values"/>
    <testcase time="0.0149999999999997" classname="table_02" name="Table_02_generation_tplyr_works_with_some_NA_values">
      <skipped message="Reason: On CRAN ('test-table_02.R:119:3')"/>
    </testcase>
    <testcase time="0.0140000000000002" classname="table_02" name="Table_02_generation_gtsum_works_with_default_values"/>
    <testcase time="2.315" classname="table_02" name="Table_02_generation_gtsum_works_with_default_values"/>
    <testcase time="0.00700000000000145" classname="table_02" name="Table_02_generation_gtsum_works_with_default_values">
      <skipped message="Reason: On CRAN ('test-table_02.R:128:3')"/>
    </testcase>
    <testcase time="0.0339999999999989" classname="table_02" name="Table_02_generation_gtsum_works_with_custom_values"/>
    <testcase time="2.581" classname="table_02" name="Table_02_generation_gtsum_works_with_custom_values"/>
    <testcase time="0.00700000000000145" classname="table_02" name="Table_02_generation_gtsum_works_with_custom_values">
      <skipped message="Reason: On CRAN ('test-table_02.R:146:3')"/>
    </testcase>
    <testcase time="0.0269999999999992" classname="table_02" name="Table_02_generation_gtsum_works_with_some_NA_values"/>
    <testcase time="0.843" classname="table_02" name="Table_02_generation_gtsum_works_with_some_NA_values"/>
    <testcase time="0.00600000000000023" classname="table_02" name="Table_02_generation_gtsum_works_with_some_NA_values">
      <skipped message="Reason: On CRAN ('test-table_02.R:160:3')"/>
    </testcase>
  </testsuite>
  <testsuite name="table_03" timestamp="2023-11-07T09:01:01Z" hostname="813aa4a3e552" tests="8" skipped="2" failures="0" errors="0" time="0.604">
    <testcase time="0.0259999999999998" classname="table_03" name="Table_3_generation_works_with_default_values"/>
    <testcase time="0.000999999999999446" classname="table_03" name="Table_3_generation_works_with_default_values"/>
    <testcase time="0.24" classname="table_03" name="Table_3_generation_works_with_default_values"/>
    <testcase time="0.0419999999999998" classname="table_03" name="Table_3_generation_works_with_default_values">
      <skipped message="Reason: On CRAN ('test-table_03.R:21:3')"/>
    </testcase>
    <testcase time="0.0150000000000006" classname="table_03" name="Table_3_generation_works_with_custom_values"/>
    <testcase time="0.000999999999999446" classname="table_03" name="Table_3_generation_works_with_custom_values"/>
    <testcase time="0.221" classname="table_03" name="Table_3_generation_works_with_custom_values"/>
    <testcase time="0.0579999999999998" classname="table_03" name="Table_3_generation_works_with_custom_values">
      <skipped message="Reason: On CRAN ('test-table_03.R:41:3')"/>
    </testcase>
  </testsuite>
  <testsuite name="table_04" timestamp="2023-11-07T09:01:01Z" hostname="813aa4a3e552" tests="9" skipped="2" failures="0" errors="0" time="0.61">
    <testcase time="0.0310000000000006" classname="table_04" name="Table_04_generation_works_with_default_values"/>
    <testcase time="0.208" classname="table_04" name="Table_04_generation_works_with_default_values"/>
    <testcase time="0.0630000000000006" classname="table_04" name="Table_04_generation_works_with_default_values">
      <skipped message="Reason: On CRAN ('test-table_04.R:18:3')"/>
    </testcase>
    <testcase time="0.0199999999999996" classname="table_04" name="Table_04_generation_works_with_custom_values"/>
    <testcase time="0.000999999999999446" classname="table_04" name="Table_04_generation_works_with_custom_values"/>
    <testcase time="0.00100000000000122" classname="table_04" name="Table_04_generation_works_with_custom_values"/>
    <testcase time="0.000999999999999446" classname="table_04" name="Table_04_generation_works_with_custom_values"/>
    <testcase time="0.225999999999999" classname="table_04" name="Table_04_generation_works_with_custom_values"/>
    <testcase time="0.0590000000000011" classname="table_04" name="Table_04_generation_works_with_custom_values">
      <skipped message="Reason: On CRAN ('test-table_04.R:46:3')"/>
    </testcase>
  </testsuite>
  <testsuite name="table_05" timestamp="2023-11-07T09:01:02Z" hostname="813aa4a3e552" tests="12" skipped="4" failures="0" errors="0" time="1.044">
    <testcase time="0.131" classname="table_05" name="Table_05_generation_works_with_default_values"/>
    <testcase time="0.155999999999999" classname="table_05" name="Table_05_generation_works_with_default_values"/>
    <testcase time="0.0530000000000008" classname="table_05" name="Table_05_generation_works_with_default_values">
      <skipped message="Reason: On CRAN ('test-table_05.R:10:3')"/>
    </testcase>
    <testcase time="0.0139999999999993" classname="table_05" name="Table_05_generation_works_with_custom_values"/>
    <testcase time="0.166" classname="table_05" name="Table_05_generation_works_with_custom_values"/>
    <testcase time="0.0679999999999996" classname="table_05" name="Table_05_generation_works_with_custom_values">
      <skipped message="Reason: On CRAN ('test-table_05.R:34:3')"/>
    </testcase>
    <testcase time="0.0150000000000006" classname="table_05" name="Table_05_generation_works_with_NA_values_pruned_rows"/>
    <testcase time="0.138999999999999" classname="table_05" name="Table_05_generation_works_with_NA_values_pruned_rows"/>
    <testcase time="0.0530000000000008" classname="table_05" name="Table_05_generation_works_with_NA_values_pruned_rows">
      <skipped message="Reason: On CRAN ('test-table_05.R:44:3')"/>
    </testcase>
    <testcase time="0.0139999999999993" classname="table_05" name="Table_05_generation_works_with_risk_difference_column"/>
    <testcase time="0.169" classname="table_05" name="Table_05_generation_works_with_risk_difference_column"/>
    <testcase time="0.0659999999999989" classname="table_05" name="Table_05_generation_works_with_risk_difference_column">
      <skipped message="Reason: On CRAN ('test-table_05.R:57:3')"/>
    </testcase>
  </testsuite>
  <testsuite name="table_06" timestamp="2023-11-07T09:01:03Z" hostname="813aa4a3e552" tests="15" skipped="3" failures="0" errors="0" time="1.588">
    <testcase time="0.0170000000000012" classname="table_06" name="Table_06_generation_works_with_default_values"/>
    <testcase time="0.000999999999999446" classname="table_06" name="Table_06_generation_works_with_default_values"/>
    <testcase time="0.0400000000000009" classname="table_06" name="Table_06_generation_works_with_default_values"/>
    <testcase time="0.327999999999999" classname="table_06" name="Table_06_generation_works_with_default_values"/>
    <testcase time="0.0689999999999991" classname="table_06" name="Table_06_generation_works_with_default_values">
      <skipped message="Reason: On CRAN ('test-table_06.R:8:3')"/>
    </testcase>
    <testcase time="0.0370000000000026" classname="table_06" name="Table_06_generation_works_with_custom_values"/>
    <testcase time="0.00199999999999889" classname="table_06" name="Table_06_generation_works_with_custom_values"/>
    <testcase time="0.0359999999999978" classname="table_06" name="Table_06_generation_works_with_custom_values"/>
    <testcase time="0.423000000000002" classname="table_06" name="Table_06_generation_works_with_custom_values"/>
    <testcase time="0.0960000000000001" classname="table_06" name="Table_06_generation_works_with_custom_values">
      <skipped message="Reason: On CRAN ('test-table_06.R:40:3')"/>
    </testcase>
    <testcase time="0.0139999999999993" classname="table_06" name="Table_06_generation_works_with_risk_difference_column"/>
    <testcase time="0.000999999999997669" classname="table_06" name="Table_06_generation_works_with_risk_difference_column"/>
    <testcase time="0.0370000000000026" classname="table_06" name="Table_06_generation_works_with_risk_difference_column"/>
    <testcase time="0.401" classname="table_06" name="Table_06_generation_works_with_risk_difference_column"/>
    <testcase time="0.0859999999999985" classname="table_06" name="Table_06_generation_works_with_risk_difference_column">
      <skipped message="Reason: On CRAN ('test-table_06.R:48:3')"/>
    </testcase>
  </testsuite>
  <testsuite name="table_07" timestamp="2023-11-07T09:01:05Z" hostname="813aa4a3e552" tests="24" skipped="4" failures="0" errors="0" time="1.688">
    <testcase time="0.0199999999999996" classname="table_07" name="Table_07_generation_works_with_default_values"/>
    <testcase time="0.00200000000000244" classname="table_07" name="Table_07_generation_works_with_default_values"/>
    <testcase time="0.000999999999997669" classname="table_07" name="Table_07_generation_works_with_default_values"/>
    <testcase time="0.0250000000000021" classname="table_07" name="Table_07_generation_works_with_default_values"/>
    <testcase time="0.238999999999997" classname="table_07" name="Table_07_generation_works_with_default_values"/>
    <testcase time="0.083000000000002" classname="table_07" name="Table_07_generation_works_with_default_values">
      <skipped message="Reason: On CRAN ('test-table_07.R:13:3')"/>
    </testcase>
    <testcase time="0.0150000000000006" classname="table_07" name="Table_07_generation_works_with_custom_values"/>
    <testcase time="0.000999999999997669" classname="table_07" name="Table_07_generation_works_with_custom_values"/>
    <testcase time="0.00100000000000122" classname="table_07" name="Table_07_generation_works_with_custom_values"/>
    <testcase time="0.027000000000001" classname="table_07" name="Table_07_generation_works_with_custom_values"/>
    <testcase time="0.341999999999999" classname="table_07" name="Table_07_generation_works_with_custom_values"/>
    <testcase time="0.106999999999999" classname="table_07" name="Table_07_generation_works_with_custom_values">
      <skipped message="Reason: On CRAN ('test-table_07.R:42:3')"/>
    </testcase>
    <testcase time="0.0150000000000006" classname="table_07" name="Table_07_generation_works_with_NA_values_pruned_rows"/>
    <testcase time="0.00100000000000122" classname="table_07" name="Table_07_generation_works_with_NA_values_pruned_rows"/>
    <testcase time="0.000999999999997669" classname="table_07" name="Table_07_generation_works_with_NA_values_pruned_rows"/>
    <testcase time="0.0340000000000025" classname="table_07" name="Table_07_generation_works_with_NA_values_pruned_rows"/>
    <testcase time="0.227999999999998" classname="table_07" name="Table_07_generation_works_with_NA_values_pruned_rows"/>
    <testcase time="0.0980000000000025" classname="table_07" name="Table_07_generation_works_with_NA_values_pruned_rows">
      <skipped message="Reason: On CRAN ('test-table_07.R:52:3')"/>
    </testcase>
    <testcase time="0.014999999999997" classname="table_07" name="Table_07_generation_works_with_risk_difference_column"/>
    <testcase time="0.00100000000000122" classname="table_07" name="Table_07_generation_works_with_risk_difference_column"/>
    <testcase time="0.00100000000000122" classname="table_07" name="Table_07_generation_works_with_risk_difference_column"/>
    <testcase time="0.0269999999999975" classname="table_07" name="Table_07_generation_works_with_risk_difference_column"/>
    <testcase time="0.297000000000001" classname="table_07" name="Table_07_generation_works_with_risk_difference_column"/>
    <testcase time="0.106999999999999" classname="table_07" name="Table_07_generation_works_with_risk_difference_column">
      <skipped message="Reason: On CRAN ('test-table_07.R:65:3')"/>
    </testcase>
  </testsuite>
  <testsuite name="table_08" timestamp="2023-11-07T09:01:06Z" hostname="813aa4a3e552" tests="8" skipped="2" failures="0" errors="0" time="0.323">
    <testcase time="0.0190000000000019" classname="table_08" name="Table_08_generation_works_with_default_values"/>
    <testcase time="0.00100000000000122" classname="table_08" name="Table_08_generation_works_with_default_values"/>
    <testcase time="0.0350000000000001" classname="table_08" name="Table_08_generation_works_with_default_values"/>
    <testcase time="0.0960000000000001" classname="table_08" name="Table_08_generation_works_with_default_values">
      <skipped message="Reason: On CRAN ('test-table_08.R:10:3')"/>
    </testcase>
    <testcase time="0.0130000000000017" classname="table_08" name="Table_08_generation_works_with_custom_values"/>
    <testcase time="0.000999999999997669" classname="table_08" name="Table_08_generation_works_with_custom_values"/>
    <testcase time="0.0300000000000011" classname="table_08" name="Table_08_generation_works_with_custom_values"/>
    <testcase time="0.128" classname="table_08" name="Table_08_generation_works_with_custom_values">
      <skipped message="Reason: On CRAN ('test-table_08.R:31:3')"/>
    </testcase>
  </testsuite>
  <testsuite name="table_09" timestamp="2023-11-07T09:01:07Z" hostname="813aa4a3e552" tests="12" skipped="3" failures="0" errors="0" time="1.095">
    <testcase time="0.0180000000000007" classname="table_09" name="Table_09_generation_works_with_default_values"/>
    <testcase time="0.027000000000001" classname="table_09" name="Table_09_generation_works_with_default_values"/>
    <testcase time="0.234999999999999" classname="table_09" name="Table_09_generation_works_with_default_values"/>
    <testcase time="0.0509999999999984" classname="table_09" name="Table_09_generation_works_with_default_values">
      <skipped message="Reason: On CRAN ('test-table_09.R:8:3')"/>
    </testcase>
    <testcase time="0.0150000000000006" classname="table_09" name="Table_09_generation_works_with_custom_values"/>
    <testcase time="0.0279999999999987" classname="table_09" name="Table_09_generation_works_with_custom_values"/>
    <testcase time="0.280000000000001" classname="table_09" name="Table_09_generation_works_with_custom_values"/>
    <testcase time="0.0530000000000008" classname="table_09" name="Table_09_generation_works_with_custom_values">
      <skipped message="Reason: On CRAN ('test-table_09.R:39:3')"/>
    </testcase>
    <testcase time="0.0139999999999993" classname="table_09" name="Table_09_generation_works_with_risk_difference_column"/>
    <testcase time="0.0330000000000013" classname="table_09" name="Table_09_generation_works_with_risk_difference_column"/>
    <testcase time="0.277999999999999" classname="table_09" name="Table_09_generation_works_with_risk_difference_column"/>
    <testcase time="0.0629999999999988" classname="table_09" name="Table_09_generation_works_with_risk_difference_column">
      <skipped message="Reason: On CRAN ('test-table_09.R:47:3')"/>
    </testcase>
  </testsuite>
  <testsuite name="table_10" timestamp="2023-11-07T09:01:08Z" hostname="813aa4a3e552" tests="15" skipped="3" failures="0" errors="0" time="1.244">
    <testcase time="0.0210000000000008" classname="table_10" name="Table_10_generation_works_with_default_values"/>
    <testcase time="0.00100000000000122" classname="table_10" name="Table_10_generation_works_with_default_values"/>
    <testcase time="0.0279999999999987" classname="table_10" name="Table_10_generation_works_with_default_values"/>
    <testcase time="0.272000000000002" classname="table_10" name="Table_10_generation_works_with_default_values"/>
    <testcase time="0.0849999999999973" classname="table_10" name="Table_10_generation_works_with_default_values">
      <skipped message="Reason: On CRAN ('test-table_10.R:17:3')"/>
    </testcase>
    <testcase time="0.0140000000000029" classname="table_10" name="Table_10_generation_works_with_custom_values"/>
    <testcase time="0.000999999999997669" classname="table_10" name="Table_10_generation_works_with_custom_values"/>
    <testcase time="0.0339999999999989" classname="table_10" name="Table_10_generation_works_with_custom_values"/>
    <testcase time="0.251000000000001" classname="table_10" name="Table_10_generation_works_with_custom_values"/>
    <testcase time="0.0530000000000008" classname="table_10" name="Table_10_generation_works_with_custom_values">
      <skipped message="Reason: On CRAN ('test-table_10.R:52:3')"/>
    </testcase>
    <testcase time="0.0139999999999993" classname="table_10" name="Table_10_generation_works_with_risk_difference_column"/>
    <testcase time="0.00100000000000122" classname="table_10" name="Table_10_generation_works_with_risk_difference_column"/>
    <testcase time="0.0279999999999987" classname="table_10" name="Table_10_generation_works_with_risk_difference_column"/>
    <testcase time="0.335000000000001" classname="table_10" name="Table_10_generation_works_with_risk_difference_column"/>
    <testcase time="0.105999999999998" classname="table_10" name="Table_10_generation_works_with_risk_difference_column">
      <skipped message="Reason: On CRAN ('test-table_10.R:60:3')"/>
    </testcase>
  </testsuite>
  <testsuite name="table_11" timestamp="2023-11-07T09:01:09Z" hostname="813aa4a3e552" tests="12" skipped="3" failures="0" errors="0" time="1.919">
    <testcase time="0.022000000000002" classname="table_11" name="Table_11_generation_works_with_default_values"/>
    <testcase time="0.0330000000000013" classname="table_11" name="Table_11_generation_works_with_default_values"/>
    <testcase time="0.456" classname="table_11" name="Table_11_generation_works_with_default_values"/>
    <testcase time="0.106999999999999" classname="table_11" name="Table_11_generation_works_with_default_values">
      <skipped message="Reason: On CRAN ('test-table_11.R:18:3')"/>
    </testcase>
    <testcase time="0.0150000000000006" classname="table_11" name="Table_11_generation_works_with_custom_values"/>
    <testcase time="0.0289999999999999" classname="table_11" name="Table_11_generation_works_with_custom_values"/>
    <testcase time="0.440999999999999" classname="table_11" name="Table_11_generation_works_with_custom_values"/>
    <testcase time="0.0500000000000007" classname="table_11" name="Table_11_generation_works_with_custom_values">
      <skipped message="Reason: On CRAN ('test-table_11.R:48:3')"/>
    </testcase>
    <testcase time="0.0150000000000006" classname="table_11" name="Table_11_generation_works_with_risk_difference_column"/>
    <testcase time="0.0449999999999982" classname="table_11" name="Table_11_generation_works_with_risk_difference_column"/>
    <testcase time="0.589000000000002" classname="table_11" name="Table_11_generation_works_with_risk_difference_column"/>
    <testcase time="0.116999999999997" classname="table_11" name="Table_11_generation_works_with_risk_difference_column">
      <skipped message="Reason: On CRAN ('test-table_11.R:56:3')"/>
    </testcase>
  </testsuite>
  <testsuite name="table_12" timestamp="2023-11-07T09:01:11Z" hostname="813aa4a3e552" tests="12" skipped="3" failures="0" errors="0" time="2.603">
    <testcase time="0.0180000000000007" classname="table_12" name="Table_12_generation_works_with_default_values"/>
    <testcase time="0.0429999999999993" classname="table_12" name="Table_12_generation_works_with_default_values"/>
    <testcase time="0.608000000000001" classname="table_12" name="Table_12_generation_works_with_default_values"/>
    <testcase time="0.0790000000000006" classname="table_12" name="Table_12_generation_works_with_default_values">
      <skipped message="Reason: On CRAN ('test-table_12.R:9:3')"/>
    </testcase>
    <testcase time="0.0139999999999993" classname="table_12" name="Table_12_generation_works_with_custom_values"/>
    <testcase time="0.0339999999999989" classname="table_12" name="Table_12_generation_works_with_custom_values"/>
    <testcase time="0.619000000000003" classname="table_12" name="Table_12_generation_works_with_custom_values"/>
    <testcase time="0.0799999999999983" classname="table_12" name="Table_12_generation_works_with_custom_values">
      <skipped message="Reason: On CRAN ('test-table_12.R:39:3')"/>
    </testcase>
    <testcase time="0.0150000000000006" classname="table_12" name="Table_12_generation_works_with_risk_difference_column"/>
    <testcase time="0.0330000000000013" classname="table_12" name="Table_12_generation_works_with_risk_difference_column"/>
    <testcase time="0.970999999999997" classname="table_12" name="Table_12_generation_works_with_risk_difference_column"/>
    <testcase time="0.0890000000000022" classname="table_12" name="Table_12_generation_works_with_risk_difference_column">
      <skipped message="Reason: On CRAN ('test-table_12.R:47:3')"/>
    </testcase>
  </testsuite>
  <testsuite name="table_13" timestamp="2023-11-07T09:01:13Z" hostname="813aa4a3e552" tests="12" skipped="3" failures="0" errors="0" time="0.57">
    <testcase time="0.0169999999999995" classname="table_13" name="Table_13_generation_works_with_default_values"/>
    <testcase time="0.0330000000000013" classname="table_13" name="Table_13_generation_works_with_default_values"/>
    <testcase time="0.0889999999999986" classname="table_13" name="Table_13_generation_works_with_default_values"/>
    <testcase time="0.0459999999999994" classname="table_13" name="Table_13_generation_works_with_default_values">
      <skipped message="Reason: On CRAN ('test-table_13.R:8:3')"/>
    </testcase>
    <testcase time="0.0139999999999993" classname="table_13" name="Table_13_generation_works_with_custom_values"/>
    <testcase time="0.0360000000000014" classname="table_13" name="Table_13_generation_works_with_custom_values"/>
    <testcase time="0.0960000000000001" classname="table_13" name="Table_13_generation_works_with_custom_values"/>
    <testcase time="0.0339999999999989" classname="table_13" name="Table_13_generation_works_with_custom_values">
      <skipped message="Reason: On CRAN ('test-table_13.R:38:3')"/>
    </testcase>
    <testcase time="0.0190000000000019" classname="table_13" name="Table_13_generation_works_with_risk_difference_column"/>
    <testcase time="0.0309999999999988" classname="table_13" name="Table_13_generation_works_with_risk_difference_column"/>
    <testcase time="0.0970000000000013" classname="table_13" name="Table_13_generation_works_with_risk_difference_column"/>
    <testcase time="0.0579999999999998" classname="table_13" name="Table_13_generation_works_with_risk_difference_column">
      <skipped message="Reason: On CRAN ('test-table_13.R:46:3')"/>
    </testcase>
  </testsuite>
  <testsuite name="table_14" timestamp="2023-11-07T09:01:14Z" hostname="813aa4a3e552" tests="13" skipped="4" failures="0" errors="0" time="2.283">
    <testcase time="0.0229999999999997" classname="table_14" name="Table_14_generation_works_with_default_values"/>
    <testcase time="0.393999999999998" classname="table_14" name="Table_14_generation_works_with_default_values"/>
    <testcase time="0.106000000000002" classname="table_14" name="Table_14_generation_works_with_default_values">
      <skipped message="Reason: On CRAN ('test-table_14.R:16:3')"/>
    </testcase>
    <testcase time="0.0139999999999993" classname="table_14" name="Table_14_generation_works_with_custom_values"/>
    <testcase time="0.0330000000000013" classname="table_14" name="Table_14_generation_works_with_custom_values"/>
    <testcase time="0.413999999999998" classname="table_14" name="Table_14_generation_works_with_custom_values"/>
    <testcase time="0.106000000000002" classname="table_14" name="Table_14_generation_works_with_custom_values">
      <skipped message="Reason: On CRAN ('test-table_14.R:46:3')"/>
    </testcase>
    <testcase time="0.0139999999999993" classname="table_14" name="Table_14_generation_works_with_NA_values_pruned_rows"/>
    <testcase time="0.423999999999999" classname="table_14" name="Table_14_generation_works_with_NA_values_pruned_rows"/>
    <testcase time="0.103000000000002" classname="table_14" name="Table_14_generation_works_with_NA_values_pruned_rows">
      <skipped message="Reason: On CRAN ('test-table_14.R:53:3')"/>
    </testcase>
    <testcase time="0.0139999999999993" classname="table_14" name="Table_14_generation_works_with_risk_difference_column"/>
    <testcase time="0.515000000000001" classname="table_14" name="Table_14_generation_works_with_risk_difference_column"/>
    <testcase time="0.122999999999998" classname="table_14" name="Table_14_generation_works_with_risk_difference_column">
      <skipped message="Reason: On CRAN ('test-table_14.R:61:3')"/>
    </testcase>
  </testsuite>
  <testsuite name="table_15" timestamp="2023-11-07T09:01:16Z" hostname="813aa4a3e552" tests="16" skipped="4" failures="0" errors="0" time="1.29">
    <testcase time="0.0210000000000008" classname="table_15" name="Table_15_generation_works_with_default_values"/>
    <testcase time="0.0280000000000022" classname="table_15" name="Table_15_generation_works_with_default_values"/>
    <testcase time="0.202999999999999" classname="table_15" name="Table_15_generation_works_with_default_values"/>
    <testcase time="0.0679999999999978" classname="table_15" name="Table_15_generation_works_with_default_values">
      <skipped message="Reason: On CRAN ('test-table_15.R:19:3')"/>
    </testcase>
    <testcase time="0.0140000000000029" classname="table_15" name="Table_15_generation_works_with_custom_values"/>
    <testcase time="0.0289999999999999" classname="table_15" name="Table_15_generation_works_with_custom_values"/>
    <testcase time="0.195999999999998" classname="table_15" name="Table_15_generation_works_with_custom_values"/>
    <testcase time="0.0680000000000014" classname="table_15" name="Table_15_generation_works_with_custom_values">
      <skipped message="Reason: On CRAN ('test-table_15.R:51:3')"/>
    </testcase>
    <testcase time="0.0139999999999993" classname="table_15" name="Table_15_generation_works_with_NA_values_pruned_rows"/>
    <testcase time="0.0289999999999999" classname="table_15" name="Table_15_generation_works_with_NA_values_pruned_rows"/>
    <testcase time="0.198" classname="table_15" name="Table_15_generation_works_with_NA_values_pruned_rows"/>
    <testcase time="0.070999999999998" classname="table_15" name="Table_15_generation_works_with_NA_values_pruned_rows">
      <skipped message="Reason: On CRAN ('test-table_15.R:58:3')"/>
    </testcase>
    <testcase time="0.0140000000000029" classname="table_15" name="Table_15_generation_works_with_risk_difference_column"/>
    <testcase time="0.0289999999999999" classname="table_15" name="Table_15_generation_works_with_risk_difference_column"/>
    <testcase time="0.228999999999999" classname="table_15" name="Table_15_generation_works_with_risk_difference_column"/>
    <testcase time="0.0790000000000006" classname="table_15" name="Table_15_generation_works_with_risk_difference_column">
      <skipped message="Reason: On CRAN ('test-table_15.R:66:3')"/>
    </testcase>
  </testsuite>
  <testsuite name="table_16" timestamp="2023-11-07T09:01:18Z" hostname="813aa4a3e552" tests="16" skipped="4" failures="0" errors="0" time="1.118">
    <testcase time="0.0209999999999972" classname="table_16" name="Table_16_generation_works_with_default_values"/>
    <testcase time="0.0330000000000013" classname="table_16" name="Table_16_generation_works_with_default_values"/>
    <testcase time="0.187000000000001" classname="table_16" name="Table_16_generation_works_with_default_values"/>
    <testcase time="0.0350000000000001" classname="table_16" name="Table_16_generation_works_with_default_values">
      <skipped message="Reason: On CRAN ('test-table_16.R:19:3')"/>
    </testcase>
    <testcase time="0.0139999999999993" classname="table_16" name="Table_16_generation_works_with_custom_values"/>
    <testcase time="0.0259999999999998" classname="table_16" name="Table_16_generation_works_with_custom_values"/>
    <testcase time="0.193000000000001" classname="table_16" name="Table_16_generation_works_with_custom_values"/>
    <testcase time="0.0340000000000025" classname="table_16" name="Table_16_generation_works_with_custom_values">
      <skipped message="Reason: On CRAN ('test-table_16.R:51:3')"/>
    </testcase>
    <testcase time="0.0139999999999993" classname="table_16" name="Table_16_generation_works_with_NA_values_pruned_rows"/>
    <testcase time="0.0259999999999998" classname="table_16" name="Table_16_generation_works_with_NA_values_pruned_rows"/>
    <testcase time="0.189" classname="table_16" name="Table_16_generation_works_with_NA_values_pruned_rows"/>
    <testcase time="0.0410000000000004" classname="table_16" name="Table_16_generation_works_with_NA_values_pruned_rows">
      <skipped message="Reason: On CRAN ('test-table_16.R:58:3')"/>
    </testcase>
    <testcase time="0.0130000000000017" classname="table_16" name="Table_16_generation_works_with_risk_difference_column"/>
    <testcase time="0.0259999999999998" classname="table_16" name="Table_16_generation_works_with_risk_difference_column"/>
    <testcase time="0.227" classname="table_16" name="Table_16_generation_works_with_risk_difference_column"/>
    <testcase time="0.0389999999999979" classname="table_16" name="Table_16_generation_works_with_risk_difference_column">
      <skipped message="Reason: On CRAN ('test-table_16.R:66:3')"/>
    </testcase>
  </testsuite>
  <testsuite name="table_17" timestamp="2023-11-07T09:01:19Z" hostname="813aa4a3e552" tests="16" skipped="4" failures="0" errors="0" time="1.978">
    <testcase time="0.0199999999999996" classname="table_17" name="Table_17_generation_works_with_default_values"/>
    <testcase time="0.0300000000000011" classname="table_17" name="Table_17_generation_works_with_default_values"/>
    <testcase time="0.294" classname="table_17" name="Table_17_generation_works_with_default_values"/>
    <testcase time="0.125999999999998" classname="table_17" name="Table_17_generation_works_with_default_values">
      <skipped message="Reason: On CRAN ('test-table_17.R:25:3')"/>
    </testcase>
    <testcase time="0.0140000000000029" classname="table_17" name="Table_17_generation_works_with_custom_values"/>
    <testcase time="0.0299999999999976" classname="table_17" name="Table_17_generation_works_with_custom_values"/>
    <testcase time="0.298999999999999" classname="table_17" name="Table_17_generation_works_with_custom_values"/>
    <testcase time="0.125" classname="table_17" name="Table_17_generation_works_with_custom_values">
      <skipped message="Reason: On CRAN ('test-table_17.R:57:3')"/>
    </testcase>
    <testcase time="0.0150000000000006" classname="table_17" name="Table_17_generation_works_with_NA_values_pruned_rows"/>
    <testcase time="0.0429999999999993" classname="table_17" name="Table_17_generation_works_with_NA_values_pruned_rows"/>
    <testcase time="0.302" classname="table_17" name="Table_17_generation_works_with_NA_values_pruned_rows"/>
    <testcase time="0.121000000000002" classname="table_17" name="Table_17_generation_works_with_NA_values_pruned_rows">
      <skipped message="Reason: On CRAN ('test-table_17.R:64:3')"/>
    </testcase>
    <testcase time="0.0140000000000029" classname="table_17" name="Table_17_generation_works_with_risk_difference_column"/>
    <testcase time="0.0399999999999991" classname="table_17" name="Table_17_generation_works_with_risk_difference_column"/>
    <testcase time="0.358999999999995" classname="table_17" name="Table_17_generation_works_with_risk_difference_column"/>
    <testcase time="0.146000000000001" classname="table_17" name="Table_17_generation_works_with_risk_difference_column">
      <skipped message="Reason: On CRAN ('test-table_17.R:72:3')"/>
    </testcase>
  </testsuite>
  <testsuite name="table_18" timestamp="2023-11-07T09:01:21Z" hostname="813aa4a3e552" tests="16" skipped="4" failures="0" errors="0" time="1.694">
    <testcase time="0.0200000000000031" classname="table_18" name="Table_18_generation_works_with_default_values"/>
    <testcase time="0.027000000000001" classname="table_18" name="Table_18_generation_works_with_default_values"/>
    <testcase time="0.300999999999995" classname="table_18" name="Table_18_generation_works_with_default_values"/>
    <testcase time="0.0650000000000048" classname="table_18" name="Table_18_generation_works_with_default_values">
      <skipped message="Reason: On CRAN ('test-table_18.R:25:3')"/>
    </testcase>
    <testcase time="0.0140000000000029" classname="table_18" name="Table_18_generation_works_with_custom_values"/>
    <testcase time="0.027000000000001" classname="table_18" name="Table_18_generation_works_with_custom_values"/>
    <testcase time="0.305" classname="table_18" name="Table_18_generation_works_with_custom_values"/>
    <testcase time="0.0519999999999996" classname="table_18" name="Table_18_generation_works_with_custom_values">
      <skipped message="Reason: On CRAN ('test-table_18.R:57:3')"/>
    </testcase>
    <testcase time="0.0139999999999958" classname="table_18" name="Table_18_generation_works_with_NA_values_pruned_rows"/>
    <testcase time="0.0360000000000014" classname="table_18" name="Table_18_generation_works_with_NA_values_pruned_rows"/>
    <testcase time="0.305999999999997" classname="table_18" name="Table_18_generation_works_with_NA_values_pruned_rows"/>
    <testcase time="0.0570000000000022" classname="table_18" name="Table_18_generation_works_with_NA_values_pruned_rows">
      <skipped message="Reason: On CRAN ('test-table_18.R:64:3')"/>
    </testcase>
    <testcase time="0.0150000000000006" classname="table_18" name="Table_18_generation_works_with_risk_difference_column"/>
    <testcase time="0.0290000000000035" classname="table_18" name="Table_18_generation_works_with_risk_difference_column"/>
    <testcase time="0.367999999999995" classname="table_18" name="Table_18_generation_works_with_risk_difference_column"/>
    <testcase time="0.0579999999999998" classname="table_18" name="Table_18_generation_works_with_risk_difference_column">
      <skipped message="Reason: On CRAN ('test-table_18.R:72:3')"/>
    </testcase>
  </testsuite>
  <testsuite name="table_20" timestamp="2023-11-07T09:01:22Z" hostname="813aa4a3e552" tests="24" skipped="4" failures="0" errors="0" time="1.988">
    <testcase time="0.0210000000000008" classname="table_20" name="Table_20_generation_works_with_default_values"/>
    <testcase time="0.00100000000000477" classname="table_20" name="Table_20_generation_works_with_default_values"/>
    <testcase time="0.000999999999997669" classname="table_20" name="Table_20_generation_works_with_default_values"/>
    <testcase time="0.0300000000000011" classname="table_20" name="Table_20_generation_works_with_default_values"/>
    <testcase time="0.315999999999995" classname="table_20" name="Table_20_generation_works_with_default_values"/>
    <testcase time="0.0620000000000047" classname="table_20" name="Table_20_generation_works_with_default_values">
      <skipped message="Reason: On CRAN ('test-table_20.R:17:3')"/>
    </testcase>
    <testcase time="0.0139999999999958" classname="table_20" name="Table_20_generation_works_with_custom_values"/>
    <testcase time="0.00100000000000477" classname="table_20" name="Table_20_generation_works_with_custom_values"/>
    <testcase time="0.000999999999997669" classname="table_20" name="Table_20_generation_works_with_custom_values"/>
    <testcase time="0.0289999999999964" classname="table_20" name="Table_20_generation_works_with_custom_values"/>
    <testcase time="0.472000000000001" classname="table_20" name="Table_20_generation_works_with_custom_values"/>
    <testcase time="0.0910000000000011" classname="table_20" name="Table_20_generation_works_with_custom_values">
      <skipped message="Reason: On CRAN ('test-table_20.R:65:3')"/>
    </testcase>
    <testcase time="0.0150000000000006" classname="table_20" name="Table_20_generation_works_with_missing_values_pruned_rows"/>
    <testcase time="0.000999999999997669" classname="table_20" name="Table_20_generation_works_with_missing_values_pruned_rows"/>
    <testcase time="0.00100000000000477" classname="table_20" name="Table_20_generation_works_with_missing_values_pruned_rows"/>
    <testcase time="0.0300000000000011" classname="table_20" name="Table_20_generation_works_with_missing_values_pruned_rows"/>
    <testcase time="0.302999999999997" classname="table_20" name="Table_20_generation_works_with_missing_values_pruned_rows"/>
    <testcase time="0.0720000000000027" classname="table_20" name="Table_20_generation_works_with_missing_values_pruned_rows">
      <skipped message="Reason: On CRAN ('test-table_20.R:74:3')"/>
    </testcase>
    <testcase time="0.0139999999999958" classname="table_20" name="Table_20_generation_works_with_risk_difference_column"/>
    <testcase time="0.000999999999997669" classname="table_20" name="Table_20_generation_works_with_risk_difference_column"/>
    <testcase time="0.00100000000000477" classname="table_20" name="Table_20_generation_works_with_risk_difference_column"/>
    <testcase time="0.0289999999999964" classname="table_20" name="Table_20_generation_works_with_risk_difference_column"/>
    <testcase time="0.411000000000001" classname="table_20" name="Table_20_generation_works_with_risk_difference_column"/>
    <testcase time="0.070999999999998" classname="table_20" name="Table_20_generation_works_with_risk_difference_column">
      <skipped message="Reason: On CRAN ('test-table_20.R:82:3')"/>
    </testcase>
  </testsuite>
  <testsuite name="table_21" timestamp="2023-11-07T09:01:24Z" hostname="813aa4a3e552" tests="19" skipped="4" failures="0" errors="0" time="1.925">
    <testcase time="0.0549999999999997" classname="table_21" name="Table_21_generation_works_with_default_values"/>
    <testcase time="0.00100000000000477" classname="table_21" name="Table_21_generation_works_with_default_values"/>
    <testcase time="0.427999999999997" classname="table_21" name="Table_21_generation_works_with_default_values"/>
    <testcase time="0.0750000000000028" classname="table_21" name="Table_21_generation_works_with_default_values">
      <skipped message="Reason: On CRAN ('test-table_21.R:22:3')"/>
    </testcase>
    <testcase time="0.0249999999999986" classname="table_21" name="Table_21_generation_works_with_custom_values_N_s_denominator_and_overall_column"/>
    <testcase time="0.000999999999997669" classname="table_21" name="Table_21_generation_works_with_custom_values_N_s_denominator_and_overall_column"/>
    <testcase time="0.0549999999999997" classname="table_21" name="Table_21_generation_works_with_custom_values_N_s_denominator_and_overall_column"/>
    <testcase time="0.512" classname="table_21" name="Table_21_generation_works_with_custom_values_N_s_denominator_and_overall_column"/>
    <testcase time="0.0900000000000034" classname="table_21" name="Table_21_generation_works_with_custom_values_N_s_denominator_and_overall_column">
      <skipped message="Reason: On CRAN ('test-table_21.R:34:3')"/>
    </testcase>
    <testcase time="0.0139999999999958" classname="table_21" name="Table_21_generation_works_with_custom_values_N_col_denominator_and_no_overall_column"/>
    <testcase time="0.00100000000000477" classname="table_21" name="Table_21_generation_works_with_custom_values_N_col_denominator_and_no_overall_column"/>
    <testcase time="0.0349999999999966" classname="table_21" name="Table_21_generation_works_with_custom_values_N_col_denominator_and_no_overall_column"/>
    <testcase time="0.234000000000002" classname="table_21" name="Table_21_generation_works_with_custom_values_N_col_denominator_and_no_overall_column"/>
    <testcase time="0.0690000000000026" classname="table_21" name="Table_21_generation_works_with_custom_values_N_col_denominator_and_no_overall_column">
      <skipped message="Reason: On CRAN ('test-table_21.R:62:3')"/>
    </testcase>
    <testcase time="0.0559999999999974" classname="table_21" name="Table_21_generation_works_with_some_NA_values"/>
    <testcase time="0.000999999999997669" classname="table_21" name="Table_21_generation_works_with_some_NA_values"/>
    <testcase time="0.0320000000000036" classname="table_21" name="Table_21_generation_works_with_some_NA_values"/>
    <testcase time="0.18" classname="table_21" name="Table_21_generation_works_with_some_NA_values"/>
    <testcase time="0.0609999999999999" classname="table_21" name="Table_21_generation_works_with_some_NA_values">
      <skipped message="Reason: On CRAN ('test-table_21.R:82:3')"/>
    </testcase>
  </testsuite>
  <testsuite name="table_32" timestamp="2023-11-07T09:01:26Z" hostname="813aa4a3e552" tests="22" skipped="6" failures="0" errors="0" time="4.14">
    <testcase time="0.0219999999999985" classname="table_32" name="Table_32_generation_works_with_default_values"/>
    <testcase time="0.0339999999999989" classname="table_32" name="Table_32_generation_works_with_default_values"/>
    <testcase time="0.0840000000000032" classname="table_32" name="Table_32_generation_works_with_default_values"/>
    <testcase time="0.0459999999999994" classname="table_32" name="Table_32_generation_works_with_default_values">
      <skipped message="Reason: On CRAN ('test-table_32.R:8:3')"/>
    </testcase>
    <testcase time="0.0150000000000006" classname="table_32" name="Table_32_generation_works_with_custom_values"/>
    <testcase time="0.0339999999999989" classname="table_32" name="Table_32_generation_works_with_custom_values"/>
    <testcase time="0.112000000000002" classname="table_32" name="Table_32_generation_works_with_custom_values"/>
    <testcase time="0.0450000000000017" classname="table_32" name="Table_32_generation_works_with_custom_values">
      <skipped message="Reason: On CRAN ('test-table_32.R:30:3')"/>
    </testcase>
    <testcase time="0.0139999999999958" classname="table_32" name="Table_32_generation_works_with_pruned_rows"/>
    <testcase time="0.0339999999999989" classname="table_32" name="Table_32_generation_works_with_pruned_rows"/>
    <testcase time="0.0990000000000038" classname="table_32" name="Table_32_generation_works_with_pruned_rows"/>
    <testcase time="0.0249999999999986" classname="table_32" name="Table_32_generation_works_with_pruned_rows">
      <skipped message="Reason: On CRAN ('test-table_32.R:37:3')"/>
    </testcase>
    <testcase time="0.0140000000000029" classname="table_32" name="Table_32_generation_works_with_risk_difference_column"/>
    <testcase time="0.0339999999999989" classname="table_32" name="Table_32_generation_works_with_risk_difference_column"/>
    <testcase time="0.122" classname="table_32" name="Table_32_generation_works_with_risk_difference_column"/>
    <testcase time="0.036999999999999" classname="table_32" name="Table_32_generation_works_with_risk_difference_column">
      <skipped message="Reason: On CRAN ('test-table_32.R:45:3')"/>
    </testcase>
    <testcase time="0.0140000000000029" classname="table_32" name="Table_32_gtsum_generation_works_with_default_values"/>
    <testcase time="1.36499999999999" classname="table_32" name="Table_32_gtsum_generation_works_with_default_values"/>
    <testcase time="0.00500000000000256" classname="table_32" name="Table_32_gtsum_generation_works_with_default_values">
      <skipped message="Reason: On CRAN ('test-table_32.R:51:3')"/>
    </testcase>
    <testcase time="0.0140000000000029" classname="table_32" name="Table_32_gtsum_generation_works_with_custom_values"/>
    <testcase time="1.965" classname="table_32" name="Table_32_gtsum_generation_works_with_custom_values"/>
    <testcase time="0.00600000000000023" classname="table_32" name="Table_32_gtsum_generation_works_with_custom_values">
      <skipped message="Reason: On CRAN ('test-table_32.R:61:3')"/>
    </testcase>
  </testsuite>
  <testsuite name="table_33" timestamp="2023-11-07T09:01:30Z" hostname="813aa4a3e552" tests="16" skipped="4" failures="0" errors="0" time="1.378">
    <testcase time="0.0180000000000007" classname="table_33" name="Table_33_generation_works_with_default_values"/>
    <testcase time="0.207999999999998" classname="table_33" name="Table_33_generation_works_with_default_values"/>
    <testcase time="0.0810000000000031" classname="table_33" name="Table_33_generation_works_with_default_values"/>
    <testcase time="0.0300000000000011" classname="table_33" name="Table_33_generation_works_with_default_values">
      <skipped message="Reason: On CRAN ('test-table_33.R:8:3')"/>
    </testcase>
    <testcase time="0.0139999999999958" classname="table_33" name="Table_33_generation_works_with_custom_values"/>
    <testcase time="0.212000000000003" classname="table_33" name="Table_33_generation_works_with_custom_values"/>
    <testcase time="0.100000000000001" classname="table_33" name="Table_33_generation_works_with_custom_values"/>
    <testcase time="0.0309999999999988" classname="table_33" name="Table_33_generation_works_with_custom_values">
      <skipped message="Reason: On CRAN ('test-table_33.R:34:3')"/>
    </testcase>
    <testcase time="0.0150000000000006" classname="table_33" name="Table_33_generation_works_with_pruned_rows"/>
    <testcase time="0.210999999999999" classname="table_33" name="Table_33_generation_works_with_pruned_rows"/>
    <testcase time="0.0820000000000007" classname="table_33" name="Table_33_generation_works_with_pruned_rows"/>
    <testcase time="0.0219999999999985" classname="table_33" name="Table_33_generation_works_with_pruned_rows">
      <skipped message="Reason: On CRAN ('test-table_33.R:42:3')"/>
    </testcase>
    <testcase time="0.0140000000000029" classname="table_33" name="Table_33_generation_works_with_risk_difference_column"/>
    <testcase time="0.210999999999999" classname="table_33" name="Table_33_generation_works_with_risk_difference_column"/>
    <testcase time="0.100000000000001" classname="table_33" name="Table_33_generation_works_with_risk_difference_column"/>
    <testcase time="0.0289999999999964" classname="table_33" name="Table_33_generation_works_with_risk_difference_column">
      <skipped message="Reason: On CRAN ('test-table_33.R:50:3')"/>
    </testcase>
  </testsuite>
  <testsuite name="table_34" timestamp="2023-11-07T09:01:32Z" hostname="813aa4a3e552" tests="12" skipped="3" failures="0" errors="0" time="4.529">
    <testcase time="0.0210000000000008" classname="table_34" name="Table_34_generation_works_with_default_values"/>
    <testcase time="0.0279999999999987" classname="table_34" name="Table_34_generation_works_with_default_values"/>
    <testcase time="1.292" classname="table_34" name="Table_34_generation_works_with_default_values"/>
    <testcase time="0.170000000000002" classname="table_34" name="Table_34_generation_works_with_default_values">
      <skipped message="Reason: On CRAN ('test-table_34.R:17:3')"/>
    </testcase>
    <testcase time="0.0159999999999982" classname="table_34" name="Table_34_generation_works_with_custom_values"/>
    <testcase time="0.0249999999999986" classname="table_34" name="Table_34_generation_works_with_custom_values"/>
    <testcase time="1.339" classname="table_34" name="Table_34_generation_works_with_custom_values"/>
    <testcase time="0.0549999999999997" classname="table_34" name="Table_34_generation_works_with_custom_values">
      <skipped message="Reason: On CRAN ('test-table_34.R:49:3')"/>
    </testcase>
    <testcase time="0.0140000000000029" classname="table_34" name="Table_34_generation_works_with_risk_difference_column"/>
    <testcase time="0.0279999999999987" classname="table_34" name="Table_34_generation_works_with_risk_difference_column"/>
    <testcase time="1.374" classname="table_34" name="Table_34_generation_works_with_risk_difference_column"/>
    <testcase time="0.167000000000002" classname="table_34" name="Table_34_generation_works_with_risk_difference_column">
      <skipped message="Reason: On CRAN ('test-table_34.R:57:3')"/>
    </testcase>
  </testsuite>
</testsuites>
