<?xml version="1.0" encoding="UTF-8"?>
<testsuites>
  <testsuite name="table_02" timestamp="2023-11-07T16:38:22Z" hostname="9ec6f73ce954" tests="30" skipped="10" failures="0" errors="0" time="17.052">
    <testcase time="0.0670000000000002" classname="table_02" name="Table_02_generation_works_with_default_values"/>
    <testcase time="0.572" classname="table_02" name="Table_02_generation_works_with_default_values"/>
    <testcase time="0.257" classname="table_02" name="Table_02_generation_works_with_default_values">
      <skipped message="Reason: On CRAN ('test-table_02.R:16:3')"/>
    </testcase>
    <testcase time="0.0859999999999999" classname="table_02" name="Table_02_generation_works_with_custom_values"/>
    <testcase time="0.447" classname="table_02" name="Table_02_generation_works_with_custom_values"/>
    <testcase time="0.281" classname="table_02" name="Table_02_generation_works_with_custom_values">
      <skipped message="Reason: On CRAN ('test-table_02.R:45:3')"/>
    </testcase>
    <testcase time="0.0670000000000002" classname="table_02" name="Table_02_generation_works_with_some_NA_values"/>
    <testcase time="0.117" classname="table_02" name="Table_02_generation_works_with_some_NA_values"/>
    <testcase time="0.0549999999999997" classname="table_02" name="Table_02_generation_works_with_some_NA_values">
      <skipped message="Reason: On CRAN ('test-table_02.R:57:3')"/>
    </testcase>
    <testcase time="0.0270000000000001" classname="table_02" name="Table_02_generation_tplyr_works_with_default_values"/>
    <testcase time="1.955" classname="table_02" name="Table_02_generation_tplyr_works_with_default_values"/>
    <testcase time="0.0380000000000003" classname="table_02" name="Table_02_generation_tplyr_works_with_default_values">
      <skipped message="Reason: On CRAN ('test-table_02.R:66:3')"/>
    </testcase>
    <testcase time="0.0199999999999996" classname="table_02" name="Table_02_generation_tplyr_works_with_tplyr_raw_TRUE"/>
    <testcase time="1.303" classname="table_02" name="Table_02_generation_tplyr_works_with_tplyr_raw_TRUE"/>
    <testcase time="0.0280000000000005" classname="table_02" name="Table_02_generation_tplyr_works_with_tplyr_raw_TRUE">
      <skipped message="Reason: On CRAN ('test-table_02.R:75:3')"/>
    </testcase>
    <testcase time="0.052999999999999" classname="table_02" name="Table_02_generation_tplyr_works_with_custom_values"/>
    <testcase time="1.926" classname="table_02" name="Table_02_generation_tplyr_works_with_custom_values"/>
    <testcase time="0.032" classname="table_02" name="Table_02_generation_tplyr_works_with_custom_values">
      <skipped message="Reason: On CRAN ('test-table_02.R:102:3')"/>
    </testcase>
    <testcase time="0.0419999999999998" classname="table_02" name="Table_02_generation_tplyr_works_with_some_NA_values"/>
    <testcase time="0.750000000000002" classname="table_02" name="Table_02_generation_tplyr_works_with_some_NA_values"/>
    <testcase time="0.0249999999999986" classname="table_02" name="Table_02_generation_tplyr_works_with_some_NA_values">
      <skipped message="Reason: On CRAN ('test-table_02.R:119:3')"/>
    </testcase>
    <testcase time="0.0200000000000014" classname="table_02" name="Table_02_generation_gtsum_works_with_default_values"/>
    <testcase time="3.562" classname="table_02" name="Table_02_generation_gtsum_works_with_default_values"/>
    <testcase time="0.00999999999999979" classname="table_02" name="Table_02_generation_gtsum_works_with_default_values">
      <skipped message="Reason: On CRAN ('test-table_02.R:128:3')"/>
    </testcase>
    <testcase time="0.0510000000000002" classname="table_02" name="Table_02_generation_gtsum_works_with_custom_values"/>
    <testcase time="3.918" classname="table_02" name="Table_02_generation_gtsum_works_with_custom_values"/>
    <testcase time="0.0100000000000016" classname="table_02" name="Table_02_generation_gtsum_works_with_custom_values">
      <skipped message="Reason: On CRAN ('test-table_02.R:146:3')"/>
    </testcase>
    <testcase time="0.0440000000000005" classname="table_02" name="Table_02_generation_gtsum_works_with_some_NA_values"/>
    <testcase time="1.281" classname="table_02" name="Table_02_generation_gtsum_works_with_some_NA_values"/>
    <testcase time="0.00799999999999912" classname="table_02" name="Table_02_generation_gtsum_works_with_some_NA_values">
      <skipped message="Reason: On CRAN ('test-table_02.R:160:3')"/>
    </testcase>
  </testsuite>
  <testsuite name="table_03" timestamp="2023-11-07T16:38:39Z" hostname="9ec6f73ce954" tests="8" skipped="2" failures="0" errors="0" time="0.897">
    <testcase time="0.0380000000000003" classname="table_03" name="Table_3_generation_works_with_default_values"/>
    <testcase time="0.00199999999999889" classname="table_03" name="Table_3_generation_works_with_default_values"/>
    <testcase time="0.367000000000001" classname="table_03" name="Table_3_generation_works_with_default_values"/>
    <testcase time="0.0640000000000001" classname="table_03" name="Table_3_generation_works_with_default_values">
      <skipped message="Reason: On CRAN ('test-table_03.R:21:3')"/>
    </testcase>
    <testcase time="0.0199999999999996" classname="table_03" name="Table_3_generation_works_with_custom_values"/>
    <testcase time="0.00100000000000122" classname="table_03" name="Table_3_generation_works_with_custom_values"/>
    <testcase time="0.326000000000001" classname="table_03" name="Table_3_generation_works_with_custom_values"/>
    <testcase time="0.0790000000000006" classname="table_03" name="Table_3_generation_works_with_custom_values">
      <skipped message="Reason: On CRAN ('test-table_03.R:41:3')"/>
    </testcase>
  </testsuite>
  <testsuite name="table_04" timestamp="2023-11-07T16:38:39Z" hostname="9ec6f73ce954" tests="9" skipped="2" failures="0" errors="0" time="0.901">
    <testcase time="0.0519999999999996" classname="table_04" name="Table_04_generation_works_with_default_values"/>
    <testcase time="0.297999999999998" classname="table_04" name="Table_04_generation_works_with_default_values"/>
    <testcase time="0.0960000000000001" classname="table_04" name="Table_04_generation_works_with_default_values">
      <skipped message="Reason: On CRAN ('test-table_04.R:18:3')"/>
    </testcase>
    <testcase time="0.0199999999999996" classname="table_04" name="Table_04_generation_works_with_custom_values"/>
    <testcase time="0.00200000000000244" classname="table_04" name="Table_04_generation_works_with_custom_values"/>
    <testcase time="0.000999999999997669" classname="table_04" name="Table_04_generation_works_with_custom_values"/>
    <testcase time="0.00200000000000244" classname="table_04" name="Table_04_generation_works_with_custom_values"/>
    <testcase time="0.337" classname="table_04" name="Table_04_generation_works_with_custom_values"/>
    <testcase time="0.093" classname="table_04" name="Table_04_generation_works_with_custom_values">
      <skipped message="Reason: On CRAN ('test-table_04.R:46:3')"/>
    </testcase>
  </testsuite>
  <testsuite name="table_05" timestamp="2023-11-07T16:38:41Z" hostname="9ec6f73ce954" tests="12" skipped="4" failures="0" errors="0" time="1.565">
    <testcase time="0.181999999999999" classname="table_05" name="Table_05_generation_works_with_default_values"/>
    <testcase time="0.234999999999999" classname="table_05" name="Table_05_generation_works_with_default_values"/>
    <testcase time="0.0800000000000018" classname="table_05" name="Table_05_generation_works_with_default_values">
      <skipped message="Reason: On CRAN ('test-table_05.R:10:3')"/>
    </testcase>
    <testcase time="0.0339999999999989" classname="table_05" name="Table_05_generation_works_with_custom_values"/>
    <testcase time="0.254999999999999" classname="table_05" name="Table_05_generation_works_with_custom_values"/>
    <testcase time="0.0980000000000025" classname="table_05" name="Table_05_generation_works_with_custom_values">
      <skipped message="Reason: On CRAN ('test-table_05.R:34:3')"/>
    </testcase>
    <testcase time="0.0209999999999972" classname="table_05" name="Table_05_generation_works_with_NA_values_pruned_rows"/>
    <testcase time="0.214000000000002" classname="table_05" name="Table_05_generation_works_with_NA_values_pruned_rows"/>
    <testcase time="0.0799999999999983" classname="table_05" name="Table_05_generation_works_with_NA_values_pruned_rows">
      <skipped message="Reason: On CRAN ('test-table_05.R:44:3')"/>
    </testcase>
    <testcase time="0.0190000000000019" classname="table_05" name="Table_05_generation_works_with_risk_difference_column"/>
    <testcase time="0.253999999999998" classname="table_05" name="Table_05_generation_works_with_risk_difference_column"/>
    <testcase time="0.093" classname="table_05" name="Table_05_generation_works_with_risk_difference_column">
      <skipped message="Reason: On CRAN ('test-table_05.R:57:3')"/>
    </testcase>
  </testsuite>
  <testsuite name="table_06" timestamp="2023-11-07T16:38:42Z" hostname="9ec6f73ce954" tests="15" skipped="3" failures="0" errors="0" time="2.348">
    <testcase time="0.0280000000000022" classname="table_06" name="Table_06_generation_works_with_default_values"/>
    <testcase time="0.00199999999999889" classname="table_06" name="Table_06_generation_works_with_default_values"/>
    <testcase time="0.0700000000000003" classname="table_06" name="Table_06_generation_works_with_default_values"/>
    <testcase time="0.452999999999999" classname="table_06" name="Table_06_generation_works_with_default_values"/>
    <testcase time="0.114000000000001" classname="table_06" name="Table_06_generation_works_with_default_values">
      <skipped message="Reason: On CRAN ('test-table_06.R:8:3')"/>
    </testcase>
    <testcase time="0.027000000000001" classname="table_06" name="Table_06_generation_works_with_custom_values"/>
    <testcase time="0.00199999999999889" classname="table_06" name="Table_06_generation_works_with_custom_values"/>
    <testcase time="0.0569999999999986" classname="table_06" name="Table_06_generation_works_with_custom_values"/>
    <testcase time="0.621000000000002" classname="table_06" name="Table_06_generation_works_with_custom_values"/>
    <testcase time="0.149999999999999" classname="table_06" name="Table_06_generation_works_with_custom_values">
      <skipped message="Reason: On CRAN ('test-table_06.R:40:3')"/>
    </testcase>
    <testcase time="0.0210000000000008" classname="table_06" name="Table_06_generation_works_with_risk_difference_column"/>
    <testcase time="0.000999999999997669" classname="table_06" name="Table_06_generation_works_with_risk_difference_column"/>
    <testcase time="0.0650000000000013" classname="table_06" name="Table_06_generation_works_with_risk_difference_column"/>
    <testcase time="0.605999999999998" classname="table_06" name="Table_06_generation_works_with_risk_difference_column"/>
    <testcase time="0.131" classname="table_06" name="Table_06_generation_works_with_risk_difference_column">
      <skipped message="Reason: On CRAN ('test-table_06.R:48:3')"/>
    </testcase>
  </testsuite>
  <testsuite name="table_07" timestamp="2023-11-07T16:38:44Z" hostname="9ec6f73ce954" tests="24" skipped="4" failures="0" errors="0" time="2.616">
    <testcase time="0.0330000000000013" classname="table_07" name="Table_07_generation_works_with_default_values"/>
    <testcase time="0.00199999999999889" classname="table_07" name="Table_07_generation_works_with_default_values"/>
    <testcase time="0.00100000000000122" classname="table_07" name="Table_07_generation_works_with_default_values"/>
    <testcase time="0.0509999999999984" classname="table_07" name="Table_07_generation_works_with_default_values"/>
    <testcase time="0.353000000000002" classname="table_07" name="Table_07_generation_works_with_default_values"/>
    <testcase time="0.132000000000001" classname="table_07" name="Table_07_generation_works_with_default_values">
      <skipped message="Reason: On CRAN ('test-table_07.R:13:3')"/>
    </testcase>
    <testcase time="0.0289999999999999" classname="table_07" name="Table_07_generation_works_with_custom_values"/>
    <testcase time="0.00199999999999889" classname="table_07" name="Table_07_generation_works_with_custom_values"/>
    <testcase time="0.00199999999999889" classname="table_07" name="Table_07_generation_works_with_custom_values"/>
    <testcase time="0.054000000000002" classname="table_07" name="Table_07_generation_works_with_custom_values"/>
    <testcase time="0.509999999999998" classname="table_07" name="Table_07_generation_works_with_custom_values"/>
    <testcase time="0.167999999999999" classname="table_07" name="Table_07_generation_works_with_custom_values">
      <skipped message="Reason: On CRAN ('test-table_07.R:42:3')"/>
    </testcase>
    <testcase time="0.022000000000002" classname="table_07" name="Table_07_generation_works_with_NA_values_pruned_rows"/>
    <testcase time="0.00199999999999889" classname="table_07" name="Table_07_generation_works_with_NA_values_pruned_rows"/>
    <testcase time="0.00199999999999889" classname="table_07" name="Table_07_generation_works_with_NA_values_pruned_rows"/>
    <testcase time="0.0500000000000007" classname="table_07" name="Table_07_generation_works_with_NA_values_pruned_rows"/>
    <testcase time="0.385000000000002" classname="table_07" name="Table_07_generation_works_with_NA_values_pruned_rows"/>
    <testcase time="0.137999999999998" classname="table_07" name="Table_07_generation_works_with_NA_values_pruned_rows">
      <skipped message="Reason: On CRAN ('test-table_07.R:52:3')"/>
    </testcase>
    <testcase time="0.0280000000000022" classname="table_07" name="Table_07_generation_works_with_risk_difference_column"/>
    <testcase time="0.00199999999999889" classname="table_07" name="Table_07_generation_works_with_risk_difference_column"/>
    <testcase time="0.00199999999999889" classname="table_07" name="Table_07_generation_works_with_risk_difference_column"/>
    <testcase time="0.0470000000000006" classname="table_07" name="Table_07_generation_works_with_risk_difference_column"/>
    <testcase time="0.431000000000001" classname="table_07" name="Table_07_generation_works_with_risk_difference_column"/>
    <testcase time="0.169999999999998" classname="table_07" name="Table_07_generation_works_with_risk_difference_column">
      <skipped message="Reason: On CRAN ('test-table_07.R:65:3')"/>
    </testcase>
  </testsuite>
  <testsuite name="table_08" timestamp="2023-11-07T16:38:47Z" hostname="9ec6f73ce954" tests="8" skipped="2" failures="0" errors="0" time="0.487">
    <testcase time="0.0310000000000024" classname="table_08" name="Table_08_generation_works_with_default_values"/>
    <testcase time="0.00199999999999889" classname="table_08" name="Table_08_generation_works_with_default_values"/>
    <testcase time="0.0579999999999998" classname="table_08" name="Table_08_generation_works_with_default_values"/>
    <testcase time="0.140000000000001" classname="table_08" name="Table_08_generation_works_with_default_values">
      <skipped message="Reason: On CRAN ('test-table_08.R:10:3')"/>
    </testcase>
    <testcase time="0.0189999999999984" classname="table_08" name="Table_08_generation_works_with_custom_values"/>
    <testcase time="0.00199999999999889" classname="table_08" name="Table_08_generation_works_with_custom_values"/>
    <testcase time="0.0440000000000005" classname="table_08" name="Table_08_generation_works_with_custom_values"/>
    <testcase time="0.191000000000003" classname="table_08" name="Table_08_generation_works_with_custom_values">
      <skipped message="Reason: On CRAN ('test-table_08.R:31:3')"/>
    </testcase>
  </testsuite>
  <testsuite name="table_09" timestamp="2023-11-07T16:38:47Z" hostname="9ec6f73ce954" tests="12" skipped="3" failures="0" errors="0" time="1.603">
    <testcase time="0.0249999999999986" classname="table_09" name="Table_09_generation_works_with_default_values"/>
    <testcase time="0.0440000000000005" classname="table_09" name="Table_09_generation_works_with_default_values"/>
    <testcase time="0.329999999999998" classname="table_09" name="Table_09_generation_works_with_default_values"/>
    <testcase time="0.0860000000000021" classname="table_09" name="Table_09_generation_works_with_default_values">
      <skipped message="Reason: On CRAN ('test-table_09.R:8:3')"/>
    </testcase>
    <testcase time="0.0219999999999985" classname="table_09" name="Table_09_generation_works_with_custom_values"/>
    <testcase time="0.0420000000000016" classname="table_09" name="Table_09_generation_works_with_custom_values"/>
    <testcase time="0.408999999999999" classname="table_09" name="Table_09_generation_works_with_custom_values"/>
    <testcase time="0.0839999999999996" classname="table_09" name="Table_09_generation_works_with_custom_values">
      <skipped message="Reason: On CRAN ('test-table_09.R:39:3')"/>
    </testcase>
    <testcase time="0.0190000000000019" classname="table_09" name="Table_09_generation_works_with_risk_difference_column"/>
    <testcase time="0.0439999999999969" classname="table_09" name="Table_09_generation_works_with_risk_difference_column"/>
    <testcase time="0.422000000000001" classname="table_09" name="Table_09_generation_works_with_risk_difference_column"/>
    <testcase time="0.0760000000000005" classname="table_09" name="Table_09_generation_works_with_risk_difference_column">
      <skipped message="Reason: On CRAN ('test-table_09.R:47:3')"/>
    </testcase>
  </testsuite>
  <testsuite name="table_10" timestamp="2023-11-07T16:38:49Z" hostname="9ec6f73ce954" tests="15" skipped="3" failures="0" errors="0" time="1.858">
    <testcase time="0.0309999999999988" classname="table_10" name="Table_10_generation_works_with_default_values"/>
    <testcase time="0.00100000000000122" classname="table_10" name="Table_10_generation_works_with_default_values"/>
    <testcase time="0.0440000000000005" classname="table_10" name="Table_10_generation_works_with_default_values"/>
    <testcase time="0.402000000000001" classname="table_10" name="Table_10_generation_works_with_default_values"/>
    <testcase time="0.151" classname="table_10" name="Table_10_generation_works_with_default_values">
      <skipped message="Reason: On CRAN ('test-table_10.R:17:3')"/>
    </testcase>
    <testcase time="0.0240000000000009" classname="table_10" name="Table_10_generation_works_with_custom_values"/>
    <testcase time="0.000999999999997669" classname="table_10" name="Table_10_generation_works_with_custom_values"/>
    <testcase time="0.0420000000000016" classname="table_10" name="Table_10_generation_works_with_custom_values"/>
    <testcase time="0.384" classname="table_10" name="Table_10_generation_works_with_custom_values"/>
    <testcase time="0.0629999999999988" classname="table_10" name="Table_10_generation_works_with_custom_values">
      <skipped message="Reason: On CRAN ('test-table_10.R:52:3')"/>
    </testcase>
    <testcase time="0.0279999999999987" classname="table_10" name="Table_10_generation_works_with_risk_difference_column"/>
    <testcase time="0.00300000000000011" classname="table_10" name="Table_10_generation_works_with_risk_difference_column"/>
    <testcase time="0.0440000000000005" classname="table_10" name="Table_10_generation_works_with_risk_difference_column"/>
    <testcase time="0.490000000000002" classname="table_10" name="Table_10_generation_works_with_risk_difference_column"/>
    <testcase time="0.149999999999999" classname="table_10" name="Table_10_generation_works_with_risk_difference_column">
      <skipped message="Reason: On CRAN ('test-table_10.R:60:3')"/>
    </testcase>
  </testsuite>
  <testsuite name="table_11" timestamp="2023-11-07T16:38:51Z" hostname="9ec6f73ce954" tests="12" skipped="3" failures="0" errors="0" time="2.84">
    <testcase time="0.0310000000000059" classname="table_11" name="Table_11_generation_works_with_default_values"/>
    <testcase time="0.0509999999999948" classname="table_11" name="Table_11_generation_works_with_default_values"/>
    <testcase time="0.701999999999998" classname="table_11" name="Table_11_generation_works_with_default_values"/>
    <testcase time="0.170000000000002" classname="table_11" name="Table_11_generation_works_with_default_values">
      <skipped message="Reason: On CRAN ('test-table_11.R:18:3')"/>
    </testcase>
    <testcase time="0.019999999999996" classname="table_11" name="Table_11_generation_works_with_custom_values"/>
    <testcase time="0.0489999999999995" classname="table_11" name="Table_11_generation_works_with_custom_values"/>
    <testcase time="0.622" classname="table_11" name="Table_11_generation_works_with_custom_values"/>
    <testcase time="0.0769999999999982" classname="table_11" name="Table_11_generation_works_with_custom_values">
      <skipped message="Reason: On CRAN ('test-table_11.R:48:3')"/>
    </testcase>
    <testcase time="0.0260000000000034" classname="table_11" name="Table_11_generation_works_with_risk_difference_column"/>
    <testcase time="0.0549999999999997" classname="table_11" name="Table_11_generation_works_with_risk_difference_column"/>
    <testcase time="0.857999999999997" classname="table_11" name="Table_11_generation_works_with_risk_difference_column"/>
    <testcase time="0.179000000000002" classname="table_11" name="Table_11_generation_works_with_risk_difference_column">
      <skipped message="Reason: On CRAN ('test-table_11.R:56:3')"/>
    </testcase>
  </testsuite>
  <testsuite name="table_12" timestamp="2023-11-07T16:38:54Z" hostname="9ec6f73ce954" tests="12" skipped="3" failures="0" errors="0" time="3.635">
    <testcase time="0.027000000000001" classname="table_12" name="Table_12_generation_works_with_default_values"/>
    <testcase time="0.0619999999999976" classname="table_12" name="Table_12_generation_works_with_default_values"/>
    <testcase time="0.896000000000001" classname="table_12" name="Table_12_generation_works_with_default_values"/>
    <testcase time="0.137" classname="table_12" name="Table_12_generation_works_with_default_values">
      <skipped message="Reason: On CRAN ('test-table_12.R:9:3')"/>
    </testcase>
    <testcase time="0.0189999999999984" classname="table_12" name="Table_12_generation_works_with_custom_values"/>
    <testcase time="0.0570000000000022" classname="table_12" name="Table_12_generation_works_with_custom_values"/>
    <testcase time="0.947000000000003" classname="table_12" name="Table_12_generation_works_with_custom_values"/>
    <testcase time="0.122" classname="table_12" name="Table_12_generation_works_with_custom_values">
      <skipped message="Reason: On CRAN ('test-table_12.R:39:3')"/>
    </testcase>
    <testcase time="0.0210000000000008" classname="table_12" name="Table_12_generation_works_with_risk_difference_column"/>
    <testcase time="0.0599999999999952" classname="table_12" name="Table_12_generation_works_with_risk_difference_column"/>
    <testcase time="1.15000000000001" classname="table_12" name="Table_12_generation_works_with_risk_difference_column"/>
    <testcase time="0.136999999999993" classname="table_12" name="Table_12_generation_works_with_risk_difference_column">
      <skipped message="Reason: On CRAN ('test-table_12.R:47:3')"/>
    </testcase>
  </testsuite>
  <testsuite name="table_13" timestamp="2023-11-07T16:38:57Z" hostname="9ec6f73ce954" tests="12" skipped="3" failures="0" errors="0" time="0.922">
    <testcase time="0.027000000000001" classname="table_13" name="Table_13_generation_works_with_default_values"/>
    <testcase time="0.0620000000000047" classname="table_13" name="Table_13_generation_works_with_default_values"/>
    <testcase time="0.132999999999996" classname="table_13" name="Table_13_generation_works_with_default_values"/>
    <testcase time="0.0750000000000028" classname="table_13" name="Table_13_generation_works_with_default_values">
      <skipped message="Reason: On CRAN ('test-table_13.R:8:3')"/>
    </testcase>
    <testcase time="0.0289999999999964" classname="table_13" name="Table_13_generation_works_with_custom_values"/>
    <testcase time="0.0609999999999999" classname="table_13" name="Table_13_generation_works_with_custom_values"/>
    <testcase time="0.150000000000006" classname="table_13" name="Table_13_generation_works_with_custom_values"/>
    <testcase time="0.0569999999999951" classname="table_13" name="Table_13_generation_works_with_custom_values">
      <skipped message="Reason: On CRAN ('test-table_13.R:38:3')"/>
    </testcase>
    <testcase time="0.0210000000000008" classname="table_13" name="Table_13_generation_works_with_risk_difference_column"/>
    <testcase time="0.0609999999999999" classname="table_13" name="Table_13_generation_works_with_risk_difference_column"/>
    <testcase time="0.163000000000004" classname="table_13" name="Table_13_generation_works_with_risk_difference_column"/>
    <testcase time="0.0829999999999984" classname="table_13" name="Table_13_generation_works_with_risk_difference_column">
      <skipped message="Reason: On CRAN ('test-table_13.R:46:3')"/>
    </testcase>
  </testsuite>
  <testsuite name="table_14" timestamp="2023-11-07T16:38:58Z" hostname="9ec6f73ce954" tests="13" skipped="4" failures="0" errors="0" time="3.837">
    <testcase time="0.0349999999999966" classname="table_14" name="Table_14_generation_works_with_default_values"/>
    <testcase time="0.859999999999999" classname="table_14" name="Table_14_generation_works_with_default_values"/>
    <testcase time="0.156000000000006" classname="table_14" name="Table_14_generation_works_with_default_values">
      <skipped message="Reason: On CRAN ('test-table_14.R:16:3')"/>
    </testcase>
    <testcase time="0.0210000000000008" classname="table_14" name="Table_14_generation_works_with_custom_values"/>
    <testcase time="0.0549999999999997" classname="table_14" name="Table_14_generation_works_with_custom_values"/>
    <testcase time="0.659999999999997" classname="table_14" name="Table_14_generation_works_with_custom_values"/>
    <testcase time="0.165999999999997" classname="table_14" name="Table_14_generation_works_with_custom_values">
      <skipped message="Reason: On CRAN ('test-table_14.R:46:3')"/>
    </testcase>
    <testcase time="0.0200000000000031" classname="table_14" name="Table_14_generation_works_with_NA_values_pruned_rows"/>
    <testcase time="0.677999999999997" classname="table_14" name="Table_14_generation_works_with_NA_values_pruned_rows"/>
    <testcase time="0.160000000000004" classname="table_14" name="Table_14_generation_works_with_NA_values_pruned_rows">
      <skipped message="Reason: On CRAN ('test-table_14.R:53:3')"/>
    </testcase>
    <testcase time="0.0210000000000008" classname="table_14" name="Table_14_generation_works_with_risk_difference_column"/>
    <testcase time="0.792000000000002" classname="table_14" name="Table_14_generation_works_with_risk_difference_column"/>
    <testcase time="0.212999999999994" classname="table_14" name="Table_14_generation_works_with_risk_difference_column">
      <skipped message="Reason: On CRAN ('test-table_14.R:61:3')"/>
    </testcase>
  </testsuite>
  <testsuite name="table_15" timestamp="2023-11-07T16:39:02Z" hostname="9ec6f73ce954" tests="16" skipped="4" failures="0" errors="0" time="2">
    <testcase time="0.0349999999999966" classname="table_15" name="Table_15_generation_works_with_default_values"/>
    <testcase time="0.044000000000004" classname="table_15" name="Table_15_generation_works_with_default_values"/>
    <testcase time="0.295999999999999" classname="table_15" name="Table_15_generation_works_with_default_values"/>
    <testcase time="0.110999999999997" classname="table_15" name="Table_15_generation_works_with_default_values">
      <skipped message="Reason: On CRAN ('test-table_15.R:19:3')"/>
    </testcase>
    <testcase time="0.0210000000000008" classname="table_15" name="Table_15_generation_works_with_custom_values"/>
    <testcase time="0.0559999999999974" classname="table_15" name="Table_15_generation_works_with_custom_values"/>
    <testcase time="0.295000000000002" classname="table_15" name="Table_15_generation_works_with_custom_values"/>
    <testcase time="0.113999999999997" classname="table_15" name="Table_15_generation_works_with_custom_values">
      <skipped message="Reason: On CRAN ('test-table_15.R:51:3')"/>
    </testcase>
    <testcase time="0.0289999999999964" classname="table_15" name="Table_15_generation_works_with_NA_values_pruned_rows"/>
    <testcase time="0.0500000000000043" classname="table_15" name="Table_15_generation_works_with_NA_values_pruned_rows"/>
    <testcase time="0.298000000000002" classname="table_15" name="Table_15_generation_works_with_NA_values_pruned_rows"/>
    <testcase time="0.111999999999995" classname="table_15" name="Table_15_generation_works_with_NA_values_pruned_rows">
      <skipped message="Reason: On CRAN ('test-table_15.R:58:3')"/>
    </testcase>
    <testcase time="0.0200000000000031" classname="table_15" name="Table_15_generation_works_with_risk_difference_column"/>
    <testcase time="0.0480000000000018" classname="table_15" name="Table_15_generation_works_with_risk_difference_column"/>
    <testcase time="0.342999999999996" classname="table_15" name="Table_15_generation_works_with_risk_difference_column"/>
    <testcase time="0.128" classname="table_15" name="Table_15_generation_works_with_risk_difference_column">
      <skipped message="Reason: On CRAN ('test-table_15.R:66:3')"/>
    </testcase>
  </testsuite>
  <testsuite name="table_16" timestamp="2023-11-07T16:39:04Z" hostname="9ec6f73ce954" tests="16" skipped="4" failures="0" errors="0" time="1.772">
    <testcase time="0.0290000000000035" classname="table_16" name="Table_16_generation_works_with_default_values"/>
    <testcase time="0.0429999999999993" classname="table_16" name="Table_16_generation_works_with_default_values"/>
    <testcase time="0.292999999999999" classname="table_16" name="Table_16_generation_works_with_default_values"/>
    <testcase time="0.0619999999999976" classname="table_16" name="Table_16_generation_works_with_default_values">
      <skipped message="Reason: On CRAN ('test-table_16.R:19:3')"/>
    </testcase>
    <testcase time="0.0219999999999985" classname="table_16" name="Table_16_generation_works_with_custom_values"/>
    <testcase time="0.0450000000000017" classname="table_16" name="Table_16_generation_works_with_custom_values"/>
    <testcase time="0.310000000000002" classname="table_16" name="Table_16_generation_works_with_custom_values"/>
    <testcase time="0.0600000000000023" classname="table_16" name="Table_16_generation_works_with_custom_values">
      <skipped message="Reason: On CRAN ('test-table_16.R:51:3')"/>
    </testcase>
    <testcase time="0.0219999999999985" classname="table_16" name="Table_16_generation_works_with_NA_values_pruned_rows"/>
    <testcase time="0.0449999999999946" classname="table_16" name="Table_16_generation_works_with_NA_values_pruned_rows"/>
    <testcase time="0.302000000000007" classname="table_16" name="Table_16_generation_works_with_NA_values_pruned_rows"/>
    <testcase time="0.0529999999999973" classname="table_16" name="Table_16_generation_works_with_NA_values_pruned_rows">
      <skipped message="Reason: On CRAN ('test-table_16.R:58:3')"/>
    </testcase>
    <testcase time="0.0210000000000008" classname="table_16" name="Table_16_generation_works_with_risk_difference_column"/>
    <testcase time="0.0459999999999994" classname="table_16" name="Table_16_generation_works_with_risk_difference_column"/>
    <testcase time="0.347999999999999" classname="table_16" name="Table_16_generation_works_with_risk_difference_column"/>
    <testcase time="0.070999999999998" classname="table_16" name="Table_16_generation_works_with_risk_difference_column">
      <skipped message="Reason: On CRAN ('test-table_16.R:66:3')"/>
    </testcase>
  </testsuite>
  <testsuite name="table_17" timestamp="2023-11-07T16:39:06Z" hostname="9ec6f73ce954" tests="16" skipped="4" failures="0" errors="0" time="3.053">
    <testcase time="0.0320000000000036" classname="table_17" name="Table_17_generation_works_with_default_values"/>
    <testcase time="0.0519999999999996" classname="table_17" name="Table_17_generation_works_with_default_values"/>
    <testcase time="0.475999999999999" classname="table_17" name="Table_17_generation_works_with_default_values"/>
    <testcase time="0.188000000000002" classname="table_17" name="Table_17_generation_works_with_default_values">
      <skipped message="Reason: On CRAN ('test-table_17.R:25:3')"/>
    </testcase>
    <testcase time="0.036999999999999" classname="table_17" name="Table_17_generation_works_with_custom_values"/>
    <testcase time="0.0480000000000018" classname="table_17" name="Table_17_generation_works_with_custom_values"/>
    <testcase time="0.462999999999994" classname="table_17" name="Table_17_generation_works_with_custom_values"/>
    <testcase time="0.198" classname="table_17" name="Table_17_generation_works_with_custom_values">
      <skipped message="Reason: On CRAN ('test-table_17.R:57:3')"/>
    </testcase>
    <testcase time="0.0200000000000031" classname="table_17" name="Table_17_generation_works_with_NA_values_pruned_rows"/>
    <testcase time="0.046999999999997" classname="table_17" name="Table_17_generation_works_with_NA_values_pruned_rows"/>
    <testcase time="0.463000000000001" classname="table_17" name="Table_17_generation_works_with_NA_values_pruned_rows"/>
    <testcase time="0.201000000000001" classname="table_17" name="Table_17_generation_works_with_NA_values_pruned_rows">
      <skipped message="Reason: On CRAN ('test-table_17.R:64:3')"/>
    </testcase>
    <testcase time="0.0219999999999985" classname="table_17" name="Table_17_generation_works_with_risk_difference_column"/>
    <testcase time="0.0489999999999995" classname="table_17" name="Table_17_generation_works_with_risk_difference_column"/>
    <testcase time="0.542000000000002" classname="table_17" name="Table_17_generation_works_with_risk_difference_column"/>
    <testcase time="0.215000000000003" classname="table_17" name="Table_17_generation_works_with_risk_difference_column">
      <skipped message="Reason: On CRAN ('test-table_17.R:72:3')"/>
    </testcase>
  </testsuite>
  <testsuite name="table_18" timestamp="2023-11-07T16:39:09Z" hostname="9ec6f73ce954" tests="16" skipped="4" failures="0" errors="0" time="2.569">
    <testcase time="0.0289999999999964" classname="table_18" name="Table_18_generation_works_with_default_values"/>
    <testcase time="0.044000000000004" classname="table_18" name="Table_18_generation_works_with_default_values"/>
    <testcase time="0.460000000000001" classname="table_18" name="Table_18_generation_works_with_default_values"/>
    <testcase time="0.0889999999999986" classname="table_18" name="Table_18_generation_works_with_default_values">
      <skipped message="Reason: On CRAN ('test-table_18.R:25:3')"/>
    </testcase>
    <testcase time="0.0229999999999961" classname="table_18" name="Table_18_generation_works_with_custom_values"/>
    <testcase time="0.0420000000000016" classname="table_18" name="Table_18_generation_works_with_custom_values"/>
    <testcase time="0.471000000000004" classname="table_18" name="Table_18_generation_works_with_custom_values"/>
    <testcase time="0.0819999999999936" classname="table_18" name="Table_18_generation_works_with_custom_values">
      <skipped message="Reason: On CRAN ('test-table_18.R:57:3')"/>
    </testcase>
    <testcase time="0.0210000000000008" classname="table_18" name="Table_18_generation_works_with_NA_values_pruned_rows"/>
    <testcase time="0.0450000000000017" classname="table_18" name="Table_18_generation_works_with_NA_values_pruned_rows"/>
    <testcase time="0.465000000000003" classname="table_18" name="Table_18_generation_works_with_NA_values_pruned_rows"/>
    <testcase time="0.080999999999996" classname="table_18" name="Table_18_generation_works_with_NA_values_pruned_rows">
      <skipped message="Reason: On CRAN ('test-table_18.R:64:3')"/>
    </testcase>
    <testcase time="0.0219999999999985" classname="table_18" name="Table_18_generation_works_with_risk_difference_column"/>
    <testcase time="0.0450000000000017" classname="table_18" name="Table_18_generation_works_with_risk_difference_column"/>
    <testcase time="0.557000000000002" classname="table_18" name="Table_18_generation_works_with_risk_difference_column"/>
    <testcase time="0.0929999999999964" classname="table_18" name="Table_18_generation_works_with_risk_difference_column">
      <skipped message="Reason: On CRAN ('test-table_18.R:72:3')"/>
    </testcase>
  </testsuite>
  <testsuite name="table_20" timestamp="2023-11-07T16:39:11Z" hostname="9ec6f73ce954" tests="24" skipped="4" failures="0" errors="0" time="2.9">
    <testcase time="0.0290000000000035" classname="table_20" name="Table_20_generation_works_with_default_values"/>
    <testcase time="0.00200000000000244" classname="table_20" name="Table_20_generation_works_with_default_values"/>
    <testcase time="0.00199999999999534" classname="table_20" name="Table_20_generation_works_with_default_values"/>
    <testcase time="0.0470000000000041" classname="table_20" name="Table_20_generation_works_with_default_values"/>
    <testcase time="0.439" classname="table_20" name="Table_20_generation_works_with_default_values"/>
    <testcase time="0.119" classname="table_20" name="Table_20_generation_works_with_default_values">
      <skipped message="Reason: On CRAN ('test-table_20.R:17:3')"/>
    </testcase>
    <testcase time="0.019999999999996" classname="table_20" name="Table_20_generation_works_with_custom_values"/>
    <testcase time="0.00100000000000477" classname="table_20" name="Table_20_generation_works_with_custom_values"/>
    <testcase time="0.00199999999999534" classname="table_20" name="Table_20_generation_works_with_custom_values"/>
    <testcase time="0.0450000000000017" classname="table_20" name="Table_20_generation_works_with_custom_values"/>
    <testcase time="0.673000000000002" classname="table_20" name="Table_20_generation_works_with_custom_values"/>
    <testcase time="0.140000000000001" classname="table_20" name="Table_20_generation_works_with_custom_values">
      <skipped message="Reason: On CRAN ('test-table_20.R:65:3')"/>
    </testcase>
    <testcase time="0.0219999999999985" classname="table_20" name="Table_20_generation_works_with_missing_values_pruned_rows"/>
    <testcase time="0.00199999999999534" classname="table_20" name="Table_20_generation_works_with_missing_values_pruned_rows"/>
    <testcase time="0.00200000000000244" classname="table_20" name="Table_20_generation_works_with_missing_values_pruned_rows"/>
    <testcase time="0.0489999999999995" classname="table_20" name="Table_20_generation_works_with_missing_values_pruned_rows"/>
    <testcase time="0.439" classname="table_20" name="Table_20_generation_works_with_missing_values_pruned_rows"/>
    <testcase time="0.100999999999999" classname="table_20" name="Table_20_generation_works_with_missing_values_pruned_rows">
      <skipped message="Reason: On CRAN ('test-table_20.R:74:3')"/>
    </testcase>
    <testcase time="0.0210000000000008" classname="table_20" name="Table_20_generation_works_with_risk_difference_column"/>
    <testcase time="0.00200000000000244" classname="table_20" name="Table_20_generation_works_with_risk_difference_column"/>
    <testcase time="0.00200000000000244" classname="table_20" name="Table_20_generation_works_with_risk_difference_column"/>
    <testcase time="0.0589999999999975" classname="table_20" name="Table_20_generation_works_with_risk_difference_column"/>
    <testcase time="0.573" classname="table_20" name="Table_20_generation_works_with_risk_difference_column"/>
    <testcase time="0.109000000000002" classname="table_20" name="Table_20_generation_works_with_risk_difference_column">
      <skipped message="Reason: On CRAN ('test-table_20.R:82:3')"/>
    </testcase>
  </testsuite>
  <testsuite name="table_21" timestamp="2023-11-07T16:39:14Z" hostname="9ec6f73ce954" tests="19" skipped="4" failures="0" errors="0" time="2.84">
    <testcase time="0.0869999999999962" classname="table_21" name="Table_21_generation_works_with_default_values"/>
    <testcase time="0.00200000000000244" classname="table_21" name="Table_21_generation_works_with_default_values"/>
    <testcase time="0.614999999999995" classname="table_21" name="Table_21_generation_works_with_default_values"/>
    <testcase time="0.129000000000005" classname="table_21" name="Table_21_generation_works_with_default_values">
      <skipped message="Reason: On CRAN ('test-table_21.R:22:3')"/>
    </testcase>
    <testcase time="0.0219999999999985" classname="table_21" name="Table_21_generation_works_with_custom_values_N_s_denominator_and_overall_column"/>
    <testcase time="0.00200000000000244" classname="table_21" name="Table_21_generation_works_with_custom_values_N_s_denominator_and_overall_column"/>
    <testcase time="0.0949999999999989" classname="table_21" name="Table_21_generation_works_with_custom_values_N_s_denominator_and_overall_column"/>
    <testcase time="0.75" classname="table_21" name="Table_21_generation_works_with_custom_values_N_s_denominator_and_overall_column"/>
    <testcase time="0.153999999999996" classname="table_21" name="Table_21_generation_works_with_custom_values_N_s_denominator_and_overall_column">
      <skipped message="Reason: On CRAN ('test-table_21.R:34:3')"/>
    </testcase>
    <testcase time="0.0200000000000031" classname="table_21" name="Table_21_generation_works_with_custom_values_N_col_denominator_and_no_overall_column"/>
    <testcase time="0.00200000000000244" classname="table_21" name="Table_21_generation_works_with_custom_values_N_col_denominator_and_no_overall_column"/>
    <testcase time="0.0539999999999949" classname="table_21" name="Table_21_generation_works_with_custom_values_N_col_denominator_and_no_overall_column"/>
    <testcase time="0.327000000000005" classname="table_21" name="Table_21_generation_works_with_custom_values_N_col_denominator_and_no_overall_column"/>
    <testcase time="0.125" classname="table_21" name="Table_21_generation_works_with_custom_values_N_col_denominator_and_no_overall_column">
      <skipped message="Reason: On CRAN ('test-table_21.R:62:3')"/>
    </testcase>
    <testcase time="0.0699999999999932" classname="table_21" name="Table_21_generation_works_with_some_NA_values"/>
    <testcase time="0.00200000000000244" classname="table_21" name="Table_21_generation_works_with_some_NA_values"/>
    <testcase time="0.0510000000000019" classname="table_21" name="Table_21_generation_works_with_some_NA_values"/>
    <testcase time="0.253999999999998" classname="table_21" name="Table_21_generation_works_with_some_NA_values"/>
    <testcase time="0.0790000000000006" classname="table_21" name="Table_21_generation_works_with_some_NA_values">
      <skipped message="Reason: On CRAN ('test-table_21.R:82:3')"/>
    </testcase>
  </testsuite>
  <testsuite name="table_32" timestamp="2023-11-07T16:39:17Z" hostname="9ec6f73ce954" tests="22" skipped="6" failures="0" errors="0" time="6.148">
    <testcase time="0.0380000000000038" classname="table_32" name="Table_32_generation_works_with_default_values"/>
    <testcase time="0.0549999999999997" classname="table_32" name="Table_32_generation_works_with_default_values"/>
    <testcase time="0.125" classname="table_32" name="Table_32_generation_works_with_default_values"/>
    <testcase time="0.0509999999999948" classname="table_32" name="Table_32_generation_works_with_default_values">
      <skipped message="Reason: On CRAN ('test-table_32.R:8:3')"/>
    </testcase>
    <testcase time="0.0320000000000036" classname="table_32" name="Table_32_generation_works_with_custom_values"/>
    <testcase time="0.0629999999999953" classname="table_32" name="Table_32_generation_works_with_custom_values"/>
    <testcase time="0.160000000000004" classname="table_32" name="Table_32_generation_works_with_custom_values"/>
    <testcase time="0.0790000000000006" classname="table_32" name="Table_32_generation_works_with_custom_values">
      <skipped message="Reason: On CRAN ('test-table_32.R:30:3')"/>
    </testcase>
    <testcase time="0.0279999999999987" classname="table_32" name="Table_32_generation_works_with_pruned_rows"/>
    <testcase time="0.0559999999999974" classname="table_32" name="Table_32_generation_works_with_pruned_rows"/>
    <testcase time="0.125" classname="table_32" name="Table_32_generation_works_with_pruned_rows"/>
    <testcase time="0.0380000000000038" classname="table_32" name="Table_32_generation_works_with_pruned_rows">
      <skipped message="Reason: On CRAN ('test-table_32.R:37:3')"/>
    </testcase>
    <testcase time="0.019999999999996" classname="table_32" name="Table_32_generation_works_with_risk_difference_column"/>
    <testcase time="0.0650000000000048" classname="table_32" name="Table_32_generation_works_with_risk_difference_column"/>
    <testcase time="0.158999999999999" classname="table_32" name="Table_32_generation_works_with_risk_difference_column"/>
    <testcase time="0.0570000000000022" classname="table_32" name="Table_32_generation_works_with_risk_difference_column">
      <skipped message="Reason: On CRAN ('test-table_32.R:45:3')"/>
    </testcase>
    <testcase time="0.0279999999999987" classname="table_32" name="Table_32_gtsum_generation_works_with_default_values"/>
    <testcase time="2.01" classname="table_32" name="Table_32_gtsum_generation_works_with_default_values"/>
    <testcase time="0.00900000000000034" classname="table_32" name="Table_32_gtsum_generation_works_with_default_values">
      <skipped message="Reason: On CRAN ('test-table_32.R:51:3')"/>
    </testcase>
    <testcase time="0.0230000000000032" classname="table_32" name="Table_32_gtsum_generation_works_with_custom_values"/>
    <testcase time="2.918" classname="table_32" name="Table_32_gtsum_generation_works_with_custom_values"/>
    <testcase time="0.00900000000000034" classname="table_32" name="Table_32_gtsum_generation_works_with_custom_values">
      <skipped message="Reason: On CRAN ('test-table_32.R:61:3')"/>
    </testcase>
  </testsuite>
  <testsuite name="table_33" timestamp="2023-11-07T16:39:23Z" hostname="9ec6f73ce954" tests="16" skipped="4" failures="0" errors="0" time="2.067">
    <testcase time="0.0240000000000009" classname="table_33" name="Table_33_generation_works_with_default_values"/>
    <testcase time="0.319000000000003" classname="table_33" name="Table_33_generation_works_with_default_values"/>
    <testcase time="0.111000000000004" classname="table_33" name="Table_33_generation_works_with_default_values"/>
    <testcase time="0.0409999999999968" classname="table_33" name="Table_33_generation_works_with_default_values">
      <skipped message="Reason: On CRAN ('test-table_33.R:8:3')"/>
    </testcase>
    <testcase time="0.0190000000000055" classname="table_33" name="Table_33_generation_works_with_custom_values"/>
    <testcase time="0.326999999999998" classname="table_33" name="Table_33_generation_works_with_custom_values"/>
    <testcase time="0.122" classname="table_33" name="Table_33_generation_works_with_custom_values"/>
    <testcase time="0.0649999999999977" classname="table_33" name="Table_33_generation_works_with_custom_values">
      <skipped message="Reason: On CRAN ('test-table_33.R:34:3')"/>
    </testcase>
    <testcase time="0.0250000000000057" classname="table_33" name="Table_33_generation_works_with_pruned_rows"/>
    <testcase time="0.337999999999994" classname="table_33" name="Table_33_generation_works_with_pruned_rows"/>
    <testcase time="0.100999999999999" classname="table_33" name="Table_33_generation_works_with_pruned_rows"/>
    <testcase time="0.0349999999999966" classname="table_33" name="Table_33_generation_works_with_pruned_rows">
      <skipped message="Reason: On CRAN ('test-table_33.R:42:3')"/>
    </testcase>
    <testcase time="0.0200000000000102" classname="table_33" name="Table_33_generation_works_with_risk_difference_column"/>
    <testcase time="0.335999999999999" classname="table_33" name="Table_33_generation_works_with_risk_difference_column"/>
    <testcase time="0.140999999999991" classname="table_33" name="Table_33_generation_works_with_risk_difference_column"/>
    <testcase time="0.0430000000000064" classname="table_33" name="Table_33_generation_works_with_risk_difference_column">
      <skipped message="Reason: On CRAN ('test-table_33.R:50:3')"/>
    </testcase>
  </testsuite>
  <testsuite name="table_34" timestamp="2023-11-07T16:39:25Z" hostname="9ec6f73ce954" tests="12" skipped="3" failures="0" errors="0" time="7.106">
    <testcase time="0.0310000000000059" classname="table_34" name="Table_34_generation_works_with_default_values"/>
    <testcase time="0.0439999999999969" classname="table_34" name="Table_34_generation_works_with_default_values"/>
    <testcase time="1.964" classname="table_34" name="Table_34_generation_works_with_default_values"/>
    <testcase time="0.244" classname="table_34" name="Table_34_generation_works_with_default_values">
      <skipped message="Reason: On CRAN ('test-table_34.R:17:3')"/>
    </testcase>
    <testcase time="0.0210000000000008" classname="table_34" name="Table_34_generation_works_with_custom_values"/>
    <testcase time="0.039999999999992" classname="table_34" name="Table_34_generation_works_with_custom_values"/>
    <testcase time="1.89700000000001" classname="table_34" name="Table_34_generation_works_with_custom_values"/>
    <testcase time="0.0900000000000034" classname="table_34" name="Table_34_generation_works_with_custom_values">
      <skipped message="Reason: On CRAN ('test-table_34.R:49:3')"/>
    </testcase>
    <testcase time="0.0210000000000008" classname="table_34" name="Table_34_generation_works_with_risk_difference_column"/>
    <testcase time="0.0459999999999923" classname="table_34" name="Table_34_generation_works_with_risk_difference_column"/>
    <testcase time="2.44500000000001" classname="table_34" name="Table_34_generation_works_with_risk_difference_column"/>
    <testcase time="0.262999999999991" classname="table_34" name="Table_34_generation_works_with_risk_difference_column">
      <skipped message="Reason: On CRAN ('test-table_34.R:57:3')"/>
    </testcase>
  </testsuite>
</testsuites>
